2026-02-26T20:46:14.278Z [ODDS] (serving: Krystian Kolodziej)  Krystian Kolodziej: 1/3 → 2/7, Maciej Domin: 9/4 → 5/2
2026-02-26T20:46:21.916Z [ODDS] (serving: Krystian Kolodziej)  Krystian Kolodziej: 2/7 → 2/9, Maciej Domin: 5/2 → 3/1
2026-02-26T20:46:26.443Z [ODDS] (serving: Krystian Kolodziej)  Krystian Kolodziej: 2/9 → 1/5, Maciej Domin: 3/1 → 10/3
2026-02-26T20:46:35.454Z [ODDS] (serving: Krystian Kolodziej)  Krystian Kolodziej: 1/5 → 1/6, Maciej Domin: 10/3 → 7/2
2026-02-26T20:47:03.411Z [ODDS] (serving: Krystian Kolodziej)  Krystian Kolodziej: 1/6 → 1/7, Maciej Domin: 7/2 → 4/1
2026-02-26T20:47:21.908Z [ODDS] (serving: Krystian Kolodziej)  Krystian Kolodziej: 1/7 → 1/6, Maciej Domin: 4/1 → 7/2
2026-02-26T20:47:31.375Z [ODDS] (serving: Krystian Kolodziej)  Krystian Kolodziej: 1/6 → 1/7, Maciej Domin: 7/2 → 4/1
2026-02-26T20:47:43.108Z [ODDS] (serving: Krystian Kolodziej)  Krystian Kolodziej: 1/7 → 1/6, Maciej Domin: 4/1 → 7/2
2026-02-26T20:47:49.415Z [ODDS] (serving: Krystian Kolodziej)  Krystian Kolodziej: 1/6 → 1/7, Maciej Domin: 7/2 → 4/1
2026-02-26T20:48:01.241Z [ODDS] (serving: Krystian Kolodziej)  Krystian Kolodziej: 1/7 → 1/6, Maciej Domin: 4/1 → 7/2
2026-02-26T20:48:10.254Z [ODDS] (serving: Krystian Kolodziej)  Krystian Kolodziej: 1/6 → 1/7, Maciej Domin: 7/2 → 4/1
2026-02-26T20:48:29.647Z [ODDS] (serving: Krystian Kolodziej)  Krystian Kolodziej: 1/7 → 1/6, Maciej Domin: 4/1 → 7/2
2026-02-26T20:48:40.020Z [ODDS] (serving: Krystian Kolodziej)  Krystian Kolodziej: 1/6 → 1/5, Maciej Domin: 7/2 → 10/3
2026-02-26T20:48:50.393Z [ODDS] (serving: Krystian Kolodziej)  Krystian Kolodziej: 1/5 → 1/7, Maciej Domin: 10/3 → 4/1
2026-02-26T20:49:10.237Z [ODDS] (serving: Krystian Kolodziej)  Krystian Kolodziej: 1/7 → 1/8, Maciej Domin: 4/1 → 9/2
2026-02-26T20:49:17.907Z [ODDS] (serving: Krystian Kolodziej)  Krystian Kolodziej: 1/8 → 1/10, Maciej Domin: 9/2 → 11/2
2026-02-26T20:49:27.377Z [ODDS] (serving: Krystian Kolodziej)  Krystian Kolodziej: 1/10 → 1/8, Maciej Domin: 11/2 → 9/2
2026-02-26T20:49:37.750Z [ODDS] (serving: Krystian Kolodziej)  Krystian Kolodziej: 1/8 → 1/10, Maciej Domin: 9/2 → 11/2
2026-02-26T20:49:44.969Z [ODDS] (serving: Krystian Kolodziej)  Krystian Kolodziej: 1/10 → 1/12, Maciej Domin: 11/2 → 6/1
2026-02-26T20:50:11.148Z [ODDS] (serving: Maciej Domin)  Krystian Kolodziej: 1/16 → 1/12, Maciej Domin: 7/1 → 6/1
2026-02-26T20:50:22.421Z [ODDS] (serving: Maciej Domin)  Krystian Kolodziej: 1/12 → 1/16, Maciej Domin: 6/1 → 7/1
2026-02-26T20:50:28.283Z [ODDS] (serving: Maciej Domin)  Krystian Kolodziej: 1/16 → 1/12, Maciej Domin: 7/1 → 6/1
2026-02-26T20:50:41.817Z [ODDS] (serving: Maciej Domin)  Krystian Kolodziej: 1/12 → 1/10, Maciej Domin: 6/1 → 11/2
2026-02-26T20:50:50.386Z [ODDS] (serving: Maciej Domin)  Krystian Kolodziej: 1/10 → 1/14, Maciej Domin: 11/2 → 13/2
2026-02-26T20:51:02.564Z [ODDS] (serving: Maciej Domin)  Krystian Kolodziej: 1/14 → 1/16, Maciej Domin: 13/2 → 7/1
2026-02-26T20:51:11.141Z [ODDS] (serving: Maciej Domin)  Krystian Kolodziej: 1/16 → 1/14, Maciej Domin: 7/1 → 13/2
2026-02-26T20:51:21.503Z [ODDS] (serving: Maciej Domin)  Krystian Kolodziej: 1/14 → 1/10, Maciej Domin: 13/2 → 11/2
2026-02-26T20:51:26.920Z [ODDS] (serving: Maciej Domin)  Krystian Kolodziej: 1/10 → 1/16, Maciej Domin: 11/2 → 7/1
2026-02-26T20:51:39.541Z [ODDS] (serving: Maciej Domin)  Krystian Kolodziej: 1/16 → 1/20, Maciej Domin: 7/1 → 15/2
2026-02-26T20:51:49.466Z [ODDS] (serving: Maciej Domin)  Krystian Kolodziej: 1/20 → 1/25, Maciej Domin: 15/2 → 8/1
2026-02-26T20:52:04.803Z [ODDS] (serving: Maciej Domin)  Krystian Kolodziej: 1/25 → 1/20, Maciej Domin: 8/1 → 15/2
2026-02-26T20:52:11.567Z [ODDS] (serving: Maciej Domin)  Krystian Kolodziej: 1/20 → 1/16, Maciej Domin: 15/2 → 7/1
2026-02-26T20:52:20.135Z [ODDS] (serving: Maciej Domin)  Krystian Kolodziej: 1/16 → 1/20, Maciej Domin: 7/1 → 15/2
2026-02-26T20:52:31.869Z [ODDS] (serving: Maciej Domin)  Krystian Kolodziej: 1/20 → 1/25, Maciej Domin: 15/2 → 8/1
2026-02-26T20:52:49.008Z [ODDS] (serving: Maciej Domin)  Krystian Kolodziej: 1/25 → 1/20, Maciej Domin: 8/1 → 15/2
2026-02-26T20:52:52.165Z [ODDS] (serving: Maciej Domin)  Krystian Kolodziej: 1/20 → 1/14, Maciej Domin: 15/2 → 13/2
2026-02-26T20:53:00.734Z [ODDS] (serving: Maciej Domin)  Krystian Kolodziej: 1/14 → 1/12, Maciej Domin: 13/2 → 6/1
2026-02-26T20:53:16.522Z [ODDS] (serving: Maciej Domin)  Krystian Kolodziej: 1/12 → 1/14, Maciej Domin: 6/1 → 13/2
2026-02-26T20:53:20.577Z [ODDS] (serving: Maciej Domin)  Krystian Kolodziej: 1/14 → 1/16, Maciej Domin: 13/2 → 7/1
2026-02-26T20:53:31.402Z [ODDS] (serving: Maciej Domin)  Krystian Kolodziej: 1/16 → 1/25, Maciej Domin: 7/1 → 8/1
2026-02-26T20:53:44.029Z [ODDS] (serving: Maciej Domin)  Krystian Kolodziej: 1/25 → 1/16, Maciej Domin: 8/1 → 7/1
2026-02-26T20:53:53.503Z [ODDS] (serving: Maciej Domin)  Krystian Kolodziej: 1/16 → 1/20, Maciej Domin: 7/1 → 15/2
2026-02-26T20:54:04.778Z [ODDS] (serving: Maciej Domin)  Krystian Kolodziej: 1/20 → 1/16, Maciej Domin: 15/2 → 7/1
2026-02-26T20:54:16.955Z [ODDS] (serving: Maciej Domin)  Krystian Kolodziej: 1/16 → 1/25, Maciej Domin: 7/1 → 8/1
2026-02-26T20:54:27.328Z [ODDS] (serving: Maciej Domin)  Krystian Kolodziej: 1/25 → 1/40, Maciej Domin: 8/1 → 19/2
2026-02-26T20:54:38.600Z [ODDS] (serving: Maciej Domin)  Krystian Kolodziej: 1/40 → 1/20, Maciej Domin: 19/2 → 15/2
2026-02-26T20:54:48.525Z [ODDS] (serving: Maciej Domin)  Krystian Kolodziej: 1/20 → 1/40, Maciej Domin: 15/2 → 19/2
2026-02-26T20:55:07.023Z [ODDS] (serving: Maciej Domin)  Krystian Kolodziej: 1/40 → 1/200, Maciej Domin: 19/2 → 16/1
2026-02-26T20:55:19.648Z [ODDS] (serving: Maciej Domin)  Krystian Kolodziej: 1/200 → 1/50, Maciej Domin: 16/1 → 10/1
2026-02-26T20:55:37.691Z [ODDS] (serving: Maciej Domin)  Krystian Kolodziej: 1/50 → , Maciej Domin: 10/1 → 0/0
2026-02-26T20:55:39.499Z [ODDS] (serving: Maciej Domin)  Krystian Kolodziej:  → 1/50, Maciej Domin: 0/0 → 10/1, Krystian Kolodziej: 1/50 → 1/20, Maciej Domin: 10/1 → 15/2
2026-02-26T20:55:39.500Z [ODDS] (serving: Maciej Domin)  Krystian Kolodziej: 1/20 → 1/50, Maciej Domin: 15/2 → 10/1, Krystian Kolodziej: 1/50 → 1/20, Maciej Domin: 10/1 → 15/2
2026-02-26T20:55:54.838Z [ODDS] (serving: Maciej Domin)  Krystian Kolodziej: 1/20 → 1/12, Maciej Domin: 15/2 → 6/1
2026-02-26T20:56:02.498Z [ODDS] (serving: Maciej Domin)  Krystian Kolodziej: 1/12 → 1/20, Maciej Domin: 6/1 → 15/2
2026-02-26T20:56:11.068Z [ODDS] (serving: Maciej Domin)  Krystian Kolodziej: 1/20 → 1/50, Maciej Domin: 15/2 → 10/1
2026-02-26T20:56:24.149Z [ODDS] (serving: Maciej Domin)  Krystian Kolodziej: 1/50 → , Maciej Domin: 10/1 → 0/0
