2026-02-27T02:08:29.400Z [ODDS]  Man City (Lucas): 13/2 → 7/1
2026-02-27T02:08:41.128Z [ODDS]  Newcastle (Klaus): 2/5 → 4/11
2026-02-27T02:08:57.362Z [ODDS]  Man City (Lucas): 7/1 → 15/2
2026-02-27T02:09:17.658Z [ODDS]  Man City (Lucas): 15/2 → 8/1
2026-02-27T02:09:20.815Z [ODDS]  Newcastle (Klaus): 4/11 → 1/3
2026-02-27T02:09:39.306Z [ODDS]  Man City (Lucas): 8/1 → 17/2
2026-02-27T02:09:51.482Z [ODDS]  Newcastle (Klaus): 1/3 → 3/10, Man City (Lucas): 17/2 → 9/1
2026-02-27T02:10:04.561Z [ODDS]  Man City (Lucas): 9/1 → 10/1
2026-02-27T02:10:11.326Z [ODDS]  Newcastle (Klaus): 3/10 → 2/7
2026-02-27T02:10:18.546Z [ODDS]  Draw: 11/4 → 3/1
2026-02-27T02:10:23.056Z [ODDS]  Man City (Lucas): 10/1 → 11/1
2026-02-27T02:10:32.976Z [ODDS]  Newcastle (Klaus): 2/7 → 1/4
2026-02-27T02:10:37.940Z [ODDS]  Man City (Lucas): 11/1 → 12/1
2026-02-27T02:10:50.566Z [ODDS]  Newcastle (Klaus): 1/4 → 2/9
2026-02-27T02:10:55.075Z [ODDS]  Man City (Lucas): 12/1 → 14/1
2026-02-27T02:11:10.863Z [ODDS]  Draw: 3/1 → 10/3
2026-02-27T02:11:15.371Z [ODDS]  Newcastle (Klaus): 2/9 → 1/5, Man City (Lucas): 14/1 → 16/1
2026-02-27T02:11:26.646Z [ODDS]  Man City (Lucas): 16/1 → 18/1
2026-02-27T02:11:29.353Z [ODDS]  Newcastle (Klaus): 1/5 → 2/11, Draw: 10/3 → 7/2
2026-02-27T02:11:34.764Z [ODDS]  Man City (Lucas): 18/1 → 20/1
2026-02-27T02:11:44.235Z [ODDS]  Newcastle (Klaus): 2/11 → 1/6, Draw: 7/2 → 15/4
2026-02-27T02:11:45.588Z [ODDS]  Man City (Lucas): 20/1 → 22/1
2026-02-27T02:11:52.353Z [ODDS]  Draw: 15/4 → 4/1
2026-02-27T02:11:54.157Z [ODDS]  Man City (Lucas): 22/1 → 25/1
2026-02-27T02:12:07.236Z [ODDS]  Newcastle (Klaus): 1/6 → 1/7, Draw: 4/1 → 9/2, Man City (Lucas): 25/1 → 28/1
2026-02-27T02:12:23.473Z [ODDS]  Newcastle (Klaus): 1/7 → 1/8, Draw: 9/2 → 5/1, Man City (Lucas): 28/1 → 33/1
2026-02-27T02:12:29.786Z [ODDS]  Newcastle (Klaus): 1/8 → 1/9, Draw: 5/1 → 11/2, Man City (Lucas): 33/1 → 40/1
