2026-02-26T19:47:55.016Z [ODDS]  Lille: 15/4 → 4/1, Draw: 8/11 → 4/6
2026-02-26T19:48:13.064Z [ODDS]  Crvena Zvezda: 13/5 → 11/4
2026-02-26T19:49:03.571Z [ODDS]  Crvena Zvezda: 11/4 → 3/1
2026-02-26T19:49:09.880Z [ODDS]  Crvena Zvezda: 3/1 → 11/4
2026-02-26T19:49:31.080Z [ODDS]  Draw: 4/6 → 8/13
2026-02-26T19:49:42.350Z [ODDS]  Crvena Zvezda: 11/4 → 3/1
2026-02-26T19:50:26.550Z [ODDS]  Lille: 4/1 → 15/4, Draw: 8/13 → 4/6
2026-02-26T19:50:31.058Z [ODDS]  Lille: 15/4 → 4/1, Draw: 4/6 → 8/13
2026-02-26T19:50:53.612Z [ODDS]  Draw: 8/13 → 4/7
2026-02-26T19:51:19.315Z [ODDS]  Lille: 4/1 → 9/2
2026-02-26T19:51:29.237Z [ODDS]  Crvena Zvezda: 3/1 → 10/3
2026-02-26T19:52:03.513Z [ODDS]  Draw: 4/7 → 8/15
2026-02-26T19:52:12.542Z [ODDS]  Lille: 9/2 → 1/3, Draw: 8/15 → 11/4, Crvena Zvezda: 10/3 → 18/1
2026-02-26T19:52:12.542Z [EVENT]  score: 0-2
2026-02-26T19:52:49.526Z [ODDS]  Lille: 1/3 → 3/10, Draw: 11/4 → 3/1
2026-02-26T19:52:55.387Z [ODDS]  Lille: 3/10 → 2/7, Crvena Zvezda: 18/1 → 20/1
2026-02-26T19:54:08.448Z [ODDS]  Lille: 2/7 → 3/10, Crvena Zvezda: 20/1 → 18/1
2026-02-26T19:54:14.319Z [ODDS]  Crvena Zvezda: 18/1 → 20/1
2026-02-26T19:54:38.677Z [ODDS]  Lille: 3/10 → 2/7
2026-02-26T19:54:55.353Z [ODDS]  Lille: 2/7 → 3/10
2026-02-26T19:55:07.530Z [ODDS]  Lille: 3/10 → 2/7
2026-02-26T19:56:58.512Z [ODDS]  Lille: 2/7 → 1/4, Draw: 3/1 → 10/3, Crvena Zvezda: 20/1 → 22/1
2026-02-26T19:58:08.878Z [ODDS]  Crvena Zvezda: 22/1 → 25/1
2026-02-26T19:59:20.131Z [ODDS]  Lille: 1/4 → 2/9, Draw: 10/3 → 7/2, Crvena Zvezda: 25/1 → 28/1
2026-02-26T20:02:42.183Z [ODDS]  Lille: 2/9 → 1/5, Draw: 7/2 → 15/4, Crvena Zvezda: 28/1 → 33/1
2026-02-26T20:02:44.891Z [ODDS]  Lille: 1/5 → 2/9, Crvena Zvezda: 33/1 → 28/1
2026-02-26T20:03:13.755Z [ODDS]  Lille: 2/9 → 1/5
2026-02-26T20:03:25.487Z [ODDS]  Lille: 1/5 → 2/9
2026-02-26T20:03:44.875Z [ODDS]  Lille: 2/9 → 1/5
2026-02-26T20:04:19.152Z [ODDS]  Crvena Zvezda: 28/1 → 33/1
2026-02-26T20:05:19.130Z [ODDS]  Lille: 1/5 → 2/11, Draw: 15/4 → 4/1
2026-02-26T20:06:13.250Z [ODDS]  Crvena Zvezda: 33/1 → 40/1
2026-02-26T20:06:18.663Z [ODDS]  Lille: 2/11 → 1/6
2026-02-26T20:06:34.450Z [ODDS]  Draw: 4/1 → 9/2
2026-02-26T20:07:11.886Z [ODDS]  Draw: 9/2 → 4/1
2026-02-26T20:07:23.612Z [ODDS]  Draw: 4/1 → 9/2
2026-02-26T20:07:40.750Z [ODDS]  Lille: 1/6 → 1/7
2026-02-26T20:08:33.673Z [ODDS]  Lille: 1/7 → 1/8, Draw: 9/2 → 5/1
2026-02-26T20:08:43.141Z [ODDS]  Crvena Zvezda: 40/1 → 50/1
2026-02-26T20:09:49.446Z [ODDS]  Lille: 1/8 → 1/7, Draw: 5/1 → 9/2
2026-02-26T20:09:52.147Z [ODDS]  Lille: 1/7 → 1/8, Draw: 9/2 → 5/1
2026-02-26T20:10:29.586Z [ODDS]  Lille: 1/8 → 1/9, Draw: 5/1 → 11/2
2026-02-26T20:10:41.305Z [ODDS]  Lille: 1/9 → 1/8, Draw: 11/2 → 5/1
2026-02-26T20:10:46.266Z [ODDS]  Lille: 1/8 → 1/9, Draw: 5/1 → 11/2
2026-02-26T20:11:58.887Z [ODDS]  Lille: 1/9 → 1/10, Draw: 11/2 → 6/1
2026-02-26T20:12:03.389Z [ODDS]  Crvena Zvezda: 50/1 → 66/1
2026-02-26T20:12:43.074Z [ODDS]  Lille: 1/10 → 1/12, Draw: 6/1 → 13/2
2026-02-26T20:12:47.137Z [ODDS]  Lille: 1/12 → 1/10, Draw: 13/2 → 6/1
2026-02-26T20:12:49.840Z [ODDS]  Lille: 1/10 → 1/12, Draw: 6/1 → 13/2
2026-02-26T20:13:11.489Z [ODDS]  Draw: 13/2 → 7/1, Crvena Zvezda: 66/1 → 80/1
2026-02-26T20:14:07.871Z [ODDS]  Lille: 1/12 → 1/14, Draw: 7/1 → 8/1
2026-02-26T20:14:42.593Z [ODDS]  Crvena Zvezda: 80/1 → 100/1
2026-02-26T20:14:52.065Z [ODDS]  Lille: 1/14 → 1/16, Draw: 8/1 → 9/1
2026-02-26T20:15:53.412Z [ODDS]  Lille: 1/16 → 1/20, Draw: 9/1 → 10/1
2026-02-26T20:16:33.094Z [ODDS]  Lille: 1/20 → 1/25, Draw: 10/1 → 12/1
2026-02-26T20:17:03.772Z [ODDS]  Lille: 1/25 → 1/80, Draw: 12/1 → 22/1
2026-02-26T20:17:12.335Z [ODDS]  Lille: 1/80 → 1/100, Draw: 22/1 → 25/1
