2026-02-26T19:48:50.487Z [ODDS]  Al-Hussein SC U19: 3/10 → 2/7
2026-02-26T19:49:22.058Z [ODDS]  Al-Arabi Irbid U19: 17/2 → 9/1
2026-02-26T19:51:13.457Z [ODDS]  Draw: 10/3 → 7/2
2026-02-26T19:53:06.659Z [ODDS]  Al-Arabi Irbid U19: 9/1 → 10/1
2026-02-26T19:53:50.869Z [ODDS]  Al-Hussein SC U19: 2/7 → 1/4
2026-02-26T19:57:17.010Z [ODDS]  Al-Arabi Irbid U19: 10/1 → 11/1
2026-02-26T19:58:16.537Z [ODDS]  Draw: 7/2 → 15/4
2026-02-26T19:58:51.718Z [ODDS]  Al-Hussein SC U19: 1/4 → 2/9
2026-02-26T20:00:32.294Z [ODDS]  Al-Arabi Irbid U19: 11/1 → 12/1
2026-02-26T20:02:56.615Z [ODDS]  Al-Hussein SC U19: 2/9 → 1/5, Al-Arabi Irbid U19: 12/1 → 14/1
2026-02-26T20:05:20.516Z [ODDS]  Al-Arabi Irbid U19: 14/1 → 16/1
2026-02-26T20:05:36.274Z [ODDS]  Al-Hussein SC U19: 1/5 → 2/11
2026-02-26T20:06:47.076Z [ODDS]  Draw: 15/4 → 4/1
2026-02-26T20:07:17.749Z [ODDS]  Al-Arabi Irbid U19: 16/1 → 18/1
2026-02-26T20:07:56.547Z [ODDS]  Al-Hussein SC U19: 2/11 → 1/6
2026-02-26T20:08:39.087Z [ODDS]  Al-Arabi Irbid U19: 18/1 → 20/1
2026-02-26T20:10:38.147Z [ODDS]  Al-Arabi Irbid U19: 20/1 → 22/1
2026-02-26T20:10:56.191Z [ODDS]  Al-Hussein SC U19: 1/6 → 1/7, Draw: 4/1 → 9/2
2026-02-26T20:12:14.672Z [ODDS]  Al-Arabi Irbid U19: 22/1 → 25/1
2026-02-26T20:14:26.807Z [ODDS]  Al-Hussein SC U19: 1/7 → 1/8, Draw: 9/2 → 5/1, Al-Arabi Irbid U19: 25/1 → 28/1
2026-02-26T20:15:50.249Z [ODDS]  Al-Hussein SC U19: 1/8 → 1/9, Draw: 5/1 → 11/2
2026-02-26T20:16:52.037Z [ODDS]  Al-Arabi Irbid U19: 28/1 → 33/1
2026-02-26T20:17:11.437Z [ODDS]  Al-Hussein SC U19: 1/9 → 1/10, Draw: 11/2 → 6/1
2026-02-26T20:18:31.262Z [ODDS]  Al-Hussein SC U19: 1/10 → 1/12, Draw: 6/1 → 13/2
2026-02-26T20:18:52.465Z [ODDS]  Draw: 13/2 → 7/1
2026-02-26T20:19:24.028Z [ODDS]  Al-Arabi Irbid U19: 33/1 → 40/1
2026-02-26T20:20:12.737Z [ODDS]  Al-Hussein SC U19: 1/12 → 1/14, Draw: 7/1 → 8/1
2026-02-26T20:21:22.650Z [ODDS]  Al-Hussein SC U19: 1/14 → 1/16, Draw: 8/1 → 9/1, Al-Arabi Irbid U19: 40/1 → 50/1
2026-02-26T20:22:14.510Z [ODDS]  Al-Hussein SC U19: 1/16 → 1/20, Draw: 9/1 → 10/1
2026-02-26T20:23:15.851Z [ODDS]  Al-Hussein SC U19: 1/20 → 1/25, Draw: 10/1 → 12/1
2026-02-26T20:23:37.947Z [ODDS]  Al-Arabi Irbid U19: 50/1 → 66/1
2026-02-26T20:24:23.045Z [ODDS]  Al-Hussein SC U19: 1/25 → 1/33, Draw: 12/1 → 14/1
2026-02-26T20:25:09.034Z [ODDS]  Al-Hussein SC U19: 1/33 → 1/40, Draw: 14/1 → 16/1, Al-Arabi Irbid U19: 66/1 → 80/1
2026-02-26T20:25:33.382Z [ODDS]  Al-Hussein SC U19: 1/40 → 1/50, Draw: 16/1 → 18/1
2026-02-26T20:25:38.795Z [ODDS]  Al-Hussein SC U19: 1/50 → 1/28, Draw: 18/1 → 12/1, Al-Arabi Irbid U19: 80/1 → 66/1
2026-02-26T20:25:47.369Z [ODDS]  Al-Hussein SC U19: 1/28 → 1/33, Draw: 12/1 → 14/1
