2026-02-26T20:08:17.886Z [ODDS]  Draw: 6/4 → 7/5, Bayern (Vendetta): 21/10 → 11/5
2026-02-26T20:08:28.712Z [ODDS]  Man City (Jack): 8/5 → 13/8
2026-02-26T20:08:34.122Z [ODDS]  Draw: 7/5 → 11/8
2026-02-26T20:08:39.087Z [ODDS]  Bayern (Vendetta): 11/5 → 9/4
2026-02-26T20:08:44.499Z [ODDS]  Draw: 11/8 → 13/10
2026-02-26T20:08:49.906Z [ODDS]  Man City (Jack): 13/8 → 7/4
2026-02-26T20:08:58.024Z [ODDS]  Draw: 13/10 → 5/4
2026-02-26T20:09:04.339Z [ODDS]  Bayern (Vendetta): 9/4 → 12/5
2026-02-26T20:09:14.264Z [ODDS]  Draw: 5/4 → 6/5
2026-02-26T20:09:18.320Z [ODDS]  Man City (Jack): 7/4 → 15/2, Draw: 6/5 → 12/5, Bayern (Vendetta): 12/5 → 2/5
2026-02-26T20:09:18.320Z [EVENT]  score: 2-1
2026-02-26T20:09:35.458Z [ODDS]  Man City (Jack): 15/2 → 8/1
2026-02-26T20:09:53.500Z [ODDS]  Man City (Jack): 8/1 → 17/2
2026-02-26T20:09:58.911Z [ODDS]  Bayern (Vendetta): 2/5 → 4/11
2026-02-26T20:10:05.676Z [ODDS]  Man City (Jack): 17/2 → 9/1
2026-02-26T20:10:12.897Z [ODDS]  Draw: 12/5 → 5/2
2026-02-26T20:10:16.505Z [ODDS]  Bayern (Vendetta): 4/11 → 1/3
2026-02-26T20:10:17.403Z [ODDS]  Man City (Jack): 9/1 → 10/1
2026-02-26T20:10:32.735Z [ODDS]  Man City (Jack): 10/1 → 11/1, Draw: 5/2 → 13/5, Bayern (Vendetta): 1/3 → 3/10
2026-02-26T20:10:36.796Z [ODDS]  Man City (Jack): 11/1 → 11/4, Draw: 13/5 → 4/6, Bayern (Vendetta): 3/10 → 10/3
2026-02-26T20:10:36.796Z [EVENT]  score: 2-2
2026-02-26T20:11:08.368Z [ODDS]  Draw: 4/6 → 8/13
2026-02-26T20:11:15.131Z [ODDS]  Bayern (Vendetta): 10/3 → 7/2
2026-02-26T20:11:21.897Z [ODDS]  Man City (Jack): 11/4 → 3/1, Draw: 8/13 → 4/7
2026-02-26T20:11:26.859Z [ODDS]  Draw: 4/7 → 8/15
2026-02-26T20:11:28.208Z [ODDS]  Bayern (Vendetta): 7/2 → 15/4
2026-02-26T20:11:35.425Z [ODDS]  Man City (Jack): 3/1 → 10/3, Draw: 8/15 → 1/2
2026-02-26T20:11:39.484Z [ODDS]  Bayern (Vendetta): 15/4 → 4/1
2026-02-26T20:11:48.504Z [ODDS]  Draw: 1/2 → 4/9
2026-02-26T20:11:50.310Z [ODDS]  Man City (Jack): 10/3 → 7/2
2026-02-26T20:11:59.786Z [ODDS]  Man City (Jack): 7/2 → 15/4, Draw: 4/9 → 2/5, Bayern (Vendetta): 4/1 → 9/2
2026-02-26T20:12:05.642Z [ODDS]  Man City (Jack): 15/4 → 4/1, Draw: 2/5 → 4/11
2026-02-26T20:12:13.762Z [ODDS]  Draw: 4/11 → 1/3, Bayern (Vendetta): 9/2 → 5/1
2026-02-26T20:12:15.137Z [ODDS]  Man City (Jack): 4/1 → 9/2
2026-02-26T20:12:18.722Z [ODDS]  Draw: 1/3 → 3/10
