2026-02-27T00:08:34.723Z [ODDS]  Curico Unido: 5/4 → 6/5, Colchagua CD: 12/5 → 5/2
2026-02-27T00:09:14.864Z [ODDS]  Curico Unido: 6/5 → 13/10, Colchagua CD: 5/2 → 9/4
2026-02-27T00:10:13.043Z [ODDS]  Colchagua CD: 9/4 → 12/5
2026-02-27T00:11:08.076Z [ODDS]  Colchagua CD: 12/5 → 9/4
2026-02-27T00:11:17.084Z [ODDS]  Draw: 2/1 → 15/8
2026-02-27T00:11:19.821Z [ODDS]  Curico Unido: 13/10 → 7/5, Colchagua CD: 9/4 → 11/5
2026-02-27T00:11:31.516Z [ODDS]  Curico Unido: 7/5 → 13/10, Draw: 15/8 → 2/1, Colchagua CD: 11/5 → 12/5
2026-02-27T00:11:40.987Z [ODDS]  Draw: 2/1 → 15/8
2026-02-27T00:11:46.850Z [ODDS]  Draw: 15/8 → 2/1
2026-02-27T00:12:17.520Z [ODDS]  Draw: 2/1 → 15/8
2026-02-27T00:13:40.503Z [ODDS]  Curico Unido: 13/10 → 11/8
2026-02-27T00:14:22.025Z [ODDS]  Curico Unido: 11/8 → 13/10
2026-02-27T00:14:41.891Z [ODDS]  Curico Unido: 13/10 → 5/4, Colchagua CD: 12/5 → 5/2
2026-02-27T00:15:10.706Z [ODDS]  Curico Unido: 5/4 → 13/10
2026-02-27T00:16:01.670Z [ODDS]  Curico Unido: 13/10 → 11/8
2026-02-27T00:16:36.849Z [ODDS]  Draw: 15/8 → 7/4
2026-02-27T00:17:08.416Z [ODDS]  Curico Unido: 11/8 → 13/10, Draw: 7/4 → 15/8
2026-02-27T00:17:49.008Z [ODDS]  Draw: 15/8 → 7/4
2026-02-27T00:17:54.870Z [ODDS]  Curico Unido: 13/10 → 11/8
2026-02-27T00:39:15.776Z [ODDS]  Curico Unido: 11/8 → 7/5
2026-02-27T00:39:37.463Z [ODDS]  Curico Unido: 7/5 → 13/10, Colchagua CD: 5/2 → 13/5
2026-02-27T00:39:52.757Z [ODDS]  Curico Unido: 13/10 → 11/8
2026-02-27T00:40:19.819Z [ODDS]  Curico Unido: 11/8 → 7/5, Colchagua CD: 13/5 → 5/2
2026-02-27T00:40:31.098Z [ODDS]  Curico Unido: 7/5 → 6/4, Colchagua CD: 5/2 → 12/5
2026-02-27T00:40:44.639Z [ODDS]  Curico Unido: 6/4 → 7/5, Colchagua CD: 12/5 → 5/2
2026-02-27T00:40:56.357Z [ODDS]  Draw: 7/4 → 13/8
2026-02-27T00:41:37.887Z [ODDS]  Curico Unido: 7/5 → 6/4, Draw: 13/8 → 7/4, Colchagua CD: 5/2 → 12/5
2026-02-27T00:42:04.102Z [ODDS]  Curico Unido: 6/4 → 7/5, Draw: 7/4 → 13/8, Colchagua CD: 12/5 → 5/2
2026-02-27T00:42:14.379Z [ODDS]  Curico Unido: 7/5 → 11/8, Colchagua CD: 5/2 → 13/5
2026-02-27T00:42:51.809Z [ODDS]  Curico Unido: 11/8 → 6/4, Colchagua CD: 13/5 → 5/2
2026-02-27T00:43:44.580Z [ODDS]  Draw: 13/8 → 8/5, Colchagua CD: 5/2 → 13/5
2026-02-27T00:43:52.697Z [ODDS]  Curico Unido: 6/4 → 7/5, Draw: 8/5 → 13/8
2026-02-27T00:44:09.852Z [ODDS]  Curico Unido: 7/5 → 6/4, Draw: 13/8 → 8/5
2026-02-27T00:44:47.723Z [ODDS]  Curico Unido: 6/4 → 13/8, Colchagua CD: 13/5 → 9/4
2026-02-27T00:44:58.597Z [ODDS]  Colchagua CD: 9/4 → 12/5
2026-02-27T00:45:13.444Z [ODDS]  Curico Unido: 13/8 → 8/5
2026-02-27T00:45:36.433Z [ODDS]  Curico Unido: 8/5 → 13/8, Draw: 8/5 → 6/4
2026-02-27T00:45:52.667Z [ODDS]  Curico Unido: 13/8 → 8/5, Colchagua CD: 12/5 → 5/2
2026-02-27T00:46:45.912Z [ODDS]  Curico Unido: 8/5 → 6/4, Colchagua CD: 5/2 → 13/5
2026-02-27T00:47:03.936Z [ODDS]  Curico Unido: 6/4 → 8/5, Colchagua CD: 13/5 → 5/2
2026-02-27T00:47:29.633Z [ODDS]  Curico Unido: 8/5 → 13/8
2026-02-27T00:48:45.401Z [ODDS]  Draw: 6/4 → 7/5
2026-02-27T00:49:32.759Z [ODDS]  Curico Unido: 13/8 → 8/5, Draw: 7/5 → 6/4, Colchagua CD: 5/2 → 13/5
2026-02-27T00:49:53.503Z [ODDS]  Draw: 6/4 → 7/5
2026-02-27T00:50:40.859Z [ODDS]  Curico Unido: 8/5 → 7/4, Draw: 7/5 → 11/8
2026-02-27T00:51:55.726Z [ODDS]  Curico Unido: 7/4 → 13/8, Colchagua CD: 13/5 → 11/4
2026-02-27T00:52:17.373Z [ODDS]  Draw: 11/8 → 13/10
2026-02-27T00:53:05.632Z [ODDS]  Curico Unido: 13/8 → 7/4
2026-02-27T00:54:19.600Z [ODDS]  Draw: 13/10 → 5/4
2026-02-27T00:55:47.998Z [ODDS]  Draw: 5/4 → 6/5
2026-02-27T00:56:15.510Z [ODDS]  Curico Unido: 7/4 → 15/8, Draw: 6/5 → 5/4, Colchagua CD: 11/4 → 13/5
2026-02-27T00:56:15.960Z [ODDS]  Colchagua CD: 13/5 → 11/4
2026-02-27T00:56:28.139Z [ODDS]  Curico Unido: 15/8 → 7/4, Draw: 5/4 → 6/5, Colchagua CD: 11/4 → 3/1
2026-02-27T00:56:40.315Z [ODDS]  Curico Unido: 7/4 → 15/8
2026-02-27T00:56:58.806Z [ODDS]  Curico Unido: 15/8 → 7/4
2026-02-27T00:57:15.946Z [ODDS]  Curico Unido: 7/4 → 15/8
2026-02-27T00:58:22.240Z [ODDS]  Draw: 6/5 → 11/10
2026-02-27T00:58:31.711Z [ODDS]  Curico Unido: 15/8 → 10/3, Colchagua CD: 3/1 → 13/8
2026-02-27T00:59:01.928Z [ODDS]  Curico Unido: 10/3 → 7/2
2026-02-27T00:59:09.596Z [ODDS]  Curico Unido: 7/2 → 10/3, Draw: 11/10 → 6/5, Colchagua CD: 13/8 → 7/4
2026-02-27T00:59:19.066Z [ODDS]  Draw: 6/5 → 11/10
2026-02-27T00:59:24.930Z [ODDS]  Curico Unido: 10/3 → 7/2, Colchagua CD: 7/4 → 13/8
2026-02-27T00:59:36.205Z [ODDS]  Colchagua CD: 13/8 → 7/4
2026-02-27T00:59:54.247Z [ODDS]  Draw: 11/10 → 21/20
2026-02-27T01:01:04.604Z [ODDS]  Curico Unido: 7/2 → 14/1, Draw: 21/20 → 9/2, Colchagua CD: 7/4 → 1/5
2026-02-27T01:01:04.604Z [EVENT]  score: 2-1
2026-02-27T01:01:15.879Z [ODDS]  Curico Unido: 14/1 → 7/2, Draw: 9/2 → 21/20, Colchagua CD: 1/5 → 7/4
2026-02-27T01:01:15.879Z [EVENT]  score: 1-1
2026-02-27T01:01:17.231Z [ODDS]  Curico Unido: 7/2 → 10/3, Colchagua CD: 7/4 → 15/8
2026-02-27T01:01:32.579Z [ODDS]  Curico Unido: 10/3 → 7/2, Draw: 21/20 → 1/1, Colchagua CD: 15/8 → 7/4
2026-02-27T01:01:42.486Z [ODDS]  Colchagua CD: 7/4 → 15/8
2026-02-27T01:02:07.744Z [ODDS]  Curico Unido: 7/2 → 15/4
2026-02-27T01:02:44.273Z [ODDS]  Draw: 1/1 → 20/21
2026-02-27T01:03:06.826Z [ODDS]  Curico Unido: 15/4 → 7/2
2026-02-27T01:03:24.415Z [ODDS]  Colchagua CD: 15/8 → 2/1
2026-02-27T01:03:51.476Z [ODDS]  Curico Unido: 7/2 → 4/1, Colchagua CD: 2/1 → 7/4
2026-02-27T01:04:05.458Z [ODDS]  Curico Unido: 4/1 → 15/4, Draw: 20/21 → 10/11, Colchagua CD: 7/4 → 2/1
2026-02-27T01:05:08.146Z [ODDS]  Curico Unido: 15/4 → 4/1
2026-02-27T01:05:19.871Z [ODDS]  Draw: 10/11 → 5/6
2026-02-27T01:05:24.383Z [ODDS]  Curico Unido: 4/1 → 7/2, Draw: 5/6 → 10/11, Colchagua CD: 2/1 → 21/10
2026-02-27T01:06:00.915Z [ODDS]  Curico Unido: 7/2 → 4/1, Draw: 10/11 → 5/6
2026-02-27T01:06:43.770Z [ODDS]  Draw: 5/6 → 4/5
2026-02-27T01:07:03.608Z [ODDS]  Draw: 4/5 → 5/6, Colchagua CD: 21/10 → 2/1
2026-02-27T01:07:40.591Z [ODDS]  Draw: 5/6 → 4/5, Colchagua CD: 2/1 → 11/5
2026-02-27T01:08:14.420Z [ODDS]  Draw: 4/5 → 8/11, Colchagua CD: 11/5 → 9/4
2026-02-27T01:08:55.310Z [ODDS]  Colchagua CD: 9/4 → 12/5
2026-02-27T01:09:51.689Z [ODDS]  Colchagua CD: 12/5 → 5/2
2026-02-27T01:09:52.139Z [ODDS]  Curico Unido: 4/1 → 9/2, Colchagua CD: 5/2 → 12/5
2026-02-27T01:10:16.945Z [ODDS]  Draw: 8/11 → 4/6
2026-02-27T01:10:39.946Z [ODDS]  Colchagua CD: 12/5 → 5/2
2026-02-27T01:11:22.341Z [ODDS]  Draw: 4/6 → 8/13, Colchagua CD: 5/2 → 13/5
2026-02-27T01:12:21.423Z [ODDS]  Curico Unido: 9/2 → 5/1, Colchagua CD: 13/5 → 11/4
2026-02-27T01:12:35.856Z [ODDS]  Draw: 8/13 → 4/7
2026-02-27T01:12:54.798Z [ODDS]  Curico Unido: 5/1 → 9/2, Draw: 4/7 → 8/13, Colchagua CD: 11/4 → 3/1
2026-02-27T01:13:17.799Z [ODDS]  Draw: 8/13 → 4/7
2026-02-27T01:13:57.942Z [ODDS]  Curico Unido: 9/2 → 5/1, Draw: 4/7 → 8/15
2026-02-27T01:14:15.980Z [ODDS]  Curico Unido: 5/1 → 9/2
2026-02-27T01:14:30.863Z [ODDS]  Curico Unido: 9/2 → 11/2, Draw: 8/15 → 1/2
2026-02-27T01:14:57.923Z [ODDS]  Colchagua CD: 3/1 → 11/4
2026-02-27T01:15:13.708Z [ODDS]  Draw: 1/2 → 4/9, Colchagua CD: 11/4 → 10/3
2026-02-27T01:16:02.867Z [ODDS]  Curico Unido: 11/2 → 6/1, Colchagua CD: 10/3 → 7/2
2026-02-27T01:16:10.083Z [ODDS]  Curico Unido: 6/1 → 5/1
2026-02-27T01:16:10.534Z [ODDS]  Colchagua CD: 7/2 → 15/4
2026-02-27T01:16:21.808Z [ODDS]  Curico Unido: 5/1 → 6/1, Draw: 4/9 → 2/5, Colchagua CD: 15/4 → 7/2
2026-02-27T01:16:34.888Z [ODDS]  Draw: 2/5 → 4/9, Colchagua CD: 7/2 → 10/3
2026-02-27T01:16:48.418Z [ODDS]  Draw: 4/9 → 2/5, Colchagua CD: 10/3 → 15/4
2026-02-27T01:17:10.968Z [ODDS]  Draw: 2/5 → 4/11
2026-02-27T01:17:27.656Z [ODDS]  Curico Unido: 6/1 → 13/2, Colchagua CD: 15/4 → 4/1
2026-02-27T01:17:30.362Z [ODDS]  Curico Unido: 13/2 → 11/2, Draw: 4/11 → 2/5
2026-02-27T01:17:31.265Z [ODDS]  Curico Unido: 11/2 → 13/2, Draw: 2/5 → 4/11
2026-02-27T01:18:05.542Z [ODDS]  Draw: 4/11 → 1/3
2026-02-27T01:18:24.484Z [ODDS]  Colchagua CD: 4/1 → 9/2
2026-02-27T01:18:44.778Z [ODDS]  Curico Unido: 13/2 → 7/1, Draw: 1/3 → 3/10
2026-02-27T01:18:53.346Z [ODDS]  Draw: 3/10 → 1/3, Colchagua CD: 9/2 → 4/1
2026-02-27T01:19:12.288Z [ODDS]  Draw: 1/3 → 3/10
2026-02-27T01:19:21.759Z [ODDS]  Draw: 3/10 → 2/7, Colchagua CD: 4/1 → 5/1
2026-02-27T01:19:45.662Z [ODDS]  Curico Unido: 7/1 → 15/2, Draw: 2/7 → 1/4
2026-02-27T01:19:58.742Z [ODDS]  Colchagua CD: 5/1 → 11/2
2026-02-27T01:20:18.134Z [ODDS]  Curico Unido: 15/2 → 8/1, Colchagua CD: 11/2 → 9/2
2026-02-27T01:20:37.979Z [ODDS]  Colchagua CD: 9/2 → 5/1
2026-02-27T01:20:55.568Z [ODDS]  Draw: 1/4 → 1/5, Colchagua CD: 5/1 → 6/1
2026-02-27T01:21:14.509Z [ODDS]  Curico Unido: 8/1 → 17/2, Draw: 1/5 → 2/11, Colchagua CD: 6/1 → 13/2
2026-02-27T01:21:39.314Z [ODDS]  Curico Unido: 17/2 → 9/1, Draw: 2/11 → 1/5, Colchagua CD: 13/2 → 11/2
2026-02-27T01:21:50.138Z [ODDS]  Draw: 1/5 → 2/11, Colchagua CD: 11/2 → 6/1
2026-02-27T01:22:14.945Z [ODDS]  Curico Unido: 9/1 → 10/1, Draw: 2/11 → 1/6
2026-02-27T01:22:26.223Z [ODDS]  Draw: 1/6 → 1/8, Colchagua CD: 6/1 → 15/2
2026-02-27T01:22:51.023Z [ODDS]  Draw: 1/8 → 1/9, Colchagua CD: 15/2 → 8/1
2026-02-27T01:23:02.299Z [ODDS]  Curico Unido: 10/1 → 11/1, Draw: 1/9 → 1/10, Colchagua CD: 8/1 → 17/2
2026-02-27T01:23:10.868Z [ODDS]  Curico Unido: 11/1 → 12/1, Draw: 1/10 → 1/8, Colchagua CD: 17/2 → 7/1
2026-02-27T01:23:27.555Z [ODDS]  Draw: 1/8 → 1/9, Colchagua CD: 7/1 → 15/2
2026-02-27T01:23:38.381Z [ODDS]  Draw: 1/9 → 1/10
2026-02-27T01:24:02.284Z [ODDS]  Curico Unido: 12/1 → 14/1, Draw: 1/10 → 1/12, Colchagua CD: 15/2 → 8/1
2026-02-27T01:24:10.852Z [ODDS]  Draw: 1/12 → 1/20, Colchagua CD: 8/1 → 11/1
2026-02-27T01:24:13.557Z [ODDS]  Draw: 1/20 → 1/16, Colchagua CD: 11/1 → 9/1
