2026-02-27T01:09:38.609Z [ODDS]  Martinique U20: 7/1 → 15/2
2026-02-27T01:09:39.962Z [ODDS]  Martinique U20: 15/2 → 7/1
2026-02-27T01:10:06.576Z [ODDS]  Nicaragua U20: 2/9 → 1/5
2026-02-27T01:10:07.024Z [ODDS]  Nicaragua U20: 1/5 → 2/9
2026-02-27T01:10:30.925Z [ODDS]  Nicaragua U20: 2/9 → 1/5
2026-02-27T01:10:37.693Z [ODDS]  Nicaragua U20: 1/5 → 2/9
2026-02-27T01:12:28.639Z [ODDS]  Martinique U20: 7/1 → 15/2
2026-02-27T01:12:52.543Z [ODDS]  Martinique U20: 15/2 → 7/1
2026-02-27T01:13:11.492Z [ODDS]  Martinique U20: 7/1 → 15/2
2026-02-27T01:13:25.467Z [ODDS]  Martinique U20: 15/2 → 7/1
2026-02-27T01:14:52.963Z [ODDS]  Martinique U20: 7/1 → 15/2
2026-02-27T01:15:15.062Z [ODDS]  Martinique U20: 15/2 → 7/1
2026-02-27T01:15:45.729Z [ODDS]  Martinique U20: 7/1 → 15/2
2026-02-27T01:15:53.396Z [ODDS]  Nicaragua U20: 2/9 → 1/5
2026-02-27T01:16:18.653Z [ODDS]  Martinique U20: 15/2 → 8/1, Nicaragua U20: 1/5 → 2/11
2026-02-27T01:16:36.692Z [ODDS]  Draw: 11/2 → 6/1
2026-02-27T01:17:25.852Z [ODDS]  Draw: 6/1 → 11/2
2026-02-27T01:17:44.344Z [ODDS]  Martinique U20: 8/1 → 17/2
2026-02-27T01:17:49.756Z [ODDS]  Martinique U20: 17/2 → 8/1
2026-02-27T01:18:10.502Z [ODDS]  Martinique U20: 8/1 → 17/2, Draw: 11/2 → 6/1, Nicaragua U20: 2/11 → 1/6
2026-02-27T01:20:11.820Z [ODDS]  Martinique U20: 17/2 → 9/1, Nicaragua U20: 1/6 → 1/7
2026-02-27T01:20:56.018Z [ODDS]  Martinique U20: 9/1 → 20/1, Draw: 6/1 → 12/1, Nicaragua U20: 1/7 → 1/28
2026-02-27T01:20:56.018Z [EVENT]  score: 2-0
2026-02-27T01:24:36.562Z [ODDS]  Martinique U20: 20/1 → 22/1
2026-02-27T01:24:37.008Z [ODDS]  Martinique U20: 22/1 → 20/1
2026-02-27T01:24:54.149Z [ODDS]  Martinique U20: 20/1 → 22/1
2026-02-27T01:24:55.503Z [ODDS]  Martinique U20: 22/1 → 20/1
2026-02-27T01:25:05.875Z [ODDS]  Martinique U20: 20/1 → 22/1, Draw: 12/1 → 14/1, Nicaragua U20: 1/28 → 1/33
2026-02-27T01:25:08.131Z [ODDS]  Draw: 14/1 → 12/1, Nicaragua U20: 1/33 → 1/28
2026-02-27T01:25:36.092Z [ODDS]  Draw: 12/1 → 14/1, Nicaragua U20: 1/28 → 1/33
2026-02-27T01:26:17.585Z [ODDS]  Draw: 14/1 → 12/1, Nicaragua U20: 1/33 → 1/28
2026-02-27T01:27:09.452Z [ODDS]  Draw: 12/1 → 14/1, Nicaragua U20: 1/28 → 1/33
2026-02-27T01:27:45.981Z [ODDS]  Draw: 14/1 → 12/1, Nicaragua U20: 1/33 → 1/28
2026-02-27T01:28:00.419Z [ODDS]  Martinique U20: 22/1 → 20/1
2026-02-27T01:28:15.301Z [ODDS]  Nicaragua U20: 1/28 → 1/25
2026-02-27T01:28:18.006Z [ODDS]  Draw: 12/1 → 11/1, Nicaragua U20: 1/25 → 1/22
2026-02-27T01:28:18.457Z [ODDS]  Draw: 11/1 → 12/1, Nicaragua U20: 1/22 → 1/25
2026-02-27T01:29:35.128Z [ODDS]  Nicaragua U20: 1/25 → 1/28
2026-02-27T01:29:35.581Z [ODDS]  Martinique U20: 20/1 → 22/1
2026-02-27T01:32:35.079Z [ODDS]  Draw: 12/1 → 14/1, Nicaragua U20: 1/28 → 1/33
2026-02-27T01:34:18.810Z [ODDS]  Martinique U20: 22/1 → 25/1
2026-02-27T01:35:09.776Z [ODDS]  Martinique U20: 25/1 → 22/1
2026-02-27T01:35:18.796Z [ODDS]  Martinique U20: 22/1 → 25/1
2026-02-27T01:36:44.939Z [ODDS]  Martinique U20: 25/1 → 22/1, Draw: 14/1 → 12/1, Nicaragua U20: 1/33 → 1/28
2026-02-27T01:36:58.921Z [ODDS]  Martinique U20: 22/1 → 25/1, Draw: 12/1 → 14/1, Nicaragua U20: 1/28 → 1/33
2026-02-27T01:38:07.020Z [ODDS]  Martinique U20: 25/1 → 22/1, Draw: 14/1 → 12/1, Nicaragua U20: 1/33 → 1/28
2026-02-27T01:39:01.834Z [ODDS]  Martinique U20: 22/1 → 25/1, Draw: 12/1 → 14/1, Nicaragua U20: 1/28 → 1/33
2026-02-27T01:40:27.971Z [ODDS]  Martinique U20: 25/1 → 22/1, Draw: 14/1 → 12/1, Nicaragua U20: 1/33 → 1/28
2026-02-27T01:40:50.069Z [ODDS]  Martinique U20: 22/1 → 25/1
2026-02-27T01:41:05.405Z [ODDS]  Martinique U20: 25/1 → 22/1
2026-02-27T01:41:31.119Z [ODDS]  Martinique U20: 22/1 → 25/1
2026-02-27T01:41:49.636Z [ODDS]  Martinique U20: 25/1 → 22/1
2026-02-27T01:43:56.344Z [ODDS]  Martinique U20: 22/1 → 25/1, Draw: 12/1 → 14/1, Nicaragua U20: 1/28 → 1/33
2026-02-27T01:45:24.740Z [ODDS]  Draw: 14/1 → 16/1, Nicaragua U20: 1/33 → 1/40
2026-02-27T01:45:28.799Z [ODDS]  Draw: 16/1 → 14/1, Nicaragua U20: 1/40 → 1/33
2026-02-27T01:46:00.369Z [ODDS]  Draw: 14/1 → 16/1, Nicaragua U20: 1/33 → 1/40
2026-02-27T01:46:49.989Z [ODDS]  Martinique U20: 25/1 → 28/1
2026-02-27T01:48:20.190Z [ODDS]  Martinique U20: 28/1 → 25/1, Draw: 16/1 → 14/1, Nicaragua U20: 1/40 → 1/33
2026-02-27T01:48:23.346Z [ODDS]  Draw: 14/1 → 16/1, Nicaragua U20: 1/33 → 1/40
2026-02-27T01:48:34.170Z [ODDS]  Draw: 16/1 → 14/1, Nicaragua U20: 1/40 → 1/33
2026-02-27T01:51:27.807Z [ODDS]  Draw: 14/1 → 12/1, Nicaragua U20: 1/33 → 1/28
2026-02-27T02:01:42.239Z [ODDS]  Draw: 12/1 → 14/1, Nicaragua U20: 1/28 → 1/33
2026-02-27T02:01:52.162Z [ODDS]  Draw: 14/1 → 16/1, Nicaragua U20: 1/33 → 1/40
2026-02-27T02:03:45.364Z [ODDS]  Draw: 16/1 → 14/1, Nicaragua U20: 1/40 → 1/33
2026-02-27T02:12:48.277Z [ODDS]  Martinique U20: 25/1 → 28/1, Draw: 14/1 → 16/1, Nicaragua U20: 1/33 → 1/40
2026-02-27T02:17:01.294Z [ODDS]  Draw: 16/1 → 18/1, Nicaragua U20: 1/40 → 1/50
2026-02-27T02:17:04.000Z [ODDS]  Draw: 18/1 → 16/1, Nicaragua U20: 1/50 → 1/40
2026-02-27T02:17:39.177Z [ODDS]  Draw: 16/1 → 18/1, Nicaragua U20: 1/40 → 1/50
2026-02-27T02:18:13.905Z [ODDS]  Martinique U20: 28/1 → 33/1
2026-02-27T02:18:29.690Z [ODDS]  Draw: 18/1 → 20/1, Nicaragua U20: 1/50 → 1/66
2026-02-27T02:19:12.987Z [ODDS]  Draw: 20/1 → 18/1, Nicaragua U20: 1/66 → 1/50
2026-02-27T02:19:19.301Z [ODDS]  Draw: 18/1 → 20/1, Nicaragua U20: 1/50 → 1/66
2026-02-27T02:19:23.359Z [ODDS]  Martinique U20: 33/1 → 28/1, Draw: 20/1 → 18/1, Nicaragua U20: 1/66 → 1/50
2026-02-27T02:19:47.714Z [ODDS]  Martinique U20: 28/1 → 33/1
2026-02-27T02:20:26.050Z [ODDS]  Martinique U20: 33/1 → 28/1
2026-02-27T02:20:36.875Z [ODDS]  Martinique U20: 28/1 → 33/1, Draw: 18/1 → 20/1, Nicaragua U20: 1/50 → 1/66
2026-02-27T02:20:42.288Z [ODDS]  Martinique U20: 33/1 → 50/1, Draw: 20/1 → 50/1, Nicaragua U20: 1/66 → 1/500
2026-02-27T02:20:42.288Z [EVENT]  score: 3-0
2026-02-27T02:21:51.743Z [ODDS]  Draw: 50/1 → 40/1, Nicaragua U20: 1/500 → 1/250
2026-02-27T02:22:08.430Z [ODDS]  Draw: 40/1 → 50/1, Nicaragua U20: 1/250 → 1/500
2026-02-27T02:24:12.457Z [EVENT]  score: 4-0
2026-02-27T02:35:18.603Z [EVENT]  score: 5-0
2026-02-27T02:38:32.035Z [ODDS]  Nicaragua U20: 15/8 → 2/1
2026-02-27T02:38:59.997Z [ODDS]  Martinique U20: 6/1 → 13/2
2026-02-27T02:39:03.153Z [ODDS]  Draw: 4/7 → 8/15
2026-02-27T02:39:03.604Z [ODDS]  Draw: 8/15 → 4/7, Nicaragua U20: 2/1 → 15/8
2026-02-27T02:39:04.957Z [ODDS]  Draw: 4/7 → 8/15, Nicaragua U20: 15/8 → 2/1
2026-02-27T02:39:19.840Z [ODDS]  Nicaragua U20: 2/1 → 21/10
2026-02-27T02:39:49.607Z [ODDS]  Draw: 8/15 → 1/2, Nicaragua U20: 21/10 → 11/5
2026-02-27T02:39:50.960Z [ODDS]  Draw: 1/2 → 8/15, Nicaragua U20: 11/5 → 2/1
2026-02-27T02:39:58.628Z [ODDS]  Draw: 8/15 → 1/2, Nicaragua U20: 2/1 → 11/5
2026-02-27T02:40:21.628Z [ODDS]  Draw: 1/2 → 4/9, Nicaragua U20: 11/5 → 9/4
2026-02-27T02:40:32.904Z [ODDS]  Martinique U20: 13/2 → 7/1
2026-02-27T02:40:36.962Z [ODDS]  Nicaragua U20: 9/4 → 12/5
2026-02-27T02:40:38.767Z [ODDS]  Martinique U20: 7/1 → 6/1, Draw: 4/9 → 1/2
2026-02-27T02:41:00.418Z [ODDS]  Draw: 1/2 → 4/9, Nicaragua U20: 12/5 → 5/2
2026-02-27T02:41:05.376Z [ODDS]  Martinique U20: 6/1 → 13/2, Draw: 4/9 → 2/5, Nicaragua U20: 5/2 → 3/1
2026-02-27T02:41:11.240Z [ODDS]  Martinique U20: 13/2 → 15/2, Draw: 2/5 → 4/11, Nicaragua U20: 3/1 → 11/4
2026-02-27T02:41:15.300Z [ODDS]  Nicaragua U20: 11/4 → 3/1
2026-02-27T02:41:18.908Z [ODDS]  Draw: 4/11 → 1/3
2026-02-27T02:41:57.693Z [ODDS]  Martinique U20: 15/2 → 8/1, Draw: 1/3 → 3/10
2026-02-27T02:42:15.282Z [ODDS]  Martinique U20: 8/1 → 7/1, Draw: 3/10 → 1/3
2026-02-27T02:42:27.910Z [ODDS]  Martinique U20: 7/1 → 15/2
2026-02-27T02:42:40.087Z [ODDS]  Martinique U20: 15/2 → 7/1
2026-02-27T02:42:57.676Z [ODDS]  Nicaragua U20: 3/1 → 10/3
2026-02-27T02:43:19.775Z [ODDS]  Martinique U20: 7/1 → 15/2, Draw: 1/3 → 1/4, Nicaragua U20: 10/3 → 15/4
2026-02-27T02:43:31.797Z [ODDS]  Draw: 1/4 → 2/7
2026-02-27T02:43:56.307Z [ODDS]  Draw: 2/7 → 1/4, Nicaragua U20: 15/4 → 4/1
2026-02-27T02:44:08.486Z [ODDS]  Martinique U20: 15/2 → 8/1
2026-02-27T02:44:18.858Z [ODDS]  Draw: 1/4 → 2/9, Nicaragua U20: 4/1 → 9/2
2026-02-27T02:44:57.198Z [ODDS]  Draw: 2/9 → 1/5, Nicaragua U20: 9/2 → 5/1
2026-02-27T02:45:06.219Z [ODDS]  Martinique U20: 8/1 → 17/2
2026-02-27T02:45:18.846Z [ODDS]  Draw: 1/5 → 1/6
2026-02-27T02:45:31.928Z [ODDS]  Nicaragua U20: 5/1 → 11/2
2026-02-27T02:45:50.871Z [ODDS]  Martinique U20: 17/2 → 9/1, Draw: 1/6 → 1/7, Nicaragua U20: 11/2 → 6/1
2026-02-27T02:46:04.851Z [ODDS]  Nicaragua U20: 6/1 → 13/2
2026-02-27T02:46:08.009Z [ODDS]  Draw: 1/7 → 1/8
2026-02-27T02:46:08.460Z [ODDS]  Martinique U20: 9/1 → 10/1
2026-02-27T02:46:32.365Z [ODDS]  Draw: 1/8 → 1/9, Nicaragua U20: 13/2 → 7/1
2026-02-27T02:46:35.976Z [ODDS]  Draw: 1/9 → 1/10
2026-02-27T02:46:49.508Z [ODDS]  Martinique U20: 10/1 → 11/1, Draw: 1/10 → 1/12, Nicaragua U20: 7/1 → 8/1
2026-02-27T02:47:07.548Z [ODDS]  Martinique U20: 11/1 → 0/0, Draw: 1/12 → 1/14, Nicaragua U20: 8/1 → 0/0
2026-02-27T02:47:10.706Z [ODDS]  Draw: 1/14 → 1/16
2026-02-27T02:47:24.235Z [ODDS]  Draw: 1/16 → 1/20
2026-02-27T02:47:38.667Z [ODDS]  Draw: 1/20 → 1/25
2026-02-27T02:48:04.374Z [ODDS]  Draw: 1/25 → 1/66
2026-02-27T02:48:18.810Z [ODDS]  Martinique U20: 0/0 → 17/2, Draw: 1/66 → 1/3, Nicaragua U20: 0/0 → 11/4
2026-02-27T02:48:45.867Z [ODDS]  Martinique U20: 17/2 → 9/1, Draw: 1/3 → 3/10, Nicaragua U20: 11/4 → 3/1
2026-02-27T02:49:09.318Z [ODDS]  Draw: 3/10 → 2/7, Nicaragua U20: 3/1 → 10/3
2026-02-27T02:49:30.514Z [ODDS]  Martinique U20: 9/1 → 10/1, Draw: 2/7 → 1/4, Nicaragua U20: 10/3 → 7/2
2026-02-27T02:49:51.712Z [ODDS]  Draw: 1/4 → 2/9, Nicaragua U20: 7/2 → 4/1
2026-02-27T02:50:02.536Z [ODDS]  Martinique U20: 10/1 → 11/1, Draw: 2/9 → 1/5
2026-02-27T02:50:06.596Z [ODDS]  Draw: 1/5 → 2/9, Nicaragua U20: 4/1 → 15/4
2026-02-27T02:50:07.948Z [ODDS]  Draw: 2/9 → 1/5, Nicaragua U20: 15/4 → 4/1
2026-02-27T02:50:08.850Z [ODDS]  Draw: 1/5 → 2/9, Nicaragua U20: 4/1 → 15/4
2026-02-27T02:50:09.759Z [ODDS]  Draw: 2/9 → 1/5, Nicaragua U20: 15/4 → 9/2
2026-02-27T02:50:22.381Z [ODDS]  Draw: 1/5 → 1/6
2026-02-27T02:50:36.812Z [ODDS]  Nicaragua U20: 9/2 → 5/1
2026-02-27T02:50:41.327Z [ODDS]  Martinique U20: 11/1 → 12/1
2026-02-27T02:50:45.832Z [ODDS]  Draw: 1/6 → 1/7
2026-02-27T02:51:00.267Z [ODDS]  Nicaragua U20: 5/1 → 11/2
2026-02-27T02:51:08.839Z [ODDS]  Draw: 1/7 → 1/8, Nicaragua U20: 11/2 → 6/1
2026-02-27T02:51:21.918Z [ODDS]  Draw: 1/8 → 1/9
2026-02-27T02:51:29.134Z [ODDS]  Draw: 1/9 → 1/10, Nicaragua U20: 6/1 → 13/2
2026-02-27T02:51:31.457Z [ODDS]  Nicaragua U20: 13/2 → 7/1
2026-02-27T02:51:52.592Z [ODDS]  Martinique U20: 12/1 → 14/1, Draw: 1/10 → 1/12, Nicaragua U20: 7/1 → 8/1
2026-02-27T02:51:59.353Z [ODDS]  Draw: 1/12 → 1/14, Nicaragua U20: 8/1 → 9/1
2026-02-27T02:51:59.804Z [ODDS]  Martinique U20: 14/1 → 10/1, Draw: 1/14 → 1/12, Nicaragua U20: 9/1 → 8/1
2026-02-27T02:52:08.826Z [ODDS]  Nicaragua U20: 8/1 → 9/1
2026-02-27T02:52:09.726Z [ODDS]  Martinique U20: 10/1 → 14/1, Draw: 1/12 → 1/16
2026-02-27T02:52:16.494Z [ODDS]  Draw: 1/16 → 1/20, Nicaragua U20: 9/1 → 10/1
2026-02-27T02:52:32.728Z [ODDS]  Draw: 1/20 → 1/25, Nicaragua U20: 10/1 → 12/1
2026-02-27T02:52:43.552Z [ODDS]  Martinique U20: 14/1 → 0/0, Draw: 1/25 → 1/33, Nicaragua U20: 12/1 → 0/0
2026-02-27T02:53:01.141Z [ODDS]  Draw: 1/33 → 1/66
2026-02-27T02:53:14.674Z [ODDS]  Draw: 1/66 → 0/0
