2026-02-26T19:47:29.307Z [ODDS]  Hapoel Beit Shean Mesilot: 5/2 → 12/5
2026-02-26T19:47:41.934Z [ODDS]  Hapoel Beit Shean Mesilot: 12/5 → 5/2
2026-02-26T19:49:04.015Z [ODDS]  Hapoel Beit Shean Mesilot: 5/2 → 13/5
2026-02-26T19:49:25.227Z [ODDS]  Hapoel Beit Shean Mesilot: 13/5 → 5/2
2026-02-26T19:50:31.058Z [ODDS]  Hapoel Beit Shean Mesilot: 5/2 → 13/5
2026-02-26T19:50:31.959Z [ODDS]  MS Tira: 6/4 → 7/5
2026-02-26T19:51:53.145Z [ODDS]  MS Tira: 7/5 → 6/4, Draw: 6/4 → 7/5
2026-02-26T19:51:57.202Z [ODDS]  Draw: 7/5 → 6/4, Hapoel Beit Shean Mesilot: 13/5 → 5/2
2026-02-26T19:52:17.061Z [ODDS]  Hapoel Beit Shean Mesilot: 5/2 → 13/5
2026-02-26T19:52:41.408Z [ODDS]  Draw: 6/4 → 7/5
2026-02-26T19:53:08.915Z [ODDS]  MS Tira: 6/4 → 7/5, Draw: 7/5 → 6/4, Hapoel Beit Shean Mesilot: 13/5 → 11/4
2026-02-26T19:53:30.115Z [ODDS]  Draw: 6/4 → 7/5
2026-02-26T19:53:41.389Z [ODDS]  MS Tira: 7/5 → 6/4, Hapoel Beit Shean Mesilot: 11/4 → 13/5
2026-02-26T19:55:20.610Z [ODDS]  Draw: 7/5 → 11/8, Hapoel Beit Shean Mesilot: 13/5 → 11/4
2026-02-26T19:55:43.168Z [ODDS]  Hapoel Beit Shean Mesilot: 11/4 → 13/5
2026-02-26T19:56:21.527Z [ODDS]  MS Tira: 6/4 → 8/5
2026-02-26T19:56:39.118Z [ODDS]  Draw: 11/8 → 13/10
2026-02-26T19:56:52.650Z [ODDS]  Draw: 13/10 → 5/4, Hapoel Beit Shean Mesilot: 13/5 → 11/4
2026-02-26T19:57:13.395Z [ODDS]  MS Tira: 8/5 → 13/8
2026-02-26T19:57:50.828Z [ODDS]  MS Tira: 13/8 → 8/5, Hapoel Beit Shean Mesilot: 11/4 → 3/1
2026-02-26T19:58:23.769Z [ODDS]  MS Tira: 8/5 → 13/8, Draw: 5/4 → 6/5, Hapoel Beit Shean Mesilot: 3/1 → 11/4
2026-02-26T19:58:57.584Z [ODDS]  Hapoel Beit Shean Mesilot: 11/4 → 3/1
2026-02-26T19:59:02.557Z [ODDS]  MS Tira: 13/8 → 7/4, Draw: 6/5 → 11/10
2026-02-26T19:59:10.211Z [ODDS]  Draw: 11/10 → 21/20, Hapoel Beit Shean Mesilot: 3/1 → 10/3
2026-02-26T19:59:31.925Z [ODDS]  MS Tira: 7/4 → 13/8, Draw: 21/20 → 11/10
2026-02-26T19:59:36.367Z [ODDS]  MS Tira: 13/8 → 7/4, Draw: 11/10 → 21/20
2026-02-26T20:00:06.584Z [ODDS]  Draw: 21/20 → 1/1
2026-02-26T20:00:25.085Z [ODDS]  Draw: 1/1 → 21/20
2026-02-26T20:00:40.410Z [ODDS]  Draw: 21/20 → 1/1
2026-02-26T20:01:03.411Z [ODDS]  Hapoel Beit Shean Mesilot: 10/3 → 7/2
2026-02-26T20:01:27.765Z [ODDS]  Draw: 1/1 → 20/21
2026-02-26T20:01:58.889Z [ODDS]  MS Tira: 7/4 → 15/8
2026-02-26T20:02:02.494Z [ODDS]  MS Tira: 15/8 → 7/4
2026-02-26T20:02:07.006Z [ODDS]  MS Tira: 7/4 → 15/8
2026-02-26T20:02:11.965Z [ODDS]  MS Tira: 15/8 → 7/4
2026-02-26T20:02:26.396Z [ODDS]  Draw: 20/21 → 1/1, Hapoel Beit Shean Mesilot: 7/2 → 10/3
2026-02-26T20:02:39.023Z [ODDS]  MS Tira: 7/4 → 15/8
2026-02-26T20:02:48.955Z [ODDS]  MS Tira: 15/8 → 7/4
2026-02-26T20:03:06.086Z [ODDS]  MS Tira: 7/4 → 15/8, Draw: 1/1 → 20/21
2026-02-26T20:03:15.558Z [ODDS]  Hapoel Beit Shean Mesilot: 10/3 → 7/2
2026-02-26T20:03:18.715Z [ODDS]  Draw: 20/21 → 1/1, Hapoel Beit Shean Mesilot: 7/2 → 10/3
2026-02-26T20:03:33.167Z [ODDS]  Draw: 1/1 → 20/21
2026-02-26T20:04:13.747Z [ODDS]  Draw: 20/21 → 10/11, Hapoel Beit Shean Mesilot: 10/3 → 7/2
2026-02-26T20:04:18.247Z [ODDS]  Draw: 10/11 → 20/21, Hapoel Beit Shean Mesilot: 7/2 → 10/3
2026-02-26T20:04:44.861Z [ODDS]  MS Tira: 15/8 → 2/1
2026-02-26T20:04:54.779Z [ODDS]  Draw: 20/21 → 10/11
2026-02-26T20:05:41.683Z [ODDS]  Hapoel Beit Shean Mesilot: 10/3 → 7/2
2026-02-26T20:06:17.311Z [ODDS]  Draw: 10/11 → 5/6
2026-02-26T20:06:29.035Z [ODDS]  Hapoel Beit Shean Mesilot: 7/2 → 10/3
2026-02-26T20:06:31.294Z [ODDS]  MS Tira: 2/1 → 21/10
2026-02-26T20:06:49.331Z [ODDS]  Hapoel Beit Shean Mesilot: 10/3 → 7/2
2026-02-26T20:07:08.282Z [ODDS]  MS Tira: 21/10 → 2/1, Hapoel Beit Shean Mesilot: 7/2 → 15/4
2026-02-26T20:07:19.561Z [ODDS]  MS Tira: 2/1 → 21/10, Draw: 5/6 → 4/5
2026-02-26T20:07:26.769Z [ODDS]  Draw: 4/5 → 5/6, Hapoel Beit Shean Mesilot: 15/4 → 7/2
2026-02-26T20:08:00.151Z [ODDS]  MS Tira: 21/10 → 2/1, Hapoel Beit Shean Mesilot: 7/2 → 15/4
2026-02-26T20:08:10.219Z [ODDS]  Draw: 5/6 → 4/5
2026-02-26T20:08:10.675Z [ODDS]  Draw: 4/5 → 5/6
2026-02-26T20:08:31.866Z [ODDS]  MS Tira: 2/1 → 21/10, Hapoel Beit Shean Mesilot: 15/4 → 7/2
2026-02-26T20:08:54.416Z [ODDS]  MS Tira: 21/10 → 2/1, Hapoel Beit Shean Mesilot: 7/2 → 15/4
2026-02-26T20:08:56.674Z [ODDS]  Draw: 5/6 → 4/5, Hapoel Beit Shean Mesilot: 15/4 → 4/1
2026-02-26T20:09:05.697Z [ODDS]  MS Tira: 2/1 → 21/10, Draw: 4/5 → 8/11
2026-02-26T20:09:09.759Z [ODDS]  Draw: 8/11 → 4/5
2026-02-26T20:09:34.564Z [ODDS]  Draw: 4/5 → 8/11
2026-02-26T20:09:38.620Z [ODDS]  MS Tira: 21/10 → 2/1, Draw: 8/11 → 4/5
2026-02-26T20:09:41.321Z [ODDS]  Draw: 4/5 → 8/11
2026-02-26T20:10:10.192Z [ODDS]  MS Tira: 2/1 → 21/10
2026-02-26T20:10:16.050Z [ODDS]  MS Tira: 21/10 → 11/5
2026-02-26T20:10:17.855Z [ODDS]  MS Tira: 11/5 → 21/10
2026-02-26T20:10:48.520Z [ODDS]  MS Tira: 21/10 → 11/5
2026-02-26T20:11:05.214Z [ODDS]  MS Tira: 11/5 → 9/4, Hapoel Beit Shean Mesilot: 4/1 → 15/4
2026-02-26T20:11:42.194Z [ODDS]  Draw: 8/11 → 4/6, Hapoel Beit Shean Mesilot: 15/4 → 4/1
2026-02-26T20:11:54.384Z [ODDS]  MS Tira: 9/4 → 11/5, Draw: 4/6 → 8/11
2026-02-26T20:12:01.588Z [ODDS]  MS Tira: 11/5 → 9/4, Draw: 8/11 → 4/6, Hapoel Beit Shean Mesilot: 4/1 → 9/2
2026-02-26T20:12:18.288Z [ODDS]  MS Tira: 9/4 → 11/5
2026-02-26T20:12:29.545Z [ODDS]  MS Tira: 11/5 → 9/4
2026-02-26T20:12:44.434Z [ODDS]  MS Tira: 9/4 → 12/5
2026-02-26T20:13:04.272Z [ODDS]  Hapoel Beit Shean Mesilot: 9/2 → 4/1
2026-02-26T20:13:21.863Z [ODDS]  Hapoel Beit Shean Mesilot: 4/1 → 9/2
2026-02-26T20:13:34.943Z [ODDS]  Draw: 4/6 → 8/13
2026-02-26T20:14:07.427Z [ODDS]  MS Tira: 12/5 → 5/2
2026-02-26T20:14:23.202Z [ODDS]  MS Tira: 5/2 → 12/5
2026-02-26T20:14:31.769Z [ODDS]  MS Tira: 12/5 → 5/2
2026-02-26T20:14:40.790Z [ODDS]  MS Tira: 5/2 → 12/5
2026-02-26T20:14:46.659Z [ODDS]  MS Tira: 12/5 → 5/2, Draw: 8/13 → 4/7
2026-02-26T20:15:12.359Z [ODDS]  Hapoel Beit Shean Mesilot: 9/2 → 5/1
2026-02-26T20:15:34.915Z [ODDS]  Draw: 4/7 → 8/15
2026-02-26T20:15:44.382Z [ODDS]  Draw: 8/15 → 4/7, Hapoel Beit Shean Mesilot: 5/1 → 11/2
2026-02-26T20:15:44.833Z [ODDS]  Hapoel Beit Shean Mesilot: 11/2 → 5/1
2026-02-26T20:15:50.700Z [ODDS]  MS Tira: 5/2 → 12/5, Hapoel Beit Shean Mesilot: 5/1 → 11/2
2026-02-26T20:16:50.685Z [ODDS]  MS Tira: 12/5 → 5/2, Draw: 4/7 → 8/15
2026-02-26T20:17:24.060Z [ODDS]  Draw: 8/15 → 1/2
2026-02-26T20:17:29.950Z [ODDS]  Hapoel Beit Shean Mesilot: 11/2 → 6/1
2026-02-26T20:17:41.653Z [ODDS]  MS Tira: 5/2 → 13/5
2026-02-26T20:17:43.454Z [ODDS]  MS Tira: 13/5 → 11/4, Hapoel Beit Shean Mesilot: 6/1 → 11/2
2026-02-26T20:17:49.768Z [ODDS]  MS Tira: 11/4 → 13/5, Draw: 1/2 → 8/15, Hapoel Beit Shean Mesilot: 11/2 → 5/1
2026-02-26T20:17:54.286Z [ODDS]  MS Tira: 13/5 → 5/2, Hapoel Beit Shean Mesilot: 5/1 → 11/2
2026-02-26T20:18:00.599Z [ODDS]  MS Tira: 5/2 → 13/5, Draw: 8/15 → 1/2
2026-02-26T20:18:30.358Z [ODDS]  MS Tira: 13/5 → 11/4, Hapoel Beit Shean Mesilot: 11/2 → 5/1
2026-02-26T20:19:06.893Z [ODDS]  Draw: 1/2 → 4/9, Hapoel Beit Shean Mesilot: 5/1 → 6/1
2026-02-26T20:19:20.422Z [ODDS]  Draw: 4/9 → 1/2, Hapoel Beit Shean Mesilot: 6/1 → 11/2
2026-02-26T20:19:33.504Z [ODDS]  MS Tira: 11/4 → 3/1, Draw: 1/2 → 4/9
2026-02-26T20:19:42.540Z [ODDS]  Hapoel Beit Shean Mesilot: 11/2 → 6/1
2026-02-26T20:19:51.991Z [ODDS]  Hapoel Beit Shean Mesilot: 6/1 → 11/2
2026-02-26T20:20:12.285Z [ODDS]  Hapoel Beit Shean Mesilot: 11/2 → 6/1
2026-02-26T20:20:42.506Z [ODDS]  Draw: 4/9 → 2/5
2026-02-26T20:20:56.038Z [ODDS]  MS Tira: 3/1 → 10/3
2026-02-26T20:21:00.092Z [ODDS]  Draw: 2/5 → 4/9, Hapoel Beit Shean Mesilot: 6/1 → 11/2
2026-02-26T20:21:12.721Z [ODDS]  Draw: 4/9 → 2/5
2026-02-26T20:21:36.172Z [ODDS]  Draw: 2/5 → 4/11, Hapoel Beit Shean Mesilot: 11/2 → 6/1
2026-02-26T20:21:43.844Z [ODDS]  Draw: 4/11 → 2/5
2026-02-26T20:22:04.136Z [ODDS]  MS Tira: 10/3 → 3/1
2026-02-26T20:22:14.971Z [ODDS]  MS Tira: 3/1 → 10/3, Draw: 2/5 → 4/11, Hapoel Beit Shean Mesilot: 6/1 → 13/2
2026-02-26T20:22:31.648Z [ODDS]  MS Tira: 10/3 → 15/4, Draw: 4/11 → 1/3
2026-02-26T20:22:32.554Z [ODDS]  MS Tira: 15/4 → 7/2, Draw: 1/3 → 4/11
2026-02-26T20:22:49.238Z [ODDS]  MS Tira: 7/2 → 15/4, Hapoel Beit Shean Mesilot: 13/2 → 6/1
2026-02-26T20:23:13.145Z [ODDS]  Draw: 4/11 → 1/3, Hapoel Beit Shean Mesilot: 6/1 → 13/2
2026-02-26T20:23:46.967Z [ODDS]  MS Tira: 15/4 → 4/1, Draw: 1/3 → 3/10
2026-02-26T20:23:53.730Z [ODDS]  Hapoel Beit Shean Mesilot: 13/2 → 7/1
2026-02-26T20:24:12.674Z [ODDS]  Draw: 3/10 → 2/7
2026-02-26T20:25:04.530Z [ODDS]  MS Tira: 4/1 → 9/2, Draw: 2/7 → 1/4
2026-02-26T20:25:46.912Z [ODDS]  Hapoel Beit Shean Mesilot: 7/1 → 15/2
2026-02-26T20:26:07.666Z [ODDS]  MS Tira: 9/2 → 5/1, Draw: 1/4 → 2/9
2026-02-26T20:26:25.258Z [ODDS]  Draw: 2/9 → 1/5, Hapoel Beit Shean Mesilot: 15/2 → 8/1
2026-02-26T20:26:42.843Z [ODDS]  MS Tira: 5/1 → 7/2, Draw: 1/5 → 4/11, Hapoel Beit Shean Mesilot: 8/1 → 13/2
2026-02-26T20:26:59.980Z [ODDS]  Draw: 4/11 → 1/3
2026-02-26T20:27:18.471Z [ODDS]  MS Tira: 7/2 → 15/4
2026-02-26T20:27:33.353Z [ODDS]  MS Tira: 15/4 → 4/1, Hapoel Beit Shean Mesilot: 13/2 → 6/1
2026-02-26T20:27:41.476Z [ODDS]  Draw: 1/3 → 3/10, Hapoel Beit Shean Mesilot: 6/1 → 7/1
2026-02-26T20:28:16.650Z [ODDS]  Draw: 3/10 → 2/7
2026-02-26T20:28:26.570Z [ODDS]  Hapoel Beit Shean Mesilot: 7/1 → 15/2
2026-02-26T20:29:03.103Z [ODDS]  Draw: 2/7 → 1/4
2026-02-26T20:29:24.299Z [ODDS]  MS Tira: 4/1 → 9/2, Hapoel Beit Shean Mesilot: 15/2 → 8/1
2026-02-26T20:29:42.345Z [ODDS]  Draw: 1/4 → 2/9
2026-02-26T20:29:59.030Z [ODDS]  MS Tira: 9/2 → 11/2, Draw: 2/9 → 2/11
2026-02-26T20:30:18.872Z [ODDS]  MS Tira: 11/2 → 6/1, Draw: 2/11 → 1/6, Hapoel Beit Shean Mesilot: 8/1 → 17/2
2026-02-26T20:30:32.855Z [ODDS]  Draw: 1/6 → 2/11, Hapoel Beit Shean Mesilot: 17/2 → 15/2
2026-02-26T20:31:00.367Z [ODDS]  MS Tira: 6/1 → 13/2, Draw: 2/11 → 1/6, Hapoel Beit Shean Mesilot: 15/2 → 8/1
2026-02-26T20:31:10.739Z [ODDS]  Draw: 1/6 → 1/8, Hapoel Beit Shean Mesilot: 8/1 → 9/1
2026-02-26T20:31:19.310Z [ODDS]  MS Tira: 13/2 → 7/1, Hapoel Beit Shean Mesilot: 9/1 → 10/1
2026-02-26T20:31:27.877Z [ODDS]  Draw: 1/8 → 1/7, Hapoel Beit Shean Mesilot: 10/1 → 8/1
2026-02-26T20:31:31.943Z [ODDS]  Draw: 1/7 → 1/8, Hapoel Beit Shean Mesilot: 8/1 → 17/2
2026-02-26T20:31:56.743Z [ODDS]  MS Tira: 7/1 → 15/2, Draw: 1/8 → 1/9
2026-02-26T20:31:59.446Z [ODDS]  Draw: 1/9 → 1/11, Hapoel Beit Shean Mesilot: 17/2 → 11/1
2026-02-26T20:32:06.213Z [ODDS]  MS Tira: 15/2 → 7/1, Draw: 1/11 → 1/10
2026-02-26T20:32:14.782Z [ODDS]  MS Tira: 7/1 → 8/1, Draw: 1/10 → 1/14
2026-02-26T20:32:26.960Z [ODDS]  MS Tira: 8/1 → 17/2
2026-02-26T20:32:42.754Z [ODDS]  MS Tira: 17/2 → 9/1, Draw: 1/14 → 1/16, Hapoel Beit Shean Mesilot: 11/1 → 12/1
2026-02-26T20:32:57.176Z [ODDS]  Draw: 1/16 → 1/18
2026-02-26T20:33:20.633Z [ODDS]  MS Tira: 9/1 → 10/1, Draw: 1/18 → 1/22, Hapoel Beit Shean Mesilot: 12/1 → 14/1
2026-02-26T20:33:36.419Z [ODDS]  MS Tira: 10/1 → 12/1, Draw: 1/22 → 1/28
2026-02-26T20:33:49.945Z [ODDS]  MS Tira: 12/1 → 14/1, Draw: 1/28 → 1/33
2026-02-26T20:33:58.063Z [ODDS]  MS Tira: 14/1 → 16/1, Draw: 1/33 → 1/40, Hapoel Beit Shean Mesilot: 14/1 → 16/1
