2026-02-26T22:09:58.509Z [ODDS]  Draw: 9/4 → 11/5
2026-02-26T22:14:01.602Z [ODDS]  Santos: 6/5 → 5/4
2026-02-26T22:14:13.329Z [ODDS]  Vasco da Gama: 12/5 → 5/2, Santos: 5/4 → 11/10
2026-02-26T22:14:18.306Z [ODDS]  Santos: 11/10 → 6/5
2026-02-26T22:14:28.664Z [ODDS]  Vasco da Gama: 5/2 → 13/5, Santos: 6/5 → 11/10
2026-02-26T22:14:36.785Z [ODDS]  Vasco da Gama: 13/5 → 12/5, Santos: 11/10 → 6/5
2026-02-26T22:14:43.546Z [ODDS]  Vasco da Gama: 12/5 → 5/2, Santos: 6/5 → 11/10
2026-02-26T22:14:56.174Z [ODDS]  Vasco da Gama: 5/2 → 12/5, Santos: 11/10 → 6/5
2026-02-26T22:15:42.628Z [ODDS]  Vasco da Gama: 12/5 → 5/2
2026-02-26T22:18:22.295Z [ODDS]  Draw: 11/5 → 21/10
2026-02-26T22:18:34.464Z [ODDS]  Vasco da Gama: 5/2 → 13/5
2026-02-26T22:18:37.619Z [ODDS]  Santos: 6/5 → 11/10
2026-02-26T22:19:49.339Z [ODDS]  Vasco da Gama: 13/5 → 11/4
2026-02-26T22:20:09.174Z [ODDS]  Draw: 21/10 → 11/5, Santos: 11/10 → 21/20
2026-02-26T22:20:19.558Z [ODDS]  Draw: 11/5 → 21/10, Santos: 21/20 → 11/10
2026-02-26T22:20:45.257Z [ODDS]  Vasco da Gama: 11/4 → 13/5, Santos: 11/10 → 6/5
2026-02-26T22:20:54.281Z [ODDS]  Vasco da Gama: 13/5 → 11/4, Santos: 6/5 → 11/10
2026-02-26T22:21:09.178Z [ODDS]  Vasco da Gama: 11/4 → 13/5, Santos: 11/10 → 6/5
2026-02-26T22:21:15.032Z [ODDS]  Vasco da Gama: 13/5 → 11/4, Santos: 6/5 → 11/10
2026-02-26T22:21:24.955Z [ODDS]  Vasco da Gama: 11/4 → 13/5, Santos: 11/10 → 6/5
2026-02-26T22:21:27.232Z [ODDS]  Vasco da Gama: 13/5 → 5/2
2026-02-26T22:21:36.703Z [ODDS]  Vasco da Gama: 5/2 → 13/5
2026-02-26T22:23:01.027Z [ODDS]  Draw: 21/10 → 2/1
2026-02-26T22:24:37.986Z [ODDS]  Vasco da Gama: 13/5 → 5/2
2026-02-26T22:25:05.496Z [ODDS]  Vasco da Gama: 5/2 → 13/5
2026-02-26T22:25:52.405Z [ODDS]  Vasco da Gama: 13/5 → 8/1, Draw: 2/1 → 10/3, Santos: 6/5 → 2/5
2026-02-26T22:25:52.405Z [EVENT]  score: 1-0
2026-02-26T22:25:59.616Z [ODDS]  Vasco da Gama: 8/1 → 15/2
2026-02-26T22:26:51.037Z [ODDS]  Vasco da Gama: 15/2 → 8/1
2026-02-26T22:27:55.080Z [ODDS]  Vasco da Gama: 8/1 → 15/2
2026-02-26T22:27:59.145Z [ODDS]  Vasco da Gama: 15/2 → 8/1
2026-02-26T22:28:00.943Z [ODDS]  Vasco da Gama: 8/1 → 7/1, Santos: 2/5 → 4/9
2026-02-26T22:28:09.065Z [ODDS]  Vasco da Gama: 7/1 → 15/2, Santos: 4/9 → 2/5
2026-02-26T22:29:39.761Z [ODDS]  Vasco da Gama: 15/2 → 7/1, Santos: 2/5 → 4/9
2026-02-26T22:29:50.081Z [ODDS]  Vasco da Gama: 7/1 → 15/2, Santos: 4/9 → 2/5
2026-02-26T22:30:26.611Z [ODDS]  Vasco da Gama: 15/2 → 7/1
2026-02-26T22:30:30.766Z [ODDS]  Vasco da Gama: 7/1 → 15/2
2026-02-26T22:31:13.066Z [ODDS]  Vasco da Gama: 15/2 → 7/1, Santos: 2/5 → 4/9
2026-02-26T22:32:04.032Z [ODDS]  Vasco da Gama: 7/1 → 15/2, Draw: 10/3 → 3/1
2026-02-26T22:33:17.997Z [ODDS]  Vasco da Gama: 15/2 → 7/1, Draw: 3/1 → 10/3
2026-02-26T22:33:58.763Z [ODDS]  Vasco da Gama: 7/1 → 13/2, Draw: 10/3 → 3/1
2026-02-26T22:34:19.511Z [ODDS]  Vasco da Gama: 13/2 → 7/1, Draw: 3/1 → 10/3
2026-02-26T22:34:26.761Z [ODDS]  Vasco da Gama: 7/1 → 15/2, Santos: 4/9 → 2/5
2026-02-26T22:35:49.259Z [ODDS]  Santos: 2/5 → 4/9
2026-02-26T22:36:00.985Z [ODDS]  Vasco da Gama: 15/2 → 7/1, Draw: 10/3 → 3/1
2026-02-26T22:41:33.965Z [ODDS]  Vasco da Gama: 7/1 → 13/2, Santos: 4/9 → 1/2
2026-02-26T22:41:39.828Z [ODDS]  Vasco da Gama: 13/2 → 6/1
2026-02-26T22:41:48.397Z [ODDS]  Vasco da Gama: 6/1 → 13/2
2026-02-26T22:42:20.871Z [ODDS]  Vasco da Gama: 13/2 → 7/1, Santos: 1/2 → 4/9
2026-02-26T22:42:28.988Z [ODDS]  Vasco da Gama: 7/1 → 13/2
2026-02-26T22:42:58.755Z [ODDS]  Vasco da Gama: 13/2 → 7/1
2026-02-26T22:43:26.717Z [ODDS]  Vasco da Gama: 7/1 → 13/2
2026-02-26T22:43:32.129Z [ODDS]  Vasco da Gama: 13/2 → 2/1, Draw: 3/1 → 7/4, Santos: 4/9 → 7/4
2026-02-26T22:43:32.129Z [EVENT]  score: 1-1
2026-02-26T22:43:39.345Z [ODDS]  Vasco da Gama: 2/1 → 21/10, Draw: 7/4 → 13/8
2026-02-26T22:44:08.209Z [ODDS]  Vasco da Gama: 21/10 → 11/5, Santos: 7/4 → 13/8
2026-02-26T22:44:10.464Z [ODDS]  Vasco da Gama: 11/5 → 2/1, Santos: 13/8 → 7/4
2026-02-26T22:44:44.291Z [ODDS]  Santos: 7/4 → 15/8
2026-02-26T22:44:48.799Z [ODDS]  Vasco da Gama: 2/1 → 21/10, Santos: 15/8 → 7/4
2026-02-26T22:45:22.174Z [ODDS]  Vasco da Gama: 21/10 → 9/4, Santos: 7/4 → 13/8
2026-02-26T22:46:00.058Z [ODDS]  Vasco da Gama: 9/4 → 11/5
2026-02-26T22:46:35.686Z [ODDS]  Vasco da Gama: 11/5 → 9/4
2026-02-26T22:46:40.647Z [ODDS]  Vasco da Gama: 9/4 → 21/10, Santos: 13/8 → 7/4
2026-02-26T22:47:18.080Z [ODDS]  Vasco da Gama: 21/10 → 11/5
2026-02-26T22:47:30.709Z [ODDS]  Vasco da Gama: 11/5 → 21/10
2026-02-26T22:48:19.416Z [ODDS]  Vasco da Gama: 21/10 → 11/5
2026-02-26T22:49:06.771Z [ODDS]  Draw: 13/8 → 8/5
2026-02-26T22:50:04.499Z [ODDS]  Vasco da Gama: 11/5 → 9/4, Draw: 8/5 → 13/8, Santos: 7/4 → 13/8
2026-02-26T22:50:12.619Z [ODDS]  Draw: 13/8 → 8/5
2026-02-26T22:50:54.562Z [ODDS]  Santos: 13/8 → 7/4
2026-02-26T22:51:06.739Z [ODDS]  Vasco da Gama: 9/4 → 11/5
2026-02-26T22:51:43.725Z [ODDS]  Vasco da Gama: 11/5 → 9/4
2026-02-26T22:52:40.547Z [ODDS]  Draw: 8/5 → 6/4
2026-02-26T22:52:42.803Z [ODDS]  Vasco da Gama: 9/4 → 5/2, Draw: 6/4 → 8/5, Santos: 7/4 → 8/5
2026-02-26T22:52:47.313Z [ODDS]  Vasco da Gama: 5/2 → 12/5, Draw: 8/5 → 6/4, Santos: 8/5 → 13/8
2026-02-26T22:56:07.108Z [ODDS]  Santos: 13/8 → 7/4
2026-02-26T23:00:21.023Z [ODDS]  Santos: 7/4 → 13/8
2026-02-26T23:02:13.772Z [ODDS]  Draw: 6/4 → 8/5
2026-02-26T23:02:16.929Z [ODDS]  Vasco da Gama: 12/5 → 5/2, Santos: 13/8 → 8/5
2026-02-26T23:10:25.715Z [ODDS]  Vasco da Gama: 5/2 → 13/5
2026-02-26T23:10:27.520Z [ODDS]  Santos: 8/5 → 6/4
2026-02-26T23:10:41.050Z [ODDS]  Vasco da Gama: 13/5 → 12/5, Santos: 6/4 → 8/5
2026-02-26T23:10:45.113Z [ODDS]  Vasco da Gama: 12/5 → 13/5, Santos: 8/5 → 6/4
2026-02-26T23:11:09.015Z [ODDS]  Vasco da Gama: 13/5 → 12/5, Draw: 8/5 → 6/4, Santos: 6/4 → 7/4
2026-02-26T23:11:18.938Z [ODDS]  Santos: 7/4 → 13/8
2026-02-26T23:12:03.138Z [ODDS]  Vasco da Gama: 12/5 → 5/2
2026-02-26T23:12:39.218Z [ODDS]  Vasco da Gama: 5/2 → 13/5
2026-02-26T23:12:52.748Z [ODDS]  Vasco da Gama: 13/5 → 11/4, Santos: 13/8 → 6/4
2026-02-26T23:13:06.278Z [ODDS]  Vasco da Gama: 11/4 → 13/5, Santos: 6/4 → 13/8
2026-02-26T23:14:24.302Z [ODDS]  Draw: 6/4 → 7/5
2026-02-26T23:14:41.891Z [ODDS]  Vasco da Gama: 13/5 → 11/4, Draw: 7/5 → 6/4, Santos: 13/8 → 6/4
2026-02-26T23:15:01.285Z [ODDS]  Vasco da Gama: 11/4 → 13/5, Draw: 6/4 → 7/5, Santos: 6/4 → 13/8
2026-02-26T23:15:05.344Z [ODDS]  Vasco da Gama: 13/5 → 11/4
2026-02-26T23:15:07.598Z [ODDS]  Vasco da Gama: 11/4 → 13/5, Santos: 13/8 → 7/4
2026-02-26T23:15:31.952Z [ODDS]  Vasco da Gama: 13/5 → 11/4, Santos: 7/4 → 13/8
2026-02-26T23:15:41.874Z [ODDS]  Vasco da Gama: 11/4 → 13/5, Santos: 13/8 → 7/4
2026-02-26T23:16:05.775Z [ODDS]  Draw: 7/5 → 11/8
2026-02-26T23:16:33.287Z [ODDS]  Vasco da Gama: 13/5 → 12/5, Draw: 11/8 → 7/5
2026-02-26T23:16:39.148Z [ODDS]  Vasco da Gama: 12/5 → 11/4, Draw: 7/5 → 11/8
2026-02-26T23:16:44.109Z [ODDS]  Draw: 11/8 → 7/5, Santos: 7/4 → 13/8
2026-02-26T23:16:46.365Z [ODDS]  Vasco da Gama: 11/4 → 13/5, Draw: 7/5 → 11/8, Santos: 13/8 → 7/4
2026-02-26T23:16:58.541Z [ODDS]  Vasco da Gama: 13/5 → 12/5, Draw: 11/8 → 7/5, Santos: 7/4 → 15/8
2026-02-26T23:17:04.856Z [ODDS]  Vasco da Gama: 12/5 → 13/5, Draw: 7/5 → 11/8, Santos: 15/8 → 7/4
2026-02-26T23:17:09.817Z [ODDS]  Vasco da Gama: 13/5 → 5/2, Santos: 7/4 → 15/8
2026-02-26T23:17:29.662Z [ODDS]  Vasco da Gama: 5/2 → 13/5, Santos: 15/8 → 7/4
2026-02-26T23:17:41.838Z [ODDS]  Vasco da Gama: 13/5 → 11/4
2026-02-26T23:18:07.997Z [ODDS]  Draw: 11/8 → 13/10
2026-02-26T23:18:11.158Z [ODDS]  Draw: 13/10 → 11/8
2026-02-26T23:18:16.115Z [ODDS]  Vasco da Gama: 11/4 → 13/5
2026-02-26T23:18:17.920Z [ODDS]  Vasco da Gama: 13/5 → 11/4, Draw: 11/8 → 13/10
2026-02-26T23:19:11.140Z [ODDS]  Vasco da Gama: 11/4 → 5/2, Santos: 7/4 → 15/8
2026-02-26T23:19:39.551Z [ODDS]  Vasco da Gama: 5/2 → 11/4, Draw: 13/10 → 5/4, Santos: 15/8 → 7/4
2026-02-26T23:20:04.806Z [ODDS]  Vasco da Gama: 11/4 → 13/5, Santos: 7/4 → 15/8
2026-02-26T23:20:09.768Z [ODDS]  Vasco da Gama: 13/5 → 11/4
2026-02-26T23:20:18.787Z [ODDS]  Draw: 5/4 → 13/10, Santos: 15/8 → 7/4
2026-02-26T23:20:27.812Z [ODDS]  Draw: 13/10 → 5/4, Santos: 7/4 → 15/8
2026-02-26T23:20:42.696Z [ODDS]  Vasco da Gama: 11/4 → 13/5
2026-02-26T23:20:47.654Z [ODDS]  Vasco da Gama: 13/5 → 11/4, Draw: 5/4 → 13/10, Santos: 15/8 → 7/4
2026-02-26T23:21:10.208Z [ODDS]  Vasco da Gama: 11/4 → 13/5, Draw: 13/10 → 5/4, Santos: 7/4 → 15/8
2026-02-26T23:21:19.674Z [ODDS]  Santos: 15/8 → 2/1
2026-02-26T23:21:26.891Z [ODDS]  Draw: 5/4 → 6/5
2026-02-26T23:21:29.145Z [ODDS]  Vasco da Gama: 13/5 → 11/4, Santos: 2/1 → 15/8
2026-02-26T23:21:37.713Z [ODDS]  Vasco da Gama: 11/4 → 5/2, Draw: 6/5 → 5/4, Santos: 15/8 → 2/1
2026-02-26T23:22:00.716Z [ODDS]  Vasco da Gama: 5/2 → 11/4, Draw: 5/4 → 6/5, Santos: 2/1 → 15/8
2026-02-26T23:23:03.858Z [ODDS]  Santos: 15/8 → 2/1
2026-02-26T23:23:20.093Z [ODDS]  Vasco da Gama: 11/4 → 5/2, Santos: 2/1 → 21/10
2026-02-26T23:23:55.273Z [ODDS]  Vasco da Gama: 5/2 → 11/4, Santos: 21/10 → 2/1
2026-02-26T23:24:07.907Z [ODDS]  Draw: 6/5 → 11/10
2026-02-26T23:24:43.079Z [ODDS]  Vasco da Gama: 11/4 → 3/1
2026-02-26T23:25:27.281Z [ODDS]  Vasco da Gama: 3/1 → 14/1, Draw: 11/10 → 10/3, Santos: 2/1 → 3/10
2026-02-26T23:25:27.281Z [EVENT]  score: 2-1
2026-02-26T23:25:34.495Z [ODDS]  Draw: 10/3 → 7/2
2026-02-26T23:26:00.206Z [ODDS]  Santos: 3/10 → 2/7
2026-02-26T23:26:02.458Z [ODDS]  Santos: 2/7 → 3/10
2026-02-26T23:26:08.323Z [ODDS]  Draw: 7/2 → 10/3
2026-02-26T23:27:00.637Z [ODDS]  Draw: 10/3 → 7/2
2026-02-26T23:27:08.772Z [ODDS]  Draw: 7/2 → 10/3
2026-02-26T23:27:19.129Z [ODDS]  Draw: 10/3 → 7/2
2026-02-26T23:27:21.382Z [ODDS]  Santos: 3/10 → 2/7
2026-02-26T23:27:25.896Z [ODDS]  Santos: 2/7 → 3/10
2026-02-26T23:27:40.326Z [ODDS]  Vasco da Gama: 14/1 → 12/1, Draw: 7/2 → 10/3, Santos: 3/10 → 1/3
2026-02-26T23:27:48.907Z [ODDS]  Vasco da Gama: 12/1 → 14/1, Draw: 10/3 → 7/2, Santos: 1/3 → 2/7
2026-02-26T23:28:07.839Z [ODDS]  Draw: 7/2 → 10/3, Santos: 2/7 → 3/10
2026-02-26T23:28:20.013Z [ODDS]  Vasco da Gama: 14/1 → 16/1, Draw: 10/3 → 7/2, Santos: 3/10 → 2/7
2026-02-26T23:29:41.644Z [ODDS]  Draw: 7/2 → 15/4, Santos: 2/7 → 1/4
2026-02-26T23:30:15.471Z [ODDS]  Draw: 15/4 → 7/2, Santos: 1/4 → 2/7
2026-02-26T23:30:33.511Z [ODDS]  Vasco da Gama: 16/1 → 14/1, Draw: 7/2 → 10/3, Santos: 2/7 → 1/3
2026-02-26T23:30:41.177Z [ODDS]  Vasco da Gama: 14/1 → 16/1, Draw: 10/3 → 7/2, Santos: 1/3 → 2/7
2026-02-26T23:31:42.514Z [ODDS]  Vasco da Gama: 16/1 → 18/1
2026-02-26T23:32:25.360Z [ODDS]  Santos: 2/7 → 1/4
2026-02-26T23:32:31.241Z [ODDS]  Vasco da Gama: 18/1 → 16/1, Santos: 1/4 → 2/7
2026-02-26T23:32:33.478Z [ODDS]  Vasco da Gama: 16/1 → 18/1
2026-02-26T23:32:39.340Z [ODDS]  Santos: 2/7 → 1/4
2026-02-26T23:32:48.810Z [ODDS]  Draw: 7/2 → 15/4
2026-02-26T23:33:33.009Z [ODDS]  Draw: 15/4 → 7/2
2026-02-26T23:33:39.775Z [ODDS]  Vasco da Gama: 18/1 → 20/1, Draw: 7/2 → 15/4
2026-02-26T23:33:51.499Z [ODDS]  Vasco da Gama: 20/1 → 18/1
2026-02-26T23:33:59.618Z [ODDS]  Vasco da Gama: 18/1 → 20/1
2026-02-26T23:34:25.786Z [ODDS]  Draw: 15/4 → 7/2
2026-02-26T23:35:08.622Z [ODDS]  Vasco da Gama: 20/1 → 22/1
2026-02-26T23:35:14.485Z [ODDS]  Vasco da Gama: 22/1 → 20/1
2026-02-26T23:35:45.604Z [ODDS]  Vasco da Gama: 20/1 → 22/1
2026-02-26T23:35:48.761Z [ODDS]  Vasco da Gama: 22/1 → 20/1
2026-02-26T23:35:57.781Z [ODDS]  Vasco da Gama: 20/1 → 22/1, Draw: 7/2 → 15/4
2026-02-26T23:36:39.275Z [ODDS]  Santos: 1/4 → 2/9
2026-02-26T23:37:13.103Z [ODDS]  Vasco da Gama: 22/1 → 25/1
2026-02-26T23:37:15.805Z [ODDS]  Draw: 15/4 → 4/1
2026-02-26T23:37:24.374Z [ODDS]  Draw: 4/1 → 15/4
2026-02-26T23:37:55.041Z [ODDS]  Vasco da Gama: 25/1 → 22/1, Draw: 15/4 → 10/3, Santos: 2/9 → 1/4
2026-02-26T23:37:57.748Z [ODDS]  Vasco da Gama: 22/1 → 28/1, Draw: 10/3 → 15/4, Santos: 1/4 → 2/9
2026-02-26T23:38:06.318Z [ODDS]  Vasco da Gama: 28/1 → 25/1
2026-02-26T23:38:10.827Z [ODDS]  Vasco da Gama: 25/1 → 28/1
2026-02-26T23:38:49.985Z [ODDS]  Santos: 2/9 → 1/5
2026-02-26T23:38:52.691Z [ODDS]  Vasco da Gama: 28/1 → 33/1, Draw: 15/4 → 4/1
2026-02-26T23:39:10.280Z [ODDS]  Vasco da Gama: 33/1 → 28/1, Draw: 4/1 → 15/4
2026-02-26T23:39:16.596Z [ODDS]  Vasco da Gama: 28/1 → 33/1
2026-02-26T23:39:19.299Z [ODDS]  Vasco da Gama: 33/1 → 28/1, Santos: 1/5 → 2/9
2026-02-26T23:39:22.005Z [ODDS]  Vasco da Gama: 28/1 → 33/1, Santos: 2/9 → 1/5
2026-02-26T23:39:57.637Z [ODDS]  Draw: 15/4 → 4/1
2026-02-26T23:41:07.993Z [ODDS]  Vasco da Gama: 33/1 → 40/1, Santos: 1/5 → 2/11
2026-02-26T23:42:44.504Z [ODDS]  Vasco da Gama: 40/1 → 28/1, Draw: 4/1 → 7/2, Santos: 2/11 → 2/9
2026-02-26T23:42:58.485Z [ODDS]  Vasco da Gama: 28/1 → 40/1, Draw: 7/2 → 4/1, Santos: 2/9 → 2/11
2026-02-26T23:43:02.994Z [ODDS]  Vasco da Gama: 40/1 → 33/1, Santos: 2/11 → 1/5
2026-02-26T23:43:17.879Z [ODDS]  Vasco da Gama: 33/1 → 40/1
2026-02-26T23:43:24.193Z [ODDS]  Santos: 1/5 → 2/11
2026-02-26T23:43:50.803Z [ODDS]  Draw: 4/1 → 9/2, Santos: 2/11 → 1/6
2026-02-26T23:44:02.078Z [ODDS]  Draw: 9/2 → 4/1, Santos: 1/6 → 2/11
2026-02-26T23:44:46.728Z [ODDS]  Draw: 4/1 → 9/2, Santos: 2/11 → 1/6
2026-02-26T23:45:53.020Z [ODDS]  Santos: 1/6 → 1/7
2026-02-26T23:46:12.866Z [ODDS]  Santos: 1/7 → 1/6
2026-02-26T23:46:20.532Z [ODDS]  Vasco da Gama: 40/1 → 50/1, Santos: 1/6 → 1/7
2026-02-26T23:46:43.082Z [ODDS]  Draw: 9/2 → 5/1
2026-02-26T23:47:31.790Z [ODDS]  Draw: 5/1 → 9/2
2026-02-26T23:47:38.104Z [ODDS]  Draw: 9/2 → 5/1
2026-02-26T23:48:10.576Z [ODDS]  Santos: 1/7 → 1/8
2026-02-26T23:48:12.830Z [ODDS]  Santos: 1/8 → 1/7
2026-02-26T23:48:24.111Z [ODDS]  Santos: 1/7 → 1/8
2026-02-26T23:48:48.465Z [ODDS]  Vasco da Gama: 50/1 → 66/1
2026-02-26T23:49:16.429Z [ODDS]  Vasco da Gama: 66/1 → 50/1
2026-02-26T23:49:24.095Z [ODDS]  Vasco da Gama: 50/1 → 66/1
2026-02-26T23:49:49.390Z [ODDS]  Draw: 5/1 → 11/2, Santos: 1/8 → 1/9
2026-02-26T23:49:55.214Z [ODDS]  Vasco da Gama: 66/1 → 50/1, Draw: 11/2 → 9/2, Santos: 1/9 → 1/6
2026-02-26T23:50:01.077Z [ODDS]  Vasco da Gama: 50/1 → 66/1, Draw: 9/2 → 11/2, Santos: 1/6 → 1/9
2026-02-26T23:51:08.276Z [ODDS]  Vasco da Gama: 66/1 → 80/1
2026-02-26T23:51:28.120Z [ODDS]  Vasco da Gama: 80/1 → 50/1, Draw: 11/2 → 9/2, Santos: 1/9 → 1/7
2026-02-26T23:51:30.825Z [ODDS]  Vasco da Gama: 50/1 → 80/1, Draw: 9/2 → 11/2, Santos: 1/7 → 1/9
2026-02-26T23:51:36.239Z [ODDS]  Draw: 11/2 → 6/1, Santos: 1/9 → 1/10
2026-02-26T23:51:47.066Z [ODDS]  Vasco da Gama: 80/1 → 50/1, Draw: 6/1 → 9/2, Santos: 1/10 → 1/7
2026-02-26T23:51:49.770Z [ODDS]  Vasco da Gama: 50/1 → 80/1, Draw: 9/2 → 6/1, Santos: 1/7 → 1/10
2026-02-26T23:51:58.338Z [ODDS]  Vasco da Gama: 80/1 → 50/1, Draw: 6/1 → 9/2, Santos: 1/10 → 1/7
2026-02-26T23:52:01.044Z [ODDS]  Vasco da Gama: 50/1 → 80/1, Draw: 9/2 → 13/2, Santos: 1/7 → 1/11
2026-02-26T23:52:04.200Z [ODDS]  Santos: 1/11 → 1/12
2026-02-26T23:52:45.256Z [ODDS]  Santos: 1/12 → 1/11
2026-02-26T23:52:50.671Z [ODDS]  Vasco da Gama: 80/1 → 100/1, Draw: 13/2 → 7/1, Santos: 1/11 → 1/12
2026-02-26T23:53:05.551Z [ODDS]  Draw: 7/1 → 13/2
2026-02-26T23:53:25.845Z [ODDS]  Draw: 13/2 → 7/1
2026-02-26T23:53:52.003Z [ODDS]  Vasco da Gama: 100/1 → 125/1, Draw: 7/1 → 15/2, Santos: 1/12 → 1/14
2026-02-26T23:54:01.024Z [ODDS]  Draw: 15/2 → 8/1
2026-02-26T23:54:28.083Z [ODDS]  Vasco da Gama: 125/1 → 150/1, Draw: 8/1 → 9/1, Santos: 1/14 → 1/16
2026-02-26T23:55:17.243Z [ODDS]  Vasco da Gama: 150/1 → 250/1, Draw: 9/1 → 10/1, Santos: 1/16 → 1/20
2026-02-26T23:55:25.811Z [ODDS]  Draw: 10/1 → 12/1, Santos: 1/20 → 1/25
2026-02-26T23:55:36.636Z [ODDS]  Vasco da Gama: 250/1 → 100/1, Draw: 12/1 → 7/1, Santos: 1/25 → 1/12
2026-02-26T23:55:45.205Z [ODDS]  Vasco da Gama: 100/1 → 250/1, Draw: 7/1 → 12/1, Santos: 1/12 → 1/25
2026-02-26T23:55:58.735Z [ODDS]  Vasco da Gama: 250/1 → 300/1
2026-02-26T23:56:30.854Z [ODDS]  Vasco da Gama: 300/1 → 350/1
2026-02-26T23:56:49.344Z [ODDS]  Santos: 1/25 → 1/28
2026-02-26T23:56:52.502Z [ODDS]  Draw: 12/1 → 14/1, Santos: 1/28 → 1/33
2026-02-26T23:56:58.816Z [ODDS]  Vasco da Gama: 350/1 → 400/1
2026-02-26T23:57:01.972Z [ODDS]  Vasco da Gama: 400/1 → 125/1, Draw: 14/1 → 8/1, Santos: 1/33 → 1/14
2026-02-26T23:57:10.091Z [ODDS]  Vasco da Gama: 125/1 → 400/1, Draw: 8/1 → 14/1, Santos: 1/14 → 1/33
2026-02-26T23:57:20.463Z [ODDS]  Vasco da Gama: 400/1 → 450/1
2026-02-26T23:57:31.738Z [ODDS]  Draw: 14/1 → 16/1, Santos: 1/33 → 1/40
2026-02-26T23:57:37.604Z [ODDS]  Vasco da Gama: 450/1 → 500/1
2026-02-26T23:58:17.289Z [ODDS]  Draw: 16/1 → 18/1, Santos: 1/40 → 1/50
2026-02-26T23:58:19.996Z [ODDS]  Draw: 18/1 → 16/1, Santos: 1/50 → 1/40
2026-02-26T23:58:26.760Z [ODDS]  Draw: 16/1 → 18/1, Santos: 1/40 → 1/50
2026-02-26T23:59:09.155Z [ODDS]  Draw: 18/1 → 20/1, Santos: 1/50 → 1/66
2026-02-26T23:59:35.763Z [ODDS]  Draw: 20/1 → 22/1, Santos: 1/66 → 1/80
2026-02-26T23:59:47.941Z [ODDS]  Vasco da Gama: 500/1 → 350/1, Draw: 22/1 → 10/1, Santos: 1/80 → 1/20
2026-02-26T23:59:51.999Z [ODDS]  Draw: 10/1 → 12/1, Santos: 1/20 → 1/25
2026-02-26T23:59:54.724Z [ODDS]  Vasco da Gama: 350/1 → 500/1, Draw: 12/1 → 22/1, Santos: 1/25 → 1/80
2026-02-26T23:59:57.413Z [ODDS]  Draw: 22/1 → 25/1, Santos: 1/80 → 1/100
2026-02-27T00:00:19.061Z [ODDS]  Draw: 25/1 → 18/1, Santos: 1/100 → 1/50
