2026-02-26T23:08:17.185Z [ODDS]  SC Freiburg (Furious): 4/9 → 1/10, Draw: 5/2 → 6/1, Bayern (Lucas): 6/1 → 14/1
2026-02-26T23:08:17.185Z [EVENT]  score: 1-3
2026-02-26T23:09:12.652Z [ODDS]  SC Freiburg (Furious): 1/10 → 1/12, Draw: 6/1 → 7/1
2026-02-26T23:09:13.555Z [ODDS]  Bayern (Lucas): 14/1 → 16/1
2026-02-26T23:09:25.731Z [ODDS]  SC Freiburg (Furious): 1/12 → 2/5, Draw: 7/1 → 5/2, Bayern (Lucas): 16/1 → 15/2
2026-02-26T23:09:25.731Z [EVENT]  score: 2-3
2026-02-26T23:09:41.967Z [ODDS]  Bayern (Lucas): 15/2 → 8/1
2026-02-26T23:10:03.169Z [ODDS]  SC Freiburg (Furious): 2/5 → 4/11
2026-02-26T23:10:06.773Z [ODDS]  Bayern (Lucas): 8/1 → 17/2
2026-02-26T23:10:18.499Z [ODDS]  Bayern (Lucas): 17/2 → 9/1
2026-02-26T23:10:34.284Z [ODDS]  SC Freiburg (Furious): 4/11 → 1/3
2026-02-26T23:10:35.185Z [ODDS]  Draw: 5/2 → 13/5
2026-02-26T23:10:38.342Z [ODDS]  Bayern (Lucas): 9/1 → 10/1
2026-02-26T23:10:49.171Z [ODDS]  SC Freiburg (Furious): 1/3 → 3/10
2026-02-26T23:10:56.840Z [ODDS]  Bayern (Lucas): 10/1 → 11/1
2026-02-26T23:11:00.898Z [ODDS]  Draw: 13/5 → 11/4
2026-02-26T23:11:01.800Z [ODDS]  SC Freiburg (Furious): 3/10 → 2/7
2026-02-26T23:11:09.917Z [ODDS]  Bayern (Lucas): 11/1 → 12/1
2026-02-26T23:11:17.585Z [ODDS]  SC Freiburg (Furious): 2/7 → 1/4
2026-02-26T23:11:22.997Z [ODDS]  Bayern (Lucas): 12/1 → 14/1
2026-02-26T23:11:25.703Z [ODDS]  Draw: 11/4 → 3/1
2026-02-26T23:11:35.174Z [ODDS]  SC Freiburg (Furious): 1/4 → 2/9, Bayern (Lucas): 14/1 → 16/1
2026-02-26T23:11:55.923Z [ODDS]  SC Freiburg (Furious): 2/9 → 1/5, Draw: 3/1 → 10/3, Bayern (Lucas): 16/1 → 18/1
2026-02-26T23:11:59.981Z [ODDS]  Bayern (Lucas): 18/1 → 20/1
2026-02-26T23:12:10.353Z [ODDS]  SC Freiburg (Furious): 1/5 → 2/11, Draw: 10/3 → 7/2, Bayern (Lucas): 20/1 → 22/1
2026-02-26T23:12:17.120Z [ODDS]  Bayern (Lucas): 22/1 → 25/1
2026-02-26T23:12:18.472Z [ODDS]  SC Freiburg (Furious): 2/11 → 1/6, Draw: 7/2 → 15/4
2026-02-26T23:12:22.530Z [ODDS]  Draw: 15/4 → 4/1
2026-02-26T23:12:27.492Z [ODDS]  Bayern (Lucas): 25/1 → 28/1
2026-02-26T23:12:36.061Z [ODDS]  SC Freiburg (Furious): 1/6 → 1/7, Draw: 4/1 → 9/2, Bayern (Lucas): 28/1 → 33/1
2026-02-26T23:12:42.825Z [ODDS]  SC Freiburg (Furious): 1/7 → 1/8, Draw: 9/2 → 5/1
2026-02-26T23:13:36.948Z [EVENT]  score: 3-3
