2026-02-26T21:08:06.338Z [ODDS]  PSG (Kostolom89): 10/11 → 20/21
2026-02-26T21:08:34.180Z [ODDS]  Draw: 10/3 → 3/1
2026-02-26T21:08:44.103Z [ODDS]  PSG (Kostolom89): 20/21 → 1/1
2026-02-26T21:08:45.006Z [ODDS]  Bayern (Yerema): 7/4 → 15/4, Draw: 3/1 → 15/4, PSG (Kostolom89): 1/1 → 4/9
2026-02-26T21:08:45.006Z [EVENT]  score: 1-0
2026-02-26T21:08:55.376Z [ODDS]  Draw: 15/4 → 7/2
2026-02-26T21:09:05.299Z [ODDS]  Bayern (Yerema): 15/4 → 4/1
2026-02-26T21:09:35.967Z [ODDS]  Bayern (Yerema): 4/1 → 9/2, Draw: 7/2 → 10/3
2026-02-26T21:09:46.793Z [ODDS]  Bayern (Yerema): 9/2 → 17/2, Draw: 10/3 → 6/1, PSG (Kostolom89): 4/9 → 1/7
2026-02-26T21:09:46.793Z [EVENT]  score: 2-0
2026-02-26T21:10:06.193Z [ODDS]  Bayern (Yerema): 17/2 → 9/2, Draw: 6/1 → 10/3, PSG (Kostolom89): 1/7 → 4/9
2026-02-26T21:10:06.193Z [EVENT]  score: 2-1
2026-02-26T21:10:26.490Z [ODDS]  Bayern (Yerema): 9/2 → 5/1, Bayern (Yerema): 5/1 → 15/8, Draw: 10/3 → 9/4, PSG (Kostolom89): 4/9 → 6/5
2026-02-26T21:10:26.490Z [EVENT]  score: 2-2
2026-02-26T21:10:26.490Z [ODDS]  Bayern (Yerema): 15/8 → 5/1, Bayern (Yerema): 5/1 → 15/8
2026-02-26T21:10:36.857Z [ODDS]  Draw: 9/4 → 11/5
2026-02-26T21:10:47.227Z [ODDS]  Bayern (Yerema): 15/8 → 2/1, Draw: 11/5 → 21/10, PSG (Kostolom89): 6/5 → 5/4
2026-02-26T21:10:57.157Z [ODDS]  Draw: 21/10 → 2/1, PSG (Kostolom89): 5/4 → 13/10
2026-02-26T21:11:13.834Z [ODDS]  Draw: 2/1 → 15/8
2026-02-26T21:11:20.191Z [ODDS]  Bayern (Yerema): 2/1 → 6/1, Draw: 15/8 → 11/4, PSG (Kostolom89): 13/10 → 2/5
2026-02-26T21:11:20.199Z [EVENT]  score: 3-2
2026-02-26T21:11:30.560Z [ODDS]  Bayern (Yerema): 6/1 → 13/2
2026-02-26T21:11:36.392Z [ODDS]  Bayern (Yerema): 13/2 → 11/5, Draw: 11/4 → 8/5, PSG (Kostolom89): 2/5 → 7/5
2026-02-26T21:11:36.392Z [EVENT]  score: 3-3
2026-02-26T21:11:46.323Z [ODDS]  Draw: 8/5 → 6/4, PSG (Kostolom89): 7/5 → 6/4
2026-02-26T21:11:56.689Z [ODDS]  Bayern (Yerema): 11/5 → 9/4, Draw: 6/4 → 11/8, PSG (Kostolom89): 6/4 → 8/5
2026-02-26T21:11:59.505Z [ODDS]  Bayern (Yerema): 9/4 → 15/2, Draw: 11/8 → 11/4, PSG (Kostolom89): 8/5 → 4/11
2026-02-26T21:11:59.505Z [EVENT]  score: 4-3
2026-02-26T21:12:09.760Z [ODDS]  Bayern (Yerema): 15/2 → 8/1, PSG (Kostolom89): 4/11 → 1/3
2026-02-26T21:12:19.696Z [ODDS]  Bayern (Yerema): 8/1 → 9/1, PSG (Kostolom89): 1/3 → 3/10
2026-02-26T21:12:32.761Z [EVENT]  score: 4-4
2026-02-26T21:12:43.139Z [ODDS]  Draw: 11/4 → 21/20, PSG (Kostolom89): 3/10 → 15/8
