2026-02-26T19:57:12.494Z [ODDS]  Portuguesa RJ: 15/8 → 9/5, Draw: 15/8 → 2/1, Nova Iguacu: 7/4 → 17/10
2026-02-26T19:59:57.113Z [ODDS]  Portuguesa RJ: 9/5 → 7/4
2026-02-26T19:59:58.466Z [ODDS]  Nova Iguacu: 17/10 → 7/4
2026-02-26T20:02:12.423Z [ODDS]  Nova Iguacu: 7/4 → 13/8
2026-02-26T20:02:14.228Z [ODDS]  Nova Iguacu: 13/8 → 7/4
2026-02-26T20:04:00.205Z [ODDS]  Draw: 2/1 → 15/8
2026-02-26T20:04:03.830Z [ODDS]  Draw: 15/8 → 2/1
2026-02-26T20:06:26.340Z [ODDS]  Portuguesa RJ: 7/4 → 15/8, Draw: 2/1 → 15/8
2026-02-26T20:07:32.636Z [ODDS]  Portuguesa RJ: 15/8 → 7/4
2026-02-26T20:07:50.234Z [ODDS]  Portuguesa RJ: 7/4 → 15/8
2026-02-26T20:07:57.890Z [ODDS]  Portuguesa RJ: 15/8 → 2/1, Nova Iguacu: 7/4 → 13/8
2026-02-26T20:08:03.905Z [ODDS]  Portuguesa RJ: 2/1 → 15/8, Nova Iguacu: 13/8 → 7/4
2026-02-26T20:08:28.712Z [ODDS]  Portuguesa RJ: 15/8 → 2/1, Nova Iguacu: 7/4 → 13/8
2026-02-26T20:09:29.150Z [ODDS]  Portuguesa RJ: 2/1 → 15/8, Nova Iguacu: 13/8 → 7/4
2026-02-26T20:09:30.952Z [ODDS]  Portuguesa RJ: 15/8 → 2/1, Nova Iguacu: 7/4 → 13/8
2026-02-26T20:11:01.150Z [ODDS]  Draw: 15/8 → 7/4
2026-02-26T20:11:02.964Z [ODDS]  Portuguesa RJ: 2/1 → 15/8, Draw: 7/4 → 15/8, Nova Iguacu: 13/8 → 7/4
2026-02-26T20:11:06.113Z [ODDS]  Portuguesa RJ: 15/8 → 2/1, Draw: 15/8 → 7/4, Nova Iguacu: 7/4 → 13/8
2026-02-26T20:11:17.835Z [ODDS]  Portuguesa RJ: 2/1 → 21/10
2026-02-26T20:11:34.524Z [ODDS]  Portuguesa RJ: 21/10 → 2/1
2026-02-26T20:12:00.233Z [ODDS]  Draw: 7/4 → 15/8
2026-02-26T20:12:15.619Z [ODDS]  Portuguesa RJ: 2/1 → 21/10, Nova Iguacu: 13/8 → 8/5
2026-02-26T20:13:43.511Z [ODDS]  Portuguesa RJ: 21/10 → 11/5, Nova Iguacu: 8/5 → 6/4
2026-02-26T20:13:54.792Z [ODDS]  Portuguesa RJ: 11/5 → 9/4
2026-02-26T20:14:52.065Z [ODDS]  Portuguesa RJ: 9/4 → 21/10, Draw: 15/8 → 7/4, Nova Iguacu: 6/4 → 8/5
2026-02-26T20:15:11.475Z [ODDS]  Portuguesa RJ: 21/10 → 11/5, Draw: 7/4 → 15/8, Nova Iguacu: 8/5 → 6/4
2026-02-26T20:15:26.793Z [ODDS]  Nova Iguacu: 6/4 → 8/5
2026-02-26T20:15:28.144Z [ODDS]  Portuguesa RJ: 11/5 → 21/10, Draw: 15/8 → 7/4
2026-02-26T20:15:34.465Z [ODDS]  Draw: 7/4 → 15/8
2026-02-26T20:15:41.675Z [ODDS]  Draw: 15/8 → 7/4
2026-02-26T20:16:58.804Z [ODDS]  Portuguesa RJ: 21/10 → 11/5
2026-02-26T20:17:52.926Z [ODDS]  Nova Iguacu: 8/5 → 13/8
2026-02-26T20:18:15.036Z [ODDS]  Portuguesa RJ: 11/5 → 9/4, Nova Iguacu: 13/8 → 6/4
2026-02-26T20:18:57.433Z [ODDS]  Portuguesa RJ: 9/4 → 12/5
2026-02-26T20:19:13.205Z [ODDS]  Portuguesa RJ: 12/5 → 11/5, Nova Iguacu: 6/4 → 8/5
2026-02-26T20:19:16.360Z [ODDS]  Portuguesa RJ: 11/5 → 12/5, Nova Iguacu: 8/5 → 6/4
2026-02-26T20:19:26.733Z [ODDS]  Portuguesa RJ: 12/5 → 9/4
2026-02-26T20:19:43.900Z [ODDS]  Nova Iguacu: 6/4 → 8/5
2026-02-26T20:20:29.877Z [ODDS]  Portuguesa RJ: 9/4 → 12/5, Nova Iguacu: 8/5 → 6/4
2026-02-26T20:20:34.844Z [ODDS]  Portuguesa RJ: 12/5 → 9/4, Nova Iguacu: 6/4 → 8/5
2026-02-26T20:21:05.957Z [ODDS]  Draw: 7/4 → 13/8
2026-02-26T20:21:07.309Z [ODDS]  Draw: 13/8 → 7/4
2026-02-26T20:21:56.925Z [ODDS]  Portuguesa RJ: 9/4 → 12/5, Nova Iguacu: 8/5 → 6/4
2026-02-26T20:21:58.274Z [ODDS]  Portuguesa RJ: 12/5 → 9/4, Nova Iguacu: 6/4 → 8/5
2026-02-26T20:22:05.497Z [ODDS]  Draw: 7/4 → 13/8
2026-02-26T20:22:40.219Z [ODDS]  Draw: 13/8 → 7/4
2026-02-26T20:22:44.738Z [ODDS]  Draw: 7/4 → 13/8
2026-02-26T20:22:53.296Z [ODDS]  Portuguesa RJ: 9/4 → 11/5, Nova Iguacu: 8/5 → 13/8
2026-02-26T20:24:58.678Z [ODDS]  Nova Iguacu: 13/8 → 7/4
2026-02-26T20:25:04.076Z [ODDS]  Portuguesa RJ: 11/5 → 12/5, Nova Iguacu: 7/4 → 6/4
2026-02-26T20:26:19.841Z [ODDS]  Nova Iguacu: 6/4 → 8/5
2026-02-26T20:26:52.763Z [ODDS]  Nova Iguacu: 8/5 → 6/4
2026-02-26T20:30:28.351Z [ODDS]  Nova Iguacu: 6/4 → 8/5
2026-02-26T20:30:29.699Z [ODDS]  Portuguesa RJ: 12/5 → 11/5, Nova Iguacu: 8/5 → 7/4
2026-02-26T20:31:12.543Z [ODDS]  Portuguesa RJ: 11/5 → 9/4, Draw: 13/8 → 8/5
2026-02-26T20:31:35.097Z [ODDS]  Draw: 8/5 → 13/8, Nova Iguacu: 7/4 → 13/8
2026-02-26T20:31:36.446Z [ODDS]  Draw: 13/8 → 8/5, Nova Iguacu: 13/8 → 7/4
2026-02-26T20:32:14.782Z [ODDS]  Portuguesa RJ: 9/4 → 12/5, Draw: 8/5 → 13/8, Nova Iguacu: 7/4 → 8/5
2026-02-26T20:32:16.134Z [ODDS]  Portuguesa RJ: 12/5 → 21/10, Nova Iguacu: 8/5 → 7/4
2026-02-26T20:32:28.765Z [ODDS]  Portuguesa RJ: 21/10 → 9/4, Draw: 13/8 → 8/5
2026-02-26T20:32:36.900Z [ODDS]  Portuguesa RJ: 9/4 → 21/10
2026-02-26T20:33:18.827Z [ODDS]  Portuguesa RJ: 21/10 → 11/5
2026-02-26T20:33:24.239Z [ODDS]  Portuguesa RJ: 11/5 → 9/4
2026-02-26T20:33:30.110Z [ODDS]  Portuguesa RJ: 9/4 → 21/10
2026-02-26T20:34:05.730Z [ODDS]  Portuguesa RJ: 21/10 → 11/5
2026-02-26T20:34:21.069Z [ODDS]  Portuguesa RJ: 11/5 → 9/4, Draw: 8/5 → 6/4
2026-02-26T20:34:34.600Z [ODDS]  Portuguesa RJ: 9/4 → 12/5, Draw: 6/4 → 8/5, Nova Iguacu: 7/4 → 13/8
2026-02-26T20:34:44.516Z [ODDS]  Portuguesa RJ: 12/5 → 9/4, Draw: 8/5 → 6/4, Nova Iguacu: 13/8 → 7/4
2026-02-26T20:35:42.695Z [ODDS]  Portuguesa RJ: 9/4 → 21/10, Draw: 6/4 → 8/5, Nova Iguacu: 7/4 → 15/8
2026-02-26T20:35:45.854Z [ODDS]  Portuguesa RJ: 21/10 → 9/4, Draw: 8/5 → 6/4, Nova Iguacu: 15/8 → 7/4
2026-02-26T20:35:51.271Z [ODDS]  Portuguesa RJ: 9/4 → 12/5
2026-02-26T20:36:00.049Z [ODDS]  Portuguesa RJ: 12/5 → 9/4
2026-02-26T20:36:16.077Z [ODDS]  Portuguesa RJ: 9/4 → 11/5, Draw: 6/4 → 8/5
2026-02-26T20:36:54.404Z [ODDS]  Portuguesa RJ: 11/5 → 12/5, Draw: 8/5 → 6/4
2026-02-26T20:39:12.110Z [ODDS]  Portuguesa RJ: 12/5 → 9/4, Nova Iguacu: 7/4 → 15/8
2026-02-26T20:39:19.323Z [ODDS]  Portuguesa RJ: 9/4 → 12/5, Nova Iguacu: 15/8 → 7/4
2026-02-26T20:39:20.677Z [ODDS]  Portuguesa RJ: 12/5 → 9/4, Nova Iguacu: 7/4 → 15/8
2026-02-26T20:39:59.925Z [ODDS]  Portuguesa RJ: 9/4 → 11/5
2026-02-26T20:40:16.154Z [ODDS]  Portuguesa RJ: 11/5 → 9/4, Draw: 6/4 → 7/5
2026-02-26T20:40:27.426Z [ODDS]  Draw: 7/5 → 6/4
2026-02-26T20:40:35.099Z [ODDS]  Portuguesa RJ: 9/4 → 12/5, Draw: 6/4 → 7/5
2026-02-26T20:40:53.585Z [ODDS]  Portuguesa RJ: 12/5 → 9/4
2026-02-26T20:41:12.539Z [ODDS]  Portuguesa RJ: 9/4 → 12/5
2026-02-26T20:41:16.134Z [ODDS]  Portuguesa RJ: 12/5 → 9/4
2026-02-26T20:41:40.038Z [ODDS]  Portuguesa RJ: 9/4 → 11/5, Draw: 7/5 → 6/4
2026-02-26T20:41:50.413Z [ODDS]  Draw: 6/4 → 7/5
2026-02-26T20:42:01.236Z [ODDS]  Portuguesa RJ: 11/5 → 9/4
2026-02-26T20:42:06.647Z [ODDS]  Portuguesa RJ: 9/4 → 12/5, Draw: 7/5 → 6/4, Nova Iguacu: 15/8 → 7/4
2026-02-26T20:42:08.451Z [ODDS]  Portuguesa RJ: 12/5 → 9/4, Draw: 6/4 → 7/5, Nova Iguacu: 7/4 → 15/8
2026-02-26T20:42:16.569Z [ODDS]  Portuguesa RJ: 9/4 → 12/5
2026-02-26T20:43:08.437Z [ODDS]  Portuguesa RJ: 12/5 → 9/4, Nova Iguacu: 15/8 → 2/1
2026-02-26T20:43:22.867Z [ODDS]  Draw: 7/5 → 11/8
2026-02-26T20:44:30.985Z [ODDS]  Portuguesa RJ: 9/4 → 21/10, Draw: 11/8 → 7/5, Nova Iguacu: 2/1 → 21/10
2026-02-26T20:44:58.933Z [ODDS]  Portuguesa RJ: 21/10 → 9/4, Draw: 7/5 → 11/8, Nova Iguacu: 21/10 → 2/1
2026-02-26T20:45:06.147Z [ODDS]  Portuguesa RJ: 9/4 → 5/2, Draw: 11/8 → 5/4
2026-02-26T20:45:17.424Z [ODDS]  Portuguesa RJ: 5/2 → 12/5, Nova Iguacu: 2/1 → 21/10
2026-02-26T20:45:40.426Z [ODDS]  Portuguesa RJ: 12/5 → 5/2, Draw: 5/4 → 13/10, Nova Iguacu: 21/10 → 2/1
2026-02-26T20:45:45.844Z [ODDS]  Portuguesa RJ: 5/2 → 9/4, Nova Iguacu: 2/1 → 11/5
2026-02-26T20:45:47.643Z [ODDS]  Portuguesa RJ: 9/4 → 12/5, Draw: 13/10 → 5/4, Nova Iguacu: 11/5 → 21/10
2026-02-26T20:46:46.270Z [ODDS]  Portuguesa RJ: 12/5 → 9/4, Draw: 5/4 → 13/10, Nova Iguacu: 21/10 → 11/5
2026-02-26T20:46:48.077Z [ODDS]  Portuguesa RJ: 9/4 → 12/5, Draw: 13/10 → 5/4, Nova Iguacu: 11/5 → 21/10
2026-02-26T20:47:34.984Z [ODDS]  Portuguesa RJ: 12/5 → 5/2, Nova Iguacu: 21/10 → 2/1
2026-02-26T20:47:38.593Z [ODDS]  Portuguesa RJ: 5/2 → 12/5, Nova Iguacu: 2/1 → 21/10
2026-02-26T20:47:48.514Z [ODDS]  Draw: 5/4 → 6/5, Nova Iguacu: 21/10 → 11/5
2026-02-26T20:48:35.962Z [ODDS]  Nova Iguacu: 11/5 → 21/10
2026-02-26T20:49:19.817Z [ODDS]  Portuguesa RJ: 12/5 → 5/2
2026-02-26T20:50:06.185Z [ODDS]  Portuguesa RJ: 11/1 → 5/2, Draw: 3/1 → 6/5, Nova Iguacu: 4/11 → 21/10
2026-02-26T20:50:06.185Z [EVENT]  score: 0-0
2026-02-26T20:50:10.694Z [ODDS]  Portuguesa RJ: 5/2 → 13/5, Nova Iguacu: 21/10 → 2/1
2026-02-26T20:50:32.342Z [ODDS]  Portuguesa RJ: 13/5 → 5/2, Nova Iguacu: 2/1 → 21/10
2026-02-26T20:50:39.115Z [ODDS]  Portuguesa RJ: 5/2 → 13/5
2026-02-26T20:50:40.911Z [ODDS]  Nova Iguacu: 21/10 → 2/1
2026-02-26T20:50:49.932Z [ODDS]  Portuguesa RJ: 13/5 → 5/2, Draw: 6/5 → 5/4
2026-02-26T20:53:48.089Z [ODDS]  Portuguesa RJ: 5/2 → 13/5
2026-02-26T21:09:40.931Z [ODDS]  Draw: 5/4 → 6/5
2026-02-26T21:09:55.366Z [ODDS]  Portuguesa RJ: 13/5 → 12/5, Draw: 6/5 → 5/4, Nova Iguacu: 2/1 → 21/10
2026-02-26T21:09:58.519Z [ODDS]  Portuguesa RJ: 12/5 → 13/5, Draw: 5/4 → 6/5, Nova Iguacu: 21/10 → 2/1
2026-02-26T21:10:05.796Z [ODDS]  Portuguesa RJ: 13/5 → 11/4
2026-02-26T21:10:11.236Z [ODDS]  Nova Iguacu: 2/1 → 15/8
2026-02-26T21:10:30.539Z [ODDS]  Nova Iguacu: 15/8 → 2/1
2026-02-26T21:10:45.421Z [ODDS]  Nova Iguacu: 2/1 → 15/8
2026-02-26T21:10:46.777Z [ODDS]  Nova Iguacu: 15/8 → 2/1
2026-02-26T21:10:55.489Z [ODDS]  Portuguesa RJ: 11/4 → 5/2, Draw: 6/5 → 5/4
2026-02-26T21:11:53.541Z [ODDS]  Draw: 5/4 → 6/5, Nova Iguacu: 2/1 → 21/10
2026-02-26T21:12:23.741Z [ODDS]  Portuguesa RJ: 5/2 → 11/4, Nova Iguacu: 21/10 → 15/8
2026-02-26T21:12:49.000Z [ODDS]  Draw: 6/5 → 11/10, Nova Iguacu: 15/8 → 2/1
2026-02-26T21:13:09.303Z [ODDS]  Draw: 11/10 → 6/5
2026-02-26T21:13:21.922Z [ODDS]  Portuguesa RJ: 11/4 → 5/2, Nova Iguacu: 2/1 → 21/10
2026-02-26T21:13:23.281Z [ODDS]  Portuguesa RJ: 5/2 → 11/4, Nova Iguacu: 21/10 → 2/1
2026-02-26T21:13:30.939Z [ODDS]  Draw: 6/5 → 11/10
2026-02-26T21:13:37.255Z [ODDS]  Draw: 11/10 → 6/5
2026-02-26T21:13:39.508Z [ODDS]  Draw: 6/5 → 11/10
2026-02-26T21:14:34.993Z [ODDS]  Nova Iguacu: 2/1 → 21/10
2026-02-26T21:15:11.066Z [ODDS]  Portuguesa RJ: 11/4 → 3/1, Nova Iguacu: 21/10 → 2/1
2026-02-26T21:15:21.890Z [ODDS]  Portuguesa RJ: 3/1 → 11/4, Nova Iguacu: 2/1 → 21/10
2026-02-26T21:15:40.383Z [ODDS]  Draw: 11/10 → 21/20, Nova Iguacu: 21/10 → 11/5
2026-02-26T21:16:22.324Z [ODDS]  Portuguesa RJ: 11/4 → 3/1
2026-02-26T21:17:01.123Z [ODDS]  Portuguesa RJ: 3/1 → 11/4, Draw: 21/20 → 1/1, Nova Iguacu: 11/5 → 9/4
2026-02-26T21:17:08.787Z [ODDS]  Portuguesa RJ: 11/4 → 3/1, Draw: 1/1 → 21/20, Nova Iguacu: 9/4 → 21/10
2026-02-26T21:17:10.581Z [ODDS]  Portuguesa RJ: 3/1 → 11/4, Draw: 21/20 → 1/1, Nova Iguacu: 21/10 → 9/4
2026-02-26T21:17:22.316Z [ODDS]  Draw: 1/1 → 11/10, Nova Iguacu: 9/4 → 11/5
2026-02-26T21:17:31.784Z [ODDS]  Portuguesa RJ: 11/4 → 3/1, Draw: 11/10 → 1/1, Nova Iguacu: 11/5 → 9/4
2026-02-26T21:18:11.919Z [ODDS]  Draw: 1/1 → 20/21, Nova Iguacu: 9/4 → 12/5
2026-02-26T21:18:17.359Z [ODDS]  Draw: 20/21 → 1/1, Nova Iguacu: 12/5 → 9/4
2026-02-26T21:18:19.140Z [ODDS]  Draw: 1/1 → 21/20, Nova Iguacu: 9/4 → 21/10
2026-02-26T21:18:20.944Z [ODDS]  Draw: 21/20 → 1/1, Nova Iguacu: 21/10 → 9/4
2026-02-26T21:18:27.257Z [ODDS]  Portuguesa RJ: 3/1 → 11/4
2026-02-26T21:18:29.961Z [ODDS]  Portuguesa RJ: 11/4 → 3/1
2026-02-26T21:18:40.783Z [ODDS]  Draw: 1/1 → 20/21, Nova Iguacu: 9/4 → 12/5
2026-02-26T21:18:56.570Z [ODDS]  Portuguesa RJ: 3/1 → 11/4
2026-02-26T21:19:13.257Z [ODDS]  Draw: 20/21 → 1/1
2026-02-26T21:19:22.726Z [ODDS]  Portuguesa RJ: 11/4 → 3/1, Nova Iguacu: 12/5 → 9/4
2026-02-26T21:19:34.002Z [ODDS]  Portuguesa RJ: 3/1 → 11/4, Nova Iguacu: 9/4 → 12/5
2026-02-26T21:19:51.591Z [ODDS]  Draw: 1/1 → 20/21
2026-02-26T21:20:11.438Z [ODDS]  Portuguesa RJ: 11/4 → 3/1
2026-02-26T21:20:52.599Z [ODDS]  Portuguesa RJ: 3/1 → 13/5, Draw: 20/21 → 1/1, Nova Iguacu: 12/5 → 5/2
2026-02-26T21:20:56.540Z [ODDS]  Portuguesa RJ: 13/5 → 3/1, Draw: 1/1 → 20/21, Nova Iguacu: 5/2 → 12/5
2026-02-26T21:21:02.853Z [ODDS]  Draw: 20/21 → 10/11, Nova Iguacu: 12/5 → 5/2
2026-02-26T21:21:08.291Z [ODDS]  Portuguesa RJ: 3/1 → 11/4, Draw: 10/11 → 20/21, Nova Iguacu: 5/2 → 12/5
2026-02-26T21:21:14.622Z [ODDS]  Portuguesa RJ: 11/4 → 3/1
2026-02-26T21:21:19.541Z [ODDS]  Draw: 20/21 → 10/11
2026-02-26T21:21:37.130Z [ODDS]  Nova Iguacu: 12/5 → 5/2
2026-02-26T21:21:50.657Z [ODDS]  Draw: 10/11 → 20/21, Nova Iguacu: 5/2 → 9/4
2026-02-26T21:22:04.647Z [ODDS]  Draw: 20/21 → 10/11, Nova Iguacu: 9/4 → 5/2
2026-02-26T21:22:11.857Z [ODDS]  Portuguesa RJ: 3/1 → 11/4, Draw: 10/11 → 1/1, Nova Iguacu: 5/2 → 12/5
2026-02-26T21:22:16.816Z [ODDS]  Draw: 1/1 → 20/21
2026-02-26T21:22:20.426Z [ODDS]  Portuguesa RJ: 11/4 → 3/1, Draw: 20/21 → 10/11, Nova Iguacu: 12/5 → 5/2
2026-02-26T21:23:25.825Z [ODDS]  Portuguesa RJ: 3/1 → 10/3, Nova Iguacu: 5/2 → 9/4
2026-02-26T21:23:27.189Z [ODDS]  Portuguesa RJ: 10/3 → 3/1
2026-02-26T21:23:27.638Z [ODDS]  Nova Iguacu: 9/4 → 5/2
2026-02-26T21:23:28.984Z [ODDS]  Nova Iguacu: 5/2 → 13/5
2026-02-26T21:23:40.268Z [ODDS]  Draw: 10/11 → 5/6
2026-02-26T21:23:41.628Z [ODDS]  Draw: 5/6 → 10/11, Nova Iguacu: 13/5 → 5/2
2026-02-26T21:23:44.327Z [ODDS]  Portuguesa RJ: 3/1 → 10/3, Draw: 10/11 → 5/6, Nova Iguacu: 5/2 → 13/5
2026-02-26T21:23:49.289Z [ODDS]  Draw: 5/6 → 4/5
2026-02-26T21:24:22.447Z [ODDS]  Nova Iguacu: 13/5 → 11/4
2026-02-26T21:24:23.281Z [ODDS]  Draw: 4/5 → 5/6, Nova Iguacu: 11/4 → 13/5
2026-02-26T21:25:04.641Z [ODDS]  Draw: 5/6 → 4/5
2026-02-26T21:25:22.673Z [ODDS]  Nova Iguacu: 13/5 → 11/4
2026-02-26T21:25:24.041Z [ODDS]  Portuguesa RJ: 10/3 → 7/2, Draw: 4/5 → 5/6, Nova Iguacu: 11/4 → 5/2
2026-02-26T21:25:26.265Z [ODDS]  Portuguesa RJ: 7/2 → 10/3
2026-02-26T21:25:32.128Z [ODDS]  Draw: 5/6 → 4/5
2026-02-26T21:25:43.864Z [ODDS]  Portuguesa RJ: 10/3 → 7/2
2026-02-26T21:25:45.650Z [ODDS]  Draw: 4/5 → 5/6, Nova Iguacu: 5/2 → 12/5
2026-02-26T21:26:11.365Z [ODDS]  Draw: 5/6 → 4/5, Nova Iguacu: 12/5 → 5/2
2026-02-26T21:26:13.639Z [ODDS]  Portuguesa RJ: 7/2 → 10/3, Nova Iguacu: 5/2 → 11/4
2026-02-26T21:26:22.233Z [ODDS]  Draw: 4/5 → 8/11
2026-02-26T21:26:24.445Z [ODDS]  Draw: 8/11 → 4/5
2026-02-26T21:27:16.302Z [ODDS]  Portuguesa RJ: 10/3 → 7/2, Draw: 4/5 → 8/11
2026-02-26T21:27:32.991Z [ODDS]  Draw: 8/11 → 4/5, Nova Iguacu: 11/4 → 5/2
2026-02-26T21:27:34.348Z [ODDS]  Draw: 4/5 → 8/11, Nova Iguacu: 5/2 → 11/4
2026-02-26T21:28:06.365Z [ODDS]  Nova Iguacu: 11/4 → 3/1
2026-02-26T21:29:00.935Z [ODDS]  Portuguesa RJ: 7/2 → 10/3, Nova Iguacu: 3/1 → 11/4
2026-02-26T21:29:41.076Z [ODDS]  Portuguesa RJ: 10/3 → 7/2, Nova Iguacu: 11/4 → 3/1
2026-02-26T21:31:34.283Z [ODDS]  Draw: 8/11 → 4/6
2026-02-26T21:32:28.406Z [ODDS]  Portuguesa RJ: 7/2 → 15/4
2026-02-26T21:32:46.007Z [ODDS]  Draw: 4/6 → 8/13, Nova Iguacu: 3/1 → 10/3
2026-02-26T21:33:54.576Z [ODDS]  Portuguesa RJ: 15/4 → 4/1
2026-02-26T21:34:11.684Z [ODDS]  Portuguesa RJ: 4/1 → 15/4
2026-02-26T21:34:52.725Z [ODDS]  Portuguesa RJ: 15/4 → 9/2, Draw: 8/13 → 1/2, Nova Iguacu: 10/3 → 15/4
2026-02-26T21:37:51.323Z [ODDS]  Nova Iguacu: 15/4 → 4/1
2026-02-26T21:37:58.989Z [ODDS]  Draw: 1/2 → 4/9
2026-02-26T21:38:17.344Z [ODDS]  Portuguesa RJ: 9/2 → 15/4, Draw: 4/9 → 1/2
2026-02-26T21:38:22.304Z [ODDS]  Portuguesa RJ: 15/4 → 9/2, Draw: 1/2 → 4/9
2026-02-26T21:38:31.325Z [ODDS]  Portuguesa RJ: 9/2 → 4/1, Draw: 4/9 → 8/15, Nova Iguacu: 4/1 → 7/2
2026-02-26T21:38:38.602Z [ODDS]  Portuguesa RJ: 4/1 → 9/2
2026-02-26T21:39:09.208Z [ODDS]  Draw: 8/15 → 1/2, Nova Iguacu: 7/2 → 15/4
2026-02-26T21:40:18.211Z [ODDS]  Draw: 1/2 → 4/9, Nova Iguacu: 15/4 → 4/1
2026-02-26T21:40:27.711Z [ODDS]  Portuguesa RJ: 9/2 → 4/1, Draw: 4/9 → 1/2
2026-02-26T21:40:39.859Z [ODDS]  Portuguesa RJ: 4/1 → 9/2, Draw: 1/2 → 4/9
2026-02-26T21:40:52.061Z [ODDS]  Portuguesa RJ: 9/2 → 4/1, Draw: 4/9 → 4/7, Nova Iguacu: 4/1 → 10/3
2026-02-26T21:41:02.410Z [ODDS]  Draw: 4/7 → 8/15, Nova Iguacu: 10/3 → 7/2
2026-02-26T21:41:07.822Z [ODDS]  Portuguesa RJ: 4/1 → 9/2
2026-02-26T21:42:30.379Z [ODDS]  Draw: 8/15 → 1/2, Nova Iguacu: 7/2 → 15/4
2026-02-26T21:43:39.811Z [ODDS]  Draw: 1/2 → 4/9, Nova Iguacu: 15/4 → 4/1
2026-02-26T21:45:11.364Z [ODDS]  Portuguesa RJ: 9/2 → 5/1
2026-02-26T21:46:24.427Z [ODDS]  Nova Iguacu: 4/1 → 15/4
2026-02-26T21:46:41.566Z [ODDS]  Draw: 4/9 → 2/5, Nova Iguacu: 15/4 → 4/1
2026-02-26T21:46:46.527Z [ODDS]  Draw: 2/5 → 4/9
2026-02-26T21:47:31.632Z [ODDS]  Portuguesa RJ: 5/1 → 11/2, Draw: 4/9 → 2/5
2026-02-26T21:47:58.238Z [ODDS]  Draw: 2/5 → 4/11, Nova Iguacu: 4/1 → 9/2
2026-02-26T21:48:44.697Z [ODDS]  Portuguesa RJ: 11/2 → 28/1, Draw: 4/11 → 5/2, Nova Iguacu: 9/2 → 1/3
2026-02-26T21:50:18.055Z [ODDS]  Portuguesa RJ: 28/1 → 66/1, Draw: 5/2 → 11/2, Nova Iguacu: 1/3 → 1/9
2026-02-26T21:50:18.055Z [EVENT]  score: 1-0
2026-02-26T21:51:08.115Z [ODDS]  Portuguesa RJ: 66/1 → 80/1
2026-02-26T21:51:44.196Z [ODDS]  Draw: 11/2 → 6/1, Nova Iguacu: 1/9 → 1/10
2026-02-26T21:51:48.260Z [ODDS]  Draw: 6/1 → 11/2, Nova Iguacu: 1/10 → 1/9
2026-02-26T21:52:01.779Z [ODDS]  Draw: 11/2 → 6/1, Nova Iguacu: 1/9 → 1/10
2026-02-26T21:52:28.366Z [ODDS]  Draw: 6/1 → 13/2, Nova Iguacu: 1/10 → 1/11
2026-02-26T21:52:38.737Z [ODDS]  Draw: 13/2 → 6/1, Nova Iguacu: 1/11 → 1/10
2026-02-26T21:52:45.952Z [ODDS]  Portuguesa RJ: 80/1 → 100/1, Draw: 6/1 → 13/2, Nova Iguacu: 1/10 → 1/12
2026-02-26T21:53:39.744Z [ODDS]  Draw: 13/2 → 7/1
2026-02-26T21:53:51.473Z [ODDS]  Draw: 7/1 → 13/2
2026-02-26T21:54:02.747Z [ODDS]  Draw: 13/2 → 7/1
2026-02-26T21:54:23.972Z [ODDS]  Portuguesa RJ: 100/1 → 125/1
2026-02-26T21:54:48.747Z [ODDS]  Portuguesa RJ: 125/1 → 66/1, Draw: 7/1 → 6/1, Nova Iguacu: 1/12 → 1/10
2026-02-26T21:54:51.006Z [ODDS]  Portuguesa RJ: 66/1 → 125/1, Draw: 6/1 → 7/1, Nova Iguacu: 1/10 → 1/12
2026-02-26T21:54:52.807Z [ODDS]  Draw: 7/1 → 15/2, Nova Iguacu: 1/12 → 1/14
2026-02-26T21:54:55.512Z [ODDS]  Draw: 15/2 → 7/1, Nova Iguacu: 1/14 → 1/12
2026-02-26T21:55:09.493Z [ODDS]  Portuguesa RJ: 125/1 → 66/1, Draw: 7/1 → 11/2, Nova Iguacu: 1/12 → 1/9
2026-02-26T21:55:10.846Z [ODDS]  Portuguesa RJ: 66/1 → 50/1, Draw: 11/2 → 9/2, Nova Iguacu: 1/9 → 1/7
2026-02-26T21:55:26.182Z [ODDS]  Draw: 9/2 → 4/1, Nova Iguacu: 1/7 → 2/11
2026-02-26T21:56:18.948Z [ODDS]  Portuguesa RJ: 50/1 → 125/1, Draw: 4/1 → 7/1, Nova Iguacu: 2/11 → 1/12
2026-02-26T21:56:42.850Z [ODDS]  Draw: 7/1 → 15/2, Nova Iguacu: 1/12 → 1/14
2026-02-26T21:56:45.558Z [ODDS]  Draw: 15/2 → 8/1
2026-02-26T21:56:46.943Z [ODDS]  Portuguesa RJ: 125/1 → 150/1
2026-02-26T21:57:23.463Z [ODDS]  Portuguesa RJ: 150/1 → 80/1, Draw: 8/1 → 6/1, Nova Iguacu: 1/14 → 1/10
2026-02-26T21:57:26.603Z [ODDS]  Portuguesa RJ: 80/1 → 150/1, Draw: 6/1 → 8/1, Nova Iguacu: 1/10 → 1/14
2026-02-26T21:57:29.761Z [ODDS]  Draw: 8/1 → 9/1, Nova Iguacu: 1/14 → 1/16
2026-02-26T21:57:50.533Z [ODDS]  Portuguesa RJ: 150/1 → 100/1, Draw: 9/1 → 13/2, Nova Iguacu: 1/16 → 1/12
2026-02-26T21:57:59.984Z [ODDS]  Draw: 13/2 → 7/1
2026-02-26T21:58:03.583Z [ODDS]  Draw: 7/1 → 13/2
2026-02-26T21:58:27.080Z [ODDS]  Portuguesa RJ: 100/1 → 125/1, Draw: 13/2 → 7/1
2026-02-26T21:59:10.333Z [ODDS]  Draw: 7/1 → 15/2, Nova Iguacu: 1/12 → 1/14
2026-02-26T21:59:23.938Z [ODDS]  Portuguesa RJ: 125/1 → 150/1, Draw: 15/2 → 8/1
2026-02-26T21:59:36.949Z [ODDS]  Portuguesa RJ: 150/1 → 80/1, Draw: 8/1 → 6/1, Nova Iguacu: 1/14 → 1/10
2026-02-26T21:59:41.001Z [ODDS]  Portuguesa RJ: 80/1 → 150/1, Draw: 6/1 → 8/1, Nova Iguacu: 1/10 → 1/14
2026-02-26T22:00:05.815Z [ODDS]  Draw: 8/1 → 9/1, Nova Iguacu: 1/14 → 1/16
2026-02-26T22:00:28.376Z [ODDS]  Portuguesa RJ: 150/1 → 200/1
2026-02-26T22:00:44.592Z [ODDS]  Draw: 9/1 → 10/1, Nova Iguacu: 1/16 → 1/20
2026-02-26T22:01:06.692Z [ODDS]  Portuguesa RJ: 200/1 → 250/1
2026-02-26T22:01:19.320Z [ODDS]  Draw: 10/1 → 12/1, Nova Iguacu: 1/20 → 1/25
2026-02-26T22:01:21.124Z [ODDS]  Portuguesa RJ: 250/1 → 150/1, Draw: 12/1 → 9/1, Nova Iguacu: 1/25 → 1/16
2026-02-26T22:01:23.830Z [ODDS]  Portuguesa RJ: 150/1 → 250/1, Draw: 9/1 → 10/1, Nova Iguacu: 1/16 → 1/20
2026-02-26T22:01:32.849Z [ODDS]  Draw: 10/1 → 12/1, Nova Iguacu: 1/20 → 1/25
2026-02-26T22:01:34.208Z [ODDS]  Portuguesa RJ: 250/1 → 300/1
2026-02-26T22:02:09.839Z [ODDS]  Portuguesa RJ: 300/1 → 350/1, Nova Iguacu: 1/25 → 1/28
2026-02-26T22:02:12.092Z [ODDS]  Portuguesa RJ: 350/1 → 400/1
2026-02-26T22:02:34.198Z [ODDS]  Portuguesa RJ: 400/1 → 450/1, Draw: 12/1 → 14/1, Nova Iguacu: 1/28 → 1/33
2026-02-26T22:02:37.358Z [ODDS]  Portuguesa RJ: 450/1 → 500/1
2026-02-26T22:02:59.453Z [ODDS]  Draw: 14/1 → 16/1, Nova Iguacu: 1/33 → 1/40
2026-02-26T22:03:17.097Z [ODDS]  Portuguesa RJ: 500/1 → 20/1, Draw: 16/1 → 1/25, Nova Iguacu: 1/40 → 18/1
2026-02-26T22:03:17.097Z [EVENT]  score: 1-1
2026-02-26T22:03:25.188Z [ODDS]  Draw: 1/25 → 1/28
2026-02-26T22:03:27.863Z [ODDS]  Nova Iguacu: 18/1 → 20/1
2026-02-26T22:03:55.374Z [ODDS]  Portuguesa RJ: 20/1 → 22/1, Draw: 1/28 → 1/40
2026-02-26T22:04:12.060Z [ODDS]  Draw: 1/40 → 1/50, Nova Iguacu: 20/1 → 22/1
