2026-02-26T20:15:19.577Z [ODDS]  Racing Club: 17/20 → 5/6
2026-02-26T20:17:32.179Z [ODDS]  Independiente Rivadavia: 7/2 → 15/4
2026-02-26T20:17:40.748Z [ODDS]  Draw: 12/5 → 9/4
2026-02-26T20:18:25.854Z [ODDS]  Independiente Rivadavia: 15/4 → 7/2, Racing Club: 5/6 → 10/11
2026-02-26T20:18:56.534Z [ODDS]  Independiente Rivadavia: 7/2 → 15/4, Racing Club: 10/11 → 5/6
2026-02-26T20:19:29.440Z [ODDS]  Independiente Rivadavia: 15/4 → 4/1, Racing Club: 5/6 → 4/5
2026-02-26T20:19:44.326Z [ODDS]  Independiente Rivadavia: 4/1 → 15/4, Racing Club: 4/5 → 5/6
2026-02-26T20:19:50.642Z [ODDS]  Draw: 9/4 → 11/5
2026-02-26T20:19:59.210Z [ODDS]  Independiente Rivadavia: 15/4 → 7/2, Racing Club: 5/6 → 10/11
2026-02-26T20:20:18.157Z [ODDS]  Independiente Rivadavia: 7/2 → 15/4, Racing Club: 10/11 → 5/6
2026-02-26T20:21:12.721Z [ODDS]  Independiente Rivadavia: 15/4 → 7/2, Racing Club: 5/6 → 10/11
2026-02-26T20:21:31.211Z [ODDS]  Independiente Rivadavia: 7/2 → 15/4
2026-02-26T20:21:34.370Z [ODDS]  Independiente Rivadavia: 15/4 → 7/2
2026-02-26T20:22:07.762Z [ODDS]  Independiente Rivadavia: 7/2 → 15/4, Racing Club: 10/11 → 5/6
2026-02-26T20:22:17.671Z [ODDS]  Racing Club: 5/6 → 10/11
2026-02-26T20:22:33.453Z [ODDS]  Racing Club: 10/11 → 5/6
2026-02-26T20:23:44.710Z [ODDS]  Draw: 11/5 → 21/10, Racing Club: 5/6 → 10/11
2026-02-26T20:24:00.044Z [ODDS]  Draw: 21/10 → 11/5, Racing Club: 10/11 → 5/6
2026-02-26T20:24:03.202Z [ODDS]  Draw: 11/5 → 21/10, Racing Club: 5/6 → 10/11
2026-02-26T20:24:26.216Z [ODDS]  Racing Club: 10/11 → 5/6
2026-02-26T20:24:33.419Z [ODDS]  Racing Club: 5/6 → 10/11
2026-02-26T20:25:07.232Z [ODDS]  Racing Club: 10/11 → 5/6
2026-02-26T20:25:57.746Z [ODDS]  Independiente Rivadavia: 15/4 → 4/1, Draw: 21/10 → 11/5
2026-02-26T20:26:13.975Z [ODDS]  Draw: 11/5 → 21/10
2026-02-26T20:26:37.881Z [ODDS]  Independiente Rivadavia: 4/1 → 15/4
2026-02-26T20:26:44.649Z [ODDS]  Independiente Rivadavia: 15/4 → 9/2, Draw: 21/10 → 11/5, Racing Club: 5/6 → 4/5
2026-02-26T20:26:57.725Z [ODDS]  Independiente Rivadavia: 9/2 → 4/1, Draw: 11/5 → 21/10, Racing Club: 4/5 → 5/6
2026-02-26T20:27:04.038Z [ODDS]  Independiente Rivadavia: 4/1 → 9/2, Draw: 21/10 → 11/5, Racing Club: 5/6 → 4/5
2026-02-26T20:27:26.137Z [ODDS]  Independiente Rivadavia: 9/2 → 4/1
2026-02-26T20:27:33.803Z [ODDS]  Draw: 11/5 → 21/10, Racing Club: 4/5 → 5/6
2026-02-26T20:27:36.963Z [ODDS]  Draw: 21/10 → 11/5, Racing Club: 5/6 → 4/5
2026-02-26T20:27:57.258Z [ODDS]  Draw: 11/5 → 21/10
2026-02-26T20:28:03.591Z [ODDS]  Draw: 21/10 → 11/5
2026-02-26T20:28:11.246Z [ODDS]  Draw: 11/5 → 21/10
2026-02-26T20:28:24.351Z [ODDS]  Draw: 21/10 → 11/5
2026-02-26T20:28:51.380Z [ODDS]  Draw: 11/5 → 21/10
2026-02-26T20:30:01.312Z [ODDS]  Independiente Rivadavia: 4/1 → 9/2
2026-02-26T20:32:32.369Z [ODDS]  Independiente Rivadavia: 9/2 → 4/1, Racing Club: 4/5 → 5/6
2026-02-26T20:33:05.300Z [ODDS]  Independiente Rivadavia: 4/1 → 9/2, Racing Club: 5/6 → 4/5
2026-02-26T20:33:16.571Z [ODDS]  Racing Club: 4/5 → 8/11
2026-02-26T20:33:17.925Z [ODDS]  Independiente Rivadavia: 9/2 → 4/1, Racing Club: 8/11 → 5/6
2026-02-26T20:33:31.910Z [ODDS]  Independiente Rivadavia: 4/1 → 9/2, Racing Club: 5/6 → 4/5
2026-02-26T20:33:41.832Z [ODDS]  Independiente Rivadavia: 9/2 → 4/1, Draw: 21/10 → 2/1, Racing Club: 4/5 → 5/6
2026-02-26T20:33:45.887Z [ODDS]  Independiente Rivadavia: 4/1 → 9/2
2026-02-26T20:33:54.455Z [ODDS]  Draw: 2/1 → 21/10, Racing Club: 5/6 → 4/5
2026-02-26T20:34:04.377Z [ODDS]  Draw: 21/10 → 2/1
2026-02-26T20:34:19.262Z [ODDS]  Draw: 2/1 → 21/10
2026-02-26T20:34:32.790Z [ODDS]  Draw: 21/10 → 2/1
2026-02-26T20:35:15.185Z [ODDS]  Racing Club: 4/5 → 5/6
2026-02-26T20:35:18.805Z [ODDS]  Draw: 2/1 → 21/10, Racing Club: 5/6 → 4/5
2026-02-26T20:35:32.777Z [ODDS]  Draw: 21/10 → 2/1
2026-02-26T20:35:34.582Z [ODDS]  Racing Club: 4/5 → 5/6
2026-02-26T20:35:58.931Z [ODDS]  Draw: 2/1 → 21/10, Racing Club: 5/6 → 4/5
2026-02-26T20:36:07.953Z [ODDS]  Draw: 21/10 → 2/1, Racing Club: 4/5 → 5/6
2026-02-26T20:36:21.943Z [ODDS]  Independiente Rivadavia: 9/2 → 4/1, Racing Club: 5/6 → 10/11
2026-02-26T20:36:53.958Z [ODDS]  Independiente Rivadavia: 4/1 → 9/2, Racing Club: 10/11 → 5/6
2026-02-26T20:38:59.028Z [ODDS]  Draw: 2/1 → 15/8
2026-02-26T20:39:03.998Z [ODDS]  Draw: 15/8 → 2/1
2026-02-26T20:39:12.561Z [ODDS]  Draw: 2/1 → 15/8
2026-02-26T20:41:20.212Z [ODDS]  Racing Club: 5/6 → 10/11
2026-02-26T20:41:28.311Z [ODDS]  Independiente Rivadavia: 9/2 → 5/1, Racing Club: 10/11 → 5/6
2026-02-26T20:41:54.469Z [ODDS]  Independiente Rivadavia: 5/1 → 9/2
2026-02-26T20:42:00.334Z [ODDS]  Draw: 15/8 → 7/4, Racing Club: 5/6 → 20/21
2026-02-26T20:42:03.492Z [ODDS]  Independiente Rivadavia: 9/2 → 4/1, Draw: 7/4 → 15/8
2026-02-26T20:42:18.829Z [ODDS]  Independiente Rivadavia: 4/1 → 9/2, Racing Club: 20/21 → 10/11
2026-02-26T20:43:14.299Z [ODDS]  Draw: 15/8 → 7/4
2026-02-26T20:43:53.084Z [ODDS]  Racing Club: 10/11 → 20/21
2026-02-26T20:44:16.537Z [ODDS]  Independiente Rivadavia: 9/2 → 4/1, Racing Club: 20/21 → 1/1
2026-02-26T20:44:41.343Z [ODDS]  Independiente Rivadavia: 4/1 → 9/2, Racing Club: 1/1 → 20/21
2026-02-26T20:44:48.558Z [ODDS]  Independiente Rivadavia: 9/2 → 4/1, Racing Club: 20/21 → 1/1
2026-02-26T20:45:36.364Z [ODDS]  Racing Club: 1/1 → 20/21
2026-02-26T20:45:51.250Z [ODDS]  Racing Club: 20/21 → 1/1
2026-02-26T20:46:01.176Z [ODDS]  Racing Club: 1/1 → 20/21
2026-02-26T20:46:20.566Z [ODDS]  Racing Club: 20/21 → 1/1
2026-02-26T20:47:05.666Z [ODDS]  Independiente Rivadavia: 4/1 → 7/4, Draw: 7/4 → 8/5, Racing Club: 1/1 → 9/4
2026-02-26T20:47:52.122Z [ODDS]  Independiente Rivadavia: 7/4 → 15/8, Racing Club: 9/4 → 21/10
2026-02-26T20:49:28.730Z [ODDS]  Independiente Rivadavia: 15/8 → 7/4, Draw: 8/5 → 6/4, Racing Club: 21/10 → 9/4
2026-02-26T20:49:33.690Z [ODDS]  Independiente Rivadavia: 7/4 → 7/5, Draw: 6/4 → 8/5, Racing Club: 9/4 → 3/1
2026-02-26T20:49:36.858Z [ODDS]  Draw: 8/5 → 6/4
2026-02-26T20:49:38.652Z [ODDS]  Independiente Rivadavia: 7/5 → 8/5, Racing Club: 3/1 → 11/4
2026-02-26T20:49:40.456Z [ODDS]  Independiente Rivadavia: 8/5 → 6/4
2026-02-26T20:50:15.204Z [ODDS]  Racing Club: 11/4 → 3/1
2026-02-26T20:50:26.027Z [ODDS]  Independiente Rivadavia: 6/4 → 7/5
2026-02-26T20:51:31.882Z [ODDS]  Independiente Rivadavia: 7/5 → 11/8, Racing Club: 3/1 → 10/3
2026-02-26T20:53:13.362Z [ODDS]  Independiente Rivadavia: 11/8 → 5/4, Racing Club: 10/3 → 7/2
2026-02-26T20:53:50.351Z [ODDS]  Independiente Rivadavia: 5/4 → 13/10
2026-02-26T20:55:25.964Z [ODDS]  Independiente Rivadavia: 13/10 → 11/8, Draw: 6/4 → 7/5, Racing Club: 7/2 → 10/3
2026-02-26T20:56:43.993Z [ODDS]  Racing Club: 10/3 → 7/2
2026-02-26T20:57:04.285Z [ODDS]  Racing Club: 7/2 → 10/3
2026-02-26T20:57:14.206Z [ODDS]  Racing Club: 10/3 → 7/2
2026-02-26T20:57:29.994Z [ODDS]  Independiente Rivadavia: 11/8 → 13/10, Draw: 7/5 → 6/4
2026-02-26T20:57:46.680Z [ODDS]  Independiente Rivadavia: 13/10 → 11/8, Draw: 6/4 → 7/5
2026-02-26T20:57:49.386Z [ODDS]  Independiente Rivadavia: 11/8 → 7/5, Racing Club: 7/2 → 10/3
2026-02-26T20:57:57.521Z [ODDS]  Draw: 7/5 → 11/8, Racing Club: 10/3 → 7/2
2026-02-26T20:58:48.923Z [ODDS]  Independiente Rivadavia: 7/5 → 11/8
2026-02-26T20:59:34.021Z [ODDS]  Independiente Rivadavia: 11/8 → 7/5
2026-02-26T20:59:36.727Z [ODDS]  Independiente Rivadavia: 7/5 → 11/8
2026-02-26T20:59:38.080Z [ODDS]  Racing Club: 7/2 → 15/4
2026-02-26T20:59:42.138Z [ODDS]  Independiente Rivadavia: 11/8 → 7/5, Draw: 11/8 → 13/10
2026-02-26T21:00:21.422Z [ODDS]  Racing Club: 15/4 → 7/2
2026-02-26T21:00:29.949Z [ODDS]  Independiente Rivadavia: 7/5 → 6/4
2026-02-26T21:00:31.312Z [ODDS]  Independiente Rivadavia: 6/4 → 7/5, Draw: 13/10 → 11/8, Racing Club: 7/2 → 10/3
2026-02-26T21:00:44.840Z [ODDS]  Independiente Rivadavia: 7/5 → 6/4, Draw: 11/8 → 13/10
2026-02-26T21:01:38.669Z [ODDS]  Racing Club: 10/3 → 7/2
2026-02-26T21:01:43.015Z [ODDS]  Draw: 13/10 → 5/4
2026-02-26T21:19:44.827Z [ODDS]  Draw: 5/4 → 13/10
2026-02-26T21:20:05.123Z [ODDS]  Draw: 13/10 → 5/4
2026-02-26T21:21:10.972Z [ODDS]  Racing Club: 7/2 → 15/4
2026-02-26T21:21:56.972Z [ODDS]  Draw: 5/4 → 6/5
2026-02-26T21:21:58.781Z [ODDS]  Draw: 6/5 → 5/4, Racing Club: 15/4 → 7/2
2026-02-26T21:22:01.933Z [ODDS]  Draw: 5/4 → 6/5, Racing Club: 7/2 → 15/4
2026-02-26T21:23:07.781Z [ODDS]  Racing Club: 15/4 → 4/1
2026-02-26T21:25:19.943Z [ODDS]  Draw: 6/5 → 11/10
2026-02-26T21:25:31.671Z [ODDS]  Independiente Rivadavia: 6/4 → 8/5
2026-02-26T21:27:01.436Z [ODDS]  Independiente Rivadavia: 8/5 → 7/4, Draw: 11/10 → 21/20, Racing Club: 4/1 → 15/4
2026-02-26T21:27:04.576Z [ODDS]  Independiente Rivadavia: 7/4 → 1/4, Draw: 21/20 → 15/4, Racing Club: 15/4 → 18/1
2026-02-26T21:27:04.576Z [EVENT]  score: 0-1
2026-02-26T21:27:14.048Z [ODDS]  Independiente Rivadavia: 1/4 → 2/7, Draw: 15/4 → 7/2, Racing Club: 18/1 → 16/1
2026-02-26T21:28:09.522Z [ODDS]  Independiente Rivadavia: 2/7 → 1/4, Draw: 7/2 → 15/4, Racing Club: 16/1 → 18/1
2026-02-26T21:29:02.288Z [ODDS]  Draw: 15/4 → 4/1
2026-02-26T21:29:33.411Z [ODDS]  Independiente Rivadavia: 1/4 → 2/9, Racing Club: 18/1 → 20/1
2026-02-26T21:30:05.883Z [ODDS]  Independiente Rivadavia: 2/9 → 1/4, Draw: 4/1 → 15/4, Racing Club: 20/1 → 18/1
2026-02-26T21:30:10.390Z [ODDS]  Independiente Rivadavia: 1/4 → 2/9, Draw: 15/4 → 4/1, Racing Club: 18/1 → 20/1
2026-02-26T21:30:49.628Z [ODDS]  Independiente Rivadavia: 2/9 → 1/4, Racing Club: 20/1 → 18/1
2026-02-26T21:31:10.375Z [ODDS]  Independiente Rivadavia: 1/4 → 2/9, Racing Club: 18/1 → 20/1
2026-02-26T21:31:17.140Z [ODDS]  Independiente Rivadavia: 2/9 → 1/4, Draw: 4/1 → 15/4, Racing Club: 20/1 → 18/1
2026-02-26T21:31:52.782Z [ODDS]  Independiente Rivadavia: 1/4 → 2/9, Draw: 15/4 → 4/1, Racing Club: 18/1 → 20/1
2026-02-26T21:31:55.544Z [ODDS]  Independiente Rivadavia: 2/9 → 1/4
2026-02-26T21:32:04.953Z [ODDS]  Independiente Rivadavia: 1/4 → 2/9
2026-02-26T21:32:44.674Z [ODDS]  Independiente Rivadavia: 2/9 → 1/4
2026-02-26T21:32:48.250Z [ODDS]  Independiente Rivadavia: 1/4 → 2/9
2026-02-26T21:32:54.114Z [ODDS]  Independiente Rivadavia: 2/9 → 1/4, Draw: 4/1 → 7/2, Racing Club: 20/1 → 18/1
2026-02-26T21:32:56.826Z [ODDS]  Independiente Rivadavia: 1/4 → 2/9, Draw: 7/2 → 4/1, Racing Club: 18/1 → 20/1
2026-02-26T21:33:32.442Z [ODDS]  Independiente Rivadavia: 2/9 → 1/4, Draw: 4/1 → 15/4, Racing Club: 20/1 → 18/1
2026-02-26T21:34:31.075Z [ODDS]  Independiente Rivadavia: 1/4 → 2/9, Draw: 15/4 → 4/1, Racing Club: 18/1 → 20/1
2026-02-26T21:34:50.920Z [ODDS]  Racing Club: 20/1 → 22/1
2026-02-26T21:35:06.257Z [ODDS]  Racing Club: 22/1 → 20/1
2026-02-26T21:35:15.793Z [ODDS]  Independiente Rivadavia: 2/9 → 1/5, Racing Club: 20/1 → 22/1
2026-02-26T21:36:48.634Z [ODDS]  Draw: 4/1 → 9/2
2026-02-26T21:37:09.407Z [ODDS]  Independiente Rivadavia: 1/5 → 2/11
2026-02-26T21:37:20.653Z [ODDS]  Independiente Rivadavia: 2/11 → 1/5, Draw: 9/2 → 4/1
2026-02-26T21:37:42.307Z [ODDS]  Draw: 4/1 → 9/2
2026-02-26T21:37:53.142Z [ODDS]  Racing Club: 22/1 → 25/1
2026-02-26T21:38:46.657Z [ODDS]  Independiente Rivadavia: 1/5 → 2/11
2026-02-26T21:38:54.324Z [ODDS]  Racing Club: 25/1 → 28/1
2026-02-26T21:39:16.876Z [ODDS]  Independiente Rivadavia: 2/11 → 1/5, Racing Club: 28/1 → 25/1
2026-02-26T21:39:29.052Z [ODDS]  Independiente Rivadavia: 1/5 → 2/11
2026-02-26T21:39:31.312Z [ODDS]  Racing Club: 25/1 → 28/1
2026-02-26T21:42:19.106Z [ODDS]  Racing Club: 28/1 → 33/1
2026-02-26T21:43:21.336Z [ODDS]  Independiente Rivadavia: 2/11 → 2/9, Draw: 9/2 → 15/4, Racing Club: 33/1 → 25/1
2026-02-26T21:44:09.128Z [ODDS]  Racing Club: 25/1 → 28/1
2026-02-26T21:44:27.172Z [ODDS]  Independiente Rivadavia: 2/9 → 2/11, Draw: 15/4 → 9/2, Racing Club: 28/1 → 33/1
2026-02-26T21:45:27.156Z [ODDS]  Draw: 9/2 → 4/1
2026-02-26T21:46:36.603Z [ODDS]  Independiente Rivadavia: 2/11 → 1/5
2026-02-26T21:47:42.908Z [ODDS]  Independiente Rivadavia: 1/5 → 2/11, Racing Club: 33/1 → 40/1
2026-02-26T21:49:55.974Z [ODDS]  Independiente Rivadavia: 2/11 → 1/6, Draw: 4/1 → 9/2
2026-02-26T21:50:28.877Z [ODDS]  Independiente Rivadavia: 1/6 → 1/7
2026-02-26T21:50:50.525Z [ODDS]  Racing Club: 40/1 → 50/1
2026-02-26T21:52:03.167Z [ODDS]  Independiente Rivadavia: 1/7 → 1/6, Racing Club: 50/1 → 40/1
2026-02-26T21:52:29.723Z [ODDS]  Independiente Rivadavia: 1/6 → 3/1, Draw: 9/2 → 1/2, Racing Club: 40/1 → 11/2
2026-02-26T21:52:29.726Z [EVENT]  score: 1-1
2026-02-26T21:52:36.933Z [ODDS]  Independiente Rivadavia: 3/1 → 7/2, Draw: 1/2 → 4/9
2026-02-26T21:53:20.251Z [ODDS]  Independiente Rivadavia: 7/2 → 15/4, Racing Club: 11/2 → 6/1
2026-02-26T21:53:37.491Z [ODDS]  Draw: 4/9 → 2/5
2026-02-26T21:53:41.548Z [ODDS]  Independiente Rivadavia: 15/4 → 10/3, Draw: 2/5 → 4/9, Racing Club: 6/1 → 13/2
2026-02-26T21:53:44.256Z [ODDS]  Racing Club: 13/2 → 6/1
2026-02-26T21:54:08.654Z [ODDS]  Independiente Rivadavia: 10/3 → 7/2
2026-02-26T21:54:10.424Z [ODDS]  Independiente Rivadavia: 7/2 → 15/4
2026-02-26T21:54:12.667Z [ODDS]  Independiente Rivadavia: 15/4 → 7/2, Racing Club: 6/1 → 11/2
2026-02-26T21:54:25.311Z [ODDS]  Independiente Rivadavia: 7/2 → 15/4, Racing Club: 11/2 → 5/1
2026-02-26T21:54:32.965Z [ODDS]  Independiente Rivadavia: 15/4 → 3/1, Draw: 4/9 → 1/2, Racing Club: 5/1 → 6/1
2026-02-26T21:54:45.139Z [ODDS]  Racing Club: 6/1 → 13/2
2026-02-26T21:54:54.159Z [ODDS]  Draw: 1/2 → 4/9
2026-02-26T21:55:04.089Z [ODDS]  Independiente Rivadavia: 3/1 → 15/4, Racing Club: 13/2 → 11/2
2026-02-26T21:55:05.884Z [ODDS]  Independiente Rivadavia: 15/4 → 4/1
2026-02-26T21:55:14.005Z [ODDS]  Independiente Rivadavia: 4/1 → 15/4, Draw: 4/9 → 2/5, Racing Club: 11/2 → 6/1
2026-02-26T21:55:23.926Z [ODDS]  Independiente Rivadavia: 15/4 → 4/1
2026-02-26T21:55:36.556Z [ODDS]  Racing Club: 6/1 → 11/2
2026-02-26T21:56:03.613Z [ODDS]  Draw: 2/5 → 4/11, Racing Club: 11/2 → 6/1
2026-02-26T21:56:08.129Z [ODDS]  Independiente Rivadavia: 4/1 → 9/2
2026-02-26T21:56:19.965Z [ODDS]  Draw: 4/11 → 2/5, Racing Club: 6/1 → 9/2
2026-02-26T21:56:45.558Z [ODDS]  Independiente Rivadavia: 9/2 → 5/1
2026-02-26T21:56:46.943Z [ODDS]  Independiente Rivadavia: 5/1 → 9/2, Draw: 2/5 → 4/11, Racing Club: 9/2 → 6/1
2026-02-26T21:56:57.733Z [ODDS]  Draw: 4/11 → 1/3
2026-02-26T21:57:07.207Z [ODDS]  Independiente Rivadavia: 9/2 → 5/1, Racing Club: 6/1 → 13/2
2026-02-26T21:57:25.717Z [ODDS]  Racing Club: 13/2 → 11/2
2026-02-26T21:58:07.645Z [ODDS]  Draw: 1/3 → 3/10, Racing Club: 11/2 → 13/2
2026-02-26T21:58:21.628Z [ODDS]  Independiente Rivadavia: 5/1 → 11/2
2026-02-26T21:58:36.057Z [ODDS]  Independiente Rivadavia: 11/2 → 6/1, Draw: 3/10 → 2/7, Racing Club: 13/2 → 7/1
2026-02-26T21:58:45.082Z [ODDS]  Draw: 2/7 → 1/4
2026-02-26T21:58:50.945Z [ODDS]  Racing Club: 7/1 → 15/2
2026-02-26T21:59:08.078Z [ODDS]  Independiente Rivadavia: 6/1 → 13/2, Racing Club: 15/2 → 7/1
2026-02-26T21:59:10.332Z [ODDS]  Draw: 1/4 → 3/10, Racing Club: 7/1 → 5/1
2026-02-26T21:59:14.843Z [ODDS]  Independiente Rivadavia: 13/2 → 7/1
2026-02-26T21:59:19.361Z [ODDS]  Draw: 3/10 → 2/7
2026-02-26T21:59:23.471Z [ODDS]  Independiente Rivadavia: 7/1 → 13/2, Draw: 2/7 → 1/4, Racing Club: 5/1 → 15/2
2026-02-26T21:59:42.355Z [ODDS]  Independiente Rivadavia: 13/2 → 7/1, Draw: 1/4 → 2/9
2026-02-26T22:00:01.764Z [ODDS]  Racing Club: 15/2 → 8/1
2026-02-26T22:00:12.575Z [ODDS]  Independiente Rivadavia: 7/1 → 6/1
2026-02-26T22:00:36.475Z [ODDS]  Independiente Rivadavia: 6/1 → 13/2, Racing Club: 8/1 → 17/2
2026-02-26T22:00:49.555Z [ODDS]  Independiente Rivadavia: 13/2 → 15/2, Draw: 2/9 → 1/5
2026-02-26T22:00:54.966Z [ODDS]  Independiente Rivadavia: 15/2 → 7/1
2026-02-26T22:01:02.632Z [ODDS]  Racing Club: 17/2 → 9/1
2026-02-26T22:01:06.692Z [ODDS]  Independiente Rivadavia: 7/1 → 15/2, Draw: 1/5 → 2/11
2026-02-26T22:01:45.027Z [ODDS]  Independiente Rivadavia: 15/2 → 8/1, Draw: 2/11 → 1/6
2026-02-26T22:01:52.722Z [ODDS]  Racing Club: 9/1 → 10/1
2026-02-26T22:02:21.130Z [ODDS]  Independiente Rivadavia: 8/1 → 17/2
2026-02-26T22:02:31.043Z [ODDS]  Draw: 1/6 → 1/7
2026-02-26T22:02:51.780Z [ODDS]  Independiente Rivadavia: 17/2 → 9/1, Racing Club: 10/1 → 11/1
2026-02-26T22:03:22.904Z [ODDS]  Draw: 1/7 → 1/8
2026-02-26T22:03:31.475Z [ODDS]  Independiente Rivadavia: 9/1 → 10/1
2026-02-26T22:03:45.016Z [ODDS]  Racing Club: 11/1 → 12/1
2026-02-26T22:04:01.237Z [ODDS]  Draw: 1/8 → 1/9
2026-02-26T22:04:13.869Z [ODDS]  Independiente Rivadavia: 10/1 → 11/1
2026-02-26T22:04:29.653Z [ODDS]  Independiente Rivadavia: 11/1 → 14/1, Draw: 1/9 → 1/14, Racing Club: 12/1 → 16/1
2026-02-26T22:04:53.555Z [ODDS]  Draw: 1/14 → 1/16
2026-02-26T22:05:17.456Z [ODDS]  Independiente Rivadavia: 14/1 → 16/1, Draw: 1/16 → 1/18, Racing Club: 16/1 → 18/1
2026-02-26T22:05:21.966Z [ODDS]  Draw: 1/18 → 1/20
2026-02-26T22:05:54.889Z [ODDS]  Draw: 1/20 → 1/22, Racing Club: 18/1 → 20/1
2026-02-26T22:06:03.080Z [ODDS]  Independiente Rivadavia: 16/1 → 18/1, Draw: 1/22 → 1/25
2026-02-26T22:06:23.313Z [ODDS]  Draw: 1/25 → 1/28
2026-02-26T22:06:45.404Z [ODDS]  Independiente Rivadavia: 18/1 → 20/1, Draw: 1/28 → 1/33
2026-02-26T22:07:02.539Z [ODDS]  Draw: 1/33 → 1/40, Racing Club: 20/1 → 22/1
2026-02-26T22:07:40.421Z [ODDS]  Independiente Rivadavia: 20/1 → 22/1, Draw: 1/40 → 1/50, Racing Club: 22/1 → 25/1
2026-02-26T22:07:43.579Z [ODDS]  Draw: 1/50 → 1/66
2026-02-26T22:07:53.057Z [ODDS]  Independiente Rivadavia: 22/1 → 40/1, Draw: 1/66 → 1/22, Racing Club: 25/1 → 11/1
2026-02-26T22:08:16.724Z [ODDS]  Draw: 1/100 → 1/125
2026-02-26T22:08:21.995Z [ODDS]  Draw: 1/125 → 1/150
2026-02-26T22:08:31.924Z [ODDS]  Draw: 1/150 → 0/0
