2026-02-26T19:47:34.717Z [ODDS]  Skerries Town FC: 8/13 → 4/6, Draw: 7/2 → 15/4
2026-02-26T19:48:07.642Z [ODDS]  Dunboyne AFC: 13/5 → 11/4
2026-02-26T19:48:08.543Z [ODDS]  Dunboyne AFC: 11/4 → 13/5
2026-02-26T19:50:05.802Z [ODDS]  Draw: 15/4 → 7/2
2026-02-26T19:51:07.145Z [ODDS]  Skerries Town FC: 4/6 → 8/11, Dunboyne AFC: 13/5 → 5/2
2026-02-26T19:53:45.457Z [ODDS]  Draw: 7/2 → 10/3
2026-02-26T19:54:17.920Z [ODDS]  Draw: 10/3 → 7/2, Dunboyne AFC: 5/2 → 13/5
2026-02-26T19:54:27.840Z [ODDS]  Draw: 7/2 → 10/3
2026-02-26T19:54:44.984Z [ODDS]  Draw: 10/3 → 7/2
2026-02-26T19:55:27.373Z [ODDS]  Draw: 7/2 → 10/3
2026-02-26T19:59:43.144Z [ODDS]  Dunboyne AFC: 13/5 → 11/4
2026-02-26T20:00:14.250Z [ODDS]  Dunboyne AFC: 11/4 → 13/5
2026-02-26T20:01:03.866Z [ODDS]  Dunboyne AFC: 13/5 → 11/4
2026-02-26T20:01:14.688Z [ODDS]  Dunboyne AFC: 11/4 → 13/5
2026-02-26T20:02:01.145Z [ODDS]  Draw: 10/3 → 3/1
2026-02-26T20:02:42.632Z [ODDS]  Draw: 3/1 → 10/3, Dunboyne AFC: 13/5 → 11/4
2026-02-26T20:02:54.812Z [ODDS]  Draw: 10/3 → 3/1
2026-02-26T20:03:24.594Z [ODDS]  Draw: 3/1 → 10/3
2026-02-26T20:03:45.773Z [ODDS]  Draw: 10/3 → 3/1
2026-02-26T20:04:45.305Z [ODDS]  Dunboyne AFC: 11/4 → 13/5
2026-02-26T20:04:48.913Z [ODDS]  Skerries Town FC: 8/11 → 4/5
2026-02-26T20:04:59.738Z [ODDS]  Skerries Town FC: 4/5 → 8/11
2026-02-26T20:05:41.238Z [ODDS]  Dunboyne AFC: 13/5 → 11/4
2026-02-26T20:09:17.424Z [ODDS]  Skerries Town FC: 8/11 → 4/5
2026-02-26T20:09:25.995Z [ODDS]  Draw: 3/1 → 11/4
2026-02-26T20:10:18.757Z [ODDS]  Dunboyne AFC: 11/4 → 13/5
2026-02-26T20:10:51.226Z [ODDS]  Skerries Town FC: 4/5 → 8/11, Dunboyne AFC: 13/5 → 3/1
2026-02-26T20:13:06.533Z [ODDS]  Draw: 11/4 → 13/5
2026-02-26T20:14:46.659Z [ODDS]  Skerries Town FC: 8/11 → 4/5
2026-02-26T20:14:52.065Z [ODDS]  Skerries Town FC: 4/5 → 8/11
2026-02-26T20:15:00.181Z [ODDS]  Skerries Town FC: 8/11 → 4/5
2026-02-26T20:16:04.237Z [ODDS]  Draw: 13/5 → 5/2
2026-02-26T20:17:24.962Z [ODDS]  Skerries Town FC: 4/5 → 5/6
2026-02-26T20:19:06.439Z [ODDS]  Draw: 5/2 → 12/5
2026-02-26T20:20:33.937Z [ODDS]  Dunboyne AFC: 3/1 → 11/4
2026-02-26T20:20:52.877Z [ODDS]  Dunboyne AFC: 11/4 → 3/1
2026-02-26T20:22:19.938Z [ODDS]  Draw: 12/5 → 9/4
2026-02-26T20:23:15.851Z [ODDS]  Skerries Town FC: 5/6 → 10/11
2026-02-26T20:24:35.674Z [ODDS]  Draw: 9/4 → 11/5
2026-02-26T20:28:18.008Z [ODDS]  Draw: 11/5 → 21/10
2026-02-26T20:28:56.336Z [ODDS]  Skerries Town FC: 10/11 → 20/21
2026-02-26T20:29:34.222Z [ODDS]  Skerries Town FC: 20/21 → 1/4, Draw: 21/10 → 4/1, Dunboyne AFC: 3/1 → 8/1
2026-02-26T20:29:34.222Z [EVENT]  score: 0-1
2026-02-26T20:29:45.045Z [ODDS]  Skerries Town FC: 1/4 → 3/10, Draw: 4/1 → 15/4, Dunboyne AFC: 8/1 → 15/2
2026-02-26T20:30:09.853Z [ODDS]  Dunboyne AFC: 15/2 → 7/1
2026-02-26T20:30:22.935Z [ODDS]  Dunboyne AFC: 7/1 → 15/2
2026-02-26T20:31:38.701Z [ODDS]  Skerries Town FC: 3/10 → 2/7
2026-02-26T20:32:19.743Z [ODDS]  Skerries Town FC: 2/7 → 3/10
2026-02-26T20:46:47.175Z [ODDS]  Skerries Town FC: 3/10 → 2/7
2026-02-26T20:47:02.062Z [ODDS]  Skerries Town FC: 2/7 → 3/10
2026-02-26T20:47:32.279Z [ODDS]  Skerries Town FC: 3/10 → 2/7, Dunboyne AFC: 15/2 → 8/1
2026-02-26T20:49:30.145Z [ODDS]  Draw: 15/4 → 7/2
2026-02-26T20:50:17.013Z [ODDS]  Skerries Town FC: 3/10 → 2/7, Draw: 7/2 → 15/4
2026-02-26T20:50:24.676Z [ODDS]  Draw: 15/4 → 7/2
2026-02-26T20:50:36.401Z [ODDS]  Draw: 7/2 → 15/4
2026-02-26T20:51:26.920Z [ODDS]  Dunboyne AFC: 8/1 → 17/2
2026-02-26T20:51:47.207Z [ODDS]  Skerries Town FC: 2/7 → 1/20, Draw: 15/4 → 10/1, Dunboyne AFC: 17/2 → 20/1
2026-02-26T20:51:47.208Z [EVENT]  score: 0-2
2026-02-26T20:52:06.156Z [ODDS]  Skerries Town FC: 1/20 → 1/16, Draw: 10/1 → 9/1
2026-02-26T20:53:24.636Z [ODDS]  Skerries Town FC: 1/16 → 1/18
2026-02-26T20:53:35.386Z [ODDS]  Skerries Town FC: 1/18 → 1/16
2026-02-26T20:53:45.836Z [ODDS]  Skerries Town FC: 1/16 → 1/18
2026-02-26T20:54:12.894Z [ODDS]  Skerries Town FC: 1/18 → 1/16
2026-02-26T20:54:36.817Z [ODDS]  Skerries Town FC: 1/16 → 1/18
2026-02-26T20:54:46.724Z [ODDS]  Skerries Town FC: 1/18 → 1/20, Draw: 9/1 → 10/1, Dunboyne AFC: 20/1 → 22/1
2026-02-26T20:55:16.041Z [ODDS]  Skerries Town FC: 1/20 → 1/18, Draw: 10/1 → 9/1, Dunboyne AFC: 22/1 → 20/1
2026-02-26T20:55:45.808Z [ODDS]  Skerries Town FC: 1/18 → 1/20, Draw: 9/1 → 10/1, Dunboyne AFC: 20/1 → 22/1
2026-02-26T20:56:46.247Z [ODDS]  Skerries Town FC: 1/20 → 1/18, Draw: 10/1 → 9/1
2026-02-26T20:56:55.724Z [ODDS]  Skerries Town FC: 1/18 → 1/20, Draw: 9/1 → 10/1
2026-02-26T20:57:25.031Z [ODDS]  Skerries Town FC: 1/20 → 1/18, Draw: 10/1 → 9/1, Dunboyne AFC: 22/1 → 20/1
2026-02-26T20:58:06.523Z [ODDS]  Dunboyne AFC: 20/1 → 22/1
2026-02-26T20:59:02.900Z [ODDS]  Skerries Town FC: 1/18 → 1/20, Draw: 9/1 → 10/1
2026-02-26T20:59:04.704Z [ODDS]  Dunboyne AFC: 22/1 → 25/1
2026-02-26T20:59:31.390Z [ODDS]  Skerries Town FC: 1/20 → 1/22
2026-02-26T21:01:02.425Z [ODDS]  Skerries Town FC: 1/22 → 1/25, Draw: 10/1 → 12/1
2026-02-26T21:04:45.707Z [ODDS]  Skerries Town FC: 1/25 → 1/28, Dunboyne AFC: 25/1 → 28/1
2026-02-26T21:05:16.337Z [ODDS]  Skerries Town FC: 1/28 → 1/25
2026-02-26T21:05:44.306Z [ODDS]  Skerries Town FC: 1/25 → 1/28
2026-02-26T21:05:50.616Z [ODDS]  Skerries Town FC: 1/28 → 1/25, Dunboyne AFC: 28/1 → 25/1
2026-02-26T21:06:11.418Z [ODDS]  Skerries Town FC: 1/25 → 1/28, Dunboyne AFC: 25/1 → 28/1
2026-02-26T21:06:35.269Z [ODDS]  Skerries Town FC: 1/28 → 1/25
2026-02-26T21:06:45.187Z [ODDS]  Skerries Town FC: 1/25 → 1/28
2026-02-26T21:08:51.790Z [ODDS]  Skerries Town FC: 1/28 → 1/25
2026-02-26T21:09:03.955Z [ODDS]  Skerries Town FC: 1/25 → 1/28
2026-02-26T21:10:41.417Z [ODDS]  Skerries Town FC: 1/28 → 1/33, Draw: 12/1 → 14/1
2026-02-26T21:14:04.322Z [ODDS]  Dunboyne AFC: 28/1 → 33/1
2026-02-26T21:14:25.068Z [ODDS]  Skerries Town FC: 1/33 → 1/40, Draw: 14/1 → 16/1
2026-02-26T21:17:20.505Z [ODDS]  Skerries Town FC: 1/40 → 1/50, Draw: 16/1 → 18/1
2026-02-26T21:19:16.426Z [ODDS]  Skerries Town FC: 1/50 → 1/66, Draw: 18/1 → 20/1, Dunboyne AFC: 33/1 → 40/1
2026-02-26T21:20:18.657Z [ODDS]  Skerries Town FC: 1/66 → 1/50, Draw: 20/1 → 18/1
2026-02-26T21:20:19.555Z [ODDS]  Skerries Town FC: 1/50 → 1/66, Draw: 18/1 → 20/1
2026-02-26T21:21:44.346Z [ODDS]  Skerries Town FC: 1/66 → 1/80, Draw: 20/1 → 22/1
2026-02-26T21:21:55.169Z [ODDS]  Skerries Town FC: 1/80 → 1/66, Draw: 22/1 → 20/1
2026-02-26T21:22:13.208Z [ODDS]  Skerries Town FC: 1/66 → 1/80, Draw: 20/1 → 22/1
2026-02-26T21:23:43.426Z [ODDS]  Skerries Town FC: 1/80 → 1/100, Draw: 22/1 → 25/1
2026-02-26T21:24:18.733Z [EVENT]  score: 0-3
