2026-02-26T20:50:22.421Z [ODDS]  Chelsea (Aveaaaaa): 21/10 → 11/5
2026-02-26T20:50:25.128Z [ODDS]  Chelsea (Aveaaaaa): 11/5 → 1/1, Draw: 3/1 → 11/4, Man City (Asura): 5/6 → 15/8
2026-02-26T20:50:25.128Z [EVENT]  score: 3-3
2026-02-26T20:51:19.269Z [ODDS]  Chelsea (Aveaaaaa): 1/1 → 21/20
2026-02-26T20:51:29.619Z [ODDS]  Draw: 11/4 → 13/5
2026-02-26T20:51:39.991Z [ODDS]  Draw: 13/5 → 5/2
2026-02-26T20:51:50.368Z [ODDS]  Chelsea (Aveaaaaa): 21/20 → 11/10, Draw: 5/2 → 12/5
2026-02-26T20:52:00.292Z [ODDS]  Man City (Asura): 15/8 → 2/1
2026-02-26T20:52:11.567Z [ODDS]  Draw: 12/5 → 9/4
2026-02-26T20:52:21.940Z [ODDS]  Chelsea (Aveaaaaa): 11/10 → 6/5, Draw: 9/4 → 21/10
2026-02-26T20:52:37.733Z [ODDS]  Chelsea (Aveaaaaa): 6/5 → 5/4, Draw: 21/10 → 2/1
2026-02-26T20:52:43.144Z [ODDS]  Man City (Asura): 2/1 → 21/10
2026-02-26T20:52:44.047Z [ODDS]  Chelsea (Aveaaaaa): 5/4 → 4/11, Draw: 2/1 → 10/3, Man City (Asura): 21/10 → 6/1
2026-02-26T20:52:44.047Z [EVENT]  score: 3-4
2026-02-26T20:52:54.423Z [ODDS]  Man City (Asura): 6/1 → 13/2
2026-02-26T20:53:04.796Z [ODDS]  Chelsea (Aveaaaaa): 4/11 → 1/3
2026-02-26T20:53:15.170Z [ODDS]  Draw: 10/3 → 3/1, Man City (Asura): 13/2 → 7/1
2026-02-26T20:53:25.540Z [ODDS]  Man City (Asura): 7/1 → 15/2
2026-02-26T20:53:35.596Z [ODDS]  Chelsea (Aveaaaaa): 1/3 → 3/10, Man City (Asura): 15/2 → 8/1
2026-02-26T20:53:45.836Z [ODDS]  Man City (Asura): 8/1 → 17/2
2026-02-26T20:53:56.207Z [ODDS]  Chelsea (Aveaaaaa): 3/10 → 2/7, Man City (Asura): 17/2 → 9/1
2026-02-26T20:54:06.585Z [ODDS]  Chelsea (Aveaaaaa): 2/7 → 1/4, Man City (Asura): 9/1 → 11/1
2026-02-26T20:54:16.955Z [ODDS]  Man City (Asura): 11/1 → 12/1
2026-02-26T20:54:20.118Z [ODDS]  Chelsea (Aveaaaaa): 1/4 → 2/9
2026-02-26T20:54:21.914Z [ODDS]  Chelsea (Aveaaaaa): 2/9 → 11/5, Draw: 3/1 → 4/5, Man City (Asura): 12/1 → 10/3
2026-02-26T20:54:21.914Z [EVENT]  score: 4-4
2026-02-26T20:54:46.724Z [EVENT]  score: 5-4
