2026-02-26T22:38:12.810Z [ODDS]  Marcilio Dias: 1/1 → 20/21, Carlos Renaux: 13/5 → 11/4
2026-02-26T22:38:21.381Z [ODDS]  Marcilio Dias: 20/21 → 1/1
2026-02-26T22:39:10.091Z [ODDS]  Marcilio Dias: 1/1 → 20/21
2026-02-26T22:40:39.391Z [ODDS]  Carlos Renaux: 11/4 → 3/1
2026-02-26T22:40:43.000Z [ODDS]  Marcilio Dias: 20/21 → 10/11
2026-02-26T22:40:48.411Z [ODDS]  Marcilio Dias: 10/11 → 20/21
2026-02-26T22:41:08.709Z [ODDS]  Marcilio Dias: 20/21 → 1/1, Draw: 12/5 → 9/4, Carlos Renaux: 3/1 → 11/4
2026-02-26T22:41:20.435Z [ODDS]  Marcilio Dias: 1/1 → 20/21, Draw: 9/4 → 12/5, Carlos Renaux: 11/4 → 3/1
2026-02-26T22:41:42.985Z [ODDS]  Carlos Renaux: 3/1 → 11/4
2026-02-26T22:41:45.240Z [ODDS]  Carlos Renaux: 11/4 → 3/1
2026-02-26T22:41:45.691Z [ODDS]  Carlos Renaux: 3/1 → 11/4
2026-02-26T22:42:08.695Z [ODDS]  Carlos Renaux: 11/4 → 3/1
2026-02-26T22:42:20.871Z [ODDS]  Marcilio Dias: 20/21 → 10/11
2026-02-26T22:43:01.915Z [ODDS]  Marcilio Dias: 10/11 → 20/21
2026-02-26T22:43:20.855Z [ODDS]  Carlos Renaux: 3/1 → 11/4
2026-02-26T22:43:21.306Z [ODDS]  Carlos Renaux: 11/4 → 3/1
2026-02-26T22:43:36.188Z [ODDS]  Marcilio Dias: 20/21 → 10/11
2026-02-26T22:43:45.208Z [ODDS]  Marcilio Dias: 10/11 → 20/21, Carlos Renaux: 3/1 → 11/4
2026-02-26T22:43:55.131Z [ODDS]  Carlos Renaux: 11/4 → 3/1
2026-02-26T22:44:02.355Z [ODDS]  Carlos Renaux: 3/1 → 11/4
2026-02-26T22:44:20.837Z [ODDS]  Marcilio Dias: 20/21 → 10/11, Carlos Renaux: 11/4 → 3/1
2026-02-26T22:45:46.600Z [ODDS]  Marcilio Dias: 10/11 → 20/21
2026-02-26T22:45:58.706Z [ODDS]  Marcilio Dias: 20/21 → 10/11
2026-02-26T22:46:55.534Z [ODDS]  Marcilio Dias: 10/11 → 20/21
2026-02-26T22:48:04.534Z [ODDS]  Draw: 12/5 → 9/4, Carlos Renaux: 3/1 → 11/4
2026-02-26T22:48:42.417Z [ODDS]  Carlos Renaux: 11/4 → 3/1
2026-02-26T22:48:43.325Z [ODDS]  Carlos Renaux: 3/1 → 11/4
2026-02-26T22:48:52.790Z [ODDS]  Marcilio Dias: 20/21 → 1/1
2026-02-26T22:50:03.598Z [ODDS]  Marcilio Dias: 1/1 → 20/21, Carlos Renaux: 11/4 → 3/1
2026-02-26T22:50:59.523Z [ODDS]  Marcilio Dias: 20/21 → 1/1, Carlos Renaux: 3/1 → 11/4
2026-02-26T22:51:05.839Z [ODDS]  Marcilio Dias: 1/1 → 21/20, Carlos Renaux: 11/4 → 13/5
2026-02-26T22:51:26.584Z [ODDS]  Marcilio Dias: 21/20 → 1/1, Draw: 9/4 → 11/5, Carlos Renaux: 13/5 → 11/4
2026-02-26T22:52:40.546Z [ODDS]  Marcilio Dias: 1/1 → 21/20
2026-02-26T22:53:01.296Z [ODDS]  Marcilio Dias: 21/20 → 1/1
2026-02-26T22:53:19.784Z [ODDS]  Marcilio Dias: 1/1 → 21/20, Draw: 11/5 → 21/10
2026-02-26T22:53:28.353Z [ODDS]  Marcilio Dias: 21/20 → 11/10, Carlos Renaux: 11/4 → 13/5
2026-02-26T22:53:28.805Z [ODDS]  Draw: 21/10 → 11/5
2026-02-26T22:53:34.667Z [ODDS]  Draw: 11/5 → 21/10
2026-02-26T22:54:30.152Z [ODDS]  Carlos Renaux: 13/5 → 11/4
2026-02-26T22:55:09.830Z [ODDS]  Carlos Renaux: 11/4 → 13/5
2026-02-26T22:55:11.183Z [ODDS]  Carlos Renaux: 13/5 → 11/4
2026-02-26T22:55:16.595Z [ODDS]  Marcilio Dias: 11/10 → 21/20
2026-02-26T22:55:31.929Z [ODDS]  Marcilio Dias: 21/20 → 11/10
2026-02-26T22:55:40.951Z [ODDS]  Carlos Renaux: 11/4 → 13/5
2026-02-26T22:55:51.322Z [ODDS]  Carlos Renaux: 13/5 → 11/4
2026-02-26T22:56:09.814Z [ODDS]  Carlos Renaux: 11/4 → 13/5
2026-02-26T22:56:14.323Z [ODDS]  Carlos Renaux: 13/5 → 11/4
2026-02-26T22:56:18.833Z [ODDS]  Carlos Renaux: 11/4 → 13/5
2026-02-26T22:56:37.776Z [ODDS]  Marcilio Dias: 11/10 → 21/20, Carlos Renaux: 13/5 → 11/4
2026-02-26T22:56:50.426Z [ODDS]  Marcilio Dias: 21/20 → 11/10, Carlos Renaux: 11/4 → 13/5
2026-02-26T22:57:09.797Z [ODDS]  Marcilio Dias: 11/10 → 6/5, Draw: 21/10 → 2/1, Carlos Renaux: 13/5 → 5/2
2026-02-26T22:57:40.915Z [ODDS]  Carlos Renaux: 5/2 → 13/5
2026-02-26T22:59:09.318Z [ODDS]  Marcilio Dias: 6/5 → 11/10, Carlos Renaux: 13/5 → 11/4
2026-02-26T22:59:10.216Z [ODDS]  Marcilio Dias: 11/10 → 6/5, Carlos Renaux: 11/4 → 5/2
2026-02-26T22:59:16.078Z [ODDS]  Carlos Renaux: 5/2 → 13/5
2026-02-26T22:59:22.395Z [ODDS]  Marcilio Dias: 6/5 → 5/4, Carlos Renaux: 13/5 → 5/2
2026-02-26T22:59:27.353Z [ODDS]  Marcilio Dias: 5/4 → 6/5, Carlos Renaux: 5/2 → 13/5
2026-02-26T22:59:28.706Z [ODDS]  Carlos Renaux: 13/5 → 5/2
2026-02-26T23:00:01.633Z [ODDS]  Carlos Renaux: 5/2 → 13/5
2026-02-26T23:00:20.120Z [ODDS]  Marcilio Dias: 6/5 → 11/10, Carlos Renaux: 13/5 → 11/4
2026-02-26T23:00:44.027Z [ODDS]  Marcilio Dias: 11/10 → 6/5, Carlos Renaux: 11/4 → 13/5
2026-02-26T23:00:52.592Z [ODDS]  Draw: 2/1 → 15/8
2026-02-26T23:01:10.183Z [ODDS]  Draw: 15/8 → 2/1
2026-02-26T23:01:32.732Z [ODDS]  Marcilio Dias: 6/5 → 5/4, Draw: 2/1 → 15/8
2026-02-26T23:01:38.596Z [ODDS]  Marcilio Dias: 5/4 → 6/5, Carlos Renaux: 13/5 → 11/4
2026-02-26T23:01:39.046Z [ODDS]  Draw: 15/8 → 2/1, Carlos Renaux: 11/4 → 13/5
2026-02-26T23:02:00.694Z [ODDS]  Marcilio Dias: 6/5 → 11/10, Carlos Renaux: 13/5 → 11/4
2026-02-26T23:02:32.264Z [ODDS]  Marcilio Dias: 11/10 → 6/5, Draw: 2/1 → 15/8, Carlos Renaux: 11/4 → 13/5
2026-02-26T23:02:43.090Z [ODDS]  Carlos Renaux: 13/5 → 11/4
2026-02-26T23:02:49.852Z [ODDS]  Marcilio Dias: 6/5 → 5/4
2026-02-26T23:04:08.334Z [ODDS]  Draw: 15/8 → 7/4
2026-02-26T23:04:16.895Z [ODDS]  Draw: 7/4 → 15/8, Carlos Renaux: 11/4 → 13/5
2026-02-26T23:04:29.072Z [ODDS]  Draw: 15/8 → 7/4, Carlos Renaux: 13/5 → 11/4
2026-02-26T23:04:47.116Z [ODDS]  Draw: 7/4 → 15/8
2026-02-26T23:05:06.054Z [ODDS]  Draw: 15/8 → 7/4
2026-02-26T23:05:50.704Z [ODDS]  Marcilio Dias: 5/4 → 6/5, Draw: 7/4 → 15/8
2026-02-26T23:05:52.959Z [ODDS]  Marcilio Dias: 6/5 → 5/4, Draw: 15/8 → 7/4, Carlos Renaux: 11/4 → 13/5
2026-02-26T23:06:09.207Z [ODDS]  Marcilio Dias: 5/4 → 13/10
2026-02-26T23:06:09.653Z [ODDS]  Marcilio Dias: 13/10 → 5/4, Carlos Renaux: 13/5 → 11/4
2026-02-26T23:06:46.179Z [ODDS]  Marcilio Dias: 5/4 → 4/1, Draw: 7/4 → 12/5, Carlos Renaux: 11/4 → 8/11
2026-02-26T23:06:46.179Z [EVENT]  score: 1-0
2026-02-26T23:07:01.063Z [ODDS]  Marcilio Dias: 4/1 → 10/3, Carlos Renaux: 8/11 → 5/6
2026-02-26T23:07:22.712Z [ODDS]  Marcilio Dias: 10/3 → 7/2, Carlos Renaux: 5/6 → 4/5
2026-02-26T23:07:38.948Z [ODDS]  Marcilio Dias: 7/2 → 10/3, Carlos Renaux: 4/5 → 5/6
2026-02-26T23:07:40.751Z [ODDS]  Marcilio Dias: 10/3 → 7/2, Carlos Renaux: 5/6 → 4/5
2026-02-26T23:08:06.458Z [ODDS]  Marcilio Dias: 7/2 → 15/4
2026-02-26T23:08:49.652Z [ODDS]  Marcilio Dias: 15/4 → 7/2
2026-02-26T23:08:56.416Z [ODDS]  Marcilio Dias: 7/2 → 15/4
2026-02-26T23:10:00.910Z [ODDS]  Carlos Renaux: 4/5 → 8/11
2026-02-26T23:10:24.361Z [ODDS]  Carlos Renaux: 8/11 → 4/5
2026-02-26T23:10:38.342Z [ODDS]  Marcilio Dias: 15/4 → 4/1, Carlos Renaux: 4/5 → 8/11
2026-02-26T23:14:59.480Z [ODDS]  Marcilio Dias: 4/1 → 9/2, Carlos Renaux: 8/11 → 4/6
2026-02-26T23:15:07.147Z [ODDS]  Marcilio Dias: 9/2 → 4/1, Carlos Renaux: 4/6 → 8/11
2026-02-26T23:16:32.383Z [ODDS]  Draw: 12/5 → 9/4
2026-02-26T23:16:42.306Z [ODDS]  Draw: 9/4 → 12/5
2026-02-26T23:17:01.699Z [ODDS]  Marcilio Dias: 4/1 → 9/2
2026-02-26T23:17:05.307Z [ODDS]  Marcilio Dias: 9/2 → 4/1
2026-02-26T23:17:17.056Z [ODDS]  Marcilio Dias: 4/1 → 9/2
2026-02-26T23:17:40.939Z [ODDS]  Marcilio Dias: 9/2 → 4/1, Draw: 12/5 → 9/4
2026-02-26T23:17:54.468Z [ODDS]  Marcilio Dias: 4/1 → 9/2, Draw: 9/4 → 12/5
2026-02-26T23:18:11.158Z [ODDS]  Marcilio Dias: 9/2 → 14/1, Draw: 12/5 → 11/2, Carlos Renaux: 8/11 → 1/6
2026-02-26T23:18:11.158Z [EVENT]  score: 2-0
2026-02-26T23:18:25.586Z [ODDS]  Marcilio Dias: 14/1 → 18/1, Draw: 11/2 → 7/1, Carlos Renaux: 1/6 → 1/8
2026-02-26T23:20:12.924Z [ODDS]  Carlos Renaux: 1/8 → 1/9
2026-02-26T23:20:32.769Z [ODDS]  Draw: 7/1 → 13/2, Carlos Renaux: 1/9 → 1/8
2026-02-26T23:20:33.220Z [ODDS]  Draw: 13/2 → 7/1
2026-02-26T23:20:38.635Z [ODDS]  Draw: 7/1 → 13/2
2026-02-26T23:24:46.240Z [ODDS]  Marcilio Dias: 18/1 → 16/1, Carlos Renaux: 1/8 → 1/7
2026-02-26T23:35:49.665Z [ODDS]  Carlos Renaux: 1/7 → 1/8
2026-02-26T23:35:56.434Z [ODDS]  Marcilio Dias: 16/1 → 18/1
2026-02-26T23:36:20.810Z [ODDS]  Marcilio Dias: 18/1 → 16/1, Carlos Renaux: 1/8 → 1/7
2026-02-26T23:36:37.025Z [ODDS]  Marcilio Dias: 16/1 → 18/1, Carlos Renaux: 1/7 → 1/8
2026-02-26T23:38:49.985Z [ODDS]  Draw: 13/2 → 7/1
2026-02-26T23:39:22.456Z [ODDS]  Draw: 7/1 → 13/2
2026-02-26T23:39:29.672Z [ODDS]  Draw: 13/2 → 7/1
2026-02-26T23:39:59.439Z [ODDS]  Marcilio Dias: 18/1 → 20/1
2026-02-26T23:40:14.778Z [ODDS]  Carlos Renaux: 1/8 → 1/9
2026-02-26T23:40:44.088Z [ODDS]  Marcilio Dias: 20/1 → 18/1, Carlos Renaux: 1/9 → 1/8
2026-02-26T23:41:04.832Z [ODDS]  Draw: 7/1 → 13/2
2026-02-26T23:41:57.599Z [ODDS]  Marcilio Dias: 18/1 → 20/1, Draw: 13/2 → 7/1, Carlos Renaux: 1/8 → 1/9
2026-02-26T23:42:00.759Z [ODDS]  Draw: 7/1 → 15/2, Carlos Renaux: 1/9 → 1/10
2026-02-26T23:42:51.268Z [ODDS]  Draw: 15/2 → 7/1, Carlos Renaux: 1/10 → 1/9
2026-02-26T23:42:53.975Z [ODDS]  Draw: 7/1 → 15/2, Carlos Renaux: 1/9 → 1/10
2026-02-26T23:43:39.075Z [ODDS]  Marcilio Dias: 20/1 → 22/1
2026-02-26T23:44:03.881Z [ODDS]  Marcilio Dias: 22/1 → 20/1
2026-02-26T23:44:58.902Z [ODDS]  Marcilio Dias: 20/1 → 22/1
2026-02-26T23:45:19.646Z [ODDS]  Marcilio Dias: 22/1 → 20/1
2026-02-26T23:45:20.548Z [ODDS]  Marcilio Dias: 20/1 → 22/1
2026-02-26T23:46:30.004Z [ODDS]  Carlos Renaux: 1/10 → 1/11
2026-02-26T23:46:40.826Z [ODDS]  Marcilio Dias: 22/1 → 20/1, Carlos Renaux: 1/11 → 1/10
2026-02-26T23:46:47.591Z [ODDS]  Marcilio Dias: 20/1 → 22/1
2026-02-26T23:46:59.321Z [ODDS]  Carlos Renaux: 1/10 → 1/11
2026-02-26T23:47:11.945Z [ODDS]  Draw: 15/2 → 8/1
2026-02-26T23:48:01.555Z [ODDS]  Marcilio Dias: 22/1 → 25/1, Carlos Renaux: 1/11 → 1/12
2026-02-26T23:49:27.252Z [ODDS]  Marcilio Dias: 25/1 → 22/1, Carlos Renaux: 1/12 → 1/11
2026-02-26T23:49:34.017Z [ODDS]  Marcilio Dias: 22/1 → 25/1, Carlos Renaux: 1/11 → 1/12
2026-02-26T23:50:00.626Z [ODDS]  Draw: 8/1 → 17/2
2026-02-26T23:50:17.313Z [ODDS]  Carlos Renaux: 1/12 → 1/14
2026-02-26T23:50:24.078Z [ODDS]  Carlos Renaux: 1/14 → 1/12
2026-02-26T23:50:32.650Z [ODDS]  Marcilio Dias: 25/1 → 28/1, Carlos Renaux: 1/12 → 1/14
2026-02-26T23:50:47.079Z [ODDS]  Draw: 17/2 → 9/1
2026-02-26T23:50:58.805Z [ODDS]  Draw: 9/1 → 17/2
2026-02-26T23:51:31.728Z [ODDS]  Draw: 17/2 → 9/1
2026-02-26T23:51:42.102Z [ODDS]  Marcilio Dias: 28/1 → 25/1, Draw: 9/1 → 17/2, Carlos Renaux: 1/14 → 1/12
2026-02-26T23:51:58.338Z [ODDS]  Carlos Renaux: 1/12 → 1/14
2026-02-26T23:52:00.593Z [ODDS]  Marcilio Dias: 25/1 → 28/1
2026-02-26T23:52:03.300Z [ODDS]  Marcilio Dias: 28/1 → 25/1, Draw: 17/2 → 8/1, Carlos Renaux: 1/14 → 1/12
2026-02-26T23:52:14.139Z [ODDS]  Marcilio Dias: 25/1 → 28/1, Draw: 8/1 → 9/1, Carlos Renaux: 1/12 → 1/14
2026-02-26T23:52:52.473Z [ODDS]  Carlos Renaux: 1/14 → 1/16
2026-02-26T23:53:03.746Z [ODDS]  Carlos Renaux: 1/16 → 1/14
2026-02-26T23:53:38.023Z [ODDS]  Carlos Renaux: 1/14 → 1/16
2026-02-26T23:53:50.202Z [ODDS]  Marcilio Dias: 28/1 → 33/1
2026-02-26T23:54:03.279Z [ODDS]  Marcilio Dias: 33/1 → 28/1, Carlos Renaux: 1/16 → 1/14
2026-02-26T23:54:16.809Z [ODDS]  Carlos Renaux: 1/14 → 1/16
2026-02-26T23:54:17.259Z [ODDS]  Marcilio Dias: 28/1 → 33/1, Draw: 9/1 → 10/1
2026-02-26T23:54:22.221Z [ODDS]  Marcilio Dias: 33/1 → 28/1, Draw: 10/1 → 17/2, Carlos Renaux: 1/16 → 1/14
2026-02-26T23:54:33.947Z [ODDS]  Draw: 17/2 → 9/1
2026-02-26T23:54:40.261Z [ODDS]  Marcilio Dias: 28/1 → 33/1, Draw: 9/1 → 10/1, Carlos Renaux: 1/14 → 1/16
2026-02-26T23:55:04.614Z [ODDS]  Carlos Renaux: 1/16 → 1/18
2026-02-26T23:57:16.855Z [ODDS]  Marcilio Dias: 33/1 → 40/1, Draw: 10/1 → 11/1, Carlos Renaux: 1/18 → 1/20
2026-02-26T23:57:18.208Z [ODDS]  Marcilio Dias: 40/1 → 33/1, Draw: 11/1 → 10/1, Carlos Renaux: 1/20 → 1/18
2026-02-26T23:57:24.974Z [ODDS]  Marcilio Dias: 33/1 → 40/1, Draw: 10/1 → 11/1, Carlos Renaux: 1/18 → 1/20
2026-02-26T23:57:51.582Z [ODDS]  Marcilio Dias: 40/1 → 33/1, Draw: 11/1 → 10/1, Carlos Renaux: 1/20 → 1/16
2026-02-26T23:58:04.212Z [ODDS]  Carlos Renaux: 1/16 → 1/18
2026-02-26T23:58:05.112Z [ODDS]  Marcilio Dias: 33/1 → 40/1
2026-02-26T23:58:18.192Z [ODDS]  Carlos Renaux: 1/18 → 1/20
2026-02-26T23:58:33.527Z [ODDS]  Draw: 10/1 → 11/1
2026-02-26T23:59:01.494Z [ODDS]  Carlos Renaux: 1/20 → 1/22
2026-02-26T23:59:31.253Z [ODDS]  Draw: 11/1 → 12/1
2026-02-26T23:59:37.568Z [ODDS]  Carlos Renaux: 1/22 → 1/25
2026-02-26T23:59:41.175Z [ODDS]  Carlos Renaux: 1/25 → 1/22
2026-02-26T23:59:47.038Z [ODDS]  Carlos Renaux: 1/22 → 1/25
2026-02-27T00:00:08.689Z [ODDS]  Carlos Renaux: 1/25 → 1/22
2026-02-27T00:00:10.039Z [ODDS]  Carlos Renaux: 1/22 → 1/25
2026-02-27T00:00:13.649Z [ODDS]  Carlos Renaux: 1/25 → 1/22
2026-02-27T00:00:24.923Z [ODDS]  Carlos Renaux: 1/22 → 1/25
2026-02-27T00:01:55.125Z [ODDS]  Carlos Renaux: 1/25 → 1/22
2026-02-27T00:02:05.497Z [ODDS]  Carlos Renaux: 1/22 → 1/25
2026-02-27T00:02:33.458Z [ODDS]  Marcilio Dias: 40/1 → 50/1, Draw: 12/1 → 14/1, Carlos Renaux: 1/25 → 1/28
2026-02-27T00:02:33.909Z [ODDS]  Marcilio Dias: 50/1 → 40/1
2026-02-27T00:02:34.361Z [ODDS]  Draw: 14/1 → 12/1, Carlos Renaux: 1/28 → 1/25
2026-02-27T00:02:37.969Z [ODDS]  Draw: 12/1 → 14/1, Carlos Renaux: 1/25 → 1/28
2026-02-27T00:03:42.013Z [ODDS]  Marcilio Dias: 40/1 → 16/1, Draw: 14/1 → 13/5, Carlos Renaux: 1/28 → 4/11
2026-02-27T00:03:42.013Z [EVENT]  score: 2-1
2026-02-27T00:03:56.896Z [ODDS]  Marcilio Dias: 16/1 → 14/1, Draw: 13/5 → 12/5, Carlos Renaux: 4/11 → 2/5
2026-02-27T00:04:05.026Z [ODDS]  Marcilio Dias: 14/1 → 16/1
2026-02-27T00:04:52.369Z [ODDS]  Marcilio Dias: 16/1 → 18/1
2026-02-27T00:04:58.232Z [ODDS]  Marcilio Dias: 18/1 → 16/1, Carlos Renaux: 2/5 → 4/11
2026-02-27T00:05:10.860Z [ODDS]  Draw: 12/5 → 5/2
2026-02-27T00:05:11.312Z [ODDS]  Marcilio Dias: 16/1 → 18/1
2026-02-27T00:05:33.864Z [ODDS]  Draw: 5/2 → 11/4, Carlos Renaux: 4/11 → 1/3
2026-02-27T00:05:43.361Z [ODDS]  Draw: 11/4 → 13/5, Carlos Renaux: 1/3 → 4/11
2026-02-27T00:05:59.571Z [ODDS]  Carlos Renaux: 4/11 → 1/3
2026-02-27T00:06:18.963Z [ODDS]  Marcilio Dias: 18/1 → 20/1
2026-02-27T00:06:25.728Z [ODDS]  Draw: 13/5 → 5/2, Carlos Renaux: 1/3 → 4/11
2026-02-27T00:06:30.771Z [ODDS]  Carlos Renaux: 4/11 → 1/3
2026-02-27T00:06:48.729Z [ODDS]  Draw: 5/2 → 13/5
2026-02-27T00:07:02.259Z [ODDS]  Draw: 13/5 → 5/2, Carlos Renaux: 1/3 → 4/11
2026-02-27T00:07:17.593Z [ODDS]  Draw: 5/2 → 13/5, Carlos Renaux: 4/11 → 1/3
2026-02-27T00:07:54.576Z [ODDS]  Marcilio Dias: 20/1 → 22/1
2026-02-27T00:08:15.773Z [ODDS]  Draw: 13/5 → 11/4
