2026-02-26T21:08:25.625Z [ODDS]  Real Madrid (FAITH): 23/10 → 12/5
2026-02-26T21:09:00.789Z [ODDS]  Man City (CASTLE): 5/6 → 10/11, Draw: 13/5 → 5/2
2026-02-26T21:09:25.596Z [ODDS]  Draw: 5/2 → 12/5
2026-02-26T21:09:45.890Z [ODDS]  Man City (CASTLE): 10/11 → 3/10, Draw: 12/5 → 15/4, Real Madrid (FAITH): 12/5 → 6/1
2026-02-26T21:09:45.890Z [EVENT]  score: 0-1
2026-02-26T21:10:18.376Z [ODDS]  Real Madrid (FAITH): 6/1 → 13/2
2026-02-26T21:10:48.584Z [ODDS]  Man City (CASTLE): 3/10 → 1/16, Draw: 15/4 → 9/1, Real Madrid (FAITH): 13/2 → 12/1
2026-02-26T21:10:48.584Z [EVENT]  score: 0-2
2026-02-26T21:11:36.392Z [ODDS]  Real Madrid (FAITH): 12/1 → 14/1
2026-02-26T21:11:50.369Z [ODDS]  Man City (CASTLE): 1/16 → 1/18
2026-02-26T21:12:09.760Z [ODDS]  Man City (CASTLE): 1/18 → 1/20, Draw: 9/1 → 10/1
2026-02-26T21:12:42.688Z [ODDS]  Real Madrid (FAITH): 14/1 → 16/1
2026-02-26T21:12:55.833Z [ODDS]  Man City (CASTLE): 1/20 → 1/22
2026-02-26T21:13:34.109Z [ODDS]  Man City (CASTLE): 1/22 → 1/25, Draw: 10/1 → 12/1
2026-02-26T21:13:47.632Z [ODDS]  Man City (CASTLE): 1/25 → 2/9, Draw: 12/1 → 15/4, Real Madrid (FAITH): 16/1 → 9/1
2026-02-26T21:13:47.632Z [EVENT]  score: 1-2
2026-02-26T21:14:08.402Z [ODDS]  Real Madrid (FAITH): 9/1 → 10/1
2026-02-26T21:14:34.097Z [ODDS]  Man City (CASTLE): 2/9 → 1/5, Real Madrid (FAITH): 10/1 → 11/1
2026-02-26T21:14:52.608Z [ODDS]  Real Madrid (FAITH): 11/1 → 12/1
2026-02-26T21:15:02.507Z [ODDS]  Man City (CASTLE): 1/5 → 2/11
2026-02-26T21:15:15.576Z [ODDS]  Real Madrid (FAITH): 12/1 → 14/1
2026-02-26T21:15:23.647Z [ODDS]  Man City (CASTLE): 2/11 → 1/6, Draw: 15/4 → 4/1
2026-02-26T21:15:34.978Z [ODDS]  Real Madrid (FAITH): 14/1 → 16/1
2026-02-26T21:15:48.554Z [ODDS]  Real Madrid (FAITH): 16/1 → 18/1
2026-02-26T21:15:58.883Z [ODDS]  Man City (CASTLE): 1/6 → 1/7, Draw: 4/1 → 9/2, Real Madrid (FAITH): 18/1 → 20/1
2026-02-26T21:16:11.505Z [ODDS]  Real Madrid (FAITH): 20/1 → 22/1
2026-02-26T21:16:14.657Z [ODDS]  Man City (CASTLE): 1/7 → 11/4, Draw: 9/2 → 1/2, Real Madrid (FAITH): 22/1 → 9/2
2026-02-26T21:16:14.658Z [EVENT]  score: 2-2
2026-02-26T21:16:35.856Z [ODDS]  Man City (CASTLE): 11/4 → 3/1, Draw: 1/2 → 4/9, Real Madrid (FAITH): 9/2 → 5/1
2026-02-26T21:16:45.776Z [ODDS]  Man City (CASTLE): 3/1 → 10/3, Draw: 4/9 → 2/5, Real Madrid (FAITH): 5/1 → 11/2
