2026-02-26T19:47:14.029Z [ODDS]  CE Campos: 4/7 → 8/13
2026-02-26T19:48:25.679Z [ODDS]  Draw: 3/1 → 11/4
2026-02-26T19:49:17.545Z [ODDS]  CE Esporles: 15/4 → 4/1, Draw: 11/4 → 3/1, CE Campos: 8/13 → 4/7
2026-02-26T19:50:19.786Z [ODDS]  CE Campos: 4/7 → 8/15
2026-02-26T19:50:40.980Z [ODDS]  CE Esporles: 4/1 → 9/2
2026-02-26T19:51:23.410Z [ODDS]  CE Campos: 8/15 → 1/2
2026-02-26T19:52:15.300Z [ODDS]  CE Campos: 1/2 → 8/15
2026-02-26T19:57:22.416Z [ODDS]  CE Esporles: 9/2 → 5/1, CE Campos: 8/15 → 1/2
2026-02-26T19:59:20.586Z [ODDS]  CE Campos: 1/2 → 4/9
2026-02-26T19:59:57.565Z [ODDS]  CE Campos: 4/9 → 1/2
2026-02-26T19:59:59.837Z [ODDS]  CE Campos: 1/2 → 4/9
2026-02-26T20:00:20.566Z [ODDS]  CE Esporles: 5/1 → 11/2
2026-02-26T20:01:21.450Z [ODDS]  CE Esporles: 11/2 → 5/1, CE Campos: 4/9 → 1/2
2026-02-26T20:01:22.803Z [ODDS]  CE Esporles: 5/1 → 11/2, CE Campos: 1/2 → 4/9
2026-02-26T20:05:44.389Z [ODDS]  CE Esporles: 11/2 → 6/1
2026-02-26T20:06:20.927Z [ODDS]  CE Esporles: 6/1 → 11/2
2026-02-26T20:06:22.731Z [ODDS]  CE Esporles: 11/2 → 6/1
2026-02-26T20:08:35.925Z [ODDS]  CE Campos: 4/9 → 2/5
2026-02-26T20:11:13.776Z [ODDS]  CE Esporles: 6/1 → 13/2
2026-02-26T20:16:53.405Z [ODDS]  CE Esporles: 13/2 → 16/1, Draw: 3/1 → 17/2, CE Campos: 2/5 → 1/14
2026-02-26T20:16:53.405Z [EVENT]  score: 2-0
2026-02-26T20:18:19.985Z [ODDS]  Draw: 17/2 → 8/1
2026-02-26T20:18:50.656Z [ODDS]  CE Esporles: 16/1 → 18/1, Draw: 8/1 → 17/2
2026-02-26T20:18:56.968Z [ODDS]  Draw: 17/2 → 9/1, CE Campos: 1/14 → 1/16
2026-02-26T20:19:44.326Z [ODDS]  CE Esporles: 18/1 → 16/1, Draw: 9/1 → 8/1, CE Campos: 1/16 → 1/14
2026-02-26T20:37:17.858Z [ODDS]  Draw: 8/1 → 17/2
2026-02-26T20:37:47.177Z [ODDS]  Draw: 17/2 → 8/1
2026-02-26T20:38:31.083Z [ODDS]  CE Esporles: 16/1 → 18/1, Draw: 8/1 → 17/2
2026-02-26T20:39:03.102Z [ODDS]  Draw: 17/2 → 9/1, CE Campos: 1/14 → 1/16
2026-02-26T20:42:18.829Z [ODDS]  CE Esporles: 18/1 → 20/1
2026-02-26T20:42:32.355Z [ODDS]  CE Esporles: 20/1 → 7/1, Draw: 9/1 → 3/1, CE Campos: 1/16 → 2/5
2026-02-26T20:42:32.355Z [EVENT]  score: 2-1
2026-02-26T20:43:36.398Z [ODDS]  CE Campos: 2/5 → 4/11
2026-02-26T20:44:12.477Z [ODDS]  CE Esporles: 7/1 → 15/2
2026-02-26T20:45:25.097Z [ODDS]  CE Campos: 4/11 → 1/3
2026-02-26T20:45:26.445Z [ODDS]  CE Campos: 1/3 → 4/11
2026-02-26T20:46:07.935Z [ODDS]  CE Campos: 4/11 → 1/3
2026-02-26T20:46:25.528Z [ODDS]  CE Esporles: 15/2 → 8/1
2026-02-26T20:49:40.006Z [ODDS]  CE Esporles: 8/1 → 17/2
2026-02-26T20:50:58.500Z [ODDS]  CE Campos: 1/3 → 3/10
2026-02-26T20:51:23.758Z [ODDS]  Draw: 3/1 → 10/3
2026-02-26T20:52:06.606Z [ODDS]  CE Esporles: 17/2 → 9/1
2026-02-26T20:52:51.714Z [ODDS]  CE Esporles: 9/1 → 17/2, Draw: 10/3 → 3/1, CE Campos: 3/10 → 1/3
2026-02-26T20:52:52.616Z [ODDS]  CE Esporles: 17/2 → 9/1, Draw: 3/1 → 10/3, CE Campos: 1/3 → 3/10
2026-02-26T20:54:29.589Z [ODDS]  CE Campos: 3/10 → 2/7
2026-02-26T20:55:21.002Z [ODDS]  CE Esporles: 9/1 → 10/1
2026-02-26T21:00:16.424Z [ODDS]  CE Esporles: 10/1 → 11/1
2026-02-26T21:00:52.499Z [ODDS]  CE Campos: 2/7 → 1/4
2026-02-26T21:01:51.583Z [ODDS]  CE Esporles: 11/1 → 12/1
2026-02-26T21:02:15.052Z [ODDS]  CE Esporles: 12/1 → 11/1, Draw: 10/3 → 3/1, CE Campos: 1/4 → 2/7
2026-02-26T21:02:27.212Z [ODDS]  CE Esporles: 11/1 → 12/1, Draw: 3/1 → 10/3, CE Campos: 2/7 → 1/4
2026-02-26T21:03:35.327Z [ODDS]  CE Esporles: 12/1 → 14/1
2026-02-26T21:03:35.794Z [ODDS]  CE Esporles: 14/1 → 12/1
2026-02-26T21:03:38.018Z [ODDS]  CE Esporles: 12/1 → 14/1
2026-02-26T21:04:13.203Z [ODDS]  CE Esporles: 14/1 → 13/5, Draw: 10/3 → 8/11, CE Campos: 1/4 → 10/3
2026-02-26T21:04:13.203Z [EVENT]  score: 2-2
2026-02-26T21:04:21.768Z [ODDS]  CE Campos: 10/3 → 7/2
2026-02-26T21:04:43.607Z [ODDS]  Draw: 8/11 → 4/6
2026-02-26T21:05:02.373Z [ODDS]  CE Esporles: 13/5 → 11/4
2026-02-26T21:06:19.476Z [ODDS]  Draw: 4/6 → 8/13
2026-02-26T21:06:40.223Z [ODDS]  CE Campos: 7/2 → 15/4
2026-02-26T21:07:16.306Z [ODDS]  CE Esporles: 11/4 → 3/1
2026-02-26T21:07:50.652Z [ODDS]  CE Esporles: 3/1 → 16/1, Draw: 8/13 → 7/2, CE Campos: 15/4 → 2/9
2026-02-26T21:07:50.652Z [EVENT]  score: 3-2
2026-02-26T21:08:12.531Z [ODDS]  CE Campos: 2/9 → 1/5
2026-02-26T21:08:40.043Z [ODDS]  CE Esporles: 16/1 → 18/1
2026-02-26T21:09:07.105Z [ODDS]  CE Esporles: 18/1 → 16/1, Draw: 7/2 → 10/3, CE Campos: 1/5 → 2/9
2026-02-26T21:09:08.007Z [ODDS]  CE Esporles: 16/1 → 18/1, Draw: 10/3 → 7/2, CE Campos: 2/9 → 1/5
2026-02-26T21:09:49.048Z [ODDS]  Draw: 7/2 → 15/4, CE Campos: 1/5 → 2/11
2026-02-26T21:09:54.909Z [ODDS]  CE Esporles: 18/1 → 20/1
2026-02-26T21:11:15.189Z [ODDS]  CE Campos: 2/11 → 1/6
2026-02-26T21:11:35.947Z [ODDS]  CE Esporles: 20/1 → 22/1
2026-02-26T21:11:41.350Z [ODDS]  Draw: 15/4 → 4/1
2026-02-26T21:11:43.150Z [ODDS]  Draw: 4/1 → 15/4
2026-02-26T21:12:04.364Z [ODDS]  Draw: 15/4 → 4/1
2026-02-26T21:13:01.181Z [ODDS]  CE Esporles: 22/1 → 25/1
2026-02-26T21:13:45.823Z [ODDS]  Draw: 4/1 → 9/2, CE Campos: 1/6 → 1/7
2026-02-26T21:14:56.693Z [ODDS]  CE Esporles: 25/1 → 28/1
2026-02-26T21:15:38.232Z [ODDS]  Draw: 9/2 → 5/1, CE Campos: 1/7 → 1/8
2026-02-26T21:16:40.396Z [ODDS]  Draw: 5/1 → 9/2, CE Campos: 1/8 → 1/7
2026-02-26T21:16:41.720Z [ODDS]  Draw: 9/2 → 5/1, CE Campos: 1/7 → 1/8
2026-02-26T21:16:57.502Z [ODDS]  CE Esporles: 28/1 → 33/1, Draw: 5/1 → 11/2, CE Campos: 1/8 → 1/9
2026-02-26T21:17:56.132Z [ODDS]  Draw: 11/2 → 6/1, CE Campos: 1/9 → 1/10
2026-02-26T21:18:43.490Z [ODDS]  CE Esporles: 33/1 → 40/1
2026-02-26T21:19:06.941Z [ODDS]  Draw: 6/1 → 7/1, CE Campos: 1/10 → 1/12
2026-02-26T21:19:38.518Z [ODDS]  CE Esporles: 40/1 → 33/1, Draw: 7/1 → 6/1, CE Campos: 1/12 → 1/10
2026-02-26T21:19:40.770Z [ODDS]  CE Esporles: 33/1 → 40/1, Draw: 6/1 → 7/1, CE Campos: 1/10 → 1/12
2026-02-26T21:20:11.888Z [ODDS]  Draw: 7/1 → 8/1, CE Campos: 1/12 → 1/14
2026-02-26T21:20:36.248Z [ODDS]  CE Esporles: 40/1 → 50/1
2026-02-26T21:21:01.510Z [ODDS]  Draw: 8/1 → 9/1, CE Campos: 1/14 → 1/16
2026-02-26T21:21:55.619Z [ODDS]  Draw: 9/1 → 10/1, CE Campos: 1/16 → 1/20
2026-02-26T21:22:28.550Z [ODDS]  Draw: 10/1 → 12/1, CE Campos: 1/20 → 1/25
2026-02-26T21:22:33.052Z [ODDS]  CE Esporles: 50/1 → 66/1
2026-02-26T21:22:52.896Z [ODDS]  CE Esporles: 66/1 → 50/1, Draw: 12/1 → 10/1, CE Campos: 1/25 → 1/20
2026-02-26T21:23:04.626Z [ODDS]  CE Esporles: 50/1 → 66/1, Draw: 10/1 → 12/1, CE Campos: 1/20 → 1/25
2026-02-26T21:23:13.642Z [ODDS]  CE Campos: 1/25 → 1/28
2026-02-26T21:23:27.189Z [ODDS]  Draw: 12/1 → 14/1, CE Campos: 1/28 → 1/33
2026-02-26T21:23:47.484Z [ODDS]  CE Esporles: 66/1 → 80/1
2026-02-26T21:23:58.314Z [ODDS]  Draw: 14/1 → 16/1, CE Campos: 1/33 → 1/40
