2026-02-26T21:38:29.519Z [ODDS]  Draw: 5/2 → 13/5, PSG (REALIST): 9/5 → 15/8
2026-02-26T21:38:30.872Z [ODDS]  Draw: 13/5 → 5/2
2026-02-26T21:38:57.483Z [ODDS]  Draw: 5/2 → 12/5
2026-02-26T21:39:26.798Z [ODDS]  Man City (CASTLE): 11/10 → 6/5, Draw: 12/5 → 9/4
2026-02-26T21:39:35.820Z [ODDS]  Man City (CASTLE): 6/5 → 4/9, Draw: 9/4 → 10/3, PSG (REALIST): 15/8 → 9/2
2026-02-26T21:39:35.821Z [EVENT]  score: 0-1
2026-02-26T21:40:03.797Z [ODDS]  Man City (CASTLE): 4/9 → 2/5, PSG (REALIST): 9/2 → 5/1
2026-02-26T21:40:49.330Z [ODDS]  PSG (REALIST): 5/1 → 11/2
2026-02-26T21:40:55.205Z [ODDS]  Draw: 10/3 → 3/1
2026-02-26T21:41:29.026Z [ODDS]  PSG (REALIST): 11/2 → 6/1
2026-02-26T21:41:43.004Z [ODDS]  Man City (CASTLE): 2/5 → 1/12, Draw: 3/1 → 7/1, PSG (REALIST): 6/1 → 12/1
2026-02-26T21:41:43.004Z [EVENT]  score: 0-2
2026-02-26T21:42:06.002Z [ODDS]  Man City (CASTLE): 1/12 → 1/14, Draw: 7/1 → 8/1
2026-02-26T21:42:18.325Z [ODDS]  PSG (REALIST): 12/1 → 14/1
2026-02-26T21:42:37.573Z [ODDS]  Man City (CASTLE): 1/14 → 1/16, Draw: 8/1 → 9/1
2026-02-26T21:43:22.687Z [ODDS]  Man City (CASTLE): 1/16 → 1/18, PSG (REALIST): 14/1 → 16/1
2026-02-26T21:43:35.353Z [ODDS]  Man City (CASTLE): 1/18 → 1/20, Draw: 9/1 → 10/1
2026-02-26T21:44:00.110Z [ODDS]  Man City (CASTLE): 1/20 → 1/22
2026-02-26T21:44:04.172Z [ODDS]  PSG (REALIST): 16/1 → 18/1
2026-02-26T21:44:10.929Z [ODDS]  Man City (CASTLE): 1/22 → 1/25, Draw: 10/1 → 12/1
2026-02-26T21:44:13.188Z [ODDS]  Man City (CASTLE): 1/25 → 1/150, Draw: 12/1 → 28/1, PSG (REALIST): 18/1 → 28/1
2026-02-26T21:44:13.189Z [EVENT]  score: 0-3
2026-02-26T21:44:24.490Z [ODDS]  Man City (CASTLE): 1/150 → 1/200, Draw: 28/1 → 33/1, PSG (REALIST): 28/1 → 33/1
2026-02-26T21:44:41.605Z [ODDS]  Man City (CASTLE): 1/200 → 1/250, Draw: 33/1 → 40/1, PSG (REALIST): 33/1 → 40/1
2026-02-26T21:45:10.011Z [ODDS]  Man City (CASTLE): 1/250 → 1/500, Draw: 40/1 → 50/1, PSG (REALIST): 40/1 → 50/1
