2026-02-27T02:38:35.643Z [ODDS]  Man Utd (Vendetta): 1/7 → 1/8, Chelsea (Jack): 11/1 → 12/1
2026-02-27T02:38:42.892Z [ODDS]  Draw: 5/1 → 11/2
2026-02-27T02:38:48.270Z [ODDS]  Man Utd (Vendetta): 1/8 → 1/9
2026-02-27T02:38:53.231Z [ODDS]  Chelsea (Jack): 12/1 → 14/1
2026-02-27T02:39:08.565Z [ODDS]  Man Utd (Vendetta): 1/9 → 1/10, Draw: 11/2 → 6/1
2026-02-27T02:39:23.900Z [ODDS]  Chelsea (Jack): 14/1 → 16/1
2026-02-27T02:39:36.078Z [ODDS]  Man Utd (Vendetta): 1/10 → 1/12, Draw: 6/1 → 7/1
2026-02-27T02:39:43.744Z [ODDS]  Chelsea (Jack): 16/1 → 18/1
2026-02-27T02:39:50.960Z [ODDS]  Man Utd (Vendetta): 1/12 → 1/14, Draw: 7/1 → 8/1
2026-02-27T02:40:06.745Z [ODDS]  Man Utd (Vendetta): 1/14 → 1/16, Draw: 8/1 → 9/1, Chelsea (Jack): 18/1 → 20/1
2026-02-27T02:40:28.393Z [ODDS]  Man Utd (Vendetta): 1/16 → 1/20, Draw: 9/1 → 10/1
2026-02-27T02:40:29.295Z [ODDS]  Chelsea (Jack): 20/1 → 22/1
2026-02-27T02:40:43.727Z [ODDS]  Man Utd (Vendetta): 1/20 → 1/25, Draw: 10/1 → 12/1
2026-02-27T02:40:50.493Z [ODDS]  Chelsea (Jack): 22/1 → 25/1
2026-02-27T02:41:04.023Z [ODDS]  Man Utd (Vendetta): 1/25 → 1/28
2026-02-27T02:41:08.534Z [ODDS]  Man Utd (Vendetta): 1/28 → 1/33, Draw: 12/1 → 14/1
2026-02-27T02:41:10.789Z [ODDS]  Man Utd (Vendetta): 1/33 → 1/28, Draw: 14/1 → 12/1
2026-02-27T02:41:11.691Z [ODDS]  Man Utd (Vendetta): 1/28 → 1/33, Draw: 12/1 → 14/1
2026-02-27T02:41:18.006Z [ODDS]  Chelsea (Jack): 25/1 → 28/1
2026-02-27T02:41:22.967Z [ODDS]  Man Utd (Vendetta): 1/33 → 1/40, Draw: 14/1 → 16/1
2026-02-27T02:41:37.425Z [ODDS]  Man Utd (Vendetta): 1/40 → 1/50, Draw: 16/1 → 18/1
2026-02-27T02:41:40.556Z [ODDS]  Man Utd (Vendetta): 1/50 → 1/40, Draw: 18/1 → 16/1
2026-02-27T02:41:47.321Z [ODDS]  Man Utd (Vendetta): 1/40 → 1/50, Draw: 16/1 → 18/1
2026-02-27T02:41:59.048Z [ODDS]  Chelsea (Jack): 28/1 → 33/1
2026-02-27T02:42:02.204Z [ODDS]  Man Utd (Vendetta): 1/50 → 1/66, Draw: 18/1 → 20/1
2026-02-27T02:42:10.321Z [ODDS]  Man Utd (Vendetta): 1/66 → 1/80, Draw: 20/1 → 22/1
2026-02-27T02:42:15.282Z [ODDS]  Chelsea (Jack): 33/1 → 40/1
2026-02-27T02:42:23.851Z [ODDS]  Man Utd (Vendetta): 1/80 → 1/125, Draw: 22/1 → 25/1
2026-02-27T02:42:28.832Z [ODDS]  Man Utd (Vendetta): 1/125 → 1/150, Draw: 25/1 → 28/1, Chelsea (Jack): 40/1 → 50/1
2026-02-27T02:42:34.677Z [ODDS]  Man Utd (Vendetta): 1/150 → 1/200, Draw: 28/1 → 33/1
