2026-02-26T19:48:08.543Z [ODDS]  Al Zawra'a: 11/5 → 9/4
2026-02-26T19:48:41.016Z [ODDS]  Al Shorta SC: 21/10 → 11/5, Al Zawra'a: 9/4 → 11/5
2026-02-26T19:49:05.367Z [ODDS]  Draw: 6/5 → 11/10, Al Zawra'a: 11/5 → 9/4
2026-02-26T19:51:22.927Z [ODDS]  Al Zawra'a: 9/4 → 12/5
2026-02-26T19:51:23.410Z [ODDS]  Al Shorta SC: 11/5 → 21/10
2026-02-26T19:51:49.532Z [ODDS]  Al Shorta SC: 21/10 → 9/4, Draw: 11/10 → 21/20
2026-02-26T19:53:26.957Z [ODDS]  Al Shorta SC: 9/4 → 12/5, Al Zawra'a: 12/5 → 9/4
2026-02-26T19:53:32.823Z [ODDS]  Al Shorta SC: 12/5 → 9/4, Draw: 21/20 → 1/1, Al Zawra'a: 9/4 → 12/5
2026-02-26T19:54:09.814Z [ODDS]  Al Shorta SC: 9/4 → 12/5
2026-02-26T19:54:49.042Z [ODDS]  Al Zawra'a: 12/5 → 5/2
2026-02-26T19:55:27.373Z [ODDS]  Draw: 1/1 → 20/21
2026-02-26T19:56:46.785Z [ODDS]  Draw: 20/21 → 10/11
2026-02-26T19:56:51.748Z [ODDS]  Al Zawra'a: 5/2 → 13/5
2026-02-26T19:57:05.278Z [ODDS]  Draw: 10/11 → 20/21
2026-02-26T19:57:53.986Z [ODDS]  Draw: 20/21 → 10/11
2026-02-26T19:58:33.227Z [ODDS]  Al Zawra'a: 13/5 → 11/4
2026-02-26T19:59:09.314Z [ODDS]  Al Shorta SC: 12/5 → 13/5, Draw: 10/11 → 5/6, Al Zawra'a: 11/4 → 13/5
2026-02-26T19:59:20.586Z [ODDS]  Al Zawra'a: 13/5 → 11/4
2026-02-26T19:59:33.661Z [ODDS]  Al Shorta SC: 13/5 → 12/5, Draw: 5/6 → 10/11
2026-02-26T19:59:35.926Z [ODDS]  Al Shorta SC: 12/5 → 13/5, Draw: 10/11 → 5/6
2026-02-26T20:00:00.294Z [ODDS]  Al Shorta SC: 13/5 → 1/4, Draw: 5/6 → 7/2, Al Zawra'a: 11/4 → 11/1
2026-02-26T20:00:00.294Z [EVENT]  score: 1-2
2026-02-26T20:01:16.490Z [ODDS]  Al Shorta SC: 1/4 → 2/9, Draw: 7/2 → 15/4, Al Zawra'a: 11/1 → 12/1
2026-02-26T20:01:21.450Z [ODDS]  Draw: 15/4 → 7/2
2026-02-26T20:03:10.144Z [ODDS]  Al Shorta SC: 2/9 → 1/4
2026-02-26T20:03:14.203Z [ODDS]  Al Shorta SC: 1/4 → 2/9, Al Zawra'a: 12/1 → 14/1
2026-02-26T20:03:18.715Z [ODDS]  Al Shorta SC: 2/9 → 1/5, Draw: 7/2 → 15/4
2026-02-26T20:03:49.832Z [ODDS]  Al Shorta SC: 1/5 → 2/9, Draw: 15/4 → 7/2
2026-02-26T20:04:47.109Z [ODDS]  Al Shorta SC: 2/9 → 1/5
2026-02-26T20:04:52.522Z [ODDS]  Al Shorta SC: 1/5 → 2/9
2026-02-26T20:05:22.301Z [ODDS]  Al Shorta SC: 2/9 → 1/5, Draw: 7/2 → 15/4
2026-02-26T20:05:28.601Z [ODDS]  Al Zawra'a: 14/1 → 16/1
2026-02-26T20:06:48.431Z [ODDS]  Al Shorta SC: 1/5 → 2/11
2026-02-26T20:06:58.807Z [ODDS]  Draw: 15/4 → 4/1
2026-02-26T20:07:03.788Z [ODDS]  Draw: 4/1 → 15/4
2026-02-26T20:07:18.656Z [ODDS]  Draw: 15/4 → 4/1, Al Zawra'a: 16/1 → 18/1
2026-02-26T20:07:27.671Z [ODDS]  Draw: 4/1 → 15/4
2026-02-26T20:07:42.105Z [ODDS]  Draw: 15/4 → 4/1
2026-02-26T20:08:06.160Z [ODDS]  Al Shorta SC: 2/11 → 1/6
2026-02-26T20:08:16.081Z [ODDS]  Al Shorta SC: 1/6 → 2/11
2026-02-26T20:08:33.225Z [ODDS]  Al Shorta SC: 2/11 → 1/6
2026-02-26T20:08:47.205Z [ODDS]  Al Shorta SC: 1/6 → 2/11
2026-02-26T20:08:51.282Z [ODDS]  Al Shorta SC: 2/11 → 1/6
2026-02-26T20:08:59.832Z [ODDS]  Al Zawra'a: 18/1 → 20/1
2026-02-26T20:10:19.210Z [ODDS]  Al Shorta SC: 1/6 → 2/11, Draw: 4/1 → 15/4, Al Zawra'a: 20/1 → 18/1
2026-02-26T20:10:24.167Z [ODDS]  Al Shorta SC: 2/11 → 1/6, Draw: 15/4 → 4/1, Al Zawra'a: 18/1 → 20/1
2026-02-26T20:10:40.864Z [ODDS]  Al Shorta SC: 1/6 → 2/7, Draw: 4/1 → 3/1, Al Zawra'a: 20/1 → 14/1
2026-02-26T20:11:08.368Z [ODDS]  Al Shorta SC: 2/7 → 3/10, Draw: 3/1 → 11/4
2026-02-26T20:11:08.820Z [ODDS]  Al Shorta SC: 3/10 → 2/7
2026-02-26T20:11:30.014Z [ODDS]  Al Zawra'a: 14/1 → 16/1
2026-02-26T20:11:49.429Z [ODDS]  Al Shorta SC: 2/7 → 1/4
2026-02-26T20:12:07.458Z [ODDS]  Draw: 11/4 → 3/1
2026-02-26T20:12:08.801Z [ODDS]  Draw: 3/1 → 11/4
2026-02-26T20:12:31.800Z [ODDS]  Draw: 11/4 → 3/1, Al Zawra'a: 16/1 → 18/1
2026-02-26T20:13:33.142Z [ODDS]  Al Shorta SC: 1/4 → 2/9, Al Zawra'a: 18/1 → 20/1
2026-02-26T20:14:52.065Z [ODDS]  Draw: 3/1 → 10/3
2026-02-26T20:15:29.045Z [ODDS]  Al Shorta SC: 2/9 → 1/5, Al Zawra'a: 20/1 → 22/1
2026-02-26T20:15:41.675Z [ODDS]  Al Shorta SC: 1/5 → 2/9, Al Zawra'a: 22/1 → 20/1
2026-02-26T20:15:42.580Z [ODDS]  Draw: 10/3 → 3/1
2026-02-26T20:16:06.934Z [ODDS]  Al Shorta SC: 2/9 → 1/5, Draw: 3/1 → 10/3, Al Zawra'a: 20/1 → 22/1
2026-02-26T20:17:19.552Z [ODDS]  Al Zawra'a: 22/1 → 25/1
2026-02-26T20:17:29.950Z [ODDS]  Al Shorta SC: 1/5 → 2/11, Draw: 10/3 → 7/2
2026-02-26T20:18:24.045Z [ODDS]  Al Shorta SC: 2/11 → 1/6, Draw: 7/2 → 15/4
2026-02-26T20:18:28.104Z [ODDS]  Al Shorta SC: 1/6 → 2/11, Draw: 15/4 → 7/2
2026-02-26T20:18:45.241Z [ODDS]  Al Shorta SC: 2/11 → 1/6, Draw: 7/2 → 15/4
2026-02-26T20:18:58.325Z [ODDS]  Al Zawra'a: 25/1 → 28/1
2026-02-26T20:19:47.483Z [ODDS]  Draw: 15/4 → 4/1
2026-02-26T20:20:33.937Z [ODDS]  Al Shorta SC: 1/6 → 1/7, Draw: 4/1 → 9/2
2026-02-26T20:20:47.027Z [ODDS]  Al Zawra'a: 28/1 → 33/1
2026-02-26T20:21:11.818Z [ODDS]  Al Shorta SC: 1/7 → 1/8, Draw: 9/2 → 5/1
2026-02-26T20:22:15.417Z [ODDS]  Al Shorta SC: 1/8 → 1/9, Draw: 5/1 → 11/2, Al Zawra'a: 33/1 → 40/1
2026-02-26T20:22:32.554Z [ODDS]  Al Zawra'a: 40/1 → 33/1
2026-02-26T20:22:46.079Z [ODDS]  Al Zawra'a: 33/1 → 40/1
2026-02-26T20:23:02.320Z [ODDS]  Al Shorta SC: 1/9 → 1/10, Draw: 11/2 → 6/1
2026-02-26T20:24:03.202Z [ODDS]  Al Shorta SC: 1/10 → 1/12, Draw: 6/1 → 7/1, Al Zawra'a: 40/1 → 50/1
2026-02-26T20:24:31.622Z [ODDS]  Al Shorta SC: 1/12 → 1/14, Draw: 7/1 → 8/1
2026-02-26T20:25:01.387Z [ODDS]  Al Shorta SC: 1/14 → 1/16, Draw: 8/1 → 9/1
2026-02-26T20:25:49.166Z [ODDS]  Al Shorta SC: 1/16 → 1/20, Draw: 9/1 → 10/1, Al Zawra'a: 50/1 → 66/1
2026-02-26T20:26:21.192Z [ODDS]  Al Shorta SC: 1/20 → 1/25, Draw: 10/1 → 12/1
2026-02-26T20:26:39.233Z [ODDS]  Al Zawra'a: 66/1 → 80/1
2026-02-26T20:26:39.684Z [ODDS]  Al Shorta SC: 1/25 → 1/28
2026-02-26T20:27:06.295Z [ODDS]  Al Shorta SC: 1/28 → 1/33, Draw: 12/1 → 14/1
2026-02-26T20:27:17.130Z [ODDS]  Al Shorta SC: 1/33 → 1/40, Draw: 14/1 → 16/1
2026-02-26T20:27:24.335Z [ODDS]  Al Zawra'a: 80/1 → 100/1
2026-02-26T20:27:36.510Z [ODDS]  Al Shorta SC: 1/40 → 1/50, Draw: 16/1 → 18/1
2026-02-26T20:27:53.647Z [ODDS]  Al Shorta SC: 1/50 → 1/66, Draw: 18/1 → 20/1, Al Zawra'a: 100/1 → 125/1
2026-02-26T20:28:10.788Z [ODDS]  Al Shorta SC: 1/66 → 1/80, Draw: 20/1 → 22/1, Al Zawra'a: 125/1 → 150/1
