2026-02-26T19:47:30.213Z [ODDS]  Man City (Asura): 20/21 → 15/8, Draw: 10/3 → 3/1, Chelsea (Aveaaaaa): 7/4 → 10/11
2026-02-26T19:47:30.213Z [EVENT]  score: 1-1
2026-02-26T19:47:50.953Z [ODDS]  Chelsea (Aveaaaaa): 10/11 → 20/21
2026-02-26T19:47:53.664Z [ODDS]  Man City (Asura): 15/8 → 15/4, Draw: 3/1 → 15/4, Chelsea (Aveaaaaa): 20/21 → 4/9
2026-02-26T19:47:53.664Z [EVENT]  score: 2-1
2026-02-26T19:48:45.073Z [ODDS]  Man City (Asura): 15/4 → 4/1
2026-02-26T19:48:46.426Z [ODDS]  Man City (Asura): 4/1 → 15/2, Draw: 15/4 → 6/1, Chelsea (Aveaaaaa): 4/9 → 1/6
2026-02-26T19:48:46.426Z [EVENT]  score: 3-1
2026-02-26T19:49:06.721Z [ODDS]  Man City (Asura): 15/2 → 8/1, Chelsea (Aveaaaaa): 1/6 → 1/7
2026-02-26T19:49:12.586Z [ODDS]  Man City (Asura): 8/1 → 12/1, Draw: 6/1 → 10/1, Chelsea (Aveaaaaa): 1/7 → 1/20
2026-02-26T19:49:12.586Z [EVENT]  score: 4-1
2026-02-26T19:49:22.959Z [ODDS]  Chelsea (Aveaaaaa): 1/20 → 1/22
2026-02-26T19:49:57.688Z [ODDS]  Man City (Asura): 12/1 → 14/1, Draw: 10/1 → 12/1, Chelsea (Aveaaaaa): 1/22 → 1/25
2026-02-26T19:50:36.927Z [ODDS]  Chelsea (Aveaaaaa): 1/25 → 1/28
2026-02-26T19:51:12.550Z [ODDS]  Draw: 12/1 → 14/1, Chelsea (Aveaaaaa): 1/28 → 1/33
2026-02-26T19:51:32.845Z [ODDS]  Man City (Asura): 14/1 → 16/1
2026-02-26T19:51:43.218Z [ODDS]  Draw: 14/1 → 16/1, Chelsea (Aveaaaaa): 1/33 → 1/40
2026-02-26T19:52:03.964Z [ODDS]  Man City (Asura): 16/1 → 18/1, Draw: 16/1 → 18/1, Chelsea (Aveaaaaa): 1/40 → 1/50
2026-02-26T19:52:16.150Z [ODDS]  Man City (Asura): 18/1 → 12/1, Draw: 18/1 → 8/1, Chelsea (Aveaaaaa): 1/50 → 1/14
2026-02-26T19:52:16.150Z [EVENT]  score: 4-2
2026-02-26T19:52:26.977Z [ODDS]  Man City (Asura): 12/1 → 14/1
2026-02-26T19:52:57.645Z [ODDS]  Man City (Asura): 14/1 → 16/1, Draw: 8/1 → 9/1, Chelsea (Aveaaaaa): 1/14 → 1/16
2026-02-26T19:53:18.391Z [ODDS]  Man City (Asura): 16/1 → 18/1, Draw: 9/1 → 10/1, Chelsea (Aveaaaaa): 1/16 → 1/20
2026-02-26T19:53:28.762Z [ODDS]  Chelsea (Aveaaaaa): 1/20 → 1/22
2026-02-26T19:53:39.140Z [ODDS]  Man City (Asura): 18/1 → 20/1, Draw: 10/1 → 12/1, Chelsea (Aveaaaaa): 1/22 → 1/25
2026-02-26T19:53:49.507Z [ODDS]  Man City (Asura): 20/1 → 22/1, Draw: 12/1 → 14/1, Chelsea (Aveaaaaa): 1/25 → 1/33
2026-02-26T19:53:59.430Z [ODDS]  Man City (Asura): 22/1 → 25/1, Draw: 14/1 → 16/1, Chelsea (Aveaaaaa): 1/33 → 1/40
2026-02-26T19:54:09.814Z [ODDS]  Man City (Asura): 25/1 → 28/1, Draw: 16/1 → 18/1, Chelsea (Aveaaaaa): 1/40 → 1/50
2026-02-26T19:54:16.566Z [ODDS]  Draw: 18/1 → 20/1, Chelsea (Aveaaaaa): 1/50 → 1/66
2026-02-26T19:54:18.825Z [ODDS]  Man City (Asura): 28/1 → 22/1, Draw: 20/1 → 4/1, Chelsea (Aveaaaaa): 1/66 → 1/6
2026-02-26T19:54:18.825Z [EVENT]  score: 4-3
