2026-02-26T23:08:42.443Z [ODDS]  Primavera SP: 7/1 → 15/2
2026-02-26T23:09:18.966Z [ODDS]  Ceara: 1/2 → 4/9
2026-02-26T23:09:38.359Z [ODDS]  Ceara: 4/9 → 1/2
2026-02-26T23:10:51.427Z [ODDS]  Primavera SP: 15/2 → 22/1, Draw: 11/4 → 6/1, Ceara: 1/2 → 1/7
2026-02-26T23:10:51.427Z [EVENT]  score: 1-0
2026-02-26T23:11:03.603Z [ODDS]  Primavera SP: 22/1 → 25/1, Draw: 6/1 → 13/2, Ceara: 1/7 → 1/9
2026-02-26T23:11:44.646Z [ODDS]  Draw: 13/2 → 7/1
2026-02-26T23:12:01.336Z [ODDS]  Draw: 7/1 → 13/2
2026-02-26T23:12:16.668Z [ODDS]  Primavera SP: 25/1 → 28/1, Draw: 13/2 → 7/1
2026-02-26T23:12:26.590Z [ODDS]  Draw: 7/1 → 13/2
2026-02-26T23:12:34.257Z [ODDS]  Primavera SP: 28/1 → 25/1
2026-02-26T23:12:59.062Z [ODDS]  Primavera SP: 25/1 → 28/1
2026-02-26T23:14:45.051Z [ODDS]  Draw: 13/2 → 7/1
2026-02-26T23:15:18.872Z [ODDS]  Draw: 7/1 → 13/2
2026-02-26T23:15:46.835Z [ODDS]  Draw: 13/2 → 7/1
2026-02-26T23:15:52.698Z [ODDS]  Draw: 7/1 → 13/2
2026-02-26T23:15:53.601Z [ODDS]  Draw: 13/2 → 7/1
2026-02-26T23:16:35.098Z [ODDS]  Draw: 7/1 → 13/2
2026-02-26T23:16:45.013Z [ODDS]  Draw: 13/2 → 7/1
2026-02-26T23:16:58.993Z [ODDS]  Draw: 7/1 → 13/2
2026-02-26T23:18:50.399Z [ODDS]  Primavera SP: 28/1 → 25/1, Ceara: 1/9 → 1/8
2026-02-26T23:19:57.139Z [ODDS]  Ceara: 1/8 → 1/9
2026-02-26T23:20:03.012Z [ODDS]  Ceara: 1/9 → 1/8
2026-02-26T23:20:09.768Z [ODDS]  Ceara: 1/8 → 1/9
2026-02-26T23:20:16.533Z [ODDS]  Primavera SP: 25/1 → 28/1
2026-02-26T23:20:34.574Z [ODDS]  Primavera SP: 28/1 → 25/1
2026-02-26T23:20:42.696Z [ODDS]  Primavera SP: 25/1 → 28/1
2026-02-26T23:20:54.869Z [ODDS]  Primavera SP: 28/1 → 25/1, Ceara: 1/9 → 1/8
2026-02-26T23:20:57.123Z [ODDS]  Ceara: 1/8 → 1/9
2026-02-26T23:21:16.975Z [ODDS]  Ceara: 1/9 → 1/8
2026-02-26T23:21:32.301Z [ODDS]  Ceara: 1/8 → 1/9
2026-02-26T23:22:17.404Z [ODDS]  Primavera SP: 25/1 → 28/1
2026-02-26T23:23:16.039Z [ODDS]  Primavera SP: 28/1 → 25/1, Draw: 13/2 → 6/1, Ceara: 1/9 → 1/8
2026-02-26T23:23:18.298Z [ODDS]  Primavera SP: 25/1 → 28/1, Draw: 6/1 → 13/2, Ceara: 1/8 → 1/9
2026-02-26T23:26:32.680Z [ODDS]  Primavera SP: 28/1 → 25/1, Ceara: 1/9 → 1/8
2026-02-26T23:26:40.793Z [ODDS]  Primavera SP: 25/1 → 28/1
2026-02-26T23:27:09.657Z [ODDS]  Primavera SP: 28/1 → 25/1
2026-02-26T23:27:31.756Z [ODDS]  Primavera SP: 25/1 → 28/1
2026-02-26T23:28:16.857Z [ODDS]  Ceara: 1/8 → 1/9
2026-02-26T23:28:24.527Z [ODDS]  Primavera SP: 28/1 → 25/1, Ceara: 1/9 → 1/8
2026-02-26T23:28:31.289Z [ODDS]  Primavera SP: 25/1 → 28/1, Ceara: 1/8 → 1/9
2026-02-26T23:30:12.762Z [ODDS]  Draw: 13/2 → 6/1, Ceara: 1/9 → 1/8
2026-02-26T23:30:13.664Z [ODDS]  Draw: 6/1 → 13/2, Ceara: 1/8 → 1/9
2026-02-26T23:31:17.710Z [ODDS]  Draw: 13/2 → 7/1
2026-02-26T23:31:23.120Z [ODDS]  Ceara: 1/9 → 1/10
2026-02-26T23:31:56.494Z [ODDS]  Ceara: 1/10 → 1/9
2026-02-26T23:32:02.808Z [ODDS]  Ceara: 1/9 → 1/10
2026-02-26T23:32:20.398Z [ODDS]  Draw: 7/1 → 13/2, Ceara: 1/10 → 1/9
2026-02-26T23:33:06.400Z [ODDS]  Primavera SP: 28/1 → 33/1, Draw: 13/2 → 7/1, Ceara: 1/9 → 1/10
2026-02-26T23:35:16.290Z [ODDS]  Primavera SP: 33/1 → 28/1, Draw: 7/1 → 13/2, Ceara: 1/10 → 1/9
2026-02-26T23:35:40.643Z [ODDS]  Draw: 13/2 → 7/1
2026-02-26T23:35:59.586Z [ODDS]  Draw: 7/1 → 13/2
2026-02-26T23:37:12.652Z [ODDS]  Primavera SP: 28/1 → 33/1
2026-02-26T23:37:14.465Z [ODDS]  Primavera SP: 33/1 → 28/1, Draw: 13/2 → 6/1, Ceara: 1/9 → 1/8
2026-02-26T23:37:16.709Z [ODDS]  Primavera SP: 28/1 → 33/1, Draw: 6/1 → 13/2, Ceara: 1/8 → 1/9
2026-02-26T23:37:37.001Z [ODDS]  Primavera SP: 33/1 → 28/1
2026-02-26T23:38:21.572Z [ODDS]  Draw: 13/2 → 6/1, Ceara: 1/9 → 1/8
2026-02-26T23:38:25.179Z [ODDS]  Draw: 6/1 → 13/2, Ceara: 1/8 → 1/9
2026-02-26T23:38:51.788Z [ODDS]  Draw: 13/2 → 6/1, Ceara: 1/9 → 1/8
2026-02-26T23:44:01.627Z [ODDS]  Primavera SP: 28/1 → 33/1, Ceara: 1/8 → 1/9
2026-02-26T23:44:23.273Z [ODDS]  Primavera SP: 33/1 → 28/1, Ceara: 1/9 → 1/8
2026-02-26T23:44:27.786Z [ODDS]  Draw: 6/1 → 11/2, Ceara: 1/8 → 1/7
2026-02-26T23:44:31.028Z [ODDS]  Draw: 11/2 → 6/1, Ceara: 1/7 → 1/8
2026-02-26T23:46:35.414Z [ODDS]  Primavera SP: 28/1 → 33/1, Ceara: 1/8 → 1/9
2026-02-26T23:46:42.180Z [ODDS]  Primavera SP: 33/1 → 28/1, Ceara: 1/9 → 1/8
2026-02-26T23:47:00.671Z [ODDS]  Draw: 6/1 → 11/2, Ceara: 1/8 → 1/7
2026-02-26T23:47:17.808Z [ODDS]  Primavera SP: 28/1 → 25/1
2026-02-26T23:47:18.710Z [ODDS]  Primavera SP: 25/1 → 28/1, Draw: 11/2 → 6/1, Ceara: 1/7 → 1/8
2026-02-26T23:47:35.850Z [ODDS]  Primavera SP: 28/1 → 33/1
2026-02-26T23:47:40.466Z [ODDS]  Ceara: 1/8 → 1/9
2026-02-26T23:48:26.366Z [ODDS]  Primavera SP: 33/1 → 28/1, Ceara: 1/9 → 1/8
2026-02-26T23:48:54.328Z [ODDS]  Draw: 6/1 → 11/2, Ceara: 1/8 → 1/7
2026-02-26T23:50:03.783Z [ODDS]  Primavera SP: 28/1 → 25/1
2026-02-26T23:50:11.901Z [ODDS]  Primavera SP: 25/1 → 28/1
2026-02-26T23:50:18.666Z [ODDS]  Draw: 11/2 → 6/1, Ceara: 1/7 → 1/8
2026-02-26T23:50:20.921Z [ODDS]  Draw: 6/1 → 11/2, Ceara: 1/8 → 1/7
2026-02-26T23:50:22.274Z [ODDS]  Draw: 11/2 → 6/1, Ceara: 1/7 → 1/8
2026-02-27T00:04:42.447Z [ODDS]  Primavera SP: 28/1 → 33/1, Ceara: 1/8 → 1/9
2026-02-27T00:07:44.653Z [ODDS]  Primavera SP: 33/1 → 28/1, Ceara: 1/9 → 1/8
2026-02-27T00:08:03.144Z [ODDS]  Primavera SP: 28/1 → 33/1, Ceara: 1/8 → 1/9
2026-02-27T00:08:10.818Z [ODDS]  Ceara: 1/9 → 1/8
