2026-02-27T02:38:34.741Z [ODDS]  Real Madrid (GianniKid): 1/2 → 4/9
2026-02-27T02:38:44.662Z [ODDS]  Barcelona (hotShot): 7/2 → 15/4
2026-02-27T02:38:55.035Z [ODDS]  Draw: 15/4 → 7/2
2026-02-27T02:39:05.408Z [ODDS]  Barcelona (hotShot): 15/4 → 4/1
2026-02-27T02:39:25.703Z [ODDS]  Draw: 7/2 → 10/3
2026-02-27T02:39:41.941Z [ODDS]  Barcelona (hotShot): 4/1 → 9/2
2026-02-27T02:39:59.980Z [ODDS]  Barcelona (hotShot): 9/2 → 17/2, Draw: 10/3 → 6/1, Real Madrid (GianniKid): 4/9 → 1/8
2026-02-27T02:39:59.980Z [EVENT]  score: 2-0
2026-02-27T02:40:10.353Z [ODDS]  Barcelona (hotShot): 17/2 → 9/1
2026-02-27T02:40:41.021Z [ODDS]  Barcelona (hotShot): 9/1 → 10/1, Draw: 6/1 → 13/2, Real Madrid (GianniKid): 1/8 → 1/9
2026-02-27T02:41:04.925Z [ODDS]  Real Madrid (GianniKid): 1/9 → 1/10
2026-02-27T02:41:32.889Z [ODDS]  Barcelona (hotShot): 10/1 → 11/1, Real Madrid (GianniKid): 1/10 → 1/11
2026-02-27T02:41:48.675Z [ODDS]  Real Madrid (GianniKid): 1/11 → 1/12
2026-02-27T02:41:58.596Z [ODDS]  Barcelona (hotShot): 11/1 → 12/1
2026-02-27T02:42:16.185Z [ODDS]  Draw: 13/2 → 7/1
2026-02-27T02:42:36.479Z [ODDS]  Barcelona (hotShot): 12/1 → 14/1
2026-02-27T02:42:46.853Z [ODDS]  Barcelona (hotShot): 14/1 → 7/1, Draw: 7/1 → 3/1, Real Madrid (GianniKid): 1/12 → 4/11
2026-02-27T02:42:46.853Z [EVENT]  score: 2-1
2026-02-27T02:43:07.149Z [ODDS]  Draw: 3/1 → 11/4
2026-02-27T02:43:17.520Z [ODDS]  Barcelona (hotShot): 7/1 → 15/2
2026-02-27T02:43:21.132Z [ODDS]  Barcelona (hotShot): 15/2 → 16/1, Draw: 11/4 → 9/1, Real Madrid (GianniKid): 4/11 → 1/16
2026-02-27T02:43:21.132Z [EVENT]  score: 3-1
2026-02-27T02:43:31.791Z [ODDS]  Draw: 9/1 → 10/1, Real Madrid (GianniKid): 1/16 → 1/20
2026-02-27T02:43:41.424Z [ODDS]  Barcelona (hotShot): 16/1 → 18/1
2026-02-27T02:43:56.759Z [ODDS]  Barcelona (hotShot): 18/1 → 20/1, Draw: 10/1 → 12/1, Real Madrid (GianniKid): 1/20 → 1/25
2026-02-27T02:44:17.504Z [ODDS]  Barcelona (hotShot): 20/1 → 22/1, Draw: 12/1 → 14/1, Real Madrid (GianniKid): 1/25 → 1/33
2026-02-27T02:44:27.426Z [ODDS]  Barcelona (hotShot): 22/1 → 25/1, Draw: 14/1 → 16/1, Real Madrid (GianniKid): 1/33 → 1/40
2026-02-27T02:44:43.666Z [ODDS]  Barcelona (hotShot): 25/1 → 28/1, Draw: 16/1 → 18/1, Real Madrid (GianniKid): 1/40 → 1/50
2026-02-27T02:44:52.687Z [EVENT]  score: 4-1
