2026-02-26T20:08:25.106Z [ODDS]  Dinamo Zagreb: 7/4 → 13/8, Genk: 13/8 → 7/4
2026-02-26T20:08:58.475Z [ODDS]  Dinamo Zagreb: 13/8 → 7/4, Genk: 7/4 → 13/8
2026-02-26T20:10:20.111Z [ODDS]  Draw: 11/5 → 21/10
2026-02-26T20:10:31.833Z [ODDS]  Dinamo Zagreb: 7/4 → 13/8, Draw: 21/10 → 11/5
2026-02-26T20:10:39.500Z [ODDS]  Draw: 11/5 → 21/10
2026-02-26T20:11:02.964Z [ODDS]  Genk: 13/8 → 7/4
2026-02-26T20:11:09.719Z [ODDS]  Draw: 21/10 → 11/5
2026-02-26T20:11:12.878Z [ODDS]  Dinamo Zagreb: 13/8 → 7/4, Draw: 11/5 → 21/10, Genk: 7/4 → 13/8
2026-02-26T20:14:16.886Z [ODDS]  Genk: 13/8 → 7/4
2026-02-26T20:14:29.965Z [ODDS]  Draw: 21/10 → 2/1
2026-02-26T20:15:29.045Z [ODDS]  Dinamo Zagreb: 7/4 → 13/8
2026-02-26T20:15:32.655Z [ODDS]  Dinamo Zagreb: 13/8 → 6/4, Draw: 2/1 → 21/10, Genk: 7/4 → 2/1
2026-02-26T20:15:37.616Z [ODDS]  Dinamo Zagreb: 6/4 → 13/8, Draw: 21/10 → 2/1, Genk: 2/1 → 7/4
2026-02-26T20:15:43.477Z [ODDS]  Dinamo Zagreb: 13/8 → 7/4
2026-02-26T20:16:07.849Z [ODDS]  Dinamo Zagreb: 7/4 → 13/8
2026-02-26T20:16:20.468Z [ODDS]  Dinamo Zagreb: 13/8 → 7/4
2026-02-26T20:16:23.171Z [ODDS]  Dinamo Zagreb: 7/4 → 13/8, Genk: 7/4 → 15/8
2026-02-26T20:17:24.060Z [ODDS]  Dinamo Zagreb: 13/8 → 8/5, Genk: 15/8 → 2/1
2026-02-26T20:17:29.950Z [ODDS]  Genk: 2/1 → 15/8
2026-02-26T20:17:31.737Z [ODDS]  Genk: 15/8 → 2/1
2026-02-26T20:17:45.709Z [ODDS]  Genk: 2/1 → 15/8
2026-02-26T20:18:03.301Z [ODDS]  Genk: 15/8 → 2/1
2026-02-26T20:18:15.934Z [ODDS]  Dinamo Zagreb: 8/5 → 13/8, Genk: 2/1 → 15/8
2026-02-26T20:19:01.484Z [ODDS]  Dinamo Zagreb: 13/8 → 7/4, Genk: 15/8 → 7/4
2026-02-26T20:19:07.795Z [ODDS]  Genk: 7/4 → 15/8
2026-02-26T20:19:16.816Z [ODDS]  Genk: 15/8 → 7/4
2026-02-26T20:19:19.972Z [ODDS]  Genk: 7/4 → 15/8
2026-02-26T20:19:22.674Z [ODDS]  Genk: 15/8 → 7/4
2026-02-26T20:19:30.341Z [ODDS]  Genk: 7/4 → 15/8
2026-02-26T20:19:35.756Z [ODDS]  Genk: 15/8 → 7/4
2026-02-26T20:20:04.620Z [ODDS]  Genk: 7/4 → 15/8
2026-02-26T20:20:15.899Z [ODDS]  Genk: 15/8 → 7/4
2026-02-26T20:21:28.972Z [ODDS]  Genk: 7/4 → 15/8
2026-02-26T20:21:33.926Z [ODDS]  Genk: 15/8 → 7/4
2026-02-26T20:21:44.748Z [ODDS]  Draw: 2/1 → 15/8
2026-02-26T20:21:50.153Z [ODDS]  Draw: 15/8 → 2/1
2026-02-26T20:21:52.859Z [ODDS]  Draw: 2/1 → 15/8
2026-02-26T20:22:09.552Z [ODDS]  Dinamo Zagreb: 7/4 → 15/8
2026-02-26T20:22:22.629Z [ODDS]  Dinamo Zagreb: 15/8 → 7/4
2026-02-26T20:22:31.201Z [ODDS]  Dinamo Zagreb: 7/4 → 15/8
2026-02-26T20:23:51.488Z [ODDS]  Dinamo Zagreb: 15/8 → 7/4, Genk: 7/4 → 15/8
2026-02-26T20:24:14.928Z [ODDS]  Dinamo Zagreb: 7/4 → 15/8, Genk: 15/8 → 7/4
2026-02-26T20:25:41.051Z [ODDS]  Dinamo Zagreb: 15/8 → 7/4, Genk: 7/4 → 15/8
2026-02-26T20:25:44.666Z [ODDS]  Dinamo Zagreb: 7/4 → 15/8, Genk: 15/8 → 7/4
2026-02-26T20:28:43.257Z [ODDS]  Dinamo Zagreb: 15/8 → 2/1
2026-02-26T20:29:12.127Z [ODDS]  Draw: 15/8 → 7/4
2026-02-26T20:29:36.939Z [ODDS]  Draw: 7/4 → 15/8
2026-02-26T20:29:38.731Z [ODDS]  Dinamo Zagreb: 2/1 → 15/8
2026-02-26T20:29:48.203Z [ODDS]  Draw: 15/8 → 7/4
2026-02-26T20:30:42.327Z [ODDS]  Dinamo Zagreb: 15/8 → 2/1, Draw: 7/4 → 15/8
2026-02-26T20:31:14.346Z [ODDS]  Dinamo Zagreb: 2/1 → 15/8, Draw: 15/8 → 7/4
2026-02-26T20:31:26.072Z [ODDS]  Dinamo Zagreb: 15/8 → 2/1
2026-02-26T20:31:49.976Z [ODDS]  Dinamo Zagreb: 2/1 → 21/10
2026-02-26T20:33:54.005Z [ODDS]  Genk: 7/4 → 13/8
2026-02-26T20:34:20.165Z [ODDS]  Genk: 13/8 → 7/4
2026-02-26T20:34:30.986Z [ODDS]  Genk: 7/4 → 13/8
2026-02-26T20:35:14.288Z [ODDS]  Draw: 7/4 → 13/8
2026-02-26T20:35:18.805Z [ODDS]  Genk: 13/8 → 7/4
2026-02-26T20:35:37.748Z [ODDS]  Draw: 13/8 → 7/4, Genk: 7/4 → 13/8
2026-02-26T20:35:48.112Z [ODDS]  Draw: 7/4 → 13/8, Genk: 13/8 → 7/4
2026-02-26T20:36:00.736Z [ODDS]  Draw: 13/8 → 7/4, Genk: 7/4 → 13/8
2026-02-26T20:36:02.094Z [ODDS]  Draw: 7/4 → 13/8, Genk: 13/8 → 7/4
2026-02-26T20:37:27.779Z [ODDS]  Dinamo Zagreb: 21/10 → 2/1
2026-02-26T20:37:52.586Z [ODDS]  Dinamo Zagreb: 2/1 → 21/10
2026-02-26T20:37:53.943Z [ODDS]  Dinamo Zagreb: 21/10 → 2/1, Genk: 7/4 → 15/8
2026-02-26T20:39:34.212Z [ODDS]  Dinamo Zagreb: 2/1 → 21/10, Draw: 13/8 → 8/5
2026-02-26T20:39:59.925Z [ODDS]  Dinamo Zagreb: 21/10 → 2/1, Draw: 8/5 → 13/8
2026-02-26T20:40:11.192Z [ODDS]  Dinamo Zagreb: 2/1 → 21/10, Draw: 13/8 → 8/5
2026-02-26T20:40:54.492Z [ODDS]  Dinamo Zagreb: 21/10 → 2/1
2026-02-26T20:43:16.102Z [ODDS]  Dinamo Zagreb: 2/1 → 21/10
2026-02-26T20:43:36.850Z [ODDS]  Draw: 8/5 → 6/4
2026-02-26T20:46:39.054Z [ODDS]  Dinamo Zagreb: 21/10 → 9/4, Genk: 15/8 → 7/4
2026-02-26T20:46:43.569Z [ODDS]  Dinamo Zagreb: 9/4 → 1/2, Draw: 6/4 → 11/4, Genk: 7/4 → 13/2
2026-02-26T20:46:43.569Z [EVENT]  score: 0-1
2026-02-26T20:47:15.591Z [ODDS]  Dinamo Zagreb: 1/2 → 4/7, Draw: 11/4 → 13/5, Genk: 13/2 → 11/2
2026-02-26T20:47:17.394Z [ODDS]  Dinamo Zagreb: 4/7 → 1/2, Draw: 13/5 → 11/4, Genk: 11/2 → 13/2
2026-02-26T20:47:20.100Z [ODDS]  Genk: 13/2 → 6/1
2026-02-26T20:47:38.593Z [ODDS]  Genk: 6/1 → 13/2
2026-02-26T20:53:36.481Z [ODDS]  Genk: 13/2 → 7/1
2026-02-26T20:53:43.128Z [ODDS]  Genk: 7/1 → 13/2
2026-02-26T20:53:47.227Z [ODDS]  Genk: 13/2 → 7/1
2026-02-26T20:54:17.856Z [ODDS]  Genk: 7/1 → 13/2
2026-02-26T21:03:23.159Z [ODDS]  Genk: 13/2 → 7/1
2026-02-26T21:03:45.241Z [ODDS]  Genk: 7/1 → 13/2
2026-02-26T21:04:44.793Z [ODDS]  Genk: 13/2 → 7/1
2026-02-26T21:06:09.555Z [ODDS]  Dinamo Zagreb: 1/2 → 4/9
2026-02-26T21:06:26.243Z [ODDS]  Draw: 11/4 → 3/1, Genk: 7/1 → 15/2
2026-02-26T21:07:20.365Z [ODDS]  Dinamo Zagreb: 4/9 → 2/5, Genk: 15/2 → 8/1
2026-02-26T21:07:23.070Z [ODDS]  Dinamo Zagreb: 2/5 → 15/8, Draw: 3/1 → 6/4, Genk: 8/1 → 11/5
2026-02-26T21:07:23.070Z [EVENT]  score: 1-1
2026-02-26T21:07:47.423Z [ODDS]  Dinamo Zagreb: 15/8 → 2/1
2026-02-26T21:08:00.960Z [ODDS]  Draw: 6/4 → 11/8, Genk: 11/5 → 9/4
2026-02-26T21:08:22.453Z [ODDS]  Dinamo Zagreb: 2/1 → 21/10, Genk: 9/4 → 11/5
2026-02-26T21:08:27.869Z [ODDS]  Genk: 11/5 → 21/10
2026-02-26T21:08:31.022Z [ODDS]  Genk: 21/10 → 11/5
2026-02-26T21:09:12.967Z [ODDS]  Draw: 11/8 → 13/10
2026-02-26T21:09:25.596Z [ODDS]  Draw: 13/10 → 11/8
2026-02-26T21:09:26.948Z [ODDS]  Dinamo Zagreb: 21/10 → 11/5, Genk: 11/5 → 21/10
2026-02-26T21:09:29.652Z [ODDS]  Draw: 11/8 → 13/10
2026-02-26T21:09:41.380Z [ODDS]  Dinamo Zagreb: 11/5 → 21/10, Draw: 13/10 → 11/8, Genk: 21/10 → 11/5
2026-02-26T21:10:10.244Z [ODDS]  Dinamo Zagreb: 21/10 → 11/5, Draw: 11/8 → 13/10, Genk: 11/5 → 21/10
2026-02-26T21:10:25.127Z [ODDS]  Dinamo Zagreb: 11/5 → 9/4, Genk: 21/10 → 11/5
2026-02-26T21:10:29.643Z [ODDS]  Draw: 13/10 → 5/4, Genk: 11/5 → 21/10
2026-02-26T21:10:35.952Z [ODDS]  Draw: 5/4 → 13/10
2026-02-26T21:10:49.045Z [ODDS]  Draw: 13/10 → 5/4, Genk: 21/10 → 11/5
2026-02-26T21:11:28.804Z [ODDS]  Dinamo Zagreb: 9/4 → 11/5, Genk: 11/5 → 9/4
2026-02-26T21:11:33.279Z [ODDS]  Dinamo Zagreb: 11/5 → 9/4, Genk: 9/4 → 11/5
2026-02-26T21:12:13.375Z [ODDS]  Dinamo Zagreb: 9/4 → 11/5, Draw: 5/4 → 6/5, Genk: 11/5 → 12/5
2026-02-26T21:12:39.074Z [ODDS]  Dinamo Zagreb: 11/5 → 8/15, Draw: 6/5 → 5/2, Genk: 12/5 → 7/1
2026-02-26T21:13:40.411Z [ODDS]  Dinamo Zagreb: 8/15 → 4/11, Draw: 5/2 → 3/1, Genk: 7/1 → 10/1
2026-02-26T21:13:40.411Z [EVENT]  score: 1-2
2026-02-26T21:13:51.234Z [ODDS]  Dinamo Zagreb: 4/11 → 2/5, Draw: 3/1 → 11/4, Genk: 10/1 → 9/1
2026-02-26T21:14:04.322Z [ODDS]  Draw: 11/4 → 3/1
2026-02-26T21:15:15.575Z [ODDS]  Genk: 9/1 → 10/1
2026-02-26T21:15:27.753Z [ODDS]  Draw: 3/1 → 11/4, Genk: 10/1 → 9/1
2026-02-26T21:15:29.557Z [ODDS]  Draw: 11/4 → 3/1
2026-02-26T21:15:30.909Z [ODDS]  Draw: 3/1 → 11/4
2026-02-26T21:15:41.735Z [ODDS]  Draw: 11/4 → 3/1
2026-02-26T21:15:58.883Z [ODDS]  Draw: 3/1 → 11/4
2026-02-26T21:16:04.319Z [ODDS]  Draw: 11/4 → 3/1
2026-02-26T21:16:14.206Z [ODDS]  Genk: 9/1 → 10/1
2026-02-26T21:16:42.621Z [ODDS]  Dinamo Zagreb: 2/5 → 4/11
2026-02-26T21:16:44.874Z [ODDS]  Genk: 10/1 → 11/1
2026-02-26T21:16:53.448Z [ODDS]  Genk: 11/1 → 10/1
2026-02-26T21:16:58.405Z [ODDS]  Genk: 10/1 → 11/1
2026-02-26T21:18:28.617Z [ODDS]  Dinamo Zagreb: 4/11 → 1/3, Genk: 11/1 → 12/1
2026-02-26T21:18:57.958Z [ODDS]  Dinamo Zagreb: 1/3 → 4/11, Genk: 12/1 → 11/1
2026-02-26T21:19:00.181Z [ODDS]  Dinamo Zagreb: 4/11 → 1/3, Genk: 11/1 → 12/1
2026-02-26T21:19:15.966Z [ODDS]  Draw: 3/1 → 10/3
2026-02-26T21:20:43.926Z [ODDS]  Genk: 12/1 → 14/1
2026-02-26T21:21:15.936Z [ODDS]  Dinamo Zagreb: 1/3 → 3/10
2026-02-26T21:21:18.649Z [ODDS]  Dinamo Zagreb: 3/10 → 1/3
2026-02-26T21:21:33.073Z [ODDS]  Dinamo Zagreb: 1/3 → 3/10
2026-02-26T21:23:17.251Z [ODDS]  Genk: 14/1 → 16/1
2026-02-26T21:23:30.790Z [ODDS]  Dinamo Zagreb: 3/10 → 2/7
2026-02-26T21:24:25.642Z [ODDS]  Dinamo Zagreb: 2/7 → 3/10
2026-02-26T21:24:31.684Z [ODDS]  Dinamo Zagreb: 3/10 → 2/7
2026-02-26T21:24:47.925Z [ODDS]  Draw: 10/3 → 7/2
2026-02-26T21:24:54.237Z [ODDS]  Draw: 7/2 → 10/3
2026-02-26T21:25:04.173Z [ODDS]  Draw: 10/3 → 7/2
2026-02-26T21:25:05.520Z [ODDS]  Draw: 7/2 → 10/3
2026-02-26T21:25:18.593Z [ODDS]  Draw: 10/3 → 7/2
2026-02-26T21:25:24.041Z [ODDS]  Draw: 7/2 → 10/3
2026-02-26T21:25:37.092Z [ODDS]  Draw: 10/3 → 7/2
2026-02-26T21:26:10.489Z [ODDS]  Draw: 7/2 → 10/3
2026-02-26T21:26:19.025Z [ODDS]  Dinamo Zagreb: 2/7 → 3/10
2026-02-26T21:26:29.399Z [ODDS]  Dinamo Zagreb: 3/10 → 2/7
2026-02-26T21:26:38.868Z [ODDS]  Dinamo Zagreb: 2/7 → 3/10
2026-02-26T21:26:44.281Z [ODDS]  Genk: 16/1 → 14/1
2026-02-26T21:27:12.695Z [ODDS]  Genk: 14/1 → 16/1
2026-02-26T21:28:18.540Z [ODDS]  Dinamo Zagreb: 3/10 → 2/7
2026-02-26T21:29:00.935Z [ODDS]  Dinamo Zagreb: 2/7 → 3/10
2026-02-26T21:29:08.150Z [ODDS]  Genk: 16/1 → 14/1
2026-02-26T21:29:16.723Z [ODDS]  Genk: 14/1 → 16/1
2026-02-26T21:29:40.624Z [ODDS]  Genk: 16/1 → 14/1
2026-02-26T21:29:54.198Z [ODDS]  Genk: 14/1 → 16/1
2026-02-26T21:30:16.705Z [ODDS]  Dinamo Zagreb: 3/10 → 1/3, Draw: 10/3 → 3/1, Genk: 16/1 → 14/1
2026-02-26T21:30:24.926Z [ODDS]  Genk: 14/1 → 16/1
2026-02-26T21:30:55.056Z [ODDS]  Dinamo Zagreb: 1/3 → 3/10, Genk: 16/1 → 18/1
2026-02-26T21:31:17.591Z [ODDS]  Dinamo Zagreb: 3/10 → 1/3
2026-02-26T21:31:32.925Z [ODDS]  Dinamo Zagreb: 1/3 → 3/10
2026-02-26T21:31:37.476Z [ODDS]  Dinamo Zagreb: 3/10 → 1/3
2026-02-26T21:31:54.623Z [ODDS]  Dinamo Zagreb: 1/3 → 3/10
2026-02-26T21:32:02.699Z [ODDS]  Dinamo Zagreb: 3/10 → 1/3
2026-02-26T21:32:12.172Z [ODDS]  Dinamo Zagreb: 1/3 → 3/10
2026-02-26T21:32:13.994Z [ODDS]  Dinamo Zagreb: 3/10 → 2/7, Draw: 3/1 → 10/3, Genk: 18/1 → 20/1
2026-02-26T21:32:19.984Z [ODDS]  Dinamo Zagreb: 2/7 → 1/33, Draw: 10/3 → 16/1, Genk: 20/1 → 50/1
2026-02-26T21:32:19.993Z [EVENT]  score: 1-3
2026-02-26T21:32:30.209Z [ODDS]  Dinamo Zagreb: 1/33 → 1/40
2026-02-26T21:32:52.776Z [ODDS]  Dinamo Zagreb: 1/40 → 1/33, Draw: 16/1 → 14/1
2026-02-26T21:33:06.326Z [ODDS]  Dinamo Zagreb: 1/33 → 1/50, Draw: 14/1 → 18/1
2026-02-26T21:33:11.716Z [ODDS]  Genk: 50/1 → 66/1
2026-02-26T21:33:27.036Z [ODDS]  Draw: 18/1 → 20/1
2026-02-26T21:33:29.285Z [ODDS]  Dinamo Zagreb: 1/50 → 1/66
2026-02-26T21:33:43.743Z [ODDS]  Dinamo Zagreb: 1/66 → 1/50, Draw: 20/1 → 18/1, Genk: 66/1 → 50/1
2026-02-26T21:33:45.541Z [ODDS]  Dinamo Zagreb: 1/50 → 1/40
2026-02-26T21:34:00.863Z [ODDS]  Dinamo Zagreb: 1/40 → 1/50, Genk: 50/1 → 66/1
2026-02-26T21:34:33.329Z [ODDS]  Dinamo Zagreb: 1/50 → 1/66, Draw: 18/1 → 20/1
2026-02-26T21:34:45.098Z [ODDS]  Genk: 66/1 → 80/1
2026-02-26T21:35:11.270Z [ODDS]  Dinamo Zagreb: 1/66 → 1/80, Draw: 20/1 → 22/1
2026-02-26T21:36:04.985Z [ODDS]  Dinamo Zagreb: 1/80 → 1/100, Draw: 22/1 → 25/1
2026-02-26T21:36:22.022Z [ODDS]  Genk: 80/1 → 100/1
2026-02-26T21:36:37.358Z [ODDS]  Dinamo Zagreb: 1/100 → 1/80, Draw: 25/1 → 22/1
2026-02-26T21:37:19.303Z [ODDS]  Dinamo Zagreb: 1/80 → 1/100, Draw: 22/1 → 25/1
2026-02-26T21:37:47.286Z [ODDS]  Dinamo Zagreb: 1/100 → 1/125
2026-02-26T21:38:17.344Z [ODDS]  Dinamo Zagreb: 1/125 → 1/150, Draw: 25/1 → 28/1
2026-02-26T21:38:38.991Z [ODDS]  Draw: 28/1 → 33/1, Genk: 100/1 → 150/1
2026-02-26T21:38:50.279Z [ODDS]  Dinamo Zagreb: 1/150 → 1/200, Draw: 33/1 → 40/1, Genk: 150/1 → 300/1
2026-02-26T21:40:51.643Z [ODDS]  Dinamo Zagreb: 1/200 → 1/250
2026-02-26T21:41:09.219Z [ODDS]  Dinamo Zagreb: 1/250 → 1/200
2026-02-26T21:41:15.941Z [ODDS]  Dinamo Zagreb: 1/200 → 1/250
2026-02-26T21:42:01.942Z [ODDS]  Genk: 300/1 → 350/1
2026-02-26T21:43:24.478Z [ODDS]  Genk: 350/1 → 400/1
2026-02-26T21:43:42.066Z [ODDS]  Dinamo Zagreb: 1/250 → 1/500, Draw: 40/1 → 50/1
2026-02-26T21:44:48.362Z [ODDS]  Genk: 400/1 → 450/1
2026-02-26T21:45:44.303Z [ODDS]  Genk: 450/1 → 500/1
2026-02-26T21:45:46.995Z [ODDS]  Genk: 500/1 → 450/1
2026-02-26T21:45:58.719Z [ODDS]  Genk: 450/1 → 500/1
2026-02-26T22:06:35.029Z [EVENT]  score: 2-3
2026-02-26T22:25:19.037Z [EVENT]  score: 3-3
