2026-02-26T23:08:41.988Z [ODDS]  Defensor Sporting: 11/8 → 13/10
2026-02-26T23:08:46.494Z [ODDS]  Defensor Sporting: 13/10 → 11/8
2026-02-26T23:09:00.024Z [ODDS]  Defensor Sporting: 11/8 → 15/4, Draw: 21/10 → 11/4, Montevideo City Torque: 21/10 → 4/6
2026-02-26T23:09:00.025Z [EVENT]  score: 1-0
2026-02-26T23:09:20.321Z [ODDS]  Defensor Sporting: 15/4 → 7/2, Montevideo City Torque: 4/6 → 8/11
2026-02-26T23:09:32.986Z [ODDS]  Defensor Sporting: 7/2 → 15/4, Montevideo City Torque: 8/11 → 4/6
2026-02-26T23:12:32.903Z [ODDS]  Defensor Sporting: 15/4 → 4/1
2026-02-26T23:13:13.946Z [ODDS]  Defensor Sporting: 4/1 → 7/4, Draw: 11/4 → 12/5, Montevideo City Torque: 4/6 → 7/5
2026-02-26T23:13:24.770Z [ODDS]  Montevideo City Torque: 7/5 → 11/8
2026-02-26T23:13:32.436Z [ODDS]  Montevideo City Torque: 11/8 → 7/5
2026-02-26T23:15:38.266Z [ODDS]  Montevideo City Torque: 7/5 → 11/8
2026-02-26T23:16:18.405Z [ODDS]  Defensor Sporting: 7/4 → 15/8
2026-02-26T23:16:35.991Z [ODDS]  Defensor Sporting: 15/8 → 4/1, Draw: 12/5 → 3/1, Montevideo City Torque: 11/8 → 8/13
2026-02-26T23:17:19.739Z [ODDS]  Draw: 3/1 → 11/4, Montevideo City Torque: 8/13 → 4/6
2026-02-26T23:17:30.563Z [ODDS]  Montevideo City Torque: 4/6 → 8/13
2026-02-26T23:17:52.669Z [ODDS]  Montevideo City Torque: 8/13 → 4/6
2026-02-26T23:18:05.742Z [ODDS]  Montevideo City Torque: 4/6 → 8/13
2026-02-26T23:18:24.234Z [ODDS]  Defensor Sporting: 4/1 → 9/2
2026-02-26T23:22:36.796Z [ODDS]  Montevideo City Torque: 8/13 → 4/7
2026-02-26T23:23:10.623Z [ODDS]  Defensor Sporting: 9/2 → 5/1
2026-02-26T23:23:19.191Z [ODDS]  Defensor Sporting: 5/1 → 9/2
2026-02-26T23:23:20.543Z [ODDS]  Defensor Sporting: 9/2 → 5/1
2026-02-26T23:24:10.156Z [ODDS]  Defensor Sporting: 5/1 → 9/2
2026-02-26T23:24:11.509Z [ODDS]  Montevideo City Torque: 4/7 → 8/13
2026-02-26T23:24:11.982Z [ODDS]  Montevideo City Torque: 8/13 → 4/7
2026-02-26T23:24:46.688Z [ODDS]  Defensor Sporting: 9/2 → 5/1
2026-02-26T23:30:51.550Z [ODDS]  Defensor Sporting: 5/1 → 11/2
2026-02-26T23:30:56.519Z [ODDS]  Defensor Sporting: 11/2 → 5/1
2026-02-26T23:31:02.825Z [ODDS]  Defensor Sporting: 5/1 → 11/2
2026-02-26T23:31:32.592Z [ODDS]  Defensor Sporting: 11/2 → 5/1
2026-02-26T23:32:26.265Z [ODDS]  Defensor Sporting: 5/1 → 11/2, Montevideo City Torque: 4/7 → 8/15
2026-02-26T23:35:00.957Z [ODDS]  Defensor Sporting: 11/2 → 6/1
2026-02-26T23:35:01.407Z [ODDS]  Defensor Sporting: 6/1 → 11/2
2026-02-26T23:35:02.759Z [ODDS]  Defensor Sporting: 11/2 → 6/1
2026-02-26T23:35:47.410Z [ODDS]  Montevideo City Torque: 8/15 → 1/2
2026-02-26T23:36:05.899Z [ODDS]  Montevideo City Torque: 1/2 → 8/15
2026-02-26T23:36:10.411Z [ODDS]  Montevideo City Torque: 8/15 → 1/2
2026-02-26T23:36:58.215Z [ODDS]  Defensor Sporting: 6/1 → 13/2
2026-02-26T23:37:04.529Z [ODDS]  Defensor Sporting: 13/2 → 6/1
2026-02-26T23:37:05.433Z [ODDS]  Defensor Sporting: 6/1 → 13/2
2026-02-26T23:37:08.137Z [ODDS]  Defensor Sporting: 13/2 → 6/1
2026-02-26T23:38:03.611Z [ODDS]  Defensor Sporting: 6/1 → 13/2
2026-02-26T23:41:47.678Z [ODDS]  Defensor Sporting: 13/2 → 7/1
2026-02-26T23:41:51.740Z [ODDS]  Defensor Sporting: 7/1 → 13/2
2026-02-26T23:44:13.803Z [ODDS]  Draw: 11/4 → 13/5
2026-02-26T23:45:12.435Z [ODDS]  Defensor Sporting: 13/2 → 6/1, Montevideo City Torque: 1/2 → 8/15
2026-02-26T23:45:20.100Z [ODDS]  Defensor Sporting: 6/1 → 13/2, Draw: 13/5 → 11/4, Montevideo City Torque: 8/15 → 1/2
2026-02-26T23:46:39.023Z [ODDS]  Draw: 11/4 → 13/5
2026-02-26T23:46:53.003Z [ODDS]  Defensor Sporting: 13/2 → 7/1, Draw: 13/5 → 11/4
2026-02-26T23:47:05.631Z [ODDS]  Montevideo City Torque: 1/2 → 4/9
2026-02-26T23:47:09.691Z [ODDS]  Montevideo City Torque: 4/9 → 1/2
2026-02-26T23:47:12.857Z [ODDS]  Defensor Sporting: 7/1 → 13/2, Draw: 11/4 → 13/5
2026-02-26T23:47:25.024Z [ODDS]  Defensor Sporting: 13/2 → 7/1, Draw: 13/5 → 11/4
2026-02-26T23:47:35.850Z [ODDS]  Defensor Sporting: 7/1 → 13/2
2026-02-26T23:49:18.683Z [ODDS]  Defensor Sporting: 13/2 → 7/1
2026-02-26T23:50:44.824Z [ODDS]  Montevideo City Torque: 1/2 → 4/9
2026-02-26T23:51:17.296Z [ODDS]  Defensor Sporting: 7/1 → 15/2
2026-02-26T23:51:38.495Z [ODDS]  Defensor Sporting: 15/2 → 7/1, Montevideo City Torque: 4/9 → 1/2
2026-02-26T23:51:52.474Z [ODDS]  Defensor Sporting: 7/1 → 15/2, Montevideo City Torque: 1/2 → 4/9
2026-02-26T23:52:01.044Z [ODDS]  Defensor Sporting: 15/2 → 7/1
2026-02-26T23:52:07.824Z [ODDS]  Defensor Sporting: 7/1 → 15/2
