2026-02-26T19:47:35.169Z [ODDS]  FC Masar: 9/2 → 5/1, Draw: 11/4 → 3/1, Abu Qair Semad: 8/15 → 1/2
2026-02-26T19:47:38.777Z [ODDS]  FC Masar: 5/1 → 9/2, Draw: 3/1 → 11/4, Abu Qair Semad: 1/2 → 8/15
2026-02-26T19:47:55.471Z [ODDS]  FC Masar: 9/2 → 5/1
2026-02-26T19:48:22.526Z [ODDS]  Draw: 11/4 → 3/1, Abu Qair Semad: 8/15 → 1/2
2026-02-26T19:48:24.326Z [ODDS]  Draw: 3/1 → 11/4, Abu Qair Semad: 1/2 → 8/15
2026-02-26T19:49:50.467Z [ODDS]  Abu Qair Semad: 8/15 → 1/2
2026-02-26T19:49:54.527Z [ODDS]  Draw: 11/4 → 3/1
2026-02-26T19:50:04.459Z [ODDS]  Draw: 3/1 → 11/4
2026-02-26T19:50:25.653Z [ODDS]  Draw: 11/4 → 3/1
2026-02-26T19:50:33.314Z [ODDS]  Draw: 3/1 → 11/4
2026-02-26T19:50:36.470Z [ODDS]  Abu Qair Semad: 1/2 → 8/15
2026-02-26T19:50:51.813Z [ODDS]  Abu Qair Semad: 8/15 → 1/2
2026-02-26T19:51:15.712Z [ODDS]  Abu Qair Semad: 1/2 → 8/15
2026-02-26T19:51:20.258Z [ODDS]  Draw: 11/4 → 3/1, Abu Qair Semad: 8/15 → 1/2
2026-02-26T19:51:54.493Z [ODDS]  Draw: 3/1 → 11/4
2026-02-26T19:52:16.150Z [ODDS]  Abu Qair Semad: 1/2 → 8/15
2026-02-26T19:52:47.744Z [ODDS]  FC Masar: 5/1 → 9/2
2026-02-26T19:52:49.071Z [ODDS]  FC Masar: 9/2 → 5/1
2026-02-26T19:53:22.445Z [ODDS]  Abu Qair Semad: 8/15 → 1/2
2026-02-26T19:53:22.897Z [ODDS]  Abu Qair Semad: 1/2 → 8/15
2026-02-26T19:54:09.351Z [ODDS]  Abu Qair Semad: 8/15 → 1/2
2026-02-26T19:54:50.846Z [ODDS]  FC Masar: 5/1 → 6/4, Draw: 11/4 → 7/4, Abu Qair Semad: 1/2 → 21/10
2026-02-26T19:54:50.846Z [EVENT]  score: 1-1
2026-02-26T19:55:03.469Z [ODDS]  FC Masar: 6/4 → 15/8, Draw: 7/4 → 13/8, Abu Qair Semad: 21/10 → 7/4
2026-02-26T19:55:05.284Z [ODDS]  FC Masar: 15/8 → 7/4, Abu Qair Semad: 7/4 → 15/8
2026-02-26T19:55:53.104Z [ODDS]  FC Masar: 7/4 → 15/8, Abu Qair Semad: 15/8 → 7/4
2026-02-26T19:55:57.165Z [ODDS]  Abu Qair Semad: 7/4 → 13/8
2026-02-26T19:56:08.001Z [ODDS]  Draw: 13/8 → 7/4, Abu Qair Semad: 13/8 → 7/4
2026-02-26T19:56:14.760Z [ODDS]  Draw: 7/4 → 13/8, Abu Qair Semad: 7/4 → 13/8
2026-02-26T19:56:27.392Z [ODDS]  Abu Qair Semad: 13/8 → 7/4
2026-02-26T19:56:52.650Z [ODDS]  Draw: 13/8 → 7/4, Abu Qair Semad: 7/4 → 13/8
2026-02-26T19:56:54.910Z [ODDS]  Draw: 7/4 → 13/8, Abu Qair Semad: 13/8 → 7/4
2026-02-26T19:57:26.481Z [ODDS]  Draw: 13/8 → 8/5
2026-02-26T19:57:33.243Z [ODDS]  Draw: 8/5 → 13/8
2026-02-26T19:58:28.735Z [ODDS]  Abu Qair Semad: 7/4 → 13/8
2026-02-26T19:58:35.483Z [ODDS]  FC Masar: 15/8 → 2/1
2026-02-26T19:58:41.346Z [ODDS]  FC Masar: 2/1 → 15/8, Abu Qair Semad: 13/8 → 7/4
2026-02-26T19:59:00.747Z [ODDS]  Draw: 13/8 → 8/5
2026-02-26T19:59:07.504Z [ODDS]  Draw: 8/5 → 13/8
2026-02-26T19:59:42.235Z [ODDS]  FC Masar: 15/8 → 2/1, Draw: 13/8 → 8/5
2026-02-26T20:01:03.866Z [ODDS]  Draw: 8/5 → 6/4
2026-02-26T20:01:53.020Z [ODDS]  FC Masar: 2/1 → 21/10
2026-02-26T20:01:55.305Z [ODDS]  FC Masar: 21/10 → 2/1
2026-02-26T20:02:12.423Z [ODDS]  FC Masar: 2/1 → 21/10, Draw: 6/4 → 8/5
2026-02-26T20:02:27.297Z [ODDS]  Draw: 8/5 → 6/4
2026-02-26T20:03:16.016Z [ODDS]  FC Masar: 21/10 → 11/5
2026-02-26T20:03:21.421Z [ODDS]  FC Masar: 11/5 → 21/10
2026-02-26T20:03:25.030Z [ODDS]  FC Masar: 21/10 → 11/5
2026-02-26T20:03:38.556Z [ODDS]  FC Masar: 11/5 → 9/4, Abu Qair Semad: 7/4 → 13/8
2026-02-26T20:04:06.072Z [ODDS]  Draw: 6/4 → 7/5
2026-02-26T20:04:10.189Z [ODDS]  FC Masar: 9/4 → 11/5, Draw: 7/5 → 6/4, Abu Qair Semad: 13/8 → 7/4
2026-02-26T20:04:20.956Z [ODDS]  FC Masar: 11/5 → 9/4, Abu Qair Semad: 7/4 → 13/8
2026-02-26T20:04:22.311Z [ODDS]  FC Masar: 9/4 → 21/10, Abu Qair Semad: 13/8 → 7/4
2026-02-26T20:04:56.585Z [ODDS]  FC Masar: 21/10 → 11/5
2026-02-26T20:05:13.277Z [ODDS]  Draw: 6/4 → 7/5
2026-02-26T20:05:14.181Z [ODDS]  FC Masar: 11/5 → 21/10, Draw: 7/5 → 6/4
2026-02-26T20:05:49.798Z [ODDS]  FC Masar: 21/10 → 11/5, Draw: 6/4 → 7/5
2026-02-26T20:07:01.062Z [ODDS]  FC Masar: 11/5 → 9/4
2026-02-26T20:07:29.926Z [ODDS]  FC Masar: 9/4 → 11/5
2026-02-26T20:09:01.640Z [ODDS]  FC Masar: 11/5 → 9/4, Draw: 7/5 → 11/8
2026-02-26T20:09:02.087Z [ODDS]  Draw: 11/8 → 7/5
2026-02-26T20:09:18.319Z [ODDS]  Draw: 7/5 → 11/8
2026-02-26T20:10:09.742Z [ODDS]  Draw: 11/8 → 13/10
2026-02-26T20:10:10.192Z [ODDS]  FC Masar: 9/4 → 12/5
2026-02-26T20:12:12.864Z [ODDS]  Draw: 13/10 → 5/4, Abu Qair Semad: 7/4 → 15/8
2026-02-26T20:12:13.430Z [ODDS]  Draw: 5/4 → 13/10, Abu Qair Semad: 15/8 → 7/4
2026-02-26T20:12:14.531Z [ODDS]  Draw: 13/10 → 5/4, Abu Qair Semad: 7/4 → 15/8
2026-02-26T20:12:27.298Z [ODDS]  FC Masar: 12/5 → 9/4, Draw: 5/4 → 11/8, Abu Qair Semad: 15/8 → 7/4
2026-02-26T20:12:36.767Z [ODDS]  FC Masar: 9/4 → 12/5, Draw: 11/8 → 5/4, Abu Qair Semad: 7/4 → 15/8
2026-02-26T20:13:25.469Z [ODDS]  FC Masar: 12/5 → 5/2, Abu Qair Semad: 15/8 → 7/4
2026-02-26T20:13:37.648Z [ODDS]  FC Masar: 5/2 → 12/5, Abu Qair Semad: 7/4 → 15/8
2026-02-26T20:13:45.772Z [ODDS]  Abu Qair Semad: 15/8 → 7/4
2026-02-26T20:13:47.570Z [ODDS]  Abu Qair Semad: 7/4 → 15/8
2026-02-26T20:14:11.932Z [ODDS]  FC Masar: 12/5 → 5/2, Abu Qair Semad: 15/8 → 7/4
2026-02-26T20:15:28.599Z [ODDS]  FC Masar: 5/2 → 13/5
2026-02-26T20:15:32.655Z [ODDS]  Draw: 5/4 → 6/5
2026-02-26T20:15:37.616Z [ODDS]  FC Masar: 13/5 → 5/2
2026-02-26T20:15:53.412Z [ODDS]  FC Masar: 5/2 → 13/5
2026-02-26T20:17:52.028Z [ODDS]  FC Masar: 13/5 → 11/4, Abu Qair Semad: 7/4 → 13/8
2026-02-26T20:17:56.090Z [ODDS]  FC Masar: 11/4 → 13/5, Abu Qair Semad: 13/8 → 7/4
2026-02-26T20:18:00.157Z [ODDS]  FC Masar: 13/5 → 11/4
2026-02-26T20:18:17.735Z [ODDS]  Abu Qair Semad: 7/4 → 13/8
2026-02-26T20:18:23.145Z [ODDS]  Abu Qair Semad: 13/8 → 7/4
2026-02-26T20:20:13.192Z [ODDS]  FC Masar: 11/4 → 13/5
2026-02-26T20:20:14.099Z [ODDS]  FC Masar: 13/5 → 11/4
2026-02-26T20:20:30.779Z [ODDS]  FC Masar: 11/4 → 13/5
2026-02-26T20:20:46.576Z [ODDS]  FC Masar: 13/5 → 11/4
2026-02-26T20:21:25.800Z [ODDS]  FC Masar: 11/4 → 13/5
2026-02-26T20:21:42.510Z [ODDS]  FC Masar: 13/5 → 11/4
2026-02-26T20:41:45.450Z [ODDS]  Abu Qair Semad: 7/4 → 13/8
2026-02-26T20:42:04.393Z [ODDS]  Abu Qair Semad: 13/8 → 7/4
2026-02-26T20:42:08.001Z [ODDS]  FC Masar: 11/4 → 13/5, Abu Qair Semad: 7/4 → 15/8
2026-02-26T20:42:11.620Z [ODDS]  FC Masar: 13/5 → 11/4, Draw: 6/5 → 11/10
2026-02-26T20:42:17.922Z [ODDS]  FC Masar: 11/4 → 13/5, FC Masar: 13/5 → 11/4, Draw: 11/10 → 6/5, Abu Qair Semad: 15/8 → 7/4
2026-02-26T20:42:17.922Z [ODDS]  FC Masar: 11/4 → 13/5, FC Masar: 13/5 → 11/4
2026-02-26T20:42:59.416Z [ODDS]  Draw: 6/5 → 11/10, Abu Qair Semad: 7/4 → 15/8
2026-02-26T20:43:04.827Z [ODDS]  Abu Qair Semad: 15/8 → 7/4
2026-02-26T20:43:05.278Z [ODDS]  FC Masar: 11/4 → 13/5, Draw: 11/10 → 6/5, Abu Qair Semad: 7/4 → 15/8
2026-02-26T20:43:27.828Z [ODDS]  Draw: 6/5 → 11/10
2026-02-26T20:43:44.517Z [ODDS]  FC Masar: 13/5 → 11/4
2026-02-26T20:45:32.309Z [ODDS]  Draw: 11/10 → 21/20
2026-02-26T20:46:18.759Z [ODDS]  Abu Qair Semad: 15/8 → 2/1
2026-02-26T20:46:42.677Z [ODDS]  Draw: 21/20 → 1/1
2026-02-26T20:47:13.333Z [ODDS]  Draw: 1/1 → 21/20
2026-02-26T20:47:13.785Z [ODDS]  FC Masar: 11/4 → 3/1, Abu Qair Semad: 2/1 → 15/8
2026-02-26T20:47:52.572Z [ODDS]  Draw: 21/20 → 1/1, Abu Qair Semad: 15/8 → 2/1
2026-02-26T20:47:58.528Z [ODDS]  FC Masar: 3/1 → 11/1, Draw: 1/1 → 15/4, Abu Qair Semad: 2/1 → 2/9
2026-02-26T20:47:58.528Z [EVENT]  score: 2-1
2026-02-26T20:48:07.548Z [ODDS]  FC Masar: 11/1 → 10/1, Abu Qair Semad: 2/9 → 1/4
2026-02-26T20:48:17.480Z [ODDS]  Draw: 15/4 → 7/2
2026-02-26T20:48:19.725Z [ODDS]  FC Masar: 10/1 → 13/5, Draw: 7/2 → 20/21, Abu Qair Semad: 1/4 → 9/4
2026-02-26T20:48:19.725Z [EVENT]  score: 1-1
2026-02-26T20:48:21.079Z [ODDS]  FC Masar: 13/5 → 5/2, Draw: 20/21 → 1/1, Abu Qair Semad: 9/4 → 12/5
2026-02-26T20:48:26.492Z [ODDS]  FC Masar: 5/2 → 13/5, Draw: 1/1 → 20/21, Abu Qair Semad: 12/5 → 9/4
2026-02-26T20:48:35.962Z [ODDS]  FC Masar: 13/5 → 11/4
2026-02-26T20:49:55.800Z [ODDS]  Draw: 20/21 → 10/11
2026-02-26T20:50:21.970Z [ODDS]  Draw: 20/21 → 10/11, Abu Qair Semad: 11/5 → 9/4
2026-02-26T20:50:35.499Z [ODDS]  Draw: 10/11 → 20/21, Abu Qair Semad: 9/4 → 11/5
2026-02-26T20:50:59.401Z [ODDS]  Draw: 20/21 → 10/11, Abu Qair Semad: 11/5 → 12/5
2026-02-26T20:52:02.109Z [ODDS]  Abu Qair Semad: 12/5 → 9/4
2026-02-26T20:52:03.445Z [ODDS]  Abu Qair Semad: 9/4 → 12/5
2026-02-26T20:52:41.794Z [ODDS]  Draw: 10/11 → 5/6
2026-02-26T20:53:47.227Z [ODDS]  FC Masar: 11/4 → 3/1
2026-02-26T20:53:57.111Z [ODDS]  FC Masar: 3/1 → 11/4, Abu Qair Semad: 12/5 → 5/2
2026-02-26T20:53:58.012Z [ODDS]  FC Masar: 11/4 → 3/1, Abu Qair Semad: 5/2 → 9/4
2026-02-26T20:54:01.619Z [ODDS]  Abu Qair Semad: 9/4 → 12/5
2026-02-26T20:54:19.208Z [ODDS]  Abu Qair Semad: 12/5 → 5/2
2026-02-26T20:55:20.101Z [ODDS]  Draw: 5/6 → 4/5
2026-02-26T20:56:48.506Z [ODDS]  Abu Qair Semad: 5/2 → 13/5
2026-02-26T20:58:02.463Z [ODDS]  Draw: 4/5 → 8/11
2026-02-26T20:59:32.227Z [ODDS]  Abu Qair Semad: 13/5 → 11/4
2026-02-26T21:00:13.709Z [ODDS]  FC Masar: 3/1 → 10/3
2026-02-26T21:01:28.468Z [ODDS]  Draw: 8/11 → 4/6
2026-02-26T21:01:33.138Z [ODDS]  Draw: 4/6 → 8/11, Abu Qair Semad: 11/4 → 13/5
2026-02-26T21:02:27.211Z [ODDS]  Draw: 8/11 → 4/6, Abu Qair Semad: 13/5 → 11/4
2026-02-26T21:03:14.123Z [ODDS]  Abu Qair Semad: 11/4 → 3/1
2026-02-26T21:03:33.066Z [ODDS]  FC Masar: 10/3 → 7/2, Abu Qair Semad: 3/1 → 11/4
2026-02-26T21:04:13.203Z [ODDS]  Draw: 4/6 → 8/13
2026-02-26T21:04:46.136Z [ODDS]  FC Masar: 7/2 → 15/4
2026-02-26T21:05:24.014Z [ODDS]  Abu Qair Semad: 11/4 → 3/1
2026-02-26T21:05:40.693Z [ODDS]  FC Masar: 15/4 → 7/2
2026-02-26T21:05:48.358Z [ODDS]  FC Masar: 7/2 → 15/4
2026-02-26T21:06:29.405Z [ODDS]  Draw: 8/13 → 4/7
2026-02-26T21:07:08.186Z [ODDS]  FC Masar: 15/4 → 7/2, Draw: 4/7 → 8/13
2026-02-26T21:07:09.148Z [ODDS]  FC Masar: 7/2 → 15/4, Draw: 8/13 → 4/7
2026-02-26T21:07:30.286Z [ODDS]  FC Masar: 15/4 → 4/1
2026-02-26T21:08:23.356Z [ODDS]  Draw: 4/7 → 8/15
2026-02-26T21:08:56.280Z [ODDS]  Abu Qair Semad: 3/1 → 10/3
2026-02-26T21:09:43.182Z [ODDS]  Draw: 8/15 → 1/2
2026-02-26T21:10:50.385Z [ODDS]  FC Masar: 4/1 → 9/2
2026-02-26T21:11:20.614Z [ODDS]  Abu Qair Semad: 10/3 → 7/2
2026-02-26T21:11:38.202Z [ODDS]  Draw: 1/2 → 4/9
2026-02-26T21:12:47.192Z [ODDS]  Abu Qair Semad: 7/2 → 15/4
2026-02-26T21:13:38.167Z [ODDS]  Draw: 4/9 → 2/5
2026-02-26T21:13:38.606Z [ODDS]  FC Masar: 9/2 → 5/1, Draw: 2/5 → 4/9, Abu Qair Semad: 15/4 → 7/2
2026-02-26T21:13:41.323Z [ODDS]  FC Masar: 5/1 → 9/2, Draw: 4/9 → 2/5, Abu Qair Semad: 7/2 → 15/4
2026-02-26T21:13:56.657Z [ODDS]  FC Masar: 9/2 → 5/1
2026-02-26T21:14:26.867Z [ODDS]  Abu Qair Semad: 15/4 → 4/1
2026-02-26T21:15:11.066Z [ODDS]  Draw: 2/5 → 4/11
2026-02-26T21:16:28.639Z [ODDS]  FC Masar: 5/1 → 11/2, Abu Qair Semad: 4/1 → 9/2
2026-02-26T21:16:35.856Z [ODDS]  Draw: 4/11 → 1/3
2026-02-26T21:17:48.966Z [ODDS]  Draw: 1/3 → 3/10
2026-02-26T21:18:26.804Z [ODDS]  FC Masar: 11/2 → 6/1, Abu Qair Semad: 9/2 → 5/1
2026-02-26T21:18:38.989Z [ODDS]  Draw: 3/10 → 2/7
2026-02-26T21:19:43.022Z [ODDS]  Draw: 2/7 → 1/4
2026-02-26T21:19:54.300Z [ODDS]  Abu Qair Semad: 5/1 → 11/2
2026-02-26T21:20:09.188Z [ODDS]  FC Masar: 6/1 → 13/2, Draw: 1/4 → 2/7, Abu Qair Semad: 11/2 → 5/1
2026-02-26T21:20:10.087Z [ODDS]  FC Masar: 13/2 → 11/2, Abu Qair Semad: 5/1 → 11/2
2026-02-26T21:20:11.438Z [ODDS]  FC Masar: 11/2 → 13/2, Draw: 2/7 → 1/4
2026-02-26T21:20:50.679Z [ODDS]  Draw: 1/4 → 2/9
2026-02-26T21:21:10.519Z [ODDS]  Abu Qair Semad: 11/2 → 6/1
2026-02-26T21:21:33.972Z [ODDS]  FC Masar: 13/2 → 6/1, Draw: 2/9 → 1/4
2026-02-26T21:21:35.324Z [ODDS]  FC Masar: 6/1 → 13/2, Draw: 1/4 → 2/9
2026-02-26T21:21:48.403Z [ODDS]  FC Masar: 13/2 → 7/1, Draw: 2/9 → 1/5
2026-02-26T21:22:47.936Z [ODDS]  Draw: 1/5 → 2/11, Abu Qair Semad: 6/1 → 13/2
2026-02-26T21:23:08.683Z [ODDS]  FC Masar: 7/1 → 15/2, Draw: 2/11 → 1/6
2026-02-26T21:23:55.603Z [ODDS]  Draw: 1/6 → 1/7, Abu Qair Semad: 13/2 → 7/1
2026-02-26T21:24:06.432Z [ODDS]  FC Masar: 15/2 → 8/1
2026-02-26T21:24:36.647Z [ODDS]  Draw: 1/7 → 1/8
2026-02-26T21:24:47.925Z [ODDS]  Abu Qair Semad: 7/1 → 15/2
2026-02-26T21:24:54.692Z [ODDS]  FC Masar: 8/1 → 17/2
2026-02-26T21:25:08.218Z [ODDS]  FC Masar: 17/2 → 8/1
2026-02-26T21:25:16.334Z [ODDS]  FC Masar: 8/1 → 17/2
2026-02-26T21:25:19.040Z [ODDS]  FC Masar: 17/2 → 15/2, Draw: 1/8 → 1/7
2026-02-26T21:25:42.522Z [ODDS]  Abu Qair Semad: 15/2 → 8/1
2026-02-26T21:25:42.997Z [ODDS]  FC Masar: 15/2 → 17/2, Draw: 1/7 → 1/9, Abu Qair Semad: 8/1 → 15/2
2026-02-26T21:25:48.806Z [ODDS]  Abu Qair Semad: 15/2 → 8/1
2026-02-26T21:26:02.790Z [ODDS]  FC Masar: 17/2 → 9/1, Draw: 1/9 → 1/10
2026-02-26T21:26:21.289Z [ODDS]  FC Masar: 9/1 → 8/1, Draw: 1/10 → 1/9
2026-02-26T21:26:23.537Z [ODDS]  FC Masar: 8/1 → 9/1, Abu Qair Semad: 8/1 → 7/1
2026-02-26T21:26:24.445Z [ODDS]  Draw: 1/9 → 1/11, Abu Qair Semad: 7/1 → 8/1
2026-02-26T21:26:42.931Z [ODDS]  Draw: 1/11 → 1/12, Abu Qair Semad: 8/1 → 17/2
2026-02-26T21:26:45.633Z [ODDS]  FC Masar: 9/1 → 10/1
2026-02-26T21:27:05.026Z [ODDS]  Draw: 1/12 → 1/14, Abu Qair Semad: 17/2 → 9/1
2026-02-26T21:27:40.658Z [ODDS]  Draw: 1/14 → 1/16
2026-02-26T21:28:05.011Z [ODDS]  FC Masar: 10/1 → 11/1, Abu Qair Semad: 9/1 → 10/1
2026-02-26T21:28:13.581Z [ODDS]  Draw: 1/16 → 1/18
2026-02-26T21:28:37.934Z [ODDS]  Draw: 1/18 → 1/20
2026-02-26T21:29:01.837Z [ODDS]  FC Masar: 11/1 → 9/1, Draw: 1/20 → 1/18, Abu Qair Semad: 10/1 → 11/1
2026-02-26T21:29:14.015Z [ODDS]  FC Masar: 9/1 → 12/1, Draw: 1/18 → 1/22, Abu Qair Semad: 11/1 → 10/1
2026-02-26T21:29:18.977Z [ODDS]  Draw: 1/22 → 1/25, Abu Qair Semad: 10/1 → 12/1
2026-02-26T21:29:43.330Z [ODDS]  Draw: 1/25 → 1/28
2026-02-26T21:29:52.805Z [ODDS]  FC Masar: 12/1 → 10/1, Draw: 1/28 → 1/22
2026-02-26T21:29:53.774Z [ODDS]  FC Masar: 10/1 → 12/1, Draw: 1/22 → 1/28
2026-02-26T21:30:02.725Z [ODDS]  FC Masar: 12/1 → 14/1, Draw: 1/28 → 1/33, Abu Qair Semad: 12/1 → 14/1
2026-02-26T21:30:24.439Z [ODDS]  FC Masar: 14/1 → 16/1, Draw: 1/33 → 1/40, Abu Qair Semad: 14/1 → 16/1
2026-02-26T21:30:24.925Z [ODDS]  FC Masar: 16/1 → 14/1, Draw: 1/40 → 1/28, Abu Qair Semad: 16/1 → 12/1
2026-02-26T21:30:29.333Z [ODDS]  FC Masar: 14/1 → 16/1, Draw: 1/28 → 1/40, Abu Qair Semad: 12/1 → 16/1
2026-02-26T21:30:45.157Z [ODDS]  FC Masar: 16/1 → 18/1, Draw: 1/40 → 1/50, Abu Qair Semad: 16/1 → 18/1
2026-02-26T21:31:00.453Z [ODDS]  FC Masar: 18/1 → 20/1, Draw: 1/50 → 1/66, Abu Qair Semad: 18/1 → 20/1
2026-02-26T21:31:10.828Z [ODDS]  FC Masar: 20/1 → 22/1, Draw: 1/66 → 1/80, Abu Qair Semad: 20/1 → 22/1
