2026-02-26T22:38:22.733Z [ODDS]  England (CASTLE): 5/6 → 4/11, Draw: 12/5 → 7/2, Portugal (FAITH): 13/5 → 11/2
2026-02-26T22:38:28.598Z [ODDS]  England (CASTLE): 4/11 → 2/7, Draw: 7/2 → 4/1, Portugal (FAITH): 11/2 → 13/2
2026-02-26T22:38:28.598Z [EVENT]  score: 0-1
2026-02-26T22:39:18.211Z [ODDS]  Portugal (FAITH): 13/2 → 7/1
2026-02-26T22:39:33.996Z [ODDS]  England (CASTLE): 2/7 → 1/4
2026-02-26T22:39:43.922Z [ODDS]  England (CASTLE): 1/4 → 1/18, Draw: 4/1 → 9/1, Portugal (FAITH): 7/1 → 14/1
2026-02-26T22:39:43.922Z [EVENT]  score: 0-2
2026-02-26T22:40:14.137Z [ODDS]  England (CASTLE): 1/18 → 1/20, Draw: 9/1 → 10/1
2026-02-26T22:41:16.376Z [ODDS]  England (CASTLE): 1/20 → 1/22
2026-02-26T22:41:22.692Z [ODDS]  Portugal (FAITH): 14/1 → 16/1
2026-02-26T22:41:36.220Z [ODDS]  England (CASTLE): 1/22 → 1/25, Draw: 10/1 → 12/1
2026-02-26T22:42:12.300Z [ODDS]  England (CASTLE): 1/25 → 1/28
2026-02-26T22:42:20.871Z [ODDS]  Portugal (FAITH): 16/1 → 18/1
2026-02-26T22:43:35.300Z [ODDS]  England (CASTLE): 1/28 → 1/33, Draw: 12/1 → 14/1
2026-02-26T22:43:50.169Z [ODDS]  Portugal (FAITH): 18/1 → 20/1
2026-02-26T22:44:10.013Z [ODDS]  England (CASTLE): 1/33 → 1/40, Draw: 14/1 → 16/1
2026-02-26T22:44:41.133Z [ODDS]  Portugal (FAITH): 20/1 → 22/1
2026-02-26T22:44:44.291Z [ODDS]  England (CASTLE): 1/40 → 1/50, Draw: 16/1 → 18/1
2026-02-26T22:44:47.021Z [ODDS]  England (CASTLE): 1/50 → 1/500, Draw: 18/1 → 50/1, Portugal (FAITH): 22/1 → 50/1
2026-02-26T22:44:47.021Z [EVENT]  score: 0-3
