2026-02-26T23:39:09.377Z [ODDS]  CD Platense: 2/1 → 15/8, Lobos UPNFM: 13/10 → 11/8
2026-02-26T23:39:29.220Z [ODDS]  CD Platense: 15/8 → 2/1, Lobos UPNFM: 11/8 → 13/10
2026-02-26T23:39:33.735Z [ODDS]  CD Platense: 2/1 → 15/8, Lobos UPNFM: 13/10 → 11/8
2026-02-26T23:39:38.692Z [ODDS]  CD Platense: 15/8 → 2/1, Lobos UPNFM: 11/8 → 13/10
2026-02-26T23:40:07.105Z [ODDS]  CD Platense: 2/1 → 15/8, Lobos UPNFM: 13/10 → 11/8
2026-02-26T23:40:13.423Z [ODDS]  CD Platense: 15/8 → 21/10, Lobos UPNFM: 11/8 → 5/4
2026-02-26T23:43:11.565Z [ODDS]  Draw: 21/10 → 2/1
2026-02-26T23:43:18.330Z [ODDS]  Lobos UPNFM: 5/4 → 13/10
2026-02-26T23:43:30.510Z [ODDS]  CD Platense: 21/10 → 9/4, Lobos UPNFM: 13/10 → 6/5
2026-02-26T23:43:37.722Z [ODDS]  Draw: 2/1 → 21/10
2026-02-26T23:43:40.880Z [ODDS]  CD Platense: 9/4 → 11/5
2026-02-26T23:44:54.844Z [ODDS]  Draw: 21/10 → 2/1, Lobos UPNFM: 6/5 → 5/4
2026-02-26T23:46:04.747Z [ODDS]  CD Platense: 11/5 → 9/4
2026-02-26T23:46:29.102Z [ODDS]  CD Platense: 9/4 → 11/5
2026-02-26T23:46:30.456Z [ODDS]  CD Platense: 11/5 → 21/10, Lobos UPNFM: 5/4 → 13/10
2026-02-26T23:47:11.044Z [ODDS]  CD Platense: 21/10 → 11/5, Draw: 2/1 → 21/10, Lobos UPNFM: 13/10 → 6/5
2026-02-26T23:47:12.400Z [ODDS]  CD Platense: 11/5 → 21/10, Lobos UPNFM: 6/5 → 5/4
2026-02-26T23:47:51.183Z [ODDS]  CD Platense: 21/10 → 11/5
2026-02-26T23:47:51.635Z [ODDS]  Lobos UPNFM: 5/4 → 6/5
2026-02-26T23:48:09.226Z [ODDS]  CD Platense: 11/5 → 9/4
2026-02-26T23:48:10.124Z [ODDS]  CD Platense: 9/4 → 11/5
2026-02-26T23:48:11.026Z [ODDS]  CD Platense: 11/5 → 9/4, Draw: 21/10 → 15/8, Lobos UPNFM: 6/5 → 5/4
2026-02-26T23:48:15.988Z [ODDS]  Draw: 15/8 → 2/1
2026-02-26T23:48:26.366Z [ODDS]  CD Platense: 9/4 → 11/5
2026-02-26T23:49:00.191Z [ODDS]  CD Platense: 11/5 → 9/4
2026-02-26T23:49:11.467Z [ODDS]  CD Platense: 9/4 → 11/5, Draw: 2/1 → 15/8, Lobos UPNFM: 5/4 → 13/10
2026-02-26T23:49:20.038Z [ODDS]  CD Platense: 11/5 → 9/4
2026-02-26T23:49:39.880Z [ODDS]  CD Platense: 9/4 → 11/5
2026-02-26T23:49:40.331Z [ODDS]  CD Platense: 11/5 → 21/10, Lobos UPNFM: 13/10 → 7/5
2026-02-26T23:49:47.999Z [ODDS]  CD Platense: 21/10 → 9/4, Lobos UPNFM: 7/5 → 13/10
2026-02-26T23:51:13.688Z [ODDS]  CD Platense: 9/4 → 11/5
2026-02-26T23:52:48.413Z [ODDS]  CD Platense: 11/5 → 9/4
2026-02-26T23:52:50.217Z [ODDS]  Draw: 15/8 → 7/4
2026-02-26T23:53:06.905Z [ODDS]  CD Platense: 9/4 → 11/5, Draw: 7/4 → 15/8, Lobos UPNFM: 13/10 → 11/8
2026-02-26T23:53:22.239Z [ODDS]  Draw: 15/8 → 7/4
2026-02-26T23:53:23.140Z [ODDS]  CD Platense: 11/5 → 9/4, Lobos UPNFM: 11/8 → 13/10
2026-02-26T23:53:31.257Z [ODDS]  Lobos UPNFM: 13/10 → 11/8
2026-02-26T23:53:51.102Z [ODDS]  Lobos UPNFM: 11/8 → 13/10
2026-02-26T23:54:15.455Z [ODDS]  Lobos UPNFM: 13/10 → 11/8
2026-02-26T23:54:49.732Z [ODDS]  CD Platense: 9/4 → 21/10, Lobos UPNFM: 11/8 → 6/4
2026-02-26T23:55:10.026Z [ODDS]  CD Platense: 21/10 → 2/1, Draw: 7/4 → 15/8, Lobos UPNFM: 6/4 → 7/5
2026-02-26T23:55:45.656Z [ODDS]  CD Platense: 2/1 → 9/4, Lobos UPNFM: 7/5 → 13/10
2026-02-26T23:55:50.165Z [ODDS]  CD Platense: 9/4 → 11/5, Lobos UPNFM: 13/10 → 11/8
2026-02-26T23:55:52.871Z [ODDS]  Draw: 15/8 → 7/4, Lobos UPNFM: 11/8 → 7/5
2026-02-26T23:55:56.965Z [ODDS]  CD Platense: 11/5 → 21/10
2026-02-26T23:56:43.500Z [ODDS]  CD Platense: 21/10 → 11/5
2026-02-26T23:56:50.700Z [ODDS]  CD Platense: 11/5 → 21/10, Lobos UPNFM: 7/5 → 6/4
2026-02-26T23:57:03.776Z [ODDS]  CD Platense: 21/10 → 11/5, Lobos UPNFM: 6/4 → 7/5
2026-02-26T23:57:04.227Z [ODDS]  CD Platense: 11/5 → 21/10, Lobos UPNFM: 7/5 → 6/4
2026-02-26T23:57:50.680Z [ODDS]  Draw: 7/4 → 13/8
2026-02-26T23:57:57.447Z [ODDS]  Lobos UPNFM: 6/4 → 8/5
2026-02-26T23:58:08.724Z [ODDS]  CD Platense: 21/10 → 2/1, Draw: 13/8 → 7/4
2026-02-26T23:58:11.976Z [ODDS]  CD Platense: 2/1 → 21/10, Lobos UPNFM: 8/5 → 6/4
2026-02-26T23:58:25.408Z [ODDS]  Draw: 7/4 → 13/8
2026-02-26T23:58:42.996Z [ODDS]  Lobos UPNFM: 6/4 → 8/5
2026-02-26T23:58:48.408Z [ODDS]  CD Platense: 21/10 → 2/1
2026-02-26T23:59:29.450Z [ODDS]  CD Platense: 2/1 → 21/10
2026-02-26T23:59:36.671Z [ODDS]  Lobos UPNFM: 8/5 → 6/4
2026-02-27T00:00:01.921Z [ODDS]  CD Platense: 21/10 → 9/4, Draw: 13/8 → 8/5
2026-02-27T00:00:02.378Z [ODDS]  CD Platense: 9/4 → 21/10, Lobos UPNFM: 6/4 → 8/5
2026-02-27T00:00:11.843Z [ODDS]  Draw: 8/5 → 13/8
2026-02-27T00:00:30.785Z [ODDS]  Draw: 13/8 → 8/5
2026-02-27T00:00:56.944Z [ODDS]  Lobos UPNFM: 8/5 → 13/8
2026-02-27T00:01:42.044Z [ODDS]  CD Platense: 21/10 → 2/1, Lobos UPNFM: 13/8 → 7/4
2026-02-27T00:02:29.851Z [ODDS]  CD Platense: 2/1 → 21/10, Draw: 8/5 → 6/4
2026-02-27T00:02:35.262Z [ODDS]  CD Platense: 21/10 → 2/1
2026-02-27T00:03:08.733Z [ODDS]  Draw: 6/4 → 8/5
