2026-02-27T02:08:37.970Z [ODDS]  Man Utd (Vendetta): 10/1 → 11/1
2026-02-27T02:08:51.951Z [ODDS]  Arsenal (Furious): 1/4 → 2/9
2026-02-27T02:08:56.460Z [ODDS]  Man Utd (Vendetta): 11/1 → 22/1, Draw: 10/3 → 12/1, Arsenal (Furious): 2/9 → 1/28
2026-02-27T02:08:56.460Z [EVENT]  score: 2-0
2026-02-27T02:09:18.560Z [ODDS]  Man Utd (Vendetta): 22/1 → 14/1, Draw: 12/1 → 10/3, Arsenal (Furious): 1/28 → 1/5
2026-02-27T02:09:18.560Z [EVENT]  score: 2-1
2026-02-27T02:09:40.207Z [ODDS]  Arsenal (Furious): 1/5 → 2/9
2026-02-27T02:09:45.168Z [ODDS]  Arsenal (Furious): 2/9 → 1/5
2026-02-27T02:10:09.991Z [ODDS]  Man Utd (Vendetta): 14/1 → 16/1
2026-02-27T02:10:27.114Z [ODDS]  Draw: 10/3 → 7/2, Arsenal (Furious): 1/5 → 2/11
2026-02-27T02:10:30.270Z [ODDS]  Man Utd (Vendetta): 16/1 → 18/1
2026-02-27T02:10:46.507Z [ODDS]  Man Utd (Vendetta): 18/1 → 20/1, Draw: 7/2 → 15/4, Arsenal (Furious): 2/11 → 1/6
2026-02-27T02:11:05.901Z [ODDS]  Draw: 15/4 → 4/1
2026-02-27T02:11:08.610Z [ODDS]  Man Utd (Vendetta): 20/1 → 22/1
2026-02-27T02:11:24.842Z [ODDS]  Man Utd (Vendetta): 22/1 → 25/1
2026-02-27T02:11:25.743Z [ODDS]  Draw: 4/1 → 9/2, Arsenal (Furious): 1/6 → 1/7
2026-02-27T02:11:39.725Z [ODDS]  Man Utd (Vendetta): 25/1 → 28/1
2026-02-27T02:11:46.941Z [ODDS]  Draw: 9/2 → 5/1, Arsenal (Furious): 1/7 → 1/8
2026-02-27T02:12:04.531Z [ODDS]  Man Utd (Vendetta): 28/1 → 33/1
2026-02-27T02:12:05.883Z [ODDS]  Draw: 5/1 → 11/2, Arsenal (Furious): 1/8 → 1/9
2026-02-27T02:12:20.319Z [ODDS]  Draw: 11/2 → 6/1, Arsenal (Furious): 1/9 → 1/10
2026-02-27T02:12:26.630Z [ODDS]  Man Utd (Vendetta): 33/1 → 40/1
2026-02-27T02:12:31.591Z [ODDS]  Draw: 6/1 → 7/1, Arsenal (Furious): 1/10 → 1/12
2026-02-27T02:12:34.748Z [ODDS]  Man Utd (Vendetta): 40/1 → 50/1
2026-02-27T02:12:47.826Z [ODDS]  Draw: 7/1 → 8/1, Arsenal (Furious): 1/12 → 1/14
