2026-02-26T19:47:15.772Z [ODDS]  Arsenal (FROST): 8/13 → 4/6
2026-02-26T19:47:22.543Z [ODDS]  Arsenal (FROST): 4/6 → 8/13
2026-02-26T19:47:51.861Z [ODDS]  Tottenham (BOUNTY): 3/1 → 10/3
2026-02-26T19:48:15.776Z [ODDS]  Draw: 3/1 → 11/4
2026-02-26T19:48:25.231Z [ODDS]  Tottenham (BOUNTY): 10/3 → 7/2
2026-02-26T19:48:35.153Z [ODDS]  Arsenal (FROST): 8/13 → 4/7
2026-02-26T19:48:45.535Z [ODDS]  Tottenham (BOUNTY): 7/2 → 15/4
2026-02-26T19:49:03.571Z [ODDS]  Tottenham (BOUNTY): 15/4 → 4/1
2026-02-26T19:49:19.801Z [ODDS]  Draw: 11/4 → 13/5
2026-02-26T19:49:27.918Z [ODDS]  Tottenham (BOUNTY): 4/1 → 9/2, Arsenal (FROST): 4/7 → 8/15
2026-02-26T19:49:59.938Z [ODDS]  Tottenham (BOUNTY): 9/2 → 5/1
2026-02-26T19:50:06.256Z [ODDS]  Arsenal (FROST): 8/15 → 1/2
2026-02-26T19:50:18.435Z [ODDS]  Draw: 13/5 → 5/2
2026-02-26T19:50:26.550Z [ODDS]  Tottenham (BOUNTY): 5/1 → 11/2
2026-02-26T19:50:48.199Z [ODDS]  Tottenham (BOUNTY): 11/2 → 6/1
2026-02-26T19:50:57.226Z [ODDS]  Arsenal (FROST): 1/2 → 4/9
2026-02-26T19:50:58.575Z [ODDS]  Arsenal (FROST): 4/9 → 1/2, Tottenham (BOUNTY): 6/1 → 11/2
2026-02-26T19:51:00.378Z [ODDS]  Tottenham (BOUNTY): 11/2 → 6/1, Arsenal (FROST): 1/2 → 4/9
2026-02-26T19:51:30.142Z [ODDS]  Tottenham (BOUNTY): 6/1 → 13/2
2026-02-26T19:51:51.346Z [ODDS]  Tottenham (BOUNTY): 13/2 → 7/1
2026-02-26T19:51:59.008Z [ODDS]  Arsenal (FROST): 4/9 → 2/5
2026-02-26T19:52:12.103Z [ODDS]  Tottenham (BOUNTY): 7/1 → 15/2
2026-02-26T19:52:22.917Z [ODDS]  Draw: 5/2 → 13/5, Arsenal (FROST): 2/5 → 4/11
2026-02-26T19:52:29.226Z [ODDS]  Tottenham (BOUNTY): 15/2 → 8/1
2026-02-26T19:52:42.774Z [ODDS]  Tottenham (BOUNTY): 8/1 → 17/2, Arsenal (FROST): 4/11 → 1/3
2026-02-26T19:52:48.169Z [ODDS]  Tottenham (BOUNTY): 17/2 → 9/1
2026-02-26T19:52:55.387Z [ODDS]  Draw: 13/5 → 11/4
2026-02-26T19:52:58.091Z [ODDS]  Arsenal (FROST): 1/3 → 3/10
2026-02-26T19:53:01.699Z [ODDS]  Tottenham (BOUNTY): 9/1 → 10/1
2026-02-26T19:53:16.134Z [ODDS]  Tottenham (BOUNTY): 10/1 → 11/1, Draw: 11/4 → 3/1, Arsenal (FROST): 3/10 → 2/7
2026-02-26T19:53:23.804Z [ODDS]  Tottenham (BOUNTY): 11/1 → 12/1, Arsenal (FROST): 2/7 → 1/4
2026-02-26T19:53:36.892Z [ODDS]  Tottenham (BOUNTY): 12/1 → 14/1, Arsenal (FROST): 1/4 → 2/9
2026-02-26T19:53:40.942Z [ODDS]  Draw: 3/1 → 10/3
2026-02-26T19:53:48.603Z [ODDS]  Tottenham (BOUNTY): 14/1 → 16/1, Arsenal (FROST): 2/9 → 1/5
2026-02-26T19:53:56.275Z [ODDS]  Draw: 10/3 → 7/2, Arsenal (FROST): 1/5 → 2/11
2026-02-26T19:54:00.330Z [ODDS]  Tottenham (BOUNTY): 16/1 → 18/1
2026-02-26T19:54:11.607Z [ODDS]  Tottenham (BOUNTY): 18/1 → 20/1, Draw: 7/2 → 4/1, Arsenal (FROST): 2/11 → 1/6
2026-02-26T19:54:18.370Z [ODDS]  Tottenham (BOUNTY): 20/1 → 22/1
2026-02-26T19:54:26.491Z [ODDS]  Tottenham (BOUNTY): 22/1 → 25/1, Draw: 4/1 → 9/2, Arsenal (FROST): 1/6 → 1/7
2026-02-26T20:38:04.459Z [ODDS]  Tottenham (BOUNTY): 11/5 → 9/4, Draw: 5/6 → 4/5
2026-02-26T20:38:12.577Z [ODDS]  Tottenham (BOUNTY): 9/4 → 12/5, Draw: 4/5 → 8/11
2026-02-26T20:38:16.632Z [ODDS]  Arsenal (FROST): 3/1 → 10/3
2026-02-26T20:38:26.554Z [ODDS]  Tottenham (BOUNTY): 12/5 → 13/5, Draw: 8/11 → 4/6
2026-02-26T20:38:29.260Z [ODDS]  Arsenal (FROST): 10/3 → 7/2
2026-02-26T20:38:33.322Z [ODDS]  Tottenham (BOUNTY): 13/5 → 11/4, Draw: 4/6 → 8/13
2026-02-26T20:38:39.186Z [ODDS]  Draw: 8/13 → 4/7, Arsenal (FROST): 7/2 → 15/4
2026-02-26T20:38:49.559Z [ODDS]  Tottenham (BOUNTY): 11/4 → 3/1, Draw: 4/7 → 1/2, Arsenal (FROST): 15/4 → 4/1
2026-02-26T20:38:55.875Z [ODDS]  Tottenham (BOUNTY): 3/1 → 10/3
2026-02-26T20:39:05.796Z [ODDS]  Tottenham (BOUNTY): 10/3 → 7/2, Draw: 1/2 → 2/5, Arsenal (FROST): 4/1 → 9/2
2026-02-26T20:39:14.814Z [ODDS]  Tottenham (BOUNTY): 7/2 → 4/1, Draw: 2/5 → 4/11, Arsenal (FROST): 9/2 → 5/1
2026-02-26T20:39:32.404Z [EVENT]  score: 3-2
