2026-02-26T19:47:41.037Z [ODDS]  El Entag El Harby: 13/5 → 11/4
2026-02-26T19:48:23.893Z [ODDS]  Draw: 13/8 → 7/4, El Entag El Harby: 11/4 → 13/5
2026-02-26T19:48:30.191Z [ODDS]  Draw: 7/4 → 13/8, El Entag El Harby: 13/5 → 11/4
2026-02-26T19:48:32.909Z [ODDS]  El Seka El Hadid: 5/4 → 13/10, El Entag El Harby: 11/4 → 13/5
2026-02-26T19:48:41.916Z [ODDS]  El Seka El Hadid: 13/10 → 5/4, El Entag El Harby: 13/5 → 11/4
2026-02-26T19:48:43.727Z [ODDS]  El Seka El Hadid: 5/4 → 6/5
2026-02-26T19:49:31.526Z [ODDS]  El Seka El Hadid: 6/5 → 5/4
2026-02-26T19:50:32.863Z [ODDS]  Draw: 13/8 → 8/5
2026-02-26T19:51:11.209Z [ODDS]  El Seka El Hadid: 5/4 → 13/10
2026-02-26T19:52:12.103Z [ODDS]  El Seka El Hadid: 13/10 → 5/4
2026-02-26T19:52:18.857Z [ODDS]  Draw: 8/5 → 13/8
2026-02-26T19:52:19.754Z [ODDS]  Draw: 13/8 → 8/5
2026-02-26T19:52:27.874Z [ODDS]  El Entag El Harby: 11/4 → 3/1
2026-02-26T19:52:30.133Z [ODDS]  El Entag El Harby: 3/1 → 11/4
2026-02-26T19:53:12.076Z [ODDS]  Draw: 8/5 → 6/4, El Entag El Harby: 11/4 → 3/1
2026-02-26T19:53:28.762Z [ODDS]  El Seka El Hadid: 5/4 → 13/10
2026-02-26T19:55:44.072Z [ODDS]  El Seka El Hadid: 13/10 → 5/4
2026-02-26T19:55:53.104Z [ODDS]  El Seka El Hadid: 5/4 → 13/10
2026-02-26T19:56:00.775Z [ODDS]  El Seka El Hadid: 13/10 → 5/4
2026-02-26T19:58:06.613Z [ODDS]  El Seka El Hadid: 5/4 → 13/10
2026-02-26T19:58:09.319Z [ODDS]  El Seka El Hadid: 13/10 → 5/4, El Entag El Harby: 3/1 → 10/3
2026-02-26T19:58:21.498Z [ODDS]  El Seka El Hadid: 5/4 → 6/5, El Entag El Harby: 10/3 → 3/1
2026-02-26T19:58:31.873Z [ODDS]  El Entag El Harby: 3/1 → 10/3
2026-02-26T19:58:39.545Z [ODDS]  El Seka El Hadid: 6/5 → 5/4
2026-02-26T19:58:47.210Z [ODDS]  El Entag El Harby: 10/3 → 3/1
2026-02-26T20:00:28.686Z [ODDS]  El Seka El Hadid: 5/4 → 13/10
2026-02-26T20:00:44.016Z [ODDS]  Draw: 6/4 → 7/5
2026-02-26T20:02:37.671Z [ODDS]  El Seka El Hadid: 13/10 → 5/4, El Entag El Harby: 3/1 → 10/3
2026-02-26T20:02:50.750Z [ODDS]  El Seka El Hadid: 5/4 → 13/10, El Entag El Harby: 10/3 → 3/1
2026-02-26T20:03:31.800Z [ODDS]  Draw: 7/5 → 11/8, El Entag El Harby: 3/1 → 10/3
2026-02-26T20:04:06.970Z [ODDS]  El Seka El Hadid: 13/10 → 11/8, Draw: 11/8 → 7/5, El Entag El Harby: 10/3 → 3/1
2026-02-26T20:04:40.344Z [ODDS]  Draw: 7/5 → 11/8
2026-02-26T20:05:06.063Z [ODDS]  El Seka El Hadid: 11/8 → 13/10, El Entag El Harby: 3/1 → 10/3
2026-02-26T20:05:11.479Z [ODDS]  El Seka El Hadid: 13/10 → 11/8, El Entag El Harby: 10/3 → 3/1
2026-02-26T20:05:16.878Z [ODDS]  El Seka El Hadid: 11/8 → 13/10, El Entag El Harby: 3/1 → 10/3
2026-02-26T20:05:37.621Z [ODDS]  El Seka El Hadid: 13/10 → 11/8, El Entag El Harby: 10/3 → 3/1
2026-02-26T20:06:09.649Z [ODDS]  El Entag El Harby: 3/1 → 10/3
2026-02-26T20:06:30.395Z [ODDS]  El Entag El Harby: 10/3 → 3/1
2026-02-26T20:06:59.712Z [ODDS]  El Seka El Hadid: 11/8 → 7/5
2026-02-26T20:07:11.437Z [ODDS]  Draw: 11/8 → 13/10
2026-02-26T20:07:33.987Z [ODDS]  Draw: 13/10 → 11/8
2026-02-26T20:07:53.382Z [ODDS]  El Seka El Hadid: 7/5 → 11/8
2026-02-26T20:08:26.464Z [ODDS]  El Seka El Hadid: 11/8 → 7/5, Draw: 11/8 → 13/10
2026-02-26T20:09:57.106Z [ODDS]  El Seka El Hadid: 7/5 → 6/4, Draw: 13/10 → 5/4
2026-02-26T20:09:57.560Z [ODDS]  Draw: 5/4 → 13/10
2026-02-26T20:10:07.932Z [ODDS]  El Seka El Hadid: 6/4 → 7/5
2026-02-26T20:10:12.897Z [ODDS]  El Seka El Hadid: 7/5 → 6/4, Draw: 13/10 → 5/4
2026-02-26T20:10:51.226Z [ODDS]  El Seka El Hadid: 6/4 → 7/5, El Entag El Harby: 3/1 → 10/3
2026-02-26T20:11:09.719Z [ODDS]  El Seka El Hadid: 7/5 → 6/4, El Entag El Harby: 10/3 → 3/1
2026-02-26T20:12:00.681Z [ODDS]  Draw: 5/4 → 6/5, El Entag El Harby: 3/1 → 10/3
2026-02-26T20:13:04.272Z [ODDS]  El Entag El Harby: 10/3 → 3/1
2026-02-26T20:13:05.174Z [ODDS]  El Entag El Harby: 3/1 → 10/3
2026-02-26T20:13:30.436Z [ODDS]  El Entag El Harby: 10/3 → 3/1
2026-02-26T20:13:31.338Z [ODDS]  El Entag El Harby: 3/1 → 10/3
2026-02-26T20:13:32.686Z [ODDS]  El Seka El Hadid: 6/4 → 8/5, El Entag El Harby: 10/3 → 3/1
2026-02-26T20:13:44.413Z [ODDS]  El Seka El Hadid: 8/5 → 6/4, El Entag El Harby: 3/1 → 10/3
2026-02-26T20:16:31.293Z [ODDS]  El Seka El Hadid: 6/4 → 8/5
2026-02-26T20:16:31.740Z [ODDS]  El Seka El Hadid: 8/5 → 13/8, Draw: 6/5 → 11/10, El Entag El Harby: 10/3 → 3/1
2026-02-26T20:16:52.037Z [ODDS]  El Seka El Hadid: 13/8 → 8/5, El Entag El Harby: 3/1 → 10/3
2026-02-26T20:18:31.712Z [ODDS]  El Seka El Hadid: 8/5 → 13/8
2026-02-26T20:19:32.145Z [ODDS]  El Seka El Hadid: 13/8 → 8/5
2026-02-26T20:19:45.233Z [ODDS]  El Entag El Harby: 10/3 → 7/2
2026-02-26T20:20:13.192Z [ODDS]  El Seka El Hadid: 8/5 → 13/8, Draw: 11/10 → 21/20
2026-02-26T20:20:27.171Z [ODDS]  El Entag El Harby: 7/2 → 10/3
2026-02-26T20:20:27.643Z [ODDS]  Draw: 21/20 → 11/10
2026-02-26T20:20:44.775Z [ODDS]  Draw: 11/10 → 21/20, El Entag El Harby: 10/3 → 7/2
2026-02-26T20:21:14.975Z [ODDS]  El Entag El Harby: 7/2 → 10/3
2026-02-26T20:44:31.421Z [ODDS]  El Seka El Hadid: 13/8 → 2/11, Draw: 21/20 → 4/1, El Entag El Harby: 10/3 → 12/1
2026-02-26T20:44:31.421Z [EVENT]  score: 0-1
2026-02-26T20:44:51.275Z [ODDS]  El Seka El Hadid: 2/11 → 1/4, Draw: 4/1 → 7/2, El Entag El Harby: 12/1 → 9/1
2026-02-26T20:45:02.539Z [ODDS]  El Entag El Harby: 9/1 → 10/1
2026-02-26T20:46:28.685Z [ODDS]  Draw: 7/2 → 15/4
2026-02-26T20:47:40.395Z [ODDS]  El Seka El Hadid: 1/4 → 2/9, El Entag El Harby: 10/1 → 11/1
2026-02-26T20:47:49.866Z [ODDS]  El Seka El Hadid: 2/9 → 1/4, Draw: 15/4 → 7/2, El Entag El Harby: 11/1 → 10/1
2026-02-26T20:47:54.469Z [ODDS]  El Seka El Hadid: 1/4 → 2/9, Draw: 7/2 → 15/4, El Entag El Harby: 10/1 → 11/1
2026-02-26T20:48:04.391Z [ODDS]  El Seka El Hadid: 2/9 → 1/4, Draw: 15/4 → 7/2, El Entag El Harby: 11/1 → 10/1
2026-02-26T20:50:07.087Z [ODDS]  El Seka El Hadid: 1/4 → 2/9, Draw: 7/2 → 15/4, El Entag El Harby: 10/1 → 11/1
2026-02-26T20:50:22.420Z [ODDS]  El Seka El Hadid: 2/9 → 1/4, Draw: 15/4 → 7/2, El Entag El Harby: 11/1 → 10/1
2026-02-26T20:51:10.700Z [ODDS]  Draw: 7/2 → 15/4, El Entag El Harby: 10/1 → 11/1
2026-02-26T20:51:26.010Z [ODDS]  El Seka El Hadid: 1/4 → 2/9
2026-02-26T20:52:07.959Z [ODDS]  El Seka El Hadid: 2/9 → 1/4
2026-02-26T20:53:07.050Z [ODDS]  El Seka El Hadid: 1/4 → 2/9
2026-02-26T20:53:07.501Z [ODDS]  El Seka El Hadid: 2/9 → 1/4, Draw: 15/4 → 7/2, El Entag El Harby: 11/1 → 10/1
2026-02-26T20:53:17.873Z [ODDS]  El Seka El Hadid: 1/4 → 2/9, Draw: 7/2 → 15/4, El Entag El Harby: 10/1 → 11/1
2026-02-26T20:53:32.306Z [ODDS]  El Seka El Hadid: 2/9 → 1/4, Draw: 15/4 → 7/2
2026-02-26T20:53:36.814Z [ODDS]  El Entag El Harby: 11/1 → 10/1
2026-02-26T20:53:38.618Z [ODDS]  El Seka El Hadid: 1/4 → 2/9, Draw: 7/2 → 15/4, El Entag El Harby: 10/1 → 11/1
2026-02-26T20:54:00.718Z [ODDS]  El Seka El Hadid: 2/9 → 1/4
2026-02-26T20:54:05.694Z [ODDS]  Draw: 15/4 → 7/2, El Entag El Harby: 11/1 → 10/1
2026-02-26T20:54:13.795Z [ODDS]  Draw: 7/2 → 15/4, El Entag El Harby: 10/1 → 11/1
2026-02-26T20:54:33.643Z [ODDS]  Draw: 15/4 → 7/2
2026-02-26T20:55:02.964Z [ODDS]  Draw: 7/2 → 15/4
2026-02-26T20:55:39.042Z [ODDS]  El Seka El Hadid: 1/4 → 2/9
2026-02-26T20:56:10.618Z [ODDS]  El Seka El Hadid: 2/9 → 1/4
2026-02-26T20:56:49.852Z [ODDS]  Draw: 15/4 → 7/2
2026-02-26T20:57:20.523Z [ODDS]  El Entag El Harby: 11/1 → 10/1
2026-02-26T20:57:46.227Z [ODDS]  El Entag El Harby: 10/1 → 11/1
2026-02-26T20:58:27.721Z [ODDS]  El Seka El Hadid: 1/4 → 2/9, El Entag El Harby: 11/1 → 12/1
2026-02-26T20:58:39.002Z [ODDS]  El Seka El Hadid: 2/9 → 1/4, El Entag El Harby: 12/1 → 11/1
2026-02-26T20:58:40.803Z [ODDS]  El Seka El Hadid: 1/4 → 2/9, Draw: 7/2 → 15/4, El Entag El Harby: 11/1 → 12/1
2026-02-26T20:59:09.216Z [ODDS]  Draw: 15/4 → 7/2
2026-02-26T20:59:11.471Z [ODDS]  Draw: 7/2 → 15/4
2026-02-26T20:59:57.026Z [ODDS]  El Entag El Harby: 12/1 → 14/1
2026-02-26T21:00:15.967Z [ODDS]  El Entag El Harby: 14/1 → 12/1
2026-02-26T21:00:45.735Z [ODDS]  El Entag El Harby: 12/1 → 14/1
2026-02-26T21:01:13.707Z [ODDS]  El Seka El Hadid: 2/9 → 1/5
2026-02-26T21:01:57.444Z [ODDS]  El Seka El Hadid: 1/5 → 2/9, Draw: 15/4 → 7/2
2026-02-26T21:02:21.347Z [ODDS]  El Seka El Hadid: 2/9 → 1/5, Draw: 7/2 → 15/4
2026-02-26T21:03:45.689Z [ODDS]  El Seka El Hadid: 1/5 → 2/11, El Entag El Harby: 14/1 → 16/1
2026-02-26T21:04:03.294Z [ODDS]  El Seka El Hadid: 2/11 → 1/5
2026-02-26T21:04:15.001Z [ODDS]  El Seka El Hadid: 1/5 → 2/11
2026-02-26T21:05:01.004Z [ODDS]  Draw: 15/4 → 4/1
2026-02-26T21:05:21.752Z [ODDS]  El Seka El Hadid: 2/11 → 1/6, El Entag El Harby: 16/1 → 18/1
2026-02-26T21:06:02.792Z [ODDS]  El Seka El Hadid: 1/6 → 2/11
2026-02-26T21:06:07.757Z [ODDS]  El Seka El Hadid: 2/11 → 1/6
2026-02-26T21:06:20.383Z [ODDS]  El Seka El Hadid: 1/6 → 2/11, Draw: 4/1 → 15/4, El Entag El Harby: 18/1 → 16/1
2026-02-26T21:06:23.543Z [ODDS]  El Seka El Hadid: 2/11 → 1/6, Draw: 15/4 → 4/1, El Entag El Harby: 16/1 → 18/1
2026-02-26T21:07:33.892Z [ODDS]  El Entag El Harby: 18/1 → 20/1
2026-02-26T21:08:18.854Z [ODDS]  El Entag El Harby: 20/1 → 18/1
2026-02-26T21:08:31.473Z [ODDS]  El Entag El Harby: 18/1 → 20/1
2026-02-26T21:11:04.522Z [ODDS]  El Entag El Harby: 20/1 → 22/1
2026-02-26T21:12:54.475Z [ODDS]  El Seka El Hadid: 1/6 → 1/7, Draw: 4/1 → 9/2
2026-02-26T21:13:05.693Z [ODDS]  El Entag El Harby: 22/1 → 25/1
2026-02-26T21:13:17.425Z [ODDS]  El Entag El Harby: 25/1 → 22/1
2026-02-26T21:13:49.439Z [ODDS]  El Entag El Harby: 22/1 → 25/1
2026-02-26T21:16:42.171Z [ODDS]  El Seka El Hadid: 1/7 → 1/8, Draw: 9/2 → 5/1
2026-02-26T21:17:00.208Z [ODDS]  El Seka El Hadid: 1/8 → 1/7, Draw: 5/1 → 9/2
2026-02-26T21:17:29.979Z [ODDS]  El Seka El Hadid: 1/7 → 1/8, Draw: 9/2 → 5/1, El Entag El Harby: 25/1 → 28/1
2026-02-26T21:19:03.333Z [ODDS]  El Seka El Hadid: 1/8 → 1/9, Draw: 5/1 → 11/2
2026-02-26T21:19:03.785Z [ODDS]  El Seka El Hadid: 1/9 → 1/8, Draw: 11/2 → 5/1
2026-02-26T21:19:06.039Z [ODDS]  El Seka El Hadid: 1/8 → 1/9, Draw: 5/1 → 11/2
2026-02-26T21:19:39.890Z [ODDS]  El Entag El Harby: 28/1 → 33/1
2026-02-26T21:19:58.357Z [ODDS]  El Entag El Harby: 33/1 → 28/1
2026-02-26T21:19:59.260Z [ODDS]  El Entag El Harby: 28/1 → 33/1
2026-02-26T21:20:24.519Z [ODDS]  El Seka El Hadid: 1/9 → 1/10, Draw: 11/2 → 6/1
2026-02-26T21:22:09.601Z [ODDS]  El Seka El Hadid: 1/10 → 1/9, Draw: 6/1 → 11/2, El Entag El Harby: 33/1 → 28/1
2026-02-26T21:22:13.208Z [ODDS]  El Seka El Hadid: 1/9 → 1/10, Draw: 11/2 → 6/1, El Entag El Harby: 28/1 → 33/1
2026-02-26T21:22:33.955Z [ODDS]  El Seka El Hadid: 1/10 → 1/12, Draw: 6/1 → 7/1
2026-02-26T21:22:49.291Z [ODDS]  El Entag El Harby: 33/1 → 40/1
2026-02-26T21:24:24.569Z [ODDS]  El Seka El Hadid: 1/12 → 1/14, Draw: 7/1 → 8/1
2026-02-26T21:25:46.579Z [ODDS]  El Seka El Hadid: 1/14 → 1/16, Draw: 8/1 → 9/1, El Entag El Harby: 40/1 → 50/1
2026-02-26T21:26:50.606Z [ODDS]  El Seka El Hadid: 1/16 → 1/20, Draw: 9/1 → 10/1
2026-02-26T21:28:28.011Z [ODDS]  El Seka El Hadid: 1/20 → 1/25, Draw: 10/1 → 12/1
2026-02-26T21:28:46.503Z [ODDS]  El Entag El Harby: 50/1 → 66/1
2026-02-26T21:29:20.333Z [ODDS]  El Seka El Hadid: 1/25 → 1/40, Draw: 12/1 → 16/1, El Entag El Harby: 66/1 → 80/1
2026-02-26T21:29:50.998Z [ODDS]  El Seka El Hadid: 1/40 → 1/50, Draw: 16/1 → 18/1
2026-02-26T21:30:41.510Z [ODDS]  El Seka El Hadid: 1/50 → 1/66, Draw: 18/1 → 20/1, El Entag El Harby: 80/1 → 100/1
2026-02-26T21:31:09.022Z [ODDS]  El Seka El Hadid: 1/66 → 1/80, Draw: 20/1 → 22/1
2026-02-26T21:31:10.375Z [ODDS]  El Seka El Hadid: 1/80 → 1/40, Draw: 22/1 → 16/1, El Entag El Harby: 100/1 → 80/1
2026-02-26T21:31:19.848Z [ODDS]  El Seka El Hadid: 1/40 → 1/33, Draw: 16/1 → 14/1
2026-02-26T21:31:55.134Z [ODDS]  El Seka El Hadid: 1/33 → 1/125, Draw: 14/1 → 25/1, El Entag El Harby: 80/1 → 125/1
2026-02-26T21:32:04.953Z [ODDS]  El Seka El Hadid: 1/125 → 1/150, Draw: 25/1 → 28/1
2026-02-26T21:36:08.043Z [EVENT]  score: 0-2
