2026-02-26T19:47:42.879Z [ODDS]  Al Qanah: 13/8 → 8/5
2026-02-26T19:48:04.943Z [ODDS]  Al Qanah: 8/5 → 13/8
2026-02-26T19:49:10.342Z [ODDS]  Al Qanah: 13/8 → 8/5
2026-02-26T19:49:24.763Z [ODDS]  Al Qanah: 8/5 → 13/8
2026-02-26T19:50:10.311Z [ODDS]  Al Qanah: 13/8 → 8/5
2026-02-26T19:50:26.999Z [ODDS]  Al Qanah: 8/5 → 13/8
2026-02-26T19:51:09.394Z [ODDS]  Al Qanah: 13/8 → 7/4, Tanta: 2/1 → 15/8
2026-02-26T19:51:33.752Z [ODDS]  Draw: 13/8 → 8/5, Tanta: 15/8 → 2/1
2026-02-26T19:51:34.658Z [ODDS]  Al Qanah: 7/4 → 15/8, Draw: 8/5 → 13/8, Tanta: 2/1 → 15/8
2026-02-26T19:51:40.064Z [ODDS]  Al Qanah: 15/8 → 7/4, Draw: 13/8 → 8/5
2026-02-26T19:51:59.008Z [ODDS]  Draw: 8/5 → 13/8
2026-02-26T19:52:32.834Z [ODDS]  Draw: 13/8 → 8/5
2026-02-26T19:53:01.699Z [ODDS]  Draw: 8/5 → 13/8
2026-02-26T19:53:16.627Z [ODDS]  Draw: 13/8 → 8/5
2026-02-26T19:54:21.076Z [ODDS]  Draw: 8/5 → 13/8
2026-02-26T19:54:35.966Z [ODDS]  Draw: 13/8 → 8/5
2026-02-26T19:54:44.079Z [ODDS]  Tanta: 15/8 → 2/1
2026-02-26T19:55:46.332Z [ODDS]  Tanta: 2/1 → 15/8
2026-02-26T19:56:09.349Z [ODDS]  Tanta: 15/8 → 2/1
2026-02-26T19:56:24.257Z [ODDS]  Draw: 8/5 → 6/4
2026-02-26T19:56:24.691Z [ODDS]  Draw: 6/4 → 8/5
2026-02-26T19:56:47.697Z [ODDS]  Tanta: 2/1 → 15/8
2026-02-26T19:57:08.434Z [ODDS]  Tanta: 15/8 → 2/1
2026-02-26T19:57:12.946Z [ODDS]  Al Qanah: 7/4 → 15/8, Draw: 8/5 → 6/4, Tanta: 2/1 → 15/8
2026-02-26T19:57:15.205Z [ODDS]  Tanta: 15/8 → 2/1
2026-02-26T19:57:19.263Z [ODDS]  Al Qanah: 15/8 → 7/4
2026-02-26T19:58:52.170Z [ODDS]  Al Qanah: 7/4 → 15/8
2026-02-26T19:59:29.150Z [ODDS]  Tanta: 2/1 → 15/8
2026-02-26T20:00:18.762Z [ODDS]  Tanta: 15/8 → 2/1
2026-02-26T20:00:29.136Z [ODDS]  Tanta: 2/1 → 15/8
2026-02-26T20:01:08.822Z [ODDS]  Tanta: 15/8 → 2/1
2026-02-26T20:01:26.470Z [ODDS]  Tanta: 2/1 → 15/8
2026-02-26T20:02:20.082Z [ODDS]  Al Qanah: 15/8 → 2/1
2026-02-26T20:02:33.611Z [ODDS]  Draw: 6/4 → 7/5, Tanta: 15/8 → 2/1
2026-02-26T20:02:36.317Z [ODDS]  Tanta: 2/1 → 15/8
2026-02-26T20:02:43.991Z [ODDS]  Draw: 7/5 → 6/4
2026-02-26T20:03:18.262Z [ODDS]  Al Qanah: 2/1 → 21/10, Tanta: 15/8 → 7/4
2026-02-26T20:03:24.161Z [ODDS]  Al Qanah: 21/10 → 2/1, Tanta: 7/4 → 15/8
2026-02-26T20:03:30.543Z [ODDS]  Al Qanah: 2/1 → 21/10, Tanta: 15/8 → 7/4
2026-02-26T20:03:34.497Z [ODDS]  Draw: 6/4 → 7/5
2026-02-26T20:03:34.950Z [ODDS]  Al Qanah: 21/10 → 2/1, Draw: 7/5 → 6/4, Tanta: 7/4 → 15/8
2026-02-26T20:04:22.755Z [ODDS]  Draw: 6/4 → 7/5
2026-02-26T20:05:07.861Z [ODDS]  Al Qanah: 2/1 → 21/10
2026-02-26T20:05:15.974Z [ODDS]  Draw: 7/5 → 6/4, Tanta: 15/8 → 7/4
2026-02-26T20:05:17.780Z [ODDS]  Draw: 6/4 → 7/5
2026-02-26T20:05:43.035Z [ODDS]  Tanta: 7/4 → 15/8
2026-02-26T20:05:57.922Z [ODDS]  Tanta: 15/8 → 7/4
2026-02-26T20:06:06.936Z [ODDS]  Al Qanah: 21/10 → 11/5
2026-02-26T20:07:39.848Z [ODDS]  Al Qanah: 11/5 → 9/4, Draw: 7/5 → 11/8
2026-02-26T20:07:47.965Z [ODDS]  Al Qanah: 9/4 → 11/5, Draw: 11/8 → 7/5
2026-02-26T20:08:06.160Z [ODDS]  Al Qanah: 9/4 → 11/5, Draw: 11/8 → 13/10, Tanta: 7/4 → 15/8
2026-02-26T20:08:09.773Z [ODDS]  Draw: 13/10 → 11/8
2026-02-26T20:08:18.787Z [ODDS]  Tanta: 15/8 → 7/4
2026-02-26T20:08:20.591Z [ODDS]  Al Qanah: 11/5 → 9/4, Draw: 11/8 → 7/5
2026-02-26T20:08:59.380Z [ODDS]  Draw: 7/5 → 11/8
2026-02-26T20:08:59.832Z [ODDS]  Al Qanah: 9/4 → 11/5, Tanta: 7/4 → 15/8
2026-02-26T20:09:18.320Z [ODDS]  Tanta: 15/8 → 7/4
2026-02-26T20:09:27.790Z [ODDS]  Tanta: 7/4 → 15/8
2026-02-26T20:09:37.713Z [ODDS]  Al Qanah: 11/5 → 21/10
2026-02-26T20:11:55.271Z [ODDS]  Al Qanah: 21/10 → 11/5, Draw: 11/8 → 13/10
2026-02-26T20:11:59.786Z [ODDS]  Al Qanah: 11/5 → 9/4
2026-02-26T20:12:17.819Z [ODDS]  Al Qanah: 9/4 → 11/5, Draw: 13/10 → 11/8
2026-02-26T20:12:38.566Z [ODDS]  Al Qanah: 11/5 → 9/4, Draw: 11/8 → 13/10, Tanta: 15/8 → 7/4
2026-02-26T20:12:47.585Z [ODDS]  Tanta: 7/4 → 15/8
2026-02-26T20:12:58.860Z [ODDS]  Al Qanah: 9/4 → 12/5
2026-02-26T20:13:31.784Z [ODDS]  Draw: 13/10 → 5/4
2026-02-26T20:13:32.235Z [ODDS]  Draw: 5/4 → 13/10
2026-02-26T20:13:57.498Z [ODDS]  Draw: 13/10 → 5/4
2026-02-26T20:14:14.631Z [ODDS]  Al Qanah: 12/5 → 9/4, Draw: 5/4 → 13/10
2026-02-26T20:14:23.650Z [ODDS]  Al Qanah: 9/4 → 12/5
2026-02-26T20:14:38.082Z [ODDS]  Draw: 13/10 → 5/4
2026-02-26T20:14:54.318Z [ODDS]  Al Qanah: 12/5 → 9/4, Draw: 5/4 → 13/10
2026-02-26T20:15:22.283Z [ODDS]  Draw: 13/10 → 5/4
2026-02-26T20:15:24.989Z [ODDS]  Al Qanah: 9/4 → 11/5, Draw: 5/4 → 13/10
2026-02-26T20:15:48.004Z [ODDS]  Draw: 13/10 → 5/4
2026-02-26T20:16:06.032Z [ODDS]  Tanta: 15/8 → 2/1
2026-02-26T20:16:10.999Z [ODDS]  Al Qanah: 11/5 → 12/5, Tanta: 2/1 → 15/8
2026-02-26T20:16:18.660Z [ODDS]  Draw: 5/4 → 6/5, Tanta: 15/8 → 2/1
2026-02-26T20:16:25.876Z [ODDS]  Al Qanah: 12/5 → 9/4, Draw: 6/5 → 5/4, Tanta: 2/1 → 15/8
2026-02-26T20:16:36.701Z [ODDS]  Al Qanah: 9/4 → 12/5
2026-02-26T20:16:46.628Z [ODDS]  Draw: 5/4 → 6/5, Tanta: 15/8 → 2/1
2026-02-26T20:17:23.158Z [ODDS]  Draw: 6/5 → 5/4, Tanta: 2/1 → 15/8
2026-02-26T20:17:30.827Z [ODDS]  Draw: 5/4 → 6/5, Tanta: 15/8 → 2/1
2026-02-26T20:17:34.885Z [ODDS]  Al Qanah: 12/5 → 5/2, Tanta: 2/1 → 15/8
2026-02-26T20:17:39.851Z [ODDS]  Al Qanah: 5/2 → 12/5
2026-02-26T20:17:56.985Z [ODDS]  Al Qanah: 12/5 → 5/2
2026-02-26T20:18:33.969Z [ODDS]  Tanta: 15/8 → 7/4
2026-02-26T20:18:45.241Z [ODDS]  Tanta: 7/4 → 15/8
2026-02-26T20:19:14.117Z [ODDS]  Al Qanah: 5/2 → 12/5, Tanta: 15/8 → 2/1
2026-02-26T20:19:17.267Z [ODDS]  Al Qanah: 12/5 → 5/2, Tanta: 2/1 → 15/8
2026-02-26T20:19:40.721Z [ODDS]  Al Qanah: 5/2 → 13/5
2026-02-26T20:20:19.054Z [ODDS]  Draw: 6/5 → 11/10
2026-02-26T20:21:28.972Z [ODDS]  Al Qanah: 13/5 → 11/4
2026-02-26T20:36:40.432Z [ODDS]  Al Qanah: 11/4 → 13/5
2026-02-26T20:38:44.597Z [ODDS]  Al Qanah: 13/5 → 11/4
2026-02-26T20:39:01.736Z [ODDS]  Al Qanah: 11/4 → 13/5
2026-02-26T20:39:44.130Z [ODDS]  Al Qanah: 13/5 → 5/2, Tanta: 15/8 → 2/1
2026-02-26T20:40:20.210Z [ODDS]  Al Qanah: 5/2 → 13/5
2026-02-26T20:40:34.202Z [ODDS]  Al Qanah: 13/5 → 11/4
2026-02-26T20:40:41.408Z [ODDS]  Tanta: 2/1 → 15/8
2026-02-26T20:40:43.211Z [ODDS]  Al Qanah: 11/4 → 13/5, Tanta: 15/8 → 2/1
2026-02-26T20:40:47.725Z [ODDS]  Al Qanah: 13/5 → 11/4
2026-02-26T20:40:59.002Z [ODDS]  Tanta: 2/1 → 15/8
2026-02-26T20:41:10.722Z [ODDS]  Draw: 11/10 → 21/20, Tanta: 15/8 → 2/1
2026-02-26T20:42:35.962Z [ODDS]  Draw: 21/20 → 1/1
2026-02-26T20:42:44.985Z [ODDS]  Al Qanah: 11/4 → 3/1, Draw: 1/1 → 21/20, Tanta: 2/1 → 15/8
2026-02-26T20:43:02.126Z [ODDS]  Al Qanah: 3/1 → 11/4, Draw: 21/20 → 1/1, Tanta: 15/8 → 2/1
2026-02-26T20:43:18.359Z [ODDS]  Al Qanah: 11/4 → 3/1
2026-02-26T20:43:23.769Z [ODDS]  Al Qanah: 3/1 → 11/4
2026-02-26T20:43:39.103Z [ODDS]  Al Qanah: 11/4 → 3/1
2026-02-26T20:43:55.343Z [ODDS]  Al Qanah: 3/1 → 11/4, Tanta: 2/1 → 21/10
2026-02-26T20:44:00.325Z [ODDS]  Al Qanah: 11/4 → 3/1, Tanta: 21/10 → 2/1
2026-02-26T20:44:22.399Z [ODDS]  Al Qanah: 3/1 → 11/4, Tanta: 2/1 → 21/10
2026-02-26T20:44:57.128Z [ODDS]  Al Qanah: 11/4 → 3/1, Draw: 1/1 → 20/21, Tanta: 21/10 → 2/1
2026-02-26T20:45:04.808Z [ODDS]  Tanta: 2/1 → 21/10
2026-02-26T20:45:17.424Z [ODDS]  Al Qanah: 3/1 → 11/4, Draw: 20/21 → 1/1
2026-02-26T20:45:30.501Z [ODDS]  Draw: 1/1 → 20/21
2026-02-26T20:45:30.954Z [ODDS]  Al Qanah: 11/4 → 3/1
2026-02-26T20:46:11.092Z [ODDS]  Draw: 20/21 → 10/11
2026-02-26T20:46:16.520Z [ODDS]  Draw: 10/11 → 20/21
2026-02-26T20:46:38.153Z [ODDS]  Draw: 20/21 → 10/11, Tanta: 21/10 → 11/5
2026-02-26T20:46:58.450Z [ODDS]  Al Qanah: 3/1 → 11/4, Tanta: 11/5 → 9/4
2026-02-26T20:47:01.156Z [ODDS]  Al Qanah: 11/4 → 3/1
2026-02-26T20:47:08.824Z [ODDS]  Al Qanah: 3/1 → 11/4
2026-02-26T20:47:46.259Z [ODDS]  Al Qanah: 11/4 → 3/1
2026-02-26T20:48:29.197Z [ODDS]  Al Qanah: 3/1 → 11/4
2026-02-26T20:48:45.891Z [ODDS]  Al Qanah: 11/4 → 3/1, Draw: 10/11 → 5/6
2026-02-26T20:49:00.316Z [ODDS]  Al Qanah: 3/1 → 11/4, Draw: 5/6 → 10/11, Tanta: 9/4 → 12/5
2026-02-26T20:49:23.324Z [ODDS]  Al Qanah: 11/4 → 3/1, Draw: 10/11 → 5/6, Tanta: 12/5 → 9/4
2026-02-26T20:49:32.350Z [ODDS]  Tanta: 9/4 → 12/5
2026-02-26T20:49:47.672Z [ODDS]  Tanta: 12/5 → 9/4
2026-02-26T20:50:16.106Z [ODDS]  Tanta: 9/4 → 12/5
2026-02-26T20:51:10.700Z [ODDS]  Draw: 5/6 → 4/5
2026-02-26T20:51:36.836Z [ODDS]  Al Qanah: 3/1 → 10/3
2026-02-26T20:52:28.262Z [ODDS]  Tanta: 12/5 → 9/4
2026-02-26T20:52:44.950Z [ODDS]  Al Qanah: 10/3 → 7/2
2026-02-26T20:52:45.400Z [ODDS]  Al Qanah: 7/2 → 10/3, Tanta: 9/4 → 12/5
2026-02-26T20:52:59.833Z [ODDS]  Tanta: 12/5 → 9/4
2026-02-26T20:53:07.501Z [ODDS]  Draw: 4/5 → 8/11, Tanta: 9/4 → 5/2
2026-02-26T20:53:13.362Z [ODDS]  Draw: 8/11 → 4/5, Tanta: 5/2 → 12/5
2026-02-26T20:53:15.618Z [ODDS]  Al Qanah: 10/3 → 3/1, Tanta: 12/5 → 5/2
2026-02-26T20:53:42.677Z [ODDS]  Al Qanah: 3/1 → 10/3, Draw: 4/5 → 8/11
2026-02-26T20:54:08.390Z [ODDS]  Al Qanah: 10/3 → 7/2, Tanta: 5/2 → 12/5
2026-02-26T20:54:45.819Z [ODDS]  Tanta: 12/5 → 5/2
2026-02-26T20:55:39.500Z [ODDS]  Al Qanah: 7/2 → 10/3
2026-02-26T20:56:10.618Z [ODDS]  Tanta: 5/2 → 13/5
2026-02-26T20:56:25.949Z [ODDS]  Al Qanah: 10/3 → 7/2, Tanta: 13/5 → 5/2
2026-02-26T20:56:44.441Z [ODDS]  Draw: 8/11 → 4/6, Tanta: 5/2 → 13/5
2026-02-26T20:57:06.090Z [ODDS]  Al Qanah: 7/2 → 15/4, Tanta: 13/5 → 12/5
2026-02-26T20:57:14.206Z [ODDS]  Tanta: 12/5 → 5/2
2026-02-26T20:57:48.481Z [ODDS]  Al Qanah: 15/4 → 7/2, Tanta: 5/2 → 13/5
2026-02-26T20:58:02.914Z [ODDS]  Al Qanah: 7/2 → 15/4
2026-02-26T20:58:33.133Z [ODDS]  Al Qanah: 15/4 → 7/2, Tanta: 13/5 → 11/4
2026-02-26T20:58:51.175Z [ODDS]  Al Qanah: 7/2 → 15/4
2026-02-26T20:59:00.647Z [ODDS]  Al Qanah: 15/4 → 7/2, Tanta: 11/4 → 13/5
2026-02-26T20:59:19.589Z [ODDS]  Al Qanah: 7/2 → 15/4, Tanta: 13/5 → 11/4
2026-02-26T20:59:40.789Z [ODDS]  Draw: 4/6 → 8/13
2026-02-26T21:01:03.326Z [ODDS]  Al Qanah: 15/4 → 4/1
2026-02-26T21:01:20.922Z [ODDS]  Al Qanah: 4/1 → 15/4
2026-02-26T21:01:39.856Z [ODDS]  Al Qanah: 15/4 → 4/1
2026-02-26T21:02:06.013Z [ODDS]  Tanta: 11/4 → 13/5
2026-02-26T21:02:13.234Z [ODDS]  Tanta: 13/5 → 11/4
2026-02-26T21:02:20.898Z [ODDS]  Draw: 8/13 → 4/7
2026-02-26T21:02:39.854Z [ODDS]  Tanta: 11/4 → 3/1
2026-02-26T21:03:17.742Z [ODDS]  Tanta: 3/1 → 11/4
2026-02-26T21:03:20.437Z [ODDS]  Al Qanah: 4/1 → 9/2, Tanta: 11/4 → 13/5
2026-02-26T21:03:26.756Z [ODDS]  Tanta: 13/5 → 11/4
2026-02-26T21:04:22.224Z [ODDS]  Tanta: 11/4 → 13/5
2026-02-26T21:04:34.842Z [ODDS]  Draw: 4/7 → 8/15, Tanta: 13/5 → 3/1
2026-02-26T21:04:43.607Z [ODDS]  Al Qanah: 9/2 → 4/1, Draw: 8/15 → 4/7
2026-02-26T21:04:44.793Z [ODDS]  Al Qanah: 4/1 → 15/4
2026-02-26T21:04:53.785Z [ODDS]  Al Qanah: 15/4 → 4/1
2026-02-26T21:05:04.158Z [ODDS]  Al Qanah: 4/1 → 9/2, Tanta: 3/1 → 11/4
2026-02-26T21:05:17.697Z [ODDS]  Al Qanah: 9/2 → 4/1, Draw: 4/7 → 8/15, Tanta: 11/4 → 3/1
2026-02-26T21:05:27.618Z [ODDS]  Al Qanah: 4/1 → 9/2, Draw: 8/15 → 1/2
2026-02-26T21:05:40.240Z [ODDS]  Draw: 1/2 → 8/15
2026-02-26T21:05:50.616Z [ODDS]  Draw: 8/15 → 1/2
2026-02-26T21:06:13.689Z [ODDS]  Tanta: 3/1 → 10/3
2026-02-26T21:06:23.543Z [ODDS]  Tanta: 10/3 → 3/1
2026-02-26T21:06:45.638Z [ODDS]  Draw: 1/2 → 8/15
2026-02-26T21:06:52.852Z [ODDS]  Draw: 8/15 → 1/2
2026-02-26T21:07:16.306Z [ODDS]  Al Qanah: 9/2 → 5/1, Draw: 1/2 → 4/9, Tanta: 3/1 → 10/3
2026-02-26T21:08:46.807Z [ODDS]  Al Qanah: 5/1 → 11/2
2026-02-26T21:09:05.298Z [ODDS]  Tanta: 3/1 → 10/3
2026-02-26T21:09:19.732Z [ODDS]  Al Qanah: 11/2 → 5/1, Draw: 4/9 → 2/5, Tanta: 10/3 → 7/2
2026-02-26T21:09:38.672Z [ODDS]  Al Qanah: 5/1 → 11/2, Draw: 2/5 → 4/9, Tanta: 7/2 → 10/3
2026-02-26T21:10:05.374Z [ODDS]  Draw: 4/9 → 2/5, Tanta: 10/3 → 7/2
2026-02-26T21:10:32.795Z [ODDS]  Al Qanah: 11/2 → 5/1, Draw: 2/5 → 4/9
2026-02-26T21:10:44.521Z [ODDS]  Al Qanah: 5/1 → 11/2, Draw: 4/9 → 2/5
2026-02-26T21:10:53.141Z [ODDS]  Draw: 2/5 → 4/11
2026-02-26T21:11:08.875Z [ODDS]  Tanta: 7/2 → 15/4
2026-02-26T21:11:12.485Z [ODDS]  Al Qanah: 11/2 → 6/1, Draw: 4/11 → 2/5, Tanta: 15/4 → 10/3
2026-02-26T21:11:22.443Z [ODDS]  Al Qanah: 6/1 → 11/2, Draw: 2/5 → 4/11, Tanta: 10/3 → 15/4
2026-02-26T21:11:27.910Z [ODDS]  Draw: 4/11 → 2/5, Tanta: 15/4 → 7/2
2026-02-26T21:11:32.909Z [ODDS]  Al Qanah: 11/2 → 6/1
2026-02-26T21:11:39.094Z [ODDS]  Al Qanah: 6/1 → 11/2, Draw: 2/5 → 4/11
2026-02-26T21:11:55.340Z [ODDS]  Al Qanah: 11/2 → 6/1, Tanta: 7/2 → 15/4
2026-02-26T21:12:45.397Z [ODDS]  Draw: 4/11 → 1/3, Tanta: 15/4 → 4/1
2026-02-26T21:12:45.841Z [ODDS]  Draw: 1/3 → 4/11, Tanta: 4/1 → 7/2
2026-02-26T21:12:55.832Z [ODDS]  Tanta: 7/2 → 15/4
2026-02-26T21:12:56.237Z [ODDS]  Draw: 4/11 → 1/3, Tanta: 15/4 → 4/1
2026-02-26T21:14:16.500Z [ODDS]  Draw: 1/3 → 4/11, Tanta: 4/1 → 15/4
2026-02-26T21:14:24.608Z [ODDS]  Draw: 4/11 → 1/3, Tanta: 15/4 → 4/1
2026-02-26T21:14:59.794Z [ODDS]  Al Qanah: 6/1 → 13/2, Tanta: 4/1 → 15/4
2026-02-26T21:15:26.405Z [ODDS]  Draw: 1/3 → 3/10, Tanta: 15/4 → 9/2
2026-02-26T21:15:34.569Z [ODDS]  Draw: 3/10 → 1/3, Tanta: 9/2 → 4/1
2026-02-26T21:15:35.872Z [ODDS]  Draw: 1/3 → 3/10
2026-02-26T21:15:44.440Z [ODDS]  Draw: 3/10 → 2/7
2026-02-26T21:15:44.891Z [ODDS]  Draw: 2/7 → 3/10
2026-02-26T21:15:45.352Z [ODDS]  Draw: 3/10 → 2/7
2026-02-26T21:15:53.920Z [ODDS]  Tanta: 4/1 → 9/2
2026-02-26T21:15:57.070Z [ODDS]  Tanta: 9/2 → 4/1
2026-02-26T21:16:02.957Z [ODDS]  Tanta: 4/1 → 9/2
2026-02-26T21:16:07.441Z [ODDS]  Al Qanah: 13/2 → 7/1, Draw: 2/7 → 3/10, Tanta: 9/2 → 15/4
2026-02-26T21:16:20.519Z [ODDS]  Tanta: 15/4 → 4/1
2026-02-26T21:16:20.972Z [ODDS]  Al Qanah: 7/1 → 13/2, Draw: 3/10 → 2/7, Tanta: 4/1 → 9/2
2026-02-26T21:16:28.205Z [ODDS]  Al Qanah: 13/2 → 7/1
2026-02-26T21:16:53.448Z [ODDS]  Draw: 2/7 → 1/4
2026-02-26T21:17:03.819Z [ODDS]  Draw: 1/4 → 2/7
2026-02-26T21:17:16.900Z [ODDS]  Al Qanah: 7/1 → 6/1
2026-02-26T21:17:22.759Z [ODDS]  Al Qanah: 6/1 → 7/1, Draw: 2/7 → 1/4
2026-02-26T21:17:37.200Z [ODDS]  Draw: 1/4 → 2/7
2026-02-26T21:17:42.623Z [ODDS]  Al Qanah: 7/1 → 15/2, Draw: 2/7 → 2/9, Tanta: 9/2 → 5/1
2026-02-26T21:17:50.741Z [ODDS]  Al Qanah: 15/2 → 1/8, Draw: 2/9 → 5/1, Tanta: 5/1 → 33/1
2026-02-26T21:17:50.741Z [EVENT]  score: 0-1
2026-02-26T21:18:03.803Z [ODDS]  Al Qanah: 1/8 → 1/7, Draw: 5/1 → 9/2, Tanta: 33/1 → 28/1
2026-02-26T21:18:24.570Z [ODDS]  Al Qanah: 1/7 → 1/8, Draw: 9/2 → 5/1, Tanta: 28/1 → 33/1
2026-02-26T21:19:05.140Z [ODDS]  Al Qanah: 1/8 → 1/9, Draw: 5/1 → 11/2
2026-02-26T21:19:05.603Z [ODDS]  Al Qanah: 1/9 → 1/8, Draw: 11/2 → 5/1
2026-02-26T21:19:18.219Z [ODDS]  Al Qanah: 1/8 → 1/9, Draw: 5/1 → 11/2
2026-02-26T21:19:31.748Z [ODDS]  Al Qanah: 1/9 → 1/8, Draw: 11/2 → 5/1
2026-02-26T21:19:43.924Z [ODDS]  Al Qanah: 1/8 → 1/9, Draw: 5/1 → 11/2
2026-02-26T21:20:22.713Z [ODDS]  Al Qanah: 1/9 → 1/8, Draw: 11/2 → 5/1, Tanta: 33/1 → 28/1
2026-02-26T21:20:33.842Z [ODDS]  Tanta: 28/1 → 33/1
2026-02-26T21:20:39.436Z [ODDS]  Al Qanah: 1/8 → 1/9, Draw: 5/1 → 11/2, Tanta: 33/1 → 40/1
2026-02-26T21:20:40.782Z [ODDS]  Al Qanah: 1/9 → 1/10, Draw: 11/2 → 6/1
2026-02-26T21:21:59.680Z [ODDS]  Al Qanah: 1/10 → 1/12, Draw: 6/1 → 7/1
2026-02-26T21:22:28.091Z [ODDS]  Al Qanah: 1/12 → 1/10, Draw: 7/1 → 6/1, Tanta: 40/1 → 33/1
2026-02-26T21:22:32.603Z [ODDS]  Al Qanah: 1/10 → 1/12, Draw: 6/1 → 7/1, Tanta: 33/1 → 40/1
2026-02-26T21:22:44.781Z [ODDS]  Tanta: 40/1 → 50/1
2026-02-26T21:23:01.466Z [ODDS]  Al Qanah: 1/12 → 1/14, Draw: 7/1 → 8/1
2026-02-26T21:24:14.183Z [ODDS]  Al Qanah: 1/14 → 1/16, Draw: 8/1 → 9/1
2026-02-26T21:24:14.686Z [ODDS]  Al Qanah: 1/16 → 1/12, Draw: 9/1 → 7/1, Tanta: 50/1 → 40/1
2026-02-26T21:24:23.281Z [ODDS]  Al Qanah: 1/12 → 1/10, Draw: 7/1 → 6/1
2026-02-26T21:24:33.489Z [ODDS]  Al Qanah: 1/10 → 1/12, Draw: 6/1 → 13/2
2026-02-26T21:24:36.200Z [ODDS]  Al Qanah: 1/12 → 1/16, Draw: 13/2 → 9/1, Tanta: 40/1 → 50/1
2026-02-26T21:25:09.120Z [ODDS]  Al Qanah: 1/16 → 1/20, Draw: 9/1 → 10/1
2026-02-26T21:25:17.691Z [ODDS]  Tanta: 50/1 → 66/1
2026-02-26T21:25:51.965Z [ODDS]  Al Qanah: 1/20 → 1/25, Draw: 10/1 → 12/1
2026-02-26T21:26:43.832Z [ODDS]  Al Qanah: 1/25 → 1/28, Tanta: 66/1 → 80/1
2026-02-26T21:26:58.890Z [ODDS]  Al Qanah: 1/28 → 1/33, Draw: 12/1 → 14/1
2026-02-26T21:27:19.010Z [ODDS]  Al Qanah: 1/33 → 1/40, Draw: 14/1 → 16/1
2026-02-26T21:27:47.420Z [ODDS]  Al Qanah: 1/40 → 1/50, Draw: 16/1 → 18/1, Tanta: 80/1 → 100/1
2026-02-26T21:28:35.267Z [ODDS]  Al Qanah: 1/50 → 1/66, Draw: 18/1 → 20/1, Tanta: 100/1 → 125/1
2026-02-26T21:28:40.188Z [ODDS]  Al Qanah: 1/66 → 1/80, Draw: 20/1 → 22/1
2026-02-26T21:28:51.915Z [ODDS]  Tanta: 125/1 → 150/1
2026-02-26T21:29:06.797Z [ODDS]  Al Qanah: 1/80 → 1/100, Draw: 22/1 → 25/1
