2026-02-26T23:39:37.100Z [ODDS]  Sergipe: 5/4 → 13/10
2026-02-26T23:40:09.360Z [ODDS]  Draw: 6/4 → 7/5
2026-02-26T23:40:21.086Z [ODDS]  Draw: 7/5 → 6/4
2026-02-26T23:40:21.537Z [ODDS]  Sergipe: 13/10 → 5/4, America SE: 3/1 → 10/3
2026-02-26T23:40:30.106Z [ODDS]  Sergipe: 5/4 → 13/10, Draw: 6/4 → 7/5, America SE: 10/3 → 3/1
2026-02-26T23:40:44.989Z [ODDS]  America SE: 3/1 → 10/3
2026-02-26T23:41:44.550Z [ODDS]  Draw: 7/5 → 11/8
2026-02-26T23:42:45.406Z [ODDS]  Draw: 11/8 → 7/5, America SE: 10/3 → 3/1
2026-02-26T23:42:46.308Z [ODDS]  Sergipe: 13/10 → 5/4, America SE: 3/1 → 10/3
2026-02-26T23:42:56.230Z [ODDS]  Sergipe: 5/4 → 13/10, America SE: 10/3 → 3/1
2026-02-26T23:43:31.860Z [ODDS]  Draw: 7/5 → 11/8, America SE: 3/1 → 10/3
2026-02-26T23:44:58.000Z [ODDS]  Sergipe: 13/10 → 5/4, Draw: 11/8 → 7/5, America SE: 10/3 → 3/1
2026-02-26T23:45:23.706Z [ODDS]  Sergipe: 5/4 → 13/10
2026-02-26T23:46:09.256Z [ODDS]  Sergipe: 13/10 → 5/4, America SE: 3/1 → 10/3
2026-02-26T23:46:10.158Z [ODDS]  Sergipe: 5/4 → 13/10, America SE: 10/3 → 3/1
2026-02-26T23:46:30.456Z [ODDS]  America SE: 3/1 → 10/3
2026-02-26T23:47:48.478Z [ODDS]  Draw: 7/5 → 11/8
2026-02-26T23:48:16.890Z [ODDS]  Sergipe: 13/10 → 11/8, Draw: 11/8 → 7/5, America SE: 10/3 → 3/1
2026-02-26T23:48:17.339Z [ODDS]  Sergipe: 11/8 → 13/10, Draw: 7/5 → 11/8, America SE: 3/1 → 10/3
2026-02-26T23:49:50.253Z [ODDS]  Sergipe: 13/10 → 11/8
2026-02-26T23:50:07.391Z [ODDS]  Draw: 11/8 → 13/10
2026-02-26T23:52:47.511Z [ODDS]  Draw: 13/10 → 5/4
2026-02-26T23:53:17.276Z [ODDS]  Sergipe: 11/8 → 7/5
2026-02-26T23:54:56.499Z [ODDS]  Sergipe: 7/5 → 6/4
2026-02-26T23:55:11.831Z [ODDS]  Sergipe: 6/4 → 7/5, Draw: 5/4 → 6/5
2026-02-26T23:56:19.128Z [ODDS]  America SE: 10/3 → 7/2
2026-02-26T23:56:39.873Z [ODDS]  Sergipe: 7/5 → 6/4
2026-02-26T23:57:46.175Z [ODDS]  Draw: 6/5 → 11/10
2026-02-26T23:57:46.622Z [ODDS]  Draw: 11/10 → 6/5, America SE: 7/2 → 10/3
2026-02-26T23:57:48.876Z [ODDS]  Draw: 6/5 → 11/10, America SE: 10/3 → 7/2
2026-02-27T00:00:08.236Z [ODDS]  America SE: 7/2 → 15/4
2026-02-27T00:00:29.433Z [ODDS]  America SE: 15/4 → 7/2
2026-02-27T00:00:44.767Z [ODDS]  Sergipe: 6/4 → 9/2, Draw: 11/10 → 11/5, America SE: 7/2 → 4/6
2026-02-27T00:01:54.673Z [ODDS]  Sergipe: 9/2 → 13/2, Draw: 11/5 → 13/5, America SE: 4/6 → 4/9
2026-02-27T00:01:54.673Z [EVENT]  score: 1-0
2026-02-27T00:03:03.224Z [ODDS]  Sergipe: 13/2 → 6/1, Draw: 13/5 → 5/2, America SE: 4/9 → 1/2
2026-02-27T00:03:12.245Z [ODDS]  Draw: 5/2 → 12/5, America SE: 1/2 → 8/15
2026-02-27T00:03:49.229Z [ODDS]  Sergipe: 6/1 → 11/2, America SE: 8/15 → 4/7
2026-02-27T00:04:20.800Z [ODDS]  Sergipe: 11/2 → 5/1, Draw: 12/5 → 9/4, America SE: 4/7 → 8/13
2026-02-27T00:05:13.115Z [ODDS]  Sergipe: 5/1 → 6/1, Draw: 9/4 → 12/5, America SE: 8/13 → 8/15
