2026-02-26T23:08:15.375Z [ODDS]  Spain (Nightxx): 23/20 → 6/5, France (Grellz): 17/10 → 7/4
2026-02-26T23:08:37.925Z [ODDS]  Spain (Nightxx): 6/5 → 8/13, Draw: 12/5 → 3/1, France (Grellz): 7/4 → 10/3
2026-02-26T23:08:37.925Z [EVENT]  score: 0-1
2026-02-26T23:08:58.222Z [ODDS]  Spain (Nightxx): 8/13 → 4/7, France (Grellz): 10/3 → 7/2
2026-02-26T23:09:29.341Z [ODDS]  Draw: 3/1 → 11/4
2026-02-26T23:09:46.027Z [ODDS]  France (Grellz): 7/2 → 15/4
2026-02-26T23:10:17.146Z [ODDS]  France (Grellz): 15/4 → 4/1
2026-02-26T23:10:41.517Z [ODDS]  Spain (Nightxx): 4/7 → 11/8, Draw: 11/4 → 11/5, France (Grellz): 4/1 → 7/4
2026-02-26T23:10:41.517Z [EVENT]  score: 1-1
2026-02-26T23:11:06.760Z [ODDS]  Draw: 11/5 → 21/10
2026-02-26T23:11:32.017Z [ODDS]  Spain (Nightxx): 11/8 → 7/5, Draw: 21/10 → 2/1
2026-02-26T23:11:52.313Z [ODDS]  Draw: 2/1 → 15/8
2026-02-26T23:12:02.687Z [ODDS]  Spain (Nightxx): 7/5 → 6/4, France (Grellz): 7/4 → 15/8
2026-02-26T23:12:13.063Z [ODDS]  Draw: 15/8 → 7/4
2026-02-26T23:12:25.237Z [ODDS]  Spain (Nightxx): 6/4 → 1/2, Draw: 7/4 → 13/5, France (Grellz): 15/8 → 5/1
2026-02-26T23:12:25.237Z [EVENT]  score: 1-2
2026-02-26T23:13:21.163Z [ODDS]  Draw: 13/5 → 5/2
2026-02-26T23:13:31.535Z [ODDS]  France (Grellz): 5/1 → 11/2
2026-02-26T23:13:51.831Z [ODDS]  Draw: 5/2 → 12/5, France (Grellz): 11/2 → 6/1
2026-02-26T23:14:03.556Z [ODDS]  Spain (Nightxx): 1/2 → 4/9, France (Grellz): 6/1 → 13/2
2026-02-26T23:14:23.852Z [ODDS]  France (Grellz): 13/2 → 7/1
2026-02-26T23:14:34.224Z [ODDS]  France (Grellz): 7/1 → 15/2
2026-02-26T23:14:44.146Z [ODDS]  Spain (Nightxx): 4/9 → 2/5, France (Grellz): 15/2 → 8/1
2026-02-26T23:14:54.518Z [ODDS]  France (Grellz): 8/1 → 17/2
2026-02-26T23:15:07.147Z [ODDS]  Spain (Nightxx): 2/5 → 4/11, France (Grellz): 17/2 → 9/1
2026-02-26T23:15:17.520Z [ODDS]  Spain (Nightxx): 4/11 → 1/3, France (Grellz): 9/1 → 11/1
2026-02-26T23:15:27.893Z [ODDS]  Spain (Nightxx): 1/3 → 3/10, France (Grellz): 11/1 → 12/1
2026-02-26T23:15:37.815Z [ODDS]  Spain (Nightxx): 3/10 → 2/7, Draw: 12/5 → 5/2, France (Grellz): 12/1 → 14/1
2026-02-26T23:15:48.188Z [ODDS]  Spain (Nightxx): 2/7 → 1/4, Draw: 5/2 → 11/4, France (Grellz): 14/1 → 20/1
2026-02-26T23:16:44.109Z [EVENT]  score: 2-2
