2026-02-26T20:08:07.062Z [ODDS]  Inter (Furious): 6/1 → 13/2
2026-02-26T20:08:28.259Z [ODDS]  Inter (Furious): 13/2 → 14/1, Draw: 11/4 → 7/1, Real Madrid (Klaus): 2/5 → 1/12
2026-02-26T20:08:28.259Z [EVENT]  score: 2-0
2026-02-26T20:08:44.050Z [ODDS]  Draw: 7/1 → 8/1, Real Madrid (Klaus): 1/12 → 1/14
2026-02-26T20:09:10.653Z [ODDS]  Inter (Furious): 14/1 → 16/1
2026-02-26T20:09:22.380Z [ODDS]  Draw: 8/1 → 9/1, Real Madrid (Klaus): 1/14 → 1/16
2026-02-26T20:09:39.086Z [ODDS]  Inter (Furious): 16/1 → 25/1, Draw: 9/1 → 25/1, Real Madrid (Klaus): 1/16 → 1/100
2026-02-26T20:09:39.086Z [EVENT]  score: 3-0
2026-02-26T20:09:42.680Z [ODDS]  Real Madrid (Klaus): 1/100 → 1/125
2026-02-26T20:09:47.636Z [ODDS]  Inter (Furious): 25/1 → 22/1, Draw: 25/1 → 22/1, Real Madrid (Klaus): 1/125 → 1/80
2026-02-26T20:09:54.856Z [ODDS]  Inter (Furious): 22/1 → 20/1, Draw: 22/1 → 20/1, Real Madrid (Klaus): 1/80 → 1/66
2026-02-26T20:09:59.366Z [ODDS]  Draw: 20/1 → 18/1, Real Madrid (Klaus): 1/66 → 1/50
2026-02-26T20:10:12.000Z [ODDS]  Draw: 18/1 → 16/1, Real Madrid (Klaus): 1/50 → 1/40
2026-02-26T20:10:16.505Z [ODDS]  Draw: 16/1 → 18/1, Real Madrid (Klaus): 1/40 → 1/50
2026-02-26T20:10:34.541Z [ODDS]  Inter (Furious): 20/1 → 22/1, Draw: 18/1 → 20/1, Real Madrid (Klaus): 1/50 → 1/66
2026-02-26T20:10:37.247Z [ODDS]  Inter (Furious): 22/1 → 16/1, Draw: 20/1 → 7/1, Real Madrid (Klaus): 1/66 → 1/12
2026-02-26T20:10:37.247Z [EVENT]  score: 3-1
2026-02-26T20:10:39.049Z [ODDS]  Inter (Furious): 16/1 → 18/1
2026-02-26T20:10:44.922Z [ODDS]  Draw: 7/1 → 8/1, Real Madrid (Klaus): 1/12 → 1/14
2026-02-26T20:10:45.827Z [ODDS]  Inter (Furious): 18/1 → 16/1, Draw: 8/1 → 7/1, Real Madrid (Klaus): 1/14 → 1/12
2026-02-26T20:10:47.623Z [ODDS]  Inter (Furious): 16/1 → 18/1
2026-02-26T20:11:03.414Z [ODDS]  Inter (Furious): 18/1 → 20/1
2026-02-26T20:11:07.013Z [ODDS]  Draw: 7/1 → 8/1, Real Madrid (Klaus): 1/12 → 1/14
2026-02-26T20:11:19.639Z [ODDS]  Draw: 8/1 → 9/1, Real Madrid (Klaus): 1/14 → 1/16
2026-02-26T20:11:20.541Z [ODDS]  Inter (Furious): 20/1 → 22/1
2026-02-26T20:11:26.404Z [ODDS]  Draw: 9/1 → 10/1, Real Madrid (Klaus): 1/16 → 1/20
2026-02-26T20:11:33.623Z [ODDS]  Inter (Furious): 22/1 → 25/1
2026-02-26T20:11:36.782Z [ODDS]  Draw: 10/1 → 12/1, Real Madrid (Klaus): 1/20 → 1/25
2026-02-26T20:11:43.547Z [ODDS]  Inter (Furious): 25/1 → 28/1
2026-02-26T20:11:45.348Z [ODDS]  Real Madrid (Klaus): 1/25 → 1/28
2026-02-26T20:11:53.465Z [ODDS]  Draw: 12/1 → 14/1, Real Madrid (Klaus): 1/28 → 1/33
2026-02-26T20:12:01.134Z [ODDS]  Inter (Furious): 28/1 → 33/1, Draw: 14/1 → 18/1, Real Madrid (Klaus): 1/33 → 1/50
2026-02-26T20:12:07.458Z [ODDS]  Draw: 18/1 → 20/1, Real Madrid (Klaus): 1/50 → 1/66
2026-02-26T20:12:09.702Z [ODDS]  Inter (Furious): 33/1 → 40/1
2026-02-26T20:12:11.957Z [ODDS]  Draw: 20/1 → 22/1, Real Madrid (Klaus): 1/66 → 1/80
