2026-02-26T23:38:30.592Z [ODDS]  SC Freiburg (Furious): 4/9 → 2/5
2026-02-26T23:38:33.749Z [ODDS]  Dortmund (Jack): 13/2 → 7/1
2026-02-26T23:38:58.103Z [ODDS]  Dortmund (Jack): 7/1 → 15/2
2026-02-26T23:39:04.867Z [ODDS]  Draw: 5/2 → 13/5
2026-02-26T23:39:10.280Z [ODDS]  SC Freiburg (Furious): 2/5 → 4/11
2026-02-26T23:39:14.461Z [ODDS]  Dortmund (Jack): 15/2 → 8/1
2026-02-26T23:39:30.123Z [ODDS]  Dortmund (Jack): 8/1 → 17/2
2026-02-26T23:39:37.789Z [ODDS]  SC Freiburg (Furious): 4/11 → 1/3
2026-02-26T23:39:42.752Z [ODDS]  Dortmund (Jack): 17/2 → 9/1
2026-02-26T23:40:01.242Z [ODDS]  Dortmund (Jack): 9/1 → 10/1
2026-02-26T23:40:02.143Z [ODDS]  SC Freiburg (Furious): 1/3 → 3/10
2026-02-26T23:40:04.400Z [ODDS]  Draw: 13/5 → 11/4
2026-02-26T23:40:19.733Z [ODDS]  Dortmund (Jack): 10/1 → 11/1, SC Freiburg (Furious): 3/10 → 2/7
2026-02-26T23:40:31.007Z [ODDS]  Dortmund (Jack): 11/1 → 12/1
2026-02-26T23:40:36.420Z [ODDS]  SC Freiburg (Furious): 2/7 → 1/4
2026-02-26T23:40:42.737Z [ODDS]  Draw: 11/4 → 3/1
2026-02-26T23:40:47.247Z [ODDS]  Dortmund (Jack): 12/1 → 14/1
2026-02-26T23:40:58.990Z [ODDS]  SC Freiburg (Furious): 1/4 → 2/9
2026-02-26T23:41:03.480Z [ODDS]  Dortmund (Jack): 14/1 → 16/1
2026-02-26T23:41:13.853Z [ODDS]  Dortmund (Jack): 16/1 → 18/1, Draw: 3/1 → 10/3, SC Freiburg (Furious): 2/9 → 1/5
2026-02-26T23:41:21.971Z [ODDS]  Dortmund (Jack): 18/1 → 20/1
2026-02-26T23:41:31.893Z [ODDS]  Dortmund (Jack): 20/1 → 22/1, Draw: 10/3 → 7/2, SC Freiburg (Furious): 1/5 → 2/11
2026-02-26T23:41:34.609Z [ODDS]  Dortmund (Jack): 22/1 → 20/1, Draw: 7/2 → 10/3, SC Freiburg (Furious): 2/11 → 1/5
2026-02-26T23:41:38.659Z [ODDS]  Dortmund (Jack): 20/1 → 22/1, Draw: 10/3 → 7/2, SC Freiburg (Furious): 1/5 → 2/11
2026-02-26T23:41:44.550Z [ODDS]  Dortmund (Jack): 22/1 → 25/1
2026-02-26T23:41:48.129Z [ODDS]  Draw: 7/2 → 15/4, SC Freiburg (Furious): 2/11 → 1/6
2026-02-26T23:41:52.642Z [ODDS]  Draw: 15/4 → 4/1
2026-02-26T23:42:00.307Z [ODDS]  Dortmund (Jack): 25/1 → 28/1
2026-02-26T23:42:02.110Z [ODDS]  Draw: 4/1 → 9/2, SC Freiburg (Furious): 1/6 → 1/7
2026-02-26T23:42:09.325Z [ODDS]  Dortmund (Jack): 28/1 → 33/1
2026-02-26T23:42:17.087Z [ODDS]  Dortmund (Jack): 33/1 → 40/1, Draw: 9/2 → 5/1, SC Freiburg (Furious): 1/7 → 1/8
