2026-02-26T19:47:29.308Z [ODDS]  Spain (THREAT): 1/2 → 4/9
2026-02-26T19:47:32.913Z [ODDS]  Portugal (CATALYST): 6/1 → 13/2
2026-02-26T19:47:51.861Z [ODDS]  Portugal (CATALYST): 13/2 → 7/1
2026-02-26T19:48:01.330Z [ODDS]  Spain (THREAT): 4/9 → 2/5
2026-02-26T19:48:04.485Z [ODDS]  Draw: 12/5 → 5/2
2026-02-26T19:48:12.176Z [ODDS]  Portugal (CATALYST): 7/1 → 15/2
2026-02-26T19:48:41.016Z [ODDS]  Spain (THREAT): 2/5 → 4/11, Portugal (CATALYST): 15/2 → 8/1
2026-02-26T19:48:50.036Z [ODDS]  Draw: 5/2 → 13/5, Portugal (CATALYST): 8/1 → 17/2
2026-02-26T19:49:00.859Z [ODDS]  Spain (THREAT): 4/11 → 1/3, Portugal (CATALYST): 17/2 → 9/1
2026-02-26T19:49:11.232Z [ODDS]  Portugal (CATALYST): 9/1 → 10/1
2026-02-26T19:49:15.778Z [ODDS]  Spain (THREAT): 1/3 → 3/10, Draw: 13/5 → 11/4
2026-02-26T19:49:27.475Z [ODDS]  Spain (THREAT): 3/10 → 2/7, Portugal (CATALYST): 10/1 → 11/1
2026-02-26T19:49:33.781Z [ODDS]  Draw: 11/4 → 3/1
2026-02-26T19:49:35.137Z [ODDS]  Spain (THREAT): 2/7 → 1/4, Portugal (CATALYST): 11/1 → 12/1
2026-02-26T19:49:49.116Z [ODDS]  Spain (THREAT): 1/4 → 2/9, Portugal (CATALYST): 12/1 → 14/1
2026-02-26T19:49:54.978Z [ODDS]  Draw: 3/1 → 10/3
2026-02-26T19:49:59.488Z [ODDS]  Spain (THREAT): 2/9 → 1/5
2026-02-26T19:49:59.938Z [ODDS]  Portugal (CATALYST): 14/1 → 16/1
2026-02-26T19:50:09.865Z [ODDS]  Spain (THREAT): 1/5 → 2/11, Draw: 10/3 → 7/2, Portugal (CATALYST): 16/1 → 18/1
2026-02-26T19:50:36.470Z [ODDS]  Spain (THREAT): 2/11 → 1/6, Draw: 7/2 → 4/1, Portugal (CATALYST): 18/1 → 20/1
2026-02-26T19:50:43.694Z [ODDS]  Draw: 4/1 → 15/4, Portugal (CATALYST): 20/1 → 18/1
2026-02-26T19:50:44.597Z [ODDS]  Portugal (CATALYST): 18/1 → 20/1
2026-02-26T19:50:54.062Z [ODDS]  Draw: 15/4 → 4/1
2026-02-26T19:51:00.826Z [ODDS]  Portugal (CATALYST): 20/1 → 22/1
2026-02-26T19:51:08.495Z [ODDS]  Spain (THREAT): 1/6 → 1/7, Draw: 4/1 → 9/2, Portugal (CATALYST): 22/1 → 25/1
