2026-02-26T20:10:59.800Z [ODDS]  Union Santa Fe: 29/20 → 7/5, Sarmiento: 9/4 → 23/10
2026-02-26T20:16:47.074Z [ODDS]  Draw: 19/10 → 15/8
2026-02-26T20:17:51.576Z [ODDS]  Sarmiento: 23/10 → 12/5
2026-02-26T20:17:59.241Z [ODDS]  Union Santa Fe: 7/5 → 11/8
2026-02-26T20:18:22.693Z [ODDS]  Union Santa Fe: 11/8 → 7/5
2026-02-26T20:19:37.559Z [ODDS]  Union Santa Fe: 7/5 → 6/4, Sarmiento: 12/5 → 9/4
2026-02-26T20:20:29.877Z [ODDS]  Draw: 15/8 → 7/4
2026-02-26T20:20:44.775Z [ODDS]  Sarmiento: 9/4 → 12/5
2026-02-26T20:20:47.027Z [ODDS]  Sarmiento: 12/5 → 9/4
2026-02-26T20:21:10.466Z [ODDS]  Sarmiento: 9/4 → 12/5
2026-02-26T20:22:35.267Z [ODDS]  Sarmiento: 12/5 → 9/4
2026-02-26T20:23:41.109Z [ODDS]  Union Santa Fe: 6/4 → 8/5, Sarmiento: 9/4 → 11/5
2026-02-26T20:23:48.772Z [ODDS]  Union Santa Fe: 8/5 → 13/8, Draw: 7/4 → 15/8, Sarmiento: 11/5 → 2/1
2026-02-26T20:25:20.767Z [ODDS]  Union Santa Fe: 13/8 → 6/4, Draw: 15/8 → 7/4, Sarmiento: 2/1 → 9/4
2026-02-26T20:25:22.108Z [ODDS]  Sarmiento: 9/4 → 12/5
2026-02-26T20:25:27.523Z [ODDS]  Union Santa Fe: 6/4 → 8/5, Sarmiento: 12/5 → 11/5
2026-02-26T20:26:14.880Z [ODDS]  Union Santa Fe: 8/5 → 1/2, Draw: 7/4 → 11/4, Sarmiento: 11/5 → 7/1
2026-02-26T20:26:14.880Z [EVENT]  score: 0-1
2026-02-26T20:26:25.258Z [ODDS]  Union Santa Fe: 1/2 → 8/15, Sarmiento: 7/1 → 6/1
2026-02-26T20:27:05.843Z [ODDS]  Union Santa Fe: 8/15 → 1/2
2026-02-26T20:27:18.471Z [ODDS]  Union Santa Fe: 1/2 → 8/15
2026-02-26T20:27:53.647Z [ODDS]  Union Santa Fe: 8/15 → 1/2
2026-02-26T20:27:59.062Z [ODDS]  Sarmiento: 6/1 → 13/2
2026-02-26T20:28:04.925Z [ODDS]  Draw: 11/4 → 3/1
2026-02-26T20:28:34.688Z [ODDS]  Union Santa Fe: 1/2 → 4/9, Sarmiento: 13/2 → 7/1
2026-02-26T20:29:37.395Z [ODDS]  Union Santa Fe: 4/9 → 1/9, Draw: 3/1 → 15/2, Sarmiento: 7/1 → 20/1
2026-02-26T20:29:37.395Z [EVENT]  score: 0-2
2026-02-26T20:29:54.519Z [ODDS]  Union Santa Fe: 1/9 → 1/11, Draw: 15/2 → 17/2, Sarmiento: 20/1 → 22/1
2026-02-26T20:30:14.367Z [ODDS]  Union Santa Fe: 1/11 → 1/10, Draw: 17/2 → 8/1
2026-02-26T20:30:36.013Z [ODDS]  Union Santa Fe: 1/10 → 1/9, Draw: 8/1 → 15/2
2026-02-26T20:30:39.619Z [ODDS]  Sarmiento: 22/1 → 20/1
2026-02-26T20:30:48.654Z [ODDS]  Union Santa Fe: 1/9 → 1/10, Sarmiento: 20/1 → 22/1
2026-02-26T20:30:50.451Z [ODDS]  Union Santa Fe: 1/10 → 1/9
2026-02-26T20:31:29.229Z [ODDS]  Union Santa Fe: 1/9 → 1/10, Draw: 15/2 → 8/1
2026-02-26T20:32:01.255Z [ODDS]  Draw: 8/1 → 15/2
2026-02-26T20:32:07.564Z [ODDS]  Union Santa Fe: 1/10 → 1/9
2026-02-26T20:32:16.592Z [ODDS]  Union Santa Fe: 1/9 → 1/10
2026-02-26T20:32:19.293Z [ODDS]  Union Santa Fe: 1/10 → 1/9, Draw: 15/2 → 7/1, Sarmiento: 22/1 → 20/1
2026-02-26T20:32:21.998Z [ODDS]  Union Santa Fe: 1/9 → 1/10, Draw: 7/1 → 15/2, Sarmiento: 20/1 → 22/1
2026-02-26T20:32:43.646Z [ODDS]  Union Santa Fe: 1/10 → 1/9
2026-02-26T20:32:49.507Z [ODDS]  Sarmiento: 22/1 → 20/1
2026-02-26T20:33:16.571Z [ODDS]  Sarmiento: 20/1 → 22/1
2026-02-26T20:33:17.925Z [ODDS]  Union Santa Fe: 1/9 → 1/10
2026-02-26T20:34:50.385Z [ODDS]  Draw: 15/2 → 8/1
2026-02-26T20:35:43.167Z [ODDS]  Union Santa Fe: 1/10 → 1/9, Draw: 8/1 → 15/2, Sarmiento: 22/1 → 20/1
2026-02-26T20:35:53.068Z [ODDS]  Union Santa Fe: 1/9 → 1/10, Draw: 15/2 → 8/1, Sarmiento: 20/1 → 22/1
2026-02-26T20:36:12.466Z [ODDS]  Draw: 8/1 → 15/2
2026-02-26T20:36:25.991Z [ODDS]  Union Santa Fe: 1/10 → 1/9
2026-02-26T20:36:43.129Z [ODDS]  Union Santa Fe: 1/9 → 1/10, Draw: 15/2 → 8/1
2026-02-26T20:37:06.596Z [ODDS]  Union Santa Fe: 1/10 → 1/9, Draw: 8/1 → 15/2
2026-02-26T20:37:07.934Z [ODDS]  Sarmiento: 22/1 → 20/1
2026-02-26T20:37:10.640Z [ODDS]  Sarmiento: 20/1 → 22/1
2026-02-26T20:37:25.077Z [ODDS]  Union Santa Fe: 1/9 → 1/8, Draw: 15/2 → 7/1, Sarmiento: 22/1 → 20/1
2026-02-26T20:37:28.688Z [ODDS]  Union Santa Fe: 1/8 → 1/9, Draw: 7/1 → 15/2, Sarmiento: 20/1 → 22/1
2026-02-26T20:37:31.846Z [ODDS]  Union Santa Fe: 1/9 → 1/10
2026-02-26T20:38:00.715Z [ODDS]  Draw: 15/2 → 8/1
2026-02-26T20:38:15.037Z [ODDS]  Union Santa Fe: 1/10 → 1/9, Draw: 8/1 → 15/2
2026-02-26T20:38:26.103Z [ODDS]  Union Santa Fe: 1/9 → 1/10, Draw: 15/2 → 8/1
2026-02-26T20:38:42.345Z [ODDS]  Union Santa Fe: 1/10 → 1/9, Draw: 8/1 → 15/2
2026-02-26T20:38:43.703Z [ODDS]  Union Santa Fe: 1/9 → 1/10, Draw: 15/2 → 8/1
2026-02-26T20:38:54.519Z [ODDS]  Draw: 8/1 → 15/2
2026-02-26T20:38:59.931Z [ODDS]  Draw: 15/2 → 8/1
2026-02-26T20:41:01.251Z [ODDS]  Draw: 8/1 → 15/2
2026-02-26T20:41:45.450Z [ODDS]  Draw: 15/2 → 8/1
2026-02-26T20:41:49.960Z [ODDS]  Draw: 8/1 → 15/2
2026-02-26T20:42:18.372Z [ODDS]  Draw: 15/2 → 8/1
2026-02-26T20:42:23.785Z [ODDS]  Draw: 8/1 → 15/2
2026-02-26T20:42:41.826Z [ODDS]  Draw: 15/2 → 8/1
2026-02-26T20:44:16.999Z [ODDS]  Union Santa Fe: 1/10 → 1/11
2026-02-26T20:44:48.107Z [ODDS]  Sarmiento: 22/1 → 25/1
2026-02-26T20:45:12.014Z [ODDS]  Draw: 8/1 → 17/2
2026-02-26T20:45:13.363Z [ODDS]  Draw: 17/2 → 8/1
2026-02-26T20:45:22.835Z [ODDS]  Draw: 8/1 → 17/2
2026-02-26T20:45:27.796Z [ODDS]  Union Santa Fe: 1/11 → 1/12
2026-02-26T20:45:56.209Z [ODDS]  Union Santa Fe: 1/12 → 1/11
2026-02-26T20:46:32.741Z [ODDS]  Union Santa Fe: 1/11 → 1/12
2026-02-26T20:47:15.140Z [ODDS]  Union Santa Fe: 1/12 → 1/10, Draw: 17/2 → 8/1, Sarmiento: 25/1 → 22/1
2026-02-26T20:48:27.843Z [ODDS]  Union Santa Fe: 1/10 → 1/11
2026-02-26T20:49:03.023Z [ODDS]  Union Santa Fe: 1/11 → 1/12, Draw: 8/1 → 17/2, Sarmiento: 22/1 → 25/1
2026-02-26T20:49:06.637Z [ODDS]  Union Santa Fe: 1/12 → 1/14, Draw: 17/2 → 9/1, Sarmiento: 25/1 → 28/1
2026-02-26T20:49:10.691Z [ODDS]  Union Santa Fe: 1/14 → 1/11, Draw: 9/1 → 8/1, Sarmiento: 28/1 → 25/1
2026-02-26T20:49:12.946Z [ODDS]  Union Santa Fe: 1/11 → 1/14, Draw: 8/1 → 9/1, Sarmiento: 25/1 → 28/1
2026-02-26T20:49:49.025Z [ODDS]  Union Santa Fe: 1/14 → 1/12
2026-02-26T20:50:08.440Z [ODDS]  Draw: 9/1 → 17/2, Sarmiento: 28/1 → 25/1
2026-02-26T20:50:16.558Z [ODDS]  Draw: 17/2 → 9/1
2026-02-26T20:50:18.364Z [ODDS]  Sarmiento: 25/1 → 28/1
2026-02-26T20:51:04.365Z [ODDS]  Union Santa Fe: 1/12 → 1/11, Draw: 9/1 → 17/2, Sarmiento: 28/1 → 25/1
2026-02-26T20:51:21.951Z [ODDS]  Union Santa Fe: 1/11 → 1/12
2026-02-26T20:51:40.893Z [ODDS]  Draw: 17/2 → 9/1
2026-02-26T20:52:25.549Z [ODDS]  Union Santa Fe: 1/12 → 1/14
2026-02-26T20:52:33.673Z [ODDS]  Union Santa Fe: 1/14 → 1/12
2026-02-26T20:52:40.893Z [ODDS]  Union Santa Fe: 1/12 → 1/14
2026-02-26T20:52:48.557Z [ODDS]  Sarmiento: 25/1 → 28/1
2026-02-26T20:52:51.267Z [ODDS]  Union Santa Fe: 1/14 → 1/12, Draw: 9/1 → 17/2, Sarmiento: 28/1 → 25/1
2026-02-26T20:52:58.028Z [ODDS]  Union Santa Fe: 1/12 → 1/14, Draw: 17/2 → 9/1, Sarmiento: 25/1 → 28/1
2026-02-26T20:54:39.503Z [ODDS]  Union Santa Fe: 1/14 → 1/12, Draw: 9/1 → 17/2
2026-02-26T20:54:43.110Z [ODDS]  Draw: 17/2 → 9/1
2026-02-26T20:54:52.585Z [ODDS]  Union Santa Fe: 1/12 → 1/16, Draw: 9/1 → 10/1
2026-02-26T20:55:06.568Z [ODDS]  Union Santa Fe: 1/16 → 1/14, Draw: 10/1 → 9/1
2026-02-26T20:55:09.728Z [ODDS]  Union Santa Fe: 1/14 → 1/16, Draw: 9/1 → 10/1
2026-02-26T20:55:51.670Z [ODDS]  Sarmiento: 28/1 → 33/1
2026-02-26T20:56:28.205Z [ODDS]  Sarmiento: 33/1 → 28/1
2026-02-26T20:56:32.264Z [ODDS]  Union Santa Fe: 1/16 → 1/12, Draw: 10/1 → 9/1
2026-02-26T20:56:52.108Z [ODDS]  Draw: 9/1 → 17/2, Sarmiento: 28/1 → 25/1
2026-02-26T20:57:20.070Z [ODDS]  Draw: 17/2 → 9/1
2026-02-26T20:57:30.442Z [ODDS]  Union Santa Fe: 1/12 → 1/14, Sarmiento: 25/1 → 28/1
2026-02-26T20:58:02.014Z [ODDS]  Draw: 9/1 → 10/1
2026-02-26T20:58:12.389Z [ODDS]  Draw: 10/1 → 9/1
2026-02-26T20:58:28.623Z [ODDS]  Draw: 9/1 → 10/1
2026-02-26T20:58:40.803Z [ODDS]  Union Santa Fe: 1/14 → 1/16
2026-02-26T20:59:09.216Z [ODDS]  Sarmiento: 28/1 → 33/1
2026-02-26T21:00:41.677Z [ODDS]  Union Santa Fe: 1/16 → 1/18
2026-02-26T21:01:35.415Z [ODDS]  Union Santa Fe: 1/18 → 1/16
2026-02-26T21:01:41.665Z [ODDS]  Union Santa Fe: 1/16 → 1/18
2026-02-26T21:03:06.464Z [ODDS]  Union Santa Fe: 1/18 → 1/16, Sarmiento: 33/1 → 28/1
2026-02-26T21:03:24.042Z [ODDS]  Union Santa Fe: 1/16 → 1/18, Sarmiento: 28/1 → 33/1
2026-02-26T21:03:30.374Z [ODDS]  Union Santa Fe: 1/18 → 1/20, Draw: 10/1 → 11/1
2026-02-26T21:03:32.156Z [ODDS]  Union Santa Fe: 1/20 → 1/18
2026-02-26T21:03:52.904Z [ODDS]  Draw: 11/1 → 10/1
2026-02-26T21:03:59.071Z [ODDS]  Draw: 10/1 → 11/1
2026-02-26T21:04:09.611Z [ODDS]  Draw: 11/1 → 10/1
2026-02-26T21:04:12.745Z [ODDS]  Draw: 10/1 → 11/1
2026-02-26T21:04:15.001Z [ODDS]  Draw: 11/1 → 10/1
2026-02-26T21:04:27.384Z [ODDS]  Draw: 10/1 → 11/1
2026-02-26T21:08:37.337Z [ODDS]  Draw: 11/1 → 10/1
2026-02-26T21:08:52.220Z [ODDS]  Draw: 10/1 → 11/1
2026-02-26T21:22:36.211Z [ODDS]  Union Santa Fe: 1/18 → 1/20
2026-02-26T21:24:55.139Z [ODDS]  Sarmiento: 33/1 → 40/1
2026-02-26T21:25:24.041Z [ODDS]  Union Santa Fe: 1/20 → 1/125, Draw: 11/1 → 28/1, Sarmiento: 40/1 → 66/1
2026-02-26T21:25:24.041Z [EVENT]  score: 0-3
2026-02-26T21:27:31.650Z [ODDS]  Union Santa Fe: 1/125 → 1/150
2026-02-26T21:27:40.658Z [ODDS]  Union Santa Fe: 1/150 → 1/125
2026-02-26T21:28:52.373Z [ODDS]  Union Santa Fe: 1/125 → 1/150
2026-02-26T21:28:55.522Z [ODDS]  Union Santa Fe: 1/150 → 1/125
2026-02-26T21:28:58.682Z [ODDS]  Union Santa Fe: 1/125 → 1/150
2026-02-26T21:30:04.992Z [ODDS]  Draw: 28/1 → 33/1, Sarmiento: 66/1 → 80/1
2026-02-26T21:30:21.690Z [ODDS]  Draw: 33/1 → 40/1, Sarmiento: 80/1 → 100/1
2026-02-26T21:30:46.024Z [ODDS]  Sarmiento: 100/1 → 125/1
2026-02-26T21:30:52.337Z [ODDS]  Draw: 40/1 → 33/1, Sarmiento: 125/1 → 100/1
2026-02-26T21:30:57.751Z [ODDS]  Draw: 33/1 → 40/1, Sarmiento: 100/1 → 125/1
2026-02-26T21:31:12.178Z [ODDS]  Sarmiento: 125/1 → 150/1
2026-02-26T21:31:22.557Z [ODDS]  Union Santa Fe: 1/150 → 1/125, Draw: 40/1 → 28/1, Sarmiento: 150/1 → 66/1
2026-02-26T21:31:29.317Z [ODDS]  Union Santa Fe: 1/125 → 1/200, Draw: 28/1 → 40/1, Sarmiento: 66/1 → 150/1
2026-02-26T21:31:35.635Z [ODDS]  Union Santa Fe: 1/200 → 1/150
2026-02-26T21:31:43.353Z [ODDS]  Union Santa Fe: 1/150 → 1/200
2026-02-26T21:32:05.854Z [ODDS]  Union Santa Fe: 1/200 → 1/25, Draw: 40/1 → 12/1, Sarmiento: 150/1 → 40/1
2026-02-26T21:32:05.854Z [EVENT]  score: 1-3
2026-02-26T21:32:36.071Z [ODDS]  Union Santa Fe: 1/25 → 1/28, Draw: 12/1 → 14/1
2026-02-26T21:32:37.422Z [ODDS]  Union Santa Fe: 1/28 → 1/25, Draw: 14/1 → 12/1
2026-02-26T21:32:55.034Z [ODDS]  Union Santa Fe: 1/25 → 1/28, Draw: 12/1 → 14/1
2026-02-26T21:32:56.826Z [ODDS]  Union Santa Fe: 1/28 → 1/22, Draw: 14/1 → 12/1
2026-02-26T21:33:15.755Z [ODDS]  Union Santa Fe: 1/22 → 1/28, Draw: 12/1 → 14/1
2026-02-26T21:33:43.743Z [ODDS]  Union Santa Fe: 1/28 → 1/25, Draw: 14/1 → 12/1
2026-02-26T21:33:49.642Z [ODDS]  Union Santa Fe: 1/25 → 1/28, Draw: 12/1 → 14/1
2026-02-26T21:34:18.901Z [ODDS]  Sarmiento: 40/1 → 50/1
2026-02-26T21:34:25.218Z [ODDS]  Union Santa Fe: 1/28 → 1/33
2026-02-26T21:34:27.468Z [ODDS]  Union Santa Fe: 1/33 → 1/28
2026-02-26T21:34:40.551Z [ODDS]  Union Santa Fe: 1/28 → 1/33
2026-02-26T21:36:08.943Z [ODDS]  Union Santa Fe: 1/33 → 1/25, Draw: 14/1 → 12/1, Sarmiento: 50/1 → 40/1
2026-02-26T21:36:17.075Z [ODDS]  Union Santa Fe: 1/25 → 1/33, Draw: 12/1 → 14/1, Sarmiento: 40/1 → 50/1
2026-02-26T21:36:19.319Z [ODDS]  Draw: 14/1 → 16/1
2026-02-26T21:37:13.439Z [ODDS]  Union Santa Fe: 1/33 → 1/40
2026-02-26T21:41:06.021Z [ODDS]  Union Santa Fe: 1/40 → 1/33, Draw: 16/1 → 14/1
2026-02-26T21:41:15.041Z [ODDS]  Union Santa Fe: 1/33 → 1/40, Draw: 14/1 → 16/1
2026-02-26T21:41:48.412Z [ODDS]  Draw: 16/1 → 18/1
2026-02-26T21:41:52.021Z [ODDS]  Union Santa Fe: 1/40 → 1/50
2026-02-26T21:42:37.573Z [ODDS]  Sarmiento: 50/1 → 66/1
2026-02-26T21:44:59.188Z [ODDS]  Draw: 18/1 → 20/1
2026-02-26T21:45:05.954Z [ODDS]  Draw: 20/1 → 18/1
2026-02-26T21:45:26.247Z [ODDS]  Draw: 18/1 → 20/1
2026-02-26T21:45:31.208Z [ODDS]  Union Santa Fe: 1/50 → 1/40, Draw: 20/1 → 16/1
2026-02-26T21:45:50.602Z [ODDS]  Union Santa Fe: 1/40 → 1/66, Draw: 16/1 → 20/1
2026-02-26T21:46:48.350Z [ODDS]  Sarmiento: 66/1 → 80/1
2026-02-26T21:46:51.290Z [ODDS]  Sarmiento: 80/1 → 66/1
2026-02-26T21:47:03.667Z [ODDS]  Union Santa Fe: 1/66 → 1/50, Draw: 20/1 → 18/1
2026-02-26T21:47:19.906Z [ODDS]  Draw: 18/1 → 20/1
2026-02-26T21:47:42.009Z [ODDS]  Union Santa Fe: 1/50 → 1/66
2026-02-26T21:48:26.201Z [ODDS]  Sarmiento: 66/1 → 80/1
2026-02-26T21:48:40.639Z [ODDS]  Union Santa Fe: 1/66 → 1/50, Draw: 20/1 → 18/1, Sarmiento: 80/1 → 66/1
2026-02-26T21:49:18.972Z [ODDS]  Union Santa Fe: 1/50 → 1/66, Draw: 18/1 → 20/1, Sarmiento: 66/1 → 80/1
2026-02-26T21:49:38.365Z [ODDS]  Union Santa Fe: 1/66 → 1/80, Draw: 20/1 → 22/1
2026-02-26T21:50:04.978Z [ODDS]  Union Santa Fe: 1/80 → 1/66, Draw: 22/1 → 20/1
2026-02-26T21:50:12.640Z [ODDS]  Union Santa Fe: 1/66 → 1/80, Draw: 20/1 → 22/1
2026-02-26T21:52:28.366Z [ODDS]  Union Santa Fe: 1/80 → 1/100, Draw: 22/1 → 25/1
2026-02-26T21:52:35.130Z [ODDS]  Union Santa Fe: 1/100 → 1/66, Draw: 25/1 → 20/1
2026-02-26T21:52:42.804Z [ODDS]  Union Santa Fe: 1/66 → 1/100, Draw: 20/1 → 25/1
2026-02-26T21:53:02.658Z [ODDS]  Sarmiento: 80/1 → 100/1
2026-02-26T21:54:03.196Z [ODDS]  Union Santa Fe: 1/100 → 1/80, Draw: 25/1 → 22/1
2026-02-26T21:54:38.825Z [ODDS]  Union Santa Fe: 1/80 → 1/100, Draw: 22/1 → 25/1
2026-02-26T21:55:53.701Z [ODDS]  Union Santa Fe: 1/100 → 1/125
2026-02-26T21:55:56.848Z [ODDS]  Union Santa Fe: 1/125 → 1/100
2026-02-26T21:56:12.647Z [ODDS]  Union Santa Fe: 1/100 → 1/125
2026-02-26T21:57:00.891Z [ODDS]  Union Santa Fe: 1/125 → 1/100
2026-02-26T21:57:49.667Z [ODDS]  Union Santa Fe: 1/100 → 1/125
2026-02-26T21:58:07.193Z [ODDS]  Sarmiento: 100/1 → 125/1
2026-02-26T21:58:21.183Z [ODDS]  Union Santa Fe: 1/125 → 1/150, Draw: 25/1 → 28/1
2026-02-26T21:58:26.132Z [ODDS]  Union Santa Fe: 1/150 → 1/125, Draw: 28/1 → 25/1, Sarmiento: 125/1 → 100/1
2026-02-26T21:58:32.909Z [ODDS]  Union Santa Fe: 1/125 → 1/150, Draw: 25/1 → 28/1
2026-02-26T21:58:50.491Z [ODDS]  Sarmiento: 100/1 → 125/1
2026-02-26T21:58:55.908Z [ODDS]  Sarmiento: 125/1 → 100/1
2026-02-26T21:59:06.729Z [ODDS]  Sarmiento: 100/1 → 125/1
2026-02-26T21:59:29.757Z [ODDS]  Union Santa Fe: 1/150 → 1/100, Draw: 28/1 → 25/1
2026-02-26T21:59:41.904Z [ODDS]  Union Santa Fe: 1/100 → 1/150, Draw: 25/1 → 28/1
2026-02-26T22:00:08.526Z [ODDS]  Draw: 28/1 → 40/1, Sarmiento: 125/1 → 200/1
2026-02-26T22:00:22.945Z [ODDS]  Union Santa Fe: 1/150 → 1/200, Sarmiento: 200/1 → 300/1
2026-02-26T22:01:38.711Z [ODDS]  Union Santa Fe: 1/200 → 1/125, Draw: 40/1 → 25/1, Sarmiento: 300/1 → 150/1
2026-02-26T22:01:41.421Z [ODDS]  Union Santa Fe: 1/125 → 1/200, Draw: 25/1 → 40/1, Sarmiento: 150/1 → 300/1
2026-02-26T22:01:45.479Z [ODDS]  Union Santa Fe: 1/200 → 1/250, Sarmiento: 300/1 → 350/1
2026-02-26T22:01:47.288Z [ODDS]  Union Santa Fe: 1/250 → 1/125, Draw: 40/1 → 25/1, Sarmiento: 350/1 → 150/1
2026-02-26T22:01:50.912Z [ODDS]  Union Santa Fe: 1/125 → 1/250, Draw: 25/1 → 40/1, Sarmiento: 150/1 → 350/1
2026-02-26T22:01:57.209Z [ODDS]  Union Santa Fe: 1/250 → 1/200, Sarmiento: 350/1 → 300/1
2026-02-26T22:02:31.043Z [ODDS]  Union Santa Fe: 1/200 → 1/250, Sarmiento: 300/1 → 350/1
2026-02-26T22:03:54.471Z [ODDS]  Union Santa Fe: 1/250 → 1/150, Draw: 40/1 → 28/1, Sarmiento: 350/1 → 150/1
2026-02-26T22:04:07.552Z [ODDS]  Union Santa Fe: 1/150 → 1/250, Draw: 28/1 → 40/1, Sarmiento: 150/1 → 350/1
2026-02-26T22:04:13.413Z [ODDS]  Sarmiento: 350/1 → 400/1
2026-02-26T22:04:20.180Z [ODDS]  Union Santa Fe: 1/250 → 1/500, Draw: 40/1 → 50/1
2026-02-26T22:04:30.102Z [ODDS]  Union Santa Fe: 1/500 → 1/200, Draw: 50/1 → 40/1, Sarmiento: 400/1 → 500/1
2026-02-26T22:04:36.414Z [ODDS]  Union Santa Fe: 1/200 → 1/500, Draw: 40/1 → 50/1, Sarmiento: 500/1 → 400/1
2026-02-26T22:04:44.083Z [ODDS]  Union Santa Fe: 1/500 → 1/250, Draw: 50/1 → 40/1
2026-02-26T22:04:58.520Z [ODDS]  Union Santa Fe: 1/250 → 1/500, Draw: 40/1 → 50/1
2026-02-26T22:05:26.474Z [ODDS]  Union Santa Fe: 1/500 → 1/200, Draw: 50/1 → 40/1, Sarmiento: 400/1 → 500/1
2026-02-26T22:05:28.279Z [ODDS]  Union Santa Fe: 1/200 → 1/500, Draw: 40/1 → 50/1, Sarmiento: 500/1 → 400/1
2026-02-26T22:05:40.005Z [ODDS]  Sarmiento: 400/1 → 450/1
2026-02-26T22:06:16.089Z [ODDS]  Sarmiento: 450/1 → 500/1
2026-02-26T22:06:19.692Z [ODDS]  Sarmiento: 500/1 → 450/1
2026-02-26T22:06:21.502Z [ODDS]  Sarmiento: 450/1 → 500/1
2026-02-26T22:08:13.471Z [ODDS]  Union Santa Fe: 11/1 → 12/1
2026-02-26T22:08:18.841Z [ODDS]  Draw: 1/10 → 1/12
2026-02-26T22:08:39.157Z [ODDS]  Sarmiento: 17/2 → 9/1
2026-02-26T22:10:11.153Z [ODDS]  Union Santa Fe: 12/1 → 20/1, Sarmiento: 9/1 → 8/1
2026-02-26T22:10:12.943Z [ODDS]  Union Santa Fe: 20/1 → 14/1, Draw: 1/12 → 1/25, Sarmiento: 8/1 → 12/1
2026-02-26T22:10:20.611Z [ODDS]  Draw: 1/25 → 1/33
2026-02-26T22:10:26.023Z [ODDS]  Union Santa Fe: 14/1 → 16/1, Sarmiento: 12/1 → 14/1
2026-02-26T22:10:39.144Z [ODDS]  Draw: 1/33 → 1/40
2026-02-26T22:10:45.868Z [ODDS]  Sarmiento: 14/1 → 16/1
2026-02-26T22:10:51.731Z [ODDS]  Draw: 1/40 → 1/50
2026-02-26T22:10:58.502Z [ODDS]  Union Santa Fe: 16/1 → 9/1, Draw: 1/50 → 1/16, Sarmiento: 16/1 → 18/1
2026-02-26T22:11:02.553Z [ODDS]  Union Santa Fe: 9/1 → 10/1
2026-02-26T22:11:11.123Z [ODDS]  Union Santa Fe: 10/1 → 18/1, Draw: 1/16 → 1/66
2026-02-26T22:11:16.988Z [ODDS]  Union Santa Fe: 18/1 → 0/0, Draw: 1/66 → 1/80, Sarmiento: 18/1 → 0/0
2026-02-26T22:11:40.889Z [ODDS]  Draw: 1/80 → 1/200
2026-02-26T22:11:42.693Z [ODDS]  Draw: 1/200 → 1/250
2026-02-26T22:11:47.654Z [ODDS]  Draw: 1/250 → 0/0
