2026-02-27T00:08:27.507Z [ODDS]  Primavera SP: 33/1 → 28/1
2026-02-27T00:08:28.863Z [ODDS]  Primavera SP: 28/1 → 33/1
2026-02-27T00:08:42.390Z [ODDS]  Primavera SP: 33/1 → 28/1, Draw: 6/1 → 11/2, Ceara: 1/8 → 1/7
2026-02-27T00:08:42.842Z [ODDS]  Draw: 11/2 → 6/1, Ceara: 1/7 → 1/8
2026-02-27T00:08:50.139Z [ODDS]  Primavera SP: 28/1 → 33/1
2026-02-27T00:08:58.229Z [ODDS]  Primavera SP: 33/1 → 28/1, Draw: 6/1 → 11/2, Ceara: 1/8 → 1/7
2026-02-27T00:09:12.168Z [ODDS]  Primavera SP: 28/1 → 33/1, Draw: 11/2 → 6/1, Ceara: 1/7 → 1/8
2026-02-27T00:09:29.771Z [ODDS]  Draw: 6/1 → 11/2
2026-02-27T00:09:46.435Z [ODDS]  Primavera SP: 33/1 → 28/1
2026-02-27T00:10:04.483Z [ODDS]  Primavera SP: 28/1 → 33/1, Draw: 11/2 → 6/1
2026-02-27T00:11:27.915Z [ODDS]  Primavera SP: 33/1 → 28/1, Draw: 6/1 → 11/2, Ceara: 1/8 → 1/7
2026-02-27T00:11:31.065Z [ODDS]  Primavera SP: 28/1 → 33/1, Draw: 11/2 → 6/1, Ceara: 1/7 → 1/8
2026-02-27T00:11:44.144Z [ODDS]  Draw: 6/1 → 11/2
2026-02-27T00:11:55.419Z [ODDS]  Draw: 11/2 → 6/1
2026-02-27T00:12:11.655Z [ODDS]  Primavera SP: 33/1 → 28/1, Draw: 6/1 → 11/2, Ceara: 1/8 → 1/7
2026-02-27T00:12:12.108Z [ODDS]  Primavera SP: 28/1 → 33/1, Draw: 11/2 → 6/1, Ceara: 1/7 → 1/8
2026-02-27T00:12:13.911Z [ODDS]  Primavera SP: 33/1 → 28/1, Draw: 6/1 → 11/2, Ceara: 1/8 → 1/7
2026-02-27T00:12:19.774Z [ODDS]  Primavera SP: 28/1 → 33/1
2026-02-27T00:12:33.304Z [ODDS]  Draw: 11/2 → 6/1, Ceara: 1/7 → 1/8
2026-02-27T00:12:47.736Z [ODDS]  Draw: 6/1 → 11/2
2026-02-27T00:13:03.972Z [ODDS]  Draw: 11/2 → 6/1
2026-02-27T00:14:29.665Z [ODDS]  Primavera SP: 33/1 → 40/1, Ceara: 1/8 → 1/9
2026-02-27T00:14:31.018Z [ODDS]  Primavera SP: 40/1 → 33/1, Draw: 6/1 → 11/2, Ceara: 1/9 → 1/8
2026-02-27T00:14:44.548Z [ODDS]  Draw: 11/2 → 6/1
2026-02-27T00:15:19.728Z [ODDS]  Draw: 6/1 → 11/2
2026-02-27T00:15:26.491Z [ODDS]  Primavera SP: 33/1 → 40/1, Draw: 11/2 → 6/1, Ceara: 1/8 → 1/9
2026-02-27T00:15:46.786Z [ODDS]  Draw: 6/1 → 13/2, Ceara: 1/9 → 1/10
2026-02-27T00:16:58.946Z [ODDS]  Ceara: 1/10 → 1/11
2026-02-27T00:17:00.752Z [ODDS]  Ceara: 1/11 → 1/10
2026-02-27T00:17:04.358Z [ODDS]  Ceara: 1/10 → 1/11
2026-02-27T00:17:05.711Z [ODDS]  Ceara: 1/11 → 1/10
2026-02-27T00:17:16.535Z [ODDS]  Draw: 13/2 → 6/1, Ceara: 1/10 → 1/8
2026-02-27T00:17:22.848Z [ODDS]  Draw: 6/1 → 13/2, Ceara: 1/8 → 1/10
2026-02-27T00:17:40.438Z [ODDS]  Draw: 13/2 → 6/1, Ceara: 1/10 → 1/9
2026-02-27T00:17:43.144Z [ODDS]  Draw: 6/1 → 13/2, Ceara: 1/9 → 1/10
2026-02-27T00:18:44.933Z [ODDS]  Draw: 13/2 → 6/1
2026-02-27T00:19:21.465Z [ODDS]  Draw: 6/1 → 13/2, Ceara: 1/10 → 1/11
2026-02-27T00:19:30.935Z [ODDS]  Draw: 13/2 → 7/1
2026-02-27T00:19:49.427Z [ODDS]  Draw: 7/1 → 13/2
2026-02-27T00:20:22.349Z [ODDS]  Draw: 13/2 → 7/1
2026-02-27T00:20:31.372Z [ODDS]  Primavera SP: 40/1 → 50/1
2026-02-27T00:21:25.037Z [ODDS]  Ceara: 1/11 → 1/12
2026-02-27T00:21:42.628Z [ODDS]  Primavera SP: 50/1 → 40/1, Draw: 7/1 → 6/1, Ceara: 1/12 → 1/10
2026-02-27T00:21:44.432Z [ODDS]  Primavera SP: 40/1 → 50/1, Draw: 6/1 → 7/1, Ceara: 1/10 → 1/12
2026-02-27T00:21:55.706Z [ODDS]  Draw: 7/1 → 13/2, Ceara: 1/12 → 1/11
2026-02-27T00:22:06.982Z [ODDS]  Primavera SP: 50/1 → 40/1
2026-02-27T00:22:10.616Z [ODDS]  Ceara: 1/11 → 1/10
2026-02-27T00:22:12.869Z [ODDS]  Primavera SP: 40/1 → 50/1, Draw: 13/2 → 7/1, Ceara: 1/10 → 1/11
2026-02-27T00:22:17.354Z [ODDS]  Primavera SP: 50/1 → 40/1, Draw: 7/1 → 13/2
2026-02-27T00:22:30.886Z [ODDS]  Primavera SP: 40/1 → 50/1
2026-02-27T00:22:40.358Z [ODDS]  Draw: 13/2 → 7/1
2026-02-27T00:22:44.415Z [ODDS]  Primavera SP: 50/1 → 40/1, Draw: 7/1 → 13/2, Ceara: 1/11 → 1/10
2026-02-27T00:22:48.024Z [ODDS]  Ceara: 1/10 → 1/11
2026-02-27T00:23:35.829Z [ODDS]  Primavera SP: 40/1 → 50/1
2026-02-27T00:23:38.537Z [ODDS]  Draw: 13/2 → 7/1, Ceara: 1/11 → 1/12
2026-02-27T00:23:41.693Z [ODDS]  Draw: 7/1 → 13/2, Ceara: 1/12 → 1/11
2026-02-27T00:24:05.144Z [ODDS]  Draw: 13/2 → 7/1, Ceara: 1/11 → 1/12
2026-02-27T00:24:36.263Z [ODDS]  Draw: 7/1 → 13/2, Ceara: 1/12 → 1/11
2026-02-27T00:24:50.695Z [ODDS]  Draw: 13/2 → 7/1, Ceara: 1/11 → 1/12
2026-02-27T00:25:08.285Z [ODDS]  Draw: 7/1 → 13/2, Ceara: 1/12 → 1/11
2026-02-27T00:25:19.559Z [ODDS]  Ceara: 1/11 → 1/10
2026-02-27T00:25:35.826Z [ODDS]  Ceara: 1/10 → 1/11
2026-02-27T00:26:15.046Z [ODDS]  Ceara: 1/11 → 1/10
2026-02-27T00:26:24.053Z [ODDS]  Draw: 13/2 → 7/1, Ceara: 1/10 → 1/12
2026-02-27T00:26:24.956Z [ODDS]  Draw: 7/1 → 13/2
2026-02-27T00:26:25.407Z [ODDS]  Draw: 13/2 → 7/1
2026-02-27T00:27:43.885Z [ODDS]  Draw: 7/1 → 13/2, Ceara: 1/12 → 1/11
2026-02-27T00:27:47.944Z [ODDS]  Draw: 13/2 → 7/1, Ceara: 1/11 → 1/12
2026-02-27T00:27:51.610Z [ODDS]  Draw: 7/1 → 6/1, Ceara: 1/12 → 1/9
2026-02-27T00:27:53.808Z [ODDS]  Draw: 6/1 → 7/1, Ceara: 1/9 → 1/12
2026-02-27T00:29:00.629Z [ODDS]  Draw: 7/1 → 13/2, Ceara: 1/12 → 1/10
2026-02-27T00:29:04.213Z [ODDS]  Ceara: 1/10 → 1/11
2026-02-27T00:29:07.321Z [ODDS]  Ceara: 1/11 → 1/10
2026-02-27T00:29:13.736Z [ODDS]  Ceara: 1/10 → 1/11
2026-02-27T00:30:04.598Z [ODDS]  Ceara: 1/11 → 1/12
2026-02-27T00:30:14.139Z [ODDS]  Draw: 13/2 → 7/1
2026-02-27T00:30:31.767Z [ODDS]  Draw: 7/1 → 13/2
2026-02-27T00:30:47.443Z [ODDS]  Draw: 13/2 → 7/1
2026-02-27T00:31:39.312Z [ODDS]  Draw: 7/1 → 13/2
2026-02-27T00:31:53.742Z [ODDS]  Draw: 13/2 → 7/1
2026-02-27T00:32:40.689Z [ODDS]  Draw: 7/1 → 13/2
2026-02-27T00:33:05.063Z [ODDS]  Primavera SP: 50/1 → 66/1, Draw: 13/2 → 7/1
2026-02-27T00:33:46.042Z [ODDS]  Draw: 7/1 → 15/2, Ceara: 1/12 → 1/14
2026-02-27T00:33:47.020Z [ODDS]  Draw: 15/2 → 7/1, Ceara: 1/14 → 1/12
2026-02-27T00:33:55.517Z [ODDS]  Draw: 7/1 → 15/2, Ceara: 1/12 → 1/14
2026-02-27T00:34:48.743Z [ODDS]  Primavera SP: 66/1 → 80/1
2026-02-27T00:35:03.625Z [ODDS]  Draw: 15/2 → 8/1
2026-02-27T00:35:06.816Z [ODDS]  Draw: 8/1 → 15/2
2026-02-27T00:35:31.582Z [ODDS]  Primavera SP: 80/1 → 66/1
2026-02-27T00:35:44.660Z [ODDS]  Primavera SP: 66/1 → 80/1
2026-02-27T00:36:04.521Z [ODDS]  Primavera SP: 80/1 → 66/1, Draw: 15/2 → 7/1, Ceara: 1/14 → 1/12
2026-02-27T00:36:17.132Z [ODDS]  Primavera SP: 66/1 → 80/1, Draw: 7/1 → 15/2, Ceara: 1/12 → 1/14
2026-02-27T00:36:41.130Z [ODDS]  Draw: 15/2 → 7/1, Ceara: 1/14 → 1/12
2026-02-27T00:36:47.800Z [ODDS]  Primavera SP: 80/1 → 66/1
2026-02-27T00:37:06.319Z [ODDS]  Primavera SP: 66/1 → 80/1, Draw: 7/1 → 15/2, Ceara: 1/12 → 1/14
2026-02-27T00:37:17.118Z [ODDS]  Draw: 15/2 → 7/1, Ceara: 1/14 → 1/12
2026-02-27T00:37:41.928Z [ODDS]  Draw: 7/1 → 15/2, Ceara: 1/12 → 1/14
2026-02-27T00:37:44.720Z [ODDS]  Draw: 15/2 → 7/1, Ceara: 1/14 → 1/12
2026-02-27T00:37:58.160Z [ODDS]  Draw: 7/1 → 15/2, Ceara: 1/12 → 1/14
2026-02-27T00:39:12.618Z [ODDS]  Draw: 15/2 → 8/1
2026-02-27T00:39:15.776Z [ODDS]  Draw: 8/1 → 15/2
2026-02-27T00:40:06.852Z [ODDS]  Draw: 15/2 → 8/1
2026-02-27T00:40:15.761Z [ODDS]  Draw: 8/1 → 15/2
2026-02-27T00:41:12.139Z [ODDS]  Draw: 15/2 → 8/1
2026-02-27T00:41:15.769Z [ODDS]  Draw: 8/1 → 15/2
2026-02-27T00:41:24.767Z [ODDS]  Primavera SP: 80/1 → 100/1, Draw: 15/2 → 8/1
2026-02-27T00:41:26.623Z [ODDS]  Draw: 8/1 → 9/1, Ceara: 1/14 → 1/16
2026-02-27T00:41:30.179Z [ODDS]  Draw: 9/1 → 8/1, Ceara: 1/16 → 1/14
2026-02-27T00:41:45.514Z [ODDS]  Draw: 8/1 → 9/1, Ceara: 1/14 → 1/16
2026-02-27T00:42:45.497Z [ODDS]  Primavera SP: 100/1 → 125/1
2026-02-27T00:44:14.870Z [ODDS]  Primavera SP: 125/1 → 150/1
2026-02-27T00:44:20.214Z [ODDS]  Draw: 9/1 → 10/1, Ceara: 1/16 → 1/20
2026-02-27T00:44:22.918Z [ODDS]  Draw: 10/1 → 9/1, Ceara: 1/20 → 1/16
2026-02-27T00:44:28.329Z [ODDS]  Primavera SP: 150/1 → 125/1
2026-02-27T00:44:32.840Z [ODDS]  Primavera SP: 125/1 → 100/1, Draw: 9/1 → 7/1, Ceara: 1/16 → 1/12
2026-02-27T00:44:36.899Z [ODDS]  Primavera SP: 100/1 → 150/1, Draw: 7/1 → 9/1, Ceara: 1/12 → 1/16
2026-02-27T00:44:42.825Z [ODDS]  Primavera SP: 150/1 → 125/1
2026-02-27T00:44:43.214Z [ODDS]  Primavera SP: 125/1 → 100/1, Draw: 9/1 → 8/1, Ceara: 1/16 → 1/14
2026-02-27T00:45:00.850Z [ODDS]  Primavera SP: 100/1 → 125/1, Draw: 8/1 → 9/1, Ceara: 1/14 → 1/16
2026-02-27T00:45:18.391Z [ODDS]  Primavera SP: 125/1 → 150/1, Draw: 9/1 → 10/1, Ceara: 1/16 → 1/20
2026-02-27T00:46:46.834Z [ODDS]  Primavera SP: 150/1 → 200/1
2026-02-27T00:46:49.945Z [ODDS]  Primavera SP: 200/1 → 150/1
2026-02-27T00:48:00.752Z [ODDS]  Primavera SP: 150/1 → 200/1
2026-02-27T00:48:39.539Z [ODDS]  Draw: 10/1 → 12/1, Ceara: 1/20 → 1/25
2026-02-27T00:48:48.558Z [ODDS]  Draw: 12/1 → 10/1, Ceara: 1/25 → 1/20
2026-02-27T00:49:07.501Z [ODDS]  Draw: 10/1 → 12/1, Ceara: 1/20 → 1/25
2026-02-27T00:49:23.287Z [ODDS]  Primavera SP: 200/1 → 250/1
2026-02-27T00:49:39.974Z [ODDS]  Primavera SP: 250/1 → 150/1, Draw: 12/1 → 8/1, Ceara: 1/25 → 1/14
2026-02-27T00:49:48.993Z [ODDS]  Primavera SP: 150/1 → 250/1, Draw: 8/1 → 12/1, Ceara: 1/14 → 1/25
2026-02-27T00:49:56.660Z [ODDS]  Primavera SP: 250/1 → 300/1
2026-02-27T00:50:22.372Z [EVENT]  score: 2-0
2026-02-27T01:01:27.153Z [EVENT]  score: 2-1
