2026-02-27T00:08:30.274Z [ODDS]  Bayer 04 (Klaus): 11/2 → 6/1
2026-02-27T00:08:44.644Z [ODDS]  SC Freiburg (Furious): 4/9 → 2/5
2026-02-27T00:09:01.331Z [ODDS]  Bayer 04 (Klaus): 6/1 → 13/2
2026-02-27T00:09:27.516Z [ODDS]  Bayer 04 (Klaus): 13/2 → 7/1
2026-02-27T00:09:33.803Z [ODDS]  SC Freiburg (Furious): 2/5 → 4/11
2026-02-27T00:09:47.334Z [ODDS]  Bayer 04 (Klaus): 7/1 → 15/2
2026-02-27T00:10:03.571Z [ODDS]  Bayer 04 (Klaus): 15/2 → 16/1, Draw: 11/4 → 9/1, SC Freiburg (Furious): 4/11 → 1/18
2026-02-27T00:10:03.571Z [EVENT]  score: 2-0
2026-02-27T00:10:14.847Z [ODDS]  Bayer 04 (Klaus): 16/1 → 18/1
2026-02-27T00:10:18.003Z [ODDS]  Draw: 9/1 → 10/1, SC Freiburg (Furious): 1/18 → 1/20
2026-02-27T00:10:42.808Z [ODDS]  Bayer 04 (Klaus): 18/1 → 20/1
2026-02-27T00:10:50.025Z [ODDS]  SC Freiburg (Furious): 1/20 → 1/22
2026-02-27T00:10:54.084Z [ODDS]  Draw: 10/1 → 12/1, SC Freiburg (Furious): 1/22 → 1/25
2026-02-27T00:11:13.092Z [ODDS]  Bayer 04 (Klaus): 20/1 → 22/1, SC Freiburg (Furious): 1/25 → 1/28
2026-02-27T00:11:21.145Z [ODDS]  Draw: 12/1 → 14/1, SC Freiburg (Furious): 1/28 → 1/33
2026-02-27T00:11:25.203Z [ODDS]  Bayer 04 (Klaus): 22/1 → 25/1
2026-02-27T00:11:31.967Z [ODDS]  Draw: 14/1 → 16/1, SC Freiburg (Furious): 1/33 → 1/40
2026-02-27T00:11:47.302Z [ODDS]  Bayer 04 (Klaus): 25/1 → 50/1, Draw: 16/1 → 50/1, SC Freiburg (Furious): 1/40 → 1/500
2026-02-27T00:11:47.302Z [EVENT]  score: 3-0
2026-02-27T00:13:18.404Z [EVENT]  score: 3-1
