2026-02-26T19:47:17.580Z [ODDS]  Al-Rayyan SC: 8/5 → 11/8, Al Gharafa: 13/5 → 3/1
2026-02-26T19:47:18.929Z [ODDS]  Al Gharafa: 3/1 → 10/3
2026-02-26T19:47:34.717Z [ODDS]  Draw: 6/4 → 7/5
2026-02-26T19:47:52.309Z [ODDS]  Draw: 7/5 → 6/4
2026-02-26T19:48:02.256Z [ODDS]  Al-Rayyan SC: 11/8 → 13/10, Draw: 6/4 → 7/5, Al Gharafa: 10/3 → 7/2
2026-02-26T19:48:02.679Z [ODDS]  Draw: 7/5 → 6/4
2026-02-26T19:48:20.269Z [ODDS]  Draw: 6/4 → 7/5, Al Gharafa: 7/2 → 10/3
2026-02-26T19:48:28.836Z [ODDS]  Al Gharafa: 10/3 → 7/2
2026-02-26T19:49:24.763Z [ODDS]  Al-Rayyan SC: 13/10 → 11/8, Al Gharafa: 7/2 → 10/3
2026-02-26T19:49:28.376Z [ODDS]  Al-Rayyan SC: 11/8 → 13/10, Al Gharafa: 10/3 → 7/2
2026-02-26T19:49:40.095Z [ODDS]  Al Gharafa: 7/2 → 15/4
2026-02-26T19:49:45.515Z [ODDS]  Al Gharafa: 15/4 → 7/2
2026-02-26T19:49:51.825Z [ODDS]  Draw: 7/5 → 11/8
2026-02-26T19:50:03.998Z [ODDS]  Al-Rayyan SC: 13/10 → 5/4, Draw: 11/8 → 7/5, Al Gharafa: 7/2 → 15/4
2026-02-26T19:50:04.903Z [ODDS]  Al-Rayyan SC: 5/4 → 13/10, Draw: 7/5 → 11/8, Al Gharafa: 15/4 → 7/2
2026-02-26T19:50:20.233Z [ODDS]  Al Gharafa: 7/2 → 15/4
2026-02-26T19:50:20.694Z [ODDS]  Al-Rayyan SC: 13/10 → 5/4, Al Gharafa: 15/4 → 4/1
2026-02-26T19:50:28.809Z [ODDS]  Al-Rayyan SC: 5/4 → 13/10, Al Gharafa: 4/1 → 15/4
2026-02-26T19:50:42.336Z [ODDS]  Al-Rayyan SC: 13/10 → 11/2, Draw: 11/8 → 12/5, Al Gharafa: 15/4 → 8/13
2026-02-26T19:50:42.336Z [EVENT]  score: 2-1
2026-02-26T19:51:45.028Z [ODDS]  Al-Rayyan SC: 11/2 → 5/1, Al Gharafa: 8/13 → 4/6
2026-02-26T19:52:01.709Z [ODDS]  Al-Rayyan SC: 5/1 → 11/2, Draw: 12/5 → 9/4, Al Gharafa: 4/6 → 8/13
2026-02-26T19:52:14.808Z [ODDS]  Al-Rayyan SC: 11/2 → 5/1, Draw: 9/4 → 12/5, Al Gharafa: 8/13 → 4/6
2026-02-26T19:52:30.579Z [ODDS]  Al-Rayyan SC: 5/1 → 11/2, Draw: 12/5 → 9/4, Al Gharafa: 4/6 → 8/13
2026-02-26T19:52:43.213Z [ODDS]  Al-Rayyan SC: 11/2 → 5/1, Draw: 9/4 → 12/5, Al Gharafa: 8/13 → 4/6
2026-02-26T19:52:45.014Z [ODDS]  Al-Rayyan SC: 5/1 → 11/2, Draw: 12/5 → 9/4, Al Gharafa: 4/6 → 8/13
2026-02-26T19:52:50.882Z [ODDS]  Draw: 9/4 → 12/5
2026-02-26T19:52:54.038Z [ODDS]  Draw: 12/5 → 9/4
2026-02-26T19:53:03.518Z [ODDS]  Draw: 9/4 → 12/5
2026-02-26T19:53:29.210Z [ODDS]  Draw: 12/5 → 9/4
2026-02-26T19:54:03.046Z [ODDS]  Al-Rayyan SC: 11/2 → 6/1
2026-02-26T19:54:06.194Z [ODDS]  Al-Rayyan SC: 6/1 → 11/2
2026-02-26T19:54:14.764Z [ODDS]  Al-Rayyan SC: 11/2 → 6/1, Draw: 9/4 → 12/5
2026-02-26T19:54:46.787Z [ODDS]  Al Gharafa: 8/13 → 4/7
2026-02-26T19:55:08.431Z [ODDS]  Al-Rayyan SC: 6/1 → 11/2, Draw: 12/5 → 9/4, Al Gharafa: 4/7 → 8/13
2026-02-26T19:55:09.784Z [ODDS]  Al-Rayyan SC: 11/2 → 6/1, Draw: 9/4 → 12/5, Al Gharafa: 8/13 → 4/7
2026-02-26T19:55:55.359Z [ODDS]  Al-Rayyan SC: 6/1 → 13/2
2026-02-26T19:56:23.800Z [ODDS]  Al-Rayyan SC: 13/2 → 6/1, Draw: 12/5 → 9/4, Al Gharafa: 4/7 → 8/13
2026-02-26T19:56:34.608Z [ODDS]  Al Gharafa: 8/13 → 4/7
2026-02-26T19:56:45.434Z [ODDS]  Al-Rayyan SC: 6/1 → 13/2, Draw: 9/4 → 12/5
2026-02-26T19:56:56.281Z [ODDS]  Al Gharafa: 4/7 → 8/15
2026-02-26T19:57:13.395Z [ODDS]  Al Gharafa: 8/15 → 4/7
2026-02-26T19:57:19.263Z [ODDS]  Al Gharafa: 4/7 → 8/15
2026-02-26T19:57:40.015Z [ODDS]  Al-Rayyan SC: 13/2 → 6/1, Draw: 12/5 → 9/4, Al Gharafa: 8/15 → 4/7
2026-02-26T19:57:47.677Z [ODDS]  Al-Rayyan SC: 6/1 → 13/2, Draw: 9/4 → 12/5
2026-02-26T19:57:59.852Z [ODDS]  Al Gharafa: 4/7 → 8/15
2026-02-26T19:58:07.967Z [ODDS]  Al-Rayyan SC: 13/2 → 7/1, Draw: 12/5 → 5/2, Al Gharafa: 8/15 → 1/2
2026-02-26T19:58:12.928Z [ODDS]  Al-Rayyan SC: 7/1 → 13/2, Draw: 5/2 → 12/5, Al Gharafa: 1/2 → 8/15
2026-02-26T19:59:32.762Z [ODDS]  Al-Rayyan SC: 13/2 → 7/1
2026-02-26T19:59:42.681Z [ODDS]  Al-Rayyan SC: 7/1 → 13/2, Al Gharafa: 8/15 → 4/7
2026-02-26T19:59:43.582Z [ODDS]  Al Gharafa: 4/7 → 8/15
2026-02-26T20:00:33.194Z [ODDS]  Al-Rayyan SC: 13/2 → 7/1
2026-02-26T20:02:04.747Z [ODDS]  Al Gharafa: 8/15 → 1/2
2026-02-26T20:02:22.341Z [ODDS]  Al-Rayyan SC: 7/1 → 15/2
2026-02-26T20:02:28.650Z [ODDS]  Al-Rayyan SC: 15/2 → 7/1
2026-02-26T20:02:38.572Z [ODDS]  Al-Rayyan SC: 7/1 → 15/2
2026-02-26T20:04:48.913Z [ODDS]  Al-Rayyan SC: 15/2 → 8/1, Draw: 12/5 → 5/2, Al Gharafa: 1/2 → 4/9
2026-02-26T20:05:12.828Z [ODDS]  Al-Rayyan SC: 8/1 → 17/2
2026-02-26T20:05:14.621Z [ODDS]  Al-Rayyan SC: 17/2 → 8/1
2026-02-26T20:05:30.407Z [ODDS]  Al-Rayyan SC: 8/1 → 17/2
2026-02-26T20:05:32.212Z [ODDS]  Al-Rayyan SC: 17/2 → 8/1
2026-02-26T20:05:45.739Z [ODDS]  Al-Rayyan SC: 8/1 → 17/2
2026-02-26T20:05:57.473Z [ODDS]  Al-Rayyan SC: 17/2 → 9/1, Draw: 5/2 → 12/5
2026-02-26T20:06:01.075Z [ODDS]  Al-Rayyan SC: 9/1 → 17/2
2026-02-26T20:06:30.843Z [ODDS]  Al-Rayyan SC: 17/2 → 9/1
2026-02-26T20:06:59.257Z [ODDS]  Al-Rayyan SC: 9/1 → 17/2
2026-02-26T20:07:07.833Z [ODDS]  Al-Rayyan SC: 17/2 → 10/1
2026-02-26T20:07:15.044Z [ODDS]  Al Gharafa: 4/9 → 2/5
2026-02-26T20:07:19.147Z [ODDS]  Al-Rayyan SC: 10/1 → 9/1, Al Gharafa: 2/5 → 4/9
2026-02-26T20:07:39.848Z [ODDS]  Al-Rayyan SC: 9/1 → 10/1, Draw: 12/5 → 5/2, Al Gharafa: 4/9 → 2/5
2026-02-26T20:07:40.750Z [ODDS]  Al-Rayyan SC: 10/1 → 9/1, Al Gharafa: 2/5 → 4/9
2026-02-26T20:07:44.371Z [ODDS]  Al-Rayyan SC: 9/1 → 10/1, Al Gharafa: 4/9 → 2/5
2026-02-26T20:07:48.420Z [ODDS]  Draw: 5/2 → 12/5, Al Gharafa: 2/5 → 4/9
2026-02-26T20:07:55.182Z [ODDS]  Al Gharafa: 4/9 → 2/5
2026-02-26T20:08:20.591Z [ODDS]  Al-Rayyan SC: 10/1 → 11/1, Draw: 12/5 → 5/2
2026-02-26T20:08:59.380Z [ODDS]  Draw: 5/2 → 13/5, Al Gharafa: 2/5 → 4/11
2026-02-26T20:09:03.445Z [ODDS]  Al-Rayyan SC: 11/1 → 12/1
2026-02-26T20:09:14.264Z [ODDS]  Al-Rayyan SC: 12/1 → 11/1, Draw: 13/5 → 5/2, Al Gharafa: 4/11 → 2/5
2026-02-26T20:09:29.150Z [ODDS]  Al-Rayyan SC: 11/1 → 12/1
2026-02-26T20:09:44.043Z [ODDS]  Al Gharafa: 2/5 → 4/11
2026-02-26T20:10:03.430Z [ODDS]  Al-Rayyan SC: 12/1 → 14/1
2026-02-26T20:10:30.040Z [ODDS]  Al-Rayyan SC: 14/1 → 12/1
2026-02-26T20:10:33.186Z [ODDS]  Al-Rayyan SC: 12/1 → 14/1
2026-02-26T20:10:43.566Z [ODDS]  Draw: 5/2 → 13/5
2026-02-26T20:11:02.964Z [ODDS]  Al Gharafa: 4/11 → 1/3
2026-02-26T20:11:12.425Z [ODDS]  Al Gharafa: 1/3 → 4/11
2026-02-26T20:11:15.595Z [ODDS]  Al Gharafa: 4/11 → 1/3
2026-02-26T20:11:48.052Z [ODDS]  Al-Rayyan SC: 14/1 → 16/1
2026-02-26T20:12:30.452Z [ODDS]  Draw: 13/5 → 11/4, Al Gharafa: 1/3 → 3/10
2026-02-26T20:12:42.180Z [ODDS]  Al-Rayyan SC: 16/1 → 18/1
2026-02-26T20:13:20.963Z [ODDS]  Al Gharafa: 3/10 → 2/7
2026-02-26T20:13:28.633Z [ODDS]  Al Gharafa: 2/7 → 3/10
2026-02-26T20:13:35.400Z [ODDS]  Al-Rayyan SC: 18/1 → 33/1, Draw: 11/4 → 18/1, Al Gharafa: 3/10 → 1/50
2026-02-26T20:13:35.400Z [EVENT]  score: 3-1
2026-02-26T20:13:52.081Z [ODDS]  Al-Rayyan SC: 33/1 → 40/1, Draw: 18/1 → 20/1, Al Gharafa: 1/50 → 1/66
2026-02-26T20:14:10.127Z [ODDS]  Al-Rayyan SC: 40/1 → 33/1, Draw: 20/1 → 18/1, Al Gharafa: 1/66 → 1/50
2026-02-26T20:14:47.556Z [ODDS]  Al-Rayyan SC: 33/1 → 40/1, Draw: 18/1 → 20/1, Al Gharafa: 1/50 → 1/66
2026-02-26T20:15:31.751Z [ODDS]  Draw: 20/1 → 22/1, Al Gharafa: 1/66 → 1/80
2026-02-26T20:16:51.590Z [ODDS]  Draw: 22/1 → 25/1, Al Gharafa: 1/80 → 1/100
2026-02-26T20:17:16.393Z [ODDS]  Al-Rayyan SC: 40/1 → 50/1
2026-02-26T20:18:32.615Z [ODDS]  Al Gharafa: 1/100 → 1/125
2026-02-26T20:20:00.109Z [ODDS]  Draw: 25/1 → 28/1, Al Gharafa: 1/125 → 1/150
2026-02-26T20:20:09.580Z [ODDS]  Draw: 28/1 → 7/1, Al Gharafa: 1/150 → 1/12
2026-02-26T20:20:21.310Z [ODDS]  Al-Rayyan SC: 50/1 → 40/1, Draw: 7/1 → 5/1, Al Gharafa: 1/12 → 1/8
2026-02-26T20:20:21.310Z [EVENT]  score: 3-2
2026-02-26T20:20:48.825Z [ODDS]  Al-Rayyan SC: 40/1 → 25/1, Draw: 5/1 → 7/2, Al Gharafa: 1/8 → 1/5
2026-02-26T20:21:12.279Z [ODDS]  Al-Rayyan SC: 25/1 → 28/1, Draw: 7/2 → 15/4
2026-02-26T20:21:38.428Z [ODDS]  Al Gharafa: 1/5 → 2/11
2026-02-26T20:22:00.527Z [ODDS]  Draw: 15/4 → 4/1
2026-02-26T20:22:07.295Z [ODDS]  Al Gharafa: 2/11 → 1/6
2026-02-26T20:22:51.499Z [ODDS]  Al-Rayyan SC: 28/1 → 33/1
2026-02-26T20:22:57.354Z [ODDS]  Draw: 4/1 → 9/2, Al Gharafa: 1/6 → 1/7
2026-02-26T20:24:01.400Z [ODDS]  Al-Rayyan SC: 33/1 → 28/1, Draw: 9/2 → 4/1, Al Gharafa: 1/7 → 1/6
2026-02-26T20:24:03.202Z [ODDS]  Al-Rayyan SC: 28/1 → 33/1, Draw: 4/1 → 5/1, Al Gharafa: 1/6 → 1/8
2026-02-26T20:24:21.692Z [ODDS]  Al-Rayyan SC: 33/1 → 40/1
2026-02-26T20:24:58.678Z [ODDS]  Draw: 5/1 → 11/2, Al Gharafa: 1/8 → 1/9
2026-02-26T20:25:25.265Z [ODDS]  Draw: 11/2 → 6/1, Al Gharafa: 1/9 → 1/10
2026-02-26T20:25:40.597Z [ODDS]  Al-Rayyan SC: 40/1 → 50/1
2026-02-26T20:26:13.522Z [ODDS]  Draw: 6/1 → 7/1, Al Gharafa: 1/10 → 1/12
2026-02-26T20:27:00.884Z [ODDS]  Draw: 7/1 → 8/1, Al Gharafa: 1/12 → 1/14
2026-02-26T20:27:13.968Z [ODDS]  Al-Rayyan SC: 50/1 → 66/1
2026-02-26T20:27:20.277Z [ODDS]  Draw: 8/1 → 9/1, Al Gharafa: 1/14 → 1/16
2026-02-26T20:27:38.766Z [ODDS]  Al-Rayyan SC: 66/1 → 40/1, Draw: 9/1 → 7/1, Al Gharafa: 1/16 → 1/12
2026-02-26T20:27:45.530Z [ODDS]  Al-Rayyan SC: 40/1 → 50/1
2026-02-26T20:27:45.986Z [ODDS]  Draw: 7/1 → 8/1, Al Gharafa: 1/12 → 1/14
2026-02-26T20:28:14.395Z [ODDS]  Draw: 8/1 → 9/1, Al Gharafa: 1/14 → 1/16
2026-02-26T20:28:23.873Z [ODDS]  Al-Rayyan SC: 50/1 → 80/1, Draw: 9/1 → 12/1, Al Gharafa: 1/16 → 1/25
2026-02-26T20:28:37.856Z [ODDS]  Al-Rayyan SC: 80/1 → 100/1
2026-02-26T20:28:47.318Z [ODDS]  Al Gharafa: 1/25 → 1/28
2026-02-26T20:28:52.729Z [ODDS]  Draw: 12/1 → 14/1, Al Gharafa: 1/28 → 1/33
2026-02-26T20:29:09.418Z [ODDS]  Al-Rayyan SC: 100/1 → 150/1, Draw: 14/1 → 16/1, Al Gharafa: 1/33 → 1/40
2026-02-26T20:29:26.103Z [ODDS]  Draw: 16/1 → 18/1, Al Gharafa: 1/40 → 1/50
2026-02-26T20:29:44.595Z [ODDS]  Draw: 18/1 → 20/1, Al Gharafa: 1/50 → 1/66
