2026-02-27T00:20:11.074Z [ODDS]  Sergipe: 6/1 → 11/2, America SE: 8/15 → 4/7
2026-02-27T00:23:18.240Z [ODDS]  Draw: 12/5 → 9/4
2026-02-27T00:23:20.045Z [ODDS]  Draw: 9/4 → 12/5
2026-02-27T00:23:58.380Z [ODDS]  Sergipe: 11/2 → 6/1
2026-02-27T00:24:15.517Z [ODDS]  America SE: 4/7 → 8/15
2026-02-27T00:24:26.342Z [ODDS]  Sergipe: 6/1 → 11/2, Draw: 12/5 → 9/4, America SE: 8/15 → 4/7
2026-02-27T00:24:32.205Z [ODDS]  Draw: 9/4 → 12/5
2026-02-27T00:25:01.070Z [ODDS]  Draw: 12/5 → 9/4
2026-02-27T00:25:57.023Z [ODDS]  Sergipe: 11/2 → 6/1
2026-02-27T00:27:00.138Z [ODDS]  America SE: 4/7 → 8/15
2026-02-27T00:27:34.414Z [ODDS]  Draw: 9/4 → 12/5
2026-02-27T00:27:36.697Z [ODDS]  Draw: 12/5 → 9/4
2026-02-27T00:28:15.906Z [ODDS]  Draw: 9/4 → 12/5
2026-02-27T00:30:05.048Z [ODDS]  Sergipe: 6/1 → 13/2
2026-02-27T00:30:35.351Z [ODDS]  America SE: 8/15 → 1/2
2026-02-27T00:32:43.454Z [ODDS]  Sergipe: 13/2 → 15/8, Draw: 12/5 → 11/10, America SE: 1/2 → 11/4
2026-02-27T00:32:56.050Z [ODDS]  Sergipe: 15/8 → 7/5, Draw: 11/10 → 10/11, America SE: 11/4 → 11/2
2026-02-27T00:32:56.050Z [EVENT]  score: 1-1
2026-02-27T00:34:05.886Z [ODDS]  Sergipe: 7/5 → 6/4
2026-02-27T00:34:53.299Z [ODDS]  America SE: 11/2 → 5/1
2026-02-27T00:34:54.605Z [ODDS]  America SE: 5/1 → 11/2
2026-02-27T00:35:27.973Z [ODDS]  Draw: 10/11 → 5/6
2026-02-27T00:37:37.071Z [ODDS]  Sergipe: 6/4 → 8/5
2026-02-27T00:38:05.830Z [ODDS]  Draw: 5/6 → 4/5
2026-02-27T00:38:06.283Z [ODDS]  Draw: 4/5 → 5/6, America SE: 11/2 → 5/1
2026-02-27T00:38:08.536Z [ODDS]  Draw: 5/6 → 4/5, America SE: 5/1 → 11/2
2026-02-27T00:39:41.047Z [ODDS]  Sergipe: 8/5 → 13/8
2026-02-27T00:40:26.616Z [ODDS]  America SE: 11/2 → 6/1
2026-02-27T00:40:51.391Z [ODDS]  Draw: 4/5 → 8/11
2026-02-27T00:41:34.239Z [ODDS]  Sergipe: 13/8 → 7/4
2026-02-27T00:41:36.945Z [ODDS]  Draw: 8/11 → 4/5, America SE: 6/1 → 11/2
2026-02-27T00:41:37.396Z [ODDS]  Draw: 4/5 → 8/11, America SE: 11/2 → 6/1
2026-02-27T00:42:57.760Z [ODDS]  America SE: 6/1 → 11/2
2026-02-27T00:42:59.501Z [ODDS]  America SE: 11/2 → 6/1
2026-02-27T00:43:17.519Z [ODDS]  Sergipe: 7/4 → 13/8
2026-02-27T00:43:18.871Z [ODDS]  Sergipe: 13/8 → 7/4
2026-02-27T00:44:08.035Z [ODDS]  Draw: 8/11 → 4/6
2026-02-27T00:44:35.546Z [ODDS]  Sergipe: 7/4 → 15/8
2026-02-27T00:46:48.677Z [ODDS]  Draw: 4/6 → 8/13
2026-02-27T00:47:04.377Z [ODDS]  Sergipe: 15/8 → 2/1
2026-02-27T00:48:04.364Z [ODDS]  Sergipe: 2/1 → 15/8, America SE: 6/1 → 13/2
2026-02-27T00:48:06.616Z [ODDS]  Sergipe: 15/8 → 2/1, America SE: 13/2 → 6/1
2026-02-27T00:48:23.303Z [ODDS]  America SE: 6/1 → 13/2
2026-02-27T00:48:44.950Z [ODDS]  Sergipe: 2/1 → 21/10, America SE: 13/2 → 6/1
2026-02-27T00:48:45.853Z [ODDS]  Sergipe: 21/10 → 2/1, America SE: 6/1 → 13/2
2026-02-27T00:49:02.990Z [ODDS]  Sergipe: 2/1 → 21/10, Draw: 8/13 → 4/7
2026-02-27T00:50:43.567Z [ODDS]  Sergipe: 21/10 → 11/5, Draw: 4/7 → 8/15
2026-02-27T00:51:28.215Z [ODDS]  Sergipe: 11/5 → 9/4
2026-02-27T00:52:08.357Z [ODDS]  Draw: 8/15 → 1/2
2026-02-27T00:52:45.792Z [ODDS]  Sergipe: 9/4 → 12/5
2026-02-27T00:53:14.653Z [ODDS]  Sergipe: 12/5 → 9/4, America SE: 13/2 → 7/1
2026-02-27T00:53:15.104Z [ODDS]  Sergipe: 9/4 → 12/5, America SE: 7/1 → 13/2
2026-02-27T00:53:34.498Z [ODDS]  America SE: 13/2 → 7/1
2026-02-27T00:53:48.030Z [ODDS]  Sergipe: 12/5 → 5/2, America SE: 7/1 → 6/1
2026-02-27T00:53:52.541Z [ODDS]  Sergipe: 5/2 → 12/5, America SE: 6/1 → 7/1
2026-02-27T00:53:57.952Z [ODDS]  Draw: 1/2 → 4/9
2026-02-27T00:54:08.325Z [ODDS]  Sergipe: 12/5 → 5/2
2026-02-27T00:54:59.292Z [ODDS]  Sergipe: 5/2 → 13/5
2026-02-27T00:55:57.920Z [ODDS]  Draw: 4/9 → 2/5
2026-02-27T00:56:15.060Z [ODDS]  Sergipe: 13/5 → 11/4
2026-02-27T00:57:12.336Z [ODDS]  America SE: 7/1 → 15/2
2026-02-27T00:57:26.318Z [ODDS]  Sergipe: 11/4 → 3/1
2026-02-27T00:57:33.983Z [ODDS]  Draw: 2/5 → 4/11
2026-02-27T00:57:35.787Z [ODDS]  Draw: 4/11 → 2/5, America SE: 15/2 → 13/2
2026-02-27T00:57:36.689Z [ODDS]  Draw: 2/5 → 4/11, America SE: 13/2 → 15/2
2026-02-27T00:59:08.243Z [ODDS]  Sergipe: 3/1 → 10/3, Draw: 4/11 → 1/3
2026-02-27T00:59:41.618Z [ODDS]  America SE: 15/2 → 8/1
2026-02-27T01:00:02.815Z [ODDS]  Draw: 1/3 → 3/10
2026-02-27T01:00:28.975Z [ODDS]  Sergipe: 10/3 → 7/2
2026-02-27T01:01:00.994Z [ODDS]  Draw: 3/10 → 2/7
2026-02-27T01:01:17.681Z [ODDS]  Sergipe: 7/2 → 15/4
2026-02-27T01:01:51.057Z [ODDS]  America SE: 8/1 → 17/2
2026-02-27T01:02:05.943Z [ODDS]  Draw: 2/7 → 1/4
2026-02-27T01:02:22.625Z [ODDS]  Sergipe: 15/4 → 4/1
2026-02-27T01:03:11.787Z [ODDS]  Draw: 1/4 → 2/9
2026-02-27T01:03:27.121Z [ODDS]  Sergipe: 4/1 → 9/2, America SE: 17/2 → 9/1
2026-02-27T01:04:17.634Z [ODDS]  Draw: 2/9 → 1/5
2026-02-27T01:04:42.440Z [ODDS]  Sergipe: 9/2 → 5/1
2026-02-27T01:04:53.713Z [ODDS]  Draw: 1/5 → 2/11
2026-02-27T01:05:07.695Z [ODDS]  America SE: 9/1 → 10/1
2026-02-27T01:05:33.852Z [ODDS]  Draw: 2/11 → 1/6
2026-02-27T01:05:50.992Z [ODDS]  Sergipe: 5/1 → 11/2
2026-02-27T01:06:31.587Z [ODDS]  Draw: 1/6 → 1/7
2026-02-27T01:06:35.197Z [ODDS]  Sergipe: 11/2 → 6/1
2026-02-27T01:06:54.587Z [ODDS]  America SE: 10/1 → 11/1
2026-02-27T01:07:13.079Z [ODDS]  Draw: 1/7 → 1/8
2026-02-27T01:07:18.042Z [ODDS]  Sergipe: 6/1 → 13/2, Draw: 1/8 → 1/9
2026-02-27T01:07:46.453Z [ODDS]  Draw: 1/9 → 1/10, America SE: 11/1 → 12/1
2026-02-27T01:07:55.025Z [ODDS]  Sergipe: 13/2 → 7/1
2026-02-27T01:08:17.125Z [ODDS]  Draw: 1/10 → 1/11
2026-02-27T01:08:40.880Z [ODDS]  Sergipe: 7/1 → 15/2, Draw: 1/11 → 1/12
2026-02-27T01:08:52.153Z [ODDS]  Draw: 1/12 → 1/14
2026-02-27T01:09:02.075Z [ODDS]  Sergipe: 15/2 → 8/1
2026-02-27T01:09:18.766Z [ODDS]  America SE: 12/1 → 14/1
2026-02-27T01:09:35.453Z [ODDS]  Sergipe: 8/1 → 9/1, Draw: 1/14 → 1/16
2026-02-27T01:10:07.925Z [ODDS]  Draw: 1/16 → 1/18
2026-02-27T01:10:32.279Z [ODDS]  Draw: 1/18 → 1/16, America SE: 14/1 → 16/1
2026-02-27T01:10:32.731Z [ODDS]  Sergipe: 9/1 → 10/1, Draw: 1/16 → 1/20, America SE: 16/1 → 14/1
2026-02-27T01:10:44.004Z [ODDS]  Draw: 1/20 → 1/22
2026-02-27T01:11:02.497Z [ODDS]  Sergipe: 10/1 → 12/1, Draw: 1/22 → 1/25
2026-02-27T01:11:23.693Z [ODDS]  Sergipe: 12/1 → 80/1, Draw: 1/25 → 16/1, America SE: 14/1 → 1/40
2026-02-27T01:11:23.693Z [EVENT]  score: 2-1
2026-02-27T01:11:46.696Z [ODDS]  Sergipe: 80/1 → 100/1
2026-02-27T01:11:57.523Z [ODDS]  Draw: 16/1 → 18/1, America SE: 1/40 → 1/50
2026-02-27T01:12:18.266Z [ODDS]  Sergipe: 100/1 → 125/1, Draw: 18/1 → 20/1, America SE: 1/50 → 1/66
2026-02-27T01:12:19.169Z [ODDS]  Sergipe: 125/1 → 16/1, Draw: 20/1 → 1/40, America SE: 1/66 → 16/1
2026-02-27T01:12:19.169Z [EVENT]  score: 1-1
2026-02-27T01:12:20.077Z [ODDS]  Sergipe: 16/1 → 12/1, Draw: 1/40 → 1/28, America SE: 16/1 → 20/1
2026-02-27T01:12:21.875Z [ODDS]  Sergipe: 12/1 → 16/1, Draw: 1/28 → 1/40, America SE: 20/1 → 16/1
2026-02-27T01:12:22.326Z [ODDS]  Sergipe: 16/1 → 18/1, Draw: 1/40 → 1/50, America SE: 16/1 → 18/1
2026-02-27T01:12:41.720Z [ODDS]  Sergipe: 18/1 → 20/1, Draw: 1/50 → 1/66, America SE: 18/1 → 20/1
