2026-02-26T20:38:08.513Z [ODDS]  Arsenal (noeN): 1/6 → 1/7
2026-02-26T20:38:18.436Z [ODDS]  Chelsea (Aveaaaaa): 17/2 → 9/1
2026-02-26T20:38:28.829Z [ODDS]  Draw: 11/2 → 6/1
2026-02-26T20:38:33.775Z [ODDS]  Arsenal (noeN): 1/7 → 1/28, Draw: 6/1 → 12/1, Chelsea (Aveaaaaa): 9/1 → 14/1
2026-02-26T20:38:33.775Z [EVENT]  score: 1-4
2026-02-26T20:39:10.305Z [ODDS]  Arsenal (noeN): 1/28 → 1/33, Draw: 12/1 → 14/1
2026-02-26T20:39:20.677Z [ODDS]  Chelsea (Aveaaaaa): 14/1 → 16/1
2026-02-26T20:39:40.972Z [ODDS]  Arsenal (noeN): 1/33 → 1/40, Draw: 14/1 → 16/1
2026-02-26T20:40:01.729Z [ODDS]  Arsenal (noeN): 1/40 → 1/50, Draw: 16/1 → 18/1, Chelsea (Aveaaaaa): 16/1 → 18/1
2026-02-26T20:40:22.016Z [ODDS]  Arsenal (noeN): 1/50 → 1/66, Draw: 18/1 → 20/1, Chelsea (Aveaaaaa): 18/1 → 20/1
2026-02-26T20:40:42.310Z [ODDS]  Arsenal (noeN): 1/66 → 1/80, Draw: 20/1 → 22/1, Chelsea (Aveaaaaa): 20/1 → 22/1
2026-02-26T20:40:50.937Z [ODDS]  Arsenal (noeN): 1/80 → 1/16, Draw: 22/1 → 9/1, Chelsea (Aveaaaaa): 22/1 → 16/1
2026-02-26T20:40:50.937Z [EVENT]  score: 2-4
2026-02-26T20:41:01.251Z [ODDS]  Arsenal (noeN): 1/16 → 1/18, Chelsea (Aveaaaaa): 16/1 → 18/1
2026-02-26T20:41:11.625Z [ODDS]  Arsenal (noeN): 1/18 → 1/20, Draw: 9/1 → 10/1
2026-02-26T20:41:29.664Z [ODDS]  Arsenal (noeN): 1/20 → 1/25, Draw: 10/1 → 12/1, Chelsea (Aveaaaaa): 18/1 → 20/1
2026-02-26T20:41:32.376Z [ODDS]  Arsenal (noeN): 1/25 → 1/22, Draw: 12/1 → 10/1
2026-02-26T20:41:33.274Z [ODDS]  Arsenal (noeN): 1/22 → 2/7, Draw: 10/1 → 3/1, Chelsea (Aveaaaaa): 20/1 → 10/1
2026-02-26T20:41:33.274Z [EVENT]  score: 3-4
2026-02-26T20:41:43.645Z [ODDS]  Chelsea (Aveaaaaa): 10/1 → 11/1
2026-02-26T20:41:51.763Z [ODDS]  Draw: 3/1 → 11/4
2026-02-26T20:41:53.126Z [ODDS]  Arsenal (noeN): 2/7 → 1/40, Draw: 11/4 → 16/1, Chelsea (Aveaaaaa): 11/1 → 25/1
2026-02-26T20:41:53.126Z [EVENT]  score: 3-5
2026-02-26T20:42:13.866Z [ODDS]  Arsenal (noeN): 1/40 → 1/50, Draw: 16/1 → 18/1, Chelsea (Aveaaaaa): 25/1 → 28/1
2026-02-26T20:42:24.236Z [ODDS]  Arsenal (noeN): 1/50 → 1/80, Draw: 18/1 → 22/1, Chelsea (Aveaaaaa): 28/1 → 33/1
