2026-02-26T22:38:15.524Z [ODDS]  SC Freiburg (Furious): 1/16 → 1/18
2026-02-26T22:38:17.377Z [ODDS]  Bayer 04 (Klaus): 14/1 → 16/1
2026-02-26T22:38:24.543Z [ODDS]  SC Freiburg (Furious): 1/18 → 1/20, Draw: 9/1 → 10/1
2026-02-26T22:38:57.013Z [ODDS]  SC Freiburg (Furious): 1/20 → 1/4, Draw: 10/1 → 7/2, Bayer 04 (Klaus): 16/1 → 17/2
2026-02-26T22:38:57.013Z [EVENT]  score: 1-2
2026-02-26T22:38:58.819Z [ODDS]  Draw: 7/2 → 10/3
2026-02-26T22:39:29.484Z [ODDS]  Bayer 04 (Klaus): 17/2 → 9/1
2026-02-26T22:39:51.134Z [ODDS]  Bayer 04 (Klaus): 9/1 → 10/1
2026-02-26T22:40:05.115Z [ODDS]  SC Freiburg (Furious): 1/4 → 2/9
2026-02-26T22:40:06.017Z [ODDS]  Draw: 10/3 → 7/2
2026-02-26T22:40:09.175Z [ODDS]  Draw: 7/2 → 10/3
2026-02-26T22:40:10.077Z [ODDS]  Draw: 10/3 → 7/2
2026-02-26T22:40:19.999Z [ODDS]  Bayer 04 (Klaus): 10/1 → 11/1
2026-02-26T22:40:36.685Z [ODDS]  Bayer 04 (Klaus): 11/1 → 12/1
2026-02-26T22:40:42.098Z [ODDS]  SC Freiburg (Furious): 2/9 → 1/5
2026-02-26T22:40:59.689Z [ODDS]  Bayer 04 (Klaus): 12/1 → 14/1
2026-02-26T22:41:03.748Z [ODDS]  SC Freiburg (Furious): 1/5 → 2/11
2026-02-26T22:41:09.611Z [ODDS]  Draw: 7/2 → 15/4
2026-02-26T22:41:22.240Z [ODDS]  SC Freiburg (Furious): 2/11 → 1/6, Bayer 04 (Klaus): 14/1 → 16/1
2026-02-26T22:41:33.965Z [ODDS]  Draw: 15/4 → 4/1, Bayer 04 (Klaus): 16/1 → 18/1
2026-02-26T22:41:44.789Z [ODDS]  Bayer 04 (Klaus): 18/1 → 20/1
2026-02-26T22:41:56.515Z [ODDS]  SC Freiburg (Furious): 1/6 → 1/7, Draw: 4/1 → 9/2, Bayer 04 (Klaus): 20/1 → 22/1
2026-02-26T22:42:05.535Z [ODDS]  Bayer 04 (Klaus): 22/1 → 25/1
2026-02-26T22:42:20.871Z [ODDS]  SC Freiburg (Furious): 1/7 → 1/8, Draw: 9/2 → 5/1, Bayer 04 (Klaus): 25/1 → 28/1
2026-02-26T22:42:27.183Z [ODDS]  SC Freiburg (Furious): 1/8 → 1/9, Draw: 5/1 → 11/2, Bayer 04 (Klaus): 28/1 → 33/1
2026-02-26T22:42:33.949Z [ODDS]  SC Freiburg (Furious): 1/9 → 1/10, Draw: 11/2 → 6/1
2026-02-26T22:42:34.400Z [ODDS]  SC Freiburg (Furious): 1/10 → 11/2, Draw: 6/1 → 1/5, Bayer 04 (Klaus): 33/1 → 7/1
2026-02-26T22:42:34.400Z [EVENT]  score: 2-2
2026-02-26T22:43:19.953Z [EVENT]  score: 2-3
