2026-02-27T00:09:01.783Z [ODDS]  Draw: 13/5 → 11/4, Deportivo Recoleta: 4/7 → 8/15
2026-02-27T00:09:18.471Z [ODDS]  Draw: 11/4 → 13/5, Deportivo Recoleta: 8/15 → 4/7
2026-02-27T00:10:11.239Z [ODDS]  Nacional Asuncion: 11/2 → 5/1
2026-02-27T00:10:15.748Z [ODDS]  Nacional Asuncion: 5/1 → 11/2
2026-02-27T00:10:18.905Z [ODDS]  Nacional Asuncion: 11/2 → 5/1
2026-02-27T00:10:36.043Z [ODDS]  Nacional Asuncion: 5/1 → 11/2
2026-02-27T00:11:00.397Z [ODDS]  Draw: 13/5 → 11/4, Deportivo Recoleta: 4/7 → 8/15
2026-02-27T00:11:10.779Z [ODDS]  Draw: 11/4 → 13/5, Deportivo Recoleta: 8/15 → 4/7
2026-02-27T00:11:30.164Z [ODDS]  Nacional Asuncion: 11/2 → 5/1, Draw: 13/5 → 5/2, Deportivo Recoleta: 4/7 → 8/13
2026-02-27T00:12:22.486Z [ODDS]  Nacional Asuncion: 5/1 → 11/2, Deportivo Recoleta: 8/13 → 4/7
2026-02-27T00:13:31.483Z [ODDS]  Nacional Asuncion: 11/2 → 5/1, Deportivo Recoleta: 4/7 → 8/13
2026-02-27T00:13:32.386Z [ODDS]  Nacional Asuncion: 5/1 → 11/2, Deportivo Recoleta: 8/13 → 4/7
2026-02-27T00:13:41.442Z [ODDS]  Draw: 5/2 → 13/5
2026-02-27T00:14:04.406Z [ODDS]  Draw: 13/5 → 5/2, Deportivo Recoleta: 4/7 → 8/13
2026-02-27T00:16:21.513Z [ODDS]  Deportivo Recoleta: 8/13 → 4/7
2026-02-27T00:17:40.438Z [ODDS]  Nacional Asuncion: 11/2 → 5/1, Draw: 5/2 → 12/5, Deportivo Recoleta: 4/7 → 8/13
2026-02-27T00:17:41.791Z [ODDS]  Nacional Asuncion: 5/1 → 11/2, Draw: 12/5 → 5/2
2026-02-27T00:18:23.734Z [ODDS]  Deportivo Recoleta: 8/13 → 4/7
2026-02-27T00:18:42.227Z [ODDS]  Nacional Asuncion: 11/2 → 6/1, Deportivo Recoleta: 4/7 → 8/15
2026-02-27T00:27:18.659Z [ODDS]  Nacional Asuncion: 6/1 → 11/2, Deportivo Recoleta: 8/15 → 4/7
2026-02-27T00:31:21.719Z [ODDS]  Draw: 5/2 → 12/5
2026-02-27T00:34:13.568Z [ODDS]  Draw: 12/5 → 5/2
2026-02-27T00:35:04.154Z [ODDS]  Nacional Asuncion: 11/2 → 6/1
2026-02-27T00:35:12.245Z [ODDS]  Nacional Asuncion: 6/1 → 11/2
2026-02-27T00:35:21.768Z [ODDS]  Draw: 5/2 → 12/5, Deportivo Recoleta: 4/7 → 8/13
2026-02-27T00:35:24.839Z [ODDS]  Nacional Asuncion: 11/2 → 6/1, Draw: 12/5 → 5/2, Deportivo Recoleta: 8/13 → 4/7
2026-02-27T00:35:32.483Z [ODDS]  Deportivo Recoleta: 4/7 → 8/15
2026-02-27T00:35:44.660Z [ODDS]  Deportivo Recoleta: 8/15 → 4/7
2026-02-27T00:35:55.485Z [ODDS]  Draw: 5/2 → 12/5
2026-02-27T00:36:04.521Z [ODDS]  Nacional Asuncion: 6/1 → 11/2
2026-02-27T00:36:09.486Z [ODDS]  Nacional Asuncion: 11/2 → 6/1
2026-02-27T00:36:46.043Z [ODDS]  Draw: 12/5 → 5/2
2026-02-27T00:37:09.450Z [ODDS]  Draw: 5/2 → 12/5
2026-02-27T00:37:54.553Z [ODDS]  Draw: 12/5 → 5/2
2026-02-27T00:38:29.322Z [ODDS]  Nacional Asuncion: 11/2 → 6/1, Draw: 12/5 → 5/2
2026-02-27T00:38:40.631Z [ODDS]  Deportivo Recoleta: 4/7 → 8/15
2026-02-27T00:38:48.715Z [ODDS]  Nacional Asuncion: 6/1 → 13/2
2026-02-27T00:38:51.076Z [ODDS]  Nacional Asuncion: 13/2 → 6/1, Draw: 5/2 → 12/5, Deportivo Recoleta: 8/15 → 4/7
2026-02-27T00:38:52.324Z [ODDS]  Nacional Asuncion: 6/1 → 13/2
2026-02-27T00:38:52.817Z [ODDS]  Nacional Asuncion: 13/2 → 6/1, Draw: 12/5 → 5/2
2026-02-27T00:39:12.618Z [ODDS]  Draw: 5/2 → 12/5
2026-02-27T00:39:47.806Z [ODDS]  Nacional Asuncion: 6/1 → 11/2, Deportivo Recoleta: 4/7 → 8/13
2026-02-27T00:40:23.032Z [ODDS]  Nacional Asuncion: 11/2 → 6/1, Deportivo Recoleta: 8/13 → 4/7
2026-02-27T00:42:13.025Z [ODDS]  Nacional Asuncion: 6/1 → 13/2
2026-02-27T00:42:54.517Z [ODDS]  Deportivo Recoleta: 4/7 → 8/15
2026-02-27T00:43:10.355Z [ODDS]  Deportivo Recoleta: 8/15 → 4/7
2026-02-27T00:43:28.793Z [ODDS]  Deportivo Recoleta: 4/7 → 8/15
2026-02-27T00:44:35.146Z [ODDS]  Nacional Asuncion: 13/2 → 7/1
2026-02-27T00:44:59.926Z [ODDS]  Nacional Asuncion: 7/1 → 13/2
2026-02-27T00:46:13.866Z [ODDS]  Nacional Asuncion: 13/2 → 7/1
2026-02-27T00:46:19.287Z [ODDS]  Nacional Asuncion: 7/1 → 13/2
2026-02-27T00:46:23.337Z [ODDS]  Nacional Asuncion: 13/2 → 7/1
2026-02-27T00:47:04.377Z [ODDS]  Nacional Asuncion: 7/1 → 15/2, Deportivo Recoleta: 8/15 → 1/2
2026-02-27T00:47:23.320Z [ODDS]  Draw: 12/5 → 5/2
2026-02-27T00:47:26.053Z [ODDS]  Draw: 5/2 → 12/5
2026-02-27T00:47:38.652Z [ODDS]  Draw: 12/5 → 5/2
2026-02-27T00:48:34.127Z [ODDS]  Nacional Asuncion: 15/2 → 8/1
2026-02-27T00:48:44.950Z [ODDS]  Nacional Asuncion: 8/1 → 15/2
2026-02-27T00:48:45.853Z [ODDS]  Nacional Asuncion: 15/2 → 8/1
2026-02-27T00:49:23.815Z [ODDS]  Nacional Asuncion: 8/1 → 17/2
2026-02-27T00:49:53.503Z [ODDS]  Draw: 5/2 → 13/5, Deportivo Recoleta: 1/2 → 4/9
2026-02-27T00:50:11.093Z [ODDS]  Draw: 13/5 → 5/2
2026-02-27T00:50:16.054Z [ODDS]  Nacional Asuncion: 17/2 → 9/1
2026-02-27T00:50:24.641Z [ODDS]  Nacional Asuncion: 9/1 → 17/2
2026-02-27T00:50:44.467Z [ODDS]  Draw: 5/2 → 13/5
2026-02-27T00:51:02.056Z [ODDS]  Nacional Asuncion: 17/2 → 9/1
2026-02-27T00:51:07.468Z [ODDS]  Nacional Asuncion: 9/1 → 17/2, Draw: 13/5 → 5/2
2026-02-27T00:51:13.795Z [ODDS]  Nacional Asuncion: 17/2 → 9/1
2026-02-27T00:51:31.822Z [ODDS]  Nacional Asuncion: 9/1 → 17/2
2026-02-27T00:51:42.195Z [ODDS]  Nacional Asuncion: 17/2 → 9/1
2026-02-27T00:52:01.593Z [ODDS]  Draw: 5/2 → 13/5
2026-02-27T00:52:16.025Z [ODDS]  Draw: 13/5 → 5/2
2026-02-27T00:52:45.340Z [ODDS]  Draw: 5/2 → 13/5
2026-02-27T00:53:08.342Z [ODDS]  Nacional Asuncion: 9/1 → 10/1
2026-02-27T00:53:29.085Z [ODDS]  Draw: 13/5 → 11/4, Deportivo Recoleta: 4/9 → 2/5
2026-02-27T00:53:55.698Z [ODDS]  Nacional Asuncion: 10/1 → 9/1, Draw: 11/4 → 13/5, Deportivo Recoleta: 2/5 → 4/9
2026-02-27T00:53:56.601Z [ODDS]  Nacional Asuncion: 9/1 → 10/1, Draw: 13/5 → 11/4, Deportivo Recoleta: 4/9 → 2/5
2026-02-27T00:54:09.678Z [ODDS]  Nacional Asuncion: 10/1 → 11/1
2026-02-27T00:54:10.130Z [ODDS]  Deportivo Recoleta: 2/5 → 4/11
2026-02-27T00:54:11.938Z [ODDS]  Deportivo Recoleta: 4/11 → 2/5
2026-02-27T00:54:43.056Z [ODDS]  Nacional Asuncion: 11/1 → 10/1
2026-02-27T00:55:01.099Z [ODDS]  Nacional Asuncion: 10/1 → 11/1
2026-02-27T00:55:10.566Z [ODDS]  Deportivo Recoleta: 2/5 → 4/11
2026-02-27T00:55:11.467Z [ODDS]  Deportivo Recoleta: 4/11 → 2/5
2026-02-27T00:55:18.683Z [ODDS]  Deportivo Recoleta: 2/5 → 4/11
2026-02-27T00:55:33.567Z [ODDS]  Nacional Asuncion: 11/1 → 12/1
2026-02-27T00:55:58.823Z [ODDS]  Nacional Asuncion: 12/1 → 11/1, Deportivo Recoleta: 4/11 → 2/5
2026-02-27T00:56:05.136Z [ODDS]  Nacional Asuncion: 11/1 → 10/1, Draw: 11/4 → 13/5
2026-02-27T00:56:13.705Z [ODDS]  Nacional Asuncion: 10/1 → 11/1, Draw: 13/5 → 11/4, Deportivo Recoleta: 2/5 → 4/11
2026-02-27T00:56:15.510Z [ODDS]  Nacional Asuncion: 11/1 → 12/1
2026-02-27T00:57:47.068Z [ODDS]  Nacional Asuncion: 12/1 → 14/1, Deportivo Recoleta: 4/11 → 1/3
2026-02-27T00:58:25.848Z [ODDS]  Deportivo Recoleta: 1/3 → 4/11
2026-02-27T00:59:03.282Z [ODDS]  Nacional Asuncion: 14/1 → 16/1, Deportivo Recoleta: 4/11 → 1/3
2026-02-27T01:00:37.546Z [ODDS]  Nacional Asuncion: 16/1 → 18/1, Draw: 11/4 → 3/1
2026-02-27T01:00:38.896Z [ODDS]  Deportivo Recoleta: 1/3 → 3/10
2026-02-27T01:01:18.136Z [ODDS]  Nacional Asuncion: 18/1 → 20/1
2026-02-27T01:01:19.486Z [ODDS]  Nacional Asuncion: 20/1 → 18/1, Draw: 3/1 → 11/4, Deportivo Recoleta: 3/10 → 1/3
2026-02-27T01:01:27.604Z [ODDS]  Draw: 11/4 → 3/1, Deportivo Recoleta: 1/3 → 3/10
2026-02-27T01:02:02.330Z [ODDS]  Nacional Asuncion: 18/1 → 20/1
2026-02-27T01:02:30.744Z [ODDS]  Nacional Asuncion: 20/1 → 11/4, Draw: 3/1 → 4/6, Deportivo Recoleta: 3/10 → 15/4
2026-02-27T01:02:30.744Z [EVENT]  score: 2-2
2026-02-27T01:02:46.077Z [ODDS]  Nacional Asuncion: 11/4 → 10/3, Draw: 4/6 → 8/13, Deportivo Recoleta: 15/4 → 7/2
2026-02-27T01:03:42.906Z [ODDS]  Nacional Asuncion: 10/3 → 3/1, Draw: 8/13 → 4/6
2026-02-27T01:03:46.514Z [ODDS]  Nacional Asuncion: 3/1 → 10/3, Draw: 4/6 → 8/13
2026-02-27T01:04:00.045Z [ODDS]  Deportivo Recoleta: 7/2 → 15/4
2026-02-27T01:04:07.711Z [ODDS]  Nacional Asuncion: 10/3 → 3/1
2026-02-27T01:04:24.852Z [ODDS]  Nacional Asuncion: 3/1 → 10/3, Deportivo Recoleta: 15/4 → 7/2
2026-02-27T01:04:44.693Z [ODDS]  Nacional Asuncion: 10/3 → 3/1, Draw: 8/13 → 4/6, Deportivo Recoleta: 7/2 → 15/4
2026-02-27T01:05:03.636Z [ODDS]  Draw: 4/6 → 8/13
2026-02-27T01:05:04.086Z [ODDS]  Nacional Asuncion: 3/1 → 10/3
2026-02-27T01:05:15.814Z [ODDS]  Nacional Asuncion: 10/3 → 7/2, Draw: 8/13 → 4/7
2026-02-27T01:05:57.306Z [ODDS]  Nacional Asuncion: 7/2 → 3/1, Draw: 4/7 → 8/13, Deportivo Recoleta: 15/4 → 4/1
2026-02-27T01:06:09.032Z [ODDS]  Nacional Asuncion: 3/1 → 7/2, Draw: 8/13 → 4/7, Deportivo Recoleta: 4/1 → 15/4
2026-02-27T01:06:17.603Z [ODDS]  Deportivo Recoleta: 15/4 → 7/2
2026-02-27T01:06:29.331Z [ODDS]  Deportivo Recoleta: 7/2 → 15/4
2026-02-27T01:06:55.490Z [ODDS]  Nacional Asuncion: 7/2 → 15/4, Draw: 4/7 → 8/15
2026-02-27T01:07:39.237Z [ODDS]  Draw: 8/15 → 1/2, Deportivo Recoleta: 15/4 → 4/1
2026-02-27T01:08:43.134Z [ODDS]  Nacional Asuncion: 15/4 → 4/1
2026-02-27T01:09:23.275Z [ODDS]  Draw: 1/2 → 4/9, Deportivo Recoleta: 4/1 → 9/2
2026-02-27T01:10:19.652Z [ODDS]  Nacional Asuncion: 4/1 → 9/2
2026-02-27T01:10:22.807Z [ODDS]  Nacional Asuncion: 9/2 → 4/1
2026-02-27T01:10:25.062Z [ODDS]  Nacional Asuncion: 4/1 → 9/2
2026-02-27T01:10:30.474Z [ODDS]  Nacional Asuncion: 9/2 → 4/1
2026-02-27T01:10:53.475Z [ODDS]  Nacional Asuncion: 4/1 → 9/2, Draw: 4/9 → 2/5
2026-02-27T01:11:06.104Z [ODDS]  Deportivo Recoleta: 9/2 → 5/1
2026-02-27T01:11:06.560Z [ODDS]  Nacional Asuncion: 9/2 → 15/4, Draw: 2/5 → 4/9
2026-02-27T01:11:22.792Z [ODDS]  Nacional Asuncion: 15/4 → 9/2, Draw: 4/9 → 2/5
2026-02-27T01:11:36.776Z [ODDS]  Deportivo Recoleta: 5/1 → 9/2
2026-02-27T01:11:43.541Z [ODDS]  Nacional Asuncion: 9/2 → 15/4, Draw: 2/5 → 4/9, Deportivo Recoleta: 9/2 → 5/1
2026-02-27T01:11:47.146Z [ODDS]  Nacional Asuncion: 15/4 → 4/1, Draw: 4/9 → 2/5
2026-02-27T01:11:55.721Z [ODDS]  Nacional Asuncion: 4/1 → 9/2
2026-02-27T01:11:56.168Z [ODDS]  Deportivo Recoleta: 5/1 → 9/2
2026-02-27T01:12:04.286Z [ODDS]  Draw: 2/5 → 4/11, Deportivo Recoleta: 9/2 → 5/1
2026-02-27T01:12:22.326Z [ODDS]  Nacional Asuncion: 9/2 → 5/1
2026-02-27T01:12:43.072Z [ODDS]  Nacional Asuncion: 5/1 → 9/2
2026-02-27T01:12:56.151Z [ODDS]  Nacional Asuncion: 9/2 → 5/1
2026-02-27T01:13:01.113Z [ODDS]  Draw: 4/11 → 1/3, Deportivo Recoleta: 5/1 → 11/2
2026-02-27T01:14:01.547Z [ODDS]  Deportivo Recoleta: 11/2 → 6/1
2026-02-27T01:14:03.803Z [ODDS]  Deportivo Recoleta: 6/1 → 11/2
2026-02-27T01:14:15.529Z [ODDS]  Nacional Asuncion: 5/1 → 11/2, Draw: 1/3 → 3/10, Deportivo Recoleta: 11/2 → 6/1
2026-02-27T01:15:03.335Z [ODDS]  Draw: 3/10 → 2/7, Deportivo Recoleta: 6/1 → 13/2
2026-02-27T01:15:06.492Z [ODDS]  Nacional Asuncion: 11/2 → 6/1, Draw: 2/7 → 1/3, Deportivo Recoleta: 13/2 → 5/1
2026-02-27T01:15:13.708Z [ODDS]  Draw: 1/3 → 3/10
2026-02-27T01:15:31.297Z [ODDS]  Draw: 3/10 → 1/4, Deportivo Recoleta: 5/1 → 13/2
2026-02-27T01:16:10.985Z [ODDS]  Nacional Asuncion: 6/1 → 13/2, Deportivo Recoleta: 13/2 → 7/1
2026-02-27T01:16:29.475Z [ODDS]  Draw: 1/4 → 2/9
2026-02-27T01:16:32.633Z [ODDS]  Draw: 2/9 → 1/4
2026-02-27T01:16:37.595Z [ODDS]  Draw: 1/4 → 2/9
2026-02-27T01:16:38.045Z [ODDS]  Draw: 2/9 → 2/7, Deportivo Recoleta: 7/1 → 11/2
2026-02-27T01:16:41.202Z [ODDS]  Draw: 2/7 → 2/9, Deportivo Recoleta: 11/2 → 7/1
2026-02-27T01:16:48.870Z [ODDS]  Nacional Asuncion: 13/2 → 6/1, Draw: 2/9 → 1/4
2026-02-27T01:17:00.144Z [ODDS]  Nacional Asuncion: 6/1 → 7/1, Draw: 1/4 → 1/5, Deportivo Recoleta: 7/1 → 15/2
2026-02-27T01:17:14.125Z [ODDS]  Deportivo Recoleta: 15/2 → 8/1
2026-02-27T01:17:31.716Z [ODDS]  Nacional Asuncion: 7/1 → 15/2
2026-02-27T01:17:35.323Z [ODDS]  Draw: 1/5 → 2/11
2026-02-27T01:17:42.539Z [ODDS]  Nacional Asuncion: 15/2 → 8/1, Draw: 2/11 → 2/9, Deportivo Recoleta: 8/1 → 6/1
2026-02-27T01:18:10.502Z [ODDS]  Deportivo Recoleta: 6/1 → 13/2
2026-02-27T01:18:20.876Z [ODDS]  Nacional Asuncion: 8/1 → 17/2, Draw: 2/9 → 1/5
2026-02-27T01:18:27.639Z [ODDS]  Nacional Asuncion: 17/2 → 8/1, Draw: 1/5 → 1/6, Deportivo Recoleta: 13/2 → 9/1
2026-02-27T01:18:28.090Z [ODDS]  Nacional Asuncion: 8/1 → 17/2
2026-02-27T01:18:45.679Z [ODDS]  Draw: 1/6 → 1/7
2026-02-27T01:18:50.641Z [ODDS]  Deportivo Recoleta: 9/1 → 10/1
2026-02-27T01:18:55.150Z [ODDS]  Nacional Asuncion: 17/2 → 9/1
2026-02-27T01:19:06.876Z [ODDS]  Draw: 1/7 → 2/11, Deportivo Recoleta: 10/1 → 7/1
2026-02-27T01:19:15.896Z [ODDS]  Draw: 2/11 → 1/8, Deportivo Recoleta: 7/1 → 10/1
2026-02-27T01:19:20.858Z [ODDS]  Nacional Asuncion: 9/1 → 13/2, Draw: 1/8 → 1/6, Deportivo Recoleta: 10/1 → 11/1
2026-02-27T01:19:21.759Z [ODDS]  Nacional Asuncion: 13/2 → 9/1, Draw: 1/6 → 1/8, Deportivo Recoleta: 11/1 → 10/1
2026-02-27T01:19:33.035Z [ODDS]  Nacional Asuncion: 9/1 → 10/1, Deportivo Recoleta: 10/1 → 11/1
2026-02-27T01:19:44.309Z [ODDS]  Draw: 1/8 → 1/9
2026-02-27T01:20:05.055Z [ODDS]  Nacional Asuncion: 10/1 → 11/1, Deportivo Recoleta: 11/1 → 12/1
2026-02-27T01:20:05.506Z [ODDS]  Draw: 1/9 → 1/10
2026-02-27T01:20:28.959Z [ODDS]  Draw: 1/10 → 1/11
2026-02-27T01:20:35.273Z [ODDS]  Nacional Asuncion: 11/1 → 12/1
2026-02-27T01:20:37.528Z [ODDS]  Draw: 1/11 → 1/12
2026-02-27T01:20:56.469Z [ODDS]  Draw: 1/12 → 1/14, Deportivo Recoleta: 12/1 → 14/1
2026-02-27T01:21:13.158Z [ODDS]  Nacional Asuncion: 12/1 → 14/1, Draw: 1/14 → 1/16
2026-02-27T01:21:38.412Z [ODDS]  Draw: 1/16 → 1/18, Deportivo Recoleta: 14/1 → 16/1
2026-02-27T01:21:55.551Z [ODDS]  Nacional Asuncion: 14/1 → 16/1, Draw: 1/18 → 1/20
2026-02-27T01:22:11.336Z [ODDS]  Draw: 1/20 → 1/22, Deportivo Recoleta: 16/1 → 18/1
2026-02-27T01:22:32.532Z [ODDS]  Nacional Asuncion: 16/1 → 18/1, Draw: 1/22 → 1/28
2026-02-27T01:22:49.221Z [ODDS]  Draw: 1/28 → 1/33, Deportivo Recoleta: 18/1 → 20/1
2026-02-27T01:23:15.829Z [ODDS]  Nacional Asuncion: 18/1 → 20/1, Draw: 1/33 → 1/40
2026-02-27T01:24:17.165Z [ODDS]  Draw: 1/40 → 1/50
2026-02-27T01:24:29.793Z [ODDS]  Deportivo Recoleta: 20/1 → 22/1
2026-02-27T01:24:30.244Z [ODDS]  Nacional Asuncion: 20/1 → 12/1, Draw: 1/50 → 1/25, Deportivo Recoleta: 22/1 → 33/1
