2026-02-26T21:38:21.853Z [ODDS]  Sportivo San Lorenzo: 21/10 → 2/1, Rubio Nu: 6/4 → 8/5
2026-02-26T21:39:24.546Z [ODDS]  Rubio Nu: 8/5 → 13/8
2026-02-26T21:40:01.118Z [ODDS]  Draw: 15/8 → 7/4
2026-02-26T21:40:45.278Z [ODDS]  Sportivo San Lorenzo: 2/1 → 15/8, Rubio Nu: 13/8 → 7/4
2026-02-26T21:41:55.178Z [ODDS]  Sportivo San Lorenzo: 15/8 → 2/1, Rubio Nu: 7/4 → 13/8
2026-02-26T21:41:58.335Z [ODDS]  Sportivo San Lorenzo: 2/1 → 15/8, Rubio Nu: 13/8 → 7/4
2026-02-26T21:42:01.041Z [ODDS]  Sportivo San Lorenzo: 15/8 → 11/2, Draw: 7/4 → 11/4, Rubio Nu: 7/4 → 8/15
2026-02-26T21:42:01.041Z [EVENT]  score: 1-0
2026-02-26T21:42:18.644Z [ODDS]  Sportivo San Lorenzo: 11/2 → 6/1, Rubio Nu: 8/15 → 1/2
2026-02-26T21:43:27.197Z [ODDS]  Sportivo San Lorenzo: 6/1 → 11/2, Rubio Nu: 1/2 → 8/15
2026-02-26T21:44:20.406Z [ODDS]  Sportivo San Lorenzo: 11/2 → 6/1, Rubio Nu: 8/15 → 1/2
2026-02-26T21:44:40.695Z [ODDS]  Sportivo San Lorenzo: 6/1 → 11/2, Rubio Nu: 1/2 → 8/15
2026-02-26T21:44:59.188Z [ODDS]  Sportivo San Lorenzo: 11/2 → 6/1
2026-02-26T21:45:36.624Z [ODDS]  Rubio Nu: 8/15 → 1/2
2026-02-26T21:46:30.289Z [ODDS]  Sportivo San Lorenzo: 6/1 → 13/2
2026-02-26T21:46:34.352Z [ODDS]  Sportivo San Lorenzo: 13/2 → 6/1
2026-02-26T21:46:36.603Z [ODDS]  Sportivo San Lorenzo: 6/1 → 11/2, Rubio Nu: 1/2 → 8/15
2026-02-26T21:47:05.924Z [ODDS]  Sportivo San Lorenzo: 11/2 → 6/1, Rubio Nu: 8/15 → 1/2
2026-02-26T21:47:48.822Z [ODDS]  Sportivo San Lorenzo: 6/1 → 13/2
2026-02-26T21:48:05.017Z [ODDS]  Sportivo San Lorenzo: 13/2 → 6/1
2026-02-26T21:48:05.458Z [ODDS]  Sportivo San Lorenzo: 6/1 → 13/2, Draw: 11/4 → 3/1
2026-02-26T21:48:07.258Z [ODDS]  Sportivo San Lorenzo: 13/2 → 6/1, Draw: 3/1 → 11/4
2026-02-26T21:48:20.340Z [ODDS]  Sportivo San Lorenzo: 6/1 → 13/2
2026-02-26T21:48:42.893Z [ODDS]  Sportivo San Lorenzo: 13/2 → 6/1
2026-02-26T21:48:43.343Z [ODDS]  Sportivo San Lorenzo: 6/1 → 13/2
2026-02-26T21:48:51.461Z [ODDS]  Rubio Nu: 1/2 → 4/9
2026-02-26T21:49:12.657Z [ODDS]  Rubio Nu: 4/9 → 1/2
2026-02-26T21:50:10.838Z [ODDS]  Sportivo San Lorenzo: 13/2 → 7/1, Rubio Nu: 1/2 → 4/9
2026-02-26T21:50:16.705Z [ODDS]  Sportivo San Lorenzo: 7/1 → 13/2, Rubio Nu: 4/9 → 1/2
2026-02-26T21:51:18.489Z [ODDS]  Sportivo San Lorenzo: 13/2 → 7/1, Rubio Nu: 1/2 → 4/9
2026-02-26T21:51:36.531Z [ODDS]  Sportivo San Lorenzo: 7/1 → 13/2, Rubio Nu: 4/9 → 1/2
2026-02-26T21:51:37.031Z [ODDS]  Sportivo San Lorenzo: 13/2 → 7/1, Rubio Nu: 1/2 → 4/9
2026-02-26T21:51:37.883Z [ODDS]  Sportivo San Lorenzo: 7/1 → 13/2, Rubio Nu: 4/9 → 1/2
2026-02-26T21:57:38.775Z [ODDS]  Sportivo San Lorenzo: 13/2 → 7/1, Rubio Nu: 1/2 → 4/9
2026-02-26T21:57:43.735Z [ODDS]  Sportivo San Lorenzo: 7/1 → 13/2, Rubio Nu: 4/9 → 1/2
2026-02-26T21:58:00.894Z [ODDS]  Sportivo San Lorenzo: 13/2 → 6/1
2026-02-26T21:58:05.865Z [ODDS]  Sportivo San Lorenzo: 6/1 → 13/2
2026-02-26T21:58:30.719Z [ODDS]  Sportivo San Lorenzo: 13/2 → 7/1, Rubio Nu: 1/2 → 4/9
2026-02-26T21:58:31.997Z [ODDS]  Sportivo San Lorenzo: 7/1 → 13/2, Rubio Nu: 4/9 → 1/2
2026-02-26T21:58:45.980Z [ODDS]  Sportivo San Lorenzo: 13/2 → 7/1
2026-02-26T21:59:23.471Z [ODDS]  Sportivo San Lorenzo: 7/1 → 13/2
2026-02-26T21:59:30.628Z [ODDS]  Sportivo San Lorenzo: 13/2 → 7/1
2026-02-26T21:59:50.923Z [ODDS]  Sportivo San Lorenzo: 7/1 → 13/2
2026-02-26T22:00:07.613Z [ODDS]  Sportivo San Lorenzo: 13/2 → 7/1
2026-02-26T22:00:10.773Z [ODDS]  Sportivo San Lorenzo: 7/1 → 13/2
2026-02-26T22:01:10.749Z [ODDS]  Sportivo San Lorenzo: 13/2 → 7/1
2026-02-26T22:01:22.478Z [ODDS]  Sportivo San Lorenzo: 7/1 → 13/2, Draw: 11/4 → 13/5, Rubio Nu: 1/2 → 8/15
2026-02-26T22:01:23.389Z [ODDS]  Sportivo San Lorenzo: 13/2 → 7/1, Draw: 13/5 → 11/4, Rubio Nu: 8/15 → 1/2
2026-02-26T22:02:51.329Z [ODDS]  Rubio Nu: 1/2 → 4/9
2026-02-26T22:02:55.921Z [ODDS]  Rubio Nu: 4/9 → 1/2
2026-02-26T22:03:14.788Z [ODDS]  Sportivo San Lorenzo: 7/1 → 13/2, Draw: 11/4 → 13/5, Rubio Nu: 1/2 → 8/15
2026-02-26T22:03:17.097Z [ODDS]  Sportivo San Lorenzo: 13/2 → 7/1, Draw: 13/5 → 11/4, Rubio Nu: 8/15 → 1/2
2026-02-26T22:03:18.843Z [ODDS]  Sportivo San Lorenzo: 7/1 → 13/2, Draw: 11/4 → 13/5
2026-02-26T22:03:33.726Z [ODDS]  Sportivo San Lorenzo: 13/2 → 7/1
2026-02-26T22:06:58.028Z [ODDS]  Draw: 13/5 → 11/4, Rubio Nu: 1/2 → 4/9
2026-02-26T22:06:58.930Z [ODDS]  Rubio Nu: 4/9 → 1/2
2026-02-26T22:06:59.380Z [ODDS]  Draw: 11/4 → 13/5
2026-02-26T22:07:18.323Z [ODDS]  Sportivo San Lorenzo: 7/1 → 8/1, Draw: 13/5 → 11/4, Rubio Nu: 1/2 → 4/9
2026-02-26T22:07:26.446Z [ODDS]  Sportivo San Lorenzo: 8/1 → 15/2, Draw: 11/4 → 13/5
2026-02-26T22:07:26.896Z [ODDS]  Draw: 13/5 → 11/4, Rubio Nu: 4/9 → 1/2
2026-02-26T22:08:04.324Z [ODDS]  Rubio Nu: 1/2 → 4/9
2026-02-26T22:08:08.386Z [ODDS]  Sportivo San Lorenzo: 15/2 → 7/1, Draw: 11/4 → 13/5, Rubio Nu: 4/9 → 1/2
2026-02-26T22:08:48.153Z [ODDS]  Rubio Nu: 4/9 → 1/2
2026-02-26T22:08:53.114Z [ODDS]  Rubio Nu: 1/2 → 4/9
2026-02-26T22:09:00.328Z [ODDS]  Rubio Nu: 4/9 → 1/2
2026-02-26T22:09:14.760Z [ODDS]  Rubio Nu: 1/2 → 4/9
2026-02-26T22:10:15.203Z [ODDS]  Sportivo San Lorenzo: 15/2 → 8/1
2026-02-26T22:11:10.674Z [ODDS]  Sportivo San Lorenzo: 8/1 → 15/2
2026-02-26T22:13:31.385Z [ODDS]  Sportivo San Lorenzo: 15/2 → 8/1
2026-02-26T22:13:33.189Z [ODDS]  Sportivo San Lorenzo: 8/1 → 17/2, Draw: 11/4 → 3/1, Rubio Nu: 4/9 → 2/5
2026-02-26T22:13:49.427Z [ODDS]  Sportivo San Lorenzo: 17/2 → 8/1, Draw: 3/1 → 11/4, Rubio Nu: 2/5 → 4/9
2026-02-26T22:14:01.151Z [ODDS]  Sportivo San Lorenzo: 8/1 → 17/2
2026-02-26T22:14:48.056Z [ODDS]  Sportivo San Lorenzo: 17/2 → 8/1
2026-02-26T22:14:57.983Z [ODDS]  Sportivo San Lorenzo: 8/1 → 15/2, Draw: 11/4 → 13/5, Rubio Nu: 4/9 → 1/2
2026-02-26T22:15:09.705Z [ODDS]  Sportivo San Lorenzo: 15/2 → 8/1, Rubio Nu: 1/2 → 4/9
2026-02-26T22:15:53.453Z [ODDS]  Sportivo San Lorenzo: 8/1 → 15/2, Rubio Nu: 4/9 → 1/2
2026-02-26T22:15:55.255Z [ODDS]  Sportivo San Lorenzo: 15/2 → 17/2, Draw: 13/5 → 11/4, Rubio Nu: 1/2 → 4/9
2026-02-26T22:27:20.351Z [ODDS]  Sportivo San Lorenzo: 17/2 → 9/1, Rubio Nu: 4/9 → 2/5
2026-02-26T22:27:32.127Z [ODDS]  Sportivo San Lorenzo: 9/1 → 17/2, Rubio Nu: 2/5 → 4/9
2026-02-26T22:30:26.611Z [ODDS]  Sportivo San Lorenzo: 17/2 → 9/1, Rubio Nu: 4/9 → 2/5
2026-02-26T22:30:36.533Z [ODDS]  Sportivo San Lorenzo: 9/1 → 17/2, Rubio Nu: 2/5 → 4/9
2026-02-26T22:32:14.404Z [ODDS]  Sportivo San Lorenzo: 17/2 → 8/1, Draw: 11/4 → 13/5
2026-02-26T22:32:14.854Z [ODDS]  Sportivo San Lorenzo: 8/1 → 17/2, Draw: 13/5 → 11/4
2026-02-26T22:32:22.977Z [ODDS]  Sportivo San Lorenzo: 17/2 → 8/1, Draw: 11/4 → 13/5
2026-02-26T22:32:31.090Z [ODDS]  Sportivo San Lorenzo: 8/1 → 17/2
2026-02-26T22:32:51.387Z [ODDS]  Draw: 13/5 → 11/4
2026-02-26T22:33:12.142Z [ODDS]  Sportivo San Lorenzo: 17/2 → 9/1
2026-02-26T22:33:40.095Z [ODDS]  Rubio Nu: 4/9 → 2/5
2026-02-26T22:33:40.997Z [ODDS]  Rubio Nu: 2/5 → 4/9
2026-02-26T22:34:04.175Z [ODDS]  Rubio Nu: 4/9 → 2/5
2026-02-26T22:34:12.293Z [ODDS]  Rubio Nu: 2/5 → 4/9
2026-02-26T22:34:15.901Z [ODDS]  Rubio Nu: 4/9 → 2/5
2026-02-26T22:34:30.857Z [ODDS]  Sportivo San Lorenzo: 9/1 → 10/1
2026-02-26T22:34:32.137Z [ODDS]  Sportivo San Lorenzo: 10/1 → 9/1
2026-02-26T22:35:13.184Z [ODDS]  Sportivo San Lorenzo: 9/1 → 10/1
2026-02-26T22:35:29.866Z [ODDS]  Draw: 11/4 → 3/1
2026-02-26T22:35:34.827Z [ODDS]  Draw: 3/1 → 11/4
2026-02-26T22:37:01.869Z [ODDS]  Sportivo San Lorenzo: 10/1 → 9/1, Rubio Nu: 2/5 → 4/9
2026-02-26T22:37:05.027Z [ODDS]  Sportivo San Lorenzo: 9/1 → 10/1, Rubio Nu: 4/9 → 2/5
2026-02-26T22:38:44.382Z [ODDS]  Sportivo San Lorenzo: 10/1 → 11/1, Rubio Nu: 2/5 → 4/11
2026-02-26T22:40:00.605Z [ODDS]  Sportivo San Lorenzo: 11/1 → 10/1, Rubio Nu: 4/11 → 2/5
2026-02-26T22:40:09.626Z [ODDS]  Sportivo San Lorenzo: 10/1 → 11/1, Draw: 11/4 → 3/1, Rubio Nu: 2/5 → 4/11
2026-02-26T22:40:10.979Z [ODDS]  Sportivo San Lorenzo: 11/1 → 10/1, Draw: 3/1 → 11/4, Rubio Nu: 4/11 → 2/5
2026-02-26T22:40:19.999Z [ODDS]  Sportivo San Lorenzo: 10/1 → 11/1
2026-02-26T22:40:38.038Z [ODDS]  Rubio Nu: 2/5 → 4/11
2026-02-26T22:41:05.596Z [ODDS]  Draw: 11/4 → 3/1
2026-02-26T22:41:28.554Z [ODDS]  Sportivo San Lorenzo: 11/1 → 12/1
2026-02-26T22:42:00.575Z [ODDS]  Rubio Nu: 4/11 → 1/3
2026-02-26T22:42:29.889Z [ODDS]  Sportivo San Lorenzo: 12/1 → 14/1
2026-02-26T22:43:13.185Z [ODDS]  Draw: 3/1 → 10/3, Rubio Nu: 1/3 → 3/10
2026-02-26T22:43:15.893Z [ODDS]  Draw: 10/3 → 3/1, Rubio Nu: 3/10 → 1/3
2026-02-26T22:43:34.385Z [ODDS]  Draw: 3/1 → 10/3, Rubio Nu: 1/3 → 3/10
2026-02-26T22:44:58.725Z [ODDS]  Rubio Nu: 3/10 → 2/7
2026-02-26T22:45:58.706Z [ODDS]  Sportivo San Lorenzo: 14/1 → 16/1
2026-02-26T22:48:18.516Z [ODDS]  Sportivo San Lorenzo: 16/1 → 18/1
2026-02-26T22:48:29.338Z [ODDS]  Sportivo San Lorenzo: 18/1 → 16/1
2026-02-26T22:48:39.711Z [ODDS]  Sportivo San Lorenzo: 16/1 → 18/1
2026-02-26T22:48:40.179Z [ODDS]  Draw: 10/3 → 7/2, Rubio Nu: 2/7 → 1/4
2026-02-26T22:48:41.966Z [ODDS]  Draw: 7/2 → 10/3, Rubio Nu: 1/4 → 2/7
2026-02-26T22:48:59.104Z [ODDS]  Rubio Nu: 2/7 → 1/4
2026-02-26T22:49:32.931Z [ODDS]  Rubio Nu: 1/4 → 2/7
2026-02-26T22:49:50.069Z [ODDS]  Rubio Nu: 2/7 → 1/4
2026-02-26T22:49:55.933Z [ODDS]  Rubio Nu: 1/4 → 2/7
2026-02-26T22:50:18.029Z [ODDS]  Sportivo San Lorenzo: 18/1 → 20/1
2026-02-26T22:51:34.251Z [ODDS]  Sportivo San Lorenzo: 20/1 → 18/1, Draw: 10/3 → 3/1, Rubio Nu: 2/7 → 3/10
2026-02-26T22:51:35.153Z [ODDS]  Sportivo San Lorenzo: 18/1 → 20/1, Draw: 3/1 → 10/3, Rubio Nu: 3/10 → 2/7
2026-02-26T22:51:57.252Z [ODDS]  Rubio Nu: 2/7 → 1/4
2026-02-26T22:52:43.705Z [ODDS]  Sportivo San Lorenzo: 20/1 → 22/1
2026-02-26T22:54:00.374Z [ODDS]  Sportivo San Lorenzo: 22/1 → 25/1
2026-02-26T22:54:16.612Z [ODDS]  Sportivo San Lorenzo: 25/1 → 22/1
2026-02-26T22:54:35.103Z [ODDS]  Sportivo San Lorenzo: 22/1 → 25/1
2026-02-26T22:55:08.477Z [ODDS]  Sportivo San Lorenzo: 25/1 → 50/1, Draw: 10/3 → 18/1, Rubio Nu: 1/4 → 1/40
2026-02-26T22:55:08.477Z [EVENT]  score: 2-0
2026-02-26T22:55:27.872Z [ODDS]  Sportivo San Lorenzo: 50/1 → 66/1, Draw: 18/1 → 20/1, Rubio Nu: 1/40 → 1/66
2026-02-26T22:55:36.890Z [ODDS]  Rubio Nu: 1/66 → 1/50
2026-02-26T22:55:37.792Z [ODDS]  Draw: 20/1 → 18/1
2026-02-26T22:56:54.462Z [ODDS]  Draw: 18/1 → 20/1
2026-02-26T22:57:18.365Z [ODDS]  Rubio Nu: 1/50 → 1/66
2026-02-26T22:58:35.489Z [ODDS]  Sportivo San Lorenzo: 66/1 → 80/1
2026-02-26T22:59:36.374Z [ODDS]  Draw: 20/1 → 22/1, Rubio Nu: 1/66 → 1/80
2026-02-26T23:02:07.460Z [ODDS]  Draw: 22/1 → 25/1, Rubio Nu: 1/80 → 1/100
2026-02-26T23:02:40.832Z [ODDS]  Sportivo San Lorenzo: 80/1 → 100/1
2026-02-26T23:03:36.756Z [ODDS]  Draw: 25/1 → 22/1, Rubio Nu: 1/100 → 1/80
2026-02-26T23:04:24.113Z [ODDS]  Draw: 22/1 → 25/1, Rubio Nu: 1/80 → 1/125
2026-02-26T23:04:26.367Z [ODDS]  Rubio Nu: 1/125 → 1/100
2026-02-26T23:04:34.485Z [ODDS]  Rubio Nu: 1/100 → 1/125
2026-02-26T23:05:05.153Z [ODDS]  Draw: 25/1 → 28/1, Rubio Nu: 1/125 → 1/150
2026-02-26T23:06:38.963Z [ODDS]  Sportivo San Lorenzo: 100/1 → 150/1
2026-02-26T23:06:43.925Z [ODDS]  Sportivo San Lorenzo: 150/1 → 250/1, Draw: 28/1 → 40/1
2026-02-26T23:06:54.297Z [ODDS]  Sportivo San Lorenzo: 250/1 → 125/1, Draw: 40/1 → 25/1, Rubio Nu: 1/150 → 1/125
2026-02-26T23:06:55.199Z [ODDS]  Sportivo San Lorenzo: 125/1 → 250/1, Draw: 25/1 → 40/1, Rubio Nu: 1/125 → 1/200
2026-02-26T23:07:10.084Z [ODDS]  Sportivo San Lorenzo: 250/1 → 300/1
2026-02-26T23:07:18.201Z [ODDS]  Sportivo San Lorenzo: 300/1 → 250/1, Rubio Nu: 1/200 → 1/150
2026-02-26T23:07:46.162Z [ODDS]  Sportivo San Lorenzo: 250/1 → 300/1, Rubio Nu: 1/150 → 1/200
2026-02-26T23:09:58.657Z [ODDS]  Rubio Nu: 1/200 → 1/250
2026-02-26T23:10:12.184Z [ODDS]  Sportivo San Lorenzo: 300/1 → 350/1, Rubio Nu: 1/250 → 1/200
2026-02-26T23:10:19.400Z [ODDS]  Sportivo San Lorenzo: 350/1 → 300/1, Rubio Nu: 1/200 → 1/250
2026-02-26T23:10:25.264Z [ODDS]  Sportivo San Lorenzo: 300/1 → 350/1
2026-02-26T23:11:04.507Z [ODDS]  Sportivo San Lorenzo: 350/1 → 400/1, Rubio Nu: 1/250 → 1/150
2026-02-26T23:11:09.917Z [ODDS]  Rubio Nu: 1/150 → 1/200
2026-02-26T23:11:15.331Z [ODDS]  Sportivo San Lorenzo: 400/1 → 350/1, Rubio Nu: 1/200 → 1/250
2026-02-26T23:12:13.515Z [ODDS]  Draw: 40/1 → 50/1, Rubio Nu: 1/250 → 1/500
2026-02-26T23:12:30.648Z [ODDS]  Sportivo San Lorenzo: 350/1 → 400/1
2026-02-26T23:14:08.068Z [ODDS]  Sportivo San Lorenzo: 400/1 → 450/1
