2026-02-27T00:08:23.908Z [ODDS]  Hungary (Inquisitor): 1/28 → 1/25
2026-02-27T00:08:44.194Z [ODDS]  Hungary (Inquisitor): 1/25 → 1/28
2026-02-27T00:08:45.997Z [ODDS]  Hungary (Inquisitor): 1/28 → 1/25
2026-02-27T00:08:46.449Z [ODDS]  Hungary (Inquisitor): 1/25 → 1/28
2026-02-27T00:09:20.724Z [ODDS]  Draw: 12/1 → 14/1, Hungary (Inquisitor): 1/28 → 1/33
2026-02-27T00:09:31.098Z [ODDS]  Sweden (GianniKid): 14/1 → 16/1
2026-02-27T00:09:41.020Z [ODDS]  Draw: 14/1 → 16/1, Hungary (Inquisitor): 1/33 → 1/40
2026-02-27T00:10:12.140Z [ODDS]  Sweden (GianniKid): 16/1 → 18/1, Draw: 16/1 → 18/1, Hungary (Inquisitor): 1/40 → 1/50
2026-02-27T00:10:32.436Z [ODDS]  Sweden (GianniKid): 18/1 → 20/1, Draw: 18/1 → 20/1, Hungary (Inquisitor): 1/50 → 1/66
2026-02-27T00:10:53.181Z [ODDS]  Sweden (GianniKid): 20/1 → 22/1, Draw: 20/1 → 22/1, Hungary (Inquisitor): 1/66 → 1/80
2026-02-27T00:11:03.160Z [ODDS]  Sweden (GianniKid): 22/1 → 25/1, Draw: 22/1 → 25/1, Hungary (Inquisitor): 1/80 → 1/100
2026-02-27T00:11:12.124Z [ODDS]  Sweden (GianniKid): 25/1 → 18/1, Draw: 25/1 → 10/1, Hungary (Inquisitor): 1/100 → 1/20
2026-02-27T00:11:12.124Z [EVENT]  score: 3-1
2026-02-27T00:11:32.869Z [ODDS]  Sweden (GianniKid): 18/1 → 20/1, Hungary (Inquisitor): 1/20 → 1/22
2026-02-27T00:11:43.248Z [ODDS]  Sweden (GianniKid): 20/1 → 22/1, Draw: 10/1 → 12/1, Hungary (Inquisitor): 1/22 → 1/25
2026-02-27T00:11:53.615Z [ODDS]  Sweden (GianniKid): 22/1 → 25/1, Draw: 12/1 → 14/1, Hungary (Inquisitor): 1/25 → 1/33
2026-02-27T00:12:03.537Z [ODDS]  Sweden (GianniKid): 25/1 → 28/1, Draw: 14/1 → 16/1, Hungary (Inquisitor): 1/33 → 1/40
2026-02-27T00:12:05.792Z [ODDS]  Sweden (GianniKid): 28/1 → 25/1
2026-02-27T00:12:07.596Z [ODDS]  Sweden (GianniKid): 25/1 → 16/1, Draw: 16/1 → 10/3, Hungary (Inquisitor): 1/40 → 1/5
2026-02-27T00:12:07.596Z [EVENT]  score: 3-2
2026-02-27T00:12:17.971Z [ODDS]  Sweden (GianniKid): 16/1 → 18/1
