2026-02-26T22:08:14.329Z [ODDS]  Sporting (hotShot): 7/2 → 15/4
2026-02-26T22:08:24.721Z [ODDS]  FC Porto (GianniKid): 1/2 → 4/9
2026-02-26T22:08:40.488Z [ODDS]  Sporting (hotShot): 15/4 → 4/1
2026-02-26T22:08:58.980Z [ODDS]  Draw: 7/2 → 10/3
2026-02-26T22:09:19.277Z [ODDS]  Sporting (hotShot): 4/1 → 9/2
2026-02-26T22:09:30.547Z [ODDS]  Sporting (hotShot): 9/2 → 7/4, Draw: 10/3 → 12/5, FC Porto (GianniKid): 4/9 → 6/5
2026-02-26T22:09:30.547Z [EVENT]  score: 1-1
2026-02-26T22:09:50.841Z [ODDS]  Draw: 12/5 → 9/4
2026-02-26T22:10:01.214Z [ODDS]  FC Porto (GianniKid): 6/5 → 5/4
2026-02-26T22:10:11.153Z [ODDS]  Sporting (hotShot): 7/4 → 15/8, Draw: 9/4 → 11/5
2026-02-26T22:10:21.544Z [ODDS]  Draw: 11/5 → 21/10, FC Porto (GianniKid): 5/4 → 13/10
2026-02-26T22:10:31.886Z [ODDS]  Draw: 21/10 → 2/1
2026-02-26T22:10:54.888Z [ODDS]  Draw: 2/1 → 21/10
2026-02-26T22:10:55.338Z [ODDS]  Draw: 21/10 → 2/1
2026-02-26T22:11:24.768Z [ODDS]  Draw: 2/1 → 15/8, FC Porto (GianniKid): 13/10 → 11/8
2026-02-26T22:11:34.130Z [ODDS]  Sporting (hotShot): 15/8 → 2/1
2026-02-26T22:11:38.186Z [ODDS]  Sporting (hotShot): 2/1 → 8/13, Draw: 15/8 → 5/2, FC Porto (GianniKid): 11/8 → 4/1
2026-02-26T22:11:38.186Z [EVENT]  score: 1-2
2026-02-26T22:11:53.969Z [ODDS]  Sporting (hotShot): 8/13 → 2/1, Draw: 5/2 → 7/4, FC Porto (GianniKid): 4/1 → 7/5
2026-02-26T22:11:53.969Z [EVENT]  score: 2-2
2026-02-26T22:12:24.642Z [ODDS]  Sporting (hotShot): 2/1 → 21/10, Draw: 7/4 → 13/8
2026-02-26T22:12:35.012Z [ODDS]  Draw: 13/8 → 8/5, FC Porto (GianniKid): 7/5 → 6/4
2026-02-26T22:12:45.384Z [ODDS]  Sporting (hotShot): 21/10 → 11/5, Draw: 8/5 → 6/4
2026-02-26T22:12:55.360Z [ODDS]  Sporting (hotShot): 11/5 → 9/4, Draw: 6/4 → 7/5, FC Porto (GianniKid): 6/4 → 8/5
2026-02-26T22:13:05.679Z [ODDS]  Draw: 7/5 → 13/10, FC Porto (GianniKid): 8/5 → 13/8
2026-02-26T22:13:16.052Z [ODDS]  Sporting (hotShot): 9/4 → 12/5, Draw: 13/10 → 6/5, FC Porto (GianniKid): 13/8 → 7/4
2026-02-26T22:13:26.427Z [ODDS]  Sporting (hotShot): 12/5 → 5/2, Draw: 6/5 → 11/10, FC Porto (GianniKid): 7/4 → 15/8
2026-02-26T22:13:36.350Z [ODDS]  Sporting (hotShot): 5/2 → 13/5, Draw: 11/10 → 1/1, FC Porto (GianniKid): 15/8 → 2/1
2026-02-26T22:13:46.719Z [ODDS]  Sporting (hotShot): 13/5 → 11/4, Draw: 1/1 → 10/11, FC Porto (GianniKid): 2/1 → 21/10
2026-02-26T22:13:57.093Z [ODDS]  Sporting (hotShot): 11/4 → 3/1, Draw: 10/11 → 4/5, FC Porto (GianniKid): 21/10 → 9/4
2026-02-26T22:14:07.467Z [ODDS]  Sporting (hotShot): 3/1 → 10/3, Draw: 4/5 → 8/11, FC Porto (GianniKid): 9/4 → 5/2
2026-02-26T22:14:17.390Z [ODDS]  Sporting (hotShot): 10/3 → 7/2, Draw: 8/11 → 8/13, FC Porto (GianniKid): 5/2 → 11/4
2026-02-26T22:14:22.912Z [ODDS]  Sporting (hotShot): 7/2 → 15/4, Draw: 8/13 → 4/7
