2026-02-27T02:08:49.695Z [ODDS]  Newcastle (CASTLE): 17/20 → 5/6
2026-02-27T02:09:07.735Z [ODDS]  Draw: 12/5 → 9/4, Tottenham (FAITH): 13/5 → 11/4
2026-02-27T02:09:10.892Z [ODDS]  Newcastle (CASTLE): 5/6 → 2/7, Draw: 9/4 → 4/1, Tottenham (FAITH): 11/4 → 13/2
2026-02-27T02:09:10.892Z [EVENT]  score: 0-1
2026-02-27T02:09:28.932Z [ODDS]  Newcastle (CASTLE): 2/7 → 1/4, Tottenham (FAITH): 13/2 → 7/1
2026-02-27T02:10:23.957Z [ODDS]  Draw: 4/1 → 15/4, Tottenham (FAITH): 7/1 → 15/2
2026-02-27T02:10:51.017Z [ODDS]  Newcastle (CASTLE): 1/4 → 20/21, Draw: 15/4 → 21/10, Tottenham (FAITH): 15/2 → 11/4
2026-02-27T02:10:51.017Z [EVENT]  score: 1-1
2026-02-27T02:11:10.410Z [ODDS]  Newcastle (CASTLE): 20/21 → 10/3, Draw: 21/10 → 12/5, Tottenham (FAITH): 11/4 → 8/11
2026-02-27T02:11:10.410Z [EVENT]  score: 2-1
2026-02-27T02:11:45.137Z [ODDS]  Newcastle (CASTLE): 10/3 → 7/2
2026-02-27T02:11:52.805Z [ODDS]  Tottenham (FAITH): 8/11 → 4/6
2026-02-27T02:12:00.020Z [ODDS]  Newcastle (CASTLE): 7/2 → 15/4, Draw: 12/5 → 9/4
2026-02-27T02:12:18.963Z [ODDS]  Newcastle (CASTLE): 15/4 → 4/1
2026-02-27T02:12:27.533Z [ODDS]  Tottenham (FAITH): 4/6 → 8/13
2026-02-27T02:12:42.414Z [ODDS]  Newcastle (CASTLE): 4/1 → 9/2
2026-02-27T02:12:46.924Z [ODDS]  Newcastle (CASTLE): 9/2 → 11/1, Draw: 9/4 → 6/1, Tottenham (FAITH): 8/13 → 1/9
2026-02-27T02:12:46.924Z [EVENT]  score: 3-1
2026-02-27T02:13:03.611Z [ODDS]  Newcastle (CASTLE): 11/1 → 12/1, Tottenham (FAITH): 1/9 → 1/10
2026-02-27T02:13:48.261Z [ODDS]  Newcastle (CASTLE): 12/1 → 18/1, Draw: 6/1 → 18/1, Tottenham (FAITH): 1/10 → 1/50
2026-02-27T02:13:48.261Z [EVENT]  score: 4-1
2026-02-27T02:14:07.653Z [ODDS]  Newcastle (CASTLE): 18/1 → 20/1, Draw: 18/1 → 20/1, Tottenham (FAITH): 1/50 → 1/66
2026-02-27T02:14:14.905Z [ODDS]  Newcastle (CASTLE): 20/1 → 25/1, Draw: 20/1 → 25/1, Tottenham (FAITH): 1/66 → 1/100
2026-02-27T02:14:39.228Z [ODDS]  Tottenham (FAITH): 1/100 → 1/125
2026-02-27T02:14:52.758Z [ODDS]  Newcastle (CASTLE): 25/1 → 28/1, Draw: 25/1 → 28/1, Tottenham (FAITH): 1/125 → 1/150
2026-02-27T02:15:13.504Z [ODDS]  Newcastle (CASTLE): 28/1 → 33/1, Draw: 28/1 → 33/1, Tottenham (FAITH): 1/150 → 1/200
2026-02-27T02:15:31.544Z [ODDS]  Newcastle (CASTLE): 33/1 → 40/1, Draw: 33/1 → 40/1, Tottenham (FAITH): 1/200 → 1/250
2026-02-27T02:15:56.350Z [ODDS]  Newcastle (CASTLE): 40/1 → 50/1, Draw: 40/1 → 50/1, Tottenham (FAITH): 1/250 → 1/500
2026-02-27T02:16:00.408Z [ODDS]  Newcastle (CASTLE): 50/1 → 22/1, Draw: 50/1 → 18/1, Tottenham (FAITH): 1/500 → 1/50
2026-02-27T02:16:06.723Z [ODDS]  Newcastle (CASTLE): 22/1 → 25/1
2026-02-27T02:16:07.174Z [ODDS]  Draw: 18/1 → 16/1, Tottenham (FAITH): 1/50 → 1/40
2026-02-27T02:16:07.174Z [EVENT]  score: 4-2
2026-02-27T02:16:15.291Z [ODDS]  Draw: 16/1 → 18/1, Tottenham (FAITH): 1/40 → 1/50
2026-02-27T02:16:31.979Z [ODDS]  Draw: 18/1 → 20/1, Tottenham (FAITH): 1/50 → 1/66
2026-02-27T02:16:41.449Z [ODDS]  Newcastle (CASTLE): 25/1 → 28/1
2026-02-27T02:16:45.959Z [ODDS]  Draw: 20/1 → 22/1, Tottenham (FAITH): 1/66 → 1/80
2026-02-27T02:16:57.234Z [ODDS]  Draw: 22/1 → 25/1, Tottenham (FAITH): 1/80 → 1/100
2026-02-27T02:17:07.607Z [ODDS]  Tottenham (FAITH): 1/100 → 1/125
2026-02-27T02:17:14.823Z [ODDS]  Newcastle (CASTLE): 28/1 → 33/1, Draw: 25/1 → 28/1, Tottenham (FAITH): 1/125 → 1/150
