2026-02-27T00:08:32.918Z [ODDS]  Academia Costa Del Este: 21/20 → 1/1, Draw: 7/4 → 15/8
2026-02-27T00:08:34.276Z [ODDS]  Academia Costa Del Este: 1/1 → 21/20, Draw: 15/8 → 7/4
2026-02-27T00:08:49.605Z [ODDS]  Draw: 7/4 → 15/8
2026-02-27T00:09:10.803Z [ODDS]  Draw: 15/8 → 7/4
2026-02-27T00:09:31.548Z [ODDS]  Academia Costa Del Este: 21/20 → 11/10
2026-02-27T00:09:46.435Z [ODDS]  Academia Costa Del Este: 11/10 → 21/20, Alianza FC Panama Reserves: 3/1 → 10/3
2026-02-27T00:10:55.436Z [ODDS]  Alianza FC Panama Reserves: 10/3 → 3/1
2026-02-27T00:11:12.124Z [ODDS]  Alianza FC Panama Reserves: 3/1 → 10/3
2026-02-27T00:11:43.248Z [ODDS]  Academia Costa Del Este: 21/20 → 11/10, Draw: 7/4 → 13/8
2026-02-27T00:11:48.203Z [ODDS]  Academia Costa Del Este: 11/10 → 21/20
2026-02-27T00:11:59.028Z [ODDS]  Academia Costa Del Este: 21/20 → 11/10
2026-02-27T00:12:41.422Z [ODDS]  Alianza FC Panama Reserves: 10/3 → 3/1
2026-02-27T00:13:25.190Z [ODDS]  Academia Costa Del Este: 11/10 → 6/5
2026-02-27T00:13:34.640Z [ODDS]  Draw: 13/8 → 8/5
2026-02-27T00:14:08.919Z [ODDS]  Academia Costa Del Este: 6/5 → 11/10, Alianza FC Panama Reserves: 3/1 → 10/3
2026-02-27T00:14:20.193Z [ODDS]  Draw: 8/5 → 6/4
2026-02-27T00:14:43.195Z [ODDS]  Academia Costa Del Este: 11/10 → 6/5
2026-02-27T00:17:03.456Z [ODDS]  Academia Costa Del Este: 6/5 → 5/4
2026-02-27T00:17:07.064Z [ODDS]  Academia Costa Del Este: 5/4 → 6/5, Draw: 6/4 → 7/5
2026-02-27T00:17:53.971Z [ODDS]  Alianza FC Panama Reserves: 10/3 → 7/2
2026-02-27T00:18:18.778Z [ODDS]  Academia Costa Del Este: 6/5 → 5/4
2026-02-27T00:18:29.147Z [ODDS]  Draw: 7/5 → 11/8
2026-02-27T00:18:31.404Z [ODDS]  Draw: 11/8 → 7/5, Alianza FC Panama Reserves: 7/2 → 10/3
2026-02-27T00:18:38.170Z [ODDS]  Draw: 7/5 → 11/8, Alianza FC Panama Reserves: 10/3 → 7/2
2026-02-27T00:18:54.855Z [ODDS]  Academia Costa Del Este: 5/4 → 13/10, Alianza FC Panama Reserves: 7/2 → 10/3
2026-02-27T00:19:21.013Z [ODDS]  Academia Costa Del Este: 13/10 → 5/4, Alianza FC Panama Reserves: 10/3 → 7/2
2026-02-27T00:19:34.994Z [ODDS]  Draw: 11/8 → 13/10
2026-02-27T00:19:53.939Z [ODDS]  Draw: 13/10 → 11/8
2026-02-27T00:19:58.897Z [ODDS]  Academia Costa Del Este: 5/4 → 13/10, Draw: 11/8 → 13/10
2026-02-27T00:20:16.505Z [ODDS]  Academia Costa Del Este: 13/10 → 5/4, Alianza FC Panama Reserves: 7/2 → 15/4
2026-02-27T00:20:40.409Z [ODDS]  Academia Costa Del Este: 5/4 → 13/10, Draw: 13/10 → 5/4
2026-02-27T00:22:49.377Z [ODDS]  Draw: 5/4 → 6/5
2026-02-27T00:23:56.125Z [ODDS]  Academia Costa Del Este: 13/10 → 11/8
2026-02-27T00:24:28.147Z [ODDS]  Alianza FC Panama Reserves: 15/4 → 4/1
2026-02-27T00:24:44.833Z [ODDS]  Academia Costa Del Este: 11/8 → 13/10
2026-02-27T00:25:19.560Z [ODDS]  Academia Costa Del Este: 13/10 → 11/8, Alianza FC Panama Reserves: 4/1 → 15/4
2026-02-27T00:25:42.110Z [ODDS]  Draw: 6/5 → 11/10, Alianza FC Panama Reserves: 15/4 → 4/1
2026-02-27T00:25:42.561Z [ODDS]  Academia Costa Del Este: 11/8 → 13/10, Draw: 11/10 → 6/5
2026-02-27T00:26:55.628Z [ODDS]  Draw: 6/5 → 11/10
2026-02-27T00:27:45.697Z [ODDS]  Academia Costa Del Este: 13/10 → 11/8, Alianza FC Panama Reserves: 4/1 → 9/2
2026-02-27T00:28:55.170Z [ODDS]  Academia Costa Del Este: 11/8 → 7/5, Alianza FC Panama Reserves: 9/2 → 4/1
2026-02-27T00:29:11.379Z [ODDS]  Draw: 11/10 → 21/20, Alianza FC Panama Reserves: 4/1 → 9/2
2026-02-27T00:29:28.996Z [ODDS]  Academia Costa Del Este: 7/5 → 11/8
2026-02-27T00:30:13.619Z [ODDS]  Academia Costa Del Este: 11/8 → 7/5
2026-02-27T00:30:17.224Z [ODDS]  Academia Costa Del Este: 7/5 → 11/8
2026-02-27T00:30:27.598Z [ODDS]  Draw: 21/20 → 1/1
2026-02-27T00:30:34.838Z [ODDS]  Academia Costa Del Este: 11/8 → 7/5
2026-02-27T00:30:36.681Z [ODDS]  Academia Costa Del Este: 7/5 → 11/8, Alianza FC Panama Reserves: 9/2 → 5/1
2026-02-27T00:30:51.502Z [ODDS]  Academia Costa Del Este: 11/8 → 7/5
2026-02-27T00:31:15.901Z [ODDS]  Academia Costa Del Este: 7/5 → 6/4, Alianza FC Panama Reserves: 5/1 → 9/2
2026-02-27T00:31:50.136Z [ODDS]  Draw: 1/1 → 20/21
2026-02-27T00:32:01.879Z [ODDS]  Alianza FC Panama Reserves: 9/2 → 5/1
2026-02-27T00:32:10.890Z [ODDS]  Alianza FC Panama Reserves: 5/1 → 9/2
2026-02-27T00:32:29.414Z [ODDS]  Academia Costa Del Este: 6/4 → 8/5
2026-02-27T00:32:46.526Z [ODDS]  Academia Costa Del Este: 8/5 → 13/8, Draw: 20/21 → 10/11
2026-02-27T00:33:42.028Z [ODDS]  Academia Costa Del Este: 13/8 → 7/4
2026-02-27T00:33:51.905Z [ODDS]  Draw: 10/11 → 5/6
2026-02-27T00:34:55.051Z [ODDS]  Academia Costa Del Este: 7/4 → 15/8
2026-02-27T00:35:04.521Z [ODDS]  Academia Costa Del Este: 15/8 → 7/4
2026-02-27T00:35:11.834Z [ODDS]  Academia Costa Del Este: 7/4 → 15/8
2026-02-27T00:35:24.839Z [ODDS]  Draw: 5/6 → 4/5
2026-02-27T00:36:41.537Z [ODDS]  Academia Costa Del Este: 15/8 → 2/1
2026-02-27T00:36:54.136Z [ODDS]  Academia Costa Del Este: 2/1 → 15/8, Draw: 4/5 → 8/11
2026-02-27T00:37:09.901Z [ODDS]  Academia Costa Del Este: 15/8 → 2/1
2026-02-27T00:37:42.824Z [ODDS]  Alianza FC Panama Reserves: 9/2 → 5/1
2026-02-27T00:38:08.990Z [ODDS]  Academia Costa Del Este: 2/1 → 21/10, Alianza FC Panama Reserves: 5/1 → 9/2
2026-02-27T00:38:30.700Z [ODDS]  Academia Costa Del Este: 21/10 → 2/1, Alianza FC Panama Reserves: 9/2 → 5/1
2026-02-27T00:38:50.563Z [ODDS]  Draw: 8/11 → 4/6
2026-02-27T00:38:57.835Z [ODDS]  Academia Costa Del Este: 2/1 → 21/10
2026-02-27T00:39:20.286Z [ODDS]  Academia Costa Del Este: 21/10 → 9/4, Alianza FC Panama Reserves: 5/1 → 9/2
2026-02-27T00:39:27.501Z [ODDS]  Draw: 4/6 → 8/13, Alianza FC Panama Reserves: 9/2 → 5/1
2026-02-27T00:40:37.061Z [ODDS]  Draw: 8/13 → 4/6, Alianza FC Panama Reserves: 5/1 → 9/2
2026-02-27T00:40:58.159Z [ODDS]  Academia Costa Del Este: 9/4 → 12/5, Draw: 4/6 → 8/13
2026-02-27T00:41:13.040Z [ODDS]  Draw: 8/13 → 4/7, Alianza FC Panama Reserves: 9/2 → 5/1
2026-02-27T00:41:25.220Z [ODDS]  Alianza FC Panama Reserves: 5/1 → 11/2
2026-02-27T00:41:43.258Z [ODDS]  Academia Costa Del Este: 12/5 → 5/2, Alianza FC Panama Reserves: 11/2 → 5/1
2026-02-27T00:42:21.143Z [ODDS]  Draw: 4/7 → 8/15
2026-02-27T00:42:21.592Z [ODDS]  Alianza FC Panama Reserves: 5/1 → 11/2
2026-02-27T00:42:39.183Z [ODDS]  Academia Costa Del Este: 5/2 → 13/5
2026-02-27T00:43:00.935Z [ODDS]  Draw: 8/15 → 1/2
2026-02-27T00:43:12.557Z [ODDS]  Academia Costa Del Este: 13/5 → 11/4
2026-02-27T00:43:22.479Z [ODDS]  Academia Costa Del Este: 11/4 → 13/5
2026-02-27T00:43:31.950Z [ODDS]  Academia Costa Del Este: 13/5 → 5/2, Alianza FC Panama Reserves: 11/2 → 6/1
2026-02-27T00:43:56.847Z [ODDS]  Academia Costa Del Este: 5/2 → 11/4, Draw: 1/2 → 4/9
2026-02-27T00:44:45.479Z [ODDS]  Academia Costa Del Este: 11/4 → 3/1
2026-02-27T00:44:46.370Z [ODDS]  Academia Costa Del Este: 3/1 → 11/4, Alianza FC Panama Reserves: 6/1 → 13/2
2026-02-27T00:44:56.342Z [ODDS]  Academia Costa Del Este: 11/4 → 3/1, Draw: 4/9 → 2/5
2026-02-27T00:45:02.180Z [ODDS]  Draw: 2/5 → 4/9
2026-02-27T00:45:04.022Z [ODDS]  Draw: 4/9 → 2/5
2026-02-27T00:45:06.276Z [ODDS]  Academia Costa Del Este: 3/1 → 11/4, Draw: 2/5 → 4/9
2026-02-27T00:45:12.527Z [ODDS]  Academia Costa Del Este: 11/4 → 3/1, Draw: 4/9 → 2/5
2026-02-27T00:46:10.257Z [ODDS]  Draw: 2/5 → 4/11
2026-02-27T00:46:18.836Z [ODDS]  Draw: 4/11 → 2/5, Alianza FC Panama Reserves: 13/2 → 7/1
2026-02-27T00:46:50.420Z [ODDS]  Draw: 2/5 → 4/11
2026-02-27T00:46:58.063Z [ODDS]  Academia Costa Del Este: 3/1 → 10/3, Draw: 4/11 → 1/3
2026-02-27T00:47:19.711Z [ODDS]  Academia Costa Del Este: 10/3 → 7/2, Alianza FC Panama Reserves: 7/1 → 15/2
2026-02-27T00:47:27.837Z [ODDS]  Alianza FC Panama Reserves: 15/2 → 13/2
2026-02-27T00:47:49.503Z [ODDS]  Academia Costa Del Este: 7/2 → 15/4, Alianza FC Panama Reserves: 13/2 → 7/1
2026-02-27T00:47:58.497Z [ODDS]  Draw: 1/3 → 2/7, Alianza FC Panama Reserves: 7/1 → 15/2
2026-02-27T00:48:16.537Z [ODDS]  Academia Costa Del Este: 15/4 → 7/2, Draw: 2/7 → 3/10, Alianza FC Panama Reserves: 15/2 → 8/1
2026-02-27T00:48:27.362Z [ODDS]  Draw: 3/10 → 2/7
2026-02-27T00:48:40.441Z [ODDS]  Academia Costa Del Este: 7/2 → 15/4
2026-02-27T00:48:45.401Z [ODDS]  Academia Costa Del Este: 15/4 → 4/1, Draw: 2/7 → 1/4
2026-02-27T00:49:11.124Z [ODDS]  Academia Costa Del Este: 4/1 → 9/2
2026-02-27T00:49:13.365Z [ODDS]  Draw: 1/4 → 2/9, Alianza FC Panama Reserves: 8/1 → 17/2
2026-02-27T00:49:43.582Z [ODDS]  Academia Costa Del Este: 9/2 → 5/1
2026-02-27T00:50:06.583Z [ODDS]  Draw: 2/9 → 1/5
2026-02-27T00:50:11.995Z [ODDS]  Draw: 1/5 → 2/11
2026-02-27T00:50:22.372Z [ODDS]  Academia Costa Del Este: 5/1 → 11/2, Alianza FC Panama Reserves: 17/2 → 9/1
2026-02-27T00:50:35.086Z [ODDS]  Academia Costa Del Este: 11/2 → 5/1, Draw: 2/11 → 1/5
2026-02-27T00:50:40.859Z [ODDS]  Draw: 1/5 → 2/11
2026-02-27T00:51:00.253Z [ODDS]  Draw: 2/11 → 1/6, Alianza FC Panama Reserves: 9/1 → 10/1
2026-02-27T00:51:07.018Z [ODDS]  Academia Costa Del Este: 5/1 → 11/2
2026-02-27T00:51:30.021Z [ODDS]  Academia Costa Del Este: 11/2 → 6/1, Draw: 1/6 → 1/7
2026-02-27T00:51:31.372Z [ODDS]  Alianza FC Panama Reserves: 10/1 → 11/1
2026-02-27T00:51:44.451Z [ODDS]  Draw: 1/7 → 1/8
2026-02-27T00:52:02.942Z [ODDS]  Academia Costa Del Este: 6/1 → 13/2
2026-02-27T00:52:05.302Z [ODDS]  Academia Costa Del Este: 13/2 → 7/1, Draw: 1/8 → 1/10
2026-02-27T00:52:26.845Z [ODDS]  Academia Costa Del Este: 7/1 → 15/2, Draw: 1/10 → 1/12, Alianza FC Panama Reserves: 11/1 → 12/1
2026-02-27T00:52:28.650Z [ODDS]  Academia Costa Del Este: 15/2 → 8/1, Draw: 1/12 → 1/10, Alianza FC Panama Reserves: 12/1 → 9/1
2026-02-27T00:52:33.614Z [ODDS]  Draw: 1/10 → 1/14, Alianza FC Panama Reserves: 9/1 → 12/1
2026-02-27T00:52:46.692Z [ODDS]  Academia Costa Del Este: 8/1 → 7/1, Draw: 1/14 → 1/12
2026-02-27T00:52:52.554Z [ODDS]  Academia Costa Del Este: 7/1 → 9/1, Draw: 1/12 → 1/16
2026-02-27T00:53:13.302Z [ODDS]  Draw: 1/16 → 1/18
2026-02-27T00:53:19.164Z [ODDS]  Alianza FC Panama Reserves: 12/1 → 14/1
2026-02-27T00:53:31.792Z [ODDS]  Academia Costa Del Este: 9/1 → 10/1, Draw: 1/18 → 1/20
2026-02-27T00:53:44.873Z [ODDS]  Draw: 1/20 → 1/22
2026-02-27T00:53:48.932Z [ODDS]  Academia Costa Del Este: 10/1 → 12/1, Draw: 1/22 → 1/25
2026-02-27T00:53:55.698Z [ODDS]  Academia Costa Del Este: 12/1 → 10/1, Draw: 1/25 → 1/20, Alianza FC Panama Reserves: 14/1 → 16/1
2026-02-27T00:54:02.914Z [ODDS]  Academia Costa Del Este: 10/1 → 12/1, Draw: 1/20 → 1/28, Alianza FC Panama Reserves: 16/1 → 14/1
2026-02-27T00:54:11.482Z [ODDS]  Academia Costa Del Este: 12/1 → 10/1, Draw: 1/28 → 1/22, Alianza FC Panama Reserves: 14/1 → 16/1
2026-02-27T00:54:29.974Z [ODDS]  Academia Costa Del Este: 10/1 → 12/1, Draw: 1/22 → 1/28, Alianza FC Panama Reserves: 16/1 → 18/1
