2026-02-27T00:08:40.618Z [ODDS]  Napoli (nekishka): 13/10 → 11/8
2026-02-27T00:08:50.959Z [ODDS]  Draw: 3/1 → 11/4, Bologna (volvo): 13/10 → 11/8
2026-02-27T00:08:51.885Z [ODDS]  Draw: 11/4 → 3/1
2026-02-27T00:08:53.724Z [ODDS]  Napoli (nekishka): 11/8 → 11/4, Draw: 3/1 → 10/3, Bologna (volvo): 11/8 → 8/13
2026-02-27T00:08:53.724Z [EVENT]  score: 1-0
2026-02-27T00:09:13.959Z [ODDS]  Napoli (nekishka): 11/4 → 3/1
2026-02-27T00:09:28.391Z [ODDS]  Napoli (nekishka): 3/1 → 13/2, Draw: 10/3 → 5/1, Bologna (volvo): 8/13 → 2/9
2026-02-27T00:09:28.391Z [EVENT]  score: 2-0
2026-02-27T00:09:49.137Z [ODDS]  Napoli (nekishka): 13/2 → 7/1
2026-02-27T00:09:59.059Z [ODDS]  Bologna (volvo): 2/9 → 1/5
2026-02-27T00:10:08.983Z [ODDS]  Napoli (nekishka): 7/1 → 12/1, Draw: 5/1 → 9/1, Bologna (volvo): 1/5 → 1/18
2026-02-27T00:10:08.983Z [EVENT]  score: 3-0
2026-02-27T00:10:29.729Z [ODDS]  Draw: 9/1 → 10/1, Bologna (volvo): 1/18 → 1/20
2026-02-27T00:11:01.299Z [ODDS]  Napoli (nekishka): 12/1 → 14/1, Bologna (volvo): 1/20 → 1/22
2026-02-27T00:11:11.672Z [ODDS]  Draw: 10/1 → 12/1, Bologna (volvo): 1/22 → 1/25
2026-02-27T00:11:31.967Z [ODDS]  Bologna (volvo): 1/25 → 1/28
2026-02-27T00:11:40.536Z [ODDS]  Napoli (nekishka): 14/1 → 10/1, Draw: 12/1 → 6/1, Bologna (volvo): 1/28 → 1/9
2026-02-27T00:11:40.536Z [EVENT]  score: 3-1
2026-02-27T00:12:01.287Z [ODDS]  Napoli (nekishka): 10/1 → 11/1
2026-02-27T00:12:03.988Z [ODDS]  Napoli (nekishka): 11/1 → 11/2, Draw: 6/1 → 11/4, Bologna (volvo): 1/9 → 4/9
2026-02-27T00:12:03.988Z [EVENT]  score: 3-2
2026-02-27T00:12:34.658Z [ODDS]  Napoli (nekishka): 11/2 → 6/1
2026-02-27T00:12:45.036Z [ODDS]  Napoli (nekishka): 6/1 → 13/2, Draw: 11/4 → 13/5
2026-02-27T00:12:54.952Z [ODDS]  Bologna (volvo): 4/9 → 2/5
2026-02-27T00:13:05.327Z [ODDS]  Napoli (nekishka): 13/2 → 7/1
2026-02-27T00:13:15.704Z [ODDS]  Napoli (nekishka): 7/1 → 15/2, Bologna (volvo): 2/5 → 4/11
2026-02-27T00:13:26.071Z [ODDS]  Napoli (nekishka): 15/2 → 17/2
2026-02-27T00:13:35.993Z [ODDS]  Napoli (nekishka): 17/2 → 9/1, Bologna (volvo): 4/11 → 1/3
2026-02-27T00:13:46.366Z [ODDS]  Napoli (nekishka): 9/1 → 11/1, Draw: 13/5 → 11/4, Bologna (volvo): 1/3 → 3/10
2026-02-27T00:13:56.739Z [ODDS]  Napoli (nekishka): 11/1 → 14/1, Bologna (volvo): 3/10 → 1/4
2026-02-27T00:14:03.505Z [ODDS]  Napoli (nekishka): 14/1 → 10/3, Draw: 11/4 → 4/7, Bologna (volvo): 1/4 → 3/1
2026-02-27T00:14:03.505Z [EVENT]  score: 3-3
