2026-02-27T01:08:24.196Z [ODDS]  Eintracht (Vendetta): 8/15 → 1/2
2026-02-27T01:08:44.036Z [ODDS]  Bayern (Lucas): 13/2 → 7/1
2026-02-27T01:08:53.958Z [ODDS]  Eintracht (Vendetta): 1/2 → 4/9
2026-02-27T01:09:01.626Z [ODDS]  Bayern (Lucas): 7/1 → 15/2
2026-02-27T01:09:16.961Z [ODDS]  Bayern (Lucas): 15/2 → 8/1
2026-02-27T01:09:18.314Z [ODDS]  Draw: 11/5 → 9/4
2026-02-27T01:09:27.785Z [ODDS]  Eintracht (Vendetta): 4/9 → 2/5
2026-02-27T01:09:35.005Z [ODDS]  Bayern (Lucas): 8/1 → 17/2
2026-02-27T01:09:47.179Z [ODDS]  Bayern (Lucas): 17/2 → 9/1
2026-02-27T01:09:54.846Z [ODDS]  Eintracht (Vendetta): 2/5 → 4/11
2026-02-27T01:09:57.553Z [ODDS]  Draw: 9/4 → 12/5
2026-02-27T01:10:08.825Z [ODDS]  Bayern (Lucas): 9/1 → 10/1
2026-02-27T01:10:11.984Z [ODDS]  Eintracht (Vendetta): 4/11 → 1/3
2026-02-27T01:10:23.260Z [ODDS]  Bayern (Lucas): 10/1 → 11/1, Draw: 12/5 → 5/2
2026-02-27T01:10:33.631Z [ODDS]  Bayern (Lucas): 11/1 → 12/1, Eintracht (Vendetta): 1/3 → 3/10
2026-02-27T01:10:37.239Z [ODDS]  Draw: 5/2 → 13/5
2026-02-27T01:10:40.396Z [ODDS]  Eintracht (Vendetta): 3/10 → 2/7
2026-02-27T01:10:49.867Z [ODDS]  Bayern (Lucas): 12/1 → 14/1
2026-02-27T01:10:52.573Z [ODDS]  Draw: 13/5 → 11/4, Eintracht (Vendetta): 2/7 → 1/4
2026-02-27T01:10:57.985Z [ODDS]  Bayern (Lucas): 14/1 → 16/1
2026-02-27T01:11:10.162Z [ODDS]  Bayern (Lucas): 16/1 → 18/1, Draw: 11/4 → 3/1, Eintracht (Vendetta): 1/4 → 2/9
2026-02-27T01:11:21.439Z [ODDS]  Bayern (Lucas): 18/1 → 20/1
2026-02-27T01:11:32.717Z [ODDS]  Bayern (Lucas): 20/1 → 22/1, Draw: 3/1 → 10/3, Eintracht (Vendetta): 2/9 → 1/5
2026-02-27T01:11:35.422Z [ODDS]  Bayern (Lucas): 22/1 → 25/1
2026-02-27T01:11:36.325Z [ODDS]  Bayern (Lucas): 25/1 → 22/1
2026-02-27T01:11:39.480Z [ODDS]  Bayern (Lucas): 22/1 → 25/1
2026-02-27T01:11:52.110Z [ODDS]  Bayern (Lucas): 25/1 → 28/1, Draw: 10/3 → 7/2, Eintracht (Vendetta): 1/5 → 2/11
2026-02-27T01:11:54.364Z [ODDS]  Draw: 7/2 → 15/4, Eintracht (Vendetta): 2/11 → 1/6
2026-02-27T01:12:01.581Z [ODDS]  Bayern (Lucas): 28/1 → 33/1, Draw: 15/4 → 4/1
2026-02-27T01:12:04.736Z [ODDS]  Draw: 4/1 → 9/2, Eintracht (Vendetta): 1/6 → 1/7
2026-02-27T01:12:16.014Z [ODDS]  Bayern (Lucas): 33/1 → 40/1, Draw: 9/2 → 5/1, Eintracht (Vendetta): 1/7 → 1/8
2026-02-27T01:12:17.815Z [ODDS]  Bayern (Lucas): 40/1 → 50/1
