2026-02-26T19:54:37.312Z [ODDS]  MS Shikun Hamizrah: 2/1 → 21/10
2026-02-26T19:55:08.887Z [ODDS]  MS Shikun Hamizrah: 21/10 → 2/1
2026-02-26T19:55:11.143Z [ODDS]  MS Shikun Hamizrah: 2/1 → 21/10
2026-02-26T19:55:19.264Z [ODDS]  Draw: 6/4 → 7/5
2026-02-26T19:55:24.217Z [ODDS]  MS Shikun Hamizrah: 21/10 → 11/5
2026-02-26T19:55:24.666Z [ODDS]  Draw: 7/5 → 6/4
2026-02-26T19:55:55.811Z [ODDS]  Ironi Beit Shemesh: 7/4 → 13/8
2026-02-26T19:56:08.898Z [ODDS]  Ironi Beit Shemesh: 13/8 → 7/4
2026-02-26T19:56:28.294Z [ODDS]  MS Shikun Hamizrah: 11/5 → 21/10
2026-02-26T19:56:45.884Z [ODDS]  Draw: 6/4 → 7/5
2026-02-26T19:57:46.769Z [ODDS]  Ironi Beit Shemesh: 7/4 → 15/8
2026-02-26T19:58:21.950Z [ODDS]  Draw: 7/5 → 11/8
2026-02-26T19:58:39.991Z [ODDS]  Draw: 11/8 → 7/5
2026-02-26T19:58:43.149Z [ODDS]  MS Shikun Hamizrah: 21/10 → 2/1
2026-02-26T19:58:43.613Z [ODDS]  MS Shikun Hamizrah: 2/1 → 21/10
2026-02-26T19:58:58.031Z [ODDS]  Ironi Beit Shemesh: 15/8 → 13/8, Draw: 7/5 → 11/8, MS Shikun Hamizrah: 21/10 → 5/2
2026-02-26T19:59:20.131Z [ODDS]  Ironi Beit Shemesh: 13/8 → 15/8, MS Shikun Hamizrah: 5/2 → 21/10
2026-02-26T19:59:33.661Z [ODDS]  Ironi Beit Shemesh: 15/8 → 2/1
2026-02-26T19:59:58.018Z [ODDS]  Draw: 11/8 → 13/10
2026-02-26T20:01:53.481Z [ODDS]  Draw: 13/10 → 5/4
2026-02-26T20:01:58.889Z [ODDS]  Draw: 5/4 → 13/10
2026-02-26T20:02:07.006Z [ODDS]  Draw: 13/10 → 5/4
2026-02-26T20:02:12.423Z [ODDS]  Ironi Beit Shemesh: 2/1 → 15/8, MS Shikun Hamizrah: 21/10 → 12/5
2026-02-26T20:02:16.930Z [ODDS]  Ironi Beit Shemesh: 15/8 → 7/4, Draw: 5/4 → 13/10
2026-02-26T20:02:17.828Z [ODDS]  Ironi Beit Shemesh: 7/4 → 15/8, Draw: 13/10 → 5/4
2026-02-26T20:02:28.200Z [ODDS]  Ironi Beit Shemesh: 15/8 → 2/1, MS Shikun Hamizrah: 12/5 → 11/5
2026-02-26T20:02:28.650Z [ODDS]  Draw: 5/4 → 13/10
2026-02-26T20:02:36.769Z [ODDS]  Draw: 13/10 → 5/4
2026-02-26T20:02:57.966Z [ODDS]  MS Shikun Hamizrah: 11/5 → 9/4
2026-02-26T20:03:14.656Z [ODDS]  Ironi Beit Shemesh: 2/1 → 15/8
2026-02-26T20:03:16.914Z [ODDS]  Ironi Beit Shemesh: 15/8 → 2/1
2026-02-26T20:03:34.051Z [ODDS]  Draw: 5/4 → 6/5
2026-02-26T20:03:47.129Z [ODDS]  Draw: 6/5 → 5/4
2026-02-26T20:03:48.045Z [ODDS]  Draw: 5/4 → 6/5
2026-02-26T20:04:20.505Z [ODDS]  MS Shikun Hamizrah: 9/4 → 12/5
2026-02-26T20:04:35.838Z [ODDS]  MS Shikun Hamizrah: 12/5 → 9/4
2026-02-26T20:04:36.285Z [ODDS]  MS Shikun Hamizrah: 9/4 → 12/5
2026-02-26T20:05:00.645Z [ODDS]  Ironi Beit Shemesh: 2/1 → 15/8
2026-02-26T20:05:49.798Z [ODDS]  MS Shikun Hamizrah: 12/5 → 5/2
2026-02-26T20:06:10.094Z [ODDS]  Ironi Beit Shemesh: 15/8 → 2/1
2026-02-26T20:06:22.731Z [ODDS]  Ironi Beit Shemesh: 2/1 → 15/8
2026-02-26T20:06:31.742Z [ODDS]  Draw: 6/5 → 11/10, MS Shikun Hamizrah: 5/2 → 13/5
2026-02-26T20:07:23.161Z [ODDS]  Ironi Beit Shemesh: 15/8 → 2/1
2026-02-26T20:07:49.770Z [ODDS]  Ironi Beit Shemesh: 2/1 → 15/8
2026-02-26T20:07:50.672Z [ODDS]  Ironi Beit Shemesh: 15/8 → 2/1
2026-02-26T20:08:23.750Z [ODDS]  Draw: 11/10 → 21/20
2026-02-26T20:08:26.905Z [ODDS]  Draw: 21/20 → 11/10
2026-02-26T20:08:38.633Z [ODDS]  Draw: 11/10 → 21/20
2026-02-26T20:08:53.516Z [ODDS]  Ironi Beit Shemesh: 2/1 → 21/10
2026-02-26T20:09:16.068Z [ODDS]  Ironi Beit Shemesh: 21/10 → 1/4, Draw: 21/20 → 7/2, MS Shikun Hamizrah: 13/5 → 10/1
2026-02-26T20:09:16.068Z [EVENT]  score: 1-2
2026-02-26T20:09:25.550Z [ODDS]  Ironi Beit Shemesh: 1/4 → 2/7, MS Shikun Hamizrah: 10/1 → 9/1
2026-02-26T20:10:14.247Z [ODDS]  Ironi Beit Shemesh: 2/7 → 3/10, Draw: 7/2 → 10/3, MS Shikun Hamizrah: 9/1 → 17/2
2026-02-26T20:10:32.735Z [ODDS]  MS Shikun Hamizrah: 17/2 → 9/1
2026-02-26T20:11:08.368Z [ODDS]  MS Shikun Hamizrah: 9/1 → 17/2
2026-02-26T20:12:08.353Z [ODDS]  MS Shikun Hamizrah: 17/2 → 9/1
2026-02-26T20:12:10.603Z [ODDS]  Ironi Beit Shemesh: 3/10 → 2/7
2026-02-26T20:12:51.646Z [ODDS]  MS Shikun Hamizrah: 9/1 → 10/1
2026-02-26T20:13:00.664Z [ODDS]  Ironi Beit Shemesh: 2/7 → 1/4, Draw: 10/3 → 7/2
2026-02-26T20:13:02.026Z [ODDS]  Ironi Beit Shemesh: 1/4 → 2/7, Draw: 7/2 → 10/3
2026-02-26T20:13:25.469Z [ODDS]  Draw: 10/3 → 7/2
2026-02-26T20:13:49.383Z [ODDS]  Ironi Beit Shemesh: 2/7 → 1/4
2026-02-26T20:13:56.140Z [ODDS]  Ironi Beit Shemesh: 1/4 → 2/7, Draw: 7/2 → 10/3
2026-02-26T20:14:53.422Z [ODDS]  Ironi Beit Shemesh: 2/7 → 1/4, Draw: 10/3 → 7/2
2026-02-26T20:15:18.673Z [ODDS]  Draw: 7/2 → 10/3
2026-02-26T20:15:44.382Z [ODDS]  Draw: 10/3 → 7/2
2026-02-26T20:17:00.611Z [ODDS]  MS Shikun Hamizrah: 10/1 → 11/1
2026-02-26T20:17:13.242Z [ODDS]  MS Shikun Hamizrah: 11/1 → 10/1
2026-02-26T20:17:29.023Z [ODDS]  MS Shikun Hamizrah: 10/1 → 11/1
2026-02-26T20:18:13.673Z [ODDS]  Ironi Beit Shemesh: 1/4 → 1/33, Draw: 7/2 → 14/1, MS Shikun Hamizrah: 11/1 → 28/1
2026-02-26T20:18:13.673Z [EVENT]  score: 1-3
2026-02-26T20:18:47.498Z [ODDS]  Ironi Beit Shemesh: 1/33 → 1/40, Draw: 14/1 → 16/1
2026-02-26T20:19:13.668Z [ODDS]  Ironi Beit Shemesh: 1/40 → 1/33, Draw: 16/1 → 14/1
2026-02-26T20:19:24.576Z [ODDS]  Ironi Beit Shemesh: 1/33 → 1/40, Draw: 14/1 → 16/1
2026-02-26T20:21:26.701Z [ODDS]  Ironi Beit Shemesh: 1/40 → 1/50, Draw: 16/1 → 18/1, MS Shikun Hamizrah: 28/1 → 33/1
2026-02-26T20:21:46.101Z [ODDS]  Ironi Beit Shemesh: 1/50 → 1/40, Draw: 18/1 → 16/1, MS Shikun Hamizrah: 33/1 → 28/1
2026-02-26T20:22:06.847Z [ODDS]  Ironi Beit Shemesh: 1/40 → 1/50, Draw: 16/1 → 18/1, MS Shikun Hamizrah: 28/1 → 33/1
2026-02-26T20:22:23.530Z [ODDS]  Ironi Beit Shemesh: 1/50 → 1/40, Draw: 18/1 → 16/1, MS Shikun Hamizrah: 33/1 → 28/1
2026-02-26T20:22:24.886Z [ODDS]  Ironi Beit Shemesh: 1/40 → 1/50, Draw: 16/1 → 18/1, MS Shikun Hamizrah: 28/1 → 33/1
2026-02-26T20:24:23.045Z [ODDS]  Ironi Beit Shemesh: 1/50 → 1/66, Draw: 18/1 → 20/1
2026-02-26T20:25:11.289Z [ODDS]  Ironi Beit Shemesh: 1/66 → 1/50, Draw: 20/1 → 18/1
2026-02-26T20:25:12.191Z [ODDS]  Ironi Beit Shemesh: 1/50 → 1/66, Draw: 18/1 → 20/1
2026-02-26T20:26:28.422Z [ODDS]  Ironi Beit Shemesh: 1/66 → 1/80, Draw: 20/1 → 22/1
2026-02-26T20:26:32.922Z [ODDS]  Ironi Beit Shemesh: 1/80 → 1/66, Draw: 22/1 → 20/1
2026-02-26T20:26:51.861Z [ODDS]  Ironi Beit Shemesh: 1/66 → 1/80, Draw: 20/1 → 22/1
2026-02-26T20:27:10.352Z [ODDS]  MS Shikun Hamizrah: 33/1 → 40/1
2026-02-26T20:27:13.968Z [ODDS]  MS Shikun Hamizrah: 40/1 → 33/1
2026-02-26T20:27:44.178Z [ODDS]  MS Shikun Hamizrah: 33/1 → 40/1
2026-02-26T20:29:41.436Z [ODDS]  Ironi Beit Shemesh: 1/80 → 1/100, Draw: 22/1 → 25/1
2026-02-26T20:31:26.525Z [ODDS]  Ironi Beit Shemesh: 1/100 → 1/125
2026-02-26T20:32:53.115Z [ODDS]  Ironi Beit Shemesh: 1/125 → 1/150, Draw: 25/1 → 28/1
2026-02-26T20:33:46.337Z [ODDS]  MS Shikun Hamizrah: 40/1 → 50/1
2026-02-26T20:33:58.993Z [ODDS]  MS Shikun Hamizrah: 50/1 → 66/1
2026-02-26T20:34:18.360Z [ODDS]  MS Shikun Hamizrah: 66/1 → 50/1
2026-02-26T20:34:31.893Z [ODDS]  Ironi Beit Shemesh: 1/150 → 1/200, Draw: 28/1 → 33/1, MS Shikun Hamizrah: 50/1 → 66/1
2026-02-26T20:35:49.486Z [ODDS]  MS Shikun Hamizrah: 66/1 → 80/1
2026-02-26T20:36:06.151Z [ODDS]  Ironi Beit Shemesh: 1/200 → 1/250, Draw: 33/1 → 40/1
2026-02-26T20:36:51.700Z [ODDS]  Ironi Beit Shemesh: 1/250 → 1/200, Draw: 40/1 → 33/1
2026-02-26T20:36:52.603Z [ODDS]  Ironi Beit Shemesh: 1/200 → 1/250, Draw: 33/1 → 40/1
2026-02-26T20:37:42.662Z [ODDS]  Ironi Beit Shemesh: 1/250 → 1/500, Draw: 40/1 → 50/1
