2026-02-26T20:50:26.481Z [ODDS]  Bayern (Vendetta): 13/5 → 11/4
2026-02-26T20:50:31.891Z [ODDS]  Draw: 15/8 → 7/4
2026-02-26T20:50:33.247Z [ODDS]  Inter (Furious): 21/20 → 11/10
2026-02-26T20:51:10.231Z [ODDS]  Draw: 7/4 → 13/8
2026-02-26T20:51:29.168Z [ODDS]  Draw: 13/8 → 8/5, Inter (Furious): 11/10 → 6/5
2026-02-26T20:51:38.645Z [ODDS]  Draw: 8/5 → 6/4
2026-02-26T20:51:48.110Z [ODDS]  Bayern (Vendetta): 11/4 → 3/1, Inter (Furious): 6/5 → 5/4
2026-02-26T20:52:35.930Z [ODDS]  Draw: 6/4 → 7/5
2026-02-26T20:52:46.301Z [ODDS]  Inter (Furious): 5/4 → 13/10
2026-02-26T20:52:56.224Z [ODDS]  Draw: 7/5 → 11/8
2026-02-26T20:53:07.501Z [ODDS]  Draw: 11/8 → 13/10
2026-02-26T20:53:08.851Z [ODDS]  Inter (Furious): 13/10 → 11/8
2026-02-26T20:53:28.245Z [ODDS]  Draw: 13/10 → 5/4, Inter (Furious): 11/8 → 7/5
2026-02-26T20:53:35.387Z [ODDS]  Draw: 5/4 → 6/5
2026-02-26T20:53:42.227Z [ODDS]  Inter (Furious): 7/5 → 6/4
2026-02-26T20:53:54.427Z [ODDS]  Draw: 6/5 → 11/10
2026-02-26T20:54:06.132Z [ODDS]  Bayern (Vendetta): 3/1 → 10/3
2026-02-26T20:54:12.894Z [ODDS]  Draw: 11/10 → 21/20, Inter (Furious): 6/4 → 8/5
2026-02-26T20:54:23.270Z [ODDS]  Inter (Furious): 8/5 → 13/8
2026-02-26T20:54:31.385Z [ODDS]  Draw: 21/20 → 1/1
2026-02-26T20:54:43.564Z [ODDS]  Draw: 1/1 → 20/21, Inter (Furious): 13/8 → 7/4
2026-02-26T20:55:02.964Z [ODDS]  Bayern (Vendetta): 10/3 → 7/2, Draw: 20/21 → 10/11
2026-02-26T20:55:09.728Z [ODDS]  Inter (Furious): 7/4 → 15/8
2026-02-26T20:55:14.690Z [ODDS]  Draw: 10/11 → 5/6
2026-02-26T20:55:22.363Z [ODDS]  Draw: 5/6 → 4/5
2026-02-26T20:55:23.257Z [ODDS]  Bayern (Vendetta): 7/2 → 15/4
2026-02-26T20:55:25.964Z [ODDS]  Inter (Furious): 15/8 → 2/1
2026-02-26T20:55:38.592Z [ODDS]  Draw: 4/5 → 8/11
2026-02-26T20:55:41.748Z [ODDS]  Inter (Furious): 2/1 → 21/10
2026-02-26T20:55:52.577Z [ODDS]  Bayern (Vendetta): 15/4 → 4/1, Draw: 8/11 → 4/6, Inter (Furious): 21/10 → 11/5
2026-02-26T20:56:01.597Z [ODDS]  Inter (Furious): 11/5 → 9/4
2026-02-26T20:56:02.047Z [ODDS]  Bayern (Vendetta): 4/1 → 22/1, Draw: 4/6 → 9/2, Inter (Furious): 9/4 → 1/7
2026-02-26T20:56:02.047Z [EVENT]  score: 1-0
2026-02-26T20:56:29.107Z [ODDS]  Bayern (Vendetta): 22/1 → 25/1
2026-02-26T20:56:44.894Z [ODDS]  Draw: 9/2 → 5/1, Inter (Furious): 1/7 → 1/8
2026-02-26T20:56:47.147Z [ODDS]  Draw: 5/1 → 9/2, Inter (Furious): 1/8 → 1/7
2026-02-26T20:56:50.305Z [ODDS]  Draw: 9/2 → 5/1, Inter (Furious): 1/7 → 1/8
2026-02-26T20:56:52.108Z [ODDS]  Bayern (Vendetta): 25/1 → 28/1
2026-02-26T20:57:06.090Z [ODDS]  Draw: 5/1 → 11/2, Inter (Furious): 1/8 → 1/9
2026-02-26T20:57:11.049Z [ODDS]  Bayern (Vendetta): 28/1 → 33/1
2026-02-26T20:57:20.070Z [ODDS]  Draw: 11/2 → 6/1, Inter (Furious): 1/9 → 1/10
2026-02-26T20:57:23.677Z [ODDS]  Bayern (Vendetta): 33/1 → 40/1
2026-02-26T20:57:32.247Z [ODDS]  Draw: 6/1 → 7/1, Inter (Furious): 1/10 → 1/12
2026-02-26T20:57:34.952Z [ODDS]  Bayern (Vendetta): 40/1 → 50/1
2026-02-26T20:57:46.680Z [EVENT]  score: 2-0
