2026-02-26T22:08:12.522Z [ODDS]  Guarani Asuncion: 20/21 → 1/1
2026-02-26T22:08:14.778Z [ODDS]  Draw: 11/5 → 21/10, Guarani Asuncion: 1/1 → 20/21
2026-02-26T22:08:39.157Z [ODDS]  Guarani Asuncion: 20/21 → 1/1
2026-02-26T22:09:55.353Z [ODDS]  Guarani Asuncion: 1/1 → 21/20
2026-02-26T22:10:03.018Z [ODDS]  Guarani Asuncion: 21/20 → 1/1
2026-02-26T22:10:07.985Z [ODDS]  Guarani Asuncion: 1/1 → 21/20
2026-02-26T22:10:27.375Z [ODDS]  Guarani Asuncion: 21/20 → 1/1
2026-02-26T22:11:39.086Z [ODDS]  Draw: 21/10 → 2/1
2026-02-26T22:14:48.056Z [ODDS]  Guarani Asuncion: 1/1 → 21/20
2026-02-26T22:15:16.020Z [ODDS]  Guarani Asuncion: 21/20 → 11/10
2026-02-26T22:15:21.433Z [ODDS]  Draw: 2/1 → 15/8
2026-02-26T22:15:47.610Z [ODDS]  Guarani Asuncion: 11/10 → 21/20
2026-02-26T22:15:51.650Z [ODDS]  Juventud De Las Piedras: 3/1 → 10/3
2026-02-26T22:15:54.804Z [ODDS]  Juventud De Las Piedras: 10/3 → 3/1, Draw: 15/8 → 2/1
2026-02-26T22:15:56.157Z [ODDS]  Juventud De Las Piedras: 3/1 → 10/3, Draw: 2/1 → 15/8
2026-02-26T22:16:25.923Z [ODDS]  Juventud De Las Piedras: 10/3 → 3/1, Guarani Asuncion: 21/20 → 11/10
2026-02-26T22:16:42.161Z [ODDS]  Juventud De Las Piedras: 3/1 → 10/3, Guarani Asuncion: 11/10 → 21/20
2026-02-26T22:17:08.339Z [ODDS]  Juventud De Las Piedras: 10/3 → 3/1, Guarani Asuncion: 21/20 → 11/10
2026-02-26T22:18:26.794Z [ODDS]  Juventud De Las Piedras: 3/1 → 10/3, Guarani Asuncion: 11/10 → 21/20
2026-02-26T22:19:06.483Z [ODDS]  Juventud De Las Piedras: 10/3 → 3/1, Guarani Asuncion: 21/20 → 11/10
2026-02-26T22:19:14.157Z [ODDS]  Juventud De Las Piedras: 3/1 → 10/3
2026-02-26T22:19:21.367Z [ODDS]  Guarani Asuncion: 11/10 → 1/1
2026-02-26T22:19:27.683Z [ODDS]  Guarani Asuncion: 1/1 → 21/20
2026-02-26T22:19:57.454Z [ODDS]  Guarani Asuncion: 21/20 → 11/10
2026-02-26T22:20:19.558Z [ODDS]  Draw: 15/8 → 7/4
2026-02-26T22:20:32.643Z [ODDS]  Draw: 7/4 → 15/8
2026-02-26T22:20:35.352Z [ODDS]  Guarani Asuncion: 11/10 → 21/20
2026-02-26T22:20:37.587Z [ODDS]  Draw: 15/8 → 7/4, Guarani Asuncion: 21/20 → 11/10
2026-02-26T22:22:20.884Z [ODDS]  Juventud De Las Piedras: 10/3 → 7/2, Guarani Asuncion: 11/10 → 21/20
2026-02-26T22:26:21.328Z [ODDS]  Guarani Asuncion: 21/20 → 11/10
2026-02-26T22:26:37.537Z [ODDS]  Guarani Asuncion: 11/10 → 21/20
2026-02-26T22:26:59.147Z [ODDS]  Guarani Asuncion: 21/20 → 11/10
2026-02-26T22:27:05.463Z [ODDS]  Guarani Asuncion: 11/10 → 21/20
2026-02-26T22:27:20.826Z [ODDS]  Guarani Asuncion: 21/20 → 11/10
2026-02-26T22:27:51.928Z [ODDS]  Draw: 7/4 → 13/8
2026-02-26T22:27:54.644Z [ODDS]  Draw: 13/8 → 7/4
2026-02-26T22:28:01.846Z [ODDS]  Draw: 7/4 → 13/8
2026-02-26T22:28:03.195Z [ODDS]  Draw: 13/8 → 7/4
2026-02-26T22:28:22.586Z [ODDS]  Draw: 7/4 → 13/8
2026-02-26T22:28:23.954Z [ODDS]  Draw: 13/8 → 7/4
2026-02-26T22:28:42.436Z [ODDS]  Juventud De Las Piedras: 7/2 → 15/4, Draw: 7/4 → 13/8
2026-02-26T22:29:09.944Z [ODDS]  Juventud De Las Piedras: 15/4 → 7/2
2026-02-26T22:30:18.043Z [ODDS]  Juventud De Las Piedras: 7/2 → 15/4, Draw: 13/8 → 8/5
2026-02-26T22:30:34.731Z [ODDS]  Juventud De Las Piedras: 15/4 → 7/2, Guarani Asuncion: 11/10 → 6/5
2026-02-26T22:30:59.084Z [ODDS]  Draw: 8/5 → 13/8
2026-02-26T22:31:00.437Z [ODDS]  Draw: 13/8 → 8/5
2026-02-26T22:31:07.202Z [ODDS]  Draw: 8/5 → 13/8
2026-02-26T22:31:09.910Z [ODDS]  Draw: 13/8 → 8/5
2026-02-26T22:31:24.343Z [ODDS]  Juventud De Las Piedras: 7/2 → 15/4, Guarani Asuncion: 6/5 → 11/10
2026-02-26T22:31:41.489Z [ODDS]  Juventud De Las Piedras: 15/4 → 7/2, Guarani Asuncion: 11/10 → 6/5
2026-02-26T22:32:00.878Z [ODDS]  Juventud De Las Piedras: 7/2 → 15/4, Guarani Asuncion: 6/5 → 11/10
2026-02-26T22:32:26.581Z [ODDS]  Draw: 8/5 → 13/8
2026-02-26T22:32:38.759Z [ODDS]  Juventud De Las Piedras: 15/4 → 7/2, Draw: 13/8 → 8/5, Guarani Asuncion: 11/10 → 6/5
2026-02-26T22:32:46.427Z [ODDS]  Juventud De Las Piedras: 7/2 → 15/4, Draw: 8/5 → 6/4
2026-02-26T22:32:54.997Z [ODDS]  Guarani Asuncion: 6/5 → 11/10
2026-02-26T22:33:05.818Z [ODDS]  Juventud De Las Piedras: 15/4 → 7/2, Draw: 6/4 → 8/5, Guarani Asuncion: 11/10 → 6/5
2026-02-26T22:33:11.681Z [ODDS]  Juventud De Las Piedras: 7/2 → 15/4
2026-02-26T22:33:23.411Z [ODDS]  Draw: 8/5 → 6/4
2026-02-26T23:07:50.242Z [EVENT]  score: 0-1
2026-02-26T23:14:02.203Z [EVENT]  score: 1-1
2026-02-26T23:51:22.709Z [EVENT]  score: 1-2
