2026-02-26T20:08:38.633Z [ODDS]  PSG (REALIST): 7/4 → 15/8
2026-02-26T20:08:57.122Z [ODDS]  Draw: 13/5 → 5/2
2026-02-26T20:09:20.576Z [ODDS]  Draw: 5/2 → 12/5
2026-02-26T20:09:44.044Z [ODDS]  Draw: 12/5 → 9/4, Man City (CASTLE): 11/10 → 6/5
2026-02-26T20:10:04.323Z [ODDS]  Draw: 9/4 → 11/5
2026-02-26T20:10:12.000Z [ODDS]  PSG (REALIST): 15/8 → 2/1
2026-02-26T20:10:17.403Z [ODDS]  Draw: 11/5 → 21/10
2026-02-26T20:10:31.833Z [ODDS]  Man City (CASTLE): 6/5 → 5/4
2026-02-26T20:10:37.247Z [ODDS]  PSG (REALIST): 2/1 → 4/6, Draw: 21/10 → 11/4, Man City (CASTLE): 5/4 → 10/3
2026-02-26T20:10:37.247Z [EVENT]  score: 0-1
2026-02-26T20:11:00.247Z [ODDS]  PSG (REALIST): 4/6 → 8/13
2026-02-26T20:11:14.680Z [ODDS]  Man City (CASTLE): 10/3 → 7/2
2026-02-26T20:11:33.169Z [ODDS]  Draw: 11/4 → 13/5, Man City (CASTLE): 7/2 → 15/4
2026-02-26T20:11:48.955Z [ODDS]  PSG (REALIST): 8/13 → 4/7
2026-02-26T20:11:50.310Z [ODDS]  Man City (CASTLE): 15/4 → 4/1
2026-02-26T20:12:40.823Z [ODDS]  Draw: 13/5 → 5/2, Man City (CASTLE): 4/1 → 9/2
2026-02-26T20:12:51.646Z [ODDS]  PSG (REALIST): 4/7 → 8/15
2026-02-26T20:13:00.213Z [ODDS]  Man City (CASTLE): 9/2 → 5/1
2026-02-26T20:13:53.883Z [ODDS]  PSG (REALIST): 8/15 → 1/2
2026-02-26T20:14:04.259Z [ODDS]  Man City (CASTLE): 5/1 → 11/2
2026-02-26T20:14:17.786Z [ODDS]  Man City (CASTLE): 11/2 → 6/1
2026-02-26T20:14:25.914Z [ODDS]  PSG (REALIST): 1/2 → 4/9
2026-02-26T20:14:37.180Z [ODDS]  Man City (CASTLE): 6/1 → 13/2
2026-02-26T20:15:10.138Z [ODDS]  Man City (CASTLE): 13/2 → 7/1
2026-02-26T20:15:21.831Z [ODDS]  PSG (REALIST): 4/9 → 2/5
2026-02-26T20:15:36.712Z [ODDS]  PSG (REALIST): 2/5 → 4/11, Man City (CASTLE): 7/1 → 8/1
2026-02-26T20:15:45.282Z [ODDS]  Draw: 5/2 → 13/5
2026-02-26T20:15:54.759Z [ODDS]  PSG (REALIST): 4/11 → 1/3, Man City (CASTLE): 8/1 → 17/2
2026-02-26T20:16:02.878Z [ODDS]  Draw: 13/5 → 11/4, Man City (CASTLE): 17/2 → 9/1
2026-02-26T20:16:12.814Z [ODDS]  PSG (REALIST): 1/3 → 3/10, Man City (CASTLE): 9/1 → 10/1
2026-02-26T20:16:16.856Z [ODDS]  PSG (REALIST): 3/10 → 2/7
2026-02-26T20:16:24.075Z [ODDS]  Draw: 11/4 → 3/1, Man City (CASTLE): 10/1 → 11/1
2026-02-26T20:16:31.293Z [ODDS]  PSG (REALIST): 2/7 → 1/4, Man City (CASTLE): 11/1 → 12/1
2026-02-26T20:16:40.774Z [ODDS]  PSG (REALIST): 1/4 → 2/9, Man City (CASTLE): 12/1 → 14/1
2026-02-26T20:16:48.882Z [ODDS]  PSG (REALIST): 2/9 → 1/5, Draw: 3/1 → 10/3, Man City (CASTLE): 14/1 → 16/1
2026-02-26T20:16:59.258Z [ODDS]  PSG (REALIST): 1/5 → 2/11, Draw: 10/3 → 7/2, Man City (CASTLE): 16/1 → 18/1
2026-02-26T20:17:04.216Z [ODDS]  PSG (REALIST): 2/11 → 1/6, Draw: 7/2 → 15/4, Man City (CASTLE): 18/1 → 20/1
