2026-02-26T22:08:19.311Z [ODDS]  France (Grellz): 9/5 → 15/8, Draw: 23/10 → 12/5
2026-02-26T22:08:40.041Z [ODDS]  Draw: 12/5 → 9/4
2026-02-26T22:09:21.073Z [ODDS]  Draw: 9/4 → 11/5, Spain (Nightxx): 6/5 → 5/4
2026-02-26T22:09:48.586Z [ODDS]  Draw: 11/5 → 21/10
2026-02-26T22:09:58.509Z [ODDS]  Spain (Nightxx): 5/4 → 13/10
2026-02-26T22:10:10.690Z [ODDS]  France (Grellz): 15/8 → 5/6, Draw: 21/10 → 12/5, Spain (Nightxx): 13/10 → 11/4
2026-02-26T22:10:10.690Z [EVENT]  score: 0-1
2026-02-26T22:10:21.071Z [ODDS]  France (Grellz): 5/6 → 4/5
2026-02-26T22:10:41.808Z [ODDS]  Spain (Nightxx): 11/4 → 3/1
2026-02-26T22:10:55.338Z [ODDS]  France (Grellz): 4/5 → 8/11
2026-02-26T22:11:11.574Z [ODDS]  France (Grellz): 8/11 → 2/7, Draw: 12/5 → 4/1, Spain (Nightxx): 3/1 → 13/2
2026-02-26T22:11:11.574Z [EVENT]  score: 0-2
2026-02-26T22:11:31.875Z [ODDS]  France (Grellz): 2/7 → 1/4, Spain (Nightxx): 13/2 → 7/1
2026-02-26T22:11:52.177Z [ODDS]  France (Grellz): 1/4 → 2/9, Spain (Nightxx): 7/1 → 15/2
2026-02-26T22:12:02.543Z [ODDS]  Draw: 4/1 → 9/2
2026-02-26T22:12:05.696Z [ODDS]  France (Grellz): 2/9 → 4/6, Draw: 9/2 → 12/5, Spain (Nightxx): 15/2 → 15/4
2026-02-26T22:12:05.696Z [EVENT]  score: 1-2
2026-02-26T22:12:31.402Z [ODDS]  Spain (Nightxx): 15/4 → 4/1
2026-02-26T22:12:42.676Z [ODDS]  France (Grellz): 4/6 → 8/13
2026-02-26T22:13:02.974Z [ODDS]  France (Grellz): 8/13 → 4/6
2026-02-26T22:13:13.346Z [ODDS]  France (Grellz): 4/6 → 8/13, Draw: 12/5 → 9/4
2026-02-26T22:13:23.274Z [ODDS]  Spain (Nightxx): 4/1 → 9/2
2026-02-26T22:13:44.042Z [ODDS]  France (Grellz): 8/13 → 4/7, Spain (Nightxx): 9/2 → 5/1
2026-02-26T22:13:54.393Z [ODDS]  Draw: 9/4 → 11/5
2026-02-26T22:14:04.312Z [ODDS]  Spain (Nightxx): 5/1 → 11/2
2026-02-26T22:14:14.685Z [ODDS]  France (Grellz): 4/7 → 8/15, Spain (Nightxx): 11/2 → 6/1
2026-02-26T22:14:25.078Z [ODDS]  Draw: 11/5 → 21/10
2026-02-26T22:14:34.977Z [ODDS]  France (Grellz): 8/15 → 1/2, Spain (Nightxx): 6/1 → 13/2
2026-02-26T22:14:45.354Z [ODDS]  Spain (Nightxx): 13/2 → 7/1
2026-02-26T22:14:54.821Z [ODDS]  France (Grellz): 1/2 → 4/9, Spain (Nightxx): 7/1 → 15/2
2026-02-26T22:14:56.625Z [ODDS]  France (Grellz): 4/9 → 1/16, Draw: 21/10 → 9/1, Spain (Nightxx): 15/2 → 18/1
2026-02-26T22:14:56.625Z [EVENT]  score: 1-3
2026-02-26T22:15:07.000Z [ODDS]  Spain (Nightxx): 18/1 → 20/1
2026-02-26T22:15:17.371Z [ODDS]  France (Grellz): 1/16 → 1/20, Draw: 9/1 → 10/1, Spain (Nightxx): 20/1 → 22/1
2026-02-26T22:15:27.302Z [ODDS]  France (Grellz): 1/20 → 1/25, Draw: 10/1 → 12/1, Spain (Nightxx): 22/1 → 25/1
2026-02-26T22:15:44.899Z [ODDS]  France (Grellz): 1/25 → 1/250, Draw: 12/1 → 40/1, Spain (Nightxx): 25/1 → 40/1
2026-02-26T22:15:44.899Z [EVENT]  score: 1-4
2026-02-26T22:15:55.255Z [ODDS]  France (Grellz): 1/250 → 1/500, Draw: 40/1 → 50/1, Spain (Nightxx): 40/1 → 50/1
