2026-02-26T19:54:44.079Z [ODDS]  Draw: 8/1 → 17/2, Crystal Palace: 1/10 → 1/11
2026-02-26T19:56:08.898Z [ODDS]  Crystal Palace: 1/11 → 1/10
2026-02-26T19:56:29.195Z [ODDS]  Draw: 17/2 → 8/1
2026-02-26T20:02:25.955Z [ODDS]  Zrinjski Mostar: 20/1 → 22/1, Crystal Palace: 1/10 → 1/9
2026-02-26T20:02:28.650Z [ODDS]  Draw: 8/1 → 15/2
2026-02-26T20:02:35.423Z [ODDS]  Zrinjski Mostar: 22/1 → 20/1, Draw: 15/2 → 8/1, Crystal Palace: 1/9 → 1/10
2026-02-26T20:02:38.138Z [ODDS]  Zrinjski Mostar: 20/1 → 22/1, Draw: 8/1 → 15/2, Crystal Palace: 1/10 → 1/9
2026-02-26T20:04:27.721Z [ODDS]  Zrinjski Mostar: 22/1 → 25/1, Crystal Palace: 1/9 → 1/10
2026-02-26T20:04:34.486Z [ODDS]  Zrinjski Mostar: 25/1 → 22/1, Crystal Palace: 1/10 → 1/9
2026-02-26T20:04:41.697Z [ODDS]  Draw: 15/2 → 7/1
2026-02-26T20:05:17.329Z [ODDS]  Crystal Palace: 1/9 → 1/8
2026-02-26T20:05:45.295Z [ODDS]  Zrinjski Mostar: 22/1 → 20/1
2026-02-26T20:05:52.955Z [ODDS]  Zrinjski Mostar: 20/1 → 22/1
2026-02-26T20:05:57.018Z [ODDS]  Zrinjski Mostar: 22/1 → 20/1
2026-02-26T20:06:10.545Z [ODDS]  Zrinjski Mostar: 20/1 → 22/1
2026-02-26T20:07:21.811Z [ODDS]  Draw: 7/1 → 13/2
2026-02-26T20:07:24.514Z [ODDS]  Draw: 13/2 → 7/1, Crystal Palace: 1/8 → 1/9
2026-02-26T20:08:25.106Z [ODDS]  Crystal Palace: 1/9 → 1/8
2026-02-26T20:08:30.066Z [ODDS]  Crystal Palace: 1/8 → 1/9
2026-02-26T20:08:46.299Z [ODDS]  Crystal Palace: 1/9 → 1/8
2026-02-26T20:08:51.712Z [ODDS]  Crystal Palace: 1/8 → 1/9
2026-02-26T20:09:33.654Z [ODDS]  Zrinjski Mostar: 22/1 → 25/1
2026-02-26T20:09:47.184Z [ODDS]  Zrinjski Mostar: 25/1 → 22/1, Draw: 7/1 → 13/2
2026-02-26T20:09:55.760Z [ODDS]  Crystal Palace: 1/9 → 1/8
2026-02-26T20:11:51.212Z [ODDS]  Zrinjski Mostar: 22/1 → 25/1
2026-02-26T20:11:54.821Z [ODDS]  Zrinjski Mostar: 25/1 → 22/1
2026-02-26T20:12:02.944Z [ODDS]  Draw: 13/2 → 6/1
2026-02-26T20:12:06.092Z [ODDS]  Crystal Palace: 1/8 → 1/7
2026-02-26T20:12:07.901Z [ODDS]  Zrinjski Mostar: 22/1 → 20/1
2026-02-26T20:12:58.860Z [ODDS]  Zrinjski Mostar: 20/1 → 22/1
2026-02-26T20:13:00.664Z [ODDS]  Zrinjski Mostar: 22/1 → 20/1
2026-02-26T20:13:16.903Z [ODDS]  Draw: 6/1 → 11/2
2026-02-26T20:13:37.648Z [ODDS]  Crystal Palace: 1/7 → 1/6
2026-02-26T20:13:44.413Z [ODDS]  Zrinjski Mostar: 20/1 → 22/1, Crystal Palace: 1/6 → 1/7
2026-02-26T20:15:39.869Z [ODDS]  Draw: 11/2 → 6/1
2026-02-26T20:15:59.273Z [ODDS]  Zrinjski Mostar: 22/1 → 25/1
2026-02-26T20:16:15.961Z [ODDS]  Crystal Palace: 1/7 → 1/8
2026-02-26T20:16:29.944Z [ODDS]  Crystal Palace: 1/8 → 1/7
2026-02-26T20:17:29.023Z [ODDS]  Draw: 6/1 → 11/2
2026-02-26T20:21:28.972Z [ODDS]  Zrinjski Mostar: 25/1 → 28/1
2026-02-26T20:22:02.334Z [ODDS]  Zrinjski Mostar: 28/1 → 25/1, Draw: 11/2 → 5/1, Crystal Palace: 1/7 → 1/6
2026-02-26T20:22:07.295Z [ODDS]  Zrinjski Mostar: 25/1 → 28/1, Draw: 5/1 → 11/2, Crystal Palace: 1/6 → 1/7
2026-02-26T20:22:10.010Z [ODDS]  Draw: 11/2 → 5/1
2026-02-26T20:22:25.334Z [ODDS]  Crystal Palace: 1/7 → 1/6
2026-02-26T20:22:38.475Z [ODDS]  Crystal Palace: 1/6 → 1/7
2026-02-26T20:22:54.199Z [ODDS]  Zrinjski Mostar: 28/1 → 25/1, Crystal Palace: 1/7 → 1/6
2026-02-26T20:23:02.320Z [ODDS]  Zrinjski Mostar: 25/1 → 28/1
2026-02-26T20:23:34.792Z [ODDS]  Zrinjski Mostar: 28/1 → 25/1
2026-02-26T20:23:37.047Z [ODDS]  Zrinjski Mostar: 25/1 → 28/1, Crystal Palace: 1/6 → 1/7
2026-02-26T20:23:57.789Z [ODDS]  Crystal Palace: 1/7 → 1/6
2026-02-26T20:24:00.495Z [ODDS]  Zrinjski Mostar: 28/1 → 25/1
2026-02-26T20:24:09.967Z [ODDS]  Zrinjski Mostar: 25/1 → 22/1, Crystal Palace: 1/6 → 2/11
2026-02-26T20:24:19.438Z [ODDS]  Draw: 5/1 → 9/2
2026-02-26T20:24:28.007Z [ODDS]  Draw: 9/2 → 5/1
2026-02-26T20:24:32.969Z [ODDS]  Crystal Palace: 2/11 → 1/6
2026-02-26T20:24:40.189Z [ODDS]  Draw: 5/1 → 9/2, Crystal Palace: 1/6 → 2/11
2026-02-26T20:25:52.777Z [ODDS]  Crystal Palace: 2/11 → 1/5
2026-02-26T20:26:04.952Z [ODDS]  Zrinjski Mostar: 22/1 → 20/1
2026-02-26T20:26:15.779Z [ODDS]  Zrinjski Mostar: 20/1 → 22/1
2026-02-26T20:26:19.394Z [ODDS]  Zrinjski Mostar: 22/1 → 20/1
2026-02-26T20:26:25.704Z [ODDS]  Draw: 9/2 → 4/1, Crystal Palace: 1/5 → 2/9
2026-02-26T20:26:30.664Z [ODDS]  Draw: 4/1 → 9/2, Crystal Palace: 2/9 → 1/5
2026-02-26T20:26:34.722Z [ODDS]  Zrinjski Mostar: 20/1 → 18/1, Draw: 9/2 → 4/1, Crystal Palace: 1/5 → 2/9
2026-02-26T20:27:25.690Z [ODDS]  Zrinjski Mostar: 18/1 → 20/1
2026-02-26T20:27:47.784Z [ODDS]  Zrinjski Mostar: 20/1 → 18/1
2026-02-26T20:27:51.394Z [ODDS]  Zrinjski Mostar: 18/1 → 20/1
2026-02-26T20:28:53.649Z [ODDS]  Zrinjski Mostar: 20/1 → 18/1
2026-02-26T20:28:57.242Z [ODDS]  Zrinjski Mostar: 18/1 → 20/1
2026-02-26T20:29:13.478Z [ODDS]  Zrinjski Mostar: 20/1 → 18/1
2026-02-26T20:29:26.556Z [ODDS]  Zrinjski Mostar: 18/1 → 20/1
2026-02-26T20:29:49.561Z [ODDS]  Zrinjski Mostar: 20/1 → 22/1, Draw: 4/1 → 9/2, Crystal Palace: 2/9 → 1/5
2026-02-26T20:29:55.871Z [ODDS]  Draw: 9/2 → 4/1
2026-02-26T20:30:32.855Z [ODDS]  Zrinjski Mostar: 22/1 → 25/1, Draw: 4/1 → 9/2
2026-02-26T20:30:56.307Z [ODDS]  Zrinjski Mostar: 25/1 → 22/1, Draw: 9/2 → 4/1
2026-02-26T20:31:04.877Z [ODDS]  Zrinjski Mostar: 22/1 → 25/1
2026-02-26T20:32:06.673Z [ODDS]  Zrinjski Mostar: 25/1 → 22/1
2026-02-26T20:32:38.233Z [ODDS]  Zrinjski Mostar: 22/1 → 25/1
2026-02-26T20:32:54.468Z [ODDS]  Zrinjski Mostar: 25/1 → 28/1
2026-02-26T20:32:57.176Z [ODDS]  Zrinjski Mostar: 28/1 → 25/1
2026-02-26T20:33:14.320Z [ODDS]  Zrinjski Mostar: 25/1 → 22/1, Crystal Palace: 1/5 → 2/9
2026-02-26T20:33:29.199Z [ODDS]  Zrinjski Mostar: 22/1 → 25/1, Crystal Palace: 2/9 → 1/5
2026-02-26T20:33:32.811Z [ODDS]  Zrinjski Mostar: 25/1 → 22/1, Crystal Palace: 1/5 → 2/9
2026-02-26T20:34:02.138Z [ODDS]  Draw: 4/1 → 15/4
2026-02-26T20:35:23.302Z [ODDS]  Draw: 15/4 → 4/1
2026-02-26T20:35:39.990Z [ODDS]  Draw: 4/1 → 15/4
2026-02-26T20:36:13.819Z [ODDS]  Crystal Palace: 2/9 → 1/4
2026-02-26T20:36:16.077Z [ODDS]  Zrinjski Mostar: 22/1 → 50/1, Draw: 15/4 → 12/1, Crystal Palace: 1/4 → 1/25
2026-02-26T20:36:16.077Z [EVENT]  score: 1-0
2026-02-26T20:37:06.596Z [ODDS]  Draw: 12/1 → 14/1, Crystal Palace: 1/25 → 1/28
2026-02-26T20:37:14.700Z [ODDS]  Zrinjski Mostar: 50/1 → 66/1, Crystal Palace: 1/28 → 1/33
2026-02-26T20:37:23.270Z [ODDS]  Zrinjski Mostar: 66/1 → 50/1, Crystal Palace: 1/33 → 1/28
2026-02-26T20:37:26.877Z [ODDS]  Draw: 14/1 → 12/1
2026-02-26T20:37:31.396Z [ODDS]  Draw: 12/1 → 14/1
2026-02-26T20:37:38.603Z [ODDS]  Draw: 14/1 → 12/1
2026-02-26T20:37:39.956Z [ODDS]  Zrinjski Mostar: 50/1 → 66/1, Draw: 12/1 → 14/1, Crystal Palace: 1/28 → 1/33
2026-02-26T20:37:50.333Z [ODDS]  Zrinjski Mostar: 66/1 → 50/1, Draw: 14/1 → 12/1, Crystal Palace: 1/33 → 1/28
2026-02-26T20:39:50.461Z [ODDS]  Crystal Palace: 1/28 → 1/25
2026-02-26T20:39:58.564Z [ODDS]  Crystal Palace: 1/25 → 1/28
2026-02-26T20:40:33.741Z [ODDS]  Zrinjski Mostar: 50/1 → 66/1
2026-02-26T20:40:35.099Z [ODDS]  Zrinjski Mostar: 66/1 → 50/1
2026-02-26T20:40:45.021Z [ODDS]  Crystal Palace: 1/28 → 1/25
2026-02-26T20:40:49.976Z [ODDS]  Crystal Palace: 1/25 → 1/28
2026-02-26T20:40:51.329Z [ODDS]  Crystal Palace: 1/28 → 1/25
2026-02-26T20:41:00.360Z [ODDS]  Crystal Palace: 1/25 → 1/28
2026-02-26T20:41:21.555Z [ODDS]  Crystal Palace: 1/28 → 1/25
2026-02-26T20:41:22.901Z [ODDS]  Crystal Palace: 1/25 → 1/28
2026-02-26T20:41:30.115Z [ODDS]  Zrinjski Mostar: 50/1 → 66/1
2026-02-26T20:41:33.723Z [ODDS]  Zrinjski Mostar: 66/1 → 50/1, Crystal Palace: 1/28 → 1/25
2026-02-26T20:41:36.885Z [ODDS]  Crystal Palace: 1/25 → 1/28
2026-02-26T20:41:40.943Z [ODDS]  Crystal Palace: 1/28 → 1/25
2026-02-26T20:42:58.514Z [ODDS]  Zrinjski Mostar: 50/1 → 66/1, Crystal Palace: 1/25 → 1/28
2026-02-26T20:43:03.935Z [ODDS]  Zrinjski Mostar: 66/1 → 50/1, Crystal Palace: 1/28 → 1/25
2026-02-26T20:45:39.521Z [ODDS]  Zrinjski Mostar: 50/1 → 66/1
2026-02-26T20:45:46.738Z [ODDS]  Crystal Palace: 1/25 → 1/28
2026-02-26T20:45:59.819Z [ODDS]  Crystal Palace: 1/28 → 1/25
2026-02-26T21:02:53.371Z [ODDS]  Zrinjski Mostar: 66/1 → 50/1
2026-02-26T21:03:02.878Z [ODDS]  Zrinjski Mostar: 50/1 → 66/1
2026-02-26T21:04:45.707Z [ODDS]  Crystal Palace: 1/25 → 1/28
2026-02-26T21:04:56.040Z [ODDS]  Crystal Palace: 1/28 → 1/25
2026-02-26T21:05:17.696Z [ODDS]  Zrinjski Mostar: 66/1 → 50/1
2026-02-26T21:05:25.814Z [ODDS]  Zrinjski Mostar: 50/1 → 66/1
2026-02-26T21:06:59.622Z [ODDS]  Crystal Palace: 1/25 → 1/28
2026-02-26T21:07:15.491Z [ODDS]  Crystal Palace: 1/28 → 1/25
2026-02-26T21:07:32.541Z [ODDS]  Crystal Palace: 1/25 → 1/28
2026-02-26T21:07:36.604Z [ODDS]  Crystal Palace: 1/28 → 1/25
2026-02-26T21:07:49.678Z [ODDS]  Zrinjski Mostar: 66/1 → 80/1, Draw: 12/1 → 14/1, Crystal Palace: 1/25 → 1/33
2026-02-26T21:08:12.982Z [ODDS]  Draw: 14/1 → 12/1, Crystal Palace: 1/33 → 1/28
2026-02-26T21:08:24.258Z [ODDS]  Draw: 12/1 → 14/1, Crystal Palace: 1/28 → 1/33
2026-02-26T21:09:06.655Z [ODDS]  Draw: 14/1 → 12/1, Crystal Palace: 1/33 → 1/28
2026-02-26T21:09:15.686Z [ODDS]  Draw: 12/1 → 14/1, Crystal Palace: 1/28 → 1/33
2026-02-26T21:09:38.221Z [ODDS]  Draw: 14/1 → 12/1, Crystal Palace: 1/33 → 1/28
2026-02-26T21:09:41.830Z [ODDS]  Draw: 12/1 → 14/1, Crystal Palace: 1/28 → 1/33
2026-02-26T21:10:18.376Z [ODDS]  Draw: 14/1 → 12/1, Crystal Palace: 1/33 → 1/28
2026-02-26T21:10:21.069Z [ODDS]  Draw: 12/1 → 14/1, Crystal Palace: 1/28 → 1/33
2026-02-26T21:10:25.128Z [ODDS]  Draw: 14/1 → 12/1, Crystal Palace: 1/33 → 1/28
2026-02-26T21:10:37.755Z [ODDS]  Crystal Palace: 1/28 → 1/25
2026-02-26T21:10:39.256Z [ODDS]  Crystal Palace: 1/25 → 1/28
2026-02-26T21:11:02.569Z [ODDS]  Crystal Palace: 1/28 → 1/25
2026-02-26T21:11:35.946Z [ODDS]  Zrinjski Mostar: 80/1 → 66/1
2026-02-26T21:12:49.521Z [ODDS]  Zrinjski Mostar: 66/1 → 80/1
2026-02-26T21:13:56.275Z [ODDS]  Crystal Palace: 1/25 → 1/28
2026-02-26T21:14:01.159Z [ODDS]  Crystal Palace: 1/28 → 1/25
2026-02-26T21:15:24.150Z [ODDS]  Crystal Palace: 1/25 → 1/28
2026-02-26T21:15:38.593Z [ODDS]  Crystal Palace: 1/28 → 1/25
2026-02-26T21:15:56.172Z [ODDS]  Crystal Palace: 1/25 → 1/28
2026-02-26T21:16:20.071Z [ODDS]  Crystal Palace: 1/28 → 1/25
2026-02-26T21:16:54.350Z [ODDS]  Crystal Palace: 1/25 → 1/28
2026-02-26T21:16:57.057Z [ODDS]  Zrinjski Mostar: 80/1 → 100/1
2026-02-26T21:17:07.904Z [ODDS]  Zrinjski Mostar: 100/1 → 80/1
2026-02-26T21:17:12.841Z [ODDS]  Crystal Palace: 1/28 → 1/25
2026-02-26T21:17:26.371Z [ODDS]  Zrinjski Mostar: 80/1 → 100/1, Crystal Palace: 1/25 → 1/28
2026-02-26T21:17:48.016Z [ODDS]  Draw: 12/1 → 14/1, Crystal Palace: 1/28 → 1/33
2026-02-26T21:17:59.290Z [ODDS]  Draw: 14/1 → 12/1, Crystal Palace: 1/33 → 1/28
2026-02-26T21:18:30.431Z [ODDS]  Draw: 12/1 → 14/1, Crystal Palace: 1/28 → 1/33
2026-02-26T21:18:52.059Z [ODDS]  Draw: 14/1 → 12/1, Crystal Palace: 1/33 → 1/28
2026-02-26T21:19:07.844Z [ODDS]  Draw: 12/1 → 14/1, Crystal Palace: 1/28 → 1/33
2026-02-26T21:19:27.689Z [ODDS]  Draw: 14/1 → 12/1, Crystal Palace: 1/33 → 1/28
2026-02-26T21:19:29.040Z [ODDS]  Draw: 12/1 → 14/1, Crystal Palace: 1/28 → 1/33
2026-02-26T21:19:35.820Z [ODDS]  Draw: 14/1 → 12/1, Crystal Palace: 1/33 → 1/28
2026-02-26T21:19:53.399Z [ODDS]  Draw: 12/1 → 14/1, Crystal Palace: 1/28 → 1/33
2026-02-26T21:20:54.772Z [ODDS]  Zrinjski Mostar: 100/1 → 125/1
2026-02-26T21:21:13.677Z [ODDS]  Zrinjski Mostar: 125/1 → 100/1, Draw: 14/1 → 12/1, Crystal Palace: 1/33 → 1/28
2026-02-26T21:21:22.249Z [ODDS]  Zrinjski Mostar: 100/1 → 125/1, Draw: 12/1 → 14/1, Crystal Palace: 1/28 → 1/33
2026-02-26T21:21:52.915Z [ODDS]  Zrinjski Mostar: 125/1 → 150/1, Draw: 14/1 → 16/1, Crystal Palace: 1/33 → 1/40
2026-02-26T21:23:58.314Z [ODDS]  Draw: 16/1 → 14/1, Crystal Palace: 1/40 → 1/33
2026-02-26T21:24:05.075Z [ODDS]  Draw: 14/1 → 16/1, Crystal Palace: 1/33 → 1/40
2026-02-26T21:24:38.449Z [ODDS]  Draw: 16/1 → 14/1, Crystal Palace: 1/40 → 1/33
2026-02-26T21:24:48.373Z [ODDS]  Draw: 14/1 → 16/1, Crystal Palace: 1/33 → 1/40
2026-02-26T21:26:00.563Z [ODDS]  Zrinjski Mostar: 150/1 → 200/1
2026-02-26T21:26:10.009Z [ODDS]  Zrinjski Mostar: 200/1 → 150/1
2026-02-26T21:26:14.522Z [ODDS]  Zrinjski Mostar: 150/1 → 200/1
2026-02-26T21:26:37.987Z [ODDS]  Zrinjski Mostar: 200/1 → 150/1
2026-02-26T21:26:43.832Z [ODDS]  Zrinjski Mostar: 150/1 → 200/1
2026-02-26T21:26:51.949Z [ODDS]  Zrinjski Mostar: 200/1 → 150/1
2026-02-26T21:26:53.830Z [ODDS]  Zrinjski Mostar: 150/1 → 200/1
2026-02-26T21:27:04.576Z [ODDS]  Zrinjski Mostar: 200/1 → 150/1
2026-02-26T21:27:30.735Z [ODDS]  Draw: 16/1 → 14/1, Crystal Palace: 1/40 → 1/33
2026-02-26T21:28:03.209Z [ODDS]  Zrinjski Mostar: 150/1 → 200/1, Draw: 14/1 → 16/1, Crystal Palace: 1/33 → 1/40
2026-02-26T21:28:08.620Z [ODDS]  Zrinjski Mostar: 200/1 → 150/1, Draw: 16/1 → 14/1, Crystal Palace: 1/40 → 1/33
2026-02-26T21:28:14.031Z [ODDS]  Draw: 14/1 → 12/1, Crystal Palace: 1/33 → 1/25
2026-02-26T21:28:18.089Z [ODDS]  Crystal Palace: 1/25 → 1/28
2026-02-26T21:28:26.659Z [ODDS]  Zrinjski Mostar: 150/1 → 125/1, Crystal Palace: 1/28 → 1/25
2026-02-26T21:28:36.582Z [ODDS]  Zrinjski Mostar: 125/1 → 150/1
2026-02-26T21:28:37.935Z [ODDS]  Crystal Palace: 1/25 → 1/28
2026-02-26T21:28:54.176Z [ODDS]  Zrinjski Mostar: 150/1 → 125/1, Crystal Palace: 1/28 → 1/25
2026-02-26T21:29:02.288Z [ODDS]  Zrinjski Mostar: 125/1 → 150/1
2026-02-26T21:29:20.782Z [ODDS]  Zrinjski Mostar: 150/1 → 125/1
2026-02-26T21:29:35.249Z [ODDS]  Draw: 12/1 → 10/1, Crystal Palace: 1/25 → 1/20
2026-02-26T21:29:38.368Z [ODDS]  Draw: 10/1 → 12/1, Crystal Palace: 1/20 → 1/25
2026-02-26T21:29:55.549Z [ODDS]  Draw: 12/1 → 10/1, Crystal Palace: 1/25 → 1/20
2026-02-26T21:29:57.786Z [ODDS]  Zrinjski Mostar: 125/1 → 100/1
2026-02-26T21:30:32.489Z [ODDS]  Zrinjski Mostar: 100/1 → 125/1
2026-02-26T21:30:41.059Z [ODDS]  Zrinjski Mostar: 125/1 → 150/1, Draw: 10/1 → 12/1, Crystal Palace: 1/20 → 1/25
2026-02-26T21:30:51.886Z [ODDS]  Zrinjski Mostar: 150/1 → 125/1
2026-02-26T21:30:59.550Z [ODDS]  Draw: 12/1 → 10/1, Crystal Palace: 1/25 → 1/20
2026-02-26T21:31:09.022Z [ODDS]  Zrinjski Mostar: 125/1 → 150/1, Draw: 10/1 → 12/1, Crystal Palace: 1/20 → 1/25
2026-02-26T21:31:54.186Z [ODDS]  Zrinjski Mostar: 150/1 → 200/1, Draw: 12/1 → 14/1, Crystal Palace: 1/25 → 1/33
2026-02-26T21:32:24.803Z [ODDS]  Zrinjski Mostar: 200/1 → 250/1
2026-02-26T21:32:36.071Z [ODDS]  Zrinjski Mostar: 250/1 → 200/1
2026-02-26T21:32:39.224Z [ODDS]  Draw: 14/1 → 12/1, Crystal Palace: 1/33 → 1/28
2026-02-26T21:32:55.034Z [ODDS]  Zrinjski Mostar: 200/1 → 150/1, Crystal Palace: 1/28 → 1/25
2026-02-26T21:33:01.775Z [ODDS]  Zrinjski Mostar: 150/1 → 200/1, Crystal Palace: 1/25 → 1/28
2026-02-26T21:33:53.192Z [ODDS]  Draw: 12/1 → 14/1, Crystal Palace: 1/28 → 1/33
2026-02-26T21:33:57.253Z [ODDS]  Draw: 14/1 → 12/1, Crystal Palace: 1/33 → 1/28
2026-02-26T21:34:06.300Z [ODDS]  Draw: 12/1 → 14/1, Crystal Palace: 1/28 → 1/33
2026-02-26T21:34:14.840Z [ODDS]  Draw: 14/1 → 12/1, Crystal Palace: 1/33 → 1/28
2026-02-26T21:34:37.841Z [ODDS]  Draw: 12/1 → 14/1, Crystal Palace: 1/28 → 1/33
2026-02-26T21:34:41.002Z [ODDS]  Zrinjski Mostar: 200/1 → 250/1
2026-02-26T21:34:49.576Z [ODDS]  Zrinjski Mostar: 250/1 → 200/1
2026-02-26T21:34:54.535Z [ODDS]  Draw: 14/1 → 12/1, Crystal Palace: 1/33 → 1/28
2026-02-26T21:35:02.646Z [ODDS]  Draw: 12/1 → 14/1, Crystal Palace: 1/28 → 1/33
2026-02-26T21:35:06.257Z [ODDS]  Zrinjski Mostar: 200/1 → 250/1
2026-02-26T21:35:17.077Z [ODDS]  Zrinjski Mostar: 250/1 → 200/1
2026-02-26T21:35:18.884Z [ODDS]  Zrinjski Mostar: 200/1 → 250/1
2026-02-26T21:35:26.577Z [ODDS]  Draw: 14/1 → 16/1, Crystal Palace: 1/33 → 1/40
2026-02-26T21:35:33.767Z [ODDS]  Zrinjski Mostar: 250/1 → 300/1
2026-02-26T21:36:28.342Z [ODDS]  Zrinjski Mostar: 300/1 → 350/1
2026-02-26T21:36:30.593Z [ODDS]  Zrinjski Mostar: 350/1 → 300/1
2026-02-26T21:36:35.553Z [ODDS]  Zrinjski Mostar: 300/1 → 250/1, Draw: 16/1 → 14/1, Crystal Palace: 1/40 → 1/33
2026-02-26T21:36:38.721Z [ODDS]  Zrinjski Mostar: 250/1 → 300/1, Draw: 14/1 → 16/1, Crystal Palace: 1/33 → 1/40
2026-02-26T21:36:59.033Z [ODDS]  Zrinjski Mostar: 300/1 → 400/1, Draw: 16/1 → 18/1, Crystal Palace: 1/40 → 1/50
2026-02-26T21:37:06.682Z [ODDS]  Zrinjski Mostar: 400/1 → 350/1, Draw: 18/1 → 16/1, Crystal Palace: 1/50 → 1/40
2026-02-26T21:37:20.203Z [ODDS]  Zrinjski Mostar: 350/1 → 300/1
2026-02-26T21:37:31.479Z [ODDS]  Zrinjski Mostar: 300/1 → 400/1, Draw: 16/1 → 18/1, Crystal Palace: 1/40 → 1/50
2026-02-26T21:37:59.902Z [ODDS]  Zrinjski Mostar: 400/1 → 300/1, Draw: 18/1 → 16/1, Crystal Palace: 1/50 → 1/40
2026-02-26T21:38:01.263Z [ODDS]  Zrinjski Mostar: 300/1 → 400/1, Draw: 16/1 → 18/1, Crystal Palace: 1/40 → 1/50
2026-02-26T21:38:05.305Z [ODDS]  Zrinjski Mostar: 400/1 → 450/1
2026-02-26T21:38:14.643Z [ODDS]  Zrinjski Mostar: 450/1 → 400/1
2026-02-26T21:38:23.658Z [ODDS]  Zrinjski Mostar: 400/1 → 350/1, Draw: 18/1 → 16/1, Crystal Palace: 1/50 → 1/40
2026-02-26T21:38:38.118Z [ODDS]  Zrinjski Mostar: 350/1 → 300/1
2026-02-26T21:38:42.601Z [ODDS]  Zrinjski Mostar: 300/1 → 350/1
2026-02-26T21:39:24.546Z [ODDS]  Zrinjski Mostar: 350/1 → 400/1
2026-02-26T21:39:26.347Z [ODDS]  Zrinjski Mostar: 400/1 → 450/1, Draw: 16/1 → 18/1, Crystal Palace: 1/40 → 1/50
2026-02-26T21:39:29.505Z [ODDS]  Zrinjski Mostar: 450/1 → 400/1, Draw: 18/1 → 16/1, Crystal Palace: 1/50 → 1/40
2026-02-26T21:39:54.309Z [ODDS]  Draw: 16/1 → 18/1, Crystal Palace: 1/40 → 1/50
2026-02-26T21:40:06.491Z [ODDS]  Zrinjski Mostar: 400/1 → 450/1
2026-02-26T21:40:15.509Z [ODDS]  Draw: 18/1 → 16/1, Crystal Palace: 1/50 → 1/40
2026-02-26T21:40:18.211Z [ODDS]  Zrinjski Mostar: 450/1 → 500/1, Draw: 16/1 → 18/1, Crystal Palace: 1/40 → 1/50
2026-02-26T21:40:21.420Z [ODDS]  Zrinjski Mostar: 500/1 → 450/1
2026-02-26T21:40:24.104Z [ODDS]  Zrinjski Mostar: 450/1 → 350/1, Draw: 18/1 → 16/1, Crystal Palace: 1/50 → 1/40
2026-02-26T21:41:13.237Z [ODDS]  Zrinjski Mostar: 350/1 → 500/1, Draw: 16/1 → 18/1, Crystal Palace: 1/40 → 1/50
2026-02-26T21:41:21.880Z [ODDS]  Zrinjski Mostar: 500/1 → 400/1, Draw: 18/1 → 16/1, Crystal Palace: 1/50 → 1/40
2026-02-26T21:41:38.504Z [ODDS]  Zrinjski Mostar: 400/1 → 450/1
2026-02-26T21:41:44.830Z [ODDS]  Zrinjski Mostar: 450/1 → 500/1, Draw: 16/1 → 18/1, Crystal Palace: 1/40 → 1/50
2026-02-26T21:41:55.629Z [ODDS]  Zrinjski Mostar: 500/1 → 450/1, Draw: 18/1 → 16/1, Crystal Palace: 1/50 → 1/40
2026-02-26T21:42:10.513Z [ODDS]  Zrinjski Mostar: 450/1 → 500/1, Draw: 16/1 → 18/1, Crystal Palace: 1/40 → 1/50
2026-02-26T21:42:34.424Z [ODDS]  Zrinjski Mostar: 500/1 → 450/1, Draw: 18/1 → 16/1, Crystal Palace: 1/50 → 1/40
2026-02-26T21:42:44.795Z [ODDS]  Zrinjski Mostar: 450/1 → 500/1, Draw: 16/1 → 18/1, Crystal Palace: 1/40 → 1/50
2026-02-26T21:43:01.024Z [ODDS]  Draw: 18/1 → 22/1, Crystal Palace: 1/50 → 1/80
2026-02-26T21:43:07.342Z [ODDS]  Draw: 22/1 → 20/1, Crystal Palace: 1/80 → 1/66
2026-02-26T21:43:38.489Z [ODDS]  Draw: 20/1 → 22/1, Crystal Palace: 1/66 → 1/80
2026-02-26T21:43:40.281Z [ODDS]  Draw: 22/1 → 20/1, Crystal Palace: 1/80 → 1/66
2026-02-26T21:43:41.614Z [ODDS]  Draw: 20/1 → 22/1, Crystal Palace: 1/66 → 1/80
2026-02-26T21:43:56.498Z [ODDS]  Draw: 22/1 → 20/1, Crystal Palace: 1/80 → 1/66
2026-02-26T21:44:16.381Z [ODDS]  Draw: 20/1 → 18/1, Crystal Palace: 1/66 → 1/50
2026-02-26T21:44:24.020Z [ODDS]  Draw: 18/1 → 16/1, Crystal Palace: 1/50 → 1/40
2026-02-26T21:44:28.071Z [ODDS]  Zrinjski Mostar: 500/1 → 350/1, Draw: 16/1 → 12/1, Crystal Palace: 1/40 → 1/25
2026-02-26T21:44:51.972Z [ODDS]  Zrinjski Mostar: 350/1 → 400/1
2026-02-26T21:45:00.541Z [ODDS]  Crystal Palace: 1/25 → 1/28
2026-02-26T21:45:05.954Z [ODDS]  Zrinjski Mostar: 400/1 → 500/1, Draw: 12/1 → 16/1, Crystal Palace: 1/28 → 1/40
2026-02-26T21:45:13.170Z [ODDS]  Zrinjski Mostar: 500/1 → 350/1, Draw: 16/1 → 14/1, Crystal Palace: 1/40 → 1/33
2026-02-26T21:45:15.874Z [ODDS]  Zrinjski Mostar: 350/1 → 300/1, Draw: 14/1 → 12/1, Crystal Palace: 1/33 → 1/25
2026-02-26T21:45:33.022Z [ODDS]  Zrinjski Mostar: 300/1 → 350/1, Draw: 12/1 → 14/1, Crystal Palace: 1/25 → 1/33
2026-02-26T21:45:42.936Z [ODDS]  Zrinjski Mostar: 350/1 → 400/1
2026-02-26T21:46:16.309Z [ODDS]  Zrinjski Mostar: 400/1 → 450/1
2026-02-26T21:46:37.956Z [ODDS]  Zrinjski Mostar: 450/1 → 500/1, Draw: 14/1 → 16/1, Crystal Palace: 1/33 → 1/40
2026-02-26T21:47:17.215Z [ODDS]  Draw: 16/1 → 18/1, Crystal Palace: 1/40 → 1/50
2026-02-26T21:48:20.340Z [ODDS]  Draw: 18/1 → 20/1, Crystal Palace: 1/50 → 1/66
2026-02-26T21:48:24.396Z [ODDS]  Draw: 20/1 → 14/1, Crystal Palace: 1/66 → 1/33
2026-02-26T21:48:59.581Z [ODDS]  Draw: 14/1 → 20/1, Crystal Palace: 1/33 → 1/66
2026-02-26T21:49:14.921Z [ODDS]  Draw: 20/1 → 22/1, Crystal Palace: 1/66 → 1/80
2026-02-26T21:49:39.721Z [ODDS]  Draw: 22/1 → 25/1, Crystal Palace: 1/80 → 1/100
2026-02-26T21:49:42.423Z [EVENT]  score: 2-0
