2026-02-26T19:47:37.426Z [ODDS]  SC Mashhad: 13/2 → 7/1
2026-02-26T19:48:08.543Z [ODDS]  MS Tirat HaCarmel: 4/11 → 1/3
2026-02-26T19:48:27.033Z [ODDS]  MS Tirat HaCarmel: 1/3 → 4/11
2026-02-26T19:48:59.959Z [ODDS]  SC Mashhad: 7/1 → 13/2
2026-02-26T19:50:06.710Z [ODDS]  SC Mashhad: 13/2 → 15/8, Draw: 10/3 → 13/5, MS Tirat HaCarmel: 4/11 → 11/10
2026-02-26T19:50:06.710Z [EVENT]  score: 0-1
2026-02-26T19:50:26.550Z [ODDS]  SC Mashhad: 15/8 → 9/4, Draw: 13/5 → 12/5, MS Tirat HaCarmel: 11/10 → 21/20
2026-02-26T19:50:32.416Z [ODDS]  SC Mashhad: 9/4 → 11/5
2026-02-26T19:50:52.761Z [ODDS]  MS Tirat HaCarmel: 21/20 → 11/10
2026-02-26T19:51:18.870Z [ODDS]  SC Mashhad: 11/5 → 21/10
2026-02-26T19:51:34.658Z [ODDS]  SC Mashhad: 21/10 → 11/5
2026-02-26T19:53:11.621Z [ODDS]  SC Mashhad: 11/5 → 21/10
2026-02-26T20:09:24.189Z [ODDS]  SC Mashhad: 21/10 → 11/5, MS Tirat HaCarmel: 11/10 → 21/20
2026-02-26T20:09:24.645Z [ODDS]  SC Mashhad: 11/5 → 21/10, Draw: 12/5 → 5/2
2026-02-26T20:09:28.244Z [ODDS]  SC Mashhad: 21/10 → 11/5
2026-02-26T20:09:28.693Z [ODDS]  SC Mashhad: 11/5 → 21/10, Draw: 5/2 → 13/5
2026-02-26T20:10:38.601Z [ODDS]  SC Mashhad: 21/10 → 11/5, MS Tirat HaCarmel: 21/20 → 1/1
2026-02-26T20:11:10.621Z [ODDS]  SC Mashhad: 11/5 → 21/10
2026-02-26T20:11:24.600Z [ODDS]  MS Tirat HaCarmel: 1/1 → 21/20
2026-02-26T20:12:39.467Z [ODDS]  SC Mashhad: 21/10 → 2/1, Draw: 13/5 → 5/2, MS Tirat HaCarmel: 21/20 → 11/10
2026-02-26T20:13:52.981Z [ODDS]  SC Mashhad: 2/1 → 15/8, MS Tirat HaCarmel: 11/10 → 6/5
2026-02-26T20:14:09.218Z [ODDS]  SC Mashhad: 15/8 → 2/1
2026-02-26T20:14:18.239Z [ODDS]  SC Mashhad: 2/1 → 15/8
2026-02-26T20:14:46.659Z [ODDS]  SC Mashhad: 15/8 → 2/1
2026-02-26T20:14:55.225Z [ODDS]  SC Mashhad: 2/1 → 15/8
2026-02-26T20:15:07.398Z [ODDS]  SC Mashhad: 15/8 → 2/1
2026-02-26T20:15:24.084Z [ODDS]  SC Mashhad: 2/1 → 15/8, Draw: 5/2 → 12/5
2026-02-26T20:16:17.310Z [ODDS]  MS Tirat HaCarmel: 6/5 → 5/4
2026-02-26T20:16:24.524Z [ODDS]  SC Mashhad: 15/8 → 7/4, MS Tirat HaCarmel: 5/4 → 13/10
2026-02-26T20:16:52.489Z [ODDS]  SC Mashhad: 7/4 → 15/8, MS Tirat HaCarmel: 13/10 → 5/4
2026-02-26T20:16:56.549Z [ODDS]  SC Mashhad: 15/8 → 2/1, MS Tirat HaCarmel: 5/4 → 6/5
2026-02-26T20:17:02.412Z [ODDS]  SC Mashhad: 2/1 → 21/10, MS Tirat HaCarmel: 6/5 → 11/10
2026-02-26T20:17:08.728Z [ODDS]  Draw: 12/5 → 5/2
2026-02-26T20:17:18.199Z [ODDS]  SC Mashhad: 21/10 → 2/1, Draw: 5/2 → 13/5
2026-02-26T20:17:20.912Z [ODDS]  SC Mashhad: 2/1 → 21/10, Draw: 13/5 → 5/2, MS Tirat HaCarmel: 11/10 → 21/20
2026-02-26T20:17:36.715Z [ODDS]  SC Mashhad: 21/10 → 2/1, Draw: 5/2 → 13/5
2026-02-26T20:17:52.474Z [ODDS]  SC Mashhad: 2/1 → 9/2, Draw: 13/5 → 3/1, MS Tirat HaCarmel: 21/20 → 1/2
2026-02-26T20:18:06.911Z [ODDS]  SC Mashhad: 9/2 → 3/1, Draw: 3/1 → 11/4, MS Tirat HaCarmel: 1/2 → 8/11
2026-02-26T20:18:16.384Z [ODDS]  SC Mashhad: 3/1 → 13/2, Draw: 11/4 → 15/4, MS Tirat HaCarmel: 8/11 → 1/3
2026-02-26T20:19:41.168Z [ODDS]  SC Mashhad: 13/2 → 17/2, Draw: 15/4 → 4/1, MS Tirat HaCarmel: 1/3 → 1/4
2026-02-26T20:19:41.168Z [EVENT]  score: 1-1
2026-02-26T20:19:48.835Z [ODDS]  SC Mashhad: 17/2 → 9/1, Draw: 4/1 → 10/3, MS Tirat HaCarmel: 1/4 → 3/10
2026-02-26T20:19:50.188Z [ODDS]  SC Mashhad: 9/1 → 10/1, Draw: 10/3 → 7/2, MS Tirat HaCarmel: 3/10 → 1/4
2026-02-26T20:20:42.957Z [ODDS]  SC Mashhad: 10/1 → 28/1, Draw: 7/2 → 12/1, MS Tirat HaCarmel: 1/4 → 1/28
2026-02-26T20:20:42.957Z [EVENT]  score: 2-1
2026-02-26T20:21:02.803Z [ODDS]  SC Mashhad: 28/1 → 25/1, Draw: 12/1 → 10/1, MS Tirat HaCarmel: 1/28 → 1/22
2026-02-26T20:21:08.210Z [ODDS]  SC Mashhad: 25/1 → 28/1, Draw: 10/1 → 12/1, MS Tirat HaCarmel: 1/22 → 1/28
2026-02-26T20:21:08.666Z [ODDS]  SC Mashhad: 28/1 → 25/1
2026-02-26T20:21:56.017Z [ODDS]  SC Mashhad: 25/1 → 28/1
2026-02-26T20:22:12.256Z [ODDS]  SC Mashhad: 28/1 → 25/1, MS Tirat HaCarmel: 1/28 → 1/25
2026-02-26T20:22:18.125Z [ODDS]  SC Mashhad: 25/1 → 28/1, MS Tirat HaCarmel: 1/25 → 1/28
2026-02-26T20:22:36.158Z [ODDS]  SC Mashhad: 28/1 → 25/1, MS Tirat HaCarmel: 1/28 → 1/25
2026-02-26T20:22:36.820Z [ODDS]  SC Mashhad: 25/1 → 28/1, MS Tirat HaCarmel: 1/25 → 1/28
2026-02-26T20:22:52.393Z [ODDS]  Draw: 12/1 → 14/1, MS Tirat HaCarmel: 1/28 → 1/33
2026-02-26T20:23:08.191Z [ODDS]  Draw: 14/1 → 12/1, MS Tirat HaCarmel: 1/33 → 1/28
2026-02-26T20:23:08.642Z [ODDS]  Draw: 12/1 → 14/1, MS Tirat HaCarmel: 1/28 → 1/33
2026-02-26T20:23:56.437Z [ODDS]  SC Mashhad: 28/1 → 33/1, Draw: 14/1 → 18/1, MS Tirat HaCarmel: 1/33 → 1/50, Draw: 18/1 → 16/1, MS Tirat HaCarmel: 1/50 → 1/40
2026-02-26T20:23:56.437Z [ODDS]  Draw: 16/1 → 18/1, MS Tirat HaCarmel: 1/40 → 1/50, Draw: 18/1 → 16/1, MS Tirat HaCarmel: 1/50 → 1/40
2026-02-26T20:23:58.250Z [ODDS]  Draw: 16/1 → 18/1, MS Tirat HaCarmel: 1/40 → 1/50
2026-02-26T20:24:00.495Z [ODDS]  SC Mashhad: 33/1 → 40/1, Draw: 18/1 → 20/1, MS Tirat HaCarmel: 1/50 → 1/66
2026-02-26T20:24:24.402Z [ODDS]  Draw: 20/1 → 22/1, MS Tirat HaCarmel: 1/66 → 1/80
2026-02-26T20:24:24.851Z [ODDS]  Draw: 22/1 → 20/1, MS Tirat HaCarmel: 1/80 → 1/66
2026-02-26T20:24:44.246Z [ODDS]  Draw: 20/1 → 25/1, MS Tirat HaCarmel: 1/66 → 1/100
2026-02-26T20:25:15.827Z [ODDS]  SC Mashhad: 40/1 → 50/1
2026-02-26T20:26:32.922Z [ODDS]  SC Mashhad: 50/1 → 40/1
2026-02-26T20:26:40.136Z [ODDS]  SC Mashhad: 40/1 → 50/1
2026-02-26T20:27:21.178Z [ODDS]  SC Mashhad: 50/1 → 40/1, Draw: 25/1 → 22/1, MS Tirat HaCarmel: 1/100 → 1/80
2026-02-26T20:27:24.787Z [ODDS]  SC Mashhad: 40/1 → 50/1, Draw: 22/1 → 25/1, MS Tirat HaCarmel: 1/80 → 1/100
2026-02-26T20:33:26.496Z [ODDS]  SC Mashhad: 50/1 → 40/1, Draw: 25/1 → 22/1, MS Tirat HaCarmel: 1/100 → 1/80
2026-02-26T20:35:25.557Z [ODDS]  SC Mashhad: 40/1 → 50/1, Draw: 22/1 → 25/1, MS Tirat HaCarmel: 1/80 → 1/100
2026-02-26T20:36:46.737Z [ODDS]  MS Tirat HaCarmel: 1/100 → 1/125
2026-02-26T20:37:14.700Z [ODDS]  MS Tirat HaCarmel: 1/125 → 1/100
2026-02-26T20:38:09.416Z [EVENT]  score: 3-1
2026-02-26T20:38:13.477Z [EVENT]  score: 2-1
2026-02-26T20:38:16.632Z [ODDS]  Draw: 25/1 → 22/1, MS Tirat HaCarmel: 1/100 → 1/80
2026-02-26T20:38:22.945Z [ODDS]  Draw: 22/1 → 25/1, MS Tirat HaCarmel: 1/80 → 1/100
2026-02-26T20:38:30.162Z [ODDS]  SC Mashhad: 50/1 → 40/1, Draw: 25/1 → 18/1, MS Tirat HaCarmel: 1/100 → 1/50
2026-02-26T20:38:38.283Z [ODDS]  SC Mashhad: 40/1 → 33/1, Draw: 18/1 → 14/1, MS Tirat HaCarmel: 1/50 → 1/33
2026-02-26T20:40:28.329Z [ODDS]  Draw: 14/1 → 12/1, MS Tirat HaCarmel: 1/33 → 1/28
2026-02-26T20:40:36.446Z [ODDS]  Draw: 12/1 → 14/1, MS Tirat HaCarmel: 1/28 → 1/33
2026-02-26T20:41:11.625Z [ODDS]  Draw: 14/1 → 12/1, MS Tirat HaCarmel: 1/33 → 1/28
2026-02-26T20:41:28.311Z [ODDS]  Draw: 12/1 → 14/1, MS Tirat HaCarmel: 1/28 → 1/33
2026-02-26T20:43:40.007Z [ODDS]  SC Mashhad: 33/1 → 66/1, Draw: 14/1 → 50/1, MS Tirat HaCarmel: 1/33 → 1/500
2026-02-26T20:43:40.007Z [EVENT]  score: 3-1
2026-02-26T20:44:35.483Z [ODDS]  SC Mashhad: 66/1 → 80/1
2026-02-26T20:51:07.069Z [EVENT]  score: 4-1
