2026-02-27T00:38:25.373Z [ODDS]  Bayern (Lucas): 1/3 → 3/10
2026-02-27T00:38:31.126Z [ODDS]  SC Freiburg (Furious): 8/1 → 17/2
2026-02-27T00:38:55.030Z [ODDS]  SC Freiburg (Furious): 17/2 → 9/1
2026-02-27T00:39:00.496Z [ODDS]  Bayern (Lucas): 3/10 → 2/7
2026-02-27T00:39:19.384Z [ODDS]  SC Freiburg (Furious): 9/1 → 10/1
2026-02-27T00:39:36.132Z [ODDS]  Bayern (Lucas): 2/7 → 1/4
2026-02-27T00:39:41.969Z [ODDS]  SC Freiburg (Furious): 10/1 → 11/1
2026-02-27T00:39:59.075Z [ODDS]  SC Freiburg (Furious): 11/1 → 12/1
2026-02-27T00:40:08.595Z [ODDS]  Bayern (Lucas): 1/4 → 2/9, Draw: 3/1 → 10/3
2026-02-27T00:40:21.630Z [ODDS]  SC Freiburg (Furious): 12/1 → 14/1
2026-02-27T00:40:27.489Z [ODDS]  Bayern (Lucas): 2/9 → 1/5
2026-02-27T00:40:45.538Z [ODDS]  SC Freiburg (Furious): 14/1 → 16/1
2026-02-27T00:40:50.039Z [ODDS]  Bayern (Lucas): 1/5 → 2/11, Draw: 10/3 → 7/2
2026-02-27T00:40:58.159Z [ODDS]  SC Freiburg (Furious): 16/1 → 18/1
2026-02-27T00:41:08.531Z [ODDS]  Bayern (Lucas): 2/11 → 1/6, Draw: 7/2 → 15/4
2026-02-27T00:41:09.884Z [ODDS]  SC Freiburg (Furious): 18/1 → 20/1
2026-02-27T00:41:22.511Z [ODDS]  Draw: 15/4 → 4/1, SC Freiburg (Furious): 20/1 → 22/1
2026-02-27T00:41:31.130Z [ODDS]  SC Freiburg (Furious): 22/1 → 25/1
2026-02-27T00:41:37.396Z [ODDS]  Bayern (Lucas): 1/6 → 1/7, Draw: 4/1 → 9/2
2026-02-27T00:41:45.063Z [ODDS]  SC Freiburg (Furious): 25/1 → 28/1
2026-02-27T00:41:53.657Z [ODDS]  Bayern (Lucas): 1/7 → 1/8, Draw: 9/2 → 5/1
2026-02-27T00:41:58.140Z [ODDS]  SC Freiburg (Furious): 28/1 → 33/1
2026-02-27T00:42:04.102Z [ODDS]  Bayern (Lucas): 1/8 → 1/9, Draw: 5/1 → 11/2
2026-02-27T00:42:13.025Z [ODDS]  Bayern (Lucas): 1/9 → 1/10, Draw: 11/2 → 6/1, SC Freiburg (Furious): 33/1 → 40/1
2026-02-27T00:43:02.267Z [EVENT]  score: 2-2
