2026-02-26T20:50:12.058Z [ODDS]  Tottenham (BOUNTY): 13/10 → 11/8, Aston Villa (RIVAL): 5/2 → 13/5
2026-02-26T20:50:16.106Z [ODDS]  Draw: 6/4 → 7/5
2026-02-26T20:50:29.185Z [ODDS]  Tottenham (BOUNTY): 11/8 → 7/5, Draw: 7/5 → 11/8
2026-02-26T20:50:36.852Z [ODDS]  Tottenham (BOUNTY): 7/5 → 6/4, Draw: 11/8 → 13/10, Aston Villa (RIVAL): 13/5 → 11/4
2026-02-26T20:51:52.624Z [ODDS]  Tottenham (BOUNTY): 6/4 → 2/7, Draw: 13/10 → 10/3, Aston Villa (RIVAL): 11/4 → 17/2
2026-02-26T20:51:52.624Z [EVENT]  score: 0-1
2026-02-26T20:52:10.665Z [ODDS]  Tottenham (BOUNTY): 2/7 → 1/4, Aston Villa (RIVAL): 17/2 → 9/1
2026-02-26T20:52:37.282Z [ODDS]  Aston Villa (RIVAL): 9/1 → 10/1
2026-02-26T20:52:55.323Z [ODDS]  Tottenham (BOUNTY): 1/4 → 2/9
2026-02-26T20:53:01.636Z [ODDS]  Aston Villa (RIVAL): 10/1 → 11/1
2026-02-26T20:53:07.953Z [ODDS]  Tottenham (BOUNTY): 2/9 → 1/33, Draw: 10/3 → 14/1, Aston Villa (RIVAL): 11/1 → 20/1
2026-02-26T20:53:07.953Z [EVENT]  score: 0-2
2026-02-26T20:53:22.382Z [ODDS]  Tottenham (BOUNTY): 1/33 → 1/40, Draw: 14/1 → 16/1
2026-02-26T20:53:33.206Z [ODDS]  Aston Villa (RIVAL): 20/1 → 22/1
2026-02-26T20:53:43.578Z [ODDS]  Tottenham (BOUNTY): 1/40 → 1/50, Draw: 16/1 → 18/1
2026-02-26T20:53:58.462Z [ODDS]  Aston Villa (RIVAL): 22/1 → 25/1
2026-02-26T20:54:05.695Z [ODDS]  Tottenham (BOUNTY): 1/50 → 1/66, Draw: 18/1 → 20/1
2026-02-26T20:54:10.190Z [ODDS]  Tottenham (BOUNTY): 1/66 → 1/6, Draw: 20/1 → 4/1, Aston Villa (RIVAL): 25/1 → 18/1
2026-02-26T20:54:10.190Z [EVENT]  score: 1-2
2026-02-26T20:54:33.643Z [ODDS]  Tottenham (BOUNTY): 1/6 → 1/7, Draw: 4/1 → 9/2, Aston Villa (RIVAL): 18/1 → 20/1
2026-02-26T20:54:40.405Z [ODDS]  Aston Villa (RIVAL): 20/1 → 22/1
2026-02-26T20:54:48.976Z [ODDS]  Tottenham (BOUNTY): 1/7 → 1/8, Draw: 9/2 → 5/1
2026-02-26T20:54:52.135Z [ODDS]  Aston Villa (RIVAL): 22/1 → 25/1
2026-02-26T20:55:00.271Z [ODDS]  Tottenham (BOUNTY): 1/8 → 1/9, Draw: 5/1 → 11/2
2026-02-26T21:38:16.461Z [ODDS]  Tottenham (BOUNTY): 5/2 → 11/4, Draw: 4/7 → 1/2
2026-02-26T21:38:27.722Z [ODDS]  Tottenham (BOUNTY): 11/4 → 3/1, Draw: 1/2 → 4/9, Aston Villa (RIVAL): 9/2 → 5/1
2026-02-26T21:38:42.601Z [ODDS]  Tottenham (BOUNTY): 3/1 → 10/3, Draw: 4/9 → 2/5, Aston Villa (RIVAL): 5/1 → 11/2
2026-02-26T21:38:48.926Z [ODDS]  Tottenham (BOUNTY): 10/3 → 7/2, Draw: 2/5 → 4/11
2026-02-26T21:38:54.324Z [ODDS]  Tottenham (BOUNTY): 7/2 → 15/4, Draw: 4/11 → 1/3
2026-02-26T21:39:01.091Z [ODDS]  Tottenham (BOUNTY): 15/4 → 4/1, Draw: 1/3 → 3/10, Aston Villa (RIVAL): 11/2 → 6/1
2026-02-26T21:39:04.701Z [ODDS]  Draw: 3/10 → 2/7
2026-02-26T21:39:06.954Z [ODDS]  Tottenham (BOUNTY): 4/1 → 9/2, Aston Villa (RIVAL): 6/1 → 13/2
