2026-02-27T00:38:28.957Z [ODDS]  Dortmund (Jack): 1/3 → 3/10
2026-02-27T00:38:59.165Z [ODDS]  Bayer 04 (Klaus): 15/2 → 8/1
2026-02-27T00:39:22.104Z [ODDS]  Dortmund (Jack): 3/10 → 2/7, Bayer 04 (Klaus): 8/1 → 17/2
2026-02-27T00:39:39.227Z [ODDS]  Bayer 04 (Klaus): 17/2 → 9/1
2026-02-27T00:39:39.717Z [ODDS]  Bayer 04 (Klaus): 9/1 → 17/2
2026-02-27T00:39:45.143Z [ODDS]  Bayer 04 (Klaus): 17/2 → 9/1
2026-02-27T00:39:54.562Z [ODDS]  Draw: 3/1 → 10/3
2026-02-27T00:40:05.009Z [ODDS]  Dortmund (Jack): 2/7 → 1/4
2026-02-27T00:40:05.839Z [ODDS]  Bayer 04 (Klaus): 9/1 → 10/1, Dortmund (Jack): 1/4 → 1/25, Draw: 10/3 → 12/1, Bayer 04 (Klaus): 10/1 → 20/1
2026-02-27T00:40:05.839Z [EVENT]  score: 1-3
2026-02-27T00:40:05.839Z [ODDS]  Bayer 04 (Klaus): 20/1 → 10/1, Bayer 04 (Klaus): 10/1 → 20/1
2026-02-27T00:40:45.538Z [ODDS]  Dortmund (Jack): 1/25 → 1/28
2026-02-27T00:40:51.391Z [ODDS]  Bayer 04 (Klaus): 20/1 → 22/1
2026-02-27T00:40:58.159Z [ODDS]  Dortmund (Jack): 1/28 → 1/33, Draw: 12/1 → 14/1
2026-02-27T00:41:14.027Z [ODDS]  Dortmund (Jack): 1/33 → 1/40, Draw: 14/1 → 16/1, Bayer 04 (Klaus): 22/1 → 25/1
2026-02-27T00:41:31.534Z [ODDS]  Dortmund (Jack): 1/40 → 1/50, Draw: 16/1 → 18/1
2026-02-27T00:41:40.652Z [ODDS]  Bayer 04 (Klaus): 25/1 → 28/1
2026-02-27T00:41:41.907Z [ODDS]  Bayer 04 (Klaus): 28/1 → 25/1
2026-02-27T00:41:50.951Z [ODDS]  Bayer 04 (Klaus): 25/1 → 28/1
2026-02-27T00:41:54.169Z [ODDS]  Dortmund (Jack): 1/50 → 1/66, Draw: 18/1 → 20/1
2026-02-27T00:42:09.939Z [ODDS]  Dortmund (Jack): 1/66 → 1/80, Draw: 20/1 → 22/1
2026-02-27T00:42:15.280Z [ODDS]  Bayer 04 (Klaus): 28/1 → 33/1
2026-02-27T00:42:22.495Z [ODDS]  Dortmund (Jack): 1/80 → 1/100, Draw: 22/1 → 25/1
2026-02-27T00:42:33.798Z [ODDS]  Dortmund (Jack): 1/100 → 1/125
2026-02-27T00:42:36.476Z [ODDS]  Bayer 04 (Klaus): 33/1 → 40/1
2026-02-27T00:42:43.241Z [ODDS]  Dortmund (Jack): 1/125 → 1/150, Draw: 25/1 → 28/1
2026-02-27T00:42:49.158Z [ODDS]  Dortmund (Jack): 1/150 → 1/200, Draw: 28/1 → 33/1
2026-02-27T00:42:55.869Z [ODDS]  Dortmund (Jack): 1/200 → 1/250, Draw: 33/1 → 40/1, Bayer 04 (Klaus): 40/1 → 50/1
