2026-02-26T22:08:26.066Z [ODDS]  Inter (Furious): 1/14 → 1/16, Draw: 8/1 → 9/1, Bayern (Vendetta): 16/1 → 18/1
2026-02-26T22:09:06.642Z [ODDS]  Inter (Furious): 1/16 → 1/20, Draw: 9/1 → 10/1
2026-02-26T22:09:09.353Z [ODDS]  Bayern (Vendetta): 18/1 → 20/1
2026-02-26T22:09:36.861Z [ODDS]  Inter (Furious): 1/20 → 1/22
2026-02-26T22:09:42.270Z [ODDS]  Inter (Furious): 1/22 → 1/25, Draw: 10/1 → 12/1
2026-02-26T22:09:53.095Z [ODDS]  Bayern (Vendetta): 20/1 → 22/1
2026-02-26T22:10:08.435Z [ODDS]  Inter (Furious): 1/25 → 1/28
2026-02-26T22:10:23.337Z [ODDS]  Inter (Furious): 1/28 → 1/33, Draw: 12/1 → 14/1
2026-02-26T22:10:24.674Z [ODDS]  Bayern (Vendetta): 22/1 → 25/1
2026-02-26T22:10:43.652Z [ODDS]  Inter (Furious): 1/33 → 1/40, Draw: 14/1 → 16/1
2026-02-26T22:11:11.123Z [ODDS]  Inter (Furious): 1/40 → 1/50, Draw: 16/1 → 18/1
2026-02-26T22:11:13.836Z [ODDS]  Bayern (Vendetta): 25/1 → 28/1
2026-02-26T22:11:34.575Z [ODDS]  Inter (Furious): 1/50 → 1/66, Draw: 18/1 → 20/1
2026-02-26T22:11:37.281Z [ODDS]  Inter (Furious): 1/66 → 1/7, Draw: 20/1 → 9/2, Bayern (Vendetta): 28/1 → 22/1
2026-02-26T22:11:37.281Z [EVENT]  score: 1-2
2026-02-26T22:11:49.007Z [ODDS]  Bayern (Vendetta): 22/1 → 25/1
2026-02-26T22:12:16.969Z [ODDS]  Bayern (Vendetta): 25/1 → 28/1
2026-02-26T22:12:31.402Z [ODDS]  Inter (Furious): 1/7 → 1/8, Draw: 9/2 → 5/1
2026-02-26T22:12:40.873Z [ODDS]  Bayern (Vendetta): 28/1 → 33/1
2026-02-26T22:12:44.934Z [ODDS]  Inter (Furious): 1/8 → 1/9, Draw: 5/1 → 11/2
2026-02-26T22:12:53.052Z [ODDS]  Bayern (Vendetta): 33/1 → 40/1
2026-02-26T22:12:59.368Z [ODDS]  Inter (Furious): 1/9 → 1/10, Draw: 11/2 → 6/1
2026-02-26T22:13:01.619Z [ODDS]  Bayern (Vendetta): 40/1 → 50/1
2026-02-26T22:13:48.525Z [EVENT]  score: 1-3
