2026-02-26T19:47:48.707Z [ODDS]  Al Gharraf: 7/1 → 25/1, Draw: 5/4 → 8/1, Zakho: 10/11 → 1/14
2026-02-26T19:47:48.707Z [EVENT]  score: 1-0
2026-02-26T19:47:56.817Z [ODDS]  Al Gharraf: 25/1 → 22/1, Draw: 8/1 → 7/1, Zakho: 1/14 → 1/12
2026-02-26T19:50:43.239Z [ODDS]  Al Gharraf: 22/1 → 25/1
2026-02-26T19:50:45.545Z [ODDS]  Al Gharraf: 25/1 → 22/1
2026-02-26T19:50:56.314Z [ODDS]  Al Gharraf: 22/1 → 25/1
2026-02-26T19:51:59.455Z [ODDS]  Draw: 7/1 → 15/2, Zakho: 1/12 → 1/14
2026-02-26T19:52:03.964Z [ODDS]  Draw: 15/2 → 8/1
2026-02-26T19:52:04.417Z [ODDS]  Al Gharraf: 25/1 → 22/1, Draw: 8/1 → 7/1, Zakho: 1/14 → 1/12
2026-02-26T19:52:04.870Z [ODDS]  Al Gharraf: 22/1 → 25/1
2026-02-26T19:52:36.448Z [ODDS]  Draw: 7/1 → 15/2, Zakho: 1/12 → 1/14
2026-02-26T19:52:52.679Z [ODDS]  Draw: 15/2 → 7/1, Zakho: 1/14 → 1/12
2026-02-26T19:53:15.680Z [ODDS]  Draw: 7/1 → 15/2, Zakho: 1/12 → 1/14
2026-02-26T19:53:52.211Z [ODDS]  Draw: 15/2 → 8/1
2026-02-26T19:54:23.782Z [ODDS]  Draw: 8/1 → 15/2
2026-02-26T19:54:35.073Z [ODDS]  Draw: 15/2 → 7/1, Zakho: 1/14 → 1/12
2026-02-26T19:54:59.413Z [ODDS]  Draw: 7/1 → 8/1, Zakho: 1/12 → 1/14
2026-02-26T19:55:08.887Z [ODDS]  Draw: 8/1 → 7/1, Zakho: 1/14 → 1/12
2026-02-26T19:55:59.423Z [ODDS]  Al Gharraf: 25/1 → 22/1
2026-02-26T19:56:11.155Z [ODDS]  Al Gharraf: 22/1 → 25/1
2026-02-26T19:59:25.545Z [ODDS]  Draw: 7/1 → 8/1, Zakho: 1/12 → 1/14
2026-02-26T19:59:33.661Z [ODDS]  Draw: 8/1 → 7/1, Zakho: 1/14 → 1/12
2026-02-26T20:00:50.336Z [ODDS]  Al Gharraf: 25/1 → 28/1, Draw: 7/1 → 8/1, Zakho: 1/12 → 1/14
2026-02-26T20:00:50.789Z [ODDS]  Al Gharraf: 28/1 → 25/1, Draw: 8/1 → 7/1, Zakho: 1/14 → 1/12
2026-02-26T20:01:42.723Z [ODDS]  Draw: 7/1 → 8/1, Zakho: 1/12 → 1/14
2026-02-26T20:01:51.303Z [ODDS]  Draw: 8/1 → 7/1, Zakho: 1/14 → 1/12
2026-02-26T20:02:53.011Z [ODDS]  Al Gharraf: 25/1 → 28/1, Draw: 7/1 → 8/1, Zakho: 1/12 → 1/14
2026-02-26T20:03:06.086Z [ODDS]  Draw: 8/1 → 7/1, Zakho: 1/14 → 1/12
2026-02-26T20:03:13.755Z [ODDS]  Draw: 7/1 → 8/1, Zakho: 1/12 → 1/14
2026-02-26T20:03:28.634Z [ODDS]  Al Gharraf: 28/1 → 25/1, Draw: 8/1 → 7/1, Zakho: 1/14 → 1/12
2026-02-26T20:03:39.461Z [ODDS]  Al Gharraf: 25/1 → 28/1, Draw: 7/1 → 8/1, Zakho: 1/12 → 1/14
2026-02-26T20:06:24.526Z [ODDS]  Draw: 8/1 → 7/1, Zakho: 1/14 → 1/12
2026-02-26T20:06:42.121Z [ODDS]  Draw: 7/1 → 8/1, Zakho: 1/12 → 1/14
2026-02-26T20:08:03.470Z [ODDS]  Al Gharraf: 28/1 → 33/1
2026-02-26T20:08:07.062Z [ODDS]  Al Gharraf: 33/1 → 28/1
2026-02-26T20:08:29.160Z [ODDS]  Al Gharraf: 28/1 → 33/1
2026-02-26T20:09:00.286Z [ODDS]  Al Gharraf: 33/1 → 66/1, Draw: 8/1 → 33/1, Zakho: 1/14 → 1/200
2026-02-26T20:09:00.286Z [EVENT]  score: 2-0
2026-02-26T20:09:50.798Z [ODDS]  Draw: 33/1 → 40/1, Zakho: 1/200 → 1/250
2026-02-26T20:09:58.911Z [ODDS]  Al Gharraf: 66/1 → 80/1, Draw: 40/1 → 50/1, Zakho: 1/250 → 1/500
2026-02-26T20:10:13.813Z [ODDS]  Al Gharraf: 80/1 → 66/1, Draw: 50/1 → 40/1, Zakho: 1/500 → 1/250
2026-02-26T20:10:19.665Z [ODDS]  Al Gharraf: 66/1 → 80/1, Draw: 40/1 → 50/1, Zakho: 1/250 → 1/500
2026-02-26T20:10:20.559Z [ODDS]  Draw: 50/1 → 40/1, Zakho: 1/500 → 1/250
2026-02-26T20:12:22.329Z [ODDS]  Draw: 40/1 → 50/1, Zakho: 1/250 → 1/500
