2026-02-26T19:47:21.638Z [ODDS]  Majd FC: 10/1 → 9/1, Dubai United: 2/1 → 21/10
2026-02-26T19:47:26.151Z [ODDS]  Dubai United: 21/10 → 2/1
2026-02-26T19:47:39.234Z [ODDS]  Majd FC: 9/1 → 10/1, Draw: 4/9 → 2/5, Dubai United: 2/1 → 21/10
2026-02-26T19:48:09.445Z [ODDS]  Majd FC: 10/1 → 9/1, Dubai United: 21/10 → 11/5
2026-02-26T19:48:20.269Z [ODDS]  Majd FC: 9/1 → 10/1
2026-02-26T19:48:25.679Z [ODDS]  Dubai United: 11/5 → 9/4
2026-02-26T19:48:28.388Z [ODDS]  Draw: 2/5 → 4/11
2026-02-26T19:48:36.955Z [ODDS]  Draw: 4/11 → 2/5, Dubai United: 9/4 → 11/5
2026-02-26T19:48:45.535Z [ODDS]  Majd FC: 10/1 → 11/1
2026-02-26T19:49:03.113Z [ODDS]  Draw: 2/5 → 4/11, Dubai United: 11/5 → 9/4
2026-02-26T19:49:09.881Z [ODDS]  Draw: 4/11 → 1/3, Dubai United: 9/4 → 5/2
2026-02-26T19:49:16.643Z [ODDS]  Majd FC: 11/1 → 9/1, Dubai United: 5/2 → 11/4
2026-02-26T19:49:26.565Z [ODDS]  Majd FC: 9/1 → 10/1, Draw: 1/3 → 3/10, Dubai United: 11/4 → 3/1
2026-02-26T19:49:27.015Z [ODDS]  Majd FC: 10/1 → 11/1, Draw: 3/10 → 1/3, Dubai United: 3/1 → 13/5
2026-02-26T19:49:53.624Z [ODDS]  Majd FC: 11/1 → 10/1, Dubai United: 13/5 → 11/4
2026-02-26T19:49:58.586Z [ODDS]  Draw: 1/3 → 3/10
2026-02-26T19:50:01.296Z [ODDS]  Majd FC: 10/1 → 12/1, Dubai United: 11/4 → 13/5
2026-02-26T19:50:07.159Z [ODDS]  Majd FC: 12/1 → 11/1
2026-02-26T19:50:07.605Z [ODDS]  Dubai United: 13/5 → 11/4
2026-02-26T19:50:14.375Z [ODDS]  Majd FC: 11/1 → 10/1
2026-02-26T19:50:15.281Z [ODDS]  Majd FC: 10/1 → 12/1, Draw: 3/10 → 2/7
2026-02-26T19:50:34.665Z [ODDS]  Majd FC: 12/1 → 11/1, Draw: 2/7 → 3/10, Dubai United: 11/4 → 3/1
2026-02-26T19:50:38.730Z [ODDS]  Draw: 3/10 → 2/7
2026-02-26T19:51:02.179Z [ODDS]  Draw: 2/7 → 1/4
2026-02-26T19:51:12.101Z [ODDS]  Dubai United: 3/1 → 10/3
2026-02-26T19:51:17.069Z [ODDS]  Majd FC: 11/1 → 10/1, Draw: 1/4 → 2/7, Dubai United: 10/3 → 3/1
2026-02-26T19:51:30.593Z [ODDS]  Draw: 2/7 → 1/4, Dubai United: 3/1 → 10/3
2026-02-26T19:51:40.513Z [ODDS]  Dubai United: 10/3 → 7/2
2026-02-26T19:51:54.493Z [ODDS]  Majd FC: 10/1 → 8/1, Dubai United: 7/2 → 15/4
2026-02-26T19:51:58.553Z [ODDS]  Majd FC: 8/1 → 15/2
2026-02-26T19:52:15.300Z [ODDS]  Majd FC: 15/2 → 8/1, Dubai United: 15/4 → 4/1
2026-02-26T19:52:24.265Z [ODDS]  Majd FC: 8/1 → 9/1, Draw: 1/4 → 1/7, Dubai United: 4/1 → 6/1
2026-02-26T19:52:38.697Z [ODDS]  Dubai United: 6/1 → 13/2
2026-02-26T19:52:55.387Z [ODDS]  Draw: 1/7 → 1/8, Dubai United: 13/2 → 7/1
2026-02-26T19:53:03.054Z [ODDS]  Majd FC: 9/1 → 14/1, Draw: 1/8 → 1/12
2026-02-26T19:53:08.229Z [ODDS]  Dubai United: 7/1 → 8/1
2026-02-26T19:53:18.840Z [ODDS]  Majd FC: 14/1 → 10/1, Draw: 1/12 → 1/10, Dubai United: 8/1 → 7/1
2026-02-26T19:53:19.290Z [ODDS]  Majd FC: 10/1 → 14/1, Draw: 1/10 → 1/14, Dubai United: 7/1 → 8/1
2026-02-26T19:53:37.328Z [ODDS]  Draw: 1/14 → 1/16, Dubai United: 8/1 → 9/1
2026-02-26T19:53:42.290Z [ODDS]  Majd FC: 14/1 → 16/1, Draw: 1/16 → 1/12, Dubai United: 9/1 → 8/1
2026-02-26T19:53:42.746Z [ODDS]  Majd FC: 16/1 → 14/1, Draw: 1/12 → 1/16, Dubai United: 8/1 → 9/1
2026-02-26T19:53:45.899Z [ODDS]  Dubai United: 9/1 → 10/1
2026-02-26T19:53:58.077Z [ODDS]  Draw: 1/16 → 1/20
2026-02-26T19:54:12.062Z [ODDS]  Draw: 1/20 → 1/25, Dubai United: 10/1 → 12/1
2026-02-26T19:54:26.941Z [ODDS]  Majd FC: 14/1 → 16/1, Draw: 1/25 → 1/33, Dubai United: 12/1 → 14/1
2026-02-26T19:54:51.292Z [ODDS]  Majd FC: 16/1 → 0/0, Draw: 1/33 → 1/50, Dubai United: 14/1 → 0/0
2026-02-26T19:55:16.100Z [ODDS]  Draw: 1/50 → 1/200
2026-02-26T19:55:38.652Z [ODDS]  Draw: 1/200 → 0/0
