2026-02-26T19:47:14.876Z [ODDS]  Al Urooba: 21/10 → 9/4
2026-02-26T19:47:32.463Z [ODDS]  Draw: 4/9 → 2/5, Al Urooba: 9/4 → 5/2
2026-02-26T19:47:45.091Z [ODDS]  Draw: 2/5 → 4/11, Al Urooba: 5/2 → 11/4
2026-02-26T19:47:55.471Z [ODDS]  Draw: 4/11 → 1/3
2026-02-26T19:48:00.426Z [ODDS]  Al Ittifaq Dubai: 9/1 → 17/2, Draw: 1/3 → 4/11
2026-02-26T19:48:01.778Z [ODDS]  Al Ittifaq Dubai: 17/2 → 10/1, Al Urooba: 11/4 → 13/5
2026-02-26T19:48:05.836Z [ODDS]  Al Ittifaq Dubai: 10/1 → 17/2, Draw: 4/11 → 2/5, Al Urooba: 13/5 → 5/2
2026-02-26T19:48:14.859Z [ODDS]  Al Ittifaq Dubai: 17/2 → 9/1, Draw: 2/5 → 4/11, Al Urooba: 5/2 → 13/5
2026-02-26T19:48:18.013Z [ODDS]  Al Ittifaq Dubai: 9/1 → 10/1
2026-02-26T19:48:22.073Z [ODDS]  Al Urooba: 13/5 → 12/5
2026-02-26T19:48:32.909Z [ODDS]  Al Ittifaq Dubai: 10/1 → 11/1, Draw: 4/11 → 3/10, Al Urooba: 12/5 → 11/4
2026-02-26T19:48:33.798Z [ODDS]  Al Ittifaq Dubai: 11/1 → 10/1, Draw: 3/10 → 1/3
2026-02-26T19:48:35.153Z [ODDS]  Al Ittifaq Dubai: 10/1 → 9/1
2026-02-26T19:48:43.286Z [ODDS]  Al Urooba: 11/4 → 3/1
2026-02-26T19:48:59.959Z [ODDS]  Al Ittifaq Dubai: 9/1 → 10/1, Draw: 1/3 → 3/10
2026-02-26T19:49:10.787Z [ODDS]  Al Ittifaq Dubai: 10/1 → 17/2, Draw: 3/10 → 1/3
2026-02-26T19:49:16.213Z [ODDS]  Al Ittifaq Dubai: 17/2 → 10/1, Draw: 1/3 → 3/10
2026-02-26T19:49:27.015Z [ODDS]  Al Ittifaq Dubai: 10/1 → 11/1, Draw: 3/10 → 1/4, Al Urooba: 3/1 → 10/3
2026-02-26T19:49:43.711Z [ODDS]  Al Ittifaq Dubai: 11/1 → 9/1, Draw: 1/4 → 2/7
2026-02-26T19:49:58.135Z [ODDS]  Al Ittifaq Dubai: 9/1 → 10/1, Draw: 2/7 → 1/4
2026-02-26T19:50:05.802Z [ODDS]  Al Urooba: 10/3 → 7/2
2026-02-26T19:50:09.417Z [ODDS]  Al Ittifaq Dubai: 10/1 → 11/1
2026-02-26T19:50:32.416Z [ODDS]  Al Urooba: 7/2 → 15/4
2026-02-26T19:50:39.192Z [ODDS]  Draw: 1/4 → 2/9
2026-02-26T19:50:54.966Z [ODDS]  Al Ittifaq Dubai: 11/1 → 12/1, Draw: 2/9 → 1/6, Al Urooba: 15/4 → 5/1
2026-02-26T19:50:57.669Z [ODDS]  Draw: 1/6 → 1/7
2026-02-26T19:51:07.145Z [ODDS]  Al Ittifaq Dubai: 12/1 → 66/1, Draw: 1/7 → 18/1, Al Urooba: 5/1 → 1/50
2026-02-26T19:51:07.145Z [EVENT]  score: 1-0
2026-02-26T19:51:50.886Z [ODDS]  Al Ittifaq Dubai: 66/1 → 80/1
2026-02-26T19:52:19.754Z [ODDS]  Draw: 18/1 → 20/1, Al Urooba: 1/50 → 1/66
2026-02-26T19:52:40.953Z [ODDS]  Al Ittifaq Dubai: 80/1 → 66/1, Draw: 20/1 → 16/1, Al Urooba: 1/66 → 1/40
2026-02-26T19:52:47.744Z [ODDS]  Al Ittifaq Dubai: 66/1 → 80/1, Draw: 16/1 → 20/1, Al Urooba: 1/40 → 1/66
2026-02-26T19:53:08.229Z [ODDS]  Draw: 20/1 → 22/1, Al Urooba: 1/66 → 1/80
2026-02-26T19:53:44.546Z [ODDS]  Draw: 22/1 → 25/1, Al Urooba: 1/80 → 1/100
2026-02-26T19:54:09.351Z [ODDS]  Al Ittifaq Dubai: 80/1 → 100/1
2026-02-26T19:54:17.017Z [ODDS]  Al Urooba: 1/100 → 1/125
2026-02-26T19:54:41.375Z [ODDS]  Draw: 25/1 → 18/1, Al Urooba: 1/125 → 1/50
2026-02-26T19:54:58.512Z [ODDS]  Al Ittifaq Dubai: 100/1 → 125/1, Draw: 18/1 → 20/1, Al Urooba: 1/50 → 1/66
2026-02-26T19:55:19.714Z [ODDS]  Al Ittifaq Dubai: 125/1 → 150/1
