2026-02-26T20:04:33.145Z [ODDS]  Draw: 11/5 → 21/10
2026-02-26T20:04:36.738Z [ODDS]  Sampaio Correa RJ: 6/5 → 5/4
2026-02-26T20:05:04.717Z [ODDS]  Marica: 12/5 → 9/4, Draw: 21/10 → 11/5
2026-02-26T20:05:10.598Z [ODDS]  Marica: 9/4 → 12/5, Draw: 11/5 → 21/10
2026-02-26T20:05:11.916Z [ODDS]  Marica: 12/5 → 9/4, Draw: 21/10 → 11/5
2026-02-26T20:05:53.858Z [ODDS]  Draw: 11/5 → 21/10
2026-02-26T20:06:13.250Z [ODDS]  Marica: 9/4 → 12/5
2026-02-26T20:06:54.752Z [ODDS]  Draw: 21/10 → 11/5, Sampaio Correa RJ: 5/4 → 6/5
2026-02-26T20:07:16.396Z [ODDS]  Draw: 11/5 → 21/10, Sampaio Correa RJ: 6/5 → 5/4
2026-02-26T20:07:22.709Z [ODDS]  Marica: 12/5 → 9/4, Sampaio Correa RJ: 5/4 → 13/10
2026-02-26T20:07:33.987Z [ODDS]  Marica: 9/4 → 12/5, Sampaio Correa RJ: 13/10 → 6/5
2026-02-26T20:07:40.301Z [ODDS]  Sampaio Correa RJ: 6/5 → 5/4
2026-02-26T20:08:29.612Z [ODDS]  Sampaio Correa RJ: 5/4 → 13/10
2026-02-26T20:08:39.539Z [ODDS]  Marica: 12/5 → 9/4
2026-02-26T20:08:42.242Z [ODDS]  Marica: 9/4 → 11/5
2026-02-26T20:08:43.597Z [ODDS]  Marica: 11/5 → 9/4
2026-02-26T20:09:02.087Z [ODDS]  Marica: 9/4 → 12/5
2026-02-26T20:09:04.792Z [ODDS]  Marica: 12/5 → 9/4
2026-02-26T20:09:52.596Z [ODDS]  Marica: 9/4 → 12/5, Sampaio Correa RJ: 13/10 → 5/4
2026-02-26T20:09:59.366Z [ODDS]  Marica: 12/5 → 9/4, Sampaio Correa RJ: 5/4 → 13/10
2026-02-26T20:10:04.780Z [ODDS]  Sampaio Correa RJ: 13/10 → 5/4
2026-02-26T20:10:11.088Z [ODDS]  Sampaio Correa RJ: 5/4 → 13/10
2026-02-26T20:10:13.813Z [ODDS]  Marica: 9/4 → 12/5, Sampaio Correa RJ: 13/10 → 5/4
2026-02-26T20:11:30.014Z [ODDS]  Marica: 12/5 → 9/4, Sampaio Correa RJ: 5/4 → 13/10
2026-02-26T20:11:32.721Z [ODDS]  Marica: 9/4 → 12/5, Sampaio Correa RJ: 13/10 → 5/4
2026-02-26T20:11:41.291Z [ODDS]  Marica: 12/5 → 9/4, Sampaio Correa RJ: 5/4 → 13/10
2026-02-26T20:11:45.801Z [ODDS]  Marica: 9/4 → 12/5, Sampaio Correa RJ: 13/10 → 5/4
2026-02-26T20:13:29.530Z [ODDS]  Marica: 12/5 → 5/2, Sampaio Correa RJ: 5/4 → 6/5
2026-02-26T20:13:51.179Z [ODDS]  Marica: 5/2 → 12/5, Draw: 21/10 → 2/1, Sampaio Correa RJ: 6/5 → 5/4
2026-02-26T20:14:01.555Z [ODDS]  Marica: 12/5 → 5/2
2026-02-26T20:14:13.282Z [ODDS]  Marica: 5/2 → 12/5, Draw: 2/1 → 21/10, Sampaio Correa RJ: 5/4 → 13/10
2026-02-26T20:14:16.434Z [ODDS]  Marica: 12/5 → 5/2, Draw: 21/10 → 2/1, Sampaio Correa RJ: 13/10 → 5/4
2026-02-26T20:14:48.003Z [ODDS]  Marica: 5/2 → 13/5
2026-02-26T20:14:57.926Z [ODDS]  Marica: 13/5 → 5/2
2026-02-26T20:15:05.158Z [ODDS]  Marica: 5/2 → 12/5, Draw: 2/1 → 21/10, Sampaio Correa RJ: 5/4 → 13/10
2026-02-26T20:15:27.699Z [ODDS]  Draw: 21/10 → 2/1
2026-02-26T20:16:09.642Z [ODDS]  Marica: 12/5 → 9/4, Sampaio Correa RJ: 13/10 → 11/8
2026-02-26T20:16:11.448Z [ODDS]  Marica: 9/4 → 12/5, Sampaio Correa RJ: 11/8 → 13/10
2026-02-26T20:16:52.489Z [ODDS]  Draw: 2/1 → 15/8
2026-02-26T20:16:55.648Z [ODDS]  Sampaio Correa RJ: 13/10 → 11/8
2026-02-26T20:17:06.921Z [ODDS]  Sampaio Correa RJ: 11/8 → 13/10
2026-02-26T20:17:11.009Z [ODDS]  Sampaio Correa RJ: 13/10 → 11/8
2026-02-26T20:17:15.949Z [ODDS]  Draw: 15/8 → 2/1, Sampaio Correa RJ: 11/8 → 13/10
2026-02-26T20:17:23.614Z [ODDS]  Draw: 2/1 → 15/8
2026-02-26T20:17:26.777Z [ODDS]  Marica: 12/5 → 5/2, Draw: 15/8 → 2/1
2026-02-26T20:17:31.737Z [ODDS]  Marica: 5/2 → 9/4, Draw: 2/1 → 15/8, Sampaio Correa RJ: 13/10 → 7/5
2026-02-26T20:18:10.064Z [ODDS]  Marica: 9/4 → 2/1, Sampaio Correa RJ: 7/5 → 8/5
2026-02-26T20:18:14.574Z [ODDS]  Marica: 2/1 → 21/10, Sampaio Correa RJ: 8/5 → 6/4
2026-02-26T20:18:56.968Z [ODDS]  Marica: 21/10 → 11/5
2026-02-26T20:19:16.360Z [ODDS]  Marica: 11/5 → 21/10
2026-02-26T20:19:21.773Z [ODDS]  Marica: 21/10 → 11/5
2026-02-26T20:19:37.559Z [ODDS]  Marica: 11/5 → 9/4
2026-02-26T20:20:06.442Z [ODDS]  Marica: 9/4 → 11/5
2026-02-26T20:20:55.131Z [ODDS]  Marica: 11/5 → 9/4
2026-02-26T20:25:00.029Z [ODDS]  Marica: 9/4 → 12/5, Sampaio Correa RJ: 6/4 → 7/5
2026-02-26T20:26:04.518Z [ODDS]  Marica: 12/5 → 9/4, Sampaio Correa RJ: 7/5 → 6/4
2026-02-26T20:27:44.178Z [ODDS]  Draw: 15/8 → 7/4
2026-02-26T20:28:13.495Z [ODDS]  Marica: 9/4 → 12/5
2026-02-26T20:29:59.485Z [ODDS]  Marica: 12/5 → 5/2, Sampaio Correa RJ: 6/4 → 7/5
2026-02-26T20:30:05.795Z [ODDS]  Marica: 5/2 → 12/5, Sampaio Correa RJ: 7/5 → 6/4
2026-02-26T20:30:11.249Z [ODDS]  Marica: 12/5 → 11/5, Draw: 7/4 → 15/8, Sampaio Correa RJ: 6/4 → 8/5
2026-02-26T20:30:17.068Z [ODDS]  Marica: 11/5 → 9/4, Sampaio Correa RJ: 8/5 → 6/4
2026-02-26T20:30:46.387Z [ODDS]  Marica: 9/4 → 12/5, Sampaio Correa RJ: 6/4 → 7/5
2026-02-26T20:30:51.796Z [ODDS]  Draw: 15/8 → 7/4
2026-02-26T20:31:23.366Z [ODDS]  Marica: 12/5 → 5/2
2026-02-26T20:31:56.743Z [ODDS]  Marica: 5/2 → 13/5, Sampaio Correa RJ: 7/5 → 13/10
2026-02-26T20:32:11.183Z [ODDS]  Sampaio Correa RJ: 13/10 → 11/8
2026-02-26T20:32:43.646Z [ODDS]  Marica: 13/5 → 11/4, Sampaio Correa RJ: 11/8 → 13/10
2026-02-26T20:32:57.176Z [ODDS]  Marica: 11/4 → 13/5, Sampaio Correa RJ: 13/10 → 7/5
2026-02-26T20:33:06.210Z [ODDS]  Marica: 13/5 → 5/2, Draw: 7/4 → 15/8
2026-02-26T20:33:16.129Z [ODDS]  Draw: 15/8 → 7/4
2026-02-26T20:33:20.633Z [ODDS]  Marica: 5/2 → 13/5
2026-02-26T20:33:44.084Z [ODDS]  Sampaio Correa RJ: 7/5 → 11/8
2026-02-26T20:34:01.677Z [ODDS]  Sampaio Correa RJ: 11/8 → 7/5
2026-02-26T20:34:07.985Z [ODDS]  Marica: 13/5 → 5/2
2026-02-26T20:34:17.012Z [ODDS]  Marica: 5/2 → 12/5
2026-02-26T20:34:25.592Z [ODDS]  Marica: 12/5 → 5/2
2026-02-26T20:34:36.864Z [ODDS]  Marica: 5/2 → 13/5
2026-02-26T20:34:39.103Z [ODDS]  Marica: 13/5 → 11/4, Sampaio Correa RJ: 7/5 → 11/8
2026-02-26T20:34:51.735Z [ODDS]  Marica: 11/4 → 13/5
2026-02-26T20:34:58.049Z [ODDS]  Marica: 13/5 → 11/4, Sampaio Correa RJ: 11/8 → 13/10
2026-02-26T20:35:07.971Z [ODDS]  Marica: 11/4 → 13/5, Sampaio Correa RJ: 13/10 → 11/8
2026-02-26T20:35:43.597Z [ODDS]  Sampaio Correa RJ: 11/8 → 7/5
2026-02-26T20:35:51.725Z [ODDS]  Marica: 13/5 → 5/2
2026-02-26T20:35:55.777Z [ODDS]  Marica: 5/2 → 13/5
2026-02-26T20:35:58.931Z [ODDS]  Marica: 13/5 → 12/5, Sampaio Correa RJ: 7/5 → 6/4
2026-02-26T20:36:09.332Z [ODDS]  Sampaio Correa RJ: 6/4 → 7/5
2026-02-26T20:36:21.481Z [ODDS]  Marica: 12/5 → 5/2
2026-02-26T20:36:30.960Z [ODDS]  Marica: 5/2 → 13/5
2026-02-26T20:36:38.619Z [ODDS]  Marica: 13/5 → 11/4, Sampaio Correa RJ: 7/5 → 11/8
2026-02-26T20:36:39.973Z [ODDS]  Marica: 11/4 → 13/5, Sampaio Correa RJ: 11/8 → 7/5
2026-02-26T20:37:21.563Z [ODDS]  Marica: 13/5 → 12/5, Sampaio Correa RJ: 7/5 → 6/4
2026-02-26T20:37:27.328Z [ODDS]  Marica: 12/5 → 5/2, Sampaio Correa RJ: 6/4 → 7/5
2026-02-26T20:37:36.799Z [ODDS]  Draw: 7/4 → 13/8, Sampaio Correa RJ: 7/5 → 6/4
2026-02-26T20:38:26.103Z [ODDS]  Marica: 5/2 → 13/5
2026-02-26T20:38:41.919Z [ODDS]  Sampaio Correa RJ: 6/4 → 7/5
2026-02-26T20:39:59.018Z [ODDS]  Marica: 13/5 → 11/4, Sampaio Correa RJ: 7/5 → 11/8
2026-02-26T20:40:46.821Z [ODDS]  Marica: 11/4 → 5/2, Draw: 13/8 → 7/4, Sampaio Correa RJ: 11/8 → 7/5
2026-02-26T20:40:48.176Z [ODDS]  Marica: 5/2 → 11/4, Draw: 7/4 → 13/8, Sampaio Correa RJ: 7/5 → 11/8
2026-02-26T20:41:07.566Z [ODDS]  Marica: 11/4 → 5/2, Sampaio Correa RJ: 11/8 → 6/4
2026-02-26T20:41:28.763Z [ODDS]  Marica: 5/2 → 12/5
2026-02-26T20:41:45.901Z [ODDS]  Marica: 12/5 → 5/2
2026-02-26T20:42:40.026Z [ODDS]  Draw: 13/8 → 8/5, Sampaio Correa RJ: 6/4 → 8/5
2026-02-26T20:43:06.180Z [ODDS]  Draw: 8/5 → 6/4, Sampaio Correa RJ: 8/5 → 13/8
2026-02-26T20:43:22.867Z [ODDS]  Marica: 5/2 → 13/5, Sampaio Correa RJ: 13/8 → 8/5
2026-02-26T20:44:51.275Z [ODDS]  Marica: 13/5 → 11/4, Sampaio Correa RJ: 8/5 → 6/4
2026-02-26T20:44:52.619Z [ODDS]  Marica: 11/4 → 13/5, Sampaio Correa RJ: 6/4 → 8/5
2026-02-26T20:45:31.408Z [ODDS]  Marica: 13/5 → 11/4, Sampaio Correa RJ: 8/5 → 6/4
2026-02-26T20:45:34.560Z [ODDS]  Marica: 11/4 → 13/5, Sampaio Correa RJ: 6/4 → 8/5
2026-02-26T20:45:46.298Z [ODDS]  Marica: 13/5 → 11/4
2026-02-26T20:45:47.643Z [ODDS]  Marica: 11/4 → 13/5
2026-02-26T20:46:08.387Z [ODDS]  Marica: 13/5 → 11/4
2026-02-26T20:46:18.313Z [ODDS]  Marica: 11/4 → 13/5
2026-02-26T20:46:39.958Z [ODDS]  Marica: 13/5 → 5/2, Sampaio Correa RJ: 8/5 → 13/8
2026-02-26T20:46:41.761Z [ODDS]  Marica: 5/2 → 13/5, Sampaio Correa RJ: 13/8 → 8/5
2026-02-26T20:46:47.175Z [ODDS]  Marica: 13/5 → 11/4
2026-02-26T20:46:56.196Z [ODDS]  Draw: 6/4 → 7/5
2026-02-26T20:47:03.411Z [ODDS]  Draw: 7/5 → 6/4
2026-02-26T20:47:12.439Z [ODDS]  Marica: 11/4 → 13/5, Sampaio Correa RJ: 8/5 → 13/8
2026-02-26T20:48:32.353Z [ODDS]  Draw: 6/4 → 7/5
2026-02-26T20:48:38.667Z [ODDS]  Marica: 13/5 → 11/4, Draw: 7/5 → 6/4, Sampaio Correa RJ: 13/8 → 8/5
2026-02-26T20:48:44.531Z [ODDS]  Marica: 11/4 → 13/5, Draw: 6/4 → 7/5, Sampaio Correa RJ: 8/5 → 13/8
2026-02-26T20:48:47.240Z [ODDS]  Draw: 7/5 → 6/4
2026-02-26T20:48:58.061Z [ODDS]  Draw: 6/4 → 7/5
2026-02-26T20:49:21.514Z [ODDS]  Draw: 7/5 → 6/4
2026-02-26T20:49:25.587Z [ODDS]  Draw: 6/4 → 7/5
2026-02-26T20:49:32.350Z [ODDS]  Marica: 13/5 → 11/4
2026-02-26T21:00:17.318Z [ODDS]  Sampaio Correa RJ: 13/8 → 8/5
2026-02-26T21:02:06.013Z [ODDS]  Sampaio Correa RJ: 8/5 → 13/8
2026-02-26T21:02:08.269Z [ODDS]  Sampaio Correa RJ: 13/8 → 8/5
2026-02-26T21:02:10.073Z [ODDS]  Sampaio Correa RJ: 8/5 → 13/8
2026-02-26T21:06:45.187Z [ODDS]  Draw: 7/5 → 11/8
2026-02-26T21:08:39.591Z [ODDS]  Marica: 11/4 → 3/1, Sampaio Correa RJ: 13/8 → 8/5
2026-02-26T21:08:40.948Z [ODDS]  Marica: 3/1 → 11/4, Sampaio Correa RJ: 8/5 → 13/8
2026-02-26T21:08:48.165Z [ODDS]  Draw: 11/8 → 13/10, Sampaio Correa RJ: 13/8 → 7/4
2026-02-26T21:08:51.335Z [ODDS]  Marica: 11/4 → 3/1
2026-02-26T21:09:10.714Z [ODDS]  Draw: 13/10 → 5/4
2026-02-26T21:10:52.731Z [ODDS]  Marica: 3/1 → 11/4, Sampaio Correa RJ: 7/4 → 15/8
2026-02-26T21:10:58.504Z [ODDS]  Sampaio Correa RJ: 15/8 → 7/4
2026-02-26T21:11:02.569Z [ODDS]  Marica: 11/4 → 3/1
2026-02-26T21:11:22.855Z [ODDS]  Draw: 5/4 → 6/5
2026-02-26T21:11:40.005Z [ODDS]  Sampaio Correa RJ: 7/4 → 15/8
2026-02-26T21:12:20.625Z [ODDS]  Draw: 6/5 → 5/4, Sampaio Correa RJ: 15/8 → 7/4
2026-02-26T21:12:25.545Z [ODDS]  Draw: 5/4 → 6/5, Sampaio Correa RJ: 7/4 → 15/8
2026-02-26T21:14:09.326Z [ODDS]  Draw: 6/5 → 11/10
2026-02-26T21:16:20.071Z [ODDS]  Marica: 3/1 → 10/3, Draw: 11/10 → 21/20
2026-02-26T21:17:09.685Z [ODDS]  Sampaio Correa RJ: 15/8 → 2/1
2026-02-26T21:17:52.989Z [ODDS]  Draw: 21/20 → 1/1
2026-02-26T21:19:16.873Z [ODDS]  Marica: 10/3 → 3/1, Draw: 1/1 → 21/20, Sampaio Correa RJ: 2/1 → 21/10
2026-02-26T21:19:19.574Z [ODDS]  Marica: 3/1 → 10/3, Draw: 21/20 → 1/1
2026-02-26T21:20:01.071Z [ODDS]  Marica: 10/3 → 7/2, Draw: 1/1 → 20/21
2026-02-26T21:20:02.873Z [ODDS]  Sampaio Correa RJ: 21/10 → 2/1
2026-02-26T21:20:04.220Z [ODDS]  Marica: 7/2 → 10/3, Sampaio Correa RJ: 2/1 → 21/10
2026-02-26T21:20:06.485Z [ODDS]  Marica: 10/3 → 7/2, Sampaio Correa RJ: 21/10 → 2/1
2026-02-26T21:20:12.802Z [ODDS]  Marica: 7/2 → 15/4
2026-02-26T21:21:10.519Z [ODDS]  Marica: 15/4 → 7/2, Sampaio Correa RJ: 2/1 → 21/10
2026-02-26T21:21:21.350Z [ODDS]  Marica: 7/2 → 15/4, Draw: 20/21 → 10/11
2026-02-26T21:21:37.130Z [ODDS]  Marica: 15/4 → 7/2
2026-02-26T21:22:21.327Z [ODDS]  Marica: 7/2 → 15/4
2026-02-26T21:23:10.937Z [ODDS]  Marica: 15/4 → 4/1, Draw: 10/11 → 5/6
2026-02-26T21:24:13.685Z [ODDS]  Sampaio Correa RJ: 21/10 → 2/1
2026-02-26T21:24:15.706Z [ODDS]  Sampaio Correa RJ: 2/1 → 21/10
2026-02-26T21:24:21.666Z [ODDS]  Marica: 4/1 → 9/2
2026-02-26T21:24:33.489Z [ODDS]  Marica: 9/2 → 15/4, Sampaio Correa RJ: 21/10 → 9/4
2026-02-26T21:24:50.640Z [ODDS]  Draw: 5/6 → 4/5
2026-02-26T21:24:56.490Z [ODDS]  Marica: 15/4 → 9/2, Sampaio Correa RJ: 9/4 → 11/5
2026-02-26T21:24:58.298Z [ODDS]  Marica: 9/2 → 15/4, Sampaio Correa RJ: 11/5 → 9/4
2026-02-26T21:25:01.453Z [ODDS]  Marica: 15/4 → 9/2, Sampaio Correa RJ: 9/4 → 11/5
2026-02-26T21:25:05.073Z [ODDS]  Marica: 9/2 → 4/1, Draw: 4/5 → 8/11, Sampaio Correa RJ: 11/5 → 5/2
2026-02-26T21:25:56.952Z [ODDS]  Marica: 4/1 → 9/2, Sampaio Correa RJ: 5/2 → 9/4
2026-02-26T21:26:09.127Z [ODDS]  Marica: 9/2 → 5/1
2026-02-26T21:26:18.154Z [ODDS]  Marica: 5/1 → 9/2
2026-02-26T21:26:20.840Z [ODDS]  Marica: 9/2 → 4/1, Sampaio Correa RJ: 9/4 → 13/5
2026-02-26T21:26:28.499Z [ODDS]  Sampaio Correa RJ: 13/5 → 9/4
2026-02-26T21:26:32.120Z [ODDS]  Marica: 4/1 → 7/2, Sampaio Correa RJ: 9/4 → 11/4
2026-02-26T21:27:00.075Z [ODDS]  Marica: 7/2 → 4/1, Sampaio Correa RJ: 11/4 → 13/5
2026-02-26T21:27:05.522Z [ODDS]  Marica: 4/1 → 15/4, Draw: 8/11 → 4/6, Sampaio Correa RJ: 13/5 → 11/4
2026-02-26T21:27:57.795Z [ODDS]  Marica: 15/4 → 4/1
2026-02-26T21:29:34.322Z [ODDS]  Sampaio Correa RJ: 11/4 → 3/1
2026-02-26T21:29:35.664Z [ODDS]  Sampaio Correa RJ: 3/1 → 11/4
2026-02-26T21:29:43.798Z [ODDS]  Marica: 4/1 → 15/4, Sampaio Correa RJ: 11/4 → 3/1
2026-02-26T21:30:12.650Z [ODDS]  Marica: 15/4 → 7/2
2026-02-26T21:30:16.254Z [ODDS]  Marica: 7/2 → 4/1
2026-02-26T21:30:24.925Z [ODDS]  Marica: 4/1 → 15/4
2026-02-26T21:30:57.751Z [ODDS]  Marica: 15/4 → 10/3, Sampaio Correa RJ: 3/1 → 10/3
2026-02-26T21:30:59.550Z [ODDS]  Draw: 4/6 → 8/11
2026-02-26T21:31:07.668Z [ODDS]  Draw: 8/11 → 4/6
2026-02-26T21:31:43.353Z [ODDS]  Marica: 10/3 → 15/4, Draw: 4/6 → 8/13, Sampaio Correa RJ: 10/3 → 3/1
2026-02-26T21:31:48.926Z [ODDS]  Marica: 15/4 → 4/1, Sampaio Correa RJ: 3/1 → 10/3
2026-02-26T21:32:07.695Z [ODDS]  Draw: 8/13 → 4/7
2026-02-26T21:32:09.010Z [ODDS]  Draw: 4/7 → 8/13
2026-02-26T21:32:26.607Z [ODDS]  Draw: 8/13 → 4/7
2026-02-26T21:33:42.823Z [ODDS]  Marica: 4/1 → 9/2, Sampaio Correa RJ: 10/3 → 3/1
2026-02-26T21:33:44.171Z [ODDS]  Marica: 9/2 → 5/1, Draw: 4/7 → 1/2, Sampaio Correa RJ: 3/1 → 7/2
2026-02-26T21:34:17.560Z [ODDS]  Sampaio Correa RJ: 7/2 → 10/3
2026-02-26T21:34:19.367Z [ODDS]  Sampaio Correa RJ: 10/3 → 7/2
2026-02-26T21:34:34.684Z [ODDS]  Draw: 1/2 → 4/9, Sampaio Correa RJ: 7/2 → 15/4
2026-02-26T21:35:54.066Z [ODDS]  Marica: 5/1 → 9/2, Draw: 4/9 → 1/2, Sampaio Correa RJ: 15/4 → 4/1
2026-02-26T21:35:55.934Z [ODDS]  Draw: 1/2 → 4/9, Sampaio Correa RJ: 4/1 → 15/4
2026-02-26T21:35:57.676Z [ODDS]  Marica: 9/2 → 5/1
2026-02-26T21:36:24.277Z [ODDS]  Sampaio Correa RJ: 15/4 → 4/1
2026-02-26T21:36:36.454Z [ODDS]  Marica: 5/1 → 11/2, Sampaio Correa RJ: 4/1 → 15/4
2026-02-26T21:36:44.575Z [ODDS]  Marica: 11/2 → 2/9, Draw: 4/9 → 10/3, Sampaio Correa RJ: 15/4 → 40/1
2026-02-26T21:36:44.575Z [EVENT]  score: 0-1
2026-02-26T21:36:54.948Z [ODDS]  Marica: 2/9 → 1/3, Draw: 10/3 → 3/1, Sampaio Correa RJ: 40/1 → 18/1
2026-02-26T21:37:02.614Z [ODDS]  Draw: 3/1 → 11/4, Sampaio Correa RJ: 18/1 → 20/1
2026-02-26T21:37:14.794Z [ODDS]  Marica: 1/3 → 3/10
2026-02-26T21:37:24.286Z [ODDS]  Sampaio Correa RJ: 20/1 → 22/1
2026-02-26T21:37:30.144Z [ODDS]  Draw: 11/4 → 3/1
2026-02-26T21:38:35.835Z [ODDS]  Sampaio Correa RJ: 22/1 → 25/1
2026-02-26T21:38:48.014Z [ODDS]  Marica: 3/10 → 2/7, Sampaio Correa RJ: 25/1 → 28/1
2026-02-26T21:38:51.618Z [ODDS]  Sampaio Correa RJ: 28/1 → 25/1
2026-02-26T21:39:14.621Z [ODDS]  Sampaio Correa RJ: 25/1 → 28/1
2026-02-26T21:39:30.855Z [ODDS]  Marica: 2/7 → 3/10, Draw: 3/1 → 11/4, Sampaio Correa RJ: 28/1 → 22/1
2026-02-26T21:39:32.209Z [ODDS]  Marica: 3/10 → 2/7, Draw: 11/4 → 3/1, Sampaio Correa RJ: 22/1 → 28/1
2026-02-26T21:39:33.563Z [ODDS]  Marica: 2/7 → 3/10, Sampaio Correa RJ: 28/1 → 25/1
2026-02-26T21:39:34.919Z [ODDS]  Marica: 3/10 → 2/7
2026-02-26T21:40:07.846Z [ODDS]  Marica: 2/7 → 3/10, Sampaio Correa RJ: 25/1 → 22/1
2026-02-26T21:40:19.113Z [ODDS]  Marica: 3/10 → 2/7, Sampaio Correa RJ: 22/1 → 28/1
2026-02-26T21:40:26.780Z [ODDS]  Sampaio Correa RJ: 28/1 → 25/1
2026-02-26T21:40:28.137Z [ODDS]  Sampaio Correa RJ: 25/1 → 28/1
2026-02-26T21:40:32.193Z [ODDS]  Marica: 2/7 → 9/2, Draw: 3/1 → 4/7, Sampaio Correa RJ: 28/1 → 10/3
2026-02-26T21:40:32.193Z [EVENT]  score: 1-1
2026-02-26T21:40:47.981Z [ODDS]  Draw: 4/7 → 8/13, Sampaio Correa RJ: 10/3 → 3/1
2026-02-26T21:40:49.330Z [ODDS]  Draw: 8/13 → 8/15, Sampaio Correa RJ: 3/1 → 10/3
2026-02-26T21:41:50.230Z [ODDS]  Marica: 9/2 → 5/1, Draw: 8/15 → 1/2, Sampaio Correa RJ: 10/3 → 7/2
2026-02-26T21:43:11.396Z [ODDS]  Draw: 1/2 → 4/9, Sampaio Correa RJ: 7/2 → 15/4
2026-02-26T21:43:20.877Z [ODDS]  Marica: 5/1 → 4/1, Draw: 4/9 → 1/2
2026-02-26T21:43:22.226Z [ODDS]  Marica: 4/1 → 5/1, Draw: 1/2 → 4/9
2026-02-26T21:43:34.604Z [ODDS]  Draw: 4/9 → 1/2, Sampaio Correa RJ: 15/4 → 10/3
2026-02-26T21:43:43.421Z [ODDS]  Sampaio Correa RJ: 10/3 → 7/2
2026-02-26T21:43:48.835Z [ODDS]  Draw: 1/2 → 8/15, Sampaio Correa RJ: 7/2 → 3/1
2026-02-26T21:43:49.732Z [ODDS]  Draw: 8/15 → 1/2, Sampaio Correa RJ: 3/1 → 7/2
2026-02-26T21:44:02.360Z [ODDS]  Marica: 5/1 → 6/1, Draw: 1/2 → 2/5, Sampaio Correa RJ: 7/2 → 4/1
2026-02-26T21:44:17.695Z [ODDS]  Marica: 6/1 → 11/2, Draw: 2/5 → 4/9, Sampaio Correa RJ: 4/1 → 15/4
2026-02-26T21:44:58.737Z [ODDS]  Marica: 11/2 → 6/1, Sampaio Correa RJ: 15/4 → 10/3
2026-02-26T21:45:05.510Z [ODDS]  Marica: 6/1 → 11/2, Draw: 4/9 → 2/5, Sampaio Correa RJ: 10/3 → 15/4
2026-02-26T21:45:06.403Z [ODDS]  Marica: 11/2 → 6/1, Draw: 2/5 → 4/11, Sampaio Correa RJ: 15/4 → 4/1
2026-02-26T21:45:23.090Z [ODDS]  Sampaio Correa RJ: 4/1 → 9/2
2026-02-26T21:45:42.486Z [ODDS]  Marica: 6/1 → 13/2, Draw: 4/11 → 2/5, Sampaio Correa RJ: 9/2 → 7/2
2026-02-26T21:45:54.210Z [ODDS]  Sampaio Correa RJ: 7/2 → 15/4
2026-02-26T21:46:28.936Z [ODDS]  Draw: 2/5 → 4/11
2026-02-26T21:46:35.702Z [ODDS]  Draw: 4/11 → 1/3, Sampaio Correa RJ: 15/4 → 9/2
2026-02-26T21:46:53.743Z [ODDS]  Draw: 1/3 → 4/11, Sampaio Correa RJ: 9/2 → 4/1
2026-02-26T21:46:55.097Z [ODDS]  Draw: 4/11 → 1/3, Sampaio Correa RJ: 4/1 → 9/2
2026-02-26T21:47:01.413Z [ODDS]  Draw: 1/3 → 3/10, Sampaio Correa RJ: 9/2 → 5/1
2026-02-26T21:47:12.688Z [ODDS]  Marica: 13/2 → 7/1
2026-02-26T21:47:44.257Z [ODDS]  Marica: 7/1 → 80/1, Draw: 3/10 → 6/1, Sampaio Correa RJ: 5/1 → 1/10
2026-02-26T21:47:44.257Z [EVENT]  score: 2-1
2026-02-26T21:48:36.574Z [ODDS]  Marica: 80/1 → 100/1
2026-02-26T21:48:55.074Z [ODDS]  Draw: 6/1 → 13/2, Sampaio Correa RJ: 1/10 → 1/11
2026-02-26T21:49:18.972Z [ODDS]  Sampaio Correa RJ: 1/11 → 1/12
2026-02-26T21:49:51.920Z [ODDS]  Draw: 13/2 → 7/1
2026-02-26T21:50:12.191Z [ODDS]  Marica: 100/1 → 125/1, Draw: 7/1 → 8/1, Sampaio Correa RJ: 1/12 → 1/14
2026-02-26T21:50:39.255Z [ODDS]  Marica: 125/1 → 150/1
2026-02-26T21:51:00.448Z [ODDS]  Draw: 8/1 → 9/1, Sampaio Correa RJ: 1/14 → 1/16
2026-02-26T21:52:23.858Z [ODDS]  Draw: 9/1 → 10/1, Sampaio Correa RJ: 1/16 → 1/20
2026-02-26T21:52:34.678Z [ODDS]  Marica: 150/1 → 200/1
2026-02-26T21:53:36.590Z [ODDS]  Marica: 200/1 → 250/1
2026-02-26T21:53:44.256Z [ODDS]  Draw: 10/1 → 12/1, Sampaio Correa RJ: 1/20 → 1/25
2026-02-26T21:54:25.311Z [ODDS]  Marica: 250/1 → 300/1
2026-02-26T21:54:35.257Z [ODDS]  Marica: 300/1 → 500/1, Draw: 12/1 → 16/1, Sampaio Correa RJ: 1/25 → 1/40
2026-02-26T21:55:25.731Z [ODDS]  Draw: 16/1 → 18/1, Sampaio Correa RJ: 1/40 → 1/50
2026-02-26T21:56:29.773Z [ODDS]  Draw: 18/1 → 20/1, Sampaio Correa RJ: 1/50 → 1/66
2026-02-26T21:56:36.088Z [ODDS]  Draw: 20/1 → 22/1, Sampaio Correa RJ: 1/66 → 1/80
2026-02-26T21:57:08.116Z [ODDS]  Draw: 22/1 → 25/1, Sampaio Correa RJ: 1/80 → 1/100
2026-02-26T21:57:29.761Z [ODDS]  Sampaio Correa RJ: 1/100 → 1/125
2026-02-26T21:57:36.522Z [ODDS]  Draw: 25/1 → 28/1, Sampaio Correa RJ: 1/125 → 1/150
