2026-02-26T23:38:17.968Z [ODDS]  Eintracht (Vendetta): 9/1 → 10/1
2026-02-26T23:38:44.121Z [ODDS]  Bayern (Lucas): 1/4 → 2/9
2026-02-26T23:38:48.180Z [ODDS]  Eintracht (Vendetta): 10/1 → 11/1
2026-02-26T23:39:02.612Z [ODDS]  Draw: 10/3 → 7/2
2026-02-26T23:39:14.791Z [ODDS]  Eintracht (Vendetta): 11/1 → 12/1
2026-02-26T23:39:22.456Z [ODDS]  Bayern (Lucas): 2/9 → 1/5
2026-02-26T23:39:23.375Z [ODDS]  Bayern (Lucas): 1/5 → 2/9
2026-02-26T23:39:24.713Z [ODDS]  Bayern (Lucas): 2/9 → 1/5
2026-02-26T23:39:44.104Z [ODDS]  Eintracht (Vendetta): 12/1 → 14/1
2026-02-26T23:39:52.222Z [ODDS]  Bayern (Lucas): 1/5 → 2/11
2026-02-26T23:40:01.242Z [ODDS]  Draw: 7/2 → 15/4
2026-02-26T23:40:07.105Z [ODDS]  Eintracht (Vendetta): 14/1 → 16/1
2026-02-26T23:40:12.518Z [ODDS]  Bayern (Lucas): 2/11 → 1/6
2026-02-26T23:40:26.949Z [ODDS]  Eintracht (Vendetta): 16/1 → 18/1
2026-02-26T23:40:35.072Z [ODDS]  Draw: 15/4 → 4/1
2026-02-26T23:40:44.989Z [ODDS]  Eintracht (Vendetta): 18/1 → 20/1
2026-02-26T23:41:01.676Z [ODDS]  Eintracht (Vendetta): 20/1 → 22/1, Draw: 4/1 → 9/2, Bayern (Lucas): 1/6 → 1/7
2026-02-26T23:41:07.539Z [ODDS]  Eintracht (Vendetta): 22/1 → 25/1
2026-02-26T23:41:26.030Z [ODDS]  Eintracht (Vendetta): 25/1 → 28/1, Draw: 9/2 → 5/1, Bayern (Lucas): 1/7 → 1/8
2026-02-26T23:41:39.560Z [ODDS]  Draw: 5/1 → 11/2, Bayern (Lucas): 1/8 → 1/9
2026-02-26T23:41:47.227Z [ODDS]  Eintracht (Vendetta): 28/1 → 33/1
2026-02-26T23:41:48.129Z [ODDS]  Draw: 11/2 → 6/1, Bayern (Lucas): 1/9 → 1/10
2026-02-26T23:41:59.404Z [ODDS]  Eintracht (Vendetta): 33/1 → 40/1
2026-02-26T23:42:05.267Z [ODDS]  Draw: 6/1 → 7/1, Bayern (Lucas): 1/10 → 1/12
2026-02-26T23:42:08.428Z [ODDS]  Eintracht (Vendetta): 40/1 → 50/1
