2026-02-27T03:08:30.313Z [ODDS]  Man City (Lucas): 1/14 → 1/16, Draw: 8/1 → 9/1
2026-02-27T03:08:47.901Z [ODDS]  Arsenal (Furious): 16/1 → 18/1
2026-02-27T03:08:57.371Z [ODDS]  Man City (Lucas): 1/16 → 1/18
2026-02-27T03:08:58.724Z [ODDS]  Man City (Lucas): 1/18 → 1/20, Draw: 9/1 → 10/1
2026-02-27T03:09:22.631Z [ODDS]  Arsenal (Furious): 18/1 → 20/1
2026-02-27T03:09:34.808Z [ODDS]  Man City (Lucas): 1/20 → 1/25, Draw: 10/1 → 12/1
2026-02-27T03:09:57.811Z [ODDS]  Man City (Lucas): 1/25 → 1/28, Arsenal (Furious): 20/1 → 22/1
2026-02-27T03:10:11.894Z [ODDS]  Man City (Lucas): 1/28 → 1/33, Draw: 12/1 → 14/1
2026-02-27T03:10:13.244Z [ODDS]  Man City (Lucas): 1/33 → 1/28, Draw: 14/1 → 12/1
2026-02-27T03:10:13.695Z [ODDS]  Man City (Lucas): 1/28 → 1/33, Draw: 12/1 → 14/1
2026-02-27T03:10:27.677Z [ODDS]  Arsenal (Furious): 22/1 → 25/1
2026-02-27T03:10:28.581Z [ODDS]  Man City (Lucas): 1/33 → 1/250, Draw: 14/1 → 40/1, Arsenal (Furious): 25/1 → 40/1
2026-02-27T03:10:28.581Z [EVENT]  score: 0-3
2026-02-27T03:10:36.699Z [ODDS]  Man City (Lucas): 1/250 → 1/200, Draw: 40/1 → 33/1, Arsenal (Furious): 40/1 → 33/1
2026-02-27T03:10:42.561Z [ODDS]  Man City (Lucas): 1/200 → 1/150, Draw: 33/1 → 28/1, Arsenal (Furious): 33/1 → 28/1
2026-02-27T03:10:57.449Z [ODDS]  Man City (Lucas): 1/150 → 1/200, Draw: 28/1 → 33/1, Arsenal (Furious): 28/1 → 33/1
2026-02-27T03:11:06.027Z [ODDS]  Man City (Lucas): 1/200 → 1/150, Draw: 33/1 → 28/1, Arsenal (Furious): 33/1 → 28/1
2026-02-27T03:11:09.169Z [ODDS]  Man City (Lucas): 1/150 → 1/200, Draw: 28/1 → 33/1, Arsenal (Furious): 28/1 → 33/1
2026-02-27T03:11:22.252Z [ODDS]  Man City (Lucas): 1/200 → 1/250, Draw: 33/1 → 40/1, Arsenal (Furious): 33/1 → 40/1
2026-02-27T03:11:24.057Z [ODDS]  Man City (Lucas): 1/250 → 1/33, Draw: 40/1 → 14/1, Arsenal (Furious): 40/1 → 25/1
2026-02-27T03:11:24.057Z [EVENT]  score: 1-3
2026-02-27T03:11:27.210Z [ODDS]  Arsenal (Furious): 25/1 → 28/1
2026-02-27T03:11:30.387Z [ODDS]  Man City (Lucas): 1/33 → 1/40, Draw: 14/1 → 16/1
2026-02-27T03:11:51.136Z [ODDS]  Man City (Lucas): 1/40 → 1/50, Draw: 16/1 → 18/1, Arsenal (Furious): 28/1 → 33/1
2026-02-27T03:12:01.487Z [ODDS]  Man City (Lucas): 1/50 → 1/66, Draw: 18/1 → 20/1
2026-02-27T03:12:08.252Z [ODDS]  Arsenal (Furious): 33/1 → 40/1
2026-02-27T03:12:09.607Z [ODDS]  Man City (Lucas): 1/66 → 1/80, Draw: 20/1 → 22/1
2026-02-27T03:12:12.768Z [ODDS]  Man City (Lucas): 1/80 → 1/66, Draw: 22/1 → 20/1
2026-02-27T03:12:13.684Z [ODDS]  Man City (Lucas): 1/66 → 1/80, Draw: 20/1 → 22/1
2026-02-27T03:12:19.977Z [ODDS]  Man City (Lucas): 1/80 → 1/100, Draw: 22/1 → 25/1
2026-02-27T03:12:26.742Z [ODDS]  Man City (Lucas): 1/100 → 1/125, Arsenal (Furious): 40/1 → 50/1
2026-02-27T03:12:27.647Z [ODDS]  Man City (Lucas): 1/125 → 1/150, Draw: 25/1 → 28/1
2026-02-27T03:12:31.703Z [ODDS]  Man City (Lucas): 1/150 → 1/200, Draw: 28/1 → 33/1
