2026-02-27T01:08:25.996Z [ODDS]  Ukraine (hotShot): 15/8 → 2/1, Draw: 21/10 → 2/1
2026-02-27T01:08:28.256Z [ODDS]  Ukraine (hotShot): 2/1 → 8/13, Draw: 2/1 → 13/5, Denmark (Kray): 5/4 → 15/4
2026-02-27T01:08:28.256Z [EVENT]  score: 2-3
2026-02-27T01:08:39.976Z [ODDS]  Ukraine (hotShot): 8/13 → 4/7, Denmark (Kray): 15/4 → 4/1
2026-02-27T01:09:13.806Z [ODDS]  Ukraine (hotShot): 4/7 → 8/13, Draw: 13/5 → 5/2
2026-02-27T01:09:24.177Z [ODDS]  Ukraine (hotShot): 8/13 → 4/7
2026-02-27T01:09:34.099Z [ODDS]  Denmark (Kray): 4/1 → 9/2
2026-02-27T01:09:44.474Z [ODDS]  Draw: 5/2 → 12/5
2026-02-27T01:09:54.846Z [ODDS]  Ukraine (hotShot): 4/7 → 8/15, Denmark (Kray): 9/2 → 5/1
2026-02-27T01:10:04.767Z [ODDS]  Denmark (Kray): 5/1 → 11/2
2026-02-27T01:10:15.140Z [ODDS]  Ukraine (hotShot): 8/15 → 1/2
2026-02-27T01:10:25.513Z [ODDS]  Denmark (Kray): 11/2 → 6/1
2026-02-27T01:10:35.888Z [ODDS]  Draw: 12/5 → 9/4, Denmark (Kray): 6/1 → 13/2
2026-02-27T01:10:45.810Z [ODDS]  Ukraine (hotShot): 1/2 → 4/9, Denmark (Kray): 13/2 → 7/1
2026-02-27T01:11:06.560Z [ODDS]  Ukraine (hotShot): 4/9 → 2/5, Draw: 9/4 → 12/5, Denmark (Kray): 7/1 → 8/1
2026-02-27T01:11:16.935Z [ODDS]  Ukraine (hotShot): 2/5 → 4/11, Denmark (Kray): 8/1 → 17/2
2026-02-27T01:11:26.850Z [ODDS]  Denmark (Kray): 17/2 → 10/1
2026-02-27T01:11:37.229Z [ODDS]  Ukraine (hotShot): 4/11 → 1/3, Draw: 12/5 → 5/2, Denmark (Kray): 10/1 → 11/1
2026-02-27T01:11:47.598Z [ODDS]  Ukraine (hotShot): 1/3 → 2/7, Draw: 5/2 → 13/5, Denmark (Kray): 11/1 → 12/1
2026-02-27T01:11:57.523Z [ODDS]  Ukraine (hotShot): 2/7 → 1/4, Draw: 13/5 → 11/4, Denmark (Kray): 12/1 → 16/1
2026-02-27T01:12:07.893Z [ODDS]  Ukraine (hotShot): 1/4 → 2/9, Draw: 11/4 → 3/1, Denmark (Kray): 16/1 → 20/1
