2026-02-27T00:08:21.194Z [ODDS]  River Plate: 1/100 → 1/125
2026-02-27T00:10:13.493Z [ODDS]  Draw: 25/1 → 22/1, River Plate: 1/125 → 1/80
2026-02-27T00:10:17.101Z [ODDS]  Draw: 22/1 → 25/1, River Plate: 1/80 → 1/100
2026-02-27T00:10:58.593Z [ODDS]  River Plate: 1/100 → 1/125
2026-02-27T00:11:27.915Z [ODDS]  Draw: 25/1 → 22/1, River Plate: 1/125 → 1/80
2026-02-27T00:11:42.791Z [ODDS]  Draw: 22/1 → 25/1, River Plate: 1/80 → 1/125
2026-02-27T00:11:50.008Z [ODDS]  River Plate: 1/125 → 1/100
2026-02-27T00:11:55.419Z [ODDS]  River Plate: 1/100 → 1/125
2026-02-27T00:13:20.660Z [ODDS]  Draw: 25/1 → 28/1, River Plate: 1/125 → 1/150
2026-02-27T00:13:45.915Z [ODDS]  Banfield: 100/1 → 150/1, Draw: 28/1 → 33/1
2026-02-27T00:13:50.425Z [ODDS]  Banfield: 150/1 → 200/1
2026-02-27T00:13:58.092Z [ODDS]  Draw: 33/1 → 40/1
2026-02-27T00:14:19.290Z [ODDS]  Banfield: 200/1 → 250/1
2026-02-27T00:14:26.072Z [ODDS]  River Plate: 1/150 → 1/200
2026-02-27T00:14:34.625Z [ODDS]  River Plate: 1/200 → 1/150
2026-02-27T00:14:44.096Z [ODDS]  River Plate: 1/150 → 1/200
2026-02-27T00:14:49.960Z [ODDS]  Banfield: 250/1 → 300/1
2026-02-27T00:15:48.590Z [ODDS]  Banfield: 300/1 → 125/1, Draw: 40/1 → 25/1, River Plate: 1/200 → 1/125
2026-02-27T00:15:50.394Z [ODDS]  Banfield: 125/1 → 300/1, Draw: 25/1 → 40/1, River Plate: 1/125 → 1/200
2026-02-27T00:16:12.044Z [ODDS]  River Plate: 1/200 → 1/250
2026-02-27T00:16:40.458Z [ODDS]  Banfield: 300/1 → 350/1
2026-02-27T00:17:08.416Z [ODDS]  Banfield: 350/1 → 300/1
2026-02-27T00:17:40.438Z [ODDS]  Banfield: 300/1 → 350/1
2026-02-27T00:18:41.325Z [ODDS]  Banfield: 350/1 → 400/1, River Plate: 1/250 → 1/150
2026-02-27T00:18:46.737Z [ODDS]  Banfield: 400/1 → 350/1, River Plate: 1/150 → 1/250
2026-02-27T00:18:51.703Z [ODDS]  Banfield: 350/1 → 450/1, Draw: 40/1 → 50/1, River Plate: 1/250 → 1/500
2026-02-27T00:19:02.975Z [ODDS]  Banfield: 450/1 → 400/1
2026-02-27T00:20:13.329Z [ODDS]  Banfield: 400/1 → 450/1
2026-02-27T00:21:32.254Z [ODDS]  Banfield: 450/1 → 500/1
2026-02-27T00:21:49.392Z [ODDS]  Banfield: 500/1 → 450/1
