2026-02-26T22:08:14.329Z [ODDS]  Vitoria SC (Kodak): 11/1 → 10/1, Draw: 8/1 → 15/2, Braga (Kray): 1/14 → 1/12
2026-02-26T22:08:22.896Z [ODDS]  Vitoria SC (Kodak): 10/1 → 9/1
2026-02-26T22:08:32.821Z [ODDS]  Vitoria SC (Kodak): 9/1 → 10/1
2026-02-26T22:08:59.425Z [ODDS]  Draw: 15/2 → 8/1, Braga (Kray): 1/12 → 1/14
2026-02-26T22:09:19.720Z [ODDS]  Vitoria SC (Kodak): 10/1 → 11/1
2026-02-26T22:09:30.095Z [ODDS]  Draw: 8/1 → 9/1, Braga (Kray): 1/14 → 1/16
2026-02-26T22:09:50.388Z [ODDS]  Vitoria SC (Kodak): 11/1 → 12/1
2026-02-26T22:10:11.153Z [ODDS]  Braga (Kray): 1/16 → 1/18
2026-02-26T22:10:21.071Z [ODDS]  Draw: 9/1 → 10/1, Braga (Kray): 1/18 → 1/20
2026-02-26T22:10:21.544Z [ODDS]  Draw: 10/1 → 9/1, Braga (Kray): 1/20 → 1/18
2026-02-26T22:10:23.774Z [ODDS]  Vitoria SC (Kodak): 12/1 → 15/2, Draw: 9/1 → 11/2, Braga (Kray): 1/18 → 2/11
2026-02-26T22:10:23.774Z [EVENT]  score: 3-1
2026-02-26T22:10:34.142Z [ODDS]  Vitoria SC (Kodak): 15/2 → 8/1
2026-02-26T22:10:51.280Z [ODDS]  Vitoria SC (Kodak): 8/1 → 15/2, Vitoria SC (Kodak): 15/2 → 8/1, Braga (Kray): 2/11 → 1/6
2026-02-26T22:10:51.280Z [ODDS]  Vitoria SC (Kodak): 8/1 → 15/2, Vitoria SC (Kodak): 15/2 → 8/1
2026-02-26T22:11:21.953Z [ODDS]  Vitoria SC (Kodak): 8/1 → 17/2
2026-02-26T22:11:26.911Z [ODDS]  Vitoria SC (Kodak): 17/2 → 4/1, Draw: 11/2 → 3/1, Braga (Kray): 1/6 → 1/2
2026-02-26T22:11:26.911Z [EVENT]  score: 3-2
2026-02-26T22:11:37.281Z [ODDS]  Vitoria SC (Kodak): 4/1 → 9/2
2026-02-26T22:11:46.302Z [ODDS]  Vitoria SC (Kodak): 9/2 → 4/1
2026-02-26T22:11:47.654Z [ODDS]  Vitoria SC (Kodak): 4/1 → 6/4, Draw: 3/1 → 2/1, Braga (Kray): 1/2 → 8/5
2026-02-26T22:11:47.654Z [EVENT]  score: 3-3
2026-02-26T22:11:58.027Z [ODDS]  Vitoria SC (Kodak): 6/4 → 8/5
2026-02-26T22:12:08.402Z [ODDS]  Braga (Kray): 8/5 → 13/8
2026-02-26T22:12:18.773Z [ODDS]  Draw: 2/1 → 15/8
2026-02-26T22:12:28.719Z [ODDS]  Vitoria SC (Kodak): 8/5 → 13/8, Draw: 15/8 → 7/4, Braga (Kray): 13/8 → 7/4
2026-02-26T22:12:49.442Z [ODDS]  Vitoria SC (Kodak): 13/8 → 7/4, Draw: 7/4 → 8/5
2026-02-26T22:12:59.368Z [ODDS]  Draw: 8/5 → 6/4, Braga (Kray): 7/4 → 15/8
2026-02-26T22:13:09.754Z [ODDS]  Vitoria SC (Kodak): 7/4 → 15/8, Draw: 6/4 → 7/5
2026-02-26T22:13:20.110Z [ODDS]  Draw: 7/5 → 13/10, Braga (Kray): 15/8 → 2/1
2026-02-26T22:13:30.935Z [ODDS]  Vitoria SC (Kodak): 15/8 → 4/11, Draw: 13/10 → 13/5, Braga (Kray): 2/1 → 15/2
2026-02-26T22:13:30.935Z [EVENT]  score: 3-4
2026-02-26T22:13:51.689Z [ODDS]  Vitoria SC (Kodak): 4/11 → 1/3, Braga (Kray): 15/2 → 17/2
2026-02-26T22:14:01.602Z [ODDS]  Draw: 13/5 → 11/4, Braga (Kray): 17/2 → 9/1
2026-02-26T22:14:11.976Z [ODDS]  Vitoria SC (Kodak): 1/3 → 2/7, Braga (Kray): 9/1 → 11/1
2026-02-26T22:14:28.664Z [ODDS]  Vitoria SC (Kodak): 2/7 → 1/4, Draw: 11/4 → 3/1, Braga (Kray): 11/1 → 14/1
2026-02-26T22:15:16.469Z [EVENT]  score: 4-4
