2026-02-27T01:39:11.299Z [ODDS]  Draw: 10/3 → 7/2
2026-02-27T01:39:38.813Z [ODDS]  Genesis de Comayagua: 7/1 → 15/2, CD Marathon: 1/3 → 3/10
2026-02-27T01:39:50.537Z [ODDS]  Genesis de Comayagua: 15/2 → 7/1, CD Marathon: 3/10 → 1/3
2026-02-27T01:40:03.616Z [ODDS]  Genesis de Comayagua: 7/1 → 13/2
2026-02-27T01:40:04.066Z [ODDS]  Genesis de Comayagua: 13/2 → 7/1, Draw: 7/2 → 10/3
2026-02-27T01:41:09.464Z [ODDS]  Draw: 10/3 → 7/2
2026-02-27T01:42:20.729Z [ODDS]  Draw: 7/2 → 10/3
2026-02-27T01:43:38.752Z [ODDS]  Genesis de Comayagua: 7/1 → 15/2
2026-02-27T01:43:43.261Z [ODDS]  Genesis de Comayagua: 15/2 → 7/1, CD Marathon: 1/3 → 4/11
2026-02-27T01:43:44.615Z [ODDS]  Draw: 10/3 → 7/2, CD Marathon: 4/11 → 1/3
2026-02-27T01:43:58.599Z [ODDS]  Draw: 7/2 → 10/3, CD Marathon: 1/3 → 4/11
2026-02-27T01:44:02.206Z [ODDS]  Genesis de Comayagua: 7/1 → 13/2
2026-02-27T01:45:03.091Z [ODDS]  CD Marathon: 4/11 → 2/5
2026-02-27T01:45:34.210Z [ODDS]  Draw: 10/3 → 3/1
2026-02-27T01:45:36.466Z [ODDS]  CD Marathon: 2/5 → 4/11
2026-02-27T01:46:03.976Z [ODDS]  Genesis de Comayagua: 13/2 → 7/1
2026-02-27T01:46:11.654Z [ODDS]  Genesis de Comayagua: 7/1 → 13/2, CD Marathon: 4/11 → 2/5
2026-02-27T01:47:20.657Z [ODDS]  Genesis de Comayagua: 13/2 → 7/1
2026-02-27T01:47:28.323Z [ODDS]  Genesis de Comayagua: 7/1 → 13/2
2026-02-27T01:48:54.465Z [ODDS]  Genesis de Comayagua: 13/2 → 7/1
2026-02-27T01:49:44.977Z [ODDS]  Genesis de Comayagua: 7/1 → 13/2
2026-02-27T01:52:56.363Z [ODDS]  Genesis de Comayagua: 13/2 → 15/8, Draw: 3/1 → 12/5, CD Marathon: 2/5 → 6/5
2026-02-27T01:52:56.364Z [EVENT]  score: 0-1
2026-02-27T01:53:28.835Z [ODDS]  CD Marathon: 6/5 → 5/4
2026-02-27T01:54:04.917Z [ODDS]  Genesis de Comayagua: 15/8 → 11/5, CD Marathon: 5/4 → 11/10
2026-02-27T01:54:06.718Z [ODDS]  Genesis de Comayagua: 11/5 → 9/4, CD Marathon: 11/10 → 21/20
2026-02-27T01:54:18.896Z [ODDS]  Genesis de Comayagua: 9/4 → 11/5, CD Marathon: 21/20 → 11/10
2026-02-27T01:56:03.079Z [ODDS]  Genesis de Comayagua: 11/5 → 21/10
2026-02-27T01:57:25.161Z [ODDS]  Draw: 12/5 → 9/4
2026-02-27T01:57:30.123Z [ODDS]  Genesis de Comayagua: 21/10 → 2/1, Draw: 9/4 → 12/5, CD Marathon: 11/10 → 6/5
2026-02-27T01:57:43.652Z [ODDS]  Genesis de Comayagua: 2/1 → 21/10, Draw: 12/5 → 9/4, CD Marathon: 6/5 → 11/10
2026-02-27T01:57:55.379Z [ODDS]  CD Marathon: 11/10 → 6/5
2026-02-27T01:58:43.636Z [ODDS]  Genesis de Comayagua: 21/10 → 2/1
2026-02-27T02:01:14.277Z [ODDS]  CD Marathon: 6/5 → 5/4
2026-02-27T02:02:38.616Z [ODDS]  Genesis de Comayagua: 2/1 → 15/8
2026-02-27T02:03:12.440Z [ODDS]  CD Marathon: 5/4 → 13/10
2026-02-27T02:04:50.309Z [ODDS]  Draw: 9/4 → 11/5
2026-02-27T02:05:20.976Z [ODDS]  CD Marathon: 13/10 → 11/8
2026-02-27T02:05:41.273Z [ODDS]  Genesis de Comayagua: 15/8 → 2/1, CD Marathon: 11/8 → 5/4
2026-02-27T02:05:59.312Z [ODDS]  CD Marathon: 5/4 → 13/10
2026-02-27T02:05:59.764Z [ODDS]  Genesis de Comayagua: 2/1 → 15/8, Draw: 11/5 → 9/4
2026-02-27T02:06:02.922Z [ODDS]  Draw: 9/4 → 11/5
2026-02-27T02:07:19.590Z [ODDS]  CD Marathon: 13/10 → 11/8
2026-02-27T02:08:19.124Z [ODDS]  Genesis de Comayagua: 15/8 → 7/4
2026-02-27T02:08:37.970Z [ODDS]  Genesis de Comayagua: 7/4 → 4/5, Draw: 11/5 → 12/5, CD Marathon: 11/8 → 3/1
2026-02-27T02:09:30.285Z [ODDS]  Genesis de Comayagua: 4/5 → 5/6
2026-02-27T02:09:59.600Z [ODDS]  Genesis de Comayagua: 5/6 → 4/5
2026-02-27T02:10:22.153Z [ODDS]  CD Marathon: 3/1 → 10/3
2026-02-27T02:13:08.571Z [ODDS]  Genesis de Comayagua: 4/5 → 8/11
2026-02-27T02:13:11.729Z [ODDS]  Genesis de Comayagua: 8/11 → 4/5
2026-02-27T02:13:12.184Z [ODDS]  Genesis de Comayagua: 4/5 → 8/11
2026-02-27T02:13:29.790Z [ODDS]  CD Marathon: 10/3 → 7/2
2026-02-27T02:15:11.699Z [ODDS]  Genesis de Comayagua: 8/11 → 4/5, CD Marathon: 7/2 → 10/3
2026-02-27T02:17:15.724Z [ODDS]  CD Marathon: 10/3 → 7/2
2026-02-27T02:17:56.314Z [ODDS]  Genesis de Comayagua: 4/5 → 8/11
2026-02-27T02:19:17.047Z [ODDS]  Draw: 12/5 → 9/4, CD Marathon: 7/2 → 15/4
2026-02-27T02:26:32.271Z [ODDS]  CD Marathon: 15/4 → 7/2
2026-02-27T02:28:29.537Z [ODDS]  CD Marathon: 7/2 → 15/4
2026-02-27T02:36:48.808Z [ODDS]  Genesis de Comayagua: 8/11 → 4/5, CD Marathon: 15/4 → 7/2
2026-02-27T02:37:30.750Z [ODDS]  CD Marathon: 7/2 → 15/4
2026-02-27T02:37:50.594Z [ODDS]  Genesis de Comayagua: 4/5 → 8/11
2026-02-27T02:40:04.490Z [ODDS]  CD Marathon: 15/4 → 4/1
2026-02-27T02:41:15.752Z [ODDS]  Genesis de Comayagua: 8/11 → 13/5, Draw: 9/4 → 6/4, CD Marathon: 4/1 → 7/5
2026-02-27T02:41:30.633Z [ODDS]  Genesis de Comayagua: 13/5 → 4/1, Draw: 6/4 → 11/8, CD Marathon: 7/5 → 11/10
2026-02-27T02:41:30.633Z [EVENT]  score: 1-1
2026-02-27T02:41:50.477Z [ODDS]  Genesis de Comayagua: 4/1 → 10/3, CD Marathon: 11/10 → 5/4
2026-02-27T02:42:10.321Z [ODDS]  Genesis de Comayagua: 10/3 → 7/2, CD Marathon: 5/4 → 13/10
2026-02-27T02:42:25.204Z [ODDS]  Genesis de Comayagua: 7/2 → 15/4, CD Marathon: 13/10 → 6/5
2026-02-27T02:42:30.616Z [ODDS]  Draw: 11/8 → 13/10, CD Marathon: 6/5 → 5/4
2026-02-27T02:43:17.971Z [ODDS]  Genesis de Comayagua: 15/4 → 7/2, CD Marathon: 5/4 → 13/10
2026-02-27T02:43:28.346Z [ODDS]  Genesis de Comayagua: 7/2 → 15/4, CD Marathon: 13/10 → 5/4
2026-02-27T02:43:48.189Z [ODDS]  Genesis de Comayagua: 15/4 → 7/2, CD Marathon: 5/4 → 13/10
2026-02-27T02:43:51.799Z [ODDS]  Genesis de Comayagua: 7/2 → 10/3
2026-02-27T02:45:01.256Z [ODDS]  Genesis de Comayagua: 10/3 → 7/2
2026-02-27T02:45:04.866Z [ODDS]  Draw: 13/10 → 5/4, CD Marathon: 13/10 → 11/8
2026-02-27T02:45:07.120Z [ODDS]  Genesis de Comayagua: 7/2 → 10/3
2026-02-27T02:45:44.557Z [ODDS]  CD Marathon: 11/8 → 7/5
2026-02-27T02:46:12.969Z [ODDS]  Genesis de Comayagua: 10/3 → 7/2
2026-02-27T02:46:13.871Z [ODDS]  Draw: 5/4 → 6/5, CD Marathon: 7/5 → 11/8
2026-02-27T02:46:31.466Z [ODDS]  CD Marathon: 11/8 → 7/5
2026-02-27T02:46:35.523Z [ODDS]  Draw: 6/5 → 5/4, CD Marathon: 7/5 → 11/8
2026-02-27T02:46:50.861Z [ODDS]  Draw: 5/4 → 6/5, CD Marathon: 11/8 → 7/5
2026-02-27T02:47:13.862Z [ODDS]  Genesis de Comayagua: 7/2 → 15/4, CD Marathon: 7/5 → 11/8
2026-02-27T02:47:40.925Z [ODDS]  Genesis de Comayagua: 15/4 → 7/2, CD Marathon: 11/8 → 7/5
2026-02-27T02:48:09.786Z [ODDS]  Genesis de Comayagua: 7/2 → 15/4
2026-02-27T02:48:18.810Z [ODDS]  Genesis de Comayagua: 15/4 → 4/7, Draw: 6/5 → 12/5, CD Marathon: 7/5 → 11/2
2026-02-27T02:48:18.810Z [EVENT]  score: 1-2
2026-02-27T02:48:39.103Z [ODDS]  Draw: 12/5 → 9/4
2026-02-27T02:49:32.770Z [ODDS]  Draw: 9/4 → 12/5, CD Marathon: 11/2 → 6/1
2026-02-27T02:49:48.103Z [ODDS]  Draw: 12/5 → 9/4
2026-02-27T02:49:54.870Z [ODDS]  CD Marathon: 6/1 → 11/2
2026-02-27T02:50:06.596Z [ODDS]  Draw: 9/4 → 12/5
2026-02-27T02:50:35.013Z [ODDS]  Genesis de Comayagua: 4/7 → 8/15, CD Marathon: 11/2 → 6/1
2026-02-27T02:52:05.221Z [ODDS]  Genesis de Comayagua: 8/15 → 4/7, Draw: 12/5 → 9/4, CD Marathon: 6/1 → 11/2
2026-02-27T02:52:08.374Z [ODDS]  Genesis de Comayagua: 4/7 → 8/15, Draw: 9/4 → 12/5, CD Marathon: 11/2 → 6/1
2026-02-27T02:52:14.687Z [ODDS]  Genesis de Comayagua: 8/15 → 4/7, Draw: 12/5 → 9/4
2026-02-27T02:52:21.903Z [ODDS]  Genesis de Comayagua: 4/7 → 8/15, Draw: 9/4 → 12/5
2026-02-27T02:54:21.419Z [ODDS]  Genesis de Comayagua: 8/15 → 1/2, CD Marathon: 6/1 → 13/2
2026-02-27T02:54:53.892Z [ODDS]  Genesis de Comayagua: 1/2 → 8/15
2026-02-27T02:55:12.835Z [ODDS]  CD Marathon: 13/2 → 6/1
2026-02-27T02:55:22.755Z [ODDS]  CD Marathon: 6/1 → 13/2
2026-02-27T02:55:37.640Z [ODDS]  Genesis de Comayagua: 8/15 → 1/2
2026-02-27T02:56:24.994Z [ODDS]  Genesis de Comayagua: 1/2 → 8/15, Draw: 12/5 → 9/4
2026-02-27T02:56:35.819Z [ODDS]  Genesis de Comayagua: 8/15 → 1/2, Draw: 9/4 → 12/5
2026-02-27T02:58:53.374Z [ODDS]  CD Marathon: 13/2 → 7/1
2026-02-27T02:59:07.806Z [ODDS]  CD Marathon: 7/1 → 13/2
2026-02-27T02:59:29.003Z [ODDS]  CD Marathon: 13/2 → 7/1
2026-02-27T02:59:48.847Z [ODDS]  Genesis de Comayagua: 1/2 → 4/9
2026-02-27T03:00:10.949Z [ODDS]  Genesis de Comayagua: 4/9 → 1/2
2026-02-27T03:00:30.343Z [ODDS]  Genesis de Comayagua: 1/2 → 4/9
2026-02-27T03:00:56.052Z [ODDS]  Genesis de Comayagua: 4/9 → 1/2, CD Marathon: 7/1 → 13/2
2026-02-27T03:01:05.977Z [ODDS]  CD Marathon: 13/2 → 7/1
2026-02-27T03:02:15.432Z [ODDS]  Genesis de Comayagua: 1/2 → 4/9
2026-02-27T03:02:43.394Z [ODDS]  CD Marathon: 7/1 → 15/2
2026-02-27T03:03:02.788Z [ODDS]  CD Marathon: 15/2 → 8/1
2026-02-27T03:03:07.749Z [ODDS]  CD Marathon: 8/1 → 15/2
2026-02-27T03:03:13.622Z [ODDS]  Draw: 12/5 → 5/2, CD Marathon: 15/2 → 7/1
2026-02-27T03:04:04.124Z [ODDS]  Genesis de Comayagua: 4/9 → 1/2, Draw: 5/2 → 12/5
2026-02-27T03:04:05.927Z [ODDS]  Genesis de Comayagua: 1/2 → 4/9
2026-02-27T03:04:44.349Z [ODDS]  Draw: 12/5 → 5/2, CD Marathon: 7/1 → 15/2
2026-02-27T03:05:06.813Z [ODDS]  Genesis de Comayagua: 4/9 → 2/5
2026-02-27T03:05:24.856Z [ODDS]  Genesis de Comayagua: 2/5 → 4/9
2026-02-27T03:05:36.129Z [ODDS]  CD Marathon: 15/2 → 8/1
2026-02-27T03:05:47.855Z [ODDS]  Genesis de Comayagua: 4/9 → 2/5
2026-02-27T03:05:55.974Z [ODDS]  Draw: 5/2 → 13/5, CD Marathon: 8/1 → 17/2
2026-02-27T03:05:59.583Z [ODDS]  Genesis de Comayagua: 2/5 → 4/9, Draw: 13/5 → 12/5, CD Marathon: 17/2 → 8/1
2026-02-27T03:06:15.385Z [ODDS]  CD Marathon: 8/1 → 17/2
2026-02-27T03:06:33.859Z [ODDS]  CD Marathon: 17/2 → 8/1
2026-02-27T03:06:41.977Z [ODDS]  Genesis de Comayagua: 4/9 → 2/5, CD Marathon: 8/1 → 17/2
2026-02-27T03:07:05.946Z [ODDS]  Draw: 12/5 → 5/2, CD Marathon: 17/2 → 9/1
2026-02-27T03:07:10.847Z [ODDS]  Draw: 5/2 → 12/5, CD Marathon: 9/1 → 17/2
2026-02-27T03:07:32.942Z [ODDS]  CD Marathon: 17/2 → 9/1
2026-02-27T03:08:17.595Z [ODDS]  Genesis de Comayagua: 2/5 → 4/11, Draw: 12/5 → 5/2, CD Marathon: 9/1 → 11/1
2026-02-27T03:08:24.357Z [ODDS]  CD Marathon: 11/1 → 10/1
2026-02-27T03:08:32.567Z [ODDS]  CD Marathon: 11/1 → 10/1
2026-02-27T03:09:02.334Z [ODDS]  Genesis de Comayagua: 4/11 → 1/3, Draw: 5/2 → 13/5
2026-02-27T03:09:26.239Z [ODDS]  CD Marathon: 10/1 → 11/1
2026-02-27T03:09:44.795Z [ODDS]  Genesis de Comayagua: 1/3 → 4/11, Draw: 13/5 → 5/2
2026-02-27T03:10:01.419Z [ODDS]  Genesis de Comayagua: 4/11 → 1/3, Draw: 5/2 → 13/5
