2026-02-27T00:38:44.657Z [ODDS]  Altos: 13/2 → 6/1
2026-02-27T00:38:51.894Z [ODDS]  Altos: 6/1 → 13/2
2026-02-27T00:39:10.822Z [ODDS]  Altos: 13/2 → 6/1, Draw: 3/1 → 11/4
2026-02-27T00:39:21.644Z [ODDS]  Altos: 6/1 → 13/2
2026-02-27T00:39:29.306Z [ODDS]  Draw: 11/4 → 3/1
2026-02-27T00:39:48.728Z [ODDS]  Draw: 3/1 → 11/4
2026-02-27T00:40:50.941Z [ODDS]  Draw: 11/4 → 3/1
2026-02-27T00:40:59.962Z [ODDS]  Altos: 13/2 → 7/1
2026-02-27T00:41:14.950Z [ODDS]  Portuguesa: 1/2 → 4/9
2026-02-27T00:41:27.926Z [ODDS]  Altos: 7/1 → 13/2, Draw: 3/1 → 11/4, Portuguesa: 4/9 → 1/2
2026-02-27T00:42:04.102Z [ODDS]  Altos: 13/2 → 6/1
2026-02-27T00:42:11.670Z [ODDS]  Draw: 11/4 → 3/1
2026-02-27T00:42:17.984Z [ODDS]  Draw: 3/1 → 11/4
2026-02-27T00:42:20.692Z [ODDS]  Altos: 6/1 → 15/2, Draw: 11/4 → 3/1, Portuguesa: 1/2 → 4/9
2026-02-27T00:42:27.005Z [ODDS]  Altos: 15/2 → 6/1, Draw: 3/1 → 11/4, Portuguesa: 4/9 → 1/2
2026-02-27T00:42:48.751Z [ODDS]  Draw: 11/4 → 3/1
2026-02-27T00:43:07.175Z [ODDS]  Altos: 6/1 → 11/2, Portuguesa: 1/2 → 8/15
2026-02-27T00:43:17.969Z [ODDS]  Altos: 11/2 → 6/1, Portuguesa: 8/15 → 1/2
2026-02-27T00:43:27.440Z [ODDS]  Altos: 6/1 → 13/2, Draw: 3/1 → 11/4
2026-02-27T00:43:28.793Z [ODDS]  Altos: 13/2 → 7/1, Draw: 11/4 → 3/1, Portuguesa: 1/2 → 4/9
2026-02-27T00:43:36.462Z [ODDS]  Altos: 7/1 → 13/2, Draw: 3/1 → 11/4, Portuguesa: 4/9 → 1/2
2026-02-27T00:43:46.385Z [ODDS]  Altos: 13/2 → 6/1, Draw: 11/4 → 3/1
2026-02-27T00:43:50.894Z [ODDS]  Altos: 6/1 → 13/2, Draw: 3/1 → 11/4
2026-02-27T00:43:53.148Z [ODDS]  Altos: 13/2 → 15/2, Draw: 11/4 → 3/1, Portuguesa: 1/2 → 4/9
2026-02-27T00:44:21.114Z [ODDS]  Altos: 15/2 → 8/1
2026-02-27T00:44:33.742Z [ODDS]  Altos: 8/1 → 15/2
2026-02-27T00:44:58.597Z [ODDS]  Altos: 15/2 → 8/1
2026-02-27T00:45:02.606Z [ODDS]  Altos: 8/1 → 15/2
2026-02-27T00:45:12.978Z [ODDS]  Altos: 15/2 → 7/1
2026-02-27T00:46:07.098Z [ODDS]  Draw: 3/1 → 11/4, Portuguesa: 4/9 → 1/2
2026-02-27T00:48:36.382Z [ODDS]  Altos: 7/1 → 15/2, Draw: 11/4 → 3/1, Portuguesa: 1/2 → 4/9
2026-02-27T00:48:49.511Z [ODDS]  Altos: 15/2 → 7/1, Draw: 3/1 → 11/4, Portuguesa: 4/9 → 1/2
2026-02-27T00:49:07.501Z [ODDS]  Altos: 7/1 → 13/2
2026-02-27T00:49:29.602Z [ODDS]  Altos: 13/2 → 7/1
2026-02-27T00:49:42.681Z [ODDS]  Altos: 7/1 → 9/1, Draw: 11/4 → 3/1, Portuguesa: 1/2 → 2/5
2026-02-27T00:49:43.130Z [ODDS]  Altos: 9/1 → 17/2
2026-02-27T00:49:43.582Z [ODDS]  Altos: 17/2 → 8/1, Portuguesa: 2/5 → 4/9
2026-02-27T00:49:58.015Z [ODDS]  Altos: 8/1 → 17/2, Portuguesa: 4/9 → 2/5
2026-02-27T00:50:16.513Z [ODDS]  Altos: 17/2 → 8/1, Portuguesa: 2/5 → 4/9
2026-02-27T00:50:20.564Z [ODDS]  Portuguesa: 4/9 → 2/5
2026-02-27T00:50:29.135Z [ODDS]  Portuguesa: 2/5 → 4/9
2026-02-27T00:50:35.086Z [ODDS]  Altos: 8/1 → 7/1, Draw: 3/1 → 11/4, Portuguesa: 4/9 → 1/2
2026-02-27T00:50:42.664Z [ODDS]  Altos: 7/1 → 8/1, Draw: 11/4 → 3/1, Portuguesa: 1/2 → 4/9
2026-02-27T00:51:55.370Z [ODDS]  Altos: 8/1 → 15/2
2026-02-27T00:51:57.531Z [ODDS]  Altos: 15/2 → 7/1
2026-02-27T00:52:10.627Z [ODDS]  Altos: 7/1 → 15/2
2026-02-27T00:52:13.315Z [ODDS]  Altos: 15/2 → 8/1, Portuguesa: 4/9 → 2/5
2026-02-27T00:52:15.133Z [ODDS]  Portuguesa: 2/5 → 4/9
2026-02-27T00:52:55.712Z [ODDS]  Altos: 8/1 → 15/2
2026-02-27T00:53:24.124Z [ODDS]  Altos: 15/2 → 8/1
2026-02-27T00:53:35.400Z [ODDS]  Altos: 8/1 → 15/2
2026-02-27T00:53:59.763Z [ODDS]  Altos: 15/2 → 7/1
2026-02-27T00:54:17.346Z [ODDS]  Draw: 3/1 → 11/4
2026-02-27T00:54:34.485Z [ODDS]  Altos: 7/1 → 15/2
2026-02-27T00:54:46.662Z [ODDS]  Altos: 15/2 → 7/1
2026-02-27T00:55:01.099Z [ODDS]  Altos: 7/1 → 15/2, Draw: 11/4 → 3/1
2026-02-27T00:55:31.762Z [ODDS]  Draw: 3/1 → 11/4
2026-02-27T00:55:57.920Z [ODDS]  Altos: 15/2 → 7/1, Portuguesa: 4/9 → 1/2
2026-02-27T00:56:21.823Z [ODDS]  Altos: 7/1 → 15/2, Portuguesa: 1/2 → 4/9
2026-02-27T00:58:33.516Z [ODDS]  Altos: 15/2 → 8/1
2026-02-27T00:59:40.714Z [ODDS]  Altos: 8/1 → 7/1, Draw: 11/4 → 13/5, Portuguesa: 4/9 → 1/2
2026-02-27T00:59:57.404Z [ODDS]  Altos: 7/1 → 8/1, Draw: 13/5 → 11/4, Portuguesa: 1/2 → 4/9
2026-02-27T01:01:33.466Z [ODDS]  Altos: 8/1 → 17/2
2026-02-27T01:01:40.233Z [ODDS]  Altos: 17/2 → 8/1
2026-02-27T01:03:40.201Z [ODDS]  Draw: 11/4 → 13/5, Portuguesa: 4/9 → 1/2
2026-02-27T01:05:18.068Z [ODDS]  Altos: 8/1 → 17/2, Portuguesa: 1/2 → 4/9
2026-02-27T01:05:38.363Z [ODDS]  Draw: 13/5 → 11/4
2026-02-27T01:06:48.276Z [ODDS]  Draw: 11/4 → 13/5
2026-02-27T01:08:11.260Z [ODDS]  Portuguesa: 4/9 → 1/2
2026-02-27T01:08:23.370Z [ODDS]  Portuguesa: 1/2 → 4/9
2026-02-27T01:08:56.212Z [ODDS]  Portuguesa: 4/9 → 1/2
2026-02-27T01:08:58.017Z [ODDS]  Altos: 17/2 → 8/1
2026-02-27T01:09:28.689Z [ODDS]  Draw: 13/5 → 5/2
2026-02-27T01:10:48.063Z [ODDS]  Altos: 8/1 → 9/1
2026-02-27T01:10:58.890Z [ODDS]  Altos: 9/1 → 17/2
2026-02-27T01:11:16.479Z [ODDS]  Altos: 17/2 → 9/1
2026-02-27T01:11:16.935Z [ODDS]  Altos: 9/1 → 8/1
2026-02-27T01:11:17.381Z [ODDS]  Altos: 8/1 → 17/2, Draw: 5/2 → 13/5
2026-02-27T01:11:18.731Z [ODDS]  Altos: 17/2 → 8/1, Draw: 13/5 → 5/2
2026-02-27T01:11:26.398Z [ODDS]  Altos: 8/1 → 9/1
2026-02-27T01:11:29.559Z [ODDS]  Altos: 9/1 → 17/2, Draw: 5/2 → 12/5
2026-02-27T01:11:34.533Z [ODDS]  Altos: 17/2 → 8/1, Portuguesa: 1/2 → 8/15
2026-02-27T01:11:56.168Z [ODDS]  Draw: 12/5 → 5/2, Portuguesa: 8/15 → 1/2
2026-02-27T01:11:58.873Z [ODDS]  Altos: 8/1 → 17/2
2026-02-27T01:12:23.227Z [ODDS]  Draw: 5/2 → 12/5
2026-02-27T01:13:29.977Z [ODDS]  Altos: 17/2 → 9/1, Draw: 12/5 → 5/2
2026-02-27T01:13:56.141Z [ODDS]  Altos: 9/1 → 17/2, Draw: 5/2 → 9/4, Portuguesa: 1/2 → 8/15
2026-02-27T01:13:58.842Z [ODDS]  Draw: 9/4 → 12/5, Portuguesa: 8/15 → 1/2
2026-02-27T01:14:34.924Z [ODDS]  Altos: 17/2 → 9/1
2026-02-27T01:15:16.865Z [ODDS]  Altos: 9/1 → 17/2
2026-02-27T01:16:39.851Z [ODDS]  Draw: 12/5 → 9/4, Portuguesa: 1/2 → 8/15
2026-02-27T01:17:09.165Z [ODDS]  Altos: 17/2 → 9/1, Portuguesa: 8/15 → 1/2
2026-02-27T01:17:18.635Z [ODDS]  Altos: 9/1 → 8/1, Portuguesa: 1/2 → 4/7
2026-02-27T01:17:21.341Z [ODDS]  Portuguesa: 4/7 → 8/15
2026-02-27T01:17:36.226Z [ODDS]  Portuguesa: 8/15 → 4/7
2026-02-27T01:17:37.579Z [ODDS]  Altos: 8/1 → 17/2, Draw: 9/4 → 11/5
2026-02-27T01:17:47.952Z [ODDS]  Altos: 17/2 → 8/1
2026-02-27T01:18:24.484Z [ODDS]  Altos: 8/1 → 17/2, Portuguesa: 4/7 → 8/15
2026-02-27T01:18:31.247Z [ODDS]  Draw: 11/5 → 9/4
2026-02-27T01:18:32.151Z [ODDS]  Draw: 9/4 → 11/5, Portuguesa: 8/15 → 4/7
2026-02-27T01:18:39.366Z [ODDS]  Altos: 17/2 → 15/2
2026-02-27T01:19:01.915Z [ODDS]  Altos: 15/2 → 8/1
2026-02-27T01:19:12.739Z [ODDS]  Altos: 8/1 → 17/2
2026-02-27T01:19:21.309Z [ODDS]  Draw: 11/5 → 21/10
2026-02-27T01:19:31.230Z [ODDS]  Altos: 17/2 → 9/1
2026-02-27T01:19:31.681Z [ODDS]  Draw: 21/10 → 11/5, Portuguesa: 4/7 → 8/15
2026-02-27T01:19:37.996Z [ODDS]  Draw: 11/5 → 21/10, Portuguesa: 8/15 → 4/7
2026-02-27T01:19:41.152Z [ODDS]  Altos: 9/1 → 17/2, Draw: 21/10 → 11/5, Portuguesa: 4/7 → 8/15
2026-02-27T01:19:42.504Z [ODDS]  Portuguesa: 8/15 → 4/7
2026-02-27T01:19:42.956Z [ODDS]  Altos: 17/2 → 9/1, Draw: 11/5 → 9/4, Portuguesa: 4/7 → 8/15
2026-02-27T01:20:13.624Z [ODDS]  Draw: 9/4 → 11/5
2026-02-27T01:20:32.566Z [ODDS]  Altos: 9/1 → 17/2, Draw: 11/5 → 21/10, Portuguesa: 8/15 → 4/7
2026-02-27T01:20:39.332Z [ODDS]  Altos: 17/2 → 9/1
2026-02-27T01:21:20.373Z [ODDS]  Altos: 9/1 → 17/2
2026-02-27T01:21:22.176Z [ODDS]  Altos: 17/2 → 9/1
2026-02-27T01:21:27.588Z [ODDS]  Altos: 9/1 → 17/2
2026-02-27T01:21:45.628Z [ODDS]  Altos: 17/2 → 8/1, Draw: 21/10 → 2/1, Portuguesa: 4/7 → 8/13
2026-02-27T01:22:05.923Z [ODDS]  Altos: 8/1 → 17/2, Draw: 2/1 → 21/10, Portuguesa: 8/13 → 4/7
2026-02-27T01:22:07.727Z [ODDS]  Altos: 17/2 → 8/1, Draw: 21/10 → 2/1, Portuguesa: 4/7 → 8/13
2026-02-27T01:22:17.649Z [ODDS]  Altos: 8/1 → 17/2
2026-02-27T01:23:11.771Z [ODDS]  Altos: 17/2 → 9/1, Portuguesa: 8/13 → 4/7
2026-02-27T01:23:14.026Z [ODDS]  Altos: 9/1 → 17/2, Portuguesa: 4/7 → 8/13
2026-02-27T01:25:18.055Z [ODDS]  Altos: 17/2 → 9/1, Portuguesa: 8/13 → 4/7
2026-02-27T01:25:19.857Z [ODDS]  Altos: 9/1 → 17/2, Portuguesa: 4/7 → 8/13
2026-02-27T01:30:04.443Z [ODDS]  Altos: 17/2 → 9/1, Portuguesa: 8/13 → 4/7
2026-02-27T01:30:30.150Z [ODDS]  Altos: 9/1 → 17/2, Portuguesa: 4/7 → 8/13
2026-02-27T01:31:36.449Z [ODDS]  Altos: 17/2 → 9/1, Portuguesa: 8/13 → 4/7
2026-02-27T01:34:36.852Z [ODDS]  Altos: 9/1 → 17/2, Portuguesa: 4/7 → 8/13
2026-02-27T01:38:30.704Z [ODDS]  Altos: 17/2 → 9/1
2026-02-27T01:38:42.432Z [ODDS]  Altos: 9/1 → 17/2
2026-02-27T01:38:51.904Z [ODDS]  Portuguesa: 8/13 → 4/7
2026-02-27T01:38:57.767Z [ODDS]  Portuguesa: 4/7 → 8/13
2026-02-27T01:39:23.027Z [ODDS]  Altos: 17/2 → 9/1
2026-02-27T01:39:37.909Z [ODDS]  Draw: 2/1 → 15/8
2026-02-27T01:40:04.968Z [ODDS]  Altos: 9/1 → 17/2
2026-02-27T01:40:23.464Z [ODDS]  Altos: 17/2 → 9/1
2026-02-27T01:41:28.862Z [ODDS]  Altos: 9/1 → 10/1, Draw: 15/8 → 7/4
2026-02-27T01:42:01.786Z [ODDS]  Altos: 10/1 → 17/2, Portuguesa: 8/13 → 4/6
2026-02-27T01:42:03.590Z [ODDS]  Altos: 17/2 → 10/1, Portuguesa: 4/6 → 8/13
2026-02-27T01:42:09.453Z [ODDS]  Altos: 10/1 → 9/1, Portuguesa: 8/13 → 4/6
2026-02-27T01:42:09.904Z [ODDS]  Altos: 9/1 → 8/1
2026-02-27T01:42:24.337Z [ODDS]  Altos: 8/1 → 17/2
2026-02-27T01:42:25.239Z [ODDS]  Altos: 17/2 → 9/1
2026-02-27T01:42:32.455Z [ODDS]  Altos: 9/1 → 10/1
2026-02-27T01:44:04.461Z [ODDS]  Draw: 7/4 → 13/8
2026-02-27T01:45:05.799Z [ODDS]  Altos: 10/1 → 11/1
2026-02-27T01:45:08.053Z [ODDS]  Altos: 11/1 → 10/1
2026-02-27T01:46:13.007Z [ODDS]  Draw: 13/8 → 8/5
2026-02-27T01:47:08.480Z [ODDS]  Portuguesa: 4/6 → 8/11
2026-02-27T01:47:40.051Z [ODDS]  Altos: 10/1 → 11/1, Draw: 8/5 → 6/4
2026-02-27T01:47:40.501Z [ODDS]  Altos: 11/1 → 10/1, Draw: 6/4 → 8/5
2026-02-27T01:47:49.521Z [ODDS]  Draw: 8/5 → 13/8
2026-02-27T01:47:57.639Z [ODDS]  Draw: 13/8 → 8/5
2026-02-27T01:48:17.491Z [ODDS]  Draw: 8/5 → 6/4
2026-02-27T01:49:59.860Z [ODDS]  Altos: 10/1 → 11/1
2026-02-27T01:50:05.277Z [ODDS]  Altos: 11/1 → 10/1
2026-02-27T01:50:15.248Z [ODDS]  Altos: 10/1 → 11/1, Draw: 6/4 → 7/5
2026-02-27T01:50:21.516Z [ODDS]  Altos: 11/1 → 10/1, Portuguesa: 8/11 → 4/5
2026-02-27T01:50:47.668Z [ODDS]  Altos: 10/1 → 11/1, Portuguesa: 4/5 → 8/11
2026-02-27T01:51:03.903Z [ODDS]  Altos: 11/1 → 8/5, Draw: 7/5 → 8/5, Portuguesa: 8/11 → 5/2
2026-02-27T01:51:03.903Z [EVENT]  score: 0-1
2026-02-27T01:51:44.494Z [ODDS]  Altos: 8/5 → 6/4, Portuguesa: 5/2 → 11/4
2026-02-27T01:52:12.908Z [ODDS]  Altos: 6/4 → 7/5
2026-02-27T01:52:16.515Z [ODDS]  Altos: 7/5 → 11/8, Portuguesa: 11/4 → 3/1
2026-02-27T01:52:26.890Z [ODDS]  Altos: 11/8 → 13/10, Draw: 8/5 → 6/4, Portuguesa: 3/1 → 10/3
2026-02-27T01:52:40.126Z [ODDS]  Altos: 13/10 → 11/8, Portuguesa: 10/3 → 3/1
2026-02-27T01:52:54.559Z [ODDS]  Altos: 11/8 → 6/5, Draw: 6/4 → 8/5, Portuguesa: 3/1 → 7/2
2026-02-27T01:53:44.169Z [ODDS]  Portuguesa: 7/2 → 15/4
2026-02-27T01:53:54.994Z [ODDS]  Altos: 6/5 → 11/10, Draw: 8/5 → 13/8
2026-02-27T01:53:58.601Z [ODDS]  Altos: 11/10 → 6/5, Draw: 13/8 → 8/5
2026-02-27T01:54:05.366Z [ODDS]  Altos: 6/5 → 11/10
2026-02-27T01:54:16.641Z [ODDS]  Draw: 8/5 → 13/8
2026-02-27T01:54:31.073Z [ODDS]  Altos: 11/10 → 21/20, Portuguesa: 15/4 → 4/1
2026-02-27T01:54:45.505Z [ODDS]  Altos: 21/20 → 1/1, Portuguesa: 4/1 → 9/2
2026-02-27T01:54:46.859Z [ODDS]  Altos: 1/1 → 21/20, Portuguesa: 9/2 → 4/1
2026-02-27T01:54:52.725Z [ODDS]  Altos: 21/20 → 1/1
2026-02-27T01:54:54.074Z [ODDS]  Altos: 1/1 → 20/21, Draw: 13/8 → 7/4, Portuguesa: 4/1 → 9/2
2026-02-27T01:55:15.271Z [ODDS]  Altos: 20/21 → 1/1, Draw: 7/4 → 13/8
2026-02-27T01:55:23.840Z [ODDS]  Altos: 1/1 → 21/20, Portuguesa: 9/2 → 4/1
2026-02-27T01:55:28.350Z [ODDS]  Portuguesa: 4/1 → 9/2
2026-02-27T01:55:47.294Z [ODDS]  Altos: 21/20 → 1/1
2026-02-27T01:56:22.471Z [ODDS]  Altos: 1/1 → 20/21
2026-02-27T01:56:52.239Z [ODDS]  Altos: 20/21 → 10/11, Draw: 13/8 → 7/4, Portuguesa: 9/2 → 5/1
2026-02-27T01:56:59.003Z [ODDS]  Altos: 10/11 → 7/1, Draw: 7/4 → 1/1, Portuguesa: 5/1 → 13/10
2026-02-27T01:56:59.003Z [EVENT]  score: 1-1
2026-02-27T01:57:32.378Z [ODDS]  Draw: 1/1 → 20/21
2026-02-27T01:57:40.947Z [ODDS]  Altos: 7/1 → 10/1, Draw: 20/21 → 11/10, Portuguesa: 13/10 → 1/1
2026-02-27T01:57:50.869Z [ODDS]  Draw: 11/10 → 21/20, Portuguesa: 1/1 → 21/20
2026-02-27T01:57:54.927Z [ODDS]  Altos: 10/1 → 11/1, Draw: 21/20 → 1/1, Portuguesa: 21/20 → 11/10
2026-02-27T01:57:58.085Z [ODDS]  Draw: 1/1 → 21/20, Portuguesa: 11/10 → 1/1
2026-02-27T01:58:04.400Z [ODDS]  Draw: 21/20 → 11/10
2026-02-27T01:58:04.850Z [ODDS]  Altos: 11/1 → 9/1, Portuguesa: 1/1 → 21/20
2026-02-27T01:58:17.929Z [ODDS]  Altos: 9/1 → 11/1, Draw: 11/10 → 21/20
2026-02-27T01:58:24.244Z [ODDS]  Draw: 21/20 → 1/1
2026-02-27T01:58:26.047Z [ODDS]  Draw: 1/1 → 21/20, Portuguesa: 21/20 → 1/1
2026-02-27T01:58:40.029Z [ODDS]  Portuguesa: 1/1 → 21/20
2026-02-27T01:59:06.203Z [ODDS]  Altos: 11/1 → 12/1, Portuguesa: 21/20 → 1/1
2026-02-27T01:59:15.208Z [ODDS]  Portuguesa: 1/1 → 21/20
2026-02-27T01:59:20.622Z [ODDS]  Portuguesa: 21/20 → 1/1
2026-02-27T01:59:33.699Z [ODDS]  Altos: 12/1 → 14/1, Portuguesa: 1/1 → 20/21
2026-02-27T01:59:34.152Z [ODDS]  Altos: 14/1 → 12/1, Portuguesa: 20/21 → 1/1
2026-02-27T02:00:02.567Z [ODDS]  Altos: 12/1 → 11/1, Portuguesa: 1/1 → 21/20
2026-02-27T02:00:10.235Z [ODDS]  Altos: 11/1 → 40/1, Draw: 21/20 → 13/2, Portuguesa: 21/20 → 1/10
2026-02-27T02:00:10.235Z [EVENT]  score: 2-1
2026-02-27T02:00:32.332Z [ODDS]  Altos: 40/1 → 50/1, Draw: 13/2 → 15/2, Portuguesa: 1/10 → 1/14
2026-02-27T02:00:32.783Z [ODDS]  Altos: 50/1 → 66/1, Draw: 15/2 → 9/1, Portuguesa: 1/14 → 1/16
2026-02-27T02:01:08.416Z [ODDS]  Altos: 66/1 → 50/1, Draw: 9/1 → 8/1, Portuguesa: 1/16 → 1/14
2026-02-27T02:01:21.043Z [ODDS]  Altos: 50/1 → 66/1
2026-02-27T02:01:38.188Z [ODDS]  Draw: 8/1 → 9/1, Portuguesa: 1/14 → 1/16
2026-02-27T02:01:50.362Z [ODDS]  Altos: 66/1 → 50/1, Draw: 9/1 → 15/2, Portuguesa: 1/16 → 1/14
2026-02-27T02:01:52.162Z [ODDS]  Draw: 15/2 → 8/1
2026-02-27T02:01:54.868Z [ODDS]  Altos: 50/1 → 66/1
2026-02-27T02:02:01.633Z [ODDS]  Altos: 66/1 → 50/1
2026-02-27T02:02:05.691Z [ODDS]  Draw: 8/1 → 15/2
2026-02-27T02:02:10.653Z [ODDS]  Draw: 15/2 → 8/1
2026-02-27T02:02:20.125Z [ODDS]  Altos: 50/1 → 66/1
2026-02-27T02:03:09.734Z [ODDS]  Altos: 66/1 → 50/1
2026-02-27T02:03:31.833Z [ODDS]  Altos: 50/1 → 66/1
2026-02-27T02:04:00.698Z [ODDS]  Altos: 66/1 → 50/1, Draw: 8/1 → 15/2
2026-02-27T02:04:02.954Z [ODDS]  Draw: 15/2 → 8/1
2026-02-27T02:04:05.207Z [ODDS]  Draw: 8/1 → 15/2
2026-02-27T02:04:11.071Z [ODDS]  Altos: 50/1 → 66/1, Draw: 15/2 → 8/1
2026-02-27T02:04:26.405Z [ODDS]  Altos: 66/1 → 250/1, Draw: 8/1 → 40/1, Portuguesa: 1/14 → 1/150
2026-02-27T02:04:26.405Z [EVENT]  score: 3-1
2026-02-27T02:04:46.699Z [ODDS]  Altos: 250/1 → 350/1
2026-02-27T02:05:06.093Z [ODDS]  Altos: 350/1 → 400/1, Portuguesa: 1/150 → 1/200
2026-02-27T02:05:28.191Z [ODDS]  Altos: 400/1 → 350/1
2026-02-27T02:06:00.215Z [ODDS]  Altos: 350/1 → 400/1, Portuguesa: 1/200 → 1/250
2026-02-27T02:06:10.588Z [ODDS]  Altos: 400/1 → 350/1, Portuguesa: 1/250 → 1/200
2026-02-27T02:07:38.540Z [ODDS]  Altos: 350/1 → 400/1
2026-02-27T02:08:06.044Z [ODDS]  Portuguesa: 1/200 → 1/250
2026-02-27T02:10:53.724Z [ODDS]  Altos: 400/1 → 350/1, Portuguesa: 1/250 → 1/200
2026-02-27T02:11:06.351Z [ODDS]  Altos: 350/1 → 400/1
2026-02-27T02:11:09.509Z [ODDS]  Portuguesa: 1/200 → 1/250
2026-02-27T02:11:25.294Z [ODDS]  Portuguesa: 1/250 → 1/200
2026-02-27T02:12:18.512Z [ODDS]  Portuguesa: 1/200 → 1/250
2026-02-27T02:12:27.985Z [ODDS]  Altos: 400/1 → 300/1, Draw: 40/1 → 33/1, Portuguesa: 1/250 → 1/150
2026-02-27T02:12:38.361Z [ODDS]  Draw: 33/1 → 40/1
2026-02-27T02:12:42.865Z [ODDS]  Altos: 300/1 → 400/1, Portuguesa: 1/150 → 1/250
2026-02-27T02:13:41.495Z [ODDS]  Altos: 400/1 → 450/1
2026-02-27T02:14:42.385Z [EVENT]  score: 4-1
2026-02-27T02:24:53.047Z [EVENT]  score: 5-1
