2026-02-26T22:38:45.735Z [ODDS]  Huracan: 11/8 → 13/10, Estudiantes Rio Cuarto: 3/1 → 10/3
2026-02-26T22:38:50.244Z [ODDS]  Huracan: 13/10 → 11/8
2026-02-26T22:39:34.449Z [ODDS]  Estudiantes Rio Cuarto: 10/3 → 3/1
2026-02-26T22:39:39.862Z [ODDS]  Estudiantes Rio Cuarto: 3/1 → 10/3
2026-02-26T22:40:13.233Z [ODDS]  Estudiantes Rio Cuarto: 10/3 → 3/1
2026-02-26T22:40:33.979Z [ODDS]  Estudiantes Rio Cuarto: 3/1 → 10/3
2026-02-26T22:42:15.909Z [ODDS]  Estudiantes Rio Cuarto: 10/3 → 3/1
2026-02-26T22:42:47.929Z [ODDS]  Huracan: 11/8 → 13/10, Draw: 6/4 → 8/5, Estudiantes Rio Cuarto: 3/1 → 10/3
2026-02-26T22:43:42.503Z [ODDS]  Huracan: 13/10 → 11/8, Estudiantes Rio Cuarto: 10/3 → 3/1
2026-02-26T22:44:37.074Z [ODDS]  Huracan: 11/8 → 13/10, Draw: 8/5 → 13/8
2026-02-26T22:44:38.442Z [ODDS]  Huracan: 13/10 → 7/5, Draw: 13/8 → 6/4
2026-02-26T22:44:40.730Z [ODDS]  Huracan: 7/5 → 13/10, Draw: 6/4 → 8/5
2026-02-26T22:44:51.959Z [ODDS]  Huracan: 13/10 → 7/5, Draw: 8/5 → 6/4
2026-02-26T22:45:10.945Z [ODDS]  Huracan: 7/5 → 11/8
2026-02-26T22:45:28.488Z [ODDS]  Estudiantes Rio Cuarto: 3/1 → 10/3
2026-02-26T22:45:35.781Z [ODDS]  Estudiantes Rio Cuarto: 10/3 → 3/1
2026-02-26T22:46:10.882Z [ODDS]  Huracan: 11/8 → 13/10, Draw: 6/4 → 13/8
2026-02-26T22:46:19.901Z [ODDS]  Huracan: 13/10 → 11/8
2026-02-26T22:46:25.314Z [ODDS]  Draw: 13/8 → 8/5
2026-02-26T22:47:43.788Z [ODDS]  Huracan: 11/8 → 7/5, Draw: 8/5 → 13/8, Estudiantes Rio Cuarto: 3/1 → 11/4
2026-02-26T22:47:45.591Z [ODDS]  Huracan: 7/5 → 5/4, Estudiantes Rio Cuarto: 11/4 → 3/1
2026-02-26T22:47:54.613Z [ODDS]  Huracan: 5/4 → 11/8, Draw: 13/8 → 8/5
2026-02-26T22:48:00.926Z [ODDS]  Draw: 8/5 → 13/8
2026-02-26T22:48:02.729Z [ODDS]  Draw: 13/8 → 6/4
2026-02-26T22:48:17.613Z [ODDS]  Huracan: 11/8 → 7/5
2026-02-26T22:48:37.457Z [ODDS]  Huracan: 7/5 → 11/8
2026-02-26T22:50:50.052Z [ODDS]  Estudiantes Rio Cuarto: 3/1 → 10/3
2026-02-26T22:54:02.629Z [ODDS]  Huracan: 11/8 → 6/4, Estudiantes Rio Cuarto: 10/3 → 3/1
2026-02-26T22:54:05.786Z [ODDS]  Huracan: 6/4 → 7/5, Estudiantes Rio Cuarto: 3/1 → 10/3
2026-02-26T22:54:13.006Z [ODDS]  Huracan: 7/5 → 11/8
2026-02-26T22:54:17.965Z [ODDS]  Huracan: 11/8 → 7/5
2026-02-26T22:54:31.497Z [ODDS]  Huracan: 7/5 → 11/8
2026-02-26T22:54:54.048Z [ODDS]  Huracan: 11/8 → 7/5, Draw: 6/4 → 7/5, Estudiantes Rio Cuarto: 10/3 → 3/1
2026-02-26T22:55:03.516Z [ODDS]  Huracan: 7/5 → 11/8, Draw: 7/5 → 6/4, Estudiantes Rio Cuarto: 3/1 → 10/3
2026-02-26T22:55:10.732Z [ODDS]  Draw: 6/4 → 7/5
2026-02-26T22:55:12.084Z [ODDS]  Huracan: 11/8 → 7/5
2026-02-26T22:56:57.620Z [ODDS]  Huracan: 7/5 → 7/2, Draw: 7/5 → 21/10, Estudiantes Rio Cuarto: 10/3 → 10/11
2026-02-26T22:58:29.623Z [ODDS]  Huracan: 7/2 → 15/2, Draw: 21/10 → 11/4, Estudiantes Rio Cuarto: 10/11 → 1/2
2026-02-26T22:59:07.059Z [ODDS]  Huracan: 15/2 → 11/4, Draw: 11/4 → 11/8, Estudiantes Rio Cuarto: 1/2 → 8/5
2026-02-26T22:59:08.863Z [ODDS]  Huracan: 11/4 → 3/1, Draw: 11/8 → 7/5, Estudiantes Rio Cuarto: 8/5 → 6/4
2026-02-26T23:00:05.689Z [ODDS]  Estudiantes Rio Cuarto: 6/4 → 8/5
2026-02-26T23:00:25.082Z [ODDS]  Draw: 7/5 → 11/8
2026-02-26T23:00:57.558Z [ODDS]  Huracan: 3/1 → 11/1, Draw: 11/8 → 10/3, Estudiantes Rio Cuarto: 8/5 → 1/3
2026-02-26T23:00:57.558Z [EVENT]  score: 1-0
2026-02-26T23:01:11.537Z [ODDS]  Estudiantes Rio Cuarto: 1/3 → 4/11
2026-02-26T23:01:29.574Z [ODDS]  Estudiantes Rio Cuarto: 4/11 → 1/3
2026-02-26T23:01:34.085Z [ODDS]  Estudiantes Rio Cuarto: 1/3 → 4/11
2026-02-26T23:01:35.438Z [ODDS]  Huracan: 11/1 → 10/1
2026-02-26T23:01:51.224Z [ODDS]  Huracan: 10/1 → 11/1
2026-02-26T23:01:58.439Z [ODDS]  Estudiantes Rio Cuarto: 4/11 → 1/3
2026-02-26T23:02:29.565Z [ODDS]  Huracan: 11/1 → 12/1
2026-02-26T23:03:51.639Z [ODDS]  Huracan: 12/1 → 10/1, Estudiantes Rio Cuarto: 1/3 → 4/11
2026-02-26T23:04:15.093Z [ODDS]  Estudiantes Rio Cuarto: 4/11 → 1/3
2026-02-26T23:04:24.113Z [ODDS]  Huracan: 10/1 → 9/1, Draw: 10/3 → 3/1, Estudiantes Rio Cuarto: 1/3 → 2/5
2026-02-26T23:04:25.469Z [ODDS]  Huracan: 9/1 → 10/1, Draw: 3/1 → 10/3, Estudiantes Rio Cuarto: 2/5 → 4/11
2026-02-26T23:04:41.701Z [ODDS]  Huracan: 10/1 → 11/1
2026-02-26T23:04:58.838Z [ODDS]  Huracan: 11/1 → 10/1
2026-02-26T23:06:15.969Z [ODDS]  Huracan: 10/1 → 14/1, Draw: 10/3 → 4/1, Estudiantes Rio Cuarto: 4/11 → 1/4
2026-02-26T23:06:20.471Z [ODDS]  Draw: 4/1 → 15/4
2026-02-26T23:06:21.825Z [ODDS]  Estudiantes Rio Cuarto: 1/4 → 2/7
2026-02-26T23:06:32.199Z [ODDS]  Huracan: 14/1 → 12/1
2026-02-26T23:06:41.217Z [ODDS]  Huracan: 12/1 → 14/1
2026-02-26T23:06:43.023Z [ODDS]  Huracan: 14/1 → 12/1
2026-02-26T23:07:01.963Z [ODDS]  Estudiantes Rio Cuarto: 2/7 → 3/10
2026-02-26T23:07:10.084Z [ODDS]  Estudiantes Rio Cuarto: 3/10 → 2/7
2026-02-26T23:07:43.007Z [ODDS]  Huracan: 12/1 → 16/1, Draw: 15/4 → 4/1, Estudiantes Rio Cuarto: 2/7 → 1/4
2026-02-26T23:07:46.162Z [ODDS]  Huracan: 16/1 → 14/1
2026-02-26T23:08:04.204Z [ODDS]  Huracan: 14/1 → 16/1
2026-02-26T23:08:08.262Z [ODDS]  Huracan: 16/1 → 14/1
2026-02-26T23:08:14.930Z [ODDS]  Huracan: 12/1 → 16/1, Draw: 7/2 → 4/1, Estudiantes Rio Cuarto: 3/10 → 1/4
2026-02-26T23:08:16.278Z [ODDS]  Huracan: 16/1 → 14/1
2026-02-26T23:08:32.062Z [ODDS]  Draw: 4/1 → 15/4
2026-02-26T23:08:55.966Z [ODDS]  Estudiantes Rio Cuarto: 1/4 → 2/7
2026-02-26T23:08:59.576Z [ODDS]  Estudiantes Rio Cuarto: 2/7 → 1/4
2026-02-26T23:09:11.299Z [ODDS]  Draw: 15/4 → 4/1
2026-02-26T23:09:23.026Z [ODDS]  Draw: 4/1 → 15/4, Estudiantes Rio Cuarto: 1/4 → 2/7
2026-02-26T23:11:10.368Z [ODDS]  Estudiantes Rio Cuarto: 2/7 → 1/4
2026-02-26T23:11:42.391Z [ODDS]  Estudiantes Rio Cuarto: 1/4 → 2/7
2026-02-26T23:11:43.742Z [ODDS]  Estudiantes Rio Cuarto: 2/7 → 1/4
2026-02-26T23:11:51.864Z [ODDS]  Estudiantes Rio Cuarto: 1/4 → 2/7
2026-02-26T23:12:08.550Z [ODDS]  Estudiantes Rio Cuarto: 2/7 → 1/4
2026-02-26T23:13:36.045Z [ODDS]  Huracan: 14/1 → 16/1
2026-02-26T23:14:39.186Z [ODDS]  Draw: 15/4 → 4/1
2026-02-26T23:14:43.694Z [ODDS]  Draw: 4/1 → 15/4
2026-02-26T23:14:50.008Z [ODDS]  Draw: 15/4 → 4/1
2026-02-26T23:16:07.579Z [ODDS]  Draw: 4/1 → 15/4
2026-02-26T23:16:31.482Z [ODDS]  Draw: 15/4 → 4/1
2026-02-26T23:16:44.109Z [ODDS]  Huracan: 16/1 → 18/1
2026-02-26T23:16:57.640Z [ODDS]  Huracan: 18/1 → 16/1
2026-02-26T23:17:42.290Z [ODDS]  Huracan: 16/1 → 18/1
2026-02-26T23:18:33.253Z [ODDS]  Huracan: 18/1 → 16/1, Draw: 4/1 → 15/4
2026-02-26T23:37:02.725Z [ODDS]  Huracan: 16/1 → 18/1
2026-02-26T23:37:49.642Z [ODDS]  Draw: 15/4 → 4/1, Estudiantes Rio Cuarto: 1/4 → 2/9
2026-02-26T23:38:13.544Z [ODDS]  Draw: 4/1 → 15/4, Estudiantes Rio Cuarto: 2/9 → 1/4
2026-02-26T23:38:34.199Z [ODDS]  Draw: 15/4 → 4/1, Estudiantes Rio Cuarto: 1/4 → 2/9
2026-02-26T23:38:43.219Z [ODDS]  Estudiantes Rio Cuarto: 2/9 → 1/4
2026-02-26T23:38:56.822Z [ODDS]  Draw: 4/1 → 15/4
2026-02-26T23:38:58.555Z [ODDS]  Draw: 15/4 → 4/1
2026-02-26T23:40:03.046Z [ODDS]  Huracan: 18/1 → 20/1, Estudiantes Rio Cuarto: 1/4 → 2/9
2026-02-26T23:41:06.189Z [ODDS]  Huracan: 20/1 → 18/1, Draw: 4/1 → 15/4, Estudiantes Rio Cuarto: 2/9 → 1/4
2026-02-26T23:41:22.421Z [ODDS]  Huracan: 18/1 → 20/1, Draw: 15/4 → 4/1, Estudiantes Rio Cuarto: 1/4 → 2/9
2026-02-26T23:42:14.287Z [ODDS]  Estudiantes Rio Cuarto: 2/9 → 1/5
2026-02-26T23:42:19.699Z [ODDS]  Estudiantes Rio Cuarto: 1/5 → 2/9
2026-02-26T23:42:41.347Z [ODDS]  Estudiantes Rio Cuarto: 2/9 → 1/5
2026-02-26T23:42:46.308Z [ODDS]  Huracan: 20/1 → 22/1
2026-02-26T23:42:55.329Z [ODDS]  Huracan: 22/1 → 20/1, Estudiantes Rio Cuarto: 1/5 → 2/9
2026-02-26T23:43:55.312Z [ODDS]  Huracan: 20/1 → 22/1, Estudiantes Rio Cuarto: 2/9 → 1/5
2026-02-26T23:45:21.903Z [ODDS]  Draw: 4/1 → 9/2
2026-02-26T23:45:44.453Z [ODDS]  Huracan: 22/1 → 25/1
2026-02-26T23:46:24.590Z [ODDS]  Huracan: 25/1 → 22/1
2026-02-26T23:46:26.845Z [ODDS]  Huracan: 22/1 → 25/1, Estudiantes Rio Cuarto: 1/5 → 2/11
2026-02-26T23:46:58.867Z [ODDS]  Estudiantes Rio Cuarto: 2/11 → 1/5
2026-02-26T23:47:02.031Z [ODDS]  Huracan: 25/1 → 22/1
2026-02-26T23:47:06.083Z [ODDS]  Draw: 9/2 → 4/1
2026-02-26T23:47:15.103Z [ODDS]  Draw: 4/1 → 9/2
2026-02-26T23:48:28.170Z [ODDS]  Huracan: 22/1 → 25/1, Estudiantes Rio Cuarto: 1/5 → 2/11
2026-02-26T23:52:06.457Z [ODDS]  Huracan: 25/1 → 28/1
2026-02-26T23:52:14.139Z [ODDS]  Estudiantes Rio Cuarto: 2/11 → 1/6
2026-02-26T23:53:23.140Z [ODDS]  Huracan: 28/1 → 33/1, Draw: 9/2 → 5/1
2026-02-26T23:54:24.024Z [ODDS]  Estudiantes Rio Cuarto: 1/6 → 1/7
2026-02-26T23:54:56.499Z [ODDS]  Draw: 5/1 → 9/2, Estudiantes Rio Cuarto: 1/7 → 1/6
2026-02-26T23:55:38.891Z [ODDS]  Draw: 9/2 → 5/1
2026-02-26T23:56:47.543Z [ODDS]  Huracan: 33/1 → 40/1
2026-02-26T23:56:54.756Z [ODDS]  Huracan: 40/1 → 28/1, Draw: 5/1 → 4/1, Estudiantes Rio Cuarto: 1/6 → 1/5
2026-02-26T23:56:57.462Z [ODDS]  Huracan: 28/1 → 40/1, Draw: 4/1 → 9/2, Estudiantes Rio Cuarto: 1/5 → 1/6
2026-02-26T23:57:01.972Z [ODDS]  Draw: 9/2 → 5/1, Estudiantes Rio Cuarto: 1/6 → 1/7
2026-02-26T23:57:13.248Z [ODDS]  Huracan: 40/1 → 33/1, Estudiantes Rio Cuarto: 1/7 → 1/6
2026-02-26T23:57:21.816Z [ODDS]  Huracan: 33/1 → 40/1, Estudiantes Rio Cuarto: 1/6 → 1/7
2026-02-26T23:58:34.878Z [ODDS]  Draw: 5/1 → 11/2, Estudiantes Rio Cuarto: 1/7 → 1/8
2026-02-26T23:58:57.879Z [ODDS]  Draw: 11/2 → 5/1, Estudiantes Rio Cuarto: 1/8 → 1/7
2026-02-26T23:59:08.253Z [ODDS]  Estudiantes Rio Cuarto: 1/7 → 1/8
2026-02-26T23:59:10.057Z [ODDS]  Estudiantes Rio Cuarto: 1/8 → 1/7
2026-02-26T23:59:55.156Z [ODDS]  Estudiantes Rio Cuarto: 1/7 → 1/8
2026-02-27T00:00:28.079Z [ODDS]  Draw: 5/1 → 11/2
2026-02-27T00:00:36.648Z [ODDS]  Draw: 11/2 → 9/2, Estudiantes Rio Cuarto: 1/8 → 1/6
2026-02-27T00:00:50.178Z [ODDS]  Huracan: 40/1 → 50/1, Draw: 9/2 → 11/2, Estudiantes Rio Cuarto: 1/6 → 1/8
2026-02-27T00:01:44.301Z [ODDS]  Draw: 11/2 → 5/1
2026-02-27T00:01:47.908Z [ODDS]  Draw: 5/1 → 11/2
2026-02-27T00:03:01.421Z [ODDS]  Estudiantes Rio Cuarto: 1/8 → 1/9
2026-02-27T00:04:07.726Z [ODDS]  Draw: 11/2 → 6/1
2026-02-27T00:04:12.266Z [ODDS]  Draw: 6/1 → 11/2
2026-02-27T00:04:44.274Z [ODDS]  Draw: 11/2 → 6/1, Estudiantes Rio Cuarto: 1/9 → 1/10
2026-02-27T00:05:13.573Z [ODDS]  Estudiantes Rio Cuarto: 1/10 → 1/9
2026-02-27T00:05:14.919Z [ODDS]  Draw: 6/1 → 11/2
2026-02-27T00:05:16.723Z [ODDS]  Huracan: 50/1 → 33/1, Draw: 11/2 → 7/2, Estudiantes Rio Cuarto: 1/9 → 2/9
2026-02-27T00:06:38.808Z [ODDS]  Huracan: 33/1 → 50/1, Draw: 7/2 → 6/1, Estudiantes Rio Cuarto: 2/9 → 1/10
2026-02-27T00:06:42.415Z [ODDS]  Estudiantes Rio Cuarto: 1/10 → 1/9
2026-02-27T00:07:14.436Z [ODDS]  Draw: 6/1 → 11/2
2026-02-27T00:07:20.306Z [ODDS]  Draw: 11/2 → 6/1, Estudiantes Rio Cuarto: 1/9 → 1/10
2026-02-27T00:07:31.124Z [ODDS]  Draw: 6/1 → 11/2, Estudiantes Rio Cuarto: 1/10 → 1/9
2026-02-27T00:07:32.931Z [ODDS]  Huracan: 50/1 → 66/1, Draw: 11/2 → 6/1, Estudiantes Rio Cuarto: 1/9 → 1/10
2026-02-27T00:07:44.203Z [ODDS]  Huracan: 66/1 → 50/1, Draw: 6/1 → 5/1, Estudiantes Rio Cuarto: 1/10 → 1/7
2026-02-27T00:07:48.801Z [ODDS]  Huracan: 50/1 → 66/1, Draw: 5/1 → 13/2, Estudiantes Rio Cuarto: 1/7 → 1/12
2026-02-27T00:07:53.224Z [ODDS]  Draw: 13/2 → 6/1, Estudiantes Rio Cuarto: 1/12 → 1/10
2026-02-27T00:07:58.634Z [ODDS]  Huracan: 66/1 → 50/1, Draw: 6/1 → 11/2, Estudiantes Rio Cuarto: 1/10 → 1/9
2026-02-27T00:08:14.504Z [ODDS]  Huracan: 50/1 → 66/1, Draw: 11/2 → 6/1, Estudiantes Rio Cuarto: 1/9 → 1/10
