2026-02-27T00:08:36.076Z [ODDS]  Man City (Kolesya): 7/10 → 8/11, Man City (Kolesya): 8/11 → 13/10, Draw: 10/3 → 3/1, River Plate (Yerema): 12/5 → 13/10
2026-02-27T00:08:36.076Z [EVENT]  score: 1-0
2026-02-27T00:08:36.076Z [ODDS]  Man City (Kolesya): 13/10 → 8/11, Man City (Kolesya): 8/11 → 13/10
2026-02-27T00:08:46.449Z [ODDS]  Man City (Kolesya): 13/10 → 11/8, River Plate (Yerema): 13/10 → 5/4
2026-02-27T00:09:04.037Z [ODDS]  Man City (Kolesya): 11/8 → 7/5
2026-02-27T00:09:04.489Z [ODDS]  Man City (Kolesya): 7/5 → 13/5, Draw: 3/1 → 7/2, River Plate (Yerema): 5/4 → 8/13
2026-02-27T00:09:04.489Z [EVENT]  score: 2-0
2026-02-27T00:09:14.864Z [ODDS]  Man City (Kolesya): 13/5 → 11/4
2026-02-27T00:09:25.234Z [ODDS]  River Plate (Yerema): 8/13 → 4/7
2026-02-27T00:09:35.196Z [ODDS]  Man City (Kolesya): 11/4 → 3/1
2026-02-27T00:09:45.539Z [ODDS]  River Plate (Yerema): 4/7 → 8/15
2026-02-27T00:09:55.903Z [ODDS]  Man City (Kolesya): 3/1 → 10/3
2026-02-27T00:10:03.120Z [ODDS]  Man City (Kolesya): 10/3 → 13/8, Draw: 7/2 → 3/1, River Plate (Yerema): 8/15 → 11/10
2026-02-27T00:10:03.121Z [EVENT]  score: 2-1
2026-02-27T00:10:13.493Z [ODDS]  Draw: 3/1 → 11/4
2026-02-27T00:10:21.160Z [ODDS]  Man City (Kolesya): 13/8 → 7/4, Man City (Kolesya): 7/4 → 4/5, River Plate (Yerema): 11/10 → 12/5
2026-02-27T00:10:21.160Z [EVENT]  score: 2-2
2026-02-27T00:10:21.160Z [ODDS]  Man City (Kolesya): 4/5 → 7/4, Man City (Kolesya): 7/4 → 4/5
2026-02-27T00:10:30.288Z [ODDS]  Man City (Kolesya): 4/5 → 5/6
2026-02-27T00:10:30.698Z [ODDS]  Man City (Kolesya): 5/6 → 7/4, River Plate (Yerema): 12/5 → 11/10
2026-02-27T00:10:30.698Z [EVENT]  score: 3-2
2026-02-27T00:10:51.377Z [ODDS]  Man City (Kolesya): 7/4 → 15/8, River Plate (Yerema): 11/10 → 21/20
2026-02-27T00:10:59.495Z [ODDS]  Man City (Kolesya): 15/8 → 7/4, Man City (Kolesya): 7/4 → 5/6, River Plate (Yerema): 21/20 → 9/4
2026-02-27T00:10:59.495Z [EVENT]  score: 3-3
2026-02-27T00:10:59.495Z [ODDS]  Man City (Kolesya): 5/6 → 7/4, Man City (Kolesya): 7/4 → 5/6
2026-02-27T00:11:20.241Z [ODDS]  Draw: 11/4 → 13/5, River Plate (Yerema): 9/4 → 12/5
2026-02-27T00:11:30.615Z [ODDS]  Man City (Kolesya): 5/6 → 10/11
2026-02-27T00:11:40.536Z [ODDS]  Draw: 13/5 → 5/2
2026-02-27T00:11:50.909Z [ODDS]  Man City (Kolesya): 10/11 → 20/21, Draw: 5/2 → 12/5
2026-02-27T00:12:11.655Z [ODDS]  Draw: 12/5 → 9/4
2026-02-27T00:12:26.088Z [ODDS]  Man City (Kolesya): 20/21 → 1/1, River Plate (Yerema): 12/5 → 9/4
2026-02-27T00:12:36.549Z [ODDS]  Man City (Kolesya): 1/1 → 21/20, Draw: 9/4 → 11/5, River Plate (Yerema): 9/4 → 12/5
2026-02-27T00:12:46.837Z [ODDS]  Draw: 11/5 → 21/10
2026-02-27T00:12:57.207Z [ODDS]  Man City (Kolesya): 21/20 → 11/10, Draw: 21/10 → 2/1
2026-02-27T00:13:00.817Z [ODDS]  Man City (Kolesya): 11/10 → 1/3, Draw: 2/1 → 10/3, River Plate (Yerema): 12/5 → 13/2
2026-02-27T00:13:00.817Z [EVENT]  score: 3-4
2026-02-27T00:13:10.751Z [ODDS]  River Plate (Yerema): 13/2 → 7/1
2026-02-27T00:13:26.523Z [ODDS]  Man City (Kolesya): 1/3 → 5/4, Draw: 10/3 → 8/5, River Plate (Yerema): 7/1 → 13/5
2026-02-27T00:13:26.523Z [EVENT]  score: 4-4
2026-02-27T00:13:36.895Z [ODDS]  Man City (Kolesya): 5/4 → 13/10
2026-02-27T00:13:47.268Z [ODDS]  Man City (Kolesya): 13/10 → 11/8, Draw: 8/5 → 7/5
2026-02-27T00:13:57.193Z [ODDS]  Man City (Kolesya): 11/8 → 6/4, Draw: 7/5 → 5/4, River Plate (Yerema): 13/5 → 11/4
2026-02-27T00:14:07.567Z [ODDS]  Man City (Kolesya): 6/4 → 13/8, Draw: 5/4 → 11/10, River Plate (Yerema): 11/4 → 3/1
2026-02-27T00:14:17.938Z [ODDS]  Man City (Kolesya): 13/8 → 7/4, Draw: 11/10 → 20/21
