2026-02-26T21:10:22.876Z [ODDS]  CD Hercules: 8/13 → 4/7
2026-02-26T21:10:56.707Z [ODDS]  CD Hercules: 4/7 → 8/13
2026-02-26T21:15:23.647Z [ODDS]  Draw: 11/4 → 13/5
2026-02-26T21:20:49.782Z [ODDS]  CD Hercules: 8/13 → 15/8, Draw: 13/5 → 5/2, CD Fuerte Aguilares: 4/1 → 6/5
2026-02-26T21:20:49.787Z [EVENT]  score: 1-0
2026-02-26T21:23:36.209Z [ODDS]  CD Fuerte Aguilares: 6/5 → 11/10
2026-02-26T21:23:38.915Z [ODDS]  CD Hercules: 15/8 → 2/1
2026-02-26T21:25:27.174Z [ODDS]  CD Hercules: 2/1 → 11/5, CD Fuerte Aguilares: 11/10 → 21/20
2026-02-26T21:26:27.600Z [ODDS]  CD Fuerte Aguilares: 21/20 → 1/1
2026-02-26T21:27:24.870Z [ODDS]  CD Hercules: 11/5 → 12/5, Draw: 5/2 → 13/5, CD Fuerte Aguilares: 1/1 → 20/21
2026-02-26T21:28:11.775Z [ODDS]  CD Hercules: 12/5 → 13/5, CD Fuerte Aguilares: 20/21 → 5/6
2026-02-26T21:29:38.821Z [ODDS]  CD Hercules: 13/5 → 11/4, CD Fuerte Aguilares: 5/6 → 4/5
2026-02-26T21:31:02.709Z [ODDS]  CD Hercules: 11/4 → 3/1, CD Fuerte Aguilares: 4/5 → 8/11
2026-02-26T21:33:44.171Z [ODDS]  CD Hercules: 3/1 → 10/3, Draw: 13/5 → 11/4
2026-02-26T21:34:48.741Z [ODDS]  Draw: 11/4 → 13/5
2026-02-26T21:35:52.708Z [ODDS]  CD Fuerte Aguilares: 8/11 → 4/6
2026-02-26T21:36:25.633Z [ODDS]  CD Hercules: 10/3 → 7/2
2026-02-26T21:36:27.435Z [ODDS]  CD Hercules: 7/2 → 10/3, CD Fuerte Aguilares: 4/6 → 8/11
2026-02-26T21:37:28.326Z [ODDS]  CD Hercules: 10/3 → 7/2, CD Fuerte Aguilares: 8/11 → 4/6
2026-02-26T21:39:38.074Z [ODDS]  CD Hercules: 7/2 → 15/4
2026-02-26T21:40:25.878Z [ODDS]  CD Hercules: 15/4 → 10/3, Draw: 13/5 → 5/2, CD Fuerte Aguilares: 4/6 → 8/11
2026-02-26T21:40:48.428Z [ODDS]  CD Hercules: 10/3 → 7/2, Draw: 5/2 → 13/5
2026-02-26T21:42:29.482Z [ODDS]  CD Fuerte Aguilares: 8/11 → 4/6
2026-02-26T21:42:58.787Z [ODDS]  Draw: 13/5 → 5/2
2026-02-26T21:43:47.491Z [ODDS]  CD Hercules: 7/2 → 15/4
2026-02-26T21:43:49.291Z [ODDS]  CD Hercules: 15/4 → 7/2, CD Fuerte Aguilares: 4/6 → 8/11
2026-02-26T21:44:14.088Z [ODDS]  CD Hercules: 7/2 → 15/4, CD Fuerte Aguilares: 8/11 → 4/6
2026-02-26T21:45:06.854Z [ODDS]  CD Hercules: 15/4 → 21/20, Draw: 5/2 → 15/8, CD Fuerte Aguilares: 4/6 → 11/4
2026-02-26T21:45:06.854Z [EVENT]  score: 1-1
2026-02-26T21:45:27.603Z [ODDS]  CD Hercules: 21/20 → 11/10
2026-02-26T21:47:31.632Z [ODDS]  Draw: 15/8 → 7/4
2026-02-26T21:48:36.124Z [ODDS]  CD Fuerte Aguilares: 11/4 → 3/1
2026-02-26T22:08:28.308Z [ODDS]  CD Hercules: 11/10 → 6/5
2026-02-26T22:09:14.309Z [ODDS]  Draw: 7/4 → 13/8
2026-02-26T22:11:31.875Z [ODDS]  Draw: 13/8 → 8/5
2026-02-26T22:12:53.502Z [ODDS]  CD Hercules: 6/5 → 5/4
2026-02-26T22:13:29.584Z [ODDS]  Draw: 8/5 → 6/4
2026-02-26T22:14:06.564Z [ODDS]  CD Hercules: 5/4 → 6/5, Draw: 6/4 → 8/5
2026-02-26T22:14:24.243Z [ODDS]  Draw: 8/5 → 6/4
2026-02-26T22:14:30.059Z [ODDS]  CD Hercules: 6/5 → 5/4
2026-02-26T22:15:34.510Z [ODDS]  CD Hercules: 5/4 → 13/10
2026-02-26T22:16:45.327Z [ODDS]  Draw: 6/4 → 7/5
2026-02-26T22:18:20.479Z [ODDS]  CD Hercules: 13/10 → 11/8, CD Hercules: 11/8 → 1/5, Draw: 7/5 → 4/1, CD Fuerte Aguilares: 3/1 → 10/1
2026-02-26T22:18:20.479Z [EVENT]  score: 1-2
2026-02-26T22:18:20.479Z [ODDS]  CD Hercules: 1/5 → 11/8, CD Hercules: 11/8 → 1/5
2026-02-26T22:19:46.623Z [ODDS]  CD Fuerte Aguilares: 10/1 → 11/1
2026-02-26T22:20:12.782Z [ODDS]  Draw: 4/1 → 9/2
2026-02-26T22:24:28.119Z [ODDS]  CD Hercules: 1/5 → 2/11, CD Fuerte Aguilares: 11/1 → 12/1
2026-02-26T22:28:41.981Z [ODDS]  CD Hercules: 2/11 → 1/6
2026-02-26T22:29:25.760Z [ODDS]  CD Fuerte Aguilares: 12/1 → 14/1
2026-02-26T22:33:10.779Z [ODDS]  CD Hercules: 1/6 → 1/7
2026-02-26T22:34:08.236Z [ODDS]  CD Fuerte Aguilares: 14/1 → 16/1
2026-02-26T22:35:39.336Z [ODDS]  Draw: 9/2 → 5/1
2026-02-26T22:36:10.456Z [ODDS]  CD Fuerte Aguilares: 16/1 → 18/1
2026-02-26T22:37:01.869Z [ODDS]  CD Hercules: 1/7 → 1/8
2026-02-26T22:37:43.361Z [ODDS]  CD Fuerte Aguilares: 18/1 → 20/1
2026-02-26T22:39:27.229Z [ODDS]  CD Fuerte Aguilares: 20/1 → 22/1
2026-02-26T22:40:52.020Z [ODDS]  CD Fuerte Aguilares: 22/1 → 25/1
2026-02-26T22:41:23.592Z [ODDS]  CD Hercules: 1/8 → 1/9, Draw: 5/1 → 11/2
2026-02-26T22:42:58.755Z [ODDS]  CD Fuerte Aguilares: 25/1 → 28/1
2026-02-26T22:43:19.500Z [ODDS]  CD Hercules: 1/9 → 1/10, Draw: 11/2 → 6/1
2026-02-26T22:43:44.758Z [ODDS]  CD Hercules: 1/10 → 1/125, Draw: 6/1 → 25/1, CD Fuerte Aguilares: 28/1 → 40/1
2026-02-26T22:43:44.758Z [EVENT]  score: 1-3
2026-02-26T22:44:24.896Z [ODDS]  CD Hercules: 1/125 → 1/150, Draw: 25/1 → 28/1
2026-02-26T22:45:01.510Z [ODDS]  CD Fuerte Aguilares: 40/1 → 50/1
2026-02-26T22:45:35.781Z [ODDS]  CD Fuerte Aguilares: 50/1 → 66/1
2026-02-26T22:45:50.587Z [ODDS]  CD Hercules: 1/150 → 1/200, Draw: 28/1 → 33/1
2026-02-26T22:47:25.298Z [ODDS]  CD Fuerte Aguilares: 66/1 → 80/1
2026-02-26T22:47:30.258Z [ODDS]  CD Hercules: 1/200 → 1/250, Draw: 33/1 → 40/1
2026-02-26T22:49:38.794Z [ODDS]  CD Hercules: 1/250 → 1/500, Draw: 40/1 → 50/1
2026-02-26T22:49:41.048Z [ODDS]  CD Hercules: 1/500 → 1/250, Draw: 50/1 → 40/1
2026-02-26T22:50:13.971Z [ODDS]  CD Hercules: 1/250 → 1/500, Draw: 40/1 → 50/1
