2026-02-26T22:38:25.889Z [ODDS]  Draw: 3/1 → 11/4, Denmark (Kolesya): 1/1 → 21/20
2026-02-26T22:38:57.013Z [ODDS]  Denmark (Kolesya): 21/20 → 11/10
2026-02-26T22:38:57.914Z [ODDS]  USA (Kostolom89): 7/4 → 4/5, Draw: 11/4 → 3/1, Denmark (Kolesya): 11/10 → 12/5
2026-02-26T22:38:57.914Z [EVENT]  score: 0-1
2026-02-26T22:39:08.287Z [ODDS]  Draw: 3/1 → 11/4, Denmark (Kolesya): 12/5 → 5/2
2026-02-26T22:39:16.856Z [ODDS]  USA (Kostolom89): 4/5 → 7/4, Draw: 11/4 → 13/5, Denmark (Kolesya): 5/2 → 11/10
2026-02-26T22:39:16.856Z [EVENT]  score: 1-1
2026-02-26T22:39:27.229Z [ODDS]  USA (Kostolom89): 7/4 → 15/8, Draw: 13/5 → 5/2
2026-02-26T22:39:47.977Z [ODDS]  Draw: 5/2 → 12/5, Denmark (Kolesya): 11/10 → 6/5
2026-02-26T22:39:57.899Z [ODDS]  Draw: 12/5 → 9/4
2026-02-26T22:40:18.645Z [ODDS]  Draw: 9/4 → 21/10, Denmark (Kolesya): 6/5 → 5/4
2026-02-26T22:40:49.764Z [ODDS]  USA (Kostolom89): 15/8 → 2/1, Draw: 21/10 → 2/1, Denmark (Kolesya): 5/4 → 13/10
2026-02-26T22:40:59.689Z [ODDS]  Draw: 2/1 → 15/8
2026-02-26T22:41:10.062Z [ODDS]  Draw: 15/8 → 7/4, Denmark (Kolesya): 13/10 → 11/8
2026-02-26T22:41:20.435Z [ODDS]  USA (Kostolom89): 2/1 → 21/10, Draw: 7/4 → 13/8, Denmark (Kolesya): 11/8 → 7/5
2026-02-26T22:41:30.808Z [ODDS]  USA (Kostolom89): 21/10 → 11/5, Draw: 13/8 → 8/5, Denmark (Kolesya): 7/5 → 6/4
2026-02-26T22:41:40.730Z [ODDS]  USA (Kostolom89): 11/5 → 9/4, Draw: 8/5 → 7/5, Denmark (Kolesya): 6/4 → 8/5
2026-02-26T22:41:51.104Z [ODDS]  USA (Kostolom89): 9/4 → 12/5, Draw: 7/5 → 13/10, Denmark (Kolesya): 8/5 → 13/8
2026-02-26T22:42:01.477Z [ODDS]  USA (Kostolom89): 12/5 → 5/2, Draw: 13/10 → 6/5, Denmark (Kolesya): 13/8 → 7/4
2026-02-26T22:42:11.400Z [ODDS]  USA (Kostolom89): 5/2 → 13/5, Draw: 6/5 → 21/20, Denmark (Kolesya): 7/4 → 15/8
2026-02-26T22:42:21.772Z [ODDS]  USA (Kostolom89): 13/5 → 11/4, Draw: 21/20 → 10/11, Denmark (Kolesya): 15/8 → 21/10
2026-02-26T22:42:24.928Z [ODDS]  USA (Kostolom89): 11/4 → 10/1, Draw: 10/11 → 3/1, Denmark (Kolesya): 21/10 → 2/7
2026-02-26T22:42:24.928Z [EVENT]  score: 2-1
2026-02-26T22:42:34.851Z [ODDS]  USA (Kostolom89): 10/1 → 11/1, Denmark (Kolesya): 2/7 → 1/4
2026-02-26T22:42:49.733Z [EVENT]  score: 3-1
