2026-02-27T01:08:26.448Z [ODDS]  Bologna (volvo): 13/10 → 11/4, Draw: 3/1 → 7/2, Napoli (nekishka): 13/10 → 8/13
2026-02-27T01:08:26.448Z [EVENT]  score: 1-0
2026-02-27T01:08:36.820Z [ODDS]  Draw: 7/2 → 10/3
2026-02-27T01:08:49.899Z [ODDS]  Bologna (volvo): 11/4 → 13/10, Draw: 10/3 → 3/1, Napoli (nekishka): 8/13 → 11/8
2026-02-27T01:08:49.899Z [EVENT]  score: 1-1
2026-02-27T01:09:10.197Z [ODDS]  Bologna (volvo): 13/10 → 11/8, Draw: 3/1 → 11/4
2026-02-27T01:09:41.316Z [ODDS]  Bologna (volvo): 11/8 → 7/5, Draw: 11/4 → 13/5, Napoli (nekishka): 11/8 → 7/5
2026-02-27T01:09:51.237Z [ODDS]  Bologna (volvo): 7/5 → 10/3, Draw: 13/5 → 3/1, Napoli (nekishka): 7/5 → 4/7
2026-02-27T01:09:51.237Z [EVENT]  score: 2-1
2026-02-27T01:10:22.356Z [ODDS]  Bologna (volvo): 10/3 → 7/2
2026-02-27T01:10:53.926Z [ODDS]  Bologna (volvo): 7/2 → 15/4, Napoli (nekishka): 4/7 → 8/15
2026-02-27T01:11:04.299Z [ODDS]  Bologna (volvo): 15/4 → 4/1
2026-02-27T01:11:24.595Z [ODDS]  Draw: 3/1 → 11/4
2026-02-27T01:11:34.974Z [ODDS]  Bologna (volvo): 4/1 → 9/2, Napoli (nekishka): 8/15 → 1/2
2026-02-27T01:11:55.266Z [ODDS]  Bologna (volvo): 9/2 → 5/1
2026-02-27T01:12:05.641Z [ODDS]  Draw: 11/4 → 13/5
2026-02-27T01:12:16.014Z [ODDS]  Bologna (volvo): 5/1 → 11/2, Napoli (nekishka): 1/2 → 4/9
2026-02-27T01:12:21.423Z [ODDS]  Bologna (volvo): 11/2 → 6/1
2026-02-27T01:12:23.678Z [ODDS]  Bologna (volvo): 6/1 → 14/1, Draw: 13/5 → 7/1, Napoli (nekishka): 4/9 → 1/12
2026-02-27T01:12:23.678Z [EVENT]  score: 3-1
2026-02-27T01:12:54.798Z [ODDS]  Bologna (volvo): 14/1 → 16/1, Draw: 7/1 → 8/1, Napoli (nekishka): 1/12 → 1/14
2026-02-27T01:13:04.720Z [ODDS]  Bologna (volvo): 16/1 → 18/1, Draw: 8/1 → 9/1, Napoli (nekishka): 1/14 → 1/16
2026-02-27T01:13:15.093Z [ODDS]  Bologna (volvo): 18/1 → 20/1, Draw: 9/1 → 10/1, Napoli (nekishka): 1/16 → 1/20
2026-02-27T01:13:25.467Z [ODDS]  Bologna (volvo): 20/1 → 22/1, Napoli (nekishka): 1/20 → 1/22
2026-02-27T01:13:35.388Z [ODDS]  Bologna (volvo): 22/1 → 25/1, Draw: 10/1 → 12/1, Napoli (nekishka): 1/22 → 1/28
2026-02-27T01:13:45.764Z [ODDS]  Bologna (volvo): 25/1 → 28/1, Draw: 12/1 → 14/1, Napoli (nekishka): 1/28 → 1/33
2026-02-27T01:13:56.141Z [ODDS]  Bologna (volvo): 28/1 → 33/1, Draw: 14/1 → 18/1, Napoli (nekishka): 1/33 → 1/50
2026-02-27T01:14:47.100Z [EVENT]  score: 4-1
