2026-02-26T21:02:33.524Z [ODDS]  JS Kabylie: 17/4 → 9/2, MC Alger: 13/20 → 4/6
2026-02-26T21:05:33.494Z [ODDS]  JS Kabylie: 9/2 → 5/1, Draw: 11/5 → 9/4
2026-02-26T21:06:08.655Z [ODDS]  JS Kabylie: 5/1 → 11/2, Draw: 9/4 → 11/5
2026-02-26T21:07:23.559Z [ODDS]  JS Kabylie: 11/2 → 5/1
2026-02-26T21:07:48.778Z [ODDS]  JS Kabylie: 5/1 → 11/2
2026-02-26T21:08:12.982Z [ODDS]  JS Kabylie: 11/2 → 5/1
2026-02-26T21:08:20.200Z [ODDS]  JS Kabylie: 5/1 → 11/2
2026-02-26T21:08:32.376Z [ODDS]  JS Kabylie: 11/2 → 5/1
2026-02-26T21:08:49.965Z [ODDS]  JS Kabylie: 5/1 → 11/2
2026-02-26T21:09:07.105Z [ODDS]  Draw: 11/5 → 21/10
2026-02-26T21:09:47.255Z [ODDS]  Draw: 21/10 → 11/5
2026-02-26T21:09:59.869Z [ODDS]  Draw: 11/5 → 21/10
2026-02-26T21:10:14.307Z [ODDS]  JS Kabylie: 11/2 → 5/1
2026-02-26T21:10:34.153Z [ODDS]  JS Kabylie: 5/1 → 11/2
2026-02-26T21:11:16.126Z [ODDS]  MC Alger: 4/6 → 8/11
2026-02-26T21:11:27.925Z [ODDS]  MC Alger: 8/11 → 4/6
2026-02-26T21:13:10.196Z [ODDS]  JS Kabylie: 11/2 → 5/1, MC Alger: 4/6 → 8/11
2026-02-26T21:13:33.206Z [ODDS]  JS Kabylie: 5/1 → 6/1, MC Alger: 8/11 → 4/6
2026-02-26T21:13:53.508Z [ODDS]  JS Kabylie: 6/1 → 11/2
2026-02-26T21:18:34.021Z [ODDS]  Draw: 21/10 → 2/1
2026-02-26T21:18:47.549Z [ODDS]  JS Kabylie: 11/2 → 6/1, Draw: 2/1 → 21/10
2026-02-26T21:19:07.844Z [ODDS]  Draw: 21/10 → 2/1
2026-02-26T21:19:56.557Z [ODDS]  Draw: 2/1 → 21/10
2026-02-26T21:20:01.521Z [ODDS]  JS Kabylie: 6/1 → 11/2, MC Alger: 4/6 → 8/11
2026-02-26T21:20:03.773Z [ODDS]  JS Kabylie: 11/2 → 6/1, MC Alger: 8/11 → 4/6
2026-02-26T21:20:13.241Z [ODDS]  JS Kabylie: 6/1 → 11/2, Draw: 21/10 → 2/1, MC Alger: 4/6 → 8/11
2026-02-26T21:20:15.051Z [ODDS]  JS Kabylie: 11/2 → 6/1, MC Alger: 8/11 → 4/6
2026-02-26T21:20:47.522Z [ODDS]  JS Kabylie: 6/1 → 13/2, Draw: 2/1 → 15/8
2026-02-26T21:21:00.605Z [ODDS]  JS Kabylie: 13/2 → 6/1, MC Alger: 4/6 → 8/11
2026-02-26T21:22:12.759Z [ODDS]  Draw: 15/8 → 2/1
2026-02-26T21:22:29.897Z [ODDS]  Draw: 2/1 → 15/8
2026-02-26T21:22:57.860Z [ODDS]  Draw: 15/8 → 2/1, MC Alger: 8/11 → 4/6
2026-02-26T21:24:05.528Z [ODDS]  Draw: 2/1 → 15/8, MC Alger: 4/6 → 8/11
2026-02-26T21:25:07.323Z [ODDS]  JS Kabylie: 6/1 → 11/2
2026-02-26T21:25:16.334Z [ODDS]  JS Kabylie: 11/2 → 6/1
2026-02-26T21:26:10.918Z [ODDS]  JS Kabylie: 6/1 → 11/2
2026-02-26T21:26:22.668Z [ODDS]  JS Kabylie: 11/2 → 6/1
2026-02-26T21:26:28.950Z [ODDS]  Draw: 15/8 → 2/1, MC Alger: 8/11 → 4/6
2026-02-26T21:26:31.657Z [ODDS]  MC Alger: 4/6 → 8/11
2026-02-26T21:26:43.389Z [ODDS]  Draw: 2/1 → 15/8
2026-02-26T21:26:50.164Z [ODDS]  JS Kabylie: 6/1 → 11/2
2026-02-26T21:26:51.057Z [ODDS]  JS Kabylie: 11/2 → 6/1
2026-02-26T21:27:49.681Z [ODDS]  JS Kabylie: 6/1 → 11/2, MC Alger: 8/11 → 4/5
2026-02-26T21:28:07.268Z [ODDS]  JS Kabylie: 11/2 → 6/1, MC Alger: 4/5 → 8/11
2026-02-26T21:28:18.540Z [ODDS]  JS Kabylie: 6/1 → 11/2, Draw: 15/8 → 7/4, MC Alger: 8/11 → 4/5
2026-02-26T21:28:18.991Z [ODDS]  JS Kabylie: 11/2 → 6/1
2026-02-26T21:28:23.505Z [ODDS]  JS Kabylie: 6/1 → 11/2, Draw: 7/4 → 15/8
2026-02-26T21:28:33.874Z [ODDS]  JS Kabylie: 11/2 → 6/1, MC Alger: 4/5 → 8/11
2026-02-26T21:28:44.247Z [ODDS]  JS Kabylie: 6/1 → 13/2, MC Alger: 8/11 → 4/6
2026-02-26T21:29:00.032Z [ODDS]  JS Kabylie: 13/2 → 6/1, MC Alger: 4/6 → 8/11
2026-02-26T21:29:08.602Z [ODDS]  JS Kabylie: 6/1 → 11/2, Draw: 15/8 → 7/4, MC Alger: 8/11 → 4/5
2026-02-26T21:29:13.565Z [ODDS]  JS Kabylie: 11/2 → 6/1, Draw: 7/4 → 15/8, MC Alger: 4/5 → 8/11
2026-02-26T21:29:32.957Z [ODDS]  Draw: 15/8 → 7/4
2026-02-26T21:29:40.176Z [ODDS]  JS Kabylie: 6/1 → 11/2, MC Alger: 8/11 → 4/5
2026-02-26T21:29:50.547Z [ODDS]  JS Kabylie: 11/2 → 6/1, MC Alger: 4/5 → 8/11
2026-02-26T21:30:04.528Z [ODDS]  JS Kabylie: 6/1 → 11/2, MC Alger: 8/11 → 5/6
2026-02-26T21:30:35.196Z [ODDS]  MC Alger: 5/6 → 4/5
2026-02-26T21:31:20.758Z [ODDS]  MC Alger: 4/5 → 5/6
2026-02-26T21:31:25.747Z [ODDS]  Draw: 7/4 → 13/8
2026-02-26T21:31:30.218Z [ODDS]  JS Kabylie: 11/2 → 6/1, Draw: 13/8 → 7/4, MC Alger: 5/6 → 4/5
2026-02-26T21:31:55.544Z [ODDS]  JS Kabylie: 6/1 → 21/20, Draw: 7/4 → 2/1, MC Alger: 4/5 → 3/1
2026-02-26T21:31:55.544Z [EVENT]  score: 0-1
2026-02-26T21:32:36.519Z [ODDS]  JS Kabylie: 21/20 → 10/11, Draw: 2/1 → 21/10, MC Alger: 3/1 → 10/3
2026-02-26T21:33:33.343Z [ODDS]  JS Kabylie: 10/11 → 11/2, Draw: 21/10 → 13/8, MC Alger: 10/3 → 10/11
2026-02-26T21:33:33.343Z [EVENT]  score: 0-0
2026-02-26T21:33:39.673Z [ODDS]  MC Alger: 10/11 → 5/6
2026-02-26T21:33:42.823Z [ODDS]  MC Alger: 5/6 → 10/11
2026-02-26T21:33:55.516Z [ODDS]  JS Kabylie: 11/2 → 5/1
2026-02-26T21:33:55.928Z [ODDS]  JS Kabylie: 5/1 → 6/1, Draw: 13/8 → 7/4, MC Alger: 10/11 → 4/5
2026-02-26T21:34:02.698Z [ODDS]  Draw: 7/4 → 13/8
2026-02-26T21:34:06.300Z [ODDS]  Draw: 13/8 → 7/4
2026-02-26T21:34:11.684Z [ODDS]  Draw: 7/4 → 13/8
2026-02-26T21:34:32.883Z [ODDS]  MC Alger: 4/5 → 5/6
2026-02-26T21:35:15.400Z [ODDS]  JS Kabylie: 6/1 → 11/2, Draw: 13/8 → 8/5
2026-02-26T21:35:30.627Z [ODDS]  MC Alger: 5/6 → 10/11
2026-02-26T21:36:13.457Z [ODDS]  JS Kabylie: 11/2 → 6/1
2026-02-26T21:36:51.341Z [ODDS]  JS Kabylie: 6/1 → 11/2
2026-02-26T21:37:04.918Z [ODDS]  JS Kabylie: 11/2 → 6/1
2026-02-26T21:37:12.094Z [ODDS]  JS Kabylie: 6/1 → 11/2
2026-02-26T21:37:19.752Z [ODDS]  Draw: 8/5 → 6/4
2026-02-26T21:37:36.909Z [ODDS]  Draw: 6/4 → 8/5
2026-02-26T21:38:14.196Z [ODDS]  JS Kabylie: 11/2 → 6/1, Draw: 8/5 → 6/4
2026-02-26T21:39:27.714Z [ODDS]  JS Kabylie: 6/1 → 11/2
2026-02-26T21:39:46.190Z [ODDS]  JS Kabylie: 11/2 → 6/1, Draw: 6/4 → 8/5
2026-02-26T21:40:16.410Z [ODDS]  Draw: 8/5 → 6/4
2026-02-26T21:40:25.446Z [ODDS]  JS Kabylie: 6/1 → 11/2
2026-02-26T21:40:46.192Z [ODDS]  MC Alger: 10/11 → 20/21
2026-02-26T21:41:46.405Z [ODDS]  JS Kabylie: 11/2 → 6/1, MC Alger: 20/21 → 10/11
2026-02-26T21:41:58.784Z [ODDS]  JS Kabylie: 6/1 → 11/2, MC Alger: 10/11 → 20/21
2026-02-26T21:42:26.747Z [ODDS]  JS Kabylie: 11/2 → 9/2, MC Alger: 20/21 → 21/20
2026-02-26T21:44:17.695Z [ODDS]  JS Kabylie: 9/2 → 11/2, Draw: 6/4 → 7/5, MC Alger: 21/20 → 20/21
2026-02-26T21:44:23.257Z [ODDS]  JS Kabylie: 11/2 → 6/1, Draw: 7/5 → 11/8, MC Alger: 20/21 → 1/1
2026-02-26T21:44:28.520Z [ODDS]  JS Kabylie: 6/1 → 11/2, Draw: 11/8 → 7/5
2026-02-26T21:44:40.243Z [ODDS]  JS Kabylie: 11/2 → 6/1, Draw: 7/5 → 11/8
2026-02-26T21:44:53.778Z [ODDS]  JS Kabylie: 6/1 → 11/2
2026-02-26T21:45:29.855Z [ODDS]  JS Kabylie: 11/2 → 6/1
2026-02-26T21:45:36.172Z [ODDS]  JS Kabylie: 6/1 → 11/2
2026-02-26T21:46:18.569Z [ODDS]  JS Kabylie: 11/2 → 6/1
2026-02-26T21:46:22.171Z [ODDS]  JS Kabylie: 6/1 → 11/2
2026-02-26T21:46:37.058Z [ODDS]  Draw: 11/8 → 13/10, MC Alger: 1/1 → 21/20
2026-02-26T21:46:37.505Z [ODDS]  Draw: 13/10 → 11/8, MC Alger: 21/20 → 1/1
2026-02-26T21:46:48.783Z [ODDS]  Draw: 11/8 → 13/10, MC Alger: 1/1 → 21/20
2026-02-26T21:47:47.879Z [ODDS]  MC Alger: 21/20 → 11/10
2026-02-26T21:47:55.087Z [ODDS]  MC Alger: 11/10 → 21/20
2026-02-26T21:47:57.339Z [ODDS]  JS Kabylie: 11/2 → 6/1
2026-02-26T21:48:09.515Z [ODDS]  JS Kabylie: 6/1 → 11/2, Draw: 13/10 → 5/4, MC Alger: 21/20 → 11/10
2026-02-26T21:48:48.763Z [ODDS]  JS Kabylie: 11/2 → 6/1, MC Alger: 11/10 → 21/20
2026-02-26T22:00:58.572Z [ODDS]  JS Kabylie: 6/1 → 13/2, MC Alger: 21/20 → 1/1
2026-02-26T22:01:00.828Z [ODDS]  JS Kabylie: 13/2 → 6/1, MC Alger: 1/1 → 21/20
2026-02-26T22:04:06.199Z [ODDS]  JS Kabylie: 6/1 → 13/2, MC Alger: 21/20 → 1/1
2026-02-26T22:05:40.457Z [ODDS]  JS Kabylie: 13/2 → 6/1, Draw: 5/4 → 13/10
2026-02-26T22:07:37.738Z [ODDS]  Draw: 13/10 → 5/4, MC Alger: 1/1 → 21/20
2026-02-26T22:09:47.234Z [ODDS]  JS Kabylie: 6/1 → 13/2, Draw: 5/4 → 13/10, MC Alger: 21/20 → 1/1
2026-02-26T22:09:49.486Z [ODDS]  JS Kabylie: 13/2 → 11/2, Draw: 13/10 → 5/4, MC Alger: 1/1 → 11/10
2026-02-26T22:10:04.825Z [ODDS]  JS Kabylie: 11/2 → 6/1, MC Alger: 11/10 → 21/20
2026-02-26T22:10:17.003Z [ODDS]  Draw: 5/4 → 6/5, MC Alger: 21/20 → 11/10
2026-02-26T22:11:39.987Z [ODDS]  JS Kabylie: 6/1 → 11/2, MC Alger: 11/10 → 6/5
2026-02-26T22:11:50.830Z [ODDS]  JS Kabylie: 11/2 → 6/1, MC Alger: 6/5 → 11/10
2026-02-26T22:11:58.929Z [ODDS]  JS Kabylie: 6/1 → 7/1, MC Alger: 11/10 → 1/1
2026-02-26T22:12:15.618Z [ODDS]  JS Kabylie: 7/1 → 13/2
2026-02-26T22:12:29.597Z [ODDS]  MC Alger: 1/1 → 21/20
2026-02-26T22:12:44.934Z [ODDS]  JS Kabylie: 13/2 → 7/1, MC Alger: 21/20 → 1/1
2026-02-26T22:13:31.837Z [ODDS]  JS Kabylie: 7/1 → 13/2, MC Alger: 1/1 → 21/20
2026-02-26T22:13:58.446Z [ODDS]  JS Kabylie: 13/2 → 7/1
2026-02-26T22:14:35.912Z [ODDS]  Draw: 6/5 → 11/10
2026-02-26T22:15:04.743Z [ODDS]  JS Kabylie: 7/1 → 13/2, Draw: 11/10 → 6/5, MC Alger: 21/20 → 11/10
2026-02-26T22:15:19.626Z [ODDS]  JS Kabylie: 13/2 → 7/1, Draw: 6/5 → 11/10, MC Alger: 11/10 → 21/20
2026-02-26T22:15:34.510Z [ODDS]  MC Alger: 21/20 → 11/10
2026-02-26T22:16:20.962Z [ODDS]  JS Kabylie: 7/1 → 8/1, MC Alger: 11/10 → 1/1
2026-02-26T22:16:42.625Z [ODDS]  JS Kabylie: 8/1 → 17/2, MC Alger: 1/1 → 20/21
2026-02-26T22:16:44.878Z [ODDS]  JS Kabylie: 17/2 → 8/1, MC Alger: 20/21 → 1/1
2026-02-26T22:16:53.004Z [ODDS]  JS Kabylie: 8/1 → 15/2, Draw: 11/10 → 21/20, MC Alger: 1/1 → 21/20
2026-02-26T22:16:57.943Z [ODDS]  MC Alger: 21/20 → 11/10
2026-02-26T22:17:17.337Z [ODDS]  JS Kabylie: 15/2 → 8/1, MC Alger: 11/10 → 21/20
2026-02-26T22:17:28.160Z [ODDS]  MC Alger: 21/20 → 11/10
2026-02-26T22:17:34.927Z [ODDS]  JS Kabylie: 8/1 → 15/2, Draw: 21/20 → 1/1, MC Alger: 11/10 → 6/5
2026-02-26T22:17:35.477Z [ODDS]  JS Kabylie: 15/2 → 7/1
2026-02-26T22:18:11.037Z [ODDS]  Draw: 1/1 → 20/21, MC Alger: 6/5 → 5/4
2026-02-26T22:24:50.620Z [ODDS]  JS Kabylie: 7/1 → 15/2, Draw: 20/21 → 4/5, MC Alger: 5/4 → 6/4
2026-02-26T22:25:06.415Z [ODDS]  JS Kabylie: 15/2 → 17/2, Draw: 4/5 → 5/6, MC Alger: 6/4 → 13/10
2026-02-26T22:25:06.849Z [ODDS]  JS Kabylie: 17/2 → 7/1, Draw: 5/6 → 10/11
2026-02-26T22:25:12.268Z [ODDS]  JS Kabylie: 7/1 → 13/2, MC Alger: 13/10 → 11/8
2026-02-26T22:25:12.723Z [ODDS]  JS Kabylie: 13/2 → 7/1
2026-02-26T22:25:14.535Z [ODDS]  MC Alger: 11/8 → 13/10
2026-02-26T22:25:18.583Z [ODDS]  JS Kabylie: 7/1 → 13/2, Draw: 10/11 → 20/21
2026-02-26T22:25:28.507Z [ODDS]  MC Alger: 13/10 → 11/8
2026-02-26T22:25:51.502Z [ODDS]  MC Alger: 11/8 → 13/10
2026-02-26T22:26:07.734Z [ODDS]  JS Kabylie: 13/2 → 7/1, Draw: 20/21 → 10/11
2026-02-26T22:26:10.890Z [ODDS]  JS Kabylie: 7/1 → 13/2, Draw: 10/11 → 20/21
2026-02-26T22:26:23.971Z [ODDS]  JS Kabylie: 13/2 → 7/1, Draw: 20/21 → 10/11, Draw: 10/11 → 20/21, MC Alger: 13/10 → 5/4
2026-02-26T22:26:23.972Z [ODDS]  Draw: 20/21 → 10/11, Draw: 10/11 → 20/21
2026-02-26T22:26:29.383Z [ODDS]  Draw: 20/21 → 10/11, MC Alger: 5/4 → 13/10
2026-02-26T22:26:32.088Z [ODDS]  JS Kabylie: 7/1 → 13/2, MC Alger: 13/10 → 11/8
2026-02-26T22:26:49.233Z [ODDS]  JS Kabylie: 13/2 → 7/1, MC Alger: 11/8 → 13/10
2026-02-26T22:26:59.147Z [ODDS]  JS Kabylie: 7/1 → 13/2, MC Alger: 13/10 → 11/8
2026-02-26T22:27:23.505Z [ODDS]  JS Kabylie: 13/2 → 7/1, MC Alger: 11/8 → 13/10
2026-02-26T22:27:45.157Z [ODDS]  MC Alger: 13/10 → 11/8
2026-02-26T22:28:10.413Z [ODDS]  JS Kabylie: 7/1 → 13/2
2026-02-26T22:28:15.370Z [ODDS]  JS Kabylie: 13/2 → 6/1, Draw: 10/11 → 20/21, MC Alger: 11/8 → 7/5
2026-02-26T22:28:19.880Z [ODDS]  Draw: 20/21 → 10/11
2026-02-26T22:28:32.960Z [ODDS]  JS Kabylie: 6/1 → 13/2, MC Alger: 7/5 → 11/8
2026-02-26T22:28:40.629Z [ODDS]  MC Alger: 11/8 → 6/4
2026-02-26T22:28:45.588Z [ODDS]  JS Kabylie: 13/2 → 7/1, Draw: 10/11 → 5/6, MC Alger: 6/4 → 7/5
2026-02-26T22:28:48.756Z [ODDS]  JS Kabylie: 7/1 → 13/2, Draw: 5/6 → 10/11
2026-02-26T22:28:50.105Z [ODDS]  MC Alger: 7/5 → 11/8
2026-02-26T22:29:18.062Z [ODDS]  Draw: 10/11 → 5/6, MC Alger: 11/8 → 6/4
2026-02-26T22:29:43.318Z [ODDS]  JS Kabylie: 13/2 → 7/1, MC Alger: 6/4 → 7/5
2026-02-26T22:29:58.767Z [ODDS]  MC Alger: 7/5 → 6/4
2026-02-26T22:31:30.713Z [ODDS]  Draw: 5/6 → 4/5
2026-02-26T22:32:01.778Z [ODDS]  JS Kabylie: 7/1 → 15/2
2026-02-26T22:32:07.638Z [ODDS]  MC Alger: 6/4 → 7/5
2026-02-26T22:32:13.501Z [ODDS]  MC Alger: 7/5 → 6/4
2026-02-26T22:32:21.171Z [ODDS]  JS Kabylie: 15/2 → 7/1
2026-02-26T22:32:21.620Z [ODDS]  JS Kabylie: 7/1 → 13/2, MC Alger: 6/4 → 8/5
2026-02-26T22:32:31.994Z [ODDS]  JS Kabylie: 13/2 → 7/1, MC Alger: 8/5 → 6/4
2026-02-26T22:32:48.683Z [ODDS]  JS Kabylie: 7/1 → 15/2, Draw: 4/5 → 8/11, MC Alger: 6/4 → 8/5
2026-02-26T22:32:50.486Z [ODDS]  Draw: 8/11 → 4/5, MC Alger: 8/5 → 6/4
2026-02-26T22:33:01.310Z [ODDS]  Draw: 4/5 → 8/11
2026-02-26T22:33:26.565Z [ODDS]  JS Kabylie: 15/2 → 13/2, Draw: 8/11 → 4/5, MC Alger: 6/4 → 8/5
2026-02-26T22:33:38.293Z [ODDS]  MC Alger: 8/5 → 13/8
2026-02-26T22:33:54.528Z [ODDS]  JS Kabylie: 13/2 → 15/2, Draw: 4/5 → 8/11, MC Alger: 13/8 → 8/5
2026-02-26T22:33:56.782Z [ODDS]  JS Kabylie: 15/2 → 7/1
2026-02-26T22:34:18.612Z [ODDS]  JS Kabylie: 7/1 → 15/2
2026-02-26T22:34:27.627Z [ODDS]  Draw: 8/11 → 4/5, MC Alger: 8/5 → 6/4
2026-02-26T22:34:36.647Z [ODDS]  Draw: 4/5 → 8/11, MC Alger: 6/4 → 13/8
2026-02-26T22:34:40.738Z [ODDS]  Draw: 8/11 → 4/5, MC Alger: 13/8 → 6/4
2026-02-26T22:34:47.026Z [ODDS]  Draw: 4/5 → 8/11
2026-02-26T22:34:47.474Z [ODDS]  MC Alger: 6/4 → 13/8
2026-02-26T22:34:57.844Z [ODDS]  JS Kabylie: 15/2 → 7/1
2026-02-26T22:35:14.533Z [ODDS]  JS Kabylie: 7/1 → 15/2, MC Alger: 13/8 → 8/5
2026-02-26T22:35:32.572Z [ODDS]  JS Kabylie: 15/2 → 8/1, MC Alger: 8/5 → 13/8
2026-02-26T22:35:40.690Z [ODDS]  JS Kabylie: 8/1 → 15/2, MC Alger: 13/8 → 8/5
2026-02-26T22:35:46.101Z [ODDS]  JS Kabylie: 15/2 → 8/1
2026-02-26T22:35:48.810Z [ODDS]  JS Kabylie: 8/1 → 15/2
2026-02-26T22:35:50.161Z [ODDS]  MC Alger: 8/5 → 13/8
2026-02-26T22:35:58.279Z [ODDS]  JS Kabylie: 15/2 → 8/1
2026-02-26T22:36:00.083Z [ODDS]  JS Kabylie: 8/1 → 15/2
2026-02-26T22:36:27.600Z [ODDS]  JS Kabylie: 15/2 → 8/1, Draw: 8/11 → 4/6
2026-02-26T22:36:28.047Z [ODDS]  Draw: 4/6 → 8/11, MC Alger: 13/8 → 6/4
2026-02-26T22:36:44.732Z [ODDS]  Draw: 8/11 → 4/6, MC Alger: 6/4 → 13/8
2026-02-26T22:36:58.261Z [ODDS]  JS Kabylie: 8/1 → 15/2
2026-02-26T22:37:02.320Z [ODDS]  JS Kabylie: 15/2 → 8/1
2026-02-26T22:37:14.497Z [ODDS]  JS Kabylie: 8/1 → 15/2, MC Alger: 13/8 → 7/4
2026-02-26T22:37:58.710Z [ODDS]  JS Kabylie: 15/2 → 8/1
2026-02-26T22:38:04.139Z [ODDS]  JS Kabylie: 8/1 → 15/2
2026-02-26T22:38:22.282Z [ODDS]  MC Alger: 7/4 → 15/8
2026-02-26T22:38:36.715Z [ODDS]  Draw: 4/6 → 8/13
2026-02-26T22:39:09.189Z [ODDS]  JS Kabylie: 15/2 → 8/1
2026-02-26T22:39:36.251Z [ODDS]  JS Kabylie: 8/1 → 15/2
2026-02-26T22:39:44.820Z [ODDS]  JS Kabylie: 15/2 → 8/1
2026-02-26T22:40:16.841Z [ODDS]  Draw: 8/13 → 4/7
2026-02-26T22:40:21.351Z [ODDS]  Draw: 4/7 → 8/13
2026-02-26T22:40:21.802Z [ODDS]  MC Alger: 15/8 → 7/4
2026-02-26T22:40:54.728Z [ODDS]  MC Alger: 7/4 → 15/8
2026-02-26T22:40:58.787Z [ODDS]  Draw: 8/13 → 4/7, MC Alger: 15/8 → 2/1
2026-02-26T22:41:22.240Z [ODDS]  JS Kabylie: 8/1 → 17/2
2026-02-26T22:41:47.044Z [ODDS]  Draw: 4/7 → 8/15
2026-02-26T22:42:00.575Z [ODDS]  JS Kabylie: 17/2 → 7/1, Draw: 8/15 → 4/7, MC Alger: 2/1 → 21/10
2026-02-26T22:42:19.065Z [ODDS]  MC Alger: 21/10 → 11/5
2026-02-26T22:42:28.085Z [ODDS]  Draw: 4/7 → 8/15
2026-02-26T22:42:36.204Z [ODDS]  JS Kabylie: 7/1 → 17/2, MC Alger: 11/5 → 21/10
2026-02-26T22:42:38.458Z [ODDS]  Draw: 8/15 → 1/2
2026-02-26T22:42:43.871Z [ODDS]  MC Alger: 21/10 → 11/5
2026-02-26T22:42:52.891Z [ODDS]  MC Alger: 11/5 → 21/10
2026-02-26T22:42:58.755Z [ODDS]  JS Kabylie: 17/2 → 9/1
2026-02-26T22:43:03.714Z [ODDS]  MC Alger: 21/10 → 11/5
2026-02-26T22:43:04.166Z [ODDS]  Draw: 1/2 → 8/15, MC Alger: 11/5 → 2/1
2026-02-26T22:43:37.093Z [ODDS]  Draw: 8/15 → 1/2
2026-02-26T22:43:47.013Z [ODDS]  MC Alger: 2/1 → 21/10
2026-02-26T22:44:03.248Z [ODDS]  MC Alger: 21/10 → 11/5
2026-02-26T22:44:17.681Z [ODDS]  Draw: 1/2 → 4/9, MC Alger: 11/5 → 12/5
2026-02-26T22:44:34.818Z [ODDS]  Draw: 4/9 → 1/2, MC Alger: 12/5 → 21/10
2026-02-26T22:44:37.074Z [ODDS]  Draw: 1/2 → 4/9, MC Alger: 21/10 → 12/5
2026-02-26T22:45:00.987Z [ODDS]  MC Alger: 12/5 → 5/2
2026-02-26T22:45:19.918Z [ODDS]  Draw: 4/9 → 2/5, MC Alger: 5/2 → 13/5
2026-02-26T22:45:28.036Z [ODDS]  JS Kabylie: 9/1 → 17/2, Draw: 2/5 → 4/9, MC Alger: 13/5 → 5/2
2026-02-26T22:45:37.508Z [ODDS]  JS Kabylie: 17/2 → 9/1, Draw: 4/9 → 2/5, MC Alger: 5/2 → 13/5
2026-02-26T22:45:43.454Z [ODDS]  JS Kabylie: 9/1 → 10/1, Draw: 2/5 → 4/9, MC Alger: 13/5 → 12/5
2026-02-26T22:45:44.273Z [ODDS]  Draw: 4/9 → 2/5
2026-02-26T22:46:01.412Z [ODDS]  MC Alger: 12/5 → 5/2
2026-02-26T22:46:05.470Z [ODDS]  Draw: 2/5 → 4/9, MC Alger: 5/2 → 12/5
2026-02-26T22:46:19.000Z [ODDS]  JS Kabylie: 10/1 → 11/1, Draw: 4/9 → 2/5, MC Alger: 12/5 → 13/5
2026-02-26T22:46:28.925Z [ODDS]  Draw: 2/5 → 4/11
2026-02-26T22:46:29.372Z [ODDS]  JS Kabylie: 11/1 → 17/2, Draw: 4/11 → 2/5, MC Alger: 13/5 → 11/4
2026-02-26T22:46:52.824Z [ODDS]  JS Kabylie: 17/2 → 11/1, Draw: 2/5 → 4/11
2026-02-26T22:47:01.393Z [ODDS]  JS Kabylie: 11/1 → 12/1, MC Alger: 11/4 → 13/5
2026-02-26T22:47:20.791Z [ODDS]  JS Kabylie: 12/1 → 10/1, MC Alger: 13/5 → 11/4
2026-02-26T22:47:41.532Z [ODDS]  Draw: 4/11 → 2/5, MC Alger: 11/4 → 5/2
2026-02-26T22:48:05.435Z [ODDS]  JS Kabylie: 10/1 → 11/1, Draw: 2/5 → 4/11, MC Alger: 5/2 → 13/5
2026-02-26T22:48:14.908Z [ODDS]  MC Alger: 13/5 → 11/4
2026-02-26T22:48:23.476Z [ODDS]  JS Kabylie: 11/1 → 10/1, Draw: 4/11 → 1/3, MC Alger: 11/4 → 3/1
2026-02-26T22:48:34.751Z [ODDS]  JS Kabylie: 10/1 → 11/1
2026-02-26T22:48:51.437Z [ODDS]  JS Kabylie: 11/1 → 12/1, Draw: 1/3 → 3/10
2026-02-26T22:48:56.849Z [ODDS]  Draw: 3/10 → 2/7, MC Alger: 3/1 → 10/3
2026-02-26T22:48:58.654Z [ODDS]  JS Kabylie: 12/1 → 11/1
2026-02-26T22:49:00.458Z [ODDS]  Draw: 2/7 → 3/10
2026-02-26T22:49:08.125Z [ODDS]  Draw: 3/10 → 2/7
2026-02-26T22:49:27.066Z [ODDS]  JS Kabylie: 11/1 → 10/1, Draw: 2/7 → 3/10
2026-02-26T22:49:38.344Z [ODDS]  JS Kabylie: 10/1 → 17/2, Draw: 3/10 → 1/3, MC Alger: 10/3 → 7/2
2026-02-26T22:49:41.499Z [ODDS]  JS Kabylie: 17/2 → 11/1, Draw: 1/3 → 2/7
2026-02-26T22:50:01.343Z [ODDS]  JS Kabylie: 11/1 → 17/2, Draw: 2/7 → 3/10, MC Alger: 7/2 → 15/4
2026-02-26T22:50:27.502Z [ODDS]  Draw: 3/10 → 2/7, MC Alger: 15/4 → 4/1
2026-02-26T22:50:52.307Z [ODDS]  JS Kabylie: 17/2 → 9/1, Draw: 2/7 → 1/4
2026-02-26T22:50:54.562Z [ODDS]  JS Kabylie: 9/1 → 8/1, Draw: 1/4 → 4/11, MC Alger: 4/1 → 3/1
2026-02-26T22:50:58.171Z [ODDS]  JS Kabylie: 8/1 → 17/2
2026-02-26T22:51:08.542Z [ODDS]  JS Kabylie: 17/2 → 10/1, Draw: 4/11 → 1/3
2026-02-26T22:51:38.309Z [ODDS]  Draw: 1/3 → 3/10, MC Alger: 3/1 → 10/3
2026-02-26T22:51:56.351Z [ODDS]  JS Kabylie: 10/1 → 11/1, Draw: 3/10 → 2/7
2026-02-26T22:51:58.609Z [ODDS]  MC Alger: 10/3 → 7/2
2026-02-26T22:52:11.260Z [ODDS]  JS Kabylie: 11/1 → 17/2, Draw: 2/7 → 3/10, MC Alger: 7/2 → 15/4
2026-02-26T22:52:35.142Z [ODDS]  Draw: 3/10 → 2/7
2026-02-26T22:52:40.999Z [ODDS]  JS Kabylie: 17/2 → 11/1, Draw: 2/7 → 1/4
2026-02-26T22:52:49.117Z [ODDS]  JS Kabylie: 11/1 → 12/1, Draw: 1/4 → 2/7, MC Alger: 15/4 → 10/3
2026-02-26T22:53:00.392Z [ODDS]  JS Kabylie: 12/1 → 11/1, Draw: 2/7 → 1/4, MC Alger: 10/3 → 4/1
2026-02-26T22:53:09.861Z [ODDS]  JS Kabylie: 11/1 → 12/1, Draw: 1/4 → 2/9
2026-02-26T22:53:28.805Z [ODDS]  MC Alger: 4/1 → 9/2
2026-02-26T22:53:40.530Z [ODDS]  Draw: 2/9 → 1/5
2026-02-26T22:53:51.805Z [ODDS]  Draw: 1/5 → 2/9, MC Alger: 9/2 → 4/1
2026-02-26T22:53:57.218Z [ODDS]  Draw: 2/9 → 1/5, MC Alger: 4/1 → 9/2
2026-02-26T22:54:13.006Z [ODDS]  Draw: 1/5 → 2/11, MC Alger: 9/2 → 5/1
2026-02-26T22:54:25.184Z [ODDS]  JS Kabylie: 12/1 → 14/1, Draw: 2/11 → 1/6
2026-02-26T22:54:42.770Z [ODDS]  MC Alger: 5/1 → 11/2
2026-02-26T22:54:54.048Z [ODDS]  Draw: 1/6 → 1/7
2026-02-26T22:54:54.497Z [ODDS]  JS Kabylie: 14/1 → 10/1, Draw: 1/7 → 2/11, MC Alger: 11/2 → 6/1
2026-02-26T22:54:58.555Z [ODDS]  JS Kabylie: 10/1 → 14/1, Draw: 2/11 → 1/7, MC Alger: 6/1 → 11/2
2026-02-26T22:55:07.124Z [ODDS]  MC Alger: 11/2 → 6/1
2026-02-26T22:55:17.497Z [ODDS]  Draw: 1/7 → 1/8
2026-02-26T22:55:30.125Z [ODDS]  JS Kabylie: 14/1 → 16/1, Draw: 1/8 → 1/7, MC Alger: 6/1 → 5/1
2026-02-26T22:55:34.184Z [ODDS]  MC Alger: 5/1 → 11/2
2026-02-26T22:55:53.580Z [ODDS]  Draw: 1/7 → 1/8, MC Alger: 11/2 → 6/1
2026-02-26T22:55:58.538Z [ODDS]  Draw: 1/8 → 1/10, MC Alger: 6/1 → 7/1
2026-02-26T22:56:18.383Z [ODDS]  Draw: 1/10 → 1/12, MC Alger: 7/1 → 15/2
2026-02-26T22:56:30.113Z [ODDS]  JS Kabylie: 16/1 → 18/1
2026-02-26T22:56:44.089Z [ODDS]  Draw: 1/12 → 1/14, MC Alger: 15/2 → 8/1
2026-02-26T22:57:01.678Z [ODDS]  Draw: 1/14 → 1/16, MC Alger: 8/1 → 9/1
2026-02-26T22:57:23.328Z [ODDS]  JS Kabylie: 18/1 → 20/1, Draw: 1/16 → 1/20, MC Alger: 9/1 → 10/1
2026-02-26T22:57:31.445Z [ODDS]  Draw: 1/20 → 1/22
2026-02-26T22:57:47.229Z [ODDS]  Draw: 1/22 → 1/25, MC Alger: 10/1 → 12/1
2026-02-26T22:57:55.347Z [ODDS]  Draw: 1/25 → 1/28
2026-02-26T22:57:55.803Z [ODDS]  JS Kabylie: 20/1 → 25/1, Draw: 1/28 → 1/20, MC Alger: 12/1 → 10/1
2026-02-26T22:58:09.779Z [ODDS]  JS Kabylie: 25/1 → 20/1, Draw: 1/20 → 1/33, MC Alger: 10/1 → 14/1
2026-02-26T22:58:10.230Z [ODDS]  Draw: 1/33 → 1/40, MC Alger: 14/1 → 16/1
