2026-02-27T02:08:47.891Z [ODDS]  Argentina (Andrew): 13/10 → 11/8, Draw: 11/4 → 13/5
2026-02-27T02:08:58.264Z [ODDS]  Germany (fantazer): 7/5 → 6/4
2026-02-27T02:09:08.638Z [ODDS]  Draw: 13/5 → 5/2
2026-02-27T02:09:14.501Z [ODDS]  Argentina (Andrew): 11/8 → 8/13, Draw: 5/2 → 3/1, Germany (fantazer): 6/4 → 3/1
2026-02-27T02:09:14.501Z [EVENT]  score: 2-3
2026-02-27T02:09:24.874Z [ODDS]  Germany (fantazer): 3/1 → 10/3
2026-02-27T02:09:32.991Z [ODDS]  Germany (fantazer): 10/3 → 3/1
2026-02-27T02:09:33.442Z [ODDS]  Argentina (Andrew): 8/13 → 11/8, Draw: 3/1 → 5/2, Germany (fantazer): 3/1 → 6/4
2026-02-27T02:09:33.442Z [EVENT]  score: 3-3
2026-02-27T02:10:04.110Z [ODDS]  Argentina (Andrew): 11/8 → 7/5, Draw: 5/2 → 12/5
2026-02-27T02:10:09.991Z [ODDS]  Argentina (Andrew): 7/5 → 10/3, Draw: 12/5 → 11/4, Germany (fantazer): 6/4 → 8/13
2026-02-27T02:10:09.991Z [EVENT]  score: 4-3
2026-02-27T02:10:30.270Z [ODDS]  Argentina (Andrew): 10/3 → 7/2
2026-02-27T02:10:40.647Z [ODDS]  Germany (fantazer): 8/13 → 4/7
2026-02-27T02:10:51.017Z [ODDS]  Argentina (Andrew): 7/2 → 15/4
2026-02-27T02:11:01.389Z [ODDS]  Argentina (Andrew): 15/4 → 4/1
2026-02-27T02:11:21.686Z [ODDS]  Germany (fantazer): 4/7 → 8/15
2026-02-27T02:11:32.058Z [ODDS]  Argentina (Andrew): 4/1 → 9/2
2026-02-27T02:11:33.411Z [ODDS]  Argentina (Andrew): 9/2 → 13/8, Draw: 11/4 → 15/8, Germany (fantazer): 8/15 → 8/5
2026-02-27T02:11:33.411Z [EVENT]  score: 4-4
2026-02-27T02:11:43.333Z [ODDS]  Argentina (Andrew): 13/8 → 8/5, Germany (fantazer): 8/5 → 13/8
2026-02-27T02:11:53.706Z [ODDS]  Argentina (Andrew): 8/5 → 13/8, Draw: 15/8 → 7/4, Germany (fantazer): 13/8 → 7/4
2026-02-27T02:12:04.079Z [ODDS]  Argentina (Andrew): 13/8 → 7/4, Draw: 7/4 → 13/8
2026-02-27T02:12:18.060Z [ODDS]  Draw: 13/8 → 8/5
2026-02-27T02:12:28.433Z [ODDS]  Draw: 8/5 → 6/4, Germany (fantazer): 7/4 → 15/8
2026-02-27T02:12:38.806Z [ODDS]  Argentina (Andrew): 7/4 → 15/8, Draw: 6/4 → 11/8, Germany (fantazer): 15/8 → 2/1
2026-02-27T02:12:47.376Z [ODDS]  Argentina (Andrew): 15/8 → 2/1, Draw: 11/8 → 5/4
2026-02-27T02:12:57.297Z [ODDS]  Argentina (Andrew): 2/1 → 21/10, Draw: 5/4 → 11/10, Germany (fantazer): 2/1 → 11/5
2026-02-27T02:13:07.671Z [ODDS]  Argentina (Andrew): 21/10 → 9/4, Draw: 11/10 → 1/1, Germany (fantazer): 11/5 → 12/5
2026-02-27T02:13:18.043Z [ODDS]  Argentina (Andrew): 9/4 → 12/5, Draw: 1/1 → 5/6, Germany (fantazer): 12/5 → 13/5
2026-02-27T02:13:27.969Z [ODDS]  Argentina (Andrew): 12/5 → 11/4, Draw: 5/6 → 8/11, Germany (fantazer): 13/5 → 11/4
2026-02-27T02:13:31.573Z [EVENT]  score: 4-5
