2026-02-26T23:08:21.239Z [ODDS]  Braga (Kray): 9/4 → 12/5
2026-02-26T23:08:31.613Z [ODDS]  Vitoria SC (Kodak): 4/5 → 8/11
2026-02-26T23:08:41.988Z [ODDS]  Braga (Kray): 12/5 → 5/2
2026-02-26T23:09:01.378Z [ODDS]  Braga (Kray): 5/2 → 11/2, Draw: 3/1 → 9/2, Vitoria SC (Kodak): 8/11 → 3/10
2026-02-26T23:09:01.378Z [EVENT]  score: 2-0
2026-02-26T23:09:22.123Z [ODDS]  Braga (Kray): 11/2 → 6/1, Vitoria SC (Kodak): 3/10 → 2/7
2026-02-26T23:09:55.049Z [ODDS]  Vitoria SC (Kodak): 2/7 → 1/4
2026-02-26T23:10:05.419Z [ODDS]  Braga (Kray): 6/1 → 13/2
2026-02-26T23:10:33.383Z [ODDS]  Braga (Kray): 13/2 → 7/1, Vitoria SC (Kodak): 1/4 → 2/9
2026-02-26T23:10:35.637Z [ODDS]  Braga (Kray): 7/1 → 10/3, Draw: 9/2 → 11/4, Vitoria SC (Kodak): 2/9 → 4/6
2026-02-26T23:10:35.637Z [EVENT]  score: 2-1
2026-02-26T23:10:46.015Z [ODDS]  Vitoria SC (Kodak): 4/6 → 8/13
2026-02-26T23:10:55.942Z [ODDS]  Vitoria SC (Kodak): 8/13 → 4/6
2026-02-26T23:11:01.349Z [ODDS]  Vitoria SC (Kodak): 4/6 → 8/13, Vitoria SC (Kodak): 8/13 → 4/6
2026-02-26T23:11:01.349Z [ODDS]  Vitoria SC (Kodak): 4/6 → 8/13, Vitoria SC (Kodak): 8/13 → 4/6
2026-02-26T23:11:30.668Z [ODDS]  Braga (Kray): 10/3 → 7/2, Vitoria SC (Kodak): 4/6 → 8/13
2026-02-26T23:11:50.962Z [ODDS]  Braga (Kray): 7/2 → 15/4, Draw: 11/4 → 13/5
2026-02-26T23:12:05.844Z [ODDS]  Braga (Kray): 15/4 → 4/1, Vitoria SC (Kodak): 8/13 → 4/7
2026-02-26T23:12:19.824Z [ODDS]  Draw: 13/5 → 5/2
2026-02-26T23:12:30.198Z [ODDS]  Braga (Kray): 4/1 → 9/2
2026-02-26T23:12:40.571Z [ODDS]  Braga (Kray): 9/2 → 5/1, Vitoria SC (Kodak): 4/7 → 8/15
2026-02-26T23:12:50.493Z [ODDS]  Draw: 5/2 → 12/5
2026-02-26T23:13:02.220Z [ODDS]  Braga (Kray): 5/1 → 11/2
2026-02-26T23:13:12.593Z [ODDS]  Braga (Kray): 11/2 → 6/1, Vitoria SC (Kodak): 8/15 → 1/2
2026-02-26T23:13:35.143Z [ODDS]  Braga (Kray): 6/1 → 13/2, Vitoria SC (Kodak): 1/2 → 4/9
2026-02-26T23:13:45.065Z [ODDS]  Braga (Kray): 13/2 → 7/1
2026-02-26T23:13:55.438Z [ODDS]  Braga (Kray): 7/1 → 15/2, Vitoria SC (Kodak): 4/9 → 2/5
2026-02-26T23:14:04.007Z [ODDS]  Braga (Kray): 15/2 → 21/10, Draw: 12/5 → 1/1, Vitoria SC (Kodak): 2/5 → 5/2
2026-02-26T23:14:04.007Z [EVENT]  score: 2-2
2026-02-26T23:14:24.302Z [ODDS]  Braga (Kray): 21/10 → 9/4, Draw: 1/1 → 10/11, Vitoria SC (Kodak): 5/2 → 13/5
2026-02-26T23:14:34.686Z [ODDS]  Braga (Kray): 9/4 → 12/5, Draw: 10/11 → 5/6, Vitoria SC (Kodak): 13/5 → 11/4
2026-02-26T23:14:45.051Z [ODDS]  Braga (Kray): 12/5 → 13/5, Draw: 5/6 → 8/11, Vitoria SC (Kodak): 11/4 → 3/1
2026-02-26T23:14:52.715Z [ODDS]  Braga (Kray): 13/5 → 11/4, Draw: 8/11 → 8/13, Vitoria SC (Kodak): 3/1 → 10/3
