2026-02-26T21:01:04.227Z [ODDS]  CS Constantine: 27/20 → 11/8
2026-02-26T21:02:17.336Z [ODDS]  CR Belouizdad: 15/8 → 2/1
2026-02-26T21:03:18.665Z [ODDS]  Draw: 2/1 → 15/8
2026-02-26T21:03:24.503Z [ODDS]  CR Belouizdad: 2/1 → 21/10
2026-02-26T21:04:22.670Z [ODDS]  CS Constantine: 11/8 → 7/5
2026-02-26T21:04:46.136Z [ODDS]  CR Belouizdad: 21/10 → 11/5
2026-02-26T21:05:52.426Z [ODDS]  CR Belouizdad: 11/5 → 21/10, CS Constantine: 7/5 → 6/4
2026-02-26T21:06:20.383Z [ODDS]  CR Belouizdad: 21/10 → 2/1
2026-02-26T21:06:25.343Z [ODDS]  CR Belouizdad: 2/1 → 21/10
2026-02-26T21:06:55.558Z [ODDS]  CR Belouizdad: 21/10 → 2/1
2026-02-26T21:06:57.816Z [ODDS]  CR Belouizdad: 2/1 → 21/10
2026-02-26T21:07:26.684Z [ODDS]  CR Belouizdad: 21/10 → 2/1, CS Constantine: 6/4 → 8/5
2026-02-26T21:07:42.015Z [ODDS]  CR Belouizdad: 2/1 → 15/8, CS Constantine: 8/5 → 13/8
2026-02-26T21:07:52.836Z [ODDS]  CR Belouizdad: 15/8 → 2/1, CS Constantine: 13/8 → 8/5
2026-02-26T21:08:13.885Z [ODDS]  CR Belouizdad: 2/1 → 15/8, CS Constantine: 8/5 → 13/8
2026-02-26T21:09:55.810Z [ODDS]  CS Constantine: 13/8 → 8/5
2026-02-26T21:09:58.519Z [ODDS]  CR Belouizdad: 15/8 → 2/1
2026-02-26T21:10:13.875Z [ODDS]  CR Belouizdad: 2/1 → 15/8
2026-02-26T21:10:41.937Z [ODDS]  CS Constantine: 8/5 → 13/8
2026-02-26T21:11:20.617Z [ODDS]  CR Belouizdad: 15/8 → 2/1, CS Constantine: 13/8 → 8/5
2026-02-26T21:11:21.069Z [ODDS]  CR Belouizdad: 2/1 → 15/8, CS Constantine: 8/5 → 13/8
2026-02-26T21:11:32.908Z [ODDS]  CR Belouizdad: 15/8 → 2/1, CS Constantine: 13/8 → 8/5
2026-02-26T21:12:06.152Z [ODDS]  CR Belouizdad: 2/1 → 21/10, CS Constantine: 8/5 → 6/4
2026-02-26T21:12:24.678Z [ODDS]  CR Belouizdad: 21/10 → 2/1, CS Constantine: 6/4 → 8/5
2026-02-26T21:13:23.281Z [ODDS]  CS Constantine: 8/5 → 6/4
2026-02-26T21:13:32.748Z [ODDS]  CS Constantine: 6/4 → 8/5
2026-02-26T21:14:28.669Z [ODDS]  CR Belouizdad: 2/1 → 21/10, CS Constantine: 8/5 → 6/4
2026-02-26T21:14:34.993Z [ODDS]  CR Belouizdad: 21/10 → 2/1, CS Constantine: 6/4 → 8/5
2026-02-26T21:16:15.108Z [ODDS]  CR Belouizdad: 2/1 → 15/8
2026-02-26T21:16:23.227Z [ODDS]  CR Belouizdad: 15/8 → 21/10, CS Constantine: 8/5 → 6/4
2026-02-26T21:17:05.264Z [ODDS]  Draw: 15/8 → 7/4, CS Constantine: 6/4 → 8/5
2026-02-26T21:17:06.983Z [ODDS]  CR Belouizdad: 21/10 → 2/1, CS Constantine: 8/5 → 13/8
2026-02-26T21:19:22.282Z [ODDS]  CS Constantine: 13/8 → 7/4
2026-02-26T21:19:34.002Z [ODDS]  CR Belouizdad: 2/1 → 21/10, CS Constantine: 7/4 → 13/8
2026-02-26T21:19:43.022Z [ODDS]  CS Constantine: 13/8 → 7/4
2026-02-26T21:19:48.434Z [ODDS]  CR Belouizdad: 21/10 → 2/1, CS Constantine: 7/4 → 13/8
2026-02-26T21:20:04.672Z [ODDS]  CR Belouizdad: 2/1 → 21/10, CS Constantine: 13/8 → 8/5
2026-02-26T21:20:12.802Z [ODDS]  CR Belouizdad: 21/10 → 2/1, CS Constantine: 8/5 → 13/8
2026-02-26T21:20:59.726Z [ODDS]  CR Belouizdad: 2/1 → 21/10
2026-02-26T21:21:18.649Z [ODDS]  CS Constantine: 13/8 → 8/5
2026-02-26T21:21:24.951Z [ODDS]  CR Belouizdad: 21/10 → 11/5, CS Constantine: 8/5 → 6/4
2026-02-26T21:21:25.854Z [ODDS]  CR Belouizdad: 11/5 → 21/10, CS Constantine: 6/4 → 8/5
2026-02-26T21:21:59.229Z [ODDS]  CR Belouizdad: 21/10 → 11/5
2026-02-26T21:22:02.383Z [ODDS]  CR Belouizdad: 11/5 → 9/4, CS Constantine: 8/5 → 6/4
2026-02-26T21:22:05.992Z [ODDS]  CR Belouizdad: 9/4 → 11/5, CS Constantine: 6/4 → 8/5
2026-02-26T21:22:17.720Z [ODDS]  CR Belouizdad: 11/5 → 2/1, CS Constantine: 8/5 → 13/8
2026-02-26T21:22:43.876Z [ODDS]  CR Belouizdad: 2/1 → 11/5, CS Constantine: 13/8 → 8/5
2026-02-26T21:23:49.745Z [ODDS]  CR Belouizdad: 11/5 → 9/4, CS Constantine: 8/5 → 6/4
2026-02-26T21:24:28.558Z [ODDS]  CR Belouizdad: 9/4 → 11/5, Draw: 7/4 → 13/8, CS Constantine: 6/4 → 8/5
2026-02-26T21:24:31.235Z [ODDS]  CR Belouizdad: 11/5 → 9/4
2026-02-26T21:24:33.940Z [ODDS]  CR Belouizdad: 9/4 → 11/5
2026-02-26T21:24:43.414Z [ODDS]  CR Belouizdad: 11/5 → 9/4
2026-02-26T21:25:03.272Z [ODDS]  CR Belouizdad: 9/4 → 11/5, Draw: 13/8 → 7/4
2026-02-26T21:25:06.872Z [ODDS]  Draw: 7/4 → 13/8
2026-02-26T21:25:31.222Z [ODDS]  CS Constantine: 8/5 → 13/8
2026-02-26T21:26:17.688Z [ODDS]  CR Belouizdad: 11/5 → 21/10
2026-02-26T21:26:22.668Z [ODDS]  CR Belouizdad: 21/10 → 2/1, Draw: 13/8 → 7/4, CS Constantine: 13/8 → 7/4
2026-02-26T21:26:44.735Z [ODDS]  Draw: 7/4 → 13/8
2026-02-26T21:29:21.690Z [ODDS]  CR Belouizdad: 2/1 → 11/5, Draw: 13/8 → 8/5
2026-02-26T21:29:22.587Z [ODDS]  Draw: 8/5 → 6/4
2026-02-26T21:29:59.116Z [ODDS]  CR Belouizdad: 11/5 → 21/10, CS Constantine: 7/4 → 15/8
2026-02-26T21:30:00.056Z [ODDS]  CR Belouizdad: 21/10 → 11/5, CS Constantine: 15/8 → 7/4
2026-02-26T21:30:06.335Z [ODDS]  CR Belouizdad: 11/5 → 21/10, Draw: 6/4 → 8/5
2026-02-26T21:30:18.637Z [ODDS]  Draw: 8/5 → 6/4, CS Constantine: 7/4 → 15/8
2026-02-26T21:31:18.044Z [ODDS]  CR Belouizdad: 21/10 → 2/1
2026-02-26T21:32:36.071Z [ODDS]  CR Belouizdad: 2/1 → 21/10
2026-02-26T21:32:55.466Z [ODDS]  CS Constantine: 15/8 → 7/4
2026-02-26T21:32:58.169Z [ODDS]  CS Constantine: 7/4 → 15/8
2026-02-26T21:33:09.025Z [ODDS]  CR Belouizdad: 21/10 → 2/1
2026-02-26T21:33:13.070Z [ODDS]  CR Belouizdad: 2/1 → 21/10
2026-02-26T21:33:20.719Z [ODDS]  CS Constantine: 15/8 → 2/1
2026-02-26T21:33:31.547Z [ODDS]  CS Constantine: 2/1 → 15/8
2026-02-26T21:34:01.320Z [ODDS]  CR Belouizdad: 21/10 → 2/1, CS Constantine: 15/8 → 2/1
2026-02-26T21:34:21.222Z [ODDS]  CR Belouizdad: 2/1 → 21/10
2026-02-26T21:34:50.517Z [ODDS]  CR Belouizdad: 21/10 → 2/1, CS Constantine: 2/1 → 15/8
2026-02-26T21:34:56.794Z [ODDS]  CR Belouizdad: 2/1 → 21/10
2026-02-26T21:35:02.646Z [ODDS]  CR Belouizdad: 21/10 → 2/1, CS Constantine: 15/8 → 2/1
2026-02-26T21:35:13.920Z [ODDS]  CR Belouizdad: 2/1 → 21/10
2026-02-26T21:35:31.509Z [ODDS]  CS Constantine: 2/1 → 15/8
2026-02-26T21:35:36.470Z [ODDS]  CS Constantine: 15/8 → 2/1
2026-02-26T21:35:54.511Z [ODDS]  CR Belouizdad: 21/10 → 2/1
2026-02-26T21:36:04.985Z [ODDS]  CR Belouizdad: 2/1 → 21/10
2026-02-26T21:37:16.151Z [ODDS]  Draw: 6/4 → 7/5
2026-02-26T21:39:56.112Z [ODDS]  CR Belouizdad: 21/10 → 11/5, CS Constantine: 2/1 → 15/8
2026-02-26T21:40:09.643Z [ODDS]  CR Belouizdad: 11/5 → 21/10, CS Constantine: 15/8 → 2/1
2026-02-26T21:40:36.252Z [ODDS]  Draw: 7/5 → 11/8
2026-02-26T21:40:56.546Z [ODDS]  CR Belouizdad: 21/10 → 11/5
2026-02-26T21:41:01.519Z [ODDS]  CR Belouizdad: 11/5 → 21/10
2026-02-26T21:41:20.911Z [ODDS]  CR Belouizdad: 21/10 → 11/5
2026-02-26T21:41:32.176Z [ODDS]  Draw: 11/8 → 7/5, CS Constantine: 2/1 → 15/8
2026-02-26T21:41:35.338Z [ODDS]  Draw: 7/5 → 11/8, CS Constantine: 15/8 → 2/1
2026-02-26T21:41:43.453Z [ODDS]  CR Belouizdad: 11/5 → 21/10, Draw: 11/8 → 7/5
2026-02-26T21:41:44.354Z [ODDS]  CR Belouizdad: 21/10 → 11/5, Draw: 7/5 → 11/8
2026-02-26T21:42:05.552Z [ODDS]  Draw: 11/8 → 13/10, CS Constantine: 2/1 → 21/10
2026-02-26T21:42:07.355Z [ODDS]  CR Belouizdad: 11/5 → 21/10, Draw: 13/10 → 11/8
2026-02-26T21:42:34.024Z [ODDS]  CR Belouizdad: 21/10 → 11/5, Draw: 11/8 → 13/10
2026-02-26T21:42:43.442Z [ODDS]  CR Belouizdad: 11/5 → 12/5, CS Constantine: 21/10 → 15/8
2026-02-26T21:42:50.203Z [ODDS]  CR Belouizdad: 12/5 → 9/4, CS Constantine: 15/8 → 2/1
2026-02-26T21:43:02.380Z [ODDS]  CR Belouizdad: 9/4 → 12/5, Draw: 13/10 → 5/4
2026-02-26T21:43:43.002Z [ODDS]  CR Belouizdad: 12/5 → 9/4, Draw: 5/4 → 13/10
2026-02-26T21:43:58.305Z [ODDS]  CR Belouizdad: 9/4 → 12/5, Draw: 13/10 → 5/4
2026-02-26T21:44:05.520Z [ODDS]  Draw: 5/4 → 13/10
2026-02-26T21:44:20.406Z [ODDS]  Draw: 13/10 → 5/4
2026-02-26T21:45:10.465Z [ODDS]  Draw: 5/4 → 13/10, CS Constantine: 2/1 → 15/8
2026-02-26T21:45:14.522Z [ODDS]  Draw: 13/10 → 5/4, CS Constantine: 15/8 → 2/1
2026-02-26T21:45:35.288Z [ODDS]  CR Belouizdad: 12/5 → 9/4, CS Constantine: 2/1 → 21/10
2026-02-26T21:45:39.327Z [ODDS]  CR Belouizdad: 9/4 → 12/5, CS Constantine: 21/10 → 2/1
2026-02-26T21:45:40.680Z [ODDS]  CR Belouizdad: 12/5 → 9/4, CS Constantine: 2/1 → 21/10
2026-02-26T21:45:55.112Z [ODDS]  CR Belouizdad: 9/4 → 12/5
2026-02-26T21:46:00.524Z [ODDS]  CR Belouizdad: 12/5 → 9/4
2026-02-26T21:46:21.722Z [ODDS]  CR Belouizdad: 9/4 → 12/5
2026-02-26T21:46:38.859Z [ODDS]  CR Belouizdad: 12/5 → 5/2, Draw: 5/4 → 6/5, CS Constantine: 21/10 → 2/1
2026-02-26T21:46:43.820Z [ODDS]  CR Belouizdad: 5/2 → 12/5, Draw: 6/5 → 5/4, CS Constantine: 2/1 → 21/10
2026-02-26T21:47:00.528Z [ODDS]  Draw: 5/4 → 6/5
2026-02-26T21:47:15.445Z [ODDS]  CR Belouizdad: 12/5 → 5/2
2026-02-26T21:50:04.978Z [ODDS]  CR Belouizdad: 5/2 → 13/5, Draw: 6/5 → 11/10
2026-02-26T21:55:11.297Z [ODDS]  CR Belouizdad: 13/5 → 5/2, CS Constantine: 21/10 → 11/5
2026-02-26T21:55:13.552Z [ODDS]  CR Belouizdad: 5/2 → 13/5, CS Constantine: 11/5 → 21/10
2026-02-26T21:55:21.219Z [ODDS]  CR Belouizdad: 13/5 → 5/2, CS Constantine: 21/10 → 11/5
2026-02-26T21:55:23.481Z [ODDS]  CR Belouizdad: 5/2 → 13/5, CS Constantine: 11/5 → 21/10
2026-02-26T21:56:35.183Z [ODDS]  CR Belouizdad: 13/5 → 5/2, CS Constantine: 21/10 → 11/5
2026-02-26T21:56:37.440Z [ODDS]  CR Belouizdad: 5/2 → 13/5, CS Constantine: 11/5 → 21/10
2026-02-26T22:02:32.839Z [ODDS]  CR Belouizdad: 13/5 → 5/2
2026-02-26T22:02:36.898Z [ODDS]  CR Belouizdad: 5/2 → 13/5
2026-02-26T22:05:22.421Z [ODDS]  CR Belouizdad: 13/5 → 5/2
2026-02-26T22:05:25.122Z [ODDS]  Draw: 11/10 → 6/5
2026-02-26T22:07:17.421Z [ODDS]  CR Belouizdad: 5/2 → 13/5, CS Constantine: 21/10 → 2/1
2026-02-26T22:07:43.579Z [ODDS]  CS Constantine: 2/1 → 15/8
2026-02-26T22:07:46.286Z [ODDS]  CR Belouizdad: 13/5 → 11/4, Draw: 6/5 → 5/4
2026-02-26T22:08:05.347Z [ODDS]  Draw: 5/4 → 6/5
2026-02-26T22:08:05.679Z [ODDS]  Draw: 6/5 → 5/4, CS Constantine: 15/8 → 7/4
2026-02-26T22:08:31.465Z [ODDS]  CR Belouizdad: 11/4 → 13/5, Draw: 5/4 → 6/5, CS Constantine: 7/4 → 21/10
2026-02-26T22:08:37.778Z [ODDS]  CS Constantine: 21/10 → 2/1
2026-02-26T22:09:06.190Z [ODDS]  CR Belouizdad: 13/5 → 11/4, CS Constantine: 2/1 → 15/8
2026-02-26T22:09:08.902Z [ODDS]  CR Belouizdad: 11/4 → 13/5, CS Constantine: 15/8 → 2/1
2026-02-26T22:09:30.547Z [ODDS]  CR Belouizdad: 13/5 → 11/4
2026-02-26T22:09:58.056Z [ODDS]  CR Belouizdad: 11/4 → 13/5
2026-02-26T22:09:59.410Z [ODDS]  Draw: 6/5 → 11/10
2026-02-26T22:10:39.144Z [ODDS]  CR Belouizdad: 13/5 → 11/4
2026-02-26T22:10:45.868Z [ODDS]  CR Belouizdad: 11/4 → 13/5, CS Constantine: 2/1 → 21/10
2026-02-26T22:11:09.771Z [ODDS]  CR Belouizdad: 13/5 → 11/4
2026-02-26T22:12:12.458Z [ODDS]  Draw: 11/10 → 21/20, CS Constantine: 21/10 → 11/5
2026-02-26T22:12:36.547Z [ODDS]  CR Belouizdad: 11/4 → 5/2, CS Constantine: 11/5 → 9/4
2026-02-26T22:12:44.480Z [ODDS]  CR Belouizdad: 5/2 → 11/4, CS Constantine: 9/4 → 11/5
2026-02-26T22:12:57.561Z [ODDS]  CS Constantine: 11/5 → 9/4
2026-02-26T22:12:58.011Z [ODDS]  CS Constantine: 9/4 → 21/10
2026-02-26T22:13:46.268Z [ODDS]  CR Belouizdad: 11/4 → 3/1, Draw: 21/20 → 11/10, CS Constantine: 21/10 → 2/1
2026-02-26T22:14:18.755Z [ODDS]  Draw: 11/10 → 21/20
2026-02-26T22:14:32.723Z [ODDS]  CR Belouizdad: 3/1 → 11/4, Draw: 21/20 → 1/1, CS Constantine: 2/1 → 9/4
2026-02-26T22:15:16.925Z [ODDS]  CR Belouizdad: 11/4 → 3/1, CS Constantine: 9/4 → 11/5
2026-02-26T22:15:32.705Z [ODDS]  Draw: 1/1 → 20/21, CS Constantine: 11/5 → 9/4
2026-02-26T22:15:54.804Z [ODDS]  CR Belouizdad: 3/1 → 11/4, Draw: 20/21 → 1/1
2026-02-26T22:16:07.885Z [ODDS]  CR Belouizdad: 11/4 → 3/1, Draw: 1/1 → 20/21
2026-02-26T22:16:22.317Z [ODDS]  CS Constantine: 9/4 → 11/5
2026-02-26T22:16:56.595Z [ODDS]  CS Constantine: 11/5 → 9/4
2026-02-26T22:17:07.871Z [ODDS]  Draw: 20/21 → 10/11
2026-02-26T22:17:20.043Z [ODDS]  CR Belouizdad: 3/1 → 11/4, Draw: 10/11 → 20/21, CS Constantine: 9/4 → 12/5
2026-02-26T22:18:11.037Z [ODDS]  CR Belouizdad: 11/4 → 3/1
2026-02-26T22:18:21.837Z [ODDS]  Draw: 20/21 → 10/11, CS Constantine: 12/5 → 9/4
2026-02-26T22:18:59.718Z [ODDS]  CS Constantine: 9/4 → 12/5
2026-02-26T22:19:00.171Z [ODDS]  CR Belouizdad: 3/1 → 10/3, CS Constantine: 12/5 → 11/5
2026-02-26T22:19:25.892Z [ODDS]  CR Belouizdad: 10/3 → 3/1, CS Constantine: 11/5 → 12/5
2026-02-26T22:20:01.508Z [ODDS]  CR Belouizdad: 3/1 → 11/4, CS Constantine: 12/5 → 5/2
2026-02-26T22:20:28.162Z [ODDS]  CR Belouizdad: 11/4 → 3/1
2026-02-26T22:20:32.643Z [ODDS]  Draw: 10/11 → 5/6, CS Constantine: 5/2 → 12/5
2026-02-26T22:20:56.539Z [ODDS]  Draw: 5/6 → 10/11
2026-02-26T22:21:08.266Z [ODDS]  CS Constantine: 12/5 → 5/2
2026-02-26T22:21:16.836Z [ODDS]  Draw: 10/11 → 5/6
2026-02-26T22:21:20.444Z [ODDS]  Draw: 5/6 → 10/11
2026-02-26T22:21:37.137Z [ODDS]  Draw: 10/11 → 5/6
2026-02-26T22:21:54.290Z [ODDS]  CS Constantine: 5/2 → 13/5
2026-02-26T22:23:16.803Z [ODDS]  Draw: 5/6 → 4/5
2026-02-26T22:23:31.754Z [ODDS]  CS Constantine: 13/5 → 11/4
2026-02-26T22:23:58.299Z [ODDS]  CR Belouizdad: 3/1 → 10/3
2026-02-26T22:24:29.866Z [ODDS]  Draw: 4/5 → 8/11
2026-02-26T22:24:32.922Z [ODDS]  Draw: 8/11 → 4/5
2026-02-26T22:24:49.715Z [ODDS]  Draw: 4/5 → 8/11
2026-02-26T22:25:02.793Z [ODDS]  Draw: 8/11 → 4/5
2026-02-26T22:25:07.752Z [ODDS]  CR Belouizdad: 10/3 → 3/1
2026-02-26T22:25:12.723Z [ODDS]  CR Belouizdad: 3/1 → 10/3, Draw: 4/5 → 8/11
2026-02-26T22:25:20.833Z [ODDS]  Draw: 8/11 → 4/5
2026-02-26T22:25:40.674Z [ODDS]  Draw: 4/5 → 8/11
2026-02-26T22:25:50.597Z [ODDS]  CR Belouizdad: 10/3 → 3/1, CS Constantine: 11/4 → 3/1
2026-02-26T22:26:03.231Z [ODDS]  CS Constantine: 3/1 → 11/4
2026-02-26T22:26:15.414Z [ODDS]  CR Belouizdad: 3/1 → 10/3, CS Constantine: 11/4 → 3/1
2026-02-26T22:27:43.347Z [ODDS]  CR Belouizdad: 10/3 → 3/1
2026-02-26T22:27:58.729Z [ODDS]  CR Belouizdad: 3/1 → 10/3
2026-02-26T22:28:21.684Z [ODDS]  CS Constantine: 3/1 → 11/4
2026-02-26T22:29:04.079Z [ODDS]  Draw: 8/11 → 4/6, CS Constantine: 11/4 → 3/1
2026-02-26T22:29:10.394Z [ODDS]  CR Belouizdad: 10/3 → 3/1, Draw: 4/6 → 8/11, CS Constantine: 3/1 → 10/3
2026-02-26T22:29:21.245Z [ODDS]  CR Belouizdad: 3/1 → 10/3, Draw: 8/11 → 4/6, CS Constantine: 10/3 → 3/1
2026-02-26T22:29:56.399Z [ODDS]  CS Constantine: 3/1 → 10/3
2026-02-26T22:30:36.986Z [ODDS]  CR Belouizdad: 10/3 → 7/2, CS Constantine: 10/3 → 3/1
2026-02-26T22:30:39.691Z [ODDS]  CR Belouizdad: 7/2 → 10/3, CS Constantine: 3/1 → 10/3
2026-02-26T22:31:05.853Z [ODDS]  CR Belouizdad: 10/3 → 7/2, Draw: 4/6 → 8/13
2026-02-26T22:31:31.562Z [ODDS]  Draw: 8/13 → 4/6, CS Constantine: 10/3 → 3/1
2026-02-26T22:31:42.864Z [ODDS]  Draw: 4/6 → 8/13, CS Constantine: 3/1 → 10/3
2026-02-26T22:32:29.287Z [ODDS]  Draw: 8/13 → 4/7, CS Constantine: 10/3 → 7/2
2026-02-26T22:33:02.661Z [ODDS]  CR Belouizdad: 7/2 → 15/4
2026-02-26T22:34:32.589Z [ODDS]  CR Belouizdad: 15/4 → 4/1, Draw: 4/7 → 8/15
2026-02-26T22:34:33.040Z [ODDS]  CR Belouizdad: 4/1 → 7/2, Draw: 8/15 → 4/7, CS Constantine: 7/2 → 15/4
2026-02-26T22:34:34.844Z [ODDS]  CR Belouizdad: 7/2 → 4/1, Draw: 4/7 → 8/15, CS Constantine: 15/4 → 7/2
2026-02-26T22:35:02.355Z [ODDS]  CR Belouizdad: 4/1 → 15/4, CS Constantine: 7/2 → 15/4
2026-02-26T22:35:32.120Z [ODDS]  CR Belouizdad: 15/4 → 4/1
2026-02-26T22:35:55.122Z [ODDS]  Draw: 8/15 → 1/2
2026-02-26T22:36:28.947Z [ODDS]  CS Constantine: 15/4 → 4/1
2026-02-26T22:37:04.125Z [ODDS]  CR Belouizdad: 4/1 → 9/2, Draw: 1/2 → 4/9
2026-02-26T22:37:06.379Z [ODDS]  CR Belouizdad: 9/2 → 4/1
2026-02-26T22:37:28.029Z [ODDS]  CR Belouizdad: 4/1 → 9/2
2026-02-26T22:37:46.067Z [ODDS]  Draw: 4/9 → 1/2, CS Constantine: 4/1 → 15/4
2026-02-26T22:37:47.874Z [ODDS]  Draw: 1/2 → 4/9, CS Constantine: 15/4 → 4/1
2026-02-26T22:38:41.676Z [ODDS]  CS Constantine: 4/1 → 9/2
2026-02-26T22:38:42.578Z [ODDS]  CR Belouizdad: 9/2 → 4/1
2026-02-26T22:38:52.954Z [ODDS]  CR Belouizdad: 4/1 → 9/2
2026-02-26T22:38:58.819Z [ODDS]  Draw: 4/9 → 2/5
2026-02-26T22:39:03.326Z [ODDS]  Draw: 2/5 → 4/9
2026-02-26T22:39:29.483Z [ODDS]  CR Belouizdad: 9/2 → 7/2, Draw: 4/9 → 1/2
2026-02-26T22:39:40.761Z [ODDS]  CR Belouizdad: 7/2 → 15/4, Draw: 1/2 → 4/9
2026-02-26T22:39:56.997Z [ODDS]  CS Constantine: 9/2 → 5/1
2026-02-26T22:40:25.861Z [ODDS]  CR Belouizdad: 15/4 → 9/2, Draw: 4/9 → 2/5, CS Constantine: 5/1 → 9/2
2026-02-26T22:41:06.004Z [ODDS]  CR Belouizdad: 9/2 → 5/1, CS Constantine: 9/2 → 5/1
2026-02-26T22:41:07.356Z [ODDS]  CR Belouizdad: 5/1 → 9/2
2026-02-26T22:41:10.062Z [ODDS]  CR Belouizdad: 9/2 → 5/1
2026-02-26T22:41:15.926Z [ODDS]  Draw: 2/5 → 4/11
2026-02-26T22:42:13.203Z [ODDS]  Draw: 4/11 → 1/3
2026-02-26T22:42:48.381Z [ODDS]  CR Belouizdad: 5/1 → 11/2, Draw: 1/3 → 4/11, CS Constantine: 5/1 → 9/2
2026-02-26T22:43:02.812Z [ODDS]  Draw: 4/11 → 1/3, CS Constantine: 9/2 → 11/2
2026-02-26T22:43:10.930Z [ODDS]  CS Constantine: 11/2 → 5/1
2026-02-26T22:43:32.129Z [ODDS]  CS Constantine: 5/1 → 11/2
2026-02-26T22:44:01.896Z [ODDS]  Draw: 1/3 → 3/10
2026-02-26T22:44:13.170Z [ODDS]  CR Belouizdad: 11/2 → 6/1
2026-02-26T22:44:44.291Z [ODDS]  Draw: 3/10 → 1/3, CS Constantine: 11/2 → 9/2
2026-02-26T22:44:47.448Z [ODDS]  Draw: 1/3 → 2/7, CS Constantine: 9/2 → 11/2
2026-02-26T22:44:51.959Z [ODDS]  CS Constantine: 11/2 → 6/1
2026-02-26T22:45:44.724Z [ODDS]  Draw: 2/7 → 1/4
2026-02-26T22:45:59.155Z [ODDS]  CS Constantine: 6/1 → 13/2
2026-02-26T22:46:10.882Z [ODDS]  CR Belouizdad: 6/1 → 13/2
2026-02-26T22:46:36.589Z [ODDS]  Draw: 1/4 → 2/9
2026-02-26T22:46:40.198Z [ODDS]  Draw: 2/9 → 1/4, CS Constantine: 13/2 → 11/2
2026-02-26T22:46:58.236Z [ODDS]  Draw: 1/4 → 2/9, CS Constantine: 11/2 → 13/2
2026-02-26T22:47:22.139Z [ODDS]  Draw: 2/9 → 1/5, CS Constantine: 13/2 → 7/1
2026-02-26T22:47:37.022Z [ODDS]  CR Belouizdad: 13/2 → 7/1
2026-02-26T22:48:09.044Z [ODDS]  Draw: 1/5 → 2/11
2026-02-26T22:48:33.848Z [ODDS]  CS Constantine: 7/1 → 15/2
2026-02-26T22:48:49.633Z [ODDS]  CR Belouizdad: 7/1 → 15/2
2026-02-26T22:48:57.300Z [ODDS]  Draw: 2/11 → 1/6
2026-02-26T22:49:10.831Z [ODDS]  CR Belouizdad: 15/2 → 13/2, Draw: 1/6 → 1/5
2026-02-26T22:49:12.184Z [ODDS]  CR Belouizdad: 13/2 → 15/2, Draw: 1/5 → 1/6
2026-02-26T22:49:51.872Z [ODDS]  CS Constantine: 15/2 → 8/1
2026-02-26T22:49:52.322Z [ODDS]  Draw: 1/6 → 1/7
2026-02-26T22:50:11.265Z [ODDS]  CR Belouizdad: 15/2 → 8/1
2026-02-26T22:50:46.895Z [ODDS]  Draw: 1/7 → 1/8, CS Constantine: 8/1 → 17/2
2026-02-26T22:51:04.939Z [ODDS]  CR Belouizdad: 8/1 → 17/2
2026-02-26T22:51:06.289Z [ODDS]  Draw: 1/8 → 1/6, CS Constantine: 17/2 → 7/1
2026-02-26T22:51:09.896Z [ODDS]  Draw: 1/6 → 1/7
2026-02-26T22:51:10.347Z [ODDS]  Draw: 1/7 → 1/8, CS Constantine: 7/1 → 17/2
2026-02-26T22:51:25.230Z [ODDS]  Draw: 1/8 → 1/9, CS Constantine: 17/2 → 9/1
2026-02-26T22:51:39.210Z [ODDS]  CR Belouizdad: 17/2 → 9/1
2026-02-26T22:52:01.761Z [ODDS]  Draw: 1/9 → 1/10
2026-02-26T22:52:12.137Z [ODDS]  CR Belouizdad: 9/1 → 12/1, Draw: 1/10 → 1/18, CS Constantine: 9/1 → 12/1
2026-02-26T22:52:15.292Z [ODDS]  CR Belouizdad: 12/1 → 17/2, Draw: 1/18 → 1/12
2026-02-26T22:52:32.880Z [ODDS]  CR Belouizdad: 17/2 → 12/1, Draw: 1/12 → 1/20
2026-02-26T22:52:48.214Z [ODDS]  Draw: 1/20 → 1/22
2026-02-26T22:53:29.706Z [ODDS]  CR Belouizdad: 12/1 → 14/1, Draw: 1/22 → 1/25, CS Constantine: 12/1 → 14/1
2026-02-26T22:53:35.118Z [ODDS]  Draw: 1/25 → 1/28
2026-02-26T22:53:48.199Z [ODDS]  CR Belouizdad: 14/1 → 16/1, Draw: 1/28 → 1/20, CS Constantine: 14/1 → 10/1
2026-02-26T22:53:59.023Z [ODDS]  CR Belouizdad: 16/1 → 14/1, Draw: 1/20 → 1/33, CS Constantine: 10/1 → 14/1
2026-02-26T22:54:16.612Z [ODDS]  CR Belouizdad: 14/1 → 16/1, Draw: 1/33 → 1/40, CS Constantine: 14/1 → 16/1
2026-02-26T22:54:36.907Z [ODDS]  Draw: 1/40 → 1/28, CS Constantine: 16/1 → 12/1
2026-02-26T22:54:40.064Z [ODDS]  CR Belouizdad: 16/1 → 18/1, Draw: 1/28 → 1/50, CS Constantine: 12/1 → 18/1
2026-02-26T22:55:11.183Z [ODDS]  CR Belouizdad: 18/1 → 20/1, Draw: 1/50 → 1/66, CS Constantine: 18/1 → 20/1
