2026-02-26T22:38:24.542Z [ODDS]  Dortmund (Jack): 11/2 → 6/1
2026-02-26T22:38:52.954Z [ODDS]  Dortmund (Jack): 6/1 → 13/2, Eintracht (Vendetta): 1/2 → 4/9
2026-02-26T22:38:55.209Z [ODDS]  Dortmund (Jack): 13/2 → 14/1, Draw: 12/5 → 6/1, Eintracht (Vendetta): 4/9 → 1/10
2026-02-26T22:38:55.209Z [EVENT]  score: 2-0
2026-02-26T22:39:29.935Z [ODDS]  Dortmund (Jack): 14/1 → 16/1, Draw: 6/1 → 7/1, Eintracht (Vendetta): 1/10 → 1/12
2026-02-26T22:39:52.036Z [ODDS]  Draw: 7/1 → 8/1, Eintracht (Vendetta): 1/12 → 1/14
2026-02-26T22:40:00.155Z [ODDS]  Dortmund (Jack): 16/1 → 18/1
2026-02-26T22:40:11.883Z [ODDS]  Draw: 8/1 → 9/1, Eintracht (Vendetta): 1/14 → 1/16
2026-02-26T22:40:19.547Z [ODDS]  Dortmund (Jack): 18/1 → 20/1
2026-02-26T22:40:28.567Z [ODDS]  Draw: 9/1 → 10/1, Eintracht (Vendetta): 1/16 → 1/20
2026-02-26T22:40:43.901Z [ODDS]  Dortmund (Jack): 20/1 → 22/1
2026-02-26T22:40:50.666Z [ODDS]  Draw: 10/1 → 12/1, Eintracht (Vendetta): 1/20 → 1/25
2026-02-26T22:41:04.199Z [ODDS]  Dortmund (Jack): 22/1 → 25/1
2026-02-26T22:41:06.454Z [ODDS]  Eintracht (Vendetta): 1/25 → 1/28
2026-02-26T22:41:11.866Z [ODDS]  Draw: 12/1 → 14/1, Eintracht (Vendetta): 1/28 → 1/33
2026-02-26T22:41:24.043Z [ODDS]  Draw: 14/1 → 16/1, Eintracht (Vendetta): 1/33 → 1/40
2026-02-26T22:41:27.200Z [ODDS]  Dortmund (Jack): 25/1 → 28/1
2026-02-26T22:41:44.789Z [ODDS]  Draw: 16/1 → 18/1, Eintracht (Vendetta): 1/40 → 1/50
2026-02-26T22:41:59.673Z [ODDS]  Draw: 18/1 → 20/1, Eintracht (Vendetta): 1/50 → 1/66
2026-02-26T22:42:01.927Z [ODDS]  Dortmund (Jack): 28/1 → 33/1
2026-02-26T22:42:10.496Z [ODDS]  Draw: 20/1 → 22/1, Eintracht (Vendetta): 1/66 → 1/80
2026-02-26T22:42:20.419Z [ODDS]  Dortmund (Jack): 33/1 → 40/1, Draw: 22/1 → 25/1, Eintracht (Vendetta): 1/80 → 1/100
2026-02-26T22:42:24.477Z [ODDS]  Eintracht (Vendetta): 1/100 → 1/125
2026-02-26T22:42:28.536Z [ODDS]  Draw: 25/1 → 28/1, Eintracht (Vendetta): 1/125 → 1/150
2026-02-26T22:42:35.753Z [ODDS]  Dortmund (Jack): 40/1 → 50/1, Draw: 28/1 → 33/1, Eintracht (Vendetta): 1/150 → 1/200
2026-02-26T22:42:36.204Z [EVENT]  score: 3-0
