2026-02-26T23:09:09.045Z [ODDS]  Spain (REALIST): 7/4 → 15/8
2026-02-26T23:09:35.655Z [ODDS]  Draw: 13/5 → 5/2
2026-02-26T23:09:46.027Z [ODDS]  Draw: 5/2 → 12/5
2026-02-26T23:10:04.066Z [ODDS]  England (CASTLE): 11/10 → 6/5
2026-02-26T23:10:09.930Z [ODDS]  Draw: 12/5 → 9/4
2026-02-26T23:10:35.637Z [ODDS]  Draw: 9/4 → 11/5
2026-02-26T23:10:45.564Z [ODDS]  Draw: 11/5 → 21/10, Spain (REALIST): 15/8 → 2/1
2026-02-26T23:10:56.840Z [ODDS]  England (CASTLE): 6/5 → 5/4
2026-02-26T23:11:13.074Z [ODDS]  Draw: 21/10 → 2/1
2026-02-26T23:11:28.860Z [ODDS]  England (CASTLE): 5/4 → 13/10
2026-02-26T23:11:30.668Z [ODDS]  Draw: 2/1 → 15/8
2026-02-26T23:11:48.705Z [ODDS]  Spain (REALIST): 2/1 → 21/10
2026-02-26T23:11:55.021Z [ODDS]  England (CASTLE): 13/10 → 11/8, Draw: 15/8 → 7/4
2026-02-26T23:12:14.863Z [ODDS]  England (CASTLE): 11/8 → 7/5
2026-02-26T23:12:23.884Z [ODDS]  Draw: 7/4 → 13/8
2026-02-26T23:12:31.100Z [ODDS]  Draw: 13/8 → 8/5, Spain (REALIST): 21/10 → 11/5
2026-02-26T23:12:41.022Z [ODDS]  England (CASTLE): 7/5 → 6/4
2026-02-26T23:12:45.536Z [ODDS]  England (CASTLE): 6/4 → 9/2, Draw: 8/5 → 5/2, Spain (REALIST): 11/5 → 8/15
2026-02-26T23:12:45.536Z [EVENT]  score: 1-0
2026-02-26T23:13:08.985Z [ODDS]  England (CASTLE): 9/2 → 5/1
2026-02-26T23:13:15.755Z [ODDS]  England (CASTLE): 5/1 → 9/2
2026-02-26T23:13:17.555Z [ODDS]  England (CASTLE): 9/2 → 5/1
2026-02-26T23:13:54.536Z [ODDS]  Spain (REALIST): 8/15 → 1/2
2026-02-26T23:14:04.007Z [ODDS]  England (CASTLE): 5/1 → 11/2
2026-02-26T23:14:16.184Z [ODDS]  England (CASTLE): 11/2 → 6/1
2026-02-26T23:14:28.811Z [ODDS]  Spain (REALIST): 1/2 → 4/9
2026-02-26T23:14:34.686Z [ODDS]  England (CASTLE): 6/1 → 13/2
2026-02-26T23:14:53.616Z [ODDS]  England (CASTLE): 13/2 → 7/1
2026-02-26T23:15:02.185Z [ODDS]  Spain (REALIST): 4/9 → 2/5
2026-02-26T23:15:08.049Z [ODDS]  England (CASTLE): 7/1 → 15/8, Draw: 5/2 → 11/10, Spain (REALIST): 2/5 → 13/5
2026-02-26T23:15:08.049Z [EVENT]  score: 1-1
2026-02-26T23:15:27.442Z [ODDS]  Draw: 11/10 → 21/20
2026-02-26T23:15:36.011Z [ODDS]  Draw: 21/20 → 1/1, Spain (REALIST): 13/5 → 11/4
2026-02-26T23:15:40.521Z [ODDS]  England (CASTLE): 15/8 → 2/1
2026-02-26T23:15:45.933Z [ODDS]  Draw: 1/1 → 20/21
2026-02-26T23:15:49.541Z [ODDS]  England (CASTLE): 2/1 → 21/10, Draw: 20/21 → 10/11
2026-02-26T23:15:59.462Z [ODDS]  Spain (REALIST): 11/4 → 3/1
2026-02-26T23:16:02.621Z [ODDS]  Draw: 10/11 → 5/6
2026-02-26T23:16:06.677Z [ODDS]  England (CASTLE): 21/10 → 11/5
2026-02-26T23:16:12.089Z [ODDS]  England (CASTLE): 11/5 → 9/4, Draw: 5/6 → 4/5
2026-02-26T23:16:22.011Z [ODDS]  England (CASTLE): 9/4 → 12/5, Draw: 4/5 → 8/11, Spain (REALIST): 3/1 → 10/3
2026-02-26T23:16:29.227Z [ODDS]  England (CASTLE): 12/5 → 5/2, Draw: 8/11 → 4/6
2026-02-26T23:16:37.796Z [ODDS]  England (CASTLE): 5/2 → 11/4, Draw: 4/6 → 8/13, Spain (REALIST): 10/3 → 7/2
2026-02-26T23:16:40.051Z [ODDS]  Spain (REALIST): 7/2 → 15/4
2026-02-26T23:16:43.658Z [ODDS]  England (CASTLE): 11/4 → 16/1, Draw: 8/13 → 7/2, Spain (REALIST): 15/4 → 2/11
2026-02-26T23:16:43.659Z [EVENT]  score: 2-1
2026-02-26T23:16:53.129Z [ODDS]  England (CASTLE): 16/1 → 18/1
2026-02-26T23:17:03.955Z [ODDS]  England (CASTLE): 18/1 → 20/1, Draw: 7/2 → 15/4, Spain (REALIST): 2/11 → 1/6
2026-02-26T23:17:08.014Z [ODDS]  England (CASTLE): 20/1 → 4/1, Draw: 15/4 → 4/11, Spain (REALIST): 1/6 → 5/1
2026-02-26T23:17:08.014Z [EVENT]  score: 2-2
2026-02-26T23:17:14.779Z [ODDS]  Draw: 4/11 → 1/3
