2026-02-27T03:08:44.747Z [ODDS]  Aston Villa (REALIST): 6/5 → 5/4, Draw: 12/5 → 9/4
2026-02-27T03:09:02.786Z [ODDS]  Draw: 9/4 → 11/5, Tottenham (FAITH): 7/4 → 15/8
2026-02-27T03:09:18.136Z [ODDS]  Aston Villa (REALIST): 5/4 → 13/10, Draw: 11/5 → 21/10
2026-02-27T03:09:22.631Z [ODDS]  Aston Villa (REALIST): 13/10 → 2/5, Draw: 21/10 → 10/3, Tottenham (FAITH): 15/8 → 5/1
2026-02-27T03:09:22.631Z [EVENT]  score: 0-1
2026-02-27T03:10:01.869Z [ODDS]  Tottenham (FAITH): 5/1 → 11/2
2026-02-27T03:10:34.893Z [ODDS]  Aston Villa (REALIST): 2/5 → 4/11, Tottenham (FAITH): 11/2 → 6/1
2026-02-27T03:10:57.894Z [ODDS]  Draw: 10/3 → 3/1
2026-02-27T03:11:13.681Z [ODDS]  Tottenham (FAITH): 6/1 → 13/2
2026-02-27T03:11:26.759Z [ODDS]  Aston Villa (REALIST): 4/11 → 7/5, Draw: 3/1 → 7/4, Tottenham (FAITH): 13/2 → 2/1
2026-02-27T03:11:26.759Z [EVENT]  score: 1-1
2026-02-27T03:11:53.368Z [ODDS]  Draw: 7/4 → 13/8, Tottenham (FAITH): 2/1 → 21/10
2026-02-27T03:11:58.332Z [ODDS]  Aston Villa (REALIST): 7/5 → 6/4
2026-02-27T03:12:10.056Z [ODDS]  Draw: 13/8 → 8/5
2026-02-27T03:12:22.685Z [ODDS]  Draw: 8/5 → 6/4
2026-02-27T03:12:30.801Z [ODDS]  Aston Villa (REALIST): 6/4 → 8/5, Tottenham (FAITH): 21/10 → 11/5
2026-02-27T03:12:34.409Z [ODDS]  Draw: 6/4 → 7/5
2026-02-27T03:12:41.174Z [ODDS]  Draw: 7/5 → 6/4
2026-02-27T03:12:42.979Z [ODDS]  Draw: 6/4 → 7/5, Tottenham (FAITH): 11/5 → 9/4
2026-02-27T03:14:06.415Z [ODDS]  Aston Villa (REALIST): 8/5 → 7/4, Draw: 7/5 → 11/10, Tottenham (FAITH): 9/4 → 5/2
2026-02-27T03:14:13.178Z [ODDS]  Aston Villa (REALIST): 7/4 → 15/8, Tottenham (FAITH): 5/2 → 13/5
2026-02-27T03:14:20.398Z [ODDS]  Draw: 11/10 → 21/20
2026-02-27T03:14:29.865Z [ODDS]  Aston Villa (REALIST): 15/8 → 2/1, Draw: 21/20 → 1/1, Tottenham (FAITH): 13/5 → 11/4
2026-02-27T03:14:33.474Z [ODDS]  Draw: 1/1 → 20/21
2026-02-27T03:14:40.689Z [ODDS]  Aston Villa (REALIST): 2/1 → 21/10
2026-02-27T03:14:42.493Z [ODDS]  Draw: 20/21 → 10/11
2026-02-27T03:14:48.362Z [ODDS]  Aston Villa (REALIST): 21/10 → 1/5, Draw: 10/11 → 7/2, Tottenham (FAITH): 11/4 → 12/1
2026-02-27T03:14:48.362Z [EVENT]  score: 1-2
2026-02-27T03:14:57.831Z [ODDS]  Tottenham (FAITH): 12/1 → 14/1
2026-02-27T03:15:10.458Z [ODDS]  Aston Villa (REALIST): 1/5 → 2/11
2026-02-27T03:15:21.734Z [ODDS]  Draw: 7/2 → 15/4
2026-02-27T03:15:25.341Z [ODDS]  Aston Villa (REALIST): 2/11 → 1/6, Tottenham (FAITH): 14/1 → 16/1
2026-02-27T03:15:42.486Z [ODDS]  Draw: 15/4 → 4/1, Tottenham (FAITH): 16/1 → 18/1
2026-02-27T03:15:52.411Z [ODDS]  Aston Villa (REALIST): 1/6 → 1/7, Draw: 4/1 → 9/2, Tottenham (FAITH): 18/1 → 20/1
2026-02-27T03:15:59.621Z [ODDS]  Tottenham (FAITH): 20/1 → 22/1
2026-02-27T03:16:09.089Z [ODDS]  Aston Villa (REALIST): 1/7 → 1/8, Draw: 9/2 → 5/1
2026-02-27T03:16:15.409Z [ODDS]  Tottenham (FAITH): 22/1 → 25/1
2026-02-27T03:16:23.081Z [ODDS]  Aston Villa (REALIST): 1/8 → 1/9, Draw: 5/1 → 11/2
2026-02-27T03:16:31.200Z [ODDS]  Aston Villa (REALIST): 1/9 → 1/10, Draw: 11/2 → 6/1, Tottenham (FAITH): 25/1 → 28/1
2026-02-27T03:16:33.450Z [ODDS]  Aston Villa (REALIST): 1/10 → 11/2, Draw: 6/1 → 2/9, Tottenham (FAITH): 28/1 → 6/1
2026-02-27T03:16:33.450Z [EVENT]  score: 2-2
2026-02-27T03:17:12.235Z [EVENT]  score: 2-3
