2026-02-27T00:08:45.546Z [ODDS]  Carlos Renaux: 1/3 → 3/10
2026-02-27T00:09:09.000Z [ODDS]  Marcilio Dias: 22/1 → 25/1
2026-02-27T00:09:09.493Z [ODDS]  Draw: 11/4 → 13/5
2026-02-27T00:09:12.168Z [ODDS]  Marcilio Dias: 25/1 → 22/1, Carlos Renaux: 3/10 → 1/3
2026-02-27T00:09:19.822Z [ODDS]  Marcilio Dias: 22/1 → 25/1, Draw: 13/5 → 11/4, Carlos Renaux: 1/3 → 3/10
2026-02-27T00:09:53.196Z [ODDS]  Marcilio Dias: 25/1 → 28/1
2026-02-27T00:09:57.706Z [ODDS]  Carlos Renaux: 3/10 → 2/7
2026-02-27T00:10:15.748Z [ODDS]  Marcilio Dias: 28/1 → 25/1, Carlos Renaux: 2/7 → 3/10
2026-02-27T00:10:16.199Z [ODDS]  Marcilio Dias: 25/1 → 28/1, Carlos Renaux: 3/10 → 2/7
2026-02-27T00:10:32.436Z [ODDS]  Marcilio Dias: 28/1 → 25/1, Draw: 11/4 → 13/5, Carlos Renaux: 2/7 → 1/3
2026-02-27T00:11:04.908Z [ODDS]  Carlos Renaux: 1/3 → 3/10
2026-02-27T00:11:11.223Z [ODDS]  Draw: 13/5 → 11/4
2026-02-27T00:11:36.477Z [ODDS]  Marcilio Dias: 25/1 → 28/1
2026-02-27T00:12:17.069Z [ODDS]  Carlos Renaux: 3/10 → 2/7
2026-02-27T00:12:42.797Z [ODDS]  Marcilio Dias: 28/1 → 40/1, Draw: 11/4 → 4/1, Carlos Renaux: 2/7 → 1/6
2026-02-27T00:12:46.837Z [ODDS]  Draw: 4/1 → 9/2
2026-02-27T00:12:58.110Z [ODDS]  Marcilio Dias: 40/1 → 50/1, Carlos Renaux: 1/6 → 1/7
2026-02-27T00:12:58.670Z [ODDS]  Draw: 9/2 → 5/1, Carlos Renaux: 1/7 → 1/8
2026-02-27T00:13:08.483Z [ODDS]  Draw: 5/1 → 9/2, Carlos Renaux: 1/8 → 1/7
2026-02-27T00:13:31.033Z [ODDS]  Marcilio Dias: 50/1 → 66/1, Draw: 9/2 → 11/2, Carlos Renaux: 1/7 → 1/9
2026-02-27T00:13:40.503Z [ODDS]  Draw: 11/2 → 5/1, Carlos Renaux: 1/9 → 1/8
2026-02-27T00:13:52.233Z [ODDS]  Marcilio Dias: 66/1 → 50/1
2026-02-27T00:14:18.389Z [ODDS]  Marcilio Dias: 50/1 → 66/1, Draw: 5/1 → 11/2, Carlos Renaux: 1/8 → 1/9
2026-02-27T00:15:32.805Z [ODDS]  Marcilio Dias: 66/1 → 80/1, Draw: 11/2 → 6/1, Carlos Renaux: 1/9 → 1/10
2026-02-27T00:16:35.043Z [ODDS]  Draw: 6/1 → 13/2, Carlos Renaux: 1/10 → 1/12
2026-02-27T00:16:57.142Z [ODDS]  Draw: 13/2 → 7/1
2026-02-27T00:17:00.752Z [ODDS]  Marcilio Dias: 80/1 → 66/1, Draw: 7/1 → 11/2, Carlos Renaux: 1/12 → 1/9
2026-02-27T00:17:04.358Z [ODDS]  Marcilio Dias: 66/1 → 80/1, Draw: 11/2 → 7/1, Carlos Renaux: 1/9 → 1/12
2026-02-27T00:17:12.927Z [ODDS]  Marcilio Dias: 80/1 → 100/1
2026-02-27T00:18:23.734Z [ODDS]  Draw: 7/1 → 8/1, Carlos Renaux: 1/12 → 1/14
2026-02-27T00:18:42.678Z [ODDS]  Marcilio Dias: 100/1 → 125/1
2026-02-27T00:19:38.152Z [ODDS]  Draw: 8/1 → 9/1, Carlos Renaux: 1/14 → 1/16
2026-02-27T00:19:55.290Z [ODDS]  Marcilio Dias: 125/1 → 150/1
2026-02-27T00:20:13.329Z [ODDS]  Marcilio Dias: 150/1 → 125/1, Draw: 9/1 → 8/1, Carlos Renaux: 1/16 → 1/14
2026-02-27T00:20:44.901Z [ODDS]  Marcilio Dias: 125/1 → 80/1, Draw: 8/1 → 13/2, Carlos Renaux: 1/14 → 1/12
2026-02-27T00:20:49.415Z [ODDS]  Marcilio Dias: 80/1 → 125/1, Draw: 13/2 → 8/1, Carlos Renaux: 1/12 → 1/14
2026-02-27T00:21:04.744Z [ODDS]  Draw: 8/1 → 9/1, Carlos Renaux: 1/14 → 1/16
2026-02-27T00:21:05.196Z [ODDS]  Marcilio Dias: 125/1 → 80/1, Draw: 9/1 → 7/1, Carlos Renaux: 1/16 → 1/12
2026-02-27T00:21:08.807Z [ODDS]  Marcilio Dias: 80/1 → 125/1, Draw: 7/1 → 9/1, Carlos Renaux: 1/12 → 1/16
2026-02-27T00:21:17.373Z [ODDS]  Marcilio Dias: 125/1 → 150/1
2026-02-27T00:21:23.686Z [ODDS]  Marcilio Dias: 150/1 → 80/1, Draw: 9/1 → 7/1, Carlos Renaux: 1/16 → 1/12
2026-02-27T00:21:28.194Z [ODDS]  Marcilio Dias: 80/1 → 100/1
2026-02-27T00:21:38.117Z [ODDS]  Marcilio Dias: 100/1 → 150/1, Draw: 7/1 → 9/1, Carlos Renaux: 1/12 → 1/16
2026-02-27T00:22:08.786Z [ODDS]  Marcilio Dias: 150/1 → 100/1, Draw: 9/1 → 7/1, Carlos Renaux: 1/16 → 1/12
2026-02-27T00:22:28.629Z [ODDS]  Draw: 7/1 → 8/1, Carlos Renaux: 1/12 → 1/14
2026-02-27T00:22:30.886Z [ODDS]  Marcilio Dias: 100/1 → 200/1, Draw: 8/1 → 10/1, Carlos Renaux: 1/14 → 1/20
2026-02-27T00:23:24.104Z [ODDS]  Marcilio Dias: 200/1 → 250/1, Draw: 10/1 → 12/1, Carlos Renaux: 1/20 → 1/25
2026-02-27T00:23:36.732Z [ODDS]  Marcilio Dias: 250/1 → 125/1, Draw: 12/1 → 9/1, Carlos Renaux: 1/25 → 1/16
2026-02-27T00:23:40.829Z [ODDS]  Marcilio Dias: 125/1 → 250/1, Draw: 9/1 → 12/1, Carlos Renaux: 1/16 → 1/25
2026-02-27T00:24:02.895Z [ODDS]  Marcilio Dias: 250/1 → 300/1
2026-02-27T00:24:15.067Z [ODDS]  Carlos Renaux: 1/25 → 1/28
2026-02-27T00:24:16.870Z [ODDS]  Carlos Renaux: 1/28 → 1/25
2026-02-27T00:24:26.793Z [ODDS]  Carlos Renaux: 1/25 → 1/28
2026-02-27T00:24:44.011Z [ODDS]  Marcilio Dias: 300/1 → 350/1, Draw: 12/1 → 14/1, Carlos Renaux: 1/28 → 1/33
2026-02-27T00:24:57.913Z [ODDS]  Marcilio Dias: 350/1 → 400/1
2026-02-27T00:25:18.667Z [ODDS]  Marcilio Dias: 400/1 → 450/1, Draw: 14/1 → 16/1, Carlos Renaux: 1/33 → 1/40
2026-02-27T00:25:46.170Z [ODDS]  Marcilio Dias: 450/1 → 500/1
2026-02-27T00:26:04.661Z [ODDS]  Draw: 16/1 → 18/1, Carlos Renaux: 1/40 → 1/50
2026-02-27T00:26:27.215Z [ODDS]  Draw: 18/1 → 20/1, Carlos Renaux: 1/50 → 1/66
2026-02-27T00:26:27.663Z [ODDS]  Draw: 20/1 → 18/1, Carlos Renaux: 1/66 → 1/50
2026-02-27T00:26:33.172Z [ODDS]  Draw: 18/1 → 20/1, Carlos Renaux: 1/50 → 1/66
2026-02-27T00:27:11.870Z [ODDS]  Draw: 20/1 → 22/1, Carlos Renaux: 1/66 → 1/80
2026-02-27T00:27:22.689Z [ODDS]  Draw: 22/1 → 25/1, Carlos Renaux: 1/80 → 1/100
2026-02-27T00:27:32.177Z [ODDS]  Carlos Renaux: 1/100 → 1/125
