2026-02-26T23:08:19.886Z [ODDS]  England (nekishka): 27/100 → 2/7
2026-02-26T23:08:22.140Z [ODDS]  England (nekishka): 2/7 → 1/8, Draw: 6/1 → 15/2, Germany (gelennzz): 9/2 → 7/1
2026-02-26T23:08:22.141Z [EVENT]  score: 0-1
2026-02-26T23:08:41.533Z [ODDS]  England (nekishka): 1/8 → 2/7, Draw: 15/2 → 6/1, Germany (gelennzz): 7/1 → 9/2
2026-02-26T23:08:41.533Z [EVENT]  score: 1-1
2026-02-26T23:09:02.280Z [ODDS]  England (nekishka): 2/7 → 3/10
2026-02-26T23:09:04.535Z [ODDS]  Draw: 6/1 → 11/2
2026-02-26T23:09:25.284Z [ODDS]  Germany (gelennzz): 9/2 → 4/1
2026-02-26T23:09:46.027Z [ODDS]  England (nekishka): 3/10 → 1/3
2026-02-26T23:09:56.400Z [ODDS]  Draw: 11/2 → 5/1
2026-02-26T23:10:27.067Z [ODDS]  England (nekishka): 1/3 → 4/11
2026-02-26T23:10:37.442Z [ODDS]  Draw: 5/1 → 9/2
2026-02-26T23:10:39.695Z [ODDS]  England (nekishka): 4/11 → 1/6, Draw: 9/2 → 13/2, Germany (gelennzz): 4/1 → 7/1
2026-02-26T23:10:39.695Z [EVENT]  score: 1-2
2026-02-26T23:10:55.494Z [ODDS]  England (nekishka): 1/6 → 1/18, Draw: 13/2 → 9/1, Germany (gelennzz): 7/1 → 11/1
2026-02-26T23:10:55.494Z [EVENT]  score: 1-3
2026-02-26T23:12:09.001Z [ODDS]  Germany (gelennzz): 11/1 → 12/1
2026-02-26T23:12:49.142Z [ODDS]  England (nekishka): 1/18 → 1/50, Draw: 9/1 → 18/1, Germany (gelennzz): 12/1 → 18/1
2026-02-26T23:12:49.142Z [EVENT]  score: 1-4
2026-02-26T23:13:22.064Z [ODDS]  England (nekishka): 1/50 → 1/200, Draw: 18/1 → 33/1, Germany (gelennzz): 18/1 → 33/1
2026-02-26T23:13:22.064Z [EVENT]  score: 1-5
2026-02-26T23:13:42.360Z [ODDS]  England (nekishka): 1/200 → 1/250, Draw: 33/1 → 40/1, Germany (gelennzz): 33/1 → 40/1
2026-02-26T23:13:44.166Z [EVENT]  score: 1-6
2026-02-26T23:14:56.774Z [EVENT]  score: 1-7
2026-02-26T23:15:57.659Z [EVENT]  score: 1-8
2026-02-26T23:17:37.779Z [EVENT]  score: 2-8
