2026-02-26T19:47:52.309Z [ODDS]  Viktoria Plzen: 21/10 → 2/1
2026-02-26T19:47:54.562Z [ODDS]  Viktoria Plzen: 2/1 → 21/10
2026-02-26T19:47:59.082Z [ODDS]  Viktoria Plzen: 21/10 → 2/1
2026-02-26T19:48:06.742Z [ODDS]  Panathinaikos: 5/1 → 9/2
2026-02-26T19:48:24.326Z [ODDS]  Panathinaikos: 9/2 → 5/1
2026-02-26T19:48:47.331Z [ODDS]  Viktoria Plzen: 2/1 → 21/10
2026-02-26T19:48:55.898Z [ODDS]  Viktoria Plzen: 21/10 → 2/1
2026-02-26T19:50:05.360Z [ODDS]  Viktoria Plzen: 2/1 → 21/10
2026-02-26T19:50:12.133Z [ODDS]  Viktoria Plzen: 21/10 → 2/1
2026-02-26T19:50:34.665Z [ODDS]  Panathinaikos: 5/1 → 9/2, Viktoria Plzen: 2/1 → 21/10
2026-02-26T19:51:05.786Z [ODDS]  Panathinaikos: 9/2 → 5/1
2026-02-26T19:51:08.050Z [ODDS]  Panathinaikos: 5/1 → 9/2
2026-02-26T19:51:17.965Z [ODDS]  Panathinaikos: 9/2 → 5/1
2026-02-26T19:51:23.828Z [ODDS]  Viktoria Plzen: 21/10 → 11/5
2026-02-26T19:51:41.416Z [ODDS]  Viktoria Plzen: 11/5 → 21/10
2026-02-26T19:51:58.101Z [ODDS]  Viktoria Plzen: 21/10 → 11/5
2026-02-26T19:52:04.870Z [ODDS]  Draw: 8/11 → 4/6
2026-02-26T19:52:08.475Z [ODDS]  Viktoria Plzen: 11/5 → 9/4
2026-02-26T19:53:16.627Z [ODDS]  Panathinaikos: 5/1 → 11/2
2026-02-26T19:53:24.250Z [ODDS]  Panathinaikos: 11/2 → 5/1, Viktoria Plzen: 9/4 → 12/5
2026-02-26T19:53:55.369Z [ODDS]  Draw: 4/6 → 8/13
2026-02-26T19:54:00.330Z [ODDS]  Panathinaikos: 5/1 → 11/2
2026-02-26T19:54:20.174Z [ODDS]  Panathinaikos: 11/2 → 5/1
2026-02-26T19:54:30.999Z [ODDS]  Panathinaikos: 5/1 → 9/2, Viktoria Plzen: 12/5 → 13/5
2026-02-26T19:54:39.116Z [ODDS]  Panathinaikos: 9/2 → 5/1, Viktoria Plzen: 13/5 → 5/2
2026-02-26T19:55:17.902Z [ODDS]  Viktoria Plzen: 5/2 → 13/5
2026-02-26T19:55:26.019Z [ODDS]  Draw: 8/13 → 4/7
2026-02-26T19:55:44.072Z [ODDS]  Viktoria Plzen: 13/5 → 11/4
2026-02-26T19:55:51.297Z [ODDS]  Panathinaikos: 5/1 → 11/2, Draw: 4/7 → 8/15
2026-02-26T19:55:59.423Z [ODDS]  Panathinaikos: 11/2 → 5/1
2026-02-26T19:56:11.155Z [ODDS]  Panathinaikos: 5/1 → 11/2
2026-02-26T19:56:56.281Z [ODDS]  Panathinaikos: 11/2 → 5/1, Draw: 8/15 → 1/2, Viktoria Plzen: 11/4 → 3/1
2026-02-26T19:57:07.081Z [ODDS]  Panathinaikos: 5/1 → 11/2
2026-02-26T19:57:11.593Z [ODDS]  Draw: 1/2 → 8/15
2026-02-26T19:57:13.871Z [ODDS]  Draw: 8/15 → 1/2
2026-02-26T19:58:36.384Z [ODDS]  Panathinaikos: 11/2 → 5/1
2026-02-26T19:58:39.090Z [ODDS]  Panathinaikos: 5/1 → 8/1, Draw: 1/2 → 4/7, Viktoria Plzen: 3/1 → 21/10
2026-02-26T19:58:48.111Z [ODDS]  Draw: 4/7 → 8/13, Viktoria Plzen: 21/10 → 15/8
2026-02-26T19:59:05.705Z [ODDS]  Panathinaikos: 8/1 → 17/2
2026-02-26T19:59:13.366Z [ODDS]  Panathinaikos: 17/2 → 8/1, Draw: 8/13 → 4/7, Viktoria Plzen: 15/8 → 2/1
2026-02-26T19:59:30.511Z [ODDS]  Panathinaikos: 8/1 → 17/2
2026-02-26T19:59:50.347Z [ODDS]  Viktoria Plzen: 2/1 → 21/10
2026-02-26T19:59:53.957Z [ODDS]  Panathinaikos: 17/2 → 8/1, Draw: 4/7 → 8/15, Viktoria Plzen: 21/10 → 9/4
2026-02-26T20:00:14.250Z [ODDS]  Panathinaikos: 8/1 → 10/1, Viktoria Plzen: 9/4 → 2/1
2026-02-26T20:00:20.566Z [ODDS]  Panathinaikos: 10/1 → 9/1, Draw: 8/15 → 4/7
2026-02-26T20:00:34.102Z [ODDS]  Panathinaikos: 9/1 → 10/1, Draw: 4/7 → 8/15, Viktoria Plzen: 2/1 → 21/10
2026-02-26T20:00:36.802Z [ODDS]  Panathinaikos: 10/1 → 12/1, Viktoria Plzen: 21/10 → 2/1
2026-02-26T20:00:51.683Z [ODDS]  Draw: 8/15 → 1/2
2026-02-26T20:00:55.747Z [ODDS]  Draw: 1/2 → 8/15
2026-02-26T20:01:07.920Z [ODDS]  Viktoria Plzen: 2/1 → 15/8
2026-02-26T20:01:10.182Z [ODDS]  Draw: 8/15 → 4/7
2026-02-26T20:01:12.882Z [ODDS]  Draw: 4/7 → 8/15
2026-02-26T20:01:29.615Z [ODDS]  Panathinaikos: 12/1 → 14/1
2026-02-26T20:01:52.569Z [ODDS]  Viktoria Plzen: 15/8 → 7/4
2026-02-26T20:01:54.825Z [ODDS]  Viktoria Plzen: 7/4 → 15/8
2026-02-26T20:02:07.006Z [ODDS]  Panathinaikos: 14/1 → 12/1
2026-02-26T20:03:21.421Z [ODDS]  Viktoria Plzen: 15/8 → 2/1
2026-02-26T20:03:28.183Z [ODDS]  Viktoria Plzen: 2/1 → 15/8
2026-02-26T20:04:04.717Z [ODDS]  Viktoria Plzen: 15/8 → 2/1
2026-02-26T20:05:08.758Z [ODDS]  Draw: 8/15 → 1/2
2026-02-26T20:05:13.719Z [ODDS]  Panathinaikos: 12/1 → 14/1
2026-02-26T20:06:01.527Z [ODDS]  Viktoria Plzen: 2/1 → 15/8
2026-02-26T20:06:24.526Z [ODDS]  Panathinaikos: 14/1 → 16/1, Viktoria Plzen: 15/8 → 2/1
2026-02-26T20:06:44.830Z [ODDS]  Draw: 1/2 → 4/9
2026-02-26T20:07:19.147Z [ODDS]  Panathinaikos: 16/1 → 20/1, Viktoria Plzen: 2/1 → 15/8
2026-02-26T20:07:27.671Z [ODDS]  Panathinaikos: 20/1 → 18/1, Draw: 4/9 → 1/2
2026-02-26T20:07:39.397Z [ODDS]  Panathinaikos: 18/1 → 16/1, Viktoria Plzen: 15/8 → 2/1
2026-02-26T20:08:01.650Z [ODDS]  Viktoria Plzen: 2/1 → 15/8
2026-02-26T20:08:10.675Z [ODDS]  Viktoria Plzen: 15/8 → 2/1
2026-02-26T20:08:35.025Z [ODDS]  Panathinaikos: 16/1 → 14/1, Draw: 1/2 → 4/9, Viktoria Plzen: 2/1 → 21/10
2026-02-26T20:08:44.050Z [ODDS]  Viktoria Plzen: 21/10 → 11/5
2026-02-26T20:09:01.182Z [ODDS]  Viktoria Plzen: 11/5 → 9/4
2026-02-26T20:09:27.790Z [ODDS]  Panathinaikos: 14/1 → 12/1
2026-02-26T20:09:31.857Z [ODDS]  Viktoria Plzen: 9/4 → 12/5
2026-02-26T20:09:46.735Z [ODDS]  Draw: 4/9 → 2/5, Viktoria Plzen: 12/5 → 13/5
2026-02-26T20:09:48.988Z [ODDS]  Panathinaikos: 12/1 → 14/1, Viktoria Plzen: 13/5 → 12/5
2026-02-26T20:09:57.106Z [ODDS]  Viktoria Plzen: 12/5 → 5/2
2026-02-26T20:10:12.445Z [ODDS]  Draw: 2/5 → 4/11, Viktoria Plzen: 5/2 → 13/5
2026-02-26T20:10:23.718Z [ODDS]  Panathinaikos: 14/1 → 16/1
2026-02-26T20:10:57.547Z [ODDS]  Viktoria Plzen: 13/5 → 11/4
2026-02-26T20:11:00.247Z [ODDS]  Draw: 4/11 → 1/3
2026-02-26T20:11:16.937Z [ODDS]  Panathinaikos: 16/1 → 14/1
2026-02-26T20:11:28.659Z [ODDS]  Panathinaikos: 14/1 → 16/1, Viktoria Plzen: 11/4 → 3/1
2026-02-26T20:12:06.092Z [ODDS]  Draw: 1/3 → 3/10
2026-02-26T20:12:23.232Z [ODDS]  Draw: 3/10 → 2/7
2026-02-26T20:12:29.545Z [ODDS]  Viktoria Plzen: 3/1 → 10/3
2026-02-26T20:12:33.604Z [ODDS]  Panathinaikos: 16/1 → 14/1, Draw: 2/7 → 3/10
2026-02-26T20:12:35.858Z [ODDS]  Draw: 3/10 → 2/7
2026-02-26T20:12:41.274Z [ODDS]  Draw: 2/7 → 3/10
2026-02-26T20:12:51.646Z [ODDS]  Draw: 3/10 → 2/7, Viktoria Plzen: 10/3 → 7/2
2026-02-26T20:13:03.376Z [ODDS]  Panathinaikos: 14/1 → 16/1
2026-02-26T20:13:07.435Z [ODDS]  Panathinaikos: 16/1 → 14/1
2026-02-26T20:13:10.214Z [ODDS]  Panathinaikos: 14/1 → 12/1
2026-02-26T20:13:27.294Z [ODDS]  Viktoria Plzen: 7/2 → 15/4
2026-02-26T20:13:58.393Z [ODDS]  Draw: 2/7 → 1/4, Viktoria Plzen: 15/4 → 4/1
2026-02-26T20:14:15.991Z [ODDS]  Panathinaikos: 12/1 → 16/1
2026-02-26T20:14:20.944Z [ODDS]  Draw: 1/4 → 2/9
2026-02-26T20:14:27.715Z [ODDS]  Panathinaikos: 16/1 → 18/1
2026-02-26T20:14:42.593Z [ODDS]  Panathinaikos: 18/1 → 14/1, Draw: 2/9 → 1/5, Viktoria Plzen: 4/1 → 9/2
2026-02-26T20:15:02.899Z [ODDS]  Viktoria Plzen: 9/2 → 5/1
2026-02-26T20:15:05.158Z [ODDS]  Panathinaikos: 14/1 → 16/1
2026-02-26T20:15:15.966Z [ODDS]  Draw: 1/5 → 2/11
2026-02-26T20:15:58.816Z [ODDS]  Draw: 2/11 → 1/6, Viktoria Plzen: 5/1 → 11/2
2026-02-26T20:16:20.468Z [ODDS]  Panathinaikos: 16/1 → 18/1, Draw: 1/6 → 1/7, Viktoria Plzen: 11/2 → 6/1
2026-02-26T20:16:52.488Z [ODDS]  Draw: 1/7 → 1/8, Viktoria Plzen: 6/1 → 13/2
2026-02-26T20:17:18.652Z [ODDS]  Panathinaikos: 18/1 → 20/1, Draw: 1/8 → 1/9, Viktoria Plzen: 13/2 → 7/1
2026-02-26T20:17:33.539Z [ODDS]  Viktoria Plzen: 7/1 → 15/2
2026-02-26T20:17:38.946Z [ODDS]  Draw: 1/9 → 1/10
2026-02-26T20:17:52.474Z [ODDS]  Viktoria Plzen: 15/2 → 8/1
2026-02-26T20:17:57.886Z [ODDS]  Draw: 1/10 → 1/11
2026-02-26T20:18:15.036Z [ODDS]  Draw: 1/11 → 1/12, Viktoria Plzen: 8/1 → 17/2
2026-02-26T20:18:17.735Z [ODDS]  Panathinaikos: 20/1 → 22/1
2026-02-26T20:18:35.319Z [ODDS]  Draw: 1/12 → 1/14, Viktoria Plzen: 17/2 → 9/1
2026-02-26T20:18:42.088Z [ODDS]  Viktoria Plzen: 9/1 → 10/1
2026-02-26T20:18:44.794Z [ODDS]  Draw: 1/14 → 1/16
2026-02-26T20:18:56.968Z [ODDS]  Panathinaikos: 22/1 → 25/1, Draw: 1/16 → 1/22, Viktoria Plzen: 10/1 → 12/1
2026-02-26T20:18:59.687Z [ODDS]  Draw: 1/22 → 1/25
2026-02-26T20:19:17.267Z [ODDS]  Draw: 1/25 → 1/28, Viktoria Plzen: 12/1 → 14/1
2026-02-26T20:19:24.576Z [ODDS]  Panathinaikos: 25/1 → 28/1
2026-02-26T20:19:38.916Z [ODDS]  Draw: 1/28 → 1/33
2026-02-26T20:19:56.952Z [ODDS]  Draw: 1/33 → 1/50, Viktoria Plzen: 14/1 → 18/1
