2026-02-26T20:38:20.240Z [ODDS]  Bayern (Yerema): 11/5 → 9/5, Draw: 7/2 → 10/3, Real Madrid (fantazer): 8/11 → 17/20
2026-02-26T20:38:27.461Z [ODDS]  Bayern (Yerema): 9/5 → 31/20, Draw: 10/3 → 16/5, Real Madrid (fantazer): 17/20 → 1/1
2026-02-26T20:39:26.540Z [ODDS]  Bayern (Yerema): 31/20 → 8/5, Draw: 16/5 → 10/3, Real Madrid (fantazer): 1/1 → 21/20
2026-02-26T20:39:57.210Z [ODDS]  Draw: 10/3 → 3/1
2026-02-26T20:40:07.586Z [ODDS]  Real Madrid (fantazer): 21/20 → 11/10
2026-02-26T20:40:15.249Z [ODDS]  Bayern (Yerema): 8/5 → 4/5, Draw: 3/1 → 10/3, Real Madrid (fantazer): 11/10 → 11/5
2026-02-26T20:40:15.250Z [EVENT]  score: 0-1
2026-02-26T20:40:25.631Z [ODDS]  Real Madrid (fantazer): 11/5 → 9/4
2026-02-26T20:40:34.645Z [ODDS]  Bayern (Yerema): 4/5 → 4/11, Draw: 10/3 → 4/1, Real Madrid (fantazer): 9/4 → 9/2
2026-02-26T20:40:34.646Z [EVENT]  score: 0-2
2026-02-26T20:40:55.393Z [ODDS]  Bayern (Yerema): 4/11 → 1/3, Real Madrid (fantazer): 9/2 → 5/1
2026-02-26T20:40:55.849Z [ODDS]  Bayern (Yerema): 1/3 → 1/8, Draw: 4/1 → 13/2, Real Madrid (fantazer): 5/1 → 8/1
2026-02-26T20:40:55.849Z [EVENT]  score: 0-3
2026-02-26T20:41:06.220Z [ODDS]  Real Madrid (fantazer): 8/1 → 17/2
2026-02-26T20:41:21.555Z [ODDS]  Bayern (Yerema): 1/8 → 1/9, Real Madrid (fantazer): 17/2 → 9/1
2026-02-26T20:41:31.469Z [ODDS]  Bayern (Yerema): 1/9 → 1/10, Draw: 13/2 → 7/1
2026-02-26T20:41:41.844Z [ODDS]  Bayern (Yerema): 1/10 → 1/11, Real Madrid (fantazer): 9/1 → 10/1
2026-02-26T20:41:52.215Z [ODDS]  Bayern (Yerema): 1/11 → 1/12
2026-02-26T20:42:02.587Z [ODDS]  Real Madrid (fantazer): 10/1 → 11/1
2026-02-26T20:42:12.962Z [ODDS]  Bayern (Yerema): 1/12 → 1/14, Draw: 7/1 → 8/1
2026-02-26T20:42:33.259Z [ODDS]  Bayern (Yerema): 1/14 → 1/16, Draw: 8/1 → 9/1, Real Madrid (fantazer): 11/1 → 12/1
2026-02-26T20:42:55.362Z [ODDS]  Bayern (Yerema): 1/16 → 1/18, Bayern (Yerema): 1/18 → 1/50, Draw: 9/1 → 18/1, Real Madrid (fantazer): 12/1 → 18/1
2026-02-26T20:42:55.362Z [EVENT]  score: 0-4
2026-02-26T20:42:55.362Z [ODDS]  Bayern (Yerema): 1/50 → 1/18, Bayern (Yerema): 1/18 → 1/50
2026-02-26T20:43:05.729Z [ODDS]  Bayern (Yerema): 1/50 → 1/66, Draw: 18/1 → 20/1, Real Madrid (fantazer): 18/1 → 20/1
2026-02-26T20:43:22.417Z [ODDS]  Bayern (Yerema): 1/66 → 1/50, Draw: 20/1 → 18/1, Real Madrid (fantazer): 20/1 → 18/1
2026-02-26T20:43:32.789Z [ODDS]  Bayern (Yerema): 1/50 → 1/66, Draw: 18/1 → 20/1, Real Madrid (fantazer): 18/1 → 20/1
2026-02-26T20:43:43.162Z [ODDS]  Bayern (Yerema): 1/66 → 1/80, Draw: 20/1 → 22/1, Real Madrid (fantazer): 20/1 → 22/1
2026-02-26T20:44:02.112Z [ODDS]  Bayern (Yerema): 1/80 → 1/100, Draw: 22/1 → 25/1, Real Madrid (fantazer): 22/1 → 25/1
2026-02-26T20:44:12.477Z [ODDS]  Bayern (Yerema): 1/100 → 1/150, Draw: 25/1 → 28/1, Real Madrid (fantazer): 25/1 → 28/1
2026-02-26T20:44:19.242Z [ODDS]  Bayern (Yerema): 1/150 → 1/125, Draw: 28/1 → 25/1, Real Madrid (fantazer): 28/1 → 25/1
2026-02-26T20:44:29.616Z [ODDS]  Bayern (Yerema): 1/125 → 1/200, Draw: 25/1 → 33/1, Real Madrid (fantazer): 25/1 → 33/1
2026-02-26T20:44:39.989Z [ODDS]  Bayern (Yerema): 1/200 → 1/250, Draw: 33/1 → 40/1, Real Madrid (fantazer): 33/1 → 40/1
2026-02-26T20:44:50.363Z [ODDS]  Bayern (Yerema): 1/250 → 1/500, Draw: 40/1 → 50/1, Real Madrid (fantazer): 40/1 → 50/1
2026-02-26T20:45:10.208Z [EVENT]  score: 1-4
