2026-02-27T01:08:39.077Z [ODDS]  SC Freiburg (Furious): 4/6 → 8/13, Dortmund (Jack): 5/1 → 11/2
2026-02-27T01:08:43.586Z [ODDS]  SC Freiburg (Furious): 8/13 → 4/1, Draw: 2/1 → 21/20, Dortmund (Jack): 11/2 → 11/8
2026-02-27T01:08:43.586Z [EVENT]  score: 1-1
2026-02-27T01:09:17.863Z [ODDS]  Dortmund (Jack): 11/8 → 7/5
2026-02-27T01:09:23.275Z [ODDS]  Draw: 21/20 → 1/1
2026-02-27T01:09:30.945Z [ODDS]  Dortmund (Jack): 7/5 → 6/4
2026-02-27T01:09:35.903Z [ODDS]  Draw: 1/1 → 20/21
2026-02-27T01:09:45.374Z [ODDS]  Draw: 20/21 → 10/11
2026-02-27T01:09:46.770Z [ODDS]  Dortmund (Jack): 6/4 → 8/5
2026-02-27T01:09:59.809Z [ODDS]  Draw: 10/11 → 5/6, Dortmund (Jack): 8/5 → 13/8
2026-02-27T01:10:07.024Z [ODDS]  SC Freiburg (Furious): 4/1 → 9/2, Dortmund (Jack): 13/8 → 7/4
2026-02-27T01:10:09.278Z [ODDS]  Draw: 5/6 → 4/5
2026-02-27T01:10:20.553Z [ODDS]  Draw: 4/5 → 8/11
2026-02-27T01:10:22.356Z [ODDS]  Dortmund (Jack): 7/4 → 15/8
2026-02-27T01:10:34.090Z [ODDS]  Draw: 8/11 → 4/6, Dortmund (Jack): 15/8 → 2/1
2026-02-27T01:10:44.455Z [ODDS]  SC Freiburg (Furious): 9/2 → 5/1, Dortmund (Jack): 2/1 → 21/10
2026-02-27T01:10:45.357Z [ODDS]  Draw: 4/6 → 8/13
2026-02-27T01:10:52.122Z [ODDS]  Dortmund (Jack): 21/10 → 11/5
2026-02-27T01:11:01.595Z [ODDS]  Draw: 8/13 → 4/7, Dortmund (Jack): 11/5 → 9/4
2026-02-27T01:11:03.849Z [ODDS]  Draw: 4/7 → 8/15
2026-02-27T01:11:04.755Z [ODDS]  Dortmund (Jack): 9/4 → 12/5
2026-02-27T01:11:09.259Z [ODDS]  SC Freiburg (Furious): 5/1 → 11/2
2026-02-27T01:11:12.417Z [ODDS]  Draw: 8/15 → 1/2, Dortmund (Jack): 12/5 → 5/2
2026-02-27T01:11:21.890Z [ODDS]  Draw: 1/2 → 4/9, Dortmund (Jack): 5/2 → 13/5
2026-02-27T01:11:27.300Z [ODDS]  Dortmund (Jack): 13/5 → 11/4
2026-02-27T01:11:29.559Z [ODDS]  SC Freiburg (Furious): 11/2 → 6/1
2026-02-27T01:11:35.422Z [ODDS]  Draw: 4/9 → 2/5, Dortmund (Jack): 11/4 → 3/1
2026-02-27T01:11:43.089Z [ODDS]  Draw: 2/5 → 4/11
2026-02-27T01:11:49.402Z [ODDS]  SC Freiburg (Furious): 6/1 → 13/2, Draw: 4/11 → 1/3, Dortmund (Jack): 3/1 → 10/3
2026-02-27T01:11:51.657Z [ODDS]  Dortmund (Jack): 10/3 → 7/2
2026-02-27T01:12:00.226Z [ODDS]  Draw: 1/3 → 3/10, Dortmund (Jack): 7/2 → 15/4
2026-02-27T01:12:02.933Z [ODDS]  Draw: 3/10 → 2/7
2026-02-27T01:12:03.835Z [ODDS]  SC Freiburg (Furious): 13/2 → 7/1
2026-02-27T01:12:05.641Z [ODDS]  Dortmund (Jack): 15/4 → 4/1
2026-02-27T01:12:06.992Z [ODDS]  Draw: 2/7 → 1/4
