2026-02-26T20:00:55.308Z [ODDS]  PAOK Salonika: 17/4 → 9/2
2026-02-26T20:01:42.723Z [ODDS]  Draw: 29/10 → 11/4
2026-02-26T20:02:05.200Z [ODDS]  Celta Vigo: 13/20 → 8/13
2026-02-26T20:03:05.182Z [ODDS]  Celta Vigo: 8/13 → 4/6
2026-02-26T20:03:08.348Z [ODDS]  Celta Vigo: 4/6 → 8/13
2026-02-26T20:03:17.360Z [ODDS]  Celta Vigo: 8/13 → 4/6
2026-02-26T20:03:20.083Z [ODDS]  Celta Vigo: 4/6 → 8/13
2026-02-26T20:03:25.487Z [ODDS]  Celta Vigo: 8/13 → 4/6
2026-02-26T20:04:05.622Z [ODDS]  Celta Vigo: 4/6 → 8/13
2026-02-26T20:04:15.539Z [ODDS]  Celta Vigo: 8/13 → 4/6
2026-02-26T20:04:24.108Z [ODDS]  Draw: 11/4 → 13/5
2026-02-26T20:09:10.653Z [ODDS]  Draw: 13/5 → 5/2
2026-02-26T20:09:46.736Z [ODDS]  Draw: 5/2 → 13/5
2026-02-26T20:09:54.401Z [ODDS]  Draw: 13/5 → 5/2
2026-02-26T20:11:55.271Z [ODDS]  PAOK Salonika: 9/2 → 5/1
2026-02-26T20:12:01.588Z [ODDS]  PAOK Salonika: 5/1 → 9/2
2026-02-26T20:12:06.548Z [ODDS]  PAOK Salonika: 9/2 → 5/1
2026-02-26T20:12:27.748Z [ODDS]  PAOK Salonika: 5/1 → 9/2
2026-02-26T20:12:42.627Z [ODDS]  PAOK Salonika: 9/2 → 5/1
2026-02-26T20:14:50.722Z [ODDS]  Draw: 5/2 → 12/5
2026-02-26T20:16:17.760Z [ODDS]  PAOK Salonika: 5/1 → 9/2
2026-02-26T20:17:22.258Z [ODDS]  Draw: 12/5 → 9/4, Celta Vigo: 4/6 → 8/11
2026-02-26T20:17:56.544Z [ODDS]  PAOK Salonika: 9/2 → 4/1, Celta Vigo: 8/11 → 4/5
2026-02-26T20:18:01.499Z [ODDS]  PAOK Salonika: 4/1 → 9/2, Celta Vigo: 4/5 → 8/11
2026-02-26T20:18:07.820Z [ODDS]  PAOK Salonika: 9/2 → 4/1, Celta Vigo: 8/11 → 4/5
2026-02-26T20:18:17.281Z [ODDS]  PAOK Salonika: 4/1 → 9/2
2026-02-26T20:18:19.083Z [ODDS]  PAOK Salonika: 9/2 → 4/1
2026-02-26T20:18:28.557Z [ODDS]  PAOK Salonika: 4/1 → 9/2
2026-02-26T20:18:56.069Z [ODDS]  PAOK Salonika: 9/2 → 4/1, Draw: 9/4 → 11/5
2026-02-26T20:19:49.741Z [ODDS]  PAOK Salonika: 4/1 → 15/4, Celta Vigo: 4/5 → 5/6
2026-02-26T20:19:55.598Z [ODDS]  PAOK Salonika: 15/4 → 4/1
2026-02-26T20:21:14.524Z [ODDS]  Draw: 11/5 → 21/10
2026-02-26T20:21:37.978Z [ODDS]  PAOK Salonika: 4/1 → 15/4
2026-02-26T20:21:47.906Z [ODDS]  PAOK Salonika: 15/4 → 4/1
2026-02-26T20:24:02.330Z [ODDS]  PAOK Salonika: 4/1 → 9/2, Celta Vigo: 5/6 → 4/5
2026-02-26T20:24:57.323Z [ODDS]  PAOK Salonika: 9/2 → 4/1, Celta Vigo: 4/5 → 5/6
2026-02-26T20:25:04.978Z [ODDS]  PAOK Salonika: 4/1 → 9/2, Celta Vigo: 5/6 → 4/5
2026-02-26T20:25:53.234Z [ODDS]  PAOK Salonika: 9/2 → 4/1, Celta Vigo: 4/5 → 5/6
2026-02-26T20:26:10.365Z [ODDS]  PAOK Salonika: 4/1 → 9/2, Draw: 21/10 → 2/1
2026-02-26T20:26:14.425Z [ODDS]  PAOK Salonika: 9/2 → 4/1, Draw: 2/1 → 21/10
2026-02-26T20:26:30.213Z [ODDS]  Draw: 21/10 → 2/1
2026-02-26T20:28:17.554Z [ODDS]  PAOK Salonika: 4/1 → 9/2
2026-02-26T20:31:45.014Z [ODDS]  Celta Vigo: 5/6 → 4/5
2026-02-26T20:31:47.721Z [ODDS]  PAOK Salonika: 9/2 → 5/1
2026-02-26T20:32:42.754Z [ODDS]  PAOK Salonika: 5/1 → 9/2, Celta Vigo: 4/5 → 5/6
2026-02-26T20:32:51.311Z [ODDS]  PAOK Salonika: 9/2 → 5/1, Celta Vigo: 5/6 → 4/5
2026-02-26T20:34:58.049Z [ODDS]  PAOK Salonika: 5/1 → 9/2, Draw: 2/1 → 15/8, Celta Vigo: 4/5 → 5/6
2026-02-26T20:35:03.464Z [ODDS]  PAOK Salonika: 9/2 → 5/1, Draw: 15/8 → 2/1, Celta Vigo: 5/6 → 4/5
2026-02-26T20:35:15.185Z [ODDS]  Draw: 2/1 → 15/8
2026-02-26T20:35:31.421Z [ODDS]  Celta Vigo: 4/5 → 5/6
2026-02-26T20:35:35.029Z [ODDS]  Celta Vigo: 5/6 → 4/5
2026-02-26T20:36:15.171Z [ODDS]  Celta Vigo: 4/5 → 5/6
2026-02-26T20:38:58.578Z [ODDS]  Celta Vigo: 5/6 → 4/5
2026-02-26T20:39:21.127Z [ODDS]  Celta Vigo: 4/5 → 5/6
2026-02-26T20:39:53.149Z [ODDS]  PAOK Salonika: 5/1 → 9/2
2026-02-26T20:39:56.759Z [ODDS]  PAOK Salonika: 9/2 → 5/1
2026-02-26T20:39:58.564Z [ODDS]  PAOK Salonika: 5/1 → 9/2
2026-02-26T20:40:05.779Z [ODDS]  PAOK Salonika: 9/2 → 5/1
2026-02-26T20:40:42.310Z [ODDS]  PAOK Salonika: 5/1 → 9/2, Celta Vigo: 5/6 → 10/11
2026-02-26T20:40:44.113Z [ODDS]  PAOK Salonika: 9/2 → 5/1, Celta Vigo: 10/11 → 5/6
2026-02-26T20:40:51.329Z [ODDS]  PAOK Salonika: 5/1 → 9/2, Celta Vigo: 5/6 → 10/11
2026-02-26T20:40:57.194Z [ODDS]  PAOK Salonika: 9/2 → 5/1, Celta Vigo: 10/11 → 5/6
2026-02-26T20:41:00.801Z [ODDS]  PAOK Salonika: 5/1 → 9/2, Draw: 15/8 → 7/4, Celta Vigo: 5/6 → 10/11
2026-02-26T20:42:07.097Z [ODDS]  Celta Vigo: 10/11 → 20/21
2026-02-26T20:42:29.198Z [ODDS]  Celta Vigo: 20/21 → 10/11
2026-02-26T20:44:21.948Z [ODDS]  Celta Vigo: 10/11 → 20/21
2026-02-26T20:45:18.775Z [ODDS]  PAOK Salonika: 9/2 → 5/1, Celta Vigo: 20/21 → 10/11
2026-02-26T20:45:25.097Z [ODDS]  PAOK Salonika: 5/1 → 9/2, Draw: 7/4 → 13/8, Celta Vigo: 10/11 → 20/21
2026-02-26T20:45:43.130Z [ODDS]  PAOK Salonika: 9/2 → 5/1
2026-02-26T20:45:47.194Z [ODDS]  PAOK Salonika: 5/1 → 9/2
2026-02-26T20:46:12.451Z [ODDS]  PAOK Salonika: 9/2 → 5/1
2026-02-26T20:46:17.863Z [ODDS]  PAOK Salonika: 5/1 → 9/2
2026-02-26T20:46:41.761Z [ODDS]  Celta Vigo: 20/21 → 1/1
2026-02-26T20:48:03.489Z [ODDS]  Draw: 13/8 → 8/5, Celta Vigo: 1/1 → 21/20
2026-02-26T20:48:35.510Z [ODDS]  Draw: 8/5 → 13/8, Celta Vigo: 21/20 → 1/1
2026-02-26T20:48:40.020Z [ODDS]  Draw: 13/8 → 8/5, Celta Vigo: 1/1 → 21/20
2026-02-26T20:52:24.650Z [ODDS]  Draw: 8/5 → 13/8, Celta Vigo: 21/20 → 1/1
2026-02-26T20:52:26.451Z [ODDS]  Draw: 13/8 → 8/5, Celta Vigo: 1/1 → 21/20
2026-02-26T20:54:29.131Z [ODDS]  Draw: 8/5 → 13/8, Celta Vigo: 21/20 → 1/1
2026-02-26T20:55:06.117Z [ODDS]  Draw: 13/8 → 8/5, Celta Vigo: 1/1 → 21/20
2026-02-26T20:56:30.011Z [ODDS]  Draw: 8/5 → 13/8, Celta Vigo: 21/20 → 1/1
2026-02-26T20:58:30.427Z [ODDS]  Celta Vigo: 1/1 → 21/20
2026-02-26T20:59:25.002Z [ODDS]  Celta Vigo: 21/20 → 1/1
2026-02-26T21:02:43.902Z [ODDS]  Celta Vigo: 1/1 → 20/21
2026-02-26T21:02:49.327Z [ODDS]  Celta Vigo: 20/21 → 1/1
2026-02-26T21:03:19.132Z [ODDS]  Celta Vigo: 1/1 → 20/21
2026-02-26T21:03:31.704Z [ODDS]  Celta Vigo: 20/21 → 1/1
2026-02-26T21:04:28.097Z [ODDS]  Celta Vigo: 1/1 → 21/20
2026-02-26T21:04:40.265Z [ODDS]  Draw: 13/8 → 8/5
2026-02-26T21:06:25.343Z [ODDS]  Draw: 8/5 → 6/4
2026-02-26T21:06:56.464Z [ODDS]  Celta Vigo: 21/20 → 11/10
2026-02-26T21:06:58.266Z [ODDS]  Celta Vigo: 11/10 → 21/20
2026-02-26T21:07:00.974Z [ODDS]  Draw: 6/4 → 8/5
2026-02-26T21:07:40.661Z [ODDS]  Draw: 8/5 → 6/4
2026-02-26T21:08:01.407Z [ODDS]  Celta Vigo: 21/20 → 11/10
2026-02-26T21:08:08.473Z [ODDS]  PAOK Salonika: 5/1 → 9/2
2026-02-26T21:08:52.673Z [ODDS]  PAOK Salonika: 9/2 → 5/1
2026-02-26T21:09:53.108Z [ODDS]  Draw: 6/4 → 7/5, Celta Vigo: 21/20 → 11/10
2026-02-26T21:10:11.237Z [ODDS]  Celta Vigo: 11/10 → 21/20
2026-02-26T21:11:31.020Z [ODDS]  PAOK Salonika: 5/1 → 11/2, Draw: 7/5 → 11/8
2026-02-26T21:11:32.909Z [ODDS]  Draw: 11/8 → 7/5
2026-02-26T21:11:34.588Z [ODDS]  Draw: 7/5 → 11/8
2026-02-26T21:12:26.899Z [ODDS]  Celta Vigo: 21/20 → 11/10
2026-02-26T21:12:44.943Z [ODDS]  Draw: 11/8 → 13/10
2026-02-26T21:14:27.767Z [ODDS]  PAOK Salonika: 11/2 → 6/1, Celta Vigo: 11/10 → 21/20
2026-02-26T21:14:39.576Z [ODDS]  PAOK Salonika: 6/1 → 11/2, Celta Vigo: 21/20 → 11/10
2026-02-26T21:14:56.222Z [ODDS]  PAOK Salonika: 11/2 → 6/1
2026-02-26T21:15:15.124Z [ODDS]  Draw: 13/10 → 5/4
2026-02-26T21:15:27.302Z [ODDS]  PAOK Salonika: 6/1 → 13/2, Celta Vigo: 11/10 → 21/20
2026-02-26T21:15:35.542Z [ODDS]  PAOK Salonika: 13/2 → 6/1, Celta Vigo: 21/20 → 11/10
2026-02-26T21:15:59.787Z [ODDS]  PAOK Salonika: 6/1 → 13/2
2026-02-26T21:16:38.567Z [ODDS]  PAOK Salonika: 13/2 → 6/1, Draw: 5/4 → 6/5
2026-02-26T21:16:51.188Z [ODDS]  PAOK Salonika: 6/1 → 11/2, Celta Vigo: 11/10 → 6/5
2026-02-26T21:16:58.405Z [ODDS]  PAOK Salonika: 11/2 → 6/1
2026-02-26T21:17:00.208Z [ODDS]  PAOK Salonika: 6/1 → 11/2
2026-02-26T21:17:04.274Z [ODDS]  PAOK Salonika: 11/2 → 6/1
2026-02-26T21:17:36.311Z [ODDS]  PAOK Salonika: 6/1 → 11/2, Celta Vigo: 6/5 → 5/4
2026-02-26T21:18:21.424Z [ODDS]  Draw: 6/5 → 11/10
2026-02-26T21:19:08.295Z [ODDS]  Celta Vigo: 5/4 → 13/10
2026-02-26T21:19:44.374Z [ODDS]  PAOK Salonika: 11/2 → 6/1
2026-02-26T21:19:57.916Z [ODDS]  PAOK Salonika: 6/1 → 11/2, Draw: 11/10 → 21/20, Celta Vigo: 13/10 → 7/5
2026-02-26T21:20:06.485Z [ODDS]  PAOK Salonika: 11/2 → 25/1, Draw: 21/20 → 11/2, Celta Vigo: 7/5 → 1/7
2026-02-26T21:20:06.485Z [EVENT]  score: 1-0
2026-02-26T21:20:18.202Z [ODDS]  PAOK Salonika: 25/1 → 33/1, Draw: 11/2 → 6/1, Celta Vigo: 1/7 → 1/8
2026-02-26T21:20:31.764Z [ODDS]  Draw: 6/1 → 13/2, Celta Vigo: 1/8 → 1/9
2026-02-26T21:20:33.294Z [ODDS]  Draw: 13/2 → 6/1, Celta Vigo: 1/9 → 1/8
2026-02-26T21:20:50.680Z [ODDS]  PAOK Salonika: 33/1 → 28/1
2026-02-26T21:21:02.853Z [ODDS]  PAOK Salonika: 28/1 → 33/1
2026-02-26T21:21:20.173Z [ODDS]  PAOK Salonika: 33/1 → 28/1, Draw: 6/1 → 11/2
2026-02-26T21:21:28.109Z [ODDS]  Celta Vigo: 1/8 → 1/7
2026-02-26T21:21:43.893Z [ODDS]  PAOK Salonika: 28/1 → 33/1, Celta Vigo: 1/7 → 1/8
2026-02-26T21:22:06.896Z [ODDS]  PAOK Salonika: 33/1 → 28/1, Celta Vigo: 1/8 → 1/7
2026-02-26T21:22:25.408Z [ODDS]  PAOK Salonika: 28/1 → 33/1, Celta Vigo: 1/7 → 1/8
2026-02-26T21:22:40.269Z [ODDS]  Celta Vigo: 1/8 → 1/7
2026-02-26T21:22:41.623Z [ODDS]  Celta Vigo: 1/7 → 1/8
2026-02-26T21:23:14.548Z [ODDS]  PAOK Salonika: 33/1 → 40/1, Draw: 11/2 → 6/1
2026-02-26T21:23:26.730Z [ODDS]  PAOK Salonika: 40/1 → 33/1, Draw: 6/1 → 11/2
2026-02-26T21:23:58.764Z [ODDS]  PAOK Salonika: 33/1 → 40/1
2026-02-26T21:24:01.919Z [ODDS]  PAOK Salonika: 40/1 → 33/1
2026-02-26T21:24:09.591Z [ODDS]  PAOK Salonika: 33/1 → 40/1
2026-02-26T21:24:42.509Z [ODDS]  Draw: 11/2 → 6/1
2026-02-26T21:24:47.036Z [ODDS]  Celta Vigo: 1/8 → 1/9
2026-02-26T21:24:59.198Z [ODDS]  Celta Vigo: 1/9 → 1/8
2026-02-26T21:25:16.334Z [ODDS]  Celta Vigo: 1/8 → 1/9
2026-02-26T21:25:18.138Z [ODDS]  Draw: 6/1 → 13/2, Celta Vigo: 1/9 → 1/10
2026-02-26T21:26:23.537Z [ODDS]  Draw: 13/2 → 6/1, Celta Vigo: 1/10 → 1/9
2026-02-26T21:26:53.830Z [ODDS]  Celta Vigo: 1/9 → 1/10
2026-02-26T21:27:02.771Z [ODDS]  Celta Vigo: 1/10 → 1/9
2026-02-26T21:27:04.128Z [ODDS]  Draw: 6/1 → 13/2, Celta Vigo: 1/9 → 1/10
2026-02-26T21:27:05.938Z [ODDS]  Draw: 13/2 → 6/1, Celta Vigo: 1/10 → 1/9
2026-02-26T21:27:15.400Z [ODDS]  Celta Vigo: 1/9 → 1/10
2026-02-26T21:27:35.700Z [ODDS]  Draw: 6/1 → 11/2, Celta Vigo: 1/10 → 1/9
2026-02-26T21:27:37.048Z [ODDS]  Draw: 11/2 → 6/1
2026-02-26T21:27:53.734Z [ODDS]  Celta Vigo: 1/9 → 1/10
2026-02-26T21:28:23.050Z [ODDS]  Celta Vigo: 1/10 → 1/9
2026-02-26T21:28:32.976Z [ODDS]  PAOK Salonika: 40/1 → 50/1, Celta Vigo: 1/9 → 1/10
2026-02-26T21:28:36.582Z [ODDS]  PAOK Salonika: 50/1 → 40/1, Celta Vigo: 1/10 → 1/9
2026-02-26T21:29:25.741Z [ODDS]  Celta Vigo: 1/9 → 1/10
2026-02-26T21:29:29.799Z [ODDS]  Celta Vigo: 1/10 → 1/9
2026-02-26T21:29:33.859Z [ODDS]  PAOK Salonika: 40/1 → 50/1, Celta Vigo: 1/9 → 1/10
2026-02-26T21:29:39.273Z [ODDS]  PAOK Salonika: 50/1 → 40/1, Celta Vigo: 1/10 → 1/9
2026-02-26T21:29:51.900Z [ODDS]  PAOK Salonika: 40/1 → 50/1
2026-02-26T21:30:00.923Z [ODDS]  PAOK Salonika: 50/1 → 40/1
2026-02-26T21:30:12.207Z [ODDS]  PAOK Salonika: 40/1 → 50/1, Celta Vigo: 1/9 → 1/10
2026-02-26T21:30:24.926Z [ODDS]  Celta Vigo: 1/10 → 1/9
2026-02-26T21:31:13.535Z [ODDS]  Celta Vigo: 1/9 → 1/10
2026-02-26T21:31:56.380Z [ODDS]  Celta Vigo: 1/10 → 1/9
2026-02-26T21:31:59.157Z [ODDS]  Celta Vigo: 1/9 → 1/10
2026-02-26T21:32:14.502Z [ODDS]  Celta Vigo: 1/10 → 1/9
2026-02-26T21:32:31.569Z [ODDS]  Celta Vigo: 1/9 → 1/10
2026-02-26T21:32:40.587Z [ODDS]  Celta Vigo: 1/10 → 1/9
2026-02-26T21:32:46.440Z [ODDS]  Celta Vigo: 1/9 → 1/10
2026-02-26T21:32:51.436Z [ODDS]  Celta Vigo: 1/10 → 1/9
2026-02-26T21:32:59.519Z [ODDS]  Celta Vigo: 1/9 → 1/10
2026-02-26T21:33:01.327Z [ODDS]  Celta Vigo: 1/10 → 1/9
2026-02-26T21:33:09.920Z [ODDS]  Celta Vigo: 1/9 → 1/10
2026-02-26T21:33:49.157Z [ODDS]  Celta Vigo: 1/10 → 1/9
2026-02-26T21:34:52.273Z [ODDS]  Celta Vigo: 1/9 → 1/10
2026-02-26T21:35:22.942Z [ODDS]  Celta Vigo: 1/10 → 1/9
2026-02-26T21:35:40.530Z [ODDS]  Celta Vigo: 1/9 → 1/10
2026-02-26T21:35:57.220Z [ODDS]  Draw: 6/1 → 13/2, Celta Vigo: 1/10 → 1/11
2026-02-26T21:36:03.992Z [ODDS]  PAOK Salonika: 50/1 → 66/1, Draw: 13/2 → 7/1, Celta Vigo: 1/11 → 1/12
2026-02-26T21:36:32.395Z [ODDS]  PAOK Salonika: 66/1 → 50/1, Draw: 7/1 → 13/2
2026-02-26T21:36:37.809Z [ODDS]  Draw: 13/2 → 7/1
2026-02-26T21:36:40.519Z [ODDS]  PAOK Salonika: 50/1 → 66/1
2026-02-26T21:36:42.323Z [ODDS]  PAOK Salonika: 66/1 → 50/1
2026-02-26T21:36:44.122Z [ODDS]  PAOK Salonika: 50/1 → 66/1
2026-02-26T21:37:20.653Z [ODDS]  PAOK Salonika: 66/1 → 50/1, Draw: 7/1 → 13/2
2026-02-26T21:37:25.624Z [ODDS]  PAOK Salonika: 50/1 → 66/1, Draw: 13/2 → 7/1
2026-02-26T21:38:09.671Z [ODDS]  Draw: 7/1 → 15/2, Celta Vigo: 1/12 → 1/14
2026-02-26T21:38:29.068Z [ODDS]  PAOK Salonika: 66/1 → 80/1, Draw: 15/2 → 8/1
2026-02-26T21:38:58.834Z [ODDS]  Draw: 8/1 → 9/1, Celta Vigo: 1/14 → 1/16
2026-02-26T21:39:03.808Z [ODDS]  Draw: 9/1 → 8/1, Celta Vigo: 1/16 → 1/14
2026-02-26T21:39:06.503Z [ODDS]  Draw: 8/1 → 9/1, Celta Vigo: 1/14 → 1/16
2026-02-26T21:39:08.306Z [ODDS]  Draw: 9/1 → 8/1, Celta Vigo: 1/16 → 1/14
2026-02-26T21:39:10.110Z [ODDS]  Draw: 8/1 → 9/1, Celta Vigo: 1/14 → 1/16
2026-02-26T21:39:27.252Z [ODDS]  PAOK Salonika: 80/1 → 100/1
2026-02-26T21:39:43.484Z [ODDS]  PAOK Salonika: 100/1 → 80/1
2026-02-26T21:39:45.288Z [ODDS]  Draw: 9/1 → 15/2, Celta Vigo: 1/16 → 1/14
2026-02-26T21:39:54.309Z [ODDS]  Draw: 15/2 → 8/1
2026-02-26T21:40:41.665Z [ODDS]  PAOK Salonika: 80/1 → 100/1, Draw: 8/1 → 9/1, Celta Vigo: 1/14 → 1/16
2026-02-26T21:41:42.552Z [ODDS]  PAOK Salonika: 100/1 → 125/1
2026-02-26T21:41:52.472Z [ODDS]  PAOK Salonika: 125/1 → 100/1
2026-02-26T21:41:56.080Z [ODDS]  PAOK Salonika: 100/1 → 125/1
2026-02-26T21:42:05.552Z [ODDS]  Draw: 9/1 → 10/1, Celta Vigo: 1/16 → 1/20
2026-02-26T21:42:21.346Z [ODDS]  PAOK Salonika: 125/1 → 150/1
2026-02-26T21:43:24.478Z [ODDS]  Draw: 10/1 → 12/1, Celta Vigo: 1/20 → 1/25
2026-02-26T21:44:24.490Z [ODDS]  PAOK Salonika: 150/1 → 200/1
2026-02-26T21:45:23.992Z [ODDS]  Celta Vigo: 1/25 → 1/28
2026-02-26T21:45:42.486Z [ODDS]  PAOK Salonika: 200/1 → 250/1
2026-02-26T21:45:52.857Z [ODDS]  Draw: 12/1 → 14/1, Celta Vigo: 1/28 → 1/33
2026-02-26T21:46:33.902Z [ODDS]  PAOK Salonika: 250/1 → 300/1
2026-02-26T21:47:05.924Z [ODDS]  Draw: 14/1 → 16/1, Celta Vigo: 1/33 → 1/40
2026-02-26T21:47:15.445Z [ODDS]  PAOK Salonika: 300/1 → 350/1
2026-02-26T21:47:32.531Z [ODDS]  PAOK Salonika: 350/1 → 500/1, Draw: 16/1 → 20/1, Celta Vigo: 1/40 → 1/66
2026-02-26T21:48:14.038Z [ODDS]  Draw: 20/1 → 22/1, Celta Vigo: 1/66 → 1/80
2026-02-26T21:48:49.658Z [ODDS]  Draw: 22/1 → 25/1, Celta Vigo: 1/80 → 1/100
2026-02-26T21:49:08.599Z [ODDS]  Celta Vigo: 1/100 → 1/125
2026-02-26T21:49:27.991Z [ODDS]  Draw: 25/1 → 28/1, Celta Vigo: 1/125 → 1/150
2026-02-26T21:49:51.920Z [ODDS]  Draw: 28/1 → 40/1, Celta Vigo: 1/150 → 1/200
