2026-02-27T02:09:23.071Z [ODDS]  CD Walter Ferretti: 8/11 → 4/6
2026-02-27T02:09:24.423Z [ODDS]  CD Walter Ferretti: 4/6 → 8/11
2026-02-27T02:10:32.526Z [ODDS]  UNAN Managua: 3/1 → 11/4
2026-02-27T02:10:41.094Z [ODDS]  UNAN Managua: 11/4 → 3/1
2026-02-27T02:10:41.996Z [ODDS]  UNAN Managua: 3/1 → 11/4
2026-02-27T02:10:48.762Z [ODDS]  UNAN Managua: 11/4 → 3/1
2026-02-27T02:12:43.316Z [ODDS]  Draw: 3/1 → 11/4
2026-02-27T02:12:50.983Z [ODDS]  UNAN Managua: 3/1 → 11/4
2026-02-27T02:13:26.613Z [ODDS]  UNAN Managua: 11/4 → 3/1
2026-02-27T02:13:27.514Z [ODDS]  Draw: 11/4 → 3/1
2026-02-27T02:14:28.400Z [ODDS]  Draw: 3/1 → 11/4
2026-02-27T02:15:59.512Z [ODDS]  CD Walter Ferretti: 8/11 → 4/5
2026-02-27T02:17:02.645Z [ODDS]  CD Walter Ferretti: 4/5 → 8/11
2026-02-27T02:17:11.215Z [ODDS]  UNAN Managua: 3/1 → 11/4, CD Walter Ferretti: 8/11 → 4/5
2026-02-27T02:17:56.314Z [ODDS]  UNAN Managua: 11/4 → 13/5, Draw: 11/4 → 13/5, CD Walter Ferretti: 4/5 → 5/6
2026-02-27T02:18:34.199Z [ODDS]  UNAN Managua: 13/5 → 11/4
2026-02-27T02:20:10.717Z [ODDS]  UNAN Managua: 11/4 → 3/1, CD Walter Ferretti: 5/6 → 4/5
2026-02-27T02:20:57.622Z [ODDS]  Draw: 13/5 → 5/2
2026-02-27T02:21:07.995Z [ODDS]  UNAN Managua: 3/1 → 15/2, Draw: 5/2 → 5/1, CD Walter Ferretti: 4/5 → 2/9
2026-02-27T02:21:07.995Z [EVENT]  score: 1-0
2026-02-27T02:21:26.487Z [ODDS]  UNAN Managua: 15/2 → 7/1, Draw: 5/1 → 9/2, CD Walter Ferretti: 2/9 → 2/7
2026-02-27T02:21:40.017Z [ODDS]  CD Walter Ferretti: 2/7 → 1/4
2026-02-27T02:24:09.751Z [ODDS]  UNAN Managua: 7/1 → 15/2
2026-02-27T02:24:34.105Z [ODDS]  UNAN Managua: 15/2 → 7/1
2026-02-27T02:25:02.068Z [ODDS]  UNAN Managua: 7/1 → 15/2
2026-02-27T02:27:34.061Z [ODDS]  CD Walter Ferretti: 1/4 → 2/9
2026-02-27T02:27:53.453Z [ODDS]  CD Walter Ferretti: 2/9 → 1/4
2026-02-27T02:28:10.591Z [ODDS]  UNAN Managua: 15/2 → 8/1, CD Walter Ferretti: 1/4 → 2/9
2026-02-27T02:28:29.987Z [ODDS]  UNAN Managua: 8/1 → 15/2, CD Walter Ferretti: 2/9 → 1/4
2026-02-27T02:28:34.046Z [ODDS]  CD Walter Ferretti: 1/4 → 2/9
2026-02-27T02:28:37.654Z [ODDS]  UNAN Managua: 15/2 → 8/1
2026-02-27T02:28:43.518Z [ODDS]  UNAN Managua: 8/1 → 15/2, CD Walter Ferretti: 2/9 → 1/4
2026-02-27T02:28:58.415Z [ODDS]  UNAN Managua: 15/2 → 8/1, CD Walter Ferretti: 1/4 → 2/9
2026-02-27T02:29:12.381Z [ODDS]  Draw: 9/2 → 5/1
2026-02-27T02:29:40.343Z [ODDS]  Draw: 5/1 → 9/2
2026-02-27T02:30:49.805Z [ODDS]  UNAN Managua: 8/1 → 15/2
2026-02-27T02:30:50.707Z [ODDS]  UNAN Managua: 15/2 → 8/1
2026-02-27T02:31:06.491Z [ODDS]  Draw: 9/2 → 5/1
2026-02-27T02:31:57.457Z [ODDS]  Draw: 5/1 → 9/2
2026-02-27T02:32:54.283Z [ODDS]  UNAN Managua: 8/1 → 17/2, Draw: 9/2 → 5/1
2026-02-27T02:33:23.597Z [ODDS]  CD Walter Ferretti: 2/9 → 1/5
2026-02-27T02:33:41.640Z [ODDS]  Draw: 5/1 → 9/2, CD Walter Ferretti: 1/5 → 2/9
2026-02-27T02:34:40.719Z [ODDS]  UNAN Managua: 17/2 → 8/1
2026-02-27T02:34:42.073Z [ODDS]  UNAN Managua: 8/1 → 17/2
2026-02-27T02:37:03.239Z [ODDS]  UNAN Managua: 17/2 → 8/1
2026-02-27T02:37:05.043Z [ODDS]  UNAN Managua: 8/1 → 17/2
2026-02-27T02:38:23.517Z [ODDS]  UNAN Managua: 17/2 → 8/1
2026-02-27T02:38:37.897Z [ODDS]  UNAN Managua: 8/1 → 17/2
2026-02-27T02:38:46.015Z [ODDS]  UNAN Managua: 17/2 → 8/1, CD Walter Ferretti: 2/9 → 1/4
2026-02-27T02:39:03.604Z [ODDS]  UNAN Managua: 8/1 → 17/2, CD Walter Ferretti: 1/4 → 2/9
2026-02-27T02:41:24.771Z [ODDS]  UNAN Managua: 17/2 → 8/1, Draw: 9/2 → 4/1, CD Walter Ferretti: 2/9 → 1/4
2026-02-27T02:44:03.975Z [ODDS]  UNAN Managua: 8/1 → 17/2
2026-02-27T02:46:58.547Z [ODDS]  UNAN Managua: 17/2 → 9/1, Draw: 4/1 → 9/2, CD Walter Ferretti: 1/4 → 2/9
2026-02-27T02:48:09.335Z [ODDS]  Draw: 9/2 → 4/1
2026-02-27T02:48:26.473Z [ODDS]  Draw: 4/1 → 9/2
2026-02-27T02:50:24.184Z [ODDS]  UNAN Managua: 9/1 → 10/1, CD Walter Ferretti: 2/9 → 1/5
2026-02-27T02:53:55.711Z [ODDS]  UNAN Managua: 10/1 → 9/1, Draw: 9/2 → 4/1, CD Walter Ferretti: 1/5 → 2/9
2026-02-27T02:54:07.437Z [ODDS]  CD Walter Ferretti: 2/9 → 1/4
2026-02-27T02:58:08.274Z [ODDS]  UNAN Managua: 9/1 → 10/1, Draw: 4/1 → 9/2, CD Walter Ferretti: 1/4 → 1/5
2026-02-27T03:06:00.036Z [ODDS]  UNAN Managua: 10/1 → 9/1, CD Walter Ferretti: 1/5 → 2/9
2026-02-27T03:06:26.193Z [ODDS]  UNAN Managua: 9/1 → 10/1, CD Walter Ferretti: 2/9 → 1/5
2026-02-27T03:07:44.218Z [ODDS]  CD Walter Ferretti: 1/5 → 2/9
2026-02-27T03:07:54.589Z [ODDS]  CD Walter Ferretti: 2/9 → 1/5
2026-02-27T03:08:18.500Z [ODDS]  CD Walter Ferretti: 1/5 → 2/9
2026-02-27T03:08:38.441Z [ODDS]  CD Walter Ferretti: 2/9 → 1/5
2026-02-27T03:09:39.318Z [ODDS]  UNAN Managua: 10/1 → 11/1, CD Walter Ferretti: 1/5 → 2/11
2026-02-27T03:09:46.538Z [ODDS]  UNAN Managua: 11/1 → 10/1, CD Walter Ferretti: 2/11 → 1/5
2026-02-27T03:09:47.048Z [ODDS]  UNAN Managua: 10/1 → 11/1, CD Walter Ferretti: 1/5 → 2/11
2026-02-27T03:10:07.281Z [ODDS]  UNAN Managua: 11/1 → 10/1, CD Walter Ferretti: 2/11 → 1/5
2026-02-27T03:10:08.285Z [ODDS]  UNAN Managua: 10/1 → 11/1, CD Walter Ferretti: 1/5 → 2/11
2026-02-27T03:10:18.206Z [ODDS]  UNAN Managua: 11/1 → 10/1, CD Walter Ferretti: 2/11 → 1/5
2026-02-27T03:11:06.027Z [ODDS]  CD Walter Ferretti: 1/5 → 2/9
2026-02-27T03:11:16.393Z [ODDS]  CD Walter Ferretti: 2/9 → 1/5
2026-02-27T03:11:37.131Z [ODDS]  UNAN Managua: 10/1 → 11/1
2026-02-27T03:12:35.762Z [ODDS]  CD Walter Ferretti: 1/5 → 2/11
2026-02-27T03:13:06.430Z [ODDS]  UNAN Managua: 11/1 → 12/1, CD Walter Ferretti: 2/11 → 1/6
2026-02-27T03:13:08.235Z [ODDS]  CD Walter Ferretti: 1/6 → 2/11
2026-02-27T03:13:37.999Z [ODDS]  CD Walter Ferretti: 2/11 → 1/6
2026-02-27T03:14:16.787Z [ODDS]  CD Walter Ferretti: 1/6 → 2/11
2026-02-27T03:14:22.649Z [ODDS]  CD Walter Ferretti: 2/11 → 1/6
2026-02-27T03:14:31.218Z [ODDS]  Draw: 9/2 → 5/1
2026-02-27T03:14:33.925Z [ODDS]  Draw: 5/1 → 9/2
2026-02-27T03:16:22.169Z [ODDS]  UNAN Managua: 12/1 → 14/1, Draw: 9/2 → 5/1, CD Walter Ferretti: 1/6 → 1/7
2026-02-27T03:16:43.370Z [ODDS]  UNAN Managua: 14/1 → 28/1, Draw: 5/1 → 16/1, CD Walter Ferretti: 1/7 → 1/40
2026-02-27T03:16:43.370Z [EVENT]  score: 2-0
2026-02-27T03:17:05.925Z [ODDS]  Draw: 16/1 → 14/1, CD Walter Ferretti: 1/40 → 1/33
2026-02-27T03:17:28.021Z [ODDS]  Draw: 14/1 → 16/1, CD Walter Ferretti: 1/33 → 1/40
2026-02-27T03:17:37.494Z [ODDS]  Draw: 16/1 → 14/1, CD Walter Ferretti: 1/40 → 1/33
2026-02-27T03:17:43.807Z [ODDS]  Draw: 14/1 → 16/1, CD Walter Ferretti: 1/33 → 1/40
2026-02-27T03:18:23.946Z [ODDS]  Draw: 16/1 → 14/1, CD Walter Ferretti: 1/40 → 1/33
2026-02-27T03:18:42.437Z [ODDS]  Draw: 14/1 → 16/1, CD Walter Ferretti: 1/33 → 1/40
2026-02-27T03:21:34.269Z [ODDS]  Draw: 16/1 → 18/1, CD Walter Ferretti: 1/40 → 1/50
2026-02-27T03:22:01.785Z [ODDS]  Draw: 18/1 → 16/1, CD Walter Ferretti: 1/50 → 1/40
2026-02-27T03:22:17.153Z [ODDS]  Draw: 16/1 → 18/1, CD Walter Ferretti: 1/40 → 1/50
2026-02-27T03:23:16.200Z [ODDS]  Draw: 18/1 → 16/1, CD Walter Ferretti: 1/50 → 1/40
2026-02-27T03:24:16.185Z [ODDS]  Draw: 16/1 → 18/1, CD Walter Ferretti: 1/40 → 1/50
2026-02-27T03:25:18.880Z [ODDS]  UNAN Managua: 28/1 → 33/1
2026-02-27T03:28:48.724Z [EVENT]  score: 3-0
2026-02-27T03:28:50.981Z [EVENT]  score: 2-0
