2026-02-26T20:50:26.481Z [ODDS]  PSG (Lucas): 10/3 → 7/2
2026-02-26T20:50:50.833Z [ODDS]  Draw: 11/4 → 13/5
2026-02-26T20:50:51.753Z [ODDS]  PSG (Lucas): 7/2 → 15/4
2026-02-26T20:51:20.599Z [ODDS]  Real Madrid (Klaus): 8/13 → 4/7, PSG (Lucas): 15/4 → 4/1
2026-02-26T20:52:02.109Z [ODDS]  Draw: 13/5 → 5/2, PSG (Lucas): 4/1 → 9/2
2026-02-26T20:52:41.345Z [ODDS]  Real Madrid (Klaus): 4/7 → 8/15
2026-02-26T20:52:54.423Z [ODDS]  PSG (Lucas): 9/2 → 5/1
2026-02-26T20:53:21.030Z [ODDS]  Real Madrid (Klaus): 8/15 → 1/2, Draw: 5/2 → 12/5, PSG (Lucas): 5/1 → 11/2
2026-02-26T20:53:44.483Z [ODDS]  PSG (Lucas): 11/2 → 6/1
2026-02-26T20:54:01.169Z [ODDS]  Real Madrid (Klaus): 1/2 → 4/9
2026-02-26T20:54:07.482Z [ODDS]  PSG (Lucas): 6/1 → 13/2
2026-02-26T20:54:39.052Z [ODDS]  PSG (Lucas): 13/2 → 7/1
2026-02-26T20:54:46.274Z [ODDS]  Real Madrid (Klaus): 4/9 → 2/5
2026-02-26T20:54:53.943Z [ODDS]  Draw: 12/5 → 5/2, PSG (Lucas): 7/1 → 15/2
2026-02-26T20:55:07.922Z [ODDS]  PSG (Lucas): 15/2 → 8/1
2026-02-26T20:55:12.432Z [ODDS]  Real Madrid (Klaus): 2/5 → 4/11
2026-02-26T20:55:19.648Z [ODDS]  PSG (Lucas): 8/1 → 17/2
2026-02-26T20:55:39.042Z [ODDS]  Real Madrid (Klaus): 4/11 → 1/3, Draw: 5/2 → 13/5, PSG (Lucas): 17/2 → 9/1
2026-02-26T20:55:52.124Z [ODDS]  PSG (Lucas): 9/1 → 10/1
2026-02-26T20:55:54.838Z [ODDS]  Real Madrid (Klaus): 1/3 → 3/10
2026-02-26T20:56:03.398Z [ODDS]  Draw: 13/5 → 11/4, PSG (Lucas): 10/1 → 11/1
2026-02-26T20:56:12.870Z [ODDS]  Real Madrid (Klaus): 3/10 → 2/7
2026-02-26T20:56:17.381Z [ODDS]  PSG (Lucas): 11/1 → 12/1
2026-02-26T20:56:24.596Z [ODDS]  Real Madrid (Klaus): 2/7 → 1/4
2026-02-26T20:56:27.305Z [ODDS]  PSG (Lucas): 12/1 → 14/1
2026-02-26T20:56:29.556Z [ODDS]  Draw: 11/4 → 3/1
2026-02-26T20:56:37.675Z [ODDS]  Real Madrid (Klaus): 1/4 → 2/9
2026-02-26T20:56:40.382Z [ODDS]  PSG (Lucas): 14/1 → 16/1
2026-02-26T20:56:54.823Z [ODDS]  Real Madrid (Klaus): 2/9 → 1/5, Draw: 3/1 → 10/3, PSG (Lucas): 16/1 → 18/1
2026-02-26T20:56:58.421Z [ODDS]  PSG (Lucas): 18/1 → 20/1
2026-02-26T20:57:11.500Z [ODDS]  Real Madrid (Klaus): 1/5 → 2/11, Draw: 10/3 → 7/2, PSG (Lucas): 20/1 → 22/1
2026-02-26T20:57:17.827Z [ODDS]  PSG (Lucas): 22/1 → 25/1
2026-02-26T20:57:24.580Z [ODDS]  Real Madrid (Klaus): 2/11 → 1/6, Draw: 7/2 → 4/1
2026-02-26T20:57:27.737Z [ODDS]  PSG (Lucas): 25/1 → 28/1
2026-02-26T20:57:39.913Z [ODDS]  Real Madrid (Klaus): 1/6 → 1/7, Draw: 4/1 → 9/2, PSG (Lucas): 28/1 → 33/1
2026-02-26T20:57:46.680Z [ODDS]  Real Madrid (Klaus): 1/7 → 1/8, Draw: 9/2 → 5/1, PSG (Lucas): 33/1 → 40/1
2026-02-26T20:57:56.602Z [EVENT]  score: 1-1
2026-02-26T20:58:31.780Z [EVENT]  score: 2-1
