2026-02-26T21:08:22.904Z [ODDS]  Barcelona (Kolesya): 10/11 → 20/21, Draw: 12/5 → 9/4
2026-02-26T21:08:33.278Z [ODDS]  Barcelona (Kolesya): 20/21 → 1/1, Draw: 9/4 → 11/5
2026-02-26T21:08:43.650Z [ODDS]  Draw: 11/5 → 21/10
2026-02-26T21:08:53.573Z [ODDS]  Barcelona (Kolesya): 1/1 → 21/20
2026-02-26T21:08:59.886Z [ODDS]  Barcelona (Kolesya): 21/20 → 1/3, Draw: 21/10 → 10/3, Liverpool (Andrew): 12/5 → 13/2
2026-02-26T21:08:59.886Z [EVENT]  score: 1-2
2026-02-26T21:09:20.185Z [ODDS]  Barcelona (Kolesya): 1/3 → 3/10, Liverpool (Andrew): 13/2 → 7/1
2026-02-26T21:09:58.522Z [ODDS]  Liverpool (Andrew): 7/1 → 15/2
2026-02-26T21:10:08.903Z [ODDS]  Barcelona (Kolesya): 3/10 → 2/7, Liverpool (Andrew): 15/2 → 8/1
2026-02-26T21:10:16.559Z [ODDS]  Barcelona (Kolesya): 2/7 → 13/10, Draw: 10/3 → 6/4, Liverpool (Andrew): 8/1 → 13/5
2026-02-26T21:10:16.559Z [EVENT]  score: 2-2
2026-02-26T21:10:26.940Z [ODDS]  Barcelona (Kolesya): 13/10 → 11/8
2026-02-26T21:10:36.407Z [ODDS]  Barcelona (Kolesya): 11/8 → 13/10, Barcelona (Kolesya): 13/10 → 2/7, Draw: 6/4 → 10/3, Liverpool (Andrew): 13/5 → 8/1
2026-02-26T21:10:36.407Z [EVENT]  score: 2-3
2026-02-26T21:10:36.407Z [ODDS]  Barcelona (Kolesya): 2/7 → 13/10, Barcelona (Kolesya): 13/10 → 2/7
2026-02-26T21:10:46.777Z [ODDS]  Liverpool (Andrew): 8/1 → 17/2
2026-02-26T21:10:57.157Z [ODDS]  Barcelona (Kolesya): 2/7 → 1/4, Liverpool (Andrew): 17/2 → 9/1
2026-02-26T21:11:07.527Z [ODDS]  Barcelona (Kolesya): 1/4 → 2/9, Draw: 10/3 → 7/2, Liverpool (Andrew): 9/1 → 10/1
2026-02-26T21:11:17.472Z [ODDS]  Liverpool (Andrew): 10/1 → 11/1
2026-02-26T21:11:27.904Z [ODDS]  Barcelona (Kolesya): 2/9 → 1/5, Draw: 7/2 → 15/4, Liverpool (Andrew): 11/1 → 12/1
2026-02-26T21:11:38.202Z [ODDS]  Barcelona (Kolesya): 1/5 → 1/6, Liverpool (Andrew): 12/1 → 14/1
2026-02-26T21:11:48.121Z [ODDS]  Draw: 15/4 → 4/1, Liverpool (Andrew): 14/1 → 16/1
2026-02-26T21:12:37.721Z [EVENT]  score: 3-3
