2026-02-27T00:39:44.639Z [ODDS]  Always Ready: 8/5 → 6/4
2026-02-27T00:39:59.992Z [ODDS]  Club Aurora: 7/4 → 15/8
2026-02-27T00:40:18.015Z [ODDS]  Draw: 11/5 → 21/10
2026-02-27T00:40:31.548Z [ODDS]  Draw: 21/10 → 11/5
2026-02-27T00:40:52.747Z [ODDS]  Draw: 11/5 → 21/10
2026-02-27T00:41:04.472Z [ODDS]  Always Ready: 6/4 → 7/5, Club Aurora: 15/8 → 2/1
2026-02-27T00:41:05.377Z [ODDS]  Draw: 21/10 → 11/5
2026-02-27T00:41:10.787Z [ODDS]  Draw: 11/5 → 21/10
2026-02-27T00:42:12.575Z [ODDS]  Always Ready: 7/5 → 11/8, Club Aurora: 2/1 → 21/10
2026-02-27T00:42:13.524Z [ODDS]  Always Ready: 11/8 → 7/5, Club Aurora: 21/10 → 2/1
2026-02-27T00:42:23.865Z [ODDS]  Always Ready: 7/5 → 11/8, Club Aurora: 2/1 → 21/10
2026-02-27T00:42:41.070Z [ODDS]  Always Ready: 11/8 → 13/10
2026-02-27T00:42:50.022Z [ODDS]  Always Ready: 13/10 → 11/8
2026-02-27T00:44:05.347Z [ODDS]  Always Ready: 11/8 → 7/5, Club Aurora: 21/10 → 2/1
2026-02-27T00:44:22.918Z [ODDS]  Draw: 21/10 → 2/1, Club Aurora: 2/1 → 21/10
2026-02-27T00:44:34.645Z [ODDS]  Always Ready: 7/5 → 11/8, Draw: 2/1 → 21/10
2026-02-27T00:44:38.730Z [ODDS]  Always Ready: 11/8 → 7/5, Draw: 21/10 → 2/1
2026-02-27T00:44:42.825Z [ODDS]  Always Ready: 7/5 → 6/4, Draw: 2/1 → 21/10, Club Aurora: 21/10 → 2/1
2026-02-27T00:44:51.331Z [ODDS]  Draw: 21/10 → 2/1
2026-02-27T00:44:52.685Z [ODDS]  Draw: 2/1 → 21/10
2026-02-27T00:45:02.606Z [ODDS]  Draw: 21/10 → 2/1
2026-02-27T00:46:21.081Z [ODDS]  Always Ready: 6/4 → 8/5, Club Aurora: 2/1 → 15/8
2026-02-27T00:46:39.120Z [ODDS]  Always Ready: 8/5 → 6/4, Club Aurora: 15/8 → 2/1
2026-02-27T00:47:35.949Z [ODDS]  Club Aurora: 2/1 → 21/10
2026-02-27T00:47:40.010Z [ODDS]  Club Aurora: 21/10 → 2/1
2026-02-27T00:48:58.480Z [ODDS]  Club Aurora: 2/1 → 15/8
2026-02-27T00:49:48.091Z [ODDS]  Always Ready: 6/4 → 8/5
2026-02-27T00:50:34.546Z [ODDS]  Always Ready: 8/5 → 6/4, Club Aurora: 15/8 → 2/1
2026-02-27T00:50:42.212Z [ODDS]  Always Ready: 6/4 → 8/5, Club Aurora: 2/1 → 15/8
2026-02-27T00:53:06.086Z [ODDS]  Always Ready: 8/5 → 6/4
2026-02-27T00:53:38.106Z [ODDS]  Draw: 2/1 → 21/10
2026-02-27T00:55:12.373Z [ODDS]  Always Ready: 6/4 → 8/5, Club Aurora: 15/8 → 7/4
2026-02-27T01:03:47.416Z [ODDS]  Club Aurora: 7/4 → 15/8
2026-02-27T01:03:49.221Z [ODDS]  Club Aurora: 15/8 → 7/4
2026-02-27T01:04:46.497Z [ODDS]  Club Aurora: 7/4 → 15/8
2026-02-27T01:05:27.539Z [ODDS]  Club Aurora: 15/8 → 7/4
2026-02-27T01:05:31.597Z [ODDS]  Always Ready: 8/5 → 13/8
2026-02-27T01:07:06.314Z [ODDS]  Always Ready: 13/8 → 7/4
2026-02-27T01:08:36.370Z [ODDS]  Draw: 21/10 → 2/1
2026-02-27T01:08:55.761Z [ODDS]  Club Aurora: 7/4 → 13/8
2026-02-27T01:09:13.806Z [ODDS]  Always Ready: 7/4 → 13/8, Club Aurora: 13/8 → 7/4
2026-02-27T01:09:53.042Z [ODDS]  Draw: 2/1 → 15/8
2026-02-27T01:10:18.749Z [ODDS]  Always Ready: 13/8 → 7/4
2026-02-27T01:11:18.282Z [ODDS]  Club Aurora: 7/4 → 15/8
2026-02-27T01:13:15.093Z [ODDS]  Club Aurora: 15/8 → 7/4
2026-02-27T01:13:48.020Z [ODDS]  Always Ready: 7/4 → 13/8, Club Aurora: 7/4 → 15/8
2026-02-27T01:14:31.315Z [ODDS]  Always Ready: 13/8 → 7/4
2026-02-27T01:14:34.020Z [ODDS]  Always Ready: 7/4 → 15/8, Club Aurora: 15/8 → 7/4
2026-02-27T01:14:50.708Z [ODDS]  Draw: 15/8 → 7/4
2026-02-27T01:14:54.766Z [ODDS]  Always Ready: 15/8 → 7/4
2026-02-27T01:14:58.374Z [ODDS]  Club Aurora: 7/4 → 15/8
2026-02-27T01:15:15.062Z [ODDS]  Club Aurora: 15/8 → 7/4
2026-02-27T01:15:21.377Z [ODDS]  Always Ready: 7/4 → 15/8, Club Aurora: 7/4 → 15/8
2026-02-27T01:16:31.732Z [ODDS]  Always Ready: 15/8 → 7/4
2026-02-27T01:16:51.575Z [ODDS]  Always Ready: 7/4 → 15/8
2026-02-27T01:17:37.128Z [ODDS]  Always Ready: 15/8 → 7/4
2026-02-27T01:18:05.991Z [ODDS]  Always Ready: 7/4 → 13/8, Club Aurora: 15/8 → 2/1
2026-02-27T01:18:43.876Z [ODDS]  Always Ready: 13/8 → 7/4
2026-02-27T01:19:24.015Z [ODDS]  Always Ready: 7/4 → 15/8, Draw: 7/4 → 13/8, Club Aurora: 2/1 → 15/8
2026-02-27T01:19:27.171Z [ODDS]  Draw: 13/8 → 8/5
2026-02-27T01:19:28.524Z [ODDS]  Draw: 8/5 → 13/8, Club Aurora: 15/8 → 2/1
2026-02-27T01:20:12.722Z [ODDS]  Club Aurora: 2/1 → 15/8
2026-02-27T01:20:30.311Z [ODDS]  Draw: 13/8 → 8/5, Club Aurora: 15/8 → 2/1
2026-02-27T01:21:06.394Z [ODDS]  Draw: 8/5 → 6/4
2026-02-27T01:22:00.511Z [ODDS]  Club Aurora: 2/1 → 21/10
2026-02-27T01:22:21.708Z [ODDS]  Always Ready: 15/8 → 2/1, Club Aurora: 21/10 → 2/1
2026-02-27T01:22:37.494Z [ODDS]  Club Aurora: 2/1 → 21/10
2026-02-27T01:23:08.614Z [ODDS]  Club Aurora: 21/10 → 2/1
2026-02-27T01:23:45.596Z [ODDS]  Draw: 6/4 → 7/5, Club Aurora: 2/1 → 21/10
2026-02-27T01:24:06.341Z [ODDS]  Club Aurora: 21/10 → 2/1
2026-02-27T01:24:38.362Z [ODDS]  Club Aurora: 2/1 → 21/10
2026-02-27T01:24:55.503Z [ODDS]  Draw: 7/5 → 11/8
2026-02-27T01:24:57.306Z [ODDS]  Always Ready: 2/1 → 15/8, Draw: 11/8 → 7/5, Club Aurora: 21/10 → 11/5
2026-02-27T01:24:59.560Z [ODDS]  Always Ready: 15/8 → 2/1, Draw: 7/5 → 11/8, Club Aurora: 11/5 → 21/10
2026-02-27T01:25:06.778Z [ODDS]  Draw: 11/8 → 7/5, Club Aurora: 21/10 → 11/5
2026-02-27T01:25:19.857Z [ODDS]  Draw: 7/5 → 11/8
2026-02-27T01:25:34.289Z [ODDS]  Always Ready: 2/1 → 15/8, Club Aurora: 11/5 → 9/4
2026-02-27T01:25:38.347Z [ODDS]  Always Ready: 15/8 → 1/3, Draw: 11/8 → 10/3, Club Aurora: 9/4 → 17/2
2026-02-27T01:25:38.347Z [EVENT]  score: 1-2
2026-02-27T01:25:55.034Z [ODDS]  Always Ready: 1/3 → 4/11, Draw: 10/3 → 3/1, Club Aurora: 17/2 → 15/2
2026-02-27T01:26:38.781Z [ODDS]  Club Aurora: 15/2 → 8/1
2026-02-27T01:27:09.452Z [ODDS]  Draw: 3/1 → 10/3
2026-02-27T01:27:13.970Z [ODDS]  Draw: 10/3 → 3/1
2026-02-27T01:28:20.714Z [ODDS]  Draw: 3/1 → 10/3, Club Aurora: 8/1 → 17/2
2026-02-27T01:28:37.854Z [ODDS]  Draw: 10/3 → 3/1, Club Aurora: 17/2 → 8/1
2026-02-27T01:28:40.105Z [ODDS]  Draw: 3/1 → 10/3, Club Aurora: 8/1 → 17/2
2026-02-27T01:28:47.338Z [ODDS]  Always Ready: 4/11 → 1/3
2026-02-27T01:29:38.737Z [ODDS]  Club Aurora: 17/2 → 9/1
2026-02-27T01:31:04.878Z [ODDS]  Draw: 10/3 → 3/1
2026-02-27T01:31:13.899Z [ODDS]  Draw: 3/1 → 10/3
2026-02-27T01:31:15.254Z [ODDS]  Always Ready: 1/3 → 3/10, Club Aurora: 9/1 → 10/1
2026-02-27T01:32:08.471Z [ODDS]  Always Ready: 3/10 → 2/7, Draw: 10/3 → 7/2
2026-02-27T01:32:28.313Z [ODDS]  Club Aurora: 10/1 → 11/1
2026-02-27T01:33:03.494Z [ODDS]  Always Ready: 2/7 → 3/10, Draw: 7/2 → 10/3, Club Aurora: 11/1 → 10/1
2026-02-27T01:33:33.257Z [ODDS]  Always Ready: 3/10 → 2/7, Draw: 10/3 → 7/2
2026-02-27T01:33:35.512Z [ODDS]  Always Ready: 2/7 → 1/3, Draw: 7/2 → 10/3
2026-02-27T01:33:41.826Z [ODDS]  Always Ready: 1/3 → 3/10
2026-02-27T01:33:55.807Z [ODDS]  Club Aurora: 10/1 → 11/1
2026-02-27T01:33:57.611Z [ODDS]  Club Aurora: 11/1 → 10/1
2026-02-27T01:34:15.205Z [ODDS]  Club Aurora: 10/1 → 11/1
2026-02-27T01:34:45.423Z [ODDS]  Always Ready: 3/10 → 2/7
2026-02-27T01:35:45.857Z [ODDS]  Draw: 10/3 → 7/2
2026-02-27T01:36:00.741Z [ODDS]  Always Ready: 2/7 → 1/4, Club Aurora: 11/1 → 12/1
2026-02-27T01:36:14.279Z [ODDS]  Always Ready: 1/4 → 2/7
2026-02-27T01:36:29.153Z [ODDS]  Draw: 7/2 → 10/3
2026-02-27T01:36:35.918Z [ODDS]  Draw: 10/3 → 7/2
2026-02-27T01:36:38.173Z [ODDS]  Draw: 7/2 → 10/3
2026-02-27T01:36:48.998Z [ODDS]  Draw: 10/3 → 7/2
2026-02-27T01:37:10.646Z [ODDS]  Always Ready: 2/7 → 1/4
2026-02-27T01:38:28.900Z [ODDS]  Club Aurora: 12/1 → 14/1
2026-02-27T01:39:49.635Z [ODDS]  Always Ready: 1/4 → 2/9, Draw: 7/2 → 15/4, Club Aurora: 14/1 → 16/1
2026-02-27T01:39:55.948Z [ODDS]  Always Ready: 2/9 → 1/4, Draw: 15/4 → 7/2
2026-02-27T01:40:13.086Z [ODDS]  Always Ready: 1/4 → 2/9, Draw: 7/2 → 15/4
2026-02-27T01:40:14.440Z [ODDS]  Always Ready: 2/9 → 1/4, Draw: 15/4 → 7/2, Club Aurora: 16/1 → 14/1
2026-02-27T01:40:18.049Z [ODDS]  Club Aurora: 14/1 → 16/1
2026-02-27T01:40:29.323Z [ODDS]  Always Ready: 1/4 → 2/9
2026-02-27T01:40:47.815Z [ODDS]  Draw: 7/2 → 15/4, Club Aurora: 16/1 → 18/1
2026-02-27T01:40:48.718Z [ODDS]  Club Aurora: 18/1 → 16/1
2026-02-27T01:41:09.914Z [ODDS]  Club Aurora: 16/1 → 18/1
2026-02-27T01:41:14.426Z [ODDS]  Draw: 15/4 → 7/2, Club Aurora: 18/1 → 16/1
2026-02-27T01:41:19.840Z [ODDS]  Club Aurora: 16/1 → 18/1
2026-02-27T01:42:36.063Z [ODDS]  Club Aurora: 18/1 → 20/1
2026-02-27T01:42:47.336Z [ODDS]  Draw: 7/2 → 15/4
2026-02-27T01:43:20.710Z [ODDS]  Always Ready: 2/9 → 1/5
2026-02-27T01:43:33.341Z [ODDS]  Club Aurora: 20/1 → 22/1
2026-02-27T01:43:51.833Z [ODDS]  Always Ready: 1/5 → 2/11, Draw: 15/4 → 4/1
2026-02-27T01:43:56.795Z [ODDS]  Always Ready: 2/11 → 1/5, Draw: 4/1 → 15/4
2026-02-27T01:44:21.149Z [ODDS]  Always Ready: 1/5 → 2/11, Draw: 15/4 → 4/1, Club Aurora: 22/1 → 25/1
2026-02-27T01:44:22.053Z [ODDS]  Draw: 4/1 → 15/4, Club Aurora: 25/1 → 22/1
2026-02-27T01:44:26.111Z [ODDS]  Club Aurora: 22/1 → 25/1
2026-02-27T01:44:43.248Z [ODDS]  Draw: 15/4 → 4/1
2026-02-27T01:44:54.974Z [ODDS]  Always Ready: 2/11 → 2/9, Draw: 4/1 → 7/2, Club Aurora: 25/1 → 20/1
2026-02-27T01:44:59.034Z [ODDS]  Always Ready: 2/9 → 1/5, Draw: 7/2 → 15/4
2026-02-27T01:45:18.427Z [ODDS]  Club Aurora: 20/1 → 22/1
2026-02-27T01:45:31.955Z [ODDS]  Always Ready: 1/5 → 2/11, Draw: 15/4 → 4/1, Club Aurora: 22/1 → 25/1
2026-02-27T01:45:40.976Z [ODDS]  Always Ready: 2/11 → 1/6
2026-02-27T01:46:03.976Z [ODDS]  Draw: 4/1 → 9/2, Club Aurora: 25/1 → 28/1
2026-02-27T01:46:22.027Z [ODDS]  Always Ready: 1/6 → 1/7
2026-02-27T01:46:22.478Z [ODDS]  Always Ready: 1/7 → 2/11, Draw: 9/2 → 4/1, Club Aurora: 28/1 → 25/1
2026-02-27T01:46:42.323Z [ODDS]  Always Ready: 2/11 → 1/6
2026-02-27T01:46:42.774Z [ODDS]  Always Ready: 1/6 → 1/7, Draw: 4/1 → 9/2, Club Aurora: 25/1 → 28/1
2026-02-27T01:47:02.617Z [ODDS]  Always Ready: 1/7 → 2/11, Draw: 9/2 → 4/1, Club Aurora: 28/1 → 25/1
2026-02-27T01:47:05.324Z [ODDS]  Always Ready: 2/11 → 1/7, Draw: 4/1 → 9/2, Club Aurora: 25/1 → 28/1
2026-02-27T01:47:49.070Z [ODDS]  Club Aurora: 28/1 → 33/1
2026-02-27T01:47:53.130Z [ODDS]  Always Ready: 1/7 → 1/8, Draw: 9/2 → 5/1
2026-02-27T01:48:19.287Z [ODDS]  Always Ready: 1/8 → 12/5, Draw: 5/1 → 1/2, Club Aurora: 33/1 → 7/1
2026-02-27T01:50:20.156Z [ODDS]  Always Ready: 12/5 → 1/12, Draw: 1/2 → 13/2, Club Aurora: 7/1 → 40/1
2026-02-27T01:50:42.262Z [ODDS]  Always Ready: 1/12 → 1/10, Draw: 13/2 → 6/1
2026-02-27T01:50:45.417Z [ODDS]  Always Ready: 1/10 → 1/9, Draw: 6/1 → 11/2, Club Aurora: 40/1 → 33/1
2026-02-27T01:50:48.119Z [ODDS]  Always Ready: 1/9 → 1/10, Draw: 11/2 → 6/1, Club Aurora: 33/1 → 40/1
2026-02-27T01:50:58.519Z [ODDS]  Always Ready: 1/10 → 1/12, Draw: 6/1 → 13/2
2026-02-27T01:51:09.315Z [ODDS]  Draw: 13/2 → 7/1
2026-02-27T01:51:10.217Z [ODDS]  Always Ready: 1/12 → 1/10, Draw: 7/1 → 6/1
2026-02-27T01:51:21.944Z [ODDS]  Always Ready: 1/10 → 1/12, Draw: 6/1 → 7/1
2026-02-27T01:51:33.670Z [ODDS]  Club Aurora: 40/1 → 50/1
2026-02-27T01:51:56.671Z [ODDS]  Always Ready: 1/12 → 1/14, Draw: 7/1 → 8/1
2026-02-27T01:52:24.634Z [ODDS]  Always Ready: 1/14 → 1/16, Draw: 8/1 → 9/1
2026-02-27T01:52:40.126Z [ODDS]  Club Aurora: 50/1 → 66/1
2026-02-27T01:52:58.166Z [ODDS]  Always Ready: 1/16 → 1/20, Draw: 9/1 → 10/1
2026-02-27T01:53:04.481Z [ODDS]  Always Ready: 1/20 → 1/12, Draw: 10/1 → 13/2, Club Aurora: 66/1 → 40/1
2026-02-27T01:53:16.659Z [ODDS]  Draw: 13/2 → 7/1, Club Aurora: 40/1 → 50/1
2026-02-27T01:53:46.424Z [ODDS]  Always Ready: 1/12 → 1/14, Draw: 7/1 → 8/1
2026-02-27T01:54:17.092Z [ODDS]  Always Ready: 1/14 → 1/16, Draw: 8/1 → 9/1
2026-02-27T01:54:36.485Z [ODDS]  Club Aurora: 50/1 → 66/1
2026-02-27T01:54:57.233Z [ODDS]  Always Ready: 1/16 → 1/20, Draw: 9/1 → 10/1
2026-02-27T01:55:05.349Z [ODDS]  Club Aurora: 66/1 → 80/1
2026-02-27T01:55:25.644Z [ODDS]  Always Ready: 1/20 → 1/25, Draw: 10/1 → 12/1
2026-02-27T01:55:37.373Z [ODDS]  Always Ready: 1/25 → 1/28
2026-02-27T01:55:39.626Z [ODDS]  Club Aurora: 80/1 → 100/1
2026-02-27T01:55:40.981Z [ODDS]  Always Ready: 1/28 → 1/33, Draw: 12/1 → 14/1
2026-02-27T01:55:58.569Z [ODDS]  Always Ready: 1/33 → 1/40, Draw: 14/1 → 16/1, Club Aurora: 100/1 → 125/1
2026-02-27T01:56:09.843Z [ODDS]  Club Aurora: 125/1 → 150/1
2026-02-27T01:56:17.510Z [ODDS]  Always Ready: 1/40 → 1/50, Draw: 16/1 → 18/1
