2026-02-27T02:08:26.248Z [ODDS]  Dortmund (Nightxx): 15/2 → 8/1
2026-02-27T02:09:05.029Z [ODDS]  Dortmund (Nightxx): 8/1 → 15/2
2026-02-27T02:09:15.402Z [ODDS]  Dortmund (Nightxx): 15/2 → 8/1
2026-02-27T02:09:37.501Z [ODDS]  Dortmund (Nightxx): 8/1 → 10/3, Draw: 15/4 → 15/8, Man City (volvo): 1/4 → 10/11
2026-02-27T02:09:37.501Z [EVENT]  score: 1-1
2026-02-27T02:09:57.797Z [ODDS]  Draw: 15/8 → 7/4, Man City (volvo): 10/11 → 20/21
2026-02-27T02:10:07.267Z [ODDS]  Dortmund (Nightxx): 10/3 → 17/2, Draw: 7/4 → 7/2, Man City (volvo): 20/21 → 1/4
2026-02-27T02:10:07.267Z [EVENT]  score: 2-1
2026-02-27T02:10:28.015Z [ODDS]  Dortmund (Nightxx): 17/2 → 9/1
2026-02-27T02:10:48.310Z [ODDS]  Man City (volvo): 1/4 → 2/9
2026-02-27T02:10:58.683Z [ODDS]  Dortmund (Nightxx): 9/1 → 10/1
2026-02-27T02:11:18.980Z [ODDS]  Dortmund (Nightxx): 10/1 → 11/1
2026-02-27T02:11:28.902Z [ODDS]  Dortmund (Nightxx): 11/1 → 12/1
2026-02-27T02:11:29.353Z [ODDS]  Man City (volvo): 2/9 → 1/5
2026-02-27T02:11:39.275Z [ODDS]  Dortmund (Nightxx): 12/1 → 14/1
2026-02-27T02:11:44.235Z [ODDS]  Dortmund (Nightxx): 14/1 → 15/4, Draw: 7/2 → 10/11, Man City (volvo): 1/5 → 13/8
2026-02-27T02:11:44.235Z [EVENT]  score: 2-2
2026-02-27T02:12:03.178Z [ODDS]  Dortmund (Nightxx): 15/4 → 2/5, Draw: 10/11 → 11/5, Man City (volvo): 13/8 → 9/1
2026-02-27T02:12:03.178Z [EVENT]  score: 2-3
2026-02-27T02:12:13.098Z [ODDS]  Draw: 11/5 → 21/10, Man City (volvo): 9/1 → 10/1
2026-02-27T02:12:23.473Z [ODDS]  Dortmund (Nightxx): 2/5 → 4/11, Draw: 21/10 → 11/5, Man City (volvo): 10/1 → 12/1
