2026-02-26T20:38:22.500Z [ODDS]  PSG (Lucas): 13/2 → 7/1
2026-02-26T20:38:23.855Z [ODDS]  Inter (Furious): 2/5 → 4/11
2026-02-26T20:38:55.875Z [ODDS]  PSG (Lucas): 7/1 → 15/2
2026-02-26T20:39:09.860Z [ODDS]  Inter (Furious): 4/11 → 1/3
2026-02-26T20:39:13.016Z [ODDS]  PSG (Lucas): 15/2 → 8/1
2026-02-26T20:39:31.952Z [ODDS]  PSG (Lucas): 8/1 → 17/2
2026-02-26T20:39:44.580Z [ODDS]  Inter (Furious): 1/3 → 3/10
2026-02-26T20:39:52.247Z [ODDS]  PSG (Lucas): 17/2 → 9/1
2026-02-26T20:40:01.274Z [ODDS]  Draw: 11/4 → 3/1
2026-02-26T20:40:08.033Z [ODDS]  Inter (Furious): 3/10 → 2/7, PSG (Lucas): 9/1 → 10/1
2026-02-26T20:40:23.821Z [ODDS]  PSG (Lucas): 10/1 → 11/1
2026-02-26T20:40:25.631Z [ODDS]  Inter (Furious): 2/7 → 1/4
2026-02-26T20:40:39.152Z [ODDS]  PSG (Lucas): 11/1 → 12/1
2026-02-26T20:40:51.781Z [ODDS]  Inter (Furious): 1/4 → 2/9
2026-02-26T20:40:52.682Z [ODDS]  Inter (Furious): 2/9 → 11/4, Draw: 3/1 → 4/6, PSG (Lucas): 12/1 → 3/1
2026-02-26T20:40:52.683Z [EVENT]  score: 1-1
2026-02-26T20:41:20.645Z [ODDS]  PSG (Lucas): 3/1 → 10/3
2026-02-26T20:41:31.018Z [ODDS]  Draw: 4/6 → 8/13
2026-02-26T20:41:36.885Z [ODDS]  Inter (Furious): 11/4 → 3/1, Draw: 8/13 → 4/7
2026-02-26T20:41:37.784Z [ODDS]  PSG (Lucas): 10/3 → 7/2
2026-02-26T20:41:45.008Z [ODDS]  Draw: 4/7 → 8/15
2026-02-26T20:41:48.155Z [ODDS]  PSG (Lucas): 7/2 → 15/4
2026-02-26T20:41:51.313Z [ODDS]  Inter (Furious): 3/1 → 10/3, Draw: 8/15 → 1/2
2026-02-26T20:41:58.980Z [ODDS]  Draw: 1/2 → 4/9, PSG (Lucas): 15/4 → 4/1
2026-02-26T20:42:05.744Z [ODDS]  Inter (Furious): 10/3 → 7/2
2026-02-26T20:42:06.647Z [ODDS]  Inter (Furious): 7/2 → 15/4
2026-02-26T20:42:08.001Z [ODDS]  Draw: 4/9 → 2/5
2026-02-26T20:42:08.902Z [ODDS]  PSG (Lucas): 4/1 → 9/2
2026-02-26T20:42:14.313Z [ODDS]  Inter (Furious): 15/4 → 4/1
2026-02-26T20:42:15.215Z [ODDS]  Draw: 2/5 → 4/11
2026-02-26T20:42:23.785Z [ODDS]  Inter (Furious): 4/1 → 9/2, Draw: 4/11 → 1/3, PSG (Lucas): 9/2 → 5/1
