2026-02-26T22:09:48.586Z [ODDS]  Floresta: 13/5 → 11/4
2026-02-26T22:09:57.605Z [ODDS]  Floresta: 11/4 → 13/5
2026-02-26T22:10:15.203Z [ODDS]  Floresta: 13/5 → 11/4
2026-02-26T22:12:12.910Z [ODDS]  Ferroviario: 13/10 → 5/4
2026-02-26T22:12:46.286Z [ODDS]  Floresta: 11/4 → 13/5, Ferroviario: 5/4 → 13/10
2026-02-26T22:14:18.306Z [ODDS]  Floresta: 13/5 → 11/4
2026-02-26T22:14:53.469Z [ODDS]  Draw: 7/4 → 13/8
2026-02-26T22:15:43.533Z [ODDS]  Draw: 13/8 → 7/4, Ferroviario: 13/10 → 11/8
2026-02-26T22:15:52.553Z [ODDS]  Draw: 7/4 → 13/8, Ferroviario: 11/8 → 13/10
2026-02-26T22:17:11.024Z [ODDS]  Floresta: 11/4 → 3/1, Ferroviario: 13/10 → 5/4
2026-02-26T22:18:20.936Z [ODDS]  Ferroviario: 5/4 → 13/10
2026-02-26T22:18:22.295Z [ODDS]  Ferroviario: 13/10 → 5/4
2026-02-26T22:19:38.956Z [ODDS]  Draw: 13/8 → 8/5
2026-02-26T22:19:58.354Z [ODDS]  Draw: 8/5 → 13/8, Ferroviario: 5/4 → 13/10
2026-02-26T22:20:21.394Z [ODDS]  Draw: 13/8 → 8/5, Ferroviario: 13/10 → 5/4
2026-02-26T22:21:23.604Z [ODDS]  Ferroviario: 5/4 → 13/10
2026-02-26T22:23:01.922Z [ODDS]  Draw: 8/5 → 6/4
2026-02-26T22:23:10.055Z [ODDS]  Floresta: 3/1 → 10/3, Draw: 6/4 → 8/5, Ferroviario: 13/10 → 5/4
2026-02-26T22:23:11.918Z [ODDS]  Floresta: 10/3 → 3/1, Draw: 8/5 → 6/4, Ferroviario: 5/4 → 13/10
2026-02-26T22:24:00.100Z [ODDS]  Floresta: 3/1 → 10/3, Draw: 6/4 → 8/5, Ferroviario: 13/10 → 5/4
2026-02-26T22:24:15.901Z [ODDS]  Floresta: 10/3 → 3/1, Draw: 8/5 → 6/4, Ferroviario: 5/4 → 13/10
2026-02-26T22:25:10.006Z [ODDS]  Floresta: 3/1 → 10/3
2026-02-26T22:27:31.623Z [ODDS]  Ferroviario: 13/10 → 11/8
2026-02-26T22:27:54.641Z [ODDS]  Draw: 6/4 → 7/5
2026-02-26T22:29:58.200Z [ODDS]  Floresta: 10/3 → 7/2, Ferroviario: 11/8 → 13/10
2026-02-26T22:31:54.561Z [ODDS]  Draw: 7/5 → 11/8
2026-02-26T22:32:40.111Z [ODDS]  Floresta: 7/2 → 15/4, Draw: 11/8 → 7/5
2026-02-26T22:32:51.838Z [ODDS]  Floresta: 15/4 → 7/2, Draw: 7/5 → 11/8, Ferroviario: 13/10 → 11/8
2026-02-26T22:34:14.549Z [ODDS]  Floresta: 7/2 → 10/3, Draw: 11/8 → 13/10, Ferroviario: 11/8 → 7/5
2026-02-26T22:34:31.238Z [ODDS]  Draw: 13/10 → 11/8
2026-02-26T22:34:53.787Z [ODDS]  Ferroviario: 7/5 → 6/4
2026-02-26T22:35:09.126Z [ODDS]  Floresta: 10/3 → 7/2, Draw: 11/8 → 5/4
2026-02-26T22:35:21.749Z [ODDS]  Floresta: 7/2 → 10/3
2026-02-26T22:35:22.654Z [ODDS]  Floresta: 10/3 → 3/1, Draw: 5/4 → 11/8
2026-02-26T22:35:51.966Z [ODDS]  Draw: 11/8 → 13/10
2026-02-26T22:36:25.338Z [ODDS]  Ferroviario: 6/4 → 8/5
2026-02-26T22:36:28.947Z [ODDS]  Draw: 13/10 → 11/8
2026-02-26T22:36:41.574Z [ODDS]  Floresta: 3/1 → 11/4
2026-02-26T22:37:13.600Z [ODDS]  Draw: 11/8 → 13/10
2026-02-26T22:37:24.422Z [ODDS]  Ferroviario: 8/5 → 13/8
2026-02-26T22:37:29.833Z [ODDS]  Floresta: 11/4 → 10/3, Ferroviario: 13/8 → 6/4
2026-02-26T22:37:36.597Z [ODDS]  Floresta: 10/3 → 3/1, Ferroviario: 6/4 → 8/5
2026-02-26T22:37:40.659Z [ODDS]  Draw: 13/10 → 5/4, Ferroviario: 8/5 → 13/8
2026-02-26T22:38:06.827Z [ODDS]  Draw: 5/4 → 13/10
2026-02-26T22:38:10.873Z [ODDS]  Ferroviario: 13/8 → 8/5
2026-02-26T22:38:43.483Z [ODDS]  Draw: 13/10 → 5/4, Ferroviario: 8/5 → 13/8
2026-02-26T22:39:03.326Z [ODDS]  Floresta: 3/1 → 10/3, Draw: 5/4 → 6/5
2026-02-26T22:39:44.820Z [ODDS]  Draw: 6/5 → 5/4, Ferroviario: 13/8 → 8/5
2026-02-26T22:39:45.722Z [ODDS]  Floresta: 10/3 → 3/1, Draw: 5/4 → 6/5, Ferroviario: 8/5 → 7/4
2026-02-26T22:40:01.059Z [ODDS]  Floresta: 3/1 → 10/3, Ferroviario: 7/4 → 13/8
2026-02-26T22:40:11.429Z [ODDS]  Floresta: 10/3 → 3/1, Draw: 6/5 → 5/4
2026-02-26T22:40:12.782Z [ODDS]  Floresta: 3/1 → 10/3, Draw: 5/4 → 6/5, Ferroviario: 13/8 → 8/5
2026-02-26T22:40:13.685Z [ODDS]  Floresta: 10/3 → 3/1, Draw: 6/5 → 5/4
2026-02-26T22:40:19.096Z [ODDS]  Floresta: 3/1 → 10/3
2026-02-26T22:40:43.000Z [ODDS]  Draw: 5/4 → 6/5, Ferroviario: 8/5 → 13/8
2026-02-26T22:43:01.009Z [ODDS]  Floresta: 10/3 → 3/1, Ferroviario: 13/8 → 7/4
2026-02-26T22:43:22.211Z [ODDS]  Floresta: 3/1 → 13/8, Ferroviario: 7/4 → 3/1
2026-02-26T22:43:38.894Z [ODDS]  Ferroviario: 3/1 → 10/3
2026-02-26T22:44:07.307Z [ODDS]  Floresta: 13/8 → 7/4
2026-02-26T22:45:31.193Z [ODDS]  Draw: 6/5 → 11/10
2026-02-26T22:46:17.199Z [ODDS]  Floresta: 7/4 → 3/1, Ferroviario: 10/3 → 7/4
2026-02-26T22:46:59.139Z [ODDS]  Floresta: 3/1 → 10/3
2026-02-26T22:47:05.454Z [ODDS]  Floresta: 10/3 → 7/2, Draw: 11/10 → 21/20
2026-02-26T22:47:25.748Z [ODDS]  Floresta: 7/2 → 10/3
2026-02-26T22:47:28.904Z [ODDS]  Floresta: 10/3 → 7/2, Draw: 21/20 → 11/10
2026-02-26T22:47:32.061Z [ODDS]  Ferroviario: 7/4 → 13/8
2026-02-26T22:47:34.319Z [ODDS]  Ferroviario: 13/8 → 7/4
2026-02-26T22:47:55.513Z [ODDS]  Floresta: 7/2 → 10/3
2026-02-26T22:48:04.534Z [ODDS]  Floresta: 10/3 → 7/2
2026-02-26T22:48:36.103Z [ODDS]  Ferroviario: 7/4 → 13/8
2026-02-26T22:48:37.457Z [ODDS]  Ferroviario: 13/8 → 7/4
2026-02-26T22:48:50.085Z [ODDS]  Draw: 11/10 → 21/20
2026-02-26T22:48:56.849Z [ODDS]  Floresta: 7/2 → 15/4, Draw: 21/20 → 11/10, Ferroviario: 7/4 → 13/8
2026-02-26T22:49:10.380Z [ODDS]  Draw: 11/10 → 21/20
2026-02-26T22:49:10.831Z [ODDS]  Draw: 21/20 → 11/10
2026-02-26T22:49:20.757Z [ODDS]  Floresta: 15/4 → 7/2
2026-02-26T23:08:55.515Z [ODDS]  Floresta: 7/2 → 15/4
2026-02-26T23:08:59.576Z [ODDS]  Floresta: 15/4 → 7/2, Ferroviario: 13/8 → 8/5
2026-02-26T23:09:03.632Z [ODDS]  Floresta: 7/2 → 15/4, Ferroviario: 8/5 → 13/8
2026-02-26T23:09:08.593Z [ODDS]  Floresta: 15/4 → 7/2
2026-02-26T23:09:55.049Z [ODDS]  Floresta: 7/2 → 15/4
2026-02-26T23:10:12.184Z [ODDS]  Floresta: 15/4 → 7/2
2026-02-26T23:10:16.243Z [ODDS]  Floresta: 7/2 → 15/4
2026-02-26T23:10:27.520Z [ODDS]  Floresta: 15/4 → 7/2, Draw: 11/10 → 21/20, Ferroviario: 13/8 → 7/4
2026-02-26T23:11:10.368Z [ODDS]  Floresta: 7/2 → 10/3
2026-02-26T23:11:14.427Z [ODDS]  Floresta: 10/3 → 7/2
2026-02-26T23:11:42.842Z [ODDS]  Floresta: 7/2 → 15/4
2026-02-26T23:12:04.491Z [ODDS]  Floresta: 15/4 → 7/2
2026-02-26T23:12:22.530Z [ODDS]  Draw: 21/20 → 1/1
2026-02-26T23:12:45.082Z [ODDS]  Floresta: 7/2 → 15/4
2026-02-26T23:13:00.867Z [ODDS]  Floresta: 15/4 → 7/2
2026-02-26T23:13:29.730Z [ODDS]  Ferroviario: 7/4 → 15/8
2026-02-26T23:14:57.227Z [ODDS]  Draw: 1/1 → 20/21
2026-02-26T23:14:58.579Z [ODDS]  Floresta: 7/2 → 15/4
2026-02-26T23:15:53.148Z [ODDS]  Draw: 20/21 → 10/11
2026-02-26T23:16:01.718Z [ODDS]  Draw: 10/11 → 20/21
2026-02-26T23:16:05.775Z [ODDS]  Floresta: 15/4 → 7/2, Ferroviario: 15/8 → 2/1
2026-02-26T23:16:09.834Z [ODDS]  Floresta: 7/2 → 15/4
2026-02-26T23:16:30.132Z [ODDS]  Ferroviario: 2/1 → 15/8
2026-02-26T23:16:37.344Z [ODDS]  Draw: 20/21 → 10/11
2026-02-26T23:16:45.918Z [ODDS]  Floresta: 15/4 → 4/1, Draw: 10/11 → 20/21, Ferroviario: 15/8 → 7/4
2026-02-26T23:16:46.817Z [ODDS]  Ferroviario: 7/4 → 15/8
2026-02-26T23:16:54.485Z [ODDS]  Draw: 20/21 → 10/11
2026-02-26T23:17:07.564Z [ODDS]  Floresta: 4/1 → 15/4, Draw: 10/11 → 20/21
2026-02-26T23:17:08.465Z [ODDS]  Draw: 20/21 → 10/11, Ferroviario: 15/8 → 2/1
2026-02-26T23:17:52.212Z [ODDS]  Floresta: 15/4 → 4/1, Ferroviario: 2/1 → 15/8
2026-02-26T23:18:01.232Z [ODDS]  Floresta: 4/1 → 15/4, Ferroviario: 15/8 → 2/1
2026-02-26T23:18:06.196Z [ODDS]  Floresta: 15/4 → 4/1
2026-02-26T23:18:10.252Z [ODDS]  Floresta: 4/1 → 15/4
2026-02-26T23:18:17.017Z [ODDS]  Floresta: 15/4 → 7/2
2026-02-26T23:18:21.077Z [ODDS]  Floresta: 7/2 → 4/1, Ferroviario: 2/1 → 15/8
2026-02-26T23:18:21.978Z [ODDS]  Floresta: 4/1 → 15/4, Ferroviario: 15/8 → 2/1
2026-02-26T23:18:59.862Z [ODDS]  Floresta: 15/4 → 4/1
2026-02-26T23:19:19.713Z [ODDS]  Draw: 10/11 → 5/6
2026-02-26T23:20:34.574Z [ODDS]  Floresta: 4/1 → 15/4, Ferroviario: 2/1 → 21/10
2026-02-26T23:20:36.828Z [ODDS]  Floresta: 15/4 → 4/1, Ferroviario: 21/10 → 2/1
2026-02-26T23:20:48.568Z [ODDS]  Ferroviario: 2/1 → 21/10
2026-02-26T23:21:01.182Z [ODDS]  Draw: 5/6 → 4/5
2026-02-26T23:21:32.301Z [ODDS]  Floresta: 4/1 → 9/2, Ferroviario: 21/10 → 2/1
2026-02-26T23:21:35.476Z [ODDS]  Floresta: 9/2 → 4/1, Ferroviario: 2/1 → 21/10
2026-02-26T23:22:23.371Z [ODDS]  Floresta: 4/1 → 9/2
2026-02-26T23:22:40.857Z [ODDS]  Draw: 4/5 → 5/6, Ferroviario: 21/10 → 2/1
2026-02-26T23:22:43.562Z [ODDS]  Draw: 5/6 → 4/5, Ferroviario: 2/1 → 21/10
2026-02-26T23:23:06.564Z [ODDS]  Floresta: 9/2 → 4/1, Ferroviario: 21/10 → 11/5
2026-02-26T23:23:07.017Z [ODDS]  Floresta: 4/1 → 9/2, Draw: 4/5 → 8/11
2026-02-26T23:23:21.446Z [ODDS]  Ferroviario: 11/5 → 21/10
2026-02-26T23:23:56.628Z [ODDS]  Ferroviario: 21/10 → 11/5
2026-02-26T23:24:50.747Z [ODDS]  Floresta: 9/2 → 5/1, Ferroviario: 11/5 → 21/10
2026-02-26T23:25:25.031Z [ODDS]  Floresta: 5/1 → 9/2, Ferroviario: 21/10 → 11/5
2026-02-26T23:26:29.975Z [ODDS]  Floresta: 9/2 → 5/1
2026-02-26T23:26:52.970Z [ODDS]  Floresta: 5/1 → 9/2, Ferroviario: 11/5 → 9/4
2026-02-26T23:27:02.899Z [ODDS]  Floresta: 9/2 → 5/1
2026-02-26T23:27:06.048Z [ODDS]  Draw: 8/11 → 4/6
2026-02-26T23:27:23.222Z [ODDS]  Floresta: 5/1 → 9/2, Ferroviario: 9/4 → 5/2
2026-02-26T23:27:44.834Z [ODDS]  Ferroviario: 5/2 → 9/4
2026-02-26T23:27:48.907Z [ODDS]  Ferroviario: 9/4 → 12/5
2026-02-26T23:28:41.660Z [ODDS]  Ferroviario: 12/5 → 5/2
2026-02-26T23:28:51.582Z [ODDS]  Draw: 4/6 → 8/11, Ferroviario: 5/2 → 9/4
2026-02-26T23:28:57.905Z [ODDS]  Draw: 8/11 → 4/6, Ferroviario: 9/4 → 5/2
2026-02-26T23:29:15.487Z [ODDS]  Draw: 4/6 → 8/11, Ferroviario: 5/2 → 12/5
2026-02-26T23:29:18.645Z [ODDS]  Draw: 8/11 → 4/6, Ferroviario: 12/5 → 5/2
2026-02-26T23:29:30.370Z [ODDS]  Ferroviario: 5/2 → 13/5
2026-02-26T23:29:30.821Z [ODDS]  Ferroviario: 13/5 → 12/5
2026-02-26T23:29:31.272Z [ODDS]  Ferroviario: 12/5 → 13/5
2026-02-26T23:29:38.037Z [ODDS]  Ferroviario: 13/5 → 9/4
2026-02-26T23:29:40.290Z [ODDS]  Floresta: 9/2 → 4/1, Ferroviario: 9/4 → 13/5
2026-02-26T23:29:58.788Z [ODDS]  Floresta: 4/1 → 9/2
2026-02-26T23:30:02.390Z [ODDS]  Ferroviario: 13/5 → 5/2
2026-02-26T23:30:24.940Z [ODDS]  Ferroviario: 5/2 → 12/5
2026-02-26T23:30:40.279Z [ODDS]  Floresta: 9/2 → 5/1
2026-02-26T23:30:48.846Z [ODDS]  Floresta: 5/1 → 9/2, Ferroviario: 12/5 → 5/2
2026-02-26T23:31:05.080Z [ODDS]  Draw: 4/6 → 8/13
2026-02-26T23:31:25.826Z [ODDS]  Ferroviario: 5/2 → 13/5
2026-02-26T23:32:57.379Z [ODDS]  Floresta: 9/2 → 5/1, Ferroviario: 13/5 → 11/4
2026-02-26T23:33:10.458Z [ODDS]  Ferroviario: 11/4 → 13/5
2026-02-26T23:33:23.989Z [ODDS]  Ferroviario: 13/5 → 11/4
2026-02-26T23:33:33.459Z [ODDS]  Ferroviario: 11/4 → 13/5
2026-02-26T23:33:56.464Z [ODDS]  Draw: 8/13 → 4/7, Ferroviario: 13/5 → 11/4
2026-02-26T23:34:04.581Z [ODDS]  Draw: 4/7 → 8/13, Ferroviario: 11/4 → 13/5
2026-02-26T23:34:24.423Z [ODDS]  Draw: 8/13 → 4/7
2026-02-26T23:34:50.583Z [ODDS]  Ferroviario: 13/5 → 11/4
2026-02-26T23:36:26.194Z [ODDS]  Draw: 4/7 → 8/15
2026-02-26T23:37:29.786Z [ODDS]  Ferroviario: 11/4 → 3/1
2026-02-26T23:38:05.875Z [ODDS]  Floresta: 5/1 → 11/2, Draw: 8/15 → 1/2
2026-02-26T23:39:02.162Z [ODDS]  Floresta: 11/2 → 9/2, Ferroviario: 3/1 → 10/3
2026-02-26T23:39:07.123Z [ODDS]  Floresta: 9/2 → 11/2
2026-02-26T23:39:25.165Z [ODDS]  Ferroviario: 10/3 → 3/1
2026-02-26T23:39:30.123Z [ODDS]  Ferroviario: 3/1 → 10/3
2026-02-26T23:40:06.654Z [ODDS]  Draw: 1/2 → 4/9
2026-02-26T23:41:01.225Z [ODDS]  Ferroviario: 10/3 → 7/2
2026-02-26T23:42:07.071Z [ODDS]  Draw: 4/9 → 2/5, Ferroviario: 7/2 → 15/4
2026-02-26T23:42:15.640Z [ODDS]  Draw: 2/5 → 4/9, Ferroviario: 15/4 → 7/2
2026-02-26T23:42:26.013Z [ODDS]  Floresta: 11/2 → 6/1, Draw: 4/9 → 2/5, Ferroviario: 7/2 → 15/4
2026-02-26T23:43:22.840Z [ODDS]  Draw: 2/5 → 4/11, Ferroviario: 15/4 → 4/1
2026-02-26T23:43:42.232Z [ODDS]  Draw: 4/11 → 2/5, Ferroviario: 4/1 → 15/4
2026-02-26T23:44:00.849Z [ODDS]  Draw: 2/5 → 4/11
2026-02-26T23:44:04.784Z [ODDS]  Ferroviario: 15/4 → 4/1
2026-02-26T23:44:15.157Z [ODDS]  Floresta: 6/1 → 13/2, Draw: 4/11 → 2/5, Ferroviario: 4/1 → 7/2
2026-02-26T23:44:16.058Z [ODDS]  Floresta: 13/2 → 6/1, Draw: 2/5 → 4/11, Ferroviario: 7/2 → 4/1
2026-02-26T23:44:27.333Z [ODDS]  Floresta: 6/1 → 13/2, Draw: 4/11 → 2/5, Ferroviario: 4/1 → 7/2
2026-02-26T23:44:36.359Z [ODDS]  Floresta: 13/2 → 6/1, Draw: 2/5 → 4/11, Ferroviario: 7/2 → 15/4
2026-02-26T23:44:58.902Z [ODDS]  Floresta: 6/1 → 13/2, Ferroviario: 15/4 → 4/1
2026-02-26T23:45:07.019Z [ODDS]  Draw: 4/11 → 1/3
2026-02-26T23:45:44.452Z [ODDS]  Floresta: 13/2 → 7/1
2026-02-26T23:46:02.040Z [ODDS]  Floresta: 7/1 → 13/2
2026-02-26T23:46:10.609Z [ODDS]  Floresta: 13/2 → 7/1, Draw: 1/3 → 4/11, Ferroviario: 4/1 → 15/4
2026-02-26T23:46:12.866Z [ODDS]  Draw: 4/11 → 1/3, Ferroviario: 15/4 → 4/1
2026-02-26T23:46:18.727Z [ODDS]  Floresta: 7/1 → 13/2, Draw: 1/3 → 3/10, Ferroviario: 4/1 → 9/2
2026-02-26T23:46:34.622Z [ODDS]  Draw: 3/10 → 1/3
2026-02-26T23:46:38.572Z [ODDS]  Draw: 1/3 → 3/10
2026-02-26T23:47:15.554Z [ODDS]  Floresta: 13/2 → 7/1, Draw: 3/10 → 2/7
2026-02-26T23:47:22.770Z [ODDS]  Floresta: 7/1 → 13/2, Draw: 2/7 → 3/10
2026-02-26T23:47:24.122Z [ODDS]  Floresta: 13/2 → 7/1, Draw: 3/10 → 2/7
2026-02-26T23:47:32.242Z [ODDS]  Floresta: 7/1 → 13/2, Draw: 2/7 → 3/10
2026-02-26T23:47:43.516Z [ODDS]  Floresta: 13/2 → 7/1, Draw: 3/10 → 1/3, Ferroviario: 9/2 → 4/1
2026-02-26T23:47:56.595Z [ODDS]  Draw: 1/3 → 2/7, Ferroviario: 4/1 → 9/2
2026-02-26T23:48:02.009Z [ODDS]  Ferroviario: 9/2 → 5/1
2026-02-26T23:48:06.967Z [ODDS]  Draw: 2/7 → 3/10, Ferroviario: 5/1 → 9/2
2026-02-26T23:48:32.230Z [ODDS]  Draw: 3/10 → 2/7
2026-02-26T23:48:40.923Z [ODDS]  Ferroviario: 9/2 → 5/1
2026-02-26T23:49:00.191Z [ODDS]  Draw: 2/7 → 1/4
2026-02-26T23:49:04.701Z [ODDS]  Draw: 1/4 → 2/7
2026-02-26T23:49:15.076Z [ODDS]  Floresta: 7/1 → 15/2, Draw: 2/7 → 1/4
2026-02-26T23:49:34.468Z [ODDS]  Ferroviario: 5/1 → 11/2
2026-02-26T23:49:35.371Z [ODDS]  Floresta: 15/2 → 7/1
2026-02-26T23:49:49.390Z [ODDS]  Floresta: 7/1 → 15/2
2026-02-26T23:50:04.685Z [ODDS]  Draw: 1/4 → 2/9
2026-02-26T23:50:24.982Z [ODDS]  Ferroviario: 11/2 → 6/1
2026-02-26T23:50:37.608Z [ODDS]  Floresta: 15/2 → 50/1, Draw: 2/9 → 7/1, Ferroviario: 6/1 → 1/12
2026-02-26T23:50:37.608Z [EVENT]  score: 1-0
2026-02-26T23:51:04.218Z [ODDS]  Draw: 7/1 → 6/1, Ferroviario: 1/12 → 1/10
2026-02-26T23:51:15.943Z [ODDS]  Draw: 6/1 → 7/1, Ferroviario: 1/10 → 1/12
2026-02-26T23:51:16.394Z [ODDS]  Floresta: 50/1 → 66/1, Draw: 7/1 → 9/1, Ferroviario: 1/12 → 1/16
2026-02-26T23:51:24.963Z [ODDS]  Floresta: 66/1 → 50/1, Draw: 9/1 → 6/1, Ferroviario: 1/16 → 1/10
2026-02-26T23:51:25.414Z [ODDS]  Floresta: 50/1 → 66/1, Draw: 6/1 → 8/1, Ferroviario: 1/10 → 1/14
2026-02-26T23:51:55.181Z [ODDS]  Draw: 8/1 → 9/1, Ferroviario: 1/14 → 1/16
2026-02-26T23:52:21.353Z [ODDS]  Floresta: 66/1 → 50/1, Draw: 9/1 → 7/1, Ferroviario: 1/16 → 1/12
2026-02-26T23:52:23.158Z [ODDS]  Floresta: 50/1 → 66/1, Draw: 7/1 → 9/1, Ferroviario: 1/12 → 1/16
2026-02-26T23:52:44.804Z [ODDS]  Floresta: 66/1 → 50/1, Draw: 9/1 → 8/1, Ferroviario: 1/16 → 1/14
2026-02-26T23:52:50.217Z [ODDS]  Floresta: 50/1 → 66/1
2026-02-26T23:53:28.551Z [ODDS]  Draw: 8/1 → 9/1, Ferroviario: 1/14 → 1/16
2026-02-26T23:54:12.749Z [ODDS]  Floresta: 66/1 → 80/1, Draw: 9/1 → 10/1, Ferroviario: 1/16 → 1/20
2026-02-26T23:55:10.478Z [ODDS]  Draw: 10/1 → 12/1, Ferroviario: 1/20 → 1/25
2026-02-26T23:55:37.989Z [ODDS]  Floresta: 80/1 → 100/1
2026-02-26T23:55:56.965Z [ODDS]  Floresta: 100/1 → 66/1, Draw: 12/1 → 9/1, Ferroviario: 1/25 → 1/16
2026-02-26T23:55:58.283Z [ODDS]  Floresta: 66/1 → 100/1, Draw: 9/1 → 12/1, Ferroviario: 1/16 → 1/25
2026-02-26T23:56:07.755Z [ODDS]  Ferroviario: 1/25 → 1/28
2026-02-26T23:56:22.287Z [ODDS]  Floresta: 100/1 → 125/1, Draw: 12/1 → 14/1, Ferroviario: 1/28 → 1/33
2026-02-26T23:56:47.991Z [ODDS]  Floresta: 125/1 → 150/1
2026-02-26T23:57:04.227Z [ODDS]  Draw: 14/1 → 16/1, Ferroviario: 1/33 → 1/40
2026-02-26T23:57:51.582Z [ODDS]  Draw: 16/1 → 18/1, Ferroviario: 1/40 → 1/50
2026-02-26T23:58:19.093Z [ODDS]  Draw: 18/1 → 20/1, Ferroviario: 1/50 → 1/66
2026-02-26T23:58:54.723Z [ODDS]  Draw: 20/1 → 22/1, Ferroviario: 1/66 → 1/80
2026-02-26T23:59:06.899Z [ODDS]  Draw: 22/1 → 25/1, Ferroviario: 1/80 → 1/100
