2026-02-26T19:47:26.599Z [ODDS]  Arsenal (noeN): 10/3 → 7/2
2026-02-26T19:47:36.976Z [ODDS]  Draw: 4/1 → 15/4, Liverpool (V1nx7): 1/2 → 4/9
2026-02-26T19:47:57.719Z [ODDS]  Arsenal (noeN): 7/2 → 15/4
2026-02-26T19:48:07.642Z [ODDS]  Draw: 15/4 → 7/2
2026-02-26T19:48:10.351Z [ODDS]  Draw: 7/2 → 15/4
2026-02-26T19:48:20.718Z [ODDS]  Draw: 15/4 → 7/2
2026-02-26T19:48:31.093Z [ODDS]  Arsenal (noeN): 15/4 → 4/1
2026-02-26T19:48:41.916Z [ODDS]  Arsenal (noeN): 4/1 → 8/1, Draw: 7/2 → 6/1, Liverpool (V1nx7): 4/9 → 1/7
2026-02-26T19:48:41.916Z [EVENT]  score: 2-0
2026-02-26T19:49:12.586Z [ODDS]  Arsenal (noeN): 8/1 → 17/2
2026-02-26T19:49:33.330Z [ODDS]  Arsenal (noeN): 17/2 → 9/1, Liverpool (V1nx7): 1/7 → 1/8
2026-02-26T19:50:01.749Z [ODDS]  Liverpool (V1nx7): 1/8 → 1/9
2026-02-26T19:50:11.667Z [ODDS]  Arsenal (noeN): 9/1 → 10/1, Draw: 6/1 → 13/2
2026-02-26T19:50:32.416Z [ODDS]  Liverpool (V1nx7): 1/9 → 1/10
2026-02-26T19:50:37.826Z [ODDS]  Liverpool (V1nx7): 1/10 → 1/9, Liverpool (V1nx7): 1/9 → 1/10
2026-02-26T19:50:37.826Z [ODDS]  Liverpool (V1nx7): 1/10 → 1/9, Liverpool (V1nx7): 1/9 → 1/10
2026-02-26T19:50:50.453Z [ODDS]  Arsenal (noeN): 10/1 → 11/1
2026-02-26T19:51:00.826Z [ODDS]  Liverpool (V1nx7): 1/10 → 1/11
2026-02-26T19:51:10.759Z [ODDS]  Arsenal (noeN): 11/1 → 12/1, Liverpool (V1nx7): 1/11 → 1/12
2026-02-26T19:51:21.120Z [ODDS]  Draw: 13/2 → 7/1
2026-02-26T19:51:22.025Z [ODDS]  Draw: 7/1 → 13/2
2026-02-26T19:51:32.395Z [ODDS]  Draw: 13/2 → 7/1
2026-02-26T19:51:58.101Z [ODDS]  Arsenal (noeN): 12/1 → 14/1
2026-02-26T19:52:12.992Z [ODDS]  Draw: 7/1 → 8/1, Liverpool (V1nx7): 1/12 → 1/14
2026-02-26T19:52:23.369Z [ODDS]  Arsenal (noeN): 14/1 → 16/1
2026-02-26T19:52:25.618Z [ODDS]  Arsenal (noeN): 16/1 → 22/1, Draw: 8/1 → 22/1, Liverpool (V1nx7): 1/14 → 1/80
2026-02-26T19:52:25.618Z [EVENT]  score: 3-0
2026-02-26T19:52:35.992Z [ODDS]  Arsenal (noeN): 22/1 → 25/1, Draw: 22/1 → 25/1, Liverpool (V1nx7): 1/80 → 1/100
2026-02-26T19:52:52.679Z [ODDS]  Arsenal (noeN): 25/1 → 18/1, Draw: 25/1 → 10/1, Liverpool (V1nx7): 1/100 → 1/22
2026-02-26T19:52:52.679Z [EVENT]  score: 3-1
2026-02-26T19:53:13.429Z [ODDS]  Arsenal (noeN): 18/1 → 20/1, Draw: 10/1 → 12/1, Liverpool (V1nx7): 1/22 → 1/25
2026-02-26T19:53:20.651Z [ODDS]  Arsenal (noeN): 20/1 → 11/1, Draw: 12/1 → 3/1, Liverpool (V1nx7): 1/25 → 1/4
2026-02-26T19:53:20.651Z [EVENT]  score: 3-2
2026-02-26T19:53:45.457Z [ODDS]  Arsenal (noeN): 11/1 → 12/1
2026-02-26T19:53:55.369Z [ODDS]  Arsenal (noeN): 12/1 → 14/1, Liverpool (V1nx7): 1/4 → 2/9
2026-02-26T19:54:05.745Z [ODDS]  Arsenal (noeN): 14/1 → 18/1, Draw: 3/1 → 10/3, Liverpool (V1nx7): 2/9 → 1/5
2026-02-26T19:54:16.118Z [ODDS]  Arsenal (noeN): 18/1 → 20/1, Draw: 10/3 → 7/2, Liverpool (V1nx7): 1/5 → 2/11
2026-02-26T19:54:18.370Z [ODDS]  Draw: 7/2 → 10/3, Liverpool (V1nx7): 2/11 → 1/5
2026-02-26T19:54:54.902Z [EVENT]  score: 3-3
