2026-02-26T19:48:41.470Z [ODDS]  Al Duhail: 11/1 → 12/1
2026-02-26T19:50:05.802Z [ODDS]  Draw: 9/2 → 4/1, Al Duhail: 12/1 → 11/1
2026-02-26T19:50:07.605Z [ODDS]  Draw: 4/1 → 9/2, Al Duhail: 11/1 → 12/1
2026-02-26T19:51:04.883Z [ODDS]  Draw: 9/2 → 4/1, Al Duhail: 12/1 → 11/1
2026-02-26T19:51:17.965Z [ODDS]  Al-Sadd SC: 2/9 → 1/4
2026-02-26T19:51:27.436Z [ODDS]  Al-Sadd SC: 1/4 → 2/9, Draw: 4/1 → 9/2, Al Duhail: 11/1 → 12/1
2026-02-26T19:52:02.163Z [ODDS]  Draw: 9/2 → 4/1
2026-02-26T19:52:20.208Z [ODDS]  Draw: 4/1 → 9/2
2026-02-26T19:52:48.169Z [ODDS]  Draw: 9/2 → 4/1
2026-02-26T19:53:22.897Z [ODDS]  Al-Sadd SC: 2/9 → 1/5, Draw: 4/1 → 9/2
2026-02-26T19:53:45.899Z [ODDS]  Al Duhail: 12/1 → 14/1
2026-02-26T19:53:55.369Z [ODDS]  Al-Sadd SC: 1/5 → 2/9, Al Duhail: 14/1 → 12/1
2026-02-26T19:54:01.687Z [ODDS]  Draw: 9/2 → 4/1
2026-02-26T19:54:17.920Z [ODDS]  Draw: 4/1 → 9/2
2026-02-26T19:54:31.908Z [ODDS]  Al-Sadd SC: 2/9 → 1/5, Al Duhail: 12/1 → 14/1
2026-02-26T19:57:26.481Z [ODDS]  Draw: 9/2 → 4/1
2026-02-26T19:57:35.049Z [ODDS]  Draw: 4/1 → 9/2
2026-02-26T19:58:14.735Z [ODDS]  Al-Sadd SC: 1/5 → 2/11, Al Duhail: 14/1 → 16/1
2026-02-26T19:58:48.566Z [ODDS]  Al-Sadd SC: 2/11 → 1/5, Al Duhail: 16/1 → 14/1
2026-02-26T19:59:02.557Z [ODDS]  Al-Sadd SC: 1/5 → 2/11, Al Duhail: 14/1 → 16/1
2026-02-26T20:00:12.446Z [ODDS]  Al-Sadd SC: 2/11 → 1/6
2026-02-26T20:00:21.470Z [ODDS]  Al-Sadd SC: 1/6 → 2/11
2026-02-26T20:00:28.235Z [ODDS]  Al-Sadd SC: 2/11 → 1/6
2026-02-26T20:00:30.487Z [ODDS]  Al-Sadd SC: 1/6 → 2/11
2026-02-26T20:00:41.310Z [ODDS]  Al-Sadd SC: 2/11 → 1/6
2026-02-26T20:00:54.848Z [ODDS]  Al-Sadd SC: 1/6 → 2/11
2026-02-26T20:01:03.866Z [ODDS]  Al-Sadd SC: 2/11 → 1/6
2026-02-26T20:01:06.582Z [ODDS]  Al-Sadd SC: 1/6 → 2/11
2026-02-26T20:01:16.040Z [ODDS]  Al-Sadd SC: 2/11 → 1/6
2026-02-26T20:01:25.514Z [ODDS]  Al Duhail: 16/1 → 18/1
2026-02-26T20:01:28.235Z [ODDS]  Draw: 9/2 → 5/1
2026-02-26T20:02:07.454Z [ODDS]  Al-Sadd SC: 1/6 → 2/11, Draw: 5/1 → 9/2, Al Duhail: 18/1 → 16/1
2026-02-26T20:02:08.823Z [ODDS]  Al-Sadd SC: 2/11 → 1/6, Draw: 9/2 → 5/1, Al Duhail: 16/1 → 18/1
2026-02-26T20:02:24.592Z [ODDS]  Draw: 5/1 → 9/2
2026-02-26T20:02:29.101Z [ODDS]  Draw: 9/2 → 5/1
2026-02-26T20:03:02.478Z [ODDS]  Al-Sadd SC: 1/6 → 1/7, Al Duhail: 18/1 → 20/1
2026-02-26T20:03:48.482Z [ODDS]  Al-Sadd SC: 1/7 → 1/6
2026-02-26T20:03:48.930Z [ODDS]  Al-Sadd SC: 1/6 → 1/7
2026-02-26T20:04:31.779Z [ODDS]  Al Duhail: 20/1 → 22/1
2026-02-26T20:06:04.681Z [ODDS]  Al Duhail: 22/1 → 25/1
2026-02-26T20:06:34.908Z [ODDS]  Al Duhail: 25/1 → 22/1
2026-02-26T20:06:52.602Z [ODDS]  Draw: 5/1 → 9/2
2026-02-26T20:07:01.968Z [ODDS]  Draw: 9/2 → 5/1, Al Duhail: 22/1 → 25/1
2026-02-26T20:07:05.574Z [ODDS]  Draw: 5/1 → 9/2, Al Duhail: 25/1 → 22/1
2026-02-26T20:07:21.811Z [ODDS]  Draw: 9/2 → 5/1, Al Duhail: 22/1 → 25/1
2026-02-26T20:07:43.005Z [ODDS]  Al-Sadd SC: 1/7 → 1/8
2026-02-26T20:08:09.321Z [ODDS]  Draw: 5/1 → 11/2
2026-02-26T20:08:12.025Z [ODDS]  Draw: 11/2 → 5/1
2026-02-26T20:08:22.397Z [ODDS]  Al Duhail: 25/1 → 28/1
2026-02-26T20:09:01.640Z [ODDS]  Al-Sadd SC: 1/8 → 1/9, Draw: 5/1 → 11/2
2026-02-26T20:09:14.755Z [ODDS]  Al-Sadd SC: 1/9 → 1/125, Draw: 11/2 → 25/1, Al Duhail: 28/1 → 50/1
2026-02-26T20:09:14.755Z [EVENT]  score: 1-3
2026-02-26T20:10:02.981Z [ODDS]  Al-Sadd SC: 1/125 → 1/150, Draw: 25/1 → 28/1
2026-02-26T20:10:20.110Z [ODDS]  Al-Sadd SC: 1/150 → 1/125, Draw: 28/1 → 25/1
2026-02-26T20:10:29.586Z [ODDS]  Al-Sadd SC: 1/125 → 1/150, Draw: 25/1 → 28/1
2026-02-26T20:10:44.922Z [ODDS]  Al Duhail: 50/1 → 66/1
2026-02-26T20:11:01.602Z [ODDS]  Al Duhail: 66/1 → 80/1
2026-02-26T20:11:07.013Z [ODDS]  Al-Sadd SC: 1/150 → 1/200, Draw: 28/1 → 33/1
2026-02-26T20:11:37.233Z [ODDS]  Al-Sadd SC: 1/200 → 1/150, Draw: 33/1 → 28/1, Al Duhail: 80/1 → 66/1
2026-02-26T20:11:51.212Z [ODDS]  Al Duhail: 66/1 → 80/1
2026-02-26T20:11:55.271Z [ODDS]  Al-Sadd SC: 1/150 → 1/200, Draw: 28/1 → 33/1
2026-02-26T20:12:08.801Z [ODDS]  Al-Sadd SC: 1/200 → 1/125, Draw: 33/1 → 25/1, Al Duhail: 80/1 → 50/1
2026-02-26T20:12:12.408Z [ODDS]  Al-Sadd SC: 1/125 → 1/200, Draw: 25/1 → 33/1, Al Duhail: 50/1 → 80/1
2026-02-26T20:13:24.568Z [ODDS]  Al-Sadd SC: 1/200 → 1/250, Draw: 33/1 → 40/1
2026-02-26T20:13:25.018Z [ODDS]  Al-Sadd SC: 1/250 → 1/200, Draw: 40/1 → 33/1
2026-02-26T20:13:29.077Z [ODDS]  Al-Sadd SC: 1/200 → 1/250, Draw: 33/1 → 40/1
2026-02-26T20:13:45.318Z [ODDS]  Al Duhail: 80/1 → 100/1
2026-02-26T20:14:02.015Z [ODDS]  Al Duhail: 100/1 → 80/1
2026-02-26T20:14:11.032Z [ODDS]  Al Duhail: 80/1 → 100/1
2026-02-26T20:14:14.178Z [ODDS]  Al-Sadd SC: 1/250 → 1/200, Draw: 40/1 → 33/1
2026-02-26T20:14:16.434Z [ODDS]  Al-Sadd SC: 1/200 → 1/250, Draw: 33/1 → 40/1
2026-02-26T20:14:51.612Z [ODDS]  Al-Sadd SC: 1/250 → 1/500, Draw: 40/1 → 50/1
2026-02-26T20:14:52.065Z [ODDS]  Al-Sadd SC: 1/500 → 1/250, Draw: 50/1 → 40/1
2026-02-26T20:15:26.339Z [ODDS]  Al-Sadd SC: 1/250 → 1/500, Draw: 40/1 → 50/1
2026-02-26T20:15:56.565Z [ODDS]  Al Duhail: 100/1 → 125/1
