2026-02-27T01:08:23.004Z [ODDS]  Draw: 11/4 → 13/5, Newcastle (CASTLE): 21/20 → 11/10
2026-02-27T01:08:43.134Z [ODDS]  Aston Villa (REALIST): 7/4 → 15/8
2026-02-27T01:08:56.212Z [ODDS]  Draw: 13/5 → 5/2
2026-02-27T01:09:11.098Z [ODDS]  Draw: 5/2 → 12/5
2026-02-27T01:09:21.029Z [ODDS]  Newcastle (CASTLE): 11/10 → 6/5
2026-02-27T01:09:47.179Z [ODDS]  Draw: 12/5 → 9/4
2026-02-27T01:09:50.791Z [ODDS]  Draw: 9/4 → 12/5
2026-02-27T01:09:56.199Z [ODDS]  Aston Villa (REALIST): 15/8 → 11/8, Draw: 12/5 → 9/4, Newcastle (CASTLE): 6/5 → 13/8
2026-02-27T01:10:23.260Z [ODDS]  Draw: 9/4 → 11/5
2026-02-27T01:10:27.769Z [ODDS]  Aston Villa (REALIST): 11/8 → 7/5
2026-02-27T01:10:34.534Z [ODDS]  Draw: 11/5 → 21/10
2026-02-27T01:10:48.966Z [ODDS]  Newcastle (CASTLE): 13/8 → 7/4
2026-02-27T01:10:57.535Z [ODDS]  Draw: 21/10 → 2/1
2026-02-27T01:11:02.045Z [ODDS]  Aston Villa (REALIST): 7/5 → 6/4
2026-02-27T01:11:15.576Z [ODDS]  Draw: 2/1 → 15/8
2026-02-27T01:11:25.496Z [ODDS]  Aston Villa (REALIST): 6/4 → 4/1, Draw: 15/8 → 11/4, Newcastle (CASTLE): 7/4 → 8/15
2026-02-27T01:11:25.496Z [EVENT]  score: 1-0
2026-02-27T01:11:46.244Z [ODDS]  Aston Villa (REALIST): 4/1 → 9/2
2026-02-27T01:11:54.815Z [ODDS]  Newcastle (CASTLE): 8/15 → 1/2
2026-02-27T01:12:18.717Z [ODDS]  Aston Villa (REALIST): 9/2 → 5/1
2026-02-27T01:12:41.720Z [ODDS]  Aston Villa (REALIST): 5/1 → 11/2, Draw: 11/4 → 13/5
2026-02-27T01:12:48.935Z [ODDS]  Newcastle (CASTLE): 1/2 → 4/9
2026-02-27T01:13:27.270Z [ODDS]  Aston Villa (REALIST): 11/2 → 6/1
2026-02-27T01:13:47.569Z [ODDS]  Aston Villa (REALIST): 6/1 → 13/2
2026-02-27T01:13:56.586Z [ODDS]  Newcastle (CASTLE): 4/9 → 2/5
2026-02-27T01:14:07.862Z [ODDS]  Aston Villa (REALIST): 13/2 → 7/1
2026-02-27T01:14:26.804Z [ODDS]  Aston Villa (REALIST): 7/1 → 15/2, Newcastle (CASTLE): 2/5 → 4/11
2026-02-27T01:14:32.668Z [ODDS]  Draw: 13/5 → 11/4
2026-02-27T01:14:43.493Z [ODDS]  Aston Villa (REALIST): 15/2 → 8/1, Newcastle (CASTLE): 4/11 → 1/3
2026-02-27T01:14:49.354Z [ODDS]  Aston Villa (REALIST): 8/1 → 17/2
2026-02-27T01:15:07.394Z [ODDS]  Aston Villa (REALIST): 17/2 → 9/1, Newcastle (CASTLE): 1/3 → 3/10
2026-02-27T01:15:19.122Z [ODDS]  Aston Villa (REALIST): 9/1 → 10/1, Newcastle (CASTLE): 3/10 → 2/7
2026-02-27T01:15:29.945Z [ODDS]  Aston Villa (REALIST): 10/1 → 11/1, Draw: 11/4 → 3/1
2026-02-27T01:15:39.866Z [ODDS]  Newcastle (CASTLE): 2/7 → 1/4
2026-02-27T01:15:43.475Z [ODDS]  Aston Villa (REALIST): 11/1 → 12/1
2026-02-27T01:15:50.239Z [ODDS]  Newcastle (CASTLE): 1/4 → 2/9
2026-02-27T01:15:52.950Z [ODDS]  Draw: 3/1 → 10/3
2026-02-27T01:15:56.111Z [ODDS]  Aston Villa (REALIST): 12/1 → 14/1
2026-02-27T01:16:03.323Z [ODDS]  Newcastle (CASTLE): 2/9 → 1/5
2026-02-27T01:16:10.534Z [ODDS]  Aston Villa (REALIST): 14/1 → 16/1, Draw: 10/3 → 7/2, Newcastle (CASTLE): 1/5 → 2/11
2026-02-27T01:16:16.397Z [ODDS]  Aston Villa (REALIST): 16/1 → 18/1
2026-02-27T01:16:19.105Z [ODDS]  Draw: 7/2 → 15/4, Newcastle (CASTLE): 2/11 → 1/6
2026-02-27T01:16:24.064Z [ODDS]  Aston Villa (REALIST): 18/1 → 20/1
2026-02-27T01:16:31.732Z [ODDS]  Aston Villa (REALIST): 20/1 → 22/1, Draw: 15/4 → 4/1
2026-02-27T01:16:33.987Z [ODDS]  Draw: 4/1 → 9/2, Newcastle (CASTLE): 1/6 → 1/7
