2026-02-26T20:08:08.867Z [ODDS]  IR Reykjavik: 5/4 → 6/5
2026-02-26T20:08:23.299Z [ODDS]  IR Reykjavik: 6/5 → 5/4
2026-02-26T20:08:44.946Z [ODDS]  Grindavik: 6/4 → 7/5
2026-02-26T20:09:20.125Z [ODDS]  Grindavik: 7/5 → 6/4, IR Reykjavik: 5/4 → 6/5
2026-02-26T20:09:37.713Z [ODDS]  Grindavik: 6/4 → 7/5, IR Reykjavik: 6/5 → 13/10
2026-02-26T20:10:14.698Z [ODDS]  Grindavik: 7/5 → 6/4, IR Reykjavik: 13/10 → 6/5
2026-02-26T20:10:26.873Z [ODDS]  Grindavik: 6/4 → 13/8, IR Reykjavik: 6/5 → 11/10
2026-02-26T20:11:00.247Z [ODDS]  Grindavik: 13/8 → 7/4, IR Reykjavik: 11/10 → 21/20
2026-02-26T20:12:21.431Z [ODDS]  Grindavik: 7/4 → 15/8, IR Reykjavik: 21/20 → 1/1
2026-02-26T20:12:44.434Z [ODDS]  Grindavik: 15/8 → 2/1, IR Reykjavik: 1/1 → 20/21
2026-02-26T20:12:47.585Z [ODDS]  Grindavik: 2/1 → 15/8, IR Reykjavik: 20/21 → 1/1
2026-02-26T20:15:38.067Z [ODDS]  Draw: 7/2 → 10/3
2026-02-26T20:15:39.418Z [ODDS]  Grindavik: 15/8 → 21/10, Draw: 10/3 → 7/2, IR Reykjavik: 1/1 → 20/21
2026-02-26T20:15:55.665Z [ODDS]  Grindavik: 21/10 → 2/1, Draw: 7/2 → 10/3
2026-02-26T20:16:04.699Z [ODDS]  Grindavik: 2/1 → 15/8, IR Reykjavik: 20/21 → 1/1
2026-02-26T20:16:30.391Z [ODDS]  IR Reykjavik: 1/1 → 21/20
2026-02-26T20:18:36.223Z [ODDS]  Grindavik: 15/8 → 7/4
2026-02-26T20:19:20.422Z [ODDS]  IR Reykjavik: 21/20 → 11/10
2026-02-26T20:19:34.417Z [ODDS]  Grindavik: 7/4 → 15/8, IR Reykjavik: 11/10 → 21/20
2026-02-26T20:19:42.540Z [ODDS]  Grindavik: 15/8 → 7/4, IR Reykjavik: 21/20 → 11/10
2026-02-26T20:23:44.259Z [ODDS]  IR Reykjavik: 11/10 → 6/5
2026-02-26T20:24:32.067Z [ODDS]  Draw: 10/3 → 3/1
2026-02-26T20:25:07.232Z [ODDS]  Grindavik: 7/4 → 13/8
2026-02-26T20:26:29.313Z [ODDS]  Grindavik: 13/8 → 7/4
2026-02-26T20:27:04.941Z [ODDS]  Grindavik: 7/4 → 8/5, IR Reykjavik: 6/5 → 5/4
2026-02-26T20:27:23.435Z [ODDS]  Grindavik: 8/5 → 13/8, IR Reykjavik: 5/4 → 6/5
2026-02-26T20:27:34.255Z [ODDS]  IR Reykjavik: 6/5 → 5/4
2026-02-26T20:27:54.098Z [ODDS]  Grindavik: 13/8 → 8/5
2026-02-26T20:28:55.887Z [ODDS]  IR Reykjavik: 5/4 → 13/10
2026-02-26T20:28:58.140Z [ODDS]  Grindavik: 8/5 → 6/4
2026-02-26T20:29:08.974Z [ODDS]  Grindavik: 6/4 → 8/5
2026-02-26T20:29:53.617Z [ODDS]  Grindavik: 8/5 → 6/4
2026-02-26T20:30:00.833Z [ODDS]  Grindavik: 6/4 → 7/4, IR Reykjavik: 13/10 → 6/5
2026-02-26T20:30:16.169Z [ODDS]  Grindavik: 7/4 → 13/8, IR Reykjavik: 6/5 → 5/4
2026-02-26T20:30:59.472Z [ODDS]  Grindavik: 13/8 → 8/5, IR Reykjavik: 5/4 → 13/10
2026-02-26T20:31:55.387Z [ODDS]  Grindavik: 8/5 → 6/4
2026-02-26T20:31:59.900Z [ODDS]  Grindavik: 6/4 → 8/5
2026-02-26T20:33:34.163Z [ODDS]  Grindavik: 8/5 → 6/4, IR Reykjavik: 13/10 → 11/8
2026-02-26T20:34:11.612Z [ODDS]  Grindavik: 6/4 → 8/5, IR Reykjavik: 11/8 → 13/10
2026-02-26T20:34:22.417Z [ODDS]  Grindavik: 8/5 → 6/4, IR Reykjavik: 13/10 → 11/8
2026-02-26T20:34:35.497Z [ODDS]  IR Reykjavik: 11/8 → 7/5
2026-02-26T20:34:44.990Z [ODDS]  IR Reykjavik: 7/5 → 11/8
2026-02-26T20:35:22.860Z [ODDS]  IR Reykjavik: 11/8 → 7/5
2026-02-26T20:36:24.637Z [ODDS]  IR Reykjavik: 7/5 → 6/4
2026-02-26T20:36:38.170Z [ODDS]  Grindavik: 6/4 → 7/5
2026-02-26T20:36:44.485Z [ODDS]  Grindavik: 7/5 → 6/4, IR Reykjavik: 6/4 → 7/5
2026-02-26T20:36:54.404Z [ODDS]  Draw: 3/1 → 11/4, IR Reykjavik: 7/5 → 6/4
2026-02-26T20:37:01.171Z [ODDS]  Draw: 11/4 → 3/1
2026-02-26T20:37:09.288Z [ODDS]  Draw: 3/1 → 11/4
2026-02-26T20:37:29.134Z [ODDS]  Draw: 11/4 → 3/1
2026-02-26T20:37:40.410Z [ODDS]  Draw: 3/1 → 11/4
2026-02-26T20:38:27.011Z [ODDS]  Grindavik: 6/4 → 7/5
2026-02-26T20:39:15.265Z [ODDS]  Grindavik: 7/5 → 11/8, IR Reykjavik: 6/4 → 8/5
2026-02-26T20:40:19.760Z [ODDS]  Grindavik: 11/8 → 13/10, IR Reykjavik: 8/5 → 13/8
2026-02-26T20:40:41.408Z [ODDS]  Grindavik: 13/10 → 15/4, Draw: 11/4 → 3/1, IR Reykjavik: 13/8 → 8/13
2026-02-26T20:40:41.408Z [EVENT]  score: 1-1
2026-02-26T20:40:54.035Z [ODDS]  Grindavik: 15/4 → 10/3, Draw: 3/1 → 11/4, IR Reykjavik: 8/13 → 8/11
2026-02-26T20:41:00.801Z [ODDS]  Draw: 11/4 → 3/1
2026-02-26T20:41:43.645Z [ODDS]  Grindavik: 10/3 → 3/1
2026-02-26T20:42:00.801Z [ODDS]  Draw: 3/1 → 11/4
2026-02-26T20:42:05.744Z [ODDS]  Grindavik: 3/1 → 10/3
2026-02-26T20:42:33.259Z [ODDS]  Draw: 11/4 → 3/1
2026-02-26T20:42:33.708Z [ODDS]  Draw: 3/1 → 11/4
2026-02-26T20:43:41.809Z [ODDS]  Grindavik: 10/3 → 7/2, Draw: 11/4 → 3/1, IR Reykjavik: 8/11 → 4/6
2026-02-26T20:44:04.810Z [ODDS]  Draw: 3/1 → 11/4
2026-02-26T20:44:06.615Z [ODDS]  Grindavik: 7/2 → 10/3, IR Reykjavik: 4/6 → 8/11
2026-02-26T21:01:29.539Z [ODDS]  Grindavik: 10/3 → 7/2
2026-02-26T21:01:48.424Z [ODDS]  Grindavik: 7/2 → 10/3
2026-02-26T21:02:06.915Z [ODDS]  Grindavik: 10/3 → 7/2
2026-02-26T21:02:08.269Z [ODDS]  Grindavik: 7/2 → 10/3
2026-02-26T21:02:48.012Z [ODDS]  Grindavik: 10/3 → 7/2, Draw: 11/4 → 13/5
2026-02-26T21:02:54.271Z [ODDS]  Draw: 13/5 → 11/4
2026-02-26T21:02:56.074Z [ODDS]  Draw: 11/4 → 13/5
2026-02-26T21:03:11.870Z [ODDS]  Draw: 13/5 → 11/4
2026-02-26T21:03:28.110Z [ODDS]  Draw: 11/4 → 13/5
2026-02-26T21:03:32.156Z [ODDS]  Grindavik: 7/2 → 10/3, IR Reykjavik: 8/11 → 4/5
2026-02-26T21:03:44.787Z [ODDS]  IR Reykjavik: 4/5 → 8/11
2026-02-26T21:03:55.156Z [ODDS]  Grindavik: 10/3 → 7/2
2026-02-26T21:04:32.144Z [ODDS]  Grindavik: 7/2 → 10/3, Draw: 13/5 → 5/2, IR Reykjavik: 8/11 → 4/5
2026-02-26T21:04:32.597Z [ODDS]  Draw: 5/2 → 13/5
2026-02-26T21:05:30.769Z [ODDS]  Draw: 13/5 → 5/2
2026-02-26T21:06:50.149Z [ODDS]  IR Reykjavik: 4/5 → 5/6
2026-02-26T21:08:08.923Z [ODDS]  Draw: 5/2 → 12/5
2026-02-26T21:10:39.256Z [ODDS]  Draw: 12/5 → 9/4
2026-02-26T21:11:28.801Z [ODDS]  IR Reykjavik: 5/6 → 10/11
2026-02-26T21:12:28.253Z [ODDS]  Grindavik: 10/3 → 10/1, Draw: 9/4 → 5/1, IR Reykjavik: 10/11 → 2/9
2026-02-26T21:12:28.254Z [EVENT]  score: 2-1
2026-02-26T21:13:24.638Z [ODDS]  Draw: 5/1 → 9/2
2026-02-26T21:13:53.941Z [ODDS]  Draw: 9/2 → 5/1
2026-02-26T21:14:44.471Z [ODDS]  Draw: 5/1 → 9/2
2026-02-26T21:15:30.007Z [ODDS]  Draw: 9/2 → 5/1, IR Reykjavik: 2/9 → 1/5
2026-02-26T21:15:58.422Z [ODDS]  Draw: 5/1 → 9/2, IR Reykjavik: 1/5 → 2/9
2026-02-26T21:19:32.648Z [ODDS]  Grindavik: 10/1 → 11/1
2026-02-26T21:19:35.820Z [ODDS]  Draw: 9/2 → 5/1, IR Reykjavik: 2/9 → 1/5
2026-02-26T21:20:10.539Z [ODDS]  Grindavik: 11/1 → 10/1, Draw: 5/1 → 9/2, IR Reykjavik: 1/5 → 2/9
2026-02-26T21:20:15.499Z [ODDS]  Grindavik: 10/1 → 11/1
2026-02-26T21:21:46.147Z [ODDS]  Grindavik: 11/1 → 10/1
2026-02-26T21:22:19.071Z [ODDS]  Grindavik: 10/1 → 11/1
2026-02-26T21:22:56.057Z [ODDS]  IR Reykjavik: 2/9 → 1/5
2026-02-26T21:23:01.917Z [ODDS]  Grindavik: 11/1 → 10/3, Draw: 9/2 → 7/4, IR Reykjavik: 1/5 → 21/20
2026-02-26T21:23:01.917Z [EVENT]  score: 2-2
2026-02-26T21:23:45.229Z [ODDS]  IR Reykjavik: 21/20 → 11/10
2026-02-26T21:25:29.923Z [ODDS]  Grindavik: 10/3 → 7/2, Draw: 7/4 → 13/8
2026-02-26T21:26:33.916Z [ODDS]  Draw: 13/8 → 8/5, IR Reykjavik: 11/10 → 6/5
2026-02-26T21:26:34.479Z [ODDS]  Draw: 8/5 → 13/8
2026-02-26T21:26:51.058Z [ODDS]  Draw: 13/8 → 8/5
2026-02-26T21:27:44.715Z [ODDS]  Draw: 8/5 → 6/4
2026-02-26T21:28:42.447Z [ODDS]  IR Reykjavik: 6/5 → 5/4
2026-02-26T21:28:57.780Z [ODDS]  Grindavik: 7/2 → 15/4, IR Reykjavik: 5/4 → 6/5
2026-02-26T21:30:18.637Z [ODDS]  Draw: 6/4 → 7/5, IR Reykjavik: 6/5 → 5/4
2026-02-26T21:30:40.607Z [ODDS]  Draw: 7/5 → 11/8, IR Reykjavik: 5/4 → 13/10
2026-02-26T21:31:18.495Z [ODDS]  Draw: 11/8 → 13/10
2026-02-26T21:31:34.283Z [ODDS]  IR Reykjavik: 13/10 → 11/8
2026-02-26T21:32:24.342Z [ODDS]  Draw: 13/10 → 5/4
2026-02-26T21:32:35.621Z [ODDS]  IR Reykjavik: 11/8 → 7/5
2026-02-26T21:33:13.952Z [ODDS]  Draw: 5/4 → 6/5
2026-02-26T21:33:48.245Z [ODDS]  IR Reykjavik: 7/5 → 6/4
2026-02-26T21:34:12.584Z [ODDS]  Grindavik: 15/4 → 4/1
2026-02-26T21:34:23.428Z [ODDS]  Draw: 6/5 → 11/10
2026-02-26T21:35:10.775Z [ODDS]  IR Reykjavik: 6/4 → 8/5
2026-02-26T21:35:33.324Z [ODDS]  Draw: 11/10 → 21/20
2026-02-26T21:35:55.934Z [ODDS]  IR Reykjavik: 8/5 → 13/8
2026-02-26T21:36:28.793Z [ODDS]  Draw: 21/20 → 1/1
2026-02-26T21:36:30.593Z [ODDS]  Grindavik: 4/1 → 9/2
2026-02-26T21:36:42.770Z [ODDS]  Draw: 1/1 → 20/21, IR Reykjavik: 13/8 → 7/4
2026-02-26T21:36:44.575Z [ODDS]  IR Reykjavik: 7/4 → 13/8
2026-02-26T21:37:18.851Z [ODDS]  Draw: 20/21 → 10/11, IR Reykjavik: 13/8 → 7/4
2026-02-26T21:38:06.662Z [ODDS]  Draw: 10/11 → 5/6, IR Reykjavik: 7/4 → 15/8
2026-02-26T21:38:14.643Z [ODDS]  Draw: 10/11 → 5/6
2026-02-26T21:38:24.559Z [ODDS]  Draw: 5/6 → 10/11
2026-02-26T21:38:35.835Z [ODDS]  Draw: 10/11 → 5/6
2026-02-26T21:38:36.736Z [ODDS]  Grindavik: 9/2 → 5/1
2026-02-26T21:38:50.724Z [ODDS]  Grindavik: 5/1 → 9/2
2026-02-26T21:39:21.384Z [ODDS]  Draw: 5/6 → 4/5, IR Reykjavik: 15/8 → 2/1
2026-02-26T21:39:29.505Z [ODDS]  Grindavik: 9/2 → 5/1
2026-02-26T21:39:30.404Z [ODDS]  Grindavik: 5/1 → 9/2, Draw: 4/5 → 8/11, IR Reykjavik: 2/1 → 21/10
2026-02-26T21:39:37.621Z [ODDS]  Draw: 8/11 → 4/5, IR Reykjavik: 21/10 → 2/1
2026-02-26T21:39:44.838Z [ODDS]  Grindavik: 9/2 → 25/1, Draw: 4/5 → 11/2, IR Reykjavik: 2/1 → 1/8
2026-02-26T21:39:44.838Z [EVENT]  score: 3-2
2026-02-26T21:39:52.956Z [ODDS]  Draw: 11/2 → 5/1, IR Reykjavik: 1/8 → 1/7
2026-02-26T21:40:24.528Z [ODDS]  IR Reykjavik: 1/7 → 1/8
2026-02-26T21:41:10.987Z [ODDS]  Grindavik: 25/1 → 28/1, Draw: 5/1 → 11/2
2026-02-26T21:41:12.351Z [ODDS]  IR Reykjavik: 1/8 → 1/9
2026-02-26T21:42:43.442Z [ODDS]  Grindavik: 28/1 → 33/1, Draw: 11/2 → 6/1, IR Reykjavik: 1/9 → 1/10
2026-02-26T21:42:56.987Z [ODDS]  Grindavik: 33/1 → 28/1, Draw: 6/1 → 11/2, IR Reykjavik: 1/10 → 1/9
2026-02-26T21:43:17.730Z [ODDS]  Grindavik: 28/1 → 33/1, Draw: 11/2 → 6/1, IR Reykjavik: 1/9 → 1/10
2026-02-26T21:44:18.157Z [ODDS]  Grindavik: 33/1 → 40/1, Draw: 6/1 → 7/1, IR Reykjavik: 1/10 → 1/12
2026-02-26T21:44:53.778Z [ODDS]  Grindavik: 40/1 → 33/1, Draw: 7/1 → 13/2
2026-02-26T21:45:10.915Z [ODDS]  Draw: 13/2 → 7/1
2026-02-26T21:45:23.545Z [ODDS]  Grindavik: 33/1 → 40/1
2026-02-26T21:45:26.704Z [ODDS]  Grindavik: 40/1 → 50/1, Draw: 7/1 → 8/1, IR Reykjavik: 1/12 → 1/14
2026-02-26T21:46:06.387Z [ODDS]  Draw: 8/1 → 9/1, IR Reykjavik: 1/14 → 1/16
2026-02-26T21:46:44.721Z [ODDS]  Draw: 9/1 → 10/1, IR Reykjavik: 1/16 → 1/20
2026-02-26T21:47:05.924Z [ODDS]  Grindavik: 50/1 → 66/1
2026-02-26T21:47:28.962Z [ODDS]  Draw: 10/1 → 12/1, IR Reykjavik: 1/20 → 1/25
2026-02-26T21:47:54.180Z [ODDS]  Grindavik: 66/1 → 80/1
2026-02-26T21:48:11.366Z [ODDS]  IR Reykjavik: 1/25 → 1/28
2026-02-26T21:48:21.240Z [ODDS]  Draw: 12/1 → 14/1, IR Reykjavik: 1/28 → 1/33
2026-02-26T21:48:40.188Z [ODDS]  Grindavik: 80/1 → 100/1
2026-02-26T21:48:59.127Z [ODDS]  Draw: 14/1 → 16/1, IR Reykjavik: 1/33 → 1/40
2026-02-26T21:49:04.539Z [ODDS]  Grindavik: 100/1 → 125/1
