2026-02-26T20:05:03.346Z [ODDS]  Valur Reykjavik: 8/1 → 15/2, IA Akranes: 2/7 → 3/10
2026-02-26T20:05:07.418Z [ODDS]  Valur Reykjavik: 15/2 → 8/1, IA Akranes: 3/10 → 2/7
2026-02-26T20:07:16.395Z [ODDS]  Valur Reykjavik: 8/1 → 17/2
2026-02-26T20:07:21.811Z [ODDS]  Valur Reykjavik: 17/2 → 8/1, IA Akranes: 2/7 → 3/10
2026-02-26T20:07:25.420Z [ODDS]  Valur Reykjavik: 8/1 → 17/2, IA Akranes: 3/10 → 2/7
2026-02-26T20:07:44.812Z [ODDS]  Valur Reykjavik: 17/2 → 8/1
2026-02-26T20:08:44.499Z [ODDS]  Valur Reykjavik: 8/1 → 17/2
2026-02-26T20:08:48.103Z [ODDS]  Valur Reykjavik: 17/2 → 8/1, IA Akranes: 2/7 → 3/10
2026-02-26T20:09:59.825Z [ODDS]  IA Akranes: 3/10 → 2/7
2026-02-26T20:10:44.014Z [ODDS]  Valur Reykjavik: 8/1 → 17/2
2026-02-26T20:10:53.030Z [ODDS]  Valur Reykjavik: 17/2 → 8/1, IA Akranes: 2/7 → 3/10
2026-02-26T20:11:38.582Z [ODDS]  Valur Reykjavik: 8/1 → 17/2
2026-02-26T20:12:25.049Z [ODDS]  IA Akranes: 3/10 → 2/7
2026-02-26T20:13:29.980Z [ODDS]  Valur Reykjavik: 17/2 → 8/1, Draw: 4/1 → 15/4, IA Akranes: 2/7 → 3/10
2026-02-26T20:13:49.383Z [ODDS]  Valur Reykjavik: 8/1 → 17/2
2026-02-26T20:15:09.658Z [ODDS]  IA Akranes: 3/10 → 2/7
2026-02-26T20:15:25.887Z [ODDS]  Valur Reykjavik: 17/2 → 9/1
2026-02-26T20:19:56.952Z [ODDS]  Valur Reykjavik: 9/1 → 10/1
2026-02-26T20:20:43.407Z [ODDS]  Draw: 15/4 → 4/1, IA Akranes: 2/7 → 1/4
2026-02-26T20:20:56.938Z [ODDS]  Draw: 4/1 → 15/4, IA Akranes: 1/4 → 2/7
2026-02-26T20:21:09.111Z [ODDS]  IA Akranes: 2/7 → 1/4
2026-02-26T20:22:08.196Z [ODDS]  Valur Reykjavik: 10/1 → 9/1, IA Akranes: 1/4 → 2/7
2026-02-26T20:22:19.471Z [ODDS]  Valur Reykjavik: 9/1 → 10/1, IA Akranes: 2/7 → 1/4
2026-02-26T20:22:50.138Z [ODDS]  Draw: 15/4 → 4/1
2026-02-26T20:24:24.851Z [ODDS]  Valur Reykjavik: 10/1 → 11/1
2026-02-26T20:27:41.476Z [ODDS]  Valur Reykjavik: 11/1 → 12/1, IA Akranes: 1/4 → 2/9
2026-02-26T20:28:37.133Z [ODDS]  IA Akranes: 2/9 → 1/4
2026-02-26T20:28:50.477Z [ODDS]  IA Akranes: 1/4 → 2/9
2026-02-26T20:28:58.140Z [ODDS]  IA Akranes: 2/9 → 1/4
2026-02-26T20:29:05.356Z [ODDS]  IA Akranes: 1/4 → 2/9
2026-02-26T20:29:24.299Z [ODDS]  Valur Reykjavik: 12/1 → 11/1, Draw: 4/1 → 15/4, IA Akranes: 2/9 → 1/4
2026-02-26T20:29:26.102Z [ODDS]  Valur Reykjavik: 11/1 → 12/1, Draw: 15/4 → 4/1, IA Akranes: 1/4 → 2/9
2026-02-26T20:29:42.790Z [ODDS]  IA Akranes: 2/9 → 1/4
2026-02-26T20:31:00.819Z [ODDS]  IA Akranes: 1/4 → 2/9
2026-02-26T20:31:14.799Z [ODDS]  IA Akranes: 2/9 → 1/4
2026-02-26T20:31:16.605Z [ODDS]  IA Akranes: 1/4 → 2/9
2026-02-26T20:31:27.877Z [ODDS]  Valur Reykjavik: 12/1 → 14/1
2026-02-26T20:33:49.496Z [ODDS]  Valur Reykjavik: 14/1 → 12/1, Draw: 4/1 → 15/4
2026-02-26T20:34:16.104Z [ODDS]  Valur Reykjavik: 12/1 → 14/1, Draw: 15/4 → 4/1
2026-02-26T20:34:58.049Z [ODDS]  Valur Reykjavik: 14/1 → 16/1, IA Akranes: 2/9 → 1/5
2026-02-26T20:35:22.404Z [ODDS]  Valur Reykjavik: 16/1 → 14/1
2026-02-26T20:35:54.879Z [ODDS]  Valur Reykjavik: 14/1 → 16/1
2026-02-26T20:37:14.700Z [ODDS]  Valur Reykjavik: 16/1 → 18/1, Draw: 4/1 → 9/2, IA Akranes: 1/5 → 2/11
2026-02-26T20:38:17.985Z [ODDS]  Valur Reykjavik: 18/1 → 20/1
2026-02-26T20:38:24.750Z [ODDS]  Valur Reykjavik: 20/1 → 18/1
2026-02-26T20:38:39.643Z [ODDS]  Valur Reykjavik: 18/1 → 20/1
2026-02-26T20:39:06.259Z [ODDS]  IA Akranes: 2/11 → 1/6
2026-02-26T20:39:24.287Z [ODDS]  Valur Reykjavik: 20/1 → 18/1, Draw: 9/2 → 4/1, IA Akranes: 1/6 → 1/5
2026-02-26T20:40:02.625Z [ODDS]  Valur Reykjavik: 18/1 → 20/1, IA Akranes: 1/5 → 2/11
2026-02-26T20:40:03.996Z [ODDS]  Valur Reykjavik: 20/1 → 22/1, Draw: 4/1 → 9/2, IA Akranes: 2/11 → 1/6
2026-02-26T20:41:10.722Z [ODDS]  Valur Reykjavik: 22/1 → 20/1
2026-02-26T20:41:17.036Z [ODDS]  Valur Reykjavik: 20/1 → 22/1
2026-02-26T20:42:04.859Z [ODDS]  Valur Reykjavik: 22/1 → 25/1, IA Akranes: 1/6 → 1/7
2026-02-26T20:44:06.615Z [ODDS]  Draw: 9/2 → 5/1
2026-02-26T20:44:16.537Z [ODDS]  Valur Reykjavik: 25/1 → 28/1
2026-02-26T20:44:42.695Z [ODDS]  IA Akranes: 1/7 → 1/8
2026-02-26T20:45:16.971Z [ODDS]  Valur Reykjavik: 28/1 → 33/1, Draw: 5/1 → 11/2, IA Akranes: 1/8 → 1/9
2026-02-26T20:45:58.466Z [ODDS]  Valur Reykjavik: 33/1 → 28/1, Draw: 11/2 → 5/1, IA Akranes: 1/9 → 1/8
2026-02-26T20:46:17.407Z [ODDS]  Valur Reykjavik: 28/1 → 33/1, Draw: 5/1 → 11/2, IA Akranes: 1/8 → 1/9
2026-02-26T20:46:38.603Z [ODDS]  Draw: 11/2 → 6/1, IA Akranes: 1/9 → 1/10
2026-02-26T20:47:08.379Z [ODDS]  Valur Reykjavik: 33/1 → 40/1
2026-02-26T20:47:19.202Z [ODDS]  Draw: 6/1 → 13/2, IA Akranes: 1/10 → 1/12
2026-02-26T20:47:23.261Z [ODDS]  Draw: 13/2 → 6/1, IA Akranes: 1/12 → 1/10
2026-02-26T20:47:42.655Z [ODDS]  Draw: 6/1 → 13/2, IA Akranes: 1/10 → 1/12
2026-02-26T20:47:58.979Z [ODDS]  Draw: 13/2 → 7/1
2026-02-26T20:48:38.218Z [ODDS]  Valur Reykjavik: 40/1 → 50/1
2026-02-26T20:49:00.316Z [ODDS]  Draw: 7/1 → 8/1, IA Akranes: 1/12 → 1/14
2026-02-26T20:49:46.319Z [ODDS]  Draw: 8/1 → 9/1, IA Akranes: 1/14 → 1/16
2026-02-26T20:50:26.481Z [ODDS]  Valur Reykjavik: 50/1 → 66/1, Draw: 9/1 → 10/1, IA Akranes: 1/16 → 1/20
2026-02-26T20:51:01.658Z [ODDS]  Draw: 10/1 → 12/1, IA Akranes: 1/20 → 1/25
2026-02-26T20:51:21.050Z [ODDS]  Valur Reykjavik: 66/1 → 80/1
2026-02-26T20:51:39.090Z [ODDS]  IA Akranes: 1/25 → 1/28
2026-02-26T20:51:50.368Z [ODDS]  Draw: 12/1 → 14/1, IA Akranes: 1/28 → 1/33
2026-02-26T20:52:01.194Z [ODDS]  Valur Reykjavik: 80/1 → 100/1
2026-02-26T20:52:17.881Z [ODDS]  Draw: 14/1 → 16/1, IA Akranes: 1/33 → 1/40
2026-02-26T20:52:44.497Z [ODDS]  Valur Reykjavik: 100/1 → 150/1, Draw: 16/1 → 18/1, IA Akranes: 1/40 → 1/50
