2026-02-26T20:50:07.087Z [ODDS]  Barcelona (Kolesya): 3/1 → 10/3
2026-02-26T20:50:17.460Z [ODDS]  Bayern (Yerema): 8/15 → 1/2
2026-02-26T20:50:27.832Z [ODDS]  Barcelona (Kolesya): 10/3 → 7/2
2026-02-26T20:50:37.754Z [ODDS]  Barcelona (Kolesya): 7/2 → 15/4
2026-02-26T20:50:48.129Z [ODDS]  Barcelona (Kolesya): 15/4 → 4/1, Bayern (Yerema): 1/2 → 4/9
2026-02-26T20:51:08.873Z [ODDS]  Barcelona (Kolesya): 4/1 → 9/2, Bayern (Yerema): 4/9 → 2/5
2026-02-26T20:51:29.168Z [ODDS]  Barcelona (Kolesya): 9/2 → 5/1, Draw: 7/2 → 15/4, Bayern (Yerema): 2/5 → 4/11
2026-02-26T20:51:39.541Z [ODDS]  Barcelona (Kolesya): 5/1 → 11/2, Bayern (Yerema): 4/11 → 1/3
2026-02-26T20:51:49.914Z [ODDS]  Barcelona (Kolesya): 11/2 → 6/1
2026-02-26T20:52:06.156Z [ODDS]  Bayern (Yerema): 1/3 → 3/10
2026-02-26T20:52:16.080Z [ODDS]  Barcelona (Kolesya): 6/1 → 13/2, Draw: 15/4 → 4/1, Bayern (Yerema): 3/10 → 2/7
2026-02-26T20:52:26.451Z [ODDS]  Barcelona (Kolesya): 13/2 → 7/1, Bayern (Yerema): 2/7 → 1/4
2026-02-26T20:52:36.833Z [ODDS]  Barcelona (Kolesya): 7/1 → 15/2, Bayern (Yerema): 1/4 → 2/9
2026-02-26T20:52:46.757Z [ODDS]  Barcelona (Kolesya): 15/2 → 8/1, Draw: 4/1 → 9/2
2026-02-26T20:52:57.126Z [ODDS]  Barcelona (Kolesya): 8/1 → 9/1, Bayern (Yerema): 2/9 → 2/11
2026-02-26T20:52:59.833Z [ODDS]  Barcelona (Kolesya): 9/1 → 14/1, Draw: 9/2 → 10/1, Bayern (Yerema): 2/11 → 1/22
2026-02-26T20:52:59.833Z [EVENT]  score: 4-1
2026-02-26T20:53:10.207Z [ODDS]  Barcelona (Kolesya): 14/1 → 16/1, Draw: 10/1 → 12/1, Bayern (Yerema): 1/22 → 1/25
2026-02-26T20:53:11.565Z [ODDS]  Barcelona (Kolesya): 16/1 → 10/1, Draw: 12/1 → 5/1, Bayern (Yerema): 1/25 → 1/7
2026-02-26T20:53:11.565Z [EVENT]  score: 4-2
2026-02-26T20:53:21.930Z [ODDS]  Barcelona (Kolesya): 10/1 → 11/1
2026-02-26T20:53:32.306Z [ODDS]  Barcelona (Kolesya): 11/1 → 12/1, Draw: 5/1 → 11/2, Bayern (Yerema): 1/7 → 1/9
2026-02-26T20:53:42.227Z [ODDS]  Barcelona (Kolesya): 12/1 → 14/1, Draw: 11/2 → 6/1, Bayern (Yerema): 1/9 → 1/10
2026-02-26T20:54:02.523Z [ODDS]  Barcelona (Kolesya): 14/1 → 16/1, Draw: 6/1 → 7/1, Bayern (Yerema): 1/10 → 1/12
2026-02-26T20:54:12.894Z [ODDS]  Barcelona (Kolesya): 16/1 → 20/1, Draw: 7/1 → 9/1, Bayern (Yerema): 1/12 → 1/16
