2026-02-27T01:08:23.004Z [ODDS]  Real Esteli: 2/11 → 1/6
2026-02-27T01:09:35.453Z [ODDS]  Real Esteli: 1/6 → 2/11
2026-02-27T01:10:27.318Z [ODDS]  Real Madriz FC: 17/2 → 10/1
2026-02-27T01:10:47.612Z [ODDS]  Real Madriz FC: 10/1 → 17/2
2026-02-27T01:15:08.296Z [ODDS]  Real Madriz FC: 17/2 → 9/1
2026-02-27T01:16:02.867Z [ODDS]  Draw: 11/2 → 5/1
2026-02-27T01:18:50.190Z [ODDS]  Real Esteli: 2/11 → 1/5
2026-02-27T01:25:45.111Z [ODDS]  Draw: 5/1 → 9/2
2026-02-27T01:28:49.577Z [ODDS]  Real Esteli: 1/5 → 2/9
2026-02-27T01:29:28.814Z [ODDS]  Real Madriz FC: 9/1 → 17/2
2026-02-27T01:32:29.216Z [ODDS]  Draw: 9/2 → 4/1
2026-02-27T01:33:40.487Z [ODDS]  Real Esteli: 2/9 → 1/4
2026-02-27T01:34:14.750Z [ODDS]  Real Madriz FC: 17/2 → 20/1, Draw: 4/1 → 12/1, Real Esteli: 1/4 → 1/25
2026-02-27T01:34:14.750Z [EVENT]  score: 1-0
2026-02-27T01:36:09.310Z [ODDS]  Draw: 12/1 → 11/1, Real Esteli: 1/25 → 1/22
2026-02-27T01:38:02.962Z [ODDS]  Real Madriz FC: 20/1 → 28/1, Draw: 11/1 → 25/1, Real Esteli: 1/22 → 1/125
2026-02-27T01:38:02.962Z [EVENT]  score: 2-0
2026-02-27T01:46:44.578Z [ODDS]  Draw: 25/1 → 28/1, Real Esteli: 1/125 → 1/150
2026-02-27T02:07:19.590Z [ODDS]  Real Madriz FC: 28/1 → 33/1
2026-02-27T02:11:16.273Z [ODDS]  Real Madriz FC: 33/1 → 40/1
2026-02-27T02:12:58.650Z [ODDS]  Real Madriz FC: 40/1 → 50/1
2026-02-27T02:14:01.343Z [ODDS]  Draw: 28/1 → 33/1, Real Esteli: 1/150 → 1/200
2026-02-27T02:18:43.671Z [EVENT]  score: 3-0
2026-02-27T02:38:46.918Z [ODDS]  Real Esteli: 13/8 → 7/4
2026-02-27T02:39:09.016Z [ODDS]  Draw: 1/2 → 4/9
2026-02-27T02:39:29.833Z [ODDS]  Real Esteli: 7/4 → 15/8
2026-02-27T02:40:00.431Z [ODDS]  Draw: 4/9 → 2/5, Real Esteli: 15/8 → 2/1
2026-02-27T02:40:35.159Z [ODDS]  Real Esteli: 2/1 → 21/10
2026-02-27T02:40:45.531Z [ODDS]  Real Madriz FC: 12/1 → 14/1, Draw: 2/5 → 4/11, Real Esteli: 21/10 → 9/4
2026-02-27T02:40:55.906Z [ODDS]  Draw: 4/11 → 2/5, Real Esteli: 9/4 → 2/1
2026-02-27T02:41:07.181Z [ODDS]  Draw: 2/5 → 4/11, Real Esteli: 2/1 → 21/10
2026-02-27T02:41:23.419Z [ODDS]  Draw: 4/11 → 1/3, Real Esteli: 21/10 → 12/5
2026-02-27T02:42:05.361Z [ODDS]  Draw: 1/3 → 3/10, Real Esteli: 12/5 → 13/5
2026-02-27T02:42:31.067Z [ODDS]  Draw: 3/10 → 2/7, Real Esteli: 13/5 → 11/4
2026-02-27T02:42:59.029Z [ODDS]  Draw: 2/7 → 1/4, Real Esteli: 11/4 → 3/1
2026-02-27T02:43:24.287Z [ODDS]  Real Madriz FC: 14/1 → 16/1
2026-02-27T02:43:29.247Z [ODDS]  Real Esteli: 3/1 → 10/3
2026-02-27T02:43:39.488Z [ODDS]  Draw: 1/4 → 2/9
2026-02-27T02:43:59.915Z [ODDS]  Real Esteli: 10/3 → 7/2
2026-02-27T02:44:20.219Z [ODDS]  Draw: 2/9 → 1/5, Real Esteli: 7/2 → 15/4
2026-02-27T02:44:40.505Z [ODDS]  Real Madriz FC: 16/1 → 18/1, Real Esteli: 15/4 → 4/1
2026-02-27T02:44:41.409Z [ODDS]  Draw: 1/5 → 1/6
2026-02-27T02:45:03.061Z [ODDS]  Real Esteli: 4/1 → 9/2
2026-02-27T02:45:19.297Z [ODDS]  Draw: 1/6 → 1/7
2026-02-27T02:45:40.497Z [ODDS]  Real Esteli: 9/2 → 5/1
2026-02-27T02:45:58.989Z [ODDS]  Draw: 1/7 → 1/8, Real Esteli: 5/1 → 11/2
2026-02-27T02:46:17.031Z [ODDS]  Real Madriz FC: 18/1 → 20/1, Draw: 1/8 → 1/9, Real Esteli: 11/2 → 6/1
2026-02-27T02:46:36.877Z [ODDS]  Draw: 1/9 → 1/10
2026-02-27T02:46:41.839Z [ODDS]  Real Esteli: 6/1 → 7/1
2026-02-27T02:46:43.192Z [ODDS]  Draw: 1/10 → 1/9, Real Esteli: 7/1 → 11/2
2026-02-27T02:47:03.488Z [ODDS]  Draw: 1/9 → 1/10, Real Esteli: 11/2 → 6/1
2026-02-27T02:47:13.862Z [ODDS]  Real Madriz FC: 20/1 → 22/1, Real Esteli: 6/1 → 7/1
2026-02-27T02:47:34.608Z [ODDS]  Draw: 1/10 → 1/12, Real Esteli: 7/1 → 8/1
2026-02-27T02:47:44.981Z [ODDS]  Real Madriz FC: 22/1 → 0/0, Draw: 1/12 → 1/14, Real Esteli: 8/1 → 0/0
2026-02-27T02:47:53.099Z [ODDS]  Draw: 1/14 → 1/20
2026-02-27T02:48:13.846Z [ODDS]  Draw: 1/20 → 1/25
2026-02-27T02:48:29.629Z [ODDS]  Real Madriz FC: 0/0 → 18/1, Draw: 1/25 → 1/7, Real Esteli: 0/0 → 9/2
2026-02-27T02:48:52.637Z [ODDS]  Real Esteli: 9/2 → 5/1
2026-02-27T02:49:15.181Z [ODDS]  Draw: 1/7 → 1/8, Real Esteli: 5/1 → 11/2
2026-02-27T02:49:26.009Z [ODDS]  Draw: 1/8 → 1/9
2026-02-27T02:49:33.671Z [ODDS]  Real Madriz FC: 18/1 → 20/1, Draw: 1/9 → 1/8, Real Esteli: 11/2 → 5/1
2026-02-27T02:49:50.359Z [ODDS]  Draw: 1/8 → 1/9, Real Esteli: 5/1 → 11/2
2026-02-27T02:50:11.556Z [ODDS]  Draw: 1/9 → 1/10, Real Esteli: 11/2 → 6/1
2026-02-27T02:50:13.361Z [ODDS]  Draw: 1/10 → 1/12, Real Esteli: 6/1 → 8/1
2026-02-27T02:50:23.733Z [ODDS]  Draw: 1/12 → 1/14
2026-02-27T02:50:30.948Z [ODDS]  Real Esteli: 8/1 → 9/1
2026-02-27T02:50:51.697Z [ODDS]  Draw: 1/14 → 1/16, Real Esteli: 9/1 → 10/1
2026-02-27T02:51:05.679Z [ODDS]  Draw: 1/16 → 1/20
2026-02-27T02:51:26.427Z [ODDS]  Draw: 1/20 → 1/25, Real Esteli: 10/1 → 12/1
2026-02-27T02:51:41.763Z [ODDS]  Draw: 1/25 → 1/40, Real Esteli: 12/1 → 14/1
2026-02-27T02:51:45.372Z [ODDS]  Real Esteli: 14/1 → 16/1
2026-02-27T02:51:47.630Z [ODDS]  Real Madriz FC: 20/1 → 25/1, Draw: 1/40 → 1/25, Real Esteli: 16/1 → 12/1
2026-02-27T02:52:08.374Z [ODDS]  Real Madriz FC: 25/1 → 0/0, Draw: 1/25 → 1/33, Real Esteli: 12/1 → 0/0
2026-02-27T02:52:16.943Z [ODDS]  Draw: 1/33 → 1/40
2026-02-27T02:52:22.354Z [ODDS]  Draw: 1/40 → 1/200
2026-02-27T02:52:22.806Z [ODDS]  Draw: 1/200 → 0/0
