2026-02-26T19:47:15.325Z [ODDS]  Damac FC: 4/6 → 8/13, Draw: 12/5 → 5/2, Al Fateh SC: 9/2 → 5/1
2026-02-26T19:47:27.956Z [ODDS]  Damac FC: 8/13 → 4/6, Draw: 5/2 → 12/5, Al Fateh SC: 5/1 → 9/2
2026-02-26T19:47:29.761Z [ODDS]  Al Fateh SC: 9/2 → 5/1
2026-02-26T19:47:31.175Z [ODDS]  Al Fateh SC: 5/1 → 9/2
2026-02-26T19:47:56.817Z [ODDS]  Al Fateh SC: 9/2 → 5/1
2026-02-26T19:49:17.545Z [ODDS]  Al Fateh SC: 5/1 → 9/2
2026-02-26T19:49:46.412Z [ODDS]  Damac FC: 4/6 → 2/1, Draw: 12/5 → 7/4, Al Fateh SC: 9/2 → 7/4
2026-02-26T19:50:50.453Z [ODDS]  Damac FC: 2/1 → 4/6, Draw: 7/4 → 12/5, Al Fateh SC: 7/4 → 9/2
2026-02-26T19:51:30.142Z [ODDS]  Al Fateh SC: 9/2 → 5/1
2026-02-26T19:52:08.926Z [ODDS]  Al Fateh SC: 5/1 → 9/2
2026-02-26T19:52:13.900Z [ODDS]  Al Fateh SC: 9/2 → 5/1
2026-02-26T19:53:48.603Z [ODDS]  Al Fateh SC: 5/1 → 9/2
2026-02-26T19:54:41.864Z [ODDS]  Al Fateh SC: 9/2 → 5/1
2026-02-26T19:54:49.940Z [ODDS]  Al Fateh SC: 5/1 → 9/2
2026-02-26T19:54:51.292Z [ODDS]  Al Fateh SC: 9/2 → 5/1
2026-02-26T19:57:02.577Z [ODDS]  Al Fateh SC: 5/1 → 9/2
2026-02-26T20:09:16.068Z [ODDS]  Al Fateh SC: 9/2 → 5/1
2026-02-26T20:09:57.560Z [ODDS]  Draw: 12/5 → 9/4, Al Fateh SC: 5/1 → 9/2
2026-02-26T20:11:40.846Z [ODDS]  Al Fateh SC: 9/2 → 5/1
2026-02-26T20:11:46.249Z [ODDS]  Draw: 9/4 → 12/5
2026-02-26T20:12:26.390Z [ODDS]  Damac FC: 4/6 → 8/13, Al Fateh SC: 5/1 → 11/2
2026-02-26T20:13:03.376Z [ODDS]  Damac FC: 8/13 → 4/6, Al Fateh SC: 11/2 → 5/1
2026-02-26T20:14:03.356Z [ODDS]  Draw: 12/5 → 9/4
2026-02-26T20:14:18.690Z [ODDS]  Damac FC: 4/6 → 8/13, Draw: 9/4 → 12/5, Al Fateh SC: 5/1 → 11/2
2026-02-26T20:14:48.003Z [ODDS]  Damac FC: 8/13 → 4/6, Draw: 12/5 → 9/4, Al Fateh SC: 11/2 → 5/1
2026-02-26T20:15:38.517Z [ODDS]  Al Fateh SC: 5/1 → 11/2
2026-02-26T20:15:41.675Z [ODDS]  Al Fateh SC: 11/2 → 5/1
2026-02-26T20:15:48.899Z [ODDS]  Al Fateh SC: 5/1 → 11/2
2026-02-26T20:15:50.700Z [ODDS]  Al Fateh SC: 11/2 → 5/1
2026-02-26T20:16:11.448Z [ODDS]  Al Fateh SC: 5/1 → 11/2
2026-02-26T20:16:49.783Z [ODDS]  Damac FC: 4/6 → 8/13, Draw: 9/4 → 12/5
2026-02-26T20:17:11.883Z [ODDS]  Draw: 12/5 → 9/4
2026-02-26T20:17:15.949Z [ODDS]  Draw: 9/4 → 12/5
2026-02-26T20:17:36.715Z [ODDS]  Draw: 12/5 → 9/4
2026-02-26T20:18:03.301Z [ODDS]  Damac FC: 8/13 → 4/6
2026-02-26T20:18:22.693Z [ODDS]  Damac FC: 4/6 → 8/13
2026-02-26T20:18:44.794Z [ODDS]  Draw: 9/4 → 12/5, Al Fateh SC: 11/2 → 6/1
2026-02-26T20:19:08.701Z [ODDS]  Draw: 12/5 → 9/4
2026-02-26T20:19:21.322Z [ODDS]  Al Fateh SC: 6/1 → 11/2
2026-02-26T20:19:35.756Z [ODDS]  Draw: 9/4 → 12/5, Al Fateh SC: 11/2 → 6/1
2026-02-26T20:19:43.900Z [ODDS]  Draw: 12/5 → 9/4
2026-02-26T20:20:24.918Z [ODDS]  Damac FC: 8/13 → 4/7
2026-02-26T20:20:42.052Z [ODDS]  Draw: 9/4 → 12/5, Al Fateh SC: 6/1 → 13/2
2026-02-26T20:20:51.072Z [ODDS]  Damac FC: 4/7 → 8/13, Draw: 12/5 → 9/4, Al Fateh SC: 13/2 → 6/1
2026-02-26T20:20:58.291Z [ODDS]  Damac FC: 8/13 → 4/7, Draw: 9/4 → 12/5, Al Fateh SC: 6/1 → 13/2
2026-02-26T20:21:00.995Z [ODDS]  Damac FC: 4/7 → 8/13, Draw: 12/5 → 9/4, Al Fateh SC: 13/2 → 6/1
2026-02-26T20:21:02.803Z [ODDS]  Damac FC: 8/13 → 4/7
2026-02-26T20:21:24.447Z [ODDS]  Draw: 9/4 → 12/5, Al Fateh SC: 6/1 → 13/2
2026-02-26T20:21:49.253Z [ODDS]  Draw: 12/5 → 9/4
2026-02-26T20:23:32.991Z [ODDS]  Damac FC: 4/7 → 8/15, Draw: 9/4 → 12/5, Al Fateh SC: 13/2 → 7/1
2026-02-26T20:23:59.143Z [ODDS]  Damac FC: 8/15 → 4/7, Draw: 12/5 → 9/4
2026-02-26T20:24:05.907Z [ODDS]  Al Fateh SC: 7/1 → 13/2
2026-02-26T20:24:09.967Z [ODDS]  Damac FC: 4/7 → 8/15, Draw: 9/4 → 12/5, Al Fateh SC: 13/2 → 7/1
2026-02-26T20:25:07.232Z [ODDS]  Draw: 12/5 → 9/4
2026-02-26T20:25:20.305Z [ODDS]  Draw: 9/4 → 12/5
2026-02-26T20:26:00.895Z [ODDS]  Damac FC: 8/15 → 4/7, Draw: 12/5 → 9/4
2026-02-26T20:26:26.154Z [ODDS]  Damac FC: 4/7 → 8/15
2026-02-26T20:26:52.315Z [ODDS]  Draw: 9/4 → 12/5, Al Fateh SC: 7/1 → 15/2
2026-02-26T20:27:17.568Z [ODDS]  Draw: 12/5 → 9/4, Al Fateh SC: 15/2 → 7/1
2026-02-26T20:27:29.295Z [ODDS]  Draw: 9/4 → 12/5, Al Fateh SC: 7/1 → 15/2
2026-02-26T20:28:25.223Z [ODDS]  Damac FC: 8/15 → 4/7, Draw: 12/5 → 9/4, Al Fateh SC: 15/2 → 7/1
2026-02-26T20:28:29.729Z [ODDS]  Damac FC: 4/7 → 8/15, Draw: 9/4 → 12/5, Al Fateh SC: 7/1 → 15/2
2026-02-26T20:28:35.147Z [ODDS]  Draw: 12/5 → 9/4
2026-02-26T20:28:44.161Z [ODDS]  Draw: 9/4 → 12/5, Al Fateh SC: 15/2 → 8/1
2026-02-26T20:29:21.594Z [ODDS]  Damac FC: 8/15 → 1/2
2026-02-26T20:30:03.089Z [ODDS]  Al Fateh SC: 8/1 → 17/2
2026-02-26T20:30:26.540Z [ODDS]  Al Fateh SC: 17/2 → 8/1
2026-02-26T20:30:40.069Z [ODDS]  Al Fateh SC: 8/1 → 17/2
2026-02-26T20:32:05.312Z [ODDS]  Al Fateh SC: 17/2 → 8/1
2026-02-26T20:32:30.568Z [ODDS]  Al Fateh SC: 8/1 → 9/1
2026-02-26T20:33:42.731Z [ODDS]  Al Fateh SC: 9/1 → 17/2
2026-02-26T20:34:36.864Z [ODDS]  Al Fateh SC: 17/2 → 9/1
2026-02-26T20:35:28.264Z [ODDS]  Al Fateh SC: 9/1 → 10/1
2026-02-26T20:35:39.990Z [ODDS]  Damac FC: 1/2 → 4/9
2026-02-26T20:36:34.117Z [ODDS]  Al Fateh SC: 10/1 → 11/1
2026-02-26T20:36:57.111Z [ODDS]  Damac FC: 4/9 → 5/6, Draw: 12/5 → 15/8, Al Fateh SC: 11/1 → 5/1
2026-02-26T20:37:07.934Z [ODDS]  Damac FC: 5/6 → 4/5
2026-02-26T20:37:12.895Z [ODDS]  Damac FC: 4/5 → 4/1, Draw: 15/8 → 1/1, Al Fateh SC: 5/1 → 13/8
2026-02-26T20:38:00.715Z [ODDS]  Draw: 1/1 → 21/20, Al Fateh SC: 13/8 → 6/4
2026-02-26T20:38:27.461Z [ODDS]  Damac FC: 4/1 → 10/1, Draw: 21/20 → 10/11, Al Fateh SC: 6/4 → 6/5
2026-02-26T20:38:27.461Z [EVENT]  score: 1-1
2026-02-26T20:38:37.837Z [ODDS]  Damac FC: 10/1 → 17/2, Draw: 10/11 → 8/11, Al Fateh SC: 6/5 → 8/5
2026-02-26T20:38:45.501Z [ODDS]  Damac FC: 17/2 → 8/1
2026-02-26T20:38:52.715Z [ODDS]  Al Fateh SC: 8/5 → 13/8
2026-02-26T20:38:54.519Z [ODDS]  Damac FC: 8/1 → 17/2
2026-02-26T20:39:14.364Z [ODDS]  Damac FC: 17/2 → 8/1, Al Fateh SC: 13/8 → 8/5
2026-02-26T20:39:17.519Z [ODDS]  Al Fateh SC: 8/5 → 13/8
2026-02-26T20:39:18.880Z [ODDS]  Al Fateh SC: 13/8 → 8/5
2026-02-26T20:39:38.265Z [ODDS]  Damac FC: 8/1 → 17/2
2026-02-26T20:39:40.071Z [ODDS]  Damac FC: 17/2 → 7/1, Al Fateh SC: 8/5 → 13/8
2026-02-26T20:40:02.625Z [ODDS]  Al Fateh SC: 13/8 → 7/4
2026-02-26T20:40:04.879Z [ODDS]  Damac FC: 7/1 → 17/2, Al Fateh SC: 7/4 → 13/8
2026-02-26T20:40:24.269Z [ODDS]  Al Fateh SC: 13/8 → 8/5
2026-02-26T20:40:55.849Z [ODDS]  Al Fateh SC: 8/5 → 13/8
2026-02-26T20:41:20.212Z [ODDS]  Draw: 8/11 → 4/6, Al Fateh SC: 13/8 → 7/4
2026-02-26T20:41:23.350Z [ODDS]  Damac FC: 17/2 → 9/1
2026-02-26T20:41:39.586Z [ODDS]  Al Fateh SC: 7/4 → 13/8
2026-02-26T20:41:56.726Z [ODDS]  Damac FC: 9/1 → 10/1, Draw: 4/6 → 8/11, Al Fateh SC: 13/8 → 8/5
2026-02-26T20:42:02.587Z [ODDS]  Damac FC: 10/1 → 15/2, Draw: 8/11 → 4/6, Al Fateh SC: 8/5 → 7/4
2026-02-26T20:42:05.744Z [ODDS]  Damac FC: 15/2 → 8/1
2026-02-26T20:42:20.176Z [ODDS]  Damac FC: 8/1 → 9/1, Al Fateh SC: 7/4 → 13/8
2026-02-26T20:42:22.882Z [ODDS]  Al Fateh SC: 13/8 → 7/4
2026-02-26T20:42:28.746Z [ODDS]  Damac FC: 9/1 → 10/1, Al Fateh SC: 7/4 → 13/8
2026-02-26T20:42:45.891Z [ODDS]  Damac FC: 10/1 → 9/1, Al Fateh SC: 13/8 → 7/4
2026-02-26T20:43:15.651Z [ODDS]  Damac FC: 9/1 → 15/2
2026-02-26T20:43:22.417Z [ODDS]  Al Fateh SC: 7/4 → 15/8
2026-02-26T20:43:48.125Z [ODDS]  Damac FC: 15/2 → 9/1, Draw: 4/6 → 8/13, Al Fateh SC: 15/8 → 7/4
2026-02-26T20:43:58.952Z [ODDS]  Damac FC: 9/1 → 10/1
2026-02-26T20:44:37.734Z [ODDS]  Al Fateh SC: 7/4 → 15/8
2026-02-26T20:44:57.581Z [ODDS]  Draw: 8/13 → 4/7
2026-02-26T20:45:09.304Z [ODDS]  Damac FC: 10/1 → 17/2, Draw: 4/7 → 8/13
2026-02-26T20:45:16.521Z [ODDS]  Al Fateh SC: 15/8 → 2/1
2026-02-26T20:45:39.521Z [ODDS]  Draw: 8/13 → 4/7
2026-02-26T20:46:00.725Z [ODDS]  Damac FC: 17/2 → 11/1, Draw: 4/7 → 8/15
2026-02-26T20:46:03.876Z [ODDS]  Damac FC: 11/1 → 12/1, Draw: 8/15 → 1/2, Al Fateh SC: 2/1 → 21/10
2026-02-26T20:46:09.288Z [ODDS]  Damac FC: 12/1 → 10/1
2026-02-26T20:46:26.443Z [ODDS]  Damac FC: 10/1 → 11/1, Al Fateh SC: 21/10 → 11/5
2026-02-26T20:46:42.677Z [ODDS]  Al Fateh SC: 11/5 → 9/4
2026-02-26T20:46:54.842Z [ODDS]  Damac FC: 11/1 → 12/1, Draw: 1/2 → 4/9
2026-02-26T20:47:04.313Z [ODDS]  Damac FC: 12/1 → 11/1
2026-02-26T20:47:16.501Z [ODDS]  Al Fateh SC: 9/4 → 12/5
2026-02-26T20:47:25.513Z [ODDS]  Damac FC: 11/1 → 12/1
2026-02-26T20:47:46.720Z [ODDS]  Damac FC: 12/1 → 11/1, Al Fateh SC: 12/5 → 5/2
2026-02-26T20:48:04.842Z [ODDS]  Damac FC: 11/1 → 12/1, Draw: 4/9 → 2/5
2026-02-26T20:48:26.941Z [ODDS]  Al Fateh SC: 5/2 → 13/5
2026-02-26T20:48:43.634Z [ODDS]  Damac FC: 12/1 → 14/1
2026-02-26T20:48:46.353Z [ODDS]  Damac FC: 14/1 → 12/1, Draw: 2/5 → 4/11, Al Fateh SC: 13/5 → 11/4
2026-02-26T20:48:48.141Z [ODDS]  Draw: 4/11 → 2/5
2026-02-26T20:48:56.710Z [ODDS]  Damac FC: 12/1 → 14/1, Draw: 2/5 → 4/11
2026-02-26T20:49:38.208Z [ODDS]  Damac FC: 14/1 → 10/1
2026-02-26T20:49:42.711Z [ODDS]  Al Fateh SC: 11/4 → 3/1
2026-02-26T20:50:06.636Z [ODDS]  Damac FC: 12/1 → 14/1
2026-02-26T20:50:24.229Z [ODDS]  Draw: 3/10 → 1/3, Al Fateh SC: 10/3 → 3/1
2026-02-26T20:50:30.538Z [ODDS]  Draw: 1/3 → 3/10
2026-02-26T20:50:49.932Z [ODDS]  Damac FC: 14/1 → 16/1, Draw: 3/10 → 2/7, Al Fateh SC: 3/1 → 10/3
2026-02-26T20:50:52.185Z [ODDS]  Damac FC: 16/1 → 11/1, Draw: 2/7 → 3/10, Al Fateh SC: 10/3 → 7/2
2026-02-26T20:51:04.365Z [ODDS]  Al Fateh SC: 7/2 → 15/4
2026-02-26T20:51:12.481Z [ODDS]  Draw: 3/10 → 2/7
2026-02-26T20:51:49.914Z [ODDS]  Damac FC: 11/1 → 12/1, Draw: 2/7 → 1/4, Al Fateh SC: 15/4 → 4/1
2026-02-26T20:52:06.606Z [ODDS]  Damac FC: 12/1 → 14/1
2026-02-26T20:52:21.039Z [ODDS]  Draw: 1/4 → 1/6, Al Fateh SC: 4/1 → 11/2
2026-02-26T20:52:37.733Z [ODDS]  Damac FC: 14/1 → 16/1, Al Fateh SC: 11/2 → 6/1
2026-02-26T20:52:55.323Z [ODDS]  Damac FC: 16/1 → 22/1, Draw: 1/6 → 1/8
2026-02-26T20:53:08.407Z [ODDS]  Draw: 1/8 → 1/9, Al Fateh SC: 6/1 → 13/2
2026-02-26T20:53:34.110Z [ODDS]  Damac FC: 22/1 → 14/1, Draw: 1/9 → 1/7, Al Fateh SC: 13/2 → 7/1
2026-02-26T20:53:46.284Z [ODDS]  Draw: 1/7 → 1/8, Al Fateh SC: 7/1 → 15/2
2026-02-26T20:54:02.523Z [ODDS]  Damac FC: 14/1 → 25/1, Draw: 1/8 → 1/12, Al Fateh SC: 15/2 → 8/1
2026-02-26T20:54:14.701Z [ODDS]  Damac FC: 25/1 → 28/1, Draw: 1/12 → 1/14
2026-02-26T20:54:17.856Z [ODDS]  Al Fateh SC: 8/1 → 17/2
2026-02-26T20:54:32.290Z [ODDS]  Draw: 1/14 → 1/16, Al Fateh SC: 17/2 → 9/1
2026-02-26T20:54:55.747Z [ODDS]  Draw: 1/16 → 1/18, Al Fateh SC: 9/1 → 10/1
2026-02-26T20:55:10.182Z [ODDS]  Draw: 1/18 → 1/20
2026-02-26T20:55:16.942Z [ODDS]  Damac FC: 28/1 → 40/1, Draw: 1/20 → 1/14, Al Fateh SC: 10/1 → 8/1
2026-02-26T20:55:32.730Z [ODDS]  Draw: 1/14 → 1/16, Al Fateh SC: 8/1 → 17/2
2026-02-26T20:55:39.042Z [ODDS]  Al Fateh SC: 17/2 → 9/1
2026-02-26T20:56:13.321Z [ODDS]  Draw: 1/16 → 1/20, Al Fateh SC: 9/1 → 10/1
2026-02-26T20:56:23.243Z [ODDS]  Damac FC: 40/1 → 33/1, Draw: 1/20 → 1/40, Al Fateh SC: 10/1 → 16/1
2026-02-26T20:56:41.283Z [ODDS]  Draw: 1/40 → 1/50, Al Fateh SC: 16/1 → 18/1
