2026-02-26T19:47:59.082Z [ODDS]  Ramtha SC U19: 9/4 → 12/5
2026-02-26T19:49:18.448Z [ODDS]  Shabab Al Ordon U19: 6/5 → 11/10
2026-02-26T19:49:37.392Z [ODDS]  Ramtha SC U19: 12/5 → 5/2
2026-02-26T19:50:31.059Z [ODDS]  Ramtha SC U19: 5/2 → 13/5
2026-02-26T19:51:50.886Z [ODDS]  Shabab Al Ordon U19: 11/10 → 21/20, Ramtha SC U19: 13/5 → 11/4
2026-02-26T19:53:40.942Z [ODDS]  Shabab Al Ordon U19: 21/20 → 1/1, Ramtha SC U19: 11/4 → 3/1
2026-02-26T19:54:57.157Z [ODDS]  Shabab Al Ordon U19: 1/1 → 20/21
2026-02-26T19:55:40.005Z [ODDS]  Ramtha SC U19: 3/1 → 10/3
2026-02-26T19:56:07.545Z [ODDS]  Shabab Al Ordon U19: 20/21 → 10/11
2026-02-26T19:57:02.577Z [ODDS]  Ramtha SC U19: 10/3 → 7/2
2026-02-26T19:57:45.875Z [ODDS]  Shabab Al Ordon U19: 10/11 → 5/6
2026-02-26T19:58:04.364Z [ODDS]  Ramtha SC U19: 7/2 → 15/4
2026-02-26T19:58:16.537Z [ODDS]  Shabab Al Ordon U19: 5/6 → 10/11, Ramtha SC U19: 15/4 → 7/2
2026-02-26T19:58:40.443Z [ODDS]  Shabab Al Ordon U19: 10/11 → 5/6, Ramtha SC U19: 7/2 → 15/4
2026-02-26T19:59:27.346Z [ODDS]  Ramtha SC U19: 15/4 → 4/1
2026-02-26T19:59:59.367Z [ODDS]  Shabab Al Ordon U19: 5/6 → 4/5
2026-02-26T20:00:18.314Z [ODDS]  Ramtha SC U19: 4/1 → 9/2
2026-02-26T20:00:44.471Z [ODDS]  Shabab Al Ordon U19: 4/5 → 8/11
2026-02-26T20:01:43.144Z [ODDS]  Ramtha SC U19: 9/2 → 5/1
2026-02-26T20:02:22.794Z [ODDS]  Shabab Al Ordon U19: 8/11 → 4/6
2026-02-26T20:03:12.398Z [ODDS]  Ramtha SC U19: 5/1 → 11/2
2026-02-26T20:03:22.781Z [ODDS]  Draw: 2/1 → 21/10
2026-02-26T20:03:43.068Z [ODDS]  Shabab Al Ordon U19: 4/6 → 8/13
2026-02-26T20:04:03.830Z [ODDS]  Ramtha SC U19: 11/2 → 6/1
2026-02-26T20:04:45.757Z [ODDS]  Shabab Al Ordon U19: 8/13 → 4/7, Ramtha SC U19: 6/1 → 13/2
2026-02-26T20:05:06.063Z [ODDS]  Draw: 21/10 → 2/1
2026-02-26T20:05:24.546Z [ODDS]  Ramtha SC U19: 13/2 → 7/1
2026-02-26T20:05:47.995Z [ODDS]  Shabab Al Ordon U19: 4/7 → 8/15
2026-02-26T20:06:08.304Z [ODDS]  Ramtha SC U19: 7/1 → 15/2
2026-02-26T20:06:42.568Z [ODDS]  Shabab Al Ordon U19: 8/15 → 1/2, Ramtha SC U19: 15/2 → 8/1
2026-02-26T20:07:08.730Z [ODDS]  Draw: 2/1 → 21/10
2026-02-26T20:07:09.190Z [ODDS]  Ramtha SC U19: 8/1 → 17/2
2026-02-26T20:07:18.200Z [ODDS]  Draw: 21/10 → 2/1, Ramtha SC U19: 17/2 → 8/1
2026-02-26T20:07:23.161Z [ODDS]  Ramtha SC U19: 8/1 → 17/2
2026-02-26T20:07:57.441Z [ODDS]  Shabab Al Ordon U19: 1/2 → 4/9, Draw: 2/1 → 21/10, Ramtha SC U19: 17/2 → 10/1
2026-02-26T20:08:43.141Z [ODDS]  Shabab Al Ordon U19: 4/9 → 2/5, Draw: 21/10 → 11/5, Ramtha SC U19: 10/1 → 11/1
2026-02-26T20:09:06.596Z [ODDS]  Ramtha SC U19: 11/1 → 12/1
2026-02-26T20:09:24.189Z [ODDS]  Draw: 11/5 → 9/4
2026-02-26T20:09:42.223Z [ODDS]  Shabab Al Ordon U19: 2/5 → 4/11
2026-02-26T20:09:58.011Z [ODDS]  Ramtha SC U19: 12/1 → 14/1
2026-02-26T20:10:05.676Z [ODDS]  Draw: 9/4 → 12/5
2026-02-26T20:10:16.957Z [ODDS]  Shabab Al Ordon U19: 4/11 → 1/3
2026-02-26T20:10:30.939Z [ODDS]  Ramtha SC U19: 14/1 → 16/1
2026-02-26T20:10:40.404Z [ODDS]  Draw: 12/5 → 5/2
2026-02-26T20:10:57.090Z [ODDS]  Shabab Al Ordon U19: 1/3 → 1/6, Draw: 5/2 → 4/1, Ramtha SC U19: 16/1 → 28/1
2026-02-26T20:11:17.394Z [ODDS]  Shabab Al Ordon U19: 1/6 → 1/7, Draw: 4/1 → 9/2
2026-02-26T20:12:08.801Z [ODDS]  Shabab Al Ordon U19: 1/7 → 1/8, Draw: 9/2 → 5/1
2026-02-26T20:12:23.232Z [ODDS]  Ramtha SC U19: 28/1 → 33/1
2026-02-26T20:12:45.783Z [ODDS]  Shabab Al Ordon U19: 1/8 → 1/9, Draw: 5/1 → 11/2
2026-02-26T20:13:25.018Z [ODDS]  Shabab Al Ordon U19: 1/9 → 1/10, Draw: 11/2 → 6/1, Ramtha SC U19: 33/1 → 40/1
2026-02-26T20:14:02.905Z [ODDS]  Shabab Al Ordon U19: 1/10 → 1/12, Draw: 6/1 → 7/1
2026-02-26T20:14:50.722Z [ODDS]  Shabab Al Ordon U19: 1/12 → 1/14, Draw: 7/1 → 8/1, Ramtha SC U19: 40/1 → 50/1
2026-02-26T20:15:23.184Z [ODDS]  Shabab Al Ordon U19: 1/14 → 1/16, Draw: 8/1 → 9/1
2026-02-26T20:15:37.616Z [ODDS]  Shabab Al Ordon U19: 1/16 → 1/8, Draw: 9/1 → 5/1, Ramtha SC U19: 50/1 → 33/1
2026-02-26T20:15:53.857Z [ODDS]  Shabab Al Ordon U19: 1/8 → 1/9, Draw: 5/1 → 11/2
2026-02-26T20:16:27.684Z [ODDS]  Shabab Al Ordon U19: 1/9 → 1/10, Draw: 11/2 → 6/1, Ramtha SC U19: 33/1 → 40/1
2026-02-26T20:16:55.195Z [ODDS]  Shabab Al Ordon U19: 1/10 → 1/9, Draw: 6/1 → 11/2, Ramtha SC U19: 40/1 → 33/1
2026-02-26T20:17:15.501Z [ODDS]  Shabab Al Ordon U19: 1/9 → 1/10, Draw: 11/2 → 6/1
2026-02-26T20:17:30.827Z [ODDS]  Shabab Al Ordon U19: 1/10 → 1/12, Draw: 6/1 → 7/1, Ramtha SC U19: 33/1 → 40/1
2026-02-26T20:17:31.283Z [ODDS]  Shabab Al Ordon U19: 1/12 → 9/1, Draw: 7/1 → 1/7, Ramtha SC U19: 40/1 → 13/2
2026-02-26T20:17:31.283Z [EVENT]  score: 1-1
2026-02-26T20:17:51.576Z [ODDS]  Shabab Al Ordon U19: 9/1 → 10/1, Draw: 1/7 → 1/8, Ramtha SC U19: 13/2 → 7/1
2026-02-26T20:18:06.458Z [ODDS]  Draw: 1/8 → 1/9
2026-02-26T20:18:12.331Z [ODDS]  Draw: 1/9 → 1/10, Ramtha SC U19: 7/1 → 15/2
2026-02-26T20:18:22.240Z [ODDS]  Draw: 1/10 → 1/11
2026-02-26T20:18:36.223Z [ODDS]  Shabab Al Ordon U19: 10/1 → 11/1, Draw: 1/11 → 1/12, Ramtha SC U19: 15/2 → 8/1
2026-02-26T20:18:55.616Z [ODDS]  Draw: 1/12 → 1/14, Ramtha SC U19: 8/1 → 17/2
2026-02-26T20:19:06.439Z [ODDS]  Shabab Al Ordon U19: 11/1 → 12/1, Draw: 1/14 → 1/16, Ramtha SC U19: 17/2 → 9/1
2026-02-26T20:19:38.476Z [ODDS]  Draw: 1/16 → 1/20, Ramtha SC U19: 9/1 → 10/1
2026-02-26T20:19:48.384Z [ODDS]  Draw: 1/20 → 1/22
2026-02-26T20:20:08.678Z [ODDS]  Shabab Al Ordon U19: 12/1 → 14/1, Draw: 1/22 → 1/25, Ramtha SC U19: 10/1 → 12/1
2026-02-26T20:20:10.935Z [ODDS]  Draw: 1/25 → 1/28
2026-02-26T20:20:36.192Z [ODDS]  Shabab Al Ordon U19: 14/1 → 16/1, Draw: 1/28 → 1/40, Ramtha SC U19: 12/1 → 16/1
