2026-02-27T00:08:34.723Z [ODDS]  Eintracht (Vendetta): 17/2 → 9/1
2026-02-27T00:08:35.625Z [ODDS]  Dortmund (Jack): 2/7 → 1/4
2026-02-27T00:09:01.331Z [ODDS]  Eintracht (Vendetta): 9/1 → 10/1
2026-02-27T00:09:33.352Z [ODDS]  Eintracht (Vendetta): 10/1 → 11/1, Dortmund (Jack): 1/4 → 2/9
2026-02-27T00:09:50.556Z [ODDS]  Eintracht (Vendetta): 11/1 → 12/1
2026-02-27T00:09:59.510Z [ODDS]  Draw: 10/3 → 7/2
2026-02-27T00:10:01.767Z [ODDS]  Dortmund (Jack): 2/9 → 1/5
2026-02-27T00:10:14.847Z [ODDS]  Eintracht (Vendetta): 12/1 → 14/1
2026-02-27T00:10:25.219Z [ODDS]  Dortmund (Jack): 1/5 → 2/11
2026-02-27T00:10:25.670Z [ODDS]  Eintracht (Vendetta): 14/1 → 7/2, Draw: 7/2 → 8/11, Dortmund (Jack): 2/11 → 11/5
2026-02-27T00:10:25.670Z [EVENT]  score: 1-1
2026-02-27T00:11:08.076Z [ODDS]  Eintracht (Vendetta): 7/2 → 15/4, Dortmund (Jack): 11/5 → 9/4
2026-02-27T00:11:08.515Z [ODDS]  Draw: 8/11 → 4/6
2026-02-27T00:11:13.927Z [ODDS]  Dortmund (Jack): 9/4 → 12/5
2026-02-27T00:11:22.949Z [ODDS]  Draw: 4/6 → 8/13
2026-02-27T00:11:23.851Z [ODDS]  Eintracht (Vendetta): 15/4 → 4/1
2026-02-27T00:11:26.105Z [ODDS]  Dortmund (Jack): 12/5 → 5/2
2026-02-27T00:11:36.026Z [ODDS]  Draw: 8/13 → 4/7, Dortmund (Jack): 5/2 → 13/5
2026-02-27T00:11:43.248Z [ODDS]  Eintracht (Vendetta): 4/1 → 9/2, Draw: 4/7 → 8/15, Dortmund (Jack): 13/5 → 11/4
2026-02-27T00:11:45.497Z [ODDS]  Draw: 8/15 → 1/2
2026-02-27T00:11:49.557Z [ODDS]  Dortmund (Jack): 11/4 → 3/1
2026-02-27T00:11:56.332Z [ODDS]  Draw: 1/2 → 4/9
2026-02-27T00:12:04.907Z [ODDS]  Eintracht (Vendetta): 9/2 → 5/1, Draw: 4/9 → 2/5, Dortmund (Jack): 3/1 → 10/3
2026-02-27T00:12:11.204Z [ODDS]  Dortmund (Jack): 10/3 → 7/2
2026-02-27T00:12:12.108Z [ODDS]  Eintracht (Vendetta): 5/1 → 11/2, Draw: 2/5 → 4/11
2026-02-27T00:12:17.069Z [ODDS]  Draw: 4/11 → 1/3, Dortmund (Jack): 7/2 → 15/4
2026-02-27T00:12:27.441Z [ODDS]  Eintracht (Vendetta): 11/2 → 6/1, Draw: 1/3 → 2/7, Dortmund (Jack): 15/4 → 4/1
