2026-02-26T19:51:41.416Z [ODDS]  Muaither SC U19: 13/2 → 7/1
2026-02-26T19:51:52.692Z [ODDS]  Muaither SC U19: 7/1 → 13/2
2026-02-26T19:52:00.361Z [ODDS]  Muaither SC U19: 13/2 → 7/1, Draw: 15/4 → 4/1, Al-Sadd SC U19: 1/3 → 2/7
2026-02-26T19:52:16.597Z [ODDS]  Draw: 4/1 → 15/4, Al-Sadd SC U19: 2/7 → 3/10
2026-02-26T19:53:46.348Z [ODDS]  Al-Sadd SC U19: 3/10 → 1/3
2026-02-26T19:54:08.010Z [ODDS]  Al-Sadd SC U19: 1/3 → 3/10
2026-02-26T19:54:42.293Z [ODDS]  Al-Sadd SC U19: 3/10 → 1/3
2026-02-26T19:54:59.862Z [ODDS]  Al-Sadd SC U19: 1/3 → 3/10
2026-02-26T19:55:34.153Z [ODDS]  Muaither SC U19: 7/1 → 15/2, Draw: 15/4 → 4/1, Al-Sadd SC U19: 3/10 → 2/7
2026-02-26T19:55:53.104Z [ODDS]  Draw: 4/1 → 15/4
2026-02-26T19:56:12.956Z [ODDS]  Al-Sadd SC U19: 2/7 → 3/10
2026-02-26T19:56:26.491Z [ODDS]  Al-Sadd SC U19: 3/10 → 2/7
2026-02-26T19:57:10.238Z [ODDS]  Muaither SC U19: 15/2 → 7/1, Al-Sadd SC U19: 2/7 → 3/10
2026-02-26T19:57:22.416Z [ODDS]  Muaither SC U19: 7/1 → 15/2, Al-Sadd SC U19: 3/10 → 2/7
2026-02-26T19:57:46.318Z [ODDS]  Muaither SC U19: 15/2 → 8/1, Draw: 15/4 → 4/1, Al-Sadd SC U19: 2/7 → 1/4
2026-02-26T19:58:04.812Z [ODDS]  Muaither SC U19: 8/1 → 17/2
2026-02-26T19:58:22.403Z [ODDS]  Muaither SC U19: 17/2 → 8/1
2026-02-26T19:58:52.618Z [ODDS]  Muaither SC U19: 8/1 → 17/2
2026-02-26T19:59:18.332Z [ODDS]  Muaither SC U19: 17/2 → 8/1
2026-02-26T19:59:43.144Z [ODDS]  Muaither SC U19: 8/1 → 17/2
2026-02-26T20:00:40.861Z [ODDS]  Muaither SC U19: 17/2 → 8/1
2026-02-26T20:00:48.978Z [ODDS]  Muaither SC U19: 8/1 → 20/1, Draw: 4/1 → 9/1, Al-Sadd SC U19: 1/4 → 1/18
2026-02-26T20:00:48.978Z [EVENT]  score: 1-0
2026-02-26T20:01:04.765Z [ODDS]  Al-Sadd SC U19: 1/18 → 1/16
2026-02-26T20:01:40.844Z [ODDS]  Muaither SC U19: 20/1 → 18/1
2026-02-26T20:01:55.731Z [ODDS]  Muaither SC U19: 18/1 → 20/1
2026-02-26T20:02:25.044Z [ODDS]  Muaither SC U19: 20/1 → 18/1
2026-02-26T20:02:26.396Z [ODDS]  Muaither SC U19: 18/1 → 16/1, Draw: 9/1 → 8/1, Al-Sadd SC U19: 1/16 → 1/14
2026-02-26T20:02:40.830Z [ODDS]  Muaither SC U19: 16/1 → 18/1, Draw: 8/1 → 9/1, Al-Sadd SC U19: 1/14 → 1/16
2026-02-26T20:02:54.363Z [ODDS]  Muaither SC U19: 18/1 → 20/1
2026-02-26T20:03:05.633Z [ODDS]  Al-Sadd SC U19: 1/16 → 1/18
2026-02-26T20:03:06.086Z [ODDS]  Al-Sadd SC U19: 1/18 → 1/16
2026-02-26T20:05:23.199Z [ODDS]  Muaither SC U19: 20/1 → 18/1
2026-02-26T20:05:34.914Z [ODDS]  Muaither SC U19: 18/1 → 20/1
2026-02-26T20:06:19.572Z [ODDS]  Muaither SC U19: 20/1 → 18/1
2026-02-26T20:07:09.190Z [ODDS]  Muaither SC U19: 18/1 → 20/1
2026-02-26T20:07:40.301Z [ODDS]  Muaither SC U19: 20/1 → 18/1
2026-02-26T20:09:01.182Z [ODDS]  Muaither SC U19: 18/1 → 20/1
2026-02-26T20:11:00.698Z [ODDS]  Muaither SC U19: 20/1 → 18/1, Draw: 9/1 → 8/1, Al-Sadd SC U19: 1/16 → 1/14
2026-02-26T20:15:20.476Z [ODDS]  Draw: 8/1 → 15/2, Al-Sadd SC U19: 1/14 → 1/12
2026-02-26T20:16:18.209Z [ODDS]  Muaither SC U19: 18/1 → 16/1
2026-02-26T20:16:24.976Z [ODDS]  Muaither SC U19: 16/1 → 18/1
2026-02-26T20:17:10.532Z [ODDS]  Muaither SC U19: 18/1 → 16/1, Draw: 15/2 → 7/1
2026-02-26T20:17:46.168Z [ODDS]  Al-Sadd SC U19: 1/12 → 1/11
2026-02-26T20:17:56.544Z [ODDS]  Al-Sadd SC U19: 1/11 → 1/12
2026-02-26T20:18:05.557Z [ODDS]  Draw: 7/1 → 15/2
2026-02-26T20:18:12.779Z [ODDS]  Draw: 15/2 → 7/1, Al-Sadd SC U19: 1/12 → 1/11
2026-02-26T20:21:33.468Z [ODDS]  Muaither SC U19: 16/1 → 18/1, Al-Sadd SC U19: 1/11 → 1/12
2026-02-26T20:21:49.703Z [ODDS]  Muaither SC U19: 18/1 → 16/1, Al-Sadd SC U19: 1/12 → 1/11
2026-02-26T20:23:04.596Z [ODDS]  Muaither SC U19: 16/1 → 18/1
2026-02-26T20:23:12.690Z [ODDS]  Muaither SC U19: 18/1 → 16/1
2026-02-26T20:23:51.926Z [ODDS]  Muaither SC U19: 16/1 → 18/1
2026-02-26T20:23:52.397Z [ODDS]  Muaither SC U19: 18/1 → 16/1
2026-02-26T20:23:54.185Z [ODDS]  Muaither SC U19: 16/1 → 18/1, Al-Sadd SC U19: 1/11 → 1/12
2026-02-26T20:23:57.789Z [ODDS]  Al-Sadd SC U19: 1/12 → 1/11
2026-02-26T20:24:12.674Z [ODDS]  Al-Sadd SC U19: 1/11 → 1/12
2026-02-26T20:24:33.869Z [ODDS]  Muaither SC U19: 18/1 → 16/1, Al-Sadd SC U19: 1/12 → 1/11
2026-02-26T20:24:46.501Z [ODDS]  Muaither SC U19: 16/1 → 18/1
2026-02-26T20:25:04.530Z [ODDS]  Muaither SC U19: 18/1 → 16/1
2026-02-26T20:25:20.305Z [ODDS]  Draw: 7/1 → 13/2, Al-Sadd SC U19: 1/11 → 1/10
2026-02-26T20:27:40.128Z [ODDS]  Draw: 13/2 → 7/1, Al-Sadd SC U19: 1/10 → 1/11
2026-02-26T20:38:23.397Z [ODDS]  Muaither SC U19: 16/1 → 18/1
2026-02-26T20:38:32.629Z [ODDS]  Muaither SC U19: 18/1 → 16/1
2026-02-26T20:39:48.639Z [ODDS]  Muaither SC U19: 16/1 → 18/1, Al-Sadd SC U19: 1/11 → 1/12
2026-02-26T20:40:38.702Z [ODDS]  Al-Sadd SC U19: 1/12 → 1/11
2026-02-26T20:40:58.094Z [ODDS]  Muaither SC U19: 18/1 → 16/1
2026-02-26T20:40:59.002Z [ODDS]  Muaither SC U19: 16/1 → 18/1
2026-02-26T20:41:19.292Z [ODDS]  Muaither SC U19: 18/1 → 16/1, Draw: 7/1 → 13/2
2026-02-26T20:43:07.083Z [ODDS]  Al-Sadd SC U19: 1/11 → 1/10
2026-02-26T20:43:41.359Z [ODDS]  Al-Sadd SC U19: 1/10 → 1/11
2026-02-26T20:44:01.202Z [ODDS]  Al-Sadd SC U19: 1/11 → 1/10
2026-02-26T20:44:21.948Z [ODDS]  Al-Sadd SC U19: 1/10 → 1/11
2026-02-26T20:44:43.146Z [ODDS]  Muaither SC U19: 16/1 → 18/1
2026-02-26T20:45:15.619Z [ODDS]  Muaither SC U19: 18/1 → 16/1, Al-Sadd SC U19: 1/11 → 1/10
2026-02-26T20:45:42.680Z [ODDS]  Muaither SC U19: 16/1 → 18/1, Al-Sadd SC U19: 1/10 → 1/11
2026-02-26T20:46:14.704Z [ODDS]  Muaither SC U19: 18/1 → 16/1, Al-Sadd SC U19: 1/11 → 1/10
2026-02-26T20:46:18.759Z [ODDS]  Muaither SC U19: 16/1 → 18/1, Al-Sadd SC U19: 1/10 → 1/11
2026-02-26T20:46:37.250Z [ODDS]  Muaither SC U19: 18/1 → 33/1, Draw: 13/2 → 20/1, Al-Sadd SC U19: 1/11 → 1/66
2026-02-26T20:46:37.250Z [EVENT]  score: 2-0
2026-02-26T20:47:34.984Z [ODDS]  Draw: 20/1 → 22/1, Al-Sadd SC U19: 1/66 → 1/80
2026-02-26T20:51:38.645Z [ODDS]  Draw: 22/1 → 25/1, Al-Sadd SC U19: 1/80 → 1/100
2026-02-26T20:51:45.407Z [ODDS]  Muaither SC U19: 33/1 → 20/1, Draw: 25/1 → 7/1, Al-Sadd SC U19: 1/100 → 1/12
2026-02-26T20:51:45.407Z [EVENT]  score: 2-1
2026-02-26T20:52:18.331Z [ODDS]  Muaither SC U19: 20/1 → 18/1, Draw: 7/1 → 13/2, Al-Sadd SC U19: 1/12 → 1/11
2026-02-26T20:53:10.207Z [ODDS]  Al-Sadd SC U19: 1/11 → 1/10
2026-02-26T20:53:32.306Z [ODDS]  Al-Sadd SC U19: 1/10 → 1/11
2026-02-26T20:54:20.118Z [ODDS]  Muaither SC U19: 18/1 → 20/1
2026-02-26T20:54:28.678Z [ODDS]  Draw: 13/2 → 7/1, Al-Sadd SC U19: 1/11 → 1/12
2026-02-26T20:54:44.915Z [ODDS]  Draw: 7/1 → 13/2, Al-Sadd SC U19: 1/12 → 1/11
2026-02-26T20:54:52.135Z [ODDS]  Muaither SC U19: 20/1 → 18/1, Al-Sadd SC U19: 1/11 → 1/10
2026-02-26T20:55:16.041Z [ODDS]  Al-Sadd SC U19: 1/10 → 1/11
2026-02-26T20:55:54.838Z [ODDS]  Muaither SC U19: 18/1 → 20/1
2026-02-26T20:56:09.263Z [ODDS]  Al-Sadd SC U19: 1/11 → 1/12
2026-02-26T20:56:11.968Z [ODDS]  Al-Sadd SC U19: 1/12 → 1/11
2026-02-26T20:56:53.911Z [ODDS]  Muaither SC U19: 20/1 → 18/1, Al-Sadd SC U19: 1/11 → 1/10
2026-02-26T20:57:30.897Z [ODDS]  Muaither SC U19: 18/1 → 20/1, Al-Sadd SC U19: 1/10 → 1/11
2026-02-26T20:57:49.386Z [ODDS]  Draw: 13/2 → 7/1, Al-Sadd SC U19: 1/11 → 1/12
2026-02-26T20:58:14.189Z [ODDS]  Draw: 7/1 → 13/2
2026-02-26T20:58:20.502Z [ODDS]  Al-Sadd SC U19: 1/12 → 1/11
2026-02-26T20:59:02.451Z [ODDS]  Al-Sadd SC U19: 1/11 → 1/12
2026-02-26T20:59:22.748Z [ODDS]  Draw: 13/2 → 7/1
2026-02-26T20:59:51.610Z [ODDS]  Muaither SC U19: 20/1 → 22/1
2026-02-26T21:00:32.655Z [ODDS]  Muaither SC U19: 22/1 → 20/1
2026-02-26T21:00:40.775Z [ODDS]  Draw: 7/1 → 13/2, Al-Sadd SC U19: 1/12 → 1/11
2026-02-26T21:00:52.499Z [ODDS]  Al-Sadd SC U19: 1/11 → 1/12
2026-02-26T21:00:57.465Z [ODDS]  Al-Sadd SC U19: 1/12 → 1/11
2026-02-26T21:01:14.149Z [ODDS]  Muaither SC U19: 20/1 → 22/1, Draw: 13/2 → 7/1, Al-Sadd SC U19: 1/11 → 1/12
2026-02-26T21:02:33.524Z [ODDS]  Draw: 7/1 → 13/2
2026-02-26T21:02:34.876Z [ODDS]  Draw: 13/2 → 7/1
2026-02-26T21:02:40.289Z [ODDS]  Muaither SC U19: 22/1 → 20/1, Draw: 7/1 → 13/2, Al-Sadd SC U19: 1/12 → 1/11
2026-02-26T21:02:59.291Z [ODDS]  Muaither SC U19: 20/1 → 25/1, Draw: 13/2 → 7/1, Al-Sadd SC U19: 1/11 → 1/12
2026-02-26T21:03:11.870Z [ODDS]  Muaither SC U19: 25/1 → 22/1
2026-02-26T21:03:25.391Z [ODDS]  Muaither SC U19: 22/1 → 25/1
2026-02-26T21:03:56.525Z [ODDS]  Muaither SC U19: 25/1 → 22/1
2026-02-26T21:04:06.885Z [ODDS]  Muaither SC U19: 22/1 → 25/1
2026-02-26T21:04:30.896Z [ODDS]  Muaither SC U19: 25/1 → 22/1
2026-02-26T21:04:37.106Z [ODDS]  Muaither SC U19: 22/1 → 25/1
2026-02-26T21:05:16.337Z [ODDS]  Muaither SC U19: 25/1 → 22/1, Draw: 7/1 → 13/2
2026-02-26T21:05:19.949Z [ODDS]  Muaither SC U19: 22/1 → 25/1, Draw: 13/2 → 7/1
2026-02-26T21:05:38.933Z [ODDS]  Muaither SC U19: 25/1 → 22/1
2026-02-26T21:05:57.835Z [ODDS]  Muaither SC U19: 22/1 → 25/1
2026-02-26T21:05:58.296Z [ODDS]  Muaither SC U19: 25/1 → 22/1, Draw: 7/1 → 13/2
2026-02-26T21:06:18.621Z [ODDS]  Muaither SC U19: 22/1 → 25/1, Draw: 13/2 → 7/1
2026-02-26T21:06:24.006Z [ODDS]  Muaither SC U19: 25/1 → 22/1
2026-02-26T21:06:48.342Z [ODDS]  Muaither SC U19: 22/1 → 25/1
2026-02-26T21:08:20.651Z [ODDS]  Muaither SC U19: 25/1 → 28/1
2026-02-26T21:08:27.869Z [ODDS]  Muaither SC U19: 28/1 → 25/1
2026-02-26T21:09:34.164Z [ODDS]  Muaither SC U19: 25/1 → 28/1
2026-02-26T21:09:51.751Z [ODDS]  Muaither SC U19: 28/1 → 25/1
2026-02-26T21:10:57.157Z [ODDS]  Muaither SC U19: 25/1 → 28/1
2026-02-26T21:11:06.621Z [ODDS]  Draw: 7/1 → 8/1, Al-Sadd SC U19: 1/12 → 1/14
2026-02-26T21:11:18.365Z [ODDS]  Draw: 8/1 → 7/1, Al-Sadd SC U19: 1/14 → 1/12
2026-02-26T21:11:33.279Z [ODDS]  Muaither SC U19: 28/1 → 25/1
2026-02-26T21:11:34.588Z [ODDS]  Draw: 7/1 → 13/2
2026-02-26T21:11:36.856Z [ODDS]  Muaither SC U19: 25/1 → 28/1, Draw: 13/2 → 7/1
2026-02-26T21:11:47.209Z [ODDS]  Draw: 7/1 → 8/1, Al-Sadd SC U19: 1/12 → 1/14
2026-02-26T21:12:04.807Z [ODDS]  Muaither SC U19: 28/1 → 33/1
2026-02-26T21:12:10.217Z [ODDS]  Muaither SC U19: 33/1 → 28/1, Draw: 8/1 → 7/1, Al-Sadd SC U19: 1/14 → 1/12
2026-02-26T21:12:44.943Z [ODDS]  Draw: 7/1 → 8/1, Al-Sadd SC U19: 1/12 → 1/14
2026-02-26T21:12:45.398Z [ODDS]  Draw: 8/1 → 7/1, Al-Sadd SC U19: 1/14 → 1/12
2026-02-26T21:12:47.643Z [ODDS]  Draw: 7/1 → 8/1, Al-Sadd SC U19: 1/12 → 1/14
2026-02-26T21:12:54.912Z [ODDS]  Muaither SC U19: 28/1 → 33/1
2026-02-26T21:12:57.125Z [ODDS]  Muaither SC U19: 33/1 → 28/1, Draw: 8/1 → 7/1, Al-Sadd SC U19: 1/14 → 1/12
2026-02-26T21:14:12.434Z [ODDS]  Muaither SC U19: 28/1 → 33/1, Draw: 7/1 → 8/1, Al-Sadd SC U19: 1/12 → 1/14
2026-02-26T21:15:38.593Z [ODDS]  Draw: 8/1 → 9/1, Al-Sadd SC U19: 1/14 → 1/16
2026-02-26T21:16:09.704Z [ODDS]  Muaither SC U19: 33/1 → 40/1
2026-02-26T21:16:16.011Z [ODDS]  Muaither SC U19: 40/1 → 33/1, Draw: 9/1 → 8/1, Al-Sadd SC U19: 1/16 → 1/14
2026-02-26T21:16:25.032Z [ODDS]  Draw: 8/1 → 9/1, Al-Sadd SC U19: 1/14 → 1/16
2026-02-26T21:16:44.874Z [ODDS]  Muaither SC U19: 33/1 → 40/1
2026-02-26T21:18:02.901Z [ODDS]  Draw: 9/1 → 10/1, Al-Sadd SC U19: 1/16 → 1/20
2026-02-26T21:18:51.640Z [ODDS]  Muaither SC U19: 40/1 → 50/1
2026-02-26T21:19:10.099Z [ODDS]  Draw: 10/1 → 12/1, Al-Sadd SC U19: 1/20 → 1/25
2026-02-26T21:19:21.373Z [ODDS]  Muaither SC U19: 50/1 → 40/1, Draw: 12/1 → 10/1, Al-Sadd SC U19: 1/25 → 1/20
2026-02-26T21:19:29.491Z [ODDS]  Draw: 10/1 → 9/1, Al-Sadd SC U19: 1/20 → 1/16
2026-02-26T21:19:31.297Z [ODDS]  Draw: 9/1 → 10/1, Al-Sadd SC U19: 1/16 → 1/20
2026-02-26T21:19:43.022Z [ODDS]  Muaither SC U19: 40/1 → 50/1, Draw: 10/1 → 12/1, Al-Sadd SC U19: 1/20 → 1/25
2026-02-26T21:19:47.533Z [ODDS]  Draw: 12/1 → 10/1, Al-Sadd SC U19: 1/25 → 1/20
2026-02-26T21:20:09.188Z [ODDS]  Draw: 10/1 → 12/1, Al-Sadd SC U19: 1/20 → 1/25
2026-02-26T21:20:09.633Z [ODDS]  Muaither SC U19: 50/1 → 40/1, Draw: 12/1 → 10/1, Al-Sadd SC U19: 1/25 → 1/20
2026-02-26T21:20:10.087Z [ODDS]  Muaither SC U19: 40/1 → 50/1, Draw: 10/1 → 12/1, Al-Sadd SC U19: 1/20 → 1/25
2026-02-26T21:20:29.482Z [ODDS]  Draw: 12/1 → 10/1, Al-Sadd SC U19: 1/25 → 1/20
2026-02-26T21:21:03.753Z [ODDS]  Draw: 10/1 → 12/1, Al-Sadd SC U19: 1/20 → 1/25
2026-02-26T21:21:10.972Z [ODDS]  Draw: 12/1 → 10/1, Al-Sadd SC U19: 1/25 → 1/20
2026-02-26T21:21:35.777Z [ODDS]  Draw: 10/1 → 12/1, Al-Sadd SC U19: 1/20 → 1/25
2026-02-26T21:21:42.088Z [ODDS]  Al-Sadd SC U19: 1/25 → 1/28
2026-02-26T21:21:42.540Z [ODDS]  Muaither SC U19: 50/1 → 40/1, Draw: 12/1 → 10/1, Al-Sadd SC U19: 1/28 → 1/20
2026-02-26T21:21:48.403Z [ODDS]  Muaither SC U19: 40/1 → 50/1, Draw: 10/1 → 12/1, Al-Sadd SC U19: 1/20 → 1/28
2026-02-26T21:21:56.972Z [ODDS]  Draw: 12/1 → 10/1, Al-Sadd SC U19: 1/28 → 1/20
2026-02-26T21:21:59.680Z [ODDS]  Draw: 10/1 → 12/1, Al-Sadd SC U19: 1/20 → 1/28
2026-02-26T21:22:13.208Z [ODDS]  Draw: 12/1 → 14/1, Al-Sadd SC U19: 1/28 → 1/33
2026-02-26T21:22:13.661Z [ODDS]  Draw: 14/1 → 12/1, Al-Sadd SC U19: 1/33 → 1/25
2026-02-26T21:22:17.271Z [ODDS]  Draw: 12/1 → 14/1, Al-Sadd SC U19: 1/25 → 1/33
2026-02-26T21:22:37.563Z [ODDS]  Muaither SC U19: 50/1 → 66/1
2026-02-26T21:23:14.093Z [ODDS]  Draw: 14/1 → 16/1, Al-Sadd SC U19: 1/33 → 1/40
2026-02-26T21:23:34.853Z [ODDS]  Muaither SC U19: 66/1 → 50/1, Draw: 16/1 → 12/1, Al-Sadd SC U19: 1/40 → 1/25
2026-02-26T21:23:37.114Z [ODDS]  Muaither SC U19: 50/1 → 66/1, Draw: 12/1 → 16/1, Al-Sadd SC U19: 1/25 → 1/40
2026-02-26T21:23:57.415Z [ODDS]  Muaither SC U19: 66/1 → 50/1, Draw: 16/1 → 12/1, Al-Sadd SC U19: 1/40 → 1/28
2026-02-26T21:24:16.518Z [ODDS]  Draw: 12/1 → 14/1, Al-Sadd SC U19: 1/28 → 1/33
2026-02-26T21:24:17.710Z [ODDS]  Muaither SC U19: 50/1 → 66/1, Draw: 14/1 → 18/1, Al-Sadd SC U19: 1/33 → 1/50
2026-02-26T21:24:33.040Z [ODDS]  Muaither SC U19: 66/1 → 80/1
2026-02-26T21:25:17.691Z [ODDS]  Draw: 18/1 → 20/1, Al-Sadd SC U19: 1/50 → 1/66
2026-02-26T21:25:41.623Z [ODDS]  Draw: 20/1 → 22/1, Al-Sadd SC U19: 1/66 → 1/80
