2026-02-26T19:47:47.797Z [ODDS]  Fenerbahce: 17/4 → 9/2, Draw: 10/3 → 7/2, Nottm Forest: 8/15 → 1/2
2026-02-26T20:03:57.052Z [ODDS]  Fenerbahce: 9/2 → 5/1, Draw: 7/2 → 10/3
2026-02-26T20:04:08.779Z [ODDS]  Fenerbahce: 5/1 → 9/2, Nottm Forest: 1/2 → 8/15
2026-02-26T20:08:36.376Z [ODDS]  Nottm Forest: 8/15 → 4/7
2026-02-26T20:09:44.044Z [ODDS]  Nottm Forest: 4/7 → 8/15
2026-02-26T20:09:58.912Z [ODDS]  Nottm Forest: 8/15 → 4/7
2026-02-26T20:10:14.247Z [ODDS]  Nottm Forest: 4/7 → 8/15
2026-02-26T20:10:17.855Z [ODDS]  Nottm Forest: 8/15 → 4/7
2026-02-26T20:11:21.897Z [ODDS]  Draw: 10/3 → 3/1
2026-02-26T20:11:52.116Z [ODDS]  Fenerbahce: 9/2 → 4/1, Nottm Forest: 4/7 → 8/13
2026-02-26T20:12:40.372Z [ODDS]  Fenerbahce: 4/1 → 9/2
2026-02-26T20:13:34.048Z [ODDS]  Nottm Forest: 8/13 → 4/7
2026-02-26T20:18:02.399Z [ODDS]  Fenerbahce: 9/2 → 4/1, Draw: 3/1 → 11/4, Nottm Forest: 4/7 → 4/6
2026-02-26T20:18:08.275Z [ODDS]  Fenerbahce: 4/1 → 9/2, Draw: 11/4 → 3/1, Nottm Forest: 4/6 → 8/13
2026-02-26T20:18:19.538Z [ODDS]  Fenerbahce: 9/2 → 4/1, Draw: 3/1 → 11/4, Nottm Forest: 8/13 → 4/6
2026-02-26T20:22:40.688Z [ODDS]  Fenerbahce: 4/1 → 6/1, Draw: 11/4 → 3/1, Nottm Forest: 4/6 → 1/2
2026-02-26T20:22:47.436Z [ODDS]  Fenerbahce: 6/1 → 2/1, Draw: 3/1 → 5/2, Nottm Forest: 1/2 → 13/10
2026-02-26T20:22:47.436Z [EVENT]  score: 0-1
2026-02-26T20:23:00.963Z [ODDS]  Fenerbahce: 2/1 → 15/8
2026-02-26T20:23:10.886Z [ODDS]  Fenerbahce: 15/8 → 8/5, Nottm Forest: 13/10 → 8/5
2026-02-26T20:23:13.594Z [ODDS]  Draw: 5/2 → 13/5, Nottm Forest: 8/5 → 6/4
2026-02-26T20:23:15.851Z [ODDS]  Fenerbahce: 8/5 → 6/4, Nottm Forest: 6/4 → 8/5
2026-02-26T20:23:22.617Z [ODDS]  Nottm Forest: 8/5 → 13/8
2026-02-26T20:23:24.869Z [ODDS]  Draw: 13/5 → 5/2
2026-02-26T20:24:11.776Z [ODDS]  Nottm Forest: 13/8 → 8/5
2026-02-26T20:24:58.219Z [ODDS]  Nottm Forest: 8/5 → 13/8
2026-02-26T20:27:09.003Z [ODDS]  Nottm Forest: 13/8 → 7/4
2026-02-26T20:27:27.946Z [ODDS]  Fenerbahce: 6/4 → 7/5
2026-02-26T20:27:53.647Z [ODDS]  Fenerbahce: 7/5 → 13/10, Nottm Forest: 7/4 → 15/8
2026-02-26T20:27:58.611Z [ODDS]  Fenerbahce: 13/10 → 5/4, Nottm Forest: 15/8 → 2/1
2026-02-26T20:28:04.022Z [ODDS]  Fenerbahce: 5/4 → 13/10, Nottm Forest: 2/1 → 15/8
2026-02-26T20:28:14.395Z [ODDS]  Fenerbahce: 13/10 → 11/8, Nottm Forest: 15/8 → 7/4
2026-02-26T20:28:21.161Z [ODDS]  Fenerbahce: 11/8 → 13/10, Nottm Forest: 7/4 → 15/8
2026-02-26T20:28:43.713Z [ODDS]  Fenerbahce: 13/10 → 11/8, Nottm Forest: 15/8 → 7/4
2026-02-26T20:29:37.395Z [ODDS]  Nottm Forest: 7/4 → 15/8
2026-02-26T20:30:17.977Z [ODDS]  Fenerbahce: 11/8 → 13/10
2026-02-26T20:30:28.351Z [ODDS]  Fenerbahce: 13/10 → 7/5, Nottm Forest: 15/8 → 7/4
2026-02-26T20:30:35.562Z [ODDS]  Fenerbahce: 7/5 → 6/4
2026-02-26T20:31:08.032Z [ODDS]  Fenerbahce: 6/4 → 7/5, Draw: 5/2 → 12/5
2026-02-26T20:31:26.072Z [ODDS]  Fenerbahce: 7/5 → 6/4, Draw: 12/5 → 5/2
2026-02-26T20:31:51.328Z [ODDS]  Draw: 5/2 → 12/5
2026-02-26T20:32:16.592Z [ODDS]  Fenerbahce: 6/4 → 7/5
2026-02-26T20:33:54.455Z [ODDS]  Nottm Forest: 7/4 → 15/8
2026-02-26T20:35:08.881Z [ODDS]  Fenerbahce: 7/5 → 11/8
2026-02-26T20:36:21.032Z [ODDS]  Fenerbahce: 11/8 → 6/5, Nottm Forest: 15/8 → 11/5
2026-02-26T20:37:53.037Z [ODDS]  Nottm Forest: 11/5 → 9/4
2026-02-26T20:38:08.063Z [ODDS]  Nottm Forest: 9/4 → 11/5
2026-02-26T20:38:21.143Z [ODDS]  Nottm Forest: 11/5 → 9/4
2026-02-26T20:40:14.804Z [ODDS]  Fenerbahce: 6/5 → 11/10, Nottm Forest: 9/4 → 12/5
2026-02-26T20:40:17.505Z [ODDS]  Fenerbahce: 11/10 → 6/5, Nottm Forest: 12/5 → 9/4
2026-02-26T20:40:27.877Z [ODDS]  Fenerbahce: 6/5 → 11/10, Nottm Forest: 9/4 → 12/5
2026-02-26T20:40:31.937Z [ODDS]  Fenerbahce: 11/10 → 6/5, Nottm Forest: 12/5 → 9/4
2026-02-26T20:40:40.956Z [ODDS]  Fenerbahce: 6/5 → 11/10, Nottm Forest: 9/4 → 12/5
2026-02-26T20:40:55.392Z [ODDS]  Nottm Forest: 12/5 → 5/2
2026-02-26T20:41:10.276Z [ODDS]  Nottm Forest: 5/2 → 12/5
2026-02-26T20:41:15.236Z [ODDS]  Fenerbahce: 11/10 → 21/20, Nottm Forest: 12/5 → 5/2
2026-02-26T20:42:00.801Z [ODDS]  Fenerbahce: 21/20 → 1/1, Nottm Forest: 5/2 → 11/4
2026-02-26T20:43:17.004Z [ODDS]  Fenerbahce: 1/1 → 20/21
2026-02-26T20:43:54.438Z [ODDS]  Nottm Forest: 11/4 → 3/1
2026-02-26T20:44:28.275Z [ODDS]  Fenerbahce: 20/21 → 10/11
2026-02-26T20:44:38.187Z [ODDS]  Fenerbahce: 10/11 → 20/21
2026-02-26T20:44:53.970Z [ODDS]  Fenerbahce: 20/21 → 10/11
2026-02-26T20:45:53.954Z [ODDS]  Nottm Forest: 3/1 → 10/3
2026-02-26T20:45:58.013Z [ODDS]  Nottm Forest: 10/3 → 3/1
2026-02-26T20:46:02.076Z [ODDS]  Nottm Forest: 3/1 → 10/3
2026-02-26T20:46:35.898Z [ODDS]  Fenerbahce: 10/11 → 5/6
2026-02-26T20:46:50.346Z [ODDS]  Draw: 12/5 → 5/2
2026-02-26T20:47:13.333Z [ODDS]  Draw: 5/2 → 12/5
2026-02-26T20:47:35.886Z [ODDS]  Fenerbahce: 5/6 → 4/5, Draw: 12/5 → 5/2, Nottm Forest: 10/3 → 7/2
2026-02-26T20:49:05.727Z [ODDS]  Draw: 5/2 → 12/5
2026-02-26T20:49:22.070Z [ODDS]  Fenerbahce: 4/5 → 5/6
2026-02-26T20:49:52.633Z [ODDS]  Fenerbahce: 5/6 → 4/5
2026-02-26T20:50:09.791Z [ODDS]  Fenerbahce: 4/5 → 5/6
2026-02-26T20:53:44.932Z [ODDS]  Nottm Forest: 7/2 → 10/3
2026-02-26T21:04:22.224Z [ODDS]  Fenerbahce: 5/6 → 10/11
2026-02-26T21:04:24.947Z [ODDS]  Fenerbahce: 10/11 → 5/6
2026-02-26T21:04:27.384Z [ODDS]  Fenerbahce: 5/6 → 10/11
2026-02-26T21:08:23.807Z [ODDS]  Draw: 12/5 → 9/4, Nottm Forest: 10/3 → 3/1
2026-02-26T21:08:51.335Z [ODDS]  Nottm Forest: 3/1 → 10/3
2026-02-26T21:08:59.436Z [ODDS]  Fenerbahce: 10/11 → 1/3, Draw: 9/4 → 4/1, Nottm Forest: 10/3 → 15/2
2026-02-26T21:10:30.539Z [ODDS]  Fenerbahce: 1/3 → 1/4, Draw: 4/1 → 5/1, Nottm Forest: 15/2 → 10/1
2026-02-26T21:10:30.539Z [EVENT]  score: 0-2
2026-02-26T21:10:39.256Z [ODDS]  Fenerbahce: 1/4 → 1/5, Draw: 5/1 → 11/2, Nottm Forest: 10/1 → 12/1
2026-02-26T21:10:46.331Z [ODDS]  Fenerbahce: 1/5 → 2/11, Nottm Forest: 12/1 → 14/1
2026-02-26T21:10:49.045Z [ODDS]  Fenerbahce: 2/11 → 2/9, Draw: 11/2 → 5/1, Nottm Forest: 14/1 → 12/1
2026-02-26T21:10:51.759Z [ODDS]  Nottm Forest: 12/1 → 11/1
2026-02-26T21:11:01.675Z [ODDS]  Fenerbahce: 2/9 → 1/4
2026-02-26T21:11:08.024Z [ODDS]  Fenerbahce: 1/4 → 2/9
2026-02-26T21:12:07.503Z [ODDS]  Fenerbahce: 2/9 → 1/4
2026-02-26T21:12:31.857Z [ODDS]  Fenerbahce: 1/4 → 2/9
2026-02-26T21:12:39.074Z [ODDS]  Fenerbahce: 2/9 → 1/4
2026-02-26T21:12:42.235Z [ODDS]  Fenerbahce: 1/4 → 2/9
2026-02-26T21:12:45.398Z [ODDS]  Fenerbahce: 2/9 → 1/4
2026-02-26T21:14:03.432Z [ODDS]  Fenerbahce: 1/4 → 2/9
2026-02-26T21:15:16.032Z [ODDS]  Nottm Forest: 11/1 → 12/1
2026-02-26T21:17:54.783Z [ODDS]  Fenerbahce: 2/9 → 1/5
2026-02-26T21:18:55.668Z [ODDS]  Fenerbahce: 1/5 → 2/9
2026-02-26T21:19:16.426Z [ODDS]  Fenerbahce: 2/9 → 1/5
2026-02-26T21:19:23.183Z [ODDS]  Draw: 5/1 → 11/2, Nottm Forest: 12/1 → 14/1
2026-02-26T21:19:27.689Z [ODDS]  Fenerbahce: 1/5 → 2/9, Draw: 11/2 → 5/1, Nottm Forest: 14/1 → 12/1
2026-02-26T21:19:38.066Z [ODDS]  Fenerbahce: 2/9 → 1/5
2026-02-26T21:19:57.455Z [ODDS]  Nottm Forest: 12/1 → 14/1
2026-02-26T21:20:09.188Z [ODDS]  Draw: 5/1 → 11/2
2026-02-26T21:20:35.807Z [ODDS]  Fenerbahce: 1/5 → 2/11
2026-02-26T21:21:38.481Z [ODDS]  Nottm Forest: 14/1 → 16/1
2026-02-26T21:21:54.267Z [ODDS]  Fenerbahce: 2/11 → 1/6
2026-02-26T21:21:56.972Z [ODDS]  Draw: 11/2 → 6/1
2026-02-26T21:23:05.976Z [ODDS]  Fenerbahce: 1/6 → 1/7, Nottm Forest: 16/1 → 18/1
2026-02-26T21:23:35.310Z [ODDS]  Draw: 6/1 → 13/2, Nottm Forest: 18/1 → 20/1
2026-02-26T21:23:41.168Z [ODDS]  Fenerbahce: 1/7 → 1/8
2026-02-26T21:23:50.645Z [ODDS]  Fenerbahce: 1/8 → 1/7
2026-02-26T21:24:37.098Z [ODDS]  Fenerbahce: 1/7 → 1/8
2026-02-26T21:25:17.238Z [ODDS]  Draw: 13/2 → 7/1
2026-02-26T21:25:23.565Z [ODDS]  Draw: 7/1 → 13/2
2026-02-26T21:25:28.980Z [ODDS]  Draw: 13/2 → 7/1
2026-02-26T21:25:48.806Z [ODDS]  Fenerbahce: 1/8 → 1/9, Nottm Forest: 20/1 → 22/1
2026-02-26T21:26:29.848Z [ODDS]  Draw: 7/1 → 15/2
2026-02-26T21:27:24.870Z [ODDS]  Fenerbahce: 1/9 → 1/10, Nottm Forest: 22/1 → 25/1
2026-02-26T21:27:50.132Z [ODDS]  Fenerbahce: 1/10 → 1/11, Draw: 15/2 → 8/1
2026-02-26T21:28:42.895Z [ODDS]  Fenerbahce: 1/11 → 1/12, Nottm Forest: 25/1 → 28/1
2026-02-26T21:28:45.601Z [ODDS]  Fenerbahce: 1/12 → 1/11
2026-02-26T21:28:51.915Z [ODDS]  Fenerbahce: 1/11 → 1/12
2026-02-26T21:29:09.957Z [ODDS]  Fenerbahce: 1/12 → 1/11
2026-02-26T21:29:12.668Z [ODDS]  Fenerbahce: 1/11 → 1/12
2026-02-26T21:29:50.547Z [ODDS]  Draw: 8/1 → 17/2
2026-02-26T21:29:54.676Z [ODDS]  Draw: 17/2 → 8/1
2026-02-26T21:30:17.609Z [ODDS]  Draw: 8/1 → 17/2
2026-02-26T21:30:53.238Z [ODDS]  Fenerbahce: 1/12 → 8/15, Draw: 17/2 → 12/5, Nottm Forest: 28/1 → 8/1
2026-02-26T21:30:53.238Z [EVENT]  score: 1-2
2026-02-26T21:31:03.161Z [ODDS]  Fenerbahce: 8/15 → 8/13, Draw: 12/5 → 11/5, Nottm Forest: 8/1 → 13/2
2026-02-26T21:31:22.100Z [ODDS]  Fenerbahce: 8/13 → 4/7, Draw: 11/5 → 9/4, Nottm Forest: 13/2 → 7/1
2026-02-26T21:31:29.768Z [ODDS]  Nottm Forest: 7/1 → 15/2
2026-02-26T21:31:55.158Z [ODDS]  Fenerbahce: 4/7 → 8/15
2026-02-26T21:31:59.553Z [ODDS]  Fenerbahce: 8/15 → 4/7
2026-02-26T21:32:13.108Z [ODDS]  Fenerbahce: 4/7 → 8/15, Nottm Forest: 15/2 → 8/1
2026-02-26T21:32:29.301Z [ODDS]  Draw: 9/4 → 12/5
2026-02-26T21:32:55.466Z [ODDS]  Fenerbahce: 8/15 → 1/2, Nottm Forest: 8/1 → 17/2
2026-02-26T21:32:58.169Z [ODDS]  Fenerbahce: 1/2 → 8/15
2026-02-26T21:33:13.952Z [ODDS]  Fenerbahce: 8/15 → 1/2, Nottm Forest: 17/2 → 9/1
2026-02-26T21:33:41.989Z [ODDS]  Draw: 12/5 → 5/2
2026-02-26T21:33:48.242Z [ODDS]  Draw: 5/2 → 12/5
2026-02-26T21:33:51.392Z [ODDS]  Fenerbahce: 1/2 → 2/5, Draw: 12/5 → 13/5, Nottm Forest: 9/1 → 11/1
2026-02-26T21:34:04.920Z [ODDS]  Fenerbahce: 2/5 → 4/9
2026-02-26T21:34:08.075Z [ODDS]  Draw: 13/5 → 5/2, Nottm Forest: 11/1 → 12/1
2026-02-26T21:34:13.936Z [ODDS]  Draw: 5/2 → 13/5, Nottm Forest: 12/1 → 11/1
2026-02-26T21:34:16.644Z [ODDS]  Draw: 13/5 → 5/2, Nottm Forest: 11/1 → 12/1
2026-02-26T21:35:17.077Z [ODDS]  Fenerbahce: 4/9 → 2/5
2026-02-26T21:35:21.587Z [ODDS]  Fenerbahce: 2/5 → 4/9, Draw: 5/2 → 13/5, Nottm Forest: 12/1 → 11/1
2026-02-26T21:35:33.767Z [ODDS]  Fenerbahce: 4/9 → 2/5, Draw: 13/5 → 5/2, Nottm Forest: 11/1 → 12/1
2026-02-26T21:35:42.785Z [ODDS]  Fenerbahce: 2/5 → 4/9
2026-02-26T21:35:45.518Z [ODDS]  Fenerbahce: 4/9 → 2/5
2026-02-26T21:35:48.650Z [ODDS]  Fenerbahce: 2/5 → 4/9
2026-02-26T21:35:57.676Z [ODDS]  Fenerbahce: 4/9 → 2/5
2026-02-26T21:37:37.858Z [ODDS]  Nottm Forest: 12/1 → 14/1
2026-02-26T21:38:43.050Z [ODDS]  Nottm Forest: 14/1 → 16/1
2026-02-26T21:38:48.926Z [ODDS]  Nottm Forest: 16/1 → 14/1
2026-02-26T21:38:53.423Z [ODDS]  Nottm Forest: 14/1 → 16/1
2026-02-26T21:39:36.272Z [ODDS]  Draw: 5/2 → 13/5
2026-02-26T21:39:39.427Z [ODDS]  Fenerbahce: 2/5 → 4/11
2026-02-26T21:40:03.797Z [ODDS]  Draw: 13/5 → 5/2
2026-02-26T21:40:10.095Z [ODDS]  Draw: 5/2 → 13/5, Nottm Forest: 16/1 → 18/1
2026-02-26T21:40:33.997Z [ODDS]  Draw: 13/5 → 5/2
2026-02-26T21:40:50.687Z [ODDS]  Draw: 5/2 → 13/5
2026-02-26T21:41:08.750Z [ODDS]  Nottm Forest: 18/1 → 20/1
2026-02-26T21:41:24.513Z [ODDS]  Fenerbahce: 4/11 → 1/3
2026-02-26T21:42:01.495Z [ODDS]  Draw: 13/5 → 11/4, Nottm Forest: 20/1 → 22/1
2026-02-26T21:42:19.562Z [ODDS]  Draw: 11/4 → 13/5
2026-02-26T21:43:27.645Z [ODDS]  Draw: 13/5 → 11/4
2026-02-26T21:44:12.300Z [ODDS]  Fenerbahce: 1/3 → 3/10
2026-02-26T21:44:39.793Z [ODDS]  Nottm Forest: 22/1 → 25/1
2026-02-26T21:44:58.287Z [ODDS]  Draw: 11/4 → 3/1, Nottm Forest: 25/1 → 28/1
2026-02-26T21:45:04.155Z [ODDS]  Nottm Forest: 28/1 → 25/1
2026-02-26T21:45:08.712Z [ODDS]  Nottm Forest: 25/1 → 28/1
2026-02-26T21:45:11.815Z [ODDS]  Fenerbahce: 3/10 → 2/7
2026-02-26T21:45:30.757Z [ODDS]  Nottm Forest: 28/1 → 33/1
2026-02-26T21:45:44.738Z [ODDS]  Nottm Forest: 33/1 → 28/1
2026-02-26T21:45:54.210Z [ODDS]  Nottm Forest: 28/1 → 33/1
2026-02-26T21:45:56.915Z [ODDS]  Fenerbahce: 2/7 → 1/4
2026-02-26T21:46:30.741Z [ODDS]  Draw: 3/1 → 10/3, Nottm Forest: 33/1 → 40/1
2026-02-26T21:47:15.854Z [ODDS]  Fenerbahce: 1/4 → 2/9
2026-02-26T21:47:39.829Z [ODDS]  Draw: 10/3 → 7/2
2026-02-26T21:48:36.124Z [ODDS]  Fenerbahce: 2/9 → 1/5
2026-02-26T21:48:52.363Z [ODDS]  Fenerbahce: 1/5 → 2/11, Draw: 7/2 → 15/4, Nottm Forest: 40/1 → 50/1
2026-02-26T21:49:11.303Z [ODDS]  Fenerbahce: 2/11 → 1/5
2026-02-26T21:49:29.346Z [ODDS]  Fenerbahce: 1/5 → 2/11, Draw: 15/4 → 4/1
2026-02-26T21:49:47.396Z [ODDS]  Fenerbahce: 2/11 → 1/6
2026-02-26T21:50:20.308Z [ODDS]  Draw: 4/1 → 9/2
2026-02-26T21:50:23.024Z [ODDS]  Nottm Forest: 50/1 → 66/1
2026-02-26T21:50:29.330Z [ODDS]  Nottm Forest: 66/1 → 50/1
2026-02-26T21:50:39.705Z [ODDS]  Fenerbahce: 1/6 → 1/7, Nottm Forest: 50/1 → 66/1
2026-02-26T21:50:42.411Z [ODDS]  Fenerbahce: 1/7 → 1/6, Draw: 9/2 → 4/1, Nottm Forest: 66/1 → 50/1
2026-02-26T21:50:50.525Z [ODDS]  Fenerbahce: 1/6 → 1/7, Draw: 4/1 → 9/2, Nottm Forest: 50/1 → 66/1
2026-02-26T21:51:23.915Z [ODDS]  Fenerbahce: 1/7 → 1/8, Draw: 9/2 → 5/1, Nottm Forest: 66/1 → 80/1
2026-02-26T21:51:55.919Z [ODDS]  Fenerbahce: 1/8 → 1/9, Draw: 5/1 → 11/2
2026-02-26T21:51:59.971Z [ODDS]  Fenerbahce: 1/9 → 1/8, Draw: 11/2 → 5/1, Nottm Forest: 80/1 → 66/1
2026-02-26T21:52:52.269Z [ODDS]  Fenerbahce: 1/8 → 1/9, Draw: 5/1 → 11/2, Nottm Forest: 66/1 → 80/1
2026-02-26T21:52:54.974Z [ODDS]  Fenerbahce: 1/9 → 1/10, Draw: 11/2 → 6/1, Nottm Forest: 80/1 → 100/1
2026-02-26T21:53:07.150Z [ODDS]  Nottm Forest: 100/1 → 125/1
2026-02-26T21:53:13.023Z [ODDS]  Fenerbahce: 1/10 → 1/12, Draw: 6/1 → 13/2
2026-02-26T21:53:29.380Z [ODDS]  Fenerbahce: 1/12 → 1/16, Draw: 13/2 → 9/1, Nottm Forest: 125/1 → 200/1
2026-02-26T21:53:43.352Z [ODDS]  Fenerbahce: 1/16 → 1/20, Draw: 9/1 → 10/1
2026-02-26T21:53:46.058Z [ODDS]  Nottm Forest: 200/1 → 250/1
2026-02-26T21:54:16.275Z [ODDS]  Nottm Forest: 250/1 → 300/1
2026-02-26T21:54:28.456Z [ODDS]  Fenerbahce: 1/20 → 1/25, Draw: 10/1 → 12/1
2026-02-26T21:54:34.317Z [ODDS]  Nottm Forest: 300/1 → 350/1
2026-02-26T21:54:51.523Z [ODDS]  Nottm Forest: 350/1 → 400/1
2026-02-26T21:54:59.575Z [ODDS]  Fenerbahce: 1/25 → 1/28
2026-02-26T21:55:15.807Z [ODDS]  Fenerbahce: 1/28 → 1/33, Draw: 12/1 → 14/1, Nottm Forest: 400/1 → 500/1
2026-02-26T21:55:36.556Z [ODDS]  Fenerbahce: 1/33 → 1/40, Draw: 14/1 → 16/1
2026-02-26T21:56:11.283Z [ODDS]  Fenerbahce: 1/40 → 1/50, Draw: 16/1 → 18/1
2026-02-26T21:56:23.008Z [ODDS]  Fenerbahce: 1/50 → 1/66, Draw: 18/1 → 20/1
2026-02-26T21:56:41.497Z [ODDS]  Fenerbahce: 1/66 → 1/80, Draw: 20/1 → 22/1
2026-02-26T21:56:53.680Z [ODDS]  Fenerbahce: 1/80 → 1/100, Draw: 22/1 → 25/1
