2026-02-26T19:59:03.444Z [ODDS]  Costa Rica U20: 1/100 → 1/125, Draw: 28/1 → 33/1
2026-02-26T20:02:37.228Z [ODDS]  Sint Maarten U20: 50/1 → 40/1
2026-02-26T20:03:20.083Z [ODDS]  Draw: 33/1 → 28/1
2026-02-26T20:03:52.096Z [ODDS]  Costa Rica U20: 1/125 → 1/100
2026-02-26T20:04:18.247Z [ODDS]  Sint Maarten U20: 40/1 → 33/1
2026-02-26T20:05:08.316Z [ODDS]  Draw: 28/1 → 25/1
2026-02-26T20:05:31.312Z [ODDS]  Sint Maarten U20: 33/1 → 28/1
2026-02-26T20:05:53.858Z [ODDS]  Costa Rica U20: 1/100 → 1/125
2026-02-26T20:06:16.862Z [ODDS]  Costa Rica U20: 1/125 → 1/500, Draw: 25/1 → 50/1, Sint Maarten U20: 28/1 → 50/1
2026-02-26T20:06:16.862Z [EVENT]  score: 0-1
2026-02-26T20:09:53.063Z [ODDS]  Sint Maarten U20: 50/1 → 80/1
2026-02-26T20:09:55.302Z [ODDS]  Sint Maarten U20: 80/1 → 50/1
2026-02-26T20:10:25.519Z [ODDS]  Sint Maarten U20: 50/1 → 80/1
2026-02-26T20:10:29.586Z [ODDS]  Sint Maarten U20: 80/1 → 50/1
2026-02-26T20:14:21.848Z [EVENT]  score: 0-2
2026-02-26T20:21:17.683Z [EVENT]  score: 0-3
2026-02-26T20:25:04.077Z [EVENT]  score: 0-4
2026-02-26T20:38:20.691Z [ODDS]  Costa Rica U20: 1/40 → 1/33, Sint Maarten U20: 16/1 → 14/1
2026-02-26T20:38:40.538Z [ODDS]  Costa Rica U20: 1/33 → 1/40, Sint Maarten U20: 14/1 → 16/1
2026-02-26T20:39:25.191Z [ODDS]  Costa Rica U20: 1/40 → 1/33, Sint Maarten U20: 16/1 → 14/1
2026-02-26T20:39:44.130Z [ODDS]  Costa Rica U20: 1/33 → 1/40, Sint Maarten U20: 14/1 → 16/1
2026-02-26T20:39:52.698Z [ODDS]  Costa Rica U20: 1/40 → 1/50, Draw: 20/1 → 16/1, Sint Maarten U20: 16/1 → 18/1
2026-02-26T20:40:10.743Z [ODDS]  Costa Rica U20: 1/50 → 1/80, Sint Maarten U20: 18/1 → 22/1
2026-02-26T20:40:12.543Z [ODDS]  Costa Rica U20: 1/80 → 1/66, Sint Maarten U20: 22/1 → 20/1
2026-02-26T20:40:12.995Z [ODDS]  Costa Rica U20: 1/66 → 1/80, Sint Maarten U20: 20/1 → 22/1
2026-02-26T20:40:14.804Z [ODDS]  Costa Rica U20: 1/80 → 1/40, Sint Maarten U20: 22/1 → 16/1
2026-02-26T20:40:17.956Z [ODDS]  Costa Rica U20: 1/40 → 1/66, Sint Maarten U20: 16/1 → 20/1
2026-02-26T20:40:54.937Z [ODDS]  Costa Rica U20: 1/66 → 1/40, Sint Maarten U20: 20/1 → 16/1
2026-02-26T20:41:28.763Z [ODDS]  Costa Rica U20: 1/40 → 1/66, Sint Maarten U20: 16/1 → 20/1
2026-02-26T20:42:15.215Z [EVENT]  score: 0-5
2026-02-26T20:48:20.627Z [EVENT]  score: 0-6
2026-02-26T20:48:40.020Z [EVENT]  score: 0-5
2026-02-26T21:05:01.004Z [ODDS]  Draw: 14/1 → 12/1
2026-02-26T21:06:28.498Z [ODDS]  Draw: 12/1 → 11/1
2026-02-26T21:07:14.572Z [ODDS]  Sint Maarten U20: 18/1 → 20/1
2026-02-26T21:07:36.604Z [ODDS]  Costa Rica U20: 1/50 → 1/40
2026-02-26T21:08:26.964Z [ODDS]  Draw: 11/1 → 10/1
2026-02-26T21:10:03.482Z [ODDS]  Sint Maarten U20: 20/1 → 22/1
2026-02-26T21:10:27.383Z [ODDS]  Costa Rica U20: 1/40 → 1/33, Draw: 10/1 → 19/2
2026-02-26T21:12:27.801Z [ODDS]  Draw: 19/2 → 9/1, Sint Maarten U20: 22/1 → 25/1
2026-02-26T21:12:36.822Z [ODDS]  Costa Rica U20: 1/33 → 1/28
2026-02-26T21:13:33.699Z [ODDS]  Costa Rica U20: 1/28 → 1/25
2026-02-26T21:14:15.588Z [ODDS]  Costa Rica U20: 1/25 → 1/20, Sint Maarten U20: 25/1 → 12/1
2026-02-26T21:14:26.867Z [ODDS]  Costa Rica U20: 1/20 → 1/25, Sint Maarten U20: 12/1 → 25/1
2026-02-26T21:14:32.740Z [ODDS]  Draw: 9/1 → 8/1
2026-02-26T21:15:43.539Z [EVENT]  score: 0-6
2026-02-26T21:17:16.900Z [EVENT]  score: 0-7
2026-02-26T21:25:27.174Z [EVENT]  score: 0-8
2026-02-26T21:28:06.814Z [EVENT]  score: 0-9
2026-02-26T21:38:28.170Z [ODDS]  Draw: 5/2 → 12/5
2026-02-26T21:38:35.386Z [ODDS]  Costa Rica U20: 3/10 → 1/3, Draw: 12/5 → 5/2, Sint Maarten U20: 22/1 → 14/1
2026-02-26T21:38:39.442Z [ODDS]  Draw: 5/2 → 12/5
2026-02-26T21:38:48.014Z [ODDS]  Sint Maarten U20: 14/1 → 22/1
2026-02-26T21:39:04.700Z [ODDS]  Draw: 12/5 → 9/4
2026-02-26T21:39:14.170Z [ODDS]  Sint Maarten U20: 22/1 → 25/1
2026-02-26T21:39:23.653Z [ODDS]  Costa Rica U20: 1/3 → 4/11
2026-02-26T21:39:51.603Z [ODDS]  Draw: 9/4 → 2/1
2026-02-26T21:39:57.475Z [ODDS]  Costa Rica U20: 4/11 → 2/5
2026-02-26T21:40:30.393Z [ODDS]  Draw: 2/1 → 7/4
2026-02-26T21:40:40.310Z [ODDS]  Costa Rica U20: 2/5 → 4/9
2026-02-26T21:41:03.762Z [ODDS]  Draw: 7/4 → 13/8
2026-02-26T21:41:05.569Z [ODDS]  Draw: 13/8 → 7/4
2026-02-26T21:41:18.722Z [ODDS]  Draw: 7/4 → 13/8
2026-02-26T21:41:31.726Z [ODDS]  Costa Rica U20: 4/9 → 1/2
2026-02-26T21:41:32.176Z [ODDS]  Costa Rica U20: 1/2 → 4/9
2026-02-26T21:41:52.021Z [ODDS]  Costa Rica U20: 4/9 → 1/2, Draw: 13/8 → 6/4
2026-02-26T21:42:04.197Z [ODDS]  Costa Rica U20: 1/2 → 8/15
2026-02-26T21:42:24.588Z [ODDS]  Draw: 6/4 → 11/8
2026-02-26T21:42:34.024Z [ODDS]  Costa Rica U20: 8/15 → 4/7
2026-02-26T21:42:50.653Z [ODDS]  Draw: 11/8 → 5/4
2026-02-26T21:43:04.634Z [EVENT]  score: 0-10
2026-02-26T21:45:37.973Z [EVENT]  score: 0-11
2026-02-26T21:49:46.032Z [EVENT]  score: 0-12
