2026-02-26T19:48:25.231Z [ODDS]  Hakoah Amidar Ramat Gan: 2/9 → 1/5
2026-02-26T19:49:36.487Z [ODDS]  Hakoah Amidar Ramat Gan: 1/5 → 2/9
2026-02-26T19:49:38.742Z [ODDS]  Hakoah Amidar Ramat Gan: 2/9 → 1/5
2026-02-26T19:49:42.803Z [ODDS]  Beitar Kfar Saba: 10/1 → 3/1, Draw: 4/1 → 7/5, Hakoah Amidar Ramat Gan: 1/5 → 11/8
2026-02-26T19:49:42.803Z [EVENT]  score: 1-1
2026-02-26T19:50:42.784Z [ODDS]  Draw: 7/5 → 11/8, Hakoah Amidar Ramat Gan: 11/8 → 7/5
2026-02-26T19:52:08.475Z [ODDS]  Draw: 11/8 → 13/10
2026-02-26T19:52:27.426Z [ODDS]  Hakoah Amidar Ramat Gan: 7/5 → 11/8
2026-02-26T19:52:44.561Z [ODDS]  Beitar Kfar Saba: 3/1 → 10/3, Hakoah Amidar Ramat Gan: 11/8 → 7/5
2026-02-26T19:52:58.541Z [ODDS]  Beitar Kfar Saba: 10/3 → 3/1
2026-02-26T19:53:17.936Z [ODDS]  Draw: 13/10 → 5/4
2026-02-26T19:53:39.140Z [ODDS]  Beitar Kfar Saba: 3/1 → 10/3
2026-02-26T19:54:00.330Z [ODDS]  Hakoah Amidar Ramat Gan: 7/5 → 6/4
2026-02-26T19:54:12.958Z [ODDS]  Hakoah Amidar Ramat Gan: 6/4 → 7/5
2026-02-26T19:54:44.079Z [ODDS]  Draw: 5/4 → 6/5, Hakoah Amidar Ramat Gan: 7/5 → 6/4
2026-02-26T19:55:22.413Z [ODDS]  Beitar Kfar Saba: 10/3 → 3/1
2026-02-26T19:55:28.277Z [ODDS]  Beitar Kfar Saba: 3/1 → 10/3
2026-02-26T19:55:46.332Z [ODDS]  Beitar Kfar Saba: 10/3 → 3/1, Hakoah Amidar Ramat Gan: 6/4 → 8/5
2026-02-26T19:56:29.195Z [ODDS]  Draw: 6/5 → 11/10, Hakoah Amidar Ramat Gan: 8/5 → 13/8
2026-02-26T19:57:05.278Z [ODDS]  Hakoah Amidar Ramat Gan: 13/8 → 7/4
2026-02-26T19:58:11.577Z [ODDS]  Draw: 11/10 → 21/20
2026-02-26T19:59:02.997Z [ODDS]  Hakoah Amidar Ramat Gan: 7/4 → 15/8
2026-02-26T19:59:07.055Z [ODDS]  Draw: 21/20 → 1/1
2026-02-26T19:59:14.283Z [ODDS]  Draw: 1/1 → 21/20
2026-02-26T19:59:16.071Z [ODDS]  Draw: 21/20 → 1/1
2026-02-26T20:00:10.194Z [ODDS]  Beitar Kfar Saba: 3/1 → 10/3, Draw: 1/1 → 20/21
2026-02-26T20:00:26.878Z [ODDS]  Beitar Kfar Saba: 10/3 → 3/1, Draw: 20/21 → 1/1, Hakoah Amidar Ramat Gan: 15/8 → 2/1
2026-02-26T20:00:27.787Z [ODDS]  Beitar Kfar Saba: 3/1 → 10/3, Draw: 1/1 → 20/21, Hakoah Amidar Ramat Gan: 2/1 → 15/8
2026-02-26T20:00:48.076Z [ODDS]  Hakoah Amidar Ramat Gan: 15/8 → 2/1
2026-02-26T20:01:23.713Z [ODDS]  Draw: 20/21 → 10/11
2026-02-26T20:02:05.200Z [ODDS]  Hakoah Amidar Ramat Gan: 2/1 → 21/10
2026-02-26T20:03:11.511Z [ODDS]  Draw: 10/11 → 5/6
2026-02-26T20:03:37.654Z [ODDS]  Hakoah Amidar Ramat Gan: 21/10 → 11/5
2026-02-26T20:03:48.482Z [ODDS]  Draw: 5/6 → 4/5, Hakoah Amidar Ramat Gan: 11/5 → 9/4
2026-02-26T20:03:49.381Z [ODDS]  Draw: 4/5 → 5/6, Hakoah Amidar Ramat Gan: 9/4 → 11/5
2026-02-26T20:04:04.717Z [ODDS]  Draw: 5/6 → 4/5, Hakoah Amidar Ramat Gan: 11/5 → 9/4
2026-02-26T20:04:47.561Z [ODDS]  Beitar Kfar Saba: 10/3 → 7/2
2026-02-26T20:05:25.456Z [ODDS]  Draw: 4/5 → 8/11
2026-02-26T20:06:14.603Z [ODDS]  Beitar Kfar Saba: 7/2 → 15/4, Hakoah Amidar Ramat Gan: 9/4 → 12/5
2026-02-26T20:06:22.271Z [ODDS]  Beitar Kfar Saba: 15/4 → 7/2, Draw: 8/11 → 4/5, Hakoah Amidar Ramat Gan: 12/5 → 9/4
2026-02-26T20:06:44.830Z [ODDS]  Beitar Kfar Saba: 7/2 → 15/4, Draw: 4/5 → 8/11, Hakoah Amidar Ramat Gan: 9/4 → 12/5
2026-02-26T20:07:10.533Z [ODDS]  Beitar Kfar Saba: 15/4 → 7/2, Hakoah Amidar Ramat Gan: 12/5 → 9/4
2026-02-26T20:07:31.733Z [ODDS]  Beitar Kfar Saba: 7/2 → 15/4, Hakoah Amidar Ramat Gan: 9/4 → 12/5
2026-02-26T20:08:36.827Z [ODDS]  Draw: 8/11 → 4/6
2026-02-26T20:08:49.460Z [ODDS]  Hakoah Amidar Ramat Gan: 12/5 → 5/2
2026-02-26T20:08:55.330Z [ODDS]  Draw: 4/6 → 8/11, Hakoah Amidar Ramat Gan: 5/2 → 12/5
2026-02-26T20:09:08.854Z [ODDS]  Beitar Kfar Saba: 15/4 → 4/1, Draw: 8/11 → 4/6
2026-02-26T20:09:09.759Z [ODDS]  Draw: 4/6 → 8/11, Hakoah Amidar Ramat Gan: 12/5 → 9/4
2026-02-26T20:09:16.068Z [ODDS]  Draw: 8/11 → 4/6, Hakoah Amidar Ramat Gan: 9/4 → 12/5
2026-02-26T20:09:25.086Z [ODDS]  Beitar Kfar Saba: 4/1 → 15/4, Draw: 4/6 → 8/11, Hakoah Amidar Ramat Gan: 12/5 → 5/2
2026-02-26T20:09:26.894Z [ODDS]  Beitar Kfar Saba: 15/4 → 4/1, Draw: 8/11 → 4/6, Hakoah Amidar Ramat Gan: 5/2 → 12/5
2026-02-26T20:10:16.050Z [ODDS]  Hakoah Amidar Ramat Gan: 12/5 → 5/2
2026-02-26T20:10:32.287Z [ODDS]  Draw: 4/6 → 8/13
2026-02-26T20:10:48.520Z [ODDS]  Hakoah Amidar Ramat Gan: 5/2 → 13/5
2026-02-26T20:10:58.906Z [ODDS]  Hakoah Amidar Ramat Gan: 13/5 → 11/4
2026-02-26T20:11:14.227Z [ODDS]  Hakoah Amidar Ramat Gan: 11/4 → 13/5
2026-02-26T20:11:20.541Z [ODDS]  Hakoah Amidar Ramat Gan: 13/5 → 11/4
2026-02-26T20:11:35.424Z [ODDS]  Draw: 8/13 → 4/7
2026-02-26T20:11:48.504Z [ODDS]  Beitar Kfar Saba: 4/1 → 9/2
2026-02-26T20:12:34.507Z [ODDS]  Draw: 4/7 → 8/15, Hakoah Amidar Ramat Gan: 11/4 → 3/1
2026-02-26T20:13:44.413Z [ODDS]  Draw: 8/15 → 1/2
2026-02-26T20:14:25.453Z [ODDS]  Beitar Kfar Saba: 9/2 → 5/1, Hakoah Amidar Ramat Gan: 3/1 → 10/3
2026-02-26T20:14:34.925Z [ODDS]  Draw: 1/2 → 4/9
2026-02-26T20:15:16.881Z [ODDS]  Beitar Kfar Saba: 5/1 → 11/2, Hakoah Amidar Ramat Gan: 10/3 → 3/1
2026-02-26T20:15:20.025Z [ODDS]  Draw: 4/9 → 1/2
2026-02-26T20:15:22.733Z [ODDS]  Hakoah Amidar Ramat Gan: 3/1 → 11/4
2026-02-26T20:15:54.759Z [ODDS]  Draw: 1/2 → 4/9
2026-02-26T20:16:01.974Z [ODDS]  Draw: 4/9 → 2/5, Hakoah Amidar Ramat Gan: 11/4 → 7/2
2026-02-26T20:16:06.486Z [ODDS]  Draw: 2/5 → 4/11
2026-02-26T20:16:23.621Z [ODDS]  Beitar Kfar Saba: 11/2 → 6/1, Hakoah Amidar Ramat Gan: 7/2 → 15/4
2026-02-26T20:16:34.449Z [ODDS]  Beitar Kfar Saba: 6/1 → 11/2
2026-02-26T20:16:36.249Z [ODDS]  Hakoah Amidar Ramat Gan: 15/4 → 4/1
2026-02-26T20:16:39.865Z [ODDS]  Beitar Kfar Saba: 11/2 → 6/1, Hakoah Amidar Ramat Gan: 4/1 → 15/4
2026-02-26T20:16:55.195Z [ODDS]  Draw: 4/11 → 1/3, Hakoah Amidar Ramat Gan: 15/4 → 4/1
2026-02-26T20:17:01.519Z [ODDS]  Draw: 1/3 → 4/11, Hakoah Amidar Ramat Gan: 4/1 → 15/4
2026-02-26T20:17:19.552Z [ODDS]  Draw: 4/11 → 1/3, Hakoah Amidar Ramat Gan: 15/4 → 4/1
2026-02-26T20:17:50.226Z [ODDS]  Beitar Kfar Saba: 6/1 → 13/2, Draw: 1/3 → 3/10
2026-02-26T20:17:54.286Z [ODDS]  Beitar Kfar Saba: 13/2 → 6/1
2026-02-26T20:18:15.483Z [ODDS]  Beitar Kfar Saba: 6/1 → 13/2, Hakoah Amidar Ramat Gan: 4/1 → 9/2
2026-02-26T20:18:19.538Z [ODDS]  Draw: 3/10 → 2/7
2026-02-26T20:19:02.834Z [ODDS]  Draw: 2/7 → 1/4, Hakoah Amidar Ramat Gan: 9/2 → 5/1
2026-02-26T20:19:19.521Z [ODDS]  Beitar Kfar Saba: 13/2 → 7/1
2026-02-26T20:19:29.440Z [ODDS]  Draw: 1/4 → 2/9
2026-02-26T20:19:51.991Z [ODDS]  Hakoah Amidar Ramat Gan: 5/1 → 11/2
2026-02-26T20:19:59.660Z [ODDS]  Beitar Kfar Saba: 7/1 → 15/2, Draw: 2/9 → 1/5
2026-02-26T20:20:17.250Z [ODDS]  Draw: 1/5 → 2/11, Hakoah Amidar Ramat Gan: 11/2 → 6/1
2026-02-26T20:20:36.191Z [ODDS]  Beitar Kfar Saba: 15/2 → 8/1, Draw: 2/11 → 1/6
2026-02-26T20:21:00.995Z [ODDS]  Beitar Kfar Saba: 8/1 → 17/2, Draw: 1/6 → 1/7, Hakoah Amidar Ramat Gan: 6/1 → 13/2
2026-02-26T20:21:10.917Z [ODDS]  Draw: 1/7 → 1/6, Hakoah Amidar Ramat Gan: 13/2 → 6/1
2026-02-26T20:21:16.782Z [ODDS]  Draw: 1/6 → 1/7, Hakoah Amidar Ramat Gan: 6/1 → 7/1
2026-02-26T20:21:23.546Z [ODDS]  Beitar Kfar Saba: 17/2 → 9/1, Draw: 1/7 → 1/8
2026-02-26T20:21:27.607Z [ODDS]  Beitar Kfar Saba: 9/1 → 15/2, Draw: 1/8 → 1/7
2026-02-26T20:21:36.699Z [ODDS]  Beitar Kfar Saba: 15/2 → 8/1, Hakoah Amidar Ramat Gan: 7/1 → 15/2
2026-02-26T20:21:46.552Z [ODDS]  Draw: 1/7 → 1/8
2026-02-26T20:21:50.153Z [ODDS]  Beitar Kfar Saba: 8/1 → 9/1, Draw: 1/8 → 1/10
2026-02-26T20:22:08.650Z [ODDS]  Beitar Kfar Saba: 9/1 → 10/1, Draw: 1/10 → 1/11, Hakoah Amidar Ramat Gan: 15/2 → 8/1
2026-02-26T20:22:26.686Z [ODDS]  Beitar Kfar Saba: 10/1 → 11/1, Draw: 1/11 → 1/14, Hakoah Amidar Ramat Gan: 8/1 → 17/2
