2026-02-27T02:08:33.464Z [ODDS]  France (Kostolom89): 13/2 → 7/1, Draw: 9/2 → 5/1
2026-02-27T02:08:54.205Z [ODDS]  England (Kolesya): 2/9 → 1/5
2026-02-27T02:09:04.578Z [ODDS]  France (Kostolom89): 7/1 → 15/2
2026-02-27T02:09:25.325Z [ODDS]  France (Kostolom89): 15/2 → 8/1, England (Kolesya): 1/5 → 2/11
2026-02-27T02:09:35.246Z [ODDS]  England (Kolesya): 2/11 → 1/6
2026-02-27T02:09:45.620Z [ODDS]  France (Kostolom89): 8/1 → 17/2, Draw: 5/1 → 11/2
2026-02-27T02:09:55.992Z [ODDS]  France (Kostolom89): 17/2 → 9/1
2026-02-27T02:10:05.916Z [ODDS]  England (Kolesya): 1/6 → 1/7
2026-02-27T02:10:35.231Z [ODDS]  France (Kostolom89): 9/1 → 10/1, England (Kolesya): 1/7 → 1/8
2026-02-27T02:10:45.605Z [ODDS]  Draw: 11/2 → 6/1, England (Kolesya): 1/8 → 1/9
2026-02-27T02:10:55.997Z [ODDS]  France (Kostolom89): 10/1 → 11/1, England (Kolesya): 1/9 → 1/10
2026-02-27T02:11:05.901Z [ODDS]  France (Kostolom89): 11/1 → 12/1, Draw: 6/1 → 13/2, England (Kolesya): 1/10 → 1/11
2026-02-27T02:11:08.155Z [ODDS]  Draw: 13/2 → 6/1, England (Kolesya): 1/11 → 1/10
2026-02-27T02:11:09.968Z [ODDS]  France (Kostolom89): 12/1 → 16/1, Draw: 6/1 → 14/1, England (Kolesya): 1/10 → 1/33
2026-02-27T02:11:09.968Z [EVENT]  score: 3-0
2026-02-27T02:11:19.881Z [ODDS]  Draw: 14/1 → 16/1, England (Kolesya): 1/33 → 1/40
2026-02-27T02:11:30.254Z [ODDS]  France (Kostolom89): 16/1 → 18/1, Draw: 16/1 → 18/1, England (Kolesya): 1/40 → 1/50
2026-02-27T02:11:50.549Z [ODDS]  France (Kostolom89): 18/1 → 20/1, Draw: 18/1 → 20/1, England (Kolesya): 1/50 → 1/66
2026-02-27T02:12:00.922Z [ODDS]  France (Kostolom89): 20/1 → 22/1, Draw: 20/1 → 22/1, England (Kolesya): 1/66 → 1/80
2026-02-27T02:12:11.298Z [ODDS]  France (Kostolom89): 22/1 → 25/1, Draw: 22/1 → 25/1, England (Kolesya): 1/80 → 1/100
2026-02-27T02:12:21.218Z [ODDS]  England (Kolesya): 1/100 → 1/125
2026-02-27T02:12:31.591Z [ODDS]  France (Kostolom89): 25/1 → 33/1, Draw: 25/1 → 33/1, England (Kolesya): 1/125 → 1/200
2026-02-27T02:12:41.963Z [ODDS]  France (Kostolom89): 33/1 → 40/1, Draw: 33/1 → 40/1, England (Kolesya): 1/200 → 1/250
