2026-02-26T19:47:14.876Z [ODDS]  Al Ahli Jeddah: 4/7 → 8/15
2026-02-26T19:47:32.913Z [ODDS]  Al Ahli Jeddah: 8/15 → 4/7
2026-02-26T19:47:42.386Z [ODDS]  Al Riyadh: 7/1 → 13/2
2026-02-26T19:47:50.953Z [ODDS]  Al Riyadh: 13/2 → 7/1
2026-02-26T19:48:24.782Z [ODDS]  Al Riyadh: 7/1 → 13/2
2026-02-26T19:48:27.033Z [ODDS]  Al Riyadh: 13/2 → 7/1
2026-02-26T19:49:29.282Z [ODDS]  Draw: 9/4 → 11/5
2026-02-26T19:49:32.430Z [ODDS]  Al Ahli Jeddah: 4/7 → 8/15, Draw: 11/5 → 9/4, Al Riyadh: 7/1 → 15/2
2026-02-26T19:49:52.726Z [ODDS]  Al Riyadh: 15/2 → 8/1
2026-02-26T19:51:09.394Z [ODDS]  Al Ahli Jeddah: 8/15 → 1/9, Draw: 9/4 → 13/2, Al Riyadh: 8/1 → 28/1
2026-02-26T19:51:09.394Z [EVENT]  score: 0-1
2026-02-26T19:51:15.274Z [ODDS]  Al Ahli Jeddah: 1/9 → 1/10, Al Riyadh: 28/1 → 25/1
2026-02-26T19:51:31.944Z [ODDS]  Al Riyadh: 25/1 → 28/1
2026-02-26T19:51:45.478Z [ODDS]  Draw: 13/2 → 7/1
2026-02-26T19:52:02.613Z [ODDS]  Al Ahli Jeddah: 1/10 → 1/11
2026-02-26T19:52:23.816Z [ODDS]  Al Ahli Jeddah: 1/11 → 1/10
2026-02-26T19:52:40.953Z [ODDS]  Al Ahli Jeddah: 1/10 → 1/11
2026-02-26T19:53:40.034Z [ODDS]  Al Ahli Jeddah: 1/11 → 1/10
2026-02-26T19:54:35.523Z [ODDS]  Al Ahli Jeddah: 1/10 → 8/15, Draw: 7/1 → 11/5, Al Riyadh: 28/1 → 8/1
2026-02-26T19:54:35.523Z [EVENT]  score: 0-0
2026-02-26T19:54:40.018Z [ODDS]  Al Ahli Jeddah: 8/15 → 4/7, Al Riyadh: 8/1 → 15/2
2026-02-26T19:54:57.608Z [ODDS]  Al Ahli Jeddah: 4/7 → 8/15, Al Riyadh: 15/2 → 8/1
2026-02-26T19:55:08.887Z [ODDS]  Al Ahli Jeddah: 8/15 → 8/13, Draw: 11/5 → 21/10, Al Riyadh: 8/1 → 7/1
2026-02-26T19:55:49.041Z [ODDS]  Al Ahli Jeddah: 8/13 → 4/7, Al Riyadh: 7/1 → 15/2
2026-02-26T19:55:54.923Z [ODDS]  Al Ahli Jeddah: 4/7 → 8/13, Al Riyadh: 15/2 → 7/1
2026-02-26T19:56:05.740Z [ODDS]  Al Ahli Jeddah: 8/13 → 4/7, Al Riyadh: 7/1 → 15/2
2026-02-26T19:56:43.184Z [ODDS]  Al Riyadh: 15/2 → 7/1
2026-02-26T19:58:07.967Z [ODDS]  Al Ahli Jeddah: 4/7 → 8/13
2026-02-26T19:58:12.028Z [ODDS]  Al Ahli Jeddah: 8/13 → 4/7
2026-02-26T19:59:07.954Z [ODDS]  Al Ahli Jeddah: 4/7 → 8/13
2026-02-26T19:59:54.858Z [ODDS]  Al Riyadh: 7/1 → 13/2
2026-02-26T20:00:21.917Z [ODDS]  Al Ahli Jeddah: 8/13 → 4/7, Draw: 21/10 → 11/5, Al Riyadh: 13/2 → 7/1
2026-02-26T20:01:36.784Z [ODDS]  Draw: 11/5 → 21/10
2026-02-26T20:02:52.554Z [ODDS]  Draw: 21/10 → 11/5, Al Riyadh: 7/1 → 15/2
2026-02-26T20:11:30.925Z [ODDS]  Al Ahli Jeddah: 4/7 → 8/15, Draw: 11/5 → 9/4
2026-02-26T20:11:59.336Z [ODDS]  Al Ahli Jeddah: 8/15 → 4/7, Draw: 9/4 → 11/5
2026-02-26T20:13:02.469Z [ODDS]  Al Riyadh: 15/2 → 8/1
2026-02-26T20:13:22.315Z [ODDS]  Al Riyadh: 8/1 → 15/2
2026-02-26T20:13:36.295Z [ODDS]  Draw: 11/5 → 21/10
2026-02-26T20:13:52.981Z [ODDS]  Al Riyadh: 15/2 → 8/1
2026-02-26T20:14:01.555Z [ODDS]  Al Riyadh: 8/1 → 15/2
2026-02-26T20:14:27.715Z [ODDS]  Al Ahli Jeddah: 4/7 → 8/13
2026-02-26T20:14:47.556Z [ODDS]  Al Ahli Jeddah: 8/13 → 4/7
2026-02-26T20:14:53.422Z [ODDS]  Al Riyadh: 15/2 → 8/1
2026-02-26T20:15:05.593Z [ODDS]  Al Ahli Jeddah: 4/7 → 8/13, Draw: 21/10 → 2/1, Al Riyadh: 8/1 → 15/2
2026-02-26T20:15:34.465Z [ODDS]  Draw: 2/1 → 21/10
2026-02-26T20:15:36.712Z [ODDS]  Al Ahli Jeddah: 8/13 → 4/7
2026-02-26T20:15:55.665Z [ODDS]  Al Ahli Jeddah: 4/7 → 8/13, Draw: 21/10 → 2/1
2026-02-26T20:17:12.335Z [ODDS]  Al Riyadh: 15/2 → 8/1
2026-02-26T20:17:30.374Z [ODDS]  Al Ahli Jeddah: 8/13 → 4/7
2026-02-26T20:17:44.356Z [ODDS]  Al Ahli Jeddah: 4/7 → 8/13
2026-02-26T20:18:17.281Z [ODDS]  Al Riyadh: 8/1 → 17/2
2026-02-26T20:18:20.436Z [ODDS]  Draw: 2/1 → 15/8
2026-02-26T20:19:27.192Z [ODDS]  Al Riyadh: 17/2 → 9/1
2026-02-26T20:19:31.243Z [ODDS]  Al Riyadh: 9/1 → 17/2
2026-02-26T20:19:40.721Z [ODDS]  Al Riyadh: 17/2 → 9/1
2026-02-26T20:19:51.551Z [ODDS]  Al Ahli Jeddah: 8/13 → 4/7, Draw: 15/8 → 2/1, Al Riyadh: 9/1 → 10/1
2026-02-26T20:20:37.542Z [ODDS]  Draw: 2/1 → 15/8
2026-02-26T20:20:39.360Z [ODDS]  Al Ahli Jeddah: 4/7 → 8/15, Draw: 15/8 → 2/1
2026-02-26T20:20:57.838Z [ODDS]  Al Ahli Jeddah: 8/15 → 4/7, Draw: 2/1 → 15/8
2026-02-26T20:22:02.334Z [ODDS]  Al Ahli Jeddah: 4/7 → 8/13, Al Riyadh: 10/1 → 9/1
2026-02-26T20:22:17.219Z [ODDS]  Al Riyadh: 9/1 → 10/1
2026-02-26T20:23:02.079Z [ODDS]  Draw: 15/8 → 7/4
2026-02-26T20:24:23.045Z [ODDS]  Al Ahli Jeddah: 8/13 → 1/12, Draw: 7/4 → 15/2, Al Riyadh: 10/1 → 33/1
2026-02-26T20:24:23.045Z [EVENT]  score: 0-1
2026-02-26T20:24:32.969Z [ODDS]  Al Ahli Jeddah: 1/12 → 1/16, Draw: 15/2 → 9/1, Al Riyadh: 33/1 → 40/1
2026-02-26T20:24:52.366Z [ODDS]  Al Ahli Jeddah: 1/16 → 8/15, Draw: 9/1 → 15/8, Al Riyadh: 40/1 → 14/1
2026-02-26T20:24:52.366Z [EVENT]  score: 0-0
2026-02-26T20:24:59.574Z [ODDS]  Al Ahli Jeddah: 8/15 → 4/7, Al Riyadh: 14/1 → 12/1
2026-02-26T20:25:02.275Z [ODDS]  Al Ahli Jeddah: 4/7 → 8/15, Al Riyadh: 12/1 → 14/1
2026-02-26T20:25:07.689Z [ODDS]  Al Ahli Jeddah: 8/15 → 4/6, Draw: 15/8 → 13/8, Al Riyadh: 14/1 → 11/1
2026-02-26T20:25:12.191Z [ODDS]  Al Riyadh: 11/1 → 10/1
2026-02-26T20:25:56.384Z [ODDS]  Al Ahli Jeddah: 4/6 → 8/13, Draw: 13/8 → 7/4, Al Riyadh: 10/1 → 11/1
2026-02-26T20:26:22.094Z [ODDS]  Al Ahli Jeddah: 8/13 → 4/6, Draw: 7/4 → 13/8, Al Riyadh: 11/1 → 10/1
2026-02-26T20:26:33.378Z [ODDS]  Draw: 13/8 → 8/5
2026-02-26T20:27:55.001Z [ODDS]  Al Ahli Jeddah: 4/6 → 8/11
2026-02-26T20:28:07.630Z [ODDS]  Draw: 8/5 → 6/4, Al Riyadh: 10/1 → 11/1
2026-02-26T20:28:20.711Z [ODDS]  Al Riyadh: 11/1 → 10/1
2026-02-26T20:28:31.537Z [ODDS]  Al Riyadh: 10/1 → 11/1
2026-02-26T20:28:55.887Z [ODDS]  Al Riyadh: 11/1 → 10/1
2026-02-26T20:29:11.670Z [ODDS]  Draw: 6/4 → 7/5, Al Riyadh: 10/1 → 11/1
2026-02-26T20:29:23.397Z [ODDS]  Draw: 7/5 → 6/4, Al Riyadh: 11/1 → 10/1
2026-02-26T20:29:25.200Z [ODDS]  Al Ahli Jeddah: 8/11 → 4/5, Draw: 6/4 → 7/5, Al Riyadh: 10/1 → 9/1
2026-02-26T20:29:29.269Z [ODDS]  Al Ahli Jeddah: 4/5 → 8/11, Draw: 7/5 → 6/4, Al Riyadh: 9/1 → 11/1
2026-02-26T20:29:32.416Z [ODDS]  Draw: 6/4 → 7/5
2026-02-26T20:29:49.561Z [ODDS]  Al Ahli Jeddah: 8/11 → 4/5, Al Riyadh: 11/1 → 10/1
2026-02-26T20:30:15.716Z [ODDS]  Draw: 7/5 → 11/8, Al Riyadh: 10/1 → 9/1
2026-02-26T20:30:17.520Z [ODDS]  Al Riyadh: 9/1 → 10/1
2026-02-26T20:30:30.599Z [ODDS]  Draw: 11/8 → 7/5
2026-02-26T20:30:32.855Z [ODDS]  Al Ahli Jeddah: 4/5 → 8/11
2026-02-26T20:30:34.672Z [ODDS]  Al Ahli Jeddah: 8/11 → 4/5
2026-02-26T20:30:50.004Z [ODDS]  Draw: 7/5 → 11/8
2026-02-26T20:30:52.702Z [ODDS]  Al Riyadh: 10/1 → 11/1
2026-02-26T20:31:08.032Z [ODDS]  Al Riyadh: 11/1 → 10/1
2026-02-26T20:31:28.800Z [ODDS]  Draw: 11/8 → 13/10
2026-02-26T20:31:37.349Z [ODDS]  Al Ahli Jeddah: 4/5 → 5/6
2026-02-26T20:32:02.155Z [ODDS]  Draw: 13/10 → 5/4
2026-02-26T20:32:10.277Z [ODDS]  Al Riyadh: 10/1 → 11/1
2026-02-26T20:32:12.994Z [ODDS]  Al Ahli Jeddah: 5/6 → 10/11, Al Riyadh: 11/1 → 9/1
2026-02-26T20:32:32.820Z [ODDS]  Al Ahli Jeddah: 10/11 → 5/6, Al Riyadh: 9/1 → 11/1
2026-02-26T20:32:54.922Z [ODDS]  Al Riyadh: 11/1 → 10/1
2026-02-26T20:33:08.456Z [ODDS]  Al Ahli Jeddah: 5/6 → 10/11, Draw: 5/4 → 6/5, Al Riyadh: 10/1 → 11/1
2026-02-26T20:33:11.179Z [ODDS]  Al Riyadh: 11/1 → 10/1
2026-02-26T20:33:12.965Z [ODDS]  Al Riyadh: 10/1 → 11/1
2026-02-26T20:33:38.671Z [ODDS]  Al Riyadh: 11/1 → 10/1
2026-02-26T20:33:44.988Z [ODDS]  Al Riyadh: 10/1 → 11/1
2026-02-26T20:34:04.836Z [ODDS]  Draw: 6/5 → 11/10, Al Riyadh: 11/1 → 12/1
2026-02-26T20:34:21.069Z [ODDS]  Al Ahli Jeddah: 10/11 → 20/21, Al Riyadh: 12/1 → 11/1
2026-02-26T20:34:31.893Z [ODDS]  Al Riyadh: 11/1 → 12/1
2026-02-26T20:34:44.990Z [ODDS]  Al Riyadh: 12/1 → 11/1
2026-02-26T20:35:03.010Z [ODDS]  Al Ahli Jeddah: 20/21 → 1/1, Draw: 11/10 → 21/20
2026-02-26T20:35:12.478Z [ODDS]  Draw: 21/20 → 11/10
2026-02-26T20:35:31.876Z [ODDS]  Draw: 11/10 → 21/20
2026-02-26T20:36:32.416Z [ODDS]  Al Ahli Jeddah: 1/1 → 21/20, Draw: 21/20 → 1/1, Al Riyadh: 11/1 → 10/1
2026-02-26T20:36:52.603Z [ODDS]  Al Riyadh: 10/1 → 11/1
2026-02-26T20:37:58.900Z [ODDS]  Al Ahli Jeddah: 21/20 → 11/10
2026-02-26T20:38:00.715Z [ODDS]  Al Ahli Jeddah: 11/10 → 21/20
2026-02-26T20:38:07.161Z [ODDS]  Al Ahli Jeddah: 21/20 → 11/10, Draw: 1/1 → 20/21
2026-02-26T20:38:18.887Z [ODDS]  Draw: 20/21 → 10/11, Al Riyadh: 11/1 → 12/1
2026-02-26T20:38:32.629Z [ODDS]  Al Riyadh: 12/1 → 14/1
2026-02-26T20:38:35.580Z [ODDS]  Al Riyadh: 14/1 → 12/1
2026-02-26T20:38:40.991Z [ODDS]  Al Ahli Jeddah: 11/10 → 6/5, Al Riyadh: 12/1 → 11/1
2026-02-26T20:38:43.243Z [ODDS]  Al Riyadh: 11/1 → 12/1
2026-02-26T20:38:45.048Z [ODDS]  Al Ahli Jeddah: 6/5 → 11/10
2026-02-26T20:38:52.264Z [ODDS]  Al Riyadh: 12/1 → 14/1
2026-02-26T20:38:56.323Z [ODDS]  Draw: 10/11 → 5/6
2026-02-26T20:38:59.480Z [ODDS]  Al Ahli Jeddah: 11/10 → 6/5
2026-02-26T20:39:07.148Z [ODDS]  Al Riyadh: 14/1 → 12/1
2026-02-26T20:40:03.996Z [ODDS]  Draw: 5/6 → 10/11
2026-02-26T20:40:19.310Z [ODDS]  Draw: 10/11 → 5/6
2026-02-26T20:40:37.348Z [ODDS]  Al Ahli Jeddah: 6/5 → 1/14, Draw: 5/6 → 8/1, Al Riyadh: 12/1 → 50/1
2026-02-26T20:40:37.348Z [EVENT]  score: 0-1
2026-02-26T20:40:44.565Z [ODDS]  Al Ahli Jeddah: 1/14 → 1/16, Draw: 8/1 → 9/1, Al Riyadh: 50/1 → 66/1
2026-02-26T20:42:15.671Z [ODDS]  Al Ahli Jeddah: 1/16 → 1/14, Draw: 9/1 → 8/1, Al Riyadh: 66/1 → 50/1
2026-02-26T20:42:17.922Z [ODDS]  Al Riyadh: 50/1 → 66/1
2026-02-26T20:42:19.725Z [ODDS]  Draw: 8/1 → 15/2, Al Riyadh: 66/1 → 50/1
2026-02-26T20:42:31.453Z [ODDS]  Al Ahli Jeddah: 1/14 → 1/12, Draw: 15/2 → 7/1
2026-02-26T20:42:33.259Z [ODDS]  Al Ahli Jeddah: 1/12 → 1/14, Draw: 7/1 → 15/2, Al Riyadh: 50/1 → 66/1
2026-02-26T20:42:38.217Z [ODDS]  Draw: 15/2 → 8/1
2026-02-26T20:43:40.007Z [ODDS]  Al Riyadh: 66/1 → 80/1
2026-02-26T20:43:54.889Z [ODDS]  Al Riyadh: 80/1 → 66/1
2026-02-26T20:44:12.026Z [ODDS]  Al Riyadh: 66/1 → 80/1
2026-02-26T20:44:28.716Z [ODDS]  Al Riyadh: 80/1 → 66/1
2026-02-26T20:44:31.872Z [ODDS]  Al Riyadh: 66/1 → 80/1
2026-02-26T20:44:35.483Z [ODDS]  Al Riyadh: 80/1 → 66/1
2026-02-26T20:44:50.815Z [ODDS]  Al Ahli Jeddah: 1/14 → 1/12, Draw: 8/1 → 7/1
2026-02-26T20:45:04.343Z [ODDS]  Al Ahli Jeddah: 1/12 → 1/14, Draw: 7/1 → 8/1, Al Riyadh: 66/1 → 80/1
2026-02-26T20:45:09.758Z [ODDS]  Al Ahli Jeddah: 1/14 → 1/12, Draw: 8/1 → 7/1, Al Riyadh: 80/1 → 66/1
2026-02-26T20:45:36.364Z [ODDS]  Al Ahli Jeddah: 1/12 → 1/14, Draw: 7/1 → 8/1, Al Riyadh: 66/1 → 80/1
2026-02-26T20:46:35.898Z [ODDS]  Al Ahli Jeddah: 1/14 → 1/12, Draw: 8/1 → 7/1, Al Riyadh: 80/1 → 66/1
2026-02-26T20:46:42.677Z [ODDS]  Al Ahli Jeddah: 1/12 → 1/14, Draw: 7/1 → 8/1, Al Riyadh: 66/1 → 80/1
2026-02-26T20:46:48.981Z [ODDS]  Al Ahli Jeddah: 1/14 → 1/12, Draw: 8/1 → 7/1
2026-02-26T20:47:11.079Z [ODDS]  Al Ahli Jeddah: 1/12 → 1/14, Draw: 7/1 → 8/1
2026-02-26T20:48:09.803Z [ODDS]  Al Ahli Jeddah: 1/14 → 1/16, Draw: 8/1 → 9/1, Al Riyadh: 80/1 → 100/1
2026-02-26T20:48:23.784Z [ODDS]  Al Ahli Jeddah: 1/16 → 1/14, Draw: 9/1 → 8/1, Al Riyadh: 100/1 → 80/1
2026-02-26T20:48:44.987Z [ODDS]  Al Ahli Jeddah: 1/14 → 1/16, Draw: 8/1 → 9/1, Al Riyadh: 80/1 → 100/1
2026-02-26T20:49:27.871Z [ODDS]  Al Ahli Jeddah: 1/16 → 1/12, Draw: 9/1 → 7/1, Al Riyadh: 100/1 → 80/1
2026-02-26T20:49:40.456Z [ODDS]  Al Ahli Jeddah: 1/12 → 1/16, Draw: 7/1 → 9/1, Al Riyadh: 80/1 → 100/1
2026-02-26T20:49:57.143Z [ODDS]  Al Ahli Jeddah: 1/16 → 1/14, Draw: 9/1 → 8/1
2026-02-26T20:50:06.636Z [ODDS]  Al Ahli Jeddah: 1/14 → 1/16, Draw: 8/1 → 9/1
2026-02-26T20:50:58.951Z [ODDS]  Al Ahli Jeddah: 1/16 → 1/20, Draw: 9/1 → 10/1, Al Riyadh: 100/1 → 150/1
2026-02-26T20:51:01.658Z [ODDS]  Al Ahli Jeddah: 1/20 → 1/16, Draw: 10/1 → 9/1, Al Riyadh: 150/1 → 125/1
2026-02-26T20:51:11.141Z [ODDS]  Al Ahli Jeddah: 1/16 → 1/20, Draw: 9/1 → 10/1
2026-02-26T20:51:18.344Z [ODDS]  Al Riyadh: 125/1 → 150/1
2026-02-26T20:51:30.070Z [ODDS]  Al Riyadh: 150/1 → 125/1
2026-02-26T20:51:48.561Z [ODDS]  Al Riyadh: 125/1 → 150/1
2026-02-26T20:51:50.818Z [ODDS]  Al Riyadh: 150/1 → 125/1
2026-02-26T20:51:56.696Z [ODDS]  Al Riyadh: 125/1 → 150/1
2026-02-26T20:52:01.642Z [ODDS]  Al Ahli Jeddah: 1/20 → 1/500, Draw: 10/1 → 50/1, Al Riyadh: 150/1 → 450/1
2026-02-26T20:52:01.642Z [EVENT]  score: 0-2
2026-02-26T20:53:12.913Z [EVENT]  score: 0-1
2026-02-26T20:53:16.522Z [ODDS]  Al Ahli Jeddah: 1/500 → 1/16, Draw: 50/1 → 9/1, Al Riyadh: 450/1 → 100/1
2026-02-26T20:53:38.169Z [ODDS]  Al Ahli Jeddah: 1/16 → 1/25, Draw: 9/1 → 12/1, Al Riyadh: 100/1 → 150/1
2026-02-26T20:54:00.718Z [ODDS]  Al Ahli Jeddah: 1/25 → 1/16, Draw: 12/1 → 9/1, Al Riyadh: 150/1 → 100/1
2026-02-26T20:54:32.290Z [ODDS]  Al Riyadh: 100/1 → 125/1
2026-02-26T20:54:47.622Z [ODDS]  Al Ahli Jeddah: 1/16 → 1/25, Draw: 9/1 → 12/1, Al Riyadh: 125/1 → 200/1
2026-02-26T20:55:19.648Z [ODDS]  Al Ahli Jeddah: 1/25 → 1/28, Al Riyadh: 200/1 → 250/1
2026-02-26T20:55:45.367Z [ODDS]  Al Ahli Jeddah: 1/28 → 1/33, Draw: 12/1 → 14/1
2026-02-26T20:55:53.948Z [ODDS]  Al Ahli Jeddah: 1/33 → 1/20, Draw: 14/1 → 10/1, Al Riyadh: 250/1 → 150/1
2026-02-26T20:56:33.168Z [ODDS]  Al Ahli Jeddah: 1/20 → 1/33, Draw: 10/1 → 14/1, Al Riyadh: 150/1 → 300/1
2026-02-26T20:56:34.973Z [ODDS]  Al Riyadh: 300/1 → 350/1
2026-02-26T20:56:43.087Z [ODDS]  Al Ahli Jeddah: 1/33 → 1/25, Draw: 14/1 → 12/1, Al Riyadh: 350/1 → 200/1
2026-02-26T20:57:41.267Z [ODDS]  Al Ahli Jeddah: 1/25 → 1/40, Draw: 12/1 → 16/1, Al Riyadh: 200/1 → 400/1
2026-02-26T20:57:57.052Z [ODDS]  Al Riyadh: 400/1 → 450/1
2026-02-26T20:58:08.777Z [ODDS]  Al Ahli Jeddah: 1/40 → 1/50, Draw: 16/1 → 18/1
2026-02-26T20:58:16.444Z [ODDS]  Al Riyadh: 450/1 → 500/1
2026-02-26T20:59:12.375Z [ODDS]  Al Ahli Jeddah: 1/50 → 1/66, Draw: 18/1 → 20/1
2026-02-26T20:59:36.727Z [ODDS]  Al Ahli Jeddah: 1/66 → 1/80, Draw: 20/1 → 22/1
2026-02-26T21:00:00.669Z [ODDS]  Al Ahli Jeddah: 1/80 → 1/100, Draw: 22/1 → 25/1
2026-02-26T21:00:30.401Z [ODDS]  Al Ahli Jeddah: 1/100 → 1/125
2026-02-26T21:00:40.775Z [ODDS]  Al Ahli Jeddah: 1/125 → 1/150, Draw: 25/1 → 28/1
