2026-02-27T00:08:52.312Z [ODDS]  Defensor Sporting: 15/2 → 7/1, Draw: 11/4 → 13/5, Montevideo City Torque: 4/9 → 1/2
2026-02-27T00:09:09.493Z [ODDS]  Defensor Sporting: 7/1 → 15/2
2026-02-27T00:09:20.724Z [ODDS]  Draw: 13/5 → 11/4, Montevideo City Torque: 1/2 → 4/9
2026-02-27T00:09:25.234Z [ODDS]  Defensor Sporting: 15/2 → 8/1
2026-02-27T00:11:05.809Z [ODDS]  Defensor Sporting: 8/1 → 17/2
2026-02-27T00:11:46.399Z [ODDS]  Defensor Sporting: 17/2 → 8/1, Draw: 11/4 → 13/5
2026-02-27T00:12:03.537Z [ODDS]  Defensor Sporting: 8/1 → 17/2, Draw: 13/5 → 11/4
2026-02-27T00:12:06.750Z [ODDS]  Defensor Sporting: 17/2 → 8/1, Draw: 11/4 → 13/5
2026-02-27T00:12:32.402Z [ODDS]  Defensor Sporting: 8/1 → 17/2, Draw: 13/5 → 11/4
2026-02-27T00:12:38.717Z [ODDS]  Defensor Sporting: 17/2 → 8/1, Draw: 11/4 → 13/5
2026-02-27T00:12:46.383Z [ODDS]  Defensor Sporting: 8/1 → 17/2
2026-02-27T00:12:54.050Z [ODDS]  Defensor Sporting: 17/2 → 8/1
2026-02-27T00:13:03.972Z [ODDS]  Defensor Sporting: 8/1 → 17/2
2026-02-27T00:13:14.815Z [ODDS]  Defensor Sporting: 17/2 → 8/1
2026-02-27T00:13:18.856Z [ODDS]  Defensor Sporting: 8/1 → 15/2, Draw: 13/5 → 5/2, Montevideo City Torque: 4/9 → 1/2
2026-02-27T00:13:21.112Z [ODDS]  Defensor Sporting: 15/2 → 8/1, Draw: 5/2 → 13/5, Montevideo City Torque: 1/2 → 4/9
2026-02-27T00:13:36.895Z [ODDS]  Defensor Sporting: 8/1 → 17/2
2026-02-27T00:13:54.935Z [ODDS]  Draw: 13/5 → 11/4
2026-02-27T00:13:56.739Z [ODDS]  Defensor Sporting: 17/2 → 15/2, Draw: 11/4 → 13/5, Montevideo City Torque: 4/9 → 1/2
2026-02-27T00:14:02.151Z [ODDS]  Defensor Sporting: 15/2 → 17/2, Montevideo City Torque: 1/2 → 4/9
2026-02-27T00:15:11.612Z [ODDS]  Defensor Sporting: 17/2 → 9/1
2026-02-27T00:17:48.560Z [ODDS]  Draw: 13/5 → 11/4, Montevideo City Torque: 4/9 → 2/5
2026-02-27T00:18:19.675Z [ODDS]  Defensor Sporting: 9/1 → 10/1
2026-02-27T00:18:58.914Z [ODDS]  Defensor Sporting: 10/1 → 9/1, Draw: 11/4 → 13/5, Montevideo City Torque: 2/5 → 4/9
2026-02-27T00:19:00.270Z [ODDS]  Defensor Sporting: 9/1 → 10/1, Draw: 13/5 → 11/4, Montevideo City Torque: 4/9 → 2/5
2026-02-27T00:19:15.151Z [ODDS]  Defensor Sporting: 10/1 → 11/1
2026-02-27T00:19:35.444Z [ODDS]  Defensor Sporting: 11/1 → 10/1
2026-02-27T00:19:36.797Z [ODDS]  Defensor Sporting: 10/1 → 11/1
2026-02-27T00:20:13.329Z [ODDS]  Montevideo City Torque: 2/5 → 4/11
2026-02-27T00:20:27.761Z [ODDS]  Defensor Sporting: 11/1 → 5/1, Draw: 11/4 → 2/1, Montevideo City Torque: 4/11 → 8/11
2026-02-27T00:20:40.844Z [ODDS]  Defensor Sporting: 5/1 → 13/2, Draw: 2/1 → 11/5, Montevideo City Torque: 8/11 → 8/13
2026-02-27T00:21:54.352Z [ODDS]  Montevideo City Torque: 8/13 → 4/7
2026-02-27T00:22:01.118Z [ODDS]  Defensor Sporting: 13/2 → 5/1, Draw: 11/5 → 2/1, Montevideo City Torque: 4/7 → 8/11
2026-02-27T00:22:07.432Z [ODDS]  Defensor Sporting: 5/1 → 11/2
2026-02-27T00:22:13.747Z [ODDS]  Defensor Sporting: 11/2 → 6/1, Draw: 2/1 → 21/10, Montevideo City Torque: 8/11 → 4/6
2026-02-27T00:22:15.550Z [ODDS]  Defensor Sporting: 6/1 → 13/2, Montevideo City Torque: 4/6 → 8/13
2026-02-27T00:22:23.219Z [ODDS]  Defensor Sporting: 13/2 → 6/1, Montevideo City Torque: 8/13 → 4/6
2026-02-27T00:22:29.083Z [ODDS]  Defensor Sporting: 6/1 → 13/2, Montevideo City Torque: 4/6 → 8/13
2026-02-27T00:24:01.537Z [ODDS]  Draw: 21/10 → 11/5
2026-02-27T00:24:50.695Z [ODDS]  Defensor Sporting: 13/2 → 7/1, Montevideo City Torque: 8/13 → 4/7
2026-02-27T00:25:57.445Z [ODDS]  Defensor Sporting: 7/1 → 15/2
2026-02-27T00:26:22.726Z [ODDS]  Defensor Sporting: 15/2 → 7/1
2026-02-27T00:26:32.621Z [ODDS]  Defensor Sporting: 7/1 → 15/2
2026-02-27T00:27:19.151Z [ODDS]  Draw: 11/5 → 9/4, Montevideo City Torque: 4/7 → 8/15
2026-02-27T00:28:01.024Z [ODDS]  Defensor Sporting: 15/2 → 8/1
2026-02-27T00:28:04.630Z [ODDS]  Draw: 9/4 → 11/5
2026-02-27T00:28:30.343Z [ODDS]  Draw: 11/5 → 9/4
2026-02-27T00:29:47.459Z [ODDS]  Defensor Sporting: 8/1 → 15/2, Draw: 9/4 → 11/5
2026-02-27T00:29:58.283Z [ODDS]  Draw: 11/5 → 9/4
2026-02-27T00:30:07.753Z [ODDS]  Draw: 9/4 → 11/5, Montevideo City Torque: 8/15 → 4/7
2026-02-27T00:30:34.838Z [ODDS]  Defensor Sporting: 15/2 → 17/2, Draw: 11/5 → 9/4, Montevideo City Torque: 4/7 → 8/15
2026-02-27T00:30:44.362Z [ODDS]  Defensor Sporting: 17/2 → 9/1, Montevideo City Torque: 8/15 → 1/2
2026-02-27T00:30:44.736Z [ODDS]  Defensor Sporting: 9/1 → 10/1
2026-02-27T00:30:57.365Z [ODDS]  Defensor Sporting: 10/1 → 9/1
2026-02-27T00:31:04.579Z [ODDS]  Draw: 9/4 → 11/5
2026-02-27T00:31:22.251Z [ODDS]  Defensor Sporting: 9/1 → 17/2, Draw: 11/5 → 21/10, Montevideo City Torque: 1/2 → 4/7
2026-02-27T00:31:24.429Z [ODDS]  Defensor Sporting: 17/2 → 9/1, Draw: 21/10 → 11/5, Montevideo City Torque: 4/7 → 1/2
2026-02-27T00:31:39.312Z [ODDS]  Defensor Sporting: 9/1 → 10/1
2026-02-27T00:31:48.331Z [ODDS]  Defensor Sporting: 10/1 → 11/1
2026-02-27T00:31:51.938Z [ODDS]  Defensor Sporting: 11/1 → 10/1
2026-02-27T00:32:43.864Z [ODDS]  Defensor Sporting: 10/1 → 9/1, Draw: 11/5 → 21/10, Montevideo City Torque: 1/2 → 8/15
2026-02-27T00:32:45.608Z [ODDS]  Defensor Sporting: 9/1 → 10/1, Draw: 21/10 → 11/5, Montevideo City Torque: 8/15 → 1/2
2026-02-27T00:32:59.224Z [ODDS]  Defensor Sporting: 10/1 → 11/1
2026-02-27T00:33:29.806Z [ODDS]  Draw: 11/5 → 9/4, Montevideo City Torque: 1/2 → 4/9
2026-02-27T00:33:31.174Z [ODDS]  Draw: 9/4 → 11/5, Montevideo City Torque: 4/9 → 1/2
2026-02-27T00:33:50.101Z [ODDS]  Defensor Sporting: 11/1 → 12/1, Montevideo City Torque: 1/2 → 4/9
2026-02-27T00:34:47.388Z [ODDS]  Draw: 11/5 → 9/4
2026-02-27T00:35:20.845Z [ODDS]  Defensor Sporting: 12/1 → 14/1
2026-02-27T00:36:10.818Z [ODDS]  Defensor Sporting: 14/1 → 12/1, Draw: 9/4 → 11/5
2026-02-27T00:36:17.584Z [ODDS]  Defensor Sporting: 12/1 → 14/1, Draw: 11/5 → 9/4
2026-02-27T00:36:45.123Z [ODDS]  Defensor Sporting: 14/1 → 16/1, Montevideo City Torque: 4/9 → 2/5
2026-02-27T00:37:30.690Z [ODDS]  Defensor Sporting: 16/1 → 18/1
2026-02-27T00:37:31.551Z [ODDS]  Draw: 9/4 → 12/5
2026-02-27T00:38:10.422Z [ODDS]  Defensor Sporting: 18/1 → 16/1, Draw: 12/5 → 9/4
2026-02-27T00:38:16.259Z [ODDS]  Defensor Sporting: 16/1 → 18/1
2026-02-27T00:38:57.835Z [ODDS]  Draw: 9/4 → 11/5
2026-02-27T00:39:06.755Z [ODDS]  Defensor Sporting: 18/1 → 20/1, Draw: 11/5 → 12/5, Montevideo City Torque: 2/5 → 4/11
2026-02-27T00:40:32.452Z [ODDS]  Defensor Sporting: 20/1 → 22/1
2026-02-27T00:41:30.630Z [ODDS]  Defensor Sporting: 22/1 → 25/1, Draw: 12/5 → 5/2, Montevideo City Torque: 4/11 → 1/3
2026-02-27T00:42:27.005Z [ODDS]  Defensor Sporting: 25/1 → 28/1
2026-02-27T00:42:30.163Z [ODDS]  Defensor Sporting: 28/1 → 25/1
2026-02-27T00:42:41.070Z [ODDS]  Defensor Sporting: 25/1 → 28/1
2026-02-27T00:44:21.115Z [ODDS]  Draw: 5/2 → 13/5, Montevideo City Torque: 1/3 → 3/10
2026-02-27T00:44:22.918Z [ODDS]  Defensor Sporting: 28/1 → 33/1, Draw: 13/5 → 11/4
2026-02-27T00:44:23.369Z [ODDS]  Defensor Sporting: 33/1 → 22/1, Draw: 11/4 → 12/5, Montevideo City Torque: 3/10 → 4/11
2026-02-27T00:44:25.626Z [ODDS]  Defensor Sporting: 22/1 → 28/1, Draw: 12/5 → 13/5, Montevideo City Torque: 4/11 → 3/10
2026-02-27T00:44:32.840Z [ODDS]  Defensor Sporting: 28/1 → 33/1
2026-02-27T00:44:35.146Z [ODDS]  Defensor Sporting: 33/1 → 28/1, Draw: 13/5 → 5/2, Montevideo City Torque: 3/10 → 1/3
2026-02-27T00:44:45.078Z [ODDS]  Defensor Sporting: 28/1 → 33/1
2026-02-27T00:45:07.606Z [ODDS]  Draw: 5/2 → 11/4, Montevideo City Torque: 1/3 → 2/7
2026-02-27T00:45:33.725Z [ODDS]  Defensor Sporting: 33/1 → 40/1, Draw: 11/4 → 3/1, Montevideo City Torque: 2/7 → 1/4
2026-02-27T00:45:36.433Z [ODDS]  Defensor Sporting: 40/1 → 33/1, Draw: 3/1 → 11/4, Montevideo City Torque: 1/4 → 2/7
2026-02-27T00:45:53.119Z [ODDS]  Defensor Sporting: 33/1 → 40/1, Draw: 11/4 → 3/1, Montevideo City Torque: 2/7 → 1/4
2026-02-27T00:46:08.453Z [ODDS]  Draw: 3/1 → 11/4, Montevideo City Torque: 1/4 → 2/7
2026-02-27T00:46:10.257Z [ODDS]  Defensor Sporting: 40/1 → 28/1, Draw: 11/4 → 13/5, Montevideo City Torque: 2/7 → 1/3
2026-02-27T00:46:13.413Z [ODDS]  Montevideo City Torque: 1/3 → 3/10
2026-02-27T00:46:14.373Z [ODDS]  Defensor Sporting: 28/1 → 40/1, Draw: 13/5 → 11/4, Montevideo City Torque: 3/10 → 2/7
2026-02-27T00:46:26.492Z [ODDS]  Defensor Sporting: 40/1 → 33/1
2026-02-27T00:46:31.007Z [ODDS]  Defensor Sporting: 33/1 → 40/1
2026-02-27T00:46:37.767Z [ODDS]  Draw: 11/4 → 3/1, Montevideo City Torque: 2/7 → 1/4
2026-02-27T00:47:48.123Z [ODDS]  Montevideo City Torque: 1/4 → 2/9
2026-02-27T00:48:04.365Z [ODDS]  Draw: 3/1 → 10/3
2026-02-27T00:48:04.812Z [ODDS]  Draw: 10/3 → 3/1
2026-02-27T00:48:29.166Z [ODDS]  Draw: 3/1 → 10/3
2026-02-27T00:48:40.892Z [ODDS]  Defensor Sporting: 40/1 → 50/1
2026-02-27T00:48:58.032Z [ODDS]  Defensor Sporting: 50/1 → 40/1, Draw: 10/3 → 3/1, Montevideo City Torque: 2/9 → 1/4
2026-02-27T00:49:00.284Z [ODDS]  Defensor Sporting: 40/1 → 50/1, Draw: 3/1 → 10/3, Montevideo City Torque: 1/4 → 2/9
2026-02-27T00:49:17.876Z [ODDS]  Montevideo City Torque: 2/9 → 1/5
2026-02-27T00:50:11.995Z [ODDS]  Draw: 10/3 → 7/2, Montevideo City Torque: 1/5 → 2/11
2026-02-27T00:50:36.827Z [ODDS]  Defensor Sporting: 50/1 → 66/1, Draw: 7/2 → 15/4, Montevideo City Torque: 2/11 → 1/6
2026-02-27T00:51:32.725Z [ODDS]  Draw: 15/4 → 4/1
2026-02-27T00:52:06.550Z [ODDS]  Defensor Sporting: 66/1 → 80/1, Draw: 4/1 → 9/2, Montevideo City Torque: 1/6 → 1/7
2026-02-27T00:53:17.359Z [ODDS]  Defensor Sporting: 80/1 → 66/1
2026-02-27T00:53:27.283Z [ODDS]  Defensor Sporting: 66/1 → 80/1, Draw: 9/2 → 11/2, Montevideo City Torque: 1/7 → 1/9
2026-02-27T00:53:32.693Z [ODDS]  Draw: 11/2 → 5/1, Montevideo City Torque: 1/9 → 1/8
2026-02-27T00:53:35.851Z [ODDS]  Defensor Sporting: 80/1 → 125/1, Draw: 5/1 → 6/1, Montevideo City Torque: 1/8 → 1/10
2026-02-27T00:53:50.286Z [ODDS]  Defensor Sporting: 125/1 → 150/1
2026-02-27T00:54:13.737Z [ODDS]  Draw: 6/1 → 7/1, Montevideo City Torque: 1/10 → 1/12
2026-02-27T00:54:46.212Z [ODDS]  Defensor Sporting: 150/1 → 80/1, Draw: 7/1 → 6/1, Montevideo City Torque: 1/12 → 1/10
2026-02-27T00:55:04.252Z [ODDS]  Defensor Sporting: 80/1 → 100/1
2026-02-27T00:55:08.311Z [ODDS]  Defensor Sporting: 100/1 → 80/1, Draw: 6/1 → 11/2, Montevideo City Torque: 1/10 → 1/9
2026-02-27T00:55:29.959Z [ODDS]  Draw: 11/2 → 6/1, Montevideo City Torque: 1/9 → 1/10
2026-02-27T00:55:30.413Z [ODDS]  Defensor Sporting: 80/1 → 200/1, Draw: 6/1 → 9/1, Montevideo City Torque: 1/10 → 1/16
2026-02-27T00:55:47.547Z [ODDS]  Defensor Sporting: 200/1 → 250/1
2026-02-27T00:55:58.372Z [ODDS]  Defensor Sporting: 250/1 → 11/1, Draw: 9/1 → 1/18, Montevideo City Torque: 1/16 → 22/1
2026-02-27T00:55:58.372Z [EVENT]  score: 1-1
2026-02-27T00:56:22.287Z [ODDS]  Draw: 1/18 → 1/20
2026-02-27T00:56:45.277Z [ODDS]  Defensor Sporting: 11/1 → 12/1, Draw: 1/20 → 1/22, Montevideo City Torque: 22/1 → 25/1
2026-02-27T00:57:17.747Z [ODDS]  Draw: 1/22 → 1/25
2026-02-27T00:57:22.257Z [ODDS]  Defensor Sporting: 12/1 → 14/1, Draw: 1/25 → 1/28
2026-02-27T00:57:49.317Z [ODDS]  Draw: 1/28 → 1/33, Montevideo City Torque: 25/1 → 28/1
2026-02-27T00:58:24.946Z [ODDS]  Defensor Sporting: 14/1 → 18/1, Draw: 1/33 → 1/50
2026-02-27T00:58:45.242Z [ODDS]  Defensor Sporting: 18/1 → 20/1, Draw: 1/50 → 1/66
2026-02-27T00:58:51.556Z [ODDS]  Defensor Sporting: 20/1 → 500/1, Draw: 1/66 → 22/1, Montevideo City Torque: 28/1 → 1/80
2026-02-27T00:58:51.556Z [EVENT]  score: 1-0
