2026-02-27T00:09:11.746Z [ODDS]  St Vincent Grenadines U20: 7/1 → 15/2
2026-02-27T00:09:12.168Z [ODDS]  St Vincent Grenadines U20: 15/2 → 7/1
2026-02-27T00:09:22.979Z [ODDS]  St Vincent Grenadines U20: 7/1 → 15/2
2026-02-27T00:09:25.234Z [ODDS]  St Vincent Grenadines U20: 15/2 → 7/1
2026-02-27T00:12:13.009Z [ODDS]  St Vincent Grenadines U20: 7/1 → 15/2
2026-02-27T00:14:20.644Z [ODDS]  Draw: 11/2 → 5/1
2026-02-27T00:14:27.862Z [ODDS]  Draw: 5/1 → 11/2
2026-02-27T00:14:46.802Z [ODDS]  Draw: 11/2 → 5/1
2026-02-27T00:15:37.315Z [ODDS]  St Vincent Grenadines U20: 15/2 → 7/1
2026-02-27T00:15:38.724Z [ODDS]  St Vincent Grenadines U20: 7/1 → 15/2
2026-02-27T00:19:22.817Z [ODDS]  Curacao U20: 2/9 → 1/4
2026-02-27T00:20:02.505Z [ODDS]  St Vincent Grenadines U20: 15/2 → 7/1, Draw: 5/1 → 9/2
2026-02-27T00:22:13.747Z [ODDS]  St Vincent Grenadines U20: 7/1 → 15/2
2026-02-27T00:22:24.120Z [ODDS]  St Vincent Grenadines U20: 15/2 → 7/1
2026-02-27T00:22:57.045Z [ODDS]  St Vincent Grenadines U20: 7/1 → 15/2
2026-02-27T00:23:14.181Z [ODDS]  St Vincent Grenadines U20: 15/2 → 7/1
2026-02-27T00:25:15.142Z [ODDS]  St Vincent Grenadines U20: 7/1 → 15/2
2026-02-27T00:26:52.934Z [ODDS]  Draw: 9/2 → 4/1
2026-02-27T00:27:00.589Z [ODDS]  Draw: 4/1 → 9/2
2026-02-27T00:27:26.748Z [ODDS]  Draw: 9/2 → 4/1
2026-02-27T00:28:06.972Z [ODDS]  Draw: 4/1 → 9/2
2026-02-27T00:28:31.240Z [ODDS]  Draw: 9/2 → 4/1
2026-02-27T00:29:08.225Z [ODDS]  St Vincent Grenadines U20: 15/2 → 8/1
2026-02-27T00:29:24.910Z [ODDS]  Draw: 4/1 → 9/2
2026-02-27T00:29:32.126Z [ODDS]  Draw: 9/2 → 4/1
2026-02-27T00:32:56.050Z [ODDS]  Curacao U20: 1/4 → 2/7
2026-02-27T00:33:20.423Z [ODDS]  St Vincent Grenadines U20: 8/1 → 15/2
2026-02-27T00:33:42.435Z [ODDS]  Draw: 4/1 → 15/4
2026-02-27T00:35:00.479Z [ODDS]  St Vincent Grenadines U20: 15/2 → 14/1, Draw: 15/4 → 15/2, Curacao U20: 2/7 → 1/11
2026-02-27T00:35:33.031Z [ODDS]  St Vincent Grenadines U20: 14/1 → 20/1, Draw: 15/2 → 10/1, Curacao U20: 1/11 → 1/20
2026-02-27T00:35:33.031Z [EVENT]  score: 1-0
2026-02-27T00:36:51.409Z [ODDS]  Draw: 10/1 → 9/1, Curacao U20: 1/20 → 1/18
2026-02-27T00:38:47.901Z [ODDS]  Curacao U20: 1/18 → 1/16
2026-02-27T00:41:24.767Z [ODDS]  St Vincent Grenadines U20: 20/1 → 28/1, Draw: 9/1 → 22/1, Curacao U20: 1/16 → 1/80
2026-02-27T00:41:24.767Z [EVENT]  score: 2-0
2026-02-27T00:42:54.995Z [ODDS]  Draw: 22/1 → 20/1, Curacao U20: 1/80 → 1/66
2026-02-27T00:43:51.345Z [ODDS]  Draw: 20/1 → 22/1, Curacao U20: 1/66 → 1/80
2026-02-27T00:47:42.260Z [ODDS]  St Vincent Grenadines U20: 28/1 → 50/1, Draw: 22/1 → 50/1, Curacao U20: 1/80 → 1/500
2026-02-27T00:47:42.260Z [EVENT]  score: 3-0
2026-02-27T01:15:22.278Z [EVENT]  score: 4-0
2026-02-27T01:21:25.786Z [EVENT]  score: 5-0
2026-02-27T01:38:33.411Z [ODDS]  Draw: 4/5 → 8/11, Curacao U20: 13/10 → 11/8
2026-02-27T01:38:48.746Z [ODDS]  St Vincent Grenadines U20: 7/1 → 15/2
2026-02-27T01:39:06.786Z [ODDS]  Curacao U20: 11/8 → 7/5
2026-02-27T01:39:32.497Z [ODDS]  Draw: 8/11 → 4/6, Curacao U20: 7/5 → 6/4
2026-02-27T01:40:06.772Z [ODDS]  Draw: 4/6 → 8/13, Curacao U20: 6/4 → 8/5
2026-02-27T01:40:18.049Z [ODDS]  St Vincent Grenadines U20: 15/2 → 8/1
2026-02-27T01:40:43.303Z [ODDS]  Draw: 8/13 → 4/7, Curacao U20: 8/5 → 13/8
2026-02-27T01:40:43.757Z [ODDS]  St Vincent Grenadines U20: 8/1 → 7/1, Draw: 4/7 → 8/13, Curacao U20: 13/8 → 7/4
2026-02-27T01:40:45.108Z [ODDS]  St Vincent Grenadines U20: 7/1 → 8/1, Draw: 8/13 → 4/7, Curacao U20: 7/4 → 13/8
2026-02-27T01:41:02.698Z [ODDS]  Curacao U20: 13/8 → 7/4
2026-02-27T01:41:20.293Z [ODDS]  Draw: 4/7 → 8/15
2026-02-27T01:41:39.691Z [ODDS]  St Vincent Grenadines U20: 8/1 → 17/2
2026-02-27T01:41:47.806Z [ODDS]  Draw: 8/15 → 1/2, Curacao U20: 7/4 → 15/8
2026-02-27T01:42:25.690Z [ODDS]  Draw: 1/2 → 4/9, Curacao U20: 15/8 → 2/1
2026-02-27T01:42:52.297Z [ODDS]  St Vincent Grenadines U20: 17/2 → 9/1, Curacao U20: 2/1 → 21/10
2026-02-27T01:43:04.023Z [ODDS]  St Vincent Grenadines U20: 9/1 → 15/2, Curacao U20: 21/10 → 11/5
2026-02-27T01:43:13.044Z [ODDS]  Curacao U20: 11/5 → 9/4
2026-02-27T01:43:34.692Z [ODDS]  Draw: 4/9 → 2/5, Curacao U20: 9/4 → 12/5
2026-02-27T01:43:57.247Z [ODDS]  St Vincent Grenadines U20: 15/2 → 8/1, Curacao U20: 12/5 → 5/2
2026-02-27T01:44:18.893Z [ODDS]  Draw: 2/5 → 4/11, Curacao U20: 5/2 → 13/5
2026-02-27T01:44:32.875Z [ODDS]  Curacao U20: 13/5 → 11/4
2026-02-27T01:44:50.464Z [ODDS]  Draw: 4/11 → 1/3
2026-02-27T01:45:05.799Z [ODDS]  Curacao U20: 11/4 → 3/1
2026-02-27T01:45:09.065Z [ODDS]  St Vincent Grenadines U20: 8/1 → 17/2
2026-02-27T01:45:13.916Z [ODDS]  Draw: 1/3 → 3/10
2026-02-27T01:45:28.350Z [ODDS]  Curacao U20: 3/1 → 10/3
2026-02-27T01:45:38.270Z [ODDS]  Draw: 3/10 → 2/7
2026-02-27T01:45:46.388Z [ODDS]  St Vincent Grenadines U20: 17/2 → 11/1, Draw: 2/7 → 1/4
2026-02-27T01:45:58.565Z [ODDS]  St Vincent Grenadines U20: 11/1 → 17/2, Curacao U20: 10/3 → 7/2
2026-02-27T01:45:59.016Z [ODDS]  St Vincent Grenadines U20: 17/2 → 11/1
2026-02-27T01:46:08.939Z [ODDS]  Draw: 1/4 → 2/9
2026-02-27T01:46:20.674Z [ODDS]  St Vincent Grenadines U20: 11/1 → 12/1, Curacao U20: 7/2 → 15/4
2026-02-27T01:46:29.243Z [ODDS]  St Vincent Grenadines U20: 12/1 → 10/1, Draw: 2/9 → 1/4, Curacao U20: 15/4 → 7/2
2026-02-27T01:46:49.989Z [ODDS]  Draw: 1/4 → 2/9, Curacao U20: 7/2 → 15/4
2026-02-27T01:46:53.146Z [ODDS]  St Vincent Grenadines U20: 10/1 → 11/1, Curacao U20: 15/4 → 4/1
2026-02-27T01:47:03.068Z [ODDS]  Draw: 2/9 → 1/5
2026-02-27T01:47:18.854Z [ODDS]  Curacao U20: 4/1 → 9/2
2026-02-27T01:47:36.935Z [ODDS]  Draw: 1/5 → 1/6
2026-02-27T01:47:42.756Z [ODDS]  St Vincent Grenadines U20: 11/1 → 12/1, Curacao U20: 9/2 → 5/1
2026-02-27T01:47:59.895Z [ODDS]  Draw: 1/6 → 1/7
2026-02-27T01:48:02.600Z [ODDS]  Curacao U20: 5/1 → 11/2
2026-02-27T01:48:15.231Z [ODDS]  Draw: 1/7 → 1/8
2026-02-27T01:48:15.679Z [ODDS]  St Vincent Grenadines U20: 12/1 → 14/1, Draw: 1/8 → 1/7, Curacao U20: 11/2 → 5/1
2026-02-27T01:48:16.131Z [ODDS]  St Vincent Grenadines U20: 14/1 → 12/1, Draw: 1/7 → 1/8, Curacao U20: 5/1 → 11/2
2026-02-27T01:48:22.443Z [ODDS]  Curacao U20: 11/2 → 6/1
2026-02-27T01:48:34.621Z [ODDS]  Draw: 1/8 → 1/9
2026-02-27T01:48:50.857Z [ODDS]  St Vincent Grenadines U20: 12/1 → 14/1, Draw: 1/9 → 1/10, Curacao U20: 6/1 → 7/1
2026-02-27T01:49:01.680Z [ODDS]  Draw: 1/10 → 1/12
2026-02-27T01:49:02.132Z [ODDS]  St Vincent Grenadines U20: 14/1 → 10/1, Draw: 1/12 → 1/9
2026-02-27T01:49:03.485Z [ODDS]  St Vincent Grenadines U20: 10/1 → 14/1, Draw: 1/9 → 1/12, Curacao U20: 7/1 → 8/1
2026-02-27T01:49:04.387Z [ODDS]  St Vincent Grenadines U20: 14/1 → 0/0, Curacao U20: 8/1 → 0/0
2026-02-27T01:49:06.191Z [ODDS]  St Vincent Grenadines U20: 0/0 → 10/1, Draw: 1/12 → 2/7, Curacao U20: 0/0 → 3/1
2026-02-27T01:49:17.015Z [ODDS]  Curacao U20: 3/1 → 10/3
2026-02-27T01:49:25.584Z [ODDS]  Draw: 2/7 → 1/4
2026-02-27T01:49:26.035Z [ODDS]  St Vincent Grenadines U20: 10/1 → 8/1, Draw: 1/4 → 2/7, Curacao U20: 10/3 → 7/2
2026-02-27T01:49:33.703Z [ODDS]  St Vincent Grenadines U20: 8/1 → 10/1, Draw: 2/7 → 1/4
2026-02-27T01:50:01.668Z [ODDS]  Draw: 1/4 → 2/9, Curacao U20: 7/2 → 15/4
2026-02-27T01:50:18.819Z [ODDS]  St Vincent Grenadines U20: 10/1 → 11/1, Draw: 2/9 → 1/5, Curacao U20: 15/4 → 4/1
2026-02-27T01:50:19.254Z [ODDS]  St Vincent Grenadines U20: 11/1 → 17/2, Draw: 1/5 → 2/9
2026-02-27T01:50:20.609Z [ODDS]  St Vincent Grenadines U20: 17/2 → 13/2, Draw: 2/9 → 1/4, Curacao U20: 4/1 → 9/2
2026-02-27T01:50:41.805Z [ODDS]  St Vincent Grenadines U20: 13/2 → 7/1
2026-02-27T01:50:52.178Z [ODDS]  Draw: 1/4 → 2/9, Curacao U20: 9/2 → 5/1
2026-02-27T01:51:07.962Z [ODDS]  St Vincent Grenadines U20: 7/1 → 12/1, Draw: 2/9 → 1/7
2026-02-27T01:51:28.258Z [ODDS]  Draw: 1/7 → 1/8, Curacao U20: 5/1 → 11/2
2026-02-27T01:51:45.396Z [ODDS]  Draw: 1/8 → 1/9, Curacao U20: 11/2 → 6/1
2026-02-27T01:51:56.220Z [ODDS]  St Vincent Grenadines U20: 12/1 → 14/1
2026-02-27T01:51:56.671Z [ODDS]  St Vincent Grenadines U20: 14/1 → 10/1, Draw: 1/9 → 1/8, Curacao U20: 6/1 → 13/2
2026-02-27T01:52:05.691Z [ODDS]  St Vincent Grenadines U20: 10/1 → 14/1, Draw: 1/8 → 1/10, Curacao U20: 13/2 → 7/1
2026-02-27T01:52:14.267Z [ODDS]  Draw: 1/10 → 1/12
2026-02-27T01:52:19.221Z [ODDS]  St Vincent Grenadines U20: 14/1 → 10/1, Draw: 1/12 → 1/9
2026-02-27T01:52:22.380Z [ODDS]  St Vincent Grenadines U20: 10/1 → 14/1, Draw: 1/9 → 1/12, Curacao U20: 7/1 → 8/1
2026-02-27T01:52:36.518Z [ODDS]  Draw: 1/12 → 1/14, Curacao U20: 8/1 → 9/1
2026-02-27T01:52:44.636Z [ODDS]  Draw: 1/14 → 1/16
2026-02-27T01:53:01.775Z [ODDS]  Draw: 1/16 → 1/20, Curacao U20: 9/1 → 10/1
2026-02-27T01:53:17.560Z [EVENT]  score: 6-0
