2026-02-27T02:39:25.253Z [ODDS]  Aston Villa (REALIST): 7/4 → 15/8
2026-02-27T02:39:44.647Z [ODDS]  Draw: 13/5 → 5/2
2026-02-27T02:40:08.098Z [ODDS]  Draw: 5/2 → 12/5
2026-02-27T02:40:27.942Z [ODDS]  Newcastle (CASTLE): 11/10 → 6/5
2026-02-27T02:40:29.746Z [ODDS]  Draw: 12/5 → 9/4
2026-02-27T02:40:56.807Z [ODDS]  Draw: 9/4 → 11/5
2026-02-27T02:41:06.284Z [ODDS]  Newcastle (CASTLE): 6/5 → 2/5, Draw: 11/5 → 10/3, Aston Villa (REALIST): 15/8 → 5/1
2026-02-27T02:41:06.284Z [EVENT]  score: 0-1
2026-02-27T02:41:42.359Z [ODDS]  Aston Villa (REALIST): 5/1 → 11/2
2026-02-27T02:41:45.967Z [ODDS]  Newcastle (CASTLE): 2/5 → 6/5, Draw: 10/3 → 9/4, Aston Villa (REALIST): 11/2 → 15/8
2026-02-27T02:41:45.967Z [EVENT]  score: 1-1
2026-02-27T02:42:05.811Z [ODDS]  Draw: 9/4 → 11/5
2026-02-27T02:42:17.537Z [ODDS]  Draw: 11/5 → 21/10
2026-02-27T02:42:24.303Z [ODDS]  Newcastle (CASTLE): 6/5 → 5/4, Aston Villa (REALIST): 15/8 → 2/1
2026-02-27T02:42:35.578Z [ODDS]  Draw: 21/10 → 2/1
2026-02-27T02:42:41.440Z [ODDS]  Newcastle (CASTLE): 5/4 → 1/3, Draw: 2/1 → 10/3, Aston Villa (REALIST): 2/1 → 13/2
2026-02-27T02:42:41.440Z [EVENT]  score: 1-2
2026-02-27T02:43:19.325Z [ODDS]  Aston Villa (REALIST): 13/2 → 7/1
2026-02-27T02:44:08.034Z [ODDS]  Newcastle (CASTLE): 1/3 → 3/10
2026-02-27T02:44:15.250Z [ODDS]  Aston Villa (REALIST): 7/1 → 15/2
2026-02-27T02:44:33.290Z [ODDS]  Aston Villa (REALIST): 15/2 → 8/1
2026-02-27T02:44:41.864Z [ODDS]  Newcastle (CASTLE): 3/10 → 2/7
2026-02-27T02:44:47.726Z [ODDS]  Aston Villa (REALIST): 8/1 → 17/2
2026-02-27T02:45:07.120Z [ODDS]  Aston Villa (REALIST): 17/2 → 9/1
2026-02-27T02:45:14.336Z [ODDS]  Newcastle (CASTLE): 2/7 → 1/4
2026-02-27T02:45:23.356Z [ODDS]  Aston Villa (REALIST): 9/1 → 10/1
2026-02-27T02:45:41.399Z [ODDS]  Newcastle (CASTLE): 1/4 → 2/9, Aston Villa (REALIST): 10/1 → 11/1
2026-02-27T02:45:50.419Z [ODDS]  Aston Villa (REALIST): 11/1 → 12/1
2026-02-27T02:45:53.577Z [ODDS]  Newcastle (CASTLE): 2/9 → 21/10, Draw: 10/3 → 5/6, Aston Villa (REALIST): 12/1 → 3/1
2026-02-27T02:45:53.577Z [EVENT]  score: 2-2
2026-02-27T02:46:01.245Z [ODDS]  Newcastle (CASTLE): 21/10 → 11/5
2026-02-27T02:46:14.778Z [ODDS]  Newcastle (CASTLE): 11/5 → 9/4, Draw: 5/6 → 4/5
2026-02-27T02:46:17.031Z [ODDS]  Newcastle (CASTLE): 9/4 → 11/5, Draw: 4/5 → 5/6
2026-02-27T02:46:27.405Z [ODDS]  Newcastle (CASTLE): 11/5 → 9/4, Draw: 5/6 → 4/5
2026-02-27T02:46:30.110Z [ODDS]  Newcastle (CASTLE): 9/4 → 11/5, Draw: 4/5 → 5/6
2026-02-27T02:46:32.817Z [ODDS]  Newcastle (CASTLE): 11/5 → 13/5, Aston Villa (REALIST): 3/1 → 12/5
2026-02-27T02:46:43.643Z [ODDS]  Newcastle (CASTLE): 13/5 → 11/4, Draw: 5/6 → 4/5, Aston Villa (REALIST): 12/5 → 5/2
2026-02-27T02:46:49.056Z [ODDS]  Draw: 4/5 → 8/11, Aston Villa (REALIST): 5/2 → 13/5
2026-02-27T02:46:51.764Z [ODDS]  Newcastle (CASTLE): 11/4 → 3/1
2026-02-27T02:46:57.627Z [ODDS]  Aston Villa (REALIST): 13/5 → 11/4
2026-02-27T02:46:59.430Z [ODDS]  Newcastle (CASTLE): 3/1 → 2/11, Draw: 8/11 → 7/2, Aston Villa (REALIST): 11/4 → 16/1
2026-02-27T02:46:59.430Z [EVENT]  score: 2-3
2026-02-27T02:47:21.980Z [ODDS]  Aston Villa (REALIST): 16/1 → 18/1
2026-02-27T02:47:28.744Z [ODDS]  Newcastle (CASTLE): 2/11 → 1/6, Draw: 7/2 → 15/4, Aston Villa (REALIST): 18/1 → 20/1
2026-02-27T02:47:34.193Z [ODDS]  Draw: 15/4 → 4/1
2026-02-27T02:47:42.726Z [ODDS]  Aston Villa (REALIST): 20/1 → 22/1
2026-02-27T02:47:45.882Z [ODDS]  Newcastle (CASTLE): 1/6 → 1/7, Draw: 4/1 → 9/2
