2026-02-26T20:39:11.205Z [ODDS]  Liverpool (Andrew): 7/10 → 8/11
2026-02-26T20:39:22.486Z [ODDS]  PSG (Kostolom89): 23/10 → 12/5
2026-02-26T20:39:34.212Z [ODDS]  PSG (Kostolom89): 12/5 → 9/4
2026-02-26T20:39:55.406Z [ODDS]  PSG (Kostolom89): 9/4 → 6/5, Draw: 10/3 → 3/1, Liverpool (Andrew): 8/11 → 7/5
2026-02-26T20:39:55.406Z [EVENT]  score: 0-1
2026-02-26T20:40:05.779Z [ODDS]  Liverpool (Andrew): 7/5 → 6/4
2026-02-26T20:40:22.016Z [ODDS]  PSG (Kostolom89): 6/5 → 8/13, Draw: 3/1 → 7/2, Liverpool (Andrew): 6/4 → 11/4
2026-02-26T20:40:22.016Z [EVENT]  score: 0-2
2026-02-26T20:40:32.388Z [ODDS]  PSG (Kostolom89): 8/13 → 4/7, Draw: 7/2 → 15/4
2026-02-26T20:40:42.310Z [ODDS]  PSG (Kostolom89): 4/7 → 8/15, Liverpool (Andrew): 11/4 → 3/1
2026-02-26T20:41:03.055Z [ODDS]  PSG (Kostolom89): 8/15 → 1/2, Liverpool (Andrew): 3/1 → 10/3
2026-02-26T20:41:13.432Z [ODDS]  Liverpool (Andrew): 10/3 → 7/2
2026-02-26T20:41:23.802Z [ODDS]  PSG (Kostolom89): 1/2 → 4/9
2026-02-26T20:41:33.723Z [ODDS]  Liverpool (Andrew): 7/2 → 15/4
2026-02-26T20:41:44.096Z [ODDS]  Liverpool (Andrew): 15/4 → 4/1
2026-02-26T20:41:54.469Z [ODDS]  PSG (Kostolom89): 4/9 → 2/5, Liverpool (Andrew): 4/1 → 9/2
2026-02-26T20:42:00.334Z [ODDS]  PSG (Kostolom89): 2/5 → 1/6, Draw: 15/4 → 6/1, Liverpool (Andrew): 9/2 → 15/2
2026-02-26T20:42:00.334Z [EVENT]  score: 0-3
2026-02-26T20:42:10.709Z [ODDS]  PSG (Kostolom89): 1/6 → 1/7, Liverpool (Andrew): 15/2 → 8/1
2026-02-26T20:42:21.078Z [ODDS]  PSG (Kostolom89): 1/7 → 1/8, Draw: 6/1 → 13/2, Liverpool (Andrew): 8/1 → 17/2
2026-02-26T20:42:31.001Z [ODDS]  PSG (Kostolom89): 1/8 → 1/9, Liverpool (Andrew): 17/2 → 9/1
2026-02-26T20:42:41.382Z [ODDS]  PSG (Kostolom89): 1/9 → 1/10
2026-02-26T20:42:57.611Z [ODDS]  Draw: 13/2 → 7/1, Liverpool (Andrew): 9/1 → 10/1
2026-02-26T20:43:07.984Z [ODDS]  PSG (Kostolom89): 1/10 → 1/12
2026-02-26T20:43:17.907Z [ODDS]  Liverpool (Andrew): 10/1 → 11/1
2026-02-26T20:43:35.506Z [ODDS]  PSG (Kostolom89): 1/12 → 1/14, Draw: 7/1 → 8/1, Liverpool (Andrew): 11/1 → 12/1
2026-02-26T20:43:45.868Z [ODDS]  PSG (Kostolom89): 1/14 → 1/16, Draw: 8/1 → 9/1
2026-02-26T20:43:55.792Z [ODDS]  PSG (Kostolom89): 1/16 → 1/18, Liverpool (Andrew): 12/1 → 14/1
2026-02-26T20:44:06.164Z [ODDS]  PSG (Kostolom89): 1/18 → 1/22, Draw: 9/1 → 10/1
2026-02-26T20:44:16.537Z [ODDS]  PSG (Kostolom89): 1/22 → 1/25, Draw: 10/1 → 12/1, Liverpool (Andrew): 14/1 → 16/1
2026-02-26T20:44:26.921Z [ODDS]  PSG (Kostolom89): 1/25 → 1/33, Draw: 12/1 → 14/1
2026-02-26T20:44:33.226Z [ODDS]  PSG (Kostolom89): 1/33 → 1/10, Draw: 14/1 → 6/1, Liverpool (Andrew): 16/1 → 12/1
2026-02-26T20:44:33.226Z [EVENT]  score: 1-3
2026-02-26T20:44:43.598Z [ODDS]  Liverpool (Andrew): 12/1 → 14/1
2026-02-26T20:44:53.520Z [ODDS]  PSG (Kostolom89): 1/10 → 1/12, Draw: 6/1 → 7/1, Liverpool (Andrew): 14/1 → 16/1
2026-02-26T20:44:55.324Z [ODDS]  PSG (Kostolom89): 1/12 → 4/9, Draw: 7/1 → 9/4, Liverpool (Andrew): 16/1 → 7/1
2026-02-26T20:44:55.324Z [EVENT]  score: 2-3
