2026-02-26T20:08:45.848Z [ODDS]  Draw: 13/2 → 6/1
2026-02-26T20:08:47.656Z [ODDS]  Draw: 6/1 → 13/2
2026-02-26T20:08:53.516Z [ODDS]  Draw: 13/2 → 6/1
2026-02-26T20:09:02.986Z [ODDS]  Lech Poznan: 2/11 → 1/5
2026-02-26T20:09:31.399Z [ODDS]  Lech Poznan: 1/5 → 2/11
2026-02-26T20:09:41.321Z [ODDS]  Lech Poznan: 2/11 → 1/5
2026-02-26T20:09:53.500Z [ODDS]  Lech Poznan: 1/5 → 2/11
2026-02-26T20:10:17.403Z [ODDS]  Lech Poznan: 2/11 → 1/5
2026-02-26T20:10:22.364Z [ODDS]  Lech Poznan: 1/5 → 2/11
2026-02-26T20:11:33.623Z [ODDS]  KuPS Kuopio: 11/1 → 12/1, Draw: 6/1 → 13/2, Lech Poznan: 2/11 → 1/6
2026-02-26T20:13:11.489Z [ODDS]  KuPS Kuopio: 12/1 → 14/1
2026-02-26T20:13:35.400Z [ODDS]  KuPS Kuopio: 14/1 → 12/1
2026-02-26T20:13:40.815Z [ODDS]  KuPS Kuopio: 12/1 → 14/1
2026-02-26T20:14:51.612Z [ODDS]  KuPS Kuopio: 14/1 → 12/1
2026-02-26T20:15:02.899Z [ODDS]  KuPS Kuopio: 12/1 → 14/1
2026-02-26T20:17:35.791Z [ODDS]  KuPS Kuopio: 14/1 → 16/1, Draw: 13/2 → 7/1, Lech Poznan: 1/6 → 1/7
2026-02-26T20:17:41.653Z [ODDS]  Draw: 7/1 → 13/2
2026-02-26T20:18:29.025Z [ODDS]  KuPS Kuopio: 16/1 → 14/1, Lech Poznan: 1/7 → 1/6
2026-02-26T20:18:32.615Z [ODDS]  KuPS Kuopio: 14/1 → 16/1, Lech Poznan: 1/6 → 1/7
2026-02-26T20:19:56.050Z [ODDS]  KuPS Kuopio: 16/1 → 14/1, Lech Poznan: 1/7 → 1/6
2026-02-26T20:20:52.426Z [ODDS]  Draw: 13/2 → 6/1
2026-02-26T20:22:28.491Z [ODDS]  Lech Poznan: 1/6 → 2/11
2026-02-26T20:22:51.943Z [ODDS]  KuPS Kuopio: 14/1 → 12/1, Draw: 6/1 → 11/2
2026-02-26T20:23:05.042Z [ODDS]  KuPS Kuopio: 12/1 → 14/1, Draw: 11/2 → 6/1
2026-02-26T20:23:06.834Z [ODDS]  Draw: 6/1 → 11/2
2026-02-26T20:23:11.341Z [ODDS]  Draw: 11/2 → 6/1
2026-02-26T20:23:15.396Z [ODDS]  Draw: 6/1 → 11/2
2026-02-26T20:23:22.617Z [ODDS]  Draw: 11/2 → 6/1
2026-02-26T20:23:44.710Z [ODDS]  Draw: 6/1 → 11/2
2026-02-26T20:24:10.870Z [ODDS]  KuPS Kuopio: 14/1 → 12/1, Lech Poznan: 2/11 → 1/5
2026-02-26T20:24:41.102Z [ODDS]  Draw: 11/2 → 5/1, Lech Poznan: 1/5 → 2/9
2026-02-26T20:24:56.870Z [ODDS]  Draw: 5/1 → 11/2, Lech Poznan: 2/9 → 1/5
2026-02-26T20:25:10.389Z [ODDS]  Draw: 11/2 → 5/1
2026-02-26T20:25:55.932Z [ODDS]  Lech Poznan: 1/5 → 2/9
2026-02-26T20:27:41.024Z [ODDS]  KuPS Kuopio: 12/1 → 14/1, Lech Poznan: 2/9 → 1/5
2026-02-26T20:27:42.831Z [ODDS]  KuPS Kuopio: 14/1 → 12/1
2026-02-26T20:27:44.634Z [ODDS]  Lech Poznan: 1/5 → 2/9
2026-02-26T20:28:13.945Z [ODDS]  Lech Poznan: 2/9 → 1/5
2026-02-26T20:28:19.355Z [ODDS]  Lech Poznan: 1/5 → 2/9
2026-02-26T20:28:21.161Z [ODDS]  KuPS Kuopio: 12/1 → 14/1, Lech Poznan: 2/9 → 1/5
2026-02-26T20:28:56.336Z [ODDS]  Lech Poznan: 1/5 → 2/9
2026-02-26T20:28:58.140Z [ODDS]  Lech Poznan: 2/9 → 1/5
2026-02-26T20:29:03.555Z [ODDS]  Lech Poznan: 1/5 → 2/9
2026-02-26T20:29:36.027Z [ODDS]  KuPS Kuopio: 14/1 → 12/1
2026-02-26T20:29:41.436Z [ODDS]  KuPS Kuopio: 12/1 → 14/1
2026-02-26T20:29:46.848Z [ODDS]  KuPS Kuopio: 14/1 → 12/1
2026-02-26T20:29:54.070Z [ODDS]  KuPS Kuopio: 12/1 → 14/1
2026-02-26T20:29:57.681Z [ODDS]  KuPS Kuopio: 14/1 → 12/1
2026-02-26T20:30:41.423Z [ODDS]  Draw: 5/1 → 9/2
2026-02-26T20:30:45.491Z [ODDS]  Lech Poznan: 2/9 → 1/4
2026-02-26T20:31:26.978Z [ODDS]  KuPS Kuopio: 12/1 → 11/1
2026-02-26T20:32:38.686Z [ODDS]  KuPS Kuopio: 11/1 → 12/1
2026-02-26T20:32:40.488Z [ODDS]  KuPS Kuopio: 12/1 → 11/1
2026-02-26T20:33:40.027Z [ODDS]  Lech Poznan: 1/4 → 2/7
2026-02-26T20:33:54.920Z [ODDS]  Draw: 9/2 → 4/1, Lech Poznan: 2/7 → 1/4
2026-02-26T20:33:57.161Z [ODDS]  KuPS Kuopio: 11/1 → 12/1
2026-02-26T20:35:12.029Z [ODDS]  Draw: 4/1 → 9/2
2026-02-26T20:35:24.661Z [ODDS]  KuPS Kuopio: 12/1 → 14/1
2026-02-26T20:36:34.561Z [ODDS]  Draw: 9/2 → 4/1
2026-02-26T20:36:42.681Z [ODDS]  KuPS Kuopio: 14/1 → 12/1
2026-02-26T20:36:54.404Z [ODDS]  KuPS Kuopio: 12/1 → 14/1, Draw: 4/1 → 9/2
2026-02-26T20:37:10.640Z [ODDS]  Draw: 9/2 → 4/1
2026-02-26T20:37:40.866Z [ODDS]  Draw: 4/1 → 9/2
2026-02-26T20:37:42.662Z [ODDS]  Draw: 9/2 → 4/1
2026-02-26T20:37:46.272Z [ODDS]  Draw: 4/1 → 9/2
2026-02-26T20:38:10.769Z [ODDS]  Draw: 9/2 → 4/1
2026-02-26T20:38:50.009Z [ODDS]  KuPS Kuopio: 12/1 → 14/1
2026-02-26T20:39:00.382Z [ODDS]  Draw: 4/1 → 9/2
2026-02-26T20:39:03.102Z [ODDS]  Draw: 9/2 → 4/1
2026-02-26T20:39:59.464Z [ODDS]  Draw: 4/1 → 9/2
2026-02-26T20:40:06.230Z [ODDS]  Draw: 9/2 → 4/1
2026-02-26T20:42:20.176Z [ODDS]  Draw: 4/1 → 9/2, Lech Poznan: 1/4 → 2/9
2026-02-26T20:42:35.061Z [ODDS]  Draw: 9/2 → 4/1, Lech Poznan: 2/9 → 1/4
2026-02-26T20:44:24.204Z [ODDS]  KuPS Kuopio: 14/1 → 16/1
2026-02-26T20:44:31.421Z [ODDS]  KuPS Kuopio: 16/1 → 14/1
2026-02-26T20:46:51.235Z [ODDS]  Draw: 4/1 → 15/4, Lech Poznan: 1/4 → 2/7
2026-02-26T20:46:55.324Z [ODDS]  Draw: 15/4 → 4/1, Lech Poznan: 2/7 → 1/4
2026-02-26T20:47:30.479Z [ODDS]  Draw: 4/1 → 15/4
2026-02-26T20:47:48.514Z [ODDS]  Lech Poznan: 1/4 → 2/7
2026-02-26T20:48:07.999Z [ODDS]  Lech Poznan: 2/7 → 1/4
2026-02-26T20:48:37.767Z [ODDS]  KuPS Kuopio: 14/1 → 16/1
2026-02-26T20:48:51.298Z [ODDS]  KuPS Kuopio: 16/1 → 14/1
2026-02-26T20:49:01.675Z [ODDS]  KuPS Kuopio: 14/1 → 16/1
2026-02-26T20:52:08.418Z [ODDS]  KuPS Kuopio: 16/1 → 14/1, Lech Poznan: 1/4 → 2/7
2026-02-26T20:52:22.844Z [ODDS]  Lech Poznan: 2/7 → 1/4
2026-02-26T20:52:35.482Z [ODDS]  Lech Poznan: 1/4 → 2/7
2026-02-26T20:53:04.796Z [ODDS]  Lech Poznan: 2/7 → 1/4
2026-02-26T20:53:07.050Z [ODDS]  KuPS Kuopio: 14/1 → 16/1
2026-02-26T20:58:10.130Z [ODDS]  KuPS Kuopio: 16/1 → 14/1, Lech Poznan: 1/4 → 2/7
2026-02-26T20:58:12.836Z [ODDS]  Lech Poznan: 2/7 → 1/4
2026-02-26T20:59:33.120Z [ODDS]  Lech Poznan: 1/4 → 2/7
2026-02-26T21:05:07.430Z [ODDS]  Draw: 15/4 → 7/2
2026-02-26T21:05:10.021Z [ODDS]  Draw: 7/2 → 15/4
2026-02-26T21:05:34.828Z [ODDS]  Draw: 15/4 → 7/2
2026-02-26T21:05:50.616Z [ODDS]  Draw: 7/2 → 15/4
2026-02-26T21:06:01.888Z [ODDS]  Draw: 15/4 → 7/2
2026-02-26T21:06:46.543Z [ODDS]  KuPS Kuopio: 14/1 → 16/1
2026-02-26T21:06:49.248Z [ODDS]  KuPS Kuopio: 16/1 → 14/1, Lech Poznan: 2/7 → 3/10
2026-02-26T21:06:53.303Z [ODDS]  Lech Poznan: 3/10 → 2/7
2026-02-26T21:07:03.677Z [ODDS]  Lech Poznan: 2/7 → 3/10
2026-02-26T21:07:29.383Z [ODDS]  Lech Poznan: 3/10 → 2/7
2026-02-26T21:07:40.661Z [ODDS]  Draw: 7/2 → 10/3, Lech Poznan: 2/7 → 3/10
2026-02-26T21:07:51.035Z [ODDS]  Draw: 10/3 → 7/2
2026-02-26T21:07:52.836Z [ODDS]  Draw: 7/2 → 10/3
2026-02-26T21:07:59.600Z [ODDS]  KuPS Kuopio: 14/1 → 16/1, Draw: 10/3 → 7/2, Lech Poznan: 3/10 → 2/7
2026-02-26T21:08:02.307Z [ODDS]  KuPS Kuopio: 16/1 → 14/1, Draw: 7/2 → 10/3, Lech Poznan: 2/7 → 3/10
2026-02-26T21:10:36.857Z [ODDS]  Lech Poznan: 3/10 → 1/3
2026-02-26T21:10:43.169Z [ODDS]  Draw: 10/3 → 3/1
2026-02-26T21:10:47.227Z [ODDS]  Draw: 3/1 → 10/3
2026-02-26T21:10:51.305Z [ODDS]  Lech Poznan: 1/3 → 3/10
2026-02-26T21:10:54.908Z [ODDS]  KuPS Kuopio: 14/1 → 16/1
2026-02-26T21:11:38.647Z [ODDS]  Draw: 10/3 → 3/1
2026-02-26T21:11:59.504Z [ODDS]  Lech Poznan: 3/10 → 1/3
2026-02-26T21:13:35.909Z [ODDS]  KuPS Kuopio: 16/1 → 18/1
2026-02-26T21:13:48.537Z [ODDS]  Lech Poznan: 1/3 → 3/10
2026-02-26T21:14:11.087Z [ODDS]  Lech Poznan: 3/10 → 1/3
2026-02-26T21:14:20.108Z [ODDS]  KuPS Kuopio: 18/1 → 20/1
2026-02-26T21:14:24.173Z [ODDS]  KuPS Kuopio: 20/1 → 18/1
2026-02-26T21:14:32.740Z [ODDS]  Draw: 3/1 → 11/4
2026-02-26T21:14:34.541Z [ODDS]  Draw: 11/4 → 3/1
2026-02-26T21:14:44.007Z [ODDS]  Draw: 3/1 → 11/4
2026-02-26T21:14:48.972Z [ODDS]  Draw: 11/4 → 3/1
2026-02-26T21:15:23.794Z [ODDS]  Draw: 3/1 → 11/4
2026-02-26T21:15:31.818Z [ODDS]  KuPS Kuopio: 18/1 → 20/1
2026-02-26T21:15:50.758Z [ODDS]  KuPS Kuopio: 20/1 → 18/1
2026-02-26T21:15:52.559Z [ODDS]  KuPS Kuopio: 18/1 → 20/1
2026-02-26T21:16:13.305Z [ODDS]  KuPS Kuopio: 20/1 → 18/1
2026-02-26T21:16:39.473Z [ODDS]  KuPS Kuopio: 18/1 → 20/1
2026-02-26T21:16:55.698Z [ODDS]  KuPS Kuopio: 20/1 → 18/1
2026-02-26T21:16:58.870Z [ODDS]  KuPS Kuopio: 18/1 → 20/1
2026-02-26T21:17:53.453Z [ODDS]  Draw: 11/4 → 13/5, Lech Poznan: 1/3 → 4/11
2026-02-26T21:19:00.627Z [ODDS]  KuPS Kuopio: 20/1 → 18/1, Draw: 13/5 → 5/2
2026-02-26T21:19:09.652Z [ODDS]  Lech Poznan: 4/11 → 2/5
2026-02-26T21:19:11.458Z [ODDS]  KuPS Kuopio: 18/1 → 20/1, Draw: 5/2 → 13/5, Lech Poznan: 2/5 → 4/11
2026-02-26T21:19:13.257Z [ODDS]  KuPS Kuopio: 20/1 → 18/1, Draw: 13/5 → 5/2, Lech Poznan: 4/11 → 2/5
2026-02-26T21:19:37.614Z [ODDS]  Draw: 5/2 → 12/5
2026-02-26T21:19:47.533Z [ODDS]  Draw: 12/5 → 5/2
2026-02-26T21:20:04.220Z [ODDS]  Draw: 5/2 → 12/5
2026-02-26T21:20:34.993Z [ODDS]  Draw: 12/5 → 9/4
2026-02-26T21:20:38.647Z [ODDS]  KuPS Kuopio: 18/1 → 16/1
2026-02-26T21:20:40.416Z [ODDS]  KuPS Kuopio: 16/1 → 18/1
2026-02-26T21:20:56.087Z [ODDS]  Draw: 9/4 → 13/5, Lech Poznan: 2/5 → 4/11
2026-02-26T21:21:05.134Z [ODDS]  Draw: 13/5 → 5/2
2026-02-26T21:21:24.049Z [ODDS]  Lech Poznan: 4/11 → 2/5
2026-02-26T21:21:38.931Z [ODDS]  Draw: 5/2 → 12/5
2026-02-26T21:21:48.403Z [ODDS]  Draw: 12/5 → 9/4, Lech Poznan: 2/5 → 4/9
2026-02-26T21:21:54.267Z [ODDS]  KuPS Kuopio: 18/1 → 16/1, Draw: 9/4 → 21/10
2026-02-26T21:21:56.972Z [ODDS]  Draw: 21/10 → 11/5
2026-02-26T21:22:14.113Z [ODDS]  KuPS Kuopio: 16/1 → 18/1, Draw: 11/5 → 21/10
2026-02-26T21:22:50.641Z [ODDS]  KuPS Kuopio: 18/1 → 16/1
2026-02-26T21:22:58.760Z [ODDS]  KuPS Kuopio: 16/1 → 18/1
2026-02-26T21:23:02.819Z [ODDS]  KuPS Kuopio: 18/1 → 16/1, Draw: 21/10 → 2/1, Lech Poznan: 4/9 → 1/2
2026-02-26T21:23:07.330Z [ODDS]  KuPS Kuopio: 16/1 → 50/1, Draw: 2/1 → 10/1, Lech Poznan: 1/2 → 1/20
2026-02-26T21:23:07.330Z [EVENT]  score: 1-0
2026-02-26T21:23:41.628Z [ODDS]  Draw: 10/1 → 12/1, Lech Poznan: 1/20 → 1/25
2026-02-26T21:24:12.296Z [ODDS]  KuPS Kuopio: 50/1 → 66/1, Lech Poznan: 1/25 → 1/28
2026-02-26T21:24:16.518Z [ODDS]  Lech Poznan: 1/28 → 1/25
2026-02-26T21:24:18.175Z [ODDS]  Lech Poznan: 1/25 → 1/28
2026-02-26T21:24:24.057Z [ODDS]  Lech Poznan: 1/28 → 1/25
2026-02-26T21:24:31.235Z [ODDS]  KuPS Kuopio: 66/1 → 50/1
2026-02-26T21:24:38.449Z [ODDS]  KuPS Kuopio: 50/1 → 66/1
2026-02-26T21:24:42.066Z [ODDS]  KuPS Kuopio: 66/1 → 50/1
2026-02-26T21:24:44.770Z [ODDS]  KuPS Kuopio: 50/1 → 66/1
2026-02-26T21:24:59.648Z [ODDS]  KuPS Kuopio: 66/1 → 50/1
2026-02-26T21:25:10.066Z [ODDS]  KuPS Kuopio: 50/1 → 66/1
2026-02-26T21:25:11.871Z [ODDS]  Lech Poznan: 1/25 → 1/28
2026-02-26T21:25:15.437Z [ODDS]  Lech Poznan: 1/28 → 1/25
2026-02-26T21:25:38.931Z [ODDS]  Lech Poznan: 1/25 → 1/28
2026-02-26T21:25:46.579Z [ODDS]  Lech Poznan: 1/28 → 1/25
2026-02-26T21:25:57.559Z [ODDS]  KuPS Kuopio: 66/1 → 80/1, Draw: 12/1 → 14/1, Lech Poznan: 1/25 → 1/33
2026-02-26T21:25:58.907Z [ODDS]  KuPS Kuopio: 80/1 → 66/1, Draw: 14/1 → 12/1, Lech Poznan: 1/33 → 1/25
2026-02-26T21:26:10.489Z [ODDS]  Lech Poznan: 1/25 → 1/28
2026-02-26T21:26:11.814Z [ODDS]  KuPS Kuopio: 66/1 → 80/1, Draw: 12/1 → 14/1, Lech Poznan: 1/28 → 1/33
2026-02-26T21:26:25.790Z [ODDS]  Draw: 14/1 → 12/1, Lech Poznan: 1/33 → 1/28
2026-02-26T21:26:35.720Z [ODDS]  Draw: 12/1 → 14/1, Lech Poznan: 1/28 → 1/33
2026-02-26T21:26:48.793Z [ODDS]  Draw: 14/1 → 12/1, Lech Poznan: 1/33 → 1/28
2026-02-26T21:27:02.326Z [ODDS]  Draw: 12/1 → 14/1, Lech Poznan: 1/28 → 1/33
2026-02-26T21:27:16.302Z [ODDS]  KuPS Kuopio: 80/1 → 66/1, Draw: 14/1 → 12/1, Lech Poznan: 1/33 → 1/28
2026-02-26T21:27:21.273Z [ODDS]  KuPS Kuopio: 66/1 → 80/1
2026-02-26T21:27:29.844Z [ODDS]  Draw: 12/1 → 14/1, Lech Poznan: 1/28 → 1/33
2026-02-26T21:27:48.775Z [ODDS]  Draw: 14/1 → 12/1, Lech Poznan: 1/33 → 1/28
2026-02-26T21:27:56.989Z [ODDS]  KuPS Kuopio: 80/1 → 66/1, Lech Poznan: 1/28 → 1/25
2026-02-26T21:28:00.049Z [ODDS]  Lech Poznan: 1/25 → 1/28
2026-02-26T21:28:05.011Z [ODDS]  Lech Poznan: 1/28 → 1/25
2026-02-26T21:29:38.368Z [ODDS]  KuPS Kuopio: 66/1 → 80/1, Lech Poznan: 1/25 → 1/28
2026-02-26T21:29:40.176Z [ODDS]  Lech Poznan: 1/28 → 1/25
2026-02-26T21:29:46.938Z [ODDS]  KuPS Kuopio: 80/1 → 66/1
2026-02-26T21:30:27.089Z [ODDS]  KuPS Kuopio: 66/1 → 50/1, Draw: 12/1 → 10/1, Lech Poznan: 1/25 → 1/20
2026-02-26T21:30:31.588Z [ODDS]  KuPS Kuopio: 50/1 → 66/1, Draw: 10/1 → 11/1, Lech Poznan: 1/20 → 1/22
2026-02-26T21:30:40.608Z [ODDS]  KuPS Kuopio: 66/1 → 50/1, Draw: 11/1 → 10/1, Lech Poznan: 1/22 → 1/20
2026-02-26T21:31:00.907Z [ODDS]  KuPS Kuopio: 50/1 → 66/1
2026-02-26T21:31:15.794Z [ODDS]  KuPS Kuopio: 66/1 → 50/1
2026-02-26T21:31:17.591Z [ODDS]  KuPS Kuopio: 50/1 → 66/1
2026-02-26T21:31:24.394Z [ODDS]  KuPS Kuopio: 66/1 → 50/1
2026-02-26T21:31:41.974Z [ODDS]  KuPS Kuopio: 50/1 → 66/1
2026-02-26T21:32:14.871Z [ODDS]  Draw: 10/1 → 12/1, Lech Poznan: 1/20 → 1/25
2026-02-26T21:32:28.852Z [ODDS]  Draw: 12/1 → 10/1, Lech Poznan: 1/25 → 1/22
2026-02-26T21:32:32.909Z [ODDS]  Draw: 10/1 → 12/1, Lech Poznan: 1/22 → 1/25
2026-02-26T21:32:49.145Z [ODDS]  KuPS Kuopio: 66/1 → 80/1
2026-02-26T21:33:12.157Z [ODDS]  KuPS Kuopio: 80/1 → 66/1
2026-02-26T21:33:14.853Z [ODDS]  KuPS Kuopio: 66/1 → 80/1
2026-02-26T21:33:38.776Z [ODDS]  KuPS Kuopio: 80/1 → 66/1
2026-02-26T21:33:52.288Z [ODDS]  Draw: 12/1 → 10/1, Lech Poznan: 1/25 → 1/20
2026-02-26T21:34:04.469Z [ODDS]  Lech Poznan: 1/20 → 1/22
2026-02-26T21:34:18.453Z [ODDS]  Lech Poznan: 1/22 → 1/20
2026-02-26T21:36:02.178Z [ODDS]  KuPS Kuopio: 66/1 → 80/1
2026-02-26T21:36:17.075Z [ODDS]  Lech Poznan: 1/20 → 1/22
2026-02-26T21:36:45.935Z [ODDS]  Draw: 10/1 → 12/1, Lech Poznan: 1/22 → 1/25
2026-02-26T21:37:41.402Z [ODDS]  Draw: 12/1 → 10/1, Lech Poznan: 1/25 → 1/20
2026-02-26T21:37:54.029Z [ODDS]  Draw: 10/1 → 12/1, Lech Poznan: 1/20 → 1/25
2026-02-26T21:37:56.743Z [ODDS]  Draw: 12/1 → 10/1, Lech Poznan: 1/25 → 1/22
2026-02-26T21:38:14.196Z [ODDS]  Lech Poznan: 1/22 → 1/20
2026-02-26T21:40:21.849Z [ODDS]  KuPS Kuopio: 80/1 → 100/1
2026-02-26T21:41:00.157Z [ODDS]  Draw: 10/1 → 12/1, Lech Poznan: 1/20 → 1/25
2026-02-26T21:41:09.676Z [ODDS]  Draw: 12/1 → 10/1, Lech Poznan: 1/25 → 1/20
2026-02-26T21:41:17.753Z [ODDS]  Draw: 10/1 → 12/1, Lech Poznan: 1/20 → 1/25
2026-02-26T21:41:31.277Z [ODDS]  Draw: 12/1 → 10/1, Lech Poznan: 1/25 → 1/20
2026-02-26T21:41:33.530Z [ODDS]  KuPS Kuopio: 100/1 → 125/1, Draw: 10/1 → 12/1, Lech Poznan: 1/20 → 1/25
2026-02-26T21:41:38.942Z [ODDS]  KuPS Kuopio: 125/1 → 100/1, Draw: 12/1 → 10/1, Lech Poznan: 1/25 → 1/20
2026-02-26T21:41:46.613Z [ODDS]  KuPS Kuopio: 100/1 → 125/1, Draw: 10/1 → 12/1, Lech Poznan: 1/20 → 1/25
2026-02-26T21:42:13.670Z [ODDS]  KuPS Kuopio: 125/1 → 150/1
2026-02-26T21:42:36.722Z [ODDS]  KuPS Kuopio: 150/1 → 125/1
2026-02-26T21:42:40.730Z [ODDS]  KuPS Kuopio: 125/1 → 150/1
2026-02-26T21:43:38.910Z [ODDS]  KuPS Kuopio: 150/1 → 200/1, Lech Poznan: 1/25 → 1/28
2026-02-26T21:43:40.730Z [ODDS]  KuPS Kuopio: 200/1 → 150/1, Lech Poznan: 1/28 → 1/25
2026-02-26T21:44:32.130Z [ODDS]  KuPS Kuopio: 150/1 → 200/1, Lech Poznan: 1/25 → 1/28
2026-02-26T21:44:38.445Z [ODDS]  KuPS Kuopio: 200/1 → 150/1, Lech Poznan: 1/28 → 1/25
2026-02-26T21:44:44.305Z [ODDS]  KuPS Kuopio: 150/1 → 200/1, Lech Poznan: 1/25 → 1/28
2026-02-26T21:44:46.106Z [ODDS]  Draw: 12/1 → 14/1, Lech Poznan: 1/28 → 1/33
2026-02-26T21:44:59.637Z [ODDS]  Draw: 14/1 → 12/1, Lech Poznan: 1/33 → 1/25
2026-02-26T21:45:10.465Z [ODDS]  Draw: 12/1 → 14/1, Lech Poznan: 1/25 → 1/33
2026-02-26T21:45:12.269Z [ODDS]  KuPS Kuopio: 200/1 → 250/1
2026-02-26T21:45:23.992Z [ODDS]  KuPS Kuopio: 250/1 → 150/1, Draw: 14/1 → 12/1, Lech Poznan: 1/33 → 1/25
2026-02-26T21:45:52.857Z [ODDS]  KuPS Kuopio: 150/1 → 200/1
2026-02-26T21:45:54.661Z [ODDS]  KuPS Kuopio: 200/1 → 250/1, Draw: 12/1 → 14/1, Lech Poznan: 1/25 → 1/33
2026-02-26T21:46:17.211Z [ODDS]  KuPS Kuopio: 250/1 → 300/1
2026-02-26T21:46:58.261Z [ODDS]  KuPS Kuopio: 300/1 → 350/1, Draw: 14/1 → 16/1, Lech Poznan: 1/33 → 1/40
2026-02-26T21:47:37.946Z [ODDS]  KuPS Kuopio: 350/1 → 400/1
2026-02-26T21:47:58.689Z [ODDS]  KuPS Kuopio: 400/1 → 450/1
2026-02-26T21:48:13.574Z [ODDS]  Draw: 16/1 → 18/1, Lech Poznan: 1/40 → 1/50
2026-02-26T21:48:27.104Z [ODDS]  KuPS Kuopio: 450/1 → 500/1, Draw: 18/1 → 20/1, Lech Poznan: 1/50 → 1/66
2026-02-26T21:49:05.892Z [ODDS]  Draw: 20/1 → 22/1, Lech Poznan: 1/66 → 1/80
2026-02-26T21:49:39.721Z [ODDS]  Draw: 22/1 → 25/1, Lech Poznan: 1/80 → 1/100
2026-02-26T21:50:09.938Z [ODDS]  Lech Poznan: 1/100 → 1/125
2026-02-26T21:50:29.779Z [ODDS]  Draw: 25/1 → 28/1, Lech Poznan: 1/125 → 1/150
2026-02-26T21:50:45.115Z [ODDS]  Draw: 28/1 → 40/1, Lech Poznan: 1/150 → 1/200
