2026-02-27T03:08:30.313Z [ODDS]  Draw: 7/1 → 8/1, Dortmund (Nightxx): 1/12 → 1/14
2026-02-27T03:08:57.371Z [ODDS]  Draw: 8/1 → 7/1, Dortmund (Nightxx): 1/14 → 1/12
2026-02-27T03:09:13.165Z [ODDS]  Draw: 7/1 → 8/1, Dortmund (Nightxx): 1/12 → 1/14
2026-02-27T03:09:13.613Z [ODDS]  Juventus (nekishka): 11/1 → 18/1, Draw: 8/1 → 18/1, Dortmund (Nightxx): 1/14 → 1/50
2026-02-27T03:09:13.613Z [EVENT]  score: 4-0
2026-02-27T03:09:40.220Z [ODDS]  Juventus (nekishka): 18/1 → 20/1, Draw: 18/1 → 20/1, Dortmund (Nightxx): 1/50 → 1/66
2026-02-27T03:09:48.806Z [ODDS]  Juventus (nekishka): 20/1 → 14/1, Draw: 20/1 → 10/1, Dortmund (Nightxx): 1/66 → 1/20
2026-02-27T03:09:48.806Z [EVENT]  score: 4-1
2026-02-27T03:10:19.558Z [ODDS]  Draw: 10/1 → 12/1, Dortmund (Nightxx): 1/20 → 1/25
2026-02-27T03:10:29.931Z [ODDS]  Juventus (nekishka): 14/1 → 16/1, Dortmund (Nightxx): 1/25 → 1/28
2026-02-27T03:10:40.305Z [ODDS]  Draw: 12/1 → 14/1, Dortmund (Nightxx): 1/28 → 1/33
2026-02-27T03:10:45.719Z [ODDS]  Juventus (nekishka): 16/1 → 33/1, Draw: 14/1 → 33/1, Dortmund (Nightxx): 1/33 → 1/200
2026-02-27T03:10:45.719Z [EVENT]  score: 5-1
2026-02-27T03:11:04.225Z [ODDS]  Juventus (nekishka): 33/1 → 40/1, Draw: 33/1 → 40/1, Dortmund (Nightxx): 1/200 → 1/250
2026-02-27T03:11:10.524Z [ODDS]  Juventus (nekishka): 40/1 → 18/1, Draw: 40/1 → 18/1, Dortmund (Nightxx): 1/250 → 1/50
2026-02-27T03:11:10.524Z [EVENT]  score: 5-2
2026-02-27T03:11:20.905Z [ODDS]  Juventus (nekishka): 18/1 → 20/1, Draw: 18/1 → 20/1, Dortmund (Nightxx): 1/50 → 1/66
2026-02-27T03:11:39.386Z [ODDS]  Juventus (nekishka): 20/1 → 25/1, Draw: 20/1 → 25/1, Dortmund (Nightxx): 1/66 → 1/100
2026-02-27T03:11:49.761Z [ODDS]  Dortmund (Nightxx): 1/100 → 1/125
2026-02-27T03:12:00.133Z [ODDS]  Juventus (nekishka): 25/1 → 33/1, Draw: 25/1 → 33/1, Dortmund (Nightxx): 1/125 → 1/200
2026-02-27T03:12:10.056Z [ODDS]  Juventus (nekishka): 33/1 → 40/1, Draw: 33/1 → 40/1, Dortmund (Nightxx): 1/200 → 1/250
