2026-02-26T19:48:04.032Z [ODDS]  Shimshon Tel Aviv: 7/1 → 15/2
2026-02-26T19:50:08.959Z [ODDS]  Hapoel Nir Ramat Hasharon: 4/11 → 1/3
2026-02-26T19:50:29.255Z [ODDS]  Hapoel Nir Ramat Hasharon: 1/3 → 4/11
2026-02-26T19:50:31.511Z [ODDS]  Hapoel Nir Ramat Hasharon: 4/11 → 1/3
2026-02-26T19:52:23.369Z [ODDS]  Shimshon Tel Aviv: 15/2 → 8/1
2026-02-26T19:52:53.584Z [ODDS]  Hapoel Nir Ramat Hasharon: 1/3 → 4/11, Shimshon Tel Aviv: 8/1 → 15/2
2026-02-26T19:52:58.541Z [ODDS]  Hapoel Nir Ramat Hasharon: 4/11 → 1/3, Shimshon Tel Aviv: 15/2 → 8/1
2026-02-26T19:54:12.514Z [ODDS]  Draw: 3/1 → 10/3
2026-02-26T19:55:27.824Z [ODDS]  Draw: 10/3 → 3/1
2026-02-26T19:55:33.242Z [ODDS]  Draw: 3/1 → 10/3, Shimshon Tel Aviv: 8/1 → 17/2
2026-02-26T19:55:55.811Z [ODDS]  Hapoel Nir Ramat Hasharon: 1/3 → 3/10
2026-02-26T19:57:23.770Z [ODDS]  Hapoel Nir Ramat Hasharon: 3/10 → 1/3, Draw: 10/3 → 3/1
2026-02-26T19:57:25.572Z [ODDS]  Hapoel Nir Ramat Hasharon: 1/3 → 3/10, Draw: 3/1 → 10/3
2026-02-26T19:57:48.576Z [ODDS]  Shimshon Tel Aviv: 17/2 → 9/1
2026-02-26T19:58:29.620Z [ODDS]  Shimshon Tel Aviv: 9/1 → 17/2
2026-02-26T19:59:02.093Z [ODDS]  Shimshon Tel Aviv: 17/2 → 9/1
2026-02-26T19:59:45.838Z [ODDS]  Hapoel Nir Ramat Hasharon: 3/10 → 2/7
2026-02-26T20:00:48.978Z [ODDS]  Shimshon Tel Aviv: 9/1 → 10/1
2026-02-26T20:01:54.447Z [ODDS]  Shimshon Tel Aviv: 10/1 → 9/1
2026-02-26T20:01:57.993Z [ODDS]  Shimshon Tel Aviv: 9/1 → 10/1
2026-02-26T20:03:11.075Z [ODDS]  Hapoel Nir Ramat Hasharon: 2/7 → 1/4
2026-02-26T20:03:34.497Z [ODDS]  Hapoel Nir Ramat Hasharon: 1/4 → 2/7
2026-02-26T20:03:35.400Z [ODDS]  Hapoel Nir Ramat Hasharon: 2/7 → 1/4
2026-02-26T20:03:43.968Z [ODDS]  Hapoel Nir Ramat Hasharon: 1/4 → 2/7
2026-02-26T20:03:56.151Z [ODDS]  Hapoel Nir Ramat Hasharon: 2/7 → 1/4
2026-02-26T20:04:02.012Z [ODDS]  Hapoel Nir Ramat Hasharon: 1/4 → 2/7
2026-02-26T20:04:27.264Z [ODDS]  Hapoel Nir Ramat Hasharon: 2/7 → 1/4, Draw: 10/3 → 7/2, Shimshon Tel Aviv: 10/1 → 11/1
2026-02-26T20:05:34.466Z [ODDS]  Shimshon Tel Aviv: 11/1 → 12/1
2026-02-26T20:06:08.304Z [ODDS]  Hapoel Nir Ramat Hasharon: 1/4 → 2/9
2026-02-26T20:06:52.953Z [ODDS]  Shimshon Tel Aviv: 12/1 → 14/1
2026-02-26T20:06:59.712Z [ODDS]  Hapoel Nir Ramat Hasharon: 2/9 → 1/4, Shimshon Tel Aviv: 14/1 → 12/1
2026-02-26T20:07:02.422Z [ODDS]  Hapoel Nir Ramat Hasharon: 1/4 → 2/9
2026-02-26T20:07:33.091Z [ODDS]  Shimshon Tel Aviv: 12/1 → 14/1
2026-02-26T20:10:00.723Z [ODDS]  Shimshon Tel Aviv: 14/1 → 16/1
2026-02-26T20:10:39.500Z [ODDS]  Hapoel Nir Ramat Hasharon: 2/9 → 1/5
2026-02-26T20:11:21.444Z [ODDS]  Draw: 7/2 → 15/4
2026-02-26T20:11:25.503Z [ODDS]  Shimshon Tel Aviv: 16/1 → 18/1
2026-02-26T20:11:46.249Z [ODDS]  Hapoel Nir Ramat Hasharon: 1/5 → 2/11
2026-02-26T20:12:57.959Z [ODDS]  Shimshon Tel Aviv: 18/1 → 20/1
2026-02-26T20:13:36.295Z [ODDS]  Hapoel Nir Ramat Hasharon: 2/11 → 1/6
2026-02-26T20:14:13.728Z [ODDS]  Draw: 15/4 → 4/1
2026-02-26T20:15:09.206Z [ODDS]  Shimshon Tel Aviv: 20/1 → 22/1
2026-02-26T20:15:09.658Z [ODDS]  Hapoel Nir Ramat Hasharon: 1/6 → 2/11, Draw: 4/1 → 15/4, Shimshon Tel Aviv: 22/1 → 20/1
2026-02-26T20:15:11.910Z [ODDS]  Hapoel Nir Ramat Hasharon: 2/11 → 1/6, Draw: 15/4 → 4/1, Shimshon Tel Aviv: 20/1 → 22/1
2026-02-26T20:15:19.576Z [ODDS]  Hapoel Nir Ramat Hasharon: 1/6 → 2/11, Draw: 4/1 → 15/4, Shimshon Tel Aviv: 22/1 → 20/1
2026-02-26T20:15:21.831Z [ODDS]  Hapoel Nir Ramat Hasharon: 2/11 → 1/6, Draw: 15/4 → 4/1
2026-02-26T20:15:22.733Z [ODDS]  Shimshon Tel Aviv: 20/1 → 22/1
2026-02-26T20:16:18.660Z [ODDS]  Hapoel Nir Ramat Hasharon: 1/6 → 1/7, Draw: 4/1 → 9/2, Shimshon Tel Aviv: 22/1 → 25/1
2026-02-26T20:16:53.843Z [ODDS]  Hapoel Nir Ramat Hasharon: 1/7 → 1/6, Draw: 9/2 → 4/1, Shimshon Tel Aviv: 25/1 → 22/1
2026-02-26T20:16:55.648Z [ODDS]  Hapoel Nir Ramat Hasharon: 1/6 → 1/7, Draw: 4/1 → 9/2, Shimshon Tel Aviv: 22/1 → 25/1
2026-02-26T20:17:56.090Z [ODDS]  Hapoel Nir Ramat Hasharon: 1/7 → 1/8, Draw: 9/2 → 5/1, Shimshon Tel Aviv: 25/1 → 28/1
2026-02-26T20:19:38.012Z [ODDS]  Hapoel Nir Ramat Hasharon: 1/8 → 1/9, Draw: 5/1 → 11/2
2026-02-26T20:19:55.598Z [ODDS]  Hapoel Nir Ramat Hasharon: 1/9 → 1/8, Draw: 11/2 → 5/1
2026-02-26T20:19:56.952Z [ODDS]  Hapoel Nir Ramat Hasharon: 1/8 → 1/9, Draw: 5/1 → 11/2
2026-02-26T20:20:02.821Z [ODDS]  Shimshon Tel Aviv: 28/1 → 33/1
2026-02-26T20:20:12.737Z [ODDS]  Hapoel Nir Ramat Hasharon: 1/9 → 11/2, Draw: 11/2 → 1/3, Shimshon Tel Aviv: 33/1 → 5/1
2026-02-26T20:20:12.737Z [EVENT]  score: 2-2
2026-02-26T20:20:31.680Z [ODDS]  Hapoel Nir Ramat Hasharon: 11/2 → 6/1, Draw: 1/3 → 1/4, Shimshon Tel Aviv: 5/1 → 6/1
2026-02-26T20:20:56.490Z [ODDS]  Draw: 1/4 → 2/9
2026-02-26T20:21:09.111Z [ODDS]  Shimshon Tel Aviv: 6/1 → 13/2
2026-02-26T20:21:14.524Z [ODDS]  Hapoel Nir Ramat Hasharon: 6/1 → 11/2, Draw: 2/9 → 1/4, Shimshon Tel Aviv: 13/2 → 6/1
2026-02-26T20:21:19.491Z [ODDS]  Hapoel Nir Ramat Hasharon: 11/2 → 5/1, Draw: 1/4 → 2/7
2026-02-26T20:21:32.117Z [ODDS]  Hapoel Nir Ramat Hasharon: 5/1 → 11/2, Draw: 2/7 → 1/4
2026-02-26T20:21:36.172Z [ODDS]  Hapoel Nir Ramat Hasharon: 11/2 → 6/1
2026-02-26T20:21:39.329Z [ODDS]  Shimshon Tel Aviv: 6/1 → 13/2
2026-02-26T20:21:41.140Z [ODDS]  Draw: 1/4 → 2/9, Shimshon Tel Aviv: 13/2 → 6/1
2026-02-26T20:21:59.179Z [ODDS]  Shimshon Tel Aviv: 6/1 → 13/2
2026-02-26T20:22:11.352Z [ODDS]  Hapoel Nir Ramat Hasharon: 6/1 → 11/2, Draw: 2/9 → 1/4
2026-02-26T20:22:12.711Z [ODDS]  Hapoel Nir Ramat Hasharon: 11/2 → 6/1, Draw: 1/4 → 2/9
2026-02-26T20:22:17.671Z [ODDS]  Draw: 2/9 → 1/5
2026-02-26T20:22:28.943Z [ODDS]  Hapoel Nir Ramat Hasharon: 6/1 → 13/2
2026-02-26T20:22:46.985Z [ODDS]  Hapoel Nir Ramat Hasharon: 13/2 → 40/1, Draw: 1/5 → 7/1, Shimshon Tel Aviv: 13/2 → 1/12
2026-02-26T20:22:46.985Z [EVENT]  score: 3-2
2026-02-26T20:23:55.992Z [ODDS]  Draw: 7/1 → 8/1, Shimshon Tel Aviv: 1/12 → 1/14
2026-02-26T20:24:17.184Z [ODDS]  Hapoel Nir Ramat Hasharon: 40/1 → 50/1
2026-02-26T20:24:33.869Z [ODDS]  Draw: 8/1 → 9/1, Shimshon Tel Aviv: 1/14 → 1/16
2026-02-26T20:25:06.792Z [ODDS]  Hapoel Nir Ramat Hasharon: 50/1 → 40/1, Draw: 9/1 → 8/1, Shimshon Tel Aviv: 1/16 → 1/14
2026-02-26T20:25:25.715Z [ODDS]  Hapoel Nir Ramat Hasharon: 40/1 → 50/1
2026-02-26T20:25:42.402Z [ODDS]  Draw: 8/1 → 9/1, Shimshon Tel Aviv: 1/14 → 1/16
2026-02-26T20:26:24.820Z [ODDS]  Draw: 9/1 → 10/1, Shimshon Tel Aviv: 1/16 → 1/20
2026-02-26T20:26:54.117Z [ODDS]  Hapoel Nir Ramat Hasharon: 50/1 → 80/1, Draw: 10/1 → 50/1, Shimshon Tel Aviv: 1/20 → 1/500
2026-02-26T20:26:54.117Z [EVENT]  score: 4-2
