2026-02-26T19:47:30.662Z [ODDS]  Dibba Al Hisn: 10/3 → 7/2
2026-02-26T19:47:32.018Z [ODDS]  Draw: 2/5 → 4/11, Dibba Al Hisn: 7/2 → 15/4
2026-02-26T19:47:50.051Z [ODDS]  Dibba Al Hisn: 15/4 → 4/1
2026-02-26T19:48:06.288Z [ODDS]  Draw: 4/11 → 1/3
2026-02-26T19:48:22.073Z [ODDS]  Al Fujairah: 5/1 → 11/2
2026-02-26T19:48:49.583Z [ODDS]  Draw: 1/3 → 3/10, Dibba Al Hisn: 4/1 → 9/2
2026-02-26T19:49:27.918Z [ODDS]  Draw: 3/10 → 2/7
2026-02-26T19:49:45.515Z [ODDS]  Dibba Al Hisn: 9/2 → 5/1
2026-02-26T19:49:59.037Z [ODDS]  Al Fujairah: 11/2 → 6/1, Draw: 2/7 → 1/4
2026-02-26T19:50:49.112Z [ODDS]  Draw: 1/4 → 2/9, Dibba Al Hisn: 5/1 → 11/2
2026-02-26T19:50:56.766Z [ODDS]  Al Fujairah: 6/1 → 13/2
2026-02-26T19:51:38.262Z [ODDS]  Draw: 2/9 → 1/5, Dibba Al Hisn: 11/2 → 6/1
2026-02-26T19:51:58.553Z [ODDS]  Al Fujairah: 13/2 → 7/1
2026-02-26T19:52:08.028Z [ODDS]  Al Fujairah: 7/1 → 6/1, Draw: 1/5 → 2/9
2026-02-26T19:52:14.808Z [ODDS]  Draw: 2/9 → 1/5
2026-02-26T19:52:15.300Z [ODDS]  Al Fujairah: 6/1 → 7/1
2026-02-26T19:52:22.461Z [ODDS]  Draw: 1/5 → 1/6, Dibba Al Hisn: 6/1 → 13/2
2026-02-26T19:52:31.482Z [ODDS]  Al Fujairah: 7/1 → 15/2, Draw: 1/6 → 1/7, Dibba Al Hisn: 13/2 → 7/1
2026-02-26T19:52:31.932Z [ODDS]  Draw: 1/7 → 1/6, Dibba Al Hisn: 7/1 → 6/1
2026-02-26T19:52:48.620Z [ODDS]  Dibba Al Hisn: 6/1 → 13/2
2026-02-26T19:53:01.699Z [ODDS]  Draw: 1/6 → 1/7, Dibba Al Hisn: 13/2 → 15/2
2026-02-26T19:53:13.430Z [ODDS]  Al Fujairah: 15/2 → 8/1, Draw: 1/7 → 1/8
2026-02-26T19:53:50.413Z [ODDS]  Al Fujairah: 8/1 → 17/2, Draw: 1/8 → 1/12, Dibba Al Hisn: 15/2 → 17/2
2026-02-26T19:54:01.687Z [ODDS]  Al Fujairah: 17/2 → 9/1
2026-02-26T19:54:23.340Z [ODDS]  Draw: 1/12 → 1/14, Dibba Al Hisn: 17/2 → 9/1
2026-02-26T19:54:40.482Z [ODDS]  Al Fujairah: 9/1 → 8/1, Draw: 1/14 → 1/12
2026-02-26T19:55:01.215Z [ODDS]  Al Fujairah: 8/1 → 9/1, Dibba Al Hisn: 9/1 → 10/1
2026-02-26T19:55:12.043Z [ODDS]  Draw: 1/12 → 1/14
2026-02-26T19:55:12.492Z [ODDS]  Al Fujairah: 9/1 → 10/1, Draw: 1/14 → 1/20
2026-02-26T19:55:53.555Z [ODDS]  Al Fujairah: 10/1 → 11/1
2026-02-26T19:56:07.092Z [ODDS]  Al Fujairah: 11/1 → 12/1, Draw: 1/20 → 1/33, Dibba Al Hisn: 10/1 → 12/1
2026-02-26T19:56:12.056Z [ODDS]  Al Fujairah: 12/1 → 14/1, Dibba Al Hisn: 12/1 → 14/1
2026-02-26T19:56:17.469Z [ODDS]  Al Fujairah: 14/1 → 12/1, Draw: 1/33 → 1/20, Dibba Al Hisn: 14/1 → 12/1
2026-02-26T19:56:26.940Z [ODDS]  Al Fujairah: 12/1 → 14/1, Draw: 1/20 → 1/40, Dibba Al Hisn: 12/1 → 14/1
2026-02-26T19:56:36.863Z [ODDS]  Al Fujairah: 14/1 → 16/1, Dibba Al Hisn: 14/1 → 16/1
2026-02-26T19:56:41.825Z [ODDS]  Draw: 1/40 → 1/50
2026-02-26T19:56:49.944Z [ODDS]  Al Fujairah: 16/1 → 18/1, Dibba Al Hisn: 16/1 → 18/1
2026-02-26T19:56:58.061Z [ODDS]  Draw: 1/50 → 1/66
2026-02-26T19:57:17.010Z [ODDS]  Al Fujairah: 18/1 → 0/0, Draw: 1/66 → 1/100, Dibba Al Hisn: 18/1 → 0/0
2026-02-26T19:57:27.377Z [ODDS]  Draw: 1/100 → 1/200
2026-02-26T19:57:44.965Z [ODDS]  Draw: 1/200 → 1/500
2026-02-26T19:57:45.420Z [ODDS]  Draw: 1/500 → 0/0
