2026-02-26T23:32:32.129Z [ODDS]  Colchagua CD: 29/10 → 3/1
2026-02-26T23:33:13.167Z [ODDS]  Curico Unido: 3/4 → 4/5
2026-02-26T23:33:35.276Z [ODDS]  Draw: 12/5 → 5/2
2026-02-26T23:34:34.797Z [ODDS]  Curico Unido: 4/5 → 5/6
2026-02-26T23:34:36.159Z [ODDS]  Curico Unido: 5/6 → 9/4, Draw: 5/2 → 13/5, Colchagua CD: 3/1 → 21/20
2026-02-26T23:34:36.160Z [EVENT]  score: 1-0
2026-02-26T23:34:54.192Z [ODDS]  Curico Unido: 9/4 → 11/5, Draw: 13/5 → 11/4
2026-02-26T23:35:08.171Z [ODDS]  Curico Unido: 11/5 → 9/4, Colchagua CD: 21/20 → 1/1
2026-02-26T23:35:52.822Z [ODDS]  Curico Unido: 9/4 → 12/5
2026-02-26T23:36:26.194Z [ODDS]  Colchagua CD: 1/1 → 20/21
2026-02-26T23:36:55.963Z [ODDS]  Curico Unido: 12/5 → 5/2
2026-02-26T23:37:11.294Z [ODDS]  Colchagua CD: 20/21 → 10/11
2026-02-26T23:37:33.394Z [ODDS]  Curico Unido: 5/2 → 13/5
2026-02-26T23:38:10.827Z [ODDS]  Colchagua CD: 10/11 → 5/6
2026-02-26T23:38:26.531Z [ODDS]  Curico Unido: 13/5 → 11/4
2026-02-26T23:38:51.341Z [ODDS]  Curico Unido: 11/4 → 3/1, Draw: 11/4 → 3/1, Colchagua CD: 5/6 → 4/5
2026-02-26T23:39:39.142Z [ODDS]  Curico Unido: 3/1 → 11/4, Draw: 3/1 → 11/4, Colchagua CD: 4/5 → 5/6
2026-02-26T23:40:21.537Z [ODDS]  Colchagua CD: 5/6 → 4/5
2026-02-26T23:40:42.737Z [ODDS]  Curico Unido: 11/4 → 3/1
2026-02-26T23:40:51.303Z [ODDS]  Curico Unido: 3/1 → 11/4, Colchagua CD: 4/5 → 10/11
2026-02-26T23:41:26.481Z [ODDS]  Colchagua CD: 10/11 → 5/6
2026-02-26T23:42:35.935Z [ODDS]  Curico Unido: 11/4 → 3/1, Colchagua CD: 5/6 → 4/5
2026-02-26T23:42:41.798Z [ODDS]  Curico Unido: 3/1 → 11/4, Colchagua CD: 4/5 → 5/6
2026-02-26T23:44:07.941Z [ODDS]  Curico Unido: 11/4 → 13/5, Colchagua CD: 5/6 → 10/11
2026-02-26T23:45:09.724Z [ODDS]  Curico Unido: 13/5 → 11/4
2026-02-26T23:45:20.999Z [ODDS]  Curico Unido: 11/4 → 13/5
2026-02-26T23:45:28.665Z [ODDS]  Curico Unido: 13/5 → 11/4
2026-02-26T23:45:42.647Z [ODDS]  Colchagua CD: 10/11 → 5/6
2026-02-26T23:46:08.806Z [ODDS]  Curico Unido: 11/4 → 3/1, Colchagua CD: 5/6 → 4/5
2026-02-26T23:46:25.042Z [ODDS]  Colchagua CD: 4/5 → 5/6
2026-02-26T23:46:31.806Z [ODDS]  Colchagua CD: 5/6 → 4/5
2026-02-26T23:46:37.670Z [ODDS]  Curico Unido: 3/1 → 11/4, Colchagua CD: 4/5 → 5/6
2026-02-26T23:47:08.788Z [ODDS]  Curico Unido: 11/4 → 3/1
2026-02-26T23:47:21.418Z [ODDS]  Colchagua CD: 5/6 → 4/5
2026-02-26T23:47:25.476Z [ODDS]  Curico Unido: 3/1 → 11/4, Colchagua CD: 4/5 → 5/6
2026-02-26T23:47:31.338Z [ODDS]  Curico Unido: 11/4 → 3/1, Colchagua CD: 5/6 → 4/5
2026-02-26T23:48:39.445Z [ODDS]  Colchagua CD: 4/5 → 5/6
2026-02-26T23:50:27.685Z [ODDS]  Colchagua CD: 5/6 → 4/5
2026-02-26T23:52:23.608Z [ODDS]  Curico Unido: 3/1 → 10/3
2026-02-26T23:52:33.530Z [ODDS]  Curico Unido: 10/3 → 3/1, Colchagua CD: 4/5 → 5/6
2026-02-26T23:52:38.042Z [ODDS]  Curico Unido: 3/1 → 11/4, Draw: 11/4 → 13/5, Colchagua CD: 5/6 → 10/11
2026-02-26T23:53:35.317Z [ODDS]  Curico Unido: 11/4 → 3/1, Draw: 13/5 → 11/4, Colchagua CD: 10/11 → 5/6
2026-02-26T23:53:53.808Z [ODDS]  Curico Unido: 3/1 → 11/4, Draw: 11/4 → 13/5, Colchagua CD: 5/6 → 10/11
2026-02-26T23:54:15.906Z [ODDS]  Curico Unido: 11/4 → 13/5, Colchagua CD: 10/11 → 20/21
2026-02-26T23:54:21.318Z [ODDS]  Colchagua CD: 20/21 → 10/11
2026-02-26T23:54:38.007Z [ODDS]  Colchagua CD: 10/11 → 20/21
2026-02-26T23:54:46.574Z [ODDS]  Curico Unido: 13/5 → 11/4, Colchagua CD: 20/21 → 10/11
2026-02-26T23:55:14.538Z [ODDS]  Colchagua CD: 10/11 → 5/6
2026-02-26T23:55:33.932Z [ODDS]  Colchagua CD: 5/6 → 10/11
2026-02-26T23:56:41.677Z [ODDS]  Curico Unido: 11/4 → 3/1, Colchagua CD: 10/11 → 5/6
2026-02-26T23:56:53.866Z [ODDS]  Draw: 13/5 → 11/4, Colchagua CD: 5/6 → 4/5
2026-02-26T23:57:10.994Z [ODDS]  Draw: 11/4 → 13/5, Colchagua CD: 4/5 → 5/6
2026-02-26T23:57:14.600Z [ODDS]  Curico Unido: 3/1 → 11/4, Colchagua CD: 5/6 → 10/11
2026-02-26T23:57:47.072Z [ODDS]  Colchagua CD: 10/11 → 5/6
2026-02-26T23:58:23.605Z [ODDS]  Curico Unido: 11/4 → 3/1
2026-02-26T23:58:33.527Z [ODDS]  Curico Unido: 3/1 → 11/4, Colchagua CD: 5/6 → 10/11
2026-02-26T23:58:38.037Z [ODDS]  Curico Unido: 11/4 → 3/1, Colchagua CD: 10/11 → 5/6
2026-02-27T00:00:25.373Z [ODDS]  Colchagua CD: 5/6 → 4/5
2026-02-27T00:00:36.197Z [ODDS]  Curico Unido: 3/1 → 10/3
2026-02-27T00:00:52.884Z [ODDS]  Curico Unido: 10/3 → 3/1
2026-02-27T00:01:24.455Z [ODDS]  Curico Unido: 3/1 → 10/3, Draw: 13/5 → 11/4, Colchagua CD: 4/5 → 8/11
2026-02-27T00:02:36.616Z [ODDS]  Curico Unido: 10/3 → 15/4, Colchagua CD: 8/11 → 4/6
2026-02-27T00:03:29.836Z [ODDS]  Curico Unido: 15/4 → 7/2, Colchagua CD: 4/6 → 8/11
2026-02-27T00:03:41.111Z [ODDS]  Curico Unido: 7/2 → 10/3, Draw: 11/4 → 13/5, Colchagua CD: 8/11 → 4/5
2026-02-27T00:05:55.964Z [ODDS]  Curico Unido: 10/3 → 7/2, Colchagua CD: 4/5 → 8/11
2026-02-27T00:07:01.811Z [ODDS]  Curico Unido: 7/2 → 11/10, Draw: 13/5 → 21/10, Colchagua CD: 8/11 → 11/4
2026-02-27T00:07:01.811Z [EVENT]  score: 1-1
2026-02-27T00:07:36.536Z [ODDS]  Curico Unido: 11/10 → 6/5, Draw: 21/10 → 2/1, Colchagua CD: 11/4 → 5/2
2026-02-27T00:07:59.085Z [ODDS]  Curico Unido: 6/5 → 5/4, Colchagua CD: 5/2 → 12/5
