2026-02-27T00:09:23.881Z [ODDS]  Draw: 6/1 → 13/2, Estudiantes Rio Cuarto: 1/10 → 1/11
2026-02-27T00:09:32.902Z [ODDS]  Estudiantes Rio Cuarto: 1/11 → 1/12
2026-02-27T00:09:53.196Z [ODDS]  Draw: 13/2 → 6/1, Estudiantes Rio Cuarto: 1/12 → 1/10
2026-02-27T00:10:14.847Z [ODDS]  Huracan: 66/1 → 50/1, Draw: 6/1 → 5/1, Estudiantes Rio Cuarto: 1/10 → 1/7
2026-02-27T00:10:18.003Z [ODDS]  Huracan: 50/1 → 66/1, Draw: 5/1 → 6/1, Estudiantes Rio Cuarto: 1/7 → 1/10
2026-02-27T00:11:00.907Z [ODDS]  Draw: 6/1 → 11/2, Estudiantes Rio Cuarto: 1/10 → 1/9
2026-02-27T00:11:12.574Z [ODDS]  Draw: 11/2 → 6/1, Estudiantes Rio Cuarto: 1/9 → 1/10
2026-02-27T00:11:31.065Z [ODDS]  Huracan: 66/1 → 80/1, Draw: 6/1 → 13/2, Estudiantes Rio Cuarto: 1/10 → 1/12
2026-02-27T00:11:38.734Z [ODDS]  Estudiantes Rio Cuarto: 1/12 → 1/11
2026-02-27T00:12:08.949Z [ODDS]  Estudiantes Rio Cuarto: 1/11 → 1/12
2026-02-27T00:13:18.404Z [ODDS]  Draw: 13/2 → 7/1
2026-02-27T00:13:40.954Z [ODDS]  Huracan: 80/1 → 100/1
2026-02-27T00:13:49.974Z [ODDS]  Huracan: 100/1 → 66/1, Draw: 7/1 → 11/2, Estudiantes Rio Cuarto: 1/12 → 1/9
2026-02-27T00:13:55.386Z [ODDS]  Huracan: 66/1 → 100/1, Draw: 11/2 → 7/1, Estudiantes Rio Cuarto: 1/9 → 1/12
2026-02-27T00:14:12.074Z [ODDS]  Draw: 7/1 → 15/2, Estudiantes Rio Cuarto: 1/12 → 1/14
2026-02-27T00:14:31.920Z [ODDS]  Draw: 15/2 → 7/1, Estudiantes Rio Cuarto: 1/14 → 1/12
2026-02-27T00:14:42.744Z [ODDS]  Draw: 7/1 → 8/1, Estudiantes Rio Cuarto: 1/12 → 1/14
2026-02-27T00:14:47.704Z [ODDS]  Huracan: 100/1 → 125/1
2026-02-27T00:16:27.375Z [ODDS]  Draw: 8/1 → 9/1, Estudiantes Rio Cuarto: 1/14 → 1/16
2026-02-27T00:16:50.377Z [ODDS]  Huracan: 125/1 → 150/1
2026-02-27T00:17:49.458Z [ODDS]  Draw: 9/1 → 10/1, Estudiantes Rio Cuarto: 1/16 → 1/20
2026-02-27T00:18:18.777Z [ODDS]  Huracan: 150/1 → 200/1
2026-02-27T00:19:05.228Z [ODDS]  Huracan: 200/1 → 100/1, Draw: 10/1 → 7/1, Estudiantes Rio Cuarto: 1/20 → 1/12
2026-02-27T00:19:12.443Z [ODDS]  Huracan: 100/1 → 200/1, Draw: 7/1 → 12/1, Estudiantes Rio Cuarto: 1/12 → 1/25
2026-02-27T00:19:27.778Z [ODDS]  Huracan: 200/1 → 250/1
2026-02-27T00:20:00.250Z [ODDS]  Huracan: 250/1 → 300/1
2026-02-27T00:20:14.233Z [ODDS]  Huracan: 300/1 → 150/1, Draw: 12/1 → 10/1, Estudiantes Rio Cuarto: 1/25 → 1/20
2026-02-27T00:20:39.939Z [ODDS]  Huracan: 150/1 → 350/1, Draw: 10/1 → 12/1, Estudiantes Rio Cuarto: 1/20 → 1/28
2026-02-27T00:20:48.958Z [ODDS]  Draw: 12/1 → 14/1, Estudiantes Rio Cuarto: 1/28 → 1/33
2026-02-27T00:21:11.959Z [ODDS]  Huracan: 350/1 → 400/1
2026-02-27T00:21:29.144Z [ODDS]  Huracan: 400/1 → 450/1
2026-02-27T00:21:40.372Z [ODDS]  Draw: 14/1 → 16/1, Estudiantes Rio Cuarto: 1/33 → 1/40
2026-02-27T00:21:54.805Z [ODDS]  Huracan: 450/1 → 500/1
2026-02-27T00:22:07.432Z [ODDS]  Huracan: 500/1 → 150/1, Draw: 16/1 → 9/1, Estudiantes Rio Cuarto: 1/40 → 1/16
2026-02-27T00:22:16.904Z [ODDS]  Huracan: 150/1 → 500/1, Draw: 9/1 → 16/1, Estudiantes Rio Cuarto: 1/16 → 1/40
2026-02-27T00:22:22.316Z [ODDS]  Draw: 16/1 → 18/1, Estudiantes Rio Cuarto: 1/40 → 1/50
2026-02-27T00:23:07.868Z [ODDS]  Draw: 18/1 → 20/1, Estudiantes Rio Cuarto: 1/50 → 1/66
2026-02-27T00:23:37.245Z [ODDS]  Draw: 20/1 → 22/1, Estudiantes Rio Cuarto: 1/66 → 1/80
2026-02-27T00:24:01.993Z [EVENT]  score: 2-0
