2026-02-26T22:38:31.301Z [ODDS]  Mexico (Andrew): 4/6 → 8/13
2026-02-26T22:38:51.598Z [ODDS]  Sweden (fantazer): 3/1 → 10/3
2026-02-26T22:39:22.268Z [ODDS]  Mexico (Andrew): 8/13 → 4/7, Draw: 3/1 → 11/4, Sweden (fantazer): 10/3 → 7/2
2026-02-26T22:39:32.643Z [ODDS]  Sweden (fantazer): 7/2 → 15/4
2026-02-26T22:39:55.648Z [ODDS]  Sweden (fantazer): 15/4 → 4/1
2026-02-26T22:40:05.567Z [ODDS]  Mexico (Andrew): 4/7 → 8/15
2026-02-26T22:40:12.782Z [ODDS]  Sweden (fantazer): 4/1 → 9/2
2026-02-26T22:40:23.158Z [ODDS]  Mexico (Andrew): 8/15 → 1/2
2026-02-26T22:40:46.158Z [ODDS]  Sweden (fantazer): 9/2 → 5/1, Mexico (Andrew): 1/2 → 7/4, Draw: 11/4 → 7/4, Sweden (fantazer): 5/1 → 13/8
2026-02-26T22:40:46.158Z [EVENT]  score: 1-1
2026-02-26T22:40:46.158Z [ODDS]  Sweden (fantazer): 13/8 → 5/1, Sweden (fantazer): 5/1 → 13/8
2026-02-26T22:41:06.905Z [ODDS]  Draw: 7/4 → 8/5, Sweden (fantazer): 13/8 → 7/4
2026-02-26T22:41:14.122Z [ODDS]  Mexico (Andrew): 7/4 → 15/8, Draw: 8/5 → 6/4
2026-02-26T22:41:21.337Z [ODDS]  Mexico (Andrew): 15/8 → 6/1, Draw: 6/4 → 13/5, Sweden (fantazer): 7/4 → 4/9
2026-02-26T22:41:21.337Z [EVENT]  score: 2-1
2026-02-26T22:41:31.711Z [ODDS]  Mexico (Andrew): 6/1 → 13/2
2026-02-26T22:41:41.632Z [ODDS]  Sweden (fantazer): 4/9 → 2/5
2026-02-26T22:41:52.006Z [ODDS]  Mexico (Andrew): 13/2 → 7/1, Sweden (fantazer): 2/5 → 4/11
2026-02-26T22:42:02.381Z [ODDS]  Mexico (Andrew): 7/1 → 8/1, Draw: 13/5 → 11/4, Sweden (fantazer): 4/11 → 1/3
2026-02-26T22:42:12.300Z [ODDS]  Mexico (Andrew): 8/1 → 17/2
2026-02-26T22:42:22.673Z [ODDS]  Mexico (Andrew): 17/2 → 10/1, Draw: 11/4 → 3/1, Sweden (fantazer): 1/3 → 2/7
2026-02-26T22:42:33.047Z [ODDS]  Mexico (Andrew): 10/1 → 11/1, Sweden (fantazer): 2/7 → 1/4
2026-02-26T22:42:43.420Z [ODDS]  Mexico (Andrew): 11/1 → 14/1, Draw: 3/1 → 10/3, Sweden (fantazer): 1/4 → 1/5
2026-02-26T22:43:05.067Z [EVENT]  score: 3-1
2026-02-26T22:43:29.875Z [EVENT]  score: 3-2
