2026-02-27T01:42:36.965Z [ODDS]  Tottenham (FAITH): 17/10 → 12/5, Draw: 12/5 → 5/4, Aston Villa (REALIST): 6/5 → 7/4
2026-02-27T01:42:42.826Z [ODDS]  Draw: 5/4 → 6/5
2026-02-27T01:43:14.396Z [ODDS]  Tottenham (FAITH): 12/5 → 15/2, Draw: 6/5 → 3/1, Aston Villa (REALIST): 7/4 → 1/3
2026-02-27T01:43:14.396Z [EVENT]  score: 1-0
2026-02-27T01:43:18.455Z [ODDS]  Tottenham (FAITH): 15/2 → 11/5, Draw: 3/1 → 7/5, Aston Villa (REALIST): 1/3 → 8/5
2026-02-27T01:43:18.455Z [EVENT]  score: 1-1
2026-02-27T01:43:53.638Z [ODDS]  Tottenham (FAITH): 11/5 → 9/4, Tottenham (FAITH): 9/4 → 12/5, Draw: 7/5 → 5/4, Aston Villa (REALIST): 8/5 → 7/4
2026-02-27T01:43:53.638Z [ODDS]  Tottenham (FAITH): 12/5 → 9/4, Tottenham (FAITH): 9/4 → 12/5
2026-02-27T01:43:54.089Z [ODDS]  Draw: 5/4 → 6/5
2026-02-27T01:44:09.873Z [ODDS]  Tottenham (FAITH): 12/5 → 5/2, Draw: 6/5 → 11/10, Aston Villa (REALIST): 7/4 → 15/8
2026-02-27T01:44:18.893Z [ODDS]  Tottenham (FAITH): 5/2 → 13/5, Draw: 11/10 → 21/20
2026-02-27T01:44:27.463Z [ODDS]  Draw: 21/20 → 1/1, Aston Villa (REALIST): 15/8 → 2/1
2026-02-27T01:44:38.737Z [ODDS]  Tottenham (FAITH): 13/5 → 11/4, Draw: 1/1 → 20/21
2026-02-27T01:44:40.542Z [ODDS]  Aston Villa (REALIST): 2/1 → 21/10
2026-02-27T01:44:47.306Z [ODDS]  Draw: 20/21 → 10/11
2026-02-27T01:44:53.621Z [ODDS]  Draw: 10/11 → 5/6, Aston Villa (REALIST): 21/10 → 11/5
2026-02-27T01:45:02.190Z [ODDS]  Tottenham (FAITH): 11/4 → 3/1, Draw: 5/6 → 4/5, Aston Villa (REALIST): 11/5 → 9/4
2026-02-27T01:45:13.464Z [ODDS]  Draw: 4/5 → 8/11, Aston Villa (REALIST): 9/4 → 12/5
2026-02-27T01:45:18.878Z [ODDS]  Tottenham (FAITH): 3/1 → 10/3, Aston Villa (REALIST): 12/5 → 5/2
2026-02-27T01:45:20.681Z [ODDS]  Draw: 8/11 → 4/6
2026-02-27T01:45:24.288Z [ODDS]  Aston Villa (REALIST): 5/2 → 13/5
2026-02-27T01:45:40.075Z [ODDS]  Tottenham (FAITH): 10/3 → 15/4, Draw: 4/6 → 4/7, Aston Villa (REALIST): 13/5 → 11/4
2026-02-27T01:45:40.525Z [ODDS]  Tottenham (FAITH): 15/4 → 7/2, Draw: 4/7 → 8/13
2026-02-27T01:45:45.485Z [ODDS]  Tottenham (FAITH): 7/2 → 15/4, Draw: 8/13 → 4/7, Aston Villa (REALIST): 11/4 → 3/1
2026-02-27T01:45:53.604Z [ODDS]  Tottenham (FAITH): 15/4 → 4/1, Draw: 4/7 → 8/15
2026-02-27T01:46:00.369Z [ODDS]  Draw: 8/15 → 1/2, Aston Villa (REALIST): 3/1 → 10/3
2026-02-27T01:46:05.780Z [ODDS]  Draw: 1/2 → 4/9
2026-02-27T01:46:08.037Z [ODDS]  Tottenham (FAITH): 4/1 → 9/2, Aston Villa (REALIST): 10/3 → 7/2
2026-02-27T01:46:12.556Z [ODDS]  Draw: 4/9 → 2/5, Aston Villa (REALIST): 7/2 → 15/4
2026-02-27T01:46:16.615Z [ODDS]  Draw: 2/5 → 4/11
2026-02-27T01:46:23.832Z [ODDS]  Tottenham (FAITH): 9/2 → 5/1, Draw: 4/11 → 1/3, Aston Villa (REALIST): 15/4 → 4/1
