2026-02-26T22:08:14.778Z [ODDS]  Boca Juniors De Cali: 13/5 → 11/4
2026-02-26T22:08:19.310Z [ODDS]  Barranquilla FC: 5/6 → 4/5, Boca Juniors De Cali: 11/4 → 3/1
2026-02-26T22:08:26.962Z [ODDS]  Boca Juniors De Cali: 3/1 → 11/4
2026-02-26T22:08:44.542Z [ODDS]  Barranquilla FC: 4/5 → 5/6
2026-02-26T22:10:03.921Z [ODDS]  Barranquilla FC: 5/6 → 4/5, Boca Juniors De Cali: 11/4 → 3/1
2026-02-26T22:10:04.825Z [ODDS]  Boca Juniors De Cali: 3/1 → 11/4
2026-02-26T22:10:21.544Z [ODDS]  Barranquilla FC: 4/5 → 5/6
2026-02-26T22:10:53.986Z [ODDS]  Barranquilla FC: 5/6 → 4/5
2026-02-26T22:11:12.928Z [ODDS]  Barranquilla FC: 4/5 → 5/6
2026-02-26T22:12:45.835Z [ODDS]  Barranquilla FC: 5/6 → 4/5
2026-02-26T22:13:16.052Z [ODDS]  Barranquilla FC: 4/5 → 5/6
2026-02-26T22:13:28.228Z [ODDS]  Barranquilla FC: 5/6 → 4/5, Boca Juniors De Cali: 11/4 → 3/1
2026-02-26T22:13:34.995Z [ODDS]  Barranquilla FC: 4/5 → 5/6, Boca Juniors De Cali: 3/1 → 11/4
2026-02-26T22:13:58.900Z [ODDS]  Draw: 13/5 → 5/2
2026-02-26T22:15:53.453Z [ODDS]  Barranquilla FC: 5/6 → 4/5, Boca Juniors De Cali: 11/4 → 3/1
2026-02-26T22:16:31.336Z [ODDS]  Draw: 5/2 → 13/5
2026-02-26T22:17:16.004Z [ODDS]  Draw: 13/5 → 5/2
2026-02-26T22:18:37.169Z [ODDS]  Barranquilla FC: 4/5 → 8/11
2026-02-26T22:18:50.699Z [ODDS]  Boca Juniors De Cali: 3/1 → 10/3
2026-02-26T22:18:56.562Z [ODDS]  Boca Juniors De Cali: 10/3 → 3/1
2026-02-26T22:19:16.419Z [ODDS]  Boca Juniors De Cali: 3/1 → 10/3
2026-02-26T22:20:11.434Z [ODDS]  Barranquilla FC: 8/11 → 4/5, Boca Juniors De Cali: 10/3 → 3/1
2026-02-26T22:20:32.196Z [ODDS]  Barranquilla FC: 4/5 → 8/11, Boca Juniors De Cali: 3/1 → 10/3
2026-02-26T22:20:38.048Z [ODDS]  Draw: 5/2 → 13/5
2026-02-26T22:20:52.931Z [ODDS]  Barranquilla FC: 8/11 → 4/5, Draw: 13/5 → 5/2, Boca Juniors De Cali: 10/3 → 3/1
2026-02-26T22:21:09.625Z [ODDS]  Boca Juniors De Cali: 3/1 → 10/3
2026-02-26T22:21:39.450Z [ODDS]  Barranquilla FC: 4/5 → 8/11
2026-02-26T22:22:19.981Z [ODDS]  Barranquilla FC: 8/11 → 21/10, Draw: 5/2 → 21/10, Boca Juniors De Cali: 10/3 → 5/4
2026-02-26T22:23:14.549Z [ODDS]  Barranquilla FC: 21/10 → 8/11, Draw: 21/10 → 5/2, Boca Juniors De Cali: 5/4 → 10/3
2026-02-26T22:25:23.101Z [ODDS]  Boca Juniors De Cali: 10/3 → 7/2
2026-02-26T22:26:06.381Z [ODDS]  Boca Juniors De Cali: 7/2 → 10/3
2026-02-26T22:26:34.797Z [ODDS]  Boca Juniors De Cali: 10/3 → 7/2
2026-02-26T22:27:41.096Z [ODDS]  Draw: 5/2 → 12/5, Boca Juniors De Cali: 7/2 → 10/3
2026-02-26T22:28:30.704Z [ODDS]  Boca Juniors De Cali: 10/3 → 7/2
2026-02-26T22:29:11.295Z [ODDS]  Barranquilla FC: 8/11 → 2/11, Draw: 12/5 → 11/2, Boca Juniors De Cali: 7/2 → 17/2
2026-02-26T22:29:11.295Z [EVENT]  score: 0-2
2026-02-26T22:29:23.934Z [ODDS]  Barranquilla FC: 2/11 → 1/6, Boca Juniors De Cali: 17/2 → 9/1
2026-02-26T22:29:56.399Z [ODDS]  Barranquilla FC: 1/6 → 2/11, Boca Juniors De Cali: 9/1 → 17/2
2026-02-26T22:30:13.983Z [ODDS]  Barranquilla FC: 2/11 → 1/6, Boca Juniors De Cali: 17/2 → 9/1
2026-02-26T22:30:37.886Z [ODDS]  Draw: 11/2 → 6/1
2026-02-26T22:31:04.046Z [ODDS]  Draw: 6/1 → 11/2
2026-02-26T22:31:21.183Z [ODDS]  Draw: 11/2 → 6/1
2026-02-26T22:33:17.544Z [ODDS]  Barranquilla FC: 1/6 → 1/7
2026-02-26T22:33:38.743Z [ODDS]  Boca Juniors De Cali: 9/1 → 10/1
2026-02-26T22:34:21.765Z [ODDS]  Barranquilla FC: 1/7 → 1/6, Boca Juniors De Cali: 10/1 → 9/1
2026-02-26T22:34:33.946Z [ODDS]  Barranquilla FC: 1/6 → 1/7, Boca Juniors De Cali: 9/1 → 10/1
2026-02-26T22:34:41.157Z [ODDS]  Barranquilla FC: 1/7 → 1/6, Boca Juniors De Cali: 10/1 → 9/1
2026-02-26T22:34:57.844Z [ODDS]  Barranquilla FC: 1/6 → 1/7
2026-02-26T22:35:15.886Z [ODDS]  Barranquilla FC: 1/7 → 1/6
2026-02-26T22:35:22.207Z [ODDS]  Barranquilla FC: 1/6 → 1/7, Boca Juniors De Cali: 9/1 → 10/1
2026-02-26T22:40:09.175Z [ODDS]  Barranquilla FC: 1/7 → 1/8, Boca Juniors De Cali: 10/1 → 11/1
2026-02-26T22:40:31.275Z [ODDS]  Draw: 6/1 → 13/2
2026-02-26T22:40:44.803Z [ODDS]  Draw: 13/2 → 6/1
2026-02-26T22:41:01.493Z [ODDS]  Draw: 6/1 → 13/2
2026-02-26T22:42:35.753Z [ODDS]  Barranquilla FC: 1/8 → 1/7, Draw: 13/2 → 6/1, Boca Juniors De Cali: 11/1 → 10/1
2026-02-26T22:42:48.381Z [ODDS]  Barranquilla FC: 1/7 → 1/8, Draw: 6/1 → 13/2, Boca Juniors De Cali: 10/1 → 11/1
2026-02-26T22:43:30.325Z [ODDS]  Draw: 13/2 → 6/1
2026-02-26T22:43:37.992Z [ODDS]  Draw: 6/1 → 13/2
2026-02-26T22:43:54.229Z [ODDS]  Draw: 13/2 → 6/1
2026-02-26T22:44:13.170Z [ODDS]  Draw: 6/1 → 13/2
2026-02-26T22:47:27.100Z [ODDS]  Boca Juniors De Cali: 11/1 → 12/1
2026-02-26T22:48:28.887Z [ODDS]  Barranquilla FC: 1/8 → 1/9
2026-02-26T22:48:35.654Z [ODDS]  Barranquilla FC: 1/9 → 1/8, Boca Juniors De Cali: 12/1 → 11/1
2026-02-26T22:48:37.907Z [ODDS]  Barranquilla FC: 1/8 → 1/9, Boca Juniors De Cali: 11/1 → 12/1
2026-02-26T22:49:04.516Z [ODDS]  Barranquilla FC: 1/9 → 1/8, Boca Juniors De Cali: 12/1 → 11/1
2026-02-26T22:49:23.911Z [ODDS]  Barranquilla FC: 1/8 → 1/9, Boca Juniors De Cali: 11/1 → 12/1
2026-02-26T22:49:35.636Z [ODDS]  Barranquilla FC: 1/9 → 1/8
2026-02-26T22:53:46.849Z [ODDS]  Boca Juniors De Cali: 12/1 → 11/1
2026-02-26T23:06:52.042Z [ODDS]  Boca Juniors De Cali: 11/1 → 12/1
2026-02-26T23:07:11.437Z [ODDS]  Barranquilla FC: 1/8 → 1/9
2026-02-26T23:08:48.751Z [ODDS]  Barranquilla FC: 1/9 → 1/10, Draw: 13/2 → 7/1, Boca Juniors De Cali: 12/1 → 14/1
2026-02-26T23:08:54.612Z [ODDS]  Barranquilla FC: 1/10 → 1/9, Draw: 7/1 → 13/2, Boca Juniors De Cali: 14/1 → 12/1
2026-02-26T23:09:31.143Z [ODDS]  Draw: 13/2 → 7/1
2026-02-26T23:10:26.617Z [ODDS]  Barranquilla FC: 1/9 → 1/10
2026-02-26T23:10:31.585Z [ODDS]  Boca Juniors De Cali: 12/1 → 14/1
2026-02-26T23:10:36.538Z [ODDS]  Barranquilla FC: 1/10 → 1/9, Draw: 7/1 → 13/2, Boca Juniors De Cali: 14/1 → 12/1
2026-02-26T23:10:58.192Z [ODDS]  Barranquilla FC: 1/9 → 1/10, Draw: 13/2 → 7/1, Boca Juniors De Cali: 12/1 → 14/1
2026-02-26T23:11:04.507Z [ODDS]  Barranquilla FC: 1/10 → 1/9, Boca Juniors De Cali: 14/1 → 12/1
2026-02-26T23:11:15.331Z [ODDS]  Draw: 7/1 → 13/2
2026-02-26T23:11:24.351Z [ODDS]  Barranquilla FC: 1/9 → 1/10, Draw: 13/2 → 7/1
2026-02-26T23:11:26.605Z [ODDS]  Boca Juniors De Cali: 12/1 → 14/1
2026-02-26T23:14:04.458Z [ODDS]  Barranquilla FC: 1/10 → 1/11
2026-02-26T23:14:15.736Z [ODDS]  Draw: 7/1 → 15/2
2026-02-26T23:14:50.008Z [ODDS]  Draw: 15/2 → 7/1
2026-02-26T23:15:50.443Z [ODDS]  Draw: 7/1 → 15/2
2026-02-26T23:16:17.502Z [ODDS]  Barranquilla FC: 1/11 → 1/12, Boca Juniors De Cali: 14/1 → 16/1
2026-02-26T23:18:58.059Z [ODDS]  Barranquilla FC: 1/12 → 1/14, Draw: 15/2 → 8/1
2026-02-26T23:19:14.294Z [ODDS]  Boca Juniors De Cali: 16/1 → 18/1
2026-02-26T23:19:19.256Z [ODDS]  Boca Juniors De Cali: 18/1 → 16/1
2026-02-26T23:19:35.041Z [ODDS]  Boca Juniors De Cali: 16/1 → 18/1
2026-02-26T23:21:29.600Z [ODDS]  Barranquilla FC: 1/14 → 4/9, Draw: 8/1 → 5/2, Boca Juniors De Cali: 18/1 → 13/2
2026-02-26T23:21:29.600Z [EVENT]  score: 1-2
2026-02-26T23:21:35.476Z [ODDS]  Barranquilla FC: 4/9 → 1/16, Draw: 5/2 → 9/1, Boca Juniors De Cali: 13/2 → 20/1
2026-02-26T23:21:35.477Z [EVENT]  score: 0-2
2026-02-26T23:22:17.854Z [ODDS]  Draw: 9/1 → 17/2
2026-02-26T23:22:26.876Z [ODDS]  Draw: 17/2 → 9/1
2026-02-26T23:24:19.177Z [ODDS]  Barranquilla FC: 1/16 → 1/18, Boca Juniors De Cali: 20/1 → 22/1
2026-02-26T23:24:21.882Z [ODDS]  Barranquilla FC: 1/18 → 1/16, Boca Juniors De Cali: 22/1 → 20/1
2026-02-26T23:25:17.808Z [ODDS]  Barranquilla FC: 1/16 → 1/18, Boca Juniors De Cali: 20/1 → 22/1
2026-02-26T23:25:53.437Z [ODDS]  Barranquilla FC: 1/18 → 1/20, Draw: 9/1 → 10/1
2026-02-26T23:27:27.699Z [ODDS]  Barranquilla FC: 1/20 → 1/16, Draw: 10/1 → 9/1
2026-02-26T23:27:50.246Z [ODDS]  Barranquilla FC: 1/16 → 1/18
2026-02-26T23:28:09.639Z [ODDS]  Barranquilla FC: 1/18 → 1/20, Draw: 9/1 → 10/1
2026-02-26T23:28:43.013Z [ODDS]  Barranquilla FC: 1/20 → 1/25, Draw: 10/1 → 12/1, Boca Juniors De Cali: 22/1 → 25/1
2026-02-26T23:28:50.680Z [ODDS]  Barranquilla FC: 1/25 → 1/20, Draw: 12/1 → 10/1
2026-02-26T23:29:08.723Z [ODDS]  Barranquilla FC: 1/20 → 1/22
2026-02-26T23:30:02.841Z [ODDS]  Barranquilla FC: 1/22 → 1/25, Draw: 10/1 → 12/1
2026-02-26T23:31:01.021Z [ODDS]  Barranquilla FC: 1/25 → 1/28, Boca Juniors De Cali: 25/1 → 28/1
2026-02-26T23:31:01.924Z [ODDS]  Boca Juniors De Cali: 28/1 → 25/1
2026-02-26T23:31:06.434Z [ODDS]  Barranquilla FC: 1/28 → 1/25
2026-02-26T23:31:18.164Z [ODDS]  Barranquilla FC: 1/25 → 1/28
2026-02-26T23:31:29.434Z [ODDS]  Barranquilla FC: 1/28 → 1/25
2026-02-26T23:32:15.887Z [ODDS]  Barranquilla FC: 1/25 → 1/28
2026-02-26T23:32:17.243Z [ODDS]  Boca Juniors De Cali: 25/1 → 28/1
2026-02-26T23:32:23.564Z [ODDS]  Boca Juniors De Cali: 28/1 → 25/1
2026-02-26T23:32:37.086Z [ODDS]  Boca Juniors De Cali: 25/1 → 28/1
2026-02-26T23:33:00.537Z [ODDS]  Barranquilla FC: 1/28 → 1/25, Boca Juniors De Cali: 28/1 → 25/1
2026-02-26T23:33:23.088Z [ODDS]  Barranquilla FC: 1/25 → 1/28
2026-02-26T23:33:38.871Z [ODDS]  Boca Juniors De Cali: 25/1 → 28/1
2026-02-26T23:34:06.835Z [ODDS]  Barranquilla FC: 1/28 → 1/33, Draw: 12/1 → 14/1
2026-02-26T23:36:13.120Z [ODDS]  Barranquilla FC: 1/33 → 1/40, Draw: 14/1 → 16/1
2026-02-26T23:37:01.823Z [ODDS]  Barranquilla FC: 1/40 → 1/33, Draw: 16/1 → 14/1
2026-02-26T23:37:50.080Z [ODDS]  Barranquilla FC: 1/33 → 1/40, Draw: 14/1 → 16/1
2026-02-26T23:38:08.573Z [ODDS]  Boca Juniors De Cali: 28/1 → 33/1
2026-02-26T23:38:28.788Z [ODDS]  Barranquilla FC: 1/40 → 1/50, Draw: 16/1 → 18/1
2026-02-26T23:41:03.931Z [ODDS]  Barranquilla FC: 1/50 → 1/66, Draw: 18/1 → 20/1
2026-02-26T23:42:51.720Z [ODDS]  Boca Juniors De Cali: 33/1 → 40/1
2026-02-26T23:43:01.642Z [ODDS]  Barranquilla FC: 1/66 → 1/80, Draw: 20/1 → 22/1
2026-02-26T23:43:50.352Z [ODDS]  Barranquilla FC: 1/80 → 1/100, Draw: 22/1 → 25/1
2026-02-26T23:44:44.471Z [ODDS]  Barranquilla FC: 1/100 → 1/80, Draw: 25/1 → 22/1
2026-02-26T23:44:58.902Z [ODDS]  Barranquilla FC: 1/80 → 1/100, Draw: 22/1 → 25/1
2026-02-26T23:45:34.981Z [ODDS]  Barranquilla FC: 1/100 → 1/80, Draw: 25/1 → 22/1
2026-02-26T23:45:39.942Z [ODDS]  Barranquilla FC: 1/80 → 1/100, Draw: 22/1 → 25/1
2026-02-26T23:46:25.943Z [ODDS]  Barranquilla FC: 1/100 → 1/125
2026-02-26T23:47:19.617Z [ODDS]  Barranquilla FC: 1/125 → 1/150, Draw: 25/1 → 28/1
2026-02-26T23:48:06.524Z [ODDS]  Barranquilla FC: 1/150 → 1/125, Draw: 28/1 → 25/1, Boca Juniors De Cali: 40/1 → 50/1
2026-02-26T23:48:38.994Z [ODDS]  Barranquilla FC: 1/125 → 1/150, Draw: 25/1 → 28/1, Boca Juniors De Cali: 50/1 → 66/1
2026-02-26T23:48:48.465Z [ODDS]  Barranquilla FC: 1/150 → 1/200, Draw: 28/1 → 33/1
2026-02-26T23:49:18.232Z [ODDS]  Boca Juniors De Cali: 66/1 → 80/1
2026-02-26T23:49:51.606Z [ODDS]  Barranquilla FC: 1/200 → 1/250, Draw: 33/1 → 40/1
2026-02-26T23:51:38.960Z [ODDS]  Barranquilla FC: 1/250 → 1/500, Draw: 40/1 → 50/1
