2026-02-26T19:47:55.016Z [ODDS]  Corinthians U20: 16/1 → 18/1, Bahia U20: 2/11 → 1/6
2026-02-26T19:48:10.351Z [ODDS]  Bahia U20: 1/6 → 2/11
2026-02-26T19:48:50.036Z [ODDS]  Bahia U20: 2/11 → 1/6
2026-02-26T19:49:04.926Z [ODDS]  Corinthians U20: 18/1 → 20/1
2026-02-26T19:50:27.449Z [ODDS]  Corinthians U20: 20/1 → 22/1
2026-02-26T19:51:28.336Z [ODDS]  Draw: 4/1 → 9/2, Bahia U20: 1/6 → 1/7
2026-02-26T19:51:33.300Z [ODDS]  Corinthians U20: 22/1 → 25/1
2026-02-26T19:52:46.365Z [ODDS]  Corinthians U20: 25/1 → 28/1, Draw: 9/2 → 5/1, Bahia U20: 1/7 → 1/8
2026-02-26T19:53:21.103Z [ODDS]  Corinthians U20: 28/1 → 9/2, Draw: 5/1 → 2/5, Bahia U20: 1/8 → 9/2
2026-02-26T19:53:21.103Z [EVENT]  score: 2-2
2026-02-26T19:53:43.658Z [ODDS]  Draw: 2/5 → 4/11
2026-02-26T19:54:02.590Z [ODDS]  Corinthians U20: 9/2 → 5/1, Draw: 4/11 → 1/3
2026-02-26T19:54:16.566Z [ODDS]  Draw: 1/3 → 4/11
2026-02-26T19:54:20.174Z [ODDS]  Draw: 4/11 → 1/3
2026-02-26T19:54:36.863Z [ODDS]  Bahia U20: 9/2 → 5/1
2026-02-26T19:54:47.234Z [ODDS]  Draw: 1/3 → 3/10
2026-02-26T19:55:05.725Z [ODDS]  Corinthians U20: 5/1 → 11/2
2026-02-26T19:55:20.160Z [ODDS]  Corinthians U20: 11/2 → 6/1, Draw: 3/10 → 2/7
2026-02-26T19:55:36.392Z [ODDS]  Draw: 2/7 → 1/4, Bahia U20: 5/1 → 11/2
2026-02-26T19:55:55.359Z [ODDS]  Corinthians U20: 6/1 → 13/2
2026-02-26T19:56:17.018Z [ODDS]  Draw: 1/4 → 2/9, Bahia U20: 11/2 → 6/1
2026-02-26T19:56:36.412Z [ODDS]  Corinthians U20: 13/2 → 7/1, Draw: 2/9 → 1/5, Bahia U20: 6/1 → 13/2
2026-02-26T19:56:42.276Z [ODDS]  Draw: 1/5 → 2/11
2026-02-26T19:56:51.297Z [ODDS]  Draw: 2/11 → 1/6
2026-02-26T19:56:56.709Z [ODDS]  Corinthians U20: 7/1 → 15/2
2026-02-26T19:56:59.415Z [ODDS]  Bahia U20: 13/2 → 7/1
2026-02-26T19:57:09.338Z [ODDS]  Draw: 1/6 → 1/7
2026-02-26T19:57:23.770Z [ODDS]  Corinthians U20: 15/2 → 8/1, Bahia U20: 7/1 → 15/2
2026-02-26T19:57:29.637Z [ODDS]  Draw: 1/7 → 1/8
2026-02-26T19:57:41.809Z [ODDS]  Corinthians U20: 8/1 → 17/2, Draw: 1/8 → 1/9, Bahia U20: 15/2 → 8/1
2026-02-26T19:57:49.476Z [ODDS]  Corinthians U20: 17/2 → 15/2, Draw: 1/9 → 1/8
2026-02-26T19:57:51.282Z [ODDS]  Corinthians U20: 15/2 → 17/2, Draw: 1/8 → 1/10
2026-02-26T19:57:54.445Z [ODDS]  Corinthians U20: 17/2 → 9/1
2026-02-26T19:57:58.044Z [ODDS]  Bahia U20: 8/1 → 17/2
2026-02-26T19:57:59.397Z [ODDS]  Draw: 1/10 → 1/11
2026-02-26T19:58:15.183Z [ODDS]  Corinthians U20: 9/1 → 10/1, Draw: 1/11 → 1/14, Bahia U20: 17/2 → 9/1
2026-02-26T19:58:28.735Z [ODDS]  Draw: 1/14 → 1/16
2026-02-26T19:58:35.937Z [ODDS]  Bahia U20: 9/1 → 10/1
2026-02-26T19:58:36.383Z [ODDS]  Corinthians U20: 10/1 → 8/1, Draw: 1/16 → 1/12
2026-02-26T19:58:57.143Z [ODDS]  Corinthians U20: 8/1 → 9/1, Draw: 1/12 → 1/16, Bahia U20: 10/1 → 11/1
2026-02-26T19:59:17.878Z [ODDS]  Draw: 1/16 → 1/18, Bahia U20: 11/1 → 12/1
