2026-02-27T01:08:27.800Z [ODDS]  Inter FA: 11/8 → 13/10
2026-02-27T01:08:29.603Z [ODDS]  AD Isidro Metapan: 21/10 → 11/5, Inter FA: 13/10 → 5/4
2026-02-27T01:09:01.173Z [ODDS]  AD Isidro Metapan: 11/5 → 21/10, Inter FA: 5/4 → 13/10
2026-02-27T01:09:25.983Z [ODDS]  AD Isidro Metapan: 21/10 → 11/5, Inter FA: 13/10 → 5/4
2026-02-27T01:09:54.846Z [ODDS]  AD Isidro Metapan: 11/5 → 9/4
2026-02-27T01:10:04.317Z [ODDS]  AD Isidro Metapan: 9/4 → 11/5
2026-02-27T01:10:18.297Z [ODDS]  AD Isidro Metapan: 11/5 → 9/4
2026-02-27T01:10:45.810Z [ODDS]  AD Isidro Metapan: 9/4 → 11/5
2026-02-27T01:10:59.790Z [ODDS]  AD Isidro Metapan: 11/5 → 9/4
2026-02-27T01:11:10.162Z [ODDS]  AD Isidro Metapan: 9/4 → 11/5
2026-02-27T01:11:10.615Z [ODDS]  AD Isidro Metapan: 11/5 → 12/5, Draw: 2/1 → 15/8
2026-02-27T01:11:34.069Z [ODDS]  AD Isidro Metapan: 12/5 → 9/4, Draw: 15/8 → 2/1
2026-02-27T01:12:42.621Z [ODDS]  AD Isidro Metapan: 9/4 → 12/5, Draw: 2/1 → 15/8
2026-02-27T01:12:50.739Z [ODDS]  Inter FA: 5/4 → 6/5
2026-02-27T01:12:52.995Z [ODDS]  Inter FA: 6/5 → 5/4
2026-02-27T01:13:56.586Z [ODDS]  AD Isidro Metapan: 12/5 → 9/4, Inter FA: 5/4 → 13/10
2026-02-27T01:17:16.831Z [ODDS]  AD Isidro Metapan: 9/4 → 11/10, Inter FA: 13/10 → 13/5
2026-02-27T01:17:32.166Z [ODDS]  AD Isidro Metapan: 11/10 → 5/6, Draw: 15/8 → 21/10, Inter FA: 13/5 → 7/2
2026-02-27T01:17:39.382Z [ODDS]  Draw: 21/10 → 2/1, Inter FA: 7/2 → 15/4
2026-02-27T01:18:03.737Z [ODDS]  AD Isidro Metapan: 5/6 → 4/5, Inter FA: 15/4 → 4/1
2026-02-27T01:18:04.638Z [ODDS]  AD Isidro Metapan: 4/5 → 8/11, Inter FA: 4/1 → 9/2
2026-02-27T01:18:05.542Z [ODDS]  AD Isidro Metapan: 8/11 → 4/5, Inter FA: 9/2 → 4/1
2026-02-27T01:18:18.168Z [ODDS]  AD Isidro Metapan: 4/5 → 5/6, Inter FA: 4/1 → 15/4
2026-02-27T01:18:59.209Z [ODDS]  AD Isidro Metapan: 5/6 → 4/5, Inter FA: 15/4 → 4/1
2026-02-27T01:19:06.876Z [ODDS]  AD Isidro Metapan: 4/5 → 5/6
2026-02-27T01:19:14.092Z [ODDS]  Inter FA: 4/1 → 15/4
2026-02-27T01:19:35.290Z [ODDS]  Draw: 2/1 → 15/8, Inter FA: 15/4 → 4/1
2026-02-27T01:19:50.173Z [ODDS]  AD Isidro Metapan: 5/6 → 4/5, Draw: 15/8 → 2/1
2026-02-27T01:19:57.389Z [ODDS]  Draw: 2/1 → 15/8
2026-02-27T01:20:08.663Z [ODDS]  AD Isidro Metapan: 4/5 → 5/6, Inter FA: 4/1 → 15/4
2026-02-27T01:20:21.291Z [ODDS]  Inter FA: 15/4 → 4/1
2026-02-27T01:21:36.612Z [ODDS]  AD Isidro Metapan: 5/6 → 10/11
2026-02-27T01:21:53.746Z [ODDS]  AD Isidro Metapan: 10/11 → 5/6, Draw: 15/8 → 7/4
2026-02-27T01:21:57.806Z [ODDS]  AD Isidro Metapan: 5/6 → 10/11
2026-02-27T01:22:00.511Z [ODDS]  AD Isidro Metapan: 10/11 → 5/6, Inter FA: 4/1 → 9/2
2026-02-27T01:23:50.556Z [ODDS]  Inter FA: 9/2 → 4/1
2026-02-27T01:24:36.107Z [ODDS]  AD Isidro Metapan: 5/6 → 10/11
2026-02-27T01:26:24.800Z [ODDS]  AD Isidro Metapan: 10/11 → 5/6
2026-02-27T01:26:32.470Z [ODDS]  Inter FA: 4/1 → 9/2
2026-02-27T01:26:43.295Z [ODDS]  AD Isidro Metapan: 5/6 → 10/11, Inter FA: 9/2 → 4/1
2026-02-27T01:27:10.352Z [ODDS]  AD Isidro Metapan: 10/11 → 20/21
2026-02-27T01:27:59.068Z [ODDS]  Draw: 7/4 → 13/8
2026-02-27T01:28:44.615Z [ODDS]  Draw: 13/8 → 7/4
2026-02-27T01:28:49.576Z [ODDS]  AD Isidro Metapan: 20/21 → 1/6, Draw: 7/4 → 5/1, Inter FA: 4/1 → 11/1
2026-02-27T01:28:49.577Z [EVENT]  score: 0-1
2026-02-27T01:29:44.601Z [ODDS]  AD Isidro Metapan: 1/6 → 1/4, Draw: 5/1 → 4/1, Inter FA: 11/1 → 17/2
2026-02-27T01:30:59.466Z [ODDS]  Inter FA: 17/2 → 9/1
2026-02-27T01:31:32.389Z [ODDS]  AD Isidro Metapan: 1/4 → 2/9
2026-02-27T01:31:59.449Z [ODDS]  AD Isidro Metapan: 2/9 → 1/4
2026-02-27T01:32:27.411Z [ODDS]  AD Isidro Metapan: 1/4 → 2/9
2026-02-27T01:32:28.766Z [ODDS]  AD Isidro Metapan: 2/9 → 1/4
2026-02-27T01:32:50.412Z [ODDS]  AD Isidro Metapan: 1/4 → 2/9
2026-02-27T01:32:54.471Z [ODDS]  AD Isidro Metapan: 2/9 → 1/4
2026-02-27T01:32:59.433Z [ODDS]  AD Isidro Metapan: 1/4 → 2/9
2026-02-27T01:34:11.592Z [ODDS]  Inter FA: 9/1 → 10/1
2026-02-27T01:34:14.750Z [ODDS]  Inter FA: 10/1 → 9/1
2026-02-27T01:34:15.653Z [ODDS]  AD Isidro Metapan: 2/9 → 1/4
2026-02-27T01:35:34.129Z [ODDS]  AD Isidro Metapan: 1/4 → 2/9
2026-02-27T01:35:53.975Z [ODDS]  AD Isidro Metapan: 2/9 → 1/4
2026-02-27T01:36:12.916Z [ODDS]  AD Isidro Metapan: 1/4 → 2/9
2026-02-27T01:37:02.979Z [ODDS]  AD Isidro Metapan: 2/9 → 1/4
2026-02-27T01:37:44.019Z [ODDS]  AD Isidro Metapan: 1/4 → 2/9
2026-02-27T01:37:52.588Z [ODDS]  Inter FA: 9/1 → 10/1
2026-02-27T01:37:54.844Z [ODDS]  Inter FA: 10/1 → 9/1
2026-02-27T01:38:43.784Z [ODDS]  Inter FA: 9/1 → 10/1
2026-02-27T01:39:55.498Z [ODDS]  AD Isidro Metapan: 2/9 → 1/5, Draw: 4/1 → 9/2
2026-02-27T01:39:59.107Z [ODDS]  AD Isidro Metapan: 1/5 → 2/9, Draw: 9/2 → 4/1
2026-02-27T01:42:52.297Z [ODDS]  AD Isidro Metapan: 2/9 → 11/8, Draw: 4/1 → 7/5, Inter FA: 10/1 → 3/1
2026-02-27T01:42:52.297Z [EVENT]  score: 1-1
2026-02-27T01:43:13.495Z [ODDS]  AD Isidro Metapan: 11/8 → 7/5, Draw: 7/5 → 11/8
2026-02-27T01:43:41.457Z [ODDS]  AD Isidro Metapan: 7/5 → 11/8, Draw: 11/8 → 6/4
2026-02-27T01:43:44.615Z [ODDS]  Draw: 6/4 → 7/5
2026-02-27T01:43:57.701Z [ODDS]  AD Isidro Metapan: 11/8 → 5/4, Draw: 7/5 → 6/4
2026-02-27T01:44:02.657Z [ODDS]  AD Isidro Metapan: 5/4 → 6/5, Inter FA: 3/1 → 10/3
2026-02-27T01:45:26.544Z [ODDS]  Draw: 6/4 → 7/5
2026-02-27T02:01:44.947Z [ODDS]  Draw: 7/5 → 6/4
2026-02-27T02:01:46.298Z [ODDS]  AD Isidro Metapan: 6/5 → 5/4, Draw: 6/4 → 7/5
2026-02-27T02:03:25.971Z [ODDS]  Draw: 7/5 → 11/8
2026-02-27T02:03:26.873Z [ODDS]  AD Isidro Metapan: 5/4 → 13/10, Draw: 11/8 → 7/5
2026-02-27T02:03:32.735Z [ODDS]  AD Isidro Metapan: 13/10 → 5/4, Draw: 7/5 → 11/8
2026-02-27T02:04:36.326Z [ODDS]  Inter FA: 10/3 → 7/2
2026-02-27T02:04:57.974Z [ODDS]  AD Isidro Metapan: 5/4 → 13/10
2026-02-27T02:05:25.036Z [ODDS]  Draw: 11/8 → 13/10
2026-02-27T02:06:40.805Z [ODDS]  AD Isidro Metapan: 13/10 → 5/4
2026-02-27T02:07:02.454Z [ODDS]  AD Isidro Metapan: 5/4 → 13/10
2026-02-27T02:07:35.377Z [ODDS]  Draw: 13/10 → 5/4
2026-02-27T02:07:57.024Z [ODDS]  AD Isidro Metapan: 13/10 → 11/8
2026-02-27T02:09:36.148Z [ODDS]  Draw: 5/4 → 6/5
2026-02-27T02:10:15.839Z [ODDS]  AD Isidro Metapan: 11/8 → 7/5
2026-02-27T02:10:59.585Z [ODDS]  AD Isidro Metapan: 7/5 → 11/8, Inter FA: 7/2 → 15/4
2026-02-27T02:11:38.372Z [ODDS]  AD Isidro Metapan: 11/8 → 7/5
2026-02-27T02:12:22.122Z [ODDS]  Draw: 6/5 → 11/10
2026-02-27T02:12:53.689Z [ODDS]  AD Isidro Metapan: 7/5 → 6/4
2026-02-27T02:13:53.672Z [ODDS]  Inter FA: 15/4 → 7/2
2026-02-27T02:13:55.932Z [ODDS]  AD Isidro Metapan: 6/4 → 8/5, Draw: 11/10 → 6/5, Inter FA: 7/2 → 3/1
2026-02-27T02:14:20.733Z [ODDS]  Draw: 6/5 → 11/10
2026-02-27T02:14:42.835Z [ODDS]  Inter FA: 3/1 → 10/3
2026-02-27T02:15:01.327Z [ODDS]  AD Isidro Metapan: 8/5 → 13/8
2026-02-27T02:15:06.288Z [ODDS]  AD Isidro Metapan: 13/8 → 6/4, Draw: 11/10 → 21/20, Inter FA: 10/3 → 15/4
2026-02-27T02:16:35.135Z [ODDS]  AD Isidro Metapan: 6/4 → 8/5
2026-02-27T02:16:57.234Z [ODDS]  Draw: 21/20 → 1/1
2026-02-27T02:17:24.745Z [ODDS]  Inter FA: 15/4 → 4/1
2026-02-27T02:18:04.883Z [ODDS]  AD Isidro Metapan: 8/5 → 13/8, Draw: 1/1 → 20/21
2026-02-27T02:18:35.551Z [ODDS]  AD Isidro Metapan: 13/8 → 8/5, Draw: 20/21 → 1/1
2026-02-27T02:18:55.397Z [ODDS]  Draw: 1/1 → 20/21
2026-02-27T02:19:02.614Z [ODDS]  AD Isidro Metapan: 8/5 → 13/8
2026-02-27T02:19:15.693Z [ODDS]  AD Isidro Metapan: 13/8 → 6/4, Inter FA: 4/1 → 9/2
2026-02-27T02:19:58.088Z [ODDS]  AD Isidro Metapan: 6/4 → 8/5, Inter FA: 9/2 → 4/1
2026-02-27T02:19:58.540Z [ODDS]  AD Isidro Metapan: 8/5 → 6/4, Inter FA: 4/1 → 9/2
2026-02-27T02:20:10.717Z [ODDS]  AD Isidro Metapan: 6/4 → 8/5
2026-02-27T02:20:31.914Z [ODDS]  Draw: 20/21 → 10/11
2026-02-27T02:21:49.940Z [ODDS]  AD Isidro Metapan: 8/5 → 13/8
2026-02-27T02:22:03.020Z [ODDS]  AD Isidro Metapan: 13/8 → 8/5
2026-02-27T02:22:55.337Z [ODDS]  AD Isidro Metapan: 8/5 → 7/4
2026-02-27T02:23:16.984Z [ODDS]  AD Isidro Metapan: 7/4 → 13/8, Draw: 10/11 → 5/6
2026-02-27T02:23:24.653Z [ODDS]  AD Isidro Metapan: 13/8 → 7/4
2026-02-27T02:24:19.222Z [ODDS]  Draw: 5/6 → 4/5, Inter FA: 9/2 → 5/1
2026-02-27T02:26:10.173Z [ODDS]  AD Isidro Metapan: 7/4 → 15/8
2026-02-27T02:26:24.605Z [ODDS]  Draw: 4/5 → 8/11
2026-02-27T02:27:11.961Z [ODDS]  AD Isidro Metapan: 15/8 → 7/4
2026-02-27T02:27:12.863Z [ODDS]  AD Isidro Metapan: 7/4 → 15/8
2026-02-27T02:28:12.846Z [ODDS]  AD Isidro Metapan: 15/8 → 2/1
2026-02-27T02:28:31.791Z [ODDS]  Draw: 8/11 → 4/6
2026-02-27T02:29:50.265Z [ODDS]  AD Isidro Metapan: 2/1 → 21/10
2026-02-27T02:30:12.374Z [ODDS]  Inter FA: 5/1 → 11/2
2026-02-27T02:30:36.728Z [ODDS]  Draw: 4/6 → 8/13
2026-02-27T02:31:01.981Z [ODDS]  AD Isidro Metapan: 21/10 → 11/5
2026-02-27T02:31:55.652Z [ODDS]  AD Isidro Metapan: 11/5 → 9/4, Draw: 8/13 → 4/7
2026-02-27T02:32:31.280Z [ODDS]  AD Isidro Metapan: 9/4 → 11/5, Draw: 4/7 → 8/13
2026-02-27T02:32:40.752Z [ODDS]  Inter FA: 11/2 → 6/1
2026-02-27T02:32:41.654Z [ODDS]  AD Isidro Metapan: 11/5 → 9/4, Draw: 8/13 → 4/7, Inter FA: 6/1 → 11/2
2026-02-27T02:32:55.635Z [ODDS]  AD Isidro Metapan: 9/4 → 12/5
2026-02-27T02:32:58.792Z [ODDS]  Inter FA: 11/2 → 5/1
2026-02-27T02:33:04.656Z [ODDS]  Inter FA: 5/1 → 11/2
2026-02-27T02:33:18.636Z [ODDS]  AD Isidro Metapan: 12/5 → 9/4, Inter FA: 11/2 → 6/1
2026-02-27T02:34:00.579Z [ODDS]  AD Isidro Metapan: 9/4 → 12/5, Draw: 4/7 → 8/15
2026-02-27T02:34:17.718Z [ODDS]  AD Isidro Metapan: 12/5 → 5/2
2026-02-27T02:34:25.836Z [ODDS]  Draw: 8/15 → 1/2
2026-02-27T02:35:04.173Z [ODDS]  AD Isidro Metapan: 5/2 → 13/5
2026-02-27T02:35:32.134Z [ODDS]  AD Isidro Metapan: 13/5 → 11/4, Inter FA: 6/1 → 11/2
2026-02-27T02:35:53.782Z [ODDS]  Draw: 1/2 → 4/9, Inter FA: 11/2 → 6/1
2026-02-27T02:36:19.039Z [ODDS]  Inter FA: 6/1 → 13/2
2026-02-27T02:37:05.043Z [ODDS]  AD Isidro Metapan: 11/4 → 3/1
2026-02-27T02:37:23.083Z [ODDS]  Draw: 4/9 → 2/5
2026-02-27T02:38:23.517Z [ODDS]  Draw: 2/5 → 4/11
2026-02-27T02:38:39.251Z [ODDS]  Inter FA: 13/2 → 7/1
2026-02-27T02:39:27.057Z [ODDS]  AD Isidro Metapan: 3/1 → 10/3
2026-02-27T02:39:30.214Z [ODDS]  AD Isidro Metapan: 10/3 → 7/2, Draw: 4/11 → 3/10, Inter FA: 7/1 → 15/2
2026-02-27T02:39:34.273Z [ODDS]  Inter FA: 15/2 → 8/1
2026-02-27T02:39:37.430Z [ODDS]  Draw: 3/10 → 2/7, Inter FA: 8/1 → 17/2
2026-02-27T02:40:35.610Z [ODDS]  AD Isidro Metapan: 7/2 → 15/4, Draw: 2/7 → 1/4
2026-02-27T02:40:48.689Z [ODDS]  Draw: 1/4 → 2/7, Inter FA: 17/2 → 8/1
2026-02-27T02:41:36.948Z [ODDS]  AD Isidro Metapan: 15/4 → 4/1, Draw: 2/7 → 1/4
2026-02-27T02:41:53.634Z [ODDS]  Inter FA: 8/1 → 17/2
2026-02-27T02:42:11.674Z [ODDS]  Draw: 1/4 → 2/9, Inter FA: 17/2 → 9/1
2026-02-27T02:42:20.243Z [ODDS]  Draw: 2/9 → 1/4
2026-02-27T02:42:23.401Z [ODDS]  Draw: 1/4 → 2/9, Inter FA: 9/1 → 10/1
2026-02-27T02:42:36.931Z [ODDS]  AD Isidro Metapan: 4/1 → 9/2, Inter FA: 10/1 → 9/1
2026-02-27T02:42:37.384Z [ODDS]  AD Isidro Metapan: 9/2 → 4/1
2026-02-27T02:42:44.147Z [ODDS]  AD Isidro Metapan: 4/1 → 9/2
2026-02-27T02:42:51.363Z [ODDS]  AD Isidro Metapan: 9/2 → 4/1
2026-02-27T02:42:59.480Z [ODDS]  AD Isidro Metapan: 4/1 → 9/2, Draw: 2/9 → 1/5, Inter FA: 9/1 → 10/1
2026-02-27T02:43:08.951Z [ODDS]  Draw: 1/5 → 2/11
2026-02-27T02:43:10.304Z [ODDS]  AD Isidro Metapan: 9/2 → 5/1
2026-02-27T02:43:44.130Z [ODDS]  Draw: 2/11 → 1/6
2026-02-27T02:43:50.895Z [ODDS]  AD Isidro Metapan: 5/1 → 9/2, Draw: 1/6 → 2/11, Inter FA: 10/1 → 11/1
2026-02-27T02:43:52.699Z [ODDS]  AD Isidro Metapan: 9/2 → 5/1, Draw: 2/11 → 1/6, Inter FA: 11/1 → 10/1
2026-02-27T02:44:00.366Z [ODDS]  AD Isidro Metapan: 5/1 → 11/2, Draw: 1/6 → 1/7, Inter FA: 10/1 → 11/1
2026-02-27T02:44:15.701Z [ODDS]  AD Isidro Metapan: 11/2 → 5/1, Draw: 1/7 → 1/6, Inter FA: 11/1 → 12/1
2026-02-27T02:44:33.741Z [ODDS]  Draw: 1/6 → 1/7
2026-02-27T02:44:39.605Z [ODDS]  AD Isidro Metapan: 5/1 → 11/2
2026-02-27T02:45:06.219Z [ODDS]  AD Isidro Metapan: 11/2 → 13/2, Draw: 1/7 → 1/9
2026-02-27T02:45:25.163Z [ODDS]  AD Isidro Metapan: 13/2 → 6/1, Draw: 1/9 → 1/8, Inter FA: 12/1 → 11/1
2026-02-27T02:45:41.852Z [ODDS]  AD Isidro Metapan: 6/1 → 13/2
2026-02-27T02:45:50.871Z [ODDS]  Draw: 1/8 → 1/9
2026-02-27T02:45:59.892Z [ODDS]  AD Isidro Metapan: 13/2 → 6/1, Draw: 1/9 → 1/8, Inter FA: 11/1 → 12/1
2026-02-27T02:46:02.596Z [ODDS]  AD Isidro Metapan: 6/1 → 13/2, Draw: 1/8 → 1/9
2026-02-27T02:46:25.601Z [ODDS]  AD Isidro Metapan: 13/2 → 7/1, Draw: 1/9 → 1/10
2026-02-27T02:46:26.504Z [ODDS]  Draw: 1/10 → 1/9, Inter FA: 12/1 → 10/1
2026-02-27T02:46:28.759Z [ODDS]  AD Isidro Metapan: 7/1 → 10/1, Draw: 1/9 → 1/20, Inter FA: 10/1 → 11/1
2026-02-27T02:46:54.920Z [ODDS]  AD Isidro Metapan: 10/1 → 11/1, Draw: 1/20 → 1/22
2026-02-27T02:46:55.821Z [ODDS]  AD Isidro Metapan: 11/1 → 14/1, Draw: 1/22 → 1/33, Inter FA: 11/1 → 16/1
2026-02-27T02:47:14.313Z [ODDS]  AD Isidro Metapan: 14/1 → 16/1, Draw: 1/33 → 1/40
2026-02-27T02:47:39.118Z [ODDS]  AD Isidro Metapan: 16/1 → 18/1, Draw: 1/40 → 1/50, Inter FA: 16/1 → 18/1
