2026-02-26T23:08:32.970Z [ODDS]  Draw: 8/1 → 9/1, Dortmund (Jack): 1/14 → 1/16
2026-02-26T23:08:47.397Z [ODDS]  Bayer 04 (Klaus): 14/1 → 16/1
2026-02-26T23:08:47.847Z [ODDS]  Bayer 04 (Klaus): 16/1 → 22/1, Draw: 9/1 → 22/1, Dortmund (Jack): 1/16 → 1/80
2026-02-26T23:08:47.847Z [EVENT]  score: 3-0
2026-02-26T23:08:54.162Z [ODDS]  Bayer 04 (Klaus): 22/1 → 18/1, Draw: 22/1 → 18/1, Dortmund (Jack): 1/80 → 1/50
2026-02-26T23:09:04.535Z [ODDS]  Draw: 18/1 → 16/1, Dortmund (Jack): 1/50 → 1/40
2026-02-26T23:09:10.848Z [ODDS]  Draw: 16/1 → 14/1, Dortmund (Jack): 1/40 → 1/33
2026-02-26T23:09:23.026Z [ODDS]  Draw: 14/1 → 16/1, Dortmund (Jack): 1/33 → 1/40, Bayer 04 (Klaus): 18/1 → 25/1, Draw: 16/1 → 25/1, Dortmund (Jack): 1/40 → 1/100
2026-02-26T23:09:23.026Z [ODDS]  Draw: 25/1 → 16/1, Dortmund (Jack): 1/100 → 1/40, Draw: 16/1 → 25/1, Dortmund (Jack): 1/40 → 1/100
2026-02-26T23:09:31.143Z [ODDS]  Bayer 04 (Klaus): 25/1 → 33/1, Draw: 25/1 → 33/1, Dortmund (Jack): 1/100 → 1/200
2026-02-26T23:09:31.143Z [EVENT]  score: 4-0
2026-02-26T23:09:41.967Z [ODDS]  Bayer 04 (Klaus): 33/1 → 28/1, Draw: 33/1 → 28/1, Dortmund (Jack): 1/200 → 1/150
2026-02-26T23:09:49.183Z [ODDS]  Bayer 04 (Klaus): 28/1 → 33/1, Draw: 28/1 → 33/1, Dortmund (Jack): 1/150 → 1/200
2026-02-26T23:09:50.538Z [ODDS]  Bayer 04 (Klaus): 33/1 → 25/1, Draw: 33/1 → 25/1, Dortmund (Jack): 1/200 → 1/125
2026-02-26T23:09:54.145Z [ODDS]  Bayer 04 (Klaus): 25/1 → 28/1, Draw: 25/1 → 28/1, Dortmund (Jack): 1/125 → 1/150
2026-02-26T23:09:58.204Z [ODDS]  Bayer 04 (Klaus): 28/1 → 25/1, Draw: 28/1 → 25/1, Dortmund (Jack): 1/150 → 1/125
2026-02-26T23:10:16.695Z [ODDS]  Bayer 04 (Klaus): 25/1 → 28/1, Draw: 25/1 → 28/1, Dortmund (Jack): 1/125 → 1/150
2026-02-26T23:10:23.009Z [ODDS]  Bayer 04 (Klaus): 28/1 → 33/1, Draw: 28/1 → 33/1, Dortmund (Jack): 1/150 → 1/200
2026-02-26T23:10:42.401Z [ODDS]  Bayer 04 (Klaus): 33/1 → 40/1, Draw: 33/1 → 40/1, Dortmund (Jack): 1/200 → 1/250
2026-02-26T23:10:52.779Z [ODDS]  Bayer 04 (Klaus): 40/1 → 20/1, Draw: 40/1 → 20/1, Dortmund (Jack): 1/250 → 1/66
2026-02-26T23:10:52.779Z [EVENT]  score: 4-1
2026-02-26T23:10:55.494Z [ODDS]  Bayer 04 (Klaus): 20/1 → 22/1
2026-02-26T23:10:58.643Z [ODDS]  Bayer 04 (Klaus): 22/1 → 20/1, Draw: 20/1 → 18/1, Dortmund (Jack): 1/66 → 1/50
2026-02-26T23:11:06.760Z [ODDS]  Bayer 04 (Klaus): 20/1 → 22/1
2026-02-26T23:11:23.448Z [ODDS]  Bayer 04 (Klaus): 22/1 → 18/1, Draw: 18/1 → 6/1, Dortmund (Jack): 1/50 → 1/10
2026-02-26T23:11:23.448Z [EVENT]  score: 4-2
2026-02-26T23:11:40.135Z [ODDS]  Draw: 6/1 → 7/1, Dortmund (Jack): 1/10 → 1/12
2026-02-26T23:11:43.292Z [ODDS]  Bayer 04 (Klaus): 18/1 → 20/1
2026-02-26T23:11:45.998Z [ODDS]  Bayer 04 (Klaus): 20/1 → 18/1
2026-02-26T23:11:49.156Z [ODDS]  Bayer 04 (Klaus): 18/1 → 20/1
2026-02-26T23:12:01.785Z [ODDS]  Draw: 7/1 → 8/1, Dortmund (Jack): 1/12 → 1/14
2026-02-26T23:12:07.197Z [ODDS]  Bayer 04 (Klaus): 20/1 → 22/1
2026-02-26T23:12:09.903Z [ODDS]  Draw: 8/1 → 9/1, Dortmund (Jack): 1/14 → 1/16
2026-02-26T23:12:18.021Z [ODDS]  Bayer 04 (Klaus): 22/1 → 25/1, Draw: 9/1 → 10/1, Dortmund (Jack): 1/16 → 1/20
2026-02-26T23:12:25.699Z [ODDS]  Bayer 04 (Klaus): 25/1 → 28/1
2026-02-26T23:12:26.590Z [ODDS]  Draw: 10/1 → 12/1, Dortmund (Jack): 1/20 → 1/25
2026-02-26T23:12:39.669Z [ODDS]  Draw: 12/1 → 14/1, Dortmund (Jack): 1/25 → 1/33
2026-02-26T23:12:45.082Z [ODDS]  Bayer 04 (Klaus): 28/1 → 33/1
2026-02-26T23:12:46.886Z [ODDS]  Draw: 14/1 → 16/1, Dortmund (Jack): 1/33 → 1/40
2026-02-26T23:12:55.004Z [ODDS]  Draw: 16/1 → 18/1, Dortmund (Jack): 1/40 → 1/50
2026-02-26T23:12:56.808Z [ODDS]  Bayer 04 (Klaus): 33/1 → 40/1
2026-02-26T23:13:04.024Z [ODDS]  Draw: 18/1 → 20/1, Dortmund (Jack): 1/50 → 1/66
2026-02-26T23:13:06.734Z [ODDS]  Bayer 04 (Klaus): 40/1 → 50/1, Draw: 20/1 → 22/1, Dortmund (Jack): 1/66 → 1/80
