2026-02-26T19:47:50.954Z [ODDS]  Ironi Beit Dagan: 9/4 → 12/5
2026-02-26T19:48:32.446Z [ODDS]  Ironi Beit Dagan: 12/5 → 9/4, Draw: 6/5 → 11/10, Hapoel Kafr Qasim Shouaa: 2/1 → 21/10
2026-02-26T19:48:53.649Z [ODDS]  Ironi Beit Dagan: 9/4 → 12/5
2026-02-26T19:50:08.959Z [ODDS]  Ironi Beit Dagan: 12/5 → 5/2
2026-02-26T19:50:15.732Z [ODDS]  Draw: 11/10 → 21/20
2026-02-26T19:50:26.551Z [ODDS]  Ironi Beit Dagan: 5/2 → 13/5, Draw: 21/20 → 11/10, Hapoel Kafr Qasim Shouaa: 21/10 → 2/1
2026-02-26T19:50:28.367Z [ODDS]  Ironi Beit Dagan: 13/5 → 5/2, Draw: 11/10 → 21/20, Hapoel Kafr Qasim Shouaa: 2/1 → 21/10
2026-02-26T19:51:04.486Z [ODDS]  Ironi Beit Dagan: 5/2 → 13/5
2026-02-26T19:51:31.944Z [ODDS]  Ironi Beit Dagan: 13/5 → 5/2, Hapoel Kafr Qasim Shouaa: 21/10 → 11/5
2026-02-26T19:51:36.002Z [ODDS]  Ironi Beit Dagan: 5/2 → 13/5, Draw: 21/20 → 1/1
2026-02-26T19:51:50.434Z [ODDS]  Ironi Beit Dagan: 13/5 → 5/2
2026-02-26T19:52:10.284Z [ODDS]  Ironi Beit Dagan: 5/2 → 13/5, Hapoel Kafr Qasim Shouaa: 11/5 → 9/4
2026-02-26T19:52:12.992Z [ODDS]  Ironi Beit Dagan: 13/5 → 3/10, Draw: 1/1 → 10/3, Hapoel Kafr Qasim Shouaa: 9/4 → 9/1
2026-02-26T19:52:12.992Z [EVENT]  score: 0-1
2026-02-26T19:52:32.834Z [ODDS]  Ironi Beit Dagan: 3/10 → 1/3, Draw: 10/3 → 3/1, Hapoel Kafr Qasim Shouaa: 9/1 → 8/1
2026-02-26T19:52:36.448Z [ODDS]  Ironi Beit Dagan: 1/3 → 4/11, Draw: 3/1 → 11/4, Hapoel Kafr Qasim Shouaa: 8/1 → 15/2
2026-02-26T19:52:57.645Z [ODDS]  Draw: 11/4 → 3/1, Hapoel Kafr Qasim Shouaa: 15/2 → 8/1
2026-02-26T19:53:30.584Z [ODDS]  Ironi Beit Dagan: 4/11 → 1/3, Hapoel Kafr Qasim Shouaa: 8/1 → 17/2
2026-02-26T19:55:07.078Z [ODDS]  Hapoel Kafr Qasim Shouaa: 17/2 → 9/1
2026-02-26T19:55:29.629Z [ODDS]  Ironi Beit Dagan: 1/3 → 3/10
2026-02-26T19:56:36.412Z [ODDS]  Draw: 3/1 → 10/3
2026-02-26T19:56:37.315Z [ODDS]  Ironi Beit Dagan: 3/10 → 1/25, Draw: 10/3 → 12/1, Hapoel Kafr Qasim Shouaa: 9/1 → 25/1
2026-02-26T19:56:37.315Z [EVENT]  score: 0-2
2026-02-26T19:56:48.595Z [ODDS]  Ironi Beit Dagan: 1/25 → 1/33, Draw: 12/1 → 14/1, Hapoel Kafr Qasim Shouaa: 25/1 → 28/1
2026-02-26T19:56:53.551Z [ODDS]  Ironi Beit Dagan: 1/33 → 1/28, Draw: 14/1 → 12/1
2026-02-26T19:57:21.076Z [ODDS]  Ironi Beit Dagan: 1/28 → 1/33, Draw: 12/1 → 14/1
2026-02-26T19:59:10.700Z [ODDS]  Ironi Beit Dagan: 1/33 → 1/28, Draw: 14/1 → 12/1
2026-02-26T19:59:11.112Z [ODDS]  Ironi Beit Dagan: 1/28 → 1/33, Draw: 12/1 → 14/1
2026-02-26T19:59:58.466Z [ODDS]  Ironi Beit Dagan: 1/33 → 1/40, Draw: 14/1 → 16/1
2026-02-26T20:01:49.015Z [ODDS]  Ironi Beit Dagan: 1/40 → 1/50, Draw: 16/1 → 18/1, Hapoel Kafr Qasim Shouaa: 28/1 → 33/1
2026-02-26T20:06:00.628Z [ODDS]  Ironi Beit Dagan: 1/50 → 1/66, Draw: 18/1 → 20/1
2026-02-26T20:08:03.470Z [ODDS]  Ironi Beit Dagan: 1/66 → 1/80, Draw: 20/1 → 22/1
2026-02-26T20:08:58.024Z [ODDS]  Hapoel Kafr Qasim Shouaa: 33/1 → 40/1
2026-02-26T20:09:37.713Z [ODDS]  Ironi Beit Dagan: 1/80 → 1/100, Draw: 22/1 → 25/1
2026-02-26T20:09:38.620Z [ODDS]  Ironi Beit Dagan: 1/100 → 1/80, Draw: 25/1 → 22/1
2026-02-26T20:09:52.596Z [ODDS]  Ironi Beit Dagan: 1/80 → 1/100, Draw: 22/1 → 25/1
2026-02-26T20:11:40.038Z [ODDS]  Ironi Beit Dagan: 1/100 → 1/125
2026-02-26T20:11:47.601Z [ODDS]  Ironi Beit Dagan: 1/125 → 1/200, Draw: 25/1 → 33/1, Hapoel Kafr Qasim Shouaa: 40/1 → 66/1
2026-02-26T20:12:10.603Z [ODDS]  Ironi Beit Dagan: 1/200 → 1/250, Draw: 33/1 → 40/1, Hapoel Kafr Qasim Shouaa: 66/1 → 80/1
2026-02-26T20:12:11.053Z [ODDS]  Ironi Beit Dagan: 1/250 → 1/200, Draw: 40/1 → 33/1, Hapoel Kafr Qasim Shouaa: 80/1 → 66/1
2026-02-26T20:12:33.170Z [ODDS]  Ironi Beit Dagan: 1/200 → 1/250, Draw: 33/1 → 40/1, Hapoel Kafr Qasim Shouaa: 66/1 → 80/1
2026-02-26T20:12:34.507Z [ODDS]  Ironi Beit Dagan: 1/250 → 1/200, Draw: 40/1 → 33/1, Hapoel Kafr Qasim Shouaa: 80/1 → 66/1
2026-02-26T20:12:56.156Z [ODDS]  Ironi Beit Dagan: 1/200 → 1/250, Draw: 33/1 → 40/1, Hapoel Kafr Qasim Shouaa: 66/1 → 80/1
2026-02-26T20:13:43.511Z [ODDS]  Ironi Beit Dagan: 1/250 → 1/500, Draw: 40/1 → 50/1
2026-02-26T20:14:01.100Z [ODDS]  Ironi Beit Dagan: 1/500 → 1/250, Draw: 50/1 → 40/1
2026-02-26T20:14:10.572Z [ODDS]  Ironi Beit Dagan: 1/250 → 1/500, Draw: 40/1 → 50/1
2026-02-26T20:15:11.009Z [ODDS]  Ironi Beit Dagan: 1/500 → 1/250, Draw: 50/1 → 40/1
2026-02-26T20:15:20.025Z [ODDS]  Ironi Beit Dagan: 1/250 → 1/500, Draw: 40/1 → 50/1
2026-02-26T20:17:46.168Z [ODDS]  Ironi Beit Dagan: 1/500 → 1/200, Draw: 50/1 → 33/1
2026-02-26T20:17:50.226Z [ODDS]  Ironi Beit Dagan: 1/200 → 1/250, Draw: 33/1 → 40/1
2026-02-26T20:18:47.950Z [ODDS]  Ironi Beit Dagan: 1/250 → 1/200, Draw: 40/1 → 33/1
2026-02-26T20:18:48.849Z [ODDS]  Ironi Beit Dagan: 1/200 → 1/250, Draw: 33/1 → 40/1
2026-02-26T20:19:41.618Z [ODDS]  Ironi Beit Dagan: 1/250 → 1/500, Draw: 40/1 → 50/1
