2026-02-26T23:08:14.475Z [ODDS]  Trem AP: 4/6 → 8/13
2026-02-26T23:08:19.435Z [ODDS]  Trem AP: 8/13 → 4/6
2026-02-26T23:08:46.043Z [ODDS]  Independente AP: 10/3 → 3/1, Draw: 3/1 → 11/4, Trem AP: 4/6 → 8/11
2026-02-26T23:10:33.383Z [ODDS]  Independente AP: 3/1 → 10/3, Draw: 11/4 → 3/1, Trem AP: 8/11 → 4/6
2026-02-26T23:11:16.232Z [ODDS]  Independente AP: 10/3 → 7/2, Trem AP: 4/6 → 8/13
2026-02-26T23:11:21.203Z [ODDS]  Independente AP: 7/2 → 10/3, Trem AP: 8/13 → 4/6
2026-02-26T23:11:26.605Z [ODDS]  Independente AP: 10/3 → 3/1, Draw: 3/1 → 11/4, Trem AP: 4/6 → 8/11
2026-02-26T23:13:23.417Z [ODDS]  Independente AP: 3/1 → 10/3, Trem AP: 8/11 → 4/6
2026-02-26T23:16:05.775Z [ODDS]  Independente AP: 10/3 → 7/2
2026-02-26T23:18:44.979Z [ODDS]  Trem AP: 4/6 → 8/13
2026-02-26T23:18:50.843Z [ODDS]  Trem AP: 8/13 → 4/6
2026-02-26T23:20:05.708Z [ODDS]  Independente AP: 7/2 → 10/3
2026-02-26T23:20:52.615Z [ODDS]  Independente AP: 10/3 → 7/2
2026-02-26T23:22:27.779Z [ODDS]  Independente AP: 7/2 → 7/1, Draw: 11/4 → 15/4, Trem AP: 4/6 → 3/10
2026-02-26T23:23:19.191Z [ODDS]  Draw: 15/4 → 4/1
2026-02-26T23:23:52.122Z [ODDS]  Draw: 4/1 → 15/4
2026-02-26T23:24:09.255Z [ODDS]  Draw: 15/4 → 4/1
2026-02-26T23:24:17.822Z [ODDS]  Draw: 4/1 → 15/4
2026-02-26T23:24:55.259Z [ODDS]  Draw: 15/4 → 4/1
2026-02-26T23:25:32.261Z [ODDS]  Trem AP: 3/10 → 2/7
2026-02-26T23:27:03.345Z [ODDS]  Draw: 4/1 → 15/4, Trem AP: 2/7 → 3/10
2026-02-26T23:27:13.722Z [ODDS]  Draw: 15/4 → 4/1, Trem AP: 3/10 → 2/7
2026-02-26T23:27:44.834Z [ODDS]  Independente AP: 7/1 → 15/2
2026-02-26T23:28:11.894Z [ODDS]  Independente AP: 15/2 → 7/1, Draw: 4/1 → 15/4, Trem AP: 2/7 → 3/10
2026-02-26T23:28:21.366Z [ODDS]  Independente AP: 7/1 → 15/2, Draw: 15/4 → 4/1, Trem AP: 3/10 → 2/7
2026-02-26T23:28:37.605Z [ODDS]  Independente AP: 15/2 → 7/1, Draw: 4/1 → 15/4, Trem AP: 2/7 → 3/10
2026-02-26T23:28:40.760Z [ODDS]  Independente AP: 7/1 → 15/2, Draw: 15/4 → 4/1, Trem AP: 3/10 → 2/7
2026-02-26T23:35:19.904Z [ODDS]  Independente AP: 15/2 → 8/1
2026-02-26T23:35:36.584Z [ODDS]  Independente AP: 8/1 → 12/5, Draw: 4/1 → 15/8, Trem AP: 2/7 → 5/4
2026-02-26T23:35:36.584Z [EVENT]  score: 1-1
2026-02-26T23:36:45.138Z [ODDS]  Draw: 15/8 → 7/4
2026-02-26T23:37:07.240Z [ODDS]  Independente AP: 12/5 → 5/2
2026-02-26T23:37:18.511Z [ODDS]  Independente AP: 5/2 → 13/5, Draw: 7/4 → 15/8, Trem AP: 5/4 → 6/5
2026-02-26T23:37:41.061Z [ODDS]  Draw: 15/8 → 7/4
2026-02-26T23:38:29.241Z [ODDS]  Draw: 7/4 → 15/8
2026-02-26T23:38:57.203Z [ODDS]  Draw: 15/8 → 7/4
2026-02-26T23:40:59.422Z [ODDS]  Independente AP: 13/5 → 11/4
2026-02-26T23:41:26.933Z [ODDS]  Independente AP: 11/4 → 13/5, Trem AP: 6/5 → 5/4
2026-02-26T23:42:35.033Z [ODDS]  Draw: 7/4 → 13/8
2026-02-26T23:42:48.113Z [ODDS]  Draw: 13/8 → 7/4, Trem AP: 5/4 → 13/10
2026-02-26T23:43:02.545Z [ODDS]  Draw: 7/4 → 13/8, Trem AP: 13/10 → 5/4
2026-02-26T23:44:02.078Z [ODDS]  Independente AP: 13/5 → 11/4
2026-02-26T23:44:25.086Z [ODDS]  Independente AP: 11/4 → 13/5, Trem AP: 5/4 → 13/10
2026-02-26T23:45:14.236Z [ODDS]  Independente AP: 13/5 → 11/4
2026-02-26T23:45:23.254Z [ODDS]  Draw: 13/8 → 8/5
2026-02-26T23:45:26.411Z [ODDS]  Independente AP: 11/4 → 13/5, Draw: 8/5 → 13/8, Trem AP: 13/10 → 5/4
2026-02-26T23:45:44.001Z [ODDS]  Independente AP: 13/5 → 11/4
2026-02-26T23:46:42.180Z [ODDS]  Trem AP: 5/4 → 13/10
2026-02-26T23:47:12.400Z [ODDS]  Draw: 13/8 → 8/5
2026-02-26T23:49:15.076Z [ODDS]  Draw: 8/5 → 6/4
2026-02-26T23:49:27.252Z [ODDS]  Independente AP: 11/4 → 3/1, Draw: 6/4 → 8/5, Trem AP: 13/10 → 5/4
