2026-02-26T19:48:42.370Z [ODDS]  Jagiellonia Bialystok: 15/4 → 4/1
2026-02-26T19:49:03.113Z [ODDS]  Jagiellonia Bialystok: 4/1 → 15/4
2026-02-26T19:50:45.079Z [ODDS]  Jagiellonia Bialystok: 15/4 → 4/1, Draw: 20/21 → 10/11
2026-02-26T19:50:59.024Z [ODDS]  Draw: 10/11 → 1/1, Fiorentina: 15/8 → 7/4
2026-02-26T19:51:03.531Z [ODDS]  Draw: 1/1 → 20/21
2026-02-26T19:52:10.741Z [ODDS]  Draw: 20/21 → 10/11, Fiorentina: 7/4 → 15/8
2026-02-26T19:52:59.461Z [ODDS]  Fiorentina: 15/8 → 2/1
2026-02-26T19:53:09.371Z [ODDS]  Jagiellonia Bialystok: 4/1 → 15/4, Fiorentina: 2/1 → 15/8
2026-02-26T19:53:14.326Z [ODDS]  Fiorentina: 15/8 → 2/1
2026-02-26T19:53:28.308Z [ODDS]  Jagiellonia Bialystok: 15/4 → 4/1
2026-02-26T19:53:37.328Z [ODDS]  Jagiellonia Bialystok: 4/1 → 15/4
2026-02-26T19:53:42.290Z [ODDS]  Jagiellonia Bialystok: 15/4 → 6/1, Draw: 10/11 → 20/21, Fiorentina: 2/1 → 6/4
2026-02-26T19:53:45.457Z [ODDS]  Jagiellonia Bialystok: 6/1 → 7/1, Fiorentina: 6/4 → 13/10
2026-02-26T19:54:07.100Z [ODDS]  Jagiellonia Bialystok: 7/1 → 15/2, Draw: 20/21 → 10/11
2026-02-26T19:54:09.814Z [ODDS]  Fiorentina: 13/10 → 11/8
2026-02-26T19:54:17.469Z [ODDS]  Jagiellonia Bialystok: 15/2 → 7/1
2026-02-26T19:54:21.978Z [ODDS]  Jagiellonia Bialystok: 7/1 → 15/2
2026-02-26T19:54:29.198Z [ODDS]  Jagiellonia Bialystok: 15/2 → 8/1, Fiorentina: 11/8 → 13/10
2026-02-26T19:54:47.686Z [ODDS]  Jagiellonia Bialystok: 8/1 → 7/1, Fiorentina: 13/10 → 11/8
2026-02-26T19:55:22.413Z [ODDS]  Jagiellonia Bialystok: 7/1 → 8/1
2026-02-26T19:55:24.667Z [ODDS]  Jagiellonia Bialystok: 8/1 → 15/2
2026-02-26T19:55:42.719Z [ODDS]  Fiorentina: 11/8 → 7/5
2026-02-26T19:55:51.297Z [ODDS]  Jagiellonia Bialystok: 15/2 → 7/1
2026-02-26T19:55:53.104Z [ODDS]  Jagiellonia Bialystok: 7/1 → 15/2
2026-02-26T19:55:57.165Z [ODDS]  Draw: 10/11 → 5/6
2026-02-26T19:56:08.898Z [ODDS]  Jagiellonia Bialystok: 15/2 → 7/1, Draw: 5/6 → 10/11
2026-02-26T19:57:01.262Z [ODDS]  Draw: 10/11 → 5/6
2026-02-26T19:57:16.105Z [ODDS]  Draw: 5/6 → 10/11
2026-02-26T19:57:54.888Z [ODDS]  Jagiellonia Bialystok: 7/1 → 13/2, Draw: 10/11 → 5/6, Fiorentina: 7/5 → 6/4
2026-02-26T19:58:06.164Z [ODDS]  Jagiellonia Bialystok: 13/2 → 7/1
2026-02-26T19:59:21.938Z [ODDS]  Jagiellonia Bialystok: 7/1 → 15/2, Draw: 5/6 → 4/5
2026-02-26T19:59:26.894Z [ODDS]  Jagiellonia Bialystok: 15/2 → 7/1, Draw: 4/5 → 5/6
2026-02-26T19:59:36.817Z [ODDS]  Jagiellonia Bialystok: 7/1 → 15/2, Draw: 5/6 → 4/5
2026-02-26T19:59:51.701Z [ODDS]  Jagiellonia Bialystok: 15/2 → 7/1
2026-02-26T19:59:56.667Z [ODDS]  Jagiellonia Bialystok: 7/1 → 15/2
2026-02-26T20:00:09.742Z [ODDS]  Fiorentina: 6/4 → 8/5
2026-02-26T20:00:18.762Z [ODDS]  Jagiellonia Bialystok: 15/2 → 7/1
2026-02-26T20:00:42.212Z [ODDS]  Jagiellonia Bialystok: 7/1 → 15/2, Draw: 4/5 → 8/11
2026-02-26T20:00:44.920Z [ODDS]  Jagiellonia Bialystok: 15/2 → 8/1
2026-02-26T20:00:49.891Z [ODDS]  Jagiellonia Bialystok: 8/1 → 15/2
2026-02-26T20:00:53.487Z [ODDS]  Jagiellonia Bialystok: 15/2 → 8/1
2026-02-26T20:00:56.194Z [ODDS]  Jagiellonia Bialystok: 8/1 → 15/2, Fiorentina: 8/5 → 13/8
2026-02-26T20:01:17.848Z [ODDS]  Jagiellonia Bialystok: 15/2 → 8/1
2026-02-26T20:01:34.078Z [ODDS]  Fiorentina: 13/8 → 7/4
2026-02-26T20:01:57.993Z [ODDS]  Draw: 8/11 → 4/6
2026-02-26T20:02:25.955Z [ODDS]  Jagiellonia Bialystok: 8/1 → 17/2
2026-02-26T20:02:45.338Z [ODDS]  Jagiellonia Bialystok: 17/2 → 8/1
2026-02-26T20:03:04.739Z [ODDS]  Fiorentina: 7/4 → 15/8
2026-02-26T20:03:11.957Z [ODDS]  Fiorentina: 15/8 → 7/4
2026-02-26T20:03:19.178Z [ODDS]  Fiorentina: 7/4 → 15/8
2026-02-26T20:03:28.634Z [ODDS]  Jagiellonia Bialystok: 8/1 → 17/2, Draw: 4/6 → 8/13
2026-02-26T20:03:30.895Z [ODDS]  Draw: 8/13 → 4/6
2026-02-26T20:03:49.381Z [ODDS]  Draw: 4/6 → 8/13
2026-02-26T20:04:05.167Z [ODDS]  Jagiellonia Bialystok: 17/2 → 8/1
2026-02-26T20:04:17.794Z [ODDS]  Jagiellonia Bialystok: 8/1 → 17/2
2026-02-26T20:04:48.012Z [ODDS]  Draw: 8/13 → 4/7, Fiorentina: 15/8 → 2/1
2026-02-26T20:04:57.935Z [ODDS]  Jagiellonia Bialystok: 17/2 → 9/1
2026-02-26T20:05:11.478Z [ODDS]  Jagiellonia Bialystok: 9/1 → 17/2, Draw: 4/7 → 8/13, Fiorentina: 2/1 → 15/8
2026-02-26T20:05:15.526Z [ODDS]  Jagiellonia Bialystok: 17/2 → 9/1, Draw: 8/13 → 4/7, Fiorentina: 15/8 → 2/1
2026-02-26T20:05:29.064Z [ODDS]  Fiorentina: 2/1 → 15/8
2026-02-26T20:06:10.094Z [ODDS]  Jagiellonia Bialystok: 9/1 → 10/1, Fiorentina: 15/8 → 2/1
2026-02-26T20:06:39.862Z [ODDS]  Jagiellonia Bialystok: 10/1 → 9/1
2026-02-26T20:07:29.024Z [ODDS]  Jagiellonia Bialystok: 9/1 → 10/1
2026-02-26T20:07:36.690Z [ODDS]  Draw: 4/7 → 8/15
2026-02-26T20:08:16.983Z [ODDS]  Fiorentina: 2/1 → 21/10
2026-02-26T20:08:35.480Z [ODDS]  Jagiellonia Bialystok: 10/1 → 50/1, Draw: 8/15 → 11/2, Fiorentina: 21/10 → 1/9
2026-02-26T20:08:35.480Z [EVENT]  score: 1-3
2026-02-26T20:08:50.815Z [ODDS]  Jagiellonia Bialystok: 50/1 → 66/1, Draw: 11/2 → 13/2, Fiorentina: 1/9 → 1/12
2026-02-26T20:09:00.733Z [ODDS]  Draw: 13/2 → 7/1
2026-02-26T20:10:02.529Z [ODDS]  Draw: 7/1 → 6/1, Fiorentina: 1/12 → 1/10
2026-02-26T20:10:59.799Z [ODDS]  Draw: 6/1 → 7/1, Fiorentina: 1/10 → 1/12
2026-02-26T20:11:17.394Z [ODDS]  Draw: 7/1 → 13/2
2026-02-26T20:11:21.443Z [ODDS]  Jagiellonia Bialystok: 66/1 → 50/1, Draw: 13/2 → 6/1, Fiorentina: 1/12 → 1/10
2026-02-26T20:11:23.703Z [ODDS]  Jagiellonia Bialystok: 50/1 → 66/1, Draw: 6/1 → 13/2, Fiorentina: 1/10 → 1/12
2026-02-26T20:11:44.897Z [ODDS]  Draw: 13/2 → 7/1
2026-02-26T20:12:34.957Z [ODDS]  Draw: 7/1 → 13/2
2026-02-26T20:12:46.236Z [ODDS]  Draw: 13/2 → 7/1
2026-02-26T20:14:40.790Z [ODDS]  Jagiellonia Bialystok: 66/1 → 80/1
2026-02-26T20:15:10.138Z [ODDS]  Draw: 7/1 → 8/1, Fiorentina: 1/12 → 1/14
2026-02-26T20:15:27.699Z [ODDS]  Draw: 8/1 → 40/1, Fiorentina: 1/14 → 1/250
2026-02-26T20:15:27.699Z [EVENT]  score: 2-3
2026-02-26T20:15:40.319Z [ODDS]  Jagiellonia Bialystok: 80/1 → 100/1
2026-02-26T20:16:13.255Z [ODDS]  Draw: 40/1 → 50/1, Fiorentina: 1/250 → 1/500
2026-02-26T20:16:18.661Z [ODDS]  Draw: 50/1 → 40/1, Fiorentina: 1/500 → 1/250
2026-02-26T20:17:04.216Z [ODDS]  Draw: 40/1 → 50/1, Fiorentina: 1/250 → 1/500
2026-02-26T20:17:15.501Z [ODDS]  Draw: 50/1 → 40/1, Fiorentina: 1/500 → 1/250
2026-02-26T20:17:36.382Z [ODDS]  Draw: 40/1 → 50/1, Fiorentina: 1/250 → 1/500
2026-02-26T20:17:38.946Z [ODDS]  Draw: 50/1 → 40/1, Fiorentina: 1/500 → 1/250
2026-02-26T20:17:47.517Z [ODDS]  Draw: 40/1 → 50/1, Fiorentina: 1/250 → 1/500
2026-02-26T20:18:58.772Z [EVENT]  score: 2-4
2026-02-26T20:19:43.422Z [ODDS]  Fiorentina: 1/500 → 1/28
2026-02-26T20:20:05.078Z [ODDS]  Draw: 50/1 → 14/1, Fiorentina: 1/28 → 1/33
2026-02-26T20:20:54.688Z [ODDS]  Draw: 14/1 → 16/1, Fiorentina: 1/33 → 1/40
2026-02-26T20:21:42.953Z [ODDS]  Draw: 16/1 → 18/1, Fiorentina: 1/40 → 1/50
2026-02-26T20:21:58.274Z [ODDS]  Draw: 18/1 → 20/1, Fiorentina: 1/50 → 1/66
2026-02-26T20:22:41.655Z [ODDS]  Draw: 20/1 → 22/1, Fiorentina: 1/66 → 1/80
2026-02-26T20:23:02.769Z [ODDS]  Draw: 22/1 → 25/1, Fiorentina: 1/80 → 1/100
2026-02-26T20:23:25.772Z [ODDS]  Fiorentina: 1/100 → 1/125
2026-02-26T20:23:48.319Z [ODDS]  Draw: 25/1 → 28/1, Fiorentina: 1/125 → 1/150
2026-02-26T20:23:56.887Z [ODDS]  Draw: 28/1 → 18/1, Fiorentina: 1/150 → 1/50
