2026-02-27T02:38:28.426Z [ODDS]  Arsenal (Furious): 10/1 → 11/1
2026-02-27T02:38:50.993Z [ODDS]  Newcastle (Klaus): 1/8 → 1/9, Draw: 11/2 → 6/1
2026-02-27T02:38:56.839Z [ODDS]  Arsenal (Furious): 11/1 → 12/1
2026-02-27T02:39:05.864Z [ODDS]  Newcastle (Klaus): 1/9 → 1/10
2026-02-27T02:39:30.214Z [ODDS]  Arsenal (Furious): 12/1 → 14/1
2026-02-27T02:39:34.273Z [ODDS]  Newcastle (Klaus): 1/10 → 1/12, Draw: 6/1 → 13/2
2026-02-27T02:39:44.647Z [ODDS]  Draw: 13/2 → 7/1
2026-02-27T02:40:03.588Z [ODDS]  Arsenal (Furious): 14/1 → 16/1
2026-02-27T02:40:11.255Z [ODDS]  Newcastle (Klaus): 1/12 → 1/14, Draw: 7/1 → 8/1
2026-02-27T02:40:27.491Z [ODDS]  Newcastle (Klaus): 1/14 → 1/16, Draw: 8/1 → 9/1
2026-02-27T02:40:30.197Z [ODDS]  Arsenal (Furious): 16/1 → 18/1
2026-02-27T02:40:45.983Z [ODDS]  Newcastle (Klaus): 1/16 → 1/18
2026-02-27T02:40:49.592Z [ODDS]  Newcastle (Klaus): 1/18 → 1/20, Draw: 9/1 → 10/1
2026-02-27T02:40:58.160Z [ODDS]  Arsenal (Furious): 18/1 → 20/1
2026-02-27T02:41:06.733Z [ODDS]  Newcastle (Klaus): 1/20 → 1/22
2026-02-27T02:41:08.985Z [ODDS]  Newcastle (Klaus): 1/22 → 1/25, Draw: 10/1 → 12/1
2026-02-27T02:41:18.006Z [ODDS]  Arsenal (Furious): 20/1 → 22/1
2026-02-27T02:41:24.320Z [ODDS]  Newcastle (Klaus): 1/25 → 1/28
2026-02-27T02:41:32.437Z [ODDS]  Newcastle (Klaus): 1/28 → 1/33, Draw: 12/1 → 14/1
2026-02-27T02:41:33.339Z [ODDS]  Arsenal (Furious): 22/1 → 25/1
2026-02-27T02:41:40.556Z [ODDS]  Newcastle (Klaus): 1/33 → 2/9, Draw: 14/1 → 3/1, Arsenal (Furious): 25/1 → 14/1
2026-02-27T02:41:40.556Z [EVENT]  score: 2-3
2026-02-27T02:42:05.361Z [ODDS]  Arsenal (Furious): 14/1 → 16/1
2026-02-27T02:42:15.735Z [ODDS]  Newcastle (Klaus): 2/9 → 1/5, Draw: 3/1 → 10/3, Arsenal (Furious): 16/1 → 18/1
2026-02-27T02:42:23.851Z [ODDS]  Arsenal (Furious): 18/1 → 20/1
2026-02-27T02:42:30.616Z [ODDS]  Newcastle (Klaus): 1/5 → 2/11, Draw: 10/3 → 7/2
2026-02-27T02:42:38.285Z [ODDS]  Newcastle (Klaus): 2/11 → 1/6, Draw: 7/2 → 15/4, Arsenal (Furious): 20/1 → 25/1
2026-02-27T02:42:41.892Z [ODDS]  Draw: 15/4 → 4/1
2026-02-27T02:42:45.049Z [ODDS]  Arsenal (Furious): 25/1 → 28/1
2026-02-27T02:42:52.716Z [ODDS]  Newcastle (Klaus): 1/6 → 1/7, Draw: 4/1 → 9/2
