2026-02-27T03:08:29.862Z [ODDS]  Man City (volvo): 6/4 → 8/5, Draw: 11/4 → 13/5, A.Madrid (Grellz): 5/4 → 6/5
2026-02-27T03:08:46.096Z [ODDS]  Man City (volvo): 8/5 → 13/8
2026-02-27T03:08:58.724Z [ODDS]  Man City (volvo): 13/8 → 7/4, Draw: 13/5 → 5/2
2026-02-27T03:09:27.593Z [ODDS]  Man City (volvo): 7/4 → 15/8, A.Madrid (Grellz): 6/5 → 11/10
2026-02-27T03:09:31.202Z [ODDS]  Man City (volvo): 15/8 → 8/11, Draw: 5/2 → 12/5, A.Madrid (Grellz): 11/10 → 3/1
2026-02-27T03:09:31.202Z [EVENT]  score: 1-1
2026-02-27T03:09:51.948Z [ODDS]  Man City (volvo): 8/11 → 4/5, Draw: 12/5 → 9/4
2026-02-27T03:10:01.869Z [ODDS]  A.Madrid (Grellz): 3/1 → 10/3
2026-02-27T03:10:05.929Z [ODDS]  Draw: 9/4 → 11/5
2026-02-27T03:10:06.402Z [ODDS]  Man City (volvo): 4/5 → 2/9, Draw: 11/5 → 4/1, A.Madrid (Grellz): 10/3 → 8/1
2026-02-27T03:10:06.402Z [EVENT]  score: 1-2
2026-02-27T03:10:26.775Z [ODDS]  A.Madrid (Grellz): 8/1 → 17/2
2026-02-27T03:10:47.521Z [ODDS]  Draw: 4/1 → 15/4, A.Madrid (Grellz): 17/2 → 9/1
2026-02-27T03:11:04.665Z [ODDS]  Man City (volvo): 2/9 → 1/1, Draw: 15/4 → 13/8, A.Madrid (Grellz): 9/1 → 10/3
2026-02-27T03:11:04.669Z [EVENT]  score: 2-2
2026-02-27T03:11:15.492Z [ODDS]  Man City (volvo): 1/1 → 21/20, Draw: 13/8 → 8/5
2026-02-27T03:11:22.700Z [ODDS]  Man City (volvo): 21/20 → 1/5, Draw: 8/5 → 15/4, A.Madrid (Grellz): 10/3 → 11/1
2026-02-27T03:11:22.700Z [EVENT]  score: 2-3
2026-02-27T03:11:53.368Z [ODDS]  Man City (volvo): 1/5 → 2/11, A.Madrid (Grellz): 11/1 → 12/1
2026-02-27T03:12:03.741Z [ODDS]  Man City (volvo): 2/11 → 1/6, A.Madrid (Grellz): 12/1 → 14/1
2026-02-27T03:12:18.175Z [ODDS]  Draw: 15/4 → 4/1, A.Madrid (Grellz): 14/1 → 16/1
2026-02-27T03:12:28.103Z [ODDS]  A.Madrid (Grellz): 16/1 → 18/1
2026-02-27T03:12:38.468Z [ODDS]  A.Madrid (Grellz): 18/1 → 22/1
