2026-02-26T19:47:41.934Z [ODDS]  Al Salt: 13/2 → 7/1
2026-02-26T19:47:52.759Z [ODDS]  Al Salt: 7/1 → 13/2
2026-02-26T19:48:09.445Z [ODDS]  Al Salt: 13/2 → 7/1, Al Salt: 7/1 → 13/2
2026-02-26T19:48:09.445Z [ODDS]  Al Salt: 13/2 → 7/1, Al Salt: 7/1 → 13/2
2026-02-26T19:48:28.836Z [ODDS]  Al Salt: 13/2 → 7/1
2026-02-26T19:49:47.312Z [ODDS]  Draw: 13/8 → 8/5, Al-Wehdat: 8/11 → 4/5
2026-02-26T19:51:07.145Z [ODDS]  Draw: 8/5 → 6/4
2026-02-26T19:51:08.495Z [ODDS]  Al Salt: 7/1 → 13/2
2026-02-26T19:51:22.472Z [ODDS]  Al Salt: 13/2 → 7/1
2026-02-26T19:52:31.932Z [ODDS]  Al Salt: 7/1 → 13/2, Al-Wehdat: 4/5 → 5/6
2026-02-26T19:52:58.541Z [ODDS]  Al Salt: 13/2 → 7/1, Al-Wehdat: 5/6 → 4/5
2026-02-26T19:53:17.936Z [ODDS]  Al-Wehdat: 4/5 → 5/6
2026-02-26T19:53:39.584Z [ODDS]  Draw: 6/4 → 7/5
2026-02-26T19:55:09.333Z [ODDS]  Draw: 7/5 → 6/4
2026-02-26T19:55:26.473Z [ODDS]  Draw: 6/4 → 7/5
2026-02-26T19:56:01.237Z [ODDS]  Draw: 7/5 → 11/8, Al-Wehdat: 5/6 → 10/11
2026-02-26T19:56:12.056Z [ODDS]  Al-Wehdat: 10/11 → 5/6
2026-02-26T19:56:44.548Z [ODDS]  Al-Wehdat: 5/6 → 10/11
2026-02-26T19:57:18.359Z [ODDS]  Draw: 11/8 → 13/10
2026-02-26T19:57:53.536Z [ODDS]  Al-Wehdat: 10/11 → 20/21
2026-02-26T19:58:21.498Z [ODDS]  Al Salt: 7/1 → 15/2, Al-Wehdat: 20/21 → 10/11
2026-02-26T19:58:35.064Z [ODDS]  Al Salt: 15/2 → 7/1, Al Salt: 7/1 → 13/2, Al-Wehdat: 10/11 → 20/21
2026-02-26T19:58:35.064Z [ODDS]  Al Salt: 13/2 → 7/1, Al Salt: 7/1 → 13/2
2026-02-26T19:59:26.444Z [ODDS]  Draw: 13/10 → 5/4, Al-Wehdat: 20/21 → 1/1
2026-02-26T19:59:58.018Z [ODDS]  Al Salt: 13/2 → 7/1, Al-Wehdat: 1/1 → 20/21
2026-02-26T20:00:14.701Z [ODDS]  Draw: 5/4 → 6/5, Al-Wehdat: 20/21 → 1/1
2026-02-26T20:00:23.276Z [ODDS]  Al Salt: 7/1 → 13/2, Draw: 6/5 → 5/4
2026-02-26T20:00:45.371Z [ODDS]  Draw: 5/4 → 6/5
2026-02-26T20:01:08.822Z [ODDS]  Al-Wehdat: 1/1 → 11/10
2026-02-26T20:01:10.628Z [ODDS]  Al Salt: 13/2 → 7/1, Draw: 6/5 → 11/10
2026-02-26T20:01:14.236Z [ODDS]  Al Salt: 7/1 → 15/2, Draw: 11/10 → 6/5, Al-Wehdat: 11/10 → 1/1
2026-02-26T20:01:19.200Z [ODDS]  Al Salt: 15/2 → 7/1
2026-02-26T20:01:30.920Z [ODDS]  Al Salt: 7/1 → 15/2
2026-02-26T20:01:36.784Z [ODDS]  Al Salt: 15/2 → 7/1, Draw: 6/5 → 11/10, Al-Wehdat: 1/1 → 21/20
2026-02-26T20:02:35.423Z [ODDS]  Al Salt: 7/1 → 15/2
2026-02-26T20:02:47.597Z [ODDS]  Al Salt: 15/2 → 7/1, Al-Wehdat: 21/20 → 11/10
2026-02-26T20:04:09.228Z [ODDS]  Draw: 11/10 → 21/20
2026-02-26T20:04:33.581Z [ODDS]  Al Salt: 7/1 → 15/2
2026-02-26T20:05:15.071Z [ODDS]  Al Salt: 15/2 → 7/1, Draw: 21/20 → 1/1, Al-Wehdat: 11/10 → 6/5
2026-02-26T20:05:47.547Z [ODDS]  Al Salt: 7/1 → 15/2
2026-02-26T20:05:52.056Z [ODDS]  Al Salt: 15/2 → 7/1
2026-02-26T20:07:05.574Z [ODDS]  Al Salt: 7/1 → 15/2, Draw: 1/1 → 20/21
2026-02-26T20:07:23.161Z [ODDS]  Al Salt: 15/2 → 7/1, Al-Wehdat: 6/5 → 5/4
2026-02-26T20:08:21.498Z [ODDS]  Al-Wehdat: 5/4 → 13/10
2026-02-26T20:08:21.948Z [ODDS]  Draw: 20/21 → 10/11
2026-02-26T20:09:21.480Z [ODDS]  Al Salt: 7/1 → 15/2
2026-02-26T20:09:40.419Z [ODDS]  Al Salt: 15/2 → 7/1
2026-02-26T20:09:54.401Z [ODDS]  Al Salt: 7/1 → 15/2, Al-Wehdat: 13/10 → 11/8
2026-02-26T20:10:09.742Z [ODDS]  Draw: 10/11 → 5/6
2026-02-26T20:10:36.350Z [ODDS]  Al Salt: 15/2 → 7/1
2026-02-26T20:10:51.226Z [ODDS]  Al Salt: 7/1 → 15/2
2026-02-26T20:11:26.859Z [ODDS]  Al-Wehdat: 11/8 → 7/5
2026-02-26T20:11:46.249Z [ODDS]  Al-Wehdat: 7/5 → 11/8
2026-02-26T20:11:59.786Z [ODDS]  Al Salt: 15/2 → 7/1, Al-Wehdat: 11/8 → 6/4
2026-02-26T20:12:20.530Z [ODDS]  Al Salt: 7/1 → 15/2, Al-Wehdat: 6/4 → 7/5
2026-02-26T20:12:41.725Z [ODDS]  Draw: 5/6 → 4/5
2026-02-26T20:12:44.882Z [ODDS]  Draw: 4/5 → 5/6, Al-Wehdat: 7/5 → 13/10
2026-02-26T20:12:56.156Z [ODDS]  Draw: 5/6 → 4/5, Al-Wehdat: 13/10 → 7/5
2026-02-26T20:13:11.039Z [ODDS]  Al Salt: 15/2 → 8/1
2026-02-26T20:13:32.686Z [ODDS]  Draw: 4/5 → 5/6, Al-Wehdat: 7/5 → 13/10
2026-02-26T20:14:01.100Z [ODDS]  Al-Wehdat: 13/10 → 11/8
2026-02-26T20:14:16.434Z [ODDS]  Draw: 5/6 → 4/5
2026-02-26T20:14:53.871Z [ODDS]  Al Salt: 8/1 → 17/2, Al-Wehdat: 11/8 → 7/5
2026-02-26T20:15:11.910Z [ODDS]  Al Salt: 17/2 → 8/1, Draw: 4/5 → 8/11, Al-Wehdat: 7/5 → 6/4
2026-02-26T20:16:11.448Z [ODDS]  Al Salt: 8/1 → 7/1, Draw: 8/11 → 4/5, Al-Wehdat: 6/4 → 8/5
2026-02-26T20:16:12.347Z [ODDS]  Draw: 4/5 → 8/11
2026-02-26T20:16:47.074Z [ODDS]  Al-Wehdat: 8/5 → 13/8
2026-02-26T20:17:22.707Z [ODDS]  Al Salt: 7/1 → 8/1, Draw: 8/11 → 4/6, Al-Wehdat: 13/8 → 8/5
2026-02-26T20:17:24.511Z [ODDS]  Draw: 4/6 → 8/11
2026-02-26T20:17:49.768Z [ODDS]  Draw: 8/11 → 4/6
2026-02-26T20:18:07.820Z [ODDS]  Al Salt: 8/1 → 8/15, Draw: 4/6 → 21/10, Al-Wehdat: 8/5 → 8/1
2026-02-26T20:18:07.820Z [EVENT]  score: 0-1
2026-02-26T20:18:30.358Z [ODDS]  Al Salt: 8/15 → 1/2, Draw: 21/10 → 2/1, Al-Wehdat: 8/1 → 11/1
2026-02-26T20:18:32.615Z [ODDS]  Al-Wehdat: 11/1 → 10/1
2026-02-26T20:18:48.411Z [ODDS]  Al-Wehdat: 10/1 → 11/1
2026-02-26T20:18:50.208Z [ODDS]  Al-Wehdat: 11/1 → 10/1
2026-02-26T20:18:54.712Z [ODDS]  Al Salt: 1/2 → 4/9, Draw: 2/1 → 21/10, Al-Wehdat: 10/1 → 11/1
2026-02-26T20:19:02.834Z [ODDS]  Al Salt: 4/9 → 1/2, Draw: 21/10 → 2/1
2026-02-26T20:19:22.223Z [ODDS]  Draw: 2/1 → 21/10
2026-02-26T20:19:31.703Z [ODDS]  Al Salt: 1/2 → 4/9
2026-02-26T20:19:34.857Z [ODDS]  Al Salt: 4/9 → 1/2
2026-02-26T20:19:48.384Z [ODDS]  Draw: 21/10 → 2/1
2026-02-26T20:20:02.821Z [ODDS]  Draw: 2/1 → 21/10
2026-02-26T20:20:13.639Z [ODDS]  Al Salt: 1/2 → 4/9
2026-02-26T20:20:33.491Z [ODDS]  Al-Wehdat: 11/1 → 12/1
2026-02-26T20:21:32.117Z [ODDS]  Al Salt: 4/9 → 2/5, Draw: 21/10 → 11/5, Al-Wehdat: 12/1 → 14/1
2026-02-26T20:21:38.878Z [ODDS]  Draw: 11/5 → 9/4
2026-02-26T20:21:48.801Z [ODDS]  Draw: 9/4 → 11/5
2026-02-26T20:22:48.787Z [ODDS]  Draw: 11/5 → 9/4, Al-Wehdat: 14/1 → 16/1
2026-02-26T20:23:15.851Z [ODDS]  Al Salt: 2/5 → 4/11
2026-02-26T20:23:32.535Z [ODDS]  Draw: 9/4 → 12/5
2026-02-26T20:23:46.516Z [ODDS]  Al-Wehdat: 16/1 → 18/1
2026-02-26T20:24:31.163Z [ODDS]  Al Salt: 4/11 → 1/3
2026-02-26T20:24:41.989Z [ODDS]  Al-Wehdat: 18/1 → 20/1
2026-02-26T20:25:08.137Z [ODDS]  Draw: 12/5 → 5/2
2026-02-26T20:25:46.012Z [ODDS]  Al Salt: 1/3 → 3/10, Draw: 5/2 → 13/5
2026-02-26T20:26:03.150Z [ODDS]  Al-Wehdat: 20/1 → 22/1
2026-02-26T20:26:04.050Z [ODDS]  Al Salt: 3/10 → 1/3, Draw: 13/5 → 5/2, Al-Wehdat: 22/1 → 20/1
2026-02-26T20:26:18.938Z [ODDS]  Draw: 5/2 → 13/5
2026-02-26T20:26:34.722Z [ODDS]  Al Salt: 1/3 → 3/10
2026-02-26T20:26:40.587Z [ODDS]  Al Salt: 3/10 → 2/7, Draw: 13/5 → 11/4, Al-Wehdat: 20/1 → 25/1
2026-02-26T20:27:14.414Z [ODDS]  Al Salt: 2/7 → 1/4
2026-02-26T20:27:29.295Z [ODDS]  Draw: 11/4 → 3/1
2026-02-26T20:27:56.811Z [ODDS]  Al-Wehdat: 25/1 → 28/1
2026-02-26T20:28:13.495Z [ODDS]  Al Salt: 1/4 → 2/9, Draw: 3/1 → 10/3
2026-02-26T20:28:59.045Z [ODDS]  Al Salt: 2/9 → 1/5, Draw: 10/3 → 7/2
2026-02-26T20:29:38.280Z [ODDS]  Al Salt: 1/5 → 2/11, Draw: 7/2 → 15/4, Al-Wehdat: 28/1 → 33/1
2026-02-26T20:29:40.538Z [ODDS]  Al Salt: 2/11 → 14/1, Draw: 15/4 → 2/9, Al-Wehdat: 33/1 → 15/4
2026-02-26T20:29:40.538Z [EVENT]  score: 1-1
2026-02-26T20:29:50.012Z [ODDS]  Al-Wehdat: 15/4 → 4/1
2026-02-26T20:30:11.694Z [ODDS]  Draw: 2/9 → 1/5
2026-02-26T20:30:22.031Z [ODDS]  Al-Wehdat: 4/1 → 9/2
2026-02-26T20:30:36.917Z [ODDS]  Al Salt: 14/1 → 10/1, Draw: 1/5 → 2/9
2026-02-26T20:30:43.227Z [ODDS]  Draw: 2/9 → 1/5, Al-Wehdat: 9/2 → 11/2
2026-02-26T20:31:00.367Z [ODDS]  Draw: 1/5 → 2/11
2026-02-26T20:31:17.954Z [ODDS]  Al Salt: 10/1 → 16/1, Draw: 2/11 → 1/7
2026-02-26T20:31:33.294Z [ODDS]  Draw: 1/7 → 1/8, Al-Wehdat: 11/2 → 6/1
2026-02-26T20:31:59.446Z [ODDS]  Al Salt: 16/1 → 18/1, Draw: 1/8 → 1/9, Al-Wehdat: 6/1 → 13/2
2026-02-26T20:32:20.195Z [ODDS]  Draw: 1/9 → 1/10, Al-Wehdat: 13/2 → 7/1
2026-02-26T20:32:30.568Z [ODDS]  Draw: 1/10 → 1/11
2026-02-26T20:32:51.763Z [ODDS]  Al Salt: 18/1 → 20/1, Draw: 1/11 → 1/14, Al-Wehdat: 7/1 → 15/2
2026-02-26T20:33:00.334Z [ODDS]  Al Salt: 20/1 → 80/1, Draw: 1/14 → 7/2, Al-Wehdat: 15/2 → 2/11
2026-02-26T20:33:50.400Z [ODDS]  Al Salt: 80/1 → 150/1, Draw: 7/2 → 25/1, Al-Wehdat: 2/11 → 1/125
2026-02-26T20:33:50.400Z [EVENT]  score: 2-1
2026-02-26T20:34:13.860Z [ODDS]  Draw: 25/1 → 28/1, Al-Wehdat: 1/125 → 1/150
2026-02-26T20:34:35.497Z [ODDS]  Draw: 28/1 → 33/1, Al-Wehdat: 1/150 → 1/200
2026-02-26T20:34:56.242Z [ODDS]  Draw: 33/1 → 40/1, Al-Wehdat: 1/200 → 1/250
2026-02-26T20:35:16.544Z [EVENT]  score: 1-1
2026-02-26T20:38:11.220Z [EVENT]  score: 2-1
