2026-02-27T00:08:57.723Z [ODDS]  Porto Velho: 13/5 → 12/5
2026-02-27T00:09:05.844Z [ODDS]  Porto Velho: 12/5 → 5/2
2026-02-27T00:09:35.608Z [ODDS]  Porto Velho: 5/2 → 13/5
2026-02-27T00:09:44.177Z [ODDS]  Porto Velho: 13/5 → 5/2
2026-02-27T00:09:44.627Z [ODDS]  Porto Velho: 5/2 → 13/5, Operario VG: 13/10 → 5/4
2026-02-27T00:09:56.353Z [ODDS]  Porto Velho: 13/5 → 5/2, Operario VG: 5/4 → 13/10
2026-02-27T00:10:02.669Z [ODDS]  Operario VG: 13/10 → 11/8
2026-02-27T00:10:29.278Z [ODDS]  Porto Velho: 5/2 → 12/5, Operario VG: 11/8 → 7/5
2026-02-27T00:10:48.671Z [ODDS]  Operario VG: 7/5 → 11/8
2026-02-27T00:11:05.359Z [ODDS]  Porto Velho: 12/5 → 5/2
2026-02-27T00:11:51.812Z [ODDS]  Porto Velho: 5/2 → 12/5
2026-02-27T00:12:04.439Z [ODDS]  Porto Velho: 12/5 → 9/4, Operario VG: 11/8 → 6/4
2026-02-27T00:13:17.054Z [ODDS]  Porto Velho: 9/4 → 12/5, Operario VG: 6/4 → 7/5
2026-02-27T00:14:08.015Z [ODDS]  Porto Velho: 12/5 → 9/4, Operario VG: 7/5 → 6/4
2026-02-27T00:14:24.253Z [ODDS]  Porto Velho: 9/4 → 12/5, Operario VG: 6/4 → 7/5
2026-02-27T00:14:36.430Z [ODDS]  Porto Velho: 12/5 → 9/4, Operario VG: 7/5 → 6/4
2026-02-27T00:14:45.902Z [ODDS]  Porto Velho: 9/4 → 12/5, Operario VG: 6/4 → 7/5
2026-02-27T00:15:05.854Z [ODDS]  Porto Velho: 12/5 → 9/4, Operario VG: 7/5 → 6/4
2026-02-27T00:15:40.020Z [ODDS]  Porto Velho: 9/4 → 12/5, Operario VG: 6/4 → 7/5
2026-02-27T00:15:44.080Z [ODDS]  Porto Velho: 12/5 → 9/4, Operario VG: 7/5 → 6/4
2026-02-27T00:15:56.708Z [ODDS]  Draw: 15/8 → 7/4
2026-02-27T00:16:06.631Z [ODDS]  Porto Velho: 9/4 → 11/5, Operario VG: 6/4 → 8/5
2026-02-27T00:16:44.965Z [ODDS]  Porto Velho: 11/5 → 9/4, Operario VG: 8/5 → 6/4
2026-02-27T00:18:02.538Z [ODDS]  Operario VG: 6/4 → 8/5
2026-02-27T00:18:40.487Z [ODDS]  Operario VG: 8/5 → 6/4
2026-02-27T00:18:44.482Z [ODDS]  Operario VG: 6/4 → 8/5
2026-02-27T00:20:13.329Z [ODDS]  Draw: 7/4 → 13/8
2026-02-27T00:20:13.780Z [ODDS]  Porto Velho: 9/4 → 12/5, Draw: 13/8 → 7/4, Operario VG: 8/5 → 6/4
2026-02-27T00:20:26.409Z [ODDS]  Draw: 7/4 → 13/8, Operario VG: 6/4 → 8/5
2026-02-27T00:21:43.984Z [ODDS]  Operario VG: 8/5 → 6/4
2026-02-27T00:21:53.901Z [ODDS]  Porto Velho: 12/5 → 5/2
2026-02-27T00:21:58.940Z [ODDS]  Porto Velho: 5/2 → 12/5
2026-02-27T00:22:14.201Z [ODDS]  Operario VG: 6/4 → 8/5
2026-02-27T00:22:22.768Z [ODDS]  Operario VG: 8/5 → 6/4
2026-02-27T00:23:12.377Z [ODDS]  Porto Velho: 12/5 → 9/4, Operario VG: 6/4 → 8/5
2026-02-27T00:23:16.049Z [ODDS]  Porto Velho: 9/4 → 12/5, Operario VG: 8/5 → 6/4
2026-02-27T00:23:29.067Z [ODDS]  Porto Velho: 12/5 → 5/2, Draw: 13/8 → 8/5, Operario VG: 6/4 → 8/5
2026-02-27T00:23:36.732Z [ODDS]  Draw: 8/5 → 13/8, Operario VG: 8/5 → 6/4
2026-02-27T00:23:56.125Z [ODDS]  Porto Velho: 5/2 → 13/5, Operario VG: 6/4 → 7/5
2026-02-27T00:24:03.793Z [ODDS]  Porto Velho: 13/5 → 5/2, Operario VG: 7/5 → 6/4
2026-02-27T00:24:45.289Z [ODDS]  Porto Velho: 5/2 → 13/5
2026-02-27T00:24:57.029Z [ODDS]  Draw: 13/8 → 8/5
2026-02-27T00:26:26.412Z [ODDS]  Porto Velho: 13/5 → 11/4, Draw: 8/5 → 13/8, Operario VG: 6/4 → 7/5
2026-02-27T00:26:46.688Z [ODDS]  Draw: 13/8 → 8/5
2026-02-27T00:26:58.334Z [ODDS]  Operario VG: 7/5 → 6/4
2026-02-27T00:27:20.890Z [ODDS]  Porto Velho: 11/4 → 13/5
2026-02-27T00:27:24.986Z [ODDS]  Porto Velho: 13/5 → 11/4
2026-02-27T00:28:38.463Z [ODDS]  Operario VG: 6/4 → 7/5
2026-02-27T00:28:56.954Z [ODDS]  Operario VG: 7/5 → 6/4
2026-02-27T00:29:00.104Z [ODDS]  Porto Velho: 11/4 → 3/1, Operario VG: 6/4 → 11/8
2026-02-27T00:29:06.878Z [ODDS]  Porto Velho: 3/1 → 11/4, Operario VG: 11/8 → 7/5
2026-02-27T00:29:15.990Z [ODDS]  Porto Velho: 11/4 → 13/5, Operario VG: 7/5 → 6/4
2026-02-27T00:29:19.498Z [ODDS]  Porto Velho: 13/5 → 11/4, Operario VG: 6/4 → 7/5
2026-02-27T00:29:38.440Z [ODDS]  Porto Velho: 11/4 → 3/1, Operario VG: 7/5 → 13/10
2026-02-27T00:29:40.260Z [ODDS]  Operario VG: 13/10 → 11/8
2026-02-27T00:29:40.770Z [ODDS]  Operario VG: 11/8 → 7/5
2026-02-27T00:30:12.270Z [ODDS]  Operario VG: 7/5 → 11/8
2026-02-27T00:30:22.245Z [ODDS]  Operario VG: 11/8 → 7/5
2026-02-27T00:30:39.323Z [ODDS]  Draw: 8/5 → 6/4
2026-02-27T00:31:10.987Z [ODDS]  Operario VG: 7/5 → 11/8
2026-02-27T00:31:34.845Z [ODDS]  Operario VG: 11/8 → 7/5
2026-02-27T00:32:04.132Z [ODDS]  Operario VG: 7/5 → 11/8
2026-02-27T00:32:13.655Z [ODDS]  Operario VG: 11/8 → 7/5
2026-02-27T00:32:18.098Z [ODDS]  Porto Velho: 3/1 → 10/3, Operario VG: 7/5 → 11/8
2026-02-27T00:32:42.451Z [ODDS]  Porto Velho: 10/3 → 3/1, Operario VG: 11/8 → 7/5
2026-02-27T00:32:58.238Z [ODDS]  Operario VG: 7/5 → 11/8
2026-02-27T00:33:40.180Z [ODDS]  Operario VG: 11/8 → 7/5
2026-02-27T00:33:58.219Z [ODDS]  Operario VG: 7/5 → 11/8
2026-02-27T00:36:21.642Z [ODDS]  Porto Velho: 3/1 → 11/4, Draw: 6/4 → 8/5, Operario VG: 11/8 → 7/5
2026-02-27T00:36:24.800Z [ODDS]  Porto Velho: 11/4 → 3/1, Draw: 8/5 → 6/4, Operario VG: 7/5 → 11/8
2026-02-27T00:36:42.869Z [ODDS]  Draw: 6/4 → 7/5, Operario VG: 11/8 → 6/4
2026-02-27T00:36:44.193Z [ODDS]  Porto Velho: 3/1 → 10/3, Operario VG: 6/4 → 11/8
2026-02-27T00:36:44.712Z [ODDS]  Draw: 7/5 → 6/4
2026-02-27T00:37:55.908Z [ODDS]  Porto Velho: 10/3 → 3/1, Operario VG: 11/8 → 7/5
2026-02-27T00:38:38.892Z [ODDS]  Porto Velho: 3/1 → 10/3, Draw: 6/4 → 7/5
2026-02-27T00:39:08.108Z [ODDS]  Porto Velho: 10/3 → 3/1
2026-02-27T00:39:25.246Z [ODDS]  Porto Velho: 3/1 → 10/3
2026-02-27T00:39:32.011Z [ODDS]  Draw: 7/5 → 6/4
2026-02-27T00:39:48.728Z [ODDS]  Draw: 6/4 → 7/5
2026-02-27T00:39:56.407Z [ODDS]  Operario VG: 7/5 → 11/8
2026-02-27T00:40:02.682Z [ODDS]  Porto Velho: 10/3 → 7/2, Draw: 7/5 → 6/4, Operario VG: 11/8 → 13/10
2026-02-27T00:40:13.506Z [ODDS]  Porto Velho: 7/2 → 10/3, Draw: 6/4 → 7/5, Operario VG: 13/10 → 7/5
2026-02-27T00:41:17.553Z [ODDS]  Porto Velho: 10/3 → 7/2, Draw: 7/5 → 6/4, Operario VG: 7/5 → 13/10
2026-02-27T00:41:27.034Z [ODDS]  Porto Velho: 7/2 → 10/3, Draw: 6/4 → 7/5, Operario VG: 13/10 → 11/8
2026-02-27T00:41:38.749Z [ODDS]  Operario VG: 11/8 → 7/5
2026-02-27T00:41:42.357Z [ODDS]  Porto Velho: 10/3 → 3/1, Draw: 7/5 → 6/4
2026-02-27T00:42:01.337Z [ODDS]  Operario VG: 7/5 → 6/4
2026-02-27T00:42:24.300Z [ODDS]  Operario VG: 6/4 → 7/5
2026-02-27T00:42:40.559Z [ODDS]  Porto Velho: 3/1 → 10/3, Draw: 6/4 → 7/5
2026-02-27T00:43:27.048Z [ODDS]  Porto Velho: 10/3 → 3/1, Operario VG: 7/5 → 6/4
2026-02-27T00:43:33.809Z [ODDS]  Porto Velho: 3/1 → 10/3, Operario VG: 6/4 → 7/5
2026-02-27T00:43:58.110Z [ODDS]  Draw: 7/5 → 6/4, Operario VG: 7/5 → 13/10
2026-02-27T00:44:04.015Z [ODDS]  Draw: 6/4 → 7/5, Operario VG: 13/10 → 7/5
2026-02-27T00:44:18.859Z [ODDS]  Operario VG: 7/5 → 11/8
2026-02-27T00:44:26.525Z [ODDS]  Porto Velho: 10/3 → 7/2
2026-02-27T00:44:42.825Z [ODDS]  Porto Velho: 7/2 → 10/3, Operario VG: 11/8 → 7/5
2026-02-27T00:44:49.586Z [ODDS]  Operario VG: 7/5 → 11/8
2026-02-27T00:45:02.180Z [ODDS]  Operario VG: 11/8 → 7/5
2026-02-27T00:45:15.695Z [ODDS]  Porto Velho: 10/3 → 7/2, Operario VG: 7/5 → 11/8
2026-02-27T00:46:04.843Z [ODDS]  Draw: 7/5 → 11/8
2026-02-27T00:46:51.787Z [ODDS]  Operario VG: 11/8 → 7/5
2026-02-27T00:47:58.949Z [ODDS]  Porto Velho: 7/2 → 10/3, Operario VG: 7/5 → 6/4
2026-02-27T00:47:59.849Z [ODDS]  Draw: 11/8 → 13/10
2026-02-27T00:48:06.165Z [ODDS]  Porto Velho: 10/3 → 7/2, Operario VG: 6/4 → 7/5
2026-02-27T00:48:34.127Z [ODDS]  Porto Velho: 7/2 → 15/4
2026-02-27T00:49:03.542Z [ODDS]  Porto Velho: 15/4 → 4/5, Draw: 13/10 → 2/1, Operario VG: 7/5 → 5/1
2026-02-27T00:49:03.542Z [EVENT]  score: 0-1
2026-02-27T00:49:19.229Z [ODDS]  Porto Velho: 4/5 → 8/11
2026-02-27T00:49:41.327Z [ODDS]  Draw: 2/1 → 21/10
2026-02-27T00:50:05.682Z [ODDS]  Operario VG: 5/1 → 11/2
2026-02-27T00:50:51.266Z [ODDS]  Porto Velho: 8/11 → 4/6
2026-02-27T00:51:16.969Z [ODDS]  Porto Velho: 4/6 → 8/11
2026-02-27T00:52:05.649Z [ODDS]  Porto Velho: 8/11 → 4/6, Operario VG: 11/2 → 6/1
2026-02-27T00:52:09.808Z [ODDS]  Porto Velho: 4/6 → 8/11, Operario VG: 6/1 → 11/2
2026-02-27T00:52:15.569Z [ODDS]  Draw: 21/10 → 2/1
2026-02-27T00:52:40.938Z [ODDS]  Draw: 2/1 → 21/10
2026-02-27T00:53:53.442Z [ODDS]  Porto Velho: 8/11 → 4/6, Operario VG: 11/2 → 6/1
2026-02-27T00:56:01.533Z [ODDS]  Porto Velho: 4/6 → 8/11, Operario VG: 6/1 → 11/2
2026-02-27T01:08:52.153Z [ODDS]  Operario VG: 11/2 → 6/1
2026-02-27T01:09:42.217Z [ODDS]  Porto Velho: 8/11 → 4/6
2026-02-27T01:09:54.396Z [ODDS]  Draw: 21/10 → 2/1
2026-02-27T01:10:21.015Z [ODDS]  Draw: 2/1 → 21/10
2026-02-27T01:10:51.673Z [ODDS]  Operario VG: 6/1 → 13/2
2026-02-27T01:10:52.122Z [ODDS]  Porto Velho: 4/6 → 8/13
2026-02-27T01:11:00.246Z [ODDS]  Porto Velho: 8/13 → 4/6
2026-02-27T01:11:27.300Z [ODDS]  Porto Velho: 4/6 → 8/13
2026-02-27T01:11:33.619Z [ODDS]  Operario VG: 13/2 → 7/1
2026-02-27T01:11:53.011Z [ODDS]  Draw: 21/10 → 11/5
2026-02-27T01:11:57.973Z [ODDS]  Draw: 11/5 → 21/10
2026-02-27T01:13:55.686Z [ODDS]  Operario VG: 7/1 → 15/2
2026-02-27T01:14:14.178Z [ODDS]  Operario VG: 15/2 → 7/1
2026-02-27T01:14:14.627Z [ODDS]  Operario VG: 7/1 → 15/2
2026-02-27T01:15:26.787Z [ODDS]  Porto Velho: 8/13 → 4/7, Draw: 21/10 → 11/5
2026-02-27T01:15:31.749Z [ODDS]  Porto Velho: 4/7 → 8/13, Draw: 11/5 → 21/10
2026-02-27T01:15:52.076Z [ODDS]  Porto Velho: 8/13 → 4/7, Draw: 21/10 → 11/5, Operario VG: 15/2 → 8/1
2026-02-27T01:16:40.301Z [ODDS]  Draw: 11/5 → 21/10
2026-02-27T01:17:04.653Z [ODDS]  Porto Velho: 4/7 → 8/13, Operario VG: 8/1 → 7/1
2026-02-27T01:17:11.870Z [ODDS]  Operario VG: 7/1 → 15/2
2026-02-27T01:17:18.635Z [ODDS]  Porto Velho: 8/13 → 4/7, Operario VG: 15/2 → 8/1
2026-02-27T01:17:26.754Z [ODDS]  Porto Velho: 4/7 → 8/13
2026-02-27T01:17:51.107Z [ODDS]  Porto Velho: 8/13 → 4/7
2026-02-27T01:18:07.799Z [ODDS]  Draw: 21/10 → 11/5
2026-02-27T01:18:09.600Z [ODDS]  Draw: 11/5 → 21/10
2026-02-27T01:18:22.228Z [ODDS]  Operario VG: 8/1 → 17/2
2026-02-27T01:18:44.778Z [ODDS]  Draw: 21/10 → 11/5
2026-02-27T01:19:01.915Z [ODDS]  Porto Velho: 4/7 → 8/15
2026-02-27T01:19:23.113Z [ODDS]  Operario VG: 17/2 → 9/1
2026-02-27T01:20:17.685Z [ODDS]  Porto Velho: 8/15 → 4/7, Draw: 11/5 → 21/10
2026-02-27T01:20:33.469Z [ODDS]  Porto Velho: 4/7 → 8/15, Draw: 21/10 → 11/5
2026-02-27T01:20:38.880Z [ODDS]  Porto Velho: 8/15 → 1/2, Draw: 11/5 → 9/4, Operario VG: 9/1 → 10/1
2026-02-27T01:21:20.373Z [ODDS]  Porto Velho: 1/2 → 8/15, Draw: 9/4 → 11/5, Operario VG: 10/1 → 9/1
2026-02-27T01:21:39.765Z [ODDS]  Operario VG: 9/1 → 10/1
2026-02-27T01:22:51.023Z [ODDS]  Porto Velho: 8/15 → 1/2, Draw: 11/5 → 9/4
2026-02-27T01:22:57.337Z [ODDS]  Porto Velho: 1/2 → 8/15, Draw: 9/4 → 11/5
2026-02-27T01:23:36.124Z [ODDS]  Porto Velho: 8/15 → 1/2
2026-02-27T01:24:35.656Z [ODDS]  Draw: 11/5 → 9/4, Operario VG: 10/1 → 11/1
2026-02-27T01:24:37.911Z [ODDS]  Porto Velho: 1/2 → 8/15, Draw: 9/4 → 11/5, Operario VG: 11/1 → 10/1
2026-02-27T01:24:41.068Z [ODDS]  Porto Velho: 8/15 → 1/2, Draw: 11/5 → 9/4, Operario VG: 10/1 → 11/1
2026-02-27T01:25:15.347Z [ODDS]  Porto Velho: 1/2 → 4/9, Draw: 9/4 → 12/5, Operario VG: 11/1 → 12/1
2026-02-27T01:26:24.349Z [ODDS]  Draw: 12/5 → 9/4
2026-02-27T01:26:36.526Z [ODDS]  Draw: 9/4 → 12/5
2026-02-27T01:26:54.569Z [ODDS]  Operario VG: 12/1 → 14/1
2026-02-27T01:27:45.532Z [ODDS]  Draw: 12/5 → 9/4
2026-02-27T01:27:58.613Z [ODDS]  Draw: 9/4 → 12/5
2026-02-27T01:28:04.927Z [ODDS]  Draw: 12/5 → 9/4, Operario VG: 14/1 → 16/1
2026-02-27T01:28:40.556Z [ODDS]  Porto Velho: 4/9 → 2/5, Draw: 9/4 → 12/5
2026-02-27T01:29:20.699Z [ODDS]  Draw: 12/5 → 9/4, Operario VG: 16/1 → 18/1
2026-02-27T01:29:48.659Z [ODDS]  Draw: 9/4 → 12/5, Operario VG: 18/1 → 16/1
2026-02-27T01:30:09.856Z [ODDS]  Draw: 12/5 → 9/4, Operario VG: 16/1 → 18/1
2026-02-27T01:30:29.249Z [ODDS]  Draw: 9/4 → 12/5
2026-02-27T01:30:31.052Z [ODDS]  Operario VG: 18/1 → 20/1
2026-02-27T01:31:38.704Z [ODDS]  Porto Velho: 2/5 → 4/9, Draw: 12/5 → 11/5, Operario VG: 20/1 → 18/1
2026-02-27T01:31:40.056Z [ODDS]  Porto Velho: 4/9 → 2/5, Draw: 11/5 → 12/5, Operario VG: 18/1 → 20/1
2026-02-27T01:32:38.235Z [ODDS]  Porto Velho: 2/5 → 4/11
2026-02-27T01:33:07.550Z [ODDS]  Operario VG: 20/1 → 22/1
2026-02-27T01:34:00.768Z [ODDS]  Operario VG: 22/1 → 20/1
2026-02-27T01:34:07.083Z [ODDS]  Operario VG: 20/1 → 22/1
2026-02-27T01:34:19.259Z [ODDS]  Porto Velho: 4/11 → 2/5, Operario VG: 22/1 → 20/1
2026-02-27T01:34:38.656Z [ODDS]  Operario VG: 20/1 → 22/1
2026-02-27T01:35:16.089Z [ODDS]  Porto Velho: 2/5 → 4/11, Operario VG: 22/1 → 25/1
2026-02-27T01:35:30.071Z [ODDS]  Draw: 12/5 → 5/2
2026-02-27T01:35:33.680Z [ODDS]  Draw: 5/2 → 12/5
2026-02-27T01:35:48.564Z [ODDS]  Porto Velho: 4/11 → 1/3, Draw: 12/5 → 5/2
2026-02-27T01:36:08.406Z [ODDS]  Porto Velho: 1/3 → 4/11
2026-02-27T01:36:29.604Z [ODDS]  Porto Velho: 4/11 → 1/3
2026-02-27T01:36:53.506Z [ODDS]  Operario VG: 25/1 → 28/1
2026-02-27T01:37:19.665Z [ODDS]  Porto Velho: 1/3 → 2/5, Draw: 5/2 → 12/5, Operario VG: 28/1 → 22/1
2026-02-27T01:37:21.921Z [ODDS]  Porto Velho: 2/5 → 1/3, Draw: 12/5 → 5/2, Operario VG: 22/1 → 28/1
2026-02-27T01:37:38.610Z [ODDS]  Draw: 5/2 → 13/5
2026-02-27T01:37:56.647Z [ODDS]  Draw: 13/5 → 5/2
2026-02-27T01:38:31.157Z [ODDS]  Operario VG: 28/1 → 33/1
2026-02-27T01:39:27.983Z [ODDS]  Draw: 5/2 → 13/5
2026-02-27T01:40:34.736Z [ODDS]  Porto Velho: 1/3 → 3/10
2026-02-27T01:41:04.953Z [ODDS]  Porto Velho: 3/10 → 1/3
2026-02-27T01:41:35.177Z [ODDS]  Porto Velho: 1/3 → 3/10
2026-02-27T01:41:35.627Z [ODDS]  Porto Velho: 3/10 → 4/11, Draw: 13/5 → 12/5, Operario VG: 33/1 → 28/1
2026-02-27T01:41:46.903Z [ODDS]  Porto Velho: 4/11 → 1/3, Draw: 12/5 → 5/2, Operario VG: 28/1 → 33/1
2026-02-27T01:42:13.061Z [ODDS]  Draw: 5/2 → 13/5
2026-02-27T01:42:13.511Z [ODDS]  Porto Velho: 1/3 → 3/10, Operario VG: 33/1 → 40/1
2026-02-27T01:42:24.337Z [ODDS]  Draw: 13/5 → 11/4
2026-02-27T01:42:27.943Z [ODDS]  Porto Velho: 3/10 → 2/7
2026-02-27T01:42:43.730Z [ODDS]  Porto Velho: 2/7 → 3/10
2026-02-27T01:43:20.710Z [ODDS]  Porto Velho: 3/10 → 2/7
2026-02-27T01:43:47.320Z [ODDS]  Porto Velho: 2/7 → 1/3, Draw: 11/4 → 5/2, Operario VG: 40/1 → 33/1
2026-02-27T01:43:47.771Z [ODDS]  Draw: 5/2 → 13/5
2026-02-27T01:44:39.188Z [ODDS]  Porto Velho: 1/3 → 3/10
2026-02-27T01:44:47.758Z [ODDS]  Porto Velho: 3/10 → 2/7, Draw: 13/5 → 11/4, Operario VG: 33/1 → 40/1
2026-02-27T01:45:12.112Z [ODDS]  Porto Velho: 2/7 → 1/4, Draw: 11/4 → 3/1
2026-02-27T01:45:19.333Z [ODDS]  Porto Velho: 1/4 → 2/7, Draw: 3/1 → 11/4
2026-02-27T01:45:21.583Z [ODDS]  Porto Velho: 2/7 → 1/4, Draw: 11/4 → 3/1
2026-02-27T01:45:34.210Z [ODDS]  Operario VG: 40/1 → 50/1
2026-02-27T01:46:31.497Z [ODDS]  Porto Velho: 1/4 → 2/9, Draw: 3/1 → 10/3
2026-02-27T01:46:38.714Z [ODDS]  Porto Velho: 2/9 → 1/4, Draw: 10/3 → 3/1
2026-02-27T01:47:06.226Z [ODDS]  Porto Velho: 1/4 → 2/9
2026-02-27T01:47:13.892Z [ODDS]  Draw: 3/1 → 10/3
2026-02-27T01:47:42.756Z [ODDS]  Porto Velho: 2/9 → 1/5, Draw: 10/3 → 7/2
2026-02-27T01:48:25.602Z [ODDS]  Operario VG: 50/1 → 66/1
2026-02-27T01:48:35.524Z [ODDS]  Draw: 7/2 → 15/4
2026-02-27T01:49:28.744Z [ODDS]  Porto Velho: 1/5 → 2/11
2026-02-27T01:49:30.545Z [ODDS]  Draw: 15/4 → 4/1, Operario VG: 66/1 → 80/1
2026-02-27T01:49:30.996Z [ODDS]  Draw: 4/1 → 15/4
2026-02-27T01:49:35.958Z [ODDS]  Draw: 15/4 → 4/1
2026-02-27T01:49:58.508Z [ODDS]  Porto Velho: 2/11 → 1/5, Draw: 4/1 → 7/2, Operario VG: 80/1 → 66/1
2026-02-27T01:50:00.332Z [ODDS]  Draw: 7/2 → 15/4
2026-02-27T01:50:19.705Z [ODDS]  Porto Velho: 1/5 → 2/11
2026-02-27T01:50:20.609Z [ODDS]  Operario VG: 66/1 → 80/1
2026-02-27T01:50:38.647Z [ODDS]  Draw: 15/4 → 4/1
2026-02-27T01:50:44.522Z [ODDS]  Porto Velho: 2/11 → 1/6
2026-02-27T01:51:02.099Z [ODDS]  Porto Velho: 1/6 → 2/11, Draw: 4/1 → 15/4
2026-02-27T01:51:03.452Z [ODDS]  Draw: 15/4 → 4/1
2026-02-27T01:51:03.903Z [ODDS]  Porto Velho: 2/11 → 1/6
2026-02-27T01:51:10.668Z [ODDS]  Porto Velho: 1/6 → 2/11
2026-02-27T01:51:22.396Z [ODDS]  Porto Velho: 2/11 → 1/6
2026-02-27T01:51:38.181Z [ODDS]  Porto Velho: 1/6 → 1/7, Draw: 4/1 → 9/2
2026-02-27T01:52:02.083Z [ODDS]  Operario VG: 80/1 → 100/1
2026-02-27T01:52:45.989Z [ODDS]  Porto Velho: 1/7 → 1/8, Draw: 9/2 → 5/1
2026-02-27T01:52:56.364Z [ODDS]  Operario VG: 100/1 → 125/1
2026-02-27T01:54:12.582Z [ODDS]  Porto Velho: 1/8 → 12/1, Draw: 5/1 → 1/7, Operario VG: 125/1 → 8/1
2026-02-27T01:54:12.582Z [EVENT]  score: 1-1
2026-02-27T01:54:26.564Z [ODDS]  Operario VG: 8/1 → 17/2
2026-02-27T01:54:44.153Z [ODDS]  Draw: 1/7 → 1/8
2026-02-27T01:55:07.153Z [ODDS]  Operario VG: 17/2 → 9/1
2026-02-27T01:55:38.725Z [ODDS]  Porto Velho: 12/1 → 14/1, Draw: 1/8 → 1/9, Operario VG: 9/1 → 10/1
2026-02-27T01:55:56.764Z [ODDS]  Draw: 1/9 → 1/10
2026-02-27T01:56:18.412Z [ODDS]  Draw: 1/10 → 1/11, Operario VG: 10/1 → 11/1
2026-02-27T01:56:28.334Z [ODDS]  Porto Velho: 14/1 → 16/1
2026-02-27T01:56:32.394Z [ODDS]  Draw: 1/11 → 1/8, Operario VG: 11/1 → 15/2
2026-02-27T01:56:43.668Z [ODDS]  Draw: 1/8 → 1/12, Operario VG: 15/2 → 11/1
2026-02-27T01:57:02.162Z [ODDS]  Draw: 1/12 → 1/14, Operario VG: 11/1 → 12/1
2026-02-27T01:57:10.278Z [ODDS]  Draw: 1/14 → 1/11, Operario VG: 12/1 → 10/1
2026-02-27T01:57:13.887Z [ODDS]  Draw: 1/11 → 1/14, Operario VG: 10/1 → 12/1
2026-02-27T01:57:23.358Z [ODDS]  Porto Velho: 16/1 → 18/1
2026-02-27T01:57:41.849Z [ODDS]  Draw: 1/14 → 1/16, Operario VG: 12/1 → 14/1
2026-02-27T01:57:55.829Z [ODDS]  Draw: 1/16 → 1/18
2026-02-27T01:58:03.947Z [ODDS]  Porto Velho: 18/1 → 20/1
2026-02-27T01:58:04.400Z [ODDS]  Porto Velho: 20/1 → 11/1, Draw: 1/18 → 1/11, Operario VG: 14/1 → 16/1
2026-02-27T01:58:05.752Z [ODDS]  Porto Velho: 11/1 → 20/1, Draw: 1/11 → 1/20, Operario VG: 16/1 → 14/1
2026-02-27T01:58:21.989Z [ODDS]  Operario VG: 14/1 → 16/1
2026-02-27T01:58:34.619Z [ODDS]  Draw: 1/20 → 1/22
2026-02-27T01:59:00.328Z [ODDS]  Draw: 1/22 → 1/25
2026-02-27T01:59:08.896Z [ODDS]  Porto Velho: 20/1 → 22/1
2026-02-27T01:59:09.797Z [ODDS]  Draw: 1/25 → 1/28
2026-02-27T01:59:21.975Z [ODDS]  Operario VG: 16/1 → 18/1
2026-02-27T01:59:32.347Z [ODDS]  Draw: 1/28 → 1/33
2026-02-27T02:00:04.371Z [ODDS]  Porto Velho: 22/1 → 25/1, Draw: 1/33 → 1/40, Operario VG: 18/1 → 20/1
2026-02-27T02:00:04.822Z [ODDS]  Porto Velho: 25/1 → 14/1, Draw: 1/40 → 1/20, Operario VG: 20/1 → 25/1
2026-02-27T02:00:07.076Z [ODDS]  Porto Velho: 14/1 → 25/1, Draw: 1/20 → 1/40, Operario VG: 25/1 → 20/1
2026-02-27T02:00:24.666Z [ODDS]  Draw: 1/40 → 1/50
2026-02-27T02:00:42.256Z [ODDS]  Draw: 1/50 → 1/66
2026-02-27T02:10:38.841Z [ODDS]  Porto Velho: 19/20 → 7/10, Operario VG: 4/5 → 21/20
2026-02-27T02:11:50.549Z [ODDS]  Porto Velho: 7/10 → 19/20, Operario VG: 21/20 → 4/5
2026-02-27T02:12:51.886Z [ODDS]  Porto Velho: 19/20 → 4/6, Operario VG: 4/5 → 11/10
2026-02-27T02:13:47.809Z [ODDS]  Porto Velho: 4/6 → 1/5, Operario VG: 11/10 → 10/3
2026-02-27T02:14:46.895Z [ODDS]  Porto Velho: 1/5 → 1/9, Operario VG: 10/3 → 11/2
2026-02-27T02:15:45.531Z [ODDS]  Porto Velho: 1/9 → 1/150, Operario VG: 11/2 → 28/1
2026-02-27T02:17:48.197Z [ODDS]  Porto Velho: 1/150 → 1/20, Operario VG: 28/1 → 10/1
2026-02-27T02:18:52.241Z [ODDS]  Porto Velho: 1/20 → 0/0, Operario VG: 10/1 → 0/0
