2026-02-27T00:10:12.594Z [ODDS]  Avai U20: 11/2 → 5/1, Draw: 7/2 → 10/3, Botafogo U20: 2/5 → 4/9
2026-02-27T00:10:44.161Z [ODDS]  Avai U20: 5/1 → 9/2
2026-02-27T00:10:44.612Z [ODDS]  Avai U20: 9/2 → 5/1
2026-02-27T00:11:16.182Z [ODDS]  Avai U20: 5/1 → 9/2, Botafogo U20: 4/9 → 1/2
2026-02-27T00:11:44.602Z [ODDS]  Avai U20: 9/2 → 5/1, Botafogo U20: 1/2 → 4/9
2026-02-27T00:11:58.149Z [ODDS]  Avai U20: 5/1 → 6/4, Draw: 10/3 → 11/4, Botafogo U20: 4/9 → 13/10
2026-02-27T00:11:58.149Z [EVENT]  score: 0-1
2026-02-27T00:12:17.520Z [ODDS]  Avai U20: 6/4 → 2/1, Draw: 11/4 → 3/1, Botafogo U20: 13/10 → 1/1
2026-02-27T00:12:26.990Z [ODDS]  Draw: 3/1 → 11/4
2026-02-27T00:12:28.343Z [ODDS]  Botafogo U20: 1/1 → 21/20
2026-02-27T00:12:49.540Z [ODDS]  Avai U20: 2/1 → 15/8
2026-02-27T00:12:54.501Z [ODDS]  Avai U20: 15/8 → 2/1, Draw: 11/4 → 3/1, Botafogo U20: 21/20 → 1/1
2026-02-27T00:12:56.759Z [ODDS]  Draw: 3/1 → 11/4, Botafogo U20: 1/1 → 21/20
2026-02-27T00:13:22.466Z [ODDS]  Avai U20: 2/1 → 15/8
2026-02-27T00:13:43.210Z [ODDS]  Botafogo U20: 21/20 → 11/10
2026-02-27T00:13:47.268Z [ODDS]  Botafogo U20: 11/10 → 21/20
2026-02-27T00:13:50.425Z [ODDS]  Botafogo U20: 21/20 → 11/10
2026-02-27T00:14:25.608Z [ODDS]  Avai U20: 15/8 → 7/4
2026-02-27T00:14:37.331Z [ODDS]  Avai U20: 7/4 → 15/8
2026-02-27T00:14:40.489Z [ODDS]  Avai U20: 15/8 → 7/4
2026-02-27T00:15:00.333Z [ODDS]  Botafogo U20: 11/10 → 6/5
2026-02-27T00:15:46.404Z [ODDS]  Botafogo U20: 6/5 → 11/10
2026-02-27T00:16:24.670Z [ODDS]  Botafogo U20: 11/10 → 6/5
2026-02-27T00:16:26.474Z [ODDS]  Botafogo U20: 6/5 → 11/10
2026-02-27T00:16:43.612Z [ODDS]  Botafogo U20: 11/10 → 6/5
2026-02-27T00:16:44.513Z [ODDS]  Botafogo U20: 6/5 → 11/10
2026-02-27T00:16:46.318Z [ODDS]  Botafogo U20: 11/10 → 6/5
2026-02-27T00:17:42.693Z [ODDS]  Avai U20: 7/4 → 13/8
2026-02-27T00:18:02.988Z [ODDS]  Botafogo U20: 6/5 → 5/4
2026-02-27T00:18:37.266Z [ODDS]  Avai U20: 13/8 → 8/5, Botafogo U20: 5/4 → 13/10
2026-02-27T00:18:42.678Z [ODDS]  Avai U20: 8/5 → 6/4, Botafogo U20: 13/10 → 11/8
2026-02-27T00:19:14.247Z [ODDS]  Botafogo U20: 11/8 → 7/5
2026-02-27T00:20:34.527Z [ODDS]  Botafogo U20: 7/5 → 11/8
2026-02-27T00:23:18.692Z [ODDS]  Botafogo U20: 11/8 → 7/5
2026-02-27T00:23:23.651Z [ODDS]  Botafogo U20: 7/5 → 11/8
2026-02-27T00:23:58.380Z [ODDS]  Draw: 11/4 → 13/5
2026-02-27T00:25:00.620Z [ODDS]  Avai U20: 6/4 → 8/5
2026-02-27T00:27:03.296Z [ODDS]  Avai U20: 8/5 → 13/8, Botafogo U20: 11/8 → 13/10
2026-02-27T00:27:09.612Z [ODDS]  Avai U20: 13/8 → 8/5
2026-02-27T00:27:39.015Z [ODDS]  Avai U20: 8/5 → 13/8
2026-02-27T00:29:09.127Z [ODDS]  Avai U20: 13/8 → 8/5
2026-02-27T00:29:33.500Z [ODDS]  Avai U20: 8/5 → 13/8
2026-02-27T00:30:38.872Z [ODDS]  Avai U20: 13/8 → 8/5, Draw: 13/5 → 5/2, Botafogo U20: 13/10 → 11/8
2026-02-27T00:32:00.058Z [ODDS]  Botafogo U20: 11/8 → 7/5
2026-02-27T00:33:00.042Z [ODDS]  Avai U20: 8/5 → 6/4
2026-02-27T00:33:14.482Z [ODDS]  Botafogo U20: 7/5 → 6/4
2026-02-27T00:37:08.571Z [ODDS]  Avai U20: 6/4 → 7/5
2026-02-27T00:37:38.314Z [ODDS]  Botafogo U20: 6/4 → 8/5
2026-02-27T00:37:57.724Z [ODDS]  Avai U20: 7/5 → 11/8, Botafogo U20: 8/5 → 13/8
2026-02-27T00:39:22.540Z [ODDS]  Draw: 5/2 → 12/5
2026-02-27T00:39:55.076Z [ODDS]  Avai U20: 11/8 → 13/10, Draw: 12/5 → 5/2, Botafogo U20: 13/8 → 7/4
2026-02-27T00:39:58.621Z [ODDS]  Avai U20: 13/10 → 11/8, Draw: 5/2 → 12/5, Botafogo U20: 7/4 → 13/8
2026-02-27T00:40:54.554Z [ODDS]  Avai U20: 11/8 → 13/10, Botafogo U20: 13/8 → 7/4
2026-02-27T00:41:22.060Z [ODDS]  Avai U20: 13/10 → 11/8
2026-02-27T00:41:28.825Z [ODDS]  Avai U20: 11/8 → 13/10
2026-02-27T00:41:34.690Z [ODDS]  Avai U20: 13/10 → 11/8, Botafogo U20: 7/4 → 13/8
2026-02-27T00:42:29.712Z [ODDS]  Botafogo U20: 13/8 → 7/4
2026-02-27T00:42:39.183Z [ODDS]  Botafogo U20: 7/4 → 13/8
2026-02-27T00:43:02.267Z [ODDS]  Botafogo U20: 13/8 → 7/4
2026-02-27T00:43:10.753Z [ODDS]  Avai U20: 11/8 → 7/5, Botafogo U20: 7/4 → 13/8
2026-02-27T00:43:34.657Z [ODDS]  Avai U20: 7/5 → 11/8
2026-02-27T00:44:01.762Z [ODDS]  Avai U20: 11/8 → 7/5
2026-02-27T00:44:48.662Z [ODDS]  Botafogo U20: 13/8 → 8/5
2026-02-27T00:45:08.468Z [ODDS]  Botafogo U20: 8/5 → 13/8
2026-02-27T00:46:19.287Z [ODDS]  Avai U20: 7/5 → 11/8, Botafogo U20: 13/8 → 7/4
2026-02-27T00:46:36.414Z [ODDS]  Avai U20: 11/8 → 7/5, Botafogo U20: 7/4 → 13/8
2026-02-27T00:46:38.219Z [ODDS]  Avai U20: 7/5 → 11/8, Botafogo U20: 13/8 → 7/4
2026-02-27T00:47:16.554Z [ODDS]  Avai U20: 11/8 → 7/5, Botafogo U20: 7/4 → 13/8
2026-02-27T00:47:42.711Z [ODDS]  Avai U20: 7/5 → 11/8, Botafogo U20: 13/8 → 7/4
2026-02-27T00:47:55.443Z [ODDS]  Avai U20: 11/8 → 7/5, Botafogo U20: 7/4 → 13/8
2026-02-27T00:48:12.479Z [ODDS]  Avai U20: 7/5 → 11/8
2026-02-27T00:48:12.930Z [ODDS]  Draw: 12/5 → 9/4, Botafogo U20: 13/8 → 7/4
2026-02-27T00:49:10.207Z [ODDS]  Avai U20: 11/8 → 13/10
2026-02-27T00:49:19.229Z [ODDS]  Botafogo U20: 7/4 → 15/8
2026-02-27T00:49:52.601Z [ODDS]  Avai U20: 13/10 → 11/8, Botafogo U20: 15/8 → 7/4
2026-02-27T00:50:18.759Z [ODDS]  Avai U20: 11/8 → 7/5
2026-02-27T00:50:19.210Z [ODDS]  Avai U20: 7/5 → 11/8
2026-02-27T00:50:49.431Z [ODDS]  Draw: 9/4 → 11/5
2026-02-27T00:51:24.156Z [ODDS]  Botafogo U20: 7/4 → 15/8
2026-02-27T00:51:25.161Z [ODDS]  Draw: 11/5 → 9/4
2026-02-27T00:51:27.312Z [ODDS]  Botafogo U20: 15/8 → 7/4
2026-02-27T00:51:44.451Z [ODDS]  Draw: 9/4 → 11/5
2026-02-27T00:52:11.511Z [ODDS]  Avai U20: 11/8 → 7/5
2026-02-27T00:52:29.104Z [ODDS]  Avai U20: 7/5 → 11/8, Draw: 11/5 → 9/4
2026-02-27T00:52:55.712Z [ODDS]  Avai U20: 11/8 → 7/5, Draw: 9/4 → 11/5
2026-02-27T00:53:42.164Z [ODDS]  Avai U20: 7/5 → 11/8, Draw: 11/5 → 9/4
2026-02-27T00:53:47.578Z [ODDS]  Avai U20: 11/8 → 7/5, Draw: 9/4 → 11/5
2026-02-27T00:54:11.031Z [ODDS]  Avai U20: 7/5 → 11/8, Draw: 11/5 → 9/4
2026-02-27T00:54:14.189Z [ODDS]  Avai U20: 11/8 → 7/5, Draw: 9/4 → 11/5
2026-02-27T00:54:20.954Z [ODDS]  Avai U20: 7/5 → 11/8, Draw: 11/5 → 9/4
2026-02-27T00:54:22.306Z [ODDS]  Botafogo U20: 7/4 → 15/8
2026-02-27T00:54:22.757Z [ODDS]  Avai U20: 11/8 → 13/10
2026-02-27T00:54:24.562Z [ODDS]  Avai U20: 13/10 → 11/8, Botafogo U20: 15/8 → 7/4
2026-02-27T00:54:25.013Z [ODDS]  Botafogo U20: 7/4 → 15/8
2026-02-27T00:56:43.472Z [ODDS]  Avai U20: 11/8 → 13/8, Botafogo U20: 15/8 → 6/4
2026-02-27T00:56:50.236Z [ODDS]  Avai U20: 13/8 → 8/5, Botafogo U20: 6/4 → 8/5
2026-02-27T00:56:57.001Z [ODDS]  Avai U20: 8/5 → 6/4, Botafogo U20: 8/5 → 13/8
2026-02-27T01:11:25.045Z [ODDS]  Draw: 9/4 → 11/5
2026-02-27T01:11:37.678Z [ODDS]  Avai U20: 6/4 → 7/5, Botafogo U20: 13/8 → 7/4
2026-02-27T01:11:38.127Z [ODDS]  Draw: 11/5 → 9/4
2026-02-27T01:12:25.483Z [ODDS]  Draw: 9/4 → 11/5
2026-02-27T01:14:19.588Z [ODDS]  Avai U20: 7/5 → 11/8
2026-02-27T01:14:26.804Z [ODDS]  Botafogo U20: 7/4 → 15/8
2026-02-27T01:14:53.864Z [ODDS]  Avai U20: 11/8 → 13/10, Draw: 11/5 → 21/10, Botafogo U20: 15/8 → 2/1
2026-02-27T01:15:08.296Z [ODDS]  Botafogo U20: 2/1 → 15/8
2026-02-27T01:15:10.553Z [ODDS]  Botafogo U20: 15/8 → 2/1
2026-02-27T01:16:08.731Z [ODDS]  Avai U20: 13/10 → 5/4, Botafogo U20: 2/1 → 21/10
2026-02-27T01:17:18.184Z [ODDS]  Avai U20: 5/4 → 6/5, Botafogo U20: 21/10 → 11/5
2026-02-27T01:17:27.206Z [ODDS]  Avai U20: 6/5 → 5/4, Botafogo U20: 11/5 → 21/10
2026-02-27T01:18:45.228Z [ODDS]  Botafogo U20: 21/10 → 11/5
2026-02-27T01:18:48.386Z [ODDS]  Avai U20: 5/4 → 13/10, Draw: 21/10 → 2/1, Botafogo U20: 11/5 → 21/10
2026-02-27T01:19:12.739Z [ODDS]  Avai U20: 13/10 → 5/4
2026-02-27T01:19:20.858Z [ODDS]  Botafogo U20: 21/10 → 11/5
2026-02-27T01:19:29.876Z [ODDS]  Botafogo U20: 11/5 → 21/10
2026-02-27T01:19:38.446Z [ODDS]  Botafogo U20: 21/10 → 11/5
2026-02-27T01:19:44.760Z [ODDS]  Avai U20: 5/4 → 13/10, Botafogo U20: 11/5 → 21/10
2026-02-27T01:19:46.564Z [ODDS]  Avai U20: 13/10 → 5/4, Botafogo U20: 21/10 → 11/5
2026-02-27T01:20:00.094Z [ODDS]  Avai U20: 5/4 → 6/5
2026-02-27T01:20:19.939Z [ODDS]  Botafogo U20: 11/5 → 9/4
2026-02-27T01:20:51.960Z [ODDS]  Botafogo U20: 9/4 → 12/5
2026-02-27T01:21:16.313Z [ODDS]  Botafogo U20: 12/5 → 9/4
2026-02-27T01:21:18.117Z [ODDS]  Botafogo U20: 9/4 → 12/5
2026-02-27T01:21:28.039Z [ODDS]  Avai U20: 6/5 → 11/10
2026-02-27T01:21:44.728Z [ODDS]  Botafogo U20: 12/5 → 5/2
2026-02-27T01:22:06.825Z [ODDS]  Avai U20: 11/10 → 6/5, Botafogo U20: 5/2 → 12/5
2026-02-27T01:22:36.140Z [ODDS]  Avai U20: 6/5 → 11/10, Botafogo U20: 12/5 → 5/2
2026-02-27T01:23:11.319Z [ODDS]  Botafogo U20: 5/2 → 13/5
2026-02-27T01:23:24.398Z [ODDS]  Botafogo U20: 13/5 → 5/2
2026-02-27T01:23:41.088Z [ODDS]  Botafogo U20: 5/2 → 13/5
2026-02-27T01:23:59.125Z [ODDS]  Avai U20: 11/10 → 21/20, Botafogo U20: 13/5 → 11/4
2026-02-27T01:24:01.380Z [ODDS]  Avai U20: 21/20 → 11/10, Botafogo U20: 11/4 → 13/5
2026-02-27T01:24:10.401Z [ODDS]  Avai U20: 11/10 → 21/20, Botafogo U20: 13/5 → 11/4
2026-02-27T01:24:34.303Z [ODDS]  Avai U20: 21/20 → 1/1, Botafogo U20: 11/4 → 3/1
2026-02-27T01:24:48.286Z [ODDS]  Avai U20: 1/1 → 21/20, Botafogo U20: 3/1 → 11/4
2026-02-27T01:24:52.796Z [ODDS]  Avai U20: 21/20 → 1/1
2026-02-27T01:25:27.975Z [ODDS]  Avai U20: 1/1 → 21/20
2026-02-27T01:25:31.582Z [ODDS]  Avai U20: 21/20 → 1/1
2026-02-27T01:25:33.837Z [ODDS]  Botafogo U20: 11/4 → 3/1
2026-02-27T01:26:41.491Z [ODDS]  Avai U20: 1/1 → 7/1, Draw: 2/1 → 6/4, Botafogo U20: 3/1 → 8/11
2026-02-27T01:26:41.491Z [EVENT]  score: 1-1
2026-02-27T01:27:03.135Z [ODDS]  Avai U20: 7/1 → 15/2, Draw: 6/4 → 7/5
2026-02-27T01:27:41.471Z [ODDS]  Avai U20: 15/2 → 13/2, Draw: 7/5 → 13/10, Botafogo U20: 8/11 → 10/11
2026-02-27T01:27:44.627Z [ODDS]  Avai U20: 13/2 → 6/1, Botafogo U20: 10/11 → 20/21
2026-02-27T01:28:20.714Z [ODDS]  Avai U20: 6/1 → 22/1, Draw: 13/10 → 13/2, Botafogo U20: 20/21 → 1/12
2026-02-27T01:28:20.714Z [EVENT]  score: 2-1
2026-02-27T01:28:39.655Z [ODDS]  Avai U20: 22/1 → 18/1, Draw: 13/2 → 11/2, Botafogo U20: 1/12 → 1/9
2026-02-27T01:28:52.285Z [ODDS]  Draw: 11/2 → 6/1, Botafogo U20: 1/9 → 1/10
2026-02-27T01:29:52.720Z [ODDS]  Avai U20: 18/1 → 20/1
2026-02-27T01:30:56.759Z [ODDS]  Avai U20: 20/1 → 18/1
2026-02-27T01:31:04.878Z [ODDS]  Botafogo U20: 1/10 → 1/9
2026-02-27T01:31:56.744Z [ODDS]  Botafogo U20: 1/9 → 1/10
2026-02-27T01:32:17.038Z [ODDS]  Botafogo U20: 1/10 → 1/9
2026-02-27T01:32:25.156Z [ODDS]  Avai U20: 18/1 → 16/1, Draw: 6/1 → 11/2
2026-02-27T01:33:08.453Z [ODDS]  Avai U20: 16/1 → 18/1, Draw: 11/2 → 6/1, Botafogo U20: 1/9 → 1/10
2026-02-27T01:33:22.440Z [ODDS]  Avai U20: 18/1 → 16/1, Draw: 6/1 → 11/2, Botafogo U20: 1/10 → 1/9
2026-02-27T01:33:45.885Z [ODDS]  Avai U20: 16/1 → 18/1
2026-02-27T01:33:46.337Z [ODDS]  Avai U20: 18/1 → 16/1, Botafogo U20: 1/9 → 1/8
2026-02-27T01:34:51.736Z [ODDS]  Avai U20: 16/1 → 18/1, Botafogo U20: 1/8 → 1/9
2026-02-27T01:34:59.403Z [ODDS]  Avai U20: 18/1 → 16/1, Botafogo U20: 1/9 → 1/8
2026-02-27T01:35:13.384Z [ODDS]  Avai U20: 16/1 → 18/1, Botafogo U20: 1/8 → 1/9
2026-02-27T01:35:44.954Z [ODDS]  Draw: 11/2 → 6/1
2026-02-27T01:35:46.759Z [ODDS]  Draw: 6/1 → 11/2
2026-02-27T01:36:27.349Z [ODDS]  Draw: 11/2 → 6/1
2026-02-27T01:36:41.330Z [ODDS]  Botafogo U20: 1/9 → 1/10
2026-02-27T01:36:57.568Z [ODDS]  Avai U20: 18/1 → 20/1
2026-02-27T01:37:14.254Z [ODDS]  Avai U20: 20/1 → 18/1, Botafogo U20: 1/10 → 1/9
2026-02-27T01:38:12.884Z [ODDS]  Avai U20: 18/1 → 20/1
2026-02-27T01:38:53.257Z [ODDS]  Botafogo U20: 1/9 → 1/10
2026-02-27T01:39:14.002Z [ODDS]  Botafogo U20: 1/10 → 1/9
2026-02-27T01:39:18.513Z [ODDS]  Botafogo U20: 1/9 → 1/10
2026-02-27T01:40:23.464Z [ODDS]  Botafogo U20: 1/10 → 1/9
2026-02-27T01:40:27.067Z [ODDS]  Botafogo U20: 1/9 → 1/10
2026-02-27T01:40:53.226Z [ODDS]  Avai U20: 20/1 → 22/1, Draw: 6/1 → 13/2, Botafogo U20: 1/10 → 1/11
2026-02-27T01:41:18.037Z [ODDS]  Avai U20: 22/1 → 20/1, Draw: 13/2 → 6/1, Botafogo U20: 1/11 → 1/10
2026-02-27T01:42:00.884Z [ODDS]  Avai U20: 20/1 → 22/1
2026-02-27T01:45:53.604Z [ODDS]  Avai U20: 22/1 → 25/1
2026-02-27T01:46:05.780Z [ODDS]  Avai U20: 25/1 → 22/1
2026-02-27T01:46:17.066Z [ODDS]  Avai U20: 22/1 → 25/1
2026-02-27T01:46:46.839Z [ODDS]  Avai U20: 25/1 → 22/1, Draw: 6/1 → 11/2, Botafogo U20: 1/10 → 1/9
2026-02-27T01:46:48.636Z [ODDS]  Avai U20: 22/1 → 25/1, Draw: 11/2 → 6/1, Botafogo U20: 1/9 → 1/10
2026-02-27T01:47:57.639Z [ODDS]  Avai U20: 25/1 → 22/1
2026-02-27T01:48:10.267Z [ODDS]  Avai U20: 22/1 → 25/1
2026-02-27T01:48:40.485Z [ODDS]  Avai U20: 25/1 → 28/1
2026-02-27T01:48:52.662Z [ODDS]  Avai U20: 28/1 → 25/1
2026-02-27T01:49:08.905Z [ODDS]  Avai U20: 25/1 → 28/1, Draw: 6/1 → 13/2, Botafogo U20: 1/10 → 1/12
2026-02-27T01:49:35.264Z [ODDS]  Draw: 13/2 → 6/1, Botafogo U20: 1/12 → 1/10
2026-02-27T01:49:45.429Z [ODDS]  Draw: 6/1 → 13/2, Botafogo U20: 1/10 → 1/12
2026-02-27T01:50:12.489Z [ODDS]  Draw: 13/2 → 7/1
2026-02-27T01:50:27.823Z [ODDS]  Draw: 7/1 → 13/2
2026-02-27T01:50:44.522Z [ODDS]  Draw: 13/2 → 6/1, Botafogo U20: 1/12 → 1/10
2026-02-27T01:50:58.943Z [ODDS]  Draw: 6/1 → 13/2, Botafogo U20: 1/10 → 1/12
2026-02-27T01:51:33.219Z [ODDS]  Draw: 13/2 → 7/1
2026-02-27T01:51:35.925Z [ODDS]  Draw: 7/1 → 13/2
2026-02-27T01:51:46.298Z [ODDS]  Avai U20: 28/1 → 33/1, Draw: 13/2 → 7/1
2026-02-27T01:53:20.287Z [ODDS]  Draw: 7/1 → 8/1, Botafogo U20: 1/12 → 1/14
2026-02-27T01:53:32.443Z [ODDS]  Draw: 8/1 → 7/1, Botafogo U20: 1/14 → 1/12
2026-02-27T01:53:50.033Z [ODDS]  Avai U20: 33/1 → 40/1, Draw: 7/1 → 8/1, Botafogo U20: 1/12 → 1/14
2026-02-27T01:54:03.562Z [ODDS]  Avai U20: 40/1 → 33/1, Draw: 8/1 → 7/1, Botafogo U20: 1/14 → 1/12
2026-02-27T01:54:29.273Z [ODDS]  Draw: 7/1 → 8/1, Botafogo U20: 1/12 → 1/14
2026-02-27T01:55:07.604Z [ODDS]  Avai U20: 33/1 → 40/1, Draw: 8/1 → 9/1, Botafogo U20: 1/14 → 1/16
2026-02-27T01:55:37.373Z [ODDS]  Draw: 9/1 → 10/1, Botafogo U20: 1/16 → 1/20
2026-02-27T01:56:01.725Z [ODDS]  Avai U20: 40/1 → 50/1
2026-02-27T01:56:29.689Z [ODDS]  Avai U20: 50/1 → 40/1, Draw: 10/1 → 9/1, Botafogo U20: 1/20 → 1/16
2026-02-27T01:57:11.181Z [ODDS]  Avai U20: 40/1 → 50/1, Draw: 9/1 → 10/1, Botafogo U20: 1/16 → 1/20
2026-02-27T01:58:01.693Z [ODDS]  Draw: 10/1 → 12/1, Botafogo U20: 1/20 → 1/25
2026-02-27T01:58:29.205Z [ODDS]  Avai U20: 50/1 → 66/1, Draw: 12/1 → 16/1, Botafogo U20: 1/25 → 1/40
2026-02-27T01:59:30.996Z [EVENT]  score: 3-1
2026-02-27T01:59:45.425Z [EVENT]  score: 2-1
2026-02-27T01:59:47.231Z [ODDS]  Avai U20: 66/1 → 50/1, Draw: 16/1 → 14/1, Botafogo U20: 1/40 → 1/33
2026-02-27T01:59:51.290Z [ODDS]  Avai U20: 50/1 → 66/1, Draw: 14/1 → 18/1, Botafogo U20: 1/33 → 1/50
2026-02-27T02:00:03.017Z [ODDS]  Avai U20: 66/1 → 80/1
2026-02-27T02:00:21.058Z [ODDS]  Draw: 18/1 → 20/1, Botafogo U20: 1/50 → 1/66
2026-02-27T02:01:03.906Z [ODDS]  Draw: 20/1 → 22/1, Botafogo U20: 1/66 → 1/80
2026-02-27T02:01:37.278Z [ODDS]  Avai U20: 80/1 → 100/1, Draw: 22/1 → 25/1, Botafogo U20: 1/80 → 1/100
2026-02-27T02:01:49.004Z [ODDS]  Botafogo U20: 1/100 → 1/125
2026-02-27T02:02:10.204Z [ODDS]  Avai U20: 100/1 → 150/1, Draw: 25/1 → 28/1, Botafogo U20: 1/125 → 1/150
2026-02-27T02:02:16.067Z [ODDS]  Draw: 28/1 → 33/1, Botafogo U20: 1/150 → 1/200
