2026-02-27T00:38:28.420Z [ODDS]  Man City (Kolesya): 3/1 → 10/3
2026-02-27T00:38:38.892Z [ODDS]  Man City (Kolesya): 10/3 → 7/1, Draw: 13/5 → 9/2, Real Madrid (fantazer): 4/6 → 1/4
2026-02-27T00:38:38.892Z [EVENT]  score: 3-1
2026-02-27T00:38:49.232Z [ODDS]  Real Madrid (fantazer): 1/4 → 2/9
2026-02-27T00:38:59.165Z [ODDS]  Man City (Kolesya): 7/1 → 15/2
2026-02-27T00:39:09.463Z [ODDS]  Man City (Kolesya): 15/2 → 8/1, Real Madrid (fantazer): 2/9 → 1/5
2026-02-27T00:39:15.776Z [ODDS]  Man City (Kolesya): 8/1 → 12/1, Draw: 9/2 → 9/1, Real Madrid (fantazer): 1/5 → 1/16
2026-02-27T00:39:15.776Z [EVENT]  score: 4-1
2026-02-27T00:39:25.789Z [ODDS]  Man City (Kolesya): 12/1 → 14/1, Real Madrid (fantazer): 1/16 → 1/18
2026-02-27T00:39:37.463Z [ODDS]  Draw: 9/1 → 10/1, Real Madrid (fantazer): 1/18 → 1/20
2026-02-27T00:39:55.464Z [ODDS]  Real Madrid (fantazer): 1/20 → 1/22
2026-02-27T00:40:10.348Z [ODDS]  Draw: 10/1 → 12/1, Real Madrid (fantazer): 1/22 → 1/25
2026-02-27T00:40:20.779Z [ODDS]  Man City (Kolesya): 14/1 → 16/1, Real Madrid (fantazer): 1/25 → 1/28
2026-02-27T00:40:31.098Z [ODDS]  Draw: 12/1 → 14/1, Real Madrid (fantazer): 1/28 → 1/33
2026-02-27T00:40:40.567Z [ODDS]  Draw: 14/1 → 16/1, Real Madrid (fantazer): 1/33 → 1/40
2026-02-27T00:40:50.941Z [ODDS]  Man City (Kolesya): 16/1 → 18/1, Draw: 16/1 → 18/1, Real Madrid (fantazer): 1/40 → 1/50
2026-02-27T00:41:11.237Z [ODDS]  Man City (Kolesya): 18/1 → 20/1, Draw: 18/1 → 20/1, Real Madrid (fantazer): 1/50 → 1/66
2026-02-27T00:41:21.609Z [ODDS]  Man City (Kolesya): 20/1 → 22/1, Draw: 20/1 → 22/1, Real Madrid (fantazer): 1/66 → 1/80
2026-02-27T00:41:32.050Z [ODDS]  Man City (Kolesya): 22/1 → 25/1, Draw: 22/1 → 25/1, Real Madrid (fantazer): 1/80 → 1/125
2026-02-27T00:41:42.357Z [ODDS]  Man City (Kolesya): 25/1 → 28/1, Draw: 25/1 → 28/1, Real Madrid (fantazer): 1/125 → 1/150
2026-02-27T00:41:52.278Z [ODDS]  Man City (Kolesya): 28/1 → 40/1, Draw: 28/1 → 40/1, Real Madrid (fantazer): 1/150 → 1/250
2026-02-27T00:42:29.712Z [EVENT]  score: 5-1
