2026-02-26T19:48:30.191Z [ODDS]  Hapoel Kiryat Ono: 7/4 → 13/8, Bnei Jaffa Ortodoxim: 8/5 → 13/8
2026-02-26T19:49:42.350Z [ODDS]  Hapoel Kiryat Ono: 13/8 → 7/4
2026-02-26T19:50:04.903Z [ODDS]  Draw: 2/1 → 15/8
2026-02-26T19:52:53.134Z [ODDS]  Bnei Jaffa Ortodoxim: 13/8 → 7/4
2026-02-26T19:53:15.232Z [ODDS]  Hapoel Kiryat Ono: 7/4 → 15/8, Bnei Jaffa Ortodoxim: 7/4 → 8/5
2026-02-26T19:53:32.823Z [ODDS]  Draw: 15/8 → 7/4
2026-02-26T19:53:37.785Z [ODDS]  Draw: 7/4 → 15/8
2026-02-26T19:53:38.231Z [ODDS]  Draw: 15/8 → 7/4
2026-02-26T19:54:06.194Z [ODDS]  Bnei Jaffa Ortodoxim: 8/5 → 13/8
2026-02-26T19:54:58.070Z [ODDS]  Bnei Jaffa Ortodoxim: 13/8 → 8/5
2026-02-26T19:55:08.886Z [ODDS]  Bnei Jaffa Ortodoxim: 8/5 → 13/8
2026-02-26T19:56:30.102Z [ODDS]  Hapoel Kiryat Ono: 15/8 → 2/1
2026-02-26T19:56:37.315Z [ODDS]  Draw: 7/4 → 13/8
2026-02-26T19:58:03.460Z [ODDS]  Hapoel Kiryat Ono: 2/1 → 21/10, Draw: 13/8 → 8/5
2026-02-26T19:58:53.074Z [ODDS]  Draw: 8/5 → 6/4
2026-02-26T19:59:58.919Z [ODDS]  Hapoel Kiryat Ono: 21/10 → 11/5
2026-02-26T20:01:18.295Z [ODDS]  Hapoel Kiryat Ono: 11/5 → 9/4
2026-02-26T20:01:39.052Z [ODDS]  Draw: 6/4 → 7/5
2026-02-26T20:01:59.790Z [ODDS]  Bnei Jaffa Ortodoxim: 13/8 → 7/4
2026-02-26T20:02:48.495Z [ODDS]  Draw: 7/5 → 11/8
2026-02-26T20:04:13.295Z [ODDS]  Hapoel Kiryat Ono: 9/4 → 12/5, Draw: 11/8 → 13/10
2026-02-26T20:04:46.667Z [ODDS]  Draw: 13/10 → 5/4, Bnei Jaffa Ortodoxim: 7/4 → 15/8
2026-02-26T20:05:25.901Z [ODDS]  Draw: 5/4 → 6/5
2026-02-26T20:05:38.523Z [ODDS]  Hapoel Kiryat Ono: 12/5 → 5/2
2026-02-26T20:06:37.162Z [ODDS]  Hapoel Kiryat Ono: 5/2 → 13/5
2026-02-26T20:07:27.671Z [ODDS]  Hapoel Kiryat Ono: 13/5 → 5/2
2026-02-26T20:07:53.382Z [ODDS]  Bnei Jaffa Ortodoxim: 15/8 → 2/1
2026-02-26T20:08:14.730Z [ODDS]  Draw: 6/5 → 11/10
2026-02-26T20:08:29.612Z [ODDS]  Hapoel Kiryat Ono: 5/2 → 13/5
2026-02-26T20:09:49.446Z [ODDS]  Draw: 11/10 → 21/20, Bnei Jaffa Ortodoxim: 2/1 → 21/10
2026-02-26T20:09:54.401Z [ODDS]  Draw: 21/20 → 11/10, Bnei Jaffa Ortodoxim: 21/10 → 2/1
2026-02-26T20:10:14.247Z [ODDS]  Draw: 11/10 → 21/20, Bnei Jaffa Ortodoxim: 2/1 → 21/10
2026-02-26T20:10:30.040Z [ODDS]  Bnei Jaffa Ortodoxim: 21/10 → 2/1
2026-02-26T20:10:53.030Z [ODDS]  Hapoel Kiryat Ono: 13/5 → 11/4
2026-02-26T20:11:54.384Z [ODDS]  Draw: 21/20 → 1/1, Bnei Jaffa Ortodoxim: 2/1 → 21/10
2026-02-26T20:12:57.959Z [ODDS]  Hapoel Kiryat Ono: 11/4 → 15/2, Draw: 1/1 → 13/5, Bnei Jaffa Ortodoxim: 21/10 → 2/5
2026-02-26T20:13:16.449Z [ODDS]  Hapoel Kiryat Ono: 15/2 → 11/1, Draw: 13/5 → 15/4, Bnei Jaffa Ortodoxim: 2/5 → 1/4
2026-02-26T20:13:16.449Z [EVENT]  score: 2-1
2026-02-26T20:13:38.099Z [ODDS]  Hapoel Kiryat Ono: 11/1 → 10/1, Draw: 15/4 → 10/3, Bnei Jaffa Ortodoxim: 1/4 → 2/7
2026-02-26T20:14:00.659Z [ODDS]  Bnei Jaffa Ortodoxim: 2/7 → 1/4
2026-02-26T20:14:03.356Z [ODDS]  Bnei Jaffa Ortodoxim: 1/4 → 2/7
2026-02-26T20:14:05.242Z [ODDS]  Bnei Jaffa Ortodoxim: 2/7 → 1/4
2026-02-26T20:14:23.202Z [ODDS]  Draw: 10/3 → 7/2
2026-02-26T20:14:55.225Z [ODDS]  Draw: 7/2 → 10/3
2026-02-26T20:15:24.084Z [ODDS]  Draw: 10/3 → 7/2
2026-02-26T20:16:05.581Z [ODDS]  Hapoel Kiryat Ono: 10/1 → 11/1
2026-02-26T20:17:15.949Z [ODDS]  Hapoel Kiryat Ono: 11/1 → 12/1
2026-02-26T20:17:32.180Z [ODDS]  Hapoel Kiryat Ono: 12/1 → 11/1
2026-02-26T20:17:56.985Z [ODDS]  Hapoel Kiryat Ono: 11/1 → 12/1
2026-02-26T20:18:03.301Z [ODDS]  Bnei Jaffa Ortodoxim: 1/4 → 2/9
2026-02-26T20:19:18.166Z [ODDS]  Hapoel Kiryat Ono: 12/1 → 14/1
2026-02-26T20:19:22.674Z [ODDS]  Draw: 7/2 → 15/4
2026-02-26T20:19:43.900Z [ODDS]  Bnei Jaffa Ortodoxim: 2/9 → 1/5
2026-02-26T20:20:13.192Z [ODDS]  Bnei Jaffa Ortodoxim: 1/5 → 2/9
2026-02-26T20:20:20.404Z [ODDS]  Bnei Jaffa Ortodoxim: 2/9 → 1/5
2026-02-26T20:20:48.370Z [ODDS]  Hapoel Kiryat Ono: 14/1 → 16/1
2026-02-26T20:21:28.059Z [ODDS]  Hapoel Kiryat Ono: 16/1 → 14/1, Draw: 15/4 → 7/2
2026-02-26T20:21:38.878Z [ODDS]  Draw: 7/2 → 15/4
2026-02-26T20:21:55.567Z [ODDS]  Hapoel Kiryat Ono: 14/1 → 16/1
2026-02-26T20:22:00.982Z [ODDS]  Draw: 15/4 → 4/1, Bnei Jaffa Ortodoxim: 1/5 → 2/11
2026-02-26T20:22:23.981Z [ODDS]  Hapoel Kiryat Ono: 16/1 → 18/1
2026-02-26T20:22:51.041Z [ODDS]  Bnei Jaffa Ortodoxim: 2/11 → 1/6
2026-02-26T20:23:28.486Z [ODDS]  Draw: 4/1 → 15/4, Bnei Jaffa Ortodoxim: 1/6 → 2/11
2026-02-26T20:23:42.455Z [ODDS]  Hapoel Kiryat Ono: 18/1 → 20/1, Draw: 15/4 → 4/1, Bnei Jaffa Ortodoxim: 2/11 → 1/6
2026-02-26T20:24:46.049Z [ODDS]  Hapoel Kiryat Ono: 20/1 → 25/1, Draw: 4/1 → 11/2, Bnei Jaffa Ortodoxim: 1/6 → 1/9
2026-02-26T20:25:35.186Z [ODDS]  Draw: 11/2 → 6/1, Bnei Jaffa Ortodoxim: 1/9 → 1/10
2026-02-26T20:25:55.037Z [ODDS]  Hapoel Kiryat Ono: 25/1 → 28/1
2026-02-26T20:26:55.029Z [ODDS]  Draw: 6/1 → 13/2, Bnei Jaffa Ortodoxim: 1/10 → 1/12
2026-02-26T20:27:14.414Z [ODDS]  Hapoel Kiryat Ono: 28/1 → 33/1, Draw: 13/2 → 7/1
2026-02-26T20:27:21.178Z [ODDS]  Hapoel Kiryat Ono: 33/1 → 28/1, Draw: 7/1 → 13/2
2026-02-26T20:27:56.354Z [ODDS]  Hapoel Kiryat Ono: 28/1 → 33/1, Draw: 13/2 → 7/1
2026-02-26T20:29:21.594Z [ODDS]  Draw: 7/1 → 8/1, Bnei Jaffa Ortodoxim: 1/12 → 1/14
2026-02-26T20:29:44.595Z [ODDS]  Hapoel Kiryat Ono: 33/1 → 40/1
2026-02-26T20:29:56.328Z [ODDS]  Draw: 8/1 → 9/1, Bnei Jaffa Ortodoxim: 1/14 → 1/16
2026-02-26T20:31:19.763Z [ODDS]  Draw: 9/1 → 10/1, Bnei Jaffa Ortodoxim: 1/16 → 1/20
2026-02-26T20:31:30.145Z [ODDS]  Draw: 10/1 → 9/1, Bnei Jaffa Ortodoxim: 1/20 → 1/16
2026-02-26T20:31:46.818Z [ODDS]  Hapoel Kiryat Ono: 40/1 → 50/1, Draw: 9/1 → 10/1, Bnei Jaffa Ortodoxim: 1/16 → 1/20
2026-02-26T20:31:50.878Z [ODDS]  Hapoel Kiryat Ono: 50/1 → 80/1, Draw: 10/1 → 50/1, Bnei Jaffa Ortodoxim: 1/20 → 1/500
2026-02-26T20:31:50.878Z [EVENT]  score: 3-1
2026-02-26T20:38:12.578Z [ODDS]  Draw: 1/200 → 1/66
2026-02-26T20:38:26.554Z [ODDS]  Draw: 1/66 → 1/200
2026-02-26T20:40:56.292Z [ODDS]  Draw: 1/200 → 0/0
