2026-02-26T22:09:44.074Z [ODDS]  Itapirense: 5/1 → 11/2
2026-02-26T22:11:30.519Z [ODDS]  Itapirense: 11/2 → 5/1
2026-02-26T22:11:32.835Z [ODDS]  Itapirense: 5/1 → 11/2
2026-02-26T22:11:42.242Z [ODDS]  Rio Claro: 2/5 → 4/9, Itapirense: 11/2 → 5/1
2026-02-26T22:11:59.379Z [ODDS]  Rio Claro: 4/9 → 2/5, Itapirense: 5/1 → 11/2
2026-02-26T22:12:37.744Z [ODDS]  Itapirense: 11/2 → 5/1
2026-02-26T22:12:40.421Z [ODDS]  Itapirense: 5/1 → 11/2
2026-02-26T22:14:00.701Z [ODDS]  Itapirense: 11/2 → 6/1
2026-02-26T22:15:12.410Z [ODDS]  Itapirense: 6/1 → 11/2
2026-02-26T22:15:26.411Z [ODDS]  Itapirense: 11/2 → 6/1
2026-02-26T22:15:37.217Z [ODDS]  Rio Claro: 2/5 → 4/11
2026-02-26T22:15:52.100Z [ODDS]  Rio Claro: 4/11 → 2/5, Itapirense: 6/1 → 11/2
2026-02-26T22:16:23.218Z [ODDS]  Itapirense: 11/2 → 6/1
2026-02-26T22:16:36.304Z [ODDS]  Draw: 7/2 → 10/3, Itapirense: 6/1 → 11/2
2026-02-26T22:21:44.348Z [ODDS]  Itapirense: 11/2 → 6/1
2026-02-26T22:22:15.933Z [ODDS]  Itapirense: 6/1 → 11/2
2026-02-26T22:25:10.456Z [ODDS]  Itapirense: 11/2 → 6/1
2026-02-26T22:26:32.989Z [ODDS]  Itapirense: 6/1 → 11/2
2026-02-26T22:26:34.797Z [ODDS]  Itapirense: 11/2 → 6/1
2026-02-26T22:26:51.037Z [ODDS]  Itapirense: 6/1 → 11/2
2026-02-26T22:26:51.486Z [ODDS]  Itapirense: 11/2 → 6/1
2026-02-26T22:27:48.339Z [ODDS]  Rio Claro: 2/5 → 4/11
2026-02-26T22:28:17.630Z [ODDS]  Rio Claro: 4/11 → 2/5
2026-02-26T22:30:39.239Z [ODDS]  Rio Claro: 2/5 → 11/10, Draw: 10/3 → 11/5, Itapirense: 6/1 → 9/4
2026-02-26T22:31:22.987Z [ODDS]  Rio Claro: 11/10 → 6/4, Draw: 11/5 → 2/1, Itapirense: 9/4 → 15/8
2026-02-26T22:31:22.987Z [EVENT]  score: 1-1
2026-02-26T22:31:49.171Z [ODDS]  Rio Claro: 6/4 → 7/5, Draw: 2/1 → 7/4, Itapirense: 15/8 → 21/10
2026-02-26T22:32:09.900Z [ODDS]  Itapirense: 21/10 → 11/5
2026-02-26T22:32:45.977Z [ODDS]  Rio Claro: 7/5 → 11/8
2026-02-26T22:32:48.240Z [ODDS]  Rio Claro: 11/8 → 7/5
2026-02-26T22:33:00.860Z [ODDS]  Rio Claro: 7/5 → 11/8
2026-02-26T22:33:18.447Z [ODDS]  Itapirense: 11/5 → 9/4
2026-02-26T22:34:18.156Z [ODDS]  Rio Claro: 11/8 → 13/10, Itapirense: 9/4 → 12/5
2026-02-26T22:36:19.476Z [ODDS]  Rio Claro: 13/10 → 5/4, Itapirense: 12/5 → 5/2
2026-02-26T22:37:09.536Z [ODDS]  Rio Claro: 5/4 → 13/10
2026-02-26T22:37:16.303Z [ODDS]  Rio Claro: 13/10 → 5/4, Itapirense: 5/2 → 13/5
2026-02-26T22:37:22.617Z [ODDS]  Rio Claro: 5/4 → 6/5
2026-02-26T22:37:24.422Z [ODDS]  Rio Claro: 6/5 → 5/4
2026-02-26T22:38:02.755Z [ODDS]  Rio Claro: 5/4 → 6/5
2026-02-26T22:38:20.027Z [ODDS]  Rio Claro: 6/5 → 5/4
2026-02-26T22:38:34.011Z [ODDS]  Rio Claro: 5/4 → 13/10, Itapirense: 13/5 → 5/2
2026-02-26T22:38:38.069Z [ODDS]  Rio Claro: 13/10 → 5/4, Itapirense: 5/2 → 13/5
2026-02-26T22:40:44.803Z [ODDS]  Draw: 7/4 → 13/8, Itapirense: 13/5 → 11/4
2026-02-26T22:40:48.864Z [ODDS]  Rio Claro: 5/4 → 6/5
2026-02-26T22:41:06.454Z [ODDS]  Draw: 13/8 → 7/4
2026-02-26T22:41:56.515Z [ODDS]  Draw: 7/4 → 13/8
2026-02-26T22:42:06.890Z [ODDS]  Itapirense: 11/4 → 3/1
2026-02-26T22:42:12.751Z [ODDS]  Itapirense: 3/1 → 11/4
2026-02-26T22:42:47.929Z [ODDS]  Rio Claro: 6/5 → 5/4
2026-02-26T22:43:36.639Z [ODDS]  Draw: 13/8 → 8/5
2026-02-26T22:44:50.170Z [ODDS]  Itapirense: 11/4 → 3/1
2026-02-26T22:45:22.673Z [ODDS]  Draw: 8/5 → 6/4
2026-02-26T22:45:53.292Z [ODDS]  Draw: 6/4 → 8/5
2026-02-26T22:46:17.646Z [ODDS]  Draw: 8/5 → 6/4
2026-02-26T22:48:52.339Z [ODDS]  Rio Claro: 5/4 → 13/10
2026-02-26T22:48:57.755Z [ODDS]  Rio Claro: 13/10 → 11/8, Itapirense: 3/1 → 11/4
2026-02-26T22:49:00.458Z [ODDS]  Rio Claro: 11/8 → 13/10, Itapirense: 11/4 → 3/1
2026-02-26T22:49:10.379Z [ODDS]  Rio Claro: 13/10 → 6/5, Itapirense: 3/1 → 10/3
2026-02-26T22:49:12.635Z [ODDS]  Itapirense: 10/3 → 3/1
2026-02-26T22:54:46.829Z [ODDS]  Itapirense: 3/1 → 10/3
2026-02-26T23:05:39.884Z [ODDS]  Rio Claro: 6/5 → 5/4
2026-02-26T23:06:13.706Z [ODDS]  Draw: 6/4 → 7/5
2026-02-26T23:06:27.691Z [ODDS]  Draw: 7/5 → 6/4
2026-02-26T23:06:45.277Z [ODDS]  Rio Claro: 5/4 → 6/5
2026-02-26T23:07:02.865Z [ODDS]  Itapirense: 10/3 → 7/2
2026-02-26T23:08:18.082Z [ODDS]  Rio Claro: 6/5 → 5/4, Draw: 6/4 → 7/5, Itapirense: 7/2 → 10/3
2026-02-26T23:09:34.300Z [ODDS]  Draw: 7/5 → 11/8, Itapirense: 10/3 → 7/2
2026-02-26T23:09:39.712Z [ODDS]  Rio Claro: 5/4 → 6/5, Draw: 11/8 → 7/5
2026-02-26T23:09:46.478Z [ODDS]  Rio Claro: 6/5 → 5/4, Itapirense: 7/2 → 10/3
2026-02-26T23:09:47.380Z [ODDS]  Rio Claro: 5/4 → 6/5, Itapirense: 10/3 → 7/2
2026-02-26T23:10:22.557Z [ODDS]  Itapirense: 7/2 → 15/4
2026-02-26T23:10:26.165Z [ODDS]  Draw: 7/5 → 11/8
2026-02-26T23:11:40.135Z [ODDS]  Rio Claro: 6/5 → 5/4, Draw: 11/8 → 13/10, Itapirense: 15/4 → 7/2
2026-02-26T23:11:54.118Z [ODDS]  Rio Claro: 5/4 → 13/10
2026-02-26T23:12:30.198Z [ODDS]  Itapirense: 7/2 → 10/3
2026-02-26T23:12:46.434Z [ODDS]  Rio Claro: 13/10 → 11/8, Itapirense: 10/3 → 7/2
2026-02-26T23:13:01.327Z [ODDS]  Rio Claro: 11/8 → 13/10
2026-02-26T23:13:03.122Z [ODDS]  Rio Claro: 13/10 → 11/8, Itapirense: 7/2 → 10/3, Rio Claro: 11/8 → 13/10, Itapirense: 10/3 → 7/2
2026-02-26T23:13:03.122Z [ODDS]  Rio Claro: 13/10 → 11/8, Itapirense: 7/2 → 10/3, Rio Claro: 11/8 → 13/10, Itapirense: 10/3 → 7/2
2026-02-26T23:13:19.809Z [ODDS]  Draw: 13/10 → 5/4
2026-02-26T23:13:22.515Z [ODDS]  Itapirense: 7/2 → 15/4
2026-02-26T23:13:59.948Z [ODDS]  Rio Claro: 13/10 → 11/8, Itapirense: 15/4 → 7/2
2026-02-26T23:14:17.990Z [ODDS]  Draw: 5/4 → 6/5, Itapirense: 7/2 → 15/4
2026-02-26T23:14:53.166Z [ODDS]  Rio Claro: 11/8 → 13/10
2026-02-26T23:14:54.970Z [ODDS]  Rio Claro: 13/10 → 11/8
2026-02-26T23:15:15.266Z [ODDS]  Rio Claro: 11/8 → 7/5
2026-02-26T23:16:00.815Z [ODDS]  Draw: 6/5 → 11/10
2026-02-26T23:16:50.875Z [ODDS]  Itapirense: 15/4 → 4/1
2026-02-26T23:16:58.993Z [ODDS]  Itapirense: 4/1 → 15/4
2026-02-26T23:17:20.190Z [ODDS]  Rio Claro: 7/5 → 6/4
2026-02-26T23:18:11.158Z [ODDS]  Rio Claro: 6/4 → 8/5, Itapirense: 15/4 → 7/2
2026-02-26T23:18:36.410Z [ODDS]  Rio Claro: 8/5 → 6/4, Draw: 11/10 → 21/20, Itapirense: 7/2 → 15/4
2026-02-26T23:18:44.529Z [ODDS]  Rio Claro: 6/4 → 8/5
2026-02-26T23:19:19.713Z [ODDS]  Rio Claro: 8/5 → 13/8, Itapirense: 15/4 → 7/2
2026-02-26T23:19:58.046Z [ODDS]  Draw: 21/20 → 1/1, Itapirense: 7/2 → 15/4
2026-02-26T23:20:06.159Z [ODDS]  Rio Claro: 13/8 → 7/4, Itapirense: 15/4 → 10/3
2026-02-26T23:20:20.140Z [ODDS]  Draw: 1/1 → 21/20, Itapirense: 10/3 → 3/1
2026-02-26T23:20:30.975Z [ODDS]  Rio Claro: 7/4 → 15/8
2026-02-26T23:20:50.359Z [ODDS]  Draw: 21/20 → 1/1
2026-02-26T23:21:20.124Z [ODDS]  Rio Claro: 15/8 → 7/4, Itapirense: 3/1 → 7/2
2026-02-26T23:21:24.184Z [ODDS]  Draw: 1/1 → 20/21, Itapirense: 7/2 → 15/4
2026-02-26T23:21:37.713Z [ODDS]  Draw: 20/21 → 10/11
2026-02-26T23:21:55.760Z [ODDS]  Rio Claro: 7/4 → 15/8, Itapirense: 15/4 → 7/2
2026-02-26T23:22:18.761Z [ODDS]  Itapirense: 7/2 → 15/4
2026-02-26T23:23:46.253Z [ODDS]  Itapirense: 15/4 → 4/1
2026-02-26T23:24:04.748Z [ODDS]  Draw: 10/11 → 5/6
2026-02-26T23:24:06.549Z [ODDS]  Draw: 5/6 → 10/11, Itapirense: 4/1 → 15/4
2026-02-26T23:24:28.599Z [ODDS]  Itapirense: 15/4 → 7/2
2026-02-26T23:24:37.216Z [ODDS]  Itapirense: 7/2 → 15/4
2026-02-26T23:25:11.951Z [ODDS]  Draw: 10/11 → 5/6
2026-02-26T23:25:32.697Z [ODDS]  Draw: 5/6 → 10/11
2026-02-26T23:26:07.419Z [ODDS]  Rio Claro: 15/8 → 2/1, Draw: 10/11 → 5/6
2026-02-26T23:26:25.007Z [ODDS]  Rio Claro: 2/1 → 15/8, Itapirense: 15/4 → 4/1
2026-02-26T23:27:06.048Z [ODDS]  Draw: 5/6 → 4/5
2026-02-26T23:27:23.639Z [ODDS]  Rio Claro: 15/8 → 2/1
2026-02-26T23:27:59.720Z [ODDS]  Itapirense: 4/1 → 9/2, Rio Claro: 2/1 → 15/8
2026-02-26T23:28:09.188Z [ODDS]  Rio Claro: 15/8 → 2/1
2026-02-26T23:28:27.679Z [ODDS]  Draw: 4/5 → 8/11
2026-02-26T23:28:48.880Z [ODDS]  Rio Claro: 2/1 → 15/8
2026-02-26T23:29:32.624Z [ODDS]  Itapirense: 9/2 → 5/1
2026-02-26T23:31:12.747Z [ODDS]  Rio Claro: 15/8 → 2/1, Itapirense: 5/1 → 9/2
2026-02-26T23:32:12.731Z [ODDS]  Itapirense: 9/2 → 5/1
2026-02-26T23:32:13.185Z [ODDS]  Itapirense: 5/1 → 9/2
2026-02-26T23:32:20.398Z [ODDS]  Draw: 8/11 → 4/6, Itapirense: 9/2 → 5/1
2026-02-26T23:32:23.564Z [ODDS]  Draw: 4/6 → 8/11, Itapirense: 5/1 → 9/2
2026-02-26T23:33:50.146Z [ODDS]  Rio Claro: 2/1 → 21/10
2026-02-26T23:33:58.264Z [ODDS]  Rio Claro: 21/10 → 2/1
2026-02-26T23:34:06.384Z [ODDS]  Rio Claro: 2/1 → 15/8, Itapirense: 9/2 → 5/1
2026-02-26T23:34:35.263Z [ODDS]  Rio Claro: 15/8 → 21/10, Draw: 8/11 → 4/6
2026-02-26T23:34:51.486Z [ODDS]  Draw: 4/6 → 8/11, Itapirense: 5/1 → 9/2
2026-02-26T23:34:53.740Z [ODDS]  Rio Claro: 21/10 → 2/1
2026-02-26T23:34:55.543Z [ODDS]  Rio Claro: 2/1 → 21/10
2026-02-26T23:35:11.328Z [ODDS]  Draw: 8/11 → 4/6, Itapirense: 9/2 → 5/1
2026-02-26T23:35:50.566Z [ODDS]  Rio Claro: 21/10 → 11/5
2026-02-26T23:36:14.469Z [ODDS]  Draw: 4/6 → 8/13
2026-02-26T23:36:53.269Z [ODDS]  Rio Claro: 11/5 → 9/4
2026-02-26T23:37:03.176Z [ODDS]  Rio Claro: 9/4 → 12/5, Itapirense: 5/1 → 9/2
2026-02-26T23:37:08.588Z [ODDS]  Rio Claro: 12/5 → 9/4, Itapirense: 9/2 → 5/1
2026-02-26T23:38:01.356Z [ODDS]  Rio Claro: 9/4 → 12/5, Draw: 8/13 → 4/7, Itapirense: 5/1 → 11/2
2026-02-26T23:38:05.415Z [ODDS]  Itapirense: 11/2 → 5/1
2026-02-26T23:38:10.827Z [ODDS]  Itapirense: 5/1 → 11/2
2026-02-26T23:38:48.637Z [ODDS]  Rio Claro: 12/5 → 5/2, Itapirense: 11/2 → 5/1
2026-02-26T23:38:56.301Z [ODDS]  Draw: 4/7 → 8/15
2026-02-26T23:39:07.123Z [ODDS]  Rio Claro: 5/2 → 12/5, Draw: 8/15 → 4/7, Itapirense: 5/1 → 11/2
2026-02-26T23:39:14.461Z [ODDS]  Draw: 4/7 → 8/15
2026-02-26T23:39:21.103Z [ODDS]  Itapirense: 11/2 → 6/1
2026-02-26T23:39:49.967Z [ODDS]  Rio Claro: 12/5 → 9/4
2026-02-26T23:39:59.889Z [ODDS]  Rio Claro: 9/4 → 5/2
2026-02-26T23:40:12.518Z [ODDS]  Draw: 8/15 → 1/2
2026-02-26T23:40:50.458Z [ODDS]  Rio Claro: 5/2 → 13/5
2026-02-26T23:40:53.108Z [ODDS]  Itapirense: 6/1 → 13/2
2026-02-26T23:41:20.174Z [ODDS]  Rio Claro: 13/5 → 11/4, Itapirense: 13/2 → 6/1
2026-02-26T23:41:40.913Z [ODDS]  Rio Claro: 11/4 → 13/5, Draw: 1/2 → 4/9, Itapirense: 6/1 → 13/2
2026-02-26T23:41:49.032Z [ODDS]  Rio Claro: 13/5 → 11/4
2026-02-26T23:42:40.446Z [ODDS]  Rio Claro: 11/4 → 3/1, Draw: 4/9 → 2/5
2026-02-26T23:43:42.232Z [ODDS]  Rio Claro: 3/1 → 10/3, Draw: 2/5 → 4/11
2026-02-26T23:44:18.314Z [ODDS]  Rio Claro: 10/3 → 7/2
2026-02-26T23:44:34.548Z [ODDS]  Itapirense: 13/2 → 6/1
2026-02-26T23:44:50.785Z [ODDS]  Draw: 4/11 → 1/3, Itapirense: 6/1 → 13/2
2026-02-26T23:44:58.902Z [ODDS]  Rio Claro: 7/2 → 15/4
2026-02-26T23:45:01.157Z [ODDS]  Rio Claro: 15/4 → 10/3, Draw: 1/3 → 4/11
2026-02-26T23:45:16.491Z [ODDS]  Rio Claro: 10/3 → 15/4, Draw: 4/11 → 1/3
2026-02-26T23:45:34.078Z [ODDS]  Rio Claro: 15/4 → 7/2, Itapirense: 13/2 → 7/1
2026-02-26T23:45:41.745Z [ODDS]  Rio Claro: 7/2 → 15/4, Draw: 1/3 → 3/10
2026-02-26T23:46:35.034Z [ODDS]  Rio Claro: 15/4 → 4/1, Draw: 3/10 → 2/7
2026-02-26T23:46:58.416Z [ODDS]  Rio Claro: 4/1 → 15/4, Draw: 2/7 → 3/10
2026-02-26T23:47:12.400Z [ODDS]  Rio Claro: 15/4 → 9/2, Itapirense: 7/1 → 13/2
2026-02-26T23:47:15.554Z [ODDS]  Draw: 3/10 → 2/7
2026-02-26T23:47:16.004Z [ODDS]  Itapirense: 13/2 → 7/1
2026-02-26T23:47:37.652Z [ODDS]  Draw: 2/7 → 1/4, Itapirense: 7/1 → 15/2
2026-02-26T23:47:48.025Z [ODDS]  Rio Claro: 9/2 → 4/1
2026-02-26T23:47:57.497Z [ODDS]  Itapirense: 15/2 → 8/1
2026-02-26T23:48:07.872Z [ODDS]  Rio Claro: 4/1 → 9/2, Draw: 1/4 → 2/9, Itapirense: 8/1 → 15/2
2026-02-26T23:48:14.636Z [ODDS]  Rio Claro: 9/2 → 4/1, Draw: 2/9 → 2/7, Itapirense: 15/2 → 7/1
2026-02-26T23:48:23.660Z [ODDS]  Rio Claro: 4/1 → 5/1, Draw: 2/7 → 2/9, Itapirense: 7/1 → 15/2
2026-02-26T23:48:35.837Z [ODDS]  Itapirense: 15/2 → 8/1
2026-02-26T23:48:38.092Z [ODDS]  Draw: 2/9 → 1/5
2026-02-26T23:49:01.159Z [ODDS]  Rio Claro: 5/1 → 9/2, Draw: 1/5 → 2/9
2026-02-26T23:49:11.467Z [ODDS]  Rio Claro: 9/2 → 5/1, Itapirense: 8/1 → 17/2
2026-02-26T23:49:22.291Z [ODDS]  Rio Claro: 5/1 → 6/1, Draw: 2/9 → 1/6, Itapirense: 17/2 → 9/1
2026-02-26T23:49:41.710Z [ODDS]  Draw: 1/6 → 1/7
2026-02-26T23:49:58.822Z [ODDS]  Rio Claro: 6/1 → 13/2
2026-02-26T23:50:31.294Z [ODDS]  Draw: 1/7 → 1/8, Itapirense: 9/1 → 10/1
2026-02-26T23:50:44.375Z [ODDS]  Rio Claro: 13/2 → 6/1, Draw: 1/8 → 1/6, Itapirense: 10/1 → 9/1
2026-02-26T23:51:03.767Z [ODDS]  Draw: 1/6 → 1/7
2026-02-26T23:51:33.081Z [ODDS]  Rio Claro: 6/1 → 13/2
2026-02-26T23:51:52.925Z [ODDS]  Draw: 1/7 → 1/8, Itapirense: 9/1 → 10/1
2026-02-26T23:52:26.314Z [ODDS]  Rio Claro: 13/2 → 7/1, Draw: 1/8 → 1/9
2026-02-26T23:52:46.159Z [ODDS]  Draw: 1/9 → 1/10, Itapirense: 10/1 → 11/1
2026-02-26T23:52:51.573Z [ODDS]  Rio Claro: 7/1 → 15/2
2026-02-26T23:53:07.807Z [ODDS]  Draw: 1/10 → 1/11
2026-02-26T23:53:29.905Z [ODDS]  Rio Claro: 15/2 → 8/1, Draw: 1/11 → 1/12
2026-02-26T23:53:33.062Z [ODDS]  Draw: 1/12 → 1/14
2026-02-26T23:53:38.023Z [ODDS]  Itapirense: 11/1 → 12/1, Draw: 1/14 → 1/11, Itapirense: 12/1 → 9/1
2026-02-26T23:53:38.023Z [ODDS]  Itapirense: 9/1 → 12/1, Itapirense: 12/1 → 9/1
2026-02-26T23:53:42.986Z [ODDS]  Draw: 1/11 → 1/14, Itapirense: 9/1 → 12/1
2026-02-26T23:53:53.808Z [ODDS]  Rio Claro: 8/1 → 7/1, Draw: 1/14 → 1/11
2026-02-26T23:54:00.573Z [ODDS]  Rio Claro: 7/1 → 8/1, Draw: 1/11 → 1/14
2026-02-26T23:54:06.437Z [ODDS]  Rio Claro: 8/1 → 9/1, Draw: 1/14 → 1/16
2026-02-26T23:54:47.026Z [ODDS]  Draw: 1/16 → 1/18
2026-02-26T23:55:06.871Z [ODDS]  Rio Claro: 9/1 → 10/1, Draw: 1/18 → 1/20
2026-02-26T23:55:10.026Z [ODDS]  Itapirense: 12/1 → 14/1
2026-02-26T23:55:11.831Z [ODDS]  Draw: 1/20 → 1/22
2026-02-26T23:55:43.401Z [ODDS]  Rio Claro: 10/1 → 12/1, Draw: 1/22 → 1/25
2026-02-26T23:55:56.028Z [ODDS]  Rio Claro: 12/1 → 10/1, Draw: 1/25 → 1/20, Itapirense: 14/1 → 16/1
2026-02-26T23:55:57.833Z [ODDS]  Draw: 1/20 → 1/22
2026-02-26T23:56:07.755Z [ODDS]  Rio Claro: 10/1 → 14/1, Draw: 1/22 → 1/33, Itapirense: 16/1 → 14/1
2026-02-26T23:56:33.109Z [ODDS]  Rio Claro: 14/1 → 16/1, Draw: 1/33 → 1/40, Itapirense: 14/1 → 16/1
2026-02-26T23:56:34.462Z [ODDS]  Rio Claro: 16/1 → 12/1, Draw: 1/40 → 1/28
2026-02-26T23:56:38.972Z [ODDS]  Itapirense: 16/1 → 18/1
2026-02-26T23:56:39.422Z [ODDS]  Rio Claro: 12/1 → 10/1, Draw: 1/28 → 1/20, Itapirense: 18/1 → 20/1
2026-02-26T23:56:59.733Z [ODDS]  Rio Claro: 10/1 → 12/1, Draw: 1/20 → 1/25, Itapirense: 20/1 → 22/1
