2026-02-26T21:07:13.654Z [ODDS]  Draw: 5/2 → 13/5, Deportivo Mixco: 1/2 → 8/15
2026-02-26T21:07:41.109Z [ODDS]  Draw: 13/5 → 5/2
2026-02-26T21:07:42.914Z [ODDS]  Mictlán: 5/1 → 11/2, Draw: 5/2 → 13/5
2026-02-26T21:07:50.134Z [ODDS]  Mictlán: 11/2 → 5/1
2026-02-26T21:08:49.064Z [ODDS]  Deportivo Mixco: 8/15 → 4/7
2026-02-26T21:09:02.147Z [ODDS]  Mictlán: 5/1 → 11/1, Draw: 13/5 → 6/1, Deportivo Mixco: 4/7 → 1/7
2026-02-26T21:09:02.147Z [EVENT]  score: 1-0
2026-02-26T21:09:23.790Z [ODDS]  Mictlán: 11/1 → 10/1, Draw: 6/1 → 5/1, Deportivo Mixco: 1/7 → 2/11
2026-02-26T21:09:32.813Z [ODDS]  Draw: 5/1 → 11/2, Deportivo Mixco: 2/11 → 1/6
2026-02-26T21:09:44.536Z [ODDS]  Draw: 11/2 → 5/1, Deportivo Mixco: 1/6 → 2/11
2026-02-26T21:10:52.193Z [ODDS]  Mictlán: 10/1 → 9/1
2026-02-26T21:10:56.707Z [ODDS]  Mictlán: 9/1 → 10/1
2026-02-26T21:11:32.909Z [ODDS]  Mictlán: 10/1 → 9/1
2026-02-26T21:11:39.653Z [ODDS]  Mictlán: 9/1 → 10/1
2026-02-26T21:11:54.447Z [ODDS]  Deportivo Mixco: 2/11 → 1/6
2026-02-26T21:12:41.331Z [ODDS]  Deportivo Mixco: 1/6 → 2/11
2026-02-26T21:12:42.235Z [ODDS]  Deportivo Mixco: 2/11 → 1/6
2026-02-26T21:12:58.475Z [ODDS]  Deportivo Mixco: 1/6 → 2/11
2026-02-26T21:14:43.560Z [ODDS]  Deportivo Mixco: 2/11 → 1/6
2026-02-26T21:15:04.360Z [ODDS]  Deportivo Mixco: 1/6 → 2/11
2026-02-26T21:15:16.932Z [ODDS]  Deportivo Mixco: 2/11 → 1/6
2026-02-26T21:15:48.554Z [ODDS]  Deportivo Mixco: 1/6 → 2/11
2026-02-26T21:15:55.272Z [ODDS]  Deportivo Mixco: 2/11 → 1/6
2026-02-26T21:16:00.807Z [ODDS]  Draw: 5/1 → 11/2
2026-02-26T21:16:12.853Z [ODDS]  Draw: 11/2 → 5/1
2026-02-26T21:17:55.233Z [ODDS]  Draw: 5/1 → 11/2
2026-02-26T21:18:32.224Z [ODDS]  Draw: 11/2 → 5/1
2026-02-26T21:18:38.573Z [ODDS]  Mictlán: 10/1 → 11/1, Draw: 5/1 → 11/2
2026-02-26T21:19:44.374Z [ODDS]  Deportivo Mixco: 1/6 → 1/7
2026-02-26T21:23:09.583Z [ODDS]  Mictlán: 11/1 → 10/1, Draw: 11/2 → 5/1, Deportivo Mixco: 1/7 → 1/6
2026-02-26T21:23:38.462Z [ODDS]  Mictlán: 10/1 → 11/1
2026-02-26T21:24:05.075Z [ODDS]  Mictlán: 11/1 → 10/1, Deportivo Mixco: 1/6 → 2/11
2026-02-26T21:24:14.686Z [ODDS]  Mictlán: 10/1 → 11/1, Draw: 5/1 → 11/2, Deportivo Mixco: 2/11 → 1/6
2026-02-26T21:24:21.303Z [ODDS]  Mictlán: 11/1 → 10/1, Draw: 11/2 → 5/1
2026-02-26T21:24:22.587Z [ODDS]  Mictlán: 10/1 → 11/1, Draw: 5/1 → 11/2
2026-02-26T21:25:14.984Z [ODDS]  Mictlán: 11/1 → 10/1, Draw: 11/2 → 5/1
2026-02-26T21:28:06.814Z [ODDS]  Mictlán: 10/1 → 11/1
2026-02-26T21:28:24.855Z [ODDS]  Mictlán: 11/1 → 10/1
2026-02-26T21:28:45.601Z [ODDS]  Mictlán: 10/1 → 11/1
2026-02-26T21:28:46.502Z [ODDS]  Mictlán: 11/1 → 10/1
2026-02-26T21:29:13.565Z [ODDS]  Mictlán: 10/1 → 11/1
2026-02-26T21:29:25.290Z [ODDS]  Mictlán: 11/1 → 10/1, Deportivo Mixco: 1/6 → 2/11
2026-02-26T21:29:43.798Z [ODDS]  Mictlán: 10/1 → 11/1, Deportivo Mixco: 2/11 → 1/6
2026-02-26T21:34:25.668Z [ODDS]  Mictlán: 11/1 → 10/1, Deportivo Mixco: 1/6 → 2/11
2026-02-26T21:35:13.019Z [ODDS]  Mictlán: 10/1 → 11/1, Draw: 5/1 → 11/2, Deportivo Mixco: 2/11 → 1/7
2026-02-26T21:35:47.749Z [ODDS]  Mictlán: 11/1 → 12/1
2026-02-26T21:36:02.641Z [ODDS]  Mictlán: 12/1 → 14/1, Draw: 11/2 → 6/1, Deportivo Mixco: 1/7 → 1/8
2026-02-26T21:37:11.639Z [ODDS]  Mictlán: 14/1 → 12/1, Draw: 6/1 → 11/2
2026-02-26T21:37:24.724Z [ODDS]  Mictlán: 12/1 → 14/1
2026-02-26T21:37:31.479Z [ODDS]  Draw: 11/2 → 6/1
2026-02-26T21:38:13.737Z [ODDS]  Draw: 6/1 → 11/2
2026-02-26T21:38:33.127Z [ODDS]  Draw: 11/2 → 6/1
2026-02-26T21:38:55.676Z [ODDS]  Mictlán: 14/1 → 12/1, Draw: 6/1 → 11/2, Deportivo Mixco: 1/8 → 1/7
2026-02-26T21:39:16.876Z [ODDS]  Mictlán: 12/1 → 14/1, Deportivo Mixco: 1/7 → 1/8
2026-02-26T21:39:21.851Z [ODDS]  Mictlán: 14/1 → 12/1, Deportivo Mixco: 1/8 → 1/7
2026-02-26T21:39:59.271Z [ODDS]  Mictlán: 12/1 → 14/1, Deportivo Mixco: 1/7 → 1/8
2026-02-26T21:40:29.939Z [ODDS]  Draw: 11/2 → 6/1
2026-02-26T21:40:51.164Z [ODDS]  Draw: 6/1 → 11/2
2026-02-26T21:40:57.471Z [ODDS]  Mictlán: 14/1 → 12/1, Draw: 11/2 → 5/1, Deportivo Mixco: 1/8 → 1/7
2026-02-26T21:41:14.586Z [ODDS]  Draw: 5/1 → 11/2
2026-02-26T21:41:44.830Z [ODDS]  Draw: 11/2 → 5/1
2026-02-26T21:42:19.562Z [ODDS]  Draw: 5/1 → 11/2
2026-02-26T21:42:28.103Z [ODDS]  Draw: 11/2 → 5/1
2026-02-26T21:43:14.104Z [ODDS]  Draw: 5/1 → 11/2
2026-02-26T21:43:40.730Z [ODDS]  Mictlán: 12/1 → 14/1, Deportivo Mixco: 1/7 → 1/8
2026-02-26T21:43:42.523Z [ODDS]  Mictlán: 14/1 → 12/1, Deportivo Mixco: 1/8 → 1/7
2026-02-26T21:43:50.674Z [ODDS]  Mictlán: 12/1 → 14/1
2026-02-26T21:44:45.209Z [ODDS]  Mictlán: 14/1 → 12/1, Draw: 11/2 → 5/1
2026-02-26T21:47:20.356Z [ODDS]  Mictlán: 12/1 → 14/1
2026-02-26T21:47:29.826Z [ODDS]  Mictlán: 14/1 → 12/1
2026-02-26T21:47:40.199Z [ODDS]  Mictlán: 12/1 → 14/1
2026-02-26T21:48:17.632Z [ODDS]  Mictlán: 14/1 → 12/1, Deportivo Mixco: 1/7 → 1/6
2026-02-26T21:48:21.690Z [ODDS]  Deportivo Mixco: 1/6 → 1/7
2026-02-26T21:48:34.365Z [ODDS]  Mictlán: 12/1 → 14/1
2026-02-26T21:48:48.762Z [ODDS]  Mictlán: 14/1 → 12/1
2026-02-26T21:50:30.230Z [ODDS]  Deportivo Mixco: 1/7 → 1/6
2026-02-26T21:50:47.821Z [ODDS]  Deportivo Mixco: 1/6 → 1/7
2026-02-26T21:51:03.155Z [ODDS]  Deportivo Mixco: 1/7 → 1/6
2026-02-26T21:51:04.056Z [ODDS]  Deportivo Mixco: 1/6 → 1/7
2026-02-26T22:08:30.115Z [ODDS]  Deportivo Mixco: 1/7 → 1/6
2026-02-26T22:08:42.738Z [ODDS]  Deportivo Mixco: 1/6 → 1/7
2026-02-26T22:08:59.876Z [ODDS]  Deportivo Mixco: 1/7 → 1/6
2026-02-26T22:09:15.210Z [ODDS]  Deportivo Mixco: 1/6 → 1/7
2026-02-26T22:09:20.623Z [ODDS]  Deportivo Mixco: 1/7 → 1/6
2026-02-26T22:09:47.684Z [ODDS]  Deportivo Mixco: 1/6 → 1/7
2026-02-26T22:10:01.214Z [ODDS]  Deportivo Mixco: 1/7 → 1/6
2026-02-26T22:10:12.943Z [ODDS]  Deportivo Mixco: 1/6 → 1/7
2026-02-26T22:10:21.071Z [ODDS]  Deportivo Mixco: 1/7 → 1/6
2026-02-26T22:10:49.475Z [ODDS]  Mictlán: 12/1 → 14/1, Deportivo Mixco: 1/6 → 1/7
2026-02-26T22:10:54.437Z [ODDS]  Mictlán: 14/1 → 12/1, Draw: 5/1 → 9/2, Deportivo Mixco: 1/7 → 1/6
2026-02-26T22:10:58.043Z [ODDS]  Deportivo Mixco: 1/6 → 2/11
2026-02-26T22:11:12.481Z [ODDS]  Mictlán: 12/1 → 11/1
2026-02-26T22:11:14.280Z [ODDS]  Mictlán: 11/1 → 12/1
2026-02-26T22:11:32.327Z [ODDS]  Mictlán: 12/1 → 14/1, Draw: 9/2 → 11/2, Deportivo Mixco: 2/11 → 1/8
2026-02-26T22:11:40.438Z [ODDS]  Mictlán: 14/1 → 11/1, Draw: 11/2 → 9/2, Deportivo Mixco: 1/8 → 2/11
2026-02-26T22:11:46.753Z [ODDS]  Mictlán: 11/1 → 14/1, Draw: 9/2 → 5/1, Deportivo Mixco: 2/11 → 1/7
2026-02-26T22:11:50.830Z [ODDS]  Mictlán: 14/1 → 12/1, Deportivo Mixco: 1/7 → 1/6
2026-02-26T22:12:16.518Z [ODDS]  Draw: 5/1 → 9/2
2026-02-26T22:12:35.469Z [ODDS]  Deportivo Mixco: 1/6 → 2/11
2026-02-26T22:12:41.324Z [ODDS]  Deportivo Mixco: 2/11 → 1/6
2026-02-26T22:12:41.784Z [ODDS]  Deportivo Mixco: 1/6 → 2/11
2026-02-26T22:12:49.894Z [ODDS]  Deportivo Mixco: 2/11 → 1/6
2026-02-26T22:14:18.755Z [ODDS]  Deportivo Mixco: 1/6 → 2/11
2026-02-26T22:14:43.999Z [ODDS]  Deportivo Mixco: 2/11 → 1/6
2026-02-26T22:15:10.606Z [ODDS]  Draw: 9/2 → 5/1
2026-02-26T22:16:04.286Z [ODDS]  Draw: 5/1 → 9/2
2026-02-26T22:16:13.295Z [ODDS]  Draw: 9/2 → 5/1
2026-02-26T22:16:37.657Z [ODDS]  Mictlán: 12/1 → 14/1, Deportivo Mixco: 1/6 → 1/7
2026-02-26T22:17:29.063Z [ODDS]  Mictlán: 14/1 → 16/1, Draw: 5/1 → 11/2, Deportivo Mixco: 1/7 → 1/8
2026-02-26T22:17:30.867Z [ODDS]  Mictlán: 16/1 → 14/1
2026-02-26T22:17:33.127Z [ODDS]  Mictlán: 14/1 → 16/1
2026-02-26T22:17:36.285Z [ODDS]  Mictlán: 16/1 → 14/1, Draw: 11/2 → 5/1, Deportivo Mixco: 1/8 → 1/7
2026-02-26T22:17:43.495Z [ODDS]  Mictlán: 14/1 → 4/1, Draw: 5/1 → 13/10, Deportivo Mixco: 1/7 → 6/5
2026-02-26T22:17:43.495Z [EVENT]  score: 1-1
2026-02-26T22:17:54.323Z [ODDS]  Mictlán: 4/1 → 5/1, Draw: 13/10 → 6/5
2026-02-26T22:18:18.223Z [ODDS]  Mictlán: 5/1 → 9/2
2026-02-26T22:18:46.642Z [ODDS]  Mictlán: 9/2 → 11/2, Draw: 6/5 → 5/4, Deportivo Mixco: 6/5 → 21/20
2026-02-26T22:18:52.502Z [ODDS]  Draw: 5/4 → 6/5
2026-02-26T22:19:15.504Z [ODDS]  Mictlán: 11/2 → 6/1
2026-02-26T22:19:19.128Z [ODDS]  Mictlán: 6/1 → 11/2
2026-02-26T22:19:21.822Z [ODDS]  Mictlán: 11/2 → 5/1, Deportivo Mixco: 21/20 → 11/10
2026-02-26T22:19:42.567Z [ODDS]  Deportivo Mixco: 11/10 → 6/5
2026-02-26T22:19:58.808Z [ODDS]  Mictlán: 5/1 → 9/2, Deportivo Mixco: 6/5 → 5/4
2026-02-26T22:20:07.371Z [ODDS]  Mictlán: 9/2 → 5/1, Deportivo Mixco: 5/4 → 6/5
2026-02-26T22:20:20.482Z [ODDS]  Draw: 6/5 → 11/10
2026-02-26T22:20:22.253Z [ODDS]  Draw: 11/10 → 6/5
2026-02-26T22:20:42.109Z [ODDS]  Mictlán: 5/1 → 9/2, Deportivo Mixco: 6/5 → 5/4
2026-02-26T22:21:16.836Z [ODDS]  Mictlán: 9/2 → 5/1, Draw: 6/5 → 11/10, Deportivo Mixco: 5/4 → 6/5
2026-02-26T22:21:24.955Z [ODDS]  Draw: 11/10 → 6/5
2026-02-26T22:21:29.020Z [ODDS]  Draw: 6/5 → 11/10
2026-02-26T22:22:21.782Z [ODDS]  Deportivo Mixco: 6/5 → 5/4
2026-02-26T22:22:43.430Z [ODDS]  Draw: 11/10 → 21/20
2026-02-26T22:22:55.155Z [ODDS]  Draw: 21/20 → 11/10
2026-02-26T22:23:25.834Z [ODDS]  Draw: 11/10 → 21/20
2026-02-26T22:23:52.886Z [ODDS]  Deportivo Mixco: 5/4 → 13/10
2026-02-26T22:24:21.297Z [ODDS]  Draw: 21/20 → 1/1
2026-02-26T22:24:48.813Z [ODDS]  Mictlán: 5/1 → 11/2
2026-02-26T22:24:53.322Z [ODDS]  Deportivo Mixco: 13/10 → 11/8
2026-02-26T22:24:59.635Z [ODDS]  Mictlán: 11/2 → 5/1
2026-02-26T22:25:08.204Z [ODDS]  Mictlán: 5/1 → 11/2
2026-02-26T22:25:18.583Z [ODDS]  Deportivo Mixco: 11/8 → 13/10
2026-02-26T22:25:47.889Z [ODDS]  Draw: 1/1 → 20/21, Deportivo Mixco: 13/10 → 11/8
2026-02-26T22:26:43.373Z [ODDS]  Deportivo Mixco: 11/8 → 7/5
2026-02-26T22:26:56.894Z [ODDS]  Mictlán: 11/2 → 5/1
2026-02-26T22:27:25.306Z [ODDS]  Deportivo Mixco: 7/5 → 6/4
2026-02-26T22:27:31.623Z [ODDS]  Mictlán: 5/1 → 9/2
2026-02-26T22:28:25.300Z [ODDS]  Draw: 20/21 → 10/11
2026-02-26T22:28:45.588Z [ODDS]  Mictlán: 9/2 → 1/2, Draw: 10/11 → 12/5, Deportivo Mixco: 6/4 → 13/2
2026-02-26T22:28:45.588Z [EVENT]  score: 1-2
2026-02-26T22:28:56.412Z [ODDS]  Deportivo Mixco: 13/2 → 7/1
2026-02-26T22:29:36.556Z [ODDS]  Deportivo Mixco: 7/1 → 13/2
2026-02-26T22:29:38.369Z [ODDS]  Deportivo Mixco: 13/2 → 7/1
2026-02-26T22:29:42.869Z [ODDS]  Deportivo Mixco: 7/1 → 13/2
2026-02-26T22:30:02.264Z [ODDS]  Mictlán: 1/2 → 8/15, Draw: 12/5 → 9/4, Deportivo Mixco: 13/2 → 6/1
2026-02-26T22:30:23.907Z [ODDS]  Deportivo Mixco: 6/1 → 13/2
2026-02-26T22:31:51.405Z [ODDS]  Mictlán: 8/15 → 8/13, Draw: 9/4 → 21/10, Deportivo Mixco: 13/2 → 6/1
2026-02-26T22:32:07.189Z [ODDS]  Mictlán: 8/13 → 4/7
2026-02-26T22:32:36.504Z [ODDS]  Draw: 21/10 → 11/5
2026-02-26T22:32:58.602Z [ODDS]  Mictlán: 4/7 → 8/13, Draw: 11/5 → 21/10
2026-02-26T22:33:11.232Z [ODDS]  Mictlán: 8/13 → 4/7
2026-02-26T22:33:34.232Z [ODDS]  Mictlán: 4/7 → 8/15, Draw: 21/10 → 11/5, Deportivo Mixco: 6/1 → 13/2
2026-02-26T22:34:12.293Z [ODDS]  Mictlán: 8/15 → 4/7, Draw: 11/5 → 21/10
2026-02-26T22:34:17.255Z [ODDS]  Mictlán: 4/7 → 8/15
2026-02-26T22:34:54.693Z [ODDS]  Deportivo Mixco: 13/2 → 7/1
2026-02-26T22:35:51.062Z [ODDS]  Mictlán: 8/15 → 1/2, Deportivo Mixco: 7/1 → 15/2
2026-02-26T22:36:27.143Z [ODDS]  Draw: 21/10 → 11/5, Deportivo Mixco: 15/2 → 8/1
2026-02-26T22:36:32.103Z [ODDS]  Mictlán: 1/2 → 4/9
2026-02-26T22:36:37.966Z [ODDS]  Deportivo Mixco: 8/1 → 17/2
2026-02-26T22:36:58.713Z [ODDS]  Deportivo Mixco: 17/2 → 9/1
2026-02-26T22:37:23.517Z [ODDS]  Draw: 11/5 → 9/4
2026-02-26T22:37:37.949Z [ODDS]  Mictlán: 4/9 → 2/5, Deportivo Mixco: 9/1 → 10/1
2026-02-26T22:38:16.042Z [ODDS]  Deportivo Mixco: 10/1 → 11/1
2026-02-26T22:38:19.126Z [ODDS]  Deportivo Mixco: 11/1 → 10/1
2026-02-26T22:38:33.106Z [ODDS]  Deportivo Mixco: 10/1 → 11/1
2026-02-26T22:38:55.209Z [ODDS]  Mictlán: 2/5 → 4/11
2026-02-26T22:39:19.113Z [ODDS]  Draw: 9/4 → 12/5, Deportivo Mixco: 11/1 → 12/1
2026-02-26T22:39:24.091Z [ODDS]  Draw: 12/5 → 9/4, Deportivo Mixco: 12/1 → 11/1
2026-02-26T22:39:52.938Z [ODDS]  Deportivo Mixco: 11/1 → 12/1
2026-02-26T22:40:21.351Z [ODDS]  Draw: 9/4 → 12/5
2026-02-26T22:40:49.764Z [ODDS]  Mictlán: 4/11 → 1/3, Draw: 12/5 → 5/2, Deportivo Mixco: 12/1 → 14/1
2026-02-26T22:42:07.790Z [ODDS]  Mictlán: 1/3 → 3/10
2026-02-26T22:42:46.125Z [ODDS]  Deportivo Mixco: 14/1 → 16/1
2026-02-26T22:43:12.734Z [ODDS]  Mictlán: 3/10 → 2/7, Draw: 5/2 → 13/5
2026-02-26T22:43:18.146Z [ODDS]  Mictlán: 2/7 → 3/10, Draw: 13/5 → 5/2, Deportivo Mixco: 16/1 → 14/1
2026-02-26T22:43:20.855Z [ODDS]  Deportivo Mixco: 14/1 → 16/1
2026-02-26T22:43:42.051Z [ODDS]  Draw: 5/2 → 13/5, Mictlán: 3/10 → 2/7, Draw: 13/5 → 11/4, Deportivo Mixco: 16/1 → 18/1
2026-02-26T22:43:42.051Z [ODDS]  Draw: 11/4 → 13/5, Draw: 13/5 → 11/4
2026-02-26T22:43:55.131Z [ODDS]  Mictlán: 2/7 → 1/4
2026-02-26T22:43:55.581Z [ODDS]  Mictlán: 1/4 → 3/10, Draw: 11/4 → 13/5, Deportivo Mixco: 18/1 → 16/1
2026-02-26T22:43:57.386Z [ODDS]  Mictlán: 3/10 → 2/7, Deportivo Mixco: 16/1 → 18/1
2026-02-26T22:44:08.663Z [ODDS]  Draw: 13/5 → 11/4
2026-02-26T22:44:40.730Z [ODDS]  Mictlán: 2/7 → 1/4, Deportivo Mixco: 18/1 → 20/1
2026-02-26T22:44:53.838Z [ODDS]  Deportivo Mixco: 20/1 → 18/1
2026-02-26T22:44:56.982Z [ODDS]  Deportivo Mixco: 18/1 → 20/1
2026-02-26T22:45:31.193Z [ODDS]  Draw: 11/4 → 3/1
2026-02-26T22:46:35.246Z [ODDS]  Mictlán: 1/4 → 2/9, Deportivo Mixco: 20/1 → 22/1
2026-02-26T22:47:10.864Z [ODDS]  Mictlán: 2/9 → 1/4, Deportivo Mixco: 22/1 → 20/1
2026-02-26T22:47:18.080Z [ODDS]  Mictlán: 1/4 → 2/9, Deportivo Mixco: 20/1 → 22/1
2026-02-26T22:47:45.144Z [ODDS]  Deportivo Mixco: 22/1 → 25/1
2026-02-26T22:47:50.552Z [ODDS]  Deportivo Mixco: 25/1 → 22/1
2026-02-26T22:47:59.572Z [ODDS]  Deportivo Mixco: 22/1 → 25/1
2026-02-26T22:48:01.377Z [ODDS]  Deportivo Mixco: 25/1 → 22/1
2026-02-26T22:48:17.613Z [ODDS]  Mictlán: 2/9 → 1/4
2026-02-26T22:48:32.044Z [ODDS]  Mictlán: 1/4 → 2/9
2026-02-26T22:48:38.360Z [ODDS]  Mictlán: 2/9 → 1/5, Draw: 3/1 → 10/3, Deportivo Mixco: 22/1 → 25/1
2026-02-26T22:49:16.693Z [ODDS]  Mictlán: 1/5 → 2/11, Draw: 10/3 → 7/2, Deportivo Mixco: 25/1 → 28/1
2026-02-26T22:49:18.948Z [ODDS]  Mictlán: 2/11 → 1/5, Draw: 7/2 → 10/3, Deportivo Mixco: 28/1 → 25/1
2026-02-26T22:49:20.302Z [ODDS]  Mictlán: 1/5 → 2/11, Draw: 10/3 → 7/2, Deportivo Mixco: 25/1 → 28/1
2026-02-26T22:49:39.694Z [ODDS]  Mictlán: 2/11 → 1/6, Draw: 7/2 → 15/4
2026-02-26T22:50:12.619Z [ODDS]  Draw: 15/4 → 4/1
2026-02-26T22:50:52.759Z [ODDS]  Mictlán: 1/6 → 1/7, Draw: 4/1 → 9/2, Deportivo Mixco: 28/1 → 33/1
2026-02-26T22:51:13.054Z [ODDS]  Mictlán: 1/7 → 12/1, Draw: 9/2 → 2/11, Deportivo Mixco: 33/1 → 9/2
2026-02-26T22:51:13.054Z [EVENT]  score: 2-2
2026-02-26T22:51:31.544Z [ODDS]  Mictlán: 12/1 → 14/1, Draw: 2/11 → 1/6
2026-02-26T22:51:41.015Z [ODDS]  Mictlán: 14/1 → 12/1, Draw: 1/6 → 2/11
2026-02-26T22:51:51.839Z [ODDS]  Draw: 2/11 → 1/6
2026-02-26T22:52:00.864Z [ODDS]  Mictlán: 12/1 → 11/1, Deportivo Mixco: 9/2 → 5/1
2026-02-26T22:52:07.177Z [ODDS]  Mictlán: 11/1 → 12/1
2026-02-26T22:52:25.664Z [ODDS]  Draw: 1/6 → 1/7, Deportivo Mixco: 5/1 → 11/2
2026-02-26T22:52:48.668Z [ODDS]  Draw: 1/7 → 1/8, Deportivo Mixco: 11/2 → 6/1
2026-02-26T22:52:50.920Z [ODDS]  Draw: 1/8 → 1/9
2026-02-26T22:53:04.000Z [ODDS]  Deportivo Mixco: 6/1 → 13/2
2026-02-26T22:53:07.606Z [ODDS]  Mictlán: 12/1 → 14/1
2026-02-26T22:53:21.588Z [ODDS]  Draw: 1/9 → 1/10
2026-02-26T22:53:26.549Z [ODDS]  Draw: 1/10 → 1/11
2026-02-26T22:53:27.902Z [ODDS]  Mictlán: 14/1 → 10/1, Draw: 1/11 → 1/9
2026-02-26T22:53:28.353Z [ODDS]  Deportivo Mixco: 13/2 → 7/1
2026-02-26T22:53:47.296Z [ODDS]  Mictlán: 10/1 → 11/1, Draw: 1/9 → 1/10
2026-02-26T22:53:50.001Z [ODDS]  Mictlán: 11/1 → 14/1, Draw: 1/10 → 1/12
2026-02-26T22:53:59.923Z [ODDS]  Draw: 1/12 → 1/14, Deportivo Mixco: 7/1 → 15/2
2026-02-26T22:54:03.983Z [ODDS]  Deportivo Mixco: 15/2 → 8/1
2026-02-26T22:54:27.887Z [ODDS]  Draw: 1/14 → 1/16, Deportivo Mixco: 8/1 → 9/1
2026-02-26T22:54:37.809Z [ODDS]  Mictlán: 14/1 → 16/1
2026-02-26T22:54:51.339Z [ODDS]  Draw: 1/16 → 1/20, Deportivo Mixco: 9/1 → 10/1
2026-02-26T22:55:10.732Z [ODDS]  Draw: 1/20 → 1/22
2026-02-26T22:55:16.595Z [ODDS]  Draw: 1/22 → 1/25, Deportivo Mixco: 10/1 → 12/1
2026-02-26T22:55:28.775Z [ODDS]  Draw: 1/25 → 1/28
2026-02-26T22:55:46.812Z [ODDS]  Mictlán: 16/1 → 18/1, Draw: 1/28 → 1/33, Deportivo Mixco: 12/1 → 14/1
