2026-02-26T23:08:16.278Z [ODDS]  Real Noroeste: 3/1 → 10/3
2026-02-26T23:09:23.026Z [ODDS]  Draw: 12/5 → 5/2
2026-02-26T23:09:24.829Z [ODDS]  Draw: 5/2 → 12/5
2026-02-26T23:09:25.731Z [ODDS]  Draw: 12/5 → 5/2
2026-02-26T23:09:38.359Z [ODDS]  Draw: 5/2 → 12/5
2026-02-26T23:11:52.313Z [ODDS]  Serra: 4/5 → 8/11
2026-02-26T23:13:11.691Z [ODDS]  Real Noroeste: 10/3 → 7/2
2026-02-26T23:15:48.639Z [ODDS]  Real Noroeste: 7/2 → 10/3, Draw: 12/5 → 9/4, Serra: 8/11 → 4/5
2026-02-26T23:16:26.972Z [ODDS]  Real Noroeste: 10/3 → 7/2
2026-02-26T23:16:52.678Z [ODDS]  Draw: 9/4 → 11/5
2026-02-26T23:17:11.172Z [ODDS]  Real Noroeste: 7/2 → 10/3, Serra: 4/5 → 5/6
2026-02-26T23:19:01.690Z [ODDS]  Serra: 5/6 → 10/11
2026-02-26T23:19:28.324Z [ODDS]  Real Noroeste: 10/3 → 3/1, Draw: 11/5 → 21/10
2026-02-26T23:19:58.495Z [ODDS]  Real Noroeste: 3/1 → 10/3, Draw: 21/10 → 11/5, Serra: 10/11 → 5/6
2026-02-26T23:19:58.943Z [ODDS]  Real Noroeste: 10/3 → 3/1, Draw: 11/5 → 21/10, Serra: 5/6 → 10/11
2026-02-26T23:21:19.674Z [ODDS]  Real Noroeste: 3/1 → 10/3
2026-02-26T23:22:33.213Z [ODDS]  Real Noroeste: 10/3 → 3/1
2026-02-26T23:23:31.367Z [ODDS]  Draw: 21/10 → 2/1, Serra: 10/11 → 20/21
2026-02-26T23:27:24.539Z [ODDS]  Draw: 2/1 → 15/8, Serra: 20/21 → 1/1
2026-02-26T23:29:30.821Z [ODDS]  Serra: 1/1 → 21/20
2026-02-26T23:30:38.469Z [ODDS]  Serra: 21/20 → 1/1
2026-02-26T23:31:02.374Z [ODDS]  Serra: 1/1 → 20/21
2026-02-26T23:31:07.786Z [ODDS]  Serra: 20/21 → 1/1
2026-02-26T23:31:19.963Z [ODDS]  Serra: 1/1 → 21/20
2026-02-26T23:32:27.164Z [ODDS]  Real Noroeste: 3/1 → 11/4
2026-02-26T23:33:26.694Z [ODDS]  Real Noroeste: 11/4 → 3/1
2026-02-26T23:35:16.290Z [ODDS]  Draw: 15/8 → 7/4
2026-02-26T23:35:33.427Z [ODDS]  Serra: 21/20 → 11/10
2026-02-26T23:36:24.841Z [ODDS]  Serra: 11/10 → 21/20
2026-02-26T23:36:51.001Z [ODDS]  Serra: 21/20 → 11/10
2026-02-26T23:36:52.806Z [ODDS]  Serra: 11/10 → 21/20
2026-02-26T23:36:53.269Z [ODDS]  Serra: 21/20 → 11/10
2026-02-26T23:37:50.982Z [ODDS]  Serra: 11/10 → 21/20
2026-02-26T23:37:55.498Z [ODDS]  Serra: 21/20 → 11/10
2026-02-26T23:40:25.598Z [ODDS]  Serra: 11/10 → 21/20
2026-02-26T23:40:33.715Z [ODDS]  Serra: 21/20 → 11/10
2026-02-26T23:41:45.423Z [ODDS]  Draw: 7/4 → 13/8
2026-02-26T23:42:01.212Z [ODDS]  Serra: 11/10 → 6/5
2026-02-26T23:42:27.366Z [ODDS]  Serra: 6/5 → 11/10
2026-02-26T23:42:48.113Z [ODDS]  Real Noroeste: 3/1 → 10/3, Draw: 13/8 → 7/4
2026-02-26T23:43:10.211Z [ODDS]  Serra: 11/10 → 21/20
2026-02-26T23:43:58.018Z [ODDS]  Serra: 21/20 → 11/10
2026-02-26T23:44:02.078Z [ODDS]  Real Noroeste: 10/3 → 3/1, Draw: 7/4 → 13/8, Serra: 11/10 → 6/5
2026-02-26T23:44:07.046Z [ODDS]  Serra: 6/5 → 11/10
2026-02-26T23:44:37.254Z [ODDS]  Real Noroeste: 3/1 → 10/3
2026-02-26T23:46:17.374Z [ODDS]  Draw: 13/8 → 8/5
2026-02-26T23:48:11.483Z [ODDS]  Serra: 11/10 → 6/5
2026-02-26T23:48:23.660Z [ODDS]  Draw: 8/5 → 6/4
2026-02-26T23:49:16.879Z [ODDS]  Real Noroeste: 10/3 → 7/2, Serra: 6/5 → 11/10
2026-02-26T23:49:18.232Z [ODDS]  Real Noroeste: 7/2 → 10/3, Serra: 11/10 → 6/5
2026-02-26T23:49:30.411Z [ODDS]  Real Noroeste: 10/3 → 7/2
2026-02-26T23:50:06.509Z [ODDS]  Real Noroeste: 7/2 → 10/3
2026-02-27T00:06:29.787Z [ODDS]  Draw: 6/4 → 8/5
2026-02-27T00:06:54.142Z [ODDS]  Draw: 8/5 → 6/4
2026-02-27T00:06:54.592Z [ODDS]  Draw: 6/4 → 8/5, Serra: 6/5 → 11/10
2026-02-27T00:06:55.495Z [ODDS]  Draw: 8/5 → 6/4, Serra: 11/10 → 6/5
