2026-02-27T00:38:22.187Z [ODDS]  Draw: 10/3 → 3/1
2026-02-27T00:38:27.969Z [ODDS]  Lanus: 17/2 → 9/1, Draw: 3/1 → 10/3
2026-02-27T00:38:33.836Z [ODDS]  Lanus: 9/1 → 17/2, Draw: 10/3 → 3/1
2026-02-27T00:38:40.146Z [ODDS]  Flamengo: 4/11 → 2/5
2026-02-27T00:38:43.303Z [ODDS]  Draw: 3/1 → 10/3, Flamengo: 2/5 → 4/11
2026-02-27T00:39:10.822Z [ODDS]  Draw: 10/3 → 3/1
2026-02-27T00:39:39.227Z [ODDS]  Lanus: 17/2 → 8/1, Flamengo: 4/11 → 2/5
2026-02-27T00:39:52.306Z [ODDS]  Lanus: 8/1 → 17/2, Flamengo: 2/5 → 4/11
2026-02-27T00:40:37.061Z [ODDS]  Flamengo: 4/11 → 2/5
2026-02-27T00:42:50.022Z [ODDS]  Lanus: 17/2 → 9/1, Flamengo: 2/5 → 4/11
2026-02-27T00:43:24.283Z [ODDS]  Lanus: 9/1 → 17/2, Flamengo: 4/11 → 2/5
2026-02-27T00:43:41.422Z [ODDS]  Lanus: 17/2 → 9/1, Flamengo: 2/5 → 4/11
2026-02-27T00:43:45.074Z [ODDS]  Lanus: 9/1 → 17/2, Flamengo: 4/11 → 2/5
2026-02-27T00:44:02.170Z [ODDS]  Lanus: 17/2 → 9/1, Flamengo: 2/5 → 4/11
2026-02-27T00:44:04.015Z [ODDS]  Lanus: 9/1 → 17/2, Flamengo: 4/11 → 2/5
2026-02-27T00:44:09.852Z [ODDS]  Lanus: 17/2 → 9/1
2026-02-27T00:44:41.409Z [ODDS]  Lanus: 9/1 → 10/1, Flamengo: 2/5 → 4/11
2026-02-27T00:45:08.938Z [ODDS]  Lanus: 10/1 → 9/1, Flamengo: 4/11 → 2/5
2026-02-27T00:45:43.660Z [ODDS]  Lanus: 9/1 → 10/1, Flamengo: 2/5 → 4/11
2026-02-27T00:49:37.718Z [ODDS]  Lanus: 10/1 → 11/1
2026-02-27T00:49:46.738Z [ODDS]  Lanus: 11/1 → 10/1
2026-02-27T00:51:52.195Z [ODDS]  Lanus: 10/1 → 9/1, Draw: 3/1 → 11/4, Flamengo: 4/11 → 2/5
2026-02-27T00:51:57.083Z [ODDS]  Lanus: 9/1 → 10/1
2026-02-27T00:52:11.154Z [ODDS]  Lanus: 10/1 → 9/1
2026-02-27T00:52:15.569Z [ODDS]  Lanus: 9/1 → 10/1
2026-02-27T00:52:34.077Z [ODDS]  Lanus: 10/1 → 9/1
2026-02-27T00:54:02.470Z [ODDS]  Flamengo: 2/5 → 4/9
2026-02-27T00:54:16.895Z [ODDS]  Flamengo: 4/9 → 2/5
2026-02-27T00:54:57.035Z [ODDS]  Flamengo: 2/5 → 4/9
2026-02-27T00:55:06.957Z [ODDS]  Lanus: 9/1 → 10/1, Flamengo: 4/9 → 2/5
2026-02-27T00:55:20.487Z [ODDS]  Lanus: 10/1 → 9/1, Draw: 11/4 → 13/5, Flamengo: 2/5 → 4/9
2026-02-27T00:55:36.724Z [ODDS]  Lanus: 9/1 → 10/1
2026-02-27T00:56:15.510Z [ODDS]  Flamengo: 4/9 → 2/5
2026-02-27T00:56:20.019Z [ODDS]  Flamengo: 2/5 → 4/9
2026-02-27T00:56:29.491Z [ODDS]  Flamengo: 4/9 → 2/5
2026-02-27T00:57:17.296Z [ODDS]  Lanus: 10/1 → 9/1, Flamengo: 2/5 → 4/9
2026-02-27T00:57:31.277Z [ODDS]  Lanus: 9/1 → 10/1, Flamengo: 4/9 → 2/5
2026-02-27T00:57:44.809Z [ODDS]  Draw: 13/5 → 11/4
2026-02-27T00:57:54.729Z [ODDS]  Draw: 11/4 → 13/5, Flamengo: 2/5 → 4/9
2026-02-27T00:57:56.984Z [ODDS]  Lanus: 10/1 → 11/1, Draw: 13/5 → 11/4, Flamengo: 4/9 → 2/5
2026-02-27T00:58:07.809Z [ODDS]  Lanus: 11/1 → 10/1
2026-02-27T00:58:14.574Z [ODDS]  Draw: 11/4 → 13/5
2026-02-27T00:58:45.242Z [ODDS]  Draw: 13/5 → 11/4
2026-02-27T00:59:13.203Z [ODDS]  Draw: 11/4 → 13/5
2026-02-27T00:59:49.286Z [ODDS]  Flamengo: 2/5 → 4/9
2026-02-27T00:59:52.442Z [ODDS]  Lanus: 10/1 → 11/1, Draw: 13/5 → 11/4, Flamengo: 4/9 → 2/5
2026-02-27T00:59:57.854Z [ODDS]  Lanus: 11/1 → 10/1, Draw: 11/4 → 13/5
2026-02-27T01:00:15.444Z [ODDS]  Lanus: 10/1 → 9/4, Draw: 13/5 → 21/10, Flamengo: 2/5 → 5/4
2026-02-27T01:00:15.444Z [EVENT]  score: 0-1
2026-02-27T01:00:30.329Z [ODDS]  Lanus: 9/4 → 5/2, Draw: 21/10 → 11/5, Flamengo: 5/4 → 11/10
2026-02-27T01:01:01.897Z [ODDS]  Lanus: 5/2 → 9/4, Flamengo: 11/10 → 6/5
2026-02-27T01:01:33.917Z [ODDS]  Lanus: 9/4 → 12/5
2026-02-27T01:01:53.312Z [ODDS]  Lanus: 12/5 → 9/4
2026-02-27T01:01:58.282Z [ODDS]  Lanus: 9/4 → 21/10, Draw: 11/5 → 21/10, Flamengo: 6/5 → 13/10
2026-02-27T01:02:00.528Z [ODDS]  Lanus: 21/10 → 9/4, Flamengo: 13/10 → 5/4
2026-02-27T01:02:11.802Z [ODDS]  Lanus: 9/4 → 11/5, Flamengo: 5/4 → 13/10
2026-02-27T01:02:21.723Z [ODDS]  Lanus: 11/5 → 21/10, Draw: 21/10 → 11/5
2026-02-27T01:02:37.960Z [ODDS]  Lanus: 21/10 → 11/5, Draw: 11/5 → 21/10
2026-02-27T01:02:49.239Z [ODDS]  Lanus: 11/5 → 21/10
2026-02-27T01:03:05.022Z [ODDS]  Flamengo: 13/10 → 11/8
2026-02-27T01:03:07.277Z [ODDS]  Lanus: 21/10 → 2/1
2026-02-27T01:03:13.140Z [ODDS]  Flamengo: 11/8 → 7/5
2026-02-27T01:03:15.395Z [ODDS]  Lanus: 2/1 → 21/10, Flamengo: 7/5 → 11/8
2026-02-27T01:03:32.989Z [ODDS]  Lanus: 21/10 → 2/1, Flamengo: 11/8 → 7/5
2026-02-27T01:03:54.632Z [ODDS]  Lanus: 2/1 → 21/10, Flamengo: 7/5 → 11/8
2026-02-27T01:04:28.006Z [ODDS]  Lanus: 21/10 → 2/1, Flamengo: 11/8 → 7/5
2026-02-27T01:04:34.320Z [ODDS]  Lanus: 2/1 → 15/8, Flamengo: 7/5 → 6/4
2026-02-27T01:04:36.125Z [ODDS]  Lanus: 15/8 → 7/4, Flamengo: 6/4 → 8/5
2026-02-27T01:04:40.637Z [ODDS]  Lanus: 7/4 → 15/8, Flamengo: 8/5 → 6/4
2026-02-27T01:04:42.890Z [ODDS]  Lanus: 15/8 → 7/4
2026-02-27T01:04:49.203Z [ODDS]  Lanus: 7/4 → 15/8
2026-02-27T01:06:44.666Z [ODDS]  Lanus: 15/8 → 7/4, Flamengo: 6/4 → 8/5
2026-02-27T01:07:28.864Z [ODDS]  Lanus: 7/4 → 5/1, Draw: 21/10 → 9/4, Flamengo: 8/5 → 4/6
2026-02-27T01:07:48.256Z [ODDS]  Lanus: 5/1 → 15/2, Draw: 9/4 → 12/5, Flamengo: 4/6 → 8/15
2026-02-27T01:07:48.256Z [EVENT]  score: 1-1
2026-02-27T01:07:55.923Z [ODDS]  Draw: 12/5 → 11/5, Flamengo: 8/15 → 4/7
2026-02-27T01:08:14.868Z [ODDS]  Lanus: 15/2 → 7/1, Draw: 11/5 → 21/10, Flamengo: 4/7 → 8/13
2026-02-27T01:08:17.125Z [ODDS]  Lanus: 7/1 → 13/2
2026-02-27T01:08:18.927Z [ODDS]  Lanus: 13/2 → 7/1
2026-02-27T01:08:27.348Z [ODDS]  Lanus: 7/1 → 8/1, Draw: 21/10 → 9/4, Flamengo: 8/13 → 8/15
2026-02-27T01:09:02.075Z [ODDS]  Draw: 9/4 → 11/5
2026-02-27T01:09:03.879Z [ODDS]  Lanus: 8/1 → 15/2, Flamengo: 8/15 → 4/7
2026-02-27T01:09:07.943Z [ODDS]  Lanus: 15/2 → 7/1, Draw: 11/5 → 9/4
2026-02-27T01:09:19.216Z [ODDS]  Lanus: 7/1 → 13/2, Draw: 9/4 → 11/5
2026-02-27T01:09:42.217Z [ODDS]  Lanus: 13/2 → 15/2
2026-02-27T01:09:49.891Z [ODDS]  Lanus: 15/2 → 7/1
2026-02-27T01:09:59.809Z [ODDS]  Lanus: 7/1 → 15/2
2026-02-27T01:10:44.455Z [ODDS]  Lanus: 15/2 → 8/1
2026-02-27T01:10:59.790Z [ODDS]  Draw: 11/5 → 21/10
2026-02-27T01:12:19.620Z [ODDS]  Draw: 21/10 → 11/5, Flamengo: 4/7 → 8/15
2026-02-27T01:12:23.227Z [ODDS]  Draw: 11/5 → 21/10
2026-02-27T01:12:27.742Z [ODDS]  Flamengo: 8/15 → 4/7
2026-02-27T01:12:34.052Z [ODDS]  Draw: 21/10 → 2/1
2026-02-27T01:12:38.561Z [ODDS]  Lanus: 8/1 → 17/2
2026-02-27T01:12:52.995Z [ODDS]  Lanus: 17/2 → 8/1, Draw: 2/1 → 21/10
2026-02-27T01:13:09.681Z [ODDS]  Lanus: 8/1 → 9/1, Draw: 21/10 → 2/1
2026-02-27T01:13:38.546Z [ODDS]  Lanus: 9/1 → 17/2
2026-02-27T01:13:54.332Z [ODDS]  Lanus: 17/2 → 9/1
2026-02-27T01:14:02.452Z [ODDS]  Lanus: 9/1 → 17/2
2026-02-27T01:14:15.529Z [ODDS]  Lanus: 17/2 → 9/1
2026-02-27T01:14:40.814Z [ODDS]  Draw: 2/1 → 15/8
2026-02-27T01:14:45.295Z [ODDS]  Draw: 15/8 → 2/1
2026-02-27T01:15:15.511Z [ODDS]  Draw: 2/1 → 15/8
2026-02-27T01:15:42.571Z [ODDS]  Draw: 15/8 → 2/1
2026-02-27T01:15:56.553Z [ODDS]  Draw: 2/1 → 15/8
2026-02-27T01:16:13.692Z [ODDS]  Flamengo: 4/7 → 8/13
2026-02-27T01:17:01.496Z [ODDS]  Lanus: 9/1 → 8/1
2026-02-27T01:17:20.439Z [ODDS]  Lanus: 8/1 → 17/2
2026-02-27T01:17:23.596Z [ODDS]  Lanus: 17/2 → 9/1
2026-02-27T01:18:31.698Z [ODDS]  Draw: 15/8 → 7/4
2026-02-27T01:19:12.288Z [ODDS]  Lanus: 9/1 → 10/1
2026-02-27T01:19:15.896Z [ODDS]  Lanus: 10/1 → 9/1
2026-02-27T01:19:33.035Z [ODDS]  Lanus: 9/1 → 10/1
2026-02-27T01:38:31.157Z [ODDS]  Lanus: 10/1 → 11/1
2026-02-27T01:38:34.763Z [ODDS]  Lanus: 11/1 → 10/1
2026-02-27T01:38:39.725Z [ODDS]  Draw: 7/4 → 13/8, Flamengo: 8/13 → 4/6
2026-02-27T01:38:48.747Z [ODDS]  Draw: 13/8 → 7/4, Flamengo: 4/6 → 8/13
2026-02-27T01:38:51.904Z [ODDS]  Draw: 7/4 → 13/8
2026-02-27T01:39:12.199Z [ODDS]  Flamengo: 8/13 → 4/6
2026-02-27T01:40:10.832Z [ODDS]  Lanus: 10/1 → 11/1, Flamengo: 4/6 → 8/13
2026-02-27T01:40:16.243Z [ODDS]  Flamengo: 8/13 → 4/6
2026-02-27T01:40:28.421Z [ODDS]  Flamengo: 4/6 → 8/13
2026-02-27T01:40:30.676Z [ODDS]  Lanus: 11/1 → 10/1, Flamengo: 8/13 → 4/6
2026-02-27T01:40:37.440Z [ODDS]  Lanus: 10/1 → 11/1, Flamengo: 4/6 → 8/13
2026-02-27T01:40:41.499Z [ODDS]  Lanus: 11/1 → 10/1, Draw: 13/8 → 8/5, Flamengo: 8/13 → 4/6
2026-02-27T01:40:57.737Z [ODDS]  Draw: 8/5 → 13/8
2026-02-27T01:41:06.757Z [ODDS]  Draw: 13/8 → 8/5
2026-02-27T01:41:32.020Z [ODDS]  Lanus: 10/1 → 11/1
2026-02-27T01:41:50.060Z [ODDS]  Lanus: 11/1 → 9/1, Flamengo: 4/6 → 8/11
2026-02-27T01:42:27.042Z [ODDS]  Lanus: 9/1 → 11/1, Flamengo: 8/11 → 4/6
2026-02-27T01:42:32.455Z [ODDS]  Lanus: 11/1 → 9/1, Draw: 8/5 → 13/8
2026-02-27T01:42:39.219Z [ODDS]  Lanus: 9/1 → 10/1, Draw: 13/8 → 8/5, Flamengo: 4/6 → 8/11
2026-02-27T01:42:54.101Z [ODDS]  Draw: 8/5 → 6/4
2026-02-27T01:43:31.083Z [ODDS]  Lanus: 10/1 → 11/1
2026-02-27T01:44:46.856Z [ODDS]  Lanus: 11/1 → 12/1
2026-02-27T01:44:51.367Z [ODDS]  Lanus: 12/1 → 11/1, Draw: 6/4 → 7/5
2026-02-27T01:45:28.799Z [ODDS]  Draw: 7/5 → 6/4
2026-02-27T01:45:32.407Z [ODDS]  Draw: 6/4 → 7/5
2026-02-27T01:45:52.701Z [ODDS]  Lanus: 11/1 → 10/1, Flamengo: 8/11 → 4/5
2026-02-27T01:46:36.459Z [ODDS]  Draw: 7/5 → 11/8
2026-02-27T01:46:59.009Z [ODDS]  Lanus: 10/1 → 11/1
2026-02-27T01:47:19.755Z [ODDS]  Lanus: 11/1 → 10/1, Draw: 11/8 → 13/10
2026-02-27T01:47:32.837Z [ODDS]  Lanus: 10/1 → 11/1, Draw: 13/10 → 11/8
2026-02-27T01:47:55.384Z [ODDS]  Draw: 11/8 → 13/10
2026-02-27T01:48:24.701Z [ODDS]  Lanus: 11/1 → 10/1, Flamengo: 4/5 → 5/6
2026-02-27T01:48:57.171Z [ODDS]  Lanus: 10/1 → 11/1
2026-02-27T01:49:14.760Z [ODDS]  Lanus: 11/1 → 10/1, Draw: 13/10 → 5/4
2026-02-27T01:49:20.623Z [ODDS]  Draw: 5/4 → 13/10
2026-02-27T01:49:37.761Z [ODDS]  Draw: 13/10 → 5/4
2026-02-27T01:49:40.467Z [ODDS]  Lanus: 10/1 → 17/2, Draw: 5/4 → 13/10, Flamengo: 5/6 → 10/11
2026-02-27T01:49:55.802Z [ODDS]  Lanus: 17/2 → 11/1, Flamengo: 10/11 → 4/5
2026-02-27T01:50:03.920Z [ODDS]  Lanus: 11/1 → 10/1, Draw: 13/10 → 5/4, Flamengo: 4/5 → 5/6
2026-02-27T01:51:36.827Z [ODDS]  Flamengo: 5/6 → 10/11
2026-02-27T01:51:53.966Z [ODDS]  Flamengo: 10/11 → 5/6
2026-02-27T01:51:58.024Z [ODDS]  Lanus: 10/1 → 11/1, Draw: 5/4 → 6/5
2026-02-27T01:52:01.632Z [ODDS]  Lanus: 11/1 → 10/1, Draw: 6/5 → 5/4
2026-02-27T01:52:03.437Z [ODDS]  Lanus: 10/1 → 11/1, Draw: 5/4 → 6/5
2026-02-27T01:52:24.634Z [ODDS]  Lanus: 11/1 → 10/1, Flamengo: 5/6 → 10/11
2026-02-27T02:15:37.858Z [EVENT]  score: 2-1
2026-02-27T03:03:41.124Z [EVENT]  score: 2-2
2026-02-27T03:08:03.623Z [EVENT]  score: 2-3
