2026-02-26T20:50:16.558Z [ODDS]  Draw: 3/1 → 11/4, PSG (Kostolom89): 1/1 → 21/20
2026-02-26T20:50:19.263Z [ODDS]  Real Madrid (fantazer): 7/4 → 15/4, Draw: 11/4 → 7/2, PSG (Kostolom89): 21/20 → 4/9
2026-02-26T20:50:19.263Z [EVENT]  score: 2-1
2026-02-26T20:50:29.185Z [ODDS]  Real Madrid (fantazer): 15/4 → 4/1
2026-02-26T20:50:49.932Z [ODDS]  Draw: 7/2 → 10/3
2026-02-26T20:50:51.283Z [ODDS]  Draw: 10/3 → 7/2
2026-02-26T20:50:54.892Z [ODDS]  Real Madrid (fantazer): 4/1 → 8/1, Draw: 7/2 → 11/2, PSG (Kostolom89): 4/9 → 1/6
2026-02-26T20:50:54.892Z [EVENT]  score: 3-1
2026-02-26T20:51:06.620Z [ODDS]  Real Madrid (fantazer): 8/1 → 4/1, Draw: 11/2 → 7/2, PSG (Kostolom89): 1/6 → 4/9
2026-02-26T20:51:06.620Z [EVENT]  score: 3-2
2026-02-26T20:51:16.990Z [ODDS]  Draw: 7/2 → 10/3
2026-02-26T20:51:27.365Z [ODDS]  Real Madrid (fantazer): 4/1 → 9/2
2026-02-26T20:51:28.754Z [ODDS]  Real Madrid (fantazer): 9/2 → 15/2, Draw: 10/3 → 11/2, PSG (Kostolom89): 4/9 → 1/6
2026-02-26T20:51:28.754Z [EVENT]  score: 4-2
2026-02-26T20:51:39.090Z [ODDS]  Real Madrid (fantazer): 15/2 → 8/1
2026-02-26T20:51:49.466Z [ODDS]  Real Madrid (fantazer): 8/1 → 17/2, Draw: 11/2 → 6/1, PSG (Kostolom89): 1/6 → 1/7
2026-02-26T20:52:09.762Z [ODDS]  Real Madrid (fantazer): 17/2 → 9/1
2026-02-26T20:52:25.098Z [ODDS]  PSG (Kostolom89): 1/7 → 1/8
2026-02-26T20:52:35.482Z [ODDS]  Real Madrid (fantazer): 9/1 → 10/1, PSG (Kostolom89): 1/8 → 1/9
2026-02-26T20:52:45.851Z [ODDS]  Real Madrid (fantazer): 10/1 → 11/1, PSG (Kostolom89): 1/9 → 1/10
2026-02-26T20:52:55.773Z [ODDS]  Draw: 6/1 → 13/2, PSG (Kostolom89): 1/10 → 1/11
2026-02-26T20:53:06.146Z [ODDS]  Real Madrid (fantazer): 11/1 → 12/1, PSG (Kostolom89): 1/11 → 1/12
2026-02-26T20:53:16.522Z [ODDS]  Draw: 13/2 → 7/1
2026-02-26T20:53:26.441Z [ODDS]  Real Madrid (fantazer): 12/1 → 14/1
2026-02-26T20:53:36.814Z [ODDS]  Draw: 7/1 → 8/1, PSG (Kostolom89): 1/12 → 1/14
2026-02-26T20:53:47.227Z [ODDS]  Real Madrid (fantazer): 14/1 → 16/1, Draw: 8/1 → 9/1, PSG (Kostolom89): 1/14 → 1/16
2026-02-26T20:53:56.207Z [ODDS]  Real Madrid (fantazer): 16/1 → 18/1, PSG (Kostolom89): 1/16 → 1/18
2026-02-26T20:54:12.007Z [ODDS]  Real Madrid (fantazer): 18/1 → 20/1, Draw: 9/1 → 12/1, PSG (Kostolom89): 1/18 → 1/25
2026-02-26T20:54:22.365Z [ODDS]  Real Madrid (fantazer): 20/1 → 22/1, Draw: 12/1 → 14/1, PSG (Kostolom89): 1/25 → 1/33
2026-02-26T20:54:43.564Z [EVENT]  score: 5-2
2026-02-26T20:55:12.432Z [EVENT]  score: 5-3
