2026-02-26T19:49:31.980Z [ODDS]  Sigma Olomouc: 27/10 → 13/5, Lausanne Sports: 19/20 → 1/1
2026-02-26T19:51:40.513Z [ODDS]  Sigma Olomouc: 13/5 → 27/10, Lausanne Sports: 1/1 → 19/20
2026-02-26T19:56:20.625Z [ODDS]  Sigma Olomouc: 27/10 → 13/5, Lausanne Sports: 19/20 → 1/1
2026-02-26T19:56:39.569Z [ODDS]  Sigma Olomouc: 13/5 → 27/10, Lausanne Sports: 1/1 → 19/20
2026-02-26T19:57:04.828Z [ODDS]  Sigma Olomouc: 27/10 → 14/5, Lausanne Sports: 19/20 → 10/11
2026-02-26T20:00:44.471Z [ODDS]  Sigma Olomouc: 14/5 → 11/4
2026-02-26T20:01:53.020Z [ODDS]  Lausanne Sports: 10/11 → 20/21
2026-02-26T20:02:31.361Z [ODDS]  Draw: 5/2 → 12/5, Lausanne Sports: 20/21 → 1/1
2026-02-26T20:02:39.023Z [ODDS]  Sigma Olomouc: 11/4 → 5/2, Lausanne Sports: 1/1 → 21/20
2026-02-26T20:03:14.656Z [ODDS]  Sigma Olomouc: 5/2 → 12/5, Lausanne Sports: 21/20 → 11/10
2026-02-26T20:03:23.678Z [ODDS]  Sigma Olomouc: 12/5 → 5/2
2026-02-26T20:03:27.292Z [ODDS]  Lausanne Sports: 11/10 → 21/20
2026-02-26T20:03:43.068Z [ODDS]  Lausanne Sports: 21/20 → 11/10
2026-02-26T20:04:29.531Z [ODDS]  Sigma Olomouc: 5/2 → 13/5, Lausanne Sports: 11/10 → 21/20
2026-02-26T20:05:53.406Z [ODDS]  Draw: 12/5 → 9/4, Lausanne Sports: 21/20 → 11/10
2026-02-26T20:06:17.311Z [ODDS]  Draw: 9/4 → 12/5, Lausanne Sports: 11/10 → 21/20
2026-02-26T20:06:27.684Z [ODDS]  Draw: 12/5 → 9/4
2026-02-26T20:07:03.328Z [ODDS]  Lausanne Sports: 21/20 → 11/10
2026-02-26T20:07:13.691Z [ODDS]  Sigma Olomouc: 13/5 → 11/4, Lausanne Sports: 11/10 → 21/20
2026-02-26T20:07:26.323Z [ODDS]  Sigma Olomouc: 11/4 → 5/2, Lausanne Sports: 21/20 → 11/10
2026-02-26T20:07:28.125Z [ODDS]  Sigma Olomouc: 5/2 → 13/5, Lausanne Sports: 11/10 → 21/20
2026-02-26T20:08:01.650Z [ODDS]  Sigma Olomouc: 13/5 → 11/4
2026-02-26T20:09:55.302Z [ODDS]  Draw: 9/4 → 11/5, Lausanne Sports: 21/20 → 11/10
2026-02-26T20:10:08.391Z [ODDS]  Sigma Olomouc: 11/4 → 13/5
2026-02-26T20:10:22.364Z [ODDS]  Draw: 11/5 → 9/4
2026-02-26T20:10:26.873Z [ODDS]  Sigma Olomouc: 13/5 → 11/4, Draw: 9/4 → 11/5
2026-02-26T20:10:50.780Z [ODDS]  Sigma Olomouc: 11/4 → 13/5
2026-02-26T20:10:53.030Z [ODDS]  Draw: 11/5 → 9/4
2026-02-26T20:10:54.384Z [ODDS]  Draw: 9/4 → 11/5
2026-02-26T20:11:02.505Z [ODDS]  Sigma Olomouc: 13/5 → 5/2
2026-02-26T20:11:04.315Z [ODDS]  Sigma Olomouc: 5/2 → 11/4, Draw: 11/5 → 9/4, Lausanne Sports: 11/10 → 21/20
2026-02-26T20:11:09.719Z [ODDS]  Sigma Olomouc: 11/4 → 5/2, Draw: 9/4 → 11/5, Lausanne Sports: 21/20 → 11/10
2026-02-26T20:11:19.191Z [ODDS]  Sigma Olomouc: 5/2 → 13/5
2026-02-26T20:11:53.014Z [ODDS]  Sigma Olomouc: 13/5 → 11/4
2026-02-26T20:12:06.995Z [ODDS]  Sigma Olomouc: 11/4 → 13/5
2026-02-26T20:12:10.156Z [ODDS]  Sigma Olomouc: 13/5 → 11/4
2026-02-26T20:12:15.619Z [ODDS]  Draw: 11/5 → 9/4, Lausanne Sports: 11/10 → 21/20
2026-02-26T20:13:05.631Z [ODDS]  Draw: 9/4 → 11/5
2026-02-26T20:13:18.254Z [ODDS]  Sigma Olomouc: 11/4 → 12/5, Lausanne Sports: 21/20 → 6/5
2026-02-26T20:14:31.317Z [ODDS]  Draw: 11/5 → 21/10
2026-02-26T20:14:37.632Z [ODDS]  Lausanne Sports: 6/5 → 5/4
2026-02-26T20:14:50.722Z [ODDS]  Draw: 21/10 → 11/5, Lausanne Sports: 5/4 → 6/5
2026-02-26T20:15:10.558Z [ODDS]  Draw: 11/5 → 21/10, Lausanne Sports: 6/5 → 5/4
2026-02-26T20:16:10.549Z [ODDS]  Sigma Olomouc: 12/5 → 5/2
2026-02-26T20:16:17.760Z [ODDS]  Sigma Olomouc: 5/2 → 12/5
2026-02-26T20:16:23.171Z [ODDS]  Sigma Olomouc: 12/5 → 5/2
2026-02-26T20:17:26.316Z [ODDS]  Draw: 21/10 → 2/1
2026-02-26T20:18:18.633Z [ODDS]  Lausanne Sports: 5/4 → 6/5
2026-02-26T20:18:24.949Z [ODDS]  Lausanne Sports: 6/5 → 5/4
2026-02-26T20:18:32.615Z [ODDS]  Lausanne Sports: 5/4 → 6/5
2026-02-26T20:19:10.500Z [ODDS]  Sigma Olomouc: 5/2 → 11/4, Draw: 2/1 → 21/10, Lausanne Sports: 6/5 → 11/10
2026-02-26T20:19:12.071Z [ODDS]  Sigma Olomouc: 11/4 → 13/5, Lausanne Sports: 11/10 → 6/5
2026-02-26T20:20:02.821Z [ODDS]  Draw: 21/10 → 2/1
2026-02-26T20:21:53.311Z [ODDS]  Sigma Olomouc: 13/5 → 11/4
2026-02-26T20:22:00.078Z [ODDS]  Sigma Olomouc: 11/4 → 10/11, Draw: 2/1 → 11/5, Lausanne Sports: 6/5 → 10/3
2026-02-26T20:22:00.078Z [EVENT]  score: 0-1
2026-02-26T20:22:28.943Z [ODDS]  Draw: 11/5 → 9/4, Lausanne Sports: 10/3 → 7/2
2026-02-26T20:22:54.199Z [ODDS]  Lausanne Sports: 7/2 → 10/3
2026-02-26T20:22:58.258Z [ODDS]  Sigma Olomouc: 10/11 → 20/21
2026-02-26T20:23:03.217Z [ODDS]  Sigma Olomouc: 20/21 → 10/11
2026-02-26T20:23:35.243Z [ODDS]  Sigma Olomouc: 10/11 → 20/21
2026-02-26T20:23:46.516Z [ODDS]  Sigma Olomouc: 20/21 → 10/11
2026-02-26T20:24:09.967Z [ODDS]  Draw: 9/4 → 11/5
2026-02-26T20:24:14.493Z [ODDS]  Draw: 11/5 → 9/4
2026-02-26T20:25:02.275Z [ODDS]  Draw: 9/4 → 11/5
2026-02-26T20:25:07.232Z [ODDS]  Sigma Olomouc: 10/11 → 5/6, Draw: 11/5 → 9/4, Lausanne Sports: 10/3 → 15/4
2026-02-26T20:25:18.502Z [ODDS]  Sigma Olomouc: 5/6 → 4/5
2026-02-26T20:27:01.783Z [ODDS]  Lausanne Sports: 15/4 → 4/1
2026-02-26T20:27:03.138Z [ODDS]  Draw: 9/4 → 12/5
2026-02-26T20:27:19.371Z [ODDS]  Draw: 12/5 → 9/4
2026-02-26T20:27:21.178Z [ODDS]  Draw: 9/4 → 12/5
2026-02-26T20:27:41.925Z [ODDS]  Draw: 12/5 → 9/4
2026-02-26T20:28:29.729Z [ODDS]  Lausanne Sports: 4/1 → 15/4
2026-02-26T20:28:31.983Z [ODDS]  Sigma Olomouc: 4/5 → 5/6, Lausanne Sports: 15/4 → 7/2
2026-02-26T20:29:45.045Z [ODDS]  Lausanne Sports: 7/2 → 15/4
2026-02-26T20:30:54.504Z [ODDS]  Sigma Olomouc: 5/6 → 4/5, Lausanne Sports: 15/4 → 4/1
2026-02-26T20:30:59.929Z [ODDS]  Lausanne Sports: 4/1 → 15/4
2026-02-26T20:31:10.739Z [ODDS]  Lausanne Sports: 15/4 → 4/1
2026-02-26T20:31:34.646Z [ODDS]  Sigma Olomouc: 4/5 → 5/6, Lausanne Sports: 4/1 → 15/4
2026-02-26T20:33:11.179Z [ODDS]  Draw: 9/4 → 11/5
2026-02-26T20:33:41.832Z [ODDS]  Sigma Olomouc: 5/6 → 10/11, Lausanne Sports: 15/4 → 7/2
2026-02-26T20:34:42.265Z [ODDS]  Sigma Olomouc: 10/11 → 5/6, Lausanne Sports: 7/2 → 15/4
2026-02-26T20:35:00.312Z [ODDS]  Sigma Olomouc: 5/6 → 10/11, Lausanne Sports: 15/4 → 7/2
2026-02-26T20:35:13.836Z [ODDS]  Lausanne Sports: 7/2 → 15/4
2026-02-26T20:35:16.086Z [ODDS]  Lausanne Sports: 15/4 → 7/2
2026-02-26T20:35:24.661Z [ODDS]  Sigma Olomouc: 10/11 → 3/1, Draw: 11/5 → 15/8, Lausanne Sports: 7/2 → 6/5
2026-02-26T20:35:24.661Z [EVENT]  score: 1-1
2026-02-26T20:35:44.502Z [ODDS]  Sigma Olomouc: 3/1 → 11/4, Draw: 15/8 → 7/4, Lausanne Sports: 6/5 → 13/10
2026-02-26T20:35:46.304Z [ODDS]  Sigma Olomouc: 11/4 → 3/1, Lausanne Sports: 13/10 → 6/5
2026-02-26T20:36:21.032Z [ODDS]  Lausanne Sports: 6/5 → 5/4
2026-02-26T20:36:29.606Z [ODDS]  Lausanne Sports: 5/4 → 6/5
2026-02-26T20:36:30.960Z [ODDS]  Lausanne Sports: 6/5 → 5/4
2026-02-26T20:37:40.866Z [ODDS]  Draw: 7/4 → 13/8
2026-02-26T20:39:26.091Z [ODDS]  Sigma Olomouc: 3/1 → 10/3
2026-02-26T20:41:16.587Z [ODDS]  Draw: 13/8 → 8/5
2026-02-26T20:41:52.667Z [ODDS]  Sigma Olomouc: 10/3 → 7/2, Lausanne Sports: 5/4 → 6/5
2026-02-26T20:43:21.067Z [ODDS]  Lausanne Sports: 6/5 → 5/4
2026-02-26T20:43:24.672Z [ODDS]  Draw: 8/5 → 6/4
2026-02-26T20:43:44.065Z [ODDS]  Sigma Olomouc: 7/2 → 10/3, Draw: 6/4 → 8/5
2026-02-26T20:43:48.576Z [ODDS]  Draw: 8/5 → 6/4
2026-02-26T20:44:13.385Z [ODDS]  Lausanne Sports: 5/4 → 13/10
2026-02-26T20:44:25.563Z [ODDS]  Sigma Olomouc: 10/3 → 7/2, Lausanne Sports: 13/10 → 5/4
2026-02-26T20:44:28.275Z [ODDS]  Sigma Olomouc: 7/2 → 10/11, Draw: 6/4 → 2/1, Lausanne Sports: 5/4 → 4/1
2026-02-26T20:44:28.275Z [EVENT]  score: 1-2
2026-02-26T20:44:50.363Z [ODDS]  Sigma Olomouc: 10/11 → 8/11, Draw: 2/1 → 11/5, Lausanne Sports: 4/1 → 5/1
2026-02-26T20:45:25.542Z [ODDS]  Draw: 11/5 → 21/10, Lausanne Sports: 5/1 → 9/2
2026-02-26T20:45:44.032Z [ODDS]  Sigma Olomouc: 8/11 → 4/5
2026-02-26T20:46:14.278Z [ODDS]  Sigma Olomouc: 4/5 → 8/11, Draw: 21/10 → 11/5, Lausanne Sports: 9/2 → 5/1
2026-02-26T20:47:34.532Z [ODDS]  Draw: 11/5 → 21/10
2026-02-26T20:47:52.572Z [ODDS]  Draw: 21/10 → 11/5
2026-02-26T20:48:02.136Z [ODDS]  Draw: 11/5 → 21/10
2026-02-26T20:48:30.099Z [ODDS]  Sigma Olomouc: 8/11 → 4/5
2026-02-26T20:48:48.141Z [ODDS]  Sigma Olomouc: 4/5 → 8/11
2026-02-26T21:07:08.186Z [ODDS]  Lausanne Sports: 5/1 → 11/2
2026-02-26T21:07:13.654Z [ODDS]  Lausanne Sports: 11/2 → 5/1
2026-02-26T21:07:29.383Z [ODDS]  Lausanne Sports: 5/1 → 11/2
2026-02-26T21:08:19.298Z [ODDS]  Sigma Olomouc: 8/11 → 4/6, Draw: 21/10 → 11/5
2026-02-26T21:08:42.749Z [ODDS]  Sigma Olomouc: 4/6 → 8/11, Draw: 11/5 → 21/10
2026-02-26T21:09:05.299Z [ODDS]  Sigma Olomouc: 8/11 → 4/6, Draw: 21/10 → 11/5
2026-02-26T21:10:42.414Z [ODDS]  Draw: 11/5 → 21/10
2026-02-26T21:12:39.524Z [ODDS]  Lausanne Sports: 11/2 → 6/1
2026-02-26T21:14:56.222Z [ODDS]  Lausanne Sports: 6/1 → 13/2
2026-02-26T21:17:00.208Z [ODDS]  Draw: 21/10 → 2/1
2026-02-26T21:17:20.056Z [ODDS]  Draw: 2/1 → 21/10
2026-02-26T21:17:24.565Z [ODDS]  Draw: 21/10 → 2/1
2026-02-26T21:17:33.139Z [ODDS]  Draw: 2/1 → 21/10
2026-02-26T21:17:37.200Z [ODDS]  Lausanne Sports: 13/2 → 7/1
2026-02-26T21:17:51.622Z [ODDS]  Draw: 21/10 → 2/1, Lausanne Sports: 7/1 → 13/2
2026-02-26T21:19:07.392Z [ODDS]  Lausanne Sports: 13/2 → 7/1
2026-02-26T21:19:44.374Z [ODDS]  Sigma Olomouc: 4/6 → 8/13, Draw: 2/1 → 21/10
2026-02-26T21:20:24.519Z [ODDS]  Sigma Olomouc: 8/13 → 4/7, Lausanne Sports: 7/1 → 8/1
2026-02-26T21:20:44.830Z [ODDS]  Lausanne Sports: 8/1 → 17/2
2026-02-26T21:20:46.699Z [ODDS]  Lausanne Sports: 17/2 → 8/1
2026-02-26T21:20:53.395Z [ODDS]  Lausanne Sports: 8/1 → 17/2
2026-02-26T21:20:57.893Z [ODDS]  Sigma Olomouc: 4/7 → 8/13, Lausanne Sports: 17/2 → 8/1
2026-02-26T21:21:11.872Z [ODDS]  Sigma Olomouc: 8/13 → 4/7
2026-02-26T21:21:14.623Z [ODDS]  Sigma Olomouc: 4/7 → 8/13
2026-02-26T21:21:52.014Z [ODDS]  Sigma Olomouc: 8/13 → 4/7
2026-02-26T21:21:58.325Z [ODDS]  Lausanne Sports: 8/1 → 17/2
2026-02-26T21:22:00.581Z [ODDS]  Lausanne Sports: 17/2 → 8/1
2026-02-26T21:22:05.992Z [ODDS]  Lausanne Sports: 8/1 → 17/2
2026-02-26T21:23:16.350Z [ODDS]  Lausanne Sports: 17/2 → 9/1
2026-02-26T21:25:42.041Z [ODDS]  Sigma Olomouc: 4/7 → 8/15, Lausanne Sports: 9/1 → 10/1
2026-02-26T21:25:44.750Z [ODDS]  Lausanne Sports: 10/1 → 9/1
2026-02-26T21:26:22.232Z [ODDS]  Lausanne Sports: 9/1 → 10/1
2026-02-26T21:27:39.753Z [ODDS]  Draw: 21/10 → 11/5
2026-02-26T21:28:07.716Z [ODDS]  Sigma Olomouc: 8/15 → 1/2, Lausanne Sports: 10/1 → 11/1
2026-02-26T21:29:03.189Z [ODDS]  Lausanne Sports: 11/1 → 12/1
2026-02-26T21:29:28.448Z [ODDS]  Lausanne Sports: 12/1 → 11/1
2026-02-26T21:29:32.957Z [ODDS]  Lausanne Sports: 11/1 → 12/1
2026-02-26T21:31:17.590Z [ODDS]  Lausanne Sports: 12/1 → 14/1
2026-02-26T21:31:32.925Z [ODDS]  Lausanne Sports: 14/1 → 12/1
2026-02-26T21:31:34.732Z [ODDS]  Lausanne Sports: 12/1 → 14/1
2026-02-26T21:32:05.853Z [ODDS]  Sigma Olomouc: 1/2 → 4/9
2026-02-26T21:32:07.707Z [ODDS]  Lausanne Sports: 14/1 → 16/1
2026-02-26T21:34:04.028Z [ODDS]  Draw: 11/5 → 21/10, Lausanne Sports: 16/1 → 18/1
2026-02-26T21:34:09.435Z [ODDS]  Draw: 21/10 → 11/5, Lausanne Sports: 18/1 → 16/1
2026-02-26T21:34:44.650Z [ODDS]  Lausanne Sports: 16/1 → 18/1
2026-02-26T21:35:02.646Z [ODDS]  Draw: 11/5 → 9/4
2026-02-26T21:35:23.843Z [ODDS]  Sigma Olomouc: 4/9 → 2/5
2026-02-26T21:35:42.785Z [ODDS]  Sigma Olomouc: 2/5 → 4/9, Draw: 9/4 → 11/5
2026-02-26T21:36:07.598Z [ODDS]  Sigma Olomouc: 4/9 → 2/5, Draw: 11/5 → 9/4, Lausanne Sports: 18/1 → 20/1
2026-02-26T21:36:29.691Z [ODDS]  Draw: 9/4 → 12/5
2026-02-26T21:36:37.358Z [ODDS]  Sigma Olomouc: 2/5 → 4/11, Lausanne Sports: 20/1 → 22/1
2026-02-26T21:37:52.680Z [ODDS]  Draw: 12/5 → 5/2, Lausanne Sports: 22/1 → 25/1
2026-02-26T21:37:56.340Z [ODDS]  Lausanne Sports: 25/1 → 22/1
2026-02-26T21:38:03.053Z [ODDS]  Lausanne Sports: 22/1 → 25/1
2026-02-26T21:38:45.756Z [ODDS]  Sigma Olomouc: 4/11 → 1/3, Lausanne Sports: 25/1 → 28/1
2026-02-26T21:39:46.190Z [ODDS]  Draw: 5/2 → 13/5, Lausanne Sports: 28/1 → 33/1
2026-02-26T21:40:21.849Z [ODDS]  Sigma Olomouc: 1/3 → 3/10
2026-02-26T21:40:35.354Z [ODDS]  Draw: 13/5 → 11/4
2026-02-26T21:40:54.292Z [ODDS]  Lausanne Sports: 33/1 → 40/1
2026-02-26T21:41:03.762Z [ODDS]  Sigma Olomouc: 3/10 → 2/7
2026-02-26T21:41:34.431Z [ODDS]  Draw: 11/4 → 3/1
2026-02-26T21:41:56.532Z [ODDS]  Sigma Olomouc: 2/7 → 1/4
2026-02-26T21:43:38.910Z [ODDS]  Sigma Olomouc: 1/4 → 2/9, Draw: 3/1 → 10/3, Lausanne Sports: 40/1 → 50/1
2026-02-26T21:45:27.156Z [ODDS]  Draw: 10/3 → 7/2
2026-02-26T21:45:32.111Z [ODDS]  Sigma Olomouc: 2/9 → 1/5
2026-02-26T21:45:45.642Z [ODDS]  Sigma Olomouc: 1/5 → 2/9, Draw: 7/2 → 10/3
2026-02-26T21:45:49.699Z [ODDS]  Draw: 10/3 → 7/2
2026-02-26T21:45:51.505Z [ODDS]  Sigma Olomouc: 2/9 → 1/5
2026-02-26T21:46:32.093Z [ODDS]  Sigma Olomouc: 1/5 → 2/11, Draw: 7/2 → 15/4, Lausanne Sports: 50/1 → 66/1
2026-02-26T21:46:36.603Z [ODDS]  Sigma Olomouc: 2/11 → 1/5, Draw: 15/4 → 7/2
2026-02-26T21:46:42.021Z [ODDS]  Draw: 7/2 → 15/4
2026-02-26T21:46:46.078Z [ODDS]  Draw: 15/4 → 7/2
2026-02-26T21:46:50.588Z [ODDS]  Draw: 7/2 → 15/4
2026-02-26T21:46:55.996Z [ODDS]  Sigma Olomouc: 1/5 → 2/11
2026-02-26T21:47:14.980Z [ODDS]  Draw: 15/4 → 4/1
2026-02-26T21:47:18.108Z [ODDS]  Sigma Olomouc: 2/11 → 1/6, Lausanne Sports: 66/1 → 80/1
2026-02-26T21:47:22.156Z [ODDS]  Sigma Olomouc: 1/6 → 2/11, Lausanne Sports: 80/1 → 66/1
2026-02-26T21:47:29.399Z [ODDS]  Sigma Olomouc: 2/11 → 1/6, Lausanne Sports: 66/1 → 80/1
2026-02-26T21:47:37.946Z [ODDS]  Draw: 4/1 → 9/2
2026-02-26T21:47:42.009Z [ODDS]  Sigma Olomouc: 1/6 → 2/11, Draw: 9/2 → 4/1, Lausanne Sports: 80/1 → 66/1
2026-02-26T21:47:45.628Z [ODDS]  Sigma Olomouc: 2/11 → 1/6, Lausanne Sports: 66/1 → 80/1
2026-02-26T21:48:31.263Z [ODDS]  Sigma Olomouc: 1/6 → 1/7, Draw: 4/1 → 9/2
2026-02-26T21:48:37.024Z [ODDS]  Lausanne Sports: 80/1 → 100/1
2026-02-26T21:49:00.480Z [ODDS]  Sigma Olomouc: 1/7 → 1/8, Draw: 9/2 → 5/1
2026-02-26T21:49:27.991Z [ODDS]  Lausanne Sports: 100/1 → 125/1
2026-02-26T21:49:50.092Z [ODDS]  Sigma Olomouc: 1/8 → 1/9, Draw: 5/1 → 11/2
2026-02-26T21:50:09.032Z [ODDS]  Lausanne Sports: 125/1 → 150/1
2026-02-26T21:50:20.308Z [ODDS]  Sigma Olomouc: 1/9 → 1/10, Draw: 11/2 → 6/1
2026-02-26T21:50:46.015Z [ODDS]  Sigma Olomouc: 1/10 → 1/12, Draw: 6/1 → 13/2
2026-02-26T21:50:58.643Z [ODDS]  Lausanne Sports: 150/1 → 200/1
2026-02-26T21:51:07.663Z [ODDS]  Draw: 13/2 → 7/1
2026-02-26T21:51:37.432Z [ODDS]  Sigma Olomouc: 1/12 → 1/14, Draw: 7/1 → 8/1, Lausanne Sports: 200/1 → 250/1
2026-02-26T21:52:05.826Z [ODDS]  Sigma Olomouc: 1/14 → 1/16, Draw: 8/1 → 9/1, Lausanne Sports: 250/1 → 300/1
2026-02-26T21:52:25.665Z [ODDS]  Sigma Olomouc: 1/16 → 1/20, Draw: 9/1 → 10/1, Lausanne Sports: 300/1 → 350/1
2026-02-26T21:52:41.501Z [ODDS]  Lausanne Sports: 350/1 → 400/1
2026-02-26T21:52:43.261Z [ODDS]  Lausanne Sports: 400/1 → 450/1
2026-02-26T21:52:56.792Z [ODDS]  Sigma Olomouc: 1/20 → 20/1, Draw: 10/1 → 1/22, Lausanne Sports: 450/1 → 16/1
2026-02-26T21:52:56.792Z [EVENT]  score: 2-2
2026-02-26T21:53:15.719Z [ODDS]  Draw: 1/22 → 1/28, Lausanne Sports: 16/1 → 18/1
2026-02-26T21:53:34.438Z [ODDS]  Sigma Olomouc: 20/1 → 22/1, Draw: 1/28 → 1/33
2026-02-26T21:53:46.975Z [ODDS]  Draw: 1/33 → 1/40, Lausanne Sports: 18/1 → 20/1
2026-02-26T21:53:57.333Z [ODDS]  Sigma Olomouc: 22/1 → 25/1, Draw: 1/40 → 1/50
2026-02-26T21:54:23.041Z [EVENT]  score: 1-2
