2026-02-27T00:39:40.130Z [ODDS]  Draw: 11/4 → 13/5
2026-02-27T00:39:45.541Z [ODDS]  Deportes Tolima: 8/13 → 4/6
2026-02-27T00:40:08.595Z [ODDS]  Deportes Tolima: 4/6 → 8/13
2026-02-27T00:41:03.570Z [ODDS]  Deportes Tolima: 8/13 → 4/6
2026-02-27T00:41:22.511Z [ODDS]  Draw: 13/5 → 5/2
2026-02-27T00:41:44.611Z [ODDS]  Deportivo Tachira: 9/2 → 4/1
2026-02-27T00:42:00.848Z [ODDS]  Deportivo Tachira: 4/1 → 9/2
2026-02-27T00:43:50.894Z [ODDS]  Deportivo Tachira: 9/2 → 4/1, Draw: 5/2 → 12/5, Deportes Tolima: 4/6 → 8/11
2026-02-27T00:44:00.022Z [ODDS]  Deportivo Tachira: 4/1 → 9/2, Deportes Tolima: 8/11 → 4/6
2026-02-27T00:44:06.268Z [ODDS]  Deportivo Tachira: 9/2 → 4/1, Deportes Tolima: 4/6 → 8/11
2026-02-27T00:44:10.364Z [ODDS]  Draw: 12/5 → 5/2, Deportes Tolima: 8/11 → 4/6
2026-02-27T00:44:42.312Z [ODDS]  Draw: 5/2 → 13/5
2026-02-27T00:45:03.613Z [ODDS]  Draw: 13/5 → 5/2
2026-02-27T00:45:08.018Z [ODDS]  Draw: 5/2 → 13/5
2026-02-27T00:46:18.374Z [ODDS]  Draw: 13/5 → 5/2
2026-02-27T00:46:25.140Z [ODDS]  Draw: 5/2 → 13/5
2026-02-27T00:46:35.062Z [ODDS]  Draw: 13/5 → 5/2, Deportes Tolima: 4/6 → 8/11
2026-02-27T00:47:35.949Z [ODDS]  Deportivo Tachira: 4/1 → 15/4
2026-02-27T00:48:47.205Z [ODDS]  Draw: 5/2 → 12/5
2026-02-27T00:49:33.209Z [ODDS]  Deportivo Tachira: 15/4 → 4/1
2026-02-27T00:49:57.111Z [ODDS]  Deportivo Tachira: 4/1 → 15/4
2026-02-27T00:50:00.719Z [ODDS]  Deportivo Tachira: 15/4 → 7/2, Deportes Tolima: 8/11 → 4/5
2026-02-27T00:50:26.075Z [ODDS]  Draw: 12/5 → 9/4
2026-02-27T00:50:39.957Z [ODDS]  Deportivo Tachira: 7/2 → 15/4
2026-02-27T00:50:57.549Z [ODDS]  Deportivo Tachira: 15/4 → 7/2
2026-02-27T00:51:06.217Z [ODDS]  Deportivo Tachira: 7/2 → 15/4
2026-02-27T00:51:08.822Z [ODDS]  Deportivo Tachira: 15/4 → 7/2, Draw: 9/4 → 12/5
2026-02-27T00:51:15.138Z [ODDS]  Deportivo Tachira: 7/2 → 15/4
2026-02-27T00:52:01.184Z [ODDS]  Deportivo Tachira: 15/4 → 7/2, Draw: 12/5 → 9/4
2026-02-27T00:52:14.218Z [ODDS]  Deportivo Tachira: 7/2 → 4/1, Draw: 9/4 → 12/5, Deportes Tolima: 4/5 → 8/11
2026-02-27T00:52:25.532Z [ODDS]  Draw: 12/5 → 9/4
2026-02-27T00:52:37.221Z [ODDS]  Draw: 9/4 → 12/5
2026-02-27T00:54:44.407Z [ODDS]  Draw: 12/5 → 9/4
2026-02-27T00:54:46.212Z [ODDS]  Deportivo Tachira: 4/1 → 7/2, Deportes Tolima: 8/11 → 5/6
2026-02-27T00:56:25.882Z [ODDS]  Draw: 9/4 → 11/5
2026-02-27T00:57:28.573Z [ODDS]  Deportivo Tachira: 7/2 → 10/3, Deportes Tolima: 5/6 → 10/11
2026-02-27T00:58:36.222Z [ODDS]  Deportivo Tachira: 10/3 → 7/2, Deportes Tolima: 10/11 → 5/6
2026-02-27T00:58:41.633Z [ODDS]  Deportivo Tachira: 7/2 → 4/1, Deportes Tolima: 5/6 → 4/5
2026-02-27T00:58:54.713Z [ODDS]  Deportivo Tachira: 4/1 → 15/4, Deportes Tolima: 4/5 → 5/6
2026-02-27T00:59:37.556Z [ODDS]  Draw: 11/5 → 21/10
2026-02-27T01:00:57.388Z [ODDS]  Deportes Tolima: 5/6 → 10/11
2026-02-27T01:01:31.211Z [ODDS]  Draw: 21/10 → 2/1
2026-02-27T01:01:56.918Z [ODDS]  Draw: 2/1 → 21/10
2026-02-27T01:02:21.272Z [ODDS]  Deportes Tolima: 10/11 → 5/6
2026-02-27T01:02:34.818Z [ODDS]  Deportivo Tachira: 15/4 → 4/1, Draw: 21/10 → 2/1
2026-02-27T01:04:34.772Z [ODDS]  Deportes Tolima: 5/6 → 10/11
2026-02-27T01:07:05.863Z [ODDS]  Deportes Tolima: 10/11 → 5/6
2026-02-27T01:07:12.627Z [ODDS]  Draw: 2/1 → 15/8, Deportes Tolima: 5/6 → 10/11
2026-02-27T01:07:28.414Z [ODDS]  Deportivo Tachira: 4/1 → 9/2, Deportes Tolima: 10/11 → 5/6
2026-02-27T01:07:41.943Z [ODDS]  Deportivo Tachira: 9/2 → 4/1, Deportes Tolima: 5/6 → 10/11
2026-02-27T01:07:46.002Z [ODDS]  Deportivo Tachira: 4/1 → 9/2, Draw: 15/8 → 21/10, Deportes Tolima: 10/11 → 4/5
2026-02-27T01:07:58.630Z [ODDS]  Draw: 21/10 → 2/1
2026-02-27T01:08:11.710Z [ODDS]  Deportivo Tachira: 9/2 → 4/1, Draw: 2/1 → 15/8, Deportes Tolima: 4/5 → 10/11
2026-02-27T01:10:48.966Z [ODDS]  Deportivo Tachira: 4/1 → 9/2
2026-02-27T01:11:07.457Z [ODDS]  Deportivo Tachira: 9/2 → 4/1
2026-02-27T01:11:11.065Z [ODDS]  Deportes Tolima: 10/11 → 20/21
2026-02-27T01:11:15.576Z [ODDS]  Deportes Tolima: 20/21 → 10/11
2026-02-27T01:11:20.987Z [ODDS]  Deportivo Tachira: 4/1 → 9/2, Draw: 15/8 → 7/4
2026-02-27T01:12:14.209Z [ODDS]  Deportivo Tachira: 9/2 → 4/1, Deportes Tolima: 10/11 → 20/21
2026-02-27T01:13:02.015Z [ODDS]  Deportivo Tachira: 4/1 → 9/2
2026-02-27T01:13:57.040Z [ODDS]  Deportivo Tachira: 9/2 → 4/1
2026-02-27T01:14:48.904Z [ODDS]  Deportivo Tachira: 4/1 → 9/2, Draw: 7/4 → 13/8
2026-02-27T01:15:47.082Z [ODDS]  Deportivo Tachira: 9/2 → 4/1, Deportes Tolima: 20/21 → 1/1
2026-02-27T01:16:08.280Z [ODDS]  Deportivo Tachira: 4/1 → 9/2
2026-02-27T01:16:39.403Z [ODDS]  Deportivo Tachira: 9/2 → 4/1, Draw: 13/8 → 8/5
2026-02-27T01:16:46.615Z [ODDS]  Deportivo Tachira: 4/1 → 9/2
2026-02-27T01:17:23.596Z [ODDS]  Deportivo Tachira: 9/2 → 4/1, Deportes Tolima: 1/1 → 21/20
2026-02-27T01:19:47.015Z [ODDS]  Deportes Tolima: 21/20 → 11/10
2026-02-27T01:19:59.195Z [ODDS]  Deportivo Tachira: 4/1 → 15/4
2026-02-27T01:20:06.859Z [ODDS]  Deportivo Tachira: 15/4 → 4/1, Draw: 8/5 → 6/4
2026-02-27T01:20:32.566Z [ODDS]  Deportivo Tachira: 4/1 → 9/2
2026-02-27T01:20:38.880Z [ODDS]  Draw: 6/4 → 7/5
2026-02-27T01:21:26.235Z [ODDS]  Draw: 7/5 → 6/4
2026-02-27T01:21:28.039Z [ODDS]  Draw: 6/4 → 7/5
2026-02-27T01:23:20.790Z [ODDS]  Deportivo Tachira: 9/2 → 4/1, Deportes Tolima: 11/10 → 6/5
2026-02-27T01:25:36.995Z [ODDS]  Deportivo Tachira: 4/1 → 9/2, Deportes Tolima: 6/5 → 11/10
2026-02-27T01:26:49.155Z [ODDS]  Deportes Tolima: 11/10 → 6/5
2026-02-27T01:30:16.620Z [ODDS]  Draw: 7/5 → 11/8
2026-02-27T01:34:05.280Z [ODDS]  Draw: 11/8 → 13/10
2026-02-27T01:34:49.481Z [ODDS]  Deportivo Tachira: 9/2 → 4/1, Deportes Tolima: 6/5 → 5/4
2026-02-27T01:34:59.853Z [ODDS]  Deportivo Tachira: 4/1 → 9/2
2026-02-27T01:35:02.109Z [ODDS]  Deportivo Tachira: 9/2 → 4/1
2026-02-27T01:35:26.467Z [ODDS]  Deportivo Tachira: 4/1 → 9/2
2026-02-27T01:35:44.054Z [ODDS]  Deportivo Tachira: 9/2 → 4/1, Deportes Tolima: 5/4 → 13/10
2026-02-27T01:35:48.564Z [ODDS]  Draw: 13/10 → 5/4
2026-02-27T01:36:56.666Z [ODDS]  Deportes Tolima: 13/10 → 11/8
2026-02-27T01:37:30.940Z [ODDS]  Draw: 5/4 → 6/5
2026-02-27T01:38:02.962Z [ODDS]  Deportes Tolima: 11/8 → 7/5
2026-02-27T01:39:34.752Z [ODDS]  Deportivo Tachira: 4/1 → 9/2, Draw: 6/5 → 11/10
2026-02-27T01:40:04.968Z [ODDS]  Draw: 11/10 → 6/5, Deportes Tolima: 7/5 → 11/8
2026-02-27T01:40:08.578Z [ODDS]  Draw: 6/5 → 11/10
2026-02-27T01:40:20.303Z [ODDS]  Deportes Tolima: 11/8 → 7/5
2026-02-27T01:41:27.961Z [ODDS]  Deportes Tolima: 7/5 → 6/4
2026-02-27T01:41:55.922Z [ODDS]  Draw: 11/10 → 21/20
2026-02-27T01:42:48.239Z [ODDS]  Draw: 21/20 → 1/1
2026-02-27T01:43:40.104Z [ODDS]  Deportivo Tachira: 9/2 → 5/1
2026-02-27T01:44:11.226Z [ODDS]  Draw: 1/1 → 20/21
2026-02-27T01:45:16.622Z [ODDS]  Deportes Tolima: 6/4 → 8/5
2026-02-27T01:45:22.936Z [ODDS]  Deportivo Tachira: 5/1 → 9/2
2026-02-27T01:46:04.430Z [ODDS]  Deportes Tolima: 8/5 → 13/8
2026-02-27T01:46:22.027Z [ODDS]  Deportivo Tachira: 9/2 → 5/1, Draw: 20/21 → 10/11, Deportes Tolima: 13/8 → 8/5
2026-02-27T01:46:31.047Z [ODDS]  Deportivo Tachira: 5/1 → 11/2
2026-02-27T01:46:45.479Z [ODDS]  Deportivo Tachira: 11/2 → 5/1, Deportes Tolima: 8/5 → 13/8
2026-02-27T01:47:25.167Z [ODDS]  Deportes Tolima: 13/8 → 7/4
2026-02-27T01:48:12.072Z [ODDS]  Draw: 10/11 → 5/6
2026-02-27T01:48:54.917Z [ODDS]  Deportivo Tachira: 5/1 → 11/2
2026-02-27T01:49:54.448Z [ODDS]  Draw: 5/6 → 4/5
2026-02-27T01:51:19.238Z [ODDS]  Deportivo Tachira: 11/2 → 5/1, Draw: 4/5 → 5/6
2026-02-27T01:51:25.553Z [ODDS]  Deportivo Tachira: 5/1 → 11/2, Draw: 5/6 → 4/5
2026-02-27T01:51:48.103Z [ODDS]  Deportes Tolima: 7/4 → 15/8
2026-02-27T01:52:03.888Z [ODDS]  Deportes Tolima: 15/8 → 7/4
2026-02-27T01:52:10.653Z [ODDS]  Draw: 4/5 → 8/11, Deportes Tolima: 7/4 → 15/8
2026-02-27T01:53:57.700Z [ODDS]  Deportes Tolima: 15/8 → 2/1
2026-02-27T01:54:14.838Z [ODDS]  Deportivo Tachira: 11/2 → 6/1
2026-02-27T01:54:17.994Z [ODDS]  Deportivo Tachira: 6/1 → 11/2, Deportes Tolima: 2/1 → 15/8
2026-02-27T01:54:39.191Z [ODDS]  Deportes Tolima: 15/8 → 2/1
2026-02-27T01:54:48.663Z [ODDS]  Deportivo Tachira: 11/2 → 6/1
2026-02-27T01:54:50.016Z [ODDS]  Deportivo Tachira: 6/1 → 11/2
2026-02-27T01:55:08.507Z [ODDS]  Deportivo Tachira: 11/2 → 6/1, Draw: 8/11 → 4/6
2026-02-27T01:55:10.311Z [ODDS]  Deportivo Tachira: 6/1 → 11/2, Draw: 4/6 → 8/11, Deportes Tolima: 2/1 → 15/8
2026-02-27T01:55:23.393Z [ODDS]  Deportes Tolima: 15/8 → 2/1
2026-02-27T01:55:28.806Z [ODDS]  Deportivo Tachira: 11/2 → 6/1, Draw: 8/11 → 4/6
2026-02-27T01:57:46.358Z [ODDS]  Deportivo Tachira: 6/1 → 11/2, Deportes Tolima: 2/1 → 21/10
2026-02-27T01:57:55.829Z [ODDS]  Deportivo Tachira: 11/2 → 6/1
2026-02-27T01:58:03.497Z [ODDS]  Deportivo Tachira: 6/1 → 11/2
2026-02-27T01:58:19.734Z [ODDS]  Deportes Tolima: 21/10 → 11/5
2026-02-27T01:58:33.716Z [ODDS]  Deportivo Tachira: 11/2 → 6/1, Draw: 4/6 → 8/13
2026-02-27T01:58:36.421Z [ODDS]  Deportivo Tachira: 6/1 → 11/2, Draw: 8/13 → 4/6, Deportes Tolima: 11/5 → 9/4
2026-02-27T01:58:41.384Z [ODDS]  Deportivo Tachira: 11/2 → 6/1, Draw: 4/6 → 8/13, Deportes Tolima: 9/4 → 11/5
2026-02-27T01:58:48.148Z [ODDS]  Deportivo Tachira: 6/1 → 13/2, Deportes Tolima: 11/5 → 21/10
2026-02-27T01:58:50.853Z [ODDS]  Deportivo Tachira: 13/2 → 6/1, Deportes Tolima: 21/10 → 11/5
2026-02-27T01:59:28.288Z [ODDS]  Deportes Tolima: 11/5 → 9/4
2026-02-27T02:00:10.235Z [ODDS]  Draw: 8/13 → 4/7, Deportes Tolima: 9/4 → 12/5
2026-02-27T02:00:18.352Z [ODDS]  Draw: 4/7 → 8/13
2026-02-27T02:00:20.606Z [ODDS]  Draw: 8/13 → 4/7
2026-02-27T02:01:01.650Z [ODDS]  Deportes Tolima: 12/5 → 5/2
2026-02-27T02:01:07.513Z [ODDS]  Deportes Tolima: 5/2 → 12/5
2026-02-27T02:02:16.518Z [ODDS]  Deportes Tolima: 12/5 → 5/2
2026-02-27T02:02:42.223Z [ODDS]  Draw: 4/7 → 8/15
2026-02-27T02:02:52.146Z [ODDS]  Deportes Tolima: 5/2 → 13/5
2026-02-27T02:03:02.068Z [ODDS]  Deportivo Tachira: 6/1 → 17/2, Deportes Tolima: 13/5 → 9/4
2026-02-27T02:03:08.383Z [ODDS]  Deportivo Tachira: 17/2 → 15/2
2026-02-27T02:03:25.068Z [ODDS]  Deportes Tolima: 9/4 → 12/5
2026-02-27T02:03:39.049Z [ODDS]  Draw: 8/15 → 4/7, Deportes Tolima: 12/5 → 11/5
2026-02-27T02:03:57.543Z [ODDS]  Draw: 4/7 → 8/15, Deportes Tolima: 11/5 → 9/4
2026-02-27T02:04:47.152Z [ODDS]  Draw: 8/15 → 1/2, Deportes Tolima: 9/4 → 5/2
2026-02-27T02:04:51.661Z [ODDS]  Deportivo Tachira: 15/2 → 8/1
2026-02-27T02:04:55.719Z [ODDS]  Deportivo Tachira: 8/1 → 9/1, Deportes Tolima: 5/2 → 12/5
2026-02-27T02:05:03.838Z [ODDS]  Deportivo Tachira: 9/1 → 8/1
2026-02-27T02:05:11.956Z [ODDS]  Deportes Tolima: 12/5 → 5/2
2026-02-27T02:05:25.937Z [ODDS]  Deportivo Tachira: 8/1 → 17/2
2026-02-27T02:05:33.605Z [ODDS]  Deportivo Tachira: 17/2 → 9/1, Deportes Tolima: 5/2 → 12/5
2026-02-27T02:05:38.116Z [ODDS]  Deportivo Tachira: 9/1 → 10/1, Draw: 1/2 → 4/9
2026-02-27T02:05:44.430Z [ODDS]  Deportivo Tachira: 10/1 → 9/1, Deportes Tolima: 12/5 → 5/2
2026-02-27T02:06:11.039Z [ODDS]  Deportivo Tachira: 9/1 → 17/2, Deportes Tolima: 5/2 → 13/5
2026-02-27T02:06:52.530Z [ODDS]  Deportivo Tachira: 17/2 → 9/1
2026-02-27T02:06:53.884Z [ODDS]  Deportivo Tachira: 9/1 → 15/2, Deportes Tolima: 13/5 → 11/4
2026-02-27T02:06:56.590Z [ODDS]  Deportivo Tachira: 15/2 → 9/1, Deportes Tolima: 11/4 → 13/5
2026-02-27T02:07:02.454Z [ODDS]  Deportivo Tachira: 9/1 → 7/1, Draw: 4/9 → 8/15, Deportes Tolima: 13/5 → 12/5
2026-02-27T02:07:04.257Z [ODDS]  Deportivo Tachira: 7/1 → 15/2, Draw: 8/15 → 1/2, Deportes Tolima: 12/5 → 13/5
2026-02-27T02:07:07.865Z [ODDS]  Deportivo Tachira: 15/2 → 13/2, Deportes Tolima: 13/5 → 11/4
2026-02-27T02:07:49.808Z [ODDS]  Deportivo Tachira: 13/2 → 8/1, Draw: 1/2 → 4/9
2026-02-27T02:07:58.378Z [ODDS]  Deportivo Tachira: 8/1 → 17/2
2026-02-27T02:09:00.972Z [ODDS]  Deportivo Tachira: 17/2 → 66/1, Draw: 4/9 → 7/1, Deportes Tolima: 11/4 → 1/12
2026-02-27T02:09:00.972Z [EVENT]  score: 1-0
2026-02-27T02:09:19.012Z [ODDS]  Deportivo Tachira: 66/1 → 80/1, Draw: 7/1 → 8/1, Deportes Tolima: 1/12 → 1/14
2026-02-27T02:09:32.991Z [ODDS]  Draw: 8/1 → 9/1, Deportes Tolima: 1/14 → 1/16
2026-02-27T02:09:36.148Z [ODDS]  Deportivo Tachira: 80/1 → 100/1
2026-02-27T02:09:48.325Z [ODDS]  Draw: 9/1 → 10/1, Deportes Tolima: 1/16 → 1/20
2026-02-27T02:09:56.894Z [ODDS]  Deportivo Tachira: 100/1 → 80/1, Draw: 10/1 → 9/1, Deportes Tolima: 1/20 → 1/16
2026-02-27T02:10:19.898Z [ODDS]  Deportivo Tachira: 80/1 → 100/1
2026-02-27T02:10:25.323Z [ODDS]  Draw: 9/1 → 10/1, Deportes Tolima: 1/16 → 1/20
2026-02-27T02:10:28.918Z [ODDS]  Deportivo Tachira: 100/1 → 125/1, Draw: 10/1 → 12/1, Deportes Tolima: 1/20 → 1/25
2026-02-27T02:11:12.215Z [ODDS]  Deportivo Tachira: 125/1 → 100/1, Draw: 12/1 → 10/1, Deportes Tolima: 1/25 → 1/20
2026-02-27T02:11:13.567Z [ODDS]  Deportivo Tachira: 100/1 → 80/1, Draw: 10/1 → 9/1, Deportes Tolima: 1/20 → 1/16
2026-02-27T02:11:50.549Z [ODDS]  Deportivo Tachira: 80/1 → 100/1
2026-02-27T02:11:52.353Z [ODDS]  Deportivo Tachira: 100/1 → 12/1, Draw: 9/1 → 1/3, Deportes Tolima: 1/16 → 3/1
2026-02-27T02:11:52.353Z [EVENT]  score: 0-0
2026-02-27T02:11:56.864Z [ODDS]  Deportivo Tachira: 12/1 → 9/1, Draw: 1/3 → 4/11, Deportes Tolima: 3/1 → 10/3
2026-02-27T02:12:10.846Z [ODDS]  Draw: 4/11 → 1/3
2026-02-27T02:12:26.179Z [ODDS]  Deportivo Tachira: 9/1 → 12/1, Draw: 1/3 → 3/10
2026-02-27T02:12:33.845Z [ODDS]  Deportivo Tachira: 12/1 → 10/1, Deportes Tolima: 10/3 → 7/2
2026-02-27T02:12:35.650Z [ODDS]  Deportivo Tachira: 10/1 → 11/1
2026-02-27T02:12:49.630Z [ODDS]  Deportivo Tachira: 11/1 → 17/2, Draw: 3/10 → 1/3, Deportes Tolima: 7/2 → 15/4
2026-02-27T02:13:01.356Z [ODDS]  Deportivo Tachira: 17/2 → 10/1, Draw: 1/3 → 3/10
2026-02-27T02:13:19.848Z [ODDS]  Deportivo Tachira: 10/1 → 9/1, Deportes Tolima: 15/4 → 4/1
2026-02-27T02:13:21.651Z [ODDS]  Deportivo Tachira: 9/1 → 10/1, Deportes Tolima: 4/1 → 15/4
2026-02-27T02:13:38.339Z [ODDS]  Deportivo Tachira: 10/1 → 11/1, Draw: 3/10 → 2/7, Deportes Tolima: 15/4 → 4/1
2026-02-27T02:13:50.967Z [ODDS]  Deportivo Tachira: 11/1 → 12/1, Deportes Tolima: 4/1 → 15/4
2026-02-27T02:13:57.731Z [ODDS]  Draw: 2/7 → 3/10, Deportes Tolima: 15/4 → 7/2
2026-02-27T02:14:02.241Z [ODDS]  Draw: 3/10 → 2/7
2026-02-27T02:14:05.848Z [ODDS]  Draw: 2/7 → 1/4, Deportes Tolima: 7/2 → 15/4
2026-02-27T02:14:11.262Z [ODDS]  Deportes Tolima: 15/4 → 4/1
2026-02-27T02:14:27.948Z [ODDS]  Deportivo Tachira: 12/1 → 11/1
2026-02-27T02:14:36.066Z [ODDS]  Deportivo Tachira: 11/1 → 12/1
2026-02-27T02:14:46.895Z [ODDS]  Draw: 1/4 → 2/9, Deportes Tolima: 4/1 → 9/2
2026-02-27T02:15:16.209Z [ODDS]  Deportivo Tachira: 12/1 → 14/1, Draw: 2/9 → 1/4
2026-02-27T02:15:18.014Z [ODDS]  Draw: 1/4 → 2/9
2026-02-27T02:16:13.488Z [ODDS]  Draw: 2/9 → 1/5
2026-02-27T02:16:18.449Z [ODDS]  Draw: 1/5 → 2/9, Deportes Tolima: 9/2 → 4/1
2026-02-27T02:16:28.821Z [ODDS]  Deportes Tolima: 4/1 → 9/2
2026-02-27T02:16:30.626Z [ODDS]  Draw: 2/9 → 1/5, Deportes Tolima: 9/2 → 5/1
2026-02-27T02:16:36.037Z [ODDS]  Deportivo Tachira: 14/1 → 12/1, Draw: 1/5 → 2/9, Deportes Tolima: 5/1 → 9/2
2026-02-27T02:16:46.862Z [ODDS]  Deportes Tolima: 9/2 → 5/1
2026-02-27T02:16:50.032Z [ODDS]  Draw: 2/9 → 1/5
2026-02-27T02:16:52.724Z [ODDS]  Deportivo Tachira: 12/1 → 14/1
2026-02-27T02:17:16.176Z [ODDS]  Deportivo Tachira: 14/1 → 10/1, Draw: 1/5 → 2/9
2026-02-27T02:17:19.784Z [ODDS]  Deportes Tolima: 5/1 → 11/2
2026-02-27T02:17:21.589Z [ODDS]  Deportivo Tachira: 10/1 → 14/1, Draw: 2/9 → 1/5, Deportes Tolima: 11/2 → 5/1
2026-02-27T02:17:24.745Z [ODDS]  Draw: 1/5 → 2/11
2026-02-27T02:17:26.550Z [ODDS]  Deportivo Tachira: 14/1 → 12/1, Draw: 2/11 → 2/9, Deportes Tolima: 5/1 → 9/2
2026-02-27T02:17:54.061Z [ODDS]  Deportivo Tachira: 12/1 → 10/1, Draw: 2/9 → 1/4, Deportes Tolima: 9/2 → 5/1
2026-02-27T02:18:12.108Z [ODDS]  Draw: 1/4 → 2/9
2026-02-27T02:18:39.162Z [ODDS]  Draw: 2/9 → 1/5, Deportes Tolima: 5/1 → 11/2
2026-02-27T02:18:56.751Z [ODDS]  Deportivo Tachira: 10/1 → 11/1, Deportes Tolima: 11/2 → 6/1
2026-02-27T02:19:02.614Z [ODDS]  Draw: 1/5 → 2/11
2026-02-27T02:19:27.419Z [ODDS]  Draw: 2/11 → 1/6, Deportes Tolima: 6/1 → 13/2
2026-02-27T02:19:46.813Z [ODDS]  Deportivo Tachira: 11/1 → 12/1, Deportes Tolima: 13/2 → 7/1
2026-02-27T02:20:03.502Z [ODDS]  Draw: 1/6 → 1/7
2026-02-27T02:20:14.777Z [ODDS]  Deportes Tolima: 7/1 → 15/2
2026-02-27T02:20:29.112Z [ODDS]  Draw: 1/7 → 1/8, Deportes Tolima: 15/2 → 8/1
2026-02-27T02:20:50.856Z [ODDS]  Deportivo Tachira: 12/1 → 14/1, Draw: 1/8 → 1/9, Deportes Tolima: 8/1 → 9/1
2026-02-27T02:21:11.153Z [ODDS]  Draw: 1/9 → 1/10, Deportes Tolima: 9/1 → 10/1
2026-02-27T02:21:21.076Z [ODDS]  Draw: 1/10 → 1/11
2026-02-27T02:21:33.252Z [ODDS]  Draw: 1/11 → 1/12, Deportes Tolima: 10/1 → 11/1
2026-02-27T02:21:35.959Z [ODDS]  Deportivo Tachira: 14/1 → 1/5, Draw: 1/12 → 10/3, Deportes Tolima: 11/1 → 100/1
2026-02-27T02:21:39.566Z [ODDS]  Deportivo Tachira: 1/5 → 1/20, Draw: 10/3 → 10/1, Deportes Tolima: 100/1 → 350/1
2026-02-27T02:21:39.567Z [EVENT]  score: 0-1
2026-02-27T02:21:56.255Z [ODDS]  Deportivo Tachira: 1/20 → 1/25, Draw: 10/1 → 12/1, Deportes Tolima: 350/1 → 400/1
2026-02-27T02:22:16.550Z [ODDS]  Deportivo Tachira: 1/25 → 1/33, Draw: 12/1 → 14/1, Deportes Tolima: 400/1 → 500/1
2026-02-27T02:22:47.670Z [ODDS]  Deportivo Tachira: 1/33 → 1/50, Draw: 14/1 → 18/1
2026-02-27T02:23:03.905Z [ODDS]  Deportivo Tachira: 1/50 → 1/66, Draw: 18/1 → 20/1
