2026-02-27T01:08:47.192Z [ODDS]  Rayados de Chiriqui: 12/5 → 9/4
2026-02-27T01:09:26.884Z [ODDS]  Rayados de Chiriqui: 9/4 → 12/5, Draw: 13/5 → 5/2
2026-02-27T01:09:39.962Z [ODDS]  Draw: 5/2 → 13/5
2026-02-27T01:10:04.317Z [ODDS]  Draw: 13/5 → 5/2
2026-02-27T01:10:10.179Z [ODDS]  Rayados de Chiriqui: 12/5 → 9/4, SD Atletico Nacional: 20/21 → 1/1
2026-02-27T01:10:28.670Z [ODDS]  Rayados de Chiriqui: 9/4 → 12/5, SD Atletico Nacional: 1/1 → 20/21
2026-02-27T01:10:34.534Z [ODDS]  Rayados de Chiriqui: 12/5 → 13/2, Draw: 5/2 → 4/1, SD Atletico Nacional: 20/21 → 3/10
2026-02-27T01:10:34.534Z [EVENT]  score: 1-0
2026-02-27T01:10:42.200Z [ODDS]  Rayados de Chiriqui: 13/2 → 11/2, Draw: 4/1 → 15/4, SD Atletico Nacional: 3/10 → 2/5
2026-02-27T01:13:16.897Z [ODDS]  Draw: 15/4 → 7/2
2026-02-27T01:13:30.878Z [ODDS]  Draw: 7/2 → 15/4
2026-02-27T01:14:03.352Z [ODDS]  SD Atletico Nacional: 2/5 → 4/11
2026-02-27T01:14:57.475Z [ODDS]  Draw: 15/4 → 7/2, SD Atletico Nacional: 4/11 → 2/5
2026-02-27T01:16:56.085Z [ODDS]  SD Atletico Nacional: 2/5 → 4/11
2026-02-27T01:17:29.460Z [ODDS]  SD Atletico Nacional: 4/11 → 2/5
2026-02-27T01:21:59.609Z [ODDS]  Draw: 7/2 → 10/3
2026-02-27T01:22:11.786Z [ODDS]  Draw: 10/3 → 7/2
2026-02-27T01:22:25.768Z [ODDS]  Draw: 7/2 → 10/3
2026-02-27T01:22:32.532Z [ODDS]  Draw: 10/3 → 7/2
2026-02-27T01:22:36.592Z [ODDS]  Draw: 7/2 → 10/3
2026-02-27T01:28:40.556Z [ODDS]  Rayados de Chiriqui: 11/2 → 6/1
2026-02-27T01:28:46.420Z [ODDS]  Rayados de Chiriqui: 6/1 → 11/2
2026-02-27T01:29:17.089Z [ODDS]  Rayados de Chiriqui: 11/2 → 6/1
2026-02-27T01:29:22.502Z [ODDS]  Rayados de Chiriqui: 6/1 → 11/2
2026-02-27T01:30:14.365Z [ODDS]  Rayados de Chiriqui: 11/2 → 6/1
2026-02-27T01:30:23.837Z [ODDS]  Rayados de Chiriqui: 6/1 → 11/2
2026-02-27T01:30:30.601Z [ODDS]  SD Atletico Nacional: 2/5 → 4/9
2026-02-27T01:31:28.332Z [ODDS]  Rayados de Chiriqui: 11/2 → 5/1
2026-02-27T01:32:09.822Z [ODDS]  Rayados de Chiriqui: 5/1 → 11/2
2026-02-27T01:32:25.608Z [ODDS]  Draw: 10/3 → 3/1
2026-02-27T01:32:50.863Z [ODDS]  Draw: 3/1 → 10/3
2026-02-27T01:32:54.471Z [ODDS]  Rayados de Chiriqui: 11/2 → 5/1, Draw: 10/3 → 3/1
2026-02-27T01:33:31.906Z [ODDS]  Rayados de Chiriqui: 5/1 → 11/1, Draw: 3/1 → 7/1, SD Atletico Nacional: 4/9 → 1/9
2026-02-27T01:33:31.906Z [EVENT]  score: 2-0
2026-02-27T01:35:53.073Z [ODDS]  Rayados de Chiriqui: 11/1 → 12/1
2026-02-27T01:36:28.252Z [ODDS]  Rayados de Chiriqui: 12/1 → 11/1
2026-02-27T01:36:33.212Z [ODDS]  Rayados de Chiriqui: 11/1 → 12/1
2026-02-27T01:36:33.664Z [ODDS]  Rayados de Chiriqui: 12/1 → 11/1
2026-02-27T01:36:54.409Z [ODDS]  Rayados de Chiriqui: 11/1 → 12/1
2026-02-27T01:37:05.233Z [ODDS]  Rayados de Chiriqui: 12/1 → 11/1
2026-02-27T01:37:11.096Z [ODDS]  Rayados de Chiriqui: 11/1 → 12/1
2026-02-27T01:39:07.239Z [ODDS]  Draw: 7/1 → 15/2
2026-02-27T01:39:12.649Z [ODDS]  Draw: 15/2 → 7/1
2026-02-27T01:39:47.381Z [ODDS]  Draw: 7/1 → 15/2
2026-02-27T01:40:18.498Z [ODDS]  Rayados de Chiriqui: 12/1 → 14/1, SD Atletico Nacional: 1/10 → 1/11
2026-02-27T01:40:31.127Z [ODDS]  Rayados de Chiriqui: 14/1 → 12/1, SD Atletico Nacional: 1/11 → 1/10
2026-02-27T01:40:32.029Z [ODDS]  Rayados de Chiriqui: 12/1 → 14/1, SD Atletico Nacional: 1/10 → 1/11
2026-02-27T01:40:37.893Z [ODDS]  Rayados de Chiriqui: 14/1 → 12/1, SD Atletico Nacional: 1/11 → 1/10
2026-02-27T01:41:05.405Z [ODDS]  Rayados de Chiriqui: 12/1 → 14/1, SD Atletico Nacional: 1/10 → 1/11
2026-02-27T01:41:11.720Z [ODDS]  Rayados de Chiriqui: 14/1 → 12/1, SD Atletico Nacional: 1/11 → 1/10
2026-02-27T01:41:23.902Z [ODDS]  SD Atletico Nacional: 1/10 → 1/11
2026-02-27T01:41:27.511Z [ODDS]  Draw: 15/2 → 7/1, SD Atletico Nacional: 1/11 → 1/10
2026-02-27T01:41:49.636Z [ODDS]  Draw: 7/1 → 15/2
2026-02-27T01:42:11.257Z [ODDS]  Rayados de Chiriqui: 12/1 → 14/1, SD Atletico Nacional: 1/10 → 1/11
2026-02-27T01:42:22.532Z [ODDS]  Rayados de Chiriqui: 14/1 → 12/1, SD Atletico Nacional: 1/11 → 1/10
2026-02-27T01:42:49.141Z [ODDS]  Draw: 15/2 → 7/1
2026-02-27T01:43:45.066Z [ODDS]  Rayados de Chiriqui: 12/1 → 14/1, Draw: 7/1 → 15/2, SD Atletico Nacional: 1/10 → 1/11
2026-02-27T01:43:52.284Z [ODDS]  Rayados de Chiriqui: 14/1 → 12/1, SD Atletico Nacional: 1/11 → 1/10
2026-02-27T01:44:10.325Z [ODDS]  Draw: 15/2 → 7/1
2026-02-27T01:44:25.658Z [ODDS]  Draw: 7/1 → 15/2
2026-02-27T01:45:45.485Z [ODDS]  Draw: 15/2 → 7/1
2026-02-27T01:46:30.597Z [ODDS]  Draw: 7/1 → 15/2
2026-02-27T01:46:45.930Z [ODDS]  Rayados de Chiriqui: 12/1 → 11/2, Draw: 15/2 → 3/1, SD Atletico Nacional: 1/10 → 1/2
2026-02-27T01:46:45.930Z [EVENT]  score: 2-1
2026-02-27T01:47:04.872Z [ODDS]  Rayados de Chiriqui: 11/2 → 6/1, SD Atletico Nacional: 1/2 → 4/9
2026-02-27T02:04:59.328Z [ODDS]  SD Atletico Nacional: 4/9 → 2/5
2026-02-27T02:05:42.176Z [ODDS]  SD Atletico Nacional: 2/5 → 4/9
2026-02-27T02:05:48.940Z [ODDS]  Rayados de Chiriqui: 6/1 → 13/2, SD Atletico Nacional: 4/9 → 2/5
2026-02-27T02:06:55.689Z [ODDS]  Rayados de Chiriqui: 13/2 → 6/1
2026-02-27T02:07:07.865Z [ODDS]  Rayados de Chiriqui: 6/1 → 13/2
2026-02-27T02:07:58.378Z [ODDS]  SD Atletico Nacional: 2/5 → 4/9
2026-02-27T02:07:59.730Z [ODDS]  SD Atletico Nacional: 4/9 → 2/5
2026-02-27T02:08:00.181Z [ODDS]  SD Atletico Nacional: 2/5 → 4/9
2026-02-27T02:08:11.456Z [ODDS]  SD Atletico Nacional: 4/9 → 2/5
2026-02-27T02:08:32.558Z [ODDS]  Rayados de Chiriqui: 13/2 → 6/1, Draw: 3/1 → 11/4, SD Atletico Nacional: 2/5 → 1/2
2026-02-27T02:08:50.146Z [ODDS]  SD Atletico Nacional: 1/2 → 4/9
2026-02-27T02:09:02.774Z [ODDS]  SD Atletico Nacional: 4/9 → 1/2
2026-02-27T02:09:23.071Z [ODDS]  SD Atletico Nacional: 1/2 → 4/9
2026-02-27T02:09:58.247Z [ODDS]  SD Atletico Nacional: 4/9 → 1/2
2026-02-27T02:10:00.954Z [ODDS]  SD Atletico Nacional: 1/2 → 4/9
2026-02-27T02:10:28.468Z [ODDS]  Rayados de Chiriqui: 6/1 → 13/2
2026-02-27T02:12:18.512Z [ODDS]  Rayados de Chiriqui: 13/2 → 6/1
2026-02-27T02:12:19.414Z [ODDS]  Rayados de Chiriqui: 6/1 → 13/2
2026-02-27T02:15:32.448Z [ODDS]  Draw: 11/4 → 13/5
2026-02-27T02:16:35.586Z [ODDS]  Draw: 13/5 → 11/4
2026-02-27T02:17:09.412Z [ODDS]  Draw: 11/4 → 13/5
2026-02-27T02:17:24.294Z [ODDS]  Draw: 13/5 → 11/4
2026-02-27T02:18:07.590Z [ODDS]  Rayados de Chiriqui: 13/2 → 7/1
2026-02-27T02:18:17.062Z [ODDS]  SD Atletico Nacional: 4/9 → 2/5
2026-02-27T02:19:20.654Z [ODDS]  Rayados de Chiriqui: 7/1 → 13/2, Draw: 11/4 → 13/5, SD Atletico Nacional: 2/5 → 4/9
2026-02-27T02:19:58.540Z [ODDS]  Rayados de Chiriqui: 13/2 → 7/1
2026-02-27T02:20:20.187Z [ODDS]  Draw: 13/5 → 11/4
2026-02-27T02:20:57.170Z [ODDS]  Draw: 11/4 → 13/5
2026-02-27T02:22:53.984Z [ODDS]  SD Atletico Nacional: 4/9 → 2/5
2026-02-27T02:23:00.297Z [ODDS]  SD Atletico Nacional: 2/5 → 4/9
2026-02-27T02:23:01.652Z [ODDS]  SD Atletico Nacional: 4/9 → 2/5
2026-02-27T02:23:47.652Z [ODDS]  SD Atletico Nacional: 2/5 → 4/9
2026-02-27T02:23:48.103Z [ODDS]  Rayados de Chiriqui: 7/1 → 15/2, SD Atletico Nacional: 4/9 → 2/5
2026-02-27T02:23:49.908Z [ODDS]  Rayados de Chiriqui: 15/2 → 7/1, SD Atletico Nacional: 2/5 → 4/9
2026-02-27T02:24:15.167Z [ODDS]  Rayados de Chiriqui: 7/1 → 15/2, Draw: 13/5 → 11/4, SD Atletico Nacional: 4/9 → 2/5
2026-02-27T02:24:17.870Z [ODDS]  Rayados de Chiriqui: 15/2 → 7/1, Draw: 11/4 → 13/5, SD Atletico Nacional: 2/5 → 4/9
2026-02-27T02:24:54.402Z [ODDS]  Rayados de Chiriqui: 7/1 → 15/2, SD Atletico Nacional: 4/9 → 2/5
2026-02-27T02:25:22.813Z [ODDS]  Draw: 13/5 → 11/4
2026-02-27T02:25:31.385Z [ODDS]  Draw: 11/4 → 13/5
2026-02-27T02:25:48.528Z [ODDS]  Draw: 13/5 → 11/4
2026-02-27T02:26:06.566Z [ODDS]  Rayados de Chiriqui: 15/2 → 8/1, SD Atletico Nacional: 2/5 → 4/11
2026-02-27T02:26:35.428Z [ODDS]  SD Atletico Nacional: 4/11 → 2/5
2026-02-27T02:26:52.116Z [ODDS]  Rayados de Chiriqui: 8/1 → 15/2, Draw: 11/4 → 13/5
2026-02-27T02:27:02.940Z [ODDS]  Rayados de Chiriqui: 15/2 → 8/1, Draw: 13/5 → 11/4, SD Atletico Nacional: 2/5 → 4/11
2026-02-27T02:27:10.610Z [ODDS]  Rayados de Chiriqui: 8/1 → 15/2, SD Atletico Nacional: 4/11 → 2/5
2026-02-27T02:27:23.236Z [ODDS]  Draw: 11/4 → 13/5
2026-02-27T02:27:31.355Z [ODDS]  Rayados de Chiriqui: 15/2 → 8/1, Draw: 13/5 → 11/4
2026-02-27T02:27:42.630Z [ODDS]  Rayados de Chiriqui: 8/1 → 15/2
2026-02-27T02:28:00.226Z [ODDS]  Draw: 11/4 → 13/5
2026-02-27T02:28:31.340Z [ODDS]  Rayados de Chiriqui: 15/2 → 8/1, Draw: 13/5 → 11/4
2026-02-27T02:29:09.675Z [ODDS]  SD Atletico Nacional: 2/5 → 4/11
2026-02-27T02:29:45.756Z [ODDS]  Rayados de Chiriqui: 8/1 → 17/2
2026-02-27T02:29:52.520Z [ODDS]  Rayados de Chiriqui: 17/2 → 8/1, Draw: 11/4 → 13/5, SD Atletico Nacional: 4/11 → 2/5
2026-02-27T02:30:01.541Z [ODDS]  Rayados de Chiriqui: 8/1 → 17/2, Draw: 13/5 → 11/4, SD Atletico Nacional: 2/5 → 4/11
2026-02-27T02:30:16.424Z [ODDS]  Rayados de Chiriqui: 17/2 → 10/1, SD Atletico Nacional: 4/11 → 1/3
2026-02-27T02:30:16.876Z [ODDS]  Rayados de Chiriqui: 10/1 → 9/1, Draw: 11/4 → 13/5, SD Atletico Nacional: 1/3 → 4/11
2026-02-27T02:30:30.411Z [ODDS]  Rayados de Chiriqui: 9/1 → 10/1, Draw: 13/5 → 11/4, SD Atletico Nacional: 4/11 → 1/3
2026-02-27T02:30:53.865Z [ODDS]  Draw: 11/4 → 13/5
2026-02-27T02:30:54.314Z [ODDS]  Draw: 13/5 → 11/4
2026-02-27T02:31:54.298Z [ODDS]  Rayados de Chiriqui: 10/1 → 11/1
2026-02-27T02:32:13.691Z [ODDS]  SD Atletico Nacional: 1/3 → 3/10
2026-02-27T02:32:17.752Z [ODDS]  Rayados de Chiriqui: 11/1 → 12/1
2026-02-27T02:32:24.516Z [ODDS]  Rayados de Chiriqui: 12/1 → 11/1, SD Atletico Nacional: 3/10 → 1/3
2026-02-27T02:32:28.574Z [ODDS]  SD Atletico Nacional: 1/3 → 3/10
2026-02-27T02:33:19.087Z [ODDS]  SD Atletico Nacional: 3/10 → 1/3
2026-02-27T02:33:22.314Z [ODDS]  SD Atletico Nacional: 1/3 → 3/10
2026-02-27T02:33:34.421Z [ODDS]  SD Atletico Nacional: 3/10 → 1/3
2026-02-27T02:33:35.324Z [ODDS]  Rayados de Chiriqui: 11/1 → 12/1, SD Atletico Nacional: 1/3 → 3/10
2026-02-27T02:33:43.892Z [ODDS]  Draw: 11/4 → 3/1, SD Atletico Nacional: 3/10 → 2/7
2026-02-27T02:34:10.502Z [ODDS]  Rayados de Chiriqui: 12/1 → 14/1
2026-02-27T02:34:21.777Z [ODDS]  Draw: 3/1 → 11/4
2026-02-27T02:34:42.073Z [ODDS]  Draw: 11/4 → 3/1, SD Atletico Nacional: 2/7 → 1/4
2026-02-27T02:35:32.134Z [ODDS]  Rayados de Chiriqui: 14/1 → 16/1
2026-02-27T02:37:19.927Z [ODDS]  Rayados de Chiriqui: 16/1 → 18/1, SD Atletico Nacional: 1/4 → 2/9
2026-02-27T02:38:17.654Z [ODDS]  Rayados de Chiriqui: 18/1 → 20/1, Draw: 3/1 → 10/3
2026-02-27T02:38:35.192Z [ODDS]  Rayados de Chiriqui: 20/1 → 18/1, Draw: 10/3 → 3/1
2026-02-27T02:38:49.623Z [ODDS]  Rayados de Chiriqui: 18/1 → 20/1, Draw: 3/1 → 10/3, SD Atletico Nacional: 2/9 → 1/5
2026-02-27T02:39:41.039Z [ODDS]  Rayados de Chiriqui: 20/1 → 22/1, Draw: 10/3 → 7/2
2026-02-27T02:39:45.097Z [ODDS]  Draw: 7/2 → 10/3
2026-02-27T02:39:50.509Z [ODDS]  Rayados de Chiriqui: 22/1 → 3/1, Draw: 10/3 → 4/9, SD Atletico Nacional: 1/5 → 6/1
2026-02-27T02:39:50.509Z [EVENT]  score: 2-2
2026-02-27T02:40:10.353Z [ODDS]  Draw: 4/9 → 4/11, SD Atletico Nacional: 6/1 → 13/2
2026-02-27T02:40:21.181Z [ODDS]  Rayados de Chiriqui: 3/1 → 10/3, SD Atletico Nacional: 13/2 → 7/1
2026-02-27T02:40:22.531Z [ODDS]  SD Atletico Nacional: 7/1 → 13/2
2026-02-27T02:40:25.237Z [ODDS]  SD Atletico Nacional: 13/2 → 7/1
2026-02-27T02:40:28.393Z [ODDS]  Rayados de Chiriqui: 10/3 → 3/1, Draw: 4/11 → 2/5, SD Atletico Nacional: 7/1 → 13/2
2026-02-27T02:40:53.290Z [ODDS]  Rayados de Chiriqui: 3/1 → 10/3, Draw: 2/5 → 4/11, SD Atletico Nacional: 13/2 → 7/1
2026-02-27T02:40:58.160Z [ODDS]  Draw: 4/11 → 1/3
2026-02-27T02:41:18.457Z [ODDS]  Rayados de Chiriqui: 10/3 → 7/2
2026-02-27T02:42:16.636Z [ODDS]  Rayados de Chiriqui: 7/2 → 15/4, Draw: 1/3 → 3/10
2026-02-27T02:42:27.010Z [ODDS]  Draw: 3/10 → 1/3, SD Atletico Nacional: 7/1 → 13/2
2026-02-27T02:42:31.520Z [ODDS]  SD Atletico Nacional: 13/2 → 6/1
2026-02-27T02:42:31.975Z [ODDS]  Draw: 1/3 → 3/10, SD Atletico Nacional: 6/1 → 7/1
2026-02-27T02:42:44.598Z [ODDS]  Draw: 3/10 → 1/3
2026-02-27T02:42:48.207Z [ODDS]  Draw: 1/3 → 3/10
2026-02-27T02:42:54.970Z [ODDS]  Rayados de Chiriqui: 15/4 → 4/1
2026-02-27T02:43:23.386Z [ODDS]  Draw: 3/10 → 2/7
2026-02-27T02:43:41.424Z [ODDS]  Rayados de Chiriqui: 4/1 → 15/4, Draw: 2/7 → 3/10
2026-02-27T02:43:58.112Z [ODDS]  Rayados de Chiriqui: 15/4 → 9/2, Draw: 3/10 → 2/7
2026-02-27T02:44:18.407Z [ODDS]  Draw: 2/7 → 1/4
2026-02-27T02:44:36.447Z [ODDS]  Draw: 1/4 → 2/7, SD Atletico Nacional: 7/1 → 13/2, Draw: 2/7 → 1/4, SD Atletico Nacional: 13/2 → 15/2
2026-02-27T02:44:36.447Z [ODDS]  Draw: 1/4 → 2/7, SD Atletico Nacional: 15/2 → 13/2, Draw: 2/7 → 1/4, SD Atletico Nacional: 13/2 → 15/2
2026-02-27T02:45:04.414Z [ODDS]  Rayados de Chiriqui: 9/2 → 5/1, Draw: 1/4 → 2/9
2026-02-27T02:45:48.164Z [ODDS]  Draw: 2/9 → 1/5, SD Atletico Nacional: 15/2 → 8/1
2026-02-27T02:45:59.892Z [ODDS]  Rayados de Chiriqui: 5/1 → 1/20, Draw: 1/5 → 10/1, SD Atletico Nacional: 8/1 → 50/1
2026-02-27T02:45:59.892Z [EVENT]  score: 2-3
2026-02-27T02:46:57.175Z [ODDS]  Rayados de Chiriqui: 1/20 → 1/25, Draw: 10/1 → 12/1
2026-02-27T02:47:58.962Z [ODDS]  Rayados de Chiriqui: 1/25 → 1/28
2026-02-27T02:48:18.354Z [ODDS]  SD Atletico Nacional: 50/1 → 66/1
2026-02-27T02:48:33.688Z [ODDS]  Rayados de Chiriqui: 1/28 → 1/33, Draw: 12/1 → 14/1
2026-02-27T02:49:14.730Z [ODDS]  Rayados de Chiriqui: 1/33 → 1/25, Draw: 14/1 → 12/1, SD Atletico Nacional: 66/1 → 50/1
2026-02-27T02:49:56.221Z [ODDS]  Rayados de Chiriqui: 1/25 → 1/20, Draw: 12/1 → 10/1
2026-02-27T02:50:01.183Z [ODDS]  Rayados de Chiriqui: 1/20 → 1/28, Draw: 10/1 → 12/1
2026-02-27T02:50:14.263Z [ODDS]  SD Atletico Nacional: 50/1 → 66/1
2026-02-27T02:50:24.184Z [ODDS]  Rayados de Chiriqui: 1/28 → 1/20, Draw: 12/1 → 10/1, SD Atletico Nacional: 66/1 → 50/1
2026-02-27T02:51:12.446Z [ODDS]  Rayados de Chiriqui: 1/20 → 1/25, Draw: 10/1 → 12/1
2026-02-27T02:51:44.920Z [ODDS]  Rayados de Chiriqui: 1/25 → 1/40, Draw: 12/1 → 16/1, SD Atletico Nacional: 50/1 → 66/1
2026-02-27T02:52:02.060Z [ODDS]  SD Atletico Nacional: 66/1 → 80/1
2026-02-27T02:52:12.434Z [ODDS]  Rayados de Chiriqui: 1/40 → 1/50, Draw: 16/1 → 18/1
2026-02-27T02:52:59.337Z [ODDS]  Rayados de Chiriqui: 1/50 → 1/66, Draw: 18/1 → 20/1
2026-02-27T02:53:31.358Z [ODDS]  SD Atletico Nacional: 80/1 → 100/1
2026-02-27T02:53:35.418Z [ODDS]  Rayados de Chiriqui: 1/66 → 1/80, Draw: 20/1 → 22/1
2026-02-27T02:53:48.946Z [ODDS]  Rayados de Chiriqui: 1/80 → 1/40, Draw: 22/1 → 16/1, SD Atletico Nacional: 100/1 → 80/1
2026-02-27T02:54:06.535Z [ODDS]  Rayados de Chiriqui: 1/40 → 1/50, Draw: 16/1 → 18/1
2026-02-27T02:54:07.437Z [ODDS]  Rayados de Chiriqui: 1/50 → 1/40, Draw: 18/1 → 16/1
2026-02-27T02:54:26.830Z [ODDS]  Rayados de Chiriqui: 1/40 → 1/50, Draw: 16/1 → 18/1, SD Atletico Nacional: 80/1 → 100/1
2026-02-27T02:54:27.732Z [ODDS]  Rayados de Chiriqui: 1/50 → 1/125, Draw: 18/1 → 25/1, SD Atletico Nacional: 100/1 → 125/1
2026-02-27T02:54:30.046Z [ODDS]  Rayados de Chiriqui: 1/125 → 1/150, Draw: 25/1 → 28/1
