2026-02-26T22:08:17.964Z [ODDS]  Real Madrid (Klaus): 4/7 → 8/15
2026-02-26T22:08:20.640Z [ODDS]  PSG (Lucas): 9/2 → 5/1
2026-02-26T22:08:26.962Z [ODDS]  Draw: 5/2 → 12/5
2026-02-26T22:08:35.075Z [ODDS]  PSG (Lucas): 5/1 → 8/5, Draw: 12/5 → 6/4, Real Madrid (Klaus): 8/15 → 21/10
2026-02-26T22:08:35.075Z [EVENT]  score: 2-2
2026-02-26T22:09:21.975Z [ODDS]  PSG (Lucas): 8/5 → 13/8
2026-02-26T22:09:22.879Z [ODDS]  Draw: 6/4 → 7/5
2026-02-26T22:09:30.095Z [ODDS]  Real Madrid (Klaus): 21/10 → 11/5
2026-02-26T22:09:30.547Z [ODDS]  PSG (Lucas): 13/8 → 6/1, Draw: 7/5 → 9/4, Real Madrid (Klaus): 11/5 → 1/2
2026-02-26T22:09:30.547Z [EVENT]  score: 3-2
2026-02-26T22:09:55.803Z [ODDS]  PSG (Lucas): 6/1 → 13/2
2026-02-26T22:10:13.845Z [ODDS]  Real Madrid (Klaus): 1/2 → 4/9
2026-02-26T22:10:22.871Z [ODDS]  PSG (Lucas): 13/2 → 7/1
2026-02-26T22:10:25.122Z [ODDS]  Draw: 9/4 → 12/5
2026-02-26T22:10:43.652Z [ODDS]  PSG (Lucas): 7/1 → 15/2, Real Madrid (Klaus): 4/9 → 2/5
2026-02-26T22:10:55.338Z [ODDS]  PSG (Lucas): 15/2 → 8/1
2026-02-26T22:11:07.064Z [ODDS]  PSG (Lucas): 8/1 → 17/2, Real Madrid (Klaus): 2/5 → 4/11
2026-02-26T22:11:19.241Z [ODDS]  PSG (Lucas): 17/2 → 9/1, Draw: 12/5 → 5/2
2026-02-26T22:11:22.409Z [ODDS]  Real Madrid (Klaus): 4/11 → 1/3
2026-02-26T22:11:26.019Z [ODDS]  PSG (Lucas): 9/1 → 10/1
2026-02-26T22:11:35.037Z [ODDS]  Draw: 5/2 → 13/5
2026-02-26T22:11:36.832Z [ODDS]  Real Madrid (Klaus): 1/3 → 3/10
2026-02-26T22:11:38.186Z [ODDS]  PSG (Lucas): 10/1 → 11/1
2026-02-26T22:11:48.556Z [ODDS]  PSG (Lucas): 11/1 → 12/1, Real Madrid (Klaus): 3/10 → 2/7
2026-02-26T22:11:53.069Z [ODDS]  Draw: 13/5 → 11/4
2026-02-26T22:11:58.929Z [ODDS]  PSG (Lucas): 12/1 → 14/1, Real Madrid (Klaus): 2/7 → 1/4
2026-02-26T22:12:10.204Z [ODDS]  Draw: 11/4 → 3/1
2026-02-26T22:12:11.107Z [ODDS]  PSG (Lucas): 14/1 → 16/1
2026-02-26T22:12:12.008Z [ODDS]  Real Madrid (Klaus): 1/4 → 2/9
2026-02-26T22:12:18.773Z [ODDS]  PSG (Lucas): 16/1 → 18/1
2026-02-26T22:12:25.091Z [ODDS]  PSG (Lucas): 18/1 → 20/1
2026-02-26T22:12:29.597Z [ODDS]  Draw: 3/1 → 10/3, Real Madrid (Klaus): 2/9 → 1/5
2026-02-26T22:12:37.315Z [ODDS]  PSG (Lucas): 20/1 → 22/1
2026-02-26T22:12:39.070Z [ODDS]  PSG (Lucas): 22/1 → 25/1
2026-02-26T22:12:41.324Z [ODDS]  Draw: 10/3 → 7/2, Real Madrid (Klaus): 1/5 → 2/11
2026-02-26T22:12:46.735Z [ODDS]  PSG (Lucas): 25/1 → 28/1, Draw: 7/2 → 15/4, Real Madrid (Klaus): 2/11 → 1/6
2026-02-26T22:12:52.604Z [ODDS]  Draw: 15/4 → 4/1
