2026-02-26T22:08:21.093Z [ODDS]  Germany (gelennzz): 19/4 → 9/2
2026-02-26T22:08:24.721Z [ODDS]  Draw: 13/2 → 6/1, England (nekishka): 1/4 → 2/7
2026-02-26T22:08:26.507Z [ODDS]  Germany (gelennzz): 9/2 → 7/1, Draw: 6/1 → 15/2, England (nekishka): 2/7 → 1/8
2026-02-26T22:08:26.507Z [EVENT]  score: 1-0
2026-02-26T22:09:05.289Z [ODDS]  Germany (gelennzz): 7/1 → 15/2
2026-02-26T22:09:15.661Z [ODDS]  Germany (gelennzz): 15/2 → 7/1
2026-02-26T22:09:17.922Z [ODDS]  Germany (gelennzz): 7/1 → 10/1, Draw: 15/2 → 9/1, England (nekishka): 1/8 → 1/18
2026-02-26T22:09:17.923Z [EVENT]  score: 2-0
2026-02-26T22:10:11.153Z [ODDS]  Germany (gelennzz): 10/1 → 15/2, Draw: 9/1 → 7/1, England (nekishka): 1/18 → 1/8
2026-02-26T22:10:11.153Z [EVENT]  score: 2-1
2026-02-26T22:10:31.886Z [ODDS]  Germany (gelennzz): 15/2 → 7/1, England (nekishka): 1/8 → 1/7
2026-02-26T22:10:41.808Z [ODDS]  Draw: 7/1 → 13/2
2026-02-26T22:11:02.103Z [ODDS]  Germany (gelennzz): 7/1 → 11/1, Draw: 13/2 → 9/1, England (nekishka): 1/7 → 1/18
2026-02-26T22:11:02.103Z [EVENT]  score: 3-1
2026-02-26T22:11:23.764Z [ODDS]  Draw: 9/1 → 10/1, England (nekishka): 1/18 → 1/20
2026-02-26T22:11:56.675Z [ODDS]  Germany (gelennzz): 11/1 → 12/1
2026-02-26T22:12:11.558Z [ODDS]  Germany (gelennzz): 12/1 → 18/1, Draw: 10/1 → 18/1, England (nekishka): 1/20 → 1/50
2026-02-26T22:12:11.558Z [EVENT]  score: 4-1
2026-02-26T22:12:39.970Z [ODDS]  Germany (gelennzz): 18/1 → 20/1, Draw: 18/1 → 20/1, England (nekishka): 1/50 → 1/66
2026-02-26T22:12:41.784Z [ODDS]  Germany (gelennzz): 20/1 → 12/1, Draw: 20/1 → 10/1, England (nekishka): 1/66 → 1/20
2026-02-26T22:12:41.784Z [EVENT]  score: 4-2
2026-02-26T22:13:43.562Z [ODDS]  Germany (gelennzz): 12/1 → 14/1
2026-02-26T22:13:55.294Z [ODDS]  Germany (gelennzz): 14/1 → 8/1, Draw: 10/1 → 11/2, England (nekishka): 1/20 → 1/6
2026-02-26T22:13:55.294Z [EVENT]  score: 4-3
2026-02-26T22:14:06.112Z [ODDS]  Germany (gelennzz): 8/1 → 17/2
2026-02-26T22:14:16.036Z [ODDS]  Germany (gelennzz): 17/2 → 8/1, Draw: 11/2 → 5/1, England (nekishka): 1/6 → 2/11
2026-02-26T22:14:26.409Z [ODDS]  Germany (gelennzz): 8/1 → 17/2
2026-02-26T22:14:29.120Z [ODDS]  Germany (gelennzz): 17/2 → 14/1, Draw: 5/1 → 12/1, England (nekishka): 2/11 → 1/25
2026-02-26T22:14:29.120Z [EVENT]  score: 5-3
2026-02-26T22:14:50.762Z [ODDS]  Germany (gelennzz): 14/1 → 25/1, Draw: 12/1 → 25/1, England (nekishka): 1/25 → 1/125
2026-02-26T22:14:50.762Z [EVENT]  score: 6-3
2026-02-26T22:15:11.508Z [ODDS]  Germany (gelennzz): 25/1 → 28/1, Draw: 25/1 → 28/1, England (nekishka): 1/125 → 1/150
2026-02-26T22:15:25.489Z [EVENT]  score: 7-3
2026-02-26T22:16:09.238Z [EVENT]  score: 8-3
2026-02-26T22:16:28.635Z [EVENT]  score: 9-3
2026-02-26T22:16:43.106Z [EVENT]  score: 10-3
2026-02-26T22:17:15.094Z [EVENT]  score: 10-4
2026-02-26T22:17:31.318Z [EVENT]  score: 10-5
