2026-02-27T00:11:20.692Z [ODDS]  CD Platense: 2/1 → 11/5, Lobos UPNFM: 7/4 → 8/5
2026-02-27T00:11:34.289Z [ODDS]  CD Platense: 11/5 → 21/10, Lobos UPNFM: 8/5 → 13/8
2026-02-27T00:17:39.085Z [ODDS]  Draw: 8/5 → 6/4
2026-02-27T00:19:07.040Z [ODDS]  CD Platense: 21/10 → 11/5
2026-02-27T00:19:43.112Z [ODDS]  CD Platense: 11/5 → 21/10, Lobos UPNFM: 13/8 → 7/4
2026-02-27T00:20:01.603Z [ODDS]  CD Platense: 21/10 → 11/5
2026-02-27T00:20:11.976Z [ODDS]  Lobos UPNFM: 7/4 → 13/8
2026-02-27T00:21:01.135Z [ODDS]  CD Platense: 11/5 → 9/4
2026-02-27T00:21:13.315Z [ODDS]  CD Platense: 9/4 → 12/5, Lobos UPNFM: 13/8 → 8/5
2026-02-27T00:21:45.333Z [ODDS]  CD Platense: 12/5 → 9/4, Draw: 6/4 → 7/5, Lobos UPNFM: 8/5 → 13/8
2026-02-27T00:21:56.157Z [ODDS]  CD Platense: 9/4 → 12/5
2026-02-27T00:22:22.768Z [ODDS]  Lobos UPNFM: 13/8 → 8/5
2026-02-27T00:22:26.375Z [ODDS]  CD Platense: 12/5 → 9/4, Draw: 7/5 → 6/4, Lobos UPNFM: 8/5 → 13/8
2026-02-27T00:22:43.513Z [ODDS]  Draw: 6/4 → 7/5
2026-02-27T00:23:12.377Z [ODDS]  CD Platense: 9/4 → 12/5
2026-02-27T00:23:21.885Z [ODDS]  CD Platense: 12/5 → 9/4, Lobos UPNFM: 13/8 → 7/4
2026-02-27T00:23:22.301Z [ODDS]  Draw: 7/5 → 11/8
2026-02-27T00:23:34.479Z [ODDS]  Draw: 11/8 → 7/5
2026-02-27T00:23:43.045Z [ODDS]  Lobos UPNFM: 7/4 → 13/8
2026-02-27T00:23:59.732Z [ODDS]  Draw: 7/5 → 6/4
2026-02-27T00:24:21.834Z [ODDS]  Draw: 6/4 → 7/5
2026-02-27T00:25:10.540Z [ODDS]  Lobos UPNFM: 13/8 → 7/4
2026-02-27T00:25:28.580Z [ODDS]  CD Platense: 9/4 → 12/5, Draw: 7/5 → 11/8, Lobos UPNFM: 7/4 → 13/8
2026-02-27T00:25:55.189Z [ODDS]  CD Platense: 12/5 → 5/2
2026-02-27T00:25:56.614Z [ODDS]  CD Platense: 5/2 → 13/5, Draw: 11/8 → 5/4, Lobos UPNFM: 13/8 → 7/4
2026-02-27T00:26:13.231Z [ODDS]  CD Platense: 13/5 → 5/2, Draw: 5/4 → 13/10
2026-02-27T00:26:45.766Z [ODDS]  CD Platense: 5/2 → 13/5, Draw: 13/10 → 5/4
2026-02-27T00:26:47.510Z [ODDS]  CD Platense: 13/5 → 5/2, Draw: 5/4 → 13/10
2026-02-27T00:26:56.531Z [ODDS]  CD Platense: 5/2 → 13/5, Draw: 13/10 → 5/4
2026-02-27T00:26:58.334Z [ODDS]  CD Platense: 13/5 → 5/2, Draw: 5/4 → 13/10
2026-02-27T00:27:30.355Z [ODDS]  Draw: 13/10 → 5/4
2026-02-27T00:28:54.240Z [ODDS]  CD Platense: 5/2 → 11/4, Lobos UPNFM: 7/4 → 13/8
2026-02-27T00:29:31.759Z [ODDS]  Draw: 5/4 → 6/5, Lobos UPNFM: 13/8 → 7/4
2026-02-27T00:31:40.682Z [ODDS]  Draw: 6/5 → 11/10
2026-02-27T00:31:58.253Z [ODDS]  CD Platense: 11/4 → 3/1
2026-02-27T00:32:16.743Z [ODDS]  CD Platense: 3/1 → 11/4
2026-02-27T00:32:45.156Z [ODDS]  Lobos UPNFM: 7/4 → 15/8
2026-02-27T00:32:50.118Z [ODDS]  CD Platense: 11/4 → 3/1, Lobos UPNFM: 15/8 → 7/4
2026-02-27T00:33:21.689Z [ODDS]  CD Platense: 3/1 → 11/4
2026-02-27T00:33:36.600Z [ODDS]  Lobos UPNFM: 7/4 → 15/8
2026-02-27T00:33:37.473Z [ODDS]  CD Platense: 11/4 → 3/1, Lobos UPNFM: 15/8 → 7/4
2026-02-27T00:35:09.069Z [ODDS]  Draw: 11/10 → 21/20
2026-02-27T00:35:28.935Z [ODDS]  Lobos UPNFM: 7/4 → 15/8
2026-02-27T00:35:44.208Z [ODDS]  Lobos UPNFM: 15/8 → 7/4
2026-02-27T00:36:06.313Z [ODDS]  Lobos UPNFM: 7/4 → 15/8
2026-02-27T00:36:12.622Z [ODDS]  Draw: 21/20 → 1/1
2026-02-27T00:36:22.094Z [ODDS]  Draw: 1/1 → 21/20
2026-02-27T00:36:37.429Z [ODDS]  CD Platense: 3/1 → 10/3, Draw: 21/20 → 1/1
2026-02-27T00:37:04.987Z [ODDS]  Draw: 1/1 → 20/21, Lobos UPNFM: 15/8 → 2/1
2026-02-27T00:37:17.118Z [ODDS]  CD Platense: 10/3 → 3/1
2026-02-27T00:37:25.263Z [ODDS]  CD Platense: 3/1 → 10/3
2026-02-27T00:37:49.636Z [ODDS]  CD Platense: 10/3 → 3/1
2026-02-27T00:38:17.108Z [ODDS]  CD Platense: 3/1 → 10/3
2026-02-27T00:39:21.644Z [ODDS]  Draw: 20/21 → 10/11
2026-02-27T00:39:23.444Z [ODDS]  Draw: 10/11 → 20/21
2026-02-27T00:39:46.443Z [ODDS]  Draw: 20/21 → 10/11
2026-02-27T00:40:36.510Z [ODDS]  CD Platense: 10/3 → 3/1, Lobos UPNFM: 2/1 → 21/10
2026-02-27T00:40:52.747Z [ODDS]  Lobos UPNFM: 21/10 → 11/5
2026-02-27T00:41:02.218Z [ODDS]  Lobos UPNFM: 11/5 → 21/10
2026-02-27T00:41:04.472Z [ODDS]  CD Platense: 3/1 → 10/3, Lobos UPNFM: 21/10 → 2/1
2026-02-27T00:41:42.357Z [ODDS]  Lobos UPNFM: 2/1 → 21/10
2026-02-27T00:41:44.160Z [ODDS]  Lobos UPNFM: 21/10 → 2/1
2026-02-27T00:41:49.663Z [ODDS]  CD Platense: 10/3 → 7/2, Draw: 10/11 → 5/6, Lobos UPNFM: 2/1 → 21/10
2026-02-27T00:41:52.728Z [ODDS]  CD Platense: 7/2 → 10/3, Draw: 5/6 → 10/11, Lobos UPNFM: 21/10 → 2/1
2026-02-27T00:42:07.174Z [ODDS]  Lobos UPNFM: 2/1 → 21/10
2026-02-27T00:42:25.653Z [ODDS]  Draw: 10/11 → 5/6
2026-02-27T00:42:36.025Z [ODDS]  CD Platense: 10/3 → 7/2, Draw: 5/6 → 10/11, Lobos UPNFM: 21/10 → 2/1
2026-02-27T00:42:50.458Z [ODDS]  Draw: 10/11 → 5/6, Lobos UPNFM: 2/1 → 21/10
2026-02-27T00:42:56.321Z [ODDS]  CD Platense: 7/2 → 10/3, Draw: 5/6 → 10/11, Lobos UPNFM: 21/10 → 2/1
2026-02-27T00:43:04.928Z [ODDS]  CD Platense: 10/3 → 7/2, Draw: 10/11 → 5/6, Lobos UPNFM: 2/1 → 21/10
2026-02-27T00:43:29.244Z [ODDS]  Lobos UPNFM: 21/10 → 2/1
2026-02-27T00:43:55.407Z [ODDS]  CD Platense: 7/2 → 14/1, Draw: 5/6 → 9/2, Lobos UPNFM: 2/1 → 1/6
2026-02-27T00:43:55.407Z [EVENT]  score: 1-0
2026-02-27T00:44:05.859Z [ODDS]  CD Platense: 14/1 → 12/1, Draw: 9/2 → 4/1, Lobos UPNFM: 1/6 → 1/5
2026-02-27T00:44:57.645Z [ODDS]  CD Platense: 12/1 → 14/1
2026-02-27T00:44:59.005Z [ODDS]  CD Platense: 14/1 → 12/1
2026-02-27T00:45:00.358Z [ODDS]  CD Platense: 12/1 → 14/1
2026-02-27T00:45:48.670Z [ODDS]  Lobos UPNFM: 1/5 → 2/11
2026-02-27T00:46:30.552Z [ODDS]  CD Platense: 14/1 → 12/1, Draw: 4/1 → 7/2, Lobos UPNFM: 2/11 → 2/9
2026-02-27T00:46:51.787Z [ODDS]  CD Platense: 12/1 → 14/1
2026-02-27T00:47:00.351Z [ODDS]  CD Platense: 14/1 → 16/1, Draw: 7/2 → 4/1, Lobos UPNFM: 2/9 → 2/11
2026-02-27T00:47:52.638Z [ODDS]  CD Platense: 16/1 → 9/1, Draw: 4/1 → 11/4, Lobos UPNFM: 2/11 → 1/3
2026-02-27T00:47:59.399Z [ODDS]  CD Platense: 9/1 → 10/1
2026-02-27T00:48:00.300Z [ODDS]  CD Platense: 10/1 → 11/1, Lobos UPNFM: 1/3 → 3/10
2026-02-27T00:48:03.006Z [ODDS]  Lobos UPNFM: 3/10 → 1/3
2026-02-27T00:48:08.420Z [ODDS]  Lobos UPNFM: 1/3 → 3/10
2026-02-27T00:48:14.283Z [ODDS]  Lobos UPNFM: 3/10 → 1/3
2026-02-27T00:48:37.285Z [ODDS]  Lobos UPNFM: 1/3 → 3/10
2026-02-27T00:48:44.950Z [ODDS]  Lobos UPNFM: 3/10 → 1/3
2026-02-27T00:48:50.814Z [ODDS]  Draw: 11/4 → 13/5
2026-02-27T00:49:43.582Z [ODDS]  CD Platense: 11/1 → 12/1, Draw: 13/5 → 11/4, Lobos UPNFM: 1/3 → 3/10
2026-02-27T00:50:50.331Z [ODDS]  CD Platense: 12/1 → 14/1, Lobos UPNFM: 3/10 → 2/7
2026-02-27T00:51:26.863Z [ODDS]  CD Platense: 14/1 → 16/1, Draw: 11/4 → 3/1, Lobos UPNFM: 2/7 → 1/4
2026-02-27T00:51:38.588Z [ODDS]  CD Platense: 16/1 → 14/1, Draw: 3/1 → 11/4, Lobos UPNFM: 1/4 → 2/7
2026-02-27T00:51:49.020Z [ODDS]  CD Platense: 14/1 → 16/1, Draw: 11/4 → 3/1, Lobos UPNFM: 2/7 → 1/4
2026-02-27T00:53:01.125Z [ODDS]  CD Platense: 16/1 → 18/1
2026-02-27T00:53:02.477Z [ODDS]  CD Platense: 18/1 → 16/1
2026-02-27T00:53:20.065Z [ODDS]  CD Platense: 16/1 → 18/1
2026-02-27T00:53:39.008Z [ODDS]  Draw: 3/1 → 10/3, Lobos UPNFM: 1/4 → 2/9
2026-02-27T00:54:08.325Z [ODDS]  Draw: 10/3 → 3/1, Lobos UPNFM: 2/9 → 1/4
2026-02-27T00:54:17.796Z [ODDS]  CD Platense: 18/1 → 20/1, Lobos UPNFM: 1/4 → 2/9
2026-02-27T00:54:30.425Z [ODDS]  Draw: 3/1 → 10/3
2026-02-27T00:54:47.565Z [ODDS]  CD Platense: 20/1 → 18/1, Draw: 10/3 → 3/1, Lobos UPNFM: 2/9 → 1/4
2026-02-27T00:55:03.800Z [ODDS]  Lobos UPNFM: 1/4 → 2/9
2026-02-27T00:55:22.743Z [ODDS]  CD Platense: 18/1 → 20/1
2026-02-27T00:55:29.959Z [ODDS]  CD Platense: 20/1 → 22/1, Draw: 3/1 → 10/3, Lobos UPNFM: 2/9 → 1/5
2026-02-27T00:55:31.762Z [ODDS]  CD Platense: 22/1 → 20/1, Draw: 10/3 → 3/1, Lobos UPNFM: 1/5 → 2/9
2026-02-27T00:55:38.076Z [ODDS]  Draw: 3/1 → 10/3
2026-02-27T00:56:06.038Z [ODDS]  CD Platense: 20/1 → 22/1, Lobos UPNFM: 2/9 → 1/5
2026-02-27T00:56:47.530Z [ODDS]  Draw: 10/3 → 7/2, Lobos UPNFM: 1/5 → 2/11
2026-02-27T00:56:47.981Z [ODDS]  Lobos UPNFM: 2/11 → 1/5
2026-02-27T00:56:52.040Z [ODDS]  CD Platense: 22/1 → 20/1, Draw: 7/2 → 10/3, Lobos UPNFM: 1/5 → 2/9
2026-02-27T00:56:52.492Z [ODDS]  CD Platense: 20/1 → 22/1, Draw: 10/3 → 7/2, Lobos UPNFM: 2/9 → 1/5
2026-02-27T00:56:52.943Z [ODDS]  CD Platense: 22/1 → 20/1, Draw: 7/2 → 10/3, Lobos UPNFM: 1/5 → 2/9
2026-02-27T00:57:00.158Z [ODDS]  CD Platense: 20/1 → 22/1, Draw: 10/3 → 7/2, Lobos UPNFM: 2/9 → 2/11
2026-02-27T00:57:09.178Z [ODDS]  Draw: 7/2 → 10/3, Lobos UPNFM: 2/11 → 1/5
2026-02-27T00:57:09.629Z [ODDS]  Draw: 10/3 → 7/2
2026-02-27T00:57:15.493Z [ODDS]  Lobos UPNFM: 1/5 → 2/11
2026-02-27T00:57:33.983Z [ODDS]  Lobos UPNFM: 2/11 → 1/5
2026-02-27T00:57:40.297Z [ODDS]  Lobos UPNFM: 1/5 → 2/11
2026-02-27T00:58:03.298Z [ODDS]  CD Platense: 22/1 → 25/1, Draw: 7/2 → 15/4, Lobos UPNFM: 2/11 → 1/6
2026-02-27T00:58:38.025Z [ODDS]  CD Platense: 25/1 → 22/1, Draw: 15/4 → 7/2, Lobos UPNFM: 1/6 → 2/11
2026-02-27T00:58:51.556Z [ODDS]  CD Platense: 22/1 → 25/1
2026-02-27T00:59:04.637Z [ODDS]  Draw: 7/2 → 15/4
2026-02-27T00:59:11.853Z [ODDS]  Lobos UPNFM: 2/11 → 1/6
2026-02-27T00:59:36.655Z [ODDS]  CD Platense: 25/1 → 28/1, Draw: 15/4 → 4/1
2026-02-27T01:00:07.778Z [ODDS]  Draw: 4/1 → 9/2, Lobos UPNFM: 1/6 → 1/7
2026-02-27T01:00:55.206Z [ODDS]  Draw: 9/2 → 4/1, Lobos UPNFM: 1/7 → 1/6
2026-02-27T01:01:05.053Z [ODDS]  CD Platense: 28/1 → 33/1, Draw: 4/1 → 11/2, Lobos UPNFM: 1/6 → 1/9
2026-02-27T01:02:05.943Z [ODDS]  CD Platense: 33/1 → 40/1, Draw: 11/2 → 6/1, Lobos UPNFM: 1/9 → 1/10
2026-02-27T01:02:40.215Z [ODDS]  CD Platense: 40/1 → 50/1, Draw: 6/1 → 8/1, Lobos UPNFM: 1/10 → 1/14
2026-02-27T01:02:52.392Z [ODDS]  CD Platense: 50/1 → 40/1, Draw: 8/1 → 7/1, Lobos UPNFM: 1/14 → 1/12
2026-02-27T01:03:17.655Z [ODDS]  CD Platense: 40/1 → 50/1, Draw: 7/1 → 9/1, Lobos UPNFM: 1/12 → 1/16
2026-02-27T01:03:44.259Z [ODDS]  Draw: 9/1 → 10/1, Lobos UPNFM: 1/16 → 1/20
2026-02-27T01:03:51.476Z [ODDS]  CD Platense: 50/1 → 66/1
2026-02-27T01:04:09.066Z [ODDS]  Draw: 10/1 → 12/1, Lobos UPNFM: 1/20 → 1/25
2026-02-27T01:04:56.420Z [ODDS]  CD Platense: 66/1 → 80/1, Draw: 12/1 → 14/1, Lobos UPNFM: 1/25 → 1/33
2026-02-27T01:05:18.068Z [ODDS]  Draw: 14/1 → 16/1, Lobos UPNFM: 1/33 → 1/40
2026-02-27T01:05:40.618Z [ODDS]  CD Platense: 80/1 → 100/1, Draw: 16/1 → 18/1, Lobos UPNFM: 1/40 → 1/50
2026-02-27T01:06:11.287Z [ODDS]  CD Platense: 100/1 → 125/1, Draw: 18/1 → 22/1, Lobos UPNFM: 1/50 → 1/80
