2026-02-26T19:48:13.512Z [ODDS]  Al Hamriyah: 9/1 → 15/2, Draw: 2/5 → 1/7, Al Arabi Umm Al Quwain: 12/5 → 7/1
2026-02-26T19:48:13.512Z [EVENT]  score: 2-2
2026-02-26T19:48:44.627Z [ODDS]  Al Hamriyah: 15/2 → 9/1, Draw: 1/7 → 1/11, Al Arabi Umm Al Quwain: 7/1 → 17/2
2026-02-26T19:49:17.100Z [ODDS]  Draw: 1/11 → 1/12, Al Arabi Umm Al Quwain: 17/2 → 9/1
2026-02-26T19:49:26.114Z [ODDS]  Al Hamriyah: 9/1 → 10/1, Draw: 1/12 → 1/14
2026-02-26T19:49:27.474Z [ODDS]  Draw: 1/14 → 1/10, Al Arabi Umm Al Quwain: 9/1 → 8/1
2026-02-26T19:49:30.630Z [ODDS]  Draw: 1/10 → 1/11
2026-02-26T19:49:39.192Z [ODDS]  Draw: 1/11 → 1/14, Al Arabi Umm Al Quwain: 8/1 → 9/1
2026-02-26T19:49:55.436Z [ODDS]  Al Arabi Umm Al Quwain: 9/1 → 10/1
2026-02-26T19:49:59.488Z [ODDS]  Draw: 1/14 → 1/16
2026-02-26T19:50:28.809Z [ODDS]  Draw: 1/16 → 1/18
2026-02-26T19:50:47.299Z [ODDS]  Al Hamriyah: 10/1 → 11/1
2026-02-26T19:50:56.314Z [ODDS]  Draw: 1/18 → 1/20
2026-02-26T19:51:15.712Z [ODDS]  Draw: 1/20 → 1/22, Al Arabi Umm Al Quwain: 10/1 → 11/1
2026-02-26T19:51:17.515Z [ODDS]  Al Hamriyah: 11/1 → 9/1, Draw: 1/22 → 1/18
2026-02-26T19:51:21.572Z [ODDS]  Al Hamriyah: 9/1 → 11/1, Draw: 1/18 → 1/22
2026-02-26T19:51:45.925Z [ODDS]  Al Hamriyah: 11/1 → 12/1, Draw: 1/22 → 1/25, Al Arabi Umm Al Quwain: 11/1 → 12/1
2026-02-26T19:51:49.087Z [ODDS]  Draw: 1/25 → 1/28
2026-02-26T19:52:11.642Z [ODDS]  Al Hamriyah: 12/1 → 14/1, Draw: 1/28 → 1/33, Al Arabi Umm Al Quwain: 12/1 → 14/1
2026-02-26T19:52:39.601Z [ODDS]  Al Hamriyah: 14/1 → 16/1, Draw: 1/33 → 1/40, Al Arabi Umm Al Quwain: 14/1 → 16/1
2026-02-26T19:52:50.424Z [ODDS]  Al Hamriyah: 16/1 → 18/1, Draw: 1/40 → 1/50, Al Arabi Umm Al Quwain: 16/1 → 18/1
2026-02-26T19:53:05.766Z [ODDS]  Al Hamriyah: 18/1 → 16/1, Draw: 1/50 → 1/33, Al Arabi Umm Al Quwain: 18/1 → 14/1
2026-02-26T19:53:10.268Z [ODDS]  Al Hamriyah: 16/1 → 20/1, Draw: 1/33 → 1/66, Al Arabi Umm Al Quwain: 14/1 → 20/1
2026-02-26T19:53:21.619Z [ODDS]  Al Hamriyah: 20/1 → 22/1, Draw: 1/66 → 1/80, Al Arabi Umm Al Quwain: 20/1 → 22/1
