2026-02-26T23:08:18.533Z [ODDS]  Draw: 3/1 → 10/3
2026-02-26T23:08:19.013Z [ODDS]  Draw: 10/3 → 3/1
2026-02-26T23:10:18.499Z [ODDS]  Academia Costa Del Este: 8/13 → 4/6
2026-02-26T23:10:41.050Z [ODDS]  Academia Costa Del Este: 4/6 → 8/13
2026-02-26T23:11:59.530Z [ODDS]  Academia Costa Del Este: 8/13 → 4/6
2026-02-26T23:14:35.125Z [ODDS]  Academia Costa Del Este: 4/6 → 8/13, Alianza FC Panama Reserves: 10/3 → 7/2
2026-02-26T23:14:57.676Z [ODDS]  Academia Costa Del Este: 8/13 → 4/6, Alianza FC Panama Reserves: 7/2 → 10/3
2026-02-26T23:17:16.583Z [ODDS]  Draw: 3/1 → 11/4
2026-02-26T23:22:36.345Z [ODDS]  Academia Costa Del Este: 4/6 → 8/11
2026-02-26T23:25:30.889Z [ODDS]  Draw: 11/4 → 13/5
2026-02-26T23:26:39.127Z [ODDS]  Academia Costa Del Este: 8/11 → 4/5, Draw: 13/5 → 5/2, Alianza FC Panama Reserves: 10/3 → 3/1
2026-02-26T23:26:40.341Z [ODDS]  Academia Costa Del Este: 4/5 → 8/11
2026-02-26T23:27:11.912Z [ODDS]  Academia Costa Del Este: 8/11 → 4/5
2026-02-26T23:29:53.369Z [ODDS]  Academia Costa Del Este: 4/5 → 5/6
2026-02-26T23:30:14.124Z [ODDS]  Draw: 5/2 → 12/5
2026-02-26T23:32:38.437Z [ODDS]  Academia Costa Del Este: 5/6 → 10/11, Draw: 12/5 → 9/4
2026-02-26T23:32:41.595Z [ODDS]  Academia Costa Del Este: 10/11 → 5/6, Draw: 9/4 → 12/5
2026-02-26T23:32:47.908Z [ODDS]  Academia Costa Del Este: 5/6 → 10/11, Draw: 12/5 → 9/4
2026-02-26T23:34:20.364Z [ODDS]  Academia Costa Del Este: 10/11 → 5/6
2026-02-26T23:35:02.759Z [ODDS]  Academia Costa Del Este: 5/6 → 10/11
2026-02-26T23:35:23.061Z [ODDS]  Academia Costa Del Este: 10/11 → 5/6
2026-02-26T23:36:52.355Z [ODDS]  Academia Costa Del Este: 5/6 → 10/11
2026-02-26T23:37:23.925Z [ODDS]  Academia Costa Del Este: 10/11 → 5/6
2026-02-26T23:37:38.806Z [ODDS]  Draw: 9/4 → 11/5
2026-02-26T23:38:01.356Z [ODDS]  Alianza FC Panama Reserves: 3/1 → 10/3
2026-02-26T23:39:16.153Z [ODDS]  Academia Costa Del Este: 5/6 → 10/11, Alianza FC Panama Reserves: 10/3 → 3/1
2026-02-26T23:40:30.106Z [ODDS]  Academia Costa Del Este: 10/11 → 5/6, Draw: 11/5 → 21/10, Alianza FC Panama Reserves: 3/1 → 10/3
2026-02-26T23:40:33.715Z [ODDS]  Academia Costa Del Este: 5/6 → 10/11
2026-02-26T23:42:47.210Z [ODDS]  Draw: 21/10 → 2/1
2026-02-26T23:43:53.508Z [ODDS]  Academia Costa Del Este: 10/11 → 20/21, Alianza FC Panama Reserves: 10/3 → 3/1
2026-02-26T23:45:02.509Z [ODDS]  Academia Costa Del Este: 20/21 → 1/1
2026-02-26T23:45:40.843Z [ODDS]  Academia Costa Del Este: 1/1 → 21/20, Draw: 2/1 → 15/8
2026-02-26T23:45:58.884Z [ODDS]  Academia Costa Del Este: 21/20 → 1/1
2026-02-26T23:46:53.003Z [ODDS]  Academia Costa Del Este: 1/1 → 21/20, Alianza FC Panama Reserves: 3/1 → 11/4
2026-02-26T23:47:04.279Z [ODDS]  Academia Costa Del Este: 21/20 → 11/10
2026-02-26T23:47:17.808Z [ODDS]  Academia Costa Del Este: 11/10 → 21/20, Alianza FC Panama Reserves: 11/4 → 3/1
2026-02-26T23:49:31.311Z [ODDS]  Academia Costa Del Este: 21/20 → 11/10
2026-02-26T23:49:42.586Z [ODDS]  Academia Costa Del Este: 11/10 → 21/20
2026-02-26T23:50:55.652Z [ODDS]  Academia Costa Del Este: 21/20 → 11/10, Alianza FC Panama Reserves: 3/1 → 11/4
2026-02-26T23:51:07.825Z [ODDS]  Alianza FC Panama Reserves: 11/4 → 3/1
2026-02-27T00:06:44.220Z [ODDS]  Alianza FC Panama Reserves: 3/1 → 11/4
2026-02-27T00:06:45.121Z [ODDS]  Alianza FC Panama Reserves: 11/4 → 3/1
2026-02-27T00:06:48.278Z [ODDS]  Alianza FC Panama Reserves: 3/1 → 11/4
2026-02-27T00:07:07.221Z [ODDS]  Draw: 15/8 → 7/4, Alianza FC Panama Reserves: 11/4 → 3/1
2026-02-27T00:07:14.436Z [ODDS]  Draw: 7/4 → 15/8, Alianza FC Panama Reserves: 3/1 → 11/4
2026-02-27T00:07:41.949Z [ODDS]  Draw: 15/8 → 7/4, Alianza FC Panama Reserves: 11/4 → 3/1
2026-02-27T00:07:44.203Z [ODDS]  Academia Costa Del Este: 11/10 → 21/20, Draw: 7/4 → 15/8
2026-02-27T00:08:05.402Z [ODDS]  Draw: 15/8 → 7/4
