2026-02-27T03:08:37.528Z [ODDS]  Newcastle (Klaus): 8/13 → 4/7
2026-02-27T03:08:40.234Z [ODDS]  Chelsea (Jack): 5/1 → 11/2
2026-02-27T03:08:53.312Z [ODDS]  Draw: 21/10 → 11/5
2026-02-27T03:09:00.979Z [ODDS]  Draw: 11/5 → 21/10
2026-02-27T03:09:10.082Z [ODDS]  Draw: 21/10 → 11/5
2026-02-27T03:09:18.136Z [ODDS]  Chelsea (Jack): 11/2 → 6/1, Newcastle (Klaus): 4/7 → 8/15
2026-02-27T03:09:19.927Z [ODDS]  Chelsea (Jack): 6/1 → 11/2, Newcastle (Klaus): 8/15 → 4/7
2026-02-27T03:09:23.082Z [ODDS]  Chelsea (Jack): 11/2 → 6/1, Newcastle (Klaus): 4/7 → 8/15
2026-02-27T03:09:44.284Z [ODDS]  Chelsea (Jack): 6/1 → 13/2
2026-02-27T03:09:48.340Z [ODDS]  Newcastle (Klaus): 8/15 → 1/2
2026-02-27T03:10:04.574Z [ODDS]  Chelsea (Jack): 13/2 → 7/1
2026-02-27T03:10:14.147Z [ODDS]  Newcastle (Klaus): 1/2 → 4/9
2026-02-27T03:10:25.423Z [ODDS]  Chelsea (Jack): 7/1 → 15/2
2026-02-27T03:10:37.148Z [ODDS]  Chelsea (Jack): 15/2 → 8/1, Draw: 11/5 → 9/4
2026-02-27T03:10:41.658Z [ODDS]  Newcastle (Klaus): 4/9 → 2/5
2026-02-27T03:10:47.521Z [ODDS]  Chelsea (Jack): 8/1 → 17/2
2026-02-27T03:10:57.894Z [ODDS]  Chelsea (Jack): 17/2 → 9/1
2026-02-27T03:11:01.952Z [ODDS]  Newcastle (Klaus): 2/5 → 4/11
2026-02-27T03:11:02.857Z [ODDS]  Draw: 9/4 → 12/5
2026-02-27T03:11:13.230Z [ODDS]  Chelsea (Jack): 9/1 → 10/1
2026-02-27T03:11:18.205Z [ODDS]  Newcastle (Klaus): 4/11 → 1/3, Chelsea (Jack): 10/1 → 22/1, Draw: 12/5 → 12/1, Newcastle (Klaus): 1/3 → 1/25
2026-02-27T03:11:18.205Z [EVENT]  score: 3-1
2026-02-27T03:11:18.207Z [ODDS]  Newcastle (Klaus): 1/25 → 1/3, Newcastle (Klaus): 1/3 → 1/25
2026-02-27T03:11:29.916Z [ODDS]  Chelsea (Jack): 22/1 → 25/1
2026-02-27T03:11:44.349Z [ODDS]  Newcastle (Klaus): 1/25 → 1/28
2026-02-27T03:11:52.916Z [ODDS]  Draw: 12/1 → 14/1, Newcastle (Klaus): 1/28 → 1/33
2026-02-27T03:12:00.583Z [ODDS]  Chelsea (Jack): 25/1 → 28/1
2026-02-27T03:12:08.252Z [ODDS]  Draw: 14/1 → 16/1, Newcastle (Klaus): 1/33 → 1/40
2026-02-27T03:12:24.939Z [ODDS]  Draw: 16/1 → 18/1, Newcastle (Klaus): 1/40 → 1/50
2026-02-27T03:12:33.958Z [ODDS]  Chelsea (Jack): 28/1 → 33/1
2026-02-27T03:12:41.624Z [ODDS]  Draw: 18/1 → 20/1, Newcastle (Klaus): 1/50 → 1/66
2026-02-27T03:12:48.389Z [ODDS]  Chelsea (Jack): 33/1 → 40/1, Draw: 20/1 → 22/1, Newcastle (Klaus): 1/66 → 1/80
2026-02-27T03:12:50.207Z [ODDS]  Draw: 22/1 → 25/1, Newcastle (Klaus): 1/80 → 1/100
2026-02-27T03:12:56.509Z [ODDS]  Newcastle (Klaus): 1/100 → 1/125
2026-02-27T03:13:05.076Z [ODDS]  Chelsea (Jack): 40/1 → 50/1, Draw: 25/1 → 28/1, Newcastle (Klaus): 1/125 → 1/150
2026-02-27T03:13:07.333Z [ODDS]  Draw: 28/1 → 33/1, Newcastle (Klaus): 1/150 → 1/200
2026-02-27T03:13:13.195Z [ODDS]  Draw: 33/1 → 40/1, Newcastle (Klaus): 1/200 → 1/250
2026-02-27T03:13:14.097Z [ODDS]  Chelsea (Jack): 50/1 → 66/1
