2026-02-26T20:50:05.733Z [ODDS]  Arsenal (noeN): 5/1 → 11/2
2026-02-26T20:50:26.481Z [ODDS]  Liverpool (V1nx7): 4/9 → 2/5
2026-02-26T20:50:36.401Z [ODDS]  Arsenal (noeN): 11/2 → 6/1
2026-02-26T20:50:37.754Z [ODDS]  Liverpool (V1nx7): 2/5 → 7/5, Draw: 3/1 → 7/4, Arsenal (noeN): 6/1 → 2/1
2026-02-26T20:50:37.754Z [EVENT]  score: 1-1
2026-02-26T20:50:44.970Z [ODDS]  Draw: 7/4 → 15/8, Draw: 15/8 → 7/4
2026-02-26T20:50:44.970Z [ODDS]  Draw: 7/4 → 15/8, Draw: 15/8 → 7/4
2026-02-26T20:51:23.311Z [ODDS]  Liverpool (V1nx7): 7/5 → 6/4, Draw: 7/4 → 13/8
2026-02-26T20:51:33.692Z [ODDS]  Draw: 13/8 → 8/5, Arsenal (noeN): 2/1 → 21/10
2026-02-26T20:51:43.600Z [ODDS]  Liverpool (V1nx7): 6/4 → 8/5, Draw: 8/5 → 6/4, Arsenal (noeN): 21/10 → 11/5
2026-02-26T20:51:53.974Z [ODDS]  Draw: 6/4 → 7/5
2026-02-26T20:52:04.350Z [ODDS]  Liverpool (V1nx7): 8/5 → 13/8, Draw: 7/5 → 13/10, Arsenal (noeN): 11/5 → 9/4
2026-02-26T20:52:14.273Z [ODDS]  Liverpool (V1nx7): 13/8 → 7/4, Draw: 13/10 → 5/4, Arsenal (noeN): 9/4 → 12/5
2026-02-26T20:52:16.540Z [ODDS]  Liverpool (V1nx7): 7/4 → 13/8, Draw: 5/4 → 13/10, Arsenal (noeN): 12/5 → 9/4
2026-02-26T20:52:26.451Z [ODDS]  Liverpool (V1nx7): 13/8 → 7/4, Draw: 13/10 → 6/5, Arsenal (noeN): 9/4 → 12/5
2026-02-26T20:52:36.833Z [ODDS]  Liverpool (V1nx7): 7/4 → 15/8, Draw: 6/5 → 11/10, Arsenal (noeN): 12/5 → 5/2
2026-02-26T20:52:47.205Z [ODDS]  Draw: 11/10 → 21/20, Arsenal (noeN): 5/2 → 13/5
2026-02-26T20:52:47.656Z [ODDS]  Draw: 21/20 → 11/10, Arsenal (noeN): 13/5 → 5/2
2026-02-26T20:52:49.910Z [ODDS]  Liverpool (V1nx7): 15/8 → 7/1, Draw: 11/10 → 12/5, Arsenal (noeN): 5/2 → 4/9
2026-02-26T20:52:49.910Z [EVENT]  score: 2-1
2026-02-26T20:52:59.833Z [ODDS]  Draw: 12/5 → 9/4
2026-02-26T20:53:10.207Z [ODDS]  Liverpool (V1nx7): 7/1 → 15/2, Draw: 9/4 → 12/5
2026-02-26T20:53:20.577Z [ODDS]  Liverpool (V1nx7): 15/2 → 8/1, Arsenal (noeN): 4/9 → 2/5
2026-02-26T20:53:30.952Z [ODDS]  Liverpool (V1nx7): 8/1 → 9/1, Arsenal (noeN): 2/5 → 4/11
2026-02-26T20:53:41.323Z [ODDS]  Liverpool (V1nx7): 9/1 → 10/1, Draw: 12/5 → 5/2, Arsenal (noeN): 4/11 → 1/3
2026-02-26T20:53:45.835Z [ODDS]  Liverpool (V1nx7): 10/1 → 13/5, Draw: 5/2 → 8/11, Arsenal (noeN): 1/3 → 3/1
2026-02-26T20:53:45.836Z [EVENT]  score: 2-2
2026-02-26T20:54:06.585Z [ODDS]  Liverpool (V1nx7): 13/5 → 11/4, Draw: 8/11 → 4/6, Arsenal (noeN): 3/1 → 10/3
2026-02-26T20:54:16.524Z [ODDS]  Draw: 4/6 → 4/7, Arsenal (noeN): 10/3 → 7/2
2026-02-26T20:55:14.237Z [EVENT]  score: 2-3
