2026-02-26T19:47:17.131Z [ODDS]  Ihud Tzeirey Abu Gosh: 4/5 → 8/11
2026-02-26T20:04:54.779Z [ODDS]  Ihud Tzeirey Abu Gosh: 8/11 → 4/5
2026-02-26T20:08:34.576Z [ODDS]  Draw: 15/8 → 7/4
2026-02-26T20:08:40.435Z [ODDS]  Draw: 7/4 → 15/8
2026-02-26T20:08:47.205Z [ODDS]  Draw: 15/8 → 7/4
2026-02-26T20:09:08.854Z [ODDS]  Ihud Tzeirey Abu Gosh: 4/5 → 5/6
2026-02-26T20:09:44.480Z [ODDS]  Ihud Tzeirey Abu Gosh: 5/6 → 4/5
2026-02-26T20:09:58.911Z [ODDS]  Ihud Tzeirey Abu Gosh: 4/5 → 5/6
2026-02-26T20:12:11.509Z [ODDS]  Maccabi Beer Sheva: 9/2 → 5/1, Draw: 7/4 → 13/8
2026-02-26T20:12:28.199Z [ODDS]  Draw: 13/8 → 7/4
2026-02-26T20:12:41.274Z [ODDS]  Ihud Tzeirey Abu Gosh: 5/6 → 4/5
2026-02-26T20:12:51.646Z [ODDS]  Ihud Tzeirey Abu Gosh: 4/5 → 5/6
2026-02-26T20:12:56.613Z [ODDS]  Draw: 7/4 → 13/8
2026-02-26T20:15:00.642Z [ODDS]  Ihud Tzeirey Abu Gosh: 5/6 → 4/5
2026-02-26T20:15:04.691Z [ODDS]  Ihud Tzeirey Abu Gosh: 4/5 → 5/6
2026-02-26T20:15:25.437Z [ODDS]  Draw: 13/8 → 8/5
2026-02-26T20:18:46.600Z [ODDS]  Draw: 8/5 → 6/4
2026-02-26T20:18:54.712Z [ODDS]  Draw: 6/4 → 8/5
2026-02-26T20:18:56.534Z [ODDS]  Maccabi Beer Sheva: 5/1 → 11/2, Draw: 8/5 → 6/4, Ihud Tzeirey Abu Gosh: 5/6 → 10/11
2026-02-26T20:19:03.783Z [ODDS]  Maccabi Beer Sheva: 11/2 → 5/1
2026-02-26T20:19:17.267Z [ODDS]  Maccabi Beer Sheva: 5/1 → 11/2
2026-02-26T20:19:18.166Z [ODDS]  Ihud Tzeirey Abu Gosh: 10/11 → 5/6
2026-02-26T20:19:37.110Z [ODDS]  Ihud Tzeirey Abu Gosh: 5/6 → 10/11
2026-02-26T20:19:48.835Z [ODDS]  Maccabi Beer Sheva: 11/2 → 5/1
2026-02-26T20:20:15.899Z [ODDS]  Maccabi Beer Sheva: 5/1 → 11/2
2026-02-26T20:20:32.655Z [ODDS]  Maccabi Beer Sheva: 11/2 → 5/1
2026-02-26T20:21:02.803Z [ODDS]  Maccabi Beer Sheva: 5/1 → 11/2
2026-02-26T20:21:18.133Z [ODDS]  Maccabi Beer Sheva: 11/2 → 5/1, Draw: 6/4 → 7/5, Ihud Tzeirey Abu Gosh: 10/11 → 20/21
2026-02-26T20:22:04.136Z [ODDS]  Maccabi Beer Sheva: 5/1 → 11/2, Ihud Tzeirey Abu Gosh: 20/21 → 10/11
2026-02-26T20:22:32.101Z [ODDS]  Ihud Tzeirey Abu Gosh: 10/11 → 20/21
2026-02-26T20:22:40.219Z [ODDS]  Draw: 7/5 → 11/8
2026-02-26T20:23:10.435Z [ODDS]  Maccabi Beer Sheva: 11/2 → 5/1, Ihud Tzeirey Abu Gosh: 20/21 → 1/1
2026-02-26T20:23:25.772Z [ODDS]  Maccabi Beer Sheva: 5/1 → 11/2, Ihud Tzeirey Abu Gosh: 1/1 → 20/21
2026-02-26T20:23:34.792Z [ODDS]  Draw: 11/8 → 13/10, Ihud Tzeirey Abu Gosh: 20/21 → 1/1
2026-02-26T20:24:19.438Z [ODDS]  Maccabi Beer Sheva: 11/2 → 5/1, Draw: 13/10 → 5/4, Ihud Tzeirey Abu Gosh: 1/1 → 21/20
2026-02-26T20:24:46.501Z [ODDS]  Draw: 5/4 → 13/10
2026-02-26T20:24:51.009Z [ODDS]  Draw: 13/10 → 5/4
2026-02-26T20:25:15.356Z [ODDS]  Ihud Tzeirey Abu Gosh: 21/20 → 11/10
2026-02-26T20:25:32.931Z [ODDS]  Maccabi Beer Sheva: 5/1 → 9/2
2026-02-26T20:25:45.565Z [ODDS]  Maccabi Beer Sheva: 9/2 → 5/1, Draw: 5/4 → 6/5
2026-02-26T20:25:52.331Z [ODDS]  Draw: 6/5 → 5/4
2026-02-26T20:26:01.797Z [ODDS]  Draw: 5/4 → 6/5
2026-02-26T20:26:02.259Z [ODDS]  Draw: 6/5 → 5/4, Ihud Tzeirey Abu Gosh: 11/10 → 21/20
2026-02-26T20:26:05.856Z [ODDS]  Draw: 5/4 → 6/5, Ihud Tzeirey Abu Gosh: 21/20 → 11/10
2026-02-26T20:26:30.213Z [ODDS]  Ihud Tzeirey Abu Gosh: 11/10 → 6/5
2026-02-26T20:26:32.922Z [ODDS]  Ihud Tzeirey Abu Gosh: 6/5 → 11/10
2026-02-26T20:27:02.234Z [ODDS]  Ihud Tzeirey Abu Gosh: 11/10 → 6/5
2026-02-26T20:27:09.457Z [ODDS]  Draw: 6/5 → 11/10
2026-02-26T20:27:54.562Z [ODDS]  Ihud Tzeirey Abu Gosh: 6/5 → 5/4
2026-02-26T20:27:56.811Z [ODDS]  Maccabi Beer Sheva: 5/1 → 9/2
2026-02-26T20:28:08.083Z [ODDS]  Maccabi Beer Sheva: 9/2 → 5/1
2026-02-26T20:28:48.669Z [ODDS]  Maccabi Beer Sheva: 5/1 → 9/2, Ihud Tzeirey Abu Gosh: 5/4 → 13/10
2026-02-26T20:29:23.851Z [ODDS]  Draw: 11/10 → 21/20
2026-02-26T20:29:24.299Z [ODDS]  Maccabi Beer Sheva: 9/2 → 5/1, Draw: 21/20 → 11/10, Ihud Tzeirey Abu Gosh: 13/10 → 5/4
2026-02-26T20:29:34.222Z [ODDS]  Ihud Tzeirey Abu Gosh: 5/4 → 13/10
2026-02-26T20:29:59.030Z [ODDS]  Draw: 11/10 → 21/20
2026-02-26T20:30:13.491Z [ODDS]  Draw: 21/20 → 1/1, Ihud Tzeirey Abu Gosh: 13/10 → 11/8
2026-02-26T20:31:06.684Z [ODDS]  Ihud Tzeirey Abu Gosh: 11/8 → 7/5
2026-02-26T20:31:27.877Z [ODDS]  Draw: 1/1 → 20/21
2026-02-26T20:31:28.329Z [ODDS]  Maccabi Beer Sheva: 5/1 → 9/2, Draw: 20/21 → 1/1
2026-02-26T20:31:30.590Z [ODDS]  Maccabi Beer Sheva: 9/2 → 5/1, Draw: 1/1 → 20/21
2026-02-26T20:32:32.369Z [ODDS]  Draw: 20/21 → 10/11, Ihud Tzeirey Abu Gosh: 7/5 → 6/4
2026-02-26T20:32:37.346Z [ODDS]  Draw: 10/11 → 20/21
2026-02-26T20:32:44.549Z [ODDS]  Draw: 20/21 → 10/11
2026-02-26T20:32:50.410Z [ODDS]  Maccabi Beer Sheva: 5/1 → 11/2, Draw: 10/11 → 20/21, Ihud Tzeirey Abu Gosh: 6/4 → 7/5
2026-02-26T20:33:13.867Z [ODDS]  Draw: 20/21 → 10/11
2026-02-26T20:33:32.811Z [ODDS]  Ihud Tzeirey Abu Gosh: 7/5 → 6/4
2026-02-26T20:33:50.400Z [ODDS]  Ihud Tzeirey Abu Gosh: 6/4 → 7/5
2026-02-26T20:33:55.810Z [ODDS]  Ihud Tzeirey Abu Gosh: 7/5 → 6/4
2026-02-26T20:34:04.377Z [ODDS]  Draw: 10/11 → 5/6
2026-02-26T20:35:07.066Z [ODDS]  Ihud Tzeirey Abu Gosh: 6/4 → 8/5
2026-02-26T20:35:10.678Z [ODDS]  Ihud Tzeirey Abu Gosh: 8/5 → 6/4
2026-02-26T20:35:20.605Z [ODDS]  Maccabi Beer Sheva: 11/2 → 5/1, Ihud Tzeirey Abu Gosh: 6/4 → 8/5
2026-02-26T20:35:21.951Z [ODDS]  Maccabi Beer Sheva: 5/1 → 11/2, Ihud Tzeirey Abu Gosh: 8/5 → 6/4
2026-02-26T20:35:41.799Z [ODDS]  Maccabi Beer Sheva: 11/2 → 6/1
2026-02-26T20:35:45.404Z [ODDS]  Draw: 5/6 → 4/5
2026-02-26T20:35:49.911Z [ODDS]  Ihud Tzeirey Abu Gosh: 6/4 → 8/5, Maccabi Beer Sheva: 6/1 → 11/2, Draw: 4/5 → 5/6
2026-02-26T20:36:21.943Z [ODDS]  Draw: 5/6 → 4/5, Ihud Tzeirey Abu Gosh: 8/5 → 13/8
2026-02-26T20:36:30.960Z [ODDS]  Maccabi Beer Sheva: 11/2 → 3/1, Draw: 4/5 → 4/6, Ihud Tzeirey Abu Gosh: 13/8 → 3/1
2026-02-26T20:36:42.681Z [ODDS]  Maccabi Beer Sheva: 3/1 → 10/3
2026-02-26T20:37:00.280Z [ODDS]  Maccabi Beer Sheva: 10/3 → 4/1, Ihud Tzeirey Abu Gosh: 3/1 → 13/5
2026-02-26T20:37:00.719Z [ODDS]  Maccabi Beer Sheva: 4/1 → 15/4, Draw: 4/6 → 8/11, Ihud Tzeirey Abu Gosh: 13/5 → 12/5
2026-02-26T20:37:25.977Z [ODDS]  Draw: 8/11 → 4/6
2026-02-26T20:37:45.370Z [ODDS]  Ihud Tzeirey Abu Gosh: 12/5 → 5/2
2026-02-26T20:38:36.937Z [ODDS]  Ihud Tzeirey Abu Gosh: 5/2 → 13/5
2026-02-26T20:39:20.226Z [ODDS]  Draw: 4/6 → 8/13, Ihud Tzeirey Abu Gosh: 13/5 → 11/4
2026-02-26T20:40:08.485Z [ODDS]  Maccabi Beer Sheva: 15/4 → 4/1
2026-02-26T20:40:20.662Z [ODDS]  Ihud Tzeirey Abu Gosh: 11/4 → 13/5
2026-02-26T20:40:35.099Z [ODDS]  Ihud Tzeirey Abu Gosh: 13/5 → 11/4
2026-02-26T20:40:39.605Z [ODDS]  Draw: 8/13 → 4/7
2026-02-26T20:40:47.272Z [ODDS]  Ihud Tzeirey Abu Gosh: 11/4 → 3/1
2026-02-26T20:41:36.430Z [ODDS]  Draw: 4/7 → 8/15
2026-02-26T20:41:43.195Z [ODDS]  Maccabi Beer Sheva: 4/1 → 9/2
2026-02-26T20:41:53.570Z [ODDS]  Maccabi Beer Sheva: 9/2 → 4/1
2026-02-26T20:42:10.257Z [ODDS]  Maccabi Beer Sheva: 4/1 → 9/2, Draw: 8/15 → 1/2
2026-02-26T20:42:19.275Z [ODDS]  Maccabi Beer Sheva: 9/2 → 4/1, Draw: 1/2 → 8/15, Ihud Tzeirey Abu Gosh: 3/1 → 10/3
2026-02-26T20:42:42.727Z [ODDS]  Maccabi Beer Sheva: 4/1 → 9/2, Draw: 8/15 → 1/2
2026-02-26T20:43:02.126Z [ODDS]  Maccabi Beer Sheva: 9/2 → 4/1, Ihud Tzeirey Abu Gosh: 10/3 → 7/2
2026-02-26T20:43:24.221Z [ODDS]  Maccabi Beer Sheva: 4/1 → 15/4, Draw: 1/2 → 4/9, Ihud Tzeirey Abu Gosh: 7/2 → 15/4
2026-02-26T20:43:26.025Z [ODDS]  Maccabi Beer Sheva: 15/4 → 4/1, Draw: 4/9 → 1/2
2026-02-26T20:43:31.437Z [ODDS]  Draw: 1/2 → 4/9, Ihud Tzeirey Abu Gosh: 15/4 → 4/1
2026-02-26T20:44:57.128Z [ODDS]  Draw: 4/9 → 2/5
2026-02-26T20:45:26.445Z [ODDS]  Maccabi Beer Sheva: 4/1 → 9/2, Ihud Tzeirey Abu Gosh: 4/1 → 9/2
2026-02-26T20:45:36.364Z [ODDS]  Maccabi Beer Sheva: 9/2 → 4/1, Ihud Tzeirey Abu Gosh: 9/2 → 4/1
2026-02-26T20:45:47.194Z [ODDS]  Maccabi Beer Sheva: 4/1 → 9/2, Ihud Tzeirey Abu Gosh: 4/1 → 9/2
2026-02-26T20:46:34.100Z [ODDS]  Draw: 2/5 → 4/11
2026-02-26T20:47:45.356Z [ODDS]  Maccabi Beer Sheva: 9/2 → 5/1, Draw: 4/11 → 1/3, Ihud Tzeirey Abu Gosh: 9/2 → 5/1
2026-02-26T20:48:02.136Z [ODDS]  Draw: 1/3 → 3/10, Maccabi Beer Sheva: 5/1 → 9/2, Draw: 3/10 → 1/3, Ihud Tzeirey Abu Gosh: 5/1 → 11/2
2026-02-26T20:48:02.136Z [ODDS]  Draw: 1/3 → 3/10, Draw: 3/10 → 1/3
2026-02-26T20:48:05.295Z [ODDS]  Maccabi Beer Sheva: 9/2 → 5/1, Draw: 1/3 → 3/10, Ihud Tzeirey Abu Gosh: 11/2 → 5/1
2026-02-26T20:48:26.492Z [ODDS]  Maccabi Beer Sheva: 5/1 → 11/2, Draw: 3/10 → 2/7, Ihud Tzeirey Abu Gosh: 5/1 → 11/2
2026-02-26T20:48:28.745Z [ODDS]  Maccabi Beer Sheva: 11/2 → 5/1, Draw: 2/7 → 3/10, Ihud Tzeirey Abu Gosh: 11/2 → 5/1
2026-02-26T20:48:44.084Z [ODDS]  Maccabi Beer Sheva: 5/1 → 11/2, Ihud Tzeirey Abu Gosh: 5/1 → 11/2
2026-02-26T20:48:46.353Z [ODDS]  Draw: 3/10 → 2/7
2026-02-26T20:49:15.721Z [ODDS]  Draw: 2/7 → 1/4
2026-02-26T20:49:40.006Z [ODDS]  Maccabi Beer Sheva: 11/2 → 6/1, Ihud Tzeirey Abu Gosh: 11/2 → 6/1
2026-02-26T20:49:48.126Z [ODDS]  Draw: 1/4 → 2/9
2026-02-26T20:50:17.013Z [ODDS]  Maccabi Beer Sheva: 6/1 → 13/2, Draw: 2/9 → 1/5, Ihud Tzeirey Abu Gosh: 6/1 → 13/2
2026-02-26T20:50:44.970Z [ODDS]  Maccabi Beer Sheva: 13/2 → 7/1, Draw: 1/5 → 1/6, Ihud Tzeirey Abu Gosh: 13/2 → 7/1
2026-02-26T20:51:12.481Z [ODDS]  Maccabi Beer Sheva: 7/1 → 15/2, Draw: 1/6 → 1/7, Ihud Tzeirey Abu Gosh: 7/1 → 15/2
2026-02-26T20:51:27.817Z [ODDS]  Draw: 1/7 → 1/8
2026-02-26T20:51:31.424Z [ODDS]  Ihud Tzeirey Abu Gosh: 15/2 → 8/1
2026-02-26T20:51:49.466Z [ODDS]  Maccabi Beer Sheva: 15/2 → 8/1, Draw: 1/8 → 1/9
2026-02-26T20:51:55.329Z [ODDS]  Maccabi Beer Sheva: 8/1 → 17/2, Draw: 1/9 → 1/10, Ihud Tzeirey Abu Gosh: 8/1 → 17/2
2026-02-26T20:51:58.484Z [ODDS]  Draw: 1/10 → 1/8, Ihud Tzeirey Abu Gosh: 17/2 → 15/2
2026-02-26T20:52:01.194Z [ODDS]  Draw: 1/8 → 1/10, Ihud Tzeirey Abu Gosh: 15/2 → 17/2
2026-02-26T20:52:18.331Z [ODDS]  Maccabi Beer Sheva: 17/2 → 9/1, Draw: 1/10 → 1/12, Ihud Tzeirey Abu Gosh: 17/2 → 9/1
2026-02-26T20:52:29.169Z [ODDS]  Maccabi Beer Sheva: 9/1 → 10/1, Draw: 1/12 → 1/11, Ihud Tzeirey Abu Gosh: 9/1 → 8/1
