2026-02-26T02:49:59.745Z  (serving: Ajeet Rai) game: 40-40
2026-02-26T02:50:14.633Z  (serving: Ajeet Rai) game: A-40
2026-02-26T02:50:44.846Z  (serving: Thomas Fancutt) sets: 4-6,1-0, game: 0-0, serving: P2
2026-02-26T02:52:25.062Z  (serving: Thomas Fancutt) game: 15-0
2026-02-26T02:52:41.761Z  (serving: Thomas Fancutt) game: 15-15
2026-02-26T02:53:13.778Z  (serving: Thomas Fancutt) game: 15-30
2026-02-26T02:53:45.793Z  (serving: Thomas Fancutt) game: 15-40
2026-02-26T02:53:46.244Z  (serving: Ajeet Rai) sets: 4-6,1-1, game: 0-0, serving: P1
2026-02-26T02:54:05.193Z  (serving: Thomas Fancutt) sets: 4-6,1-0, game: 15-40, serving: P2
2026-02-26T02:54:48.036Z  (serving: Thomas Fancutt) game: 30-40
2026-02-26T02:54:49.382Z  (serving: Thomas Fancutt) game: 40-40
2026-02-26T02:55:32.678Z  (serving: Thomas Fancutt) game: 40-A
2026-02-26T02:56:09.209Z  (serving: Ajeet Rai) sets: 4-6,1-1, game: 0-0, serving: P1
2026-02-26T02:56:53.865Z  (serving: Ajeet Rai) game: 0-15
2026-02-26T02:56:55.666Z  (serving: Ajeet Rai) game: 0-30
2026-02-26T02:57:20.478Z  (serving: Ajeet Rai) game: 15-30
2026-02-26T02:57:47.115Z  (serving: Ajeet Rai) game: 30-30
2026-02-26T02:58:22.261Z  (serving: Ajeet Rai) game: 40-30
2026-02-26T02:59:43.436Z  (serving: Ajeet Rai) game: 40-40
2026-02-26T02:59:44.337Z  (serving: Ajeet Rai) game: A-40
2026-02-26T03:00:09.592Z  (serving: Thomas Fancutt) sets: 4-6,2-1, game: 0-0, serving: P2
2026-02-26T03:01:51.526Z  (serving: Thomas Fancutt) game: 15-0
2026-02-26T03:02:29.855Z  (serving: Thomas Fancutt) game: 30-0
2026-02-26T03:03:19.020Z  (serving: Thomas Fancutt) game: 40-0
2026-02-26T03:04:05.030Z  (serving: Ajeet Rai) sets: 4-6,3-1, game: 0-0, serving: P1
2026-02-26T03:04:50.145Z  (serving: Ajeet Rai) game: 15-0
2026-02-26T03:05:16.293Z  (serving: Ajeet Rai) game: 30-0
2026-02-26T03:05:55.137Z  (serving: Ajeet Rai) game: 40-0
2026-02-26T03:06:26.708Z  (serving: Thomas Fancutt) sets: 4-6,4-1, game: 0-0, serving: P2
2026-02-26T03:08:11.796Z  (serving: Thomas Fancutt) game: 0-15
2026-02-26T03:08:30.739Z  (serving: Thomas Fancutt) game: 0-30
2026-02-26T03:09:51.540Z  (serving: Thomas Fancutt) game: 15-30
2026-02-26T03:09:52.834Z  (serving: Thomas Fancutt) game: 30-30
2026-02-26T03:09:53.720Z  (serving: Thomas Fancutt) game: 40-30
2026-02-26T03:10:46.938Z  (serving: Ajeet Rai) sets: 4-6,5-1, game: 0-0, serving: P1
2026-02-26T03:11:41.074Z  (serving: Ajeet Rai) game: 15-0
2026-02-26T03:12:02.259Z  (serving: Ajeet Rai) game: 15-15
2026-02-26T03:12:23.909Z  (serving: Ajeet Rai) game: 30-15
2026-02-26T03:12:54.129Z  (serving: Ajeet Rai) game: 30-30
2026-02-26T03:13:10.360Z  (serving: Ajeet Rai) game: 40-30
2026-02-26T03:13:33.365Z  (serving: Thomas Fancutt) sets: 4-6,6-1,0-0, game: 0-0, serving: P2
2026-02-26T03:19:28.759Z  (serving: Thomas Fancutt) game: 15-0
2026-02-26T03:19:32.816Z  (serving: Thomas Fancutt) game: 15-15
2026-02-26T03:19:57.168Z  (serving: Thomas Fancutt) game: 15-30
2026-02-26T03:20:32.798Z  (serving: Thomas Fancutt) game: 30-30
2026-02-26T03:20:58.513Z  (serving: Thomas Fancutt) game: 30-40
2026-02-26T03:21:26.920Z  (serving: Thomas Fancutt) game: 40-40
2026-02-26T03:22:29.163Z  (serving: Thomas Fancutt) game: A-40
2026-02-26T03:23:12.465Z  (serving: Thomas Fancutt) game: 40-40
2026-02-26T03:24:19.660Z  (serving: Thomas Fancutt) game: 40-A
2026-02-26T03:24:58.455Z  (serving: Ajeet Rai) sets: 4-6,6-1,0-1, game: 0-0, serving: P1
2026-02-26T03:26:12.861Z  (serving: Ajeet Rai) game: 15-0
2026-02-26T03:26:41.723Z  (serving: Ajeet Rai) game: 15-15
2026-02-26T03:26:59.326Z  (serving: Ajeet Rai) game: 30-15
2026-02-26T03:27:32.697Z  (serving: Ajeet Rai) game: 40-15
2026-02-26T03:28:05.617Z  (serving: Thomas Fancutt) sets: 4-6,6-1,1-1, game: 0-0, serving: P2
2026-02-26T03:28:55.675Z  (serving: Thomas Fancutt) game: 0-15
2026-02-26T03:29:25.890Z  (serving: Thomas Fancutt) game: 0-30
2026-02-26T03:30:01.560Z  (serving: Thomas Fancutt) game: 15-30
2026-02-26T03:30:41.221Z  (serving: Thomas Fancutt) game: 15-40
2026-02-26T03:32:34.807Z  (serving: Ajeet Rai) sets: 4-6,6-1,1-2, game: 0-0, serving: P1
2026-02-26T03:32:51.952Z  (serving: Ajeet Rai) game: 15-0
2026-02-26T03:33:58.253Z  (serving: Ajeet Rai) game: 15-15
2026-02-26T03:34:22.605Z  (serving: Ajeet Rai) game: 30-15
2026-02-26T03:36:01.815Z  (serving: Ajeet Rai) game: 40-15
2026-02-26T03:36:03.618Z  (serving: Thomas Fancutt) sets: 4-6,6-1,2-2, game: 0-0, serving: P2
2026-02-26T03:36:10.385Z  (serving: Thomas Fancutt) game: 0-15
2026-02-26T03:36:50.975Z  (serving: Thomas Fancutt) game: 15-15
2026-02-26T03:37:35.179Z  (serving: Thomas Fancutt) game: 15-30
2026-02-26T03:40:26.112Z  (serving: Thomas Fancutt) game: 30-30
2026-02-26T03:40:28.811Z  (serving: Thomas Fancutt) game: 30-40
2026-02-26T03:40:30.610Z  (serving: Thomas Fancutt) game: 40-40
2026-02-26T03:40:57.688Z  (serving: Thomas Fancutt) game: A-40
2026-02-26T03:41:40.517Z  (serving: Thomas Fancutt) game: 40-40
2026-02-26T03:41:43.223Z  (serving: Thomas Fancutt) game: A-40
2026-02-26T03:42:31.126Z  (serving: Ajeet Rai) sets: 4-6,6-1,3-2, game: 0-0, serving: P1
2026-02-26T03:43:56.371Z  (serving: Ajeet Rai) game: 0-15
2026-02-26T03:44:30.192Z  (serving: Ajeet Rai) game: 15-15
2026-02-26T03:45:11.232Z  (serving: Ajeet Rai) game: 30-15
2026-02-26T03:45:49.122Z  (serving: Ajeet Rai) game: 40-15
2026-02-26T03:46:27.003Z  (serving: Ajeet Rai) game: 40-30
2026-02-26T03:46:55.419Z  (serving: Thomas Fancutt) sets: 4-6,6-1,4-2, game: 0-0, serving: P2
2026-02-26T03:47:44.119Z  (serving: Thomas Fancutt) game: 15-0
2026-02-26T03:48:34.179Z  (serving: Thomas Fancutt) game: 15-15
2026-02-26T03:49:12.966Z  (serving: Thomas Fancutt) game: 30-15
2026-02-26T03:49:49.961Z  (serving: Thomas Fancutt) game: 30-30
2026-02-26T03:50:16.563Z  (serving: Thomas Fancutt) game: 30-40
2026-02-26T03:50:40.018Z  (serving: Thomas Fancutt) game: 40-40
2026-02-26T03:51:18.352Z  (serving: Thomas Fancutt) game: 40-A
2026-02-26T03:51:42.706Z  (serving: Ajeet Rai) sets: 4-6,6-1,4-3, game: 0-0, serving: P1
2026-02-26T03:53:39.516Z  (serving: Ajeet Rai) game: 15-0
2026-02-26T03:54:25.519Z  (serving: Ajeet Rai) game: 15-15
2026-02-26T03:54:50.331Z  (serving: Ajeet Rai) game: 30-15
2026-02-26T03:55:20.993Z  (serving: Ajeet Rai) game: 40-15
2026-02-26T03:56:12.861Z  (serving: Thomas Fancutt) sets: 4-6,6-1,5-3, game: 0-0, serving: P2
2026-02-26T03:56:51.198Z  (serving: Thomas Fancutt) game: 0-15
2026-02-26T03:57:18.709Z  (serving: Thomas Fancutt) game: 0-30
2026-02-26T03:57:38.544Z  (serving: Thomas Fancutt) game: 0-40
2026-02-26T03:58:06.507Z  (serving: Ajeet Rai) sets: 4-6,6-1,5-4, game: 0-0, serving: P1
2026-02-26T03:59:48.433Z  (serving: Ajeet Rai) game: 15-0
2026-02-26T04:00:29.494Z  (serving: Ajeet Rai) game: 30-0
2026-02-26T04:00:30.376Z  (serving: Ajeet Rai) game: 30-15
2026-02-26T04:00:53.828Z  (serving: Ajeet Rai) game: 40-15
2026-02-26T04:01:30.808Z  (serving: Ajeet Rai) game: 40-30
2026-02-26T04:02:06.469Z  (serving: Ajeet Rai) sets: 4-6,6-1,6-4, game: 0-0
