2026-02-26T07:09:44.242Z  (serving: Alame/Ivanov) game: 15-30
2026-02-26T07:10:18.516Z  (serving: Alame/Ivanov) game: 15-40
2026-02-26T07:11:13.091Z  (serving: Da Silva Fick/Mcgiffin) sets: 2-2, game: 0-0, serving: P2
2026-02-26T07:12:12.621Z  (serving: Da Silva Fick/Mcgiffin) game: 0-15
2026-02-26T07:12:59.524Z  (serving: Da Silva Fick/Mcgiffin) game: 15-15
2026-02-26T07:13:24.780Z  (serving: Da Silva Fick/Mcgiffin) game: 15-30
2026-02-26T07:14:02.668Z  (serving: Da Silva Fick/Mcgiffin) game: 30-30
2026-02-26T07:14:49.570Z  (serving: Da Silva Fick/Mcgiffin) game: 30-40
2026-02-26T07:15:40.534Z  (serving: Alame/Ivanov) sets: 2-3, game: 0-0, serving: P1
2026-02-26T07:17:21.560Z  (serving: Alame/Ivanov) game: 0-15
2026-02-26T07:18:04.403Z  (serving: Alame/Ivanov) game: 15-15
2026-02-26T07:18:48.150Z  (serving: Alame/Ivanov) game: 30-15
2026-02-26T07:19:22.883Z  (serving: Alame/Ivanov) game: 40-15
2026-02-26T07:20:00.312Z  (serving: Da Silva Fick/Mcgiffin) sets: 3-3, game: 0-0, serving: P2
2026-02-26T07:20:51.726Z  (serving: Da Silva Fick/Mcgiffin) game: 15-0
2026-02-26T07:21:28.259Z  (serving: Da Silva Fick/Mcgiffin) game: 30-0
2026-02-26T07:21:59.376Z  (serving: Da Silva Fick/Mcgiffin) game: 30-15
2026-02-26T07:22:39.066Z  (serving: Da Silva Fick/Mcgiffin) game: 40-15
2026-02-26T07:23:10.184Z  (serving: Da Silva Fick/Mcgiffin) game: 40-30
2026-02-26T07:24:03.853Z  (serving: Da Silva Fick/Mcgiffin) game: 40-40
2026-02-26T07:24:48.502Z  (serving: Alame/Ivanov) sets: 3-4, game: 0-0, serving: P1
2026-02-26T07:26:23.217Z  (serving: Alame/Ivanov) game: 15-0
2026-02-26T07:27:02.901Z  (serving: Alame/Ivanov) game: 15-15
2026-02-26T07:27:34.928Z  (serving: Alame/Ivanov) game: 30-15
2026-02-26T07:28:02.438Z  (serving: Alame/Ivanov) game: 40-15
2026-02-26T07:28:52.497Z  (serving: Alame/Ivanov) game: 40-30
2026-02-26T07:29:33.987Z  (serving: Alame/Ivanov) game: 40-40
2026-02-26T07:30:27.655Z  (serving: Da Silva Fick/Mcgiffin) sets: 3-5, game: 0-0, serving: P2
2026-02-26T07:31:22.680Z  (serving: Da Silva Fick/Mcgiffin) game: 15-0
2026-02-26T07:33:12.722Z  (serving: Da Silva Fick/Mcgiffin) game: 30-0
2026-02-26T07:34:08.647Z  (serving: Da Silva Fick/Mcgiffin) game: 30-15
2026-02-26T07:34:51.946Z  (serving: Da Silva Fick/Mcgiffin) game: 40-15
2026-02-26T07:35:25.802Z  (serving: Alame/Ivanov) sets: 4-5, game: 0-0, serving: P1
2026-02-26T07:37:11.748Z  (serving: Alame/Ivanov) game: 15-0
2026-02-26T07:37:40.611Z  (serving: Alame/Ivanov) game: 15-15
2026-02-26T07:38:05.885Z  (serving: Alame/Ivanov) game: 30-15
2026-02-26T07:38:32.478Z  (serving: Alame/Ivanov) game: 40-15
2026-02-26T07:39:08.109Z  (serving: Alame/Ivanov) game: 40-30
2026-02-26T07:39:41.435Z  (serving: Da Silva Fick/Mcgiffin) sets: 5-5, game: 0-0, serving: P2
2026-02-26T07:41:26.972Z  (serving: Da Silva Fick/Mcgiffin) game: 15-0
2026-02-26T07:41:31.479Z  (serving: Da Silva Fick/Mcgiffin) game: 15-15
2026-02-26T07:41:33.284Z  (serving: Da Silva Fick/Mcgiffin) game: 30-15
2026-02-26T07:41:35.987Z  (serving: Da Silva Fick/Mcgiffin) game: 15-15
2026-02-26T07:42:54.466Z  (serving: Da Silva Fick/Mcgiffin) game: 15-30
2026-02-26T07:42:54.914Z  (serving: Da Silva Fick/Mcgiffin) game: 15-40
2026-02-26T07:43:11.604Z  (serving: Alame/Ivanov) sets: 5-6, game: 0-0, serving: P1
2026-02-26T07:46:36.809Z  (serving: Alame/Ivanov) game: 0-15
2026-02-26T07:46:39.061Z  (serving: Alame/Ivanov) game: 0-30
2026-02-26T07:46:47.632Z  (serving: Alame/Ivanov) game: 0-40
2026-02-26T07:53:52.024Z  (serving: Alame/Ivanov) game: 30-30
2026-02-26T07:54:21.790Z  (serving: Alame/Ivanov) game: 30-40
2026-02-26T07:55:33.952Z  (serving: Alame/Ivanov) game: 40-40
2026-02-26T07:55:59.657Z  (serving: Alame/Ivanov) sets: 5-7,0-1, game: 0-0
2026-02-26T07:56:17.250Z  (serving: Alame/Ivanov) game: 0-15
