2026-02-26T04:36:10.675Z  (serving: Chengyiyi Yuan) game: 0-30
2026-02-26T04:37:24.646Z  (serving: Chengyiyi Yuan) game: 15-30
2026-02-26T04:38:15.180Z  (serving: Chengyiyi Yuan) game: 15-40
2026-02-26T04:38:52.588Z  (serving: Alana Subasic) sets: 1-4, game: 0-0, serving: P1
2026-02-26T04:40:30.907Z  (serving: Alana Subasic) game: 15-0
2026-02-26T04:40:54.810Z  (serving: Alana Subasic) game: 15-15
2026-02-26T04:41:20.547Z  (serving: Alana Subasic) game: 30-15
2026-02-26T04:41:50.739Z  (serving: Alana Subasic) game: 40-15
2026-02-26T04:42:26.368Z  (serving: Chengyiyi Yuan) sets: 2-4, game: 0-0, serving: P2
2026-02-26T04:43:15.531Z  (serving: Chengyiyi Yuan) game: 0-15
2026-02-26T04:43:49.803Z  (serving: Chengyiyi Yuan) game: 0-30
2026-02-26T04:44:32.198Z  (serving: Chengyiyi Yuan) game: 0-40
2026-02-26T04:45:11.451Z  (serving: Chengyiyi Yuan) game: 15-40
2026-02-26T04:46:17.738Z  (serving: Alana Subasic) sets: 2-5, game: 0-0, serving: P1
2026-02-26T04:48:26.281Z  (serving: Alana Subasic) game: 0-15
2026-02-26T04:49:09.579Z  (serving: Alana Subasic) game: 15-15
2026-02-26T04:49:44.301Z  (serving: Alana Subasic) game: 30-15
2026-02-26T04:50:42.481Z  (serving: Alana Subasic) game: 30-30
2026-02-26T04:51:27.581Z  (serving: Alana Subasic) game: 40-30
2026-02-26T04:52:07.271Z  (serving: Chengyiyi Yuan) sets: 3-5, game: 0-0, serving: P2
2026-02-26T04:52:43.350Z  (serving: Chengyiyi Yuan) game: 15-0
2026-02-26T04:53:27.549Z  (serving: Chengyiyi Yuan) game: 15-15
2026-02-26T04:54:16.257Z  (serving: Chengyiyi Yuan) game: 15-30
2026-02-26T04:55:44.697Z  (serving: Chengyiyi Yuan) game: 30-30
2026-02-26T04:56:25.698Z  (serving: Chengyiyi Yuan) game: 30-40
2026-02-26T04:57:23.882Z  (serving: Chengyiyi Yuan) game: 40-40
2026-02-26T04:58:41.899Z  (serving: Chengyiyi Yuan) game: A-40
2026-02-26T04:59:43.241Z  (serving: Chengyiyi Yuan) game: 40-40
2026-02-26T05:00:23.398Z  (serving: Chengyiyi Yuan) game: 40-A
2026-02-26T05:00:59.463Z  (serving: Chengyiyi Yuan) game: 40-40
2026-02-26T05:01:45.915Z  (serving: Chengyiyi Yuan) game: 40-A
2026-02-26T05:02:36.428Z  (serving: Alana Subasic) sets: 3-6,0-0, game: 0-0, serving: P1
2026-02-26T05:06:14.778Z  (serving: Alana Subasic) game: 15-0
2026-02-26T05:06:58.523Z  (serving: Alana Subasic) game: 30-0
2026-02-26T05:07:37.308Z  (serving: Alana Subasic) game: 40-0
2026-02-26T05:08:00.311Z  (serving: Chengyiyi Yuan) sets: 3-6,1-0, game: 0-0, serving: P2
2026-02-26T05:09:08.967Z  (serving: Chengyiyi Yuan) game: 0-15
2026-02-26T05:09:39.083Z  (serving: Chengyiyi Yuan) game: 15-15
2026-02-26T05:09:41.334Z  (serving: Chengyiyi Yuan) game: 0-15
2026-02-26T05:10:14.258Z  (serving: Chengyiyi Yuan) game: 15-15
2026-02-26T05:10:56.669Z  (serving: Chengyiyi Yuan) game: 30-15
2026-02-26T05:12:02.513Z  (serving: Chengyiyi Yuan) game: 40-15
2026-02-26T05:12:34.978Z  (serving: Chengyiyi Yuan) game: 40-30
2026-02-26T05:13:05.642Z  (serving: Chengyiyi Yuan) game: 40-40
2026-02-26T05:14:01.567Z  (serving: Chengyiyi Yuan) game: A-40
2026-02-26T05:14:48.933Z  (serving: Chengyiyi Yuan) game: 40-40
2026-02-26T05:15:37.667Z  (serving: Chengyiyi Yuan) game: 40-A
