2026-02-26T04:13:07.332Z  (serving: Evgeniya Burdina) game: 15-0
2026-02-26T04:13:47.922Z  (serving: Evgeniya Burdina) game: 30-0
2026-02-26T04:14:31.669Z  (serving: Evgeniya Burdina) game: 30-15
2026-02-26T04:14:59.635Z  (serving: Evgeniya Burdina) game: 40-15
2026-02-26T04:15:38.868Z  (serving: Anchisa Chanta) sets: 1-0, game: 0-0, serving: P1
2026-02-26T04:17:20.796Z  (serving: Anchisa Chanta) game: 0-15
2026-02-26T04:18:10.857Z  (serving: Anchisa Chanta) game: 15-15
2026-02-26T04:19:06.331Z  (serving: Anchisa Chanta) game: 15-30
2026-02-26T04:19:32.038Z  (serving: Anchisa Chanta) game: 30-30
2026-02-26T04:19:58.199Z  (serving: Anchisa Chanta) game: 30-40
2026-02-26T04:20:37.440Z  (serving: Evgeniya Burdina) sets: 1-1, game: 0-0, serving: P2
2026-02-26T04:21:19.383Z  (serving: Evgeniya Burdina) game: 0-15
2026-02-26T04:21:57.716Z  (serving: Evgeniya Burdina) game: 0-30
2026-02-26T04:22:17.115Z  (serving: Evgeniya Burdina) game: 0-40
2026-02-26T04:22:50.032Z  (serving: Evgeniya Burdina) game: 15-40
2026-02-26T04:23:29.269Z  (serving: Evgeniya Burdina) game: 30-40
2026-02-26T04:24:03.098Z  (serving: Anchisa Chanta) sets: 1-2, game: 0-0, serving: P1
2026-02-26T04:26:31.481Z  (serving: Anchisa Chanta) game: 15-0
2026-02-26T04:27:17.031Z  (serving: Anchisa Chanta) game: 15-15
2026-02-26T04:27:56.718Z  (serving: Anchisa Chanta) game: 15-30
2026-02-26T04:28:48.131Z  (serving: Anchisa Chanta) game: 30-30
2026-02-26T04:29:38.648Z  (serving: Anchisa Chanta) game: 40-30
2026-02-26T04:30:14.797Z  (serving: Anchisa Chanta) game: 40-40
2026-02-26T04:30:48.564Z  (serving: Anchisa Chanta) game: A-40
2026-02-26T04:31:39.982Z  (serving: Anchisa Chanta) game: 40-40
2026-02-26T04:32:17.417Z  (serving: Anchisa Chanta) game: 40-A
2026-02-26T04:32:55.751Z  (serving: Evgeniya Burdina) sets: 1-3, game: 0-0, serving: P2
2026-02-26T04:33:55.735Z  (serving: Evgeniya Burdina) game: 15-0
2026-02-26T04:34:16.933Z  (serving: Evgeniya Burdina) game: 15-15
2026-02-26T04:34:50.307Z  (serving: Evgeniya Burdina) game: 30-15
2026-02-26T04:35:17.818Z  (serving: Evgeniya Burdina) game: 40-15
2026-02-26T04:35:58.048Z  (serving: Anchisa Chanta) sets: 2-3, game: 0-0, serving: P1
2026-02-26T04:38:18.764Z  (serving: Anchisa Chanta) game: 0-15
2026-02-26T04:38:46.729Z  (serving: Anchisa Chanta) game: 0-30
2026-02-26T04:39:12.883Z  (serving: Anchisa Chanta) game: 0-40
2026-02-26T04:39:55.280Z  (serving: Anchisa Chanta) game: 15-40
2026-02-26T04:40:39.028Z  (serving: Anchisa Chanta) game: 30-40
2026-02-26T04:41:11.496Z  (serving: Anchisa Chanta) game: 40-40
2026-02-26T04:41:33.607Z  (serving: Anchisa Chanta) game: 40-A
2026-02-26T04:42:03.366Z  (serving: Anchisa Chanta) game: 40-40
2026-02-26T04:42:39.899Z  (serving: Anchisa Chanta) game: A-40
2026-02-26T04:43:22.297Z  (serving: Anchisa Chanta) game: 40-40
2026-02-26T04:43:54.318Z  (serving: Anchisa Chanta) game: 40-A
2026-02-26T04:44:26.334Z  (serving: Anchisa Chanta) game: 40-40
2026-02-26T04:45:05.124Z  (serving: Anchisa Chanta) game: 40-A
2026-02-26T04:45:50.677Z  (serving: Evgeniya Burdina) sets: 2-4, game: 0-0, serving: P2
2026-02-26T04:46:33.532Z  (serving: Evgeniya Burdina) game: 15-0
2026-02-26T04:47:23.135Z  (serving: Evgeniya Burdina) game: 15-15
2026-02-26T04:47:52.903Z  (serving: Evgeniya Burdina) game: 30-15
2026-02-26T04:48:25.832Z  (serving: Evgeniya Burdina) game: 30-30
2026-02-26T04:49:04.164Z  (serving: Evgeniya Burdina) game: 40-30
2026-02-26T04:49:48.816Z  (serving: Anchisa Chanta) sets: 3-4, game: 0-0, serving: P1
2026-02-26T04:52:01.420Z  (serving: Anchisa Chanta) game: 0-15
2026-02-26T04:52:15.841Z  (serving: Anchisa Chanta) game: 15-15
2026-02-26T04:52:55.978Z  (serving: Anchisa Chanta) game: 15-30
2026-02-26T04:53:34.763Z  (serving: Anchisa Chanta) game: 15-40
2026-02-26T04:54:15.813Z  (serving: Evgeniya Burdina) sets: 3-5, game: 0-0, serving: P2
2026-02-26T04:54:48.732Z  (serving: Evgeniya Burdina) game: 0-15
2026-02-26T04:55:04.065Z  (serving: Evgeniya Burdina) game: 0-30
2026-02-26T04:56:11.269Z  (serving: Evgeniya Burdina) game: 0-40
2026-02-26T04:56:45.548Z  (serving: Anchisa Chanta) sets: 3-6,0-0, game: 0-0, serving: P1
2026-02-26T04:59:15.337Z  (serving: Anchisa Chanta) game: 0-15
2026-02-26T04:59:40.114Z  (serving: Anchisa Chanta) game: 0-30
2026-02-26T05:00:06.698Z  (serving: Anchisa Chanta) game: 0-40
2026-02-26T05:00:40.972Z  (serving: Evgeniya Burdina) sets: 3-6,0-1, game: 0-0, serving: P2
2026-02-26T05:01:56.287Z  (serving: Evgeniya Burdina) game: 15-0
2026-02-26T05:02:15.228Z  (serving: Evgeniya Burdina) game: 15-15
2026-02-26T05:02:46.348Z  (serving: Evgeniya Burdina) game: 15-30
2026-02-26T05:03:37.764Z  (serving: Evgeniya Burdina) game: 15-40
2026-02-26T05:04:13.848Z  (serving: Anchisa Chanta) sets: 3-6,0-2, game: 0-0, serving: P1
2026-02-26T05:05:13.826Z  (serving: Anchisa Chanta) game: 15-0
2026-02-26T05:06:05.363Z  (serving: Anchisa Chanta) game: 15-15
2026-02-26T05:06:49.960Z  (serving: Anchisa Chanta) game: 15-30
2026-02-26T05:07:27.842Z  (serving: Anchisa Chanta) game: 15-40
2026-02-26T05:07:57.154Z  (serving: Evgeniya Burdina) sets: 3-6,0-3, game: 0-0, serving: P2
2026-02-26T05:09:50.360Z  (serving: Evgeniya Burdina) game: 15-0
2026-02-26T05:10:16.964Z  (serving: Evgeniya Burdina) game: 30-0
2026-02-26T05:10:43.128Z  (serving: Evgeniya Burdina) game: 30-15
2026-02-26T05:11:29.591Z  (serving: Evgeniya Burdina) game: 40-15
2026-02-26T05:11:59.348Z  (serving: Evgeniya Burdina) game: 40-30
2026-02-26T05:12:29.113Z  (serving: Anchisa Chanta) sets: 3-6,1-3, game: 0-0, serving: P1
2026-02-26T05:13:13.770Z  (serving: Anchisa Chanta) game: 0-15
2026-02-26T05:13:28.645Z  (serving: Anchisa Chanta) game: 15-15
2026-02-26T05:13:56.155Z  (serving: Anchisa Chanta) game: 30-15
2026-02-26T05:14:43.517Z  (serving: Anchisa Chanta) game: 30-30
2026-02-26T05:15:48.921Z  (serving: Anchisa Chanta) game: 30-40
2026-02-26T05:17:04.680Z  (serving: Anchisa Chanta) game: 40-40
2026-02-26T05:17:40.761Z  (serving: Anchisa Chanta) game: A-40
2026-02-26T05:18:12.783Z  (serving: Anchisa Chanta) game: 40-40
2026-02-26T05:18:41.687Z  (serving: Anchisa Chanta) game: 40-A
2026-02-26T05:19:07.356Z  (serving: Anchisa Chanta) game: 40-40
2026-02-26T05:19:41.634Z  (serving: Anchisa Chanta) game: A-40
2026-02-26T05:20:34.401Z  (serving: Evgeniya Burdina) sets: 3-6,2-3, game: 0-0, serving: P2
2026-02-26T05:22:26.246Z  (serving: Evgeniya Burdina) game: 15-0
2026-02-26T05:22:56.474Z  (serving: Evgeniya Burdina) game: 30-0
2026-02-26T05:23:30.740Z  (serving: Evgeniya Burdina) game: 30-15
2026-02-26T05:24:14.493Z  (serving: Evgeniya Burdina) game: 40-15
2026-02-26T05:25:14.020Z  (serving: Evgeniya Burdina) game: 40-30
2026-02-26T05:25:38.376Z  (serving: Anchisa Chanta) sets: 3-6,3-3, game: 0-0, serving: P1
2026-02-26T05:26:45.576Z  (serving: Anchisa Chanta) game: 0-15
2026-02-26T05:27:10.380Z  (serving: Anchisa Chanta) game: 15-15
2026-02-26T05:27:42.415Z  (serving: Anchisa Chanta) game: 30-15
2026-02-26T05:28:13.520Z  (serving: Anchisa Chanta) game: 40-15
2026-02-26T05:28:53.352Z  (serving: Anchisa Chanta) game: 40-30
2026-02-26T05:29:30.808Z  (serving: Evgeniya Burdina) sets: 3-6,4-3, game: 0-0, serving: P2
2026-02-26T05:31:15.976Z  (serving: Evgeniya Burdina) game: 15-0
2026-02-26T05:31:32.554Z  (serving: Evgeniya Burdina) game: 15-15
2026-02-26T05:32:20.362Z  (serving: Evgeniya Burdina) game: 15-30
2026-02-26T05:33:01.446Z  (serving: Evgeniya Burdina) game: 30-30
2026-02-26T05:33:52.852Z  (serving: Evgeniya Burdina) game: 30-40
2026-02-26T05:35:12.213Z  (serving: Evgeniya Burdina) game: 40-40
2026-02-26T05:35:45.596Z  (serving: Evgeniya Burdina) game: A-40
2026-02-26T05:36:43.760Z  (serving: Anchisa Chanta) sets: 3-6,5-3, game: 0-0, serving: P1
2026-02-26T05:37:32.853Z  (serving: Anchisa Chanta) game: 0-15
2026-02-26T05:38:15.696Z  (serving: Anchisa Chanta) game: 15-15
2026-02-26T05:38:43.225Z  (serving: Anchisa Chanta) game: 15-30
2026-02-26T05:39:27.859Z  (serving: Anchisa Chanta) game: 15-40
2026-02-26T05:40:02.624Z  (serving: Evgeniya Burdina) sets: 3-6,5-4, game: 0-0, serving: P2
2026-02-26T05:42:01.717Z  (serving: Evgeniya Burdina) game: 0-15
2026-02-26T05:42:26.910Z  (serving: Evgeniya Burdina) game: 15-15
2026-02-26T05:43:04.387Z  (serving: Evgeniya Burdina) game: 30-15
2026-02-26T05:43:26.894Z  (serving: Evgeniya Burdina) game: 30-30
2026-02-26T05:44:06.132Z  (serving: Evgeniya Burdina) game: 40-30
2026-02-26T05:44:37.266Z  (serving: Evgeniya Burdina) game: 40-40
2026-02-26T05:45:27.342Z  (serving: Evgeniya Burdina) game: A-40
2026-02-26T05:45:54.477Z  (serving: Evgeniya Burdina) game: 40-40
2026-02-26T05:46:26.390Z  (serving: Evgeniya Burdina) game: A-40
2026-02-26T05:46:48.962Z  (serving: Anchisa Chanta) sets: 3-6,6-4,0-0, game: 0-0, serving: P1
2026-02-26T05:49:12.811Z  (serving: Anchisa Chanta) game: 15-0
2026-02-26T05:49:53.903Z  (serving: Anchisa Chanta) game: 15-15
2026-02-26T05:50:37.150Z  (serving: Anchisa Chanta) game: 30-15
2026-02-26T05:51:14.685Z  (serving: Anchisa Chanta) game: 30-30
2026-02-26T05:52:00.145Z  (serving: Anchisa Chanta) game: 30-40
2026-02-26T05:52:41.631Z  (serving: Evgeniya Burdina) sets: 3-6,6-4,0-1, game: 0-0, serving: P2
2026-02-26T05:54:11.841Z  (serving: Evgeniya Burdina) game: 0-15
2026-02-26T05:54:41.640Z  (serving: Evgeniya Burdina) game: 0-30
2026-02-26T05:55:17.673Z  (serving: Evgeniya Burdina) game: 15-30
2026-02-26T05:55:39.785Z  (serving: Evgeniya Burdina) game: 15-40
2026-02-26T05:56:00.072Z  (serving: Evgeniya Burdina) game: 30-40
2026-02-26T05:56:35.715Z  (serving: Anchisa Chanta) sets: 3-6,6-4,0-2, game: 0-0, serving: P1
2026-02-26T05:57:08.618Z  (serving: Anchisa Chanta) game: 0-15
2026-02-26T05:57:42.898Z  (serving: Anchisa Chanta) game: 15-15
2026-02-26T05:58:14.942Z  (serving: Anchisa Chanta) game: 30-15
2026-02-26T05:59:01.812Z  (serving: Anchisa Chanta) game: 30-30
2026-02-26T05:59:46.908Z  (serving: Anchisa Chanta) game: 40-30
2026-02-26T06:00:26.200Z  (serving: Anchisa Chanta) game: 40-40
2026-02-26T06:01:11.244Z  (serving: Anchisa Chanta) game: A-40
2026-02-26T06:01:48.736Z  (serving: Evgeniya Burdina) sets: 3-6,6-4,1-2, game: 0-0, serving: P2
2026-02-26T06:03:49.162Z  (serving: Evgeniya Burdina) game: 15-0
2026-02-26T06:04:38.706Z  (serving: Evgeniya Burdina) game: 30-0
2026-02-26T06:05:15.777Z  (serving: Evgeniya Burdina) game: 30-15
2026-02-26T06:05:42.312Z  (serving: Evgeniya Burdina) game: 30-30
2026-02-26T06:06:24.309Z  (serving: Evgeniya Burdina) game: 30-40
2026-02-26T06:07:14.823Z  (serving: Anchisa Chanta) sets: 3-6,6-4,1-3, game: 0-0, serving: P1
2026-02-26T06:08:06.693Z  (serving: Anchisa Chanta) game: 0-15
2026-02-26T06:09:07.121Z  (serving: Anchisa Chanta) game: 0-30
2026-02-26T06:09:46.129Z  (serving: Anchisa Chanta) game: 15-30
2026-02-26T06:10:13.179Z  (serving: Anchisa Chanta) game: 30-30
2026-02-26T06:10:57.831Z  (serving: Anchisa Chanta) game: 30-40
2026-02-26T06:11:36.616Z  (serving: Evgeniya Burdina) sets: 3-6,6-4,1-4, game: 0-0, serving: P2
2026-02-26T06:13:15.383Z  (serving: Evgeniya Burdina) game: 15-0
2026-02-26T06:14:09.094Z  (serving: Evgeniya Burdina) game: 15-15
2026-02-26T06:14:49.657Z  (serving: Evgeniya Burdina) game: 30-15
2026-02-26T06:15:32.551Z  (serving: Evgeniya Burdina) game: 30-30
2026-02-26T06:15:56.395Z  (serving: Evgeniya Burdina) game: 30-40
2026-02-26T06:16:18.040Z  (serving: Anchisa Chanta) sets: 3-6,6-4,1-5, game: 0-0, serving: P1
2026-02-26T06:17:17.122Z  (serving: Anchisa Chanta) game: 0-15
2026-02-26T06:18:05.439Z  (serving: Anchisa Chanta) game: 0-30
2026-02-26T06:18:55.893Z  (serving: Anchisa Chanta) game: 0-40
2026-02-26T06:19:38.288Z  (serving: Anchisa Chanta) sets: 3-6,6-4,1-6, game: 0-0
