2026-02-26T04:09:52.049Z  (serving: Anna Sedysheva) game: 0-15
2026-02-26T04:10:23.624Z  (serving: Anna Sedysheva) game: 0-30
2026-02-26T04:11:09.167Z  (serving: Anna Sedysheva) game: 0-40
2026-02-26T04:11:40.301Z  (serving: Anna Sedysheva) game: 15-40
2026-02-26T04:12:22.683Z  (serving: Anna Sedysheva) game: 30-40
2026-02-26T04:12:47.939Z  (serving: Akanksha Dileep Nitture) sets: 0-1, game: 0-0, serving: P2
2026-02-26T04:14:22.649Z  (serving: Akanksha Dileep Nitture) game: 15-0
2026-02-26T04:14:27.164Z  (serving: Akanksha Dileep Nitture) game: 0-0
2026-02-26T04:14:28.064Z  (serving: Akanksha Dileep Nitture) game: 0-15
2026-02-26T04:15:09.553Z  (serving: Akanksha Dileep Nitture) game: 0-30
2026-02-26T04:16:20.364Z  (serving: Akanksha Dileep Nitture) game: 15-30
2026-02-26T04:17:13.586Z  (serving: Akanksha Dileep Nitture) game: 15-40
2026-02-26T04:17:46.054Z  (serving: Akanksha Dileep Nitture) game: 30-40
2026-02-26T04:18:37.920Z  (serving: Anna Sedysheva) sets: 0-2, game: 0-0, serving: P1
2026-02-26T04:19:33.842Z  (serving: Anna Sedysheva) game: 15-0
2026-02-26T04:20:04.064Z  (serving: Anna Sedysheva) game: 30-0
2026-02-26T04:20:31.137Z  (serving: Anna Sedysheva) game: 30-15
2026-02-26T04:20:55.032Z  (serving: Anna Sedysheva) game: 40-15
2026-02-26T04:21:45.086Z  (serving: Akanksha Dileep Nitture) sets: 1-2, game: 0-0, serving: P2
2026-02-26T04:24:03.098Z  (serving: Akanksha Dileep Nitture) game: 15-0
2026-02-26T04:24:39.631Z  (serving: Akanksha Dileep Nitture) game: 30-0
2026-02-26T04:25:32.401Z  (serving: Akanksha Dileep Nitture) game: 40-0
2026-02-26T04:26:09.384Z  (serving: Anna Sedysheva) sets: 2-2, game: 0-0, serving: P1
2026-02-26T04:26:54.481Z  (serving: Anna Sedysheva) game: 15-0
2026-02-26T04:27:28.314Z  (serving: Anna Sedysheva) game: 15-15
2026-02-26T04:28:17.028Z  (serving: Anna Sedysheva) game: 15-30
2026-02-26T04:29:13.389Z  (serving: Anna Sedysheva) game: 15-40
2026-02-26T04:30:30.514Z  (serving: Anna Sedysheva) game: 30-40
2026-02-26T04:30:40.897Z  (serving: Anna Sedysheva) game: 15-40
2026-02-26T04:30:45.847Z  (serving: Anna Sedysheva) game: 15-30
2026-02-26T04:30:47.651Z  (serving: Anna Sedysheva) game: 15-40
2026-02-26T04:30:49.914Z  (serving: Anna Sedysheva) game: 15-30
2026-02-26T04:30:50.363Z  (serving: Anna Sedysheva) game: 30-30
2026-02-26T04:30:50.809Z  (serving: Anna Sedysheva) game: 40-30
2026-02-26T04:31:09.762Z  (serving: Akanksha Dileep Nitture) sets: 3-2, game: 0-0, serving: P2
2026-02-26T04:33:14.694Z  (serving: Akanksha Dileep Nitture) game: 0-15
2026-02-26T04:33:53.030Z  (serving: Akanksha Dileep Nitture) game: 0-30
2026-02-26T04:34:39.934Z  (serving: Akanksha Dileep Nitture) game: 15-30
2026-02-26T04:35:22.779Z  (serving: Akanksha Dileep Nitture) game: 30-30
2026-02-26T04:36:02.566Z  (serving: Akanksha Dileep Nitture) game: 40-30
2026-02-26T04:37:14.267Z  (serving: Anna Sedysheva) sets: 4-2, game: 0-0, serving: P1
2026-02-26T04:38:07.033Z  (serving: Anna Sedysheva) game: 15-0
2026-02-26T04:38:39.509Z  (serving: Anna Sedysheva) game: 30-0
2026-02-26T04:39:51.219Z  (serving: Anna Sedysheva) game: 40-0
2026-02-26T04:40:36.770Z  (serving: Akanksha Dileep Nitture) sets: 5-2, game: 0-0, serving: P2
2026-02-26T04:42:26.368Z  (serving: Akanksha Dileep Nitture) game: 15-0
2026-02-26T04:42:53.881Z  (serving: Akanksha Dileep Nitture) game: 15-15
2026-02-26T04:42:59.741Z  (serving: Akanksha Dileep Nitture) game: 15-0
2026-02-26T04:43:03.801Z  (serving: Akanksha Dileep Nitture) game: 0-0
2026-02-26T04:43:03.801Z  (serving: Akanksha Dileep Nitture) game: 0-15
2026-02-26T04:43:03.801Z  (serving: Akanksha Dileep Nitture) game: 0-0
2026-02-26T04:43:03.801Z  (serving: Akanksha Dileep Nitture) game: 0-15
2026-02-26T04:43:04.702Z  (serving: Akanksha Dileep Nitture) game: 0-30
2026-02-26T04:43:27.715Z  (serving: Akanksha Dileep Nitture) game: 15-30
2026-02-26T04:44:13.706Z  (serving: Akanksha Dileep Nitture) game: 30-30
2026-02-26T04:45:14.147Z  (serving: Akanksha Dileep Nitture) game: 40-30
2026-02-26T04:46:09.621Z  (serving: Akanksha Dileep Nitture) game: 40-40
2026-02-26T04:47:01.486Z  (serving: Akanksha Dileep Nitture) game: A-40
2026-02-26T04:49:15.903Z  (serving: Anna Sedysheva) sets: 6-2,0-0, game: 0-0, serving: P1
2026-02-26T04:52:17.191Z  (serving: Anna Sedysheva) game: 15-0
2026-02-26T04:52:58.684Z  (serving: Anna Sedysheva) game: 15-15
2026-02-26T04:53:36.116Z  (serving: Anna Sedysheva) game: 15-30
2026-02-26T04:54:09.040Z  (serving: Anna Sedysheva) game: 30-30
2026-02-26T04:54:32.499Z  (serving: Anna Sedysheva) game: 30-40
2026-02-26T04:55:07.232Z  (serving: Akanksha Dileep Nitture) sets: 6-2,0-1, game: 0-0, serving: P2
2026-02-26T04:56:45.548Z  (serving: Akanksha Dileep Nitture) game: 0-15
2026-02-26T04:57:12.601Z  (serving: Akanksha Dileep Nitture) game: 15-15
2026-02-26T04:58:21.154Z  (serving: Akanksha Dileep Nitture) game: 30-15
2026-02-26T04:59:11.670Z  (serving: Akanksha Dileep Nitture) game: 30-30
2026-02-26T04:59:50.908Z  (serving: Akanksha Dileep Nitture) game: 30-40
2026-02-26T05:00:45.481Z  (serving: Akanksha Dileep Nitture) game: 40-40
2026-02-26T05:01:39.149Z  (serving: Akanksha Dileep Nitture) game: 40-A
2026-02-26T05:02:14.327Z  (serving: Akanksha Dileep Nitture) game: 40-40
2026-02-26T05:03:00.329Z  (serving: Akanksha Dileep Nitture) game: A-40
2026-02-26T05:03:30.997Z  (serving: Anna Sedysheva) sets: 6-2,1-1, game: 0-0, serving: P1
2026-02-26T05:04:34.138Z  (serving: Anna Sedysheva) game: 15-0
2026-02-26T05:05:07.060Z  (serving: Anna Sedysheva) game: 15-15
2026-02-26T05:05:42.223Z  (serving: Anna Sedysheva) game: 15-30
2026-02-26T05:06:20.193Z  (serving: Anna Sedysheva) game: 30-30
2026-02-26T05:07:05.758Z  (serving: Anna Sedysheva) game: 30-40
2026-02-26T05:07:44.976Z  (serving: Anna Sedysheva) game: 40-40
2026-02-26T05:08:57.590Z  (serving: Anna Sedysheva) game: A-40
2026-02-26T05:09:41.334Z  (serving: Anna Sedysheva) game: 40-40
2026-02-26T05:10:23.764Z  (serving: Anna Sedysheva) game: A-40
2026-02-26T05:11:11.087Z  (serving: Anna Sedysheva) game: 40-40
2026-02-26T05:11:43.113Z  (serving: Anna Sedysheva) game: A-40
2026-02-26T05:12:41.739Z  (serving: Anna Sedysheva) game: 40-40
2026-02-26T05:13:25.037Z  (serving: Anna Sedysheva) game: 40-A
2026-02-26T05:14:01.117Z  (serving: Anna Sedysheva) game: 40-40
2026-02-26T05:14:49.383Z  (serving: Anna Sedysheva) game: A-40
2026-02-26T05:15:25.007Z  (serving: Anna Sedysheva) game: 40-40
2026-02-26T05:16:26.794Z  (serving: Anna Sedysheva) game: 40-A
2026-02-26T05:17:21.366Z  (serving: Akanksha Dileep Nitture) sets: 6-2,1-2, game: 0-0, serving: P2
2026-02-26T05:19:50.651Z  (serving: Akanksha Dileep Nitture) game: 15-0
2026-02-26T05:20:27.634Z  (serving: Akanksha Dileep Nitture) game: 15-15
2026-02-26T05:21:34.833Z  (serving: Akanksha Dileep Nitture) game: 30-15
2026-02-26T05:22:31.208Z  (serving: Akanksha Dileep Nitture) game: 40-15
2026-02-26T05:23:11.799Z  (serving: Anna Sedysheva) sets: 6-2,2-2, game: 0-0, serving: P1
2026-02-26T05:24:14.493Z  (serving: Anna Sedysheva) game: 15-0
2026-02-26T05:24:50.116Z  (serving: Anna Sedysheva) game: 30-0
2026-02-26T05:25:28.000Z  (serving: Anna Sedysheva) game: 30-15
2026-02-26T05:25:55.962Z  (serving: Anna Sedysheva) game: 30-30
2026-02-26T05:27:04.525Z  (serving: Anna Sedysheva) game: 40-30
2026-02-26T05:27:41.950Z  (serving: Akanksha Dileep Nitture) sets: 6-2,3-2, game: 0-0, serving: P2
2026-02-26T05:29:34.912Z  (serving: Akanksha Dileep Nitture) game: 0-15
2026-02-26T05:30:17.297Z  (serving: Akanksha Dileep Nitture) game: 15-15
2026-02-26T05:30:48.361Z  (serving: Akanksha Dileep Nitture) game: 30-15
2026-02-26T05:31:42.494Z  (serving: Akanksha Dileep Nitture) game: 30-30
2026-02-26T05:32:28.478Z  (serving: Akanksha Dileep Nitture) game: 30-40
2026-02-26T05:32:34.791Z  (serving: Akanksha Dileep Nitture) game: 40-40
2026-02-26T05:32:37.501Z  (serving: Akanksha Dileep Nitture) game: 30-40
2026-02-26T05:32:38.918Z  (serving: Akanksha Dileep Nitture) game: 30-30
2026-02-26T05:32:39.845Z  (serving: Akanksha Dileep Nitture) game: 40-30
2026-02-26T05:33:10.871Z  (serving: Akanksha Dileep Nitture) game: 40-40
2026-02-26T05:33:54.167Z  (serving: Akanksha Dileep Nitture) game: A-40
2026-02-26T05:34:45.696Z  (serving: Anna Sedysheva) sets: 6-2,4-2, game: 0-0, serving: P1
2026-02-26T05:34:51.447Z  (serving: Akanksha Dileep Nitture) sets: 6-2,3-2, game: A-40, serving: P2
2026-02-26T05:34:52.799Z  (serving: Anna Sedysheva) sets: 6-2,4-2, game: 0-0, serving: P1
2026-02-26T05:35:01.379Z  (serving: Akanksha Dileep Nitture) sets: 6-2,3-2, game: A-40, serving: P2
2026-02-26T05:35:04.127Z  (serving: Akanksha Dileep Nitture) game: 40-40
2026-02-26T05:35:32.044Z  (serving: Akanksha Dileep Nitture) game: A-40
2026-02-26T05:35:35.287Z  (serving: Akanksha Dileep Nitture) game: 40-40
2026-02-26T05:35:45.069Z  (serving: Akanksha Dileep Nitture) game: A-40
2026-02-26T05:36:46.025Z  (serving: Anna Sedysheva) sets: 6-2,4-2, game: 0-0, serving: P1
2026-02-26T05:37:28.817Z  (serving: Anna Sedysheva) game: 0-15
2026-02-26T05:38:17.952Z  (serving: Anna Sedysheva) game: 0-30
2026-02-26T05:38:47.777Z  (serving: Anna Sedysheva) game: 15-30
2026-02-26T05:39:24.331Z  (serving: Anna Sedysheva) game: 15-40
2026-02-26T05:40:09.898Z  (serving: Akanksha Dileep Nitture) sets: 6-2,4-3, game: 0-0, serving: P2
2026-02-26T05:42:10.676Z  (serving: Akanksha Dileep Nitture) game: 0-15
2026-02-26T05:42:44.112Z  (serving: Akanksha Dileep Nitture) game: 0-30
2026-02-26T05:43:14.265Z  (serving: Akanksha Dileep Nitture) game: 0-40
2026-02-26T05:43:43.607Z  (serving: Anna Sedysheva) sets: 6-2,4-4, game: 0-0, serving: P1
2026-02-26T05:44:31.428Z  (serving: Anna Sedysheva) game: 15-0
2026-02-26T05:44:55.390Z  (serving: Anna Sedysheva) game: 15-15
2026-02-26T05:45:24.712Z  (serving: Anna Sedysheva) game: 30-15
2026-02-26T05:46:37.280Z  (serving: Anna Sedysheva) game: 40-15
2026-02-26T05:47:17.357Z  (serving: Anna Sedysheva) game: 40-30
2026-02-26T05:48:03.914Z  (serving: Akanksha Dileep Nitture) sets: 6-2,5-4, game: 0-0, serving: P2
2026-02-26T05:50:10.603Z  (serving: Akanksha Dileep Nitture) game: 15-0
2026-02-26T05:51:36.702Z  (serving: Akanksha Dileep Nitture) game: 15-15
2026-02-26T05:52:22.727Z  (serving: Akanksha Dileep Nitture) game: 15-30
2026-02-26T05:53:08.237Z  (serving: Akanksha Dileep Nitture) game: 30-30
2026-02-26T05:53:47.573Z  (serving: Akanksha Dileep Nitture) game: 40-30
2026-02-26T05:54:43.483Z  (serving: Akanksha Dileep Nitture) game: 40-40
2026-02-26T05:55:41.592Z  (serving: Akanksha Dileep Nitture) game: 40-A
2026-02-26T05:56:50.591Z  (serving: Anna Sedysheva) sets: 6-2,5-5, game: 0-0, serving: P1
2026-02-26T05:57:47.416Z  (serving: Anna Sedysheva) game: 0-15
2026-02-26T05:58:33.476Z  (serving: Anna Sedysheva) game: 15-15
2026-02-26T05:59:19.847Z  (serving: Anna Sedysheva) game: 15-30
2026-02-26T05:59:54.663Z  (serving: Anna Sedysheva) game: 15-40
2026-02-26T06:00:19.443Z  (serving: Akanksha Dileep Nitture) sets: 6-2,5-6, game: 0-0, serving: P2
2026-02-26T06:05:59.058Z  (serving: Akanksha Dileep Nitture) game: 0-15
2026-02-26T06:06:54.977Z  (serving: Akanksha Dileep Nitture) game: 0-30
2026-02-26T06:07:40.591Z  (serving: Akanksha Dileep Nitture) game: 0-40
2026-02-26T06:08:21.141Z  (serving: Akanksha Dileep Nitture) game: 15-40
2026-02-26T06:08:57.206Z  (serving: Anna Sedysheva) sets: 6-2,5-7,0-0, game: 0-0, serving: P1
2026-02-26T06:14:17.171Z  (serving: Anna Sedysheva) game: 15-0
2026-02-26T06:14:54.663Z  (serving: Anna Sedysheva) game: 30-0
2026-02-26T06:15:23.931Z  (serving: Anna Sedysheva) game: 30-15
2026-02-26T06:16:01.356Z  (serving: Anna Sedysheva) game: 40-15
2026-02-26T06:16:50.581Z  (serving: Akanksha Dileep Nitture) sets: 6-2,5-7,1-0, game: 0-0, serving: P2
2026-02-26T06:19:06.263Z  (serving: Akanksha Dileep Nitture) game: 15-0
2026-02-26T06:19:45.500Z  (serving: Akanksha Dileep Nitture) game: 15-15
2026-02-26T06:20:34.213Z  (serving: Akanksha Dileep Nitture) game: 30-15
2026-02-26T06:21:22.048Z  (serving: Akanksha Dileep Nitture) game: 40-15
2026-02-26T06:22:31.926Z  (serving: Anna Sedysheva) sets: 6-2,5-7,2-0, game: 0-0, serving: P1
2026-02-26T06:23:08.450Z  (serving: Anna Sedysheva) game: 15-0
2026-02-26T06:23:51.754Z  (serving: Anna Sedysheva) game: 30-0
2026-02-26T06:24:23.318Z  (serving: Anna Sedysheva) game: 40-0
2026-02-26T06:24:25.141Z  (serving: Anna Sedysheva) game: 30-0
2026-02-26T06:24:26.060Z  (serving: Anna Sedysheva) game: 40-0
2026-02-26T06:24:46.340Z  (serving: Akanksha Dileep Nitture) sets: 6-2,5-7,3-0, game: 0-0, serving: P2
2026-02-26T06:26:43.175Z  (serving: Akanksha Dileep Nitture) game: 0-15
2026-02-26T06:27:16.054Z  (serving: Akanksha Dileep Nitture) game: 15-15
2026-02-26T06:27:59.371Z  (serving: Akanksha Dileep Nitture) game: 30-15
2026-02-26T06:28:27.795Z  (serving: Akanksha Dileep Nitture) game: 30-30
2026-02-26T06:29:00.309Z  (serving: Akanksha Dileep Nitture) game: 40-30
2026-02-26T06:29:37.247Z  (serving: Anna Sedysheva) sets: 6-2,5-7,4-0, game: 0-0, serving: P1
2026-02-26T06:30:07.511Z  (serving: Anna Sedysheva) game: 0-15
2026-02-26T06:30:39.483Z  (serving: Anna Sedysheva) game: 15-15
2026-02-26T06:30:58.437Z  (serving: Anna Sedysheva) game: 15-30
2026-02-26T06:31:21.022Z  (serving: Anna Sedysheva) game: 15-40
2026-02-26T06:31:57.067Z  (serving: Anna Sedysheva) game: 30-40
2026-02-26T06:32:26.820Z  (serving: Anna Sedysheva) game: 40-40
2026-02-26T06:33:04.256Z  (serving: Anna Sedysheva) game: A-40
2026-02-26T06:33:57.021Z  (serving: Anna Sedysheva) game: 40-40
2026-02-26T06:41:29.541Z  (serving: Akanksha Dileep Nitture) game: 40-0
2026-02-26T06:42:12.838Z  (serving: Akanksha Dileep Nitture) sets: 6-2,5-7,6-0, game: 0-0
