2026-02-26T07:09:35.221Z  (serving: Jennifer Ruggeri) game: 40-0
2026-02-26T07:10:19.872Z  (serving: Arina Bulatova) sets: 1-0, game: 0-0, serving: P1
2026-02-26T07:11:34.739Z  (serving: Arina Bulatova) game: 0-15
2026-02-26T07:11:55.933Z  (serving: Arina Bulatova) game: 0-30
2026-02-26T07:12:33.366Z  (serving: Arina Bulatova) game: 15-30
2026-02-26T07:12:54.114Z  (serving: Arina Bulatova) game: 15-40
2026-02-26T07:13:24.330Z  (serving: Arina Bulatova) game: 30-40
2026-02-26T07:13:58.606Z  (serving: Jennifer Ruggeri) sets: 1-1, game: 0-0, serving: P2
2026-02-26T07:14:53.643Z  (serving: Jennifer Ruggeri) game: 0-15
2026-02-26T07:15:48.199Z  (serving: Jennifer Ruggeri) game: 0-30
2026-02-26T07:16:21.125Z  (serving: Jennifer Ruggeri) game: 0-40
2026-02-26T07:16:55.401Z  (serving: Jennifer Ruggeri) game: 15-40
2026-02-26T07:17:31.029Z  (serving: Arina Bulatova) sets: 1-2, game: 0-0, serving: P1
2026-02-26T07:19:44.528Z  (serving: Arina Bulatova) game: 0-15
2026-02-26T07:20:10.234Z  (serving: Arina Bulatova) game: 0-30
2026-02-26T07:20:46.764Z  (serving: Arina Bulatova) game: 0-40
2026-02-26T07:21:30.514Z  (serving: Arina Bulatova) game: 15-40
2026-02-26T07:21:52.206Z  (serving: Arina Bulatova) game: 30-40
2026-02-26T07:22:31.848Z  (serving: Jennifer Ruggeri) sets: 1-3, game: 0-0, serving: P2
2026-02-26T07:23:29.127Z  (serving: Jennifer Ruggeri) game: 15-0
2026-02-26T07:23:59.795Z  (serving: Jennifer Ruggeri) game: 30-0
2026-02-26T07:24:33.620Z  (serving: Jennifer Ruggeri) game: 30-15
2026-02-26T07:25:31.798Z  (serving: Jennifer Ruggeri) game: 40-15
2026-02-26T07:26:19.154Z  (serving: Arina Bulatova) sets: 2-3, game: 0-0, serving: P1
2026-02-26T07:27:54.766Z  (serving: Arina Bulatova) game: 15-0
2026-02-26T07:28:29.944Z  (serving: Arina Bulatova) game: 30-0
2026-02-26T07:29:44.359Z  (serving: Arina Bulatova) game: 30-15
2026-02-26T07:30:13.677Z  (serving: Arina Bulatova) game: 30-30
2026-02-26T07:30:52.473Z  (serving: Arina Bulatova) game: 30-40
2026-02-26T07:31:42.075Z  (serving: Arina Bulatova) game: 40-40
2026-02-26T07:32:17.701Z  (serving: Arina Bulatova) game: 40-A
2026-02-26T07:33:07.317Z  (serving: Jennifer Ruggeri) sets: 2-4, game: 0-0, serving: P2
2026-02-26T07:33:53.772Z  (serving: Jennifer Ruggeri) game: 15-0
2026-02-26T07:34:16.765Z  (serving: Jennifer Ruggeri) game: 15-15
2026-02-26T07:34:58.710Z  (serving: Jennifer Ruggeri) game: 15-30
2026-02-26T07:35:41.548Z  (serving: Jennifer Ruggeri) game: 30-30
2026-02-26T07:36:11.314Z  (serving: Jennifer Ruggeri) game: 30-40
2026-02-26T07:36:44.689Z  (serving: Arina Bulatova) sets: 2-5, game: 0-0, serving: P1
2026-02-26T07:38:31.131Z  (serving: Arina Bulatova) game: 0-15
2026-02-26T07:39:06.757Z  (serving: Arina Bulatova) game: 15-15
2026-02-26T07:39:35.120Z  (serving: Arina Bulatova) game: 15-30
2026-02-26T07:40:03.083Z  (serving: Arina Bulatova) game: 30-30
2026-02-26T07:40:20.219Z  (serving: Arina Bulatova) game: 40-30
2026-02-26T07:40:56.750Z  (serving: Arina Bulatova) game: 40-40
2026-02-26T07:41:25.614Z  (serving: Arina Bulatova) game: A-40
2026-02-26T07:42:03.950Z  (serving: Arina Bulatova) game: 40-40
2026-02-26T07:42:39.580Z  (serving: Arina Bulatova) game: 40-A
2026-02-26T07:43:38.209Z  (serving: Arina Bulatova) game: 40-40
2026-02-26T07:44:14.748Z  (serving: Arina Bulatova) game: A-40
2026-02-26T07:44:59.843Z  (serving: Jennifer Ruggeri) sets: 3-5, game: 0-0, serving: P2
2026-02-26T07:45:35.470Z  (serving: Jennifer Ruggeri) game: 0-15
2026-02-26T07:46:18.767Z  (serving: Jennifer Ruggeri) game: 0-30
2026-02-26T07:47:10.635Z  (serving: Jennifer Ruggeri) game: 0-40
2026-02-26T07:47:44.006Z  (serving: Arina Bulatova) sets: 3-6,0-0, game: 0-0, serving: P1
2026-02-26T07:53:10.531Z  (serving: Arina Bulatova) game: 15-0
2026-02-26T07:53:42.102Z  (serving: Arina Bulatova) game: 15-15
2026-02-26T07:54:13.221Z  (serving: Arina Bulatova) game: 30-15
2026-02-26T07:54:39.833Z  (serving: Arina Bulatova) game: 40-15
2026-02-26T07:55:18.616Z  (serving: Jennifer Ruggeri) sets: 3-6,1-0, game: 0-0, serving: P2
2026-02-26T07:56:33.493Z  (serving: Jennifer Ruggeri) game: 15-0
2026-02-26T07:57:19.101Z  (serving: Jennifer Ruggeri) game: 30-0
2026-02-26T07:58:06.389Z  (serving: Jennifer Ruggeri) game: 30-15
2026-02-26T07:58:43.822Z  (serving: Jennifer Ruggeri) game: 40-15
2026-02-26T07:59:17.646Z  (serving: Jennifer Ruggeri) game: 40-30
2026-02-26T08:00:07.260Z  (serving: Arina Bulatova) sets: 3-6,2-0, game: 0-0, serving: P1
2026-02-26T08:00:55.065Z  (serving: Arina Bulatova) game: 0-15
2026-02-26T08:01:30.697Z  (serving: Arina Bulatova) game: 0-30
2026-02-26T08:01:59.106Z  (serving: Arina Bulatova) game: 15-30
2026-02-26T08:02:27.971Z  (serving: Arina Bulatova) game: 30-30
2026-02-26T08:03:11.262Z  (serving: Arina Bulatova) game: 40-30
2026-02-26T08:03:56.816Z  (serving: Jennifer Ruggeri) sets: 3-6,3-0, game: 0-0, serving: P2
