2026-02-26T07:11:18.500Z  (serving: Aurora Zantedeschi) game: 0-15
2026-02-26T07:12:01.796Z  (serving: Aurora Zantedeschi) game: 0-30
2026-02-26T07:12:39.680Z  (serving: Aurora Zantedeschi) game: 15-30
2026-02-26T07:13:08.097Z  (serving: Aurora Zantedeschi) game: 15-40
2026-02-26T07:14:00.861Z  (serving: Aurora Zantedeschi) game: 30-40
2026-02-26T07:14:36.948Z  (serving: Tena Lukas) sets: 0-1, game: 0-0, serving: P2
2026-02-26T07:15:45.510Z  (serving: Tena Lukas) game: 15-0
2026-02-26T07:16:26.534Z  (serving: Tena Lukas) game: 15-15
2026-02-26T07:17:11.185Z  (serving: Tena Lukas) game: 15-30
2026-02-26T07:17:52.680Z  (serving: Tena Lukas) game: 15-40
2026-02-26T07:18:23.348Z  (serving: Aurora Zantedeschi) sets: 0-2, game: 0-0, serving: P1
2026-02-26T07:19:05.742Z  (serving: Aurora Zantedeschi) game: 15-0
2026-02-26T07:19:39.569Z  (serving: Aurora Zantedeschi) game: 30-0
2026-02-26T07:20:16.548Z  (serving: Aurora Zantedeschi) game: 40-0
2026-02-26T07:21:04.354Z  (serving: Tena Lukas) sets: 1-2, game: 0-0, serving: P2
2026-02-26T07:22:46.281Z  (serving: Tena Lukas) game: 0-15
2026-02-26T07:23:29.576Z  (serving: Tena Lukas) game: 15-15
2026-02-26T07:24:17.385Z  (serving: Tena Lukas) game: 15-30
2026-02-26T07:24:54.817Z  (serving: Tena Lukas) game: 15-40
2026-02-26T07:25:38.566Z  (serving: Tena Lukas) game: 30-40
2026-02-26T07:26:29.978Z  (serving: Tena Lukas) game: 40-40
2026-02-26T07:27:15.078Z  (serving: Tena Lukas) game: A-40
2026-02-26T07:27:54.766Z  (serving: Tena Lukas) game: 40-40
2026-02-26T07:28:37.614Z  (serving: Tena Lukas) game: 40-A
2026-02-26T07:29:28.123Z  (serving: Tena Lukas) game: 40-40
2026-02-26T07:30:04.205Z  (serving: Tena Lukas) game: A-40
2026-02-26T07:30:36.676Z  (serving: Tena Lukas) game: 40-40
2026-02-26T07:31:51.094Z  (serving: Tena Lukas) game: 40-A
2026-02-26T07:32:35.314Z  (serving: Aurora Zantedeschi) sets: 1-3, game: 0-0, serving: P1
2026-02-26T07:33:33.471Z  (serving: Aurora Zantedeschi) game: 0-15
2026-02-26T07:34:02.794Z  (serving: Aurora Zantedeschi) game: 15-15
2026-02-26T07:34:49.690Z  (serving: Aurora Zantedeschi) game: 30-15
2026-02-26T07:35:25.315Z  (serving: Aurora Zantedeschi) game: 30-30
2026-02-26T07:36:04.549Z  (serving: Aurora Zantedeschi) game: 30-40
2026-02-26T07:36:35.218Z  (serving: Tena Lukas) sets: 1-4, game: 0-0, serving: P2
2026-02-26T07:38:11.733Z  (serving: Tena Lukas) game: 0-15
2026-02-26T07:38:52.777Z  (serving: Tena Lukas) game: 0-30
2026-02-26T07:39:26.550Z  (serving: Tena Lukas) game: 15-30
2026-02-26T07:39:49.551Z  (serving: Tena Lukas) game: 15-40
2026-02-26T07:40:25.182Z  (serving: Tena Lukas) game: 30-40
2026-02-26T07:41:09.380Z  (serving: Aurora Zantedeschi) sets: 1-5, game: 0-0, serving: P1
2026-02-26T07:41:54.028Z  (serving: Aurora Zantedeschi) game: 15-0
2026-02-26T07:42:27.857Z  (serving: Aurora Zantedeschi) game: 15-15
2026-02-26T07:43:12.051Z  (serving: Aurora Zantedeschi) game: 15-30
2026-02-26T07:43:51.288Z  (serving: Aurora Zantedeschi) game: 15-40
2026-02-26T07:44:22.863Z  (serving: Aurora Zantedeschi) game: 30-40
2026-02-26T07:44:54.881Z  (serving: Tena Lukas) sets: 1-6,0-0, game: 0-0, serving: P2
2026-02-26T07:49:00.677Z  (serving: Tena Lukas) game: 15-0
2026-02-26T07:49:28.187Z  (serving: Tena Lukas) game: 15-15
2026-02-26T07:50:04.270Z  (serving: Tena Lukas) game: 15-30
2026-02-26T07:50:45.759Z  (serving: Tena Lukas) game: 30-30
2026-02-26T07:52:33.548Z  (serving: Tena Lukas) game: 30-40
2026-02-26T07:53:09.631Z  (serving: Tena Lukas) game: 40-40
2026-02-26T07:53:51.573Z  (serving: Tena Lukas) game: A-40
2026-02-26T07:54:25.397Z  (serving: Tena Lukas) game: 40-40
2026-02-26T07:55:28.091Z  (serving: Tena Lukas) game: A-40
2026-02-26T07:56:01.013Z  (serving: Aurora Zantedeschi) sets: 1-6,1-0, game: 0-0, serving: P1
2026-02-26T07:57:24.450Z  (serving: Aurora Zantedeschi) game: 15-0
2026-02-26T07:58:15.859Z  (serving: Aurora Zantedeschi) game: 30-0
2026-02-26T07:58:53.747Z  (serving: Aurora Zantedeschi) game: 30-15
2026-02-26T07:59:23.973Z  (serving: Aurora Zantedeschi) game: 30-30
2026-02-26T08:00:04.101Z  (serving: Aurora Zantedeschi) game: 30-40
2026-02-26T08:00:42.887Z  (serving: Aurora Zantedeschi) game: 40-40
2026-02-26T08:01:21.675Z  (serving: Aurora Zantedeschi) game: A-40
2026-02-26T08:02:10.830Z  (serving: Aurora Zantedeschi) game: 40-40
2026-02-26T08:03:17.575Z  (serving: Aurora Zantedeschi) game: A-40
2026-02-26T08:04:12.672Z  (serving: Tena Lukas) sets: 1-6,2-0, game: 0-0, serving: P2
