2026-02-26T07:39:22.492Z  (serving: Ayline Esina Samardzic) game: 30-15
2026-02-26T07:39:55.866Z  (serving: Ayline Esina Samardzic) game: 40-15
2026-02-26T07:40:44.573Z  (serving: Ayline Esina Samardzic) game: 40-30
2026-02-26T07:41:26.518Z  (serving: Kurumi Tamura) sets: 1-0, game: 0-0, serving: P2
2026-02-26T07:42:21.540Z  (serving: Kurumi Tamura) game: 0-15
2026-02-26T07:42:40.482Z  (serving: Kurumi Tamura) game: 0-30
2026-02-26T07:43:15.213Z  (serving: Kurumi Tamura) game: 15-30
2026-02-26T07:43:56.702Z  (serving: Kurumi Tamura) game: 30-30
2026-02-26T07:44:39.095Z  (serving: Kurumi Tamura) game: 30-40
2026-02-26T07:45:15.630Z  (serving: Ayline Esina Samardzic) sets: 1-1, game: 0-0, serving: P1
2026-02-26T07:46:08.393Z  (serving: Ayline Esina Samardzic) game: 0-15
2026-02-26T07:46:36.362Z  (serving: Ayline Esina Samardzic) game: 0-30
2026-02-26T07:47:02.514Z  (serving: Ayline Esina Samardzic) game: 15-30
2026-02-26T07:47:32.285Z  (serving: Ayline Esina Samardzic) game: 30-30
2026-02-26T07:48:09.714Z  (serving: Ayline Esina Samardzic) game: 40-30
2026-02-26T07:48:33.168Z  (serving: Kurumi Tamura) sets: 2-1, game: 0-0, serving: P2
2026-02-26T07:49:59.308Z  (serving: Kurumi Tamura) game: 0-15
2026-02-26T07:50:39.447Z  (serving: Kurumi Tamura) game: 15-15
2026-02-26T07:51:12.820Z  (serving: Kurumi Tamura) game: 15-30
2026-02-26T07:51:40.331Z  (serving: Kurumi Tamura) game: 30-30
2026-02-26T07:52:02.895Z  (serving: Kurumi Tamura) game: 40-30
2026-02-26T07:52:26.332Z  (serving: Kurumi Tamura) game: 40-40
2026-02-26T07:53:14.590Z  (serving: Kurumi Tamura) game: 40-A
2026-02-26T07:54:02.396Z  (serving: Kurumi Tamura) game: 40-40
2026-02-26T07:54:52.922Z  (serving: Kurumi Tamura) game: A-40
2026-02-26T07:55:33.952Z  (serving: Kurumi Tamura) game: 40-40
2026-02-26T07:56:29.424Z  (serving: Kurumi Tamura) game: A-40
2026-02-26T07:57:01.982Z  (serving: Kurumi Tamura) game: 40-40
2026-02-26T07:57:50.609Z  (serving: Kurumi Tamura) game: 40-A
2026-02-26T07:58:19.016Z  (serving: Kurumi Tamura) game: 40-40
2026-02-26T07:59:23.075Z  (serving: Kurumi Tamura) game: 40-A
2026-02-26T08:00:40.183Z  (serving: Ayline Esina Samardzic) sets: 2-2, game: 0-0, serving: P1
2026-02-26T08:01:45.124Z  (serving: Ayline Esina Samardzic) game: 15-0
2026-02-26T08:02:18.500Z  (serving: Ayline Esina Samardzic) game: 30-0
2026-02-26T08:03:14.420Z  (serving: Ayline Esina Samardzic) game: 40-0
2026-02-26T08:04:07.736Z  (serving: Kurumi Tamura) sets: 3-2, game: 0-0, serving: P2
