2026-02-26T06:05:47.798Z  (serving: Goto/Wang) game: 40-15
2026-02-26T06:05:57.264Z  (serving: Goto/Wang) game: 40-30
2026-02-26T06:06:25.730Z  (serving: Barry/Osborne) sets: 5-0, game: 0-0, serving: P1
2026-02-26T06:06:38.291Z  (serving: Goto/Wang) sets: 4-0, game: 40-30, serving: P2
2026-02-26T06:06:43.713Z  (serving: Goto/Wang) game: 40-40
2026-02-26T06:07:02.708Z  (serving: Barry/Osborne) sets: 4-1, game: 0-0, serving: P1
2026-02-26T06:08:53.141Z  (serving: Barry/Osborne) game: 15-0
2026-02-26T06:09:27.628Z  (serving: Barry/Osborne) game: 15-15
2026-02-26T06:10:01.006Z  (serving: Barry/Osborne) game: 15-30
2026-02-26T06:10:45.215Z  (serving: Barry/Osborne) game: 30-30
2026-02-26T06:11:29.462Z  (serving: Barry/Osborne) game: 40-30
2026-02-26T06:12:04.575Z  (serving: Barry/Osborne) game: 40-40
2026-02-26T06:12:41.560Z  (serving: Goto/Wang) sets: 5-1, game: 0-0, serving: P2
2026-02-26T06:13:40.629Z  (serving: Goto/Wang) game: 0-15
2026-02-26T06:14:24.454Z  (serving: Goto/Wang) game: 0-30
2026-02-26T06:15:08.587Z  (serving: Goto/Wang) game: 15-30
2026-02-26T06:15:48.274Z  (serving: Goto/Wang) game: 15-40
2026-02-26T06:16:25.707Z  (serving: Goto/Wang) game: 30-40
2026-02-26T06:16:54.575Z  (serving: Barry/Osborne) sets: 5-2, game: 0-0, serving: P1
2026-02-26T06:18:41.481Z  (serving: Barry/Osborne) game: 15-0
2026-02-26T06:20:30.169Z  (serving: Barry/Osborne) game: 30-0
2026-02-26T06:20:31.571Z  (serving: Barry/Osborne) game: 40-0
2026-02-26T06:20:33.820Z  (serving: Goto/Wang) sets: 6-2,0-0, game: 0-0, serving: P2
2026-02-26T06:22:22.900Z  (serving: Goto/Wang) game: 15-0
2026-02-26T06:22:50.418Z  (serving: Goto/Wang) game: 15-15
2026-02-26T06:23:16.149Z  (serving: Goto/Wang) game: 30-15
2026-02-26T06:23:40.491Z  (serving: Goto/Wang) game: 40-15
2026-02-26T06:24:12.048Z  (serving: Barry/Osborne) sets: 6-2,1-0, game: 0-0, serving: P1
2026-02-26T06:25:25.155Z  (serving: Barry/Osborne) game: 0-15
2026-02-26T06:26:05.244Z  (serving: Barry/Osborne) game: 0-30
2026-02-26T06:26:41.844Z  (serving: Barry/Osborne) game: 0-40
2026-02-26T06:27:13.383Z  (serving: Goto/Wang) sets: 6-2,1-1, game: 0-0, serving: P2
2026-02-26T06:27:54.388Z  (serving: Goto/Wang) game: 15-0
2026-02-26T06:28:46.731Z  (serving: Goto/Wang) game: 30-0
2026-02-26T06:29:17.399Z  (serving: Goto/Wang) game: 30-15
2026-02-26T06:29:33.634Z  (serving: Goto/Wang) game: 30-30
2026-02-26T06:30:10.618Z  (serving: Goto/Wang) game: 30-40
2026-02-26T06:30:35.048Z  (serving: Goto/Wang) game: 40-40
2026-02-26T06:31:08.346Z  (serving: Barry/Osborne) sets: 6-2,1-2, game: 0-0, serving: P1
2026-02-26T06:32:43.064Z  (serving: Barry/Osborne) game: 0-15
2026-02-26T06:33:13.274Z  (serving: Barry/Osborne) game: 15-15
2026-02-26T06:33:44.899Z  (serving: Barry/Osborne) game: 15-30
2026-02-26T06:41:19.199Z  (serving: Barry/Osborne) game: 0-30
2026-02-26T06:41:48.935Z  (serving: Barry/Osborne) game: 15-30
2026-02-26T06:42:32.232Z  (serving: Barry/Osborne) game: 15-40
2026-02-26T06:43:24.547Z  (serving: Goto/Wang) sets: 6-2,1-5, game: 0-0, serving: P2
2026-02-26T06:44:04.687Z  (serving: Goto/Wang) game: 0-15
2026-02-26T06:44:26.335Z  (serving: Goto/Wang) game: 15-15
2026-02-26T06:44:48.887Z  (serving: Goto/Wang) game: 15-30
2026-02-26T06:45:16.855Z  (serving: Goto/Wang) game: 30-30
2026-02-26T06:45:43.007Z  (serving: Goto/Wang) game: 30-40
2026-02-26T06:46:07.362Z  (serving: Goto/Wang) game: 40-40
2026-02-26T06:46:43.894Z  (serving: Barry/Osborne) sets: 6-2,1-6,0-0, game: 0-0, serving: P1
2026-02-26T06:51:10.890Z  (serving: Goto/Wang) game: 1-0, serving: P2
2026-02-26T06:54:21.665Z  (serving: Goto/Wang) game: 1-1
2026-02-26T06:54:25.276Z  (serving: Barry/Osborne) game: 1-2, serving: P1
2026-02-26T06:54:27.077Z  (serving: Barry/Osborne) game: 2-2
2026-02-26T06:54:29.334Z  (serving: Goto/Wang) game: 3-2, serving: P2
2026-02-26T06:54:31.591Z  (serving: Barry/Osborne) game: 2-2, serving: P1
2026-02-26T06:54:32.489Z  (serving: Goto/Wang) game: 2-3, serving: P2
2026-02-26T06:54:34.744Z  (serving: Goto/Wang) game: 2-4
2026-02-26T06:56:19.378Z  (serving: Barry/Osborne) game: 2-5, serving: P1
2026-02-26T06:56:21.647Z  (serving: Barry/Osborne) game: 2-6
2026-02-26T06:56:22.985Z  (serving: Goto/Wang) game: 2-7, serving: P2
2026-02-26T06:56:24.801Z  (serving: Barry/Osborne) game: 2-6, serving: P1
2026-02-26T06:56:25.240Z  (serving: Barry/Osborne) game: 2-5
2026-02-26T06:56:26.594Z  (serving: Barry/Osborne) game: 3-5
2026-02-26T06:56:27.949Z  (serving: Goto/Wang) game: 4-5, serving: P2
2026-02-26T06:56:55.006Z  (serving: Goto/Wang) game: 5-5
2026-02-26T06:57:19.893Z  (serving: Barry/Osborne) game: 5-6, serving: P1
2026-02-26T06:57:58.151Z  (serving: Barry/Osborne) game: 6-6
2026-02-26T06:58:49.561Z  (serving: Goto/Wang) game: 7-6, serving: P2
2026-02-26T06:59:22.033Z  (serving: Goto/Wang) game: 8-6
2026-02-26T06:59:55.861Z  (serving: Barry/Osborne) game: 8-7, serving: P1
2026-02-26T07:00:53.233Z  (serving: Barry/Osborne) game: 8-8
2026-02-26T07:01:34.281Z  (serving: Goto/Wang) game: 9-8, serving: P2
2026-02-26T07:02:00.885Z  (serving: Goto/Wang) sets: 6-2,1-6,1-0, game: 0-0
