2026-02-26T02:49:41.256Z  (serving: Patrick Kypson) game: 30-40
2026-02-26T02:50:39.435Z  (serving: Patrick Kypson) game: 40-40
2026-02-26T02:51:14.610Z  (serving: Patrick Kypson) game: 40-A
2026-02-26T02:51:44.023Z  (serving: Brandon Nakashima) sets: 5-4, game: 0-0
2026-02-26T02:53:56.167Z  (serving: Brandon Nakashima) game: 15-0
2026-02-26T02:54:15.108Z  (serving: Brandon Nakashima) game: 30-0
2026-02-26T02:54:54.795Z  (serving: Brandon Nakashima) game: 30-15
2026-02-26T02:55:26.365Z  (serving: Brandon Nakashima) game: 40-15
2026-02-26T02:56:10.124Z  (serving: Patrick Kypson) sets: 6-4,0-0, game: 0-0, serving: P2
2026-02-26T02:58:44.356Z  (serving: Patrick Kypson) game: 0-15
2026-02-26T02:59:14.121Z  (serving: Patrick Kypson) game: 15-15
2026-02-26T02:59:45.693Z  (serving: Patrick Kypson) game: 30-15
2026-02-26T03:00:22.676Z  (serving: Patrick Kypson) game: 40-15
2026-02-26T03:00:56.047Z  (serving: Patrick Kypson) game: 40-30
2026-02-26T03:01:33.485Z  (serving: Brandon Nakashima) sets: 6-4,1-0, game: 0-0, serving: P1
2026-02-26T03:02:30.758Z  (serving: Brandon Nakashima) game: 15-0
2026-02-26T03:03:00.533Z  (serving: Brandon Nakashima) game: 30-0
2026-02-26T03:03:24.881Z  (serving: Brandon Nakashima) game: 40-0
2026-02-26T03:03:48.337Z  (serving: Patrick Kypson) sets: 6-4,2-0, game: 0-0
2026-02-26T03:03:48.337Z  (serving: Patrick Kypson) serving: P2
2026-02-26T03:04:24.881Z  (serving: Patrick Kypson) game: 0-15
2026-02-26T03:04:52.842Z  (serving: Patrick Kypson) game: 0-30
2026-02-26T03:05:41.158Z  (serving: Brandon Nakashima) game: 0-40
2026-02-26T03:06:23.100Z  (serving: Brandon Nakashima) sets: 6-4,2-1, game: 0-0
2026-02-26T03:08:44.718Z  (serving: Brandon Nakashima) game: 15-0
2026-02-26T03:09:16.284Z  (serving: Brandon Nakashima) game: 30-0
2026-02-26T03:10:00.936Z  (serving: Brandon Nakashima) game: 30-15
2026-02-26T03:10:46.037Z  (serving: Brandon Nakashima) game: 40-15
2026-02-26T03:11:31.143Z  (serving: Patrick Kypson) sets: 6-4,3-1, game: 0-0, serving: P2
2026-02-26T03:12:19.398Z  (serving: Patrick Kypson) game: 0-15
2026-02-26T03:12:49.616Z  (serving: Patrick Kypson) game: 0-30
2026-02-26T03:13:18.932Z  (serving: Patrick Kypson) game: 0-40
2026-02-26T03:13:58.619Z  (serving: Patrick Kypson) game: 15-40
2026-02-26T03:14:43.268Z  (serving: Patrick Kypson) game: 30-40
2026-02-26T03:15:19.352Z  (serving: Brandon Nakashima) sets: 6-4,3-2, game: 0-0, serving: P1
2026-02-26T03:17:59.456Z  (serving: Brandon Nakashima) game: 15-0
2026-02-26T03:18:45.016Z  (serving: Brandon Nakashima) game: 15-15
2026-02-26T03:19:39.132Z  (serving: Brandon Nakashima) game: 15-30
2026-02-26T03:20:09.798Z  (serving: Brandon Nakashima) game: 30-30
2026-02-26T03:20:54.903Z  (serving: Brandon Nakashima) game: 40-30
2026-02-26T03:21:34.597Z  (serving: Patrick Kypson) sets: 6-4,4-2, game: 0-0, serving: P2
2026-02-26T03:22:44.952Z  (serving: Patrick Kypson) game: 0-15
2026-02-26T03:23:09.754Z  (serving: Patrick Kypson) game: 15-15
2026-02-26T03:23:44.489Z  (serving: Patrick Kypson) game: 30-15
2026-02-26T03:24:24.620Z  (serving: Patrick Kypson) game: 30-30
2026-02-26T03:25:08.823Z  (serving: Patrick Kypson) game: 30-40
2026-02-26T03:25:44.904Z  (serving: Patrick Kypson) game: 40-40
2026-02-26T03:26:22.340Z  (serving: Patrick Kypson) game: 40-A
2026-02-26T03:26:52.106Z  (serving: Brandon Nakashima) sets: 6-4,4-3, game: 0-0, serving: P1
2026-02-26T03:29:19.578Z  (serving: Brandon Nakashima) game: 0-15
2026-02-26T03:29:47.991Z  (serving: Brandon Nakashima) game: 15-15
2026-02-26T03:30:13.707Z  (serving: Brandon Nakashima) game: 30-15
2026-02-26T03:30:38.054Z  (serving: Brandon Nakashima) game: 40-15
2026-02-26T03:31:11.500Z  (serving: Brandon Nakashima) game: 40-30
2026-02-26T03:32:10.058Z  (serving: Brandon Nakashima) game: 40-40
2026-02-26T03:32:41.122Z  (serving: Brandon Nakashima) game: A-40
2026-02-26T03:33:10.438Z  (serving: Patrick Kypson) sets: 6-4,5-3, game: 0-0
2026-02-26T03:33:10.438Z  (serving: Patrick Kypson) serving: P2
2026-02-26T03:33:54.184Z  (serving: Patrick Kypson) game: 0-15
2026-02-26T03:34:35.674Z  (serving: Patrick Kypson) game: 15-15
2026-02-26T03:35:08.144Z  (serving: Patrick Kypson) game: 15-30
2026-02-26T03:35:38.376Z  (serving: Brandon Nakashima) game: 15-40
2026-02-26T03:36:19.856Z  (serving: Brandon Nakashima) game: 30-40
2026-02-26T03:37:00.447Z  (serving: Brandon Nakashima) sets: 6-4,5-4, game: 0-0
2026-02-26T03:39:17.549Z  (serving: Brandon Nakashima) game: 15-0
2026-02-26T03:39:40.100Z  (serving: Brandon Nakashima) game: 30-0
2026-02-26T03:40:17.083Z  (serving: Brandon Nakashima) game: 40-0
2026-02-26T03:40:44.144Z  (serving: Brandon Nakashima) sets: 6-4,6-4, game: 0-0
