2026-02-26T02:50:40.337Z  (serving: Omar Jasika) game: 0-15
2026-02-26T02:51:37.259Z  (serving: Omar Jasika) game: 15-15
2026-02-26T02:52:00.799Z  (serving: Omar Jasika) game: 30-15
2026-02-26T02:52:29.678Z  (serving: Omar Jasika) game: 40-15
2026-02-26T02:52:57.127Z  (serving: Omar Jasika) game: 40-30
2026-02-26T02:53:39.929Z  (serving: Colin Sinclair) sets: 3-6,5-1, game: 0-0, serving: P1
2026-02-26T02:54:31.793Z  (serving: Colin Sinclair) game: 15-0
2026-02-26T02:55:00.676Z  (serving: Colin Sinclair) game: 30-0
2026-02-26T02:55:15.539Z  (serving: Colin Sinclair) game: 40-0
2026-02-26T02:55:33.580Z  (serving: Colin Sinclair) game: 40-15
2026-02-26T02:55:58.843Z  (serving: Omar Jasika) sets: 3-6,6-1,0-0, game: 0-0, serving: P2
2026-02-26T02:57:21.838Z  (serving: Omar Jasika) game: 0-15
2026-02-26T02:57:51.141Z  (serving: Omar Jasika) game: 15-15
2026-02-26T02:58:28.137Z  (serving: Omar Jasika) game: 15-30
2026-02-26T02:59:05.550Z  (serving: Omar Jasika) game: 15-40
2026-02-26T02:59:35.316Z  (serving: Colin Sinclair) sets: 3-6,6-1,0-1, game: 0-0, serving: P1
2026-02-26T03:00:51.592Z  (serving: Colin Sinclair) game: 15-0
2026-02-26T03:01:41.147Z  (serving: Colin Sinclair) game: 15-15
2026-02-26T03:02:23.992Z  (serving: Colin Sinclair) game: 15-30
2026-02-26T03:02:53.307Z  (serving: Colin Sinclair) game: 30-30
2026-02-26T03:03:33.909Z  (serving: Colin Sinclair) game: 30-40
2026-02-26T03:04:46.527Z  (serving: Colin Sinclair) game: 30-30
2026-02-26T03:04:48.334Z  (serving: Colin Sinclair) game: 15-30
2026-02-26T03:04:50.145Z  (serving: Colin Sinclair) game: 15-15
2026-02-26T03:04:58.705Z  (serving: Colin Sinclair) game: 15-30
2026-02-26T03:05:00.960Z  (serving: Colin Sinclair) game: 30-30
2026-02-26T03:05:02.315Z  (serving: Colin Sinclair) game: 30-40
2026-02-26T03:05:27.572Z  (serving: Omar Jasika) sets: 3-6,6-1,0-2, game: 0-0, serving: P2
2026-02-26T03:05:35.786Z  (serving: Omar Jasika) game: 0-30
2026-02-26T03:05:53.783Z  (serving: Omar Jasika) game: 15-30
2026-02-26T03:07:24.439Z  (serving: Omar Jasika) game: 15-40
2026-02-26T03:07:39.327Z  (serving: Omar Jasika) game: 30-40
2026-02-26T03:08:21.260Z  (serving: Omar Jasika) game: 40-40
2026-02-26T03:09:06.811Z  (serving: Omar Jasika) game: 40-A
2026-02-26T03:10:12.216Z  (serving: Colin Sinclair) sets: 3-6,6-1,0-3, game: 0-0, serving: P1
2026-02-26T03:13:04.949Z  (serving: Colin Sinclair) game: 15-0
2026-02-26T03:13:44.187Z  (serving: Colin Sinclair) game: 15-15
2026-02-26T03:14:11.249Z  (serving: Colin Sinclair) game: 30-15
2026-02-26T03:14:44.625Z  (serving: Colin Sinclair) game: 40-15
2026-02-26T03:15:17.999Z  (serving: Colin Sinclair) game: 40-30
2026-02-26T03:15:59.490Z  (serving: Omar Jasika) sets: 3-6,6-1,1-3, game: 0-0, serving: P2
2026-02-26T03:16:36.926Z  (serving: Omar Jasika) game: 0-15
2026-02-26T03:17:28.341Z  (serving: Omar Jasika) game: 0-30
2026-02-26T03:17:53.142Z  (serving: Omar Jasika) game: 0-40
2026-02-26T03:18:12.537Z  (serving: Colin Sinclair) sets: 3-6,6-1,1-4, game: 0-0, serving: P1
2026-02-26T03:19:34.168Z  (serving: Colin Sinclair) game: 15-0
2026-02-26T03:20:11.616Z  (serving: Colin Sinclair) game: 15-15
2026-02-26T03:20:59.881Z  (serving: Colin Sinclair) game: 15-30
2026-02-26T03:21:50.848Z  (serving: Colin Sinclair) game: 30-30
2026-02-26T03:22:26.925Z  (serving: Colin Sinclair) game: 40-30
2026-02-26T03:23:17.429Z  (serving: Omar Jasika) sets: 3-6,6-1,2-4, game: 0-0, serving: P2
2026-02-26T03:23:56.656Z  (serving: Omar Jasika) game: 0-15
2026-02-26T03:24:12.443Z  (serving: Omar Jasika) game: 15-15
2026-02-26T03:24:39.571Z  (serving: Omar Jasika) game: 15-30
2026-02-26T03:25:12.000Z  (serving: Omar Jasika) game: 15-40
2026-02-26T03:25:40.840Z  (serving: Colin Sinclair) sets: 3-6,6-1,2-5, game: 0-0, serving: P1
2026-02-26T03:28:30.873Z  (serving: Colin Sinclair) game: 15-0
2026-02-26T03:28:59.300Z  (serving: Colin Sinclair) game: 15-15
2026-02-26T03:29:32.207Z  (serving: Colin Sinclair) game: 30-15
2026-02-26T03:29:55.667Z  (serving: Colin Sinclair) game: 30-30
2026-02-26T03:30:34.070Z  (serving: Colin Sinclair) game: 30-40
2026-02-26T03:31:33.074Z  (serving: Colin Sinclair) game: 40-40
2026-02-26T03:32:13.298Z  (serving: Colin Sinclair) game: A-40
2026-02-26T03:32:44.334Z  (serving: Colin Sinclair) game: 40-40
2026-02-26T03:33:42.004Z  (serving: Colin Sinclair) game: A-40
2026-02-26T03:33:56.887Z  (serving: Omar Jasika) sets: 3-6,6-1,3-5, game: 0-0, serving: P2
2026-02-26T03:37:45.998Z  (serving: Omar Jasika) game: 0-15
2026-02-26T03:37:49.610Z  (serving: Omar Jasika) game: 15-15
2026-02-26T03:37:53.214Z  (serving: Omar Jasika) game: 15-30
2026-02-26T03:38:02.684Z  (serving: Omar Jasika) game: 15-40
2026-02-26T03:38:05.395Z  (serving: Omar Jasika) sets: 3-6,6-1,3-6, game: 0-0
