2026-02-26T07:12:14.875Z  (serving: Cristiana Nicoleta Todoni) game: 0-15
2026-02-26T07:12:50.110Z  (serving: Cristiana Nicoleta Todoni) game: 15-15
2026-02-26T07:13:27.487Z  (serving: Cristiana Nicoleta Todoni) game: 30-15
2026-02-26T07:13:59.058Z  (serving: Cristiana Nicoleta Todoni) game: 30-30
2026-02-26T07:15:33.318Z  (serving: Cristiana Nicoleta Todoni) game: 40-30
2026-02-26T07:16:27.439Z  (serving: Cristiana Nicoleta Todoni) game: 40-40
2026-02-26T07:17:41.855Z  (serving: Cristiana Nicoleta Todoni) game: A-40
2026-02-26T07:18:13.424Z  (serving: Cristiana Nicoleta Todoni) game: 40-40
2026-02-26T07:18:50.858Z  (serving: Cristiana Nicoleta Todoni) game: 40-A
2026-02-26T07:19:37.761Z  (serving: Giorgia Pedone) sets: 0-1, game: 0-0, serving: P2
2026-02-26T07:21:25.557Z  (serving: Giorgia Pedone) game: 15-0
2026-02-26T07:22:10.200Z  (serving: Giorgia Pedone) game: 15-15
2026-02-26T07:22:48.986Z  (serving: Giorgia Pedone) game: 15-30
2026-02-26T07:23:38.146Z  (serving: Giorgia Pedone) game: 30-30
2026-02-26T07:24:29.563Z  (serving: Giorgia Pedone) game: 30-40
2026-02-26T07:25:20.526Z  (serving: Giorgia Pedone) game: 40-40
2026-02-26T07:25:54.802Z  (serving: Giorgia Pedone) game: A-40
2026-02-26T07:26:31.333Z  (serving: Cristiana Nicoleta Todoni) sets: 1-1, game: 0-0, serving: P1
2026-02-26T07:27:14.627Z  (serving: Cristiana Nicoleta Todoni) game: 15-0
2026-02-26T07:27:34.021Z  (serving: Cristiana Nicoleta Todoni) game: 15-15
2026-02-26T07:28:12.852Z  (serving: Cristiana Nicoleta Todoni) game: 30-15
2026-02-26T07:28:38.519Z  (serving: Cristiana Nicoleta Todoni) game: 40-15
2026-02-26T07:29:11.017Z  (serving: Giorgia Pedone) sets: 2-1, game: 0-0, serving: P2
2026-02-26T07:30:50.759Z  (serving: Giorgia Pedone) game: 0-15
2026-02-26T07:31:14.109Z  (serving: Giorgia Pedone) game: 0-30
2026-02-26T07:31:53.347Z  (serving: Giorgia Pedone) game: 15-30
2026-02-26T07:32:43.859Z  (serving: Giorgia Pedone) game: 15-40
2026-02-26T07:33:39.783Z  (serving: Giorgia Pedone) game: 30-40
2026-02-26T07:34:13.608Z  (serving: Cristiana Nicoleta Todoni) sets: 2-2, game: 0-0, serving: P1
2026-02-26T07:38:21.207Z  (serving: Cristiana Nicoleta Todoni) game: 15-0
2026-02-26T07:40:26.089Z  (serving: Cristiana Nicoleta Todoni) game: 15-15
2026-02-26T07:40:31.949Z  (serving: Cristiana Nicoleta Todoni) game: 15-30
2026-02-26T07:40:47.281Z  (serving: Cristiana Nicoleta Todoni) game: 15-40
2026-02-26T07:40:59.913Z  (serving: Giorgia Pedone) sets: 2-3, game: 0-0, serving: P2
2026-02-26T07:42:35.972Z  (serving: Giorgia Pedone) game: 0-15
2026-02-26T07:43:51.288Z  (serving: Giorgia Pedone) game: 0-30
2026-02-26T07:44:37.742Z  (serving: Giorgia Pedone) game: 0-40
2026-02-26T07:44:54.881Z  (serving: Giorgia Pedone) game: 15-40
2026-02-26T07:44:58.939Z  (serving: Giorgia Pedone) game: 30-40
2026-02-26T07:45:01.648Z  (serving: Giorgia Pedone) game: 40-40
2026-02-26T07:45:32.764Z  (serving: Giorgia Pedone) game: A-40
2026-02-26T07:45:34.568Z  (serving: Giorgia Pedone) game: 40-40
2026-02-26T07:46:00.725Z  (serving: Giorgia Pedone) game: A-40
2026-02-26T07:46:48.082Z  (serving: Cristiana Nicoleta Todoni) sets: 3-3, game: 0-0, serving: P1
2026-02-26T07:47:51.223Z  (serving: Cristiana Nicoleta Todoni) game: 0-15
2026-02-26T07:48:20.089Z  (serving: Cristiana Nicoleta Todoni) game: 0-30
2026-02-26T07:48:41.287Z  (serving: Cristiana Nicoleta Todoni) game: 15-30
2026-02-26T07:48:56.618Z  (serving: Cristiana Nicoleta Todoni) game: 30-30
2026-02-26T07:49:42.173Z  (serving: Cristiana Nicoleta Todoni) game: 40-30
2026-02-26T07:50:29.978Z  (serving: Cristiana Nicoleta Todoni) game: 40-40
2026-02-26T07:51:47.997Z  (serving: Cristiana Nicoleta Todoni) game: 40-A
2026-02-26T07:52:34.903Z  (serving: Giorgia Pedone) sets: 3-4, game: 0-0, serving: P2
2026-02-26T07:54:48.850Z  (serving: Giorgia Pedone) game: 15-0
2026-02-26T07:55:20.424Z  (serving: Giorgia Pedone) game: 30-0
2026-02-26T07:55:57.856Z  (serving: Giorgia Pedone) game: 40-0
2026-02-26T07:56:21.756Z  (serving: Giorgia Pedone) game: 40-15
2026-02-26T07:57:00.604Z  (serving: Cristiana Nicoleta Todoni) sets: 4-4, game: 0-0, serving: P1
2026-02-26T07:57:38.435Z  (serving: Cristiana Nicoleta Todoni) game: 15-0
2026-02-26T07:58:30.768Z  (serving: Cristiana Nicoleta Todoni) game: 15-15
2026-02-26T07:59:21.261Z  (serving: Cristiana Nicoleta Todoni) game: 30-15
2026-02-26T07:59:50.570Z  (serving: Cristiana Nicoleta Todoni) game: 40-15
2026-02-26T08:00:18.984Z  (serving: Giorgia Pedone) sets: 5-4, game: 0-0, serving: P2
2026-02-26T08:02:06.322Z  (serving: Giorgia Pedone) game: 15-0
2026-02-26T08:02:24.814Z  (serving: Giorgia Pedone) game: 15-15
2026-02-26T08:02:55.932Z  (serving: Giorgia Pedone) game: 15-30
2026-02-26T08:03:27.048Z  (serving: Giorgia Pedone) game: 15-40
2026-02-26T08:03:58.625Z  (serving: Giorgia Pedone) game: 30-40
