2026-02-26T02:54:07.439Z  (serving: Marina Stakusic) game: 15-0
2026-02-26T02:54:37.657Z  (serving: Marina Stakusic) game: 15-15
2026-02-26T02:55:04.716Z  (serving: Marina Stakusic) game: 30-15
2026-02-26T02:55:28.175Z  (serving: Marina Stakusic) game: 30-30
2026-02-26T02:55:51.620Z  (serving: Marina Stakusic) game: 40-30
2026-02-26T02:56:31.761Z  (serving: Cristina Bucsa) sets: 1-0, game: 0-0, serving: P1
2026-02-26T02:57:44.828Z  (serving: Cristina Bucsa) game: 15-0
2026-02-26T02:58:22.261Z  (serving: Cristina Bucsa) game: 15-15
2026-02-26T02:59:03.747Z  (serving: Cristina Bucsa) game: 15-30
2026-02-26T02:59:32.610Z  (serving: Cristina Bucsa) game: 15-40
2026-02-26T02:59:56.514Z  (serving: Cristina Bucsa) game: 30-40
2026-02-26T03:00:26.288Z  (serving: Marina Stakusic) sets: 1-1, game: 0-0, serving: P2
2026-02-26T03:01:19.947Z  (serving: Marina Stakusic) game: 15-0
2026-02-26T03:02:34.827Z  (serving: Marina Stakusic) game: 15-15
2026-02-26T03:03:12.704Z  (serving: Marina Stakusic) game: 30-15
2026-02-26T03:03:51.512Z  (serving: Marina Stakusic) game: 40-15
2026-02-26T03:04:20.367Z  (serving: Cristina Bucsa) sets: 2-1, game: 0-0, serving: P1
2026-02-26T03:06:40.244Z  (serving: Cristina Bucsa) game: 15-0
2026-02-26T03:07:25.790Z  (serving: Cristina Bucsa) game: 30-0
2026-02-26T03:08:11.796Z  (serving: Cristina Bucsa) game: 40-0
2026-02-26T03:08:49.674Z  (serving: Marina Stakusic) sets: 3-1, game: 0-0, serving: P2
2026-02-26T03:09:46.956Z  (serving: Marina Stakusic) game: 0-15
2026-02-26T03:10:31.604Z  (serving: Marina Stakusic) game: 15-15
2026-02-26T03:11:06.334Z  (serving: Marina Stakusic) game: 30-15
2026-02-26T03:12:01.809Z  (serving: Marina Stakusic) game: 40-15
2026-02-26T03:12:54.623Z  (serving: Marina Stakusic) game: 40-30
2026-02-26T03:13:26.605Z  (serving: Marina Stakusic) game: 40-40
2026-02-26T03:14:04.937Z  (serving: Marina Stakusic) game: 40-A
2026-02-26T03:14:53.190Z  (serving: Cristina Bucsa) sets: 3-2, game: 0-0, serving: P1
2026-02-26T03:16:58.123Z  (serving: Cristina Bucsa) game: 15-0
2026-02-26T03:17:46.828Z  (serving: Cristina Bucsa) game: 15-15
2026-02-26T03:18:19.300Z  (serving: Cristina Bucsa) game: 15-30
2026-02-26T03:18:49.095Z  (serving: Cristina Bucsa) game: 15-40
2026-02-26T03:19:23.344Z  (serving: Marina Stakusic) sets: 3-3, game: 0-0, serving: P2
2026-02-26T03:20:23.327Z  (serving: Marina Stakusic) game: 15-0
2026-02-26T03:21:02.166Z  (serving: Marina Stakusic) game: 30-0
2026-02-26T03:21:51.285Z  (serving: Marina Stakusic) game: 30-15
2026-02-26T03:22:25.574Z  (serving: Marina Stakusic) game: 40-15
2026-02-26T03:22:57.125Z  (serving: Marina Stakusic) game: 40-30
2026-02-26T03:23:38.619Z  (serving: Cristina Bucsa) sets: 4-3, game: 0-0, serving: P1
2026-02-26T03:25:44.904Z  (serving: Cristina Bucsa) game: 15-0
2026-02-26T03:26:30.914Z  (serving: Cristina Bucsa) game: 30-0
2026-02-26T03:26:59.326Z  (serving: Cristina Bucsa) game: 40-0
2026-02-26T03:27:31.799Z  (serving: Cristina Bucsa) game: 40-15
2026-02-26T03:27:57.048Z  (serving: Marina Stakusic) sets: 5-3, game: 0-0, serving: P2
2026-02-26T03:28:37.635Z  (serving: Marina Stakusic) game: 0-15
2026-02-26T03:29:10.583Z  (serving: Marina Stakusic) game: 0-30
2026-02-26T03:29:44.846Z  (serving: Marina Stakusic) game: 15-30
2026-02-26T03:30:36.702Z  (serving: Marina Stakusic) game: 30-30
2026-02-26T03:31:19.558Z  (serving: Marina Stakusic) game: 30-40
2026-02-26T03:32:03.295Z  (serving: Marina Stakusic) game: 40-40
2026-02-26T03:32:35.712Z  (serving: Marina Stakusic) game: 40-A
2026-02-26T03:33:14.499Z  (serving: Marina Stakusic) game: 40-40
2026-02-26T03:33:49.672Z  (serving: Marina Stakusic) game: 40-A
2026-02-26T03:34:12.221Z  (serving: Marina Stakusic) game: 40-40
2026-02-26T03:34:36.127Z  (serving: Marina Stakusic) game: 40-A
2026-02-26T03:35:00.930Z  (serving: Cristina Bucsa) sets: 5-4, game: 0-0, serving: P1
2026-02-26T03:37:07.230Z  (serving: Cristina Bucsa) game: 0-15
2026-02-26T03:37:30.663Z  (serving: Cristina Bucsa) game: 15-15
2026-02-26T03:38:04.495Z  (serving: Cristina Bucsa) game: 15-30
2026-02-26T03:38:35.610Z  (serving: Cristina Bucsa) game: 15-40
2026-02-26T03:38:55.450Z  (serving: Cristina Bucsa) game: 30-40
2026-02-26T03:39:41.000Z  (serving: Marina Stakusic) sets: 5-5, game: 0-0, serving: P2
2026-02-26T03:40:28.811Z  (serving: Marina Stakusic) game: 15-0
2026-02-26T03:40:54.968Z  (serving: Marina Stakusic) game: 15-15
2026-02-26T03:41:32.400Z  (serving: Marina Stakusic) game: 30-15
2026-02-26T03:42:13.090Z  (serving: Marina Stakusic) game: 40-15
2026-02-26T03:42:48.272Z  (serving: Marina Stakusic) game: 40-30
2026-02-26T03:43:26.154Z  (serving: Marina Stakusic) game: 40-40
2026-02-26T03:44:05.840Z  (serving: Marina Stakusic) game: 40-A
2026-02-26T03:44:41.472Z  (serving: Marina Stakusic) game: 40-40
2026-02-26T03:45:14.840Z  (serving: Marina Stakusic) game: A-40
2026-02-26T03:45:44.154Z  (serving: Marina Stakusic) game: 40-40
2026-02-26T03:46:22.489Z  (serving: Marina Stakusic) game: 40-A
2026-02-26T03:47:11.653Z  (serving: Marina Stakusic) game: 40-40
2026-02-26T03:47:47.735Z  (serving: Marina Stakusic) game: 40-A
2026-02-26T03:48:31.924Z  (serving: Cristina Bucsa) sets: 5-6, game: 0-0, serving: P1
2026-02-26T03:50:43.173Z  (serving: Cristina Bucsa) game: 0-15
2026-02-26T03:51:09.783Z  (serving: Cristina Bucsa) game: 15-15
2026-02-26T03:51:47.741Z  (serving: Cristina Bucsa) game: 30-15
2026-02-26T03:52:26.458Z  (serving: Cristina Bucsa) game: 40-15
2026-02-26T03:52:59.833Z  (serving: Marina Stakusic) sets: 6-6, game: 0-0, serving: P2
2026-02-26T03:53:53.050Z  (serving: Cristina Bucsa) game: 1-0, serving: P1
2026-02-26T03:54:25.971Z  (serving: Cristina Bucsa) game: 2-0
2026-02-26T03:54:59.795Z  (serving: Marina Stakusic) game: 3-0, serving: P2
2026-02-26T03:55:48.512Z  (serving: Marina Stakusic) game: 4-0
2026-02-26T03:56:22.779Z  (serving: Cristina Bucsa) game: 5-0, serving: P1
2026-02-26T03:56:51.198Z  (serving: Cristina Bucsa) game: 5-1
2026-02-26T03:57:58.391Z  (serving: Marina Stakusic) game: 6-1, serving: P2
2026-02-26T03:58:36.724Z  (serving: Cristina Bucsa) sets: 7-6,0-0, game: 0-0, serving: P1
2026-02-26T04:04:10.072Z  (serving: Cristina Bucsa) game: 15-0
2026-02-26T04:04:33.968Z  (serving: Cristina Bucsa) game: 30-0
2026-02-26T04:05:03.726Z  (serving: Cristina Bucsa) game: 40-0
2026-02-26T04:05:42.195Z  (serving: Marina Stakusic) sets: 7-6,1-0, game: 0-0, serving: P2
2026-02-26T04:06:45.789Z  (serving: Marina Stakusic) game: 15-0
2026-02-26T04:07:25.469Z  (serving: Marina Stakusic) game: 15-15
2026-02-26T04:07:49.834Z  (serving: Marina Stakusic) game: 15-30
2026-02-26T04:08:23.198Z  (serving: Marina Stakusic) game: 15-40
2026-02-26T04:08:48.917Z  (serving: Marina Stakusic) game: 30-40
2026-02-26T04:09:27.245Z  (serving: Marina Stakusic) game: 40-40
2026-02-26T04:09:52.501Z  (serving: Marina Stakusic) game: A-40
2026-02-26T04:10:27.232Z  (serving: Marina Stakusic) game: 40-40
2026-02-26T04:11:01.959Z  (serving: Marina Stakusic) game: A-40
2026-02-26T04:11:50.208Z  (serving: Cristina Bucsa) sets: 7-6,2-0, game: 0-0, serving: P1
2026-02-26T04:12:46.136Z  (serving: Cristina Bucsa) game: 15-0
2026-02-26T04:13:10.037Z  (serving: Cristina Bucsa) game: 30-0
2026-02-26T04:13:32.595Z  (serving: Cristina Bucsa) game: 30-15
2026-02-26T04:13:53.787Z  (serving: Cristina Bucsa) game: 40-15
2026-02-26T04:14:14.081Z  (serving: Marina Stakusic) sets: 7-6,3-0, game: 0-0, serving: P2
2026-02-26T04:16:15.850Z  (serving: Marina Stakusic) game: 0-15
2026-02-26T04:16:59.149Z  (serving: Marina Stakusic) game: 0-30
2026-02-26T04:17:45.602Z  (serving: Marina Stakusic) game: 0-40
2026-02-26T04:18:15.818Z  (serving: Cristina Bucsa) sets: 7-6,3-1, game: 0-0, serving: P1
2026-02-26T04:19:08.134Z  (serving: Cristina Bucsa) game: 15-0
2026-02-26T04:19:31.135Z  (serving: Cristina Bucsa) game: 15-15
2026-02-26T04:20:00.917Z  (serving: Cristina Bucsa) game: 30-15
2026-02-26T04:20:27.067Z  (serving: Cristina Bucsa) game: 40-15
2026-02-26T04:20:50.064Z  (serving: Cristina Bucsa) game: 40-30
2026-02-26T04:21:13.072Z  (serving: Marina Stakusic) sets: 7-6,4-1, game: 0-0, serving: P2
2026-02-26T04:23:19.797Z  (serving: Marina Stakusic) game: 15-0
2026-02-26T04:23:37.848Z  (serving: Marina Stakusic) game: 15-15
2026-02-26T04:24:10.766Z  (serving: Marina Stakusic) game: 15-30
2026-02-26T04:24:50.904Z  (serving: Marina Stakusic) game: 15-40
2026-02-26T04:25:23.832Z  (serving: Cristina Bucsa) sets: 7-6,4-2, game: 0-0, serving: P1
2026-02-26T04:26:09.833Z  (serving: Cristina Bucsa) game: 15-0
2026-02-26T04:26:45.915Z  (serving: Cristina Bucsa) game: 15-15
2026-02-26T04:27:37.781Z  (serving: Cristina Bucsa) game: 30-15
2026-02-26T04:28:03.484Z  (serving: Cristina Bucsa) game: 40-15
2026-02-26T04:28:24.684Z  (serving: Marina Stakusic) sets: 7-6,5-2, game: 0-0, serving: P2
2026-02-26T04:30:30.964Z  (serving: Marina Stakusic) game: 15-0
2026-02-26T04:30:58.931Z  (serving: Marina Stakusic) game: 30-0
2026-02-26T04:31:36.382Z  (serving: Marina Stakusic) game: 30-15
2026-02-26T04:32:10.652Z  (serving: Marina Stakusic) game: 30-30
2026-02-26T04:32:34.555Z  (serving: Marina Stakusic) game: 30-40
2026-02-26T04:32:58.457Z  (serving: Cristina Bucsa) sets: 7-6,5-3, game: 0-0, serving: P1
2026-02-26T04:33:37.244Z  (serving: Cristina Bucsa) game: 15-0
2026-02-26T04:34:03.854Z  (serving: Cristina Bucsa) game: 30-0
2026-02-26T04:34:23.248Z  (serving: Cristina Bucsa) game: 40-0
2026-02-26T04:34:48.505Z  (serving: Cristina Bucsa) sets: 7-6,6-3, game: 0-0
