2026-02-26T07:10:52.793Z  (serving: Juan Cruz Martin Manzano) game: 0-15
2026-02-26T07:11:23.913Z  (serving: Juan Cruz Martin Manzano) game: 15-15
2026-02-26T07:11:55.933Z  (serving: Juan Cruz Martin Manzano) game: 30-15
2026-02-26T07:12:51.857Z  (serving: Juan Cruz Martin Manzano) game: 40-15
2026-02-26T07:13:19.368Z  (serving: Dusan Obradovic) sets: 1-0, game: 0-0, serving: P1
2026-02-26T07:14:11.684Z  (serving: Dusan Obradovic) game: 0-15
2026-02-26T07:14:36.039Z  (serving: Dusan Obradovic) game: 15-15
2026-02-26T07:15:08.061Z  (serving: Dusan Obradovic) game: 15-30
2026-02-26T07:15:41.436Z  (serving: Dusan Obradovic) game: 15-40
2026-02-26T07:16:17.067Z  (serving: Juan Cruz Martin Manzano) sets: 1-1, game: 0-0, serving: P2
2026-02-26T07:17:21.109Z  (serving: Juan Cruz Martin Manzano) game: 15-0
2026-02-26T07:18:01.249Z  (serving: Juan Cruz Martin Manzano) game: 30-0
2026-02-26T07:18:33.719Z  (serving: Juan Cruz Martin Manzano) game: 40-0
2026-02-26T07:19:06.642Z  (serving: Dusan Obradovic) sets: 2-1, game: 0-0, serving: P1
2026-02-26T07:21:03.002Z  (serving: Dusan Obradovic) game: 0-15
2026-02-26T07:21:22.394Z  (serving: Dusan Obradovic) game: 15-15
2026-02-26T07:21:41.345Z  (serving: Dusan Obradovic) game: 30-15
2026-02-26T07:22:24.643Z  (serving: Dusan Obradovic) game: 40-15
2026-02-26T07:22:53.497Z  (serving: Juan Cruz Martin Manzano) sets: 3-1, game: 0-0, serving: P2
2026-02-26T07:23:33.185Z  (serving: Juan Cruz Martin Manzano) game: 15-0
2026-02-26T07:24:04.754Z  (serving: Juan Cruz Martin Manzano) game: 15-15
2026-02-26T07:24:24.149Z  (serving: Juan Cruz Martin Manzano) game: 15-30
2026-02-26T07:24:47.601Z  (serving: Juan Cruz Martin Manzano) game: 30-30
2026-02-26T07:25:15.112Z  (serving: Juan Cruz Martin Manzano) game: 40-30
2026-02-26T07:25:41.269Z  (serving: Dusan Obradovic) sets: 4-1, game: 0-0, serving: P1
2026-02-26T07:26:54.335Z  (serving: Dusan Obradovic) game: 0-15
2026-02-26T07:27:29.512Z  (serving: Dusan Obradovic) game: 0-30
2026-02-26T07:27:58.825Z  (serving: Dusan Obradovic) game: 0-40
2026-02-26T07:28:25.885Z  (serving: Juan Cruz Martin Manzano) sets: 4-2, game: 0-0, serving: P2
2026-02-26T07:29:47.067Z  (serving: Juan Cruz Martin Manzano) game: 15-0
2026-02-26T07:30:28.558Z  (serving: Juan Cruz Martin Manzano) game: 15-15
2026-02-26T07:30:59.227Z  (serving: Juan Cruz Martin Manzano) game: 15-30
2026-02-26T07:31:36.661Z  (serving: Juan Cruz Martin Manzano) game: 15-40
2026-02-26T07:32:01.918Z  (serving: Dusan Obradovic) sets: 4-3, game: 0-0, serving: P1
2026-02-26T07:33:51.058Z  (serving: Dusan Obradovic) game: 15-0
2026-02-26T07:34:35.707Z  (serving: Dusan Obradovic) game: 15-15
2026-02-26T07:35:16.294Z  (serving: Dusan Obradovic) game: 15-30
2026-02-26T07:35:44.255Z  (serving: Dusan Obradovic) game: 30-30
2026-02-26T07:36:11.770Z  (serving: Dusan Obradovic) game: 40-30
2026-02-26T07:37:02.729Z  (serving: Juan Cruz Martin Manzano) sets: 5-3, game: 0-0, serving: P2
2026-02-26T07:37:50.083Z  (serving: Juan Cruz Martin Manzano) game: 0-15
2026-02-26T07:38:31.131Z  (serving: Juan Cruz Martin Manzano) game: 15-15
2026-02-26T07:39:04.951Z  (serving: Juan Cruz Martin Manzano) game: 30-15
2026-02-26T07:39:41.896Z  (serving: Juan Cruz Martin Manzano) game: 30-30
2026-02-26T07:40:22.024Z  (serving: Juan Cruz Martin Manzano) game: 30-40
2026-02-26T07:40:50.437Z  (serving: Dusan Obradovic) sets: 5-4, game: 0-0, serving: P1
2026-02-26T07:42:31.461Z  (serving: Dusan Obradovic) game: 15-0
2026-02-26T07:42:50.854Z  (serving: Dusan Obradovic) game: 30-0
2026-02-26T07:43:12.051Z  (serving: Dusan Obradovic) game: 40-0
2026-02-26T07:43:33.248Z  (serving: Dusan Obradovic) game: 40-15
2026-02-26T07:44:15.194Z  (serving: Juan Cruz Martin Manzano) sets: 6-4,0-0, game: 0-0, serving: P2
2026-02-26T07:47:14.691Z  (serving: Juan Cruz Martin Manzano) game: 15-0
2026-02-26T07:47:49.868Z  (serving: Juan Cruz Martin Manzano) game: 30-0
2026-02-26T07:48:26.851Z  (serving: Juan Cruz Martin Manzano) game: 30-15
2026-02-26T07:49:08.343Z  (serving: Juan Cruz Martin Manzano) game: 40-15
2026-02-26T07:50:19.601Z  (serving: Juan Cruz Martin Manzano) game: 40-30
2026-02-26T07:50:49.822Z  (serving: Dusan Obradovic) sets: 6-4,1-0, game: 0-0, serving: P1
2026-02-26T07:51:48.899Z  (serving: Dusan Obradovic) game: 0-15
2026-02-26T07:52:24.081Z  (serving: Dusan Obradovic) game: 0-30
2026-02-26T07:52:47.084Z  (serving: Dusan Obradovic) game: 15-30
2026-02-26T07:53:26.316Z  (serving: Dusan Obradovic) game: 15-40
2026-02-26T07:54:03.749Z  (serving: Juan Cruz Martin Manzano) sets: 6-4,1-1, game: 0-0, serving: P2
2026-02-26T07:55:37.112Z  (serving: Juan Cruz Martin Manzano) game: 15-0
2026-02-26T07:56:01.462Z  (serving: Juan Cruz Martin Manzano) game: 30-0
2026-02-26T07:56:31.678Z  (serving: Juan Cruz Martin Manzano) game: 30-15
2026-02-26T07:57:14.523Z  (serving: Juan Cruz Martin Manzano) game: 40-15
2026-02-26T07:57:52.410Z  (serving: Dusan Obradovic) sets: 6-4,2-1, game: 0-0, serving: P1
2026-02-26T07:59:10.433Z  (serving: Dusan Obradovic) game: 15-0
2026-02-26T07:59:35.703Z  (serving: Dusan Obradovic) game: 15-15
2026-02-26T08:00:02.772Z  (serving: Dusan Obradovic) game: 30-15
2026-02-26T08:00:28.003Z  (serving: Dusan Obradovic) game: 30-30
2026-02-26T08:01:02.282Z  (serving: Dusan Obradovic) game: 30-40
2026-02-26T08:01:40.616Z  (serving: Dusan Obradovic) game: 40-40
2026-02-26T08:02:08.126Z  (serving: Dusan Obradovic) game: A-40
2026-02-26T08:02:37.447Z  (serving: Juan Cruz Martin Manzano) sets: 6-4,3-1, game: 0-0, serving: P2
2026-02-26T08:03:23.992Z  (serving: Juan Cruz Martin Manzano) game: 0-15
2026-02-26T08:03:41.026Z  (serving: Juan Cruz Martin Manzano) game: 15-15
2026-02-26T08:04:18.912Z  (serving: Juan Cruz Martin Manzano) game: 15-30
