2026-02-26T05:38:50.908Z  (serving: Eva Marie Desvignes) game: 15-0
2026-02-26T05:39:08.970Z  (serving: Eva Marie Desvignes) game: 30-0
2026-02-26T05:39:35.598Z  (serving: Eva Marie Desvignes) game: 40-0
2026-02-26T05:40:10.714Z  (serving: Eva Marie Desvignes) game: 40-15
2026-02-26T05:40:47.785Z  (serving: Ekaterina Yashina) sets: 1-0, game: 0-0, serving: P1
2026-02-26T05:41:32.430Z  (serving: Ekaterina Yashina) game: 15-0
2026-02-26T05:42:10.676Z  (serving: Ekaterina Yashina) game: 30-0
2026-02-26T05:42:55.323Z  (serving: Ekaterina Yashina) game: 30-15
2026-02-26T05:43:37.772Z  (serving: Ekaterina Yashina) game: 30-30
2026-02-26T05:44:29.694Z  (serving: Ekaterina Yashina) game: 40-30
2026-02-26T05:44:50.381Z  (serving: Eva Marie Desvignes) sets: 2-0, game: 0-0, serving: P2
2026-02-26T05:45:24.712Z  (serving: Eva Marie Desvignes) game: 0-15
2026-02-26T05:45:47.615Z  (serving: Eva Marie Desvignes) game: 15-15
2026-02-26T05:46:20.076Z  (serving: Eva Marie Desvignes) game: 15-30
2026-02-26T05:46:52.647Z  (serving: Eva Marie Desvignes) game: 30-30
2026-02-26T05:47:59.748Z  (serving: Eva Marie Desvignes) game: 30-40
2026-02-26T05:48:41.800Z  (serving: Eva Marie Desvignes) game: 40-40
2026-02-26T05:49:36.804Z  (serving: Eva Marie Desvignes) game: 40-A
2026-02-26T05:50:01.971Z  (serving: Ekaterina Yashina) sets: 2-1, game: 0-0, serving: P1
2026-02-26T05:51:51.114Z  (serving: Ekaterina Yashina) game: 15-0
2026-02-26T05:52:22.727Z  (serving: Ekaterina Yashina) game: 15-15
2026-02-26T05:53:04.626Z  (serving: Ekaterina Yashina) game: 15-30
2026-02-26T05:53:53.819Z  (serving: Ekaterina Yashina) game: 30-30
2026-02-26T05:54:37.543Z  (serving: Ekaterina Yashina) game: 30-40
2026-02-26T05:55:20.830Z  (serving: Eva Marie Desvignes) sets: 2-2, game: 0-0, serving: P2
2026-02-26T05:55:57.008Z  (serving: Eva Marie Desvignes) game: 0-15
2026-02-26T05:56:32.131Z  (serving: Eva Marie Desvignes) game: 15-15
2026-02-26T05:57:14.543Z  (serving: Eva Marie Desvignes) game: 30-15
2026-02-26T05:57:48.772Z  (serving: Eva Marie Desvignes) game: 30-30
2026-02-26T05:58:23.042Z  (serving: Eva Marie Desvignes) game: 30-40
2026-02-26T05:59:13.595Z  (serving: Ekaterina Yashina) sets: 2-3, game: 0-0, serving: P1
2026-02-26T06:01:03.680Z  (serving: Ekaterina Yashina) game: 0-15
2026-02-26T06:01:20.781Z  (serving: Ekaterina Yashina) game: 15-15
2026-02-26T06:02:14.438Z  (serving: Ekaterina Yashina) game: 30-15
2026-02-26T06:03:06.770Z  (serving: Ekaterina Yashina) game: 30-30
2026-02-26T06:03:43.695Z  (serving: Ekaterina Yashina) game: 40-30
2026-02-26T06:04:21.631Z  (serving: Eva Marie Desvignes) sets: 3-3, game: 0-0, serving: P2
2026-02-26T06:05:25.158Z  (serving: Eva Marie Desvignes) game: 0-15
2026-02-26T06:05:52.348Z  (serving: Eva Marie Desvignes) game: 0-30
2026-02-26T06:06:35.157Z  (serving: Eva Marie Desvignes) game: 15-30
2026-02-26T06:07:17.545Z  (serving: Eva Marie Desvignes) game: 15-40
2026-02-26T06:07:49.107Z  (serving: Ekaterina Yashina) sets: 3-4, game: 0-0, serving: P1
2026-02-26T06:09:46.572Z  (serving: Ekaterina Yashina) game: 15-0
2026-02-26T06:10:16.861Z  (serving: Ekaterina Yashina) game: 30-0
2026-02-26T06:10:40.239Z  (serving: Ekaterina Yashina) game: 40-0
2026-02-26T06:11:05.494Z  (serving: Eva Marie Desvignes) sets: 4-4, game: 0-0, serving: P2
2026-02-26T06:11:36.616Z  (serving: Eva Marie Desvignes) game: 15-0
2026-02-26T06:12:10.926Z  (serving: Eva Marie Desvignes) game: 30-0
2026-02-26T06:12:37.550Z  (serving: Eva Marie Desvignes) game: 30-15
2026-02-26T06:13:15.383Z  (serving: Eva Marie Desvignes) game: 40-15
2026-02-26T06:14:03.772Z  (serving: Ekaterina Yashina) sets: 5-4, game: 0-0, serving: P1
2026-02-26T06:16:25.288Z  (serving: Ekaterina Yashina) game: 0-15
2026-02-26T06:17:37.499Z  (serving: Ekaterina Yashina) game: 15-15
2026-02-26T06:18:31.548Z  (serving: Ekaterina Yashina) game: 15-30
2026-02-26T06:19:16.653Z  (serving: Ekaterina Yashina) game: 30-30
2026-02-26T06:20:17.976Z  (serving: Ekaterina Yashina) game: 40-30
2026-02-26T06:21:22.475Z  (serving: Ekaterina Yashina) game: 40-40
2026-02-26T06:22:12.529Z  (serving: Ekaterina Yashina) game: A-40
2026-02-26T06:22:47.755Z  (serving: Eva Marie Desvignes) sets: 6-4,0-0, game: 0-0, serving: P2
2026-02-26T06:25:31.904Z  (serving: Eva Marie Desvignes) game: 0-15
2026-02-26T06:26:03.034Z  (serving: Eva Marie Desvignes) game: 0-30
2026-02-26T06:26:22.388Z  (serving: Eva Marie Desvignes) game: 0-40
2026-02-26T06:27:02.121Z  (serving: Ekaterina Yashina) sets: 6-4,0-1, game: 0-0, serving: P1
2026-02-26T06:28:06.634Z  (serving: Ekaterina Yashina) game: 15-0
2026-02-26T06:28:26.434Z  (serving: Ekaterina Yashina) game: 15-15
2026-02-26T06:28:56.652Z  (serving: Ekaterina Yashina) game: 15-30
2026-02-26T06:29:38.212Z  (serving: Ekaterina Yashina) game: 15-40
2026-02-26T06:30:15.688Z  (serving: Ekaterina Yashina) game: 30-40
2026-02-26T06:30:57.523Z  (serving: Ekaterina Yashina) game: 40-40
2026-02-26T06:31:22.777Z  (serving: Ekaterina Yashina) game: A-40
2026-02-26T06:32:00.662Z  (serving: Ekaterina Yashina) game: 40-40
2026-02-26T06:32:34.938Z  (serving: Ekaterina Yashina) game: A-40
2026-02-26T06:33:01.099Z  (serving: Eva Marie Desvignes) sets: 6-4,1-1, game: 0-0, serving: P2
2026-02-26T06:33:38.077Z  (serving: Eva Marie Desvignes) game: 15-0
2026-02-26T06:41:40.817Z  (serving: Eva Marie Desvignes) game: 40-15
2026-02-26T06:42:12.838Z  (serving: Eva Marie Desvignes) game: 40-30
2026-02-26T06:42:53.483Z  (serving: Eva Marie Desvignes) game: 40-40
2026-02-26T06:43:35.822Z  (serving: Eva Marie Desvignes) game: A-40
2026-02-26T06:44:01.530Z  (serving: Eva Marie Desvignes) game: 40-40
2026-02-26T06:44:32.651Z  (serving: Eva Marie Desvignes) game: 40-A
2026-02-26T06:45:19.106Z  (serving: Eva Marie Desvignes) game: 40-40
2026-02-26T06:46:02.401Z  (serving: Eva Marie Desvignes) game: 40-A
2026-02-26T06:46:51.561Z  (serving: Eva Marie Desvignes) game: 40-40
2026-02-26T06:47:50.645Z  (serving: Eva Marie Desvignes) game: A-40
2026-02-26T06:48:38.000Z  (serving: Eva Marie Desvignes) game: 40-40
2026-02-26T06:49:27.611Z  (serving: Eva Marie Desvignes) game: A-40
2026-02-26T06:50:10.004Z  (serving: Eva Marie Desvignes) game: 40-40
2026-02-26T06:50:36.613Z  (serving: Eva Marie Desvignes) game: A-40
2026-02-26T06:51:09.086Z  (serving: Eva Marie Desvignes) game: 40-40
2026-02-26T06:51:39.762Z  (serving: Eva Marie Desvignes) game: 40-A
2026-02-26T06:52:01.402Z  (serving: Eva Marie Desvignes) game: 40-40
2026-02-26T06:53:00.034Z  (serving: Eva Marie Desvignes) game: 40-A
2026-02-26T06:53:27.997Z  (serving: Eva Marie Desvignes) game: 40-40
2026-02-26T06:54:12.646Z  (serving: Eva Marie Desvignes) game: A-40
2026-02-26T06:54:48.277Z  (serving: Ekaterina Yashina) sets: 6-4,4-1, game: 0-0, serving: P1
2026-02-26T06:56:59.520Z  (serving: Ekaterina Yashina) game: 0-15
2026-02-26T06:57:43.264Z  (serving: Ekaterina Yashina) game: 15-15
2026-02-26T06:58:21.599Z  (serving: Ekaterina Yashina) game: 15-30
2026-02-26T06:58:50.914Z  (serving: Ekaterina Yashina) game: 30-30
2026-02-26T06:59:22.485Z  (serving: Ekaterina Yashina) game: 30-40
2026-02-26T07:00:15.251Z  (serving: Eva Marie Desvignes) sets: 6-4,4-2, game: 0-0, serving: P2
2026-02-26T07:00:55.962Z  (serving: Eva Marie Desvignes) game: 0-15
2026-02-26T07:01:21.196Z  (serving: Eva Marie Desvignes) game: 0-30
2026-02-26T07:01:51.863Z  (serving: Eva Marie Desvignes) game: 0-40
2026-02-26T07:02:06.746Z  (serving: Ekaterina Yashina) sets: 6-4,4-3, game: 0-0, serving: P1
2026-02-26T07:04:16.635Z  (serving: Ekaterina Yashina) game: 0-15
2026-02-26T07:04:55.423Z  (serving: Ekaterina Yashina) game: 0-30
2026-02-26T07:05:39.170Z  (serving: Ekaterina Yashina) game: 0-40
2026-02-26T07:06:29.229Z  (serving: Ekaterina Yashina) game: 15-40
2026-02-26T07:07:00.347Z  (serving: Ekaterina Yashina) game: 30-40
2026-02-26T07:07:49.053Z  (serving: Eva Marie Desvignes) sets: 6-4,4-4, game: 0-0, serving: P2
2026-02-26T07:08:32.805Z  (serving: Eva Marie Desvignes) game: 0-15
2026-02-26T07:09:10.689Z  (serving: Eva Marie Desvignes) game: 15-15
2026-02-26T07:09:51.009Z  (serving: Eva Marie Desvignes) game: 30-15
2026-02-26T07:10:19.419Z  (serving: Eva Marie Desvignes) game: 40-15
2026-02-26T07:10:47.832Z  (serving: Ekaterina Yashina) sets: 6-4,5-4, game: 0-0, serving: P1
2026-02-26T07:12:45.095Z  (serving: Ekaterina Yashina) game: 0-15
2026-02-26T07:13:18.015Z  (serving: Ekaterina Yashina) game: 15-15
2026-02-26T07:14:10.333Z  (serving: Ekaterina Yashina) game: 30-15
2026-02-26T07:15:11.217Z  (serving: Ekaterina Yashina) game: 30-30
2026-02-26T07:16:23.828Z  (serving: Ekaterina Yashina) game: 30-40
2026-02-26T07:17:20.657Z  (serving: Eva Marie Desvignes) sets: 6-4,5-5, game: 0-0, serving: P2
2026-02-26T07:18:40.484Z  (serving: Eva Marie Desvignes) game: 15-0
2026-02-26T07:19:23.338Z  (serving: Eva Marie Desvignes) game: 15-15
2026-02-26T07:19:58.149Z  (serving: Eva Marie Desvignes) game: 15-30
2026-02-26T07:20:45.414Z  (serving: Eva Marie Desvignes) game: 30-30
2026-02-26T07:23:15.599Z  (serving: Eva Marie Desvignes) game: 40-30
2026-02-26T07:23:57.088Z  (serving: Ekaterina Yashina) sets: 6-4,6-5, game: 0-0, serving: P1
2026-02-26T07:26:23.217Z  (serving: Ekaterina Yashina) game: 0-15
2026-02-26T07:27:08.319Z  (serving: Ekaterina Yashina) game: 0-30
2026-02-26T07:27:43.942Z  (serving: Ekaterina Yashina) game: 15-30
2026-02-26T07:28:24.082Z  (serving: Ekaterina Yashina) game: 30-30
2026-02-26T07:28:49.338Z  (serving: Ekaterina Yashina) game: 40-30
2026-02-26T07:29:16.848Z  (serving: Ekaterina Yashina) sets: 6-4,7-5, game: 0-0
