2026-02-26T06:42:06.524Z  (serving: Elena Micic) game: 0-15
2026-02-26T06:42:38.997Z  (serving: Elena Micic) game: 15-15
2026-02-26T06:42:59.293Z  (serving: Elena Micic) game: 15-30
2026-02-26T06:43:26.353Z  (serving: Elena Micic) game: 30-30
2026-02-26T06:43:54.314Z  (serving: Elena Micic) game: 40-30
2026-02-26T06:44:21.374Z  (serving: Ava Beck) sets: 3-3, game: 0-0, serving: P2
2026-02-26T06:45:07.378Z  (serving: Ava Beck) game: 0-15
2026-02-26T06:45:54.739Z  (serving: Ava Beck) game: 15-15
2026-02-26T06:46:24.952Z  (serving: Ava Beck) game: 15-30
2026-02-26T06:47:29.896Z  (serving: Ava Beck) game: 30-30
2026-02-26T06:48:12.294Z  (serving: Ava Beck) game: 30-40
2026-02-26T06:49:06.864Z  (serving: Elena Micic) sets: 3-4, game: 0-0, serving: P1
2026-02-26T06:51:14.961Z  (serving: Elena Micic) game: 15-0
2026-02-26T06:52:18.541Z  (serving: Elena Micic) game: 15-15
2026-02-26T06:53:12.663Z  (serving: Elena Micic) game: 30-15
2026-02-26T06:53:47.389Z  (serving: Elena Micic) game: 30-30
2026-02-26T06:54:23.470Z  (serving: Elena Micic) game: 30-40
2026-02-26T06:55:25.720Z  (serving: Ava Beck) sets: 3-5, game: 0-0, serving: P2
2026-02-26T06:56:21.182Z  (serving: Ava Beck) game: 15-0
2026-02-26T06:57:18.008Z  (serving: Ava Beck) game: 30-0
2026-02-26T06:57:54.991Z  (serving: Ava Beck) game: 30-15
2026-02-26T06:58:27.011Z  (serving: Ava Beck) game: 30-30
2026-02-26T06:59:17.074Z  (serving: Ava Beck) game: 30-40
2026-02-26T06:59:23.390Z  (serving: Ava Beck) game: 40-40
2026-02-26T06:59:49.093Z  (serving: Ava Beck) game: A-40
2026-02-26T07:00:12.996Z  (serving: Ava Beck) game: 40-40
2026-02-26T07:00:46.919Z  (serving: Ava Beck) game: A-40
2026-02-26T07:01:32.019Z  (serving: Elena Micic) sets: 4-5, game: 0-0, serving: P1
2026-02-26T07:03:30.633Z  (serving: Elena Micic) game: 15-0
2026-02-26T07:03:59.497Z  (serving: Elena Micic) game: 30-0
2026-02-26T07:04:34.226Z  (serving: Elena Micic) game: 40-0
2026-02-26T07:05:07.601Z  (serving: Elena Micic) game: 40-15
2026-02-26T07:05:36.916Z  (serving: Elena Micic) game: 40-30
2026-02-26T07:06:19.757Z  (serving: Ava Beck) sets: 5-5, game: 0-0, serving: P2
2026-02-26T07:07:17.032Z  (serving: Ava Beck) game: 0-15
2026-02-26T07:07:49.955Z  (serving: Ava Beck) game: 15-15
2026-02-26T07:08:20.173Z  (serving: Ava Beck) game: 15-30
2026-02-26T07:08:54.453Z  (serving: Ava Beck) game: 30-30
2026-02-26T07:09:47.405Z  (serving: Ava Beck) game: 30-40
2026-02-26T07:10:27.542Z  (serving: Elena Micic) sets: 5-6, game: 0-0, serving: P1
2026-02-26T07:12:32.469Z  (serving: Elena Micic) game: 15-0
2026-02-26T07:13:02.230Z  (serving: Elena Micic) game: 0-0
2026-02-26T07:13:16.663Z  (serving: Elena Micic) game: 0-15
2026-02-26T07:13:18.015Z  (serving: Elena Micic) game: 15-15
2026-02-26T07:14:18.454Z  (serving: Elena Micic) game: 15-30
2026-02-26T07:15:15.280Z  (serving: Elena Micic) game: 30-30
2026-02-26T07:15:55.415Z  (serving: Elena Micic) game: 40-30
2026-02-26T07:16:36.007Z  (serving: Elena Micic) game: 40-40
2026-02-26T07:17:06.223Z  (serving: Elena Micic) game: A-40
2026-02-26T07:17:38.700Z  (serving: Ava Beck) sets: 6-6, game: 0-0, serving: P2
2026-02-26T07:18:55.384Z  (serving: Elena Micic) game: 0-1, serving: P1
2026-02-26T07:19:07.996Z  (serving: Elena Micic) game: 0-2
2026-02-26T07:21:02.550Z  (serving: Ava Beck) game: 1-2, serving: P2
2026-02-26T07:21:04.354Z  (serving: Ava Beck) game: 1-3
2026-02-26T07:21:30.514Z  (serving: Elena Micic) game: 2-3, serving: P1
2026-02-26T07:22:17.876Z  (serving: Elena Micic) game: 3-3
2026-02-26T07:24:16.034Z  (serving: Ava Beck) game: 3-4, serving: P2
2026-02-26T07:25:47.132Z  (serving: Ava Beck) game: 4-4
2026-02-26T07:26:46.665Z  (serving: Elena Micic) game: 5-4, serving: P1
2026-02-26T07:27:27.706Z  (serving: Elena Micic) game: 5-5
2026-02-26T07:27:59.728Z  (serving: Ava Beck) game: 6-5, serving: P2
2026-02-26T07:28:48.080Z  (serving: Elena Micic) sets: 7-6,0-0, game: 0-0, serving: P1
2026-02-26T07:33:04.605Z  (serving: Elena Micic) game: 15-0
2026-02-26T07:33:57.824Z  (serving: Elena Micic) game: 30-0
2026-02-26T07:34:00.533Z  (serving: Elena Micic) game: 40-0
2026-02-26T07:34:43.855Z  (serving: Elena Micic) game: 40-15
2026-02-26T07:35:12.236Z  (serving: Ava Beck) sets: 7-6,1-0, game: 0-0, serving: P2
2026-02-26T07:36:54.172Z  (serving: Ava Beck) game: 0-15
2026-02-26T07:38:03.618Z  (serving: Ava Beck) game: 0-30
2026-02-26T07:38:56.833Z  (serving: Ava Beck) game: 15-30
2026-02-26T07:39:34.221Z  (serving: Ava Beck) game: 30-30
2026-02-26T07:40:31.071Z  (serving: Ava Beck) game: 30-40
2026-02-26T07:41:05.772Z  (serving: Elena Micic) sets: 7-6,1-1, game: 0-0, serving: P1
2026-02-26T07:42:01.700Z  (serving: Elena Micic) game: 15-0
2026-02-26T07:42:46.797Z  (serving: Elena Micic) game: 30-0
2026-02-26T07:43:31.895Z  (serving: Elena Micic) game: 40-0
2026-02-26T07:44:09.328Z  (serving: Elena Micic) game: 40-15
2026-02-26T07:44:47.668Z  (serving: Ava Beck) sets: 7-6,2-1, game: 0-0, serving: P2
2026-02-26T07:46:46.728Z  (serving: Ava Beck) game: 15-0
2026-02-26T07:47:24.163Z  (serving: Ava Beck) game: 15-15
2026-02-26T07:47:56.636Z  (serving: Ava Beck) game: 15-30
2026-02-26T07:48:40.382Z  (serving: Ava Beck) game: 30-30
2026-02-26T07:49:18.272Z  (serving: Ava Beck) game: 30-40
2026-02-26T07:49:48.938Z  (serving: Ava Beck) game: 40-40
2026-02-26T07:50:18.701Z  (serving: Ava Beck) game: 40-A
2026-02-26T07:51:20.937Z  (serving: Ava Beck) game: 40-40
2026-02-26T07:52:20.040Z  (serving: Ava Beck) game: 40-A
2026-02-26T07:52:52.941Z  (serving: Ava Beck) game: 40-40
2026-02-26T07:53:29.023Z  (serving: Ava Beck) game: 40-A
2026-02-26T07:53:58.339Z  (serving: Ava Beck) game: 40-40
2026-02-26T07:54:39.388Z  (serving: Ava Beck) game: 40-A
2026-02-26T07:55:26.351Z  (serving: Ava Beck) game: 40-40
2026-02-26T07:56:59.237Z  (serving: Ava Beck) game: A-40
2026-02-26T07:57:51.056Z  (serving: Elena Micic) sets: 7-6,3-1, game: 0-0, serving: P1
2026-02-26T07:58:50.142Z  (serving: Elena Micic) game: 15-0
2026-02-26T07:59:32.081Z  (serving: Elena Micic) game: 30-0
2026-02-26T08:00:10.414Z  (serving: Elena Micic) game: 40-0
2026-02-26T08:00:31.670Z  (serving: Elena Micic) game: 40-15
2026-02-26T08:00:59.122Z  (serving: Ava Beck) sets: 7-6,4-1, game: 0-0, serving: P2
2026-02-26T08:02:50.520Z  (serving: Ava Beck) game: 15-0
2026-02-26T08:03:32.007Z  (serving: Ava Beck) game: 30-0
2026-02-26T08:04:14.417Z  (serving: Ava Beck) game: 40-0
