2026-02-26T02:49:58.393Z  (serving: Frantzen/Haase) game: 15-15
2026-02-26T02:50:35.825Z  (serving: Frantzen/Haase) game: 15-30
2026-02-26T02:51:20.925Z  (serving: Frantzen/Haase) game: 15-40
2026-02-26T02:52:02.062Z  (serving: Frantzen/Haase) game: 30-40
2026-02-26T02:52:35.446Z  (serving: Frantzen/Haase) game: 40-40
2026-02-26T02:53:39.929Z  (serving: Erler/Galloway) sets: 6-4,0-2, game: 0-0, serving: P2
2026-02-26T02:54:02.929Z  (serving: Erler/Galloway) game: 0-15
2026-02-26T02:54:25.479Z  (serving: Erler/Galloway) game: 0-30
2026-02-26T02:54:51.637Z  (serving: Erler/Galloway) game: 0-40
2026-02-26T02:55:15.992Z  (serving: Frantzen/Haase) sets: 6-4,0-3, game: 0-0, serving: P1
2026-02-26T02:57:12.820Z  (serving: Frantzen/Haase) game: 0-15
2026-02-26T02:57:51.141Z  (serving: Frantzen/Haase) game: 0-30
2026-02-26T02:58:32.176Z  (serving: Frantzen/Haase) game: 15-30
2026-02-26T02:59:02.845Z  (serving: Frantzen/Haase) game: 15-40
2026-02-26T02:59:47.493Z  (serving: Erler/Galloway) sets: 6-4,0-4, game: 0-0, serving: P2
2026-02-26T03:00:32.196Z  (serving: Erler/Galloway) game: 0-15
2026-02-26T03:00:55.594Z  (serving: Erler/Galloway) game: 0-30
2026-02-26T03:01:35.745Z  (serving: Erler/Galloway) game: 0-40
2026-02-26T03:01:59.193Z  (serving: Frantzen/Haase) sets: 6-4,0-5, game: 0-0, serving: P1
2026-02-26T03:03:58.712Z  (serving: Frantzen/Haase) game: 0-15
2026-02-26T03:04:40.664Z  (serving: Frantzen/Haase) game: 0-30
2026-02-26T03:05:20.804Z  (serving: Frantzen/Haase) game: 0-40
2026-02-26T03:05:51.530Z  (serving: Erler/Galloway) sets: 6-4,0-6,0-0, game: 0-0, serving: P2
2026-02-26T03:08:00.074Z  (serving: Frantzen/Haase) game: 0-1, serving: P1
2026-02-26T03:08:48.779Z  (serving: Frantzen/Haase) game: 1-1
2026-02-26T03:09:32.068Z  (serving: Erler/Galloway) game: 1-2, serving: P2
2026-02-26T03:10:17.173Z  (serving: Erler/Galloway) game: 1-3
2026-02-26T03:11:04.982Z  (serving: Frantzen/Haase) game: 1-4, serving: P1
2026-02-26T03:11:51.893Z  (serving: Frantzen/Haase) game: 2-4
2026-02-26T03:12:50.975Z  (serving: Erler/Galloway) game: 3-4, serving: P2
2026-02-26T03:13:39.226Z  (serving: Erler/Galloway) game: 3-5
2026-02-26T03:14:14.855Z  (serving: Frantzen/Haase) game: 3-6, serving: P1
2026-02-26T03:15:10.779Z  (serving: Frantzen/Haase) game: 3-7
2026-02-26T03:16:28.357Z  (serving: Erler/Galloway) game: 4-7, serving: P2
2026-02-26T03:17:07.141Z  (serving: Erler/Galloway) game: 5-7
2026-02-26T03:18:08.029Z  (serving: Frantzen/Haase) game: 5-8, serving: P1
2026-02-26T03:18:39.595Z  (serving: Frantzen/Haase) game: 6-8
2026-02-26T03:19:03.950Z  (serving: Erler/Galloway) game: 7-8, serving: P2
2026-02-26T03:20:12.519Z  (serving: Erler/Galloway) game: 7-9
2026-02-26T03:20:40.016Z  (serving: Erler/Galloway) sets: 6-4,0-6,0-1, game: 0-0
