2026-02-26T03:10:19.427Z  (serving: Aleksandar Kovacevic) game: 15-0
2026-02-26T03:10:53.257Z  (serving: Aleksandar Kovacevic) game: 15-15
2026-02-26T03:11:35.659Z  (serving: Aleksandar Kovacevic) game: 15-30
2026-02-26T03:12:17.142Z  (serving: Aleksandar Kovacevic) game: 15-40
2026-02-26T03:12:42.850Z  (serving: Frances Tiafoe) sets: 0-1, game: 0-0, serving: P1
2026-02-26T03:13:41.483Z  (serving: Frances Tiafoe) game: 15-0
2026-02-26T03:13:56.364Z  (serving: Frances Tiafoe) game: 30-0
2026-02-26T03:14:18.465Z  (serving: Frances Tiafoe) game: 30-15
2026-02-26T03:14:55.449Z  (serving: Frances Tiafoe) game: 40-15
2026-02-26T03:15:26.574Z  (serving: Aleksandar Kovacevic) sets: 1-1, game: 0-0, serving: P2
2026-02-26T03:16:14.827Z  (serving: Aleksandar Kovacevic) game: 0-15
2026-02-26T03:16:40.090Z  (serving: Aleksandar Kovacevic) game: 15-15
2026-02-26T03:17:14.807Z  (serving: Aleksandar Kovacevic) game: 30-15
2026-02-26T03:17:45.476Z  (serving: Aleksandar Kovacevic) game: 40-15
2026-02-26T03:18:10.280Z  (serving: Aleksandar Kovacevic) game: 40-30
2026-02-26T03:19:00.792Z  (serving: Frances Tiafoe) sets: 2-1, game: 0-0, serving: P1
2026-02-26T03:21:13.839Z  (serving: Frances Tiafoe) game: 0-15
2026-02-26T03:21:36.400Z  (serving: Frances Tiafoe) game: 15-15
2026-02-26T03:21:57.155Z  (serving: Frances Tiafoe) game: 30-15
2026-02-26T03:22:22.846Z  (serving: Frances Tiafoe) game: 40-15
2026-02-26T03:22:45.854Z  (serving: Aleksandar Kovacevic) sets: 3-1, game: 0-0, serving: P2
2026-02-26T03:23:25.536Z  (serving: Aleksandar Kovacevic) game: 0-15
2026-02-26T03:23:56.206Z  (serving: Aleksandar Kovacevic) game: 0-30
2026-02-26T03:24:18.392Z  (serving: Aleksandar Kovacevic) game: 0-40
2026-02-26T03:24:38.602Z  (serving: Frances Tiafoe) sets: 3-2, game: 0-0, serving: P1
2026-02-26T03:26:44.436Z  (serving: Frances Tiafoe) game: 15-0
2026-02-26T03:27:06.990Z  (serving: Frances Tiafoe) game: 15-15
2026-02-26T03:27:43.966Z  (serving: Frances Tiafoe) game: 15-30
2026-02-26T03:28:11.481Z  (serving: Frances Tiafoe) game: 30-30
2026-02-26T03:28:36.287Z  (serving: Frances Tiafoe) game: 40-30
2026-02-26T03:29:02.890Z  (serving: Aleksandar Kovacevic) sets: 4-2, game: 0-0, serving: P2
2026-02-26T03:30:06.482Z  (serving: Aleksandar Kovacevic) game: 0-15
2026-02-26T03:30:32.191Z  (serving: Aleksandar Kovacevic) game: 0-30
2026-02-26T03:30:57.895Z  (serving: Aleksandar Kovacevic) game: 15-30
2026-02-26T03:31:23.643Z  (serving: Aleksandar Kovacevic) game: 30-30
2026-02-26T03:31:43.458Z  (serving: Aleksandar Kovacevic) game: 30-40
2026-02-26T03:32:01.038Z  (serving: Frances Tiafoe) sets: 4-3, game: 0-0, serving: P1
2026-02-26T03:34:27.555Z  (serving: Frances Tiafoe) game: 15-0
2026-02-26T03:34:50.556Z  (serving: Frances Tiafoe) game: 15-15
2026-02-26T03:35:38.375Z  (serving: Frances Tiafoe) game: 30-15
2026-02-26T03:36:17.148Z  (serving: Frances Tiafoe) game: 40-15
2026-02-26T03:36:37.895Z  (serving: Aleksandar Kovacevic) sets: 5-3, game: 0-0, serving: P2
2026-02-26T03:37:27.511Z  (serving: Aleksandar Kovacevic) game: 15-0
2026-02-26T03:37:59.979Z  (serving: Aleksandar Kovacevic) game: 15-15
2026-02-26T03:38:37.411Z  (serving: Aleksandar Kovacevic) game: 15-30
2026-02-26T03:39:09.078Z  (serving: Aleksandar Kovacevic) game: 30-30
2026-02-26T03:39:55.026Z  (serving: Aleksandar Kovacevic) game: 30-40
2026-02-26T03:40:31.512Z  (serving: Aleksandar Kovacevic) game: 40-40
2026-02-26T03:40:54.515Z  (serving: Aleksandar Kovacevic) game: 40-A
2026-02-26T03:41:29.242Z  (serving: Frances Tiafoe) sets: 5-4, game: 0-0, serving: P1
2026-02-26T03:43:42.837Z  (serving: Frances Tiafoe) game: 15-0
2026-02-26T03:44:09.897Z  (serving: Frances Tiafoe) game: 30-0
2026-02-26T03:44:36.958Z  (serving: Frances Tiafoe) game: 40-0
2026-02-26T03:45:07.199Z  (serving: Aleksandar Kovacevic) sets: 6-4,0-0, game: 0-0
2026-02-26T03:45:07.199Z  (serving: Aleksandar Kovacevic) serving: P2
2026-02-26T03:47:59.453Z  (serving: Aleksandar Kovacevic) game: 0-15
2026-02-26T03:48:19.299Z  (serving: Aleksandar Kovacevic) game: 0-30
2026-02-26T03:48:52.672Z  (serving: Aleksandar Kovacevic) game: 0-40
2026-02-26T03:49:16.575Z  (serving: Frances Tiafoe) sets: 6-4,0-1, game: 0-0, serving: P1
2026-02-26T03:50:22.880Z  (serving: Frances Tiafoe) game: 15-0
2026-02-26T03:50:44.976Z  (serving: Frances Tiafoe) game: 30-0
2026-02-26T03:51:15.195Z  (serving: Frances Tiafoe) game: 40-0
2026-02-26T03:51:43.613Z  (serving: Frances Tiafoe) game: 40-15
2026-02-26T03:52:16.081Z  (serving: Frances Tiafoe) game: 40-30
2026-02-26T03:52:38.228Z  (serving: Aleksandar Kovacevic) sets: 6-4,1-1, game: 0-0, serving: P2
2026-02-26T03:53:34.555Z  (serving: Aleksandar Kovacevic) game: 0-15
2026-02-26T03:54:08.834Z  (serving: Aleksandar Kovacevic) game: 0-30
2026-02-26T03:54:47.168Z  (serving: Aleksandar Kovacevic) game: 0-40
2026-02-26T03:55:32.268Z  (serving: Frances Tiafoe) sets: 6-4,1-2, game: 0-0, serving: P1
2026-02-26T03:57:32.232Z  (serving: Frances Tiafoe) game: 15-0
2026-02-26T03:57:52.977Z  (serving: Frances Tiafoe) game: 15-15
2026-02-26T03:58:29.509Z  (serving: Frances Tiafoe) game: 30-15
2026-02-26T03:59:07.393Z  (serving: Frances Tiafoe) game: 40-15
2026-02-26T03:59:32.197Z  (serving: Frances Tiafoe) game: 40-30
2026-02-26T03:59:57.904Z  (serving: Aleksandar Kovacevic) sets: 6-4,2-2, game: 0-0, serving: P2
2026-02-26T04:00:47.063Z  (serving: Aleksandar Kovacevic) game: 0-15
2026-02-26T04:01:39.828Z  (serving: Aleksandar Kovacevic) game: 0-30
2026-02-26T04:02:05.113Z  (serving: Aleksandar Kovacevic) game: 0-40
2026-02-26T04:02:43.465Z  (serving: Frances Tiafoe) sets: 6-4,2-3, game: 0-0
2026-02-26T04:02:43.465Z  (serving: Frances Tiafoe) serving: P1
2026-02-26T04:05:14.552Z  (serving: Frances Tiafoe) game: 15-0
2026-02-26T04:05:38.518Z  (serving: Frances Tiafoe) game: 30-0
2026-02-26T04:05:38.518Z  (serving: Frances Tiafoe) game: 30-0
2026-02-26T04:06:05.644Z  (serving: Frances Tiafoe) game: 30-15
2026-02-26T04:06:38.566Z  (serving: Frances Tiafoe) game: 30-30
2026-02-26T04:07:24.577Z  (serving: Frances Tiafoe) game: 40-30
2026-02-26T04:08:07.864Z  (serving: Frances Tiafoe) game: 40-40
2026-02-26T04:08:43.045Z  (serving: Frances Tiafoe) game: 40-A
2026-02-26T04:09:14.162Z  (serving: Frances Tiafoe) game: 40-40
2026-02-26T04:09:45.283Z  (serving: Frances Tiafoe) game: 40-A
2026-02-26T04:10:17.306Z  (serving: Aleksandar Kovacevic) sets: 6-4,2-4, game: 0-0, serving: P2
2026-02-26T04:11:07.815Z  (serving: Aleksandar Kovacevic) game: 0-15
2026-02-26T04:11:33.978Z  (serving: Aleksandar Kovacevic) game: 0-30
2026-02-26T04:12:15.918Z  (serving: Aleksandar Kovacevic) game: 0-40
2026-02-26T04:12:37.116Z  (serving: Frances Tiafoe) sets: 6-4,2-5, game: 0-0, serving: P1
2026-02-26T04:14:34.375Z  (serving: Frances Tiafoe) game: 0-15
2026-02-26T04:14:57.829Z  (serving: Frances Tiafoe) game: 15-15
2026-02-26T04:15:22.183Z  (serving: Frances Tiafoe) game: 30-15
2026-02-26T04:15:43.829Z  (serving: Frances Tiafoe) game: 40-15
2026-02-26T04:16:09.538Z  (serving: Aleksandar Kovacevic) sets: 6-4,3-5, game: 0-0, serving: P2
2026-02-26T04:17:03.659Z  (serving: Aleksandar Kovacevic) game: 15-0
2026-02-26T04:17:30.268Z  (serving: Aleksandar Kovacevic) game: 15-15
2026-02-26T04:17:52.371Z  (serving: Aleksandar Kovacevic) game: 15-30
2026-02-26T04:18:27.546Z  (serving: Aleksandar Kovacevic) game: 30-30
2026-02-26T04:19:16.705Z  (serving: Aleksandar Kovacevic) game: 30-40
2026-02-26T04:19:46.480Z  (serving: Frances Tiafoe) sets: 6-4,3-6,0-0, game: 0-0, serving: P1
2026-02-26T04:27:45.895Z  (serving: Frances Tiafoe) game: 15-0
2026-02-26T04:28:13.405Z  (serving: Frances Tiafoe) game: 15-15
2026-02-26T04:28:37.309Z  (serving: Frances Tiafoe) game: 30-15
2026-02-26T04:28:57.603Z  (serving: Frances Tiafoe) game: 30-30
2026-02-26T04:29:27.369Z  (serving: Frances Tiafoe) game: 40-30
2026-02-26T04:30:06.158Z  (serving: Aleksandar Kovacevic) sets: 6-4,3-6,1-0, game: 0-0, serving: P2
2026-02-26T04:31:07.497Z  (serving: Aleksandar Kovacevic) game: 15-0
2026-02-26T04:31:51.258Z  (serving: Aleksandar Kovacevic) game: 15-15
2026-02-26T04:32:15.161Z  (serving: Aleksandar Kovacevic) game: 15-30
2026-02-26T04:32:37.713Z  (serving: Aleksandar Kovacevic) game: 15-40
2026-02-26T04:33:08.831Z  (serving: Frances Tiafoe) sets: 6-4,3-6,1-1, game: 0-0, serving: P1
2026-02-26T04:34:12.423Z  (serving: Frances Tiafoe) game: 15-0
2026-02-26T04:35:07.446Z  (serving: Frances Tiafoe) game: 30-0
2026-02-26T04:35:55.791Z  (serving: Frances Tiafoe) game: 40-0
2026-02-26T04:36:33.677Z  (serving: Aleksandar Kovacevic) sets: 6-4,3-6,2-1, game: 0-0, serving: P2
2026-02-26T04:38:52.138Z  (serving: Aleksandar Kovacevic) game: 15-0
2026-02-26T04:39:29.120Z  (serving: Aleksandar Kovacevic) game: 30-0
2026-02-26T04:40:07.005Z  (serving: Aleksandar Kovacevic) game: 30-15
2026-02-26T04:40:32.260Z  (serving: Aleksandar Kovacevic) game: 30-30
2026-02-26T04:41:17.814Z  (serving: Aleksandar Kovacevic) game: 40-30
2026-02-26T04:42:07.426Z  (serving: Aleksandar Kovacevic) game: 40-40
2026-02-26T04:42:40.801Z  (serving: Aleksandar Kovacevic) game: 40-A
2026-02-26T04:43:05.154Z  (serving: Frances Tiafoe) sets: 6-4,3-6,2-2, game: 0-0, serving: P1
2026-02-26T04:44:03.334Z  (serving: Frances Tiafoe) game: 15-0
2026-02-26T04:44:42.571Z  (serving: Frances Tiafoe) game: 30-0
2026-02-26T04:45:07.381Z  (serving: Frances Tiafoe) game: 40-0
2026-02-26T04:45:49.777Z  (serving: Frances Tiafoe) game: 40-15
2026-02-26T04:46:22.254Z  (serving: Aleksandar Kovacevic) sets: 6-4,3-6,3-2, game: 0-0, serving: P2
2026-02-26T04:48:50.631Z  (serving: Aleksandar Kovacevic) game: 0-15
2026-02-26T04:49:16.790Z  (serving: Aleksandar Kovacevic) game: 15-15
2026-02-26T04:49:41.595Z  (serving: Aleksandar Kovacevic) game: 15-30
2026-02-26T04:50:06.850Z  (serving: Aleksandar Kovacevic) game: 15-40
2026-02-26T04:50:43.384Z  (serving: Frances Tiafoe) sets: 6-4,3-6,3-3, game: 0-0, serving: P1
2026-02-26T04:51:50.132Z  (serving: Frances Tiafoe) game: 0-15
2026-02-26T04:52:40.193Z  (serving: Frances Tiafoe) game: 15-15
2026-02-26T04:53:09.959Z  (serving: Frances Tiafoe) game: 30-15
2026-02-26T04:53:41.078Z  (serving: Frances Tiafoe) game: 40-15
2026-02-26T04:54:26.630Z  (serving: Aleksandar Kovacevic) sets: 6-4,3-6,4-3, game: 0-0
2026-02-26T04:54:26.630Z  (serving: Aleksandar Kovacevic) serving: P2
2026-02-26T04:56:41.482Z  (serving: Aleksandar Kovacevic) game: 0-15
2026-02-26T04:57:11.249Z  (serving: Aleksandar Kovacevic) game: 15-15
2026-02-26T04:57:45.982Z  (serving: Aleksandar Kovacevic) game: 30-15
2026-02-26T04:58:15.291Z  (serving: Aleksandar Kovacevic) game: 30-30
2026-02-26T04:58:58.135Z  (serving: Aleksandar Kovacevic) game: 40-30
2026-02-26T05:00:22.032Z  (serving: Aleksandar Kovacevic) game: 40-40
2026-02-26T05:01:00.366Z  (serving: Aleksandar Kovacevic) game: 40-A
2026-02-26T05:01:27.875Z  (serving: Frances Tiafoe) sets: 6-4,3-6,4-4, game: 0-0
2026-02-26T05:01:27.875Z  (serving: Frances Tiafoe) serving: P1
2026-02-26T05:02:31.468Z  (serving: Frances Tiafoe) game: 15-0
2026-02-26T05:03:08.898Z  (serving: Frances Tiafoe) game: 30-0
2026-02-26T05:03:34.605Z  (serving: Frances Tiafoe) game: 40-0
2026-02-26T05:04:03.019Z  (serving: Frances Tiafoe) game: 40-15
2026-02-26T05:04:35.495Z  (serving: Aleksandar Kovacevic) sets: 6-4,3-6,5-4, game: 0-0
2026-02-26T05:04:35.495Z  (serving: Aleksandar Kovacevic) serving: P2
2026-02-26T05:07:01.233Z  (serving: Frances Tiafoe) game: 15-0
2026-02-26T05:07:39.112Z  (serving: Frances Tiafoe) game: 15-15
2026-02-26T05:08:08.429Z  (serving: Frances Tiafoe) game: 15-30
2026-02-26T05:08:31.880Z  (serving: Frances Tiafoe) game: 15-40
2026-02-26T05:09:00.760Z  (serving: Frances Tiafoe) sets: 6-4,3-6,5-5, game: 0-0
2026-02-26T05:09:37.276Z  (serving: Frances Tiafoe) game: 15-0
2026-02-26T05:09:59.399Z  (serving: Frances Tiafoe) game: 30-0
2026-02-26T05:10:18.327Z  (serving: Frances Tiafoe) game: 40-0
2026-02-26T05:10:40.491Z  (serving: Aleksandar Kovacevic) sets: 6-4,3-6,6-5, game: 0-0
2026-02-26T05:10:40.491Z  (serving: Aleksandar Kovacevic) serving: P2
2026-02-26T05:12:42.640Z  (serving: Aleksandar Kovacevic) game: 0-15
2026-02-26T05:13:02.484Z  (serving: Aleksandar Kovacevic) game: 15-15
2026-02-26T05:13:39.468Z  (serving: Aleksandar Kovacevic) game: 15-30
2026-02-26T05:14:02.020Z  (serving: Aleksandar Kovacevic) game: 15-40
2026-02-26T05:14:45.318Z  (serving: Aleksandar Kovacevic) game: 30-40
2026-02-26T05:15:21.398Z  (serving: Frances Tiafoe) sets: 6-4,3-6,6-6, game: 0-0
2026-02-26T05:15:21.398Z  (serving: Frances Tiafoe) serving: P1
