2026-02-26T07:39:36.925Z  (serving: Fancutt/Markovina) game: 40-40
2026-02-26T07:39:55.417Z  (serving: Host/Vujic) sets: 2-4, game: 0-0, serving: P1
2026-02-26T07:40:43.672Z  (serving: Host/Vujic) game: 0-15
2026-02-26T07:41:30.578Z  (serving: Host/Vujic) game: 0-30
2026-02-26T07:42:02.597Z  (serving: Host/Vujic) game: 0-40
2026-02-26T07:42:26.499Z  (serving: Host/Vujic) game: 15-40
2026-02-26T07:42:52.217Z  (serving: Host/Vujic) game: 30-40
2026-02-26T07:43:12.051Z  (serving: Fancutt/Markovina) sets: 2-5, game: 0-0, serving: P2
2026-02-26T07:45:12.019Z  (serving: Fancutt/Markovina) game: 0-15
2026-02-26T07:45:52.157Z  (serving: Fancutt/Markovina) game: 0-30
2026-02-26T07:46:17.414Z  (serving: Fancutt/Markovina) game: 0-40
2026-02-26T07:46:50.793Z  (serving: Host/Vujic) sets: 2-6,0-0, game: 0-0, serving: P1
2026-02-26T07:47:53.480Z  (serving: Host/Vujic) game: 15-0
2026-02-26T07:48:12.419Z  (serving: Host/Vujic) game: 15-15
2026-02-26T07:48:32.714Z  (serving: Host/Vujic) game: 30-15
2026-02-26T07:49:17.365Z  (serving: Host/Vujic) game: 40-15
2026-02-26T07:49:49.458Z  (serving: Host/Vujic) game: 40-30
2026-02-26T07:50:18.701Z  (serving: Fancutt/Markovina) sets: 2-6,1-0, game: 0-0, serving: P2
2026-02-26T07:51:12.820Z  (serving: Fancutt/Markovina) game: 0-15
2026-02-26T07:51:47.555Z  (serving: Fancutt/Markovina) game: 0-30
2026-02-26T07:52:14.608Z  (serving: Fancutt/Markovina) game: 0-40
2026-02-26T07:52:41.216Z  (serving: Fancutt/Markovina) game: 15-40
2026-02-26T07:53:10.981Z  (serving: Host/Vujic) sets: 2-6,1-1, game: 0-0, serving: P1
2026-02-26T07:53:45.258Z  (serving: Host/Vujic) game: 15-0
2026-02-26T07:54:16.829Z  (serving: Host/Vujic) game: 15-15
2026-02-26T07:55:03.733Z  (serving: Host/Vujic) game: 30-15
2026-02-26T07:55:44.325Z  (serving: Host/Vujic) game: 30-30
2026-02-26T07:56:14.097Z  (serving: Host/Vujic) game: 30-40
2026-02-26T07:56:51.523Z  (serving: Host/Vujic) game: 40-40
2026-02-26T07:57:33.465Z  (serving: Fancutt/Markovina) sets: 2-6,2-1, game: 0-0, serving: P2
2026-02-26T07:59:02.770Z  (serving: Fancutt/Markovina) game: 0-15
2026-02-26T07:59:23.075Z  (serving: Fancutt/Markovina) game: 0-30
2026-02-26T08:00:00.059Z  (serving: Fancutt/Markovina) game: 0-40
2026-02-26T08:00:45.152Z  (serving: Host/Vujic) sets: 2-6,2-2, game: 0-0, serving: P1
2026-02-26T08:01:13.106Z  (serving: Host/Vujic) game: 0-15
2026-02-26T08:01:36.118Z  (serving: Host/Vujic) game: 0-30
2026-02-26T08:02:03.615Z  (serving: Host/Vujic) game: 0-40
2026-02-26T08:02:33.381Z  (serving: Host/Vujic) game: 15-40
2026-02-26T08:03:09.460Z  (serving: Fancutt/Markovina) sets: 2-6,2-3, game: 0-0, serving: P2
