2026-02-26T07:09:38.828Z  (serving: Gabriele Maria Noce) game: 0-15
2026-02-26T07:10:12.668Z  (serving: Gabriele Maria Noce) game: 0-30
2026-02-26T07:11:03.166Z  (serving: Gabriele Maria Noce) game: 0-40
2026-02-26T07:11:52.329Z  (serving: Gabriele Maria Noce) game: 15-40
2026-02-26T07:12:53.213Z  (serving: Gabriele Maria Noce) game: 30-40
2026-02-26T07:13:25.236Z  (serving: Ignacio Parisca) sets: 0-1, game: 0-0, serving: P1
2026-02-26T07:14:36.948Z  (serving: Ignacio Parisca) game: 15-0
2026-02-26T07:15:01.746Z  (serving: Ignacio Parisca) game: 30-0
2026-02-26T07:15:47.748Z  (serving: Ignacio Parisca) game: 40-0
2026-02-26T07:16:13.907Z  (serving: Ignacio Parisca) game: 40-15
2026-02-26T07:16:44.579Z  (serving: Gabriele Maria Noce) sets: 1-1, game: 0-0, serving: P2
2026-02-26T07:17:16.148Z  (serving: Gabriele Maria Noce) game: 0-15
2026-02-26T07:17:43.207Z  (serving: Gabriele Maria Noce) game: 0-30
2026-02-26T07:18:12.070Z  (serving: Gabriele Maria Noce) game: 0-40
2026-02-26T07:18:52.662Z  (serving: Gabriele Maria Noce) game: 15-40
2026-02-26T07:19:45.431Z  (serving: Gabriele Maria Noce) game: 30-40
2026-02-26T07:20:16.548Z  (serving: Ignacio Parisca) sets: 1-2, game: 0-0, serving: P1
2026-02-26T07:21:59.828Z  (serving: Ignacio Parisca) game: 15-0
2026-02-26T07:22:43.126Z  (serving: Ignacio Parisca) game: 30-0
2026-02-26T07:23:15.147Z  (serving: Ignacio Parisca) game: 30-15
2026-02-26T07:23:45.813Z  (serving: Ignacio Parisca) game: 30-30
2026-02-26T07:24:38.134Z  (serving: Ignacio Parisca) game: 30-40
2026-02-26T07:25:43.526Z  (serving: Ignacio Parisca) game: 40-40
2026-02-26T07:26:33.134Z  (serving: Ignacio Parisca) game: 40-A
2026-02-26T07:27:18.686Z  (serving: Ignacio Parisca) game: 40-40
2026-02-26T07:28:17.768Z  (serving: Ignacio Parisca) game: 40-A
2026-02-26T07:28:49.338Z  (serving: Ignacio Parisca) game: 40-40
2026-02-26T07:29:34.439Z  (serving: Ignacio Parisca) game: A-40
2026-02-26T07:30:14.129Z  (serving: Gabriele Maria Noce) sets: 2-2, game: 0-0, serving: P2
2026-02-26T07:30:59.227Z  (serving: Gabriele Maria Noce) game: 0-15
2026-02-26T07:31:23.129Z  (serving: Gabriele Maria Noce) game: 0-30
2026-02-26T07:32:22.661Z  (serving: Gabriele Maria Noce) game: 15-30
2026-02-26T07:33:35.726Z  (serving: Gabriele Maria Noce) game: 15-40
2026-02-26T07:34:09.553Z  (serving: Gabriele Maria Noce) game: 30-40
2026-02-26T07:34:53.324Z  (serving: Ignacio Parisca) sets: 2-3, game: 0-0, serving: P1
2026-02-26T07:36:13.118Z  (serving: Ignacio Parisca) game: 15-0
2026-02-26T07:36:49.649Z  (serving: Ignacio Parisca) game: 30-0
2026-02-26T07:37:33.400Z  (serving: Ignacio Parisca) game: 30-15
2026-02-26T07:38:24.363Z  (serving: Ignacio Parisca) game: 30-30
2026-02-26T07:39:01.796Z  (serving: Ignacio Parisca) game: 30-40
2026-02-26T07:39:46.847Z  (serving: Ignacio Parisca) game: 40-40
2026-02-26T07:40:42.771Z  (serving: Ignacio Parisca) game: 40-A
2026-02-26T07:41:17.497Z  (serving: Ignacio Parisca) game: 40-40
2026-02-26T07:41:55.832Z  (serving: Ignacio Parisca) game: 40-A
2026-02-26T07:42:30.108Z  (serving: Ignacio Parisca) game: 40-40
2026-02-26T07:43:43.621Z  (serving: Ignacio Parisca) game: A-40
2026-02-26T07:44:33.231Z  (serving: Ignacio Parisca) game: 40-40
2026-02-26T07:45:39.528Z  (serving: Ignacio Parisca) game: 40-A
2026-02-26T07:46:13.805Z  (serving: Ignacio Parisca) game: 40-40
2026-02-26T07:46:45.829Z  (serving: Ignacio Parisca) game: 40-A
2026-02-26T07:48:00.300Z  (serving: Ignacio Parisca) game: 40-40
2026-02-26T07:49:09.245Z  (serving: Ignacio Parisca) game: A-40
2026-02-26T07:49:47.583Z  (serving: Ignacio Parisca) game: 40-40
2026-02-26T07:50:39.447Z  (serving: Ignacio Parisca) game: 40-A
2026-02-26T07:51:29.957Z  (serving: Ignacio Parisca) game: 40-40
2026-02-26T07:52:06.488Z  (serving: Ignacio Parisca) game: A-40
2026-02-26T07:52:36.706Z  (serving: Ignacio Parisca) game: 40-40
2026-02-26T07:53:12.787Z  (serving: Ignacio Parisca) game: A-40
2026-02-26T07:54:04.200Z  (serving: Ignacio Parisca) game: 40-40
2026-02-26T07:54:49.752Z  (serving: Ignacio Parisca) game: A-40
2026-02-26T07:55:14.108Z  (serving: Gabriele Maria Noce) sets: 3-3, game: 0-0, serving: P2
2026-02-26T07:55:58.755Z  (serving: Gabriele Maria Noce) game: 0-15
2026-02-26T07:56:39.800Z  (serving: Gabriele Maria Noce) game: 0-30
2026-02-26T07:57:13.178Z  (serving: Gabriele Maria Noce) game: 0-40
2026-02-26T07:57:45.192Z  (serving: Gabriele Maria Noce) game: 15-40
2026-02-26T07:58:19.468Z  (serving: Ignacio Parisca) sets: 3-4, game: 0-0, serving: P1
2026-02-26T08:00:02.772Z  (serving: Ignacio Parisca) game: 15-0
2026-02-26T08:00:57.318Z  (serving: Ignacio Parisca) game: 30-0
2026-02-26T08:01:28.438Z  (serving: Ignacio Parisca) game: 40-0
2026-02-26T08:02:01.811Z  (serving: Gabriele Maria Noce) sets: 4-4, game: 0-0, serving: P2
2026-02-26T08:02:51.872Z  (serving: Gabriele Maria Noce) game: 15-0
2026-02-26T08:03:36.070Z  (serving: Gabriele Maria Noce) game: 30-0
2026-02-26T08:04:08.545Z  (serving: Gabriele Maria Noce) game: 40-0
