2026-02-26T07:40:43.222Z  (serving: Iryna Shymanovich) game: 15-0
2026-02-26T07:40:46.831Z  (serving: Iryna Shymanovich) game: 0-0
2026-02-26T07:41:04.418Z  (serving: Iryna Shymanovich) game: 15-0
2026-02-26T07:41:39.145Z  (serving: Iryna Shymanovich) game: 30-0
2026-02-26T07:42:08.012Z  (serving: Iryna Shymanovich) game: 40-0
2026-02-26T07:42:37.776Z  (serving: Iryna Shymanovich) game: 40-15
2026-02-26T07:43:10.701Z  (serving: Despina Papamichail) sets: 1-0, game: 0-0, serving: P2
2026-02-26T07:44:35.937Z  (serving: Despina Papamichail) game: 0-15
2026-02-26T07:45:11.116Z  (serving: Despina Papamichail) game: 0-30
2026-02-26T07:45:52.613Z  (serving: Despina Papamichail) game: 15-30
2026-02-26T07:46:52.594Z  (serving: Despina Papamichail) game: 30-30
2026-02-26T07:47:44.006Z  (serving: Despina Papamichail) game: 30-40
2026-02-26T07:48:41.287Z  (serving: Iryna Shymanovich) sets: 1-1, game: 0-0, serving: P1
2026-02-26T07:48:44.442Z  (serving: Despina Papamichail) sets: 1-0, game: 30-40, serving: P2
2026-02-26T07:48:44.892Z  (serving: Despina Papamichail) game: 40-40
2026-02-26T07:49:15.560Z  (serving: Despina Papamichail) game: 40-A
2026-02-26T07:49:43.522Z  (serving: Despina Papamichail) game: 40-40
2026-02-26T07:50:29.073Z  (serving: Despina Papamichail) game: 40-A
2026-02-26T07:51:01.104Z  (serving: Despina Papamichail) game: 40-40
2026-02-26T07:51:22.742Z  (serving: Despina Papamichail) game: 40-A
2026-02-26T07:52:10.106Z  (serving: Despina Papamichail) game: 40-40
2026-02-26T07:52:58.356Z  (serving: Despina Papamichail) game: A-40
2026-02-26T07:53:50.223Z  (serving: Iryna Shymanovich) sets: 2-0, game: 0-0, serving: P1
2026-02-26T07:54:50.203Z  (serving: Iryna Shymanovich) game: 15-0
2026-02-26T07:55:24.479Z  (serving: Iryna Shymanovich) game: 30-0
2026-02-26T07:56:07.775Z  (serving: Iryna Shymanovich) game: 30-15
2026-02-26T07:56:58.302Z  (serving: Iryna Shymanovich) game: 40-15
2026-02-26T07:57:28.092Z  (serving: Despina Papamichail) sets: 3-0, game: 0-0, serving: P2
2026-02-26T07:59:02.770Z  (serving: Despina Papamichail) game: 0-15
2026-02-26T07:59:26.666Z  (serving: Despina Papamichail) game: 0-30
2026-02-26T07:59:48.775Z  (serving: Despina Papamichail) game: 15-30
2026-02-26T08:00:14.027Z  (serving: Despina Papamichail) game: 30-30
2026-02-26T08:00:42.435Z  (serving: Despina Papamichail) game: 40-30
2026-02-26T08:01:27.087Z  (serving: Despina Papamichail) game: 40-40
2026-02-26T08:02:09.933Z  (serving: Despina Papamichail) game: 40-A
2026-02-26T08:02:38.346Z  (serving: Iryna Shymanovich) sets: 3-1, game: 0-0, serving: P1
2026-02-26T08:03:20.308Z  (serving: Iryna Shymanovich) game: 0-15
2026-02-26T08:04:05.393Z  (serving: Iryna Shymanovich) game: 0-30
