2026-02-26T07:39:38.277Z  (serving: Jamilah Snells) game: 15-0
2026-02-26T07:40:09.400Z  (serving: Jamilah Snells) game: 15-15
2026-02-26T07:40:43.672Z  (serving: Jamilah Snells) game: 30-15
2026-02-26T07:41:23.362Z  (serving: Jamilah Snells) game: 30-30
2026-02-26T07:41:58.538Z  (serving: Jamilah Snells) game: 40-30
2026-02-26T07:42:45.895Z  (serving: Jamilah Snells) game: 40-40
2026-02-26T07:43:38.661Z  (serving: Jamilah Snells) game: 40-A
2026-02-26T07:44:15.642Z  (serving: Anna Kubareva) sets: 0-1, game: 0-0, serving: P2
2026-02-26T07:45:40.882Z  (serving: Anna Kubareva) game: 0-15
2026-02-26T07:46:21.022Z  (serving: Anna Kubareva) game: 0-30
2026-02-26T07:46:50.793Z  (serving: Anna Kubareva) game: 0-40
2026-02-26T07:47:13.791Z  (serving: Anna Kubareva) game: 15-40
2026-02-26T07:47:48.524Z  (serving: Jamilah Snells) sets: 0-2, game: 0-0, serving: P1
2026-02-26T07:48:48.499Z  (serving: Jamilah Snells) game: 0-15
2026-02-26T07:49:53.001Z  (serving: Jamilah Snells) game: 0-30
2026-02-26T07:50:37.641Z  (serving: Jamilah Snells) game: 15-30
2026-02-26T07:51:11.466Z  (serving: Jamilah Snells) game: 15-40
2026-02-26T07:51:55.213Z  (serving: Anna Kubareva) sets: 0-3, game: 0-0, serving: P2
2026-02-26T07:54:32.164Z  (serving: Anna Kubareva) game: 0-15
2026-02-26T07:55:29.892Z  (serving: Anna Kubareva) game: 0-30
2026-02-26T07:56:25.364Z  (serving: Anna Kubareva) game: 0-40
2026-02-26T07:57:03.253Z  (serving: Jamilah Snells) sets: 0-4, game: 0-0, serving: P1
2026-02-26T07:57:46.996Z  (serving: Jamilah Snells) game: 15-0
2026-02-26T07:58:25.781Z  (serving: Jamilah Snells) game: 15-15
2026-02-26T07:59:00.964Z  (serving: Jamilah Snells) game: 30-15
2026-02-26T07:59:48.775Z  (serving: Jamilah Snells) game: 40-15
2026-02-26T08:00:48.300Z  (serving: Jamilah Snells) game: 40-30
2026-02-26T08:01:23.928Z  (serving: Jamilah Snells) game: 40-40
2026-02-26T08:02:00.461Z  (serving: Jamilah Snells) game: 40-A
2026-02-26T08:02:32.479Z  (serving: Jamilah Snells) game: 40-40
2026-02-26T08:03:06.761Z  (serving: Jamilah Snells) game: A-40
2026-02-26T08:03:22.100Z  (serving: Jamilah Snells) game: 40-40
2026-02-26T08:03:55.007Z  (serving: Jamilah Snells) game: A-40
