2026-02-26T05:05:46.362Z  (serving: Jamie Mackenzie) game: 15-0
2026-02-26T05:06:18.863Z  (serving: Jamie Mackenzie) game: 30-0
2026-02-26T05:07:04.395Z  (serving: Jamie Mackenzie) game: 40-0
2026-02-26T05:07:46.780Z  (serving: Jamie Mackenzie) game: 40-15
2026-02-26T05:08:32.781Z  (serving: Jamie Mackenzie) game: 40-30
2026-02-26T05:08:51.843Z  (serving: Li Tu) sets: 2-2, game: 0-0, serving: P2
2026-02-26T05:09:49.452Z  (serving: Li Tu) game: 15-0
2026-02-26T05:10:32.776Z  (serving: Li Tu) game: 15-15
2026-02-26T05:11:09.283Z  (serving: Li Tu) game: 15-30
2026-02-26T05:11:40.404Z  (serving: Li Tu) game: 15-40
2026-02-26T05:12:11.079Z  (serving: Li Tu) game: 30-40
2026-02-26T05:13:20.977Z  (serving: Jamie Mackenzie) sets: 2-3, game: 0-0, serving: P1
2026-02-26T05:15:11.030Z  (serving: Jamie Mackenzie) game: 0-15
2026-02-26T05:16:01.543Z  (serving: Jamie Mackenzie) game: 0-30
2026-02-26T05:16:32.207Z  (serving: Jamie Mackenzie) game: 15-30
2026-02-26T05:17:00.620Z  (serving: Jamie Mackenzie) game: 30-30
2026-02-26T05:17:30.840Z  (serving: Jamie Mackenzie) game: 40-30
2026-02-26T05:18:03.763Z  (serving: Li Tu) sets: 3-3, game: 0-0, serving: P2
2026-02-26T05:19:17.729Z  (serving: Li Tu) game: 0-15
2026-02-26T05:19:58.318Z  (serving: Li Tu) game: 0-30
2026-02-26T05:20:32.143Z  (serving: Li Tu) game: 15-30
2026-02-26T05:21:18.596Z  (serving: Li Tu) game: 15-40
2026-02-26T05:22:10.921Z  (serving: Jamie Mackenzie) sets: 3-4, game: 0-0, serving: P1
2026-02-26T05:23:37.959Z  (serving: Jamie Mackenzie) game: 0-15
2026-02-26T05:24:01.408Z  (serving: Jamie Mackenzie) game: 0-30
2026-02-26T05:24:50.116Z  (serving: Jamie Mackenzie) game: 0-40
2026-02-26T05:25:23.943Z  (serving: Li Tu) sets: 3-5, game: 0-0, serving: P2
2026-02-26T05:27:00.012Z  (serving: Li Tu) game: 15-0
2026-02-26T05:27:48.714Z  (serving: Li Tu) game: 30-0
2026-02-26T05:28:23.893Z  (serving: Li Tu) game: 30-15
2026-02-26T05:29:33.042Z  (serving: Jamie Mackenzie) game: 40-15
2026-02-26T05:30:22.653Z  (serving: Jamie Mackenzie) game: 40-30
2026-02-26T05:31:01.888Z  (serving: Jamie Mackenzie) game: 40-40
2026-02-26T05:31:55.557Z  (serving: Jamie Mackenzie) game: A-40
2026-02-26T05:32:34.412Z  (serving: Jamie Mackenzie) game: 40-40
2026-02-26T05:33:24.852Z  (serving: Jamie Mackenzie) game: 40-A
2026-02-26T05:34:08.624Z  (serving: Jamie Mackenzie) sets: 3-6,0-0, game: 0-0
2026-02-26T05:36:01.783Z  (serving: Jamie Mackenzie) game: 0-15
2026-02-26T05:36:36.478Z  (serving: Jamie Mackenzie) game: 0-30
2026-02-26T05:37:09.463Z  (serving: Jamie Mackenzie) game: 0-40
2026-02-26T05:37:47.284Z  (serving: Jamie Mackenzie) game: 15-40
2026-02-26T05:38:10.804Z  (serving: Jamie Mackenzie) game: 30-40
2026-02-26T05:38:30.669Z  (serving: Li Tu) sets: 3-6,0-1, game: 0-0, serving: P2
2026-02-26T05:40:12.557Z  (serving: Li Tu) game: 0-15
2026-02-26T05:41:11.138Z  (serving: Li Tu) game: 0-30
2026-02-26T05:41:49.941Z  (serving: Li Tu) game: 0-40
2026-02-26T05:42:16.989Z  (serving: Jamie Mackenzie) sets: 3-6,0-2, game: 0-0, serving: P1
2026-02-26T05:43:10.207Z  (serving: Jamie Mackenzie) game: 15-0
2026-02-26T05:43:44.941Z  (serving: Jamie Mackenzie) game: 15-15
2026-02-26T05:44:41.764Z  (serving: Jamie Mackenzie) game: 30-15
2026-02-26T05:45:16.587Z  (serving: Jamie Mackenzie) game: 30-30
2026-02-26T05:45:59.801Z  (serving: Jamie Mackenzie) game: 40-30
2026-02-26T05:46:40.458Z  (serving: Li Tu) sets: 3-6,1-2, game: 0-0, serving: P2
2026-02-26T05:48:39.037Z  (serving: Li Tu) game: 0-15
2026-02-26T05:49:33.207Z  (serving: Li Tu) game: 0-30
2026-02-26T05:49:49.801Z  (serving: Jamie Mackenzie) sets: 3-6,1-3, game: 0-0, serving: P1
2026-02-26T05:51:04.244Z  (serving: Jamie Mackenzie) game: 15-0
2026-02-26T05:51:20.932Z  (serving: Jamie Mackenzie) game: 15-15
2026-02-26T05:56:42.462Z  (serving: Li Tu) sets: 3-6,2-3, game: 0-0, serving: P2
2026-02-26T05:56:48.414Z  (serving: Li Tu) game: 0-15
2026-02-26T05:56:48.824Z  (serving: Li Tu) game: 0-30
2026-02-26T05:56:51.519Z  (serving: Li Tu) game: 15-30
2026-02-26T05:56:58.697Z  (serving: Li Tu) game: 15-40
2026-02-26T06:03:22.488Z  (serving: Li Tu) sets: 3-6,3-4, game: 0-0
2026-02-26T06:03:27.041Z  (serving: Li Tu) game: 0-15
2026-02-26T06:03:37.897Z  (serving: Li Tu) game: 0-30
2026-02-26T06:04:17.114Z  (serving: Li Tu) game: 0-40
2026-02-26T06:05:01.768Z  (serving: Jamie Mackenzie) sets: 3-6,3-5, game: 0-0
2026-02-26T06:05:01.768Z  (serving: Jamie Mackenzie) serving: P1
2026-02-26T06:09:01.709Z  (serving: Jamie Mackenzie) sets: 3-6,3-6
