2026-02-26T03:36:16.249Z  (serving: Krajicek/Mektic) game: 0-15
2026-02-26T03:36:45.561Z  (serving: Krajicek/Mektic) game: 0-30
2026-02-26T03:37:27.062Z  (serving: Krajicek/Mektic) game: 0-40
2026-02-26T03:37:57.278Z  (serving: Jodar/Pacheco Mendez) sets: 0-1, game: 0-0, serving: P1
2026-02-26T03:39:13.941Z  (serving: Jodar/Pacheco Mendez) game: 0-15
2026-02-26T03:39:48.677Z  (serving: Jodar/Pacheco Mendez) game: 15-15
2026-02-26T03:40:22.043Z  (serving: Jodar/Pacheco Mendez) game: 15-30
2026-02-26T03:40:52.260Z  (serving: Jodar/Pacheco Mendez) game: 30-30
2026-02-26T03:41:36.007Z  (serving: Jodar/Pacheco Mendez) game: 40-30
2026-02-26T03:42:08.126Z  (serving: Krajicek/Mektic) sets: 1-1, game: 0-0, serving: P2
2026-02-26T03:42:42.404Z  (serving: Krajicek/Mektic) game: 0-15
2026-02-26T03:43:07.206Z  (serving: Krajicek/Mektic) game: 0-30
2026-02-26T03:43:48.255Z  (serving: Krajicek/Mektic) game: 15-30
2026-02-26T03:44:18.022Z  (serving: Krajicek/Mektic) game: 15-40
2026-02-26T03:44:53.195Z  (serving: Jodar/Pacheco Mendez) sets: 1-2, game: 0-0, serving: P1
2026-02-26T03:47:09.402Z  (serving: Jodar/Pacheco Mendez) game: 15-0
2026-02-26T03:47:54.492Z  (serving: Jodar/Pacheco Mendez) game: 15-15
2026-02-26T03:48:35.985Z  (serving: Jodar/Pacheco Mendez) game: 30-15
2026-02-26T03:49:15.221Z  (serving: Jodar/Pacheco Mendez) game: 40-15
2026-02-26T03:49:41.446Z  (serving: Krajicek/Mektic) sets: 2-2, game: 0-0, serving: P2
2026-02-26T03:50:21.976Z  (serving: Krajicek/Mektic) game: 0-15
2026-02-26T03:50:49.488Z  (serving: Krajicek/Mektic) game: 0-30
2026-02-26T03:51:31.882Z  (serving: Krajicek/Mektic) game: 0-40
2026-02-26T03:52:03.002Z  (serving: Jodar/Pacheco Mendez) sets: 2-3, game: 0-0, serving: P1
2026-02-26T03:53:46.731Z  (serving: Jodar/Pacheco Mendez) game: 0-15
2026-02-26T03:54:11.990Z  (serving: Jodar/Pacheco Mendez) game: 15-15
2026-02-26T03:54:41.304Z  (serving: Jodar/Pacheco Mendez) game: 15-30
2026-02-26T03:55:22.344Z  (serving: Jodar/Pacheco Mendez) game: 15-40
2026-02-26T03:55:50.312Z  (serving: Jodar/Pacheco Mendez) game: 30-40
2026-02-26T03:56:15.110Z  (serving: Krajicek/Mektic) sets: 2-4, game: 0-0, serving: P2
2026-02-26T03:56:50.752Z  (serving: Krajicek/Mektic) game: 0-15
2026-02-26T03:57:34.044Z  (serving: Krajicek/Mektic) game: 0-30
2026-02-26T03:58:13.804Z  (serving: Krajicek/Mektic) game: 0-40
2026-02-26T03:58:38.077Z  (serving: Jodar/Pacheco Mendez) sets: 2-5, game: 0-0, serving: P1
2026-02-26T04:00:28.577Z  (serving: Jodar/Pacheco Mendez) game: 15-0
2026-02-26T04:01:05.554Z  (serving: Jodar/Pacheco Mendez) game: 30-0
2026-02-26T04:01:30.357Z  (serving: Jodar/Pacheco Mendez) game: 40-0
2026-02-26T04:02:01.498Z  (serving: Krajicek/Mektic) sets: 3-5, game: 0-0, serving: P2
2026-02-26T04:03:46.154Z  (serving: Krajicek/Mektic) game: 0-15
2026-02-26T04:04:13.218Z  (serving: Krajicek/Mektic) game: 0-30
2026-02-26T04:04:40.284Z  (serving: Krajicek/Mektic) game: 0-40
2026-02-26T04:05:21.321Z  (serving: Krajicek/Mektic) game: 15-40
2026-02-26T04:05:55.723Z  (serving: Krajicek/Mektic) game: 30-40
2026-02-26T04:06:40.370Z  (serving: Krajicek/Mektic) game: 40-40
2026-02-26T04:07:41.708Z  (serving: Jodar/Pacheco Mendez) sets: 3-6,0-0, game: 0-0, serving: P1
2026-02-26T04:09:47.085Z  (serving: Jodar/Pacheco Mendez) game: 15-0
2026-02-26T04:10:16.851Z  (serving: Jodar/Pacheco Mendez) game: 15-15
2026-02-26T04:10:46.177Z  (serving: Jodar/Pacheco Mendez) game: 15-30
2026-02-26T04:11:15.932Z  (serving: Jodar/Pacheco Mendez) game: 15-40
2026-02-26T04:11:43.443Z  (serving: Jodar/Pacheco Mendez) game: 30-40
2026-02-26T04:12:18.171Z  (serving: Jodar/Pacheco Mendez) game: 40-40
2026-02-26T04:13:08.233Z  (serving: Krajicek/Mektic) sets: 3-6,1-0, game: 0-0, serving: P2
2026-02-26T04:14:29.414Z  (serving: Krajicek/Mektic) game: 0-15
2026-02-26T04:15:16.318Z  (serving: Krajicek/Mektic) game: 15-15
2026-02-26T04:16:04.124Z  (serving: Krajicek/Mektic) game: 15-30
2026-02-26T04:17:02.303Z  (serving: Krajicek/Mektic) game: 15-40
2026-02-26T04:17:51.468Z  (serving: Krajicek/Mektic) game: 30-40
2026-02-26T04:18:22.133Z  (serving: Jodar/Pacheco Mendez) sets: 3-6,1-1, game: 0-0, serving: P1
2026-02-26T04:19:19.417Z  (serving: Jodar/Pacheco Mendez) game: 15-0
2026-02-26T04:19:43.315Z  (serving: Jodar/Pacheco Mendez) game: 30-0
2026-02-26T04:20:05.867Z  (serving: Jodar/Pacheco Mendez) game: 40-0
2026-02-26T04:20:26.615Z  (serving: Krajicek/Mektic) sets: 3-6,2-1, game: 0-0, serving: P2
2026-02-26T04:22:15.765Z  (serving: Krajicek/Mektic) game: 0-15
2026-02-26T04:22:47.332Z  (serving: Krajicek/Mektic) game: 15-15
2026-02-26T04:23:35.135Z  (serving: Krajicek/Mektic) game: 15-30
2026-02-26T04:24:04.448Z  (serving: Krajicek/Mektic) game: 15-40
2026-02-26T04:24:35.566Z  (serving: Krajicek/Mektic) game: 30-40
2026-02-26T04:25:06.234Z  (serving: Jodar/Pacheco Mendez) sets: 3-6,2-2, game: 0-0, serving: P1
2026-02-26T04:25:59.003Z  (serving: Jodar/Pacheco Mendez) game: 15-0
2026-02-26T04:26:54.481Z  (serving: Jodar/Pacheco Mendez) game: 15-15
2026-02-26T04:27:25.599Z  (serving: Jodar/Pacheco Mendez) game: 30-15
2026-02-26T04:27:51.758Z  (serving: Jodar/Pacheco Mendez) game: 40-15
2026-02-26T04:28:23.778Z  (serving: Krajicek/Mektic) sets: 3-6,3-2, game: 0-0, serving: P2
2026-02-26T04:30:26.902Z  (serving: Krajicek/Mektic) game: 0-15
2026-02-26T04:30:58.484Z  (serving: Krajicek/Mektic) game: 15-15
2026-02-26T04:31:33.214Z  (serving: Krajicek/Mektic) game: 15-30
2026-02-26T04:32:03.886Z  (serving: Krajicek/Mektic) game: 15-40
2026-02-26T04:32:36.810Z  (serving: Jodar/Pacheco Mendez) sets: 3-6,3-3, game: 0-0, serving: P1
2026-02-26T04:33:16.498Z  (serving: Jodar/Pacheco Mendez) game: 0-15
2026-02-26T04:33:42.211Z  (serving: Jodar/Pacheco Mendez) game: 0-30
2026-02-26T04:34:12.874Z  (serving: Jodar/Pacheco Mendez) game: 15-30
2026-02-26T04:34:40.441Z  (serving: Jodar/Pacheco Mendez) game: 15-40
2026-02-26T04:35:20.073Z  (serving: Jodar/Pacheco Mendez) game: 30-40
2026-02-26T04:35:49.477Z  (serving: Jodar/Pacheco Mendez) game: 40-40
2026-02-26T04:36:26.459Z  (serving: Krajicek/Mektic) sets: 3-6,4-3, game: 0-0, serving: P2
2026-02-26T04:38:28.797Z  (serving: Krajicek/Mektic) game: 15-0
2026-02-26T04:39:07.478Z  (serving: Krajicek/Mektic) game: 30-0
2026-02-26T04:39:36.348Z  (serving: Krajicek/Mektic) game: 30-15
2026-02-26T04:40:08.807Z  (serving: Krajicek/Mektic) game: 40-15
2026-02-26T04:40:38.133Z  (serving: Krajicek/Mektic) game: 40-30
2026-02-26T04:41:22.784Z  (serving: Krajicek/Mektic) game: 40-40
2026-02-26T04:42:06.974Z  (serving: Jodar/Pacheco Mendez) sets: 3-6,5-3, game: 0-0, serving: P1
2026-02-26T04:42:55.231Z  (serving: Jodar/Pacheco Mendez) game: 0-15
2026-02-26T04:43:24.098Z  (serving: Jodar/Pacheco Mendez) game: 15-15
2026-02-26T04:44:08.298Z  (serving: Jodar/Pacheco Mendez) game: 30-15
2026-02-26T04:44:37.610Z  (serving: Jodar/Pacheco Mendez) game: 40-15
2026-02-26T04:45:02.870Z  (serving: Krajicek/Mektic) sets: 3-6,6-3,0-0, game: 0-0, serving: P2
2026-02-26T04:47:53.803Z  (serving: Jodar/Pacheco Mendez) game: 1-0, serving: P1
2026-02-26T04:48:25.383Z  (serving: Jodar/Pacheco Mendez) game: 2-0
2026-02-26T04:48:50.180Z  (serving: Krajicek/Mektic) game: 3-0, serving: P2
2026-02-26T04:49:40.693Z  (serving: Krajicek/Mektic) game: 4-0
2026-02-26T04:50:25.792Z  (serving: Jodar/Pacheco Mendez) game: 5-0, serving: P1
2026-02-26T04:51:00.532Z  (serving: Jodar/Pacheco Mendez) game: 5-1
2026-02-26T04:52:17.643Z  (serving: Krajicek/Mektic) game: 5-2, serving: P2
2026-02-26T04:53:00.952Z  (serving: Krajicek/Mektic) game: 6-2
2026-02-26T04:53:52.353Z  (serving: Jodar/Pacheco Mendez) game: 6-3, serving: P1
2026-02-26T04:54:41.514Z  (serving: Jodar/Pacheco Mendez) game: 6-4
2026-02-26T04:55:11.281Z  (serving: Krajicek/Mektic) game: 7-4, serving: P2
2026-02-26T04:56:08.115Z  (serving: Krajicek/Mektic) game: 8-4
2026-02-26T04:56:59.988Z  (serving: Jodar/Pacheco Mendez) game: 8-5, serving: P1
2026-02-26T04:57:46.881Z  (serving: Jodar/Pacheco Mendez) game: 9-5
2026-02-26T04:58:22.057Z  (serving: Krajicek/Mektic) game: 9-6, serving: P2
2026-02-26T04:59:16.626Z  (serving: Krajicek/Mektic) sets: 3-6,6-3,1-0, game: 0-0
