2026-02-26T07:40:31.496Z  (serving: Karla Popovic) game: 0-15
2026-02-26T07:40:56.310Z  (serving: Karla Popovic) game: 15-15
2026-02-26T07:41:28.324Z  (serving: Karla Popovic) game: 30-15
2026-02-26T07:42:02.597Z  (serving: Karla Popovic) game: 40-15
2026-02-26T07:42:44.991Z  (serving: Karla Popovic) game: 40-30
2026-02-26T07:43:10.256Z  (serving: Karla Popovic) game: 40-40
2026-02-26T07:43:47.682Z  (serving: Karla Popovic) game: 40-A
2026-02-26T07:44:20.159Z  (serving: Karla Popovic) game: 40-40
2026-02-26T07:45:14.731Z  (serving: Karla Popovic) game: 40-A
2026-02-26T07:45:40.430Z  (serving: Andre Lukosiute) sets: 0-1, game: 0-0, serving: P2
2026-02-26T07:47:13.791Z  (serving: Andre Lukosiute) game: 0-15
2026-02-26T07:47:35.904Z  (serving: Andre Lukosiute) game: 15-15
2026-02-26T07:48:07.912Z  (serving: Andre Lukosiute) game: 15-30
2026-02-26T07:48:43.989Z  (serving: Andre Lukosiute) game: 30-30
2026-02-26T07:49:11.502Z  (serving: Andre Lukosiute) game: 30-40
2026-02-26T07:50:03.367Z  (serving: Karla Popovic) sets: 0-2, game: 0-0, serving: P1
2026-02-26T07:50:51.172Z  (serving: Karla Popovic) game: 0-15
2026-02-26T07:51:50.324Z  (serving: Karla Popovic) game: 15-15
2026-02-26T07:52:25.432Z  (serving: Karla Popovic) game: 30-15
2026-02-26T07:53:05.166Z  (serving: Karla Popovic) game: 40-15
2026-02-26T07:53:33.532Z  (serving: Andre Lukosiute) sets: 1-2, game: 0-0, serving: P2
2026-02-26T07:55:48.383Z  (serving: Andre Lukosiute) game: 15-0
2026-02-26T07:56:17.698Z  (serving: Andre Lukosiute) game: 15-15
2026-02-26T07:56:37.102Z  (serving: Andre Lukosiute) game: 15-30
2026-02-26T07:57:26.250Z  (serving: Andre Lukosiute) game: 15-40
2026-02-26T07:58:03.235Z  (serving: Karla Popovic) sets: 1-3, game: 0-0, serving: P1
2026-02-26T07:58:52.847Z  (serving: Karla Popovic) game: 15-0
2026-02-26T07:59:36.591Z  (serving: Karla Popovic) game: 15-15
2026-02-26T08:00:23.497Z  (serving: Karla Popovic) game: 15-30
2026-02-26T08:00:51.908Z  (serving: Karla Popovic) game: 15-40
2026-02-26T08:01:31.607Z  (serving: Karla Popovic) game: 30-40
2026-02-26T08:02:08.580Z  (serving: Karla Popovic) game: 40-40
2026-02-26T08:02:45.569Z  (serving: Karla Popovic) game: A-40
2026-02-26T08:03:14.420Z  (serving: Karla Popovic) game: 40-40
2026-02-26T08:04:05.393Z  (serving: Karla Popovic) game: A-40
