2026-02-26T02:49:43.960Z  (serving: Tai Leonard Sach) game: 0-15
2026-02-26T02:50:28.608Z  (serving: Tai Leonard Sach) game: 0-30
2026-02-26T02:51:09.199Z  (serving: Tai Leonard Sach) game: 15-30
2026-02-26T02:51:51.250Z  (serving: Tai Leonard Sach) game: 15-40
2026-02-26T02:52:30.945Z  (serving: Tai Leonard Sach) game: 30-40
2026-02-26T02:53:12.878Z  (serving: Tai Leonard Sach) game: 40-40
2026-02-26T02:54:10.596Z  (serving: Tai Leonard Sach) game: A-40
2026-02-26T02:54:57.517Z  (serving: Keisuke Saitoh) sets: 6-4,2-2, game: 0-0, serving: P1
2026-02-26T02:55:36.293Z  (serving: Keisuke Saitoh) game: 15-0
2026-02-26T02:56:12.366Z  (serving: Keisuke Saitoh) game: 30-0
2026-02-26T02:56:57.489Z  (serving: Keisuke Saitoh) game: 40-0
2026-02-26T02:57:23.184Z  (serving: Tai Leonard Sach) sets: 6-4,3-2, game: 0-0, serving: P2
2026-02-26T02:58:49.934Z  (serving: Tai Leonard Sach) game: 15-0
2026-02-26T02:59:13.217Z  (serving: Tai Leonard Sach) game: 15-15
2026-02-26T02:59:34.414Z  (serving: Tai Leonard Sach) game: 15-30
2026-02-26T03:00:02.376Z  (serving: Tai Leonard Sach) game: 30-30
2026-02-26T03:00:29.768Z  (serving: Tai Leonard Sach) game: 30-40
2026-02-26T03:01:11.830Z  (serving: Keisuke Saitoh) sets: 6-4,3-3, game: 0-0, serving: P1
2026-02-26T03:01:44.307Z  (serving: Keisuke Saitoh) game: 0-15
2026-02-26T03:02:19.041Z  (serving: Keisuke Saitoh) game: 15-15
2026-02-26T03:02:30.306Z  (serving: Keisuke Saitoh) game: 30-15
2026-02-26T03:03:13.157Z  (serving: Keisuke Saitoh) game: 40-15
2026-02-26T03:03:53.312Z  (serving: Tai Leonard Sach) sets: 6-4,4-3, game: 0-0, serving: P2
2026-02-26T03:05:22.608Z  (serving: Tai Leonard Sach) game: 0-15
2026-02-26T03:06:04.156Z  (serving: Tai Leonard Sach) game: 0-30
2026-02-26T03:07:06.857Z  (serving: Tai Leonard Sach) game: 15-30
2026-02-26T03:07:59.624Z  (serving: Tai Leonard Sach) game: 30-30
2026-02-26T03:08:32.084Z  (serving: Tai Leonard Sach) game: 30-40
2026-02-26T03:09:09.524Z  (serving: Keisuke Saitoh) sets: 6-4,4-4, game: 0-0, serving: P1
2026-02-26T03:10:02.293Z  (serving: Keisuke Saitoh) game: 15-0
2026-02-26T03:10:25.741Z  (serving: Keisuke Saitoh) game: 30-0
2026-02-26T03:11:05.882Z  (serving: Keisuke Saitoh) game: 40-0
2026-02-26T03:11:40.624Z  (serving: Tai Leonard Sach) sets: 6-4,5-4, game: 0-0, serving: P2
2026-02-26T03:13:14.419Z  (serving: Tai Leonard Sach) game: 0-15
2026-02-26T03:13:53.658Z  (serving: Tai Leonard Sach) game: 15-15
2026-02-26T03:14:31.091Z  (serving: Tai Leonard Sach) game: 30-15
2026-02-26T03:15:24.311Z  (serving: Tai Leonard Sach) game: 30-30
2026-02-26T03:16:07.608Z  (serving: Tai Leonard Sach) game: 40-30
2026-02-26T03:16:44.590Z  (serving: Tai Leonard Sach) game: 40-40
2026-02-26T03:17:11.207Z  (serving: Tai Leonard Sach) game: 40-A
2026-02-26T03:18:01.711Z  (serving: Tai Leonard Sach) game: 40-40
2026-02-26T03:18:33.734Z  (serving: Tai Leonard Sach) game: A-40
2026-02-26T03:18:56.743Z  (serving: Tai Leonard Sach) game: 40-40
2026-02-26T03:19:35.520Z  (serving: Tai Leonard Sach) game: 40-A
2026-02-26T03:19:58.070Z  (serving: Keisuke Saitoh) sets: 6-4,5-5, game: 0-0, serving: P1
2026-02-26T03:20:48.582Z  (serving: Keisuke Saitoh) game: 15-0
2026-02-26T03:21:16.094Z  (serving: Keisuke Saitoh) game: 30-0
2026-02-26T03:21:37.767Z  (serving: Keisuke Saitoh) game: 40-0
2026-02-26T03:22:12.497Z  (serving: Keisuke Saitoh) game: 40-15
2026-02-26T03:22:53.516Z  (serving: Keisuke Saitoh) game: 40-30
2026-02-26T03:23:53.526Z  (serving: Tai Leonard Sach) sets: 6-4,6-5, game: 0-0, serving: P2
2026-02-26T03:25:47.611Z  (serving: Tai Leonard Sach) game: 15-0
2026-02-26T03:26:36.771Z  (serving: Tai Leonard Sach) game: 15-15
2026-02-26T03:27:48.029Z  (serving: Tai Leonard Sach) game: 30-15
2026-02-26T03:28:35.391Z  (serving: Tai Leonard Sach) game: 30-30
2026-02-26T03:29:17.324Z  (serving: Tai Leonard Sach) game: 40-30
2026-02-26T03:30:31.740Z  (serving: Tai Leonard Sach) sets: 6-4,7-5, game: 0-0
