2026-02-26T04:36:25.560Z  (serving: Lizette Cabrera) game: 15-40
2026-02-26T04:37:07.952Z  (serving: Ya Yi Yang) sets: 6-0,1-4, game: 0-0, serving: P2
2026-02-26T04:38:57.555Z  (serving: Ya Yi Yang) game: 0-15
2026-02-26T04:39:22.362Z  (serving: Ya Yi Yang) game: 0-30
2026-02-26T04:39:51.219Z  (serving: Ya Yi Yang) game: 0-40
2026-02-26T04:40:23.239Z  (serving: Lizette Cabrera) sets: 6-0,1-5, game: 0-0, serving: P1
2026-02-26T04:40:55.261Z  (serving: Lizette Cabrera) game: 0-15
2026-02-26T04:41:32.255Z  (serving: Lizette Cabrera) game: 15-15
2026-02-26T04:41:58.406Z  (serving: Lizette Cabrera) game: 30-15
2026-02-26T04:43:28.154Z  (serving: Lizette Cabrera) game: 40-15
2026-02-26T04:43:48.902Z  (serving: Lizette Cabrera) game: 30-15
2026-02-26T04:43:55.665Z  (serving: Lizette Cabrera) game: 30-30
2026-02-26T04:43:57.924Z  (serving: Lizette Cabrera) game: 40-30
2026-02-26T04:44:16.411Z  (serving: Ya Yi Yang) sets: 6-0,2-5, game: 0-0, serving: P2
2026-02-26T04:46:07.818Z  (serving: Ya Yi Yang) game: 15-0
2026-02-26T04:46:31.268Z  (serving: Ya Yi Yang) game: 15-15
2026-02-26T04:47:29.019Z  (serving: Ya Yi Yang) game: 30-15
2026-02-26T04:48:26.732Z  (serving: Ya Yi Yang) game: 30-30
2026-02-26T04:48:50.180Z  (serving: Ya Yi Yang) game: 30-40
2026-02-26T04:49:19.512Z  (serving: Lizette Cabrera) sets: 6-0,2-6,0-0, game: 0-0, serving: P1
2026-02-26T04:53:03.194Z  (serving: Lizette Cabrera) game: 0-15
2026-02-26T04:53:18.157Z  (serving: Lizette Cabrera) game: 0-30
2026-02-26T04:53:52.353Z  (serving: Lizette Cabrera) game: 15-30
2026-02-26T04:54:51.888Z  (serving: Lizette Cabrera) game: 15-40
2026-02-26T04:55:44.205Z  (serving: Lizette Cabrera) game: 30-40
2026-02-26T04:56:18.031Z  (serving: Lizette Cabrera) game: 40-40
2026-02-26T04:56:49.149Z  (serving: Lizette Cabrera) game: A-40
2026-02-26T04:57:41.917Z  (serving: Lizette Cabrera) game: 40-40
2026-02-26T04:58:23.416Z  (serving: Lizette Cabrera) game: A-40
2026-02-26T04:58:54.077Z  (serving: Lizette Cabrera) game: 40-40
2026-02-26T05:00:01.293Z  (serving: Lizette Cabrera) game: A-40
2026-02-26T05:01:17.085Z  (serving: Lizette Cabrera) game: 40-40
2026-02-26T05:01:21.109Z  (serving: Lizette Cabrera) game: 40-A
2026-02-26T05:01:22.915Z  (serving: Ya Yi Yang) sets: 6-0,2-6,0-1, game: 0-0, serving: P2
2026-02-26T05:03:55.802Z  (serving: Ya Yi Yang) game: 15-0
2026-02-26T05:04:28.731Z  (serving: Ya Yi Yang) game: 0-0
2026-02-26T05:04:33.689Z  (serving: Ya Yi Yang) game: 0-15
2026-02-26T05:04:35.495Z  (serving: Ya Yi Yang) game: 15-15
2026-02-26T05:04:39.550Z  (serving: Ya Yi Yang) game: 30-15
2026-02-26T05:05:12.028Z  (serving: Ya Yi Yang) game: 40-15
2026-02-26T05:05:29.612Z  (serving: Lizette Cabrera) sets: 6-0,2-6,1-1, game: 0-0, serving: P1
2026-02-26T05:06:03.611Z  (serving: Ya Yi Yang) sets: 6-0,2-6,0-1, game: 40-15, serving: P2
2026-02-26T05:06:08.462Z  (serving: Ya Yi Yang) game: 40-30
2026-02-26T05:06:46.352Z  (serving: Lizette Cabrera) sets: 6-0,2-6,1-1, game: 0-0, serving: P1
2026-02-26T05:08:13.846Z  (serving: Lizette Cabrera) game: 0-15
2026-02-26T05:08:15.644Z  (serving: Lizette Cabrera) game: 15-15
2026-02-26T05:08:34.585Z  (serving: Lizette Cabrera) game: 15-30
2026-02-26T05:09:00.300Z  (serving: Lizette Cabrera) game: 15-40
2026-02-26T05:09:26.903Z  (serving: Lizette Cabrera) game: 30-40
2026-02-26T05:10:42.822Z  (serving: Lizette Cabrera) game: 40-40
2026-02-26T05:10:44.483Z  (serving: Lizette Cabrera) game: A-40
2026-02-26T05:11:10.186Z  (serving: Lizette Cabrera) game: 40-40
2026-02-26T05:11:47.167Z  (serving: Lizette Cabrera) game: 40-A
2026-02-26T05:12:20.098Z  (serving: Lizette Cabrera) game: 40-40
2026-02-26T05:14:08.332Z  (serving: Lizette Cabrera) game: 40-A
2026-02-26T05:14:10.158Z  (serving: Lizette Cabrera) game: 40-40
2026-02-26T05:14:38.551Z  (serving: Lizette Cabrera) game: A-40
2026-02-26T05:15:10.124Z  (serving: Ya Yi Yang) sets: 6-0,2-6,2-1, game: 0-0, serving: P2
