2026-02-26T06:42:05.623Z  (serving: Jay Clarke) game: 15-0
2026-02-26T06:42:33.133Z  (serving: Jay Clarke) game: 15-15
2026-02-26T06:43:03.812Z  (serving: Jay Clarke) game: 30-15
2026-02-26T06:44:01.981Z  (serving: Jay Clarke) game: 40-15
2026-02-26T06:44:44.829Z  (serving: Masamichi Imamura) sets: 2-1, game: 0-0, serving: P1
2026-02-26T06:46:43.894Z  (serving: Masamichi Imamura) game: 15-0
2026-02-26T06:47:30.799Z  (serving: Masamichi Imamura) game: 30-0
2026-02-26T06:48:13.647Z  (serving: Masamichi Imamura) game: 30-15
2026-02-26T06:48:59.650Z  (serving: Masamichi Imamura) game: 30-30
2026-02-26T06:49:44.298Z  (serving: Masamichi Imamura) game: 40-30
2026-02-26T06:50:15.867Z  (serving: Jay Clarke) sets: 3-1, game: 0-0, serving: P2
2026-02-26T06:51:31.187Z  (serving: Jay Clarke) game: 15-0
2026-02-26T06:52:31.171Z  (serving: Jay Clarke) game: 30-0
2026-02-26T06:53:07.250Z  (serving: Jay Clarke) game: 40-0
2026-02-26T06:53:46.938Z  (serving: Jay Clarke) game: 40-15
2026-02-26T06:54:20.763Z  (serving: Jay Clarke) game: 40-30
2026-02-26T06:55:28.424Z  (serving: Masamichi Imamura) sets: 4-1, game: 0-0, serving: P1
2026-02-26T06:57:17.565Z  (serving: Masamichi Imamura) game: 0-15
2026-02-26T06:58:36.031Z  (serving: Masamichi Imamura) game: 15-15
2026-02-26T06:59:06.699Z  (serving: Masamichi Imamura) game: 30-15
2026-02-26T06:59:36.917Z  (serving: Masamichi Imamura) game: 40-15
2026-02-26T07:00:19.861Z  (serving: Jay Clarke) sets: 5-1, serving: P2
2026-02-26T07:00:57.292Z  (serving: Jay Clarke) game: 0-15
2026-02-26T07:01:17.587Z  (serving: Jay Clarke) game: 15-15
2026-02-26T07:01:54.568Z  (serving: Jay Clarke) game: 30-15
2026-02-26T07:02:21.178Z  (serving: Jay Clarke) game: 30-30
2026-02-26T07:02:53.651Z  (serving: Jay Clarke) game: 40-30
2026-02-26T07:03:35.143Z  (serving: Jay Clarke) game: 40-40
2026-02-26T07:04:03.557Z  (serving: Jay Clarke) game: 40-A
2026-02-26T07:04:22.502Z  (serving: Masamichi Imamura) sets: 5-2, game: 0-0, serving: P1
2026-02-26T07:05:59.464Z  (serving: Masamichi Imamura) game: 15-0
2026-02-26T07:06:22.474Z  (serving: Masamichi Imamura) game: 30-0
2026-02-26T07:07:18.837Z  (serving: Masamichi Imamura) game: 40-0
2026-02-26T07:07:45.446Z  (serving: Jay Clarke) sets: 6-2,0-0, game: 0-0, serving: P2
2026-02-26T07:10:20.773Z  (serving: Jay Clarke) game: 15-0
2026-02-26T07:11:12.637Z  (serving: Jay Clarke) game: 15-15
2026-02-26T07:11:41.089Z  (serving: Jay Clarke) game: 15-30
2026-02-26T07:12:13.071Z  (serving: Jay Clarke) game: 15-40
2026-02-26T07:12:46.445Z  (serving: Jay Clarke) game: 30-40
2026-02-26T07:13:32.904Z  (serving: Masamichi Imamura) sets: 6-2,0-1, game: 0-0, serving: P1
2026-02-26T07:14:31.530Z  (serving: Masamichi Imamura) game: 15-0
2026-02-26T07:15:01.746Z  (serving: Masamichi Imamura) game: 15-15
2026-02-26T07:15:36.476Z  (serving: Masamichi Imamura) game: 30-15
2026-02-26T07:16:01.292Z  (serving: Masamichi Imamura) game: 40-15
2026-02-26T07:16:24.732Z  (serving: Masamichi Imamura) game: 40-30
2026-02-26T07:16:52.696Z  (serving: Masamichi Imamura) game: 40-40
2026-02-26T07:17:53.578Z  (serving: Masamichi Imamura) game: A-40
2026-02-26T07:18:44.091Z  (serving: Jay Clarke) sets: 6-2,1-1, game: 0-0, serving: P2
2026-02-26T07:19:37.312Z  (serving: Jay Clarke) game: 15-0
2026-02-26T07:20:44.062Z  (serving: Jay Clarke) game: 15-30
2026-02-26T07:20:47.670Z  (serving: Jay Clarke) game: 15-40
2026-02-26T07:21:23.748Z  (serving: Jay Clarke) game: 30-40
2026-02-26T07:22:16.967Z  (serving: Masamichi Imamura) sets: 6-2,1-2, game: 0-0, serving: P1
2026-02-26T07:24:31.366Z  (serving: Masamichi Imamura) game: 0-15
2026-02-26T07:24:57.523Z  (serving: Masamichi Imamura) game: 0-30
2026-02-26T07:25:33.604Z  (serving: Masamichi Imamura) game: 15-30
2026-02-26T07:26:47.119Z  (serving: Masamichi Imamura) game: 30-30
2026-02-26T07:28:14.610Z  (serving: Masamichi Imamura) game: 40-30
2026-02-26T07:28:53.396Z  (serving: Jay Clarke) sets: 6-2,2-2, game: 0-0, serving: P2
2026-02-26T07:29:37.144Z  (serving: Jay Clarke) game: 0-15
2026-02-26T07:30:07.812Z  (serving: Jay Clarke) game: 0-30
2026-02-26T07:30:54.716Z  (serving: Jay Clarke) game: 0-40
2026-02-26T07:31:26.738Z  (serving: Masamichi Imamura) sets: 6-2,2-3, game: 0-0, serving: P1
2026-02-26T07:33:25.838Z  (serving: Masamichi Imamura) game: 15-0
2026-02-26T07:34:03.687Z  (serving: Masamichi Imamura) game: 30-0
2026-02-26T07:34:41.585Z  (serving: Masamichi Imamura) game: 30-15
2026-02-26T07:35:09.536Z  (serving: Masamichi Imamura) game: 40-15
2026-02-26T07:35:37.046Z  (serving: Masamichi Imamura) game: 40-30
2026-02-26T07:36:05.003Z  (serving: Jay Clarke) sets: 6-2,3-3, game: 0-0, serving: P2
2026-02-26T07:37:19.418Z  (serving: Jay Clarke) game: 15-0
2026-02-26T07:38:18.497Z  (serving: Jay Clarke) game: 30-0
2026-02-26T07:39:08.559Z  (serving: Jay Clarke) game: 40-0
2026-02-26T07:39:57.670Z  (serving: Jay Clarke) game: 40-15
2026-02-26T07:41:01.261Z  (serving: Masamichi Imamura) sets: 6-2,4-3, game: 0-0, serving: P1
2026-02-26T07:43:11.604Z  (serving: Masamichi Imamura) game: 15-0
2026-02-26T07:43:29.650Z  (serving: Masamichi Imamura) game: 30-0
