2026-02-26T04:05:44.453Z  (serving: Mattia Bellucci) game: 15-15
2026-02-26T04:06:26.839Z  (serving: Mattia Bellucci) game: 15-30
2026-02-26T04:06:54.803Z  (serving: Mattia Bellucci) game: 30-30
2026-02-26T04:07:36.746Z  (serving: Mattia Bellucci) game: 40-30
2026-02-26T04:08:26.807Z  (serving: Mattia Bellucci) game: 40-40
2026-02-26T04:09:11.457Z  (serving: Mattia Bellucci) game: 40-A
2026-02-26T04:09:47.536Z  (serving: Mattia Bellucci) game: 40-40
2026-02-26T04:10:30.393Z  (serving: Mattia Bellucci) game: A-40
2026-02-26T04:11:01.959Z  (serving: Alejandro Davidovich Fokina) sets: 2-0, game: 0-0, serving: P2
2026-02-26T04:11:38.035Z  (serving: Alejandro Davidovich Fokina) game: 0-15
2026-02-26T04:12:00.131Z  (serving: Alejandro Davidovich Fokina) game: 0-30
2026-02-26T04:12:23.134Z  (serving: Alejandro Davidovich Fokina) game: 15-30
2026-02-26T04:12:54.703Z  (serving: Alejandro Davidovich Fokina) game: 30-30
2026-02-26T04:13:23.567Z  (serving: Alejandro Davidovich Fokina) game: 30-40
2026-02-26T04:13:53.787Z  (serving: Mattia Bellucci) sets: 2-1, game: 0-0, serving: P1
2026-02-26T04:16:10.438Z  (serving: Mattia Bellucci) game: 15-0
2026-02-26T04:16:39.303Z  (serving: Mattia Bellucci) game: 15-15
2026-02-26T04:17:09.090Z  (serving: Mattia Bellucci) game: 30-15
2026-02-26T04:17:32.983Z  (serving: Mattia Bellucci) game: 40-15
2026-02-26T04:18:12.210Z  (serving: Alejandro Davidovich Fokina) sets: 3-1, game: 0-0, serving: P2
2026-02-26T04:18:53.702Z  (serving: Alejandro Davidovich Fokina) game: 15-0
2026-02-26T04:19:31.135Z  (serving: Alejandro Davidovich Fokina) game: 30-0
2026-02-26T04:20:46.015Z  (serving: Alejandro Davidovich Fokina) game: 30-15
2026-02-26T04:21:32.468Z  (serving: Alejandro Davidovich Fokina) game: 30-30
2026-02-26T04:22:04.482Z  (serving: Alejandro Davidovich Fokina) game: 30-40
2026-02-26T04:22:41.916Z  (serving: Mattia Bellucci) sets: 3-2, game: 0-0, serving: P1
2026-02-26T04:24:49.999Z  (serving: Mattia Bellucci) game: 15-0
2026-02-26T04:25:13.451Z  (serving: Mattia Bellucci) game: 30-0
2026-02-26T04:25:36.452Z  (serving: Mattia Bellucci) game: 40-0
2026-02-26T04:26:07.131Z  (serving: Alejandro Davidovich Fokina) sets: 4-2, game: 0-0, serving: P2
2026-02-26T04:26:49.969Z  (serving: Alejandro Davidovich Fokina) game: 0-15
2026-02-26T04:27:12.529Z  (serving: Alejandro Davidovich Fokina) game: 15-15
2026-02-26T04:27:45.895Z  (serving: Alejandro Davidovich Fokina) game: 15-30
2026-02-26T04:28:48.131Z  (serving: Alejandro Davidovich Fokina) game: 30-30
2026-02-26T04:29:39.113Z  (serving: Alejandro Davidovich Fokina) game: 30-40
2026-02-26T04:30:16.981Z  (serving: Alejandro Davidovich Fokina) game: 40-40
2026-02-26T04:31:01.632Z  (serving: Alejandro Davidovich Fokina) game: 40-A
2026-02-26T04:31:29.606Z  (serving: Mattia Bellucci) sets: 4-3, game: 0-0, serving: P1
2026-02-26T04:33:48.527Z  (serving: Mattia Bellucci) game: 15-0
2026-02-26T04:34:05.207Z  (serving: Mattia Bellucci) game: 30-0
2026-02-26T04:34:21.895Z  (serving: Mattia Bellucci) game: 40-0
2026-02-26T04:34:50.777Z  (serving: Alejandro Davidovich Fokina) sets: 5-3, game: 0-0, serving: P2
2026-02-26T04:35:37.211Z  (serving: Alejandro Davidovich Fokina) game: 0-15
2026-02-26T04:36:00.308Z  (serving: Alejandro Davidovich Fokina) game: 15-15
2026-02-26T04:36:39.996Z  (serving: Alejandro Davidovich Fokina) game: 30-15
2026-02-26T04:37:14.267Z  (serving: Alejandro Davidovich Fokina) game: 40-15
2026-02-26T04:37:44.032Z  (serving: Alejandro Davidovich Fokina) game: 40-30
2026-02-26T04:38:03.913Z  (serving: Alejandro Davidovich Fokina) game: 40-40
2026-02-26T04:38:33.713Z  (serving: Alejandro Davidovich Fokina) game: A-40
2026-02-26T04:39:00.282Z  (serving: Mattia Bellucci) sets: 6-3,0-0, game: 0-0, serving: P1
2026-02-26T04:41:56.151Z  (serving: Mattia Bellucci) game: 15-0
2026-02-26T04:42:24.563Z  (serving: Mattia Bellucci) game: 30-0
2026-02-26T04:42:51.175Z  (serving: Mattia Bellucci) game: 40-0
2026-02-26T04:43:15.531Z  (serving: Alejandro Davidovich Fokina) sets: 6-3,1-0, game: 0-0, serving: P2
2026-02-26T04:45:01.968Z  (serving: Alejandro Davidovich Fokina) game: 0-15
2026-02-26T04:45:44.833Z  (serving: Alejandro Davidovich Fokina) game: 15-15
2026-02-26T04:46:13.679Z  (serving: Alejandro Davidovich Fokina) game: 30-15
2026-02-26T04:46:41.196Z  (serving: Alejandro Davidovich Fokina) game: 30-30
2026-02-26T04:47:16.834Z  (serving: Alejandro Davidovich Fokina) game: 30-40
2026-02-26T04:47:55.618Z  (serving: Mattia Bellucci) sets: 6-3,1-1, game: 0-0, serving: P1
2026-02-26T04:48:32.597Z  (serving: Mattia Bellucci) game: 15-0
2026-02-26T04:49:21.319Z  (serving: Mattia Bellucci) game: 30-0
2026-02-26T04:50:04.147Z  (serving: Mattia Bellucci) game: 40-0
2026-02-26T04:50:43.384Z  (serving: Alejandro Davidovich Fokina) sets: 6-3,2-1, game: 0-0, serving: P2
2026-02-26T04:52:51.475Z  (serving: Alejandro Davidovich Fokina) game: 15-0
2026-02-26T04:53:18.157Z  (serving: Alejandro Davidovich Fokina) game: 30-0
2026-02-26T04:53:49.649Z  (serving: Alejandro Davidovich Fokina) game: 30-15
2026-02-26T04:54:15.356Z  (serving: Alejandro Davidovich Fokina) game: 30-30
2026-02-26T04:54:35.651Z  (serving: Alejandro Davidovich Fokina) game: 30-40
2026-02-26T04:54:55.089Z  (serving: Mattia Bellucci) sets: 6-3,2-2, game: 0-0, serving: P1
2026-02-26T04:55:48.265Z  (serving: Mattia Bellucci) game: 15-0
2026-02-26T04:56:14.422Z  (serving: Mattia Bellucci) game: 30-0
2026-02-26T04:56:34.716Z  (serving: Mattia Bellucci) game: 40-0
2026-02-26T04:56:54.566Z  (serving: Alejandro Davidovich Fokina) sets: 6-3,3-2, game: 0-0, serving: P2
2026-02-26T04:59:11.670Z  (serving: Alejandro Davidovich Fokina) game: 0-15
2026-02-26T04:59:33.771Z  (serving: Alejandro Davidovich Fokina) game: 0-30
2026-02-26T05:00:02.639Z  (serving: Alejandro Davidovich Fokina) game: 15-30
2026-02-26T05:00:45.933Z  (serving: Alejandro Davidovich Fokina) game: 15-40
2026-02-26T05:01:07.587Z  (serving: Mattia Bellucci) sets: 6-3,3-3, game: 0-0, serving: P1
2026-02-26T05:02:16.582Z  (serving: Mattia Bellucci) game: 15-0
2026-02-26T05:03:16.118Z  (serving: Mattia Bellucci) game: 30-0
2026-02-26T05:03:47.684Z  (serving: Mattia Bellucci) game: 40-0
2026-02-26T05:04:08.917Z  (serving: Alejandro Davidovich Fokina) sets: 6-3,4-3, game: 0-0, serving: P2
2026-02-26T05:06:27.466Z  (serving: Alejandro Davidovich Fokina) game: 15-0
2026-02-26T05:07:03.487Z  (serving: Alejandro Davidovich Fokina) game: 15-15
2026-02-26T05:07:32.350Z  (serving: Alejandro Davidovich Fokina) game: 15-30
2026-02-26T05:07:53.547Z  (serving: Alejandro Davidovich Fokina) game: 15-40
2026-02-26T05:08:12.946Z  (serving: Alejandro Davidovich Fokina) game: 30-40
2026-02-26T05:08:38.645Z  (serving: Alejandro Davidovich Fokina) game: 40-40
2026-02-26T05:09:24.196Z  (serving: Alejandro Davidovich Fokina) game: A-40
2026-02-26T05:10:01.632Z  (serving: Mattia Bellucci) sets: 6-3,5-3, game: 0-0, serving: P1
2026-02-26T05:11:48.520Z  (serving: Mattia Bellucci) game: 0-15
2026-02-26T05:12:19.197Z  (serving: Mattia Bellucci) game: 15-15
2026-02-26T05:13:14.669Z  (serving: Mattia Bellucci) game: 30-15
2026-02-26T05:14:20.059Z  (serving: Mattia Bellucci) game: 40-15
2026-02-26T05:14:56.142Z  (serving: Mattia Bellucci) game: 40-30
2026-02-26T05:15:29.074Z  (serving: Mattia Bellucci) sets: 6-3,6-3, game: 0-0
