2026-02-26T04:41:59.763Z  (serving: Gonzalez/Pel) game: 0-15
2026-02-26T04:42:32.231Z  (serving: Gonzalez/Pel) game: 0-30
2026-02-26T04:43:04.251Z  (serving: Gonzalez/Pel) game: 0-40
2026-02-26T04:43:27.252Z  (serving: Melo/Zverev) sets: 0-1, game: 0-0, serving: P1
2026-02-26T04:44:25.433Z  (serving: Melo/Zverev) game: 15-0
2026-02-26T04:44:45.731Z  (serving: Melo/Zverev) game: 30-0
2026-02-26T04:45:20.007Z  (serving: Melo/Zverev) game: 30-15
2026-02-26T04:45:48.424Z  (serving: Melo/Zverev) game: 40-15
2026-02-26T04:46:10.973Z  (serving: Gonzalez/Pel) sets: 1-1, game: 0-0, serving: P2
2026-02-26T04:46:49.336Z  (serving: Gonzalez/Pel) game: 0-15
2026-02-26T04:47:16.834Z  (serving: Gonzalez/Pel) game: 0-30
2026-02-26T04:47:57.415Z  (serving: Gonzalez/Pel) game: 0-40
2026-02-26T04:48:33.948Z  (serving: Melo/Zverev) sets: 1-2, game: 0-0, serving: P1
2026-02-26T04:50:43.384Z  (serving: Melo/Zverev) game: 0-15
2026-02-26T04:51:06.384Z  (serving: Melo/Zverev) game: 15-15
2026-02-26T04:51:34.797Z  (serving: Melo/Zverev) game: 15-30
2026-02-26T04:52:04.565Z  (serving: Melo/Zverev) game: 30-30
2026-02-26T04:52:35.684Z  (serving: Melo/Zverev) game: 40-30
2026-02-26T04:53:01.840Z  (serving: Gonzalez/Pel) sets: 2-2, game: 0-0, serving: P2
2026-02-26T04:53:37.471Z  (serving: Gonzalez/Pel) game: 0-15
2026-02-26T04:54:00.022Z  (serving: Gonzalez/Pel) game: 0-30
2026-02-26T04:54:23.021Z  (serving: Gonzalez/Pel) game: 0-40
2026-02-26T04:54:46.481Z  (serving: Gonzalez/Pel) game: 15-40
2026-02-26T04:55:14.888Z  (serving: Gonzalez/Pel) game: 30-40
2026-02-26T04:55:50.069Z  (serving: Melo/Zverev) sets: 2-3, game: 0-0, serving: P1
2026-02-26T04:57:59.971Z  (serving: Melo/Zverev) game: 15-0
2026-02-26T04:58:27.470Z  (serving: Melo/Zverev) game: 30-0
2026-02-26T04:58:53.626Z  (serving: Melo/Zverev) game: 40-0
2026-02-26T04:59:16.626Z  (serving: Gonzalez/Pel) sets: 3-3, game: 0-0, serving: P2
2026-02-26T05:00:00.392Z  (serving: Gonzalez/Pel) game: 15-0
2026-02-26T05:00:36.464Z  (serving: Gonzalez/Pel) game: 15-15
2026-02-26T05:01:07.128Z  (serving: Gonzalez/Pel) game: 15-30
2026-02-26T05:01:52.228Z  (serving: Gonzalez/Pel) game: 30-30
2026-02-26T05:02:25.152Z  (serving: Gonzalez/Pel) game: 30-40
2026-02-26T05:03:09.800Z  (serving: Melo/Zverev) sets: 3-4, game: 0-0, serving: P1
2026-02-26T05:05:40.893Z  (serving: Melo/Zverev) game: 0-15
2026-02-26T05:06:15.678Z  (serving: Melo/Zverev) game: 0-30
2026-02-26T05:06:37.776Z  (serving: Melo/Zverev) game: 15-30
2026-02-26T05:07:03.034Z  (serving: Melo/Zverev) game: 15-40
2026-02-26T05:07:27.842Z  (serving: Melo/Zverev) game: 30-40
2026-02-26T05:07:59.860Z  (serving: Melo/Zverev) game: 40-40
2026-02-26T05:08:25.567Z  (serving: Gonzalez/Pel) sets: 4-4, game: 0-0, serving: P2
2026-02-26T05:09:49.905Z  (serving: Gonzalez/Pel) game: 15-0
2026-02-26T05:10:16.964Z  (serving: Gonzalez/Pel) game: 15-15
2026-02-26T05:10:42.821Z  (serving: Gonzalez/Pel) game: 15-30
2026-02-26T05:11:22.364Z  (serving: Gonzalez/Pel) game: 30-30
2026-02-26T05:11:51.689Z  (serving: Gonzalez/Pel) game: 40-30
2026-02-26T05:12:19.646Z  (serving: Gonzalez/Pel) game: 40-40
2026-02-26T05:12:53.015Z  (serving: Melo/Zverev) sets: 5-4, game: 0-0, serving: P1
2026-02-26T05:14:45.772Z  (serving: Melo/Zverev) game: 15-0
2026-02-26T05:15:25.457Z  (serving: Melo/Zverev) game: 30-0
2026-02-26T05:15:48.921Z  (serving: Melo/Zverev) game: 40-0
2026-02-26T05:16:10.557Z  (serving: Gonzalez/Pel) sets: 6-4,0-0, game: 0-0, serving: P2
2026-02-26T05:19:08.708Z  (serving: Gonzalez/Pel) game: 15-0
2026-02-26T05:19:50.201Z  (serving: Gonzalez/Pel) game: 30-0
2026-02-26T05:20:20.418Z  (serving: Gonzalez/Pel) game: 30-15
2026-02-26T05:20:52.897Z  (serving: Gonzalez/Pel) game: 30-30
2026-02-26T05:21:29.422Z  (serving: Gonzalez/Pel) game: 30-40
2026-02-26T05:22:14.528Z  (serving: Gonzalez/Pel) game: 40-40
2026-02-26T05:22:48.798Z  (serving: Melo/Zverev) sets: 6-4,0-1, game: 0-0, serving: P1
2026-02-26T05:23:39.761Z  (serving: Melo/Zverev) game: 15-0
2026-02-26T05:24:26.665Z  (serving: Melo/Zverev) game: 15-15
2026-02-26T05:24:59.587Z  (serving: Melo/Zverev) game: 30-15
2026-02-26T05:25:43.334Z  (serving: Melo/Zverev) game: 30-30
2026-02-26T05:26:36.103Z  (serving: Melo/Zverev) game: 30-40
2026-02-26T05:27:17.597Z  (serving: Gonzalez/Pel) sets: 6-4,0-2, game: 0-0, serving: P2
2026-02-26T05:28:01.343Z  (serving: Gonzalez/Pel) game: 0-15
2026-02-26T05:28:24.798Z  (serving: Gonzalez/Pel) game: 0-30
2026-02-26T05:28:49.748Z  (serving: Gonzalez/Pel) game: 0-40
2026-02-26T05:29:42.076Z  (serving: Melo/Zverev) sets: 6-4,0-3, game: 0-0, serving: P1
2026-02-26T05:31:28.569Z  (serving: Melo/Zverev) game: 0-15
2026-02-26T05:32:16.393Z  (serving: Melo/Zverev) game: 0-30
2026-02-26T05:32:55.539Z  (serving: Melo/Zverev) game: 15-30
2026-02-26T05:33:32.093Z  (serving: Melo/Zverev) game: 30-30
2026-02-26T05:34:18.563Z  (serving: Melo/Zverev) game: 40-30
2026-02-26T05:34:48.295Z  (serving: Gonzalez/Pel) sets: 6-4,1-3, game: 0-0, serving: P2
2026-02-26T05:35:31.135Z  (serving: Gonzalez/Pel) game: 0-15
2026-02-26T05:36:06.779Z  (serving: Gonzalez/Pel) game: 0-30
2026-02-26T05:36:36.929Z  (serving: Gonzalez/Pel) game: 15-30
2026-02-26T05:37:03.628Z  (serving: Gonzalez/Pel) game: 15-40
2026-02-26T05:37:47.739Z  (serving: Melo/Zverev) sets: 6-4,1-4, game: 0-0, serving: P1
2026-02-26T05:40:13.897Z  (serving: Melo/Zverev) game: 15-0
2026-02-26T05:40:39.182Z  (serving: Melo/Zverev) game: 30-0
2026-02-26T05:41:14.315Z  (serving: Melo/Zverev) game: 30-15
2026-02-26T05:41:42.707Z  (serving: Melo/Zverev) game: 40-15
2026-02-26T05:42:05.304Z  (serving: Gonzalez/Pel) sets: 6-4,2-4, game: 0-0, serving: P2
2026-02-26T05:43:03.056Z  (serving: Gonzalez/Pel) game: 0-15
2026-02-26T05:43:27.793Z  (serving: Gonzalez/Pel) game: 15-15
2026-02-26T05:43:51.713Z  (serving: Gonzalez/Pel) game: 15-30
2026-02-26T05:44:31.428Z  (serving: Gonzalez/Pel) game: 30-30
2026-02-26T05:45:06.140Z  (serving: Gonzalez/Pel) game: 30-40
2026-02-26T05:45:44.447Z  (serving: Melo/Zverev) sets: 6-4,2-5, game: 0-0, serving: P1
2026-02-26T05:47:50.846Z  (serving: Melo/Zverev) game: 15-0
2026-02-26T05:48:16.916Z  (serving: Melo/Zverev) game: 30-0
2026-02-26T05:48:43.500Z  (serving: Melo/Zverev) game: 30-15
2026-02-26T05:49:23.275Z  (serving: Melo/Zverev) game: 40-15
2026-02-26T05:49:55.231Z  (serving: Gonzalez/Pel) sets: 6-4,3-5, game: 0-0, serving: P2
2026-02-26T05:51:07.832Z  (serving: Gonzalez/Pel) game: 0-15
2026-02-26T05:51:45.713Z  (serving: Gonzalez/Pel) game: 0-30
2026-02-26T05:52:24.487Z  (serving: Gonzalez/Pel) game: 15-30
2026-02-26T05:53:07.430Z  (serving: Gonzalez/Pel) game: 30-30
2026-02-26T05:53:42.144Z  (serving: Gonzalez/Pel) game: 30-40
2026-02-26T05:54:35.290Z  (serving: Gonzalez/Pel) game: 40-40
2026-02-26T05:55:14.966Z  (serving: Melo/Zverev) sets: 6-4,3-6,0-0, game: 0-0, serving: P1
2026-02-26T05:57:37.938Z  (serving: Gonzalez/Pel) game: 1-0, serving: P2
2026-02-26T05:58:05.452Z  (serving: Gonzalez/Pel) game: 2-0
2026-02-26T05:58:38.905Z  (serving: Melo/Zverev) game: 2-1, serving: P1
2026-02-26T05:59:24.863Z  (serving: Melo/Zverev) game: 2-2
2026-02-26T05:59:49.613Z  (serving: Gonzalez/Pel) game: 3-2, serving: P2
2026-02-26T06:00:41.048Z  (serving: Gonzalez/Pel) game: 4-2
2026-02-26T06:02:00.405Z  (serving: Melo/Zverev) game: 4-3, serving: P1
2026-02-26T06:02:47.821Z  (serving: Melo/Zverev) game: 5-3
2026-02-26T06:03:22.127Z  (serving: Gonzalez/Pel) game: 6-3, serving: P2
2026-02-26T06:04:05.784Z  (serving: Gonzalez/Pel) game: 7-3
2026-02-26T06:04:35.098Z  (serving: Melo/Zverev) game: 7-4, serving: P1
2026-02-26T06:05:29.222Z  (serving: Melo/Zverev) game: 8-4
2026-02-26T06:06:32.899Z  (serving: Gonzalez/Pel) game: 9-4, serving: P2
2026-02-26T06:07:13.024Z  (serving: Gonzalez/Pel) sets: 6-4,3-6,1-0, game: 0-0
