2026-02-26T04:07:09.685Z  (serving: Aditi Rawat) serving: P2
2026-02-26T04:08:47.116Z  (serving: Michika Ozeki) serving: P1
2026-02-26T04:08:56.133Z  (serving: Aditi Rawat) serving: P2
2026-02-26T04:11:16.835Z  (serving: Aditi Rawat) game: 0-15
2026-02-26T04:11:56.071Z  (serving: Aditi Rawat) game: 15-15
2026-02-26T04:12:43.447Z  (serving: Aditi Rawat) game: 15-30
2026-02-26T04:13:41.165Z  (serving: Aditi Rawat) game: 15-40
2026-02-26T04:14:36.187Z  (serving: Michika Ozeki) sets: 0-1, game: 0-0, serving: P1
2026-02-26T04:15:55.104Z  (serving: Michika Ozeki) game: 15-0
2026-02-26T04:16:31.636Z  (serving: Michika Ozeki) game: 15-15
2026-02-26T04:17:16.286Z  (serving: Michika Ozeki) game: 15-30
2026-02-26T04:17:42.895Z  (serving: Michika Ozeki) game: 15-40
2026-02-26T04:18:14.014Z  (serving: Aditi Rawat) sets: 0-2, game: 0-0, serving: P2
2026-02-26T04:19:00.017Z  (serving: Aditi Rawat) game: 15-0
2026-02-26T04:19:44.668Z  (serving: Aditi Rawat) game: 15-15
2026-02-26T04:20:15.788Z  (serving: Aditi Rawat) game: 15-30
2026-02-26T04:20:58.183Z  (serving: Aditi Rawat) game: 30-30
2026-02-26T04:21:42.383Z  (serving: Aditi Rawat) game: 30-40
2026-02-26T04:22:31.088Z  (serving: Aditi Rawat) game: 40-40
2026-02-26T04:23:18.448Z  (serving: Aditi Rawat) game: A-40
2026-02-26T04:23:44.153Z  (serving: Aditi Rawat) game: 40-40
2026-02-26T04:24:14.865Z  (serving: Aditi Rawat) game: 40-A
2026-02-26T04:24:53.166Z  (serving: Michika Ozeki) sets: 0-3, game: 0-0, serving: P1
2026-02-26T04:26:24.716Z  (serving: Michika Ozeki) game: 15-0
2026-02-26T04:26:52.682Z  (serving: Michika Ozeki) game: 30-0
2026-02-26T04:27:15.681Z  (serving: Michika Ozeki) game: 40-0
2026-02-26T04:27:47.698Z  (serving: Aditi Rawat) sets: 1-3, game: 0-0, serving: P2
2026-02-26T04:28:44.529Z  (serving: Aditi Rawat) game: 0-15
2026-02-26T04:29:22.858Z  (serving: Aditi Rawat) game: 0-30
2026-02-26T04:29:58.490Z  (serving: Aditi Rawat) game: 15-30
2026-02-26T04:30:44.498Z  (serving: Aditi Rawat) game: 30-30
2026-02-26T04:31:33.214Z  (serving: Aditi Rawat) game: 40-30
2026-02-26T04:32:13.357Z  (serving: Michika Ozeki) sets: 2-3, game: 0-0, serving: P1
2026-02-26T04:33:54.837Z  (serving: Michika Ozeki) game: 15-0
2026-02-26T04:34:23.248Z  (serving: Michika Ozeki) game: 30-0
2026-02-26T04:34:50.307Z  (serving: Michika Ozeki) game: 40-0
2026-02-26T04:35:31.351Z  (serving: Michika Ozeki) game: 40-15
2026-02-26T04:35:58.947Z  (serving: Michika Ozeki) game: 40-30
2026-02-26T04:36:23.302Z  (serving: Aditi Rawat) sets: 3-3, game: 0-0, serving: P2
2026-02-26T04:37:03.896Z  (serving: Aditi Rawat) game: 15-0
2026-02-26T04:37:42.680Z  (serving: Aditi Rawat) game: 30-0
2026-02-26T04:38:15.613Z  (serving: Aditi Rawat) game: 30-15
2026-02-26T04:38:54.392Z  (serving: Aditi Rawat) game: 30-30
2026-02-26T04:39:47.159Z  (serving: Aditi Rawat) game: 40-30
2026-02-26T04:40:27.299Z  (serving: Aditi Rawat) game: 40-40
2026-02-26T04:41:11.949Z  (serving: Aditi Rawat) game: 40-A
2026-02-26T04:41:52.543Z  (serving: Aditi Rawat) game: 40-40
2026-02-26T04:42:36.289Z  (serving: Aditi Rawat) game: A-40
2026-02-26T04:43:16.432Z  (serving: Aditi Rawat) game: 40-40
2026-02-26T04:44:05.137Z  (serving: Aditi Rawat) game: A-40
2026-02-26T04:44:50.248Z  (serving: Michika Ozeki) sets: 4-3, game: 0-0, serving: P1
2026-02-26T04:47:03.299Z  (serving: Michika Ozeki) game: 15-0
2026-02-26T04:47:52.003Z  (serving: Michika Ozeki) game: 30-0
2026-02-26T04:48:26.732Z  (serving: Michika Ozeki) game: 40-0
2026-02-26T04:48:54.239Z  (serving: Michika Ozeki) game: 40-15
2026-02-26T04:49:33.025Z  (serving: Aditi Rawat) sets: 5-3, game: 0-0, serving: P2
2026-02-26T04:51:04.582Z  (serving: Aditi Rawat) game: 15-0
2026-02-26T04:51:51.937Z  (serving: Aditi Rawat) game: 30-0
2026-02-26T04:52:28.016Z  (serving: Aditi Rawat) game: 30-15
2026-02-26T04:53:28.900Z  (serving: Aditi Rawat) game: 30-30
2026-02-26T04:54:36.551Z  (serving: Aditi Rawat) game: 40-30
2026-02-26T04:55:29.321Z  (serving: Michika Ozeki) sets: 6-3,0-0, game: 0-0, serving: P1
2026-02-26T04:58:05.819Z  (serving: Michika Ozeki) game: 0-15
2026-02-26T04:58:33.330Z  (serving: Michika Ozeki) game: 15-15
2026-02-26T04:58:59.489Z  (serving: Michika Ozeki) game: 30-15
2026-02-26T04:59:28.809Z  (serving: Michika Ozeki) game: 40-15
2026-02-26T04:59:53.613Z  (serving: Aditi Rawat) sets: 6-3,1-0, game: 0-0, serving: P2
2026-02-26T05:01:30.580Z  (serving: Aditi Rawat) game: 0-15
2026-02-26T05:01:47.268Z  (serving: Aditi Rawat) game: 0-30
2026-02-26T05:02:14.778Z  (serving: Aditi Rawat) game: 15-30
2026-02-26T05:02:58.982Z  (serving: Aditi Rawat) game: 15-40
2026-02-26T05:03:30.546Z  (serving: Michika Ozeki) sets: 6-3,1-1, game: 0-0, serving: P1
2026-02-26T05:04:20.616Z  (serving: Michika Ozeki) game: 0-15
2026-02-26T05:04:49.477Z  (serving: Michika Ozeki) game: 0-30
2026-02-26T05:05:14.276Z  (serving: Michika Ozeki) game: 15-30
2026-02-26T05:05:42.223Z  (serving: Michika Ozeki) game: 30-30
2026-02-26T05:06:03.048Z  (serving: Michika Ozeki) game: 40-30
2026-02-26T05:06:24.246Z  (serving: Aditi Rawat) sets: 6-3,2-1, game: 0-0, serving: P2
2026-02-26T05:08:34.135Z  (serving: Aditi Rawat) game: 15-0
2026-02-26T05:09:01.649Z  (serving: Aditi Rawat) game: 30-0
2026-02-26T05:09:50.812Z  (serving: Aditi Rawat) game: 30-15
2026-02-26T05:10:34.565Z  (serving: Aditi Rawat) game: 30-30
2026-02-26T05:11:09.283Z  (serving: Aditi Rawat) game: 40-30
2026-02-26T05:11:49.429Z  (serving: Michika Ozeki) sets: 6-3,3-1, game: 0-0, serving: P1
2026-02-26T05:12:51.663Z  (serving: Michika Ozeki) game: 0-15
2026-02-26T05:13:23.233Z  (serving: Michika Ozeki) game: 15-15
2026-02-26T05:14:04.726Z  (serving: Michika Ozeki) game: 30-15
2026-02-26T05:14:37.650Z  (serving: Michika Ozeki) game: 30-30
2026-02-26T05:15:09.671Z  (serving: Michika Ozeki) game: 30-40
2026-02-26T05:15:29.515Z  (serving: Aditi Rawat) sets: 6-3,3-2, game: 0-0, serving: P2
