2026-02-26T03:46:33.319Z  (serving: Moerani Bouzige) serving: P1
2026-02-26T03:48:12.080Z  (serving: Moerani Bouzige) game: 15-0
2026-02-26T03:48:14.336Z  (serving: Moerani Bouzige) game: 30-0
2026-02-26T03:48:16.139Z  (serving: Moerani Bouzige) game: 40-0
2026-02-26T03:48:17.943Z  (serving: Sam Ryan Ziegann) sets: 1-0, game: 0-0, serving: P2
2026-02-26T03:50:40.466Z  (serving: Sam Ryan Ziegann) game: 0-15
2026-02-26T03:50:44.074Z  (serving: Sam Ryan Ziegann) game: 0-30
2026-02-26T03:50:58.959Z  (serving: Sam Ryan Ziegann) game: 0-15
2026-02-26T03:51:01.215Z  (serving: Sam Ryan Ziegann) game: 15-15
2026-02-26T03:51:03.019Z  (serving: Sam Ryan Ziegann) game: 15-30
2026-02-26T03:51:29.627Z  (serving: Sam Ryan Ziegann) game: 15-40
2026-02-26T03:51:45.444Z  (serving: Moerani Bouzige) sets: 1-1, game: 0-0, serving: P1
2026-02-26T03:52:37.757Z  (serving: Moerani Bouzige) game: 0-15
2026-02-26T03:53:13.814Z  (serving: Moerani Bouzige) game: 15-15
2026-02-26T03:54:45.370Z  (serving: Moerani Bouzige) game: 15-30
2026-02-26T03:54:47.168Z  (serving: Moerani Bouzige) game: 30-30
2026-02-26T03:55:39.033Z  (serving: Moerani Bouzige) game: 30-40
2026-02-26T03:56:41.725Z  (serving: Sam Ryan Ziegann) sets: 1-2, game: 0-0, serving: P2
2026-02-26T03:58:44.399Z  (serving: Sam Ryan Ziegann) game: 0-15
2026-02-26T04:10:27.693Z  (serving: Sam Ryan Ziegann) game: 15-15
2026-02-26T04:10:32.195Z  (serving: Sam Ryan Ziegann) game: 30-15
2026-02-26T04:10:33.545Z  (serving: Sam Ryan Ziegann) game: 30-30
2026-02-26T04:10:57.478Z  (serving: Sam Ryan Ziegann) game: 40-30
2026-02-26T04:11:00.154Z  (serving: Sam Ryan Ziegann) game: 40-40
2026-02-26T04:11:01.959Z  (serving: Sam Ryan Ziegann) game: A-40
2026-02-26T04:11:03.787Z  (serving: Sam Ryan Ziegann) game: 40-40
2026-02-26T04:11:09.167Z  (serving: Sam Ryan Ziegann) game: 40-A
2026-02-26T04:11:13.680Z  (serving: Moerani Bouzige) sets: 1-3, game: 0-0, serving: P1
2026-02-26T04:11:16.384Z  (serving: Moerani Bouzige) game: 15-0
2026-02-26T04:11:18.187Z  (serving: Moerani Bouzige) game: 30-0
2026-02-26T04:11:19.996Z  (serving: Moerani Bouzige) game: 40-0
2026-02-26T04:11:21.347Z  (serving: Sam Ryan Ziegann) sets: 2-3, game: 0-0, serving: P2
2026-02-26T04:11:25.403Z  (serving: Sam Ryan Ziegann) game: 15-0
2026-02-26T04:11:26.757Z  (serving: Sam Ryan Ziegann) game: 15-15
2026-02-26T04:11:30.815Z  (serving: Sam Ryan Ziegann) game: 30-15
2026-02-26T04:11:32.168Z  (serving: Sam Ryan Ziegann) game: 40-15
2026-02-26T04:11:33.521Z  (serving: Sam Ryan Ziegann) game: 40-30
2026-02-26T04:11:34.875Z  (serving: Moerani Bouzige) sets: 3-3, game: 0-0, serving: P1
2026-02-26T04:11:40.771Z  (serving: Moerani Bouzige) game: 15-0
2026-02-26T04:11:56.071Z  (serving: Moerani Bouzige) game: 15-15
2026-02-26T04:12:26.289Z  (serving: Moerani Bouzige) game: 15-30
2026-02-26T04:12:55.606Z  (serving: Moerani Bouzige) game: 30-30
2026-02-26T04:13:24.470Z  (serving: Moerani Bouzige) game: 40-30
2026-02-26T04:13:48.379Z  (serving: Sam Ryan Ziegann) sets: 4-3, game: 0-0, serving: P2
2026-02-26T04:15:29.400Z  (serving: Sam Ryan Ziegann) game: 0-15
2026-02-26T04:15:53.804Z  (serving: Sam Ryan Ziegann) game: 0-30
2026-02-26T04:16:21.713Z  (serving: Sam Ryan Ziegann) game: 0-40
2026-02-26T04:16:46.067Z  (serving: Sam Ryan Ziegann) game: 15-40
2026-02-26T04:17:17.189Z  (serving: Moerani Bouzige) sets: 4-4, game: 0-0, serving: P1
2026-02-26T04:18:26.642Z  (serving: Moerani Bouzige) game: 15-0
2026-02-26T04:19:00.468Z  (serving: Moerani Bouzige) game: 30-0
2026-02-26T04:19:27.084Z  (serving: Moerani Bouzige) game: 40-0
2026-02-26T04:19:53.698Z  (serving: Sam Ryan Ziegann) sets: 5-4, game: 0-0, serving: P2
2026-02-26T04:21:38.334Z  (serving: Sam Ryan Ziegann) game: 0-15
2026-02-26T04:22:07.184Z  (serving: Sam Ryan Ziegann) game: 0-30
2026-02-26T04:22:41.916Z  (serving: Sam Ryan Ziegann) game: 15-30
2026-02-26T04:23:26.115Z  (serving: Sam Ryan Ziegann) game: 15-40
2026-02-26T04:24:06.701Z  (serving: Moerani Bouzige) sets: 5-5, game: 0-0, serving: P1
2026-02-26T04:24:43.733Z  (serving: Moerani Bouzige) game: 15-0
2026-02-26T04:25:10.297Z  (serving: Moerani Bouzige) game: 30-0
2026-02-26T04:25:48.630Z  (serving: Moerani Bouzige) game: 30-15
2026-02-26T04:26:31.931Z  (serving: Moerani Bouzige) game: 30-30
2026-02-26T04:27:14.781Z  (serving: Moerani Bouzige) game: 30-40
2026-02-26T04:28:04.836Z  (serving: Moerani Bouzige) game: 40-40
2026-02-26T04:28:49.935Z  (serving: Moerani Bouzige) game: 40-A
2026-02-26T04:29:37.298Z  (serving: Moerani Bouzige) game: 40-40
2026-02-26T04:30:19.237Z  (serving: Moerani Bouzige) game: 40-A
2026-02-26T04:31:02.083Z  (serving: Moerani Bouzige) game: 40-40
2026-02-26T04:31:34.125Z  (serving: Moerani Bouzige) game: A-40
2026-02-26T04:32:15.612Z  (serving: Moerani Bouzige) game: 40-40
2026-02-26T04:32:54.851Z  (serving: Moerani Bouzige) game: 40-A
2026-02-26T04:33:23.713Z  (serving: Moerani Bouzige) game: 40-40
2026-02-26T04:33:53.030Z  (serving: Moerani Bouzige) game: A-40
2026-02-26T04:34:16.933Z  (serving: Sam Ryan Ziegann) sets: 6-5, game: 0-0, serving: P2
2026-02-26T04:36:11.680Z  (serving: Sam Ryan Ziegann) game: 0-15
2026-02-26T04:36:44.500Z  (serving: Sam Ryan Ziegann) game: 0-30
2026-02-26T04:37:27.797Z  (serving: Sam Ryan Ziegann) game: 15-30
2026-02-26T04:38:06.582Z  (serving: Sam Ryan Ziegann) game: 15-40
2026-02-26T04:38:40.412Z  (serving: Moerani Bouzige) sets: 6-6, game: 0-0, serving: P1
2026-02-26T04:39:14.687Z  (serving: Sam Ryan Ziegann) game: 1-0, serving: P2
2026-02-26T04:39:44.004Z  (serving: Sam Ryan Ziegann) game: 1-1
2026-02-26T04:40:29.555Z  (serving: Moerani Bouzige) game: 1-2, serving: P1
2026-02-26T04:41:04.732Z  (serving: Moerani Bouzige) game: 1-3
2026-02-26T04:41:40.366Z  (serving: Sam Ryan Ziegann) game: 2-3, serving: P2
2026-02-26T04:41:49.836Z  (serving: Moerani Bouzige) game: 1-3, serving: P1
2026-02-26T04:41:51.190Z  (serving: Sam Ryan Ziegann) game: 2-3, serving: P2
2026-02-26T04:42:20.054Z  (serving: Sam Ryan Ziegann) game: 2-4
2026-02-26T04:42:30.877Z  (serving: Sam Ryan Ziegann) game: 2-3
2026-02-26T04:42:44.867Z  (serving: Sam Ryan Ziegann) game: 2-4
2026-02-26T04:44:17.764Z  (serving: Moerani Bouzige) game: 3-4, serving: P1
2026-02-26T04:44:57.908Z  (serving: Moerani Bouzige) game: 4-4
2026-02-26T04:45:30.833Z  (serving: Sam Ryan Ziegann) game: 4-5, serving: P2
2026-02-26T04:46:07.818Z  (serving: Sam Ryan Ziegann) game: 4-6
2026-02-26T04:47:08.252Z  (serving: Moerani Bouzige) game: 5-6, serving: P1
2026-02-26T04:47:49.300Z  (serving: Moerani Bouzige) game: 6-6
2026-02-26T04:48:53.337Z  (serving: Sam Ryan Ziegann) game: 7-6, serving: P2
2026-02-26T04:49:36.210Z  (serving: Sam Ryan Ziegann) sets: 7-6,0-0, game: 0-0
2026-02-26T04:53:25.294Z  (serving: Sam Ryan Ziegann) game: 0-15
2026-02-26T04:53:46.496Z  (serving: Sam Ryan Ziegann) game: 15-15
2026-02-26T04:54:21.219Z  (serving: Sam Ryan Ziegann) game: 15-30
2026-02-26T04:54:47.832Z  (serving: Sam Ryan Ziegann) game: 30-30
2026-02-26T04:55:15.339Z  (serving: Sam Ryan Ziegann) game: 40-30
2026-02-26T04:55:55.931Z  (serving: Moerani Bouzige) sets: 7-6,1-0, game: 0-0, serving: P1
2026-02-26T04:57:24.846Z  (serving: Moerani Bouzige) game: 0-15
2026-02-26T04:58:11.681Z  (serving: Moerani Bouzige) game: 0-30
2026-02-26T04:58:39.193Z  (serving: Moerani Bouzige) game: 15-30
2026-02-26T04:59:25.651Z  (serving: Moerani Bouzige) game: 30-30
2026-02-26T04:59:56.326Z  (serving: Moerani Bouzige) game: 40-30
2026-02-26T05:00:18.875Z  (serving: Sam Ryan Ziegann) sets: 7-6,2-0, game: 0-0, serving: P2
2026-02-26T05:01:08.030Z  (serving: Sam Ryan Ziegann) game: 15-0
2026-02-26T05:01:36.444Z  (serving: Sam Ryan Ziegann) game: 15-15
2026-02-26T05:02:22.448Z  (serving: Sam Ryan Ziegann) game: 15-30
2026-02-26T05:03:30.546Z  (serving: Sam Ryan Ziegann) game: 30-30
2026-02-26T05:04:03.469Z  (serving: Sam Ryan Ziegann) game: 30-40
2026-02-26T05:04:36.392Z  (serving: Moerani Bouzige) sets: 7-6,2-1, game: 0-0, serving: P1
2026-02-26T05:06:59.875Z  (serving: Moerani Bouzige) game: 15-0
2026-02-26T05:07:33.250Z  (serving: Moerani Bouzige) game: 30-0
2026-02-26T05:08:12.046Z  (serving: Moerani Bouzige) game: 30-15
2026-02-26T05:08:40.901Z  (serving: Moerani Bouzige) game: 40-15
2026-02-26T05:09:09.768Z  (serving: Sam Ryan Ziegann) sets: 7-6,3-1, game: 0-0, serving: P2
2026-02-26T05:10:10.714Z  (serving: Sam Ryan Ziegann) game: 15-0
2026-02-26T05:10:59.828Z  (serving: Sam Ryan Ziegann) game: 15-15
2026-02-26T05:11:36.797Z  (serving: Sam Ryan Ziegann) game: 30-15
2026-02-26T05:12:11.529Z  (serving: Sam Ryan Ziegann) game: 30-30
2026-02-26T05:13:07.445Z  (serving: Sam Ryan Ziegann) game: 40-30
2026-02-26T05:14:08.332Z  (serving: Sam Ryan Ziegann) game: 40-40
2026-02-26T05:14:40.808Z  (serving: Sam Ryan Ziegann) game: 40-A
2026-02-26T05:15:10.575Z  (serving: Moerani Bouzige) sets: 7-6,3-2, game: 0-0, serving: P1
2026-02-26T05:16:51.602Z  (serving: Moerani Bouzige) game: 15-0
2026-02-26T05:17:17.307Z  (serving: Moerani Bouzige) game: 15-15
2026-02-26T05:17:50.233Z  (serving: Moerani Bouzige) game: 30-15
2026-02-26T05:18:34.433Z  (serving: Moerani Bouzige) game: 30-30
2026-02-26T05:19:10.512Z  (serving: Moerani Bouzige) game: 40-30
2026-02-26T05:19:35.768Z  (serving: Sam Ryan Ziegann) sets: 7-6,4-2, game: 0-0, serving: P2
2026-02-26T05:20:24.928Z  (serving: Sam Ryan Ziegann) game: 15-0
2026-02-26T05:21:01.461Z  (serving: Sam Ryan Ziegann) game: 15-15
2026-02-26T05:21:33.030Z  (serving: Sam Ryan Ziegann) game: 30-15
2026-02-26T05:22:05.054Z  (serving: Sam Ryan Ziegann) game: 30-30
2026-02-26T05:22:46.542Z  (serving: Sam Ryan Ziegann) game: 40-30
2026-02-26T05:23:47.427Z  (serving: Sam Ryan Ziegann) game: 40-40
2026-02-26T05:24:33.431Z  (serving: Sam Ryan Ziegann) game: 40-A
2026-02-26T05:24:55.077Z  (serving: Sam Ryan Ziegann) game: 40-40
2026-02-26T05:25:27.556Z  (serving: Sam Ryan Ziegann) game: A-40
2026-02-26T05:26:15.357Z  (serving: Sam Ryan Ziegann) game: 40-40
2026-02-26T05:27:00.012Z  (serving: Sam Ryan Ziegann) game: 40-A
2026-02-26T05:27:31.576Z  (serving: Moerani Bouzige) sets: 7-6,4-3, game: 0-0, serving: P1
2026-02-26T05:29:35.321Z  (serving: Moerani Bouzige) game: 15-0
2026-02-26T05:30:10.949Z  (serving: Moerani Bouzige) game: 30-0
2026-02-26T05:31:05.944Z  (serving: Moerani Bouzige) game: 30-15
2026-02-26T05:31:42.926Z  (serving: Moerani Bouzige) game: 30-30
2026-02-26T05:32:32.536Z  (serving: Moerani Bouzige) game: 40-30
2026-02-26T05:33:03.303Z  (serving: Moerani Bouzige) game: 40-40
2026-02-26T05:33:31.247Z  (serving: Moerani Bouzige) game: 40-A
2026-02-26T05:33:55.616Z  (serving: Moerani Bouzige) game: 40-40
2026-02-26T05:34:26.195Z  (serving: Moerani Bouzige) game: A-40
2026-02-26T05:35:20.762Z  (serving: Sam Ryan Ziegann) sets: 7-6,5-3, game: 0-0, serving: P2
2026-02-26T05:36:02.652Z  (serving: Sam Ryan Ziegann) game: 0-15
2026-02-26T05:36:24.411Z  (serving: Sam Ryan Ziegann) game: 15-15
2026-02-26T05:37:03.085Z  (serving: Sam Ryan Ziegann) game: 15-30
2026-02-26T05:37:42.323Z  (serving: Sam Ryan Ziegann) game: 30-30
2026-02-26T05:38:26.981Z  (serving: Sam Ryan Ziegann) game: 30-40
2026-02-26T05:39:05.388Z  (serving: Sam Ryan Ziegann) game: 40-40
2026-02-26T05:39:42.291Z  (serving: Sam Ryan Ziegann) game: 40-A
2026-02-26T05:40:04.467Z  (serving: Moerani Bouzige) sets: 7-6,5-4, game: 0-0, serving: P1
2026-02-26T05:41:43.159Z  (serving: Moerani Bouzige) game: 15-0
2026-02-26T05:42:21.071Z  (serving: Moerani Bouzige) game: 30-0
2026-02-26T05:43:02.134Z  (serving: Moerani Bouzige) game: 30-15
2026-02-26T05:43:57.125Z  (serving: Moerani Bouzige) game: 40-15
2026-02-26T05:44:36.349Z  (serving: Moerani Bouzige) sets: 7-6,6-4, game: 0-0
