2026-02-26T07:39:20.321Z  (serving: Anastasia Gasanova) game: 15-15
2026-02-26T07:39:54.061Z  (serving: Anastasia Gasanova) game: 30-15
2026-02-26T07:40:51.789Z  (serving: Anastasia Gasanova) game: 40-15
2026-02-26T07:41:11.182Z  (serving: Moyuka Uchijima) sets: 1-0, game: 0-0, serving: P1
2026-02-26T07:42:23.343Z  (serving: Moyuka Uchijima) game: 0-15
2026-02-26T07:42:43.638Z  (serving: Moyuka Uchijima) game: 15-15
2026-02-26T07:43:02.580Z  (serving: Moyuka Uchijima) game: 30-15
2026-02-26T07:43:35.052Z  (serving: Moyuka Uchijima) game: 30-30
2026-02-26T07:44:11.132Z  (serving: Moyuka Uchijima) game: 30-40
2026-02-26T07:44:48.565Z  (serving: Moyuka Uchijima) game: 40-40
2026-02-26T07:45:25.998Z  (serving: Moyuka Uchijima) game: 40-A
2026-02-26T07:45:57.568Z  (serving: Anastasia Gasanova) sets: 1-1, game: 0-0, serving: P2
2026-02-26T07:46:48.984Z  (serving: Anastasia Gasanova) game: 0-15
2026-02-26T07:47:08.379Z  (serving: Anastasia Gasanova) game: 15-15
2026-02-26T07:48:02.499Z  (serving: Anastasia Gasanova) game: 15-30
2026-02-26T07:48:48.049Z  (serving: Anastasia Gasanova) game: 15-40
2026-02-26T07:49:13.307Z  (serving: Moyuka Uchijima) sets: 1-2, game: 0-0, serving: P1
2026-02-26T07:51:41.233Z  (serving: Moyuka Uchijima) game: 0-15
2026-02-26T07:52:16.413Z  (serving: Moyuka Uchijima) game: 15-15
2026-02-26T07:52:59.706Z  (serving: Moyuka Uchijima) game: 30-15
2026-02-26T07:53:24.964Z  (serving: Moyuka Uchijima) game: 30-30
2026-02-26T07:53:58.339Z  (serving: Moyuka Uchijima) game: 40-30
2026-02-26T07:54:36.690Z  (serving: Anastasia Gasanova) sets: 2-2, game: 0-0, serving: P2
2026-02-26T07:55:16.815Z  (serving: Anastasia Gasanova) game: 15-0
2026-02-26T07:55:51.088Z  (serving: Anastasia Gasanova) game: 15-15
2026-02-26T07:56:13.646Z  (serving: Anastasia Gasanova) game: 15-30
2026-02-26T07:56:38.896Z  (serving: Anastasia Gasanova) game: 30-30
2026-02-26T07:57:28.530Z  (serving: Anastasia Gasanova) game: 40-30
2026-02-26T07:58:00.980Z  (serving: Anastasia Gasanova) game: 40-40
2026-02-26T07:58:21.724Z  (serving: Anastasia Gasanova) game: 40-A
2026-02-26T07:59:16.294Z  (serving: Moyuka Uchijima) sets: 2-3, game: 0-0, serving: P1
2026-02-26T08:00:56.873Z  (serving: Moyuka Uchijima) game: 0-15
2026-02-26T08:01:26.639Z  (serving: Moyuka Uchijima) game: 15-15
2026-02-26T08:02:09.933Z  (serving: Moyuka Uchijima) game: 15-30
2026-02-26T08:02:40.148Z  (serving: Moyuka Uchijima) game: 30-30
2026-02-26T08:03:07.660Z  (serving: Moyuka Uchijima) game: 30-40
2026-02-26T08:03:56.817Z  (serving: Moyuka Uchijima) game: 40-40
