2026-02-26T06:41:17.826Z  (serving: Myneni/Singh) game: 15-0
2026-02-26T06:41:39.465Z  (serving: Myneni/Singh) game: 30-0
2026-02-26T06:42:10.584Z  (serving: Myneni/Singh) game: 30-15
2026-02-26T06:42:59.745Z  (serving: Myneni/Singh) game: 30-30
2026-02-26T06:43:58.824Z  (serving: Myneni/Singh) game: 40-30
2026-02-26T06:44:26.335Z  (serving: Shimizu/Watanabe) sets: 1-0, game: 0-0, serving: P2
2026-02-26T06:45:51.126Z  (serving: Shimizu/Watanabe) game: 0-15
2026-02-26T06:46:19.543Z  (serving: Shimizu/Watanabe) game: 0-30
2026-02-26T06:46:44.796Z  (serving: Shimizu/Watanabe) game: 0-40
2026-02-26T06:47:06.895Z  (serving: Myneni/Singh) sets: 1-1, game: 0-0, serving: P1
2026-02-26T06:47:42.527Z  (serving: Myneni/Singh) game: 0-15
2026-02-26T06:48:14.548Z  (serving: Myneni/Singh) game: 15-15
2026-02-26T06:48:42.961Z  (serving: Myneni/Singh) game: 30-15
2026-02-26T06:49:06.864Z  (serving: Myneni/Singh) game: 40-15
2026-02-26T06:49:24.904Z  (serving: Shimizu/Watanabe) sets: 2-1, game: 0-0, serving: P2
2026-02-26T06:51:05.491Z  (serving: Shimizu/Watanabe) game: 0-15
2026-02-26T06:51:44.715Z  (serving: Shimizu/Watanabe) game: 15-15
2026-02-26T06:52:12.229Z  (serving: Shimizu/Watanabe) game: 30-15
2026-02-26T06:52:45.602Z  (serving: Shimizu/Watanabe) game: 40-15
2026-02-26T06:53:21.232Z  (serving: Shimizu/Watanabe) game: 40-30
2026-02-26T06:53:50.097Z  (serving: Shimizu/Watanabe) game: 40-40
2026-02-26T06:54:29.783Z  (serving: Myneni/Singh) sets: 2-2, game: 0-0, serving: P1
2026-02-26T06:55:49.611Z  (serving: Myneni/Singh) game: 0-15
2026-02-26T06:56:17.576Z  (serving: Myneni/Singh) game: 15-15
2026-02-26T06:57:00.420Z  (serving: Myneni/Singh) game: 15-30
2026-02-26T06:57:49.577Z  (serving: Myneni/Singh) game: 15-40
2026-02-26T06:58:42.430Z  (serving: Myneni/Singh) game: 30-40
2026-02-26T06:59:10.759Z  (serving: Myneni/Singh) game: 40-40
2026-02-26T07:00:20.760Z  (serving: Shimizu/Watanabe) sets: 2-3, game: 0-0, serving: P2
2026-02-26T07:02:04.042Z  (serving: Shimizu/Watanabe) game: 0-15
2026-02-26T07:02:26.591Z  (serving: Shimizu/Watanabe) game: 15-15
2026-02-26T07:02:59.514Z  (serving: Shimizu/Watanabe) game: 30-15
2026-02-26T07:03:59.948Z  (serving: Shimizu/Watanabe) game: 30-30
2026-02-26T07:04:17.988Z  (serving: Shimizu/Watanabe) game: 30-40
2026-02-26T07:05:03.991Z  (serving: Shimizu/Watanabe) game: 40-40
2026-02-26T07:05:40.073Z  (serving: Myneni/Singh) sets: 2-4, game: 0-0, serving: P1
2026-02-26T07:06:22.920Z  (serving: Myneni/Singh) game: 15-0
2026-02-26T07:07:03.954Z  (serving: Myneni/Singh) game: 15-15
2026-02-26T07:07:35.976Z  (serving: Myneni/Singh) game: 30-15
2026-02-26T07:08:24.232Z  (serving: Myneni/Singh) game: 30-30
2026-02-26T07:08:54.015Z  (serving: Myneni/Singh) game: 40-30
2026-02-26T07:09:28.909Z  (serving: Shimizu/Watanabe) sets: 3-4, game: 0-0, serving: P2
2026-02-26T07:11:06.774Z  (serving: Shimizu/Watanabe) game: 15-0
2026-02-26T07:11:41.952Z  (serving: Shimizu/Watanabe) game: 15-15
2026-02-26T07:12:11.720Z  (serving: Shimizu/Watanabe) game: 15-30
2026-02-26T07:12:34.269Z  (serving: Shimizu/Watanabe) game: 15-40
2026-02-26T07:12:57.270Z  (serving: Shimizu/Watanabe) game: 30-40
2026-02-26T07:13:34.702Z  (serving: Myneni/Singh) sets: 3-5, game: 0-0, serving: P1
2026-02-26T07:14:30.628Z  (serving: Myneni/Singh) game: 0-15
2026-02-26T07:14:57.687Z  (serving: Myneni/Singh) game: 15-15
2026-02-26T07:15:46.853Z  (serving: Myneni/Singh) game: 15-30
2026-02-26T07:16:23.378Z  (serving: Myneni/Singh) game: 30-30
2026-02-26T07:16:56.752Z  (serving: Myneni/Singh) game: 30-40
2026-02-26T07:17:45.911Z  (serving: Myneni/Singh) game: 40-40
2026-02-26T07:18:25.600Z  (serving: Shimizu/Watanabe) sets: 4-5, game: 0-0, serving: P2
2026-02-26T07:20:37.294Z  (serving: Shimizu/Watanabe) game: 0-15
2026-02-26T07:20:47.217Z  (serving: Shimizu/Watanabe) game: 0-30
2026-02-26T07:21:17.885Z  (serving: Shimizu/Watanabe) game: 15-30
2026-02-26T07:21:53.065Z  (serving: Shimizu/Watanabe) game: 15-40
2026-02-26T07:22:29.143Z  (serving: Shimizu/Watanabe) game: 30-40
2026-02-26T07:23:04.320Z  (serving: Myneni/Singh) sets: 4-6,0-0, game: 0-0, serving: P1
2026-02-26T07:25:48.486Z  (serving: Myneni/Singh) game: 0-15
2026-02-26T07:26:32.684Z  (serving: Myneni/Singh) game: 15-15
2026-02-26T07:27:21.843Z  (serving: Myneni/Singh) game: 30-15
2026-02-26T07:27:51.609Z  (serving: Myneni/Singh) game: 30-30
2026-02-26T07:28:16.419Z  (serving: Myneni/Singh) game: 30-40
2026-02-26T07:28:38.062Z  (serving: Myneni/Singh) game: 40-40
2026-02-26T07:29:02.419Z  (serving: Shimizu/Watanabe) sets: 4-6,1-0, game: 0-0, serving: P2
2026-02-26T07:30:23.601Z  (serving: Shimizu/Watanabe) game: 0-15
2026-02-26T07:30:46.147Z  (serving: Shimizu/Watanabe) game: 0-30
2026-02-26T07:31:17.718Z  (serving: Shimizu/Watanabe) game: 0-40
2026-02-26T07:31:40.275Z  (serving: Myneni/Singh) sets: 4-6,1-1, game: 0-0, serving: P1
2026-02-26T07:32:29.877Z  (serving: Myneni/Singh) game: 15-0
2026-02-26T07:33:00.546Z  (serving: Myneni/Singh) game: 30-0
2026-02-26T07:33:37.981Z  (serving: Myneni/Singh) game: 30-15
2026-02-26T07:34:10.453Z  (serving: Myneni/Singh) game: 40-15
2026-02-26T07:34:51.946Z  (serving: Myneni/Singh) game: 40-30
2026-02-26T07:35:40.647Z  (serving: Shimizu/Watanabe) sets: 4-6,2-1, game: 0-0, serving: P2
2026-02-26T07:37:28.436Z  (serving: Shimizu/Watanabe) game: 15-0
2026-02-26T07:38:01.358Z  (serving: Shimizu/Watanabe) game: 15-15
2026-02-26T07:38:32.030Z  (serving: Shimizu/Watanabe) game: 30-15
2026-02-26T07:39:13.972Z  (serving: Shimizu/Watanabe) game: 30-30
2026-02-26T07:39:50.453Z  (serving: Shimizu/Watanabe) game: 30-40
2026-02-26T07:40:38.264Z  (serving: Myneni/Singh) sets: 4-6,2-2, game: 0-0, serving: P1
2026-02-26T07:41:08.026Z  (serving: Myneni/Singh) game: 15-0
2026-02-26T07:41:30.125Z  (serving: Myneni/Singh) game: 15-15
2026-02-26T07:41:54.930Z  (serving: Myneni/Singh) game: 30-15
2026-02-26T07:42:13.421Z  (serving: Myneni/Singh) game: 40-15
2026-02-26T07:42:38.678Z  (serving: Myneni/Singh) game: 40-30
2026-02-26T07:43:05.737Z  (serving: Myneni/Singh) game: 40-40
2026-02-26T07:45:34.568Z  (serving: Shimizu/Watanabe) sets: 4-6,2-3, game: 0-0, serving: P2
2026-02-26T07:45:35.470Z  (serving: Shimizu/Watanabe) game: 0-30
2026-02-26T07:46:05.687Z  (serving: Shimizu/Watanabe) game: 15-30
2026-02-26T07:46:35.453Z  (serving: Shimizu/Watanabe) game: 15-40
2026-02-26T07:46:59.357Z  (serving: Myneni/Singh) sets: 4-6,2-4, game: 0-0, serving: P1
2026-02-26T07:48:07.458Z  (serving: Myneni/Singh) game: 0-15
2026-02-26T07:48:48.049Z  (serving: Myneni/Singh) game: 15-15
