2026-02-26T07:09:36.122Z  (serving: Nina Vargova) game: 40-30
2026-02-26T07:10:43.325Z  (serving: Nina Vargova) game: 40-40
2026-02-26T07:11:29.775Z  (serving: Nina Vargova) game: 40-A
2026-02-26T07:12:16.231Z  (serving: Nina Vargova) game: 40-40
2026-02-26T07:13:07.191Z  (serving: Nina Vargova) game: 40-A
2026-02-26T07:14:22.961Z  (serving: Anastasiia Sobolieva) sets: 0-1, game: 0-0, serving: P2
2026-02-26T07:15:56.769Z  (serving: Anastasiia Sobolieva) game: 0-15
2026-02-26T07:16:45.477Z  (serving: Anastasiia Sobolieva) game: 15-15
2026-02-26T07:17:41.855Z  (serving: Anastasiia Sobolieva) game: 30-15
2026-02-26T07:18:34.169Z  (serving: Anastasiia Sobolieva) game: 40-15
2026-02-26T07:19:40.918Z  (serving: Nina Vargova) sets: 1-1, game: 0-0, serving: P1
2026-02-26T07:20:24.215Z  (serving: Nina Vargova) game: 15-0
2026-02-26T07:21:04.805Z  (serving: Nina Vargova) game: 30-0
2026-02-26T07:21:37.729Z  (serving: Nina Vargova) game: 40-0
2026-02-26T07:22:10.200Z  (serving: Anastasiia Sobolieva) sets: 2-1, game: 0-0, serving: P2
2026-02-26T07:24:12.873Z  (serving: Anastasiia Sobolieva) game: 0-15
2026-02-26T07:24:55.718Z  (serving: Anastasiia Sobolieva) game: 15-15
2026-02-26T07:25:32.701Z  (serving: Anastasiia Sobolieva) game: 15-30
2026-02-26T07:26:12.395Z  (serving: Anastasiia Sobolieva) game: 15-40
2026-02-26T07:26:54.788Z  (serving: Nina Vargova) sets: 2-2, game: 0-0, serving: P1
2026-02-26T07:27:50.308Z  (serving: Nina Vargova) game: 15-0
2026-02-26T07:28:51.144Z  (serving: Nina Vargova) game: 30-0
2026-02-26T07:29:48.869Z  (serving: Nina Vargova) game: 40-0
2026-02-26T07:30:47.951Z  (serving: Anastasiia Sobolieva) sets: 3-2, game: 0-0, serving: P2
2026-02-26T07:32:52.878Z  (serving: Anastasiia Sobolieva) game: 15-0
2026-02-26T07:33:50.156Z  (serving: Anastasiia Sobolieva) game: 30-0
2026-02-26T07:34:21.278Z  (serving: Anastasiia Sobolieva) game: 30-15
2026-02-26T07:35:08.629Z  (serving: Anastasiia Sobolieva) game: 40-15
2026-02-26T07:36:04.097Z  (serving: Nina Vargova) sets: 4-2, game: 0-0, serving: P1
2026-02-26T07:36:52.358Z  (serving: Nina Vargova) game: 15-0
2026-02-26T07:37:29.338Z  (serving: Nina Vargova) game: 15-15
2026-02-26T07:38:00.456Z  (serving: Nina Vargova) game: 30-15
2026-02-26T07:38:36.089Z  (serving: Nina Vargova) game: 40-15
2026-02-26T07:39:20.321Z  (serving: Anastasiia Sobolieva) sets: 5-2, game: 0-0, serving: P2
2026-02-26T07:41:07.125Z  (serving: Anastasiia Sobolieva) game: 15-0
2026-02-26T07:41:46.812Z  (serving: Anastasiia Sobolieva) game: 30-0
2026-02-26T07:42:44.991Z  (serving: Anastasiia Sobolieva) game: 40-0
2026-02-26T07:43:24.228Z  (serving: Nina Vargova) sets: 6-2,0-0, game: 0-0, serving: P1
2026-02-26T07:48:41.733Z  (serving: Nina Vargova) game: 0-15
2026-02-26T07:49:51.188Z  (serving: Nina Vargova) game: 0-30
2026-02-26T07:50:49.367Z  (serving: Nina Vargova) game: 0-40
2026-02-26T07:51:34.490Z  (serving: Nina Vargova) game: 15-40
2026-02-26T07:52:17.313Z  (serving: Anastasiia Sobolieva) sets: 6-2,0-1, game: 0-0, serving: P2
2026-02-26T07:54:09.626Z  (serving: Anastasiia Sobolieva) game: 0-15
2026-02-26T07:54:53.826Z  (serving: Anastasiia Sobolieva) game: 15-15
2026-02-26T07:55:54.246Z  (serving: Anastasiia Sobolieva) game: 30-15
2026-02-26T07:56:56.484Z  (serving: Anastasiia Sobolieva) game: 40-15
2026-02-26T07:57:56.017Z  (serving: Anastasiia Sobolieva) game: 40-30
2026-02-26T07:58:57.356Z  (serving: Anastasiia Sobolieva) game: 40-40
2026-02-26T07:59:32.082Z  (serving: Anastasiia Sobolieva) game: 40-A
2026-02-26T08:00:28.003Z  (serving: Nina Vargova) sets: 6-2,0-2, game: 0-0, serving: P1
2026-02-26T08:01:30.697Z  (serving: Nina Vargova) game: 15-0
2026-02-26T08:02:22.564Z  (serving: Nina Vargova) game: 30-0
2026-02-26T08:03:00.441Z  (serving: Nina Vargova) game: 40-0
2026-02-26T08:03:47.342Z  (serving: Nina Vargova) game: 40-15
