2026-02-26T07:40:17.064Z  (serving: Panna Udvardy) game: 0-15
2026-02-26T07:41:05.772Z  (serving: Panna Udvardy) game: 15-15
2026-02-26T07:41:47.262Z  (serving: Panna Udvardy) game: 30-15
2026-02-26T07:42:13.421Z  (serving: Panna Udvardy) game: 40-15
2026-02-26T07:42:45.895Z  (serving: Nuria Brancaccio) sets: 1-1, game: 0-0, serving: P1
2026-02-26T07:43:32.798Z  (serving: Nuria Brancaccio) game: 15-0
2026-02-26T07:44:19.250Z  (serving: Nuria Brancaccio) game: 15-15
2026-02-26T07:44:39.547Z  (serving: Nuria Brancaccio) game: 30-15
2026-02-26T07:44:43.153Z  (serving: Nuria Brancaccio) game: 15-15
2026-02-26T07:45:00.743Z  (serving: Nuria Brancaccio) game: 30-15
2026-02-26T07:45:30.519Z  (serving: Nuria Brancaccio) game: 40-15
2026-02-26T07:46:04.784Z  (serving: Nuria Brancaccio) game: 40-30
2026-02-26T07:46:40.421Z  (serving: Nuria Brancaccio) game: 40-40
2026-02-26T07:47:21.005Z  (serving: Nuria Brancaccio) game: 40-A
2026-02-26T07:48:00.294Z  (serving: Nuria Brancaccio) game: 40-40
2026-02-26T07:48:34.075Z  (serving: Nuria Brancaccio) game: 40-A
2026-02-26T07:49:03.833Z  (serving: Nuria Brancaccio) game: 40-40
2026-02-26T07:49:26.834Z  (serving: Nuria Brancaccio) game: 40-A
2026-02-26T07:49:56.153Z  (serving: Panna Udvardy) sets: 1-2, game: 0-0, serving: P2
2026-02-26T07:51:57.470Z  (serving: Panna Udvardy) game: 15-0
2026-02-26T07:52:40.313Z  (serving: Panna Udvardy) game: 15-15
2026-02-26T07:53:22.257Z  (serving: Panna Udvardy) game: 30-15
2026-02-26T07:53:52.492Z  (serving: Panna Udvardy) game: 40-15
2026-02-26T07:54:21.338Z  (serving: Panna Udvardy) game: 40-30
2026-02-26T07:55:05.540Z  (serving: Panna Udvardy) game: 40-40
2026-02-26T07:55:52.451Z  (serving: Panna Udvardy) game: A-40
2026-02-26T07:55:59.208Z  (serving: Panna Udvardy) game: 40-40
2026-02-26T07:56:18.601Z  (serving: Panna Udvardy) game: A-40
2026-02-26T07:56:37.992Z  (serving: Nuria Brancaccio) sets: 2-2, game: 0-0, serving: P1
2026-02-26T07:57:16.779Z  (serving: Nuria Brancaccio) game: 0-15
2026-02-26T07:57:47.897Z  (serving: Nuria Brancaccio) game: 0-30
2026-02-26T07:58:19.918Z  (serving: Nuria Brancaccio) game: 0-40
2026-02-26T07:58:46.530Z  (serving: Nuria Brancaccio) game: 15-40
2026-02-26T07:59:02.320Z  (serving: Nuria Brancaccio) game: 30-40
2026-02-26T07:59:31.177Z  (serving: Panna Udvardy) sets: 2-3, game: 0-0, serving: P2
2026-02-26T08:01:36.576Z  (serving: Panna Udvardy) game: 0-15
2026-02-26T08:02:17.146Z  (serving: Panna Udvardy) game: 15-15
2026-02-26T08:02:46.921Z  (serving: Panna Udvardy) game: 30-15
2026-02-26T08:02:50.972Z  (serving: Panna Udvardy) game: 15-15
2026-02-26T08:03:13.083Z  (serving: Panna Udvardy) game: 30-15
2026-02-26T08:03:30.203Z  (serving: Panna Udvardy) game: 30-30
2026-02-26T08:03:57.315Z  (serving: Panna Udvardy) game: 40-30
