2026-02-26T02:49:35.843Z  (serving: Joshua Charlton) game: 15-15
2026-02-26T02:50:07.863Z  (serving: Joshua Charlton) game: 15-30
2026-02-26T02:50:38.531Z  (serving: Joshua Charlton) game: 15-40
2026-02-26T02:51:20.473Z  (serving: Joshua Charlton) game: 30-40
2026-02-26T02:52:02.062Z  (serving: Joshua Charlton) game: 40-40
2026-02-26T02:52:44.911Z  (serving: Joshua Charlton) game: A-40
2026-02-26T02:54:09.243Z  (serving: Joshua Charlton) game: 40-40
2026-02-26T02:55:07.422Z  (serving: Joshua Charlton) game: A-40
2026-02-26T02:56:21.844Z  (serving: Joshua Charlton) game: 40-40
2026-02-26T02:57:00.179Z  (serving: Joshua Charlton) game: 40-A
2026-02-26T02:57:21.383Z  (serving: Pavle Marinkov) sets: 4-5, game: 0-0, serving: P1
2026-02-26T02:59:33.513Z  (serving: Pavle Marinkov) game: 15-0
2026-02-26T03:00:10.945Z  (serving: Pavle Marinkov) game: 30-0
2026-02-26T03:00:45.674Z  (serving: Pavle Marinkov) game: 40-0
2026-02-26T03:01:25.811Z  (serving: Pavle Marinkov) game: 40-15
2026-02-26T03:02:12.282Z  (serving: Joshua Charlton) sets: 5-5, game: 0-0, serving: P2
2026-02-26T03:03:26.242Z  (serving: Joshua Charlton) game: 0-15
2026-02-26T03:04:00.968Z  (serving: Joshua Charlton) game: 0-30
2026-02-26T03:04:31.193Z  (serving: Joshua Charlton) game: 0-40
2026-02-26T03:04:55.107Z  (serving: Pavle Marinkov) sets: 5-6, game: 0-0, serving: P1
2026-02-26T03:07:01.893Z  (serving: Pavle Marinkov) game: 15-0
2026-02-26T03:07:46.091Z  (serving: Pavle Marinkov) game: 30-0
2026-02-26T03:09:01.850Z  (serving: Pavle Marinkov) game: 40-0
2026-02-26T03:09:34.323Z  (serving: Joshua Charlton) sets: 6-6, game: 0-0, serving: P2
2026-02-26T03:10:24.391Z  (serving: Pavle Marinkov) game: 0-1, serving: P1
2026-02-26T03:11:08.139Z  (serving: Pavle Marinkov) game: 0-2
2026-02-26T03:11:41.524Z  (serving: Joshua Charlton) game: 1-2, serving: P2
2026-02-26T03:12:35.634Z  (serving: Joshua Charlton) game: 2-2
2026-02-26T03:13:24.342Z  (serving: Pavle Marinkov) game: 3-2, serving: P1
2026-02-26T03:14:28.385Z  (serving: Pavle Marinkov) game: 4-2
2026-02-26T03:16:03.557Z  (serving: Joshua Charlton) game: 5-2, serving: P2
2026-02-26T03:17:00.826Z  (serving: Joshua Charlton) game: 5-3
2026-02-26T03:18:08.029Z  (serving: Pavle Marinkov) game: 5-4, serving: P1
2026-02-26T03:18:54.933Z  (serving: Pavle Marinkov) game: 6-4
2026-02-26T03:19:48.609Z  (serving: Pavle Marinkov) sets: 7-6,0-0, game: 0-0
2026-02-26T03:24:29.165Z  (serving: Pavle Marinkov) game: 15-0
2026-02-26T03:25:05.660Z  (serving: Pavle Marinkov) game: 30-0
2026-02-26T03:25:33.178Z  (serving: Pavle Marinkov) game: 40-0
2026-02-26T03:26:04.291Z  (serving: Joshua Charlton) sets: 7-6,1-0, game: 0-0, serving: P2
2026-02-26T03:27:19.171Z  (serving: Joshua Charlton) game: 0-15
2026-02-26T03:27:42.172Z  (serving: Joshua Charlton) game: 0-30
2026-02-26T03:28:10.129Z  (serving: Joshua Charlton) game: 15-30
2026-02-26T03:29:05.596Z  (serving: Joshua Charlton) game: 30-30
2026-02-26T03:29:43.489Z  (serving: Joshua Charlton) game: 30-40
2026-02-26T03:30:23.184Z  (serving: Pavle Marinkov) sets: 7-6,1-1, game: 0-0, serving: P1
2026-02-26T03:31:32.624Z  (serving: Pavle Marinkov) game: 0-15
2026-02-26T03:32:44.742Z  (serving: Pavle Marinkov) game: 15-15
2026-02-26T03:33:42.909Z  (serving: Pavle Marinkov) game: 30-15
2026-02-26T03:34:36.126Z  (serving: Pavle Marinkov) game: 40-15
2026-02-26T03:35:16.718Z  (serving: Joshua Charlton) sets: 7-6,2-1, game: 0-0, serving: P2
2026-02-26T03:37:18.484Z  (serving: Joshua Charlton) game: 0-15
2026-02-26T03:37:44.646Z  (serving: Joshua Charlton) game: 15-15
2026-02-26T03:38:27.945Z  (serving: Joshua Charlton) game: 15-30
2026-02-26T03:38:59.960Z  (serving: Joshua Charlton) game: 15-40
2026-02-26T03:39:28.825Z  (serving: Pavle Marinkov) sets: 7-6,2-2, game: 0-0, serving: P1
2026-02-26T03:40:17.530Z  (serving: Pavle Marinkov) game: 15-0
2026-02-26T03:40:51.359Z  (serving: Pavle Marinkov) game: 30-0
2026-02-26T03:41:25.634Z  (serving: Pavle Marinkov) game: 40-0
2026-02-26T03:42:07.225Z  (serving: Pavle Marinkov) game: 40-15
2026-02-26T03:43:02.704Z  (serving: Pavle Marinkov) game: 40-30
2026-02-26T03:44:03.582Z  (serving: Joshua Charlton) sets: 7-6,3-2, game: 0-0, serving: P2
2026-02-26T03:46:02.203Z  (serving: Joshua Charlton) game: 0-15
2026-02-26T03:46:42.785Z  (serving: Joshua Charlton) game: 0-30
2026-02-26T03:47:12.552Z  (serving: Joshua Charlton) game: 0-40
2026-02-26T03:47:46.825Z  (serving: Pavle Marinkov) sets: 7-6,3-3, game: 0-0, serving: P1
2026-02-26T03:48:56.734Z  (serving: Pavle Marinkov) game: 0-15
2026-02-26T03:49:34.168Z  (serving: Pavle Marinkov) game: 0-30
2026-02-26T03:50:32.802Z  (serving: Pavle Marinkov) game: 15-30
2026-02-26T03:51:18.806Z  (serving: Pavle Marinkov) game: 30-30
2026-02-26T03:52:22.409Z  (serving: Pavle Marinkov) game: 40-30
2026-02-26T03:53:25.084Z  (serving: Pavle Marinkov) game: 40-40
2026-02-26T03:54:10.637Z  (serving: Pavle Marinkov) game: A-40
2026-02-26T03:55:01.602Z  (serving: Pavle Marinkov) game: 40-40
2026-02-26T03:55:47.611Z  (serving: Pavle Marinkov) game: A-40
2026-02-26T03:56:31.347Z  (serving: Joshua Charlton) sets: 7-6,4-3, game: 0-0, serving: P2
2026-02-26T03:58:41.684Z  (serving: Joshua Charlton) game: 15-0
2026-02-26T03:59:28.589Z  (serving: Joshua Charlton) game: 30-0
2026-02-26T04:00:05.574Z  (serving: Joshua Charlton) game: 30-15
2026-02-26T04:00:43.906Z  (serving: Joshua Charlton) game: 30-30
2026-02-26T04:01:17.731Z  (serving: Joshua Charlton) game: 30-40
2026-02-26T04:01:52.916Z  (serving: Pavle Marinkov) sets: 7-6,4-4, game: 0-0, serving: P1
2026-02-26T04:03:06.919Z  (serving: Pavle Marinkov) game: 15-0
2026-02-26T04:03:46.154Z  (serving: Pavle Marinkov) game: 30-0
2026-02-26T04:04:18.185Z  (serving: Pavle Marinkov) game: 30-15
2026-02-26T04:04:54.259Z  (serving: Pavle Marinkov) game: 40-15
2026-02-26T04:05:28.531Z  (serving: Joshua Charlton) sets: 7-6,5-4, game: 0-0, serving: P2
2026-02-26T04:07:29.086Z  (serving: Joshua Charlton) game: 0-15
2026-02-26T04:08:06.962Z  (serving: Joshua Charlton) game: 0-30
2026-02-26T04:09:06.494Z  (serving: Joshua Charlton) game: 15-30
2026-02-26T04:09:44.380Z  (serving: Joshua Charlton) game: 30-30
2026-02-26T04:10:21.372Z  (serving: Joshua Charlton) game: 30-40
2026-02-26T04:10:55.201Z  (serving: Joshua Charlton) game: 40-40
2026-02-26T04:11:29.913Z  (serving: Joshua Charlton) game: 40-A
2026-02-26T04:12:05.547Z  (serving: Joshua Charlton) game: 40-40
2026-02-26T04:12:45.233Z  (serving: Joshua Charlton) game: 40-A
2026-02-26T04:13:37.612Z  (serving: Pavle Marinkov) sets: 7-6,5-5, game: 0-0, serving: P1
2026-02-26T04:14:44.748Z  (serving: Pavle Marinkov) game: 0-15
2026-02-26T04:16:15.850Z  (serving: Pavle Marinkov) game: 0-30
2026-02-26T04:17:24.856Z  (serving: Pavle Marinkov) game: 0-40
2026-02-26T04:18:17.623Z  (serving: Pavle Marinkov) game: 15-40
2026-02-26T04:19:02.272Z  (serving: Pavle Marinkov) game: 30-40
2026-02-26T04:19:41.511Z  (serving: Pavle Marinkov) game: 40-40
2026-02-26T04:20:43.751Z  (serving: Pavle Marinkov) game: A-40
2026-02-26T04:21:41.484Z  (serving: Joshua Charlton) sets: 7-6,6-5, game: 0-0, serving: P2
2026-02-26T04:24:09.865Z  (serving: Joshua Charlton) game: 0-15
2026-02-26T04:24:45.950Z  (serving: Joshua Charlton) game: 0-30
2026-02-26T04:25:06.684Z  (serving: Joshua Charlton) game: 0-40
2026-02-26T04:25:39.613Z  (serving: Pavle Marinkov) sets: 7-6,6-6, game: 0-0, serving: P1
2026-02-26T04:26:38.700Z  (serving: Joshua Charlton) game: 1-0, serving: P2
2026-02-26T04:27:33.266Z  (serving: Joshua Charlton) game: 1-1
2026-02-26T04:28:51.748Z  (serving: Pavle Marinkov) game: 2-1, serving: P1
2026-02-26T04:29:34.134Z  (serving: Pavle Marinkov) game: 2-2
2026-02-26T04:30:21.503Z  (serving: Joshua Charlton) game: 3-2, serving: P2
2026-02-26T04:31:18.777Z  (serving: Joshua Charlton) game: 3-3
2026-02-26T04:33:00.805Z  (serving: Pavle Marinkov) game: 3-4, serving: P1
2026-02-26T04:33:51.233Z  (serving: Pavle Marinkov) game: 4-4
2026-02-26T04:34:44.537Z  (serving: Joshua Charlton) game: 5-4, serving: P2
2026-02-26T04:35:25.486Z  (serving: Joshua Charlton) game: 5-5
2026-02-26T04:36:02.113Z  (serving: Pavle Marinkov) game: 6-5, serving: P1
2026-02-26T04:37:12.914Z  (serving: Pavle Marinkov) game: 6-6
2026-02-26T04:38:38.156Z  (serving: Joshua Charlton) game: 7-6, serving: P2
2026-02-26T04:39:40.404Z  (serving: Joshua Charlton) sets: 7-6,7-6, game: 0-0
