2026-02-26T07:44:49.467Z  (serving: Saitoh/Yamanaka) game: 15-0
2026-02-26T07:44:50.822Z  (serving: Saitoh/Yamanaka) game: 30-0
2026-02-26T07:44:51.722Z  (serving: Saitoh/Yamanaka) game: 40-0
2026-02-26T07:44:59.390Z  (serving: Saitoh/Yamanaka) game: 40-15
2026-02-26T07:45:44.041Z  (serving: Hazawa/Rai) sets: 3-3, game: 0-0, serving: P2
2026-02-26T07:48:37.678Z  (serving: Hazawa/Rai) game: 15-0
2026-02-26T07:48:38.577Z  (serving: Hazawa/Rai) game: 30-0
2026-02-26T07:48:39.930Z  (serving: Hazawa/Rai) game: 40-0
2026-02-26T07:48:41.287Z  (serving: Saitoh/Yamanaka) sets: 4-3, game: 0-0, serving: P1
2026-02-26T07:49:48.482Z  (serving: Saitoh/Yamanaka) game: 15-0
2026-02-26T07:51:08.312Z  (serving: Saitoh/Yamanaka) game: 30-0
2026-02-26T07:51:45.293Z  (serving: Saitoh/Yamanaka) game: 30-15
2026-02-26T07:51:47.098Z  (serving: Saitoh/Yamanaka) game: 30-30
2026-02-26T07:52:45.726Z  (serving: Saitoh/Yamanaka) game: 40-30
2026-02-26T07:52:47.530Z  (serving: Hazawa/Rai) sets: 5-3, game: 0-0, serving: P2
2026-02-26T07:53:24.964Z  (serving: Hazawa/Rai) game: 0-15
2026-02-26T07:53:47.963Z  (serving: Hazawa/Rai) game: 0-30
2026-02-26T07:54:43.008Z  (serving: Hazawa/Rai) game: 15-30
2026-02-26T07:55:16.815Z  (serving: Hazawa/Rai) game: 30-30
2026-02-26T07:56:02.368Z  (serving: Hazawa/Rai) game: 30-40
2026-02-26T07:59:33.892Z  (serving: Saitoh/Yamanaka) sets: 5-4, game: 0-0, serving: P1
2026-02-26T07:59:36.590Z  (serving: Saitoh/Yamanaka) game: 15-0
2026-02-26T07:59:37.492Z  (serving: Saitoh/Yamanaka) game: 15-15
2026-02-26T07:59:38.395Z  (serving: Saitoh/Yamanaka) game: 30-15
2026-02-26T07:59:48.774Z  (serving: Saitoh/Yamanaka) game: 40-15
2026-02-26T08:00:00.059Z  (serving: Saitoh/Yamanaka) game: 40-30
2026-02-26T08:02:57.735Z  (serving: Saitoh/Yamanaka) game: 40-40
2026-02-26T08:02:59.989Z  (serving: Hazawa/Rai) sets: 6-4,0-0, game: 0-0, serving: P2
2026-02-26T08:03:03.145Z  (serving: Hazawa/Rai) game: 15-0
2026-02-26T08:03:05.850Z  (serving: Hazawa/Rai) game: 15-15
2026-02-26T08:03:21.192Z  (serving: Hazawa/Rai) game: 30-15
2026-02-26T08:04:01.336Z  (serving: Hazawa/Rai) game: 40-15
