2026-02-26T07:09:30.259Z  (serving: Alexander Vasilev) game: 0-15
2026-02-26T07:09:56.418Z  (serving: Alexander Vasilev) game: 15-15
2026-02-26T07:10:40.616Z  (serving: Alexander Vasilev) game: 15-30
2026-02-26T07:11:07.225Z  (serving: Alexander Vasilev) game: 15-40
2026-02-26T07:11:39.697Z  (serving: Sandro Kopp) sets: 0-1, game: 0-0, serving: P1
2026-02-26T07:13:01.331Z  (serving: Sandro Kopp) game: 15-0
2026-02-26T07:13:38.762Z  (serving: Sandro Kopp) game: 30-0
2026-02-26T07:14:23.414Z  (serving: Sandro Kopp) game: 40-0
2026-02-26T07:14:53.643Z  (serving: Alexander Vasilev) sets: 1-1, game: 0-0, serving: P2
2026-02-26T07:15:46.853Z  (serving: Alexander Vasilev) game: 0-15
2026-02-26T07:16:24.732Z  (serving: Alexander Vasilev) game: 15-15
2026-02-26T07:17:19.325Z  (serving: Alexander Vasilev) game: 15-30
2026-02-26T07:18:06.658Z  (serving: Alexander Vasilev) game: 30-30
2026-02-26T07:18:42.738Z  (serving: Alexander Vasilev) game: 30-40
2026-02-26T07:19:05.742Z  (serving: Sandro Kopp) sets: 1-2, game: 0-0, serving: P1
2026-02-26T07:20:53.981Z  (serving: Sandro Kopp) game: 0-15
2026-02-26T07:21:26.453Z  (serving: Sandro Kopp) game: 15-15
2026-02-26T07:21:57.574Z  (serving: Sandro Kopp) game: 15-30
2026-02-26T07:22:30.948Z  (serving: Sandro Kopp) game: 30-30
2026-02-26T07:23:12.891Z  (serving: Sandro Kopp) game: 30-40
2026-02-26T07:24:14.229Z  (serving: Alexander Vasilev) sets: 1-3, game: 0-0, serving: P2
2026-02-26T07:25:30.445Z  (serving: Alexander Vasilev) game: 0-15
2026-02-26T07:26:16.899Z  (serving: Alexander Vasilev) game: 15-15
2026-02-26T07:27:09.666Z  (serving: Alexander Vasilev) game: 30-15
2026-02-26T07:27:56.571Z  (serving: Alexander Vasilev) game: 40-15
2026-02-26T07:28:32.650Z  (serving: Sandro Kopp) sets: 2-3, game: 0-0, serving: P1
2026-02-26T07:30:03.303Z  (serving: Sandro Kopp) game: 15-0
2026-02-26T07:30:35.324Z  (serving: Sandro Kopp) game: 30-0
2026-02-26T07:31:14.560Z  (serving: Sandro Kopp) game: 40-0
2026-02-26T07:31:43.875Z  (serving: Alexander Vasilev) sets: 3-3, game: 0-0, serving: P2
2026-02-26T07:32:26.721Z  (serving: Alexander Vasilev) game: 15-0
2026-02-26T07:32:54.765Z  (serving: Alexander Vasilev) game: 30-0
2026-02-26T07:33:28.508Z  (serving: Alexander Vasilev) game: 30-15
2026-02-26T07:33:52.862Z  (serving: Alexander Vasilev) game: 30-30
2026-02-26T07:34:14.513Z  (serving: Alexander Vasilev) game: 30-40
2026-02-26T07:35:03.220Z  (serving: Alexander Vasilev) game: 40-40
2026-02-26T07:35:32.078Z  (serving: Alexander Vasilev) game: 40-A
2026-02-26T07:36:13.117Z  (serving: Sandro Kopp) sets: 3-4, game: 0-0, serving: P1
2026-02-26T07:38:03.618Z  (serving: Sandro Kopp) game: 15-0
2026-02-26T07:38:55.931Z  (serving: Sandro Kopp) game: 15-15
2026-02-26T07:40:03.536Z  (serving: Sandro Kopp) game: 15-30
2026-02-26T07:40:33.302Z  (serving: Sandro Kopp) game: 15-40
2026-02-26T07:41:19.751Z  (serving: Sandro Kopp) game: 30-40
2026-02-26T07:41:54.485Z  (serving: Sandro Kopp) game: 40-40
2026-02-26T07:42:44.089Z  (serving: Sandro Kopp) game: 40-A
2026-02-26T07:43:26.032Z  (serving: Alexander Vasilev) sets: 3-5, game: 0-0, serving: P2
2026-02-26T07:44:37.290Z  (serving: Alexander Vasilev) game: 15-0
2026-02-26T07:45:05.304Z  (serving: Alexander Vasilev) game: 15-15
2026-02-26T07:45:29.606Z  (serving: Alexander Vasilev) game: 15-30
2026-02-26T07:45:44.942Z  (serving: Alexander Vasilev) game: 15-40
2026-02-26T07:46:12.001Z  (serving: Sandro Kopp) sets: 3-6,0-0, game: 0-0, serving: P1
2026-02-26T07:50:31.780Z  (serving: Sandro Kopp) game: 15-0
2026-02-26T07:51:07.859Z  (serving: Sandro Kopp) game: 15-15
2026-02-26T07:51:43.489Z  (serving: Sandro Kopp) game: 15-30
2026-02-26T07:52:36.255Z  (serving: Sandro Kopp) game: 30-30
2026-02-26T07:53:09.180Z  (serving: Sandro Kopp) game: 40-30
2026-02-26T07:53:35.337Z  (serving: Sandro Kopp) game: 40-40
2026-02-26T07:54:20.437Z  (serving: Sandro Kopp) game: A-40
2026-02-26T07:55:12.304Z  (serving: Sandro Kopp) game: 40-40
2026-02-26T07:55:51.991Z  (serving: Sandro Kopp) game: 40-A
2026-02-26T07:56:29.875Z  (serving: Alexander Vasilev) sets: 3-6,0-1, game: 0-0, serving: P2
2026-02-26T07:58:08.646Z  (serving: Alexander Vasilev) game: 0-15
2026-02-26T07:58:19.468Z  (serving: Alexander Vasilev) game: 0-30
2026-02-26T07:58:32.119Z  (serving: Alexander Vasilev) game: 0-40
2026-02-26T07:58:56.449Z  (serving: Sandro Kopp) sets: 3-6,0-2, game: 0-0, serving: P1
2026-02-26T07:59:46.514Z  (serving: Sandro Kopp) game: 0-15
2026-02-26T08:00:15.388Z  (serving: Sandro Kopp) game: 15-15
2026-02-26T08:00:42.887Z  (serving: Sandro Kopp) game: 30-15
2026-02-26T08:01:05.448Z  (serving: Sandro Kopp) game: 40-15
2026-02-26T08:01:54.152Z  (serving: Sandro Kopp) game: 40-30
2026-02-26T08:02:41.050Z  (serving: Alexander Vasilev) sets: 3-6,1-2, game: 0-0, serving: P2
