2026-02-26T02:49:53.882Z  (serving: Shinji Hazawa) game: 0-15
2026-02-26T02:50:38.531Z  (serving: Shinji Hazawa) game: 15-15
2026-02-26T02:51:40.432Z  (serving: Shinji Hazawa) game: 15-30
2026-02-26T02:52:24.611Z  (serving: Shinji Hazawa) game: 30-30
2026-02-26T02:52:52.128Z  (serving: Shinji Hazawa) game: 30-40
2026-02-26T02:53:22.828Z  (serving: Shinji Hazawa) game: 40-40
2026-02-26T02:53:57.979Z  (serving: Shinji Hazawa) game: 40-A
2026-02-26T02:54:36.754Z  (serving: Shinji Hazawa) game: 40-40
2026-02-26T02:55:12.388Z  (serving: Shinji Hazawa) game: 40-A
2026-02-26T02:56:02.446Z  (serving: Shinji Hazawa) game: 40-40
2026-02-26T02:56:45.743Z  (serving: Shinji Hazawa) game: A-40
2026-02-26T02:57:10.548Z  (serving: Taisei Ichikawa) sets: 5-7,2-3, game: 0-0, serving: P2
2026-02-26T02:59:01.493Z  (serving: Taisei Ichikawa) game: 0-15
2026-02-26T02:59:21.799Z  (serving: Taisei Ichikawa) game: 0-30
2026-02-26T03:00:00.575Z  (serving: Taisei Ichikawa) game: 0-40
2026-02-26T03:00:38.916Z  (serving: Shinji Hazawa) sets: 5-7,2-4, game: 0-0, serving: P1
2026-02-26T03:01:55.579Z  (serving: Shinji Hazawa) game: 15-0
2026-02-26T03:02:28.954Z  (serving: Shinji Hazawa) game: 30-0
2026-02-26T03:03:09.097Z  (serving: Shinji Hazawa) game: 30-15
2026-02-26T03:03:41.123Z  (serving: Shinji Hazawa) game: 40-15
2026-02-26T03:04:12.249Z  (serving: Taisei Ichikawa) sets: 5-7,3-4, game: 0-0, serving: P2
2026-02-26T03:06:01.901Z  (serving: Taisei Ichikawa) game: 15-0
2026-02-26T03:06:37.992Z  (serving: Taisei Ichikawa) game: 15-15
2026-02-26T03:07:11.810Z  (serving: Taisei Ichikawa) game: 15-30
2026-02-26T03:07:54.207Z  (serving: Taisei Ichikawa) game: 30-30
2026-02-26T03:08:35.241Z  (serving: Taisei Ichikawa) game: 40-30
2026-02-26T03:09:23.507Z  (serving: Taisei Ichikawa) game: 40-40
2026-02-26T03:10:19.878Z  (serving: Taisei Ichikawa) game: A-40
2026-02-26T03:10:58.665Z  (serving: Shinji Hazawa) sets: 5-7,4-4, game: 0-0, serving: P1
2026-02-26T03:12:06.324Z  (serving: Shinji Hazawa) game: 15-0
2026-02-26T03:12:32.476Z  (serving: Shinji Hazawa) game: 30-0
2026-02-26T03:13:04.949Z  (serving: Shinji Hazawa) game: 40-0
2026-02-26T03:13:59.976Z  (serving: Taisei Ichikawa) sets: 5-7,5-4, game: 0-0, serving: P2
2026-02-26T03:15:42.357Z  (serving: Taisei Ichikawa) game: 15-0
2026-02-26T03:16:37.375Z  (serving: Taisei Ichikawa) game: 15-15
2026-02-26T03:17:28.341Z  (serving: Taisei Ichikawa) game: 30-15
2026-02-26T03:18:11.187Z  (serving: Taisei Ichikawa) game: 30-30
2026-02-26T03:18:58.990Z  (serving: Taisei Ichikawa) game: 30-40
2026-02-26T03:19:37.326Z  (serving: Taisei Ichikawa) game: 40-40
2026-02-26T03:20:33.700Z  (serving: Taisei Ichikawa) game: A-40
2026-02-26T03:21:23.761Z  (serving: Taisei Ichikawa) game: 40-40
2026-02-26T03:22:01.667Z  (serving: Taisei Ichikawa) game: A-40
2026-02-26T03:22:47.661Z  (serving: Taisei Ichikawa) game: 40-40
2026-02-26T03:23:44.489Z  (serving: Taisei Ichikawa) game: A-40
2026-02-26T03:24:21.462Z  (serving: Taisei Ichikawa) game: 40-40
2026-02-26T03:25:02.520Z  (serving: Taisei Ichikawa) game: 40-A
2026-02-26T03:25:41.289Z  (serving: Taisei Ichikawa) game: 40-40
2026-02-26T03:26:30.914Z  (serving: Taisei Ichikawa) game: 40-A
2026-02-26T03:27:00.697Z  (serving: Shinji Hazawa) sets: 5-7,5-5, game: 0-0, serving: P1
2026-02-26T03:27:53.439Z  (serving: Shinji Hazawa) game: 15-0
2026-02-26T03:28:27.716Z  (serving: Shinji Hazawa) game: 30-0
2026-02-26T03:28:51.673Z  (serving: Shinji Hazawa) game: 40-0
2026-02-26T03:29:24.102Z  (serving: Taisei Ichikawa) sets: 5-7,6-5, game: 0-0, serving: P2
2026-02-26T03:31:13.708Z  (serving: Taisei Ichikawa) game: 0-15
2026-02-26T03:31:47.511Z  (serving: Taisei Ichikawa) game: 0-30
2026-02-26T03:32:33.520Z  (serving: Taisei Ichikawa) game: 0-40
2026-02-26T03:33:28.506Z  (serving: Taisei Ichikawa) game: 15-40
2026-02-26T03:34:19.437Z  (serving: Taisei Ichikawa) game: 30-40
2026-02-26T03:34:49.205Z  (serving: Shinji Hazawa) sets: 5-7,6-6, game: 0-0, serving: P1
2026-02-26T03:36:08.581Z  (serving: Taisei Ichikawa) game: 1-0, serving: P2
2026-02-26T03:36:59.542Z  (serving: Taisei Ichikawa) game: 2-0
2026-02-26T03:37:34.278Z  (serving: Shinji Hazawa) game: 2-1, serving: P1
2026-02-26T03:38:18.927Z  (serving: Shinji Hazawa) game: 3-1
2026-02-26T03:38:52.296Z  (serving: Taisei Ichikawa) game: 4-1, serving: P2
2026-02-26T03:39:25.216Z  (serving: Taisei Ichikawa) game: 4-2
2026-02-26T03:40:39.634Z  (serving: Shinji Hazawa) game: 5-2, serving: P1
2026-02-26T03:40:56.326Z  (serving: Taisei Ichikawa) game: 4-2, serving: P2
2026-02-26T03:40:58.575Z  (serving: Shinji Hazawa) game: 4-3, serving: P1
2026-02-26T03:41:08.500Z  (serving: Shinji Hazawa) game: 5-3
2026-02-26T03:41:53.144Z  (serving: Taisei Ichikawa) game: 5-4, serving: P2
2026-02-26T03:42:51.422Z  (serving: Taisei Ichikawa) game: 5-5
2026-02-26T03:43:30.658Z  (serving: Shinji Hazawa) game: 5-6, serving: P1
2026-02-26T03:44:33.349Z  (serving: Shinji Hazawa) game: 6-6
2026-02-26T03:45:54.992Z  (serving: Taisei Ichikawa) game: 7-6, serving: P2
2026-02-26T03:46:30.607Z  (serving: Taisei Ichikawa) sets: 5-7,7-6,0-0, game: 0-0
2026-02-26T03:55:07.464Z  (serving: Taisei Ichikawa) game: 15-0
2026-02-26T03:55:34.080Z  (serving: Taisei Ichikawa) game: 15-15
2026-02-26T03:56:21.876Z  (serving: Taisei Ichikawa) game: 15-30
2026-02-26T03:57:04.727Z  (serving: Taisei Ichikawa) game: 15-40
2026-02-26T03:57:38.094Z  (serving: Taisei Ichikawa) game: 30-40
2026-02-26T03:58:05.154Z  (serving: Shinji Hazawa) sets: 5-7,7-6,0-1, game: 0-0, serving: P1
2026-02-26T03:59:27.236Z  (serving: Shinji Hazawa) game: 15-0
2026-02-26T04:00:12.789Z  (serving: Shinji Hazawa) game: 30-0
2026-02-26T04:00:43.905Z  (serving: Shinji Hazawa) game: 30-15
2026-02-26T04:01:19.533Z  (serving: Shinji Hazawa) game: 30-30
2026-02-26T04:02:15.134Z  (serving: Shinji Hazawa) game: 30-40
2026-02-26T04:02:45.268Z  (serving: Shinji Hazawa) game: 40-40
2026-02-26T04:03:27.668Z  (serving: Shinji Hazawa) game: 40-A
2026-02-26T04:04:32.156Z  (serving: Shinji Hazawa) game: 40-40
2026-02-26T04:05:11.844Z  (serving: Shinji Hazawa) game: 40-A
2026-02-26T04:05:56.622Z  (serving: Shinji Hazawa) game: 40-40
2026-02-26T04:06:32.702Z  (serving: Shinji Hazawa) game: A-40
2026-02-26T04:07:11.037Z  (serving: Shinji Hazawa) game: 40-40
2026-02-26T04:07:43.512Z  (serving: Shinji Hazawa) game: A-40
2026-02-26T04:08:12.390Z  (serving: Taisei Ichikawa) sets: 5-7,7-6,1-1, game: 0-0, serving: P2
2026-02-26T04:09:24.991Z  (serving: Taisei Ichikawa) game: 0-15
2026-02-26T04:10:35.813Z  (serving: Taisei Ichikawa) game: 0-30
2026-02-26T04:11:03.787Z  (serving: Taisei Ichikawa) game: 0-40
2026-02-26T04:11:18.187Z  (serving: Shinji Hazawa) sets: 5-7,7-6,1-2, game: 0-0, serving: P1
2026-02-26T04:13:31.235Z  (serving: Shinji Hazawa) game: 15-0
2026-02-26T04:14:14.982Z  (serving: Shinji Hazawa) game: 15-15
2026-02-26T04:14:48.807Z  (serving: Shinji Hazawa) game: 30-15
2026-02-26T04:15:33.005Z  (serving: Shinji Hazawa) game: 30-30
2026-02-26T04:16:03.674Z  (serving: Shinji Hazawa) game: 40-30
2026-02-26T04:16:34.799Z  (serving: Taisei Ichikawa) sets: 5-7,7-6,2-2, game: 0-0, serving: P2
2026-02-26T04:17:25.758Z  (serving: Taisei Ichikawa) game: 0-15
2026-02-26T04:17:46.955Z  (serving: Taisei Ichikawa) game: 0-30
2026-02-26T04:18:19.428Z  (serving: Taisei Ichikawa) game: 0-40
2026-02-26T04:18:49.647Z  (serving: Shinji Hazawa) sets: 5-7,7-6,2-3, game: 0-0, serving: P1
2026-02-26T04:20:28.868Z  (serving: Shinji Hazawa) game: 15-0
2026-02-26T04:21:37.418Z  (serving: Shinji Hazawa) game: 30-0
2026-02-26T04:22:14.400Z  (serving: Shinji Hazawa) game: 30-15
2026-02-26T04:23:23.416Z  (serving: Shinji Hazawa) game: 30-30
2026-02-26T04:23:59.035Z  (serving: Shinji Hazawa) game: 40-30
2026-02-26T04:24:27.450Z  (serving: Taisei Ichikawa) sets: 5-7,7-6,3-3, game: 0-0, serving: P2
2026-02-26T04:25:42.765Z  (serving: Taisei Ichikawa) game: 15-0
2026-02-26T04:26:48.618Z  (serving: Taisei Ichikawa) game: 30-0
2026-02-26T04:27:42.738Z  (serving: Taisei Ichikawa) game: 40-0
2026-02-26T04:28:18.369Z  (serving: Shinji Hazawa) sets: 5-7,7-6,4-3, game: 0-0, serving: P1
2026-02-26T04:30:12.470Z  (serving: Shinji Hazawa) game: 15-0
2026-02-26T04:31:11.104Z  (serving: Shinji Hazawa) game: 15-15
2026-02-26T04:31:53.065Z  (serving: Shinji Hazawa) game: 15-30
2026-02-26T04:32:21.477Z  (serving: Shinji Hazawa) game: 15-40
2026-02-26T04:32:59.360Z  (serving: Shinji Hazawa) game: 30-40
2026-02-26T04:33:30.101Z  (serving: Shinji Hazawa) game: 40-40
2026-02-26T04:34:08.815Z  (serving: Shinji Hazawa) game: 40-A
2026-02-26T04:34:35.424Z  (serving: Shinji Hazawa) game: 40-40
2026-02-26T04:35:08.799Z  (serving: Shinji Hazawa) game: A-40
2026-02-26T04:35:37.662Z  (serving: Shinji Hazawa) game: 40-40
2026-02-26T04:36:17.440Z  (serving: Shinji Hazawa) game: A-40
2026-02-26T04:37:17.878Z  (serving: Taisei Ichikawa) sets: 5-7,7-6,5-3, game: 0-0, serving: P2
2026-02-26T04:38:13.347Z  (serving: Taisei Ichikawa) game: 0-15
2026-02-26T04:38:56.196Z  (serving: Taisei Ichikawa) game: 0-30
2026-02-26T04:39:29.570Z  (serving: Taisei Ichikawa) game: 15-30
2026-02-26T04:39:53.473Z  (serving: Taisei Ichikawa) game: 15-40
2026-02-26T04:40:29.102Z  (serving: Taisei Ichikawa) game: 30-40
2026-02-26T04:41:06.989Z  (serving: Shinji Hazawa) sets: 5-7,7-6,5-4, game: 0-0, serving: P1
2026-02-26T04:42:48.466Z  (serving: Shinji Hazawa) game: 15-0
2026-02-26T04:43:17.782Z  (serving: Shinji Hazawa) game: 30-0
2026-02-26T04:43:41.235Z  (serving: Shinji Hazawa) game: 40-0
2026-02-26T04:44:30.844Z  (serving: Shinji Hazawa) game: 40-15
2026-02-26T04:45:05.576Z  (serving: Shinji Hazawa) sets: 5-7,7-6,6-4, game: 0-0
