2026-02-26T06:41:50.297Z  (serving: Simes/Swarbrick) game: 40-40
2026-02-26T06:42:19.156Z  (serving: Kobayashi/Sato) sets: 2-4, game: 0-0, serving: P2
2026-02-26T06:43:24.098Z  (serving: Kobayashi/Sato) game: 15-0
2026-02-26T06:44:19.119Z  (serving: Kobayashi/Sato) game: 15-15
2026-02-26T06:44:50.240Z  (serving: Kobayashi/Sato) game: 15-30
2026-02-26T06:45:36.243Z  (serving: Kobayashi/Sato) game: 15-40
2026-02-26T06:46:25.403Z  (serving: Kobayashi/Sato) game: 30-40
2026-02-26T06:47:38.014Z  (serving: Simes/Swarbrick) sets: 2-5, game: 0-0, serving: P1
2026-02-26T06:49:46.102Z  (serving: Simes/Swarbrick) game: 0-15
2026-02-26T06:50:33.005Z  (serving: Simes/Swarbrick) game: 15-15
2026-02-26T06:51:37.049Z  (serving: Simes/Swarbrick) game: 15-30
2026-02-26T06:52:18.091Z  (serving: Simes/Swarbrick) game: 15-40
2026-02-26T06:53:09.054Z  (serving: Kobayashi/Sato) sets: 2-6,0-0, game: 0-0, serving: P2
2026-02-26T06:53:38.821Z  (serving: Kobayashi/Sato) game: 15-0
2026-02-26T06:54:19.861Z  (serving: Kobayashi/Sato) game: 0-0
2026-02-26T06:54:37.451Z  (serving: Simes/Swarbrick) sets: 2-5, game: 15-40, serving: P1
2026-02-26T06:54:43.313Z  (serving: Kobayashi/Sato) sets: 2-6,0-0, game: 0-0, serving: P2
2026-02-26T06:55:39.239Z  (serving: Kobayashi/Sato) game: 0-15
2026-02-26T06:56:09.906Z  (serving: Kobayashi/Sato) game: 0-30
2026-02-26T06:56:39.676Z  (serving: Kobayashi/Sato) game: 15-30
2026-02-26T06:57:08.988Z  (serving: Kobayashi/Sato) game: 15-40
2026-02-26T06:57:30.635Z  (serving: Simes/Swarbrick) sets: 2-6,0-1, game: 0-0, serving: P1
2026-02-26T06:58:54.973Z  (serving: Simes/Swarbrick) game: 0-15
2026-02-26T06:59:28.348Z  (serving: Simes/Swarbrick) game: 0-30
2026-02-26T06:59:55.861Z  (serving: Simes/Swarbrick) game: 15-30
2026-02-26T07:00:40.606Z  (serving: Simes/Swarbrick) game: 30-30
2026-02-26T07:01:48.715Z  (serving: Simes/Swarbrick) game: 40-30
2026-02-26T07:01:52.766Z  (serving: Kobayashi/Sato) sets: 2-6,1-1, game: 0-0, serving: P2
2026-02-26T07:02:30.198Z  (serving: Kobayashi/Sato) game: 0-15
2026-02-26T07:03:03.573Z  (serving: Kobayashi/Sato) game: 15-15
2026-02-26T07:03:54.536Z  (serving: Kobayashi/Sato) game: 30-15
2026-02-26T07:04:35.128Z  (serving: Kobayashi/Sato) game: 40-15
2026-02-26T07:05:19.326Z  (serving: Simes/Swarbrick) sets: 2-6,2-1, game: 0-0, serving: P1
2026-02-26T07:07:32.818Z  (serving: Simes/Swarbrick) game: 0-15
2026-02-26T07:08:05.290Z  (serving: Simes/Swarbrick) game: 0-30
2026-02-26T07:08:45.431Z  (serving: Simes/Swarbrick) game: 15-30
2026-02-26T07:09:16.099Z  (serving: Simes/Swarbrick) game: 15-40
2026-02-26T07:10:11.325Z  (serving: Kobayashi/Sato) sets: 2-6,2-2, game: 0-0, serving: P2
2026-02-26T07:11:10.382Z  (serving: Kobayashi/Sato) game: 0-15
2026-02-26T07:11:37.892Z  (serving: Kobayashi/Sato) game: 0-30
2026-02-26T07:12:15.326Z  (serving: Kobayashi/Sato) game: 0-40
2026-02-26T07:13:00.430Z  (serving: Simes/Swarbrick) sets: 2-6,2-3, game: 0-0, serving: P1
2026-02-26T07:14:43.255Z  (serving: Simes/Swarbrick) game: 15-0
2026-02-26T07:15:19.345Z  (serving: Simes/Swarbrick) game: 30-0
2026-02-26T07:15:55.867Z  (serving: Simes/Swarbrick) game: 30-15
2026-02-26T07:16:58.556Z  (serving: Simes/Swarbrick) game: 40-15
2026-02-26T07:17:37.793Z  (serving: Simes/Swarbrick) game: 40-30
2026-02-26T07:17:43.657Z  (serving: Simes/Swarbrick) game: 40-15
2026-02-26T07:17:45.461Z  (serving: Simes/Swarbrick) game: 30-15
2026-02-26T07:17:48.170Z  (serving: Simes/Swarbrick) game: 30-30
2026-02-26T07:17:49.520Z  (serving: Simes/Swarbrick) game: 30-40
2026-02-26T07:18:10.724Z  (serving: Simes/Swarbrick) game: 40-40
2026-02-26T07:19:25.585Z  (serving: Kobayashi/Sato) sets: 2-6,3-3, game: 0-0, serving: P2
2026-02-26T07:19:58.149Z  (serving: Kobayashi/Sato) game: 0-15
2026-02-26T07:20:40.000Z  (serving: Kobayashi/Sato) game: 15-15
2026-02-26T07:21:21.492Z  (serving: Kobayashi/Sato) game: 30-15
2026-02-26T07:22:04.793Z  (serving: Kobayashi/Sato) game: 30-30
2026-02-26T07:23:00.333Z  (serving: Kobayashi/Sato) game: 40-30
2026-02-26T07:24:08.820Z  (serving: Simes/Swarbrick) sets: 2-6,4-3, game: 0-0, serving: P1
2026-02-26T07:26:02.468Z  (serving: Simes/Swarbrick) game: 15-0
2026-02-26T07:26:48.928Z  (serving: Simes/Swarbrick) game: 15-15
2026-02-26T07:27:38.098Z  (serving: Simes/Swarbrick) game: 15-30
2026-02-26T07:28:29.046Z  (serving: Simes/Swarbrick) game: 15-40
2026-02-26T07:29:11.529Z  (serving: Simes/Swarbrick) game: 30-40
2026-02-26T07:29:58.341Z  (serving: Kobayashi/Sato) sets: 2-6,4-4, game: 0-0, serving: P2
2026-02-26T07:31:02.834Z  (serving: Kobayashi/Sato) game: 15-0
2026-02-26T07:31:30.806Z  (serving: Kobayashi/Sato) game: 15-15
2026-02-26T07:32:02.368Z  (serving: Kobayashi/Sato) game: 15-30
2026-02-26T07:32:49.852Z  (serving: Kobayashi/Sato) game: 15-40
2026-02-26T07:33:37.981Z  (serving: Kobayashi/Sato) game: 30-40
2026-02-26T07:34:21.728Z  (serving: Simes/Swarbrick) sets: 2-6,4-5, game: 0-0, serving: P1
2026-02-26T07:35:57.784Z  (serving: Simes/Swarbrick) game: 0-15
2026-02-26T07:36:38.828Z  (serving: Simes/Swarbrick) game: 15-15
2026-02-26T07:37:08.590Z  (serving: Simes/Swarbrick) game: 30-15
2026-02-26T07:37:54.144Z  (serving: Simes/Swarbrick) game: 30-30
2026-02-26T07:38:41.500Z  (serving: Simes/Swarbrick) game: 30-40
2026-02-26T07:39:29.709Z  (serving: Simes/Swarbrick) game: 40-40
2026-02-26T07:40:33.302Z  (serving: Simes/Swarbrick) sets: 2-6,4-6, game: 0-0
