2026-02-26T06:06:03.619Z  (serving: Polina Kuharenko) game: 0-40
2026-02-26T06:06:31.525Z  (serving: Sofiia Suslova) sets: 0-4, game: 0-0, serving: P1
2026-02-26T06:07:12.630Z  (serving: Sofiia Suslova) game: 0-15
2026-02-26T06:07:43.691Z  (serving: Sofiia Suslova) game: 0-30
2026-02-26T06:08:15.309Z  (serving: Sofiia Suslova) game: 0-40
2026-02-26T06:08:54.523Z  (serving: Polina Kuharenko) sets: 0-5, game: 0-0, serving: P2
2026-02-26T06:10:45.651Z  (serving: Polina Kuharenko) game: 0-15
2026-02-26T06:11:15.416Z  (serving: Polina Kuharenko) game: 0-30
2026-02-26T06:11:35.299Z  (serving: Polina Kuharenko) game: 0-40
2026-02-26T06:13:18.090Z  (serving: Sofiia Suslova) sets: 0-6,0-0, game: 0-0, serving: P1
2026-02-26T06:18:29.749Z  (serving: Sofiia Suslova) game: 15-0
2026-02-26T06:18:53.636Z  (serving: Sofiia Suslova) game: 15-15
2026-02-26T06:19:31.068Z  (serving: Sofiia Suslova) game: 15-30
2026-02-26T06:20:01.741Z  (serving: Sofiia Suslova) game: 15-40
2026-02-26T06:20:14.377Z  (serving: Sofiia Suslova) game: 30-40
2026-02-26T06:21:03.543Z  (serving: Polina Kuharenko) sets: 0-6,0-1, game: 0-0, serving: P2
2026-02-26T06:23:09.364Z  (serving: Polina Kuharenko) game: 15-0
2026-02-26T06:23:39.574Z  (serving: Polina Kuharenko) game: 15-15
2026-02-26T06:24:39.102Z  (serving: Polina Kuharenko) game: 30-15
2026-02-26T06:25:28.739Z  (serving: Polina Kuharenko) game: 40-15
2026-02-26T06:26:01.703Z  (serving: Polina Kuharenko) game: 40-30
2026-02-26T06:26:36.361Z  (serving: Polina Kuharenko) game: 40-40
2026-02-26T06:27:20.142Z  (serving: Polina Kuharenko) game: 40-A
2026-02-26T06:27:35.443Z  (serving: Sofiia Suslova) sets: 0-6,0-2, game: 0-0, serving: P1
2026-02-26T06:28:06.634Z  (serving: Sofiia Suslova) game: 15-0
2026-02-26T06:28:40.415Z  (serving: Sofiia Suslova) game: 15-15
2026-02-26T06:29:07.929Z  (serving: Sofiia Suslova) game: 30-15
2026-02-26T06:29:35.438Z  (serving: Sofiia Suslova) game: 30-30
2026-02-26T06:30:12.465Z  (serving: Sofiia Suslova) game: 40-30
2026-02-26T06:30:29.568Z  (serving: Polina Kuharenko) sets: 0-6,1-2, game: 0-0, serving: P2
2026-02-26T06:32:17.800Z  (serving: Polina Kuharenko) game: 0-15
2026-02-26T06:32:42.635Z  (serving: Polina Kuharenko) game: 0-30
2026-02-26T06:33:15.528Z  (serving: Polina Kuharenko) game: 0-40
2026-02-26T06:34:03.335Z  (serving: Polina Kuharenko) game: 15-40
2026-02-26T06:41:38.562Z  (serving: Sofiia Suslova) sets: 0-6,1-5, game: 0-0, serving: P1
2026-02-26T06:42:37.643Z  (serving: Sofiia Suslova) game: 15-0
2026-02-26T06:43:11.019Z  (serving: Sofiia Suslova) game: 15-15
2026-02-26T06:43:43.494Z  (serving: Sofiia Suslova) game: 15-30
2026-02-26T06:44:01.981Z  (serving: Sofiia Suslova) game: 15-40
2026-02-26T06:44:30.396Z  (serving: Sofiia Suslova) sets: 0-6,1-6, game: 0-0
