2026-02-26T06:07:11.307Z  (serving: Nagata/Yoshioka) game: 0-15
2026-02-26T06:07:14.376Z  (serving: Nagata/Yoshioka) game: 0-30
2026-02-26T06:08:46.841Z  (serving: Nagata/Yoshioka) game: 0-40
2026-02-26T06:08:49.538Z  (serving: Stevens/Thompson) sets: 1-3, game: 0-0, serving: P1
2026-02-26T06:09:08.550Z  (serving: Stevens/Thompson) game: 15-0
2026-02-26T06:09:31.282Z  (serving: Stevens/Thompson) game: 30-0
2026-02-26T06:09:35.745Z  (serving: Stevens/Thompson) game: 30-15
2026-02-26T06:09:43.469Z  (serving: Stevens/Thompson) game: 30-0
2026-02-26T06:09:46.129Z  (serving: Stevens/Thompson) game: 15-0
2026-02-26T06:09:47.927Z  (serving: Stevens/Thompson) game: 15-15
2026-02-26T06:10:57.831Z  (serving: Stevens/Thompson) game: 30-15
2026-02-26T06:11:00.082Z  (serving: Stevens/Thompson) game: 30-30
2026-02-26T06:13:33.701Z  (serving: Stevens/Thompson) game: 30-40
2026-02-26T06:14:07.256Z  (serving: Nagata/Yoshioka) sets: 1-4, game: 0-0, serving: P2
2026-02-26T06:14:26.642Z  (serving: Nagata/Yoshioka) game: 15-0
2026-02-26T06:14:52.348Z  (serving: Nagata/Yoshioka) game: 30-0
2026-02-26T06:15:25.290Z  (serving: Nagata/Yoshioka) game: 30-15
2026-02-26T06:25:37.741Z  (serving: Nagata/Yoshioka) game: 40-15
2026-02-26T06:25:39.584Z  (serving: Nagata/Yoshioka) game: 40-30
2026-02-26T06:25:41.837Z  (serving: Stevens/Thompson) sets: 2-4, game: 0-0, serving: P1
2026-02-26T06:25:48.555Z  (serving: Stevens/Thompson) game: 0-15
2026-02-26T06:25:49.918Z  (serving: Stevens/Thompson) game: 15-15
2026-02-26T06:25:53.968Z  (serving: Stevens/Thompson) game: 30-15
2026-02-26T06:25:55.354Z  (serving: Stevens/Thompson) game: 30-30
2026-02-26T06:25:56.674Z  (serving: Stevens/Thompson) game: 40-30
2026-02-26T06:25:58.477Z  (serving: Stevens/Thompson) game: 40-40
2026-02-26T06:26:03.034Z  (serving: Nagata/Yoshioka) sets: 2-5, game: 0-0, serving: P2
2026-02-26T06:26:08.876Z  (serving: Nagata/Yoshioka) game: 15-0
2026-02-26T06:26:10.231Z  (serving: Nagata/Yoshioka) game: 15-15
2026-02-26T06:26:12.046Z  (serving: Nagata/Yoshioka) game: 15-30
2026-02-26T06:26:17.422Z  (serving: Nagata/Yoshioka) game: 30-30
2026-02-26T06:26:18.773Z  (serving: Nagata/Yoshioka) game: 40-30
2026-02-26T06:26:20.125Z  (serving: Nagata/Yoshioka) game: 40-40
2026-02-26T06:26:58.461Z  (serving: Stevens/Thompson) sets: 2-6,0-0, game: 0-0, serving: P1
2026-02-26T06:28:58.907Z  (serving: Stevens/Thompson) game: 15-0
2026-02-26T06:29:47.631Z  (serving: Stevens/Thompson) game: 15-15
2026-02-26T06:30:16.938Z  (serving: Stevens/Thompson) game: 30-15
2026-02-26T06:30:45.797Z  (serving: Stevens/Thompson) game: 40-15
2026-02-26T06:31:26.848Z  (serving: Stevens/Thompson) game: 40-30
2026-02-26T06:32:02.916Z  (serving: Stevens/Thompson) game: 40-40
2026-02-26T06:33:06.964Z  (serving: Nagata/Yoshioka) sets: 2-6,0-1, game: 0-0, serving: P2
2026-02-26T06:41:17.826Z  (serving: Stevens/Thompson) game: 40-0
2026-02-26T06:41:19.199Z  (serving: Stevens/Thompson) game: 40-15
2026-02-26T06:41:20.971Z  (serving: Stevens/Thompson) game: 40-30
2026-02-26T06:41:22.324Z  (serving: Stevens/Thompson) game: 40-40
2026-02-26T06:41:29.541Z  (serving: Nagata/Yoshioka) sets: 2-6,1-2, game: 0-0, serving: P2
2026-02-26T06:42:13.289Z  (serving: Nagata/Yoshioka) game: 15-0
2026-02-26T06:42:47.115Z  (serving: Nagata/Yoshioka) game: 15-15
2026-02-26T06:43:24.098Z  (serving: Nagata/Yoshioka) game: 30-15
2026-02-26T06:43:59.276Z  (serving: Nagata/Yoshioka) game: 30-30
2026-02-26T06:44:24.531Z  (serving: Nagata/Yoshioka) game: 30-40
2026-02-26T06:45:03.321Z  (serving: Nagata/Yoshioka) game: 40-40
2026-02-26T06:45:35.340Z  (serving: Stevens/Thompson) sets: 2-6,1-3, game: 0-0, serving: P1
2026-02-26T06:46:22.697Z  (serving: Stevens/Thompson) game: 15-0
2026-02-26T06:46:56.071Z  (serving: Stevens/Thompson) game: 30-0
2026-02-26T06:47:36.663Z  (serving: Stevens/Thompson) game: 40-0
2026-02-26T06:48:32.596Z  (serving: Stevens/Thompson) game: 40-15
2026-02-26T06:49:13.630Z  (serving: Stevens/Thompson) game: 40-30
2026-02-26T06:50:00.533Z  (serving: Nagata/Yoshioka) sets: 2-6,2-3, game: 0-0, serving: P2
2026-02-26T06:52:13.130Z  (serving: Nagata/Yoshioka) game: 15-0
2026-02-26T06:58:02.206Z  (serving: Nagata/Yoshioka) game: 30-0
2026-02-26T06:58:03.559Z  (serving: Nagata/Yoshioka) game: 40-0
2026-02-26T06:58:05.364Z  (serving: Nagata/Yoshioka) game: 40-15
2026-02-26T06:58:06.265Z  (serving: Nagata/Yoshioka) game: 40-30
2026-02-26T06:58:08.524Z  (serving: Nagata/Yoshioka) game: 40-40
2026-02-26T06:58:11.226Z  (serving: Stevens/Thompson) sets: 2-6,3-3, game: 0-0, serving: P1
2026-02-26T06:58:16.639Z  (serving: Stevens/Thompson) game: 0-15
2026-02-26T06:58:18.444Z  (serving: Stevens/Thompson) game: 0-30
2026-02-26T06:58:19.808Z  (serving: Stevens/Thompson) game: 15-30
2026-02-26T06:58:27.913Z  (serving: Stevens/Thompson) game: 30-30
2026-02-26T06:58:55.425Z  (serving: Stevens/Thompson) game: 40-30
2026-02-26T06:59:40.527Z  (serving: Stevens/Thompson) game: 40-40
2026-02-26T07:00:11.643Z  (serving: Nagata/Yoshioka) sets: 2-6,3-4, game: 0-0, serving: P2
2026-02-26T07:02:29.296Z  (serving: Nagata/Yoshioka) game: 0-15
2026-02-26T07:02:34.711Z  (serving: Nagata/Yoshioka) game: 0-30
2026-02-26T07:02:39.219Z  (serving: Nagata/Yoshioka) game: 0-40
