2026-02-26T04:08:14.200Z  (serving: Tejasvi Dabas) game: 15-0
2026-02-26T04:08:43.045Z  (serving: Tejasvi Dabas) game: 15-15
2026-02-26T04:09:19.583Z  (serving: Tejasvi Dabas) game: 15-30
2026-02-26T04:09:38.967Z  (serving: Tejasvi Dabas) game: 30-30
2026-02-26T04:10:01.545Z  (serving: Tejasvi Dabas) game: 30-40
2026-02-26T04:10:32.682Z  (serving: Tejasvi Dabas) game: 40-40
2026-02-26T04:11:08.717Z  (serving: Tejasvi Dabas) game: 40-A
2026-02-26T04:11:49.308Z  (serving: Jasmijn Gimbrere) sets: 0-1, game: 0-0, serving: P2
2026-02-26T04:13:53.787Z  (serving: Jasmijn Gimbrere) game: 15-0
2026-02-26T04:14:28.514Z  (serving: Jasmijn Gimbrere) game: 15-15
2026-02-26T04:15:15.416Z  (serving: Jasmijn Gimbrere) game: 15-30
2026-02-26T04:15:40.672Z  (serving: Jasmijn Gimbrere) game: 15-40
2026-02-26T04:16:08.634Z  (serving: Tejasvi Dabas) sets: 0-2, game: 0-0, serving: P1
2026-02-26T04:16:59.149Z  (serving: Tejasvi Dabas) game: 15-0
2026-02-26T04:17:41.121Z  (serving: Tejasvi Dabas) game: 15-15
2026-02-26T04:18:09.956Z  (serving: Tejasvi Dabas) game: 15-30
2026-02-26T04:19:25.737Z  (serving: Tejasvi Dabas) game: 15-40
2026-02-26T04:20:09.481Z  (serving: Tejasvi Dabas) game: 30-40
2026-02-26T04:20:48.264Z  (serving: Jasmijn Gimbrere) sets: 0-3, game: 0-0, serving: P2
2026-02-26T04:22:46.082Z  (serving: Jasmijn Gimbrere) game: 15-0
2026-02-26T04:23:10.332Z  (serving: Jasmijn Gimbrere) game: 15-15
2026-02-26T04:24:08.514Z  (serving: Jasmijn Gimbrere) game: 30-15
2026-02-26T04:24:47.748Z  (serving: Jasmijn Gimbrere) game: 40-15
2026-02-26T04:25:17.064Z  (serving: Jasmijn Gimbrere) game: 40-30
2026-02-26T04:25:59.003Z  (serving: Tejasvi Dabas) sets: 1-3, game: 0-0, serving: P1
2026-02-26T04:26:35.535Z  (serving: Tejasvi Dabas) game: 0-15
2026-02-26T04:27:11.166Z  (serving: Tejasvi Dabas) game: 0-30
2026-02-26T04:27:45.895Z  (serving: Tejasvi Dabas) game: 15-30
2026-02-26T04:28:38.662Z  (serving: Tejasvi Dabas) game: 15-40
2026-02-26T04:29:22.858Z  (serving: Tejasvi Dabas) game: 30-40
2026-02-26T04:30:15.630Z  (serving: Jasmijn Gimbrere) sets: 1-4, game: 0-0, serving: P2
2026-02-26T04:32:35.456Z  (serving: Jasmijn Gimbrere) game: 0-15
2026-02-26T04:33:11.536Z  (serving: Jasmijn Gimbrere) game: 0-30
2026-02-26T04:33:40.945Z  (serving: Jasmijn Gimbrere) game: 0-40
2026-02-26T04:34:06.108Z  (serving: Tejasvi Dabas) sets: 1-5, game: 0-0, serving: P1
2026-02-26T04:35:12.862Z  (serving: Tejasvi Dabas) game: 15-0
2026-02-26T04:35:47.675Z  (serving: Tejasvi Dabas) game: 30-0
2026-02-26T04:36:35.029Z  (serving: Tejasvi Dabas) game: 30-15
2026-02-26T04:37:23.296Z  (serving: Tejasvi Dabas) game: 30-30
2026-02-26T04:37:55.313Z  (serving: Tejasvi Dabas) game: 40-30
2026-02-26T04:38:43.568Z  (serving: Tejasvi Dabas) game: 40-40
2026-02-26T04:39:33.639Z  (serving: Tejasvi Dabas) game: 40-A
2026-02-26T04:39:44.906Z  (serving: Jasmijn Gimbrere) sets: 1-6,0-0, game: 0-0, serving: P2
2026-02-26T04:42:26.368Z  (serving: Jasmijn Gimbrere) game: 15-0
2026-02-26T04:42:57.938Z  (serving: Jasmijn Gimbrere) game: 15-15
2026-02-26T04:43:26.801Z  (serving: Jasmijn Gimbrere) game: 15-30
2026-02-26T04:43:45.746Z  (serving: Jasmijn Gimbrere) game: 15-40
2026-02-26T04:44:49.800Z  (serving: Jasmijn Gimbrere) game: 30-40
2026-02-26T04:45:42.566Z  (serving: Tejasvi Dabas) sets: 1-6,0-1, game: 0-0, serving: P1
2026-02-26T04:47:09.153Z  (serving: Tejasvi Dabas) game: 15-0
2026-02-26T04:47:48.400Z  (serving: Tejasvi Dabas) game: 30-0
2026-02-26T04:48:14.549Z  (serving: Tejasvi Dabas) game: 30-15
2026-02-26T04:48:42.966Z  (serving: Tejasvi Dabas) game: 30-30
2026-02-26T04:49:10.926Z  (serving: Tejasvi Dabas) game: 30-40
2026-02-26T04:50:38.422Z  (serving: Jasmijn Gimbrere) sets: 1-6,0-2, game: 0-0, serving: P2
2026-02-26T04:51:29.918Z  (serving: Jasmijn Gimbrere) game: 15-0
2026-02-26T04:52:00.058Z  (serving: Jasmijn Gimbrere) game: 30-0
2026-02-26T04:52:45.154Z  (serving: Jasmijn Gimbrere) game: 30-15
2026-02-26T04:53:37.924Z  (serving: Jasmijn Gimbrere) game: 40-15
2026-02-26T04:54:10.393Z  (serving: Jasmijn Gimbrere) game: 40-30
2026-02-26T04:54:48.280Z  (serving: Tejasvi Dabas) sets: 1-6,1-2, game: 0-0, serving: P1
2026-02-26T04:56:56.815Z  (serving: Tejasvi Dabas) game: 0-15
2026-02-26T04:57:45.530Z  (serving: Tejasvi Dabas) game: 0-30
2026-02-26T04:58:27.470Z  (serving: Tejasvi Dabas) game: 0-40
2026-02-26T04:59:17.528Z  (serving: Tejasvi Dabas) game: 15-40
2026-02-26T04:59:32.024Z  (serving: Jasmijn Gimbrere) sets: 1-6,1-3, game: 0-0, serving: P2
2026-02-26T05:00:13.916Z  (serving: Jasmijn Gimbrere) game: 0-15
2026-02-26T05:00:31.052Z  (serving: Jasmijn Gimbrere) game: 0-30
2026-02-26T05:01:09.834Z  (serving: Jasmijn Gimbrere) game: 0-40
2026-02-26T05:01:45.463Z  (serving: Tejasvi Dabas) sets: 1-6,1-4, game: 0-0, serving: P1
2026-02-26T05:03:15.664Z  (serving: Tejasvi Dabas) game: 0-15
2026-02-26T05:03:29.195Z  (serving: Tejasvi Dabas) game: 0-30
2026-02-26T05:03:55.802Z  (serving: Tejasvi Dabas) game: 15-30
2026-02-26T05:04:16.130Z  (serving: Tejasvi Dabas) game: 30-30
2026-02-26T05:04:37.746Z  (serving: Tejasvi Dabas) game: 30-40
2026-02-26T05:04:56.238Z  (serving: Jasmijn Gimbrere) sets: 1-6,1-5, game: 0-0, serving: P2
2026-02-26T05:05:27.360Z  (serving: Jasmijn Gimbrere) game: 0-15
2026-02-26T05:05:50.879Z  (serving: Jasmijn Gimbrere) game: 0-30
2026-02-26T05:06:17.932Z  (serving: Jasmijn Gimbrere) game: 0-40
2026-02-26T05:06:59.424Z  (serving: Jasmijn Gimbrere) sets: 1-6,1-6, game: 0-0
