2026-02-26T06:41:31.799Z  (serving: Sofia Martianova) game: 15-40
2026-02-26T06:42:17.358Z  (serving: Sofia Martianova) game: 30-40
2026-02-26T06:42:56.592Z  (serving: Thasaporn Naklo) sets: 1-1, game: 0-0, serving: P1
2026-02-26T06:43:43.044Z  (serving: Thasaporn Naklo) game: 0-15
2026-02-26T06:44:05.138Z  (serving: Thasaporn Naklo) game: 15-15
2026-02-26T06:44:34.906Z  (serving: Thasaporn Naklo) game: 30-15
2026-02-26T06:45:05.576Z  (serving: Thasaporn Naklo) game: 40-15
2026-02-26T06:45:31.732Z  (serving: Sofia Martianova) sets: 2-1, game: 0-0, serving: P2
2026-02-26T06:47:50.645Z  (serving: Sofia Martianova) game: 15-0
2026-02-26T06:48:13.647Z  (serving: Sofia Martianova) game: 15-15
2026-02-26T06:49:03.262Z  (serving: Sofia Martianova) game: 15-30
2026-02-26T06:49:43.413Z  (serving: Sofia Martianova) game: 30-30
2026-02-26T06:50:18.123Z  (serving: Sofia Martianova) game: 40-30
2026-02-26T06:50:55.558Z  (serving: Thasaporn Naklo) sets: 3-1, game: 0-0, serving: P1
2026-02-26T06:51:49.676Z  (serving: Thasaporn Naklo) game: 15-0
2026-02-26T06:52:03.656Z  (serving: Thasaporn Naklo) game: 30-0
2026-02-26T06:52:45.602Z  (serving: Thasaporn Naklo) game: 30-15
2026-02-26T06:53:37.467Z  (serving: Thasaporn Naklo) game: 40-15
2026-02-26T06:54:28.430Z  (serving: Sofia Martianova) sets: 4-1, game: 0-0, serving: P2
2026-02-26T06:55:21.198Z  (serving: Thasaporn Naklo) sets: 3-1, game: 40-15, serving: P1
2026-02-26T06:55:36.083Z  (serving: Thasaporn Naklo) game: 40-30
2026-02-26T06:56:32.010Z  (serving: Thasaporn Naklo) game: 40-40
2026-02-26T06:57:07.634Z  (serving: Thasaporn Naklo) game: A-40
2026-02-26T06:57:54.991Z  (serving: Thasaporn Naklo) game: 40-40
2026-02-26T06:58:38.286Z  (serving: Thasaporn Naklo) game: A-40
2026-02-26T06:59:36.466Z  (serving: Thasaporn Naklo) game: 40-40
2026-02-26T07:00:49.625Z  (serving: Thasaporn Naklo) game: 40-A
2026-02-26T07:01:29.313Z  (serving: Sofia Martianova) sets: 3-2, game: 0-0, serving: P2
2026-02-26T07:03:42.359Z  (serving: Sofia Martianova) game: 15-0
2026-02-26T07:04:24.304Z  (serving: Sofia Martianova) game: 30-0
2026-02-26T07:05:02.188Z  (serving: Sofia Martianova) game: 40-0
2026-02-26T07:05:53.159Z  (serving: Sofia Martianova) game: 40-15
2026-02-26T07:06:30.130Z  (serving: Sofia Martianova) game: 40-30
2026-02-26T07:07:28.759Z  (serving: Sofia Martianova) game: 40-40
2026-02-26T07:08:07.545Z  (serving: Sofia Martianova) game: A-40
2026-02-26T07:08:49.488Z  (serving: Thasaporn Naklo) sets: 4-2, game: 0-0, serving: P1
2026-02-26T07:09:51.908Z  (serving: Thasaporn Naklo) game: 0-15
2026-02-26T07:10:16.712Z  (serving: Thasaporn Naklo) game: 15-15
2026-02-26T07:10:50.997Z  (serving: Thasaporn Naklo) game: 15-30
2026-02-26T07:11:36.089Z  (serving: Thasaporn Naklo) game: 30-30
2026-02-26T07:12:21.190Z  (serving: Thasaporn Naklo) game: 30-40
2026-02-26T07:12:41.033Z  (serving: Thasaporn Naklo) game: 40-40
2026-02-26T07:13:13.958Z  (serving: Thasaporn Naklo) game: A-40
2026-02-26T07:13:51.843Z  (serving: Thasaporn Naklo) game: 40-40
2026-02-26T07:14:40.098Z  (serving: Thasaporn Naklo) game: 40-A
2026-02-26T07:15:23.845Z  (serving: Thasaporn Naklo) game: 40-40
2026-02-26T07:16:25.632Z  (serving: Thasaporn Naklo) game: A-40
2026-02-26T07:17:11.636Z  (serving: Sofia Martianova) sets: 5-2, game: 0-0, serving: P2
2026-02-26T07:19:32.351Z  (serving: Sofia Martianova) game: 15-0
2026-02-26T07:20:13.393Z  (serving: Sofia Martianova) game: 30-0
2026-02-26T07:20:46.313Z  (serving: Sofia Martianova) game: 30-15
2026-02-26T07:21:14.277Z  (serving: Sofia Martianova) game: 30-30
2026-02-26T07:21:45.846Z  (serving: Sofia Martianova) game: 40-30
2026-02-26T07:22:39.066Z  (serving: Thasaporn Naklo) sets: 6-2,0-0, game: 0-0, serving: P1
2026-02-26T07:28:11.930Z  (serving: Thasaporn Naklo) game: 15-0
2026-02-26T07:28:55.727Z  (serving: Thasaporn Naklo) game: 15-15
2026-02-26T07:29:53.380Z  (serving: Thasaporn Naklo) game: 15-30
2026-02-26T07:30:38.931Z  (serving: Thasaporn Naklo) game: 30-30
2026-02-26T07:31:11.403Z  (serving: Thasaporn Naklo) game: 30-40
2026-02-26T07:31:42.075Z  (serving: Thasaporn Naklo) game: 40-40
2026-02-26T07:32:10.034Z  (serving: Thasaporn Naklo) game: A-40
2026-02-26T07:32:36.195Z  (serving: Sofia Martianova) sets: 6-2,1-0, game: 0-0, serving: P2
2026-02-26T07:34:26.237Z  (serving: Sofia Martianova) game: 15-0
2026-02-26T07:34:58.710Z  (serving: Sofia Martianova) game: 30-0
2026-02-26T07:35:41.548Z  (serving: Sofia Martianova) game: 40-0
2026-02-26T07:36:14.470Z  (serving: Thasaporn Naklo) sets: 6-2,2-0, game: 0-0, serving: P1
2026-02-26T07:36:53.258Z  (serving: Thasaporn Naklo) game: 0-15
2026-02-26T07:37:30.689Z  (serving: Thasaporn Naklo) game: 0-30
2026-02-26T07:37:58.652Z  (serving: Thasaporn Naklo) game: 0-40
2026-02-26T07:38:41.500Z  (serving: Sofia Martianova) sets: 6-2,2-1, game: 0-0, serving: P2
2026-02-26T07:40:50.437Z  (serving: Sofia Martianova) game: 15-0
2026-02-26T07:41:40.046Z  (serving: Sofia Martianova) game: 15-15
2026-02-26T07:41:58.087Z  (serving: Sofia Martianova) game: 30-15
2026-02-26T07:42:42.736Z  (serving: Sofia Martianova) game: 40-15
2026-02-26T07:43:01.680Z  (serving: Sofia Martianova) game: 40-30
2026-02-26T07:43:53.092Z  (serving: Thasaporn Naklo) sets: 6-2,3-1, game: 0-0, serving: P1
2026-02-26T07:45:02.553Z  (serving: Thasaporn Naklo) game: 0-15
2026-02-26T07:45:38.177Z  (serving: Thasaporn Naklo) game: 15-15
2026-02-26T07:46:25.981Z  (serving: Thasaporn Naklo) game: 30-15
2026-02-26T07:46:58.456Z  (serving: Thasaporn Naklo) game: 30-30
2026-02-26T07:47:57.537Z  (serving: Thasaporn Naklo) game: 40-30
2026-02-26T07:48:44.892Z  (serving: Sofia Martianova) sets: 6-2,4-1, game: 0-0, serving: P2
2026-02-26T07:50:50.722Z  (serving: Sofia Martianova) game: 15-0
2026-02-26T07:51:20.937Z  (serving: Sofia Martianova) game: 15-15
2026-02-26T07:52:01.982Z  (serving: Sofia Martianova) game: 15-30
2026-02-26T07:52:38.510Z  (serving: Sofia Martianova) game: 15-40
2026-02-26T07:52:56.559Z  (serving: Thasaporn Naklo) sets: 6-2,4-2, game: 0-0, serving: P1
2026-02-26T07:53:35.337Z  (serving: Thasaporn Naklo) game: 15-0
2026-02-26T07:54:19.085Z  (serving: Thasaporn Naklo) game: 30-0
2026-02-26T07:55:04.637Z  (serving: Thasaporn Naklo) game: 30-15
2026-02-26T07:55:49.286Z  (serving: Thasaporn Naklo) game: 40-15
2026-02-26T07:56:27.170Z  (serving: Thasaporn Naklo) game: 40-30
2026-02-26T07:57:26.703Z  (serving: Thasaporn Naklo) game: 40-40
2026-02-26T07:57:56.921Z  (serving: Thasaporn Naklo) game: A-40
2026-02-26T07:58:20.822Z  (serving: Sofia Martianova) sets: 6-2,5-2, game: 0-0, serving: P2
2026-02-26T08:00:37.926Z  (serving: Sofia Martianova) game: 15-0
2026-02-26T08:01:52.344Z  (serving: Sofia Martianova) game: 30-0
2026-02-26T08:02:22.564Z  (serving: Sofia Martianova) game: 30-15
2026-02-26T08:03:01.344Z  (serving: Sofia Martianova) game: 30-30
2026-02-26T08:03:30.203Z  (serving: Sofia Martianova) game: 40-30
