2026-02-26T05:46:43.082Z  (serving: Valentin Vacherot) serving: P1
2026-02-26T05:52:09.604Z  (serving: Valentin Vacherot) game: 15-0
2026-02-26T05:52:38.552Z  (serving: Valentin Vacherot) game: 15-15
2026-02-26T05:52:59.665Z  (serving: Valentin Vacherot) game: 30-15
2026-02-26T05:53:21.786Z  (serving: Valentin Vacherot) game: 30-30
2026-02-26T05:53:47.981Z  (serving: Valentin Vacherot) game: 40-30
2026-02-26T05:54:24.950Z  (serving: Valentin Vacherot) game: 40-40
2026-02-26T05:54:58.282Z  (serving: Valentin Vacherot) game: A-40
2026-02-26T05:55:29.870Z  (serving: Valentin Vacherot) game: 40-40
2026-02-26T05:56:03.765Z  (serving: Valentin Vacherot) game: A-40
2026-02-26T05:56:38.889Z  (serving: Gael Monfils) sets: 1-0, game: 0-0, serving: P2
2026-02-26T05:58:14.020Z  (serving: Gael Monfils) game: 15-0
2026-02-26T05:58:35.731Z  (serving: Gael Monfils) game: 15-15
2026-02-26T05:58:59.164Z  (serving: Gael Monfils) game: 30-15
2026-02-26T05:59:28.866Z  (serving: Gael Monfils) game: 40-15
2026-02-26T05:59:56.381Z  (serving: Gael Monfils) game: 40-30
2026-02-26T06:00:20.282Z  (serving: Gael Monfils) game: 40-40
2026-02-26T06:00:37.464Z  (serving: Gael Monfils) game: 40-A
2026-02-26T06:01:16.275Z  (serving: Valentin Vacherot) sets: 1-1, game: 0-0, serving: P1
2026-02-26T06:01:58.669Z  (serving: Valentin Vacherot) game: 15-0
2026-02-26T06:02:18.024Z  (serving: Valentin Vacherot) game: 30-0
2026-02-26T06:02:36.485Z  (serving: Valentin Vacherot) game: 40-0
2026-02-26T06:03:02.192Z  (serving: Valentin Vacherot) game: 40-15
2026-02-26T06:03:30.165Z  (serving: Gael Monfils) sets: 2-1, game: 0-0, serving: P2
2026-02-26T06:05:41.907Z  (serving: Gael Monfils) game: 15-0
2026-02-26T06:06:13.042Z  (serving: Gael Monfils) game: 15-15
2026-02-26T06:06:50.113Z  (serving: Gael Monfils) game: 30-15
2026-02-26T06:07:25.714Z  (serving: Gael Monfils) game: 40-15
2026-02-26T06:07:50.910Z  (serving: Gael Monfils) game: 40-30
2026-02-26T06:08:17.142Z  (serving: Valentin Vacherot) sets: 3-1, game: 0-0, serving: P1
2026-02-26T06:09:42.511Z  (serving: Valentin Vacherot) game: 0-15
2026-02-26T06:10:12.734Z  (serving: Valentin Vacherot) game: 15-15
2026-02-26T06:10:46.556Z  (serving: Valentin Vacherot) game: 30-15
2026-02-26T06:11:06.413Z  (serving: Valentin Vacherot) game: 40-15
2026-02-26T06:11:25.355Z  (serving: Gael Monfils) sets: 4-1, game: 0-0, serving: P2
2026-02-26T06:13:27.730Z  (serving: Gael Monfils) game: 15-0
2026-02-26T06:13:44.700Z  (serving: Gael Monfils) game: 15-15
2026-02-26T06:14:00.941Z  (serving: Gael Monfils) game: 15-30
2026-02-26T06:14:43.407Z  (serving: Gael Monfils) game: 30-30
2026-02-26T06:15:05.429Z  (serving: Gael Monfils) game: 30-40
2026-02-26T06:15:34.771Z  (serving: Valentin Vacherot) sets: 4-2, game: 0-0, serving: P1
2026-02-26T06:16:09.927Z  (serving: Valentin Vacherot) game: 15-0
2026-02-26T06:16:36.081Z  (serving: Valentin Vacherot) game: 30-0
2026-02-26T06:17:23.889Z  (serving: Valentin Vacherot) game: 30-15
2026-02-26T06:18:00.418Z  (serving: Valentin Vacherot) game: 30-30
2026-02-26T06:18:26.577Z  (serving: Valentin Vacherot) game: 40-30
2026-02-26T06:18:51.383Z  (serving: Gael Monfils) sets: 5-2, game: 0-0, serving: P2
2026-02-26T06:21:18.419Z  (serving: Gael Monfils) game: 0-15
2026-02-26T06:21:34.653Z  (serving: Gael Monfils) game: 0-30
2026-02-26T06:22:04.440Z  (serving: Gael Monfils) game: 0-40
2026-02-26T06:22:26.970Z  (serving: Valentin Vacherot) sets: 5-3, game: 0-0, serving: P1
2026-02-26T06:23:00.332Z  (serving: Valentin Vacherot) game: 15-0
2026-02-26T06:23:20.639Z  (serving: Valentin Vacherot) game: 30-0
2026-02-26T06:23:54.930Z  (serving: Valentin Vacherot) game: 40-0
2026-02-26T06:24:17.979Z  (serving: Gael Monfils) sets: 6-3,0-0, game: 0-0, serving: P2
2026-02-26T06:26:52.602Z  (serving: Gael Monfils) game: 0-15
2026-02-26T06:27:08.381Z  (serving: Gael Monfils) game: 0-30
2026-02-26T06:27:32.331Z  (serving: Gael Monfils) game: 15-30
2026-02-26T06:28:04.775Z  (serving: Gael Monfils) game: 30-30
2026-02-26T06:28:35.905Z  (serving: Gael Monfils) game: 30-40
2026-02-26T06:29:05.236Z  (serving: Valentin Vacherot) sets: 6-3,0-1, game: 0-0, serving: P1
2026-02-26T06:30:14.229Z  (serving: Valentin Vacherot) game: 15-0
2026-02-26T06:30:48.969Z  (serving: Valentin Vacherot) game: 30-0
2026-02-26T06:31:12.855Z  (serving: Valentin Vacherot) game: 40-0
2026-02-26T06:31:36.308Z  (serving: Gael Monfils) sets: 6-3,1-1, game: 0-0, serving: P2
2026-02-26T06:32:15.112Z  (serving: Gael Monfils) game: 0-15
2026-02-26T06:32:35.840Z  (serving: Gael Monfils) game: 0-30
2026-02-26T06:33:07.931Z  (serving: Gael Monfils) game: 15-30
2026-02-26T06:33:44.899Z  (serving: Gael Monfils) game: 30-30
2026-02-26T06:41:27.285Z  (serving: Gael Monfils) game: 15-0
2026-02-26T06:42:03.818Z  (serving: Gael Monfils) game: 30-0
2026-02-26T06:42:33.620Z  (serving: Gael Monfils) game: 40-0
2026-02-26T06:43:22.293Z  (serving: Gael Monfils) game: 40-15
2026-02-26T06:43:49.353Z  (serving: Gael Monfils) game: 40-30
2026-02-26T06:44:25.433Z  (serving: Gael Monfils) game: 40-40
2026-02-26T06:44:46.632Z  (serving: Gael Monfils) game: A-40
2026-02-26T06:45:11.888Z  (serving: Gael Monfils) game: 40-40
2026-02-26T06:45:43.911Z  (serving: Gael Monfils) game: 40-A
2026-02-26T06:46:03.303Z  (serving: Valentin Vacherot) sets: 6-3,2-3, game: 0-0, serving: P1
2026-02-26T06:48:27.176Z  (serving: Valentin Vacherot) game: 15-0
2026-02-26T06:48:47.472Z  (serving: Valentin Vacherot) game: 30-0
2026-02-26T06:49:05.061Z  (serving: Valentin Vacherot) game: 40-0
2026-02-26T06:49:45.200Z  (serving: Gael Monfils) sets: 6-3,3-3, game: 0-0, serving: P2
2026-02-26T06:50:30.751Z  (serving: Gael Monfils) game: 15-0
2026-02-26T06:50:58.713Z  (serving: Gael Monfils) game: 30-0
2026-02-26T06:51:19.008Z  (serving: Gael Monfils) game: 30-15
2026-02-26T06:51:46.520Z  (serving: Gael Monfils) game: 40-15
2026-02-26T06:52:15.385Z  (serving: Valentin Vacherot) sets: 6-3,4-3, game: 0-0, serving: P1
2026-02-26T06:54:27.980Z  (serving: Valentin Vacherot) game: 15-0
2026-02-26T06:54:59.100Z  (serving: Valentin Vacherot) game: 15-15
2026-02-26T06:55:28.866Z  (serving: Valentin Vacherot) game: 15-30
2026-02-26T06:56:11.713Z  (serving: Valentin Vacherot) game: 30-30
2026-02-26T06:56:35.181Z  (serving: Valentin Vacherot) game: 40-30
2026-02-26T06:57:03.576Z  (serving: Gael Monfils) sets: 6-3,5-3, game: 0-0, serving: P2
2026-02-26T06:57:37.403Z  (serving: Gael Monfils) game: 15-0
2026-02-26T06:57:58.151Z  (serving: Gael Monfils) game: 30-0
2026-02-26T06:58:23.854Z  (serving: Gael Monfils) game: 30-15
2026-02-26T06:59:05.353Z  (serving: Gael Monfils) game: 40-15
2026-02-26T06:59:30.602Z  (serving: Gael Monfils) game: 40-30
2026-02-26T07:00:09.840Z  (serving: Gael Monfils) sets: 6-3,6-3, game: 0-0
