2026-02-26T07:40:04.435Z  (serving: Verena Meliss) game: 15-0
2026-02-26T07:40:38.711Z  (serving: Verena Meliss) game: 30-0
2026-02-26T07:41:09.381Z  (serving: Verena Meliss) game: 30-15
2026-02-26T07:42:06.205Z  (serving: Verena Meliss) game: 40-15
2026-02-26T07:42:53.111Z  (serving: Yuliya Hatouka) sets: 1-0, game: 0-0, serving: P2
2026-02-26T07:44:00.767Z  (serving: Yuliya Hatouka) game: 15-0
2026-02-26T07:44:22.407Z  (serving: Yuliya Hatouka) game: 15-15
2026-02-26T07:44:53.076Z  (serving: Yuliya Hatouka) game: 15-30
2026-02-26T07:45:12.925Z  (serving: Yuliya Hatouka) game: 15-40
2026-02-26T07:45:42.687Z  (serving: Yuliya Hatouka) game: 30-40
2026-02-26T07:46:23.726Z  (serving: Verena Meliss) sets: 1-1, game: 0-0, serving: P1
2026-02-26T07:47:08.831Z  (serving: Verena Meliss) game: 0-15
2026-02-26T07:47:44.457Z  (serving: Verena Meliss) game: 0-30
2026-02-26T07:48:03.850Z  (serving: Verena Meliss) game: 0-40
2026-02-26T07:48:37.229Z  (serving: Verena Meliss) game: 15-40
2026-02-26T07:49:05.186Z  (serving: Verena Meliss) game: 30-40
2026-02-26T07:49:37.207Z  (serving: Verena Meliss) game: 40-40
2026-02-26T07:50:32.681Z  (serving: Verena Meliss) game: 40-A
2026-02-26T07:51:19.591Z  (serving: Yuliya Hatouka) sets: 1-2, game: 0-0, serving: P2
2026-02-26T07:53:37.147Z  (serving: Yuliya Hatouka) game: 0-15
2026-02-26T07:54:29.458Z  (serving: Yuliya Hatouka) game: 15-15
2026-02-26T07:55:04.185Z  (serving: Yuliya Hatouka) game: 15-30
2026-02-26T07:55:39.819Z  (serving: Yuliya Hatouka) game: 15-40
2026-02-26T07:56:20.403Z  (serving: Yuliya Hatouka) game: 30-40
2026-02-26T07:56:58.739Z  (serving: Verena Meliss) sets: 1-3, game: 0-0, serving: P1
2026-02-26T07:57:29.871Z  (serving: Verena Meliss) game: 0-15
2026-02-26T07:57:53.763Z  (serving: Verena Meliss) game: 15-15
2026-02-26T07:58:14.958Z  (serving: Verena Meliss) game: 30-15
2026-02-26T07:58:56.449Z  (serving: Verena Meliss) game: 30-30
2026-02-26T08:00:23.497Z  (serving: Verena Meliss) game: 30-40
2026-02-26T08:00:32.523Z  (serving: Verena Meliss) game: 40-40
2026-02-26T08:00:37.023Z  (serving: Verena Meliss) game: A-40
2026-02-26T08:00:44.695Z  (serving: Yuliya Hatouka) sets: 2-3, game: 0-0, serving: P2
2026-02-26T08:02:41.953Z  (serving: Yuliya Hatouka) game: 0-15
2026-02-26T08:03:08.107Z  (serving: Yuliya Hatouka) game: 0-30
2026-02-26T08:03:51.853Z  (serving: Yuliya Hatouka) game: 15-30
