2026-02-26T07:39:27.007Z  (serving: Veronika Erjavec) game: A-40
2026-02-26T07:39:59.473Z  (serving: Leyre Romero Gormaz) sets: 1-0, game: 0-0, serving: P2
2026-02-26T07:41:27.423Z  (serving: Leyre Romero Gormaz) game: 0-15
2026-02-26T07:41:51.322Z  (serving: Leyre Romero Gormaz) game: 15-15
2026-02-26T07:42:12.530Z  (serving: Leyre Romero Gormaz) game: 15-30
2026-02-26T07:42:53.111Z  (serving: Leyre Romero Gormaz) game: 15-40
2026-02-26T07:43:46.332Z  (serving: Veronika Erjavec) sets: 1-1, game: 0-0, serving: P1
2026-02-26T07:44:28.727Z  (serving: Veronika Erjavec) game: 0-15
2026-02-26T07:45:06.154Z  (serving: Veronika Erjavec) game: 0-30
2026-02-26T07:45:37.725Z  (serving: Veronika Erjavec) game: 15-30
2026-02-26T07:46:10.199Z  (serving: Veronika Erjavec) game: 30-30
2026-02-26T07:46:43.572Z  (serving: Veronika Erjavec) game: 30-40
2026-02-26T07:47:10.182Z  (serving: Veronika Erjavec) game: 40-40
2026-02-26T07:47:40.849Z  (serving: Veronika Erjavec) game: 40-A
2026-02-26T07:48:09.714Z  (serving: Leyre Romero Gormaz) sets: 1-2, game: 0-0, serving: P2
2026-02-26T07:49:53.444Z  (serving: Leyre Romero Gormaz) game: 15-0
2026-02-26T07:50:21.858Z  (serving: Leyre Romero Gormaz) game: 15-15
2026-02-26T07:50:54.330Z  (serving: Leyre Romero Gormaz) game: 15-30
2026-02-26T07:51:28.155Z  (serving: Leyre Romero Gormaz) game: 30-30
2026-02-26T07:52:00.631Z  (serving: Leyre Romero Gormaz) game: 30-40
2026-02-26T07:52:32.648Z  (serving: Leyre Romero Gormaz) game: 40-40
2026-02-26T07:53:04.222Z  (serving: Leyre Romero Gormaz) game: 40-A
2026-02-26T07:53:29.473Z  (serving: Leyre Romero Gormaz) game: 40-40
2026-02-26T07:53:59.691Z  (serving: Leyre Romero Gormaz) game: A-40
2026-02-26T07:54:04.200Z  (serving: Leyre Romero Gormaz) game: 40-40
2026-02-26T07:54:33.066Z  (serving: Leyre Romero Gormaz) game: A-40
2026-02-26T07:55:05.095Z  (serving: Veronika Erjavec) sets: 2-2, game: 0-0, serving: P1
2026-02-26T07:55:46.128Z  (serving: Veronika Erjavec) game: 0-15
2026-02-26T07:56:14.097Z  (serving: Veronika Erjavec) game: 0-30
2026-02-26T07:56:48.368Z  (serving: Veronika Erjavec) game: 0-40
2026-02-26T07:57:30.355Z  (serving: Veronika Erjavec) game: 15-40
2026-02-26T07:58:02.782Z  (serving: Veronika Erjavec) game: 30-40
2026-02-26T07:58:37.103Z  (serving: Leyre Romero Gormaz) sets: 2-3, game: 0-0, serving: P2
2026-02-26T08:00:33.436Z  (serving: Leyre Romero Gormaz) game: 15-0
2026-02-26T08:00:57.769Z  (serving: Leyre Romero Gormaz) game: 30-0
2026-02-26T08:01:19.871Z  (serving: Leyre Romero Gormaz) game: 40-0
2026-02-26T08:02:02.262Z  (serving: Veronika Erjavec) sets: 3-3, game: 0-0, serving: P1
2026-02-26T08:02:37.446Z  (serving: Veronika Erjavec) game: 15-0
2026-02-26T08:02:56.383Z  (serving: Veronika Erjavec) game: 15-15
2026-02-26T08:03:29.302Z  (serving: Veronika Erjavec) game: 30-15
2026-02-26T08:03:54.563Z  (serving: Veronika Erjavec) game: 30-30
