2026-02-26T07:09:20.339Z  (serving: Zeel Desai) game: 0-15
2026-02-26T07:10:21.673Z  (serving: Zeel Desai) game: 0-30
2026-02-26T07:11:20.756Z  (serving: Zeel Desai) game: 15-30
2026-02-26T07:12:05.407Z  (serving: Zeel Desai) game: 15-40
2026-02-26T07:12:58.174Z  (serving: Yashaswini Panwar) sets: 0-4, game: 0-0, serving: P1
2026-02-26T07:13:46.439Z  (serving: Yashaswini Panwar) game: 15-0
2026-02-26T07:14:29.273Z  (serving: Yashaswini Panwar) game: 30-0
2026-02-26T07:15:05.356Z  (serving: Yashaswini Panwar) game: 40-0
2026-02-26T07:15:51.812Z  (serving: Yashaswini Panwar) game: 40-15
2026-02-26T07:16:54.502Z  (serving: Yashaswini Panwar) game: 40-30
2026-02-26T07:17:28.323Z  (serving: Zeel Desai) sets: 1-4, game: 0-0, serving: P2
2026-02-26T07:19:31.002Z  (serving: Zeel Desai) game: 0-15
2026-02-26T07:20:08.881Z  (serving: Zeel Desai) game: 0-30
2026-02-26T07:20:54.882Z  (serving: Zeel Desai) game: 15-30
2026-02-26T07:21:15.629Z  (serving: Zeel Desai) game: 15-40
2026-02-26T07:21:48.102Z  (serving: Yashaswini Panwar) sets: 1-5, game: 0-0, serving: P1
2026-02-26T07:22:21.927Z  (serving: Yashaswini Panwar) game: 15-0
2026-02-26T07:23:07.477Z  (serving: Yashaswini Panwar) game: 15-15
2026-02-26T07:23:59.795Z  (serving: Yashaswini Panwar) game: 30-15
2026-02-26T07:25:50.740Z  (serving: Yashaswini Panwar) game: 40-15
2026-02-26T07:26:23.217Z  (serving: Zeel Desai) sets: 2-5, game: 0-0, serving: P2
2026-02-26T07:28:22.728Z  (serving: Zeel Desai) game: 0-15
2026-02-26T07:28:55.201Z  (serving: Zeel Desai) game: 0-30
2026-02-26T07:29:27.222Z  (serving: Zeel Desai) game: 0-40
2026-02-26T07:30:28.558Z  (serving: Yashaswini Panwar) sets: 2-6,0-0, game: 0-0, serving: P1
2026-02-26T07:32:42.054Z  (serving: Yashaswini Panwar) game: 0-15
2026-02-26T07:34:07.745Z  (serving: Yashaswini Panwar) game: 15-15
2026-02-26T07:35:02.794Z  (serving: Yashaswini Panwar) game: 15-30
2026-02-26T07:35:28.469Z  (serving: Yashaswini Panwar) game: 30-30
2026-02-26T07:36:20.335Z  (serving: Yashaswini Panwar) game: 40-30
2026-02-26T07:36:44.243Z  (serving: Zeel Desai) sets: 2-6,1-0, game: 0-0, serving: P2
2026-02-26T07:38:14.923Z  (serving: Zeel Desai) game: 0-15
2026-02-26T07:39:25.201Z  (serving: Zeel Desai) game: 15-15
2026-02-26T07:40:14.357Z  (serving: Zeel Desai) game: 30-15
2026-02-26T07:41:11.634Z  (serving: Zeel Desai) game: 30-30
2026-02-26T07:41:50.428Z  (serving: Zeel Desai) game: 30-40
2026-02-26T07:42:24.246Z  (serving: Yashaswini Panwar) sets: 2-6,1-1, game: 0-0, serving: P1
2026-02-26T07:43:28.286Z  (serving: Yashaswini Panwar) game: 15-0
2026-02-26T07:44:21.054Z  (serving: Yashaswini Panwar) game: 30-0
2026-02-26T07:45:00.307Z  (serving: Yashaswini Panwar) game: 30-15
2026-02-26T07:45:40.430Z  (serving: Yashaswini Panwar) game: 30-30
2026-02-26T07:46:06.145Z  (serving: Yashaswini Panwar) game: 40-30
2026-02-26T07:46:58.456Z  (serving: Yashaswini Panwar) game: 40-40
2026-02-26T07:47:53.029Z  (serving: Yashaswini Panwar) game: A-40
2026-02-26T07:48:55.366Z  (serving: Yashaswini Panwar) game: 40-40
2026-02-26T07:49:44.881Z  (serving: Yashaswini Panwar) game: 40-A
2026-02-26T07:50:29.523Z  (serving: Zeel Desai) sets: 2-6,1-2, game: 0-0, serving: P2
2026-02-26T07:52:52.492Z  (serving: Zeel Desai) game: 15-0
2026-02-26T07:53:20.004Z  (serving: Zeel Desai) game: 15-15
2026-02-26T07:53:59.691Z  (serving: Zeel Desai) game: 30-15
2026-02-26T07:54:43.496Z  (serving: Zeel Desai) game: 30-30
2026-02-26T07:55:21.322Z  (serving: Zeel Desai) game: 30-40
2026-02-26T07:55:59.657Z  (serving: Yashaswini Panwar) sets: 2-6,1-3, game: 0-0, serving: P1
2026-02-26T07:57:06.913Z  (serving: Yashaswini Panwar) game: 15-0
2026-02-26T07:57:41.584Z  (serving: Yashaswini Panwar) game: 30-0
2026-02-26T07:58:09.096Z  (serving: Yashaswini Panwar) game: 40-0
2026-02-26T07:58:48.338Z  (serving: Yashaswini Panwar) game: 40-15
2026-02-26T07:59:27.117Z  (serving: Yashaswini Panwar) game: 40-30
2026-02-26T08:00:26.201Z  (serving: Yashaswini Panwar) game: 40-40
2026-02-26T08:01:17.163Z  (serving: Yashaswini Panwar) game: 40-A
2026-02-26T08:02:09.933Z  (serving: Yashaswini Panwar) game: 40-40
2026-02-26T08:03:13.083Z  (serving: Yashaswini Panwar) game: 40-A
