2026-02-26T02:49:59.294Z  (serving: Sho Shimabukuro) game: 15-0
2026-02-26T02:50:27.708Z  (serving: Sho Shimabukuro) game: 15-15
2026-02-26T02:50:46.649Z  (serving: Sho Shimabukuro) game: 15-30
2026-02-26T02:51:18.300Z  (serving: Sho Shimabukuro) game: 15-40
2026-02-26T02:51:49.884Z  (serving: Sho Shimabukuro) game: 30-40
2026-02-26T02:52:24.247Z  (serving: Sho Shimabukuro) game: 40-40
2026-02-26T02:53:15.127Z  (serving: Sho Shimabukuro) game: 40-A
2026-02-26T02:53:43.544Z  (serving: Yibing Wu) sets: 6-3,0-1, game: 0-0, serving: P1
2026-02-26T02:54:53.892Z  (serving: Yibing Wu) game: 15-0
2026-02-26T02:55:17.344Z  (serving: Yibing Wu) game: 30-0
2026-02-26T02:55:41.711Z  (serving: Yibing Wu) game: 40-0
2026-02-26T02:56:08.311Z  (serving: Sho Shimabukuro) sets: 6-3,1-1, game: 0-0, serving: P2
2026-02-26T02:56:45.743Z  (serving: Sho Shimabukuro) game: 0-15
2026-02-26T02:57:06.946Z  (serving: Sho Shimabukuro) game: 15-15
2026-02-26T02:57:29.946Z  (serving: Sho Shimabukuro) game: 15-30
2026-02-26T02:58:00.162Z  (serving: Sho Shimabukuro) game: 15-40
2026-02-26T02:58:23.181Z  (serving: Yibing Wu) sets: 6-3,1-2, game: 0-0, serving: P1
2026-02-26T03:00:28.565Z  (serving: Yibing Wu) game: 15-0
2026-02-26T03:01:02.360Z  (serving: Yibing Wu) game: 15-15
2026-02-26T03:01:49.274Z  (serving: Yibing Wu) game: 30-15
2026-02-26T03:02:20.842Z  (serving: Yibing Wu) game: 40-15
2026-02-26T03:02:42.934Z  (serving: Sho Shimabukuro) sets: 6-3,2-2, game: 0-0, serving: P2
2026-02-26T03:03:37.060Z  (serving: Sho Shimabukuro) game: 15-0
2026-02-26T03:04:14.954Z  (serving: Sho Shimabukuro) game: 15-15
2026-02-26T03:04:41.115Z  (serving: Sho Shimabukuro) game: 15-30
2026-02-26T03:05:01.411Z  (serving: Sho Shimabukuro) game: 30-30
2026-02-26T03:05:28.924Z  (serving: Sho Shimabukuro) game: 30-40
2026-02-26T03:06:02.803Z  (serving: Sho Shimabukuro) game: 40-40
2026-02-26T03:06:37.542Z  (serving: Sho Shimabukuro) game: 40-A
2026-02-26T03:07:02.341Z  (serving: Yibing Wu) sets: 6-3,2-3, game: 0-0, serving: P1
2026-02-26T03:09:01.850Z  (serving: Yibing Wu) game: 15-0
2026-02-26T03:09:28.460Z  (serving: Yibing Wu) game: 15-15
2026-02-26T03:10:09.062Z  (serving: Yibing Wu) game: 30-15
2026-02-26T03:10:37.918Z  (serving: Yibing Wu) game: 40-15
2026-02-26T03:11:01.375Z  (serving: Sho Shimabukuro) sets: 6-3,3-3, game: 0-0, serving: P2
2026-02-26T03:11:45.125Z  (serving: Sho Shimabukuro) game: 0-15
2026-02-26T03:12:04.973Z  (serving: Sho Shimabukuro) game: 0-30
2026-02-26T03:12:36.084Z  (serving: Sho Shimabukuro) game: 0-40
2026-02-26T03:13:00.890Z  (serving: Yibing Wu) sets: 6-3,3-4, game: 0-0, serving: P1
2026-02-26T03:15:00.859Z  (serving: Yibing Wu) game: 15-0
2026-02-26T03:15:16.194Z  (serving: Yibing Wu) game: 30-0
2026-02-26T03:15:32.440Z  (serving: Yibing Wu) game: 40-0
2026-02-26T03:15:54.077Z  (serving: Sho Shimabukuro) sets: 6-3,4-4, game: 0-0, serving: P2
2026-02-26T03:16:25.656Z  (serving: Sho Shimabukuro) game: 0-15
2026-02-26T03:16:45.041Z  (serving: Sho Shimabukuro) game: 0-30
2026-02-26T03:17:00.375Z  (serving: Sho Shimabukuro) game: 0-40
2026-02-26T03:17:27.440Z  (serving: Yibing Wu) sets: 6-3,4-5, game: 0-0, serving: P1
2026-02-26T03:20:06.188Z  (serving: Yibing Wu) game: 0-15
2026-02-26T03:20:44.974Z  (serving: Yibing Wu) game: 15-15
2026-02-26T03:21:23.761Z  (serving: Yibing Wu) game: 30-15
2026-02-26T03:21:58.044Z  (serving: Yibing Wu) game: 30-30
2026-02-26T03:22:45.415Z  (serving: Yibing Wu) game: 40-30
2026-02-26T03:23:14.276Z  (serving: Yibing Wu) game: 40-40
2026-02-26T03:23:45.839Z  (serving: Yibing Wu) game: A-40
2026-02-26T03:24:39.053Z  (serving: Sho Shimabukuro) sets: 6-3,5-5, game: 0-0, serving: P2
2026-02-26T03:25:28.661Z  (serving: Sho Shimabukuro) game: 15-0
2026-02-26T03:25:52.147Z  (serving: Sho Shimabukuro) game: 15-15
2026-02-26T03:26:20.980Z  (serving: Sho Shimabukuro) game: 15-30
2026-02-26T03:26:49.396Z  (serving: Sho Shimabukuro) game: 15-40
2026-02-26T03:27:09.244Z  (serving: Yibing Wu) sets: 6-3,5-6, game: 0-0, serving: P1
2026-02-26T03:29:15.521Z  (serving: Yibing Wu) game: 0-15
2026-02-26T03:29:39.873Z  (serving: Yibing Wu) game: 15-15
2026-02-26T03:30:02.439Z  (serving: Yibing Wu) game: 15-30
2026-02-26T03:30:31.740Z  (serving: Yibing Wu) game: 30-30
2026-02-26T03:31:01.516Z  (serving: Yibing Wu) game: 30-40
2026-02-26T03:31:47.065Z  (serving: Yibing Wu) game: 40-40
2026-02-26T03:32:36.616Z  (serving: Yibing Wu) game: A-40
2026-02-26T03:33:13.149Z  (serving: Yibing Wu) game: 40-40
2026-02-26T03:33:45.170Z  (serving: Yibing Wu) game: A-40
2026-02-26T03:34:52.360Z  (serving: Sho Shimabukuro) sets: 6-3,6-6, game: 0-0, serving: P2
2026-02-26T03:35:43.340Z  (serving: Yibing Wu) game: 0-1, serving: P1
2026-02-26T03:36:27.095Z  (serving: Yibing Wu) game: 1-1
2026-02-26T03:37:11.268Z  (serving: Sho Shimabukuro) game: 1-2, serving: P2
2026-02-26T03:38:00.430Z  (serving: Sho Shimabukuro) game: 1-3
2026-02-26T03:38:27.945Z  (serving: Yibing Wu) game: 2-3, serving: P1
2026-02-26T03:39:01.766Z  (serving: Yibing Wu) game: 3-3
2026-02-26T03:40:23.846Z  (serving: Sho Shimabukuro) game: 4-3, serving: P2
2026-02-26T03:41:23.830Z  (serving: Sho Shimabukuro) game: 5-3
2026-02-26T03:41:55.400Z  (serving: Yibing Wu) game: 5-4, serving: P1
2026-02-26T03:43:21.188Z  (serving: Yibing Wu) game: 6-4
2026-02-26T03:44:03.582Z  (serving: Yibing Wu) sets: 6-3,7-6, game: 0-0
