2026-02-26T05:05:44.569Z  (serving: Yu Hsiou Hsu) game: 30-30
2026-02-26T05:06:18.453Z  (serving: Yu Hsiou Hsu) game: 40-30
2026-02-26T05:07:22.427Z  (serving: Enzo Aguiard) sets: 2-0, game: 0-0, serving: P2
2026-02-26T05:08:13.846Z  (serving: Enzo Aguiard) game: 0-15
2026-02-26T05:09:00.760Z  (serving: Enzo Aguiard) game: 15-15
2026-02-26T05:09:49.001Z  (serving: Enzo Aguiard) game: 30-15
2026-02-26T05:10:22.423Z  (serving: Enzo Aguiard) game: 30-30
2026-02-26T05:11:09.736Z  (serving: Enzo Aguiard) game: 30-40
2026-02-26T05:11:48.069Z  (serving: Enzo Aguiard) game: 40-40
2026-02-26T05:12:20.996Z  (serving: Enzo Aguiard) game: 40-A
2026-02-26T05:13:13.316Z  (serving: Enzo Aguiard) game: 40-40
2026-02-26T05:14:08.785Z  (serving: Enzo Aguiard) game: 40-A
2026-02-26T05:14:40.808Z  (serving: Enzo Aguiard) game: 40-40
2026-02-26T05:15:40.343Z  (serving: Enzo Aguiard) game: 40-A
2026-02-26T05:16:16.879Z  (serving: Yu Hsiou Hsu) sets: 2-1, game: 0-0, serving: P1
2026-02-26T05:18:19.549Z  (serving: Yu Hsiou Hsu) game: 15-0
2026-02-26T05:18:59.238Z  (serving: Yu Hsiou Hsu) game: 15-15
2026-02-26T05:19:50.201Z  (serving: Yu Hsiou Hsu) game: 15-30
2026-02-26T05:20:24.928Z  (serving: Yu Hsiou Hsu) game: 15-40
2026-02-26T05:21:07.776Z  (serving: Enzo Aguiard) sets: 2-2, game: 0-0, serving: P2
2026-02-26T05:21:59.197Z  (serving: Enzo Aguiard) game: 0-15
2026-02-26T05:22:23.541Z  (serving: Enzo Aguiard) game: 0-30
2026-02-26T05:22:59.260Z  (serving: Enzo Aguiard) game: 15-30
2026-02-26T05:24:02.310Z  (serving: Enzo Aguiard) game: 30-30
2026-02-26T05:24:55.529Z  (serving: Enzo Aguiard) game: 30-40
2026-02-26T05:25:40.628Z  (serving: Yu Hsiou Hsu) sets: 2-3, game: 0-0, serving: P1
2026-02-26T05:27:22.557Z  (serving: Yu Hsiou Hsu) game: 0-15
2026-02-26T05:27:57.734Z  (serving: Yu Hsiou Hsu) game: 0-30
2026-02-26T05:28:45.754Z  (serving: Yu Hsiou Hsu) game: 0-40
2026-02-26T05:29:53.335Z  (serving: Yu Hsiou Hsu) game: 15-40
2026-02-26T05:32:25.321Z  (serving: Enzo Aguiard) sets: 2-4, game: 0-0, serving: P2
2026-02-26T05:32:38.513Z  (serving: Enzo Aguiard) game: 0-15
2026-02-26T05:33:23.565Z  (serving: Enzo Aguiard) game: 15-15
2026-02-26T05:34:19.479Z  (serving: Enzo Aguiard) game: 30-15
2026-02-26T05:35:28.911Z  (serving: Enzo Aguiard) game: 40-15
2026-02-26T05:36:07.612Z  (serving: Enzo Aguiard) game: 40-30
2026-02-26T05:36:53.617Z  (serving: Enzo Aguiard) game: 40-40
2026-02-26T05:37:41.515Z  (serving: Enzo Aguiard) game: 40-A
2026-02-26T05:38:19.813Z  (serving: Yu Hsiou Hsu) sets: 2-5, game: 0-0, serving: P1
2026-02-26T05:40:13.479Z  (serving: Yu Hsiou Hsu) game: 0-15
2026-02-26T05:40:53.550Z  (serving: Yu Hsiou Hsu) game: 15-15
2026-02-26T05:41:38.199Z  (serving: Yu Hsiou Hsu) game: 30-15
2026-02-26T05:42:16.989Z  (serving: Yu Hsiou Hsu) game: 30-30
2026-02-26T05:42:59.883Z  (serving: Yu Hsiou Hsu) game: 40-30
2026-02-26T05:43:30.604Z  (serving: Enzo Aguiard) sets: 3-5, game: 0-0, serving: P2
2026-02-26T05:44:16.052Z  (serving: Enzo Aguiard) game: 0-15
2026-02-26T05:45:11.979Z  (serving: Enzo Aguiard) game: 0-30
2026-02-26T05:45:54.886Z  (serving: Enzo Aguiard) game: 0-40
2026-02-26T05:46:31.443Z  (serving: Yu Hsiou Hsu) sets: 3-6,0-0, game: 0-0, serving: P1
2026-02-26T05:50:39.869Z  (serving: Yu Hsiou Hsu) game: 15-0
2026-02-26T05:50:58.797Z  (serving: Yu Hsiou Hsu) game: 30-0
2026-02-26T05:51:26.782Z  (serving: Yu Hsiou Hsu) game: 40-0
2026-02-26T05:52:12.765Z  (serving: Enzo Aguiard) sets: 3-6,1-0, game: 0-0, serving: P2
2026-02-26T05:53:54.740Z  (serving: Enzo Aguiard) game: 0-15
2026-02-26T05:54:30.375Z  (serving: Enzo Aguiard) game: 15-15
2026-02-26T05:55:51.058Z  (serving: Enzo Aguiard) game: 30-15
2026-02-26T05:56:39.812Z  (serving: Enzo Aguiard) game: 30-30
2026-02-26T05:57:34.802Z  (serving: Enzo Aguiard) game: 30-40
2026-02-26T05:58:32.508Z  (serving: Enzo Aguiard) game: 40-40
2026-02-26T05:59:22.201Z  (serving: Enzo Aguiard) game: A-40
2026-02-26T05:59:55.070Z  (serving: Enzo Aguiard) game: 40-40
2026-02-26T06:00:23.890Z  (serving: Enzo Aguiard) game: 40-A
2026-02-26T06:00:59.071Z  (serving: Yu Hsiou Hsu) sets: 3-6,1-1, game: 0-0, serving: P1
2026-02-26T06:01:43.308Z  (serving: Yu Hsiou Hsu) game: 15-0
2026-02-26T06:02:09.523Z  (serving: Yu Hsiou Hsu) game: 15-15
2026-02-26T06:02:42.801Z  (serving: Yu Hsiou Hsu) game: 30-15
2026-02-26T06:03:10.760Z  (serving: Yu Hsiou Hsu) game: 30-30
2026-02-26T06:03:49.995Z  (serving: Yu Hsiou Hsu) game: 30-40
2026-02-26T06:04:35.649Z  (serving: Enzo Aguiard) sets: 3-6,1-2, game: 0-0, serving: P2
2026-02-26T06:08:18.893Z  (serving: Enzo Aguiard) game: 15-0
2026-02-26T06:08:19.324Z  (serving: Enzo Aguiard) game: 30-0
2026-02-26T06:08:24.312Z  (serving: Enzo Aguiard) game: 40-0
2026-02-26T06:08:36.909Z  (serving: Enzo Aguiard) game: 40-15
2026-02-26T06:09:15.452Z  (serving: Yu Hsiou Hsu) game: 40-30
2026-02-26T06:10:01.006Z  (serving: Yu Hsiou Hsu) game: 40-40
2026-02-26T06:11:26.694Z  (serving: Yu Hsiou Hsu) game: A-40
2026-02-26T06:12:05.500Z  (serving: Yu Hsiou Hsu) game: 40-40
2026-02-26T06:12:55.090Z  (serving: Yu Hsiou Hsu) game: 40-A
2026-02-26T06:13:57.782Z  (serving: Yu Hsiou Hsu) sets: 3-6,1-3, game: 0-0
2026-02-26T06:14:40.624Z  (serving: Yu Hsiou Hsu) game: 15-0
2026-02-26T06:15:19.444Z  (serving: Yu Hsiou Hsu) game: 30-0
2026-02-26T06:16:19.394Z  (serving: Yu Hsiou Hsu) game: 40-0
2026-02-26T06:16:58.673Z  (serving: Yu Hsiou Hsu) game: 40-15
2026-02-26T06:17:33.358Z  (serving: Yu Hsiou Hsu) game: 40-30
2026-02-26T06:18:21.619Z  (serving: Yu Hsiou Hsu) game: 40-40
2026-02-26T06:19:08.069Z  (serving: Yu Hsiou Hsu) game: 40-A
2026-02-26T06:19:49.109Z  (serving: Enzo Aguiard) sets: 3-6,1-4, game: 0-0, serving: P2
2026-02-26T06:21:59.936Z  (serving: Enzo Aguiard) game: 0-15
2026-02-26T06:22:35.978Z  (serving: Enzo Aguiard) game: 15-15
2026-02-26T06:23:12.510Z  (serving: Enzo Aguiard) game: 30-15
2026-02-26T06:24:05.277Z  (serving: Enzo Aguiard) game: 40-15
2026-02-26T06:24:41.422Z  (serving: Yu Hsiou Hsu) sets: 3-6,2-4, game: 0-0, serving: P1
2026-02-26T06:25:38.664Z  (serving: Yu Hsiou Hsu) game: 15-0
2026-02-26T06:26:02.536Z  (serving: Yu Hsiou Hsu) game: 15-15
2026-02-26T06:26:44.931Z  (serving: Yu Hsiou Hsu) game: 30-15
2026-02-26T06:27:28.744Z  (serving: Yu Hsiou Hsu) game: 30-30
2026-02-26T06:28:18.764Z  (serving: Yu Hsiou Hsu) game: 40-30
2026-02-26T06:28:58.907Z  (serving: Enzo Aguiard) sets: 3-6,3-4, game: 0-0, serving: P2
2026-02-26T06:31:25.484Z  (serving: Enzo Aguiard) game: 15-0
2026-02-26T06:32:04.337Z  (serving: Enzo Aguiard) game: 15-15
2026-02-26T06:32:59.742Z  (serving: Enzo Aguiard) game: 15-30
2026-02-26T06:33:40.333Z  (serving: Enzo Aguiard) game: 15-40
2026-02-26T06:42:01.573Z  (serving: Enzo Aguiard) game: 15-0
2026-02-26T06:42:02.916Z  (serving: Enzo Aguiard) game: 15-15
2026-02-26T06:42:09.683Z  (serving: Enzo Aguiard) game: 15-30
2026-02-26T06:42:11.940Z  (serving: Enzo Aguiard) game: 15-40
2026-02-26T06:42:16.909Z  (serving: Enzo Aguiard) sets: 3-6,4-6, game: 0-0
