2026-02-26T02:50:22.746Z  (serving: Yue Yuan) game: 40-15
2026-02-26T02:51:13.708Z  (serving: Yue Yuan) game: 40-30
2026-02-26T02:52:06.145Z  (serving: Dalma Galfi) sets: 6-3,3-1, game: 0-0, serving: P2
2026-02-26T02:52:43.561Z  (serving: Dalma Galfi) game: 15-0
2026-02-26T02:53:16.927Z  (serving: Dalma Galfi) game: 15-15
2026-02-26T02:53:44.445Z  (serving: Dalma Galfi) game: 15-30
2026-02-26T02:54:25.479Z  (serving: Dalma Galfi) game: 30-30
2026-02-26T02:54:53.440Z  (serving: Dalma Galfi) game: 40-30
2026-02-26T02:55:40.797Z  (serving: Dalma Galfi) game: 40-40
2026-02-26T02:56:16.881Z  (serving: Dalma Galfi) game: A-40
2026-02-26T02:56:51.166Z  (serving: Yue Yuan) sets: 6-3,4-1, game: 0-0, serving: P1
2026-02-26T02:59:13.217Z  (serving: Yue Yuan) game: 0-15
2026-02-26T02:59:57.416Z  (serving: Yue Yuan) game: 15-15
2026-02-26T03:00:28.565Z  (serving: Yue Yuan) game: 30-15
2026-02-26T03:01:09.577Z  (serving: Yue Yuan) game: 40-15
2026-02-26T03:01:54.230Z  (serving: Dalma Galfi) sets: 6-3,5-1, game: 0-0, serving: P2
2026-02-26T03:02:45.189Z  (serving: Dalma Galfi) game: 15-0
2026-02-26T03:03:21.273Z  (serving: Dalma Galfi) game: 30-0
2026-02-26T03:03:47.885Z  (serving: Dalma Galfi) game: 30-15
2026-02-26T03:04:24.427Z  (serving: Dalma Galfi) game: 40-15
2026-02-26T03:04:43.824Z  (serving: Dalma Galfi) game: 40-30
2026-02-26T03:05:18.999Z  (serving: Dalma Galfi) game: 40-40
2026-02-26T03:05:46.129Z  (serving: Dalma Galfi) game: 40-A
2026-02-26T03:06:30.326Z  (serving: Yue Yuan) sets: 6-3,5-2, game: 0-0, serving: P1
2026-02-26T03:08:39.752Z  (serving: Yue Yuan) game: 15-0
2026-02-26T03:09:00.950Z  (serving: Yue Yuan) game: 30-0
2026-02-26T03:09:28.008Z  (serving: Yue Yuan) game: 40-0
2026-02-26T03:09:56.876Z  (serving: Yue Yuan) game: 40-15
2026-02-26T03:10:50.095Z  (serving: Yue Yuan) game: 40-30
2026-02-26T03:11:36.109Z  (serving: Yue Yuan) sets: 6-3,6-2, game: 0-0
