2026-02-26T19:50:49.109Z [ODDS] (serving: Blanch/Hashem)  Hudd/Leather: 1/4 → 1/2, Blanch/Hashem: 11/4 → 6/4
2026-02-26T19:50:49.112Z [EVENT] (serving: Blanch/Hashem)  game: 0-1, serving: P2
2026-02-26T19:51:20.684Z [ODDS] (serving: Blanch/Hashem)  Hudd/Leather: 1/2 → 8/11, Blanch/Hashem: 6/4 → 1/1
2026-02-26T19:51:20.684Z [EVENT] (serving: Blanch/Hashem)  game: 0-2
2026-02-26T19:51:36.921Z [ODDS] (serving: Blanch/Hashem)  Hudd/Leather: 8/11 → 4/6, Blanch/Hashem: 1/1 → 11/10
2026-02-26T19:51:51.346Z [ODDS] (serving: Hudd/Leather)  Hudd/Leather: 4/6 → 4/9, Blanch/Hashem: 11/10 → 13/8
2026-02-26T19:51:51.346Z [EVENT] (serving: Hudd/Leather)  game: 1-2, serving: P1
2026-02-26T19:52:20.660Z [ODDS] (serving: Hudd/Leather)  Hudd/Leather: 4/9 → 1/2, Blanch/Hashem: 13/8 → 6/4
2026-02-26T19:52:45.924Z [ODDS] (serving: Hudd/Leather)  Hudd/Leather: 1/2 → 4/5, Blanch/Hashem: 6/4 → 10/11
2026-02-26T19:52:45.924Z [EVENT] (serving: Hudd/Leather)  game: 1-3
2026-02-26T19:53:22.897Z [ODDS] (serving: Blanch/Hashem)  Hudd/Leather: 4/5 → 4/7, Blanch/Hashem: 10/11 → 5/4
2026-02-26T19:53:22.897Z [EVENT] (serving: Blanch/Hashem)  game: 2-3, serving: P2
2026-02-26T19:53:52.665Z [ODDS] (serving: Blanch/Hashem)  Hudd/Leather: 4/7 → 5/6, Blanch/Hashem: 5/4 → 5/6
2026-02-26T19:53:52.665Z [EVENT] (serving: Blanch/Hashem)  game: 2-4
2026-02-26T19:55:22.863Z [ODDS] (serving: Blanch/Hashem)  Hudd/Leather: 5/6 → 4/5, Blanch/Hashem: 5/6 → 10/11
2026-02-26T19:55:47.233Z [ODDS] (serving: Hudd/Leather)  Hudd/Leather: 4/5 → 11/8, Blanch/Hashem: 10/11 → 8/15
2026-02-26T19:55:47.233Z [EVENT] (serving: Hudd/Leather)  game: 2-5, serving: P1
2026-02-26T19:56:21.527Z [ODDS] (serving: Hudd/Leather)  Hudd/Leather: 11/8 → 3/1, Blanch/Hashem: 8/15 → 2/9
2026-02-26T19:56:21.527Z [EVENT] (serving: Hudd/Leather)  game: 2-6
2026-02-26T19:56:43.629Z [ODDS] (serving: Blanch/Hashem)  Hudd/Leather: 3/1 → 6/1, Blanch/Hashem: 2/9 → 1/12
2026-02-26T19:56:43.629Z [EVENT] (serving: Blanch/Hashem)  game: 2-7, serving: P2
2026-02-26T19:57:11.143Z [ODDS] (serving: Blanch/Hashem)  Hudd/Leather: 6/1 → 11/2, Blanch/Hashem: 1/12 → 1/10
2026-02-26T19:57:27.828Z [ODDS] (serving: Blanch/Hashem)  Hudd/Leather: 11/2 → 19/2, Blanch/Hashem: 1/10 → 1/40
2026-02-26T19:57:27.828Z [EVENT] (serving: Blanch/Hashem)  game: 2-8
2026-02-26T19:57:54.445Z [ODDS] (serving: Blanch/Hashem)  Hudd/Leather: 19/2 → 9/1, Blanch/Hashem: 1/40 → 1/33
2026-02-26T19:58:08.878Z [ODDS] (serving: Hudd/Leather)  Hudd/Leather: 9/1 → 20/1, Blanch/Hashem: 1/33 → 1/500
2026-02-26T19:58:08.878Z [EVENT] (serving: Hudd/Leather)  game: 2-9, serving: P1
2026-02-26T19:58:39.090Z [ODDS] (serving: Hudd/Leather)  Hudd/Leather: 20/1 → 16/1, Blanch/Hashem: 1/500 → 1/200
2026-02-26T19:58:39.090Z [EVENT] (serving: Hudd/Leather)  game: 3-9
2026-02-26T19:59:25.994Z [ODDS] (serving: Blanch/Hashem)  Hudd/Leather: 16/1 → 12/1, Blanch/Hashem: 1/200 → 1/80
2026-02-26T19:59:25.994Z [EVENT] (serving: Blanch/Hashem)  game: 4-9, serving: P2
2026-02-26T19:59:53.506Z [ODDS] (serving: Blanch/Hashem)  Hudd/Leather: 12/1 → 0/0, Blanch/Hashem: 1/80 → 0/0
2026-02-26T19:59:53.506Z [EVENT] (serving: Blanch/Hashem)  sets: 6-0,3-6,0-1, game: 0-0
