2026-02-26T21:39:30.855Z [ODDS] (serving: Akasha Urhobo)  Akasha Urhobo: 1/4 → 2/7, Ema Burgic: 11/4 → 5/2
2026-02-26T21:39:30.855Z [EVENT] (serving: Akasha Urhobo)  game: 0-15
2026-02-26T21:40:02.502Z [ODDS] (serving: Akasha Urhobo)  Akasha Urhobo: 2/7 → 1/4, Ema Burgic: 5/2 → 11/4
2026-02-26T21:40:02.502Z [EVENT] (serving: Akasha Urhobo)  game: 15-15
2026-02-26T21:40:39.408Z [ODDS] (serving: Akasha Urhobo)  Akasha Urhobo: 1/4 → 2/9, Ema Burgic: 11/4 → 3/1
2026-02-26T21:40:39.408Z [EVENT] (serving: Akasha Urhobo)  game: 30-15
2026-02-26T21:41:12.350Z [ODDS] (serving: Akasha Urhobo)  Akasha Urhobo: 2/9 → 1/5, Ema Burgic: 3/1 → 10/3
2026-02-26T21:41:12.351Z [EVENT] (serving: Akasha Urhobo)  game: 40-15
2026-02-26T21:42:01.495Z [ODDS] (serving: Akasha Urhobo)  Akasha Urhobo: 1/5 → 2/9, Ema Burgic: 10/3 → 3/1
2026-02-26T21:42:01.495Z [EVENT] (serving: Akasha Urhobo)  game: 40-30
2026-02-26T21:42:54.260Z [ODDS] (serving: Ema Burgic)  Akasha Urhobo: 2/9 → 1/5, Ema Burgic: 3/1 → 10/3
2026-02-26T21:42:54.260Z [EVENT] (serving: Ema Burgic)  sets: 1-1, game: 0-0, serving: P2
2026-02-26T21:43:43.003Z [ODDS] (serving: Ema Burgic)  Akasha Urhobo: 1/5 → 2/9, Ema Burgic: 10/3 → 3/1
2026-02-26T21:43:43.004Z [EVENT] (serving: Ema Burgic)  game: 0-15
2026-02-26T21:44:12.740Z [ODDS] (serving: Ema Burgic)  Akasha Urhobo: 2/9 → 1/4, Ema Burgic: 3/1 → 11/4
2026-02-26T21:44:12.740Z [EVENT] (serving: Ema Burgic)  game: 0-30
2026-02-26T21:44:54.239Z [EVENT] (serving: Ema Burgic)  game: 0-40
2026-02-26T21:45:44.738Z [EVENT] (serving: Ema Burgic)  game: 15-40
2026-02-26T21:46:24.427Z [ODDS] (serving: Ema Burgic)  Akasha Urhobo: 1/4 → 2/9, Ema Burgic: 11/4 → 3/1
2026-02-26T21:46:24.427Z [EVENT] (serving: Ema Burgic)  game: 30-40
2026-02-26T21:47:14.064Z [ODDS] (serving: Ema Burgic)  Akasha Urhobo: 2/9 → 1/5, Ema Burgic: 3/1 → 10/3
2026-02-26T21:47:14.065Z [EVENT] (serving: Ema Burgic)  game: 40-40
2026-02-26T21:48:06.806Z [ODDS] (serving: Ema Burgic)  Akasha Urhobo: 1/5 → 2/9, Ema Burgic: 10/3 → 3/1
2026-02-26T21:48:06.806Z [EVENT] (serving: Ema Burgic)  game: 40-A
2026-02-26T21:48:50.133Z [ODDS] (serving: Ema Burgic)  Akasha Urhobo: 2/9 → 1/5, Ema Burgic: 3/1 → 10/3
2026-02-26T21:48:50.134Z [EVENT] (serving: Ema Burgic)  game: 40-40
2026-02-26T21:49:36.123Z [ODDS] (serving: Ema Burgic)  Akasha Urhobo: 1/5 → 2/9, Ema Burgic: 10/3 → 3/1
2026-02-26T21:49:36.123Z [EVENT] (serving: Ema Burgic)  game: 40-A
2026-02-26T21:50:25.298Z [ODDS] (serving: Akasha Urhobo)  Akasha Urhobo: 2/9 → 1/4, Ema Burgic: 3/1 → 11/4
2026-02-26T21:50:25.298Z [EVENT] (serving: Akasha Urhobo)  sets: 1-2, game: 0-0, serving: P1
2026-02-26T21:52:25.665Z [ODDS] (serving: Akasha Urhobo)  Akasha Urhobo: 1/4 → 2/9, Ema Burgic: 11/4 → 3/1
2026-02-26T21:52:25.665Z [EVENT] (serving: Akasha Urhobo)  game: 15-0
2026-02-26T21:52:50.483Z [ODDS] (serving: Akasha Urhobo)  Akasha Urhobo: 2/9 → 1/5, Ema Burgic: 3/1 → 10/3
2026-02-26T21:52:50.483Z [EVENT] (serving: Akasha Urhobo)  game: 30-0
2026-02-26T21:53:21.136Z [ODDS] (serving: Akasha Urhobo)  Akasha Urhobo: 1/5 → 1/6, Ema Burgic: 10/3 → 7/2
2026-02-26T21:53:21.136Z [EVENT] (serving: Akasha Urhobo)  game: 40-0
2026-02-26T21:55:00.924Z [ODDS] (serving: Akasha Urhobo)  Akasha Urhobo: 1/6 → 1/5, Ema Burgic: 7/2 → 10/3
2026-02-26T21:55:19.421Z [EVENT] (serving: Akasha Urhobo)  game: 40-15
2026-02-26T21:56:11.283Z [ODDS] (serving: Akasha Urhobo)  Akasha Urhobo: 1/5 → 1/4, Ema Burgic: 10/3 → 11/4
2026-02-26T21:56:11.283Z [EVENT] (serving: Akasha Urhobo)  game: 40-30
2026-02-26T21:56:51.418Z [ODDS] (serving: Akasha Urhobo)  Akasha Urhobo: 1/4 → 2/7, Ema Burgic: 11/4 → 5/2
2026-02-26T21:56:51.418Z [EVENT] (serving: Akasha Urhobo)  game: 40-40
2026-02-26T21:57:46.893Z [ODDS] (serving: Akasha Urhobo)  Akasha Urhobo: 2/7 → 1/3, Ema Burgic: 5/2 → 9/4
2026-02-26T21:57:46.893Z [EVENT] (serving: Akasha Urhobo)  game: 40-A
2026-02-26T21:58:12.600Z [ODDS] (serving: Akasha Urhobo)  Akasha Urhobo: 1/3 → 4/11, Ema Burgic: 9/4 → 2/1
2026-02-26T21:58:25.234Z [ODDS] (serving: Akasha Urhobo)  Akasha Urhobo: 4/11 → 2/7, Ema Burgic: 2/1 → 5/2
2026-02-26T21:58:25.234Z [EVENT] (serving: Akasha Urhobo)  game: 40-40
2026-02-26T21:59:05.391Z [ODDS] (serving: Akasha Urhobo)  Akasha Urhobo: 2/7 → 3/10, Ema Burgic: 5/2 → 12/5
2026-02-26T21:59:18.465Z [ODDS] (serving: Akasha Urhobo)  Akasha Urhobo: 3/10 → 4/11, Ema Burgic: 12/5 → 2/1
2026-02-26T21:59:18.466Z [EVENT] (serving: Akasha Urhobo)  game: 40-A
2026-02-26T22:00:05.814Z [ODDS] (serving: Akasha Urhobo)  Akasha Urhobo: 4/11 → 3/10, Ema Burgic: 2/1 → 12/5
2026-02-26T22:00:05.815Z [EVENT] (serving: Akasha Urhobo)  game: 40-40
2026-02-26T22:01:21.124Z [ODDS] (serving: Akasha Urhobo)  Akasha Urhobo: 3/10 → 4/11, Ema Burgic: 12/5 → 2/1
2026-02-26T22:01:21.124Z [EVENT] (serving: Akasha Urhobo)  game: 40-A
2026-02-26T22:01:45.478Z [ODDS] (serving: Akasha Urhobo)  Akasha Urhobo: 4/11 → 3/10, Ema Burgic: 2/1 → 12/5
2026-02-26T22:01:45.479Z [EVENT] (serving: Akasha Urhobo)  game: 40-40
2026-02-26T22:02:22.016Z [ODDS] (serving: Akasha Urhobo)  Akasha Urhobo: 3/10 → 1/4, Ema Burgic: 12/5 → 11/4
2026-02-26T22:02:22.019Z [EVENT] (serving: Akasha Urhobo)  game: A-40
2026-02-26T22:03:05.764Z [ODDS] (serving: Akasha Urhobo)  Akasha Urhobo: 1/4 → 3/10, Ema Burgic: 11/4 → 12/5
2026-02-26T22:03:05.764Z [EVENT] (serving: Akasha Urhobo)  game: 40-40
2026-02-26T22:04:10.709Z [ODDS] (serving: Akasha Urhobo)  Akasha Urhobo: 3/10 → 1/4, Ema Burgic: 12/5 → 11/4
2026-02-26T22:04:10.709Z [EVENT] (serving: Akasha Urhobo)  game: A-40
2026-02-26T22:04:34.159Z [ODDS] (serving: Akasha Urhobo)  Akasha Urhobo: 1/4 → 2/7, Ema Burgic: 11/4 → 5/2
2026-02-26T22:05:30.090Z [ODDS] (serving: Ema Burgic)  Akasha Urhobo: 2/7 → 2/9, Ema Burgic: 5/2 → 3/1
2026-02-26T22:05:30.090Z [EVENT] (serving: Ema Burgic)  sets: 2-2, game: 0-0, serving: P2
2026-02-26T22:06:12.929Z [ODDS] (serving: Ema Burgic)  Akasha Urhobo: 2/9 → 1/4, Ema Burgic: 3/1 → 11/4
2026-02-26T22:06:12.929Z [EVENT] (serving: Ema Burgic)  game: 0-15
2026-02-26T22:06:33.223Z [ODDS] (serving: Ema Burgic)  Akasha Urhobo: 1/4 → 2/7, Ema Burgic: 11/4 → 5/2
2026-02-26T22:06:33.223Z [EVENT] (serving: Ema Burgic)  game: 0-30
2026-02-26T22:07:12.460Z [ODDS] (serving: Ema Burgic)  Akasha Urhobo: 2/7 → 1/4, Ema Burgic: 5/2 → 11/4
2026-02-26T22:07:12.460Z [EVENT] (serving: Ema Burgic)  game: 15-30
2026-02-26T22:08:07.933Z [ODDS] (serving: Ema Burgic)  Akasha Urhobo: 1/4 → 3/10, Ema Burgic: 11/4 → 12/5
2026-02-26T22:08:07.933Z [EVENT] (serving: Ema Burgic)  game: 15-40
2026-02-26T22:08:50.410Z [ODDS] (serving: Akasha Urhobo)  Akasha Urhobo: 3/10 → 1/3, Ema Burgic: 12/5 → 9/4
2026-02-26T22:08:50.410Z [EVENT] (serving: Akasha Urhobo)  sets: 2-3, game: 0-0, serving: P1
2026-02-26T22:10:50.377Z [ODDS] (serving: Akasha Urhobo)  Akasha Urhobo: 1/3 → 2/7, Ema Burgic: 9/4 → 5/2
2026-02-26T22:10:50.377Z [EVENT] (serving: Akasha Urhobo)  game: 15-0
2026-02-26T22:11:35.037Z [ODDS] (serving: Akasha Urhobo)  Akasha Urhobo: 2/7 → 1/4, Ema Burgic: 5/2 → 11/4
2026-02-26T22:11:35.037Z [EVENT] (serving: Akasha Urhobo)  game: 30-0
2026-02-26T22:12:11.558Z [ODDS] (serving: Akasha Urhobo)  Akasha Urhobo: 1/4 → 2/7, Ema Burgic: 11/4 → 5/2
2026-02-26T22:12:11.558Z [EVENT] (serving: Akasha Urhobo)  game: 30-15
2026-02-26T22:12:41.784Z [ODDS] (serving: Akasha Urhobo)  Akasha Urhobo: 2/7 → 1/4, Ema Burgic: 5/2 → 11/4
2026-02-26T22:12:41.784Z [EVENT] (serving: Akasha Urhobo)  game: 40-15
2026-02-26T22:13:04.784Z [ODDS] (serving: Ema Burgic)  Akasha Urhobo: 1/4 → 2/9, Ema Burgic: 11/4 → 3/1
2026-02-26T22:13:04.784Z [EVENT] (serving: Ema Burgic)  sets: 3-3, game: 0-0, serving: P2
2026-02-26T22:14:19.229Z [ODDS] (serving: Ema Burgic)  Akasha Urhobo: 2/9 → 1/5, Ema Burgic: 3/1 → 10/3
2026-02-26T22:14:19.229Z [EVENT] (serving: Ema Burgic)  game: 15-0
2026-02-26T22:14:45.801Z [ODDS] (serving: Ema Burgic)  Akasha Urhobo: 1/5 → 1/6, Ema Burgic: 10/3 → 7/2
2026-02-26T22:15:00.686Z [ODDS] (serving: Ema Burgic)  Akasha Urhobo: 1/6 → 1/7, Ema Burgic: 7/2 → 4/1
2026-02-26T22:15:00.686Z [EVENT] (serving: Ema Burgic)  game: 30-0
2026-02-26T22:19:30.838Z [ODDS] (serving: Ema Burgic)  Akasha Urhobo: 1/7 → 1/6, Ema Burgic: 4/1 → 7/2
2026-02-26T22:19:30.838Z [EVENT] (serving: Ema Burgic)  game: 30-15
2026-02-26T22:20:11.883Z [ODDS] (serving: Ema Burgic)  Akasha Urhobo: 1/6 → 2/9, Ema Burgic: 7/2 → 3/1
2026-02-26T22:20:11.883Z [EVENT] (serving: Ema Burgic)  game: 30-30
2026-02-26T22:20:50.230Z [ODDS] (serving: Ema Burgic)  Akasha Urhobo: 2/9 → 1/4, Ema Burgic: 3/1 → 11/4
2026-02-26T22:20:50.230Z [EVENT] (serving: Ema Burgic)  game: 30-40
2026-02-26T22:21:29.484Z [ODDS] (serving: Akasha Urhobo)  Akasha Urhobo: 1/4 → 3/10, Ema Burgic: 11/4 → 12/5
2026-02-26T22:21:29.485Z [EVENT] (serving: Akasha Urhobo)  sets: 3-4, game: 0-0, serving: P1
2026-02-26T22:23:39.805Z [ODDS] (serving: Akasha Urhobo)  Akasha Urhobo: 3/10 → 1/4, Ema Burgic: 12/5 → 11/4
2026-02-26T22:23:39.805Z [EVENT] (serving: Akasha Urhobo)  game: 15-0
2026-02-26T22:24:09.120Z [ODDS] (serving: Akasha Urhobo)  Akasha Urhobo: 1/4 → 2/7, Ema Burgic: 11/4 → 5/2
2026-02-26T22:24:20.395Z [ODDS] (serving: Akasha Urhobo)  Akasha Urhobo: 2/7 → 1/3, Ema Burgic: 5/2 → 9/4
2026-02-26T22:24:20.395Z [EVENT] (serving: Akasha Urhobo)  game: 15-15
2026-02-26T22:24:50.620Z [ODDS] (serving: Akasha Urhobo)  Akasha Urhobo: 1/3 → 4/11, Ema Burgic: 9/4 → 2/1
2026-02-26T22:24:53.773Z [ODDS] (serving: Akasha Urhobo)  Akasha Urhobo: 4/11 → 2/5, Ema Burgic: 2/1 → 7/4
2026-02-26T22:25:09.104Z [ODDS] (serving: Akasha Urhobo)  Akasha Urhobo: 2/5 → 1/3, Ema Burgic: 7/4 → 9/4
2026-02-26T22:25:09.104Z [EVENT] (serving: Akasha Urhobo)  game: 30-15
2026-02-26T22:25:56.462Z [ODDS] (serving: Akasha Urhobo)  Akasha Urhobo: 1/3 → 2/5, Ema Burgic: 9/4 → 7/4
2026-02-26T22:25:56.462Z [EVENT] (serving: Akasha Urhobo)  game: 30-30
2026-02-26T22:26:28.931Z [ODDS] (serving: Akasha Urhobo)  Akasha Urhobo: 2/5 → 1/3, Ema Burgic: 7/4 → 9/4
2026-02-26T22:26:28.932Z [EVENT] (serving: Akasha Urhobo)  game: 40-30
2026-02-26T22:27:18.541Z [ODDS] (serving: Ema Burgic)  Akasha Urhobo: 1/3 → 2/7, Ema Burgic: 9/4 → 5/2
2026-02-26T22:27:18.541Z [EVENT] (serving: Ema Burgic)  sets: 4-4, game: 0-0, serving: P2
2026-02-26T22:28:07.705Z [ODDS] (serving: Ema Burgic)  Akasha Urhobo: 2/7 → 2/9, Ema Burgic: 5/2 → 3/1
2026-02-26T22:28:07.705Z [EVENT] (serving: Ema Burgic)  game: 15-0
2026-02-26T22:28:58.215Z [ODDS] (serving: Ema Burgic)  Akasha Urhobo: 2/9 → 1/4, Ema Burgic: 3/1 → 11/4
2026-02-26T22:28:58.215Z [EVENT] (serving: Ema Burgic)  game: 15-15
2026-02-26T22:29:32.495Z [ODDS] (serving: Ema Burgic)  Akasha Urhobo: 1/4 → 1/5, Ema Burgic: 11/4 → 10/3
2026-02-26T22:29:32.495Z [EVENT] (serving: Ema Burgic)  game: 30-15
2026-02-26T22:30:19.846Z [ODDS] (serving: Ema Burgic)  Akasha Urhobo: 1/5 → 1/7, Ema Burgic: 10/3 → 4/1
2026-02-26T22:30:19.846Z [EVENT] (serving: Ema Burgic)  game: 40-15
2026-02-26T22:31:08.105Z [ODDS] (serving: Ema Burgic)  Akasha Urhobo: 1/7 → 1/5, Ema Burgic: 4/1 → 10/3
2026-02-26T22:31:08.105Z [EVENT] (serving: Ema Burgic)  game: 40-30
2026-02-26T22:31:41.967Z [ODDS] (serving: Ema Burgic)  Akasha Urhobo: 1/5 → 1/4, Ema Burgic: 10/3 → 11/4
2026-02-26T22:31:42.009Z [EVENT] (serving: Ema Burgic)  game: 40-40
2026-02-26T22:32:12.149Z [ODDS] (serving: Ema Burgic)  Akasha Urhobo: 1/4 → 1/3, Ema Burgic: 11/4 → 9/4
2026-02-26T22:32:12.149Z [EVENT] (serving: Ema Burgic)  game: 40-A
2026-02-26T22:33:06.269Z [ODDS] (serving: Ema Burgic)  Akasha Urhobo: 1/3 → 1/4, Ema Burgic: 9/4 → 11/4
2026-02-26T22:33:06.269Z [EVENT] (serving: Ema Burgic)  game: 40-40
2026-02-26T22:33:41.448Z [ODDS] (serving: Ema Burgic)  Akasha Urhobo: 1/4 → 1/5, Ema Burgic: 11/4 → 10/3
2026-02-26T22:33:41.448Z [EVENT] (serving: Ema Burgic)  game: A-40
2026-02-26T22:34:26.274Z [ODDS] (serving: Ema Burgic)  Akasha Urhobo: 1/5 → 1/6, Ema Burgic: 10/3 → 7/2
2026-02-26T22:34:33.040Z [ODDS] (serving: Ema Burgic)  Akasha Urhobo: 1/6 → 1/4, Ema Burgic: 7/2 → 11/4
2026-02-26T22:34:33.040Z [EVENT] (serving: Ema Burgic)  game: 40-40
2026-02-26T22:35:12.735Z [ODDS] (serving: Ema Burgic)  Akasha Urhobo: 1/4 → 1/3, Ema Burgic: 11/4 → 9/4
2026-02-26T22:35:12.735Z [EVENT] (serving: Ema Burgic)  game: 40-A
2026-02-26T22:35:48.810Z [ODDS] (serving: Ema Burgic)  Akasha Urhobo: 1/3 → 3/10, Ema Burgic: 9/4 → 12/5
2026-02-26T22:36:11.357Z [ODDS] (serving: Akasha Urhobo)  Akasha Urhobo: 3/10 → 2/5, Ema Burgic: 12/5 → 7/4
2026-02-26T22:36:11.357Z [EVENT] (serving: Akasha Urhobo)  sets: 4-5, game: 0-0, serving: P1
2026-02-26T22:38:12.267Z [ODDS] (serving: Akasha Urhobo)  Akasha Urhobo: 2/5 → 1/3, Ema Burgic: 7/4 → 9/4
2026-02-26T22:38:12.267Z [EVENT] (serving: Akasha Urhobo)  game: 15-0
2026-02-26T22:38:48.893Z [ODDS] (serving: Akasha Urhobo)  Akasha Urhobo: 1/3 → 2/5, Ema Burgic: 9/4 → 7/4
2026-02-26T22:38:48.893Z [EVENT] (serving: Akasha Urhobo)  game: 15-15
2026-02-26T22:39:22.719Z [ODDS] (serving: Akasha Urhobo)  Akasha Urhobo: 2/5 → 1/3, Ema Burgic: 7/4 → 9/4
2026-02-26T22:39:22.719Z [EVENT] (serving: Akasha Urhobo)  game: 30-15
2026-02-26T22:39:56.099Z [ODDS] (serving: Akasha Urhobo)  Akasha Urhobo: 1/3 → 4/9, Ema Burgic: 9/4 → 13/8
2026-02-26T22:39:56.099Z [EVENT] (serving: Akasha Urhobo)  game: 30-30
2026-02-26T22:40:24.058Z [ODDS] (serving: Akasha Urhobo)  Akasha Urhobo: 4/9 → 1/3, Ema Burgic: 13/8 → 9/4
2026-02-26T22:40:24.059Z [EVENT] (serving: Akasha Urhobo)  game: 40-30
2026-02-26T22:40:42.548Z [ODDS] (serving: Akasha Urhobo)  Akasha Urhobo: 1/3 → 4/11, Ema Burgic: 9/4 → 2/1
2026-02-26T22:40:54.276Z [ODDS] (serving: Akasha Urhobo)  Akasha Urhobo: 4/11 → 4/9, Ema Burgic: 2/1 → 13/8
2026-02-26T22:40:54.276Z [EVENT] (serving: Akasha Urhobo)  game: 40-40
2026-02-26T22:41:29.458Z [ODDS] (serving: Akasha Urhobo)  Akasha Urhobo: 4/9 → 8/13, Ema Burgic: 13/8 → 6/5
2026-02-26T22:41:29.458Z [EVENT] (serving: Akasha Urhobo)  game: 40-A
2026-02-26T22:42:29.889Z [ODDS] (serving: Akasha Urhobo)  Akasha Urhobo: 8/13 → 4/9, Ema Burgic: 6/5 → 13/8
2026-02-26T22:42:29.889Z [EVENT] (serving: Akasha Urhobo)  game: 40-40
2026-02-26T22:42:47.027Z [ODDS] (serving: Akasha Urhobo)  Akasha Urhobo: 4/9 → 8/13, Ema Burgic: 13/8 → 6/5
2026-02-26T22:42:47.027Z [EVENT] (serving: Akasha Urhobo)  game: 40-A
2026-02-26T22:43:10.930Z [ODDS] (serving: Akasha Urhobo)  Akasha Urhobo: 8/13 → 4/6, Ema Burgic: 6/5 → 11/10
2026-02-26T22:43:28.071Z [ODDS] (serving: Ema Burgic)  Akasha Urhobo: 4/6 → 19/20, Ema Burgic: 11/10 → 4/5
2026-02-26T22:43:28.071Z [EVENT] (serving: Ema Burgic)  sets: 4-6,0-0, game: 0-0, serving: P2
2026-02-26T22:45:13.235Z [ODDS] (serving: Ema Burgic)  Akasha Urhobo: 19/20 → 1/1, Ema Burgic: 4/5 → 3/4
2026-02-26T22:46:03.214Z [ODDS] (serving: Ema Burgic)  Akasha Urhobo: 1/1 → 11/10, Ema Burgic: 3/4 → 4/6
2026-02-26T22:46:03.214Z [EVENT] (serving: Ema Burgic)  game: 0-15
2026-02-26T22:46:32.529Z [ODDS] (serving: Ema Burgic)  Akasha Urhobo: 11/10 → 5/4, Ema Burgic: 4/6 → 4/7
2026-02-26T22:46:32.529Z [EVENT] (serving: Ema Burgic)  game: 0-30
2026-02-26T22:47:06.806Z [ODDS] (serving: Ema Burgic)  Akasha Urhobo: 5/4 → 11/10, Ema Burgic: 4/7 → 4/6
2026-02-26T22:47:06.806Z [EVENT] (serving: Ema Burgic)  game: 15-30
2026-02-26T22:47:33.870Z [ODDS] (serving: Ema Burgic)  Akasha Urhobo: 11/10 → 5/4, Ema Burgic: 4/6 → 4/7
2026-02-26T22:47:33.870Z [EVENT] (serving: Ema Burgic)  game: 15-40
2026-02-26T22:48:14.908Z [ODDS] (serving: Ema Burgic)  Akasha Urhobo: 5/4 → 11/8, Ema Burgic: 4/7 → 8/15
2026-02-26T22:48:19.867Z [ODDS] (serving: Ema Burgic)  Akasha Urhobo: 11/8 → 6/5, Ema Burgic: 8/15 → 8/13
2026-02-26T22:48:19.867Z [EVENT] (serving: Ema Burgic)  game: 30-40
2026-02-26T22:48:27.985Z [ODDS] (serving: Ema Burgic)  Akasha Urhobo: 6/5 → 5/4, Ema Burgic: 8/13 → 4/7
2026-02-26T22:48:46.025Z [ODDS] (serving: Akasha Urhobo)  Akasha Urhobo: 5/4 → 6/4, Ema Burgic: 4/7 → 1/2
2026-02-26T22:48:46.025Z [EVENT] (serving: Akasha Urhobo)  sets: 4-6,0-1, game: 0-0, serving: P1
2026-02-26T22:50:25.247Z [ODDS] (serving: Akasha Urhobo)  Akasha Urhobo: 6/4 → 7/4, Ema Burgic: 1/2 → 2/5
2026-02-26T22:50:25.247Z [EVENT] (serving: Akasha Urhobo)  game: 0-15
2026-02-26T22:50:52.759Z [ODDS] (serving: Akasha Urhobo)  Akasha Urhobo: 7/4 → 2/1, Ema Burgic: 2/5 → 4/11
2026-02-26T22:50:55.473Z [ODDS] (serving: Akasha Urhobo)  Akasha Urhobo: 2/1 → 7/4, Ema Burgic: 4/11 → 2/5
2026-02-26T22:50:56.366Z [ODDS] (serving: Akasha Urhobo)  Akasha Urhobo: 7/4 → 12/5, Ema Burgic: 2/5 → 3/10
2026-02-26T22:50:56.366Z [EVENT] (serving: Akasha Urhobo)  game: 0-30
2026-02-26T22:51:20.269Z [ODDS] (serving: Akasha Urhobo)  Akasha Urhobo: 12/5 → 2/1, Ema Burgic: 3/10 → 4/11
2026-02-26T22:51:20.269Z [EVENT] (serving: Akasha Urhobo)  game: 15-30
2026-02-26T22:52:06.271Z [ODDS] (serving: Akasha Urhobo)  Akasha Urhobo: 2/1 → 5/2, Ema Burgic: 4/11 → 2/7
2026-02-26T22:52:06.271Z [EVENT] (serving: Akasha Urhobo)  game: 15-40
2026-02-26T22:52:40.098Z [ODDS] (serving: Akasha Urhobo)  Akasha Urhobo: 5/2 → 9/4, Ema Burgic: 2/7 → 1/3
2026-02-26T22:52:40.098Z [EVENT] (serving: Akasha Urhobo)  game: 30-40
2026-02-26T22:53:21.137Z [ODDS] (serving: Akasha Urhobo)  Akasha Urhobo: 9/4 → 13/8, Ema Burgic: 1/3 → 4/9
2026-02-26T22:53:21.137Z [EVENT] (serving: Akasha Urhobo)  game: 40-40
2026-02-26T22:54:07.590Z [ODDS] (serving: Akasha Urhobo)  Akasha Urhobo: 13/8 → 9/4, Ema Burgic: 4/9 → 1/3
2026-02-26T22:54:07.590Z [EVENT] (serving: Akasha Urhobo)  game: 40-A
2026-02-26T22:54:36.005Z [ODDS] (serving: Akasha Urhobo)  Akasha Urhobo: 9/4 → 13/8, Ema Burgic: 1/3 → 4/9
2026-02-26T22:54:36.005Z [EVENT] (serving: Akasha Urhobo)  game: 40-40
2026-02-26T22:55:07.575Z [ODDS] (serving: Akasha Urhobo)  Akasha Urhobo: 13/8 → 9/4, Ema Burgic: 4/9 → 1/3
2026-02-26T22:55:07.575Z [EVENT] (serving: Akasha Urhobo)  game: 40-A
2026-02-26T22:55:41.851Z [ODDS] (serving: Akasha Urhobo)  Akasha Urhobo: 9/4 → 13/8, Ema Burgic: 1/3 → 4/9
2026-02-26T22:55:41.851Z [EVENT] (serving: Akasha Urhobo)  game: 40-40
2026-02-26T22:56:32.815Z [ODDS] (serving: Akasha Urhobo)  Akasha Urhobo: 13/8 → 11/8, Ema Burgic: 4/9 → 8/15
2026-02-26T22:56:32.815Z [EVENT] (serving: Akasha Urhobo)  game: A-40
2026-02-26T22:57:17.463Z [ODDS] (serving: Akasha Urhobo)  Akasha Urhobo: 11/8 → 13/8, Ema Burgic: 8/15 → 4/9
2026-02-26T22:57:17.463Z [EVENT] (serving: Akasha Urhobo)  game: 40-40
2026-02-26T22:58:27.368Z [ODDS] (serving: Akasha Urhobo)  Akasha Urhobo: 13/8 → 7/4, Ema Burgic: 4/9 → 2/5
2026-02-26T22:58:41.351Z [ODDS] (serving: Akasha Urhobo)  Akasha Urhobo: 7/4 → 11/8, Ema Burgic: 2/5 → 8/15
2026-02-26T22:58:41.352Z [EVENT] (serving: Akasha Urhobo)  game: A-40
2026-02-26T22:59:23.746Z [ODDS] (serving: Ema Burgic)  Akasha Urhobo: 11/8 → 6/5, Ema Burgic: 8/15 → 8/13
2026-02-26T22:59:23.746Z [EVENT] (serving: Ema Burgic)  sets: 4-6,1-1, game: 0-0, serving: P2
2026-02-26T23:00:46.278Z [ODDS] (serving: Ema Burgic)  Akasha Urhobo: 6/5 → 11/10, Ema Burgic: 8/13 → 4/6
2026-02-26T23:00:55.750Z [ODDS] (serving: Ema Burgic)  Akasha Urhobo: 11/10 → 11/8, Ema Burgic: 4/6 → 8/15
2026-02-26T23:00:55.750Z [EVENT] (serving: Ema Burgic)  game: 0-15
2026-02-26T23:01:13.339Z [ODDS] (serving: Ema Burgic)  Akasha Urhobo: 11/8 → 13/8, Ema Burgic: 8/15 → 4/9
2026-02-26T23:01:13.339Z [EVENT] (serving: Ema Burgic)  game: 0-30
2026-02-26T23:01:39.046Z [ODDS] (serving: Ema Burgic)  Akasha Urhobo: 13/8 → 6/4, Ema Burgic: 4/9 → 1/2
2026-02-26T23:02:12.877Z [ODDS] (serving: Ema Burgic)  Akasha Urhobo: 6/4 → 13/8, Ema Burgic: 1/2 → 4/9
2026-02-26T23:02:25.498Z [ODDS] (serving: Ema Burgic)  Akasha Urhobo: 13/8 → 11/8, Ema Burgic: 4/9 → 8/15
2026-02-26T23:02:25.498Z [EVENT] (serving: Ema Burgic)  game: 15-30
2026-02-26T23:02:54.369Z [ODDS] (serving: Ema Burgic)  Akasha Urhobo: 11/8 → 13/8, Ema Burgic: 8/15 → 4/9
2026-02-26T23:02:54.369Z [EVENT] (serving: Ema Burgic)  game: 15-40
2026-02-26T23:03:50.740Z [ODDS] (serving: Akasha Urhobo)  Akasha Urhobo: 13/8 → 7/4, Ema Burgic: 4/9 → 2/5
2026-02-26T23:03:50.740Z [EVENT] (serving: Akasha Urhobo)  sets: 4-6,1-2, game: 0-0, serving: P1
2026-02-26T23:05:37.632Z [ODDS] (serving: Akasha Urhobo)  Akasha Urhobo: 7/4 → 6/4, Ema Burgic: 2/5 → 1/2
2026-02-26T23:05:37.632Z [EVENT] (serving: Akasha Urhobo)  game: 15-0
2026-02-26T23:06:02.430Z [ODDS] (serving: Akasha Urhobo)  Akasha Urhobo: 6/4 → 7/4, Ema Burgic: 1/2 → 2/5
2026-02-26T23:06:02.430Z [EVENT] (serving: Akasha Urhobo)  game: 15-15
2026-02-26T23:06:44.825Z [ODDS] (serving: Akasha Urhobo)  Akasha Urhobo: 7/4 → 6/4, Ema Burgic: 2/5 → 1/2
2026-02-26T23:06:44.825Z [EVENT] (serving: Akasha Urhobo)  game: 30-15
2026-02-26T23:07:29.927Z [ODDS] (serving: Akasha Urhobo)  Akasha Urhobo: 6/4 → 13/8, Ema Burgic: 1/2 → 4/9
2026-02-26T23:07:44.810Z [ODDS] (serving: Akasha Urhobo)  Akasha Urhobo: 13/8 → 5/4, Ema Burgic: 4/9 → 4/7
2026-02-26T23:07:44.810Z [EVENT] (serving: Akasha Urhobo)  game: 40-15
2026-02-26T23:08:15.829Z [ODDS] (serving: Akasha Urhobo)  Akasha Urhobo: 5/4 → 11/8, Ema Burgic: 4/7 → 8/15
2026-02-26T23:08:34.768Z [ODDS] (serving: Akasha Urhobo)  Akasha Urhobo: 11/8 → 13/8, Ema Burgic: 8/15 → 4/9
2026-02-26T23:08:34.768Z [EVENT] (serving: Akasha Urhobo)  game: 40-30
2026-02-26T23:09:26.182Z [ODDS] (serving: Ema Burgic)  Akasha Urhobo: 13/8 → 11/8, Ema Burgic: 4/9 → 8/15
2026-02-26T23:09:26.182Z [EVENT] (serving: Ema Burgic)  sets: 4-6,2-2, game: 0-0, serving: P2
2026-02-26T23:10:32.930Z [ODDS] (serving: Ema Burgic)  Akasha Urhobo: 11/8 → 5/4, Ema Burgic: 8/15 → 4/7
2026-02-26T23:10:49.171Z [ODDS] (serving: Ema Burgic)  Akasha Urhobo: 5/4 → 11/10, Ema Burgic: 4/7 → 4/6
2026-02-26T23:10:49.171Z [EVENT] (serving: Ema Burgic)  game: 15-0
2026-02-26T23:11:12.623Z [ODDS] (serving: Ema Burgic)  Akasha Urhobo: 11/10 → 21/20, Ema Burgic: 4/6 → 7/10
2026-02-26T23:11:27.057Z [ODDS] (serving: Ema Burgic)  Akasha Urhobo: 21/20 → 5/4, Ema Burgic: 7/10 → 4/7
2026-02-26T23:11:27.057Z [EVENT] (serving: Ema Burgic)  game: 15-15
2026-02-26T23:12:18.020Z [ODDS] (serving: Ema Burgic)  Akasha Urhobo: 5/4 → 13/8, Ema Burgic: 4/7 → 4/9
2026-02-26T23:12:18.021Z [EVENT] (serving: Ema Burgic)  game: 15-30
2026-02-26T23:13:08.082Z [ODDS] (serving: Ema Burgic)  Akasha Urhobo: 13/8 → 6/4, Ema Burgic: 4/9 → 1/2
2026-02-26T23:13:22.965Z [ODDS] (serving: Ema Burgic)  Akasha Urhobo: 6/4 → 5/4, Ema Burgic: 1/2 → 4/7
2026-02-26T23:13:22.966Z [EVENT] (serving: Ema Burgic)  game: 30-30
2026-02-26T23:13:50.478Z [ODDS] (serving: Ema Burgic)  Akasha Urhobo: 5/4 → 6/5, Ema Burgic: 4/7 → 8/13
2026-02-26T23:14:25.204Z [ODDS] (serving: Ema Burgic)  Akasha Urhobo: 6/5 → 1/1, Ema Burgic: 8/13 → 3/4
2026-02-26T23:14:25.204Z [EVENT] (serving: Ema Burgic)  game: 40-30
2026-02-26T23:15:03.087Z [ODDS] (serving: Ema Burgic)  Akasha Urhobo: 1/1 → 19/20, Ema Burgic: 3/4 → 4/5
2026-02-26T23:15:22.481Z [ODDS] (serving: Akasha Urhobo)  Akasha Urhobo: 19/20 → 4/5, Ema Burgic: 4/5 → 19/20
2026-02-26T23:15:22.481Z [EVENT] (serving: Akasha Urhobo)  sets: 4-6,3-2, game: 0-0, serving: P1
2026-02-26T23:17:07.111Z [ODDS] (serving: Akasha Urhobo)  Akasha Urhobo: 4/5 → 19/20, Ema Burgic: 19/20 → 4/5
2026-02-26T23:17:07.111Z [EVENT] (serving: Akasha Urhobo)  game: 0-15
2026-02-26T23:17:49.055Z [ODDS] (serving: Akasha Urhobo)  Akasha Urhobo: 19/20 → 4/5, Ema Burgic: 4/5 → 19/20
2026-02-26T23:17:49.055Z [EVENT] (serving: Akasha Urhobo)  game: 15-15
2026-02-26T23:18:22.430Z [ODDS] (serving: Akasha Urhobo)  Akasha Urhobo: 4/5 → 10/11, Ema Burgic: 19/20 → 10/11
2026-02-26T23:18:33.253Z [ODDS] (serving: Akasha Urhobo)  Akasha Urhobo: 10/11 → 7/10, Ema Burgic: 10/11 → 21/20
2026-02-26T23:18:33.253Z [EVENT] (serving: Akasha Urhobo)  game: 30-15
2026-02-26T23:19:04.841Z [ODDS] (serving: Akasha Urhobo)  Akasha Urhobo: 7/10 → 3/4, Ema Burgic: 21/20 → 1/1
2026-02-26T23:19:18.354Z [ODDS] (serving: Akasha Urhobo)  Akasha Urhobo: 3/4 → 10/11, Ema Burgic: 1/1 → 10/11
2026-02-26T23:19:18.354Z [EVENT] (serving: Akasha Urhobo)  game: 30-30
2026-02-26T23:19:52.630Z [ODDS] (serving: Akasha Urhobo)  Akasha Urhobo: 10/11 → 4/5, Ema Burgic: 10/11 → 19/20
2026-02-26T23:19:58.046Z [ODDS] (serving: Akasha Urhobo)  Akasha Urhobo: 4/5 → 10/11, Ema Burgic: 19/20 → 10/11
2026-02-26T23:20:02.182Z [ODDS] (serving: Akasha Urhobo)  Akasha Urhobo: 10/11 → 4/5, Ema Burgic: 10/11 → 19/20
2026-02-26T23:20:13.829Z [ODDS] (serving: Akasha Urhobo)  Akasha Urhobo: 4/5 → 1/1, Ema Burgic: 19/20 → 3/4
2026-02-26T23:20:13.829Z [EVENT] (serving: Akasha Urhobo)  game: 30-40
2026-02-26T23:20:21.495Z [ODDS] (serving: Akasha Urhobo)  Akasha Urhobo: 1/1 → 19/20, Ema Burgic: 3/4 → 4/5
2026-02-26T23:20:47.654Z [ODDS] (serving: Ema Burgic)  Akasha Urhobo: 19/20 → 6/5, Ema Burgic: 4/5 → 8/13
2026-02-26T23:20:47.654Z [EVENT] (serving: Ema Burgic)  sets: 4-6,3-3, game: 0-0, serving: P2
2026-02-26T23:21:54.406Z [ODDS] (serving: Ema Burgic)  Akasha Urhobo: 6/5 → 1/1, Ema Burgic: 8/13 → 3/4
2026-02-26T23:21:54.406Z [EVENT] (serving: Ema Burgic)  game: 15-0
2026-02-26T23:22:35.450Z [ODDS] (serving: Ema Burgic)  Akasha Urhobo: 1/1 → 6/5, Ema Burgic: 3/4 → 8/13
2026-02-26T23:22:35.451Z [EVENT] (serving: Ema Burgic)  game: 15-15
2026-02-26T23:23:01.602Z [ODDS] (serving: Ema Burgic)  Akasha Urhobo: 6/5 → 6/4, Ema Burgic: 8/13 → 1/2
2026-02-26T23:23:01.602Z [EVENT] (serving: Ema Burgic)  game: 15-30
2026-02-26T23:23:43.098Z [ODDS] (serving: Ema Burgic)  Akasha Urhobo: 6/4 → 6/5, Ema Burgic: 1/2 → 8/13
2026-02-26T23:23:43.102Z [EVENT] (serving: Ema Burgic)  game: 30-30
2026-02-26T23:24:11.063Z [ODDS] (serving: Ema Burgic)  Akasha Urhobo: 6/5 → 11/10, Ema Burgic: 8/13 → 4/6
2026-02-26T23:24:31.804Z [ODDS] (serving: Ema Burgic)  Akasha Urhobo: 11/10 → 13/8, Ema Burgic: 4/6 → 4/9
2026-02-26T23:24:31.804Z [EVENT] (serving: Ema Burgic)  game: 30-40
2026-02-26T23:25:01.120Z [ODDS] (serving: Ema Burgic)  Akasha Urhobo: 13/8 → 6/4, Ema Burgic: 4/9 → 1/2
2026-02-26T23:25:25.499Z [ODDS] (serving: Ema Burgic)  Akasha Urhobo: 6/4 → 6/5, Ema Burgic: 1/2 → 8/13
2026-02-26T23:25:25.544Z [EVENT] (serving: Ema Burgic)  game: 40-40
2026-02-26T23:26:17.341Z [ODDS] (serving: Ema Burgic)  Akasha Urhobo: 6/5 → 13/8, Ema Burgic: 8/13 → 4/9
2026-02-26T23:26:17.341Z [EVENT] (serving: Ema Burgic)  game: 40-A
2026-02-26T23:26:52.970Z [ODDS] (serving: Ema Burgic)  Akasha Urhobo: 13/8 → 6/5, Ema Burgic: 4/9 → 8/13
2026-02-26T23:26:52.970Z [EVENT] (serving: Ema Burgic)  game: 40-40
2026-02-26T23:27:29.502Z [ODDS] (serving: Ema Burgic)  Akasha Urhobo: 6/5 → 11/10, Ema Burgic: 8/13 → 4/6
2026-02-26T23:27:46.638Z [ODDS] (serving: Ema Burgic)  Akasha Urhobo: 11/10 → 19/20, Ema Burgic: 4/6 → 4/5
2026-02-26T23:27:46.639Z [EVENT] (serving: Ema Burgic)  game: A-40
2026-02-26T23:28:20.915Z [ODDS] (serving: Akasha Urhobo)  Akasha Urhobo: 19/20 → 7/10, Ema Burgic: 4/5 → 21/20
2026-02-26T23:28:20.915Z [EVENT] (serving: Akasha Urhobo)  sets: 4-6,4-3, game: 0-0, serving: P1
2026-02-26T23:30:29.901Z [ODDS] (serving: Akasha Urhobo)  Akasha Urhobo: 7/10 → 10/11, Ema Burgic: 21/20 → 10/11
2026-02-26T23:30:29.901Z [EVENT] (serving: Akasha Urhobo)  game: 0-15
2026-02-26T23:30:53.355Z [ODDS] (serving: Akasha Urhobo)  Akasha Urhobo: 10/11 → 3/4, Ema Burgic: 10/11 → 1/1
2026-02-26T23:30:53.355Z [EVENT] (serving: Akasha Urhobo)  game: 15-15
2026-02-26T23:31:25.826Z [ODDS] (serving: Akasha Urhobo)  Akasha Urhobo: 3/4 → 19/20, Ema Burgic: 1/1 → 4/5
2026-02-26T23:31:25.827Z [EVENT] (serving: Akasha Urhobo)  game: 15-30
2026-02-26T23:32:05.516Z [ODDS] (serving: Akasha Urhobo)  Akasha Urhobo: 19/20 → 11/10, Ema Burgic: 4/5 → 4/6
2026-02-26T23:32:05.516Z [EVENT] (serving: Akasha Urhobo)  game: 15-40
2026-02-26T23:32:27.617Z [ODDS] (serving: Akasha Urhobo)  Akasha Urhobo: 11/10 → 21/20, Ema Burgic: 4/6 → 7/10
2026-02-26T23:32:51.516Z [ODDS] (serving: Ema Burgic)  Akasha Urhobo: 21/20 → 11/8, Ema Burgic: 7/10 → 8/15
2026-02-26T23:32:51.516Z [EVENT] (serving: Ema Burgic)  sets: 4-6,4-4, game: 0-0, serving: P2
2026-02-26T23:33:44.734Z [ODDS] (serving: Ema Burgic)  Akasha Urhobo: 11/8 → 13/8, Ema Burgic: 8/15 → 4/9
2026-02-26T23:33:44.734Z [EVENT] (serving: Ema Burgic)  game: 0-15
2026-02-26T23:34:18.560Z [ODDS] (serving: Ema Burgic)  Akasha Urhobo: 13/8 → 5/4, Ema Burgic: 4/9 → 4/7
2026-02-26T23:34:18.560Z [EVENT] (serving: Ema Burgic)  game: 15-15
2026-02-26T23:35:05.933Z [ODDS] (serving: Ema Burgic)  Akasha Urhobo: 5/4 → 7/4, Ema Burgic: 4/7 → 2/5
2026-02-26T23:35:05.933Z [EVENT] (serving: Ema Burgic)  game: 15-30
2026-02-26T23:35:40.643Z [ODDS] (serving: Ema Burgic)  Akasha Urhobo: 7/4 → 13/8, Ema Burgic: 2/5 → 4/9
2026-02-26T23:36:04.998Z [ODDS] (serving: Ema Burgic)  Akasha Urhobo: 13/8 → 5/4, Ema Burgic: 4/9 → 4/7
2026-02-26T23:36:04.998Z [EVENT] (serving: Ema Burgic)  game: 30-30
2026-02-26T23:36:41.979Z [ODDS] (serving: Ema Burgic)  Akasha Urhobo: 5/4 → 6/5, Ema Burgic: 4/7 → 8/13
2026-02-26T23:37:16.262Z [ODDS] (serving: Ema Burgic)  Akasha Urhobo: 6/5 → 19/20, Ema Burgic: 8/13 → 4/5
2026-02-26T23:37:16.262Z [EVENT] (serving: Ema Burgic)  game: 40-30
2026-02-26T23:37:44.223Z [ODDS] (serving: Ema Burgic)  Akasha Urhobo: 19/20 → 10/11, Ema Burgic: 4/5 → 10/11
2026-02-26T23:37:56.396Z [ODDS] (serving: Akasha Urhobo)  Akasha Urhobo: 10/11 → 7/10, Ema Burgic: 10/11 → 21/20
2026-02-26T23:37:56.396Z [EVENT] (serving: Akasha Urhobo)  sets: 4-6,5-4, game: 0-0, serving: P1
2026-02-26T23:40:06.207Z [ODDS] (serving: Akasha Urhobo)  Akasha Urhobo: 7/10 → 10/11, Ema Burgic: 21/20 → 10/11
2026-02-26T23:40:06.207Z [EVENT] (serving: Akasha Urhobo)  game: 0-15
2026-02-26T23:40:43.188Z [ODDS] (serving: Akasha Urhobo)  Akasha Urhobo: 10/11 → 3/4, Ema Burgic: 10/11 → 1/1
2026-02-26T23:40:43.188Z [EVENT] (serving: Akasha Urhobo)  game: 15-15
2026-02-26T23:41:16.107Z [ODDS] (serving: Akasha Urhobo)  Akasha Urhobo: 3/4 → 8/13, Ema Burgic: 1/1 → 6/5
2026-02-26T23:41:16.107Z [EVENT] (serving: Akasha Urhobo)  game: 30-15
2026-02-26T23:41:52.188Z [ODDS] (serving: Akasha Urhobo)  Akasha Urhobo: 8/13 → 1/2, Ema Burgic: 6/5 → 6/4
2026-02-26T23:41:52.188Z [EVENT] (serving: Akasha Urhobo)  game: 40-15
2026-02-26T23:42:44.504Z [ODDS] (serving: Akasha Urhobo)  Akasha Urhobo: 1/2 → 4/7, Ema Burgic: 6/4 → 5/4
2026-02-26T23:42:44.504Z [EVENT] (serving: Akasha Urhobo)  game: 40-30
2026-02-26T23:43:09.313Z [ODDS] (serving: Akasha Urhobo)  Akasha Urhobo: 4/7 → 8/13, Ema Burgic: 5/4 → 6/5
2026-02-26T23:43:39.978Z [ODDS] (serving: Akasha Urhobo)  Akasha Urhobo: 8/13 → 4/7, Ema Burgic: 6/5 → 5/4
2026-02-26T23:43:55.763Z [ODDS] (serving: Akasha Urhobo)  Akasha Urhobo: 4/7 → 3/4, Ema Burgic: 5/4 → 1/1
2026-02-26T23:43:55.763Z [EVENT] (serving: Akasha Urhobo)  game: 40-40
2026-02-26T23:44:14.706Z [ODDS] (serving: Akasha Urhobo)  Akasha Urhobo: 3/4 → 4/7, Ema Burgic: 1/1 → 5/4
2026-02-26T23:44:14.706Z [EVENT] (serving: Akasha Urhobo)  game: A-40
2026-02-26T23:44:47.178Z [ODDS] (serving: Ema Burgic)  Akasha Urhobo: 4/7 → 4/9, Ema Burgic: 5/4 → 13/8
2026-02-26T23:44:47.178Z [EVENT] (serving: Ema Burgic)  sets: 4-6,6-4,0-0, game: 0-0, serving: P2
2026-02-26T23:53:57.870Z [ODDS] (serving: Ema Burgic)  Akasha Urhobo: 4/9 → 1/3, Ema Burgic: 13/8 → 9/4
2026-02-26T23:53:57.870Z [EVENT] (serving: Ema Burgic)  game: 15-0
2026-02-26T23:54:32.143Z [ODDS] (serving: Ema Burgic)  Akasha Urhobo: 1/3 → 2/7, Ema Burgic: 9/4 → 5/2
2026-02-26T23:54:32.143Z [EVENT] (serving: Ema Burgic)  game: 30-0
2026-02-26T23:54:55.143Z [ODDS] (serving: Ema Burgic)  Akasha Urhobo: 2/7 → 1/4, Ema Burgic: 5/2 → 11/4
2026-02-26T23:55:12.733Z [ODDS] (serving: Ema Burgic)  Akasha Urhobo: 1/4 → 1/3, Ema Burgic: 11/4 → 9/4
2026-02-26T23:55:12.733Z [EVENT] (serving: Ema Burgic)  game: 30-15
2026-02-26T23:55:41.596Z [ODDS] (serving: Ema Burgic)  Akasha Urhobo: 1/3 → 4/9, Ema Burgic: 9/4 → 13/8
2026-02-26T23:55:41.596Z [EVENT] (serving: Ema Burgic)  game: 30-30
2026-02-26T23:56:07.303Z [ODDS] (serving: Ema Burgic)  Akasha Urhobo: 4/9 → 2/5, Ema Burgic: 13/8 → 7/4
2026-02-26T23:56:42.128Z [ODDS] (serving: Ema Burgic)  Akasha Urhobo: 2/5 → 4/7, Ema Burgic: 7/4 → 5/4
2026-02-26T23:56:42.128Z [EVENT] (serving: Ema Burgic)  game: 30-40
2026-02-26T23:57:27.680Z [ODDS] (serving: Ema Burgic)  Akasha Urhobo: 4/7 → 4/9, Ema Burgic: 5/4 → 13/8
2026-02-26T23:57:27.680Z [EVENT] (serving: Ema Burgic)  game: 40-40
2026-02-26T23:57:55.190Z [ODDS] (serving: Ema Burgic)  Akasha Urhobo: 4/9 → 3/10, Ema Burgic: 13/8 → 12/5
2026-02-26T23:57:55.190Z [EVENT] (serving: Ema Burgic)  game: A-40
2026-02-26T23:58:44.352Z [ODDS] (serving: Akasha Urhobo)  Akasha Urhobo: 3/10 → 2/9, Ema Burgic: 12/5 → 3/1
2026-02-26T23:58:44.352Z [EVENT] (serving: Akasha Urhobo)  sets: 4-6,6-4,1-0, game: 0-0, serving: P1
2026-02-27T00:00:15.902Z [ODDS] (serving: Akasha Urhobo)  Akasha Urhobo: 2/9 → 2/7, Ema Burgic: 3/1 → 5/2
2026-02-27T00:00:15.902Z [EVENT] (serving: Akasha Urhobo)  game: 0-15
2026-02-27T00:00:55.139Z [ODDS] (serving: Akasha Urhobo)  Akasha Urhobo: 2/7 → 2/9, Ema Burgic: 5/2 → 3/1
2026-02-27T00:00:55.139Z [EVENT] (serving: Akasha Urhobo)  game: 15-15
2026-02-27T00:01:52.869Z [ODDS] (serving: Akasha Urhobo)  Akasha Urhobo: 2/9 → 1/6, Ema Burgic: 3/1 → 7/2
2026-02-27T00:01:52.869Z [EVENT] (serving: Akasha Urhobo)  game: 30-15
2026-02-27T00:02:36.169Z [ODDS] (serving: Akasha Urhobo)  Akasha Urhobo: 1/6 → 1/8, Ema Burgic: 7/2 → 9/2
2026-02-27T00:02:36.169Z [EVENT] (serving: Akasha Urhobo)  game: 40-15
2026-02-27T00:03:12.245Z [ODDS] (serving: Akasha Urhobo)  Akasha Urhobo: 1/8 → 1/6, Ema Burgic: 9/2 → 7/2
2026-02-27T00:03:12.245Z [EVENT] (serving: Akasha Urhobo)  game: 40-30
2026-02-27T00:03:47.876Z [ODDS] (serving: Ema Burgic)  Akasha Urhobo: 1/6 → 1/8, Ema Burgic: 7/2 → 9/2
2026-02-27T00:03:47.876Z [EVENT] (serving: Ema Burgic)  sets: 4-6,6-4,2-0, game: 0-0, serving: P2
2026-02-27T00:04:25.760Z [ODDS] (serving: Ema Burgic)  Akasha Urhobo: 1/8 → 1/9, Ema Burgic: 9/2 → 5/1
2026-02-27T00:04:50.218Z [ODDS] (serving: Ema Burgic)  Akasha Urhobo: 1/9 → 1/7, Ema Burgic: 5/1 → 4/1
2026-02-27T00:04:50.218Z [EVENT] (serving: Ema Burgic)  game: 0-15
2026-02-27T00:05:17.627Z [ODDS] (serving: Ema Burgic)  Akasha Urhobo: 1/7 → 1/6, Ema Burgic: 4/1 → 7/2
2026-02-27T00:05:17.627Z [EVENT] (serving: Ema Burgic)  game: 0-30
2026-02-27T00:05:51.004Z [ODDS] (serving: Ema Burgic)  Akasha Urhobo: 1/6 → 2/9, Ema Burgic: 7/2 → 3/1
2026-02-27T00:05:51.004Z [EVENT] (serving: Ema Burgic)  game: 0-40
2026-02-27T00:06:27.983Z [ODDS] (serving: Ema Burgic)  Akasha Urhobo: 2/9 → 1/5, Ema Burgic: 3/1 → 10/3
2026-02-27T00:06:27.983Z [EVENT] (serving: Ema Burgic)  game: 15-40
2026-02-27T00:07:13.986Z [ODDS] (serving: Ema Burgic)  Akasha Urhobo: 1/5 → 1/6, Ema Burgic: 10/3 → 7/2
2026-02-27T00:07:13.986Z [EVENT] (serving: Ema Burgic)  game: 30-40
2026-02-27T00:08:01.791Z [ODDS] (serving: Ema Burgic)  Akasha Urhobo: 1/6 → 1/9, Ema Burgic: 7/2 → 5/1
2026-02-27T00:08:01.791Z [EVENT] (serving: Ema Burgic)  game: 40-40
