2026-02-26T21:41:37.143Z [ODDS] (serving: Ann Li)  Ann Li: 4/5 → 8/11, Zeynep Sonmez: 1/1 → 11/10
2026-02-26T21:41:37.143Z [EVENT] (serving: Ann Li)  game: 15-0
2026-02-26T21:41:52.923Z [ODDS] (serving: Ann Li)  Ann Li: 8/11 → 4/6, Zeynep Sonmez: 11/10 → 6/5
2026-02-26T21:41:52.923Z [EVENT] (serving: Ann Li)  game: 30-0
2026-02-26T21:42:29.096Z [ODDS] (serving: Ann Li)  Ann Li: 4/6 → 8/13, Zeynep Sonmez: 6/5 → 13/10
2026-02-26T21:42:29.096Z [EVENT] (serving: Ann Li)  game: 40-0
2026-02-26T21:43:02.380Z [ODDS] (serving: Ann Li)  Ann Li: 8/13 → 4/6, Zeynep Sonmez: 13/10 → 6/5
2026-02-26T21:43:02.380Z [EVENT] (serving: Ann Li)  game: 40-15
2026-02-26T21:43:27.645Z [ODDS] (serving: Zeynep Sonmez)  Ann Li: 4/6 → 8/13, Zeynep Sonmez: 6/5 → 13/10
2026-02-26T21:43:27.645Z [EVENT] (serving: Zeynep Sonmez)  sets: 1-0, game: 0-0, serving: P2
2026-02-26T21:44:40.243Z [ODDS] (serving: Zeynep Sonmez)  Ann Li: 8/13 → 4/6, Zeynep Sonmez: 13/10 → 6/5
2026-02-26T21:44:40.244Z [EVENT] (serving: Zeynep Sonmez)  game: 0-15
2026-02-26T21:45:33.022Z [ODDS] (serving: Zeynep Sonmez)  Ann Li: 4/6 → 8/13, Zeynep Sonmez: 6/5 → 13/10
2026-02-26T21:45:33.022Z [EVENT] (serving: Zeynep Sonmez)  game: 15-15
2026-02-26T21:46:05.935Z [ODDS] (serving: Zeynep Sonmez)  Ann Li: 8/13 → 4/7, Zeynep Sonmez: 13/10 → 11/8
2026-02-26T21:46:05.935Z [EVENT] (serving: Zeynep Sonmez)  game: 30-15
2026-02-26T21:46:41.129Z [ODDS] (serving: Zeynep Sonmez)  Ann Li: 4/7 → 1/2, Zeynep Sonmez: 11/8 → 13/8
2026-02-26T21:46:41.129Z [EVENT] (serving: Zeynep Sonmez)  game: 40-15
2026-02-26T21:47:03.215Z [ODDS] (serving: Zeynep Sonmez)  Ann Li: 1/2 → 8/15, Zeynep Sonmez: 13/8 → 6/4
2026-02-26T21:47:03.215Z [EVENT] (serving: Zeynep Sonmez)  game: 40-30
2026-02-26T21:47:33.432Z [ODDS] (serving: Ann Li)  Ann Li: 8/15 → 4/9, Zeynep Sonmez: 6/4 → 7/4
2026-02-26T21:47:33.432Z [EVENT] (serving: Ann Li)  sets: 2-0, game: 0-0, serving: P1
2026-02-26T21:48:08.159Z [ODDS] (serving: Ann Li)  Ann Li: 4/9 → 2/5, Zeynep Sonmez: 7/4 → 2/1
2026-02-26T21:48:08.159Z [EVENT] (serving: Ann Li)  game: 15-0
2026-02-26T21:48:28.003Z [ODDS] (serving: Ann Li)  Ann Li: 2/5 → 4/11, Zeynep Sonmez: 2/1 → 11/5
2026-02-26T21:48:28.003Z [EVENT] (serving: Ann Li)  game: 30-0
2026-02-26T21:48:56.423Z [EVENT] (serving: Ann Li)  game: 40-0
2026-02-26T21:49:35.661Z [EVENT] (serving: Ann Li)  game: 40-15
2026-02-26T21:50:03.625Z [ODDS] (serving: Ann Li)  Ann Li: 4/11 → 2/5, Zeynep Sonmez: 11/5 → 2/1
2026-02-26T21:50:03.625Z [EVENT] (serving: Ann Li)  game: 40-30
2026-02-26T21:50:30.683Z [ODDS] (serving: Ann Li)  Ann Li: 2/5 → 4/9, Zeynep Sonmez: 2/1 → 7/4
2026-02-26T21:50:30.683Z [EVENT] (serving: Ann Li)  game: 40-40
2026-02-26T21:51:05.861Z [ODDS] (serving: Ann Li)  Ann Li: 4/9 → 2/5, Zeynep Sonmez: 7/4 → 2/1
2026-02-26T21:51:05.861Z [EVENT] (serving: Ann Li)  game: A-40
2026-02-26T21:51:28.464Z [ODDS] (serving: Ann Li)  Ann Li: 2/5 → 4/9, Zeynep Sonmez: 2/1 → 7/4
2026-02-26T21:51:43.293Z [ODDS] (serving: Zeynep Sonmez)  Ann Li: 4/9 → 4/11, Zeynep Sonmez: 7/4 → 11/5
2026-02-26T21:51:43.293Z [EVENT] (serving: Zeynep Sonmez)  sets: 3-0, game: 0-0, serving: P2
2026-02-26T21:53:50.117Z [ODDS] (serving: Zeynep Sonmez)  Ann Li: 4/11 → 2/5, Zeynep Sonmez: 11/5 → 2/1
2026-02-26T21:53:50.117Z [EVENT] (serving: Zeynep Sonmez)  game: 0-15
2026-02-26T21:54:18.532Z [ODDS] (serving: Zeynep Sonmez)  Ann Li: 2/5 → 4/9, Zeynep Sonmez: 2/1 → 7/4
2026-02-26T21:54:18.532Z [EVENT] (serving: Zeynep Sonmez)  game: 0-30
2026-02-26T21:54:47.400Z [ODDS] (serving: Zeynep Sonmez)  Ann Li: 4/9 → 2/5, Zeynep Sonmez: 7/4 → 2/1
2026-02-26T21:54:47.401Z [EVENT] (serving: Zeynep Sonmez)  game: 15-30
2026-02-26T21:55:08.591Z [ODDS] (serving: Zeynep Sonmez)  Ann Li: 2/5 → 4/9, Zeynep Sonmez: 2/1 → 7/4
2026-02-26T21:55:08.591Z [EVENT] (serving: Zeynep Sonmez)  game: 15-40
2026-02-26T21:55:37.007Z [ODDS] (serving: Zeynep Sonmez)  Ann Li: 4/9 → 2/5, Zeynep Sonmez: 7/4 → 2/1
2026-02-26T21:55:37.008Z [EVENT] (serving: Zeynep Sonmez)  game: 30-40
2026-02-26T21:56:19.399Z [ODDS] (serving: Zeynep Sonmez)  Ann Li: 2/5 → 4/11, Zeynep Sonmez: 2/1 → 11/5
2026-02-26T21:56:19.399Z [EVENT] (serving: Zeynep Sonmez)  game: 40-40
2026-02-26T21:56:52.322Z [ODDS] (serving: Zeynep Sonmez)  Ann Li: 4/11 → 2/5, Zeynep Sonmez: 11/5 → 2/1
2026-02-26T21:56:52.322Z [EVENT] (serving: Zeynep Sonmez)  game: 40-A
2026-02-26T21:57:36.073Z [ODDS] (serving: Ann Li)  Ann Li: 2/5 → 4/9, Zeynep Sonmez: 2/1 → 7/4
2026-02-26T21:57:36.073Z [EVENT] (serving: Ann Li)  sets: 3-1, game: 0-0, serving: P1
2026-02-26T21:58:13.511Z [ODDS] (serving: Ann Li)  Ann Li: 4/9 → 1/2, Zeynep Sonmez: 7/4 → 13/8
2026-02-26T21:58:13.511Z [EVENT] (serving: Ann Li)  game: 0-15
2026-02-26T21:58:39.214Z [ODDS] (serving: Ann Li)  Ann Li: 1/2 → 4/9, Zeynep Sonmez: 13/8 → 7/4
2026-02-26T21:58:39.214Z [EVENT] (serving: Ann Li)  game: 15-15
2026-02-26T21:59:04.473Z [ODDS] (serving: Ann Li)  Ann Li: 4/9 → 2/5, Zeynep Sonmez: 7/4 → 2/1
2026-02-26T21:59:04.473Z [EVENT] (serving: Ann Li)  game: 30-15
2026-02-26T21:59:25.217Z [ODDS] (serving: Ann Li)  Ann Li: 2/5 → 4/9, Zeynep Sonmez: 2/1 → 7/4
2026-02-26T21:59:25.237Z [EVENT] (serving: Ann Li)  game: 30-30
2026-02-26T22:00:07.613Z [ODDS] (serving: Ann Li)  Ann Li: 4/9 → 8/15, Zeynep Sonmez: 7/4 → 6/4
2026-02-26T22:00:07.613Z [EVENT] (serving: Ann Li)  game: 30-40
2026-02-26T22:00:33.322Z [ODDS] (serving: Ann Li)  Ann Li: 8/15 → 4/9, Zeynep Sonmez: 6/4 → 7/4
2026-02-26T22:00:33.322Z [EVENT] (serving: Ann Li)  game: 40-40
2026-02-26T22:01:12.553Z [ODDS] (serving: Ann Li)  Ann Li: 4/9 → 2/5, Zeynep Sonmez: 7/4 → 2/1
2026-02-26T22:01:12.554Z [EVENT] (serving: Ann Li)  game: A-40
2026-02-26T22:01:42.320Z [ODDS] (serving: Ann Li)  Ann Li: 2/5 → 4/9, Zeynep Sonmez: 2/1 → 7/4
2026-02-26T22:01:42.320Z [EVENT] (serving: Ann Li)  game: 40-40
2026-02-26T22:02:05.807Z [ODDS] (serving: Ann Li)  Ann Li: 4/9 → 8/15, Zeynep Sonmez: 7/4 → 6/4
2026-02-26T22:02:05.808Z [EVENT] (serving: Ann Li)  game: 40-A
2026-02-26T22:02:24.307Z [ODDS] (serving: Ann Li)  Ann Li: 8/15 → 4/9, Zeynep Sonmez: 6/4 → 7/4
2026-02-26T22:02:24.307Z [EVENT] (serving: Ann Li)  game: 40-40
2026-02-26T22:02:55.392Z [ODDS] (serving: Ann Li)  Ann Li: 4/9 → 8/15, Zeynep Sonmez: 7/4 → 6/4
2026-02-26T22:02:55.392Z [EVENT] (serving: Ann Li)  game: 40-A
2026-02-26T22:03:20.646Z [ODDS] (serving: Ann Li)  Ann Li: 8/15 → 4/7, Zeynep Sonmez: 6/4 → 11/8
2026-02-26T22:03:42.328Z [ODDS] (serving: Ann Li)  Ann Li: 4/7 → 4/9, Zeynep Sonmez: 11/8 → 7/4
2026-02-26T22:03:42.329Z [EVENT] (serving: Ann Li)  game: 40-40
2026-02-26T22:04:13.869Z [ODDS] (serving: Ann Li)  Ann Li: 4/9 → 2/5, Zeynep Sonmez: 7/4 → 2/1
2026-02-26T22:04:13.869Z [EVENT] (serving: Ann Li)  game: A-40
2026-02-26T22:04:40.924Z [ODDS] (serving: Zeynep Sonmez)  Ann Li: 2/5 → 4/11, Zeynep Sonmez: 2/1 → 11/5
2026-02-26T22:04:40.924Z [EVENT] (serving: Zeynep Sonmez)  sets: 4-1, game: 0-0, serving: P2
2026-02-26T22:07:02.539Z [ODDS] (serving: Zeynep Sonmez)  Ann Li: 4/11 → 2/5, Zeynep Sonmez: 11/5 → 2/1
2026-02-26T22:07:02.539Z [EVENT] (serving: Zeynep Sonmez)  game: 0-15
2026-02-26T22:07:30.506Z [ODDS] (serving: Zeynep Sonmez)  Ann Li: 2/5 → 4/9, Zeynep Sonmez: 2/1 → 7/4
2026-02-26T22:07:30.507Z [EVENT] (serving: Zeynep Sonmez)  game: 0-30
2026-02-26T22:07:57.286Z [ODDS] (serving: Zeynep Sonmez)  Ann Li: 4/9 → 2/5, Zeynep Sonmez: 7/4 → 2/1
2026-02-26T22:08:11.120Z [EVENT] (serving: Zeynep Sonmez)  game: 15-30
2026-02-26T22:08:53.114Z [ODDS] (serving: Zeynep Sonmez)  Ann Li: 2/5 → 4/11, Zeynep Sonmez: 2/1 → 11/5
2026-02-26T22:08:53.114Z [EVENT] (serving: Zeynep Sonmez)  game: 30-30
2026-02-26T22:09:19.720Z [ODDS] (serving: Zeynep Sonmez)  Ann Li: 4/11 → 2/5, Zeynep Sonmez: 11/5 → 2/1
2026-02-26T22:09:19.720Z [EVENT] (serving: Zeynep Sonmez)  game: 30-40
2026-02-26T22:09:44.074Z [ODDS] (serving: Ann Li)  Ann Li: 2/5 → 4/9, Zeynep Sonmez: 2/1 → 7/4
2026-02-26T22:09:44.074Z [EVENT] (serving: Ann Li)  sets: 4-2, game: 0-0, serving: P1
2026-02-26T22:10:14.754Z [ODDS] (serving: Ann Li)  Ann Li: 4/9 → 1/2, Zeynep Sonmez: 7/4 → 13/8
2026-02-26T22:10:14.754Z [EVENT] (serving: Ann Li)  game: 0-15
2026-02-26T22:10:31.886Z [ODDS] (serving: Ann Li)  Ann Li: 1/2 → 4/9, Zeynep Sonmez: 13/8 → 7/4
2026-02-26T22:10:31.887Z [EVENT] (serving: Ann Li)  game: 15-15
2026-02-26T22:11:00.320Z [ODDS] (serving: Ann Li)  Ann Li: 4/9 → 2/5, Zeynep Sonmez: 7/4 → 2/1
2026-02-26T22:11:00.320Z [EVENT] (serving: Ann Li)  game: 30-15
2026-02-26T22:11:50.361Z [ODDS] (serving: Ann Li)  Ann Li: 2/5 → 1/3, Zeynep Sonmez: 2/1 → 12/5
2026-02-26T22:11:50.361Z [EVENT] (serving: Ann Li)  game: 40-15
2026-02-26T22:12:11.107Z [ODDS] (serving: Ann Li)  Ann Li: 1/3 → 4/11, Zeynep Sonmez: 12/5 → 11/5
2026-02-26T22:12:26.441Z [ODDS] (serving: Ann Li)  Ann Li: 4/11 → 2/5, Zeynep Sonmez: 11/5 → 2/1
2026-02-26T22:12:26.441Z [EVENT] (serving: Ann Li)  game: 40-30
2026-02-26T22:13:13.346Z [ODDS] (serving: Zeynep Sonmez)  Ann Li: 2/5 → 1/3, Zeynep Sonmez: 2/1 → 12/5
2026-02-26T22:13:13.346Z [EVENT] (serving: Zeynep Sonmez)  sets: 5-2, game: 0-0, serving: P2
2026-02-26T22:15:10.160Z [ODDS] (serving: Zeynep Sonmez)  Ann Li: 1/3 → 4/11, Zeynep Sonmez: 12/5 → 11/5
2026-02-26T22:15:10.160Z [EVENT] (serving: Zeynep Sonmez)  game: 0-15
2026-02-26T22:16:06.983Z [ODDS] (serving: Zeynep Sonmez)  Ann Li: 4/11 → 1/3, Zeynep Sonmez: 11/5 → 12/5
2026-02-26T22:16:06.983Z [EVENT] (serving: Zeynep Sonmez)  game: 15-15
2026-02-26T22:16:48.175Z [ODDS] (serving: Zeynep Sonmez)  Ann Li: 1/3 → 4/11, Zeynep Sonmez: 12/5 → 11/5
2026-02-26T22:16:48.177Z [EVENT] (serving: Zeynep Sonmez)  game: 15-30
2026-02-26T22:17:30.416Z [ODDS] (serving: Zeynep Sonmez)  Ann Li: 4/11 → 2/5, Zeynep Sonmez: 11/5 → 2/1
2026-02-26T22:17:30.416Z [EVENT] (serving: Zeynep Sonmez)  game: 15-40
2026-02-26T22:17:56.123Z [ODDS] (serving: Zeynep Sonmez)  Ann Li: 2/5 → 4/11, Zeynep Sonmez: 2/1 → 11/5
2026-02-26T22:18:08.385Z [ODDS] (serving: Ann Li)  Ann Li: 4/11 → 2/5, Zeynep Sonmez: 11/5 → 2/1
2026-02-26T22:18:08.392Z [EVENT] (serving: Ann Li)  sets: 5-3, game: 0-0, serving: P1
2026-02-26T22:18:51.603Z [ODDS] (serving: Ann Li)  Ann Li: 2/5 → 1/2, Zeynep Sonmez: 2/1 → 13/8
2026-02-26T22:18:51.603Z [EVENT] (serving: Ann Li)  game: 0-15
2026-02-26T22:19:33.994Z [ODDS] (serving: Ann Li)  Ann Li: 1/2 → 4/7, Zeynep Sonmez: 13/8 → 11/8
2026-02-26T22:19:33.994Z [EVENT] (serving: Ann Li)  game: 0-30
2026-02-26T22:19:42.124Z [ODDS] (serving: Ann Li)  Ann Li: 4/7 → 8/15, Zeynep Sonmez: 11/8 → 6/4
2026-02-26T22:19:43.472Z [ODDS] (serving: Ann Li)  Ann Li: 8/15 → 1/2, Zeynep Sonmez: 6/4 → 13/8
2026-02-26T22:19:57.942Z [ODDS] (serving: Ann Li)  Ann Li: 1/2 → 4/9, Zeynep Sonmez: 13/8 → 7/4
2026-02-26T22:19:57.943Z [EVENT] (serving: Ann Li)  game: 15-30
2026-02-26T22:20:17.818Z [ODDS] (serving: Ann Li)  Ann Li: 4/9 → 2/5, Zeynep Sonmez: 7/4 → 2/1
2026-02-26T22:20:17.818Z [EVENT] (serving: Ann Li)  game: 30-30
2026-02-26T22:20:43.451Z [ODDS] (serving: Ann Li)  Ann Li: 2/5 → 1/2, Zeynep Sonmez: 2/1 → 13/8
2026-02-26T22:20:43.451Z [EVENT] (serving: Ann Li)  game: 30-40
2026-02-26T22:21:22.248Z [ODDS] (serving: Ann Li)  Ann Li: 1/2 → 2/5, Zeynep Sonmez: 13/8 → 2/1
2026-02-26T22:21:22.248Z [EVENT] (serving: Ann Li)  game: 40-40
2026-02-26T22:21:37.583Z [ODDS] (serving: Ann Li)  Ann Li: 2/5 → 4/11, Zeynep Sonmez: 2/1 → 11/5
2026-02-26T22:21:59.708Z [ODDS] (serving: Ann Li)  Ann Li: 4/11 → 2/7, Zeynep Sonmez: 11/5 → 11/4
2026-02-26T22:21:59.709Z [EVENT] (serving: Ann Li)  game: A-40
2026-02-26T22:22:21.330Z [ODDS] (serving: Zeynep Sonmez)  Ann Li: 2/7 → 2/9, Zeynep Sonmez: 11/4 → 10/3
2026-02-26T22:22:21.331Z [EVENT] (serving: Zeynep Sonmez)  sets: 6-3,0-0, game: 0-0, serving: P2
2026-02-26T22:25:00.538Z [ODDS] (serving: Zeynep Sonmez)  Ann Li: 2/9 → 1/5, Zeynep Sonmez: 10/3 → 7/2
2026-02-26T22:25:00.538Z [EVENT] (serving: Zeynep Sonmez)  game: 15-0
2026-02-26T22:25:42.033Z [ODDS] (serving: Zeynep Sonmez)  Ann Li: 1/5 → 1/6, Zeynep Sonmez: 7/2 → 4/1
2026-02-26T22:25:42.033Z [EVENT] (serving: Zeynep Sonmez)  game: 30-0
2026-02-26T22:26:02.773Z [ODDS] (serving: Zeynep Sonmez)  Ann Li: 1/6 → 1/7, Zeynep Sonmez: 4/1 → 9/2
2026-02-26T22:26:24.871Z [ODDS] (serving: Zeynep Sonmez)  Ann Li: 1/7 → 1/6, Zeynep Sonmez: 9/2 → 4/1
2026-02-26T22:26:24.871Z [EVENT] (serving: Zeynep Sonmez)  game: 30-15
2026-02-26T22:26:59.147Z [ODDS] (serving: Zeynep Sonmez)  Ann Li: 1/6 → 1/5, Zeynep Sonmez: 4/1 → 7/2
2026-02-26T22:26:59.147Z [EVENT] (serving: Zeynep Sonmez)  game: 30-30
2026-02-26T22:27:31.206Z [ODDS] (serving: Zeynep Sonmez)  Ann Li: 1/5 → 1/4, Zeynep Sonmez: 7/2 → 3/1
2026-02-26T22:27:31.206Z [EVENT] (serving: Zeynep Sonmez)  game: 30-40
2026-02-26T22:27:57.779Z [ODDS] (serving: Ann Li)  Ann Li: 1/4 → 2/7, Zeynep Sonmez: 3/1 → 11/4
2026-02-26T22:27:57.780Z [EVENT] (serving: Ann Li)  sets: 6-3,0-1, game: 0-0, serving: P1
2026-02-26T22:29:02.727Z [ODDS] (serving: Ann Li)  Ann Li: 2/7 → 1/4, Zeynep Sonmez: 11/4 → 3/1
2026-02-26T22:29:02.727Z [EVENT] (serving: Ann Li)  game: 15-0
2026-02-26T22:29:37.016Z [ODDS] (serving: Ann Li)  Ann Li: 1/4 → 2/7, Zeynep Sonmez: 3/1 → 11/4
2026-02-26T22:29:37.017Z [EVENT] (serving: Ann Li)  game: 15-15
2026-02-26T22:30:09.929Z [ODDS] (serving: Ann Li)  Ann Li: 2/7 → 1/4, Zeynep Sonmez: 11/4 → 3/1
2026-02-26T22:30:09.929Z [EVENT] (serving: Ann Li)  game: 30-15
2026-02-26T22:30:31.122Z [ODDS] (serving: Ann Li)  Ann Li: 1/4 → 2/9, Zeynep Sonmez: 3/1 → 10/3
2026-02-26T22:30:31.122Z [EVENT] (serving: Ann Li)  game: 40-15
2026-02-26T22:30:56.829Z [ODDS] (serving: Ann Li)  Ann Li: 2/9 → 1/4, Zeynep Sonmez: 10/3 → 3/1
2026-02-26T22:30:56.829Z [EVENT] (serving: Ann Li)  game: 40-30
2026-02-26T22:31:22.090Z [ODDS] (serving: Zeynep Sonmez)  Ann Li: 1/4 → 2/9, Zeynep Sonmez: 3/1 → 10/3
2026-02-26T22:31:22.090Z [EVENT] (serving: Zeynep Sonmez)  sets: 6-3,1-1, game: 0-0, serving: P2
2026-02-26T22:32:04.933Z [ODDS] (serving: Zeynep Sonmez)  Ann Li: 2/9 → 1/6, Zeynep Sonmez: 10/3 → 4/1
2026-02-26T22:32:04.933Z [EVENT] (serving: Zeynep Sonmez)  game: 15-0
2026-02-26T22:32:45.527Z [ODDS] (serving: Zeynep Sonmez)  Ann Li: 1/6 → 1/7, Zeynep Sonmez: 4/1 → 9/2
2026-02-26T22:32:45.527Z [EVENT] (serving: Zeynep Sonmez)  game: 30-0
2026-02-26T22:33:27.920Z [ODDS] (serving: Zeynep Sonmez)  Ann Li: 1/7 → 1/6, Zeynep Sonmez: 9/2 → 4/1
2026-02-26T22:33:27.920Z [EVENT] (serving: Zeynep Sonmez)  game: 30-15
2026-02-26T22:34:06.430Z [ODDS] (serving: Zeynep Sonmez)  Ann Li: 1/6 → 1/5, Zeynep Sonmez: 4/1 → 7/2
2026-02-26T22:34:06.430Z [EVENT] (serving: Zeynep Sonmez)  game: 30-30
2026-02-26T22:34:32.589Z [ODDS] (serving: Zeynep Sonmez)  Ann Li: 1/5 → 1/4, Zeynep Sonmez: 7/2 → 3/1
2026-02-26T22:34:32.589Z [EVENT] (serving: Zeynep Sonmez)  game: 30-40
2026-02-26T22:35:04.159Z [ODDS] (serving: Ann Li)  Ann Li: 1/4 → 2/7, Zeynep Sonmez: 3/1 → 11/4
2026-02-26T22:35:04.159Z [EVENT] (serving: Ann Li)  sets: 6-3,1-2, game: 0-0, serving: P1
2026-02-26T22:37:06.379Z [ODDS] (serving: Ann Li)  Ann Li: 2/7 → 1/4, Zeynep Sonmez: 11/4 → 3/1
2026-02-26T22:37:06.379Z [EVENT] (serving: Ann Li)  game: 15-0
2026-02-26T22:37:45.165Z [ODDS] (serving: Ann Li)  Ann Li: 1/4 → 2/9, Zeynep Sonmez: 3/1 → 10/3
2026-02-26T22:37:45.165Z [EVENT] (serving: Ann Li)  game: 30-0
2026-02-26T22:38:03.208Z [ODDS] (serving: Ann Li)  Ann Li: 2/9 → 1/5, Zeynep Sonmez: 10/3 → 7/2
2026-02-26T22:38:03.208Z [EVENT] (serving: Ann Li)  game: 40-0
2026-02-26T22:38:24.094Z [ODDS] (serving: Ann Li)  Ann Li: 1/5 → 2/9, Zeynep Sonmez: 7/2 → 10/3
2026-02-26T22:38:24.094Z [EVENT] (serving: Ann Li)  game: 40-15
2026-02-26T22:38:43.932Z [ODDS] (serving: Zeynep Sonmez)  Ann Li: 2/9 → 1/5, Zeynep Sonmez: 10/3 → 7/2
2026-02-26T22:38:43.932Z [EVENT] (serving: Zeynep Sonmez)  sets: 6-3,2-2, game: 0-0, serving: P2
2026-02-26T22:39:43.922Z [ODDS] (serving: Zeynep Sonmez)  Ann Li: 1/5 → 1/6, Zeynep Sonmez: 7/2 → 4/1
2026-02-26T22:39:43.922Z [EVENT] (serving: Zeynep Sonmez)  game: 15-0
2026-02-26T22:40:16.390Z [ODDS] (serving: Zeynep Sonmez)  Ann Li: 1/6 → 1/7, Zeynep Sonmez: 4/1 → 9/2
2026-02-26T22:40:33.528Z [ODDS] (serving: Zeynep Sonmez)  Ann Li: 1/7 → 1/8, Zeynep Sonmez: 9/2 → 5/1
2026-02-26T22:40:33.528Z [EVENT] (serving: Zeynep Sonmez)  game: 30-0
2026-02-26T22:40:58.787Z [ODDS] (serving: Zeynep Sonmez)  Ann Li: 1/8 → 1/10, Zeynep Sonmez: 5/1 → 6/1
2026-02-26T22:40:58.787Z [EVENT] (serving: Zeynep Sonmez)  game: 40-0
2026-02-26T22:41:24.494Z [ODDS] (serving: Zeynep Sonmez)  Ann Li: 1/10 → 1/12, Zeynep Sonmez: 6/1 → 7/1
2026-02-26T22:41:35.319Z [ODDS] (serving: Ann Li)  Ann Li: 1/12 → 1/14, Zeynep Sonmez: 7/1 → 8/1
2026-02-26T22:41:35.319Z [EVENT] (serving: Ann Li)  sets: 6-3,3-2, game: 0-0, serving: P1
2026-02-26T22:43:55.581Z [ODDS] (serving: Ann Li)  Ann Li: 1/14 → 1/16, Zeynep Sonmez: 8/1 → 9/1
2026-02-26T22:43:55.582Z [EVENT] (serving: Ann Li)  game: 15-0
2026-02-26T22:44:03.701Z [ODDS] (serving: Ann Li)  Ann Li: 1/16 → 1/20, Zeynep Sonmez: 9/1 → 10/1
2026-02-26T22:44:03.701Z [EVENT] (serving: Ann Li)  game: 30-0
2026-02-26T22:44:43.388Z [ODDS] (serving: Ann Li)  Ann Li: 1/20 → 1/16, Zeynep Sonmez: 10/1 → 9/1
2026-02-26T22:44:43.388Z [EVENT] (serving: Ann Li)  game: 30-15
2026-02-26T22:45:14.957Z [ODDS] (serving: Ann Li)  Ann Li: 1/16 → 1/20, Zeynep Sonmez: 9/1 → 10/1
2026-02-26T22:45:14.957Z [EVENT] (serving: Ann Li)  game: 40-15
2026-02-26T22:45:26.232Z [ODDS] (serving: Ann Li)  Ann Li: 1/20 → 1/25, Zeynep Sonmez: 10/1 → 12/1
2026-02-26T22:45:46.076Z [EVENT] (serving: Zeynep Sonmez)  sets: 6-3,4-2, game: 0-0, serving: P2
2026-02-26T22:46:22.156Z [ODDS] (serving: Zeynep Sonmez)  Ann Li: 1/25 → 1/33, Zeynep Sonmez: 12/1 → 14/1
2026-02-26T22:46:36.589Z [ODDS] (serving: Zeynep Sonmez)  Ann Li: 1/33 → 1/40, Zeynep Sonmez: 14/1 → 16/1
2026-02-26T22:46:36.589Z [EVENT] (serving: Zeynep Sonmez)  game: 15-0
2026-02-26T22:47:13.120Z [ODDS] (serving: Zeynep Sonmez)  Ann Li: 1/40 → 1/66, Zeynep Sonmez: 16/1 → 20/1
2026-02-26T22:47:13.120Z [EVENT] (serving: Zeynep Sonmez)  game: 30-0
2026-02-26T22:47:52.359Z [ODDS] (serving: Zeynep Sonmez)  Ann Li: 1/66 → 1/100, Zeynep Sonmez: 20/1 → 25/1
2026-02-26T22:47:52.359Z [EVENT] (serving: Zeynep Sonmez)  game: 40-0
2026-02-26T22:48:23.927Z [ODDS] (serving: Zeynep Sonmez)  Ann Li: 1/100 → 1/80, Zeynep Sonmez: 25/1 → 22/1
2026-02-26T22:48:23.927Z [EVENT] (serving: Zeynep Sonmez)  game: 40-15
2026-02-26T22:48:46.928Z [ODDS] (serving: Zeynep Sonmez)  Ann Li: 1/80 → 1/100, Zeynep Sonmez: 22/1 → 25/1
2026-02-26T22:48:58.654Z [ODDS] (serving: Zeynep Sonmez)  Ann Li: 1/100 → 1/80, Zeynep Sonmez: 25/1 → 22/1
2026-02-26T22:49:01.810Z [ODDS] (serving: Zeynep Sonmez)  Ann Li: 1/80 → 1/50, Zeynep Sonmez: 22/1 → 18/1
2026-02-26T22:49:01.810Z [EVENT] (serving: Zeynep Sonmez)  game: 40-30
2026-02-26T22:49:04.066Z [ODDS] (serving: Zeynep Sonmez)  Ann Li: 1/50 → 1/66, Zeynep Sonmez: 18/1 → 20/1
2026-02-26T22:49:38.344Z [ODDS] (serving: Zeynep Sonmez)  Ann Li: 1/66 → 1/33, Zeynep Sonmez: 20/1 → 14/1
2026-02-26T22:49:38.344Z [EVENT] (serving: Zeynep Sonmez)  game: 40-40
2026-02-26T22:50:04.049Z [ODDS] (serving: Zeynep Sonmez)  Ann Li: 1/33 → 1/25, Zeynep Sonmez: 14/1 → 12/1
2026-02-26T22:50:04.049Z [EVENT] (serving: Zeynep Sonmez)  game: 40-A
2026-02-26T22:50:26.147Z [ODDS] (serving: Ann Li)  Ann Li: 1/25 → 1/20, Zeynep Sonmez: 12/1 → 10/1
2026-02-26T22:50:26.147Z [EVENT] (serving: Ann Li)  sets: 6-3,4-3, game: 0-0, serving: P1
2026-02-26T22:52:29.726Z [ODDS] (serving: Ann Li)  Ann Li: 1/20 → 1/33, Zeynep Sonmez: 10/1 → 14/1
2026-02-26T22:52:29.726Z [EVENT] (serving: Ann Li)  game: 15-0
2026-02-26T22:52:48.668Z [ODDS] (serving: Ann Li)  Ann Li: 1/33 → 1/20, Zeynep Sonmez: 14/1 → 10/1
2026-02-26T22:52:48.668Z [EVENT] (serving: Ann Li)  game: 15-15
2026-02-26T22:53:24.745Z [ODDS] (serving: Ann Li)  Ann Li: 1/20 → 1/14, Zeynep Sonmez: 10/1 → 8/1
2026-02-26T22:53:24.745Z [EVENT] (serving: Ann Li)  game: 15-30
2026-02-26T22:53:53.159Z [ODDS] (serving: Ann Li)  Ann Li: 1/14 → 1/12, Zeynep Sonmez: 8/1 → 7/1
2026-02-26T22:54:06.244Z [ODDS] (serving: Ann Li)  Ann Li: 1/12 → 1/9, Zeynep Sonmez: 7/1 → 11/2
2026-02-26T22:54:06.244Z [EVENT] (serving: Ann Li)  game: 15-40
2026-02-26T22:54:31.497Z [ODDS] (serving: Zeynep Sonmez)  Ann Li: 1/9 → 1/6, Zeynep Sonmez: 11/2 → 4/1
2026-02-26T22:54:31.497Z [EVENT] (serving: Zeynep Sonmez)  sets: 6-3,4-4, game: 0-0, serving: P2
2026-02-26T22:55:21.104Z [ODDS] (serving: Zeynep Sonmez)  Ann Li: 1/6 → 1/9, Zeynep Sonmez: 4/1 → 11/2
2026-02-26T22:55:21.104Z [EVENT] (serving: Zeynep Sonmez)  game: 15-0
2026-02-26T22:56:12.068Z [ODDS] (serving: Zeynep Sonmez)  Ann Li: 1/9 → 1/14, Zeynep Sonmez: 11/2 → 8/1
2026-02-26T22:56:12.068Z [EVENT] (serving: Zeynep Sonmez)  game: 30-0
2026-02-26T22:56:45.893Z [ODDS] (serving: Zeynep Sonmez)  Ann Li: 1/14 → 1/9, Zeynep Sonmez: 8/1 → 11/2
2026-02-26T22:56:45.893Z [EVENT] (serving: Zeynep Sonmez)  game: 30-15
2026-02-26T22:57:08.894Z [ODDS] (serving: Zeynep Sonmez)  Ann Li: 1/9 → 1/10, Zeynep Sonmez: 11/2 → 6/1
2026-02-26T22:57:27.836Z [ODDS] (serving: Zeynep Sonmez)  Ann Li: 1/10 → 1/7, Zeynep Sonmez: 6/1 → 9/2
2026-02-26T22:57:27.836Z [EVENT] (serving: Zeynep Sonmez)  game: 30-30
2026-02-26T22:58:18.800Z [ODDS] (serving: Zeynep Sonmez)  Ann Li: 1/7 → 2/9, Zeynep Sonmez: 9/2 → 10/3
2026-02-26T22:58:18.800Z [EVENT] (serving: Zeynep Sonmez)  game: 30-40
2026-02-26T22:58:49.018Z [ODDS] (serving: Ann Li)  Ann Li: 2/9 → 1/4, Zeynep Sonmez: 10/3 → 3/1
2026-02-26T22:58:49.018Z [EVENT] (serving: Ann Li)  sets: 6-3,4-5, game: 0-0, serving: P1
2026-02-26T23:00:49.437Z [ODDS] (serving: Ann Li)  Ann Li: 1/4 → 2/9, Zeynep Sonmez: 3/1 → 10/3
2026-02-26T23:00:49.437Z [EVENT] (serving: Ann Li)  game: 15-0
2026-02-26T23:01:29.574Z [ODDS] (serving: Ann Li)  Ann Li: 2/9 → 1/6, Zeynep Sonmez: 10/3 → 4/1
2026-02-26T23:01:29.574Z [EVENT] (serving: Ann Li)  game: 30-0
2026-02-26T23:01:57.537Z [EVENT] (serving: Ann Li)  game: 40-0
2026-02-26T23:02:20.989Z [EVENT] (serving: Ann Li)  game: 40-15
2026-02-26T23:02:54.369Z [EVENT] (serving: Zeynep Sonmez)  sets: 6-3,5-5, game: 0-0, serving: P2
2026-02-26T23:03:29.542Z [ODDS] (serving: Zeynep Sonmez)  Ann Li: 1/6 → 1/7, Zeynep Sonmez: 4/1 → 9/2
2026-02-26T23:03:45.777Z [ODDS] (serving: Zeynep Sonmez)  Ann Li: 1/7 → 1/9, Zeynep Sonmez: 9/2 → 11/2
2026-02-26T23:03:45.777Z [EVENT] (serving: Zeynep Sonmez)  game: 15-0
2026-02-26T23:04:08.781Z [ODDS] (serving: Zeynep Sonmez)  Ann Li: 1/9 → 1/14, Zeynep Sonmez: 11/2 → 8/1
2026-02-26T23:04:08.781Z [EVENT] (serving: Zeynep Sonmez)  game: 30-0
2026-02-26T23:04:11.487Z [ODDS] (serving: Zeynep Sonmez)  Ann Li: 1/14 → 1/9, Zeynep Sonmez: 8/1 → 11/2
2026-02-26T23:04:11.487Z [EVENT] (serving: Zeynep Sonmez)  game: 15-0
2026-02-26T23:04:12.387Z [ODDS] (serving: Zeynep Sonmez)  Ann Li: 1/9 → 1/7, Zeynep Sonmez: 11/2 → 9/2
2026-02-26T23:04:12.387Z [EVENT] (serving: Zeynep Sonmez)  game: 15-15
2026-02-26T23:04:42.602Z [ODDS] (serving: Zeynep Sonmez)  Ann Li: 1/7 → 1/5, Zeynep Sonmez: 9/2 → 7/2
2026-02-26T23:04:42.602Z [EVENT] (serving: Zeynep Sonmez)  game: 15-30
2026-02-26T23:05:12.368Z [ODDS] (serving: Zeynep Sonmez)  Ann Li: 1/5 → 1/4, Zeynep Sonmez: 7/2 → 3/1
2026-02-26T23:05:12.368Z [EVENT] (serving: Zeynep Sonmez)  game: 15-40
2026-02-26T23:05:52.959Z [ODDS] (serving: Ann Li)  Ann Li: 1/4 → 2/7, Zeynep Sonmez: 3/1 → 11/4
2026-02-26T23:05:52.959Z [EVENT] (serving: Ann Li)  sets: 6-3,5-6, game: 0-0, serving: P1
2026-02-26T23:08:05.105Z [ODDS] (serving: Ann Li)  Ann Li: 2/7 → 4/11, Zeynep Sonmez: 11/4 → 11/5
2026-02-26T23:08:05.105Z [EVENT] (serving: Ann Li)  game: 0-15
2026-02-26T23:08:32.513Z [ODDS] (serving: Ann Li)  Ann Li: 4/11 → 2/7, Zeynep Sonmez: 11/5 → 11/4
2026-02-26T23:08:32.513Z [EVENT] (serving: Ann Li)  game: 15-15
2026-02-26T23:09:03.181Z [ODDS] (serving: Ann Li)  Ann Li: 2/7 → 2/9, Zeynep Sonmez: 11/4 → 10/3
2026-02-26T23:09:03.181Z [EVENT] (serving: Ann Li)  game: 30-15
2026-02-26T23:09:25.731Z [ODDS] (serving: Ann Li)  Ann Li: 2/9 → 3/10, Zeynep Sonmez: 10/3 → 5/2
2026-02-26T23:09:25.731Z [EVENT] (serving: Ann Li)  game: 30-30
2026-02-26T23:09:46.930Z [ODDS] (serving: Ann Li)  Ann Li: 3/10 → 2/9, Zeynep Sonmez: 5/2 → 10/3
2026-02-26T23:09:46.930Z [EVENT] (serving: Ann Li)  game: 40-30
2026-02-26T23:10:30.224Z [ODDS] (serving: Zeynep Sonmez)  Ann Li: 2/9 → 1/6, Zeynep Sonmez: 10/3 → 4/1
2026-02-26T23:10:30.224Z [EVENT] (serving: Zeynep Sonmez)  sets: 6-3,6-6, game: 0-0, serving: P2
2026-02-26T23:11:23.899Z [ODDS] (serving: Ann Li)  Ann Li: 1/6 → 1/9, Zeynep Sonmez: 4/1 → 11/2
2026-02-26T23:11:23.899Z [EVENT] (serving: Ann Li)  game: 1-0, serving: P1
2026-02-26T23:12:09.452Z [ODDS] (serving: Ann Li)  Ann Li: 1/9 → 1/6, Zeynep Sonmez: 11/2 → 4/1
2026-02-26T23:12:09.452Z [EVENT] (serving: Ann Li)  game: 1-1
2026-02-26T23:12:35.610Z [ODDS] (serving: Zeynep Sonmez)  Ann Li: 1/6 → 2/7, Zeynep Sonmez: 4/1 → 11/4
2026-02-26T23:12:35.610Z [EVENT] (serving: Zeynep Sonmez)  game: 1-2, serving: P2
2026-02-26T23:13:07.632Z [ODDS] (serving: Zeynep Sonmez)  Ann Li: 2/7 → 1/4, Zeynep Sonmez: 11/4 → 3/1
2026-02-26T23:13:18.908Z [ODDS] (serving: Zeynep Sonmez)  Ann Li: 1/4 → 1/6, Zeynep Sonmez: 3/1 → 4/1
2026-02-26T23:13:18.908Z [EVENT] (serving: Zeynep Sonmez)  game: 2-2
2026-02-26T23:13:44.166Z [ODDS] (serving: Ann Li)  Ann Li: 1/6 → 1/4, Zeynep Sonmez: 4/1 → 3/1
2026-02-26T23:13:44.166Z [EVENT] (serving: Ann Li)  game: 2-3, serving: P1
2026-02-26T23:14:08.068Z [ODDS] (serving: Ann Li)  Ann Li: 1/4 → 2/7, Zeynep Sonmez: 3/1 → 11/4
2026-02-26T23:14:34.224Z [ODDS] (serving: Ann Li)  Ann Li: 2/7 → 2/5, Zeynep Sonmez: 11/4 → 2/1
2026-02-26T23:14:34.224Z [EVENT] (serving: Ann Li)  game: 2-4
2026-02-26T23:15:48.188Z [ODDS] (serving: Zeynep Sonmez)  Ann Li: 2/5 → 8/15, Zeynep Sonmez: 2/1 → 6/4
2026-02-26T23:15:48.188Z [EVENT] (serving: Zeynep Sonmez)  game: 2-5, serving: P2
2026-02-26T23:16:18.405Z [ODDS] (serving: Zeynep Sonmez)  Ann Li: 8/15 → 4/9, Zeynep Sonmez: 6/4 → 7/4
2026-02-26T23:16:18.405Z [EVENT] (serving: Zeynep Sonmez)  game: 3-5
2026-02-26T23:16:52.228Z [ODDS] (serving: Ann Li)  Ann Li: 4/9 → 4/7, Zeynep Sonmez: 7/4 → 11/8
2026-02-26T23:16:52.228Z [EVENT] (serving: Ann Li)  game: 3-6, serving: P1
2026-02-26T23:17:20.641Z [ODDS] (serving: Ann Li)  Ann Li: 4/7 → 1/2, Zeynep Sonmez: 11/8 → 13/8
2026-02-26T23:17:20.641Z [EVENT] (serving: Ann Li)  game: 4-6
2026-02-26T23:17:40.561Z [ODDS] (serving: Zeynep Sonmez)  Ann Li: 1/2 → 2/5, Zeynep Sonmez: 13/8 → 2/1
2026-02-26T23:17:40.561Z [EVENT] (serving: Zeynep Sonmez)  game: 5-6, serving: P2
2026-02-26T23:18:19.272Z [ODDS] (serving: Zeynep Sonmez)  Ann Li: 2/5 → 1/5, Zeynep Sonmez: 2/1 → 7/2
2026-02-26T23:18:19.272Z [EVENT] (serving: Zeynep Sonmez)  game: 6-6
2026-02-26T23:19:21.963Z [ODDS] (serving: Ann Li)  Ann Li: 1/5 → 1/3, Zeynep Sonmez: 7/2 → 12/5
2026-02-26T23:19:21.963Z [EVENT] (serving: Ann Li)  game: 6-7, serving: P1
2026-02-26T23:20:01.199Z [ODDS] (serving: Ann Li)  Ann Li: 1/3 → 1/5, Zeynep Sonmez: 12/5 → 7/2
2026-02-26T23:20:01.199Z [EVENT] (serving: Ann Li)  game: 7-7
2026-02-26T23:20:39.083Z [ODDS] (serving: Zeynep Sonmez)  Ann Li: 1/5 → 2/5, Zeynep Sonmez: 7/2 → 2/1
2026-02-26T23:20:39.083Z [EVENT] (serving: Zeynep Sonmez)  game: 7-8, serving: P2
2026-02-26T23:21:13.810Z [ODDS] (serving: Zeynep Sonmez)  Ann Li: 2/5 → 1/3, Zeynep Sonmez: 2/1 → 12/5
2026-02-26T23:21:29.599Z [ODDS] (serving: Ann Li)  Ann Li: 1/3 → 4/7, Zeynep Sonmez: 12/5 → 11/8
2026-02-26T23:21:29.600Z [EVENT] (serving: Ann Li)  sets: 6-3,6-7,0-0, game: 0-0, serving: P1
2026-02-26T23:24:20.077Z [ODDS] (serving: Ann Li)  Ann Li: 4/7 → 1/2, Zeynep Sonmez: 11/8 → 13/8
2026-02-26T23:24:20.078Z [EVENT] (serving: Ann Li)  game: 15-0
2026-02-26T23:24:48.943Z [ODDS] (serving: Ann Li)  Ann Li: 1/2 → 8/13, Zeynep Sonmez: 13/8 → 13/10
2026-02-26T23:24:48.944Z [EVENT] (serving: Ann Li)  game: 15-15
2026-02-26T23:25:19.613Z [ODDS] (serving: Ann Li)  Ann Li: 8/13 → 4/5, Zeynep Sonmez: 13/10 → 1/1
2026-02-26T23:25:19.613Z [EVENT] (serving: Ann Li)  game: 15-30
2026-02-26T23:25:42.614Z [ODDS] (serving: Ann Li)  Ann Li: 4/5 → 1/1, Zeynep Sonmez: 1/1 → 4/5
2026-02-26T23:25:42.615Z [EVENT] (serving: Ann Li)  game: 15-40
2026-02-26T23:26:07.872Z [ODDS] (serving: Zeynep Sonmez)  Ann Li: 1/1 → 13/10, Zeynep Sonmez: 4/5 → 8/13
2026-02-26T23:26:07.872Z [EVENT] (serving: Zeynep Sonmez)  sets: 6-3,6-7,0-1, game: 0-0, serving: P2
2026-02-26T23:27:10.558Z [ODDS] (serving: Zeynep Sonmez)  Ann Li: 13/10 → 11/10, Zeynep Sonmez: 8/13 → 8/11
2026-02-26T23:27:10.558Z [EVENT] (serving: Zeynep Sonmez)  game: 15-0
2026-02-26T23:27:33.560Z [ODDS] (serving: Zeynep Sonmez)  Ann Li: 11/10 → 13/10, Zeynep Sonmez: 8/11 → 8/13
2026-02-26T23:27:33.561Z [EVENT] (serving: Zeynep Sonmez)  game: 15-15
2026-02-26T23:28:02.876Z [ODDS] (serving: Zeynep Sonmez)  Ann Li: 13/10 → 13/8, Zeynep Sonmez: 8/13 → 1/2
2026-02-26T23:28:03.325Z [EVENT] (serving: Zeynep Sonmez)  game: 15-30
2026-02-26T23:28:47.977Z [ODDS] (serving: Zeynep Sonmez)  Ann Li: 13/8 → 2/1, Zeynep Sonmez: 1/2 → 2/5
2026-02-26T23:28:47.977Z [EVENT] (serving: Zeynep Sonmez)  game: 15-40
2026-02-26T23:29:28.113Z [ODDS] (serving: Zeynep Sonmez)  Ann Li: 2/1 → 13/8, Zeynep Sonmez: 2/5 → 1/2
2026-02-26T23:29:28.113Z [EVENT] (serving: Zeynep Sonmez)  game: 30-40
2026-02-26T23:30:08.256Z [ODDS] (serving: Ann Li)  Ann Li: 13/8 → 11/5, Zeynep Sonmez: 1/2 → 4/11
2026-02-26T23:30:08.256Z [EVENT] (serving: Ann Li)  sets: 6-3,6-7,0-2, game: 0-0, serving: P1
2026-02-26T23:30:40.733Z [ODDS] (serving: Ann Li)  Ann Li: 11/5 → 7/4, Zeynep Sonmez: 4/11 → 4/9
2026-02-26T23:30:40.733Z [EVENT] (serving: Ann Li)  game: 15-0
2026-02-26T23:31:10.943Z [ODDS] (serving: Ann Li)  Ann Li: 7/4 → 13/8, Zeynep Sonmez: 4/9 → 1/2
2026-02-26T23:31:10.943Z [EVENT] (serving: Ann Li)  game: 30-0
2026-02-26T23:31:44.322Z [ODDS] (serving: Ann Li)  Ann Li: 13/8 → 7/4, Zeynep Sonmez: 1/2 → 4/9
2026-02-26T23:31:44.322Z [EVENT] (serving: Ann Li)  game: 30-15
2026-02-26T23:32:32.129Z [ODDS] (serving: Ann Li)  Ann Li: 7/4 → 11/5, Zeynep Sonmez: 4/9 → 4/11
2026-02-26T23:32:32.129Z [EVENT] (serving: Ann Li)  game: 30-30
2026-02-26T23:33:10.913Z [ODDS] (serving: Ann Li)  Ann Li: 11/5 → 7/4, Zeynep Sonmez: 4/11 → 4/9
2026-02-26T23:33:10.913Z [EVENT] (serving: Ann Li)  game: 40-30
2026-02-26T23:33:19.938Z [ODDS] (serving: Ann Li)  Ann Li: 7/4 → 2/1, Zeynep Sonmez: 4/9 → 2/5
2026-02-26T23:33:52.401Z [ODDS] (serving: Ann Li)  Ann Li: 2/1 → 12/5, Zeynep Sonmez: 2/5 → 1/3
2026-02-26T23:33:52.401Z [EVENT] (serving: Ann Li)  game: 40-40
2026-02-26T23:34:21.722Z [ODDS] (serving: Ann Li)  Ann Li: 12/5 → 5/2, Zeynep Sonmez: 1/3 → 3/10
2026-02-26T23:34:46.073Z [ODDS] (serving: Ann Li)  Ann Li: 5/2 → 10/3, Zeynep Sonmez: 3/10 → 2/9
2026-02-26T23:34:46.073Z [EVENT] (serving: Ann Li)  game: 40-A
2026-02-26T23:35:10.877Z [ODDS] (serving: Ann Li)  Ann Li: 10/3 → 7/2, Zeynep Sonmez: 2/9 → 1/5
2026-02-26T23:35:42.898Z [ODDS] (serving: Zeynep Sonmez)  Ann Li: 7/2 → 5/1, Zeynep Sonmez: 1/5 → 1/8
2026-02-26T23:35:42.898Z [EVENT] (serving: Zeynep Sonmez)  sets: 6-3,6-7,0-3, game: 0-0, serving: P2
2026-02-26T23:37:56.396Z [ODDS] (serving: Zeynep Sonmez)  Ann Li: 5/1 → 9/2, Zeynep Sonmez: 1/8 → 1/7
2026-02-26T23:38:06.318Z [ODDS] (serving: Zeynep Sonmez)  Ann Li: 9/2 → 4/1, Zeynep Sonmez: 1/7 → 1/6
2026-02-26T23:38:06.318Z [EVENT] (serving: Zeynep Sonmez)  game: 15-0
2026-02-26T23:38:33.300Z [ODDS] (serving: Zeynep Sonmez)  Ann Li: 4/1 → 9/2, Zeynep Sonmez: 1/6 → 1/7
2026-02-26T23:38:33.300Z [EVENT] (serving: Zeynep Sonmez)  game: 15-15
2026-02-26T23:39:09.830Z [ODDS] (serving: Zeynep Sonmez)  Ann Li: 9/2 → 4/1, Zeynep Sonmez: 1/7 → 1/6
2026-02-26T23:39:09.831Z [EVENT] (serving: Zeynep Sonmez)  game: 30-15
2026-02-26T23:39:45.907Z [ODDS] (serving: Zeynep Sonmez)  Ann Li: 4/1 → 3/1, Zeynep Sonmez: 1/6 → 1/4
2026-02-26T23:39:45.907Z [EVENT] (serving: Zeynep Sonmez)  game: 40-15
2026-02-26T23:40:31.920Z [ODDS] (serving: Zeynep Sonmez)  Ann Li: 3/1 → 7/2, Zeynep Sonmez: 1/4 → 1/5
2026-02-26T23:40:31.920Z [EVENT] (serving: Zeynep Sonmez)  game: 40-30
2026-02-26T23:41:16.107Z [ODDS] (serving: Ann Li)  Ann Li: 7/2 → 11/4, Zeynep Sonmez: 1/5 → 2/7
2026-02-26T23:41:16.107Z [EVENT] (serving: Ann Li)  sets: 6-3,6-7,1-3, game: 0-0, serving: P1
2026-02-26T23:42:05.267Z [ODDS] (serving: Ann Li)  Ann Li: 11/4 → 12/5, Zeynep Sonmez: 2/7 → 1/3
2026-02-26T23:42:05.267Z [EVENT] (serving: Ann Li)  game: 15-0
2026-02-26T23:42:26.915Z [ODDS] (serving: Ann Li)  Ann Li: 12/5 → 2/1, Zeynep Sonmez: 1/3 → 2/5
2026-02-26T23:42:26.915Z [EVENT] (serving: Ann Li)  game: 30-0
2026-02-26T23:42:47.660Z [ODDS] (serving: Ann Li)  Ann Li: 2/1 → 11/5, Zeynep Sonmez: 2/5 → 4/11
2026-02-26T23:42:47.660Z [EVENT] (serving: Ann Li)  game: 30-15
2026-02-26T23:43:21.938Z [ODDS] (serving: Ann Li)  Ann Li: 11/5 → 2/1, Zeynep Sonmez: 4/11 → 2/5
2026-02-26T23:43:21.938Z [EVENT] (serving: Ann Li)  game: 40-15
2026-02-26T23:43:58.018Z [ODDS] (serving: Zeynep Sonmez)  Ann Li: 2/1 → 7/4, Zeynep Sonmez: 2/5 → 4/9
2026-02-26T23:43:58.018Z [EVENT] (serving: Zeynep Sonmez)  sets: 6-3,6-7,2-3, game: 0-0, serving: P2
2026-02-26T23:46:05.650Z [ODDS] (serving: Zeynep Sonmez)  Ann Li: 7/4 → 11/5, Zeynep Sonmez: 4/9 → 4/11
2026-02-26T23:46:05.650Z [EVENT] (serving: Zeynep Sonmez)  game: 0-15
2026-02-26T23:46:26.845Z [ODDS] (serving: Zeynep Sonmez)  Ann Li: 11/5 → 11/4, Zeynep Sonmez: 4/11 → 2/7
2026-02-26T23:46:26.845Z [EVENT] (serving: Zeynep Sonmez)  game: 0-30
2026-02-26T23:46:51.199Z [ODDS] (serving: Zeynep Sonmez)  Ann Li: 11/4 → 10/3, Zeynep Sonmez: 2/7 → 2/9
2026-02-26T23:46:51.199Z [EVENT] (serving: Zeynep Sonmez)  game: 0-40
2026-02-26T23:47:29.535Z [ODDS] (serving: Ann Li)  Ann Li: 10/3 → 7/2, Zeynep Sonmez: 2/9 → 1/5
2026-02-26T23:47:29.535Z [EVENT] (serving: Ann Li)  sets: 6-3,6-7,2-4, game: 0-0, serving: P1
2026-02-26T23:48:17.792Z [ODDS] (serving: Ann Li)  Ann Li: 7/2 → 9/2, Zeynep Sonmez: 1/5 → 1/7
2026-02-26T23:48:17.792Z [EVENT] (serving: Ann Li)  game: 0-15
2026-02-26T23:48:41.251Z [ODDS] (serving: Ann Li)  Ann Li: 9/2 → 7/2, Zeynep Sonmez: 1/7 → 1/5
2026-02-26T23:48:41.251Z [EVENT] (serving: Ann Li)  game: 15-15
2026-02-26T23:49:34.017Z [ODDS] (serving: Ann Li)  Ann Li: 7/2 → 9/2, Zeynep Sonmez: 1/5 → 1/7
2026-02-26T23:49:34.017Z [EVENT] (serving: Ann Li)  game: 15-30
2026-02-26T23:50:00.175Z [ODDS] (serving: Ann Li)  Ann Li: 9/2 → 5/1, Zeynep Sonmez: 1/7 → 1/8
2026-02-26T23:50:17.763Z [ODDS] (serving: Ann Li)  Ann Li: 5/1 → 7/2, Zeynep Sonmez: 1/8 → 1/5
2026-02-26T23:50:17.763Z [EVENT] (serving: Ann Li)  game: 30-30
2026-02-26T23:50:48.432Z [ODDS] (serving: Ann Li)  Ann Li: 7/2 → 4/1, Zeynep Sonmez: 1/5 → 1/6
2026-02-26T23:51:04.218Z [ODDS] (serving: Ann Li)  Ann Li: 4/1 → 5/1, Zeynep Sonmez: 1/6 → 1/8
2026-02-26T23:51:04.218Z [EVENT] (serving: Ann Li)  game: 30-40
2026-02-26T23:51:38.044Z [ODDS] (serving: Ann Li)  Ann Li: 5/1 → 7/2, Zeynep Sonmez: 1/8 → 1/5
2026-02-26T23:51:38.044Z [EVENT] (serving: Ann Li)  game: 40-40
2026-02-26T23:52:06.457Z [ODDS] (serving: Ann Li)  Ann Li: 7/2 → 3/1, Zeynep Sonmez: 1/5 → 1/4
2026-02-26T23:52:06.457Z [EVENT] (serving: Ann Li)  game: A-40
2026-02-26T23:52:29.471Z [ODDS] (serving: Ann Li)  Ann Li: 3/1 → 7/2, Zeynep Sonmez: 1/4 → 1/5
2026-02-26T23:52:29.471Z [EVENT] (serving: Ann Li)  game: 40-40
2026-02-26T23:53:10.061Z [ODDS] (serving: Ann Li)  Ann Li: 7/2 → 3/1, Zeynep Sonmez: 1/5 → 1/4
2026-02-26T23:53:10.061Z [EVENT] (serving: Ann Li)  game: A-40
2026-02-26T23:53:44.401Z [ODDS] (serving: Zeynep Sonmez)  Ann Li: 3/1 → 5/2, Zeynep Sonmez: 1/4 → 3/10
2026-02-26T23:53:44.401Z [EVENT] (serving: Zeynep Sonmez)  sets: 6-3,6-7,3-4, game: 0-0, serving: P2
2026-02-26T23:55:47.910Z [ODDS] (serving: Zeynep Sonmez)  Ann Li: 5/2 → 12/5, Zeynep Sonmez: 3/10 → 1/3
2026-02-26T23:55:57.381Z [ODDS] (serving: Zeynep Sonmez)  Ann Li: 12/5 → 7/4, Zeynep Sonmez: 1/3 → 4/9
2026-02-26T23:55:57.381Z [EVENT] (serving: Zeynep Sonmez)  game: 15-0
2026-02-26T23:56:21.391Z [ODDS] (serving: Zeynep Sonmez)  Ann Li: 7/4 → 12/5, Zeynep Sonmez: 4/9 → 1/3
2026-02-26T23:56:21.391Z [EVENT] (serving: Zeynep Sonmez)  game: 15-15
2026-02-26T23:57:15.502Z [ODDS] (serving: Zeynep Sonmez)  Ann Li: 12/5 → 10/3, Zeynep Sonmez: 1/3 → 2/9
2026-02-26T23:57:15.502Z [EVENT] (serving: Zeynep Sonmez)  game: 15-30
2026-02-26T23:57:56.092Z [ODDS] (serving: Zeynep Sonmez)  Ann Li: 10/3 → 12/5, Zeynep Sonmez: 2/9 → 1/3
2026-02-26T23:57:56.092Z [EVENT] (serving: Zeynep Sonmez)  game: 30-30
2026-02-26T23:57:57.946Z [ODDS] (serving: Zeynep Sonmez)  Ann Li: 12/5 → 9/2, Zeynep Sonmez: 1/3 → 1/7
2026-02-26T23:57:57.946Z [EVENT] (serving: Zeynep Sonmez)  game: 15-40
2026-02-26T23:58:22.250Z [ODDS] (serving: Ann Li)  Ann Li: 9/2 → 5/1, Zeynep Sonmez: 1/7 → 1/8
2026-02-26T23:58:22.250Z [EVENT] (serving: Ann Li)  sets: 6-3,6-7,3-5, game: 0-0, serving: P1
2026-02-26T23:58:33.527Z [ODDS] (serving: Ann Li)  Ann Li: 5/1 → 11/2, Zeynep Sonmez: 1/8 → 1/9
2026-02-26T23:59:11.413Z [ODDS] (serving: Ann Li)  Ann Li: 11/2 → 9/2, Zeynep Sonmez: 1/9 → 1/7
2026-02-26T23:59:11.413Z [EVENT] (serving: Ann Li)  game: 15-0
2026-02-26T23:59:49.745Z [ODDS] (serving: Ann Li)  Ann Li: 9/2 → 11/2, Zeynep Sonmez: 1/7 → 1/9
2026-02-26T23:59:49.745Z [EVENT] (serving: Ann Li)  game: 15-15
2026-02-27T00:00:14.107Z [ODDS] (serving: Ann Li)  Ann Li: 11/2 → 6/1, Zeynep Sonmez: 1/9 → 1/10
2026-02-27T00:00:25.824Z [ODDS] (serving: Ann Li)  Ann Li: 6/1 → 8/1, Zeynep Sonmez: 1/10 → 1/14
2026-02-27T00:00:25.824Z [EVENT] (serving: Ann Li)  game: 15-30
2026-02-27T00:00:55.590Z [ODDS] (serving: Ann Li)  Ann Li: 8/1 → 16/1, Zeynep Sonmez: 1/14 → 1/40
2026-02-27T00:00:55.590Z [EVENT] (serving: Ann Li)  game: 15-40
2026-02-27T00:01:19.045Z [ODDS] (serving: Ann Li)  Ann Li: 16/1 → 14/1, Zeynep Sonmez: 1/40 → 1/33
2026-02-27T00:01:25.810Z [ODDS] (serving: Ann Li)  Ann Li: 14/1 → 10/1, Zeynep Sonmez: 1/33 → 1/20
2026-02-27T00:01:25.810Z [EVENT] (serving: Ann Li)  game: 30-40
2026-02-27T00:01:48.811Z [ODDS] (serving: Ann Li)  Ann Li: 10/1 → 12/1, Zeynep Sonmez: 1/20 → 1/25
2026-02-27T00:02:18.576Z [ODDS] (serving: Ann Li)  Ann Li: 12/1 → 11/2, Zeynep Sonmez: 1/25 → 1/9
2026-02-27T00:02:18.577Z [EVENT] (serving: Ann Li)  game: 40-40
2026-02-27T00:02:53.753Z [ODDS] (serving: Ann Li)  Ann Li: 11/2 → 9/2, Zeynep Sonmez: 1/9 → 1/7
2026-02-27T00:02:53.753Z [EVENT] (serving: Ann Li)  game: A-40
2026-02-27T00:03:27.167Z [ODDS] (serving: Ann Li)  Ann Li: 9/2 → 6/1, Zeynep Sonmez: 1/7 → 1/10
2026-02-27T00:03:27.167Z [EVENT] (serving: Ann Li)  game: 40-40
2026-02-27T00:04:03.661Z [ODDS] (serving: Ann Li)  Ann Li: 6/1 → 10/1, Zeynep Sonmez: 1/10 → 1/20
2026-02-27T00:04:03.661Z [EVENT] (serving: Ann Li)  game: 40-A
2026-02-27T00:04:29.819Z [ODDS] (serving: Ann Li)  Ann Li: 10/1 → 12/1, Zeynep Sonmez: 1/20 → 1/25
2026-02-27T00:04:49.292Z [ODDS] (serving: Ann Li)  Ann Li: 12/1 → 6/1, Zeynep Sonmez: 1/25 → 1/10
2026-02-27T00:04:49.292Z [EVENT] (serving: Ann Li)  game: 40-40
2026-02-27T00:05:13.573Z [ODDS] (serving: Ann Li)  Ann Li: 6/1 → 11/2, Zeynep Sonmez: 1/10 → 1/9
2026-02-27T00:05:21.684Z [ODDS] (serving: Ann Li)  Ann Li: 11/2 → 6/1, Zeynep Sonmez: 1/9 → 1/10
2026-02-27T00:05:35.669Z [ODDS] (serving: Ann Li)  Ann Li: 6/1 → 9/1, Zeynep Sonmez: 1/10 → 1/16
2026-02-27T00:05:35.669Z [EVENT] (serving: Ann Li)  game: 40-A
2026-02-27T00:06:01.896Z [ODDS] (serving: Ann Li)  Ann Li: 9/1 → 11/2, Zeynep Sonmez: 1/16 → 1/9
2026-02-27T00:06:01.896Z [EVENT] (serving: Ann Li)  game: 40-40
2026-02-27T00:06:19.866Z [ODDS] (serving: Ann Li)  Ann Li: 11/2 → 6/1, Zeynep Sonmez: 1/9 → 1/10
2026-02-27T00:06:56.400Z [ODDS] (serving: Ann Li)  Ann Li: 6/1 → 9/2, Zeynep Sonmez: 1/10 → 1/7
2026-02-27T00:06:56.400Z [EVENT] (serving: Ann Li)  game: A-40
2026-02-27T00:07:23.005Z [ODDS] (serving: Zeynep Sonmez)  Ann Li: 9/2 → 4/1, Zeynep Sonmez: 1/7 → 1/6
2026-02-27T00:07:23.005Z [EVENT] (serving: Zeynep Sonmez)  sets: 6-3,6-7,4-5, game: 0-0, serving: P2
