2026-02-26T19:48:03.592Z [ODDS] (serving: Rohan Sachdev)  Rohan Sachdev: 12/5 → 2/1, Chad Kissell: 3/10 → 4/11
2026-02-26T19:48:03.593Z [EVENT] (serving: Rohan Sachdev)  game: 15-0
2026-02-26T19:48:38.309Z [ODDS] (serving: Rohan Sachdev)  Rohan Sachdev: 2/1 → 5/2, Chad Kissell: 4/11 → 2/7
2026-02-26T19:48:38.309Z [EVENT] (serving: Rohan Sachdev)  game: 15-15
2026-02-26T19:49:22.960Z [ODDS] (serving: Rohan Sachdev)  Rohan Sachdev: 5/2 → 2/1, Chad Kissell: 2/7 → 4/11
2026-02-26T19:49:22.960Z [EVENT] (serving: Rohan Sachdev)  game: 30-15
2026-02-26T19:49:45.068Z [ODDS] (serving: Rohan Sachdev)  Rohan Sachdev: 2/1 → 13/8, Chad Kissell: 4/11 → 4/9
2026-02-26T19:49:45.068Z [EVENT] (serving: Rohan Sachdev)  game: 40-15
2026-02-26T19:50:51.813Z [ODDS] (serving: Chad Kissell)  Rohan Sachdev: 13/8 → 6/4, Chad Kissell: 4/9 → 1/2
2026-02-26T19:50:51.813Z [EVENT] (serving: Chad Kissell)  sets: 6-4,0-0, game: 0-0, serving: P2
2026-02-26T19:53:17.487Z [ODDS] (serving: Chad Kissell)  Rohan Sachdev: 6/4 → 5/4, Chad Kissell: 1/2 → 4/7
2026-02-26T19:53:17.487Z [EVENT] (serving: Chad Kissell)  game: 15-0
2026-02-26T19:53:56.275Z [ODDS] (serving: Chad Kissell)  Rohan Sachdev: 5/4 → 6/4, Chad Kissell: 4/7 → 1/2
2026-02-26T19:53:56.275Z [EVENT] (serving: Chad Kissell)  game: 15-15
2026-02-26T19:54:56.256Z [ODDS] (serving: Chad Kissell)  Rohan Sachdev: 6/4 → 6/5, Chad Kissell: 1/2 → 8/13
2026-02-26T19:54:56.256Z [EVENT] (serving: Chad Kissell)  game: 30-15
2026-02-26T19:55:16.100Z [ODDS] (serving: Chad Kissell)  Rohan Sachdev: 6/5 → 11/8, Chad Kissell: 8/13 → 8/15
2026-02-26T19:55:16.100Z [EVENT] (serving: Chad Kissell)  game: 30-30
2026-02-26T19:55:43.619Z [ODDS] (serving: Chad Kissell)  Rohan Sachdev: 11/8 → 5/4, Chad Kissell: 8/15 → 4/7
2026-02-26T19:55:59.871Z [ODDS] (serving: Chad Kissell)  Rohan Sachdev: 5/4 → 21/20, Chad Kissell: 4/7 → 7/10
2026-02-26T19:55:59.871Z [EVENT] (serving: Chad Kissell)  game: 40-30
2026-02-26T19:56:42.726Z [ODDS] (serving: Chad Kissell)  Rohan Sachdev: 21/20 → 11/8, Chad Kissell: 7/10 → 8/15
2026-02-26T19:56:42.726Z [EVENT] (serving: Chad Kissell)  game: 40-40
2026-02-26T19:57:27.828Z [ODDS] (serving: Chad Kissell)  Rohan Sachdev: 11/8 → 5/4, Chad Kissell: 8/15 → 4/7
2026-02-26T19:57:49.926Z [ODDS] (serving: Chad Kissell)  Rohan Sachdev: 5/4 → 13/8, Chad Kissell: 4/7 → 4/9
2026-02-26T19:57:49.927Z [EVENT] (serving: Chad Kissell)  game: 40-A
2026-02-26T19:58:25.105Z [ODDS] (serving: Chad Kissell)  Rohan Sachdev: 13/8 → 5/4, Chad Kissell: 4/9 → 4/7
2026-02-26T19:58:25.105Z [EVENT] (serving: Chad Kissell)  game: 40-40
2026-02-26T19:59:21.938Z [ODDS] (serving: Chad Kissell)  Rohan Sachdev: 5/4 → 1/1, Chad Kissell: 4/7 → 3/4
2026-02-26T19:59:21.938Z [EVENT] (serving: Chad Kissell)  game: A-40
2026-02-26T20:00:09.742Z [ODDS] (serving: Chad Kissell)  Rohan Sachdev: 1/1 → 5/4, Chad Kissell: 3/4 → 4/7
2026-02-26T20:00:09.742Z [EVENT] (serving: Chad Kissell)  game: 40-40
2026-02-26T20:00:54.848Z [ODDS] (serving: Chad Kissell)  Rohan Sachdev: 5/4 → 6/4, Chad Kissell: 4/7 → 1/2
2026-02-26T20:00:54.848Z [EVENT] (serving: Chad Kissell)  game: 40-A
2026-02-26T20:01:50.320Z [ODDS] (serving: Chad Kissell)  Rohan Sachdev: 6/4 → 6/5, Chad Kissell: 1/2 → 8/13
2026-02-26T20:01:50.320Z [EVENT] (serving: Chad Kissell)  game: 40-40
2026-02-26T20:02:42.183Z [ODDS] (serving: Chad Kissell)  Rohan Sachdev: 6/5 → 19/20, Chad Kissell: 8/13 → 4/5
2026-02-26T20:02:42.183Z [EVENT] (serving: Chad Kissell)  game: A-40
2026-02-26T20:03:20.518Z [ODDS] (serving: Chad Kissell)  Rohan Sachdev: 19/20 → 10/11, Chad Kissell: 4/5 → 10/11
2026-02-26T20:04:19.152Z [ODDS] (serving: Chad Kissell)  Rohan Sachdev: 10/11 → 6/5, Chad Kissell: 10/11 → 8/13
2026-02-26T20:04:19.153Z [EVENT] (serving: Chad Kissell)  game: 40-40
2026-02-26T20:05:32.661Z [ODDS] (serving: Chad Kissell)  Rohan Sachdev: 6/5 → 19/20, Chad Kissell: 8/13 → 4/5
2026-02-26T20:05:32.661Z [EVENT] (serving: Chad Kissell)  game: A-40
2026-02-26T20:06:28.587Z [ODDS] (serving: Rohan Sachdev)  Rohan Sachdev: 19/20 → 8/13, Chad Kissell: 4/5 → 6/5
2026-02-26T20:06:28.588Z [EVENT] (serving: Rohan Sachdev)  sets: 6-4,1-0, game: 0-0, serving: P1
2026-02-26T20:08:15.638Z [ODDS] (serving: Rohan Sachdev)  Rohan Sachdev: 8/13 → 1/2, Chad Kissell: 6/5 → 6/4
2026-02-26T20:08:15.638Z [EVENT] (serving: Rohan Sachdev)  game: 15-0
2026-02-26T20:08:49.906Z [ODDS] (serving: Rohan Sachdev)  Rohan Sachdev: 1/2 → 2/5, Chad Kissell: 6/4 → 7/4
2026-02-26T20:08:49.906Z [EVENT] (serving: Rohan Sachdev)  game: 30-0
2026-02-26T20:09:16.068Z [ODDS] (serving: Rohan Sachdev)  Rohan Sachdev: 2/5 → 4/11, Chad Kissell: 7/4 → 2/1
2026-02-26T20:09:16.068Z [EVENT] (serving: Rohan Sachdev)  game: 40-0
2026-02-26T20:09:45.381Z [ODDS] (serving: Chad Kissell)  Rohan Sachdev: 4/11 → 1/3, Chad Kissell: 2/1 → 9/4
2026-02-26T20:09:45.381Z [EVENT] (serving: Chad Kissell)  sets: 6-4,2-0, game: 0-0, serving: P2
2026-02-26T20:10:37.697Z [ODDS] (serving: Chad Kissell)  Rohan Sachdev: 1/3 → 2/7, Chad Kissell: 9/4 → 5/2
2026-02-26T20:10:37.697Z [EVENT] (serving: Chad Kissell)  game: 15-0
2026-02-26T20:11:18.741Z [ODDS] (serving: Chad Kissell)  Rohan Sachdev: 2/7 → 1/5, Chad Kissell: 5/2 → 10/3
2026-02-26T20:11:18.741Z [EVENT] (serving: Chad Kissell)  game: 30-0
2026-02-26T20:11:53.014Z [ODDS] (serving: Chad Kissell)  Rohan Sachdev: 1/5 → 1/4, Chad Kissell: 10/3 → 11/4
2026-02-26T20:11:53.014Z [EVENT] (serving: Chad Kissell)  game: 30-15
2026-02-26T20:12:23.232Z [ODDS] (serving: Chad Kissell)  Rohan Sachdev: 1/4 → 3/10, Chad Kissell: 11/4 → 12/5
2026-02-26T20:12:23.232Z [EVENT] (serving: Chad Kissell)  game: 30-30
2026-02-26T20:12:57.056Z [ODDS] (serving: Chad Kissell)  Rohan Sachdev: 3/10 → 2/7, Chad Kissell: 12/5 → 5/2
2026-02-26T20:13:29.530Z [ODDS] (serving: Chad Kissell)  Rohan Sachdev: 2/7 → 1/5, Chad Kissell: 5/2 → 10/3
2026-02-26T20:13:29.530Z [EVENT] (serving: Chad Kissell)  game: 40-30
2026-02-26T20:14:15.538Z [ODDS] (serving: Rohan Sachdev)  Rohan Sachdev: 1/5 → 1/10, Chad Kissell: 10/3 → 6/1
2026-02-26T20:14:15.538Z [EVENT] (serving: Rohan Sachdev)  sets: 6-4,3-0, game: 0-0, serving: P1
2026-02-26T20:15:59.723Z [ODDS] (serving: Rohan Sachdev)  Rohan Sachdev: 1/10 → 1/12, Chad Kissell: 6/1 → 7/1
2026-02-26T20:15:59.723Z [EVENT] (serving: Rohan Sachdev)  game: 15-0
2026-02-26T20:16:20.015Z [ODDS] (serving: Rohan Sachdev)  Rohan Sachdev: 1/12 → 1/16, Chad Kissell: 7/1 → 9/1
2026-02-26T20:16:20.015Z [EVENT] (serving: Rohan Sachdev)  game: 30-0
2026-02-26T20:16:49.341Z [ODDS] (serving: Rohan Sachdev)  Rohan Sachdev: 1/16 → 1/20, Chad Kissell: 9/1 → 10/1
2026-02-26T20:16:49.341Z [EVENT] (serving: Rohan Sachdev)  game: 40-0
2026-02-26T20:17:06.019Z [ODDS] (serving: Chad Kissell)  Rohan Sachdev: 1/20 → 1/25, Chad Kissell: 10/1 → 12/1
2026-02-26T20:17:06.019Z [EVENT] (serving: Chad Kissell)  sets: 6-4,4-0, game: 0-0, serving: P2
2026-02-26T20:17:51.576Z [EVENT] (serving: Chad Kissell)  game: 15-0
2026-02-26T20:18:24.045Z [ODDS] (serving: Chad Kissell)  Rohan Sachdev: 1/25 → 1/33, Chad Kissell: 12/1 → 14/1
2026-02-26T20:18:41.183Z [ODDS] (serving: Chad Kissell)  Rohan Sachdev: 1/33 → 1/40, Chad Kissell: 14/1 → 16/1
2026-02-26T20:18:41.183Z [EVENT] (serving: Chad Kissell)  game: 30-0
2026-02-26T20:19:11.425Z [ODDS] (serving: Chad Kissell)  Rohan Sachdev: 1/40 → 1/33, Chad Kissell: 16/1 → 14/1
2026-02-26T20:19:11.426Z [EVENT] (serving: Chad Kissell)  game: 30-15
2026-02-26T20:20:03.267Z [ODDS] (serving: Chad Kissell)  Rohan Sachdev: 1/33 → 1/66, Chad Kissell: 14/1 → 20/1
2026-02-26T20:20:03.267Z [EVENT] (serving: Chad Kissell)  game: 40-15
2026-02-26T20:20:56.938Z [ODDS] (serving: Chad Kissell)  Rohan Sachdev: 1/66 → 1/40, Chad Kissell: 20/1 → 16/1
2026-02-26T20:20:56.938Z [EVENT] (serving: Chad Kissell)  game: 40-30
2026-02-26T20:21:31.211Z [ODDS] (serving: Chad Kissell)  Rohan Sachdev: 1/40 → 1/25, Chad Kissell: 16/1 → 12/1
2026-02-26T20:21:31.211Z [EVENT] (serving: Chad Kissell)  game: 40-40
2026-02-26T20:22:01.883Z [ODDS] (serving: Chad Kissell)  Rohan Sachdev: 1/25 → 1/40, Chad Kissell: 12/1 → 16/1
2026-02-26T20:22:01.883Z [EVENT] (serving: Chad Kissell)  game: A-40
2026-02-26T20:22:23.981Z [ODDS] (serving: Chad Kissell)  Rohan Sachdev: 1/40 → 1/50, Chad Kissell: 16/1 → 18/1
2026-02-26T20:22:38.475Z [ODDS] (serving: Rohan Sachdev)  Rohan Sachdev: 1/50 → 1/250, Chad Kissell: 18/1 → 40/1
2026-02-26T20:22:38.475Z [EVENT] (serving: Rohan Sachdev)  sets: 6-4,5-0, game: 0-0, serving: P1
2026-02-26T20:24:20.342Z [ODDS] (serving: Rohan Sachdev)  Rohan Sachdev: 1/250 → 1/500, Chad Kissell: 40/1 → 50/1
2026-02-26T20:24:20.342Z [EVENT] (serving: Rohan Sachdev)  game: 15-0
2026-02-26T20:24:57.323Z [ODDS] (serving: Rohan Sachdev)  Rohan Sachdev: 1/500 → 1/1000, Chad Kissell: 50/1 → 100/1
2026-02-26T20:24:57.323Z [EVENT] (serving: Rohan Sachdev)  game: 30-0
2026-02-26T20:25:31.578Z [ODDS] (serving: Rohan Sachdev)  Chad Kissell: 100/1 → 0/0
2026-02-26T20:25:31.578Z [EVENT] (serving: Rohan Sachdev)  game: 40-0
2026-02-26T20:26:01.348Z [ODDS] (serving: Rohan Sachdev)  Chad Kissell: 0/0 → 100/1
2026-02-26T20:26:22.545Z [EVENT] (serving: Rohan Sachdev)  game: 40-15
2026-02-26T20:27:06.295Z [ODDS] (serving: Rohan Sachdev)  Rohan Sachdev: 1/1000 → 1/500, Chad Kissell: 100/1 → 50/1
2026-02-26T20:27:06.295Z [EVENT] (serving: Rohan Sachdev)  game: 40-30
2026-02-26T20:27:47.355Z [ODDS] (serving: Rohan Sachdev)  Rohan Sachdev: 1/500 → 1/150, Chad Kissell: 50/1 → 28/1
2026-02-26T20:27:47.355Z [EVENT] (serving: Rohan Sachdev)  game: 40-40
2026-02-26T20:28:37.133Z [ODDS] (serving: Rohan Sachdev)  Rohan Sachdev: 1/150 → 1/80, Chad Kissell: 28/1 → 22/1
2026-02-26T20:28:37.133Z [EVENT] (serving: Rohan Sachdev)  game: 40-A
2026-02-26T20:29:09.418Z [ODDS] (serving: Chad Kissell)  Rohan Sachdev: 1/80 → 1/50, Chad Kissell: 22/1 → 18/1
2026-02-26T20:29:09.418Z [EVENT] (serving: Chad Kissell)  sets: 6-4,5-1, game: 0-0, serving: P2
2026-02-26T20:29:44.146Z [ODDS] (serving: Chad Kissell)  Rohan Sachdev: 1/50 → 1/66, Chad Kissell: 18/1 → 20/1
2026-02-26T20:29:44.146Z [EVENT] (serving: Chad Kissell)  game: 15-0
2026-02-26T20:30:22.031Z [ODDS] (serving: Chad Kissell)  Rohan Sachdev: 1/66 → 1/100, Chad Kissell: 20/1 → 25/1
2026-02-26T20:30:22.031Z [EVENT] (serving: Chad Kissell)  game: 30-0
2026-02-26T20:30:44.579Z [ODDS] (serving: Chad Kissell)  Rohan Sachdev: 1/100 → 1/150, Chad Kissell: 25/1 → 28/1
2026-02-26T20:31:00.367Z [ODDS] (serving: Chad Kissell)  Rohan Sachdev: 1/150 → 1/500, Chad Kissell: 28/1 → 50/1
2026-02-26T20:31:00.367Z [EVENT] (serving: Chad Kissell)  game: 40-0
2026-02-26T20:31:31.035Z [ODDS] (serving: Chad Kissell)  Rohan Sachdev: 1/500 → 1/200, Chad Kissell: 50/1 → 33/1
2026-02-26T20:31:31.035Z [EVENT] (serving: Chad Kissell)  game: 40-15
2026-02-26T20:31:58.549Z [ODDS] (serving: Chad Kissell)  Rohan Sachdev: 1/200 → 1/250, Chad Kissell: 33/1 → 40/1
2026-02-26T20:32:06.673Z [ODDS] (serving: Chad Kissell)  Rohan Sachdev: 1/250 → 1/100, Chad Kissell: 40/1 → 25/1
2026-02-26T20:32:06.673Z [EVENT] (serving: Chad Kissell)  game: 40-30
2026-02-26T20:33:50.847Z [ODDS] (serving: Chad Kissell)  Rohan Sachdev: 1/100 → 1/50, Chad Kissell: 25/1 → 18/1
2026-02-26T20:33:50.847Z [EVENT] (serving: Chad Kissell)  game: 40-40
2026-02-26T20:34:51.285Z [ODDS] (serving: Chad Kissell)  Rohan Sachdev: 1/50 → 1/40, Chad Kissell: 18/1 → 16/1
2026-02-26T20:34:51.285Z [EVENT] (serving: Chad Kissell)  game: 40-A
2026-02-26T20:35:28.714Z [ODDS] (serving: Rohan Sachdev)  Rohan Sachdev: 1/40 → 1/33, Chad Kissell: 16/1 → 14/1
2026-02-26T20:35:28.714Z [EVENT] (serving: Rohan Sachdev)  sets: 6-4,5-2, game: 0-0, serving: P1
2026-02-26T20:37:13.346Z [ODDS] (serving: Rohan Sachdev)  Rohan Sachdev: 1/33 → 1/66, Chad Kissell: 14/1 → 20/1
2026-02-26T20:37:13.346Z [EVENT] (serving: Rohan Sachdev)  game: 15-0
2026-02-26T20:37:39.056Z [ODDS] (serving: Rohan Sachdev)  Rohan Sachdev: 1/66 → 1/33, Chad Kissell: 20/1 → 14/1
2026-02-26T20:37:39.056Z [EVENT] (serving: Rohan Sachdev)  game: 15-15
2026-02-26T20:37:57.571Z [ODDS] (serving: Rohan Sachdev)  Rohan Sachdev: 1/33 → 1/66, Chad Kissell: 14/1 → 20/1
2026-02-26T20:37:57.571Z [EVENT] (serving: Rohan Sachdev)  game: 30-15
2026-02-26T20:38:18.436Z [ODDS] (serving: Rohan Sachdev)  Rohan Sachdev: 1/66 → 1/50, Chad Kissell: 20/1 → 18/1
2026-02-26T20:38:41.919Z [ODDS] (serving: Rohan Sachdev)  Rohan Sachdev: 1/50 → 1/25, Chad Kissell: 18/1 → 12/1
2026-02-26T20:38:41.919Z [EVENT] (serving: Rohan Sachdev)  game: 30-30
2026-02-26T20:39:17.072Z [ODDS] (serving: Rohan Sachdev)  Rohan Sachdev: 1/25 → 1/14, Chad Kissell: 12/1 → 8/1
2026-02-26T20:39:17.072Z [EVENT] (serving: Rohan Sachdev)  game: 30-40
2026-02-26T20:39:48.639Z [ODDS] (serving: Chad Kissell)  Rohan Sachdev: 1/14 → 1/8, Chad Kissell: 8/1 → 5/1
2026-02-26T20:39:48.639Z [EVENT] (serving: Chad Kissell)  sets: 6-4,5-3, game: 0-0, serving: P2
2026-02-26T20:40:37.808Z [ODDS] (serving: Chad Kissell)  Rohan Sachdev: 1/8 → 1/9, Chad Kissell: 5/1 → 11/2
2026-02-26T20:40:54.492Z [ODDS] (serving: Chad Kissell)  Rohan Sachdev: 1/9 → 1/12, Chad Kissell: 11/2 → 7/1
2026-02-26T20:40:54.492Z [EVENT] (serving: Chad Kissell)  game: 15-0
2026-02-26T20:41:37.784Z [ODDS] (serving: Chad Kissell)  Rohan Sachdev: 1/12 → 1/9, Chad Kissell: 7/1 → 11/2
2026-02-26T20:41:37.784Z [EVENT] (serving: Chad Kissell)  game: 15-15
2026-02-26T20:42:31.001Z [ODDS] (serving: Chad Kissell)  Rohan Sachdev: 1/9 → 1/14, Chad Kissell: 11/2 → 8/1
2026-02-26T20:42:31.001Z [EVENT] (serving: Chad Kissell)  game: 30-15
2026-02-26T20:43:09.791Z [ODDS] (serving: Chad Kissell)  Rohan Sachdev: 1/14 → 1/9, Chad Kissell: 8/1 → 11/2
2026-02-26T20:43:09.791Z [EVENT] (serving: Chad Kissell)  game: 30-30
2026-02-26T20:43:50.378Z [ODDS] (serving: Chad Kissell)  Rohan Sachdev: 1/9 → 1/8, Chad Kissell: 11/2 → 5/1
2026-02-26T20:44:02.112Z [ODDS] (serving: Chad Kissell)  Rohan Sachdev: 1/8 → 1/6, Chad Kissell: 5/1 → 4/1
2026-02-26T20:44:02.112Z [EVENT] (serving: Chad Kissell)  game: 30-40
2026-02-26T20:45:07.050Z [ODDS] (serving: Chad Kissell)  Rohan Sachdev: 1/6 → 1/8, Chad Kissell: 4/1 → 5/1
2026-02-26T20:45:07.050Z [EVENT] (serving: Chad Kissell)  game: 40-40
2026-02-26T20:45:58.466Z [ODDS] (serving: Chad Kissell)  Rohan Sachdev: 1/8 → 1/16, Chad Kissell: 5/1 → 9/1
2026-02-26T20:45:58.466Z [EVENT] (serving: Chad Kissell)  game: A-40
2026-02-26T20:46:41.311Z [ODDS] (serving: Chad Kissell)  Rohan Sachdev: 1/16 → 1/9, Chad Kissell: 9/1 → 11/2
2026-02-26T20:46:41.311Z [EVENT] (serving: Chad Kissell)  game: 40-40
2026-02-26T20:47:22.355Z [ODDS] (serving: Chad Kissell)  Rohan Sachdev: 1/9 → 1/16, Chad Kissell: 11/2 → 9/1
2026-02-26T20:47:22.355Z [EVENT] (serving: Chad Kissell)  game: A-40
2026-02-26T20:47:58.528Z [ODDS] (serving: Chad Kissell)  Rohan Sachdev: 1/16 → 1/20, Chad Kissell: 9/1 → 10/1
2026-02-26T20:48:20.176Z [ODDS] (serving: Chad Kissell)  Rohan Sachdev: 1/20 → 0/0, Chad Kissell: 10/1 → 0/0
2026-02-26T20:48:20.176Z [EVENT] (serving: Chad Kissell)  sets: 6-4,6-3, game: 0-0
