2026-02-26T21:08:08.031Z [ODDS] (serving: Farzan Amiri)  Farzan Amiri: 12/5 → 2/1, Lucas Nunez: 3/10 → 4/11
2026-02-26T21:08:08.031Z [EVENT] (serving: Farzan Amiri)  game: 40-30
2026-02-26T21:08:41.848Z [EVENT] (serving: Lucas Nunez)  sets: 1-0, game: 0-0, serving: P2
2026-02-26T21:09:57.619Z [ODDS] (serving: Lucas Nunez)  Farzan Amiri: 2/1 → 9/4, Lucas Nunez: 4/11 → 1/3
2026-02-26T21:09:57.619Z [EVENT] (serving: Lucas Nunez)  game: 0-15
2026-02-26T21:10:36.407Z [EVENT] (serving: Lucas Nunez)  game: 0-30
2026-02-26T21:11:08.425Z [ODDS] (serving: Lucas Nunez)  Farzan Amiri: 9/4 → 2/1, Lucas Nunez: 1/3 → 4/11
2026-02-26T21:11:08.425Z [EVENT] (serving: Lucas Nunez)  game: 15-30
2026-02-26T21:11:39.653Z [ODDS] (serving: Lucas Nunez)  Farzan Amiri: 2/1 → 9/4, Lucas Nunez: 4/11 → 1/3
2026-02-26T21:11:39.654Z [EVENT] (serving: Lucas Nunez)  game: 15-40
2026-02-26T21:12:12.473Z [ODDS] (serving: Farzan Amiri)  Farzan Amiri: 9/4 → 12/5, Lucas Nunez: 1/3 → 3/10
2026-02-26T21:12:12.473Z [EVENT] (serving: Farzan Amiri)  sets: 1-1, game: 0-0, serving: P1
2026-02-26T21:13:10.196Z [ODDS] (serving: Farzan Amiri)  Farzan Amiri: 12/5 → 11/4, Lucas Nunez: 3/10 → 1/4
2026-02-26T21:13:10.196Z [EVENT] (serving: Farzan Amiri)  game: 0-15
2026-02-26T21:13:39.958Z [ODDS] (serving: Farzan Amiri)  Farzan Amiri: 11/4 → 3/1, Lucas Nunez: 1/4 → 2/9
2026-02-26T21:13:39.958Z [EVENT] (serving: Farzan Amiri)  game: 0-30
2026-02-26T21:14:25.519Z [ODDS] (serving: Farzan Amiri)  Farzan Amiri: 3/1 → 11/4, Lucas Nunez: 2/9 → 1/4
2026-02-26T21:14:25.519Z [EVENT] (serving: Farzan Amiri)  game: 15-30
2026-02-26T21:15:03.402Z [ODDS] (serving: Farzan Amiri)  Farzan Amiri: 11/4 → 5/2, Lucas Nunez: 1/4 → 2/7
2026-02-26T21:15:03.402Z [EVENT] (serving: Farzan Amiri)  game: 30-30
2026-02-26T21:15:55.718Z [ODDS] (serving: Farzan Amiri)  Farzan Amiri: 5/2 → 12/5, Lucas Nunez: 2/7 → 3/10
2026-02-26T21:15:55.719Z [EVENT] (serving: Farzan Amiri)  game: 40-30
2026-02-26T21:16:44.874Z [ODDS] (serving: Lucas Nunez)  Farzan Amiri: 12/5 → 9/4, Lucas Nunez: 3/10 → 1/3
2026-02-26T21:16:44.874Z [EVENT] (serving: Lucas Nunez)  sets: 2-1, game: 0-0, serving: P2
2026-02-26T21:18:28.158Z [ODDS] (serving: Lucas Nunez)  Farzan Amiri: 9/4 → 2/1, Lucas Nunez: 1/3 → 4/11
2026-02-26T21:18:46.655Z [ODDS] (serving: Lucas Nunez)  Farzan Amiri: 2/1 → 7/4, Lucas Nunez: 4/11 → 2/5
2026-02-26T21:18:46.655Z [EVENT] (serving: Lucas Nunez)  game: 15-0
2026-02-26T21:19:19.574Z [ODDS] (serving: Lucas Nunez)  Farzan Amiri: 7/4 → 2/1, Lucas Nunez: 2/5 → 4/11
2026-02-26T21:19:19.574Z [EVENT] (serving: Lucas Nunez)  game: 15-15
2026-02-26T21:19:43.924Z [ODDS] (serving: Lucas Nunez)  Farzan Amiri: 2/1 → 9/4, Lucas Nunez: 4/11 → 1/3
2026-02-26T21:19:43.924Z [EVENT] (serving: Lucas Nunez)  game: 15-30
2026-02-26T21:20:40.038Z [ODDS] (serving: Lucas Nunez)  Farzan Amiri: 9/4 → 5/2, Lucas Nunez: 1/3 → 2/7
2026-02-26T21:20:40.038Z [EVENT] (serving: Lucas Nunez)  game: 15-40
2026-02-26T21:21:14.622Z [EVENT] (serving: Farzan Amiri)  sets: 2-2, game: 0-0, serving: P1
2026-02-26T21:21:56.521Z [ODDS] (serving: Farzan Amiri)  Farzan Amiri: 5/2 → 11/4, Lucas Nunez: 2/7 → 1/4
2026-02-26T21:22:22.680Z [ODDS] (serving: Farzan Amiri)  Farzan Amiri: 11/4 → 12/5, Lucas Nunez: 1/4 → 3/10
2026-02-26T21:22:22.680Z [EVENT] (serving: Farzan Amiri)  game: 15-0
2026-02-26T21:23:08.231Z [ODDS] (serving: Farzan Amiri)  Farzan Amiri: 12/5 → 11/4, Lucas Nunez: 3/10 → 1/4
2026-02-26T21:23:08.231Z [EVENT] (serving: Farzan Amiri)  game: 15-15
2026-02-26T21:23:58.314Z [ODDS] (serving: Farzan Amiri)  Farzan Amiri: 11/4 → 3/1, Lucas Nunez: 1/4 → 2/9
2026-02-26T21:23:58.314Z [EVENT] (serving: Farzan Amiri)  game: 15-30
2026-02-26T21:24:23.281Z [ODDS] (serving: Farzan Amiri)  Farzan Amiri: 3/1 → 10/3, Lucas Nunez: 2/9 → 1/5
2026-02-26T21:24:53.786Z [ODDS] (serving: Farzan Amiri)  Farzan Amiri: 10/3 → 4/1, Lucas Nunez: 1/5 → 1/6
2026-02-26T21:24:53.786Z [EVENT] (serving: Farzan Amiri)  game: 15-40
2026-02-26T21:25:37.091Z [ODDS] (serving: Farzan Amiri)  Farzan Amiri: 4/1 → 10/3, Lucas Nunez: 1/6 → 1/5
2026-02-26T21:25:37.092Z [EVENT] (serving: Farzan Amiri)  game: 30-40
2026-02-26T21:26:20.840Z [ODDS] (serving: Lucas Nunez)  Farzan Amiri: 10/3 → 9/2, Lucas Nunez: 1/5 → 1/7
2026-02-26T21:26:20.840Z [EVENT] (serving: Lucas Nunez)  sets: 2-3, game: 0-0, serving: P2
2026-02-26T21:28:14.031Z [ODDS] (serving: Lucas Nunez)  Farzan Amiri: 9/2 → 5/1, Lucas Nunez: 1/7 → 1/8
2026-02-26T21:28:14.031Z [EVENT] (serving: Lucas Nunez)  game: 0-15
2026-02-26T21:28:40.188Z [ODDS] (serving: Lucas Nunez)  Farzan Amiri: 5/1 → 11/2, Lucas Nunez: 1/8 → 1/9
2026-02-26T21:28:40.188Z [EVENT] (serving: Lucas Nunez)  game: 0-30
2026-02-26T21:29:21.690Z [ODDS] (serving: Lucas Nunez)  Farzan Amiri: 11/2 → 6/1, Lucas Nunez: 1/9 → 1/10
2026-02-26T21:29:21.690Z [EVENT] (serving: Lucas Nunez)  game: 0-40
2026-02-26T21:30:01.372Z [ODDS] (serving: Farzan Amiri)  Farzan Amiri: 6/1 → 7/1, Lucas Nunez: 1/10 → 1/12
2026-02-26T21:30:01.372Z [EVENT] (serving: Farzan Amiri)  sets: 2-4, game: 0-0, serving: P1
2026-02-26T21:30:41.058Z [ODDS] (serving: Farzan Amiri)  Farzan Amiri: 7/1 → 6/1, Lucas Nunez: 1/12 → 1/10
2026-02-26T21:30:41.059Z [EVENT] (serving: Farzan Amiri)  game: 15-0
2026-02-26T21:31:04.061Z [ODDS] (serving: Farzan Amiri)  Farzan Amiri: 6/1 → 7/1, Lucas Nunez: 1/10 → 1/12
2026-02-26T21:31:04.062Z [EVENT] (serving: Farzan Amiri)  game: 15-15
2026-02-26T21:31:53.736Z [ODDS] (serving: Farzan Amiri)  Farzan Amiri: 7/1 → 8/1, Lucas Nunez: 1/12 → 1/14
2026-02-26T21:31:53.736Z [EVENT] (serving: Farzan Amiri)  game: 15-30
2026-02-26T21:32:31.569Z [ODDS] (serving: Farzan Amiri)  Farzan Amiri: 8/1 → 7/1, Lucas Nunez: 1/14 → 1/12
2026-02-26T21:32:31.569Z [EVENT] (serving: Farzan Amiri)  game: 30-30
2026-02-26T21:33:26.133Z [ODDS] (serving: Farzan Amiri)  Farzan Amiri: 7/1 → 8/1, Lucas Nunez: 1/12 → 1/14
2026-02-26T21:33:26.133Z [EVENT] (serving: Farzan Amiri)  game: 30-40
2026-02-26T21:34:00.863Z [ODDS] (serving: Lucas Nunez)  Farzan Amiri: 8/1 → 10/1, Lucas Nunez: 1/14 → 1/20
2026-02-26T21:34:00.863Z [EVENT] (serving: Lucas Nunez)  sets: 2-5, game: 0-0, serving: P2
2026-02-26T21:36:19.320Z [ODDS] (serving: Lucas Nunez)  Farzan Amiri: 10/1 → 9/1, Lucas Nunez: 1/20 → 1/16
2026-02-26T21:36:19.320Z [EVENT] (serving: Lucas Nunez)  game: 15-0
2026-02-26T21:36:53.151Z [EVENT] (serving: Lucas Nunez)  game: 15-15
2026-02-26T21:37:26.535Z [ODDS] (serving: Lucas Nunez)  Farzan Amiri: 9/1 → 10/1, Lucas Nunez: 1/16 → 1/20
2026-02-26T21:37:26.535Z [EVENT] (serving: Lucas Nunez)  game: 15-30
2026-02-26T21:37:55.394Z [ODDS] (serving: Lucas Nunez)  Farzan Amiri: 10/1 → 12/1, Lucas Nunez: 1/20 → 1/25
2026-02-26T21:37:55.394Z [EVENT] (serving: Lucas Nunez)  game: 15-40
2026-02-26T21:38:28.170Z [EVENT] (serving: Farzan Amiri)  sets: 2-6,0-0, game: 0-0, serving: P1
2026-02-26T21:45:33.021Z [ODDS] (serving: Farzan Amiri)  Farzan Amiri: 12/1 → 14/1, Lucas Nunez: 1/25 → 1/33
2026-02-26T21:45:33.022Z [EVENT] (serving: Farzan Amiri)  game: 0-15
2026-02-26T21:46:16.760Z [ODDS] (serving: Farzan Amiri)  Farzan Amiri: 14/1 → 12/1, Lucas Nunez: 1/33 → 1/25
2026-02-26T21:46:16.760Z [EVENT] (serving: Farzan Amiri)  game: 15-15
2026-02-26T21:46:46.982Z [ODDS] (serving: Farzan Amiri)  Farzan Amiri: 12/1 → 14/1, Lucas Nunez: 1/25 → 1/33
2026-02-26T21:46:46.989Z [EVENT] (serving: Farzan Amiri)  game: 15-30
2026-02-26T21:47:29.399Z [ODDS] (serving: Farzan Amiri)  Farzan Amiri: 14/1 → 18/1, Lucas Nunez: 1/33 → 1/50
2026-02-26T21:47:29.399Z [EVENT] (serving: Farzan Amiri)  game: 15-40
2026-02-26T21:48:33.880Z [ODDS] (serving: Lucas Nunez)  Farzan Amiri: 18/1 → 22/1, Lucas Nunez: 1/50 → 1/80
2026-02-26T21:48:33.880Z [EVENT] (serving: Lucas Nunez)  sets: 2-6,0-1, game: 0-0, serving: P2
2026-02-26T21:50:14.896Z [ODDS] (serving: Lucas Nunez)  Farzan Amiri: 22/1 → 20/1, Lucas Nunez: 1/80 → 1/66
2026-02-26T21:50:29.330Z [ODDS] (serving: Lucas Nunez)  Farzan Amiri: 20/1 → 25/1, Lucas Nunez: 1/66 → 1/100
2026-02-26T21:50:29.330Z [EVENT] (serving: Lucas Nunez)  game: 0-15
2026-02-26T21:50:58.643Z [EVENT] (serving: Lucas Nunez)  game: 0-30
2026-02-26T21:51:22.998Z [ODDS] (serving: Lucas Nunez)  Farzan Amiri: 25/1 → 28/1, Lucas Nunez: 1/100 → 1/150
2026-02-26T21:51:22.999Z [EVENT] (serving: Lucas Nunez)  game: 0-40
2026-02-26T21:51:45.177Z [ODDS] (serving: Lucas Nunez)  Farzan Amiri: 28/1 → 25/1, Lucas Nunez: 1/150 → 1/100
2026-02-26T21:51:45.177Z [EVENT] (serving: Lucas Nunez)  game: 15-40
2026-02-26T21:52:08.532Z [EVENT] (serving: Farzan Amiri)  sets: 2-6,0-2, game: 0-0, serving: P1
2026-02-26T21:52:38.737Z [ODDS] (serving: Farzan Amiri)  Farzan Amiri: 25/1 → 28/1, Lucas Nunez: 1/100 → 1/150
2026-02-26T21:53:11.661Z [EVENT] (serving: Farzan Amiri)  game: 0-15
2026-02-26T21:54:00.042Z [ODDS] (serving: Farzan Amiri)  Farzan Amiri: 28/1 → 25/1, Lucas Nunez: 1/150 → 1/100
2026-02-26T21:54:00.042Z [EVENT] (serving: Farzan Amiri)  game: 15-15
2026-02-26T21:54:23.041Z [ODDS] (serving: Farzan Amiri)  Farzan Amiri: 25/1 → 28/1, Lucas Nunez: 1/100 → 1/150
2026-02-26T21:54:49.198Z [EVENT] (serving: Farzan Amiri)  game: 15-30
2026-02-26T21:55:40.612Z [ODDS] (serving: Farzan Amiri)  Farzan Amiri: 28/1 → 33/1, Lucas Nunez: 1/150 → 1/200
2026-02-26T21:55:59.108Z [ODDS] (serving: Farzan Amiri)  Farzan Amiri: 33/1 → 40/1, Lucas Nunez: 1/200 → 1/250
2026-02-26T21:55:59.108Z [EVENT] (serving: Farzan Amiri)  game: 15-40
2026-02-26T21:56:34.281Z [ODDS] (serving: Lucas Nunez)  Farzan Amiri: 40/1 → 50/1, Lucas Nunez: 1/250 → 1/500
2026-02-26T21:56:34.281Z [EVENT] (serving: Lucas Nunez)  sets: 2-6,0-3, game: 0-0, serving: P2
2026-02-26T21:58:39.665Z [EVENT] (serving: Lucas Nunez)  game: 15-0
2026-02-26T21:59:08.078Z [EVENT] (serving: Lucas Nunez)  game: 15-15
2026-02-26T21:59:35.140Z [ODDS] (serving: Lucas Nunez)  Farzan Amiri: 50/1 → 66/1, Lucas Nunez: 1/500 → 1/750
2026-02-26T21:59:35.140Z [EVENT] (serving: Lucas Nunez)  game: 15-30
2026-02-26T22:00:05.815Z [ODDS] (serving: Lucas Nunez)  Farzan Amiri: 66/1 → 50/1, Lucas Nunez: 1/750 → 1/500
2026-02-26T22:00:05.815Z [EVENT] (serving: Lucas Nunez)  game: 30-30
2026-02-26T22:01:08.495Z [ODDS] (serving: Lucas Nunez)  Farzan Amiri: 50/1 → 33/1, Lucas Nunez: 1/500 → 1/200
2026-02-26T22:01:08.495Z [EVENT] (serving: Lucas Nunez)  game: 40-30
2026-02-26T22:01:47.288Z [ODDS] (serving: Farzan Amiri)  Farzan Amiri: 33/1 → 25/1, Lucas Nunez: 1/200 → 1/100
2026-02-26T22:01:47.288Z [EVENT] (serving: Farzan Amiri)  sets: 2-6,1-3, game: 0-0, serving: P1
2026-02-26T22:02:41.407Z [ODDS] (serving: Farzan Amiri)  Farzan Amiri: 25/1 → 28/1, Lucas Nunez: 1/100 → 1/150
2026-02-26T22:02:41.407Z [EVENT] (serving: Farzan Amiri)  game: 0-15
2026-02-26T22:03:24.256Z [ODDS] (serving: Farzan Amiri)  Farzan Amiri: 28/1 → 25/1, Lucas Nunez: 1/150 → 1/100
2026-02-26T22:03:24.256Z [EVENT] (serving: Farzan Amiri)  game: 15-15
2026-02-26T22:04:05.746Z [ODDS] (serving: Farzan Amiri)  Farzan Amiri: 25/1 → 33/1, Lucas Nunez: 1/100 → 1/200
2026-02-26T22:04:05.746Z [EVENT] (serving: Farzan Amiri)  game: 15-30
2026-02-26T22:04:58.969Z [ODDS] (serving: Farzan Amiri)  Farzan Amiri: 33/1 → 25/1, Lucas Nunez: 1/200 → 1/100
2026-02-26T22:04:58.969Z [EVENT] (serving: Farzan Amiri)  game: 30-30
2026-02-26T22:05:27.830Z [ODDS] (serving: Farzan Amiri)  Farzan Amiri: 25/1 → 28/1, Lucas Nunez: 1/100 → 1/150
2026-02-26T22:05:40.907Z [ODDS] (serving: Farzan Amiri)  Farzan Amiri: 28/1 → 33/1, Lucas Nunez: 1/150 → 1/200
2026-02-26T22:05:40.907Z [EVENT] (serving: Farzan Amiri)  game: 30-40
2026-02-26T22:06:23.313Z [ODDS] (serving: Lucas Nunez)  Farzan Amiri: 33/1 → 50/1, Lucas Nunez: 1/200 → 1/500
2026-02-26T22:06:23.313Z [EVENT] (serving: Lucas Nunez)  sets: 2-6,1-4, game: 0-0, serving: P2
2026-02-26T22:08:50.410Z [ODDS] (serving: Lucas Nunez)  Farzan Amiri: 50/1 → 66/1, Lucas Nunez: 1/500 → 1/750
2026-02-26T22:08:50.410Z [EVENT] (serving: Lucas Nunez)  game: 0-15
2026-02-26T22:09:31.456Z [ODDS] (serving: Lucas Nunez)  Farzan Amiri: 66/1 → 100/1, Lucas Nunez: 1/750 → 1/1000
2026-02-26T22:09:31.456Z [EVENT] (serving: Lucas Nunez)  game: 0-30
2026-02-26T22:09:53.555Z [ODDS] (serving: Lucas Nunez)  Farzan Amiri: 100/1 → 66/1, Lucas Nunez: 1/1000 → 1/750
2026-02-26T22:09:53.555Z [EVENT] (serving: Lucas Nunez)  game: 15-30
2026-02-26T22:10:17.454Z [ODDS] (serving: Lucas Nunez)  Farzan Amiri: 66/1 → 100/1, Lucas Nunez: 1/750 → 1/1000
2026-02-26T22:10:17.454Z [EVENT] (serving: Lucas Nunez)  game: 15-40
2026-02-26T22:10:44.514Z [ODDS] (serving: Lucas Nunez)  Farzan Amiri: 100/1 → 66/1, Lucas Nunez: 1/1000 → 1/750
2026-02-26T22:10:44.514Z [EVENT] (serving: Lucas Nunez)  game: 30-40
2026-02-26T22:11:20.594Z [ODDS] (serving: Farzan Amiri)  Farzan Amiri: 66/1 → 100/1, Lucas Nunez: 1/750 → 1/1000
2026-02-26T22:11:20.594Z [EVENT] (serving: Farzan Amiri)  sets: 2-6,1-5, game: 0-0, serving: P1
2026-02-26T22:12:08.402Z [EVENT] (serving: Farzan Amiri)  game: 0-15
2026-02-26T22:13:14.252Z [ODDS] (serving: Farzan Amiri)  Farzan Amiri: 100/1 → 0/0
2026-02-26T22:13:14.252Z [EVENT] (serving: Farzan Amiri)  game: 0-30
2026-02-26T22:13:59.350Z [EVENT] (serving: Farzan Amiri)  game: 0-40
2026-02-26T22:14:41.743Z [EVENT] (serving: Farzan Amiri)  game: 15-40
2026-02-26T22:15:47.138Z [ODDS] (serving: Farzan Amiri)  Lucas Nunez: 1/1000 → 0/0
2026-02-26T22:15:47.138Z [EVENT] (serving: Farzan Amiri)  sets: 2-6,1-6, game: 0-0
