2026-02-26T21:47:05.924Z [EVENT] (serving: Bhosale/Ninomiya)  serving: P1
2026-02-26T21:49:23.932Z [ODDS] (serving: Bhosale/Ninomiya)  Bhosale/Ninomiya: 9/4 → 12/5, Bucsa/Jiang: 1/3 → 3/10
2026-02-26T21:49:23.933Z [EVENT] (serving: Bhosale/Ninomiya)  game: 0-15
2026-02-26T21:49:50.993Z [ODDS] (serving: Bhosale/Ninomiya)  Bhosale/Ninomiya: 12/5 → 5/2, Bucsa/Jiang: 3/10 → 2/7
2026-02-26T21:49:50.993Z [EVENT] (serving: Bhosale/Ninomiya)  game: 0-30
2026-02-26T21:50:24.825Z [EVENT] (serving: Bhosale/Ninomiya)  game: 15-30
2026-02-26T21:50:55.938Z [ODDS] (serving: Bhosale/Ninomiya)  Bhosale/Ninomiya: 5/2 → 11/4, Bucsa/Jiang: 2/7 → 1/4
2026-02-26T21:50:55.938Z [EVENT] (serving: Bhosale/Ninomiya)  game: 15-40
2026-02-26T21:51:40.140Z [ODDS] (serving: Bucsa/Jiang)  Bhosale/Ninomiya: 11/4 → 3/1, Bucsa/Jiang: 1/4 → 2/9
2026-02-26T21:51:40.140Z [EVENT] (serving: Bucsa/Jiang)  sets: 0-1, game: 0-0, serving: P2
2026-02-26T21:52:41.910Z [EVENT] (serving: Bucsa/Jiang)  game: 15-0
2026-02-26T21:53:03.993Z [ODDS] (serving: Bucsa/Jiang)  Bhosale/Ninomiya: 3/1 → 11/4, Bucsa/Jiang: 2/9 → 1/4
2026-02-26T21:53:17.983Z [ODDS] (serving: Bucsa/Jiang)  Bhosale/Ninomiya: 11/4 → 3/1, Bucsa/Jiang: 1/4 → 2/9
2026-02-26T21:53:17.983Z [EVENT] (serving: Bucsa/Jiang)  game: 15-15
2026-02-26T21:53:44.256Z [EVENT] (serving: Bucsa/Jiang)  game: 15-30
2026-02-26T21:54:17.630Z [ODDS] (serving: Bucsa/Jiang)  Bhosale/Ninomiya: 3/1 → 10/3, Bucsa/Jiang: 2/9 → 1/5
2026-02-26T21:54:17.630Z [EVENT] (serving: Bucsa/Jiang)  game: 15-40
2026-02-26T21:54:45.590Z [ODDS] (serving: Bhosale/Ninomiya)  Bhosale/Ninomiya: 10/3 → 7/2, Bucsa/Jiang: 1/5 → 2/11
2026-02-26T21:54:45.590Z [EVENT] (serving: Bhosale/Ninomiya)  sets: 0-2, game: 0-0, serving: P1
2026-02-26T21:55:20.767Z [ODDS] (serving: Bhosale/Ninomiya)  Bhosale/Ninomiya: 7/2 → 10/3, Bucsa/Jiang: 2/11 → 1/5
2026-02-26T21:55:20.767Z [EVENT] (serving: Bhosale/Ninomiya)  game: 15-0
2026-02-26T21:55:57.306Z [ODDS] (serving: Bhosale/Ninomiya)  Bhosale/Ninomiya: 10/3 → 7/2, Bucsa/Jiang: 1/5 → 2/11
2026-02-26T21:55:57.306Z [EVENT] (serving: Bhosale/Ninomiya)  game: 15-15
2026-02-26T21:56:33.379Z [ODDS] (serving: Bhosale/Ninomiya)  Bhosale/Ninomiya: 7/2 → 10/3, Bucsa/Jiang: 2/11 → 1/5
2026-02-26T21:56:33.379Z [EVENT] (serving: Bhosale/Ninomiya)  game: 30-15
2026-02-26T21:57:15.349Z [ODDS] (serving: Bhosale/Ninomiya)  Bhosale/Ninomiya: 10/3 → 7/2, Bucsa/Jiang: 1/5 → 2/11
2026-02-26T21:57:15.349Z [EVENT] (serving: Bhosale/Ninomiya)  game: 30-30
2026-02-26T21:57:42.384Z [ODDS] (serving: Bhosale/Ninomiya)  Bhosale/Ninomiya: 7/2 → 4/1, Bucsa/Jiang: 2/11 → 1/6
2026-02-26T21:57:42.384Z [EVENT] (serving: Bhosale/Ninomiya)  game: 30-40
2026-02-26T21:58:04.031Z [ODDS] (serving: Bhosale/Ninomiya)  Bhosale/Ninomiya: 4/1 → 9/2, Bucsa/Jiang: 1/6 → 1/7
2026-02-26T21:58:16.217Z [EVENT] (serving: Bucsa/Jiang)  sets: 0-3, game: 0-0, serving: P2
2026-02-26T22:00:16.630Z [ODDS] (serving: Bucsa/Jiang)  Bhosale/Ninomiya: 9/2 → 5/1, Bucsa/Jiang: 1/7 → 1/8
2026-02-26T22:00:16.630Z [EVENT] (serving: Bucsa/Jiang)  game: 0-15
2026-02-26T22:00:42.348Z [EVENT] (serving: Bucsa/Jiang)  game: 0-30
2026-02-26T22:01:07.143Z [ODDS] (serving: Bucsa/Jiang)  Bhosale/Ninomiya: 5/1 → 11/2, Bucsa/Jiang: 1/8 → 1/9
2026-02-26T22:01:07.143Z [EVENT] (serving: Bucsa/Jiang)  game: 0-40
2026-02-26T22:01:31.512Z [ODDS] (serving: Bucsa/Jiang)  Bhosale/Ninomiya: 11/2 → 5/1, Bucsa/Jiang: 1/9 → 1/8
2026-02-26T22:01:47.732Z [ODDS] (serving: Bhosale/Ninomiya)  Bhosale/Ninomiya: 5/1 → 11/2, Bucsa/Jiang: 1/8 → 1/9
2026-02-26T22:01:47.733Z [EVENT] (serving: Bhosale/Ninomiya)  sets: 0-4, game: 0-0, serving: P1
2026-02-26T22:02:23.383Z [EVENT] (serving: Bhosale/Ninomiya)  game: 0-15
2026-02-26T22:02:54.489Z [EVENT] (serving: Bhosale/Ninomiya)  game: 15-15
2026-02-26T22:03:29.696Z [ODDS] (serving: Bhosale/Ninomiya)  Bhosale/Ninomiya: 11/2 → 5/1, Bucsa/Jiang: 1/9 → 1/8
2026-02-26T22:03:29.697Z [EVENT] (serving: Bhosale/Ninomiya)  game: 30-15
2026-02-26T22:03:58.531Z [EVENT] (serving: Bhosale/Ninomiya)  game: 40-15
2026-02-26T22:04:32.356Z [EVENT] (serving: Bhosale/Ninomiya)  game: 40-30
2026-02-26T22:05:02.575Z [EVENT] (serving: Bucsa/Jiang)  sets: 1-4, game: 0-0, serving: P2
2026-02-26T22:07:29.598Z [ODDS] (serving: Bucsa/Jiang)  Bhosale/Ninomiya: 5/1 → 9/2, Bucsa/Jiang: 1/8 → 1/7
2026-02-26T22:07:29.598Z [EVENT] (serving: Bucsa/Jiang)  game: 15-0
2026-02-26T22:07:55.779Z [ODDS] (serving: Bucsa/Jiang)  Bhosale/Ninomiya: 9/2 → 5/1, Bucsa/Jiang: 1/7 → 1/8
2026-02-26T22:07:55.780Z [EVENT] (serving: Bucsa/Jiang)  game: 15-15
2026-02-26T22:08:20.191Z [EVENT] (serving: Bucsa/Jiang)  game: 15-30
2026-02-26T22:08:59.876Z [ODDS] (serving: Bucsa/Jiang)  Bhosale/Ninomiya: 5/1 → 11/2, Bucsa/Jiang: 1/8 → 1/9
2026-02-26T22:08:59.876Z [EVENT] (serving: Bucsa/Jiang)  game: 15-40
2026-02-26T22:09:27.387Z [ODDS] (serving: Bucsa/Jiang)  Bhosale/Ninomiya: 11/2 → 5/1, Bucsa/Jiang: 1/9 → 1/8
2026-02-26T22:09:27.388Z [EVENT] (serving: Bucsa/Jiang)  game: 30-40
2026-02-26T22:10:11.592Z [ODDS] (serving: Bhosale/Ninomiya)  Bhosale/Ninomiya: 5/1 → 11/2, Bucsa/Jiang: 1/8 → 1/9
2026-02-26T22:10:11.592Z [EVENT] (serving: Bhosale/Ninomiya)  sets: 1-5, game: 0-0, serving: P1
2026-02-26T22:11:03.005Z [EVENT] (serving: Bhosale/Ninomiya)  game: 15-0
2026-02-26T22:11:26.019Z [EVENT] (serving: Bhosale/Ninomiya)  game: 15-15
2026-02-26T22:11:59.380Z [ODDS] (serving: Bhosale/Ninomiya)  Bhosale/Ninomiya: 11/2 → 6/1, Bucsa/Jiang: 1/9 → 1/10
2026-02-26T22:11:59.380Z [EVENT] (serving: Bhosale/Ninomiya)  game: 15-30
2026-02-26T22:12:24.642Z [ODDS] (serving: Bhosale/Ninomiya)  Bhosale/Ninomiya: 6/1 → 11/2, Bucsa/Jiang: 1/10 → 1/9
2026-02-26T22:12:24.642Z [EVENT] (serving: Bhosale/Ninomiya)  game: 30-30
2026-02-26T22:13:03.874Z [EVENT] (serving: Bhosale/Ninomiya)  game: 40-30
2026-02-26T22:13:30.935Z [EVENT] (serving: Bucsa/Jiang)  sets: 2-5, game: 0-0, serving: P2
2026-02-26T22:15:35.411Z [ODDS] (serving: Bucsa/Jiang)  Bhosale/Ninomiya: 11/2 → 5/1, Bucsa/Jiang: 1/9 → 1/8
2026-02-26T22:15:35.411Z [EVENT] (serving: Bucsa/Jiang)  game: 15-0
2026-02-26T22:15:57.518Z [ODDS] (serving: Bucsa/Jiang)  Bhosale/Ninomiya: 5/1 → 11/2, Bucsa/Jiang: 1/8 → 1/9
2026-02-26T22:15:57.518Z [EVENT] (serving: Bucsa/Jiang)  game: 15-15
2026-02-26T22:16:20.511Z [EVENT] (serving: Bucsa/Jiang)  game: 15-30
2026-02-26T22:16:47.246Z [ODDS] (serving: Bucsa/Jiang)  Bhosale/Ninomiya: 11/2 → 6/1, Bucsa/Jiang: 1/9 → 1/10
2026-02-26T22:16:47.248Z [EVENT] (serving: Bucsa/Jiang)  game: 15-40
2026-02-26T22:17:30.416Z [EVENT] (serving: Bhosale/Ninomiya)  sets: 2-6,0-0, game: 0-0, serving: P1
2026-02-26T22:19:52.489Z [ODDS] (serving: Bhosale/Ninomiya)  Bhosale/Ninomiya: 6/1 → 7/1, Bucsa/Jiang: 1/10 → 1/12
2026-02-26T22:20:09.174Z [ODDS] (serving: Bhosale/Ninomiya)  Bhosale/Ninomiya: 7/1 → 6/1, Bucsa/Jiang: 1/12 → 1/10
2026-02-26T22:20:09.174Z [EVENT] (serving: Bhosale/Ninomiya)  game: 15-0
2026-02-26T22:20:54.281Z [ODDS] (serving: Bhosale/Ninomiya)  Bhosale/Ninomiya: 6/1 → 7/1, Bucsa/Jiang: 1/10 → 1/12
2026-02-26T22:20:54.281Z [EVENT] (serving: Bhosale/Ninomiya)  game: 15-15
2026-02-26T22:21:28.116Z [ODDS] (serving: Bhosale/Ninomiya)  Bhosale/Ninomiya: 7/1 → 8/1, Bucsa/Jiang: 1/12 → 1/14
2026-02-26T22:21:28.117Z [EVENT] (serving: Bhosale/Ninomiya)  game: 15-30
2026-02-26T22:22:08.712Z [ODDS] (serving: Bhosale/Ninomiya)  Bhosale/Ninomiya: 8/1 → 9/1, Bucsa/Jiang: 1/14 → 1/16
2026-02-26T22:22:08.712Z [EVENT] (serving: Bhosale/Ninomiya)  game: 15-40
2026-02-26T22:22:35.076Z [ODDS] (serving: Bhosale/Ninomiya)  Bhosale/Ninomiya: 9/1 → 10/1, Bucsa/Jiang: 1/16 → 1/20
2026-02-26T22:22:51.098Z [ODDS] (serving: Bhosale/Ninomiya)  Bhosale/Ninomiya: 10/1 → 8/1, Bucsa/Jiang: 1/20 → 1/14
2026-02-26T22:22:51.098Z [EVENT] (serving: Bhosale/Ninomiya)  game: 30-40
2026-02-26T22:23:19.085Z [ODDS] (serving: Bhosale/Ninomiya)  Bhosale/Ninomiya: 8/1 → 9/1, Bucsa/Jiang: 1/14 → 1/16
2026-02-26T22:23:33.496Z [ODDS] (serving: Bhosale/Ninomiya)  Bhosale/Ninomiya: 9/1 → 7/1, Bucsa/Jiang: 1/16 → 1/12
2026-02-26T22:23:33.496Z [EVENT] (serving: Bhosale/Ninomiya)  game: 40-40
2026-02-26T22:23:34.845Z [ODDS] (serving: Bhosale/Ninomiya)  Bhosale/Ninomiya: 7/1 → 9/1, Bucsa/Jiang: 1/12 → 1/16
2026-02-26T22:23:34.845Z [EVENT] (serving: Bhosale/Ninomiya)  game: 30-40
2026-02-26T22:23:35.746Z [ODDS] (serving: Bucsa/Jiang)  Bhosale/Ninomiya: 9/1 → 10/1, Bucsa/Jiang: 1/16 → 1/20
2026-02-26T22:23:35.746Z [EVENT] (serving: Bucsa/Jiang)  sets: 2-6,0-1, game: 0-0, serving: P2
2026-02-26T22:24:35.398Z [ODDS] (serving: Bucsa/Jiang)  Bhosale/Ninomiya: 10/1 → 12/1, Bucsa/Jiang: 1/20 → 1/25
2026-02-26T22:24:35.398Z [EVENT] (serving: Bucsa/Jiang)  game: 0-15
2026-02-26T22:25:10.456Z [ODDS] (serving: Bucsa/Jiang)  Bhosale/Ninomiya: 12/1 → 14/1, Bucsa/Jiang: 1/25 → 1/33
2026-02-26T22:25:10.456Z [EVENT] (serving: Bucsa/Jiang)  game: 0-30
2026-02-26T22:25:35.715Z [ODDS] (serving: Bucsa/Jiang)  Bhosale/Ninomiya: 14/1 → 12/1, Bucsa/Jiang: 1/33 → 1/25
2026-02-26T22:26:01.880Z [EVENT] (serving: Bucsa/Jiang)  game: 15-30
2026-02-26T22:26:35.714Z [ODDS] (serving: Bucsa/Jiang)  Bhosale/Ninomiya: 12/1 → 14/1, Bucsa/Jiang: 1/25 → 1/33
2026-02-26T22:26:35.714Z [EVENT] (serving: Bucsa/Jiang)  game: 15-40
2026-02-26T22:27:08.619Z [ODDS] (serving: Bucsa/Jiang)  Bhosale/Ninomiya: 14/1 → 12/1, Bucsa/Jiang: 1/33 → 1/25
2026-02-26T22:27:21.697Z [EVENT] (serving: Bucsa/Jiang)  game: 30-40
2026-02-26T22:27:50.565Z [ODDS] (serving: Bhosale/Ninomiya)  Bhosale/Ninomiya: 12/1 → 14/1, Bucsa/Jiang: 1/25 → 1/33
2026-02-26T22:27:50.565Z [EVENT] (serving: Bhosale/Ninomiya)  sets: 2-6,0-2, game: 0-0, serving: P1
2026-02-26T22:28:21.234Z [ODDS] (serving: Bhosale/Ninomiya)  Bhosale/Ninomiya: 14/1 → 12/1, Bucsa/Jiang: 1/33 → 1/25
2026-02-26T22:28:21.234Z [EVENT] (serving: Bhosale/Ninomiya)  game: 15-0
2026-02-26T22:28:42.436Z [ODDS] (serving: Bhosale/Ninomiya)  Bhosale/Ninomiya: 12/1 → 14/1, Bucsa/Jiang: 1/25 → 1/33
2026-02-26T22:29:15.818Z [EVENT] (serving: Bhosale/Ninomiya)  game: 15-15
2026-02-26T22:30:03.169Z [ODDS] (serving: Bhosale/Ninomiya)  Bhosale/Ninomiya: 14/1 → 12/1, Bucsa/Jiang: 1/33 → 1/25
2026-02-26T22:30:03.172Z [EVENT] (serving: Bhosale/Ninomiya)  game: 30-15
2026-02-26T22:30:28.866Z [ODDS] (serving: Bhosale/Ninomiya)  Bhosale/Ninomiya: 12/1 → 14/1, Bucsa/Jiang: 1/25 → 1/33
2026-02-26T22:30:52.319Z [ODDS] (serving: Bhosale/Ninomiya)  Bhosale/Ninomiya: 14/1 → 12/1, Bucsa/Jiang: 1/33 → 1/25
2026-02-26T22:30:52.319Z [EVENT] (serving: Bhosale/Ninomiya)  game: 40-15
2026-02-26T22:31:26.595Z [ODDS] (serving: Bucsa/Jiang)  Bhosale/Ninomiya: 12/1 → 10/1, Bucsa/Jiang: 1/25 → 1/20
2026-02-26T22:31:26.595Z [EVENT] (serving: Bucsa/Jiang)  sets: 2-6,1-2, game: 0-0, serving: P2
2026-02-26T22:33:22.956Z [ODDS] (serving: Bucsa/Jiang)  Bhosale/Ninomiya: 10/1 → 12/1, Bucsa/Jiang: 1/20 → 1/25
2026-02-26T22:33:22.956Z [EVENT] (serving: Bucsa/Jiang)  game: 0-15
2026-02-26T22:33:46.411Z [ODDS] (serving: Bucsa/Jiang)  Bhosale/Ninomiya: 12/1 → 14/1, Bucsa/Jiang: 1/25 → 1/33
2026-02-26T22:33:46.411Z [EVENT] (serving: Bucsa/Jiang)  game: 0-30
2026-02-26T22:34:04.626Z [ODDS] (serving: Bucsa/Jiang)  Bhosale/Ninomiya: 14/1 → 12/1, Bucsa/Jiang: 1/33 → 1/25
2026-02-26T22:34:19.511Z [EVENT] (serving: Bucsa/Jiang)  game: 15-30
2026-02-26T22:34:52.433Z [ODDS] (serving: Bucsa/Jiang)  Bhosale/Ninomiya: 12/1 → 14/1, Bucsa/Jiang: 1/25 → 1/33
2026-02-26T22:34:52.433Z [EVENT] (serving: Bucsa/Jiang)  game: 15-40
2026-02-26T22:35:17.688Z [ODDS] (serving: Bucsa/Jiang)  Bhosale/Ninomiya: 14/1 → 12/1, Bucsa/Jiang: 1/33 → 1/25
2026-02-26T22:35:40.238Z [EVENT] (serving: Bucsa/Jiang)  game: 30-40
2026-02-26T22:36:17.671Z [ODDS] (serving: Bhosale/Ninomiya)  Bhosale/Ninomiya: 12/1 → 14/1, Bucsa/Jiang: 1/25 → 1/33
2026-02-26T22:36:17.671Z [EVENT] (serving: Bhosale/Ninomiya)  sets: 2-6,1-3, game: 0-0, serving: P1
2026-02-26T22:36:21.731Z [ODDS] (serving: Bucsa/Jiang)  Bhosale/Ninomiya: 14/1 → 12/1, Bucsa/Jiang: 1/33 → 1/25
2026-02-26T22:36:21.731Z [EVENT] (serving: Bucsa/Jiang)  sets: 2-6,1-2, game: 30-40, serving: P2
2026-02-26T22:36:22.182Z [ODDS] (serving: Bucsa/Jiang)  Bhosale/Ninomiya: 12/1 → 9/1, Bucsa/Jiang: 1/25 → 1/16
2026-02-26T22:36:22.182Z [EVENT] (serving: Bucsa/Jiang)  game: 40-40
2026-02-26T22:37:03.673Z [ODDS] (serving: Bhosale/Ninomiya)  Bhosale/Ninomiya: 9/1 → 14/1, Bucsa/Jiang: 1/16 → 1/33
2026-02-26T22:37:03.673Z [EVENT] (serving: Bhosale/Ninomiya)  sets: 2-6,1-3, game: 0-0, serving: P1
2026-02-26T22:37:54.637Z [ODDS] (serving: Bhosale/Ninomiya)  Bhosale/Ninomiya: 14/1 → 12/1, Bucsa/Jiang: 1/33 → 1/25
2026-02-26T22:37:54.637Z [EVENT] (serving: Bhosale/Ninomiya)  game: 15-0
2026-02-26T22:38:22.282Z [EVENT] (serving: Bhosale/Ninomiya)  game: 30-0
2026-02-26T22:38:47.539Z [EVENT] (serving: Bhosale/Ninomiya)  game: 30-15
2026-02-26T22:39:19.112Z [ODDS] (serving: Bhosale/Ninomiya)  Bhosale/Ninomiya: 12/1 → 14/1, Bucsa/Jiang: 1/25 → 1/33
2026-02-26T22:39:19.112Z [EVENT] (serving: Bhosale/Ninomiya)  game: 30-30
2026-02-26T22:39:21.367Z [ODDS] (serving: Bhosale/Ninomiya)  Bhosale/Ninomiya: 14/1 → 12/1, Bucsa/Jiang: 1/33 → 1/25
2026-02-26T22:39:21.367Z [EVENT] (serving: Bhosale/Ninomiya)  game: 30-15
2026-02-26T22:39:21.819Z [EVENT] (serving: Bhosale/Ninomiya)  game: 40-15
2026-02-26T22:39:47.977Z [ODDS] (serving: Bucsa/Jiang)  Bhosale/Ninomiya: 12/1 → 10/1, Bucsa/Jiang: 1/25 → 1/20
2026-02-26T22:39:47.977Z [EVENT] (serving: Bucsa/Jiang)  sets: 2-6,2-3, game: 0-0, serving: P2
2026-02-26T22:41:54.261Z [ODDS] (serving: Bucsa/Jiang)  Bhosale/Ninomiya: 10/1 → 9/1, Bucsa/Jiang: 1/20 → 1/16
2026-02-26T22:41:54.711Z [EVENT] (serving: Bucsa/Jiang)  game: 15-0
2026-02-26T22:42:28.085Z [ODDS] (serving: Bucsa/Jiang)  Bhosale/Ninomiya: 9/1 → 7/1, Bucsa/Jiang: 1/16 → 1/12
2026-02-26T22:42:28.085Z [EVENT] (serving: Bucsa/Jiang)  game: 30-0
2026-02-26T22:42:53.795Z [ODDS] (serving: Bucsa/Jiang)  Bhosale/Ninomiya: 7/1 → 8/1, Bucsa/Jiang: 1/12 → 1/14
2026-02-26T22:42:53.795Z [EVENT] (serving: Bucsa/Jiang)  game: 30-15
2026-02-26T22:43:19.500Z [ODDS] (serving: Bucsa/Jiang)  Bhosale/Ninomiya: 8/1 → 7/1, Bucsa/Jiang: 1/14 → 1/12
2026-02-26T22:43:34.835Z [ODDS] (serving: Bucsa/Jiang)  Bhosale/Ninomiya: 7/1 → 9/1, Bucsa/Jiang: 1/12 → 1/16
2026-02-26T22:43:34.835Z [EVENT] (serving: Bucsa/Jiang)  game: 30-30
2026-02-26T22:44:09.568Z [ODDS] (serving: Bucsa/Jiang)  Bhosale/Ninomiya: 9/1 → 12/1, Bucsa/Jiang: 1/16 → 1/25
2026-02-26T22:44:09.568Z [EVENT] (serving: Bucsa/Jiang)  game: 30-40
2026-02-26T22:44:37.975Z [ODDS] (serving: Bucsa/Jiang)  Bhosale/Ninomiya: 12/1 → 9/1, Bucsa/Jiang: 1/25 → 1/16
2026-02-26T22:44:37.976Z [EVENT] (serving: Bucsa/Jiang)  game: 40-40
2026-02-26T22:45:04.149Z [ODDS] (serving: Bucsa/Jiang)  Bhosale/Ninomiya: 9/1 → 8/1, Bucsa/Jiang: 1/16 → 1/14
2026-02-26T22:45:21.723Z [ODDS] (serving: Bhosale/Ninomiya)  Bhosale/Ninomiya: 8/1 → 5/1, Bucsa/Jiang: 1/14 → 1/8
2026-02-26T22:45:21.723Z [EVENT] (serving: Bhosale/Ninomiya)  sets: 2-6,3-3, game: 0-0, serving: P1
2026-02-26T22:45:56.449Z [ODDS] (serving: Bhosale/Ninomiya)  Bhosale/Ninomiya: 5/1 → 9/2, Bucsa/Jiang: 1/8 → 1/7
2026-02-26T22:45:56.449Z [EVENT] (serving: Bhosale/Ninomiya)  game: 15-0
2026-02-26T22:46:32.078Z [ODDS] (serving: Bhosale/Ninomiya)  Bhosale/Ninomiya: 9/2 → 5/1, Bucsa/Jiang: 1/7 → 1/8
2026-02-26T22:46:32.078Z [EVENT] (serving: Bhosale/Ninomiya)  game: 15-15
2026-02-26T22:47:05.454Z [ODDS] (serving: Bhosale/Ninomiya)  Bhosale/Ninomiya: 5/1 → 11/2, Bucsa/Jiang: 1/8 → 1/9
2026-02-26T22:47:27.551Z [ODDS] (serving: Bhosale/Ninomiya)  Bhosale/Ninomiya: 11/2 → 9/2, Bucsa/Jiang: 1/9 → 1/7
2026-02-26T22:47:27.552Z [EVENT] (serving: Bhosale/Ninomiya)  game: 30-15
2026-02-26T22:48:10.396Z [ODDS] (serving: Bhosale/Ninomiya)  Bhosale/Ninomiya: 9/2 → 5/1, Bucsa/Jiang: 1/7 → 1/8
2026-02-26T22:48:10.396Z [EVENT] (serving: Bhosale/Ninomiya)  game: 30-30
2026-02-26T22:48:51.437Z [ODDS] (serving: Bhosale/Ninomiya)  Bhosale/Ninomiya: 5/1 → 6/1, Bucsa/Jiang: 1/8 → 1/10
2026-02-26T22:49:09.027Z [ODDS] (serving: Bhosale/Ninomiya)  Bhosale/Ninomiya: 6/1 → 7/1, Bucsa/Jiang: 1/10 → 1/12
2026-02-26T22:49:09.027Z [EVENT] (serving: Bhosale/Ninomiya)  game: 30-40
2026-02-26T22:49:41.499Z [ODDS] (serving: Bhosale/Ninomiya)  Bhosale/Ninomiya: 7/1 → 11/2, Bucsa/Jiang: 1/12 → 1/9
2026-02-26T22:49:41.499Z [EVENT] (serving: Bhosale/Ninomiya)  game: 40-40
2026-02-26T22:50:10.363Z [ODDS] (serving: Bucsa/Jiang)  Bhosale/Ninomiya: 11/2 → 12/1, Bucsa/Jiang: 1/9 → 1/25
2026-02-26T22:50:10.363Z [EVENT] (serving: Bucsa/Jiang)  sets: 2-6,3-4, game: 0-0, serving: P2
2026-02-26T22:52:11.684Z [ODDS] (serving: Bucsa/Jiang)  Bhosale/Ninomiya: 12/1 → 10/1, Bucsa/Jiang: 1/25 → 1/20
2026-02-26T22:52:25.213Z [ODDS] (serving: Bucsa/Jiang)  Bhosale/Ninomiya: 10/1 → 14/1, Bucsa/Jiang: 1/20 → 1/33
2026-02-26T22:52:25.213Z [EVENT] (serving: Bucsa/Jiang)  game: 0-15
2026-02-26T22:52:48.668Z [ODDS] (serving: Bucsa/Jiang)  Bhosale/Ninomiya: 14/1 → 12/1, Bucsa/Jiang: 1/33 → 1/25
2026-02-26T22:53:04.903Z [ODDS] (serving: Bucsa/Jiang)  Bhosale/Ninomiya: 12/1 → 10/1, Bucsa/Jiang: 1/25 → 1/20
2026-02-26T22:53:04.903Z [EVENT] (serving: Bucsa/Jiang)  game: 15-15
2026-02-26T22:53:33.766Z [ODDS] (serving: Bucsa/Jiang)  Bhosale/Ninomiya: 10/1 → 8/1, Bucsa/Jiang: 1/20 → 1/14
2026-02-26T22:53:33.766Z [EVENT] (serving: Bucsa/Jiang)  game: 30-15
2026-02-26T22:53:58.122Z [ODDS] (serving: Bucsa/Jiang)  Bhosale/Ninomiya: 8/1 → 7/1, Bucsa/Jiang: 1/14 → 1/12
2026-02-26T22:54:18.416Z [ODDS] (serving: Bucsa/Jiang)  Bhosale/Ninomiya: 7/1 → 10/1, Bucsa/Jiang: 1/12 → 1/20
2026-02-26T22:54:18.417Z [EVENT] (serving: Bucsa/Jiang)  game: 30-30
2026-02-26T22:54:49.986Z [ODDS] (serving: Bucsa/Jiang)  Bhosale/Ninomiya: 10/1 → 14/1, Bucsa/Jiang: 1/20 → 1/33
2026-02-26T22:54:49.987Z [EVENT] (serving: Bucsa/Jiang)  game: 30-40
2026-02-26T22:55:19.752Z [ODDS] (serving: Bucsa/Jiang)  Bhosale/Ninomiya: 14/1 → 9/1, Bucsa/Jiang: 1/33 → 1/16
2026-02-26T22:55:19.752Z [EVENT] (serving: Bucsa/Jiang)  game: 40-40
2026-02-26T22:55:48.617Z [ODDS] (serving: Bucsa/Jiang)  Bhosale/Ninomiya: 9/1 → 8/1, Bucsa/Jiang: 1/16 → 1/14
2026-02-26T22:56:07.108Z [ODDS] (serving: Bhosale/Ninomiya)  Bhosale/Ninomiya: 8/1 → 18/1, Bucsa/Jiang: 1/14 → 1/50
2026-02-26T22:56:07.108Z [EVENT] (serving: Bhosale/Ninomiya)  sets: 2-6,3-5, game: 0-0, serving: P1
2026-02-26T22:56:56.717Z [ODDS] (serving: Bhosale/Ninomiya)  Bhosale/Ninomiya: 18/1 → 16/1, Bucsa/Jiang: 1/50 → 1/40
2026-02-26T22:56:56.717Z [EVENT] (serving: Bhosale/Ninomiya)  game: 15-0
2026-02-26T22:57:02.130Z [ODDS] (serving: Bhosale/Ninomiya)  Bhosale/Ninomiya: 16/1 → 18/1, Bucsa/Jiang: 1/40 → 1/50
2026-02-26T22:57:02.130Z [EVENT] (serving: Bhosale/Ninomiya)  game: 0-0
2026-02-26T22:57:02.580Z [ODDS] (serving: Bhosale/Ninomiya)  Bhosale/Ninomiya: 18/1 → 22/1, Bucsa/Jiang: 1/50 → 1/80
2026-02-26T22:57:02.580Z [EVENT] (serving: Bhosale/Ninomiya)  game: 0-15
2026-02-26T22:57:21.071Z [ODDS] (serving: Bhosale/Ninomiya)  Bhosale/Ninomiya: 22/1 → 25/1, Bucsa/Jiang: 1/80 → 1/100
2026-02-26T22:57:35.052Z [ODDS] (serving: Bhosale/Ninomiya)  Bhosale/Ninomiya: 25/1 → 33/1, Bucsa/Jiang: 1/100 → 1/200
2026-02-26T22:57:35.052Z [EVENT] (serving: Bhosale/Ninomiya)  game: 0-30
2026-02-26T22:58:01.664Z [ODDS] (serving: Bhosale/Ninomiya)  Bhosale/Ninomiya: 33/1 → 40/1, Bucsa/Jiang: 1/200 → 1/250
2026-02-26T22:58:16.544Z [ODDS] (serving: Bhosale/Ninomiya)  Bhosale/Ninomiya: 40/1 → 25/1, Bucsa/Jiang: 1/250 → 1/100
2026-02-26T22:58:16.544Z [EVENT] (serving: Bhosale/Ninomiya)  game: 15-30
2026-02-26T22:58:47.670Z [ODDS] (serving: Bhosale/Ninomiya)  Bhosale/Ninomiya: 25/1 → 40/1, Bucsa/Jiang: 1/100 → 1/250
2026-02-26T22:58:47.670Z [EVENT] (serving: Bhosale/Ninomiya)  game: 15-40
2026-02-26T22:59:11.569Z [ODDS] (serving: Bhosale/Ninomiya)  Bhosale/Ninomiya: 40/1 → 50/1, Bucsa/Jiang: 1/250 → 1/500
2026-02-26T22:59:22.843Z [ODDS] (serving: Bhosale/Ninomiya)  Bhosale/Ninomiya: 50/1 → 0/0, Bucsa/Jiang: 1/500 → 0/0
2026-02-26T22:59:22.843Z [EVENT] (serving: Bhosale/Ninomiya)  sets: 2-6,3-6, game: 0-0
