2026-02-26T19:47:38.327Z [ODDS] (serving: Reynolds/Watt)  Reynolds/Watt: 1/3 → 2/7, Faria/Rocha: 9/4 → 5/2
2026-02-26T19:47:38.327Z [EVENT] (serving: Reynolds/Watt)  game: 15-15
2026-02-26T19:47:57.719Z [ODDS] (serving: Reynolds/Watt)  Reynolds/Watt: 2/7 → 1/4, Faria/Rocha: 5/2 → 11/4
2026-02-26T19:47:57.719Z [EVENT] (serving: Reynolds/Watt)  game: 30-15
2026-02-26T19:48:32.446Z [ODDS] (serving: Reynolds/Watt)  Reynolds/Watt: 1/4 → 2/9, Faria/Rocha: 11/4 → 3/1
2026-02-26T19:48:32.446Z [EVENT] (serving: Reynolds/Watt)  game: 40-15
2026-02-26T19:49:00.859Z [ODDS] (serving: Reynolds/Watt)  Reynolds/Watt: 2/9 → 1/4, Faria/Rocha: 3/1 → 11/4
2026-02-26T19:49:00.859Z [EVENT] (serving: Reynolds/Watt)  game: 40-30
2026-02-26T19:49:32.430Z [ODDS] (serving: Faria/Rocha)  Reynolds/Watt: 1/4 → 2/9, Faria/Rocha: 11/4 → 3/1
2026-02-26T19:49:32.430Z [EVENT] (serving: Faria/Rocha)  sets: 6-4,5-5, game: 0-0, serving: P2
2026-02-26T19:50:15.281Z [ODDS] (serving: Faria/Rocha)  Reynolds/Watt: 2/9 → 1/4, Faria/Rocha: 3/1 → 11/4
2026-02-26T19:50:15.281Z [EVENT] (serving: Faria/Rocha)  game: 0-15
2026-02-26T19:50:32.417Z [ODDS] (serving: Faria/Rocha)  Reynolds/Watt: 1/4 → 2/9, Faria/Rocha: 11/4 → 3/1
2026-02-26T19:50:48.198Z [ODDS] (serving: Faria/Rocha)  Reynolds/Watt: 2/9 → 1/5, Faria/Rocha: 3/1 → 10/3
2026-02-26T19:50:48.198Z [EVENT] (serving: Faria/Rocha)  game: 15-15
2026-02-26T19:51:08.495Z [ODDS] (serving: Faria/Rocha)  Reynolds/Watt: 1/5 → 2/9, Faria/Rocha: 10/3 → 3/1
2026-02-26T19:51:08.495Z [EVENT] (serving: Faria/Rocha)  game: 15-30
2026-02-26T19:51:28.336Z [ODDS] (serving: Faria/Rocha)  Reynolds/Watt: 2/9 → 1/4, Faria/Rocha: 3/1 → 11/4
2026-02-26T19:51:28.337Z [EVENT] (serving: Faria/Rocha)  game: 15-40
2026-02-26T19:51:52.241Z [ODDS] (serving: Reynolds/Watt)  Reynolds/Watt: 1/4 → 2/7, Faria/Rocha: 11/4 → 5/2
2026-02-26T19:51:52.241Z [EVENT] (serving: Reynolds/Watt)  sets: 6-4,5-6, game: 0-0, serving: P1
2026-02-26T19:53:19.290Z [ODDS] (serving: Reynolds/Watt)  Reynolds/Watt: 2/7 → 3/10, Faria/Rocha: 5/2 → 12/5
2026-02-26T19:53:34.176Z [ODDS] (serving: Reynolds/Watt)  Reynolds/Watt: 3/10 → 4/11, Faria/Rocha: 12/5 → 2/1
2026-02-26T19:53:34.176Z [EVENT] (serving: Reynolds/Watt)  game: 0-15
2026-02-26T19:53:58.525Z [ODDS] (serving: Reynolds/Watt)  Reynolds/Watt: 4/11 → 2/5, Faria/Rocha: 2/1 → 7/4
2026-02-26T19:54:13.409Z [ODDS] (serving: Reynolds/Watt)  Reynolds/Watt: 2/5 → 3/10, Faria/Rocha: 7/4 → 12/5
2026-02-26T19:54:13.409Z [EVENT] (serving: Reynolds/Watt)  game: 15-15
2026-02-26T19:54:43.626Z [ODDS] (serving: Reynolds/Watt)  Reynolds/Watt: 3/10 → 1/4, Faria/Rocha: 12/5 → 11/4
2026-02-26T19:54:43.626Z [EVENT] (serving: Reynolds/Watt)  game: 30-15
2026-02-26T19:55:12.492Z [ODDS] (serving: Reynolds/Watt)  Reynolds/Watt: 1/4 → 2/9, Faria/Rocha: 11/4 → 3/1
2026-02-26T19:55:12.492Z [EVENT] (serving: Reynolds/Watt)  game: 40-15
2026-02-26T19:55:55.359Z [ODDS] (serving: Reynolds/Watt)  Reynolds/Watt: 2/9 → 1/4, Faria/Rocha: 3/1 → 11/4
2026-02-26T19:56:11.605Z [ODDS] (serving: Faria/Rocha)  Reynolds/Watt: 1/4 → 1/5, Faria/Rocha: 11/4 → 10/3
2026-02-26T19:56:11.605Z [EVENT] (serving: Faria/Rocha)  sets: 6-4,6-6, game: 0-0, serving: P2
2026-02-26T19:56:43.184Z [ODDS] (serving: Reynolds/Watt)  Reynolds/Watt: 1/5 → 2/7, Faria/Rocha: 10/3 → 5/2
2026-02-26T19:56:43.184Z [EVENT] (serving: Reynolds/Watt)  game: 0-1, serving: P1
2026-02-26T19:57:16.105Z [ODDS] (serving: Reynolds/Watt)  Reynolds/Watt: 2/7 → 3/10, Faria/Rocha: 5/2 → 12/5
2026-02-26T19:57:30.988Z [ODDS] (serving: Reynolds/Watt)  Reynolds/Watt: 3/10 → 2/9, Faria/Rocha: 12/5 → 3/1
2026-02-26T19:57:30.988Z [EVENT] (serving: Reynolds/Watt)  game: 1-1
2026-02-26T19:58:02.109Z [ODDS] (serving: Reynolds/Watt)  Reynolds/Watt: 2/9 → 1/4, Faria/Rocha: 3/1 → 11/4
2026-02-26T19:58:12.485Z [ODDS] (serving: Faria/Rocha)  Reynolds/Watt: 1/4 → 1/6, Faria/Rocha: 11/4 → 4/1
2026-02-26T19:58:12.485Z [EVENT] (serving: Faria/Rocha)  game: 2-1, serving: P2
2026-02-26T19:58:37.736Z [ODDS] (serving: Faria/Rocha)  Reynolds/Watt: 1/6 → 1/7, Faria/Rocha: 4/1 → 9/2
2026-02-26T19:58:48.565Z [ODDS] (serving: Faria/Rocha)  Reynolds/Watt: 1/7 → 2/9, Faria/Rocha: 9/2 → 3/1
2026-02-26T19:58:48.566Z [EVENT] (serving: Faria/Rocha)  game: 2-2
2026-02-26T19:59:04.796Z [ODDS] (serving: Faria/Rocha)  Reynolds/Watt: 2/9 → 1/5, Faria/Rocha: 3/1 → 10/3
2026-02-26T19:59:27.346Z [ODDS] (serving: Reynolds/Watt)  Reynolds/Watt: 1/5 → 2/7, Faria/Rocha: 10/3 → 5/2
2026-02-26T19:59:27.346Z [EVENT] (serving: Reynolds/Watt)  game: 2-3, serving: P1
2026-02-26T20:00:21.470Z [ODDS] (serving: Reynolds/Watt)  Reynolds/Watt: 2/7 → 3/10, Faria/Rocha: 5/2 → 12/5
2026-02-26T20:00:36.352Z [ODDS] (serving: Reynolds/Watt)  Reynolds/Watt: 3/10 → 2/9, Faria/Rocha: 12/5 → 3/1
2026-02-26T20:00:36.352Z [EVENT] (serving: Reynolds/Watt)  game: 3-3
2026-02-26T20:01:37.686Z [ODDS] (serving: Faria/Rocha)  Reynolds/Watt: 2/9 → 1/7, Faria/Rocha: 3/1 → 9/2
2026-02-26T20:01:37.686Z [EVENT] (serving: Faria/Rocha)  game: 4-3, serving: P2
2026-02-26T20:02:05.649Z [ODDS] (serving: Faria/Rocha)  Reynolds/Watt: 1/7 → 1/20, Faria/Rocha: 9/2 → 10/1
2026-02-26T20:02:05.649Z [EVENT] (serving: Faria/Rocha)  game: 5-3
2026-02-26T20:02:30.907Z [ODDS] (serving: Reynolds/Watt)  Reynolds/Watt: 1/20 → 1/14, Faria/Rocha: 10/1 → 8/1
2026-02-26T20:02:30.907Z [EVENT] (serving: Reynolds/Watt)  game: 5-4, serving: P1
2026-02-26T20:03:02.478Z [ODDS] (serving: Reynolds/Watt)  Reynolds/Watt: 1/14 → 1/10, Faria/Rocha: 8/1 → 6/1
2026-02-26T20:03:17.811Z [ODDS] (serving: Reynolds/Watt)  Reynolds/Watt: 1/10 → 1/14, Faria/Rocha: 6/1 → 8/1
2026-02-26T20:03:30.895Z [ODDS] (serving: Reynolds/Watt)  Reynolds/Watt: 1/14 → 2/9, Faria/Rocha: 8/1 → 3/1
2026-02-26T20:03:30.895Z [EVENT] (serving: Reynolds/Watt)  game: 5-5
2026-02-26T20:03:50.733Z [ODDS] (serving: Reynolds/Watt)  Reynolds/Watt: 2/9 → 2/7, Faria/Rocha: 3/1 → 5/2
2026-02-26T20:04:02.012Z [ODDS] (serving: Faria/Rocha)  Reynolds/Watt: 2/7 → 1/2, Faria/Rocha: 5/2 → 6/4
2026-02-26T20:04:02.012Z [EVENT] (serving: Faria/Rocha)  game: 5-6, serving: P2
2026-02-26T20:04:26.363Z [ODDS] (serving: Reynolds/Watt)  Reynolds/Watt: 1/2 → 7/10, Faria/Rocha: 6/4 → 21/20
2026-02-26T20:04:26.363Z [EVENT] (serving: Reynolds/Watt)  sets: 6-4,6-7,0-0, game: 0-0, serving: P1
2026-02-26T20:07:31.733Z [ODDS] (serving: Faria/Rocha)  Reynolds/Watt: 7/10 → 8/15, Faria/Rocha: 21/20 → 11/8
2026-02-26T20:07:31.733Z [EVENT] (serving: Faria/Rocha)  game: 1-0, serving: P2
2026-02-26T20:07:58.340Z [ODDS] (serving: Faria/Rocha)  Reynolds/Watt: 8/15 → 1/2, Faria/Rocha: 11/8 → 6/4
2026-02-26T20:08:11.128Z [ODDS] (serving: Faria/Rocha)  Reynolds/Watt: 1/2 → 3/4, Faria/Rocha: 6/4 → 1/1
2026-02-26T20:08:11.128Z [EVENT] (serving: Faria/Rocha)  game: 1-1
2026-02-26T20:08:34.122Z [ODDS] (serving: Reynolds/Watt)  Reynolds/Watt: 3/4 → 19/20, Faria/Rocha: 1/1 → 4/5
2026-02-26T20:08:34.122Z [EVENT] (serving: Reynolds/Watt)  game: 1-2, serving: P1
2026-02-26T20:09:06.596Z [ODDS] (serving: Reynolds/Watt)  Reynolds/Watt: 19/20 → 3/4, Faria/Rocha: 4/5 → 1/1
2026-02-26T20:09:06.596Z [EVENT] (serving: Reynolds/Watt)  game: 2-2
2026-02-26T20:09:30.952Z [ODDS] (serving: Faria/Rocha)  Reynolds/Watt: 3/4 → 8/15, Faria/Rocha: 1/1 → 11/8
2026-02-26T20:09:30.952Z [EVENT] (serving: Faria/Rocha)  game: 3-2, serving: P2
2026-02-26T20:10:06.135Z [ODDS] (serving: Faria/Rocha)  Reynolds/Watt: 8/15 → 1/4, Faria/Rocha: 11/8 → 11/4
2026-02-26T20:10:06.135Z [EVENT] (serving: Faria/Rocha)  game: 4-2
2026-02-26T20:10:49.423Z [ODDS] (serving: Faria/Rocha)  Reynolds/Watt: 1/4 → 2/9, Faria/Rocha: 11/4 → 3/1
2026-02-26T20:11:01.602Z [ODDS] (serving: Reynolds/Watt)  Reynolds/Watt: 2/9 → 4/11, Faria/Rocha: 3/1 → 2/1
2026-02-26T20:11:01.602Z [EVENT] (serving: Reynolds/Watt)  game: 4-3, serving: P1
2026-02-26T20:11:40.846Z [ODDS] (serving: Reynolds/Watt)  Reynolds/Watt: 4/11 → 4/9, Faria/Rocha: 2/1 → 13/8
2026-02-26T20:11:49.429Z [ODDS] (serving: Reynolds/Watt)  Reynolds/Watt: 4/9 → 1/4, Faria/Rocha: 13/8 → 11/4
2026-02-26T20:11:49.429Z [EVENT] (serving: Reynolds/Watt)  game: 5-3
2026-02-26T20:12:12.864Z [ODDS] (serving: Faria/Rocha)  Reynolds/Watt: 1/4 → 8/15, Faria/Rocha: 11/4 → 11/8
2026-02-26T20:12:12.864Z [EVENT] (serving: Faria/Rocha)  game: 5-4, serving: P2
2026-02-26T20:12:40.823Z [ODDS] (serving: Faria/Rocha)  Reynolds/Watt: 8/15 → 4/9, Faria/Rocha: 11/8 → 13/8
2026-02-26T20:12:57.056Z [ODDS] (serving: Faria/Rocha)  Reynolds/Watt: 4/9 → 3/4, Faria/Rocha: 13/8 → 1/1
2026-02-26T20:12:57.056Z [EVENT] (serving: Faria/Rocha)  game: 5-5
2026-02-26T20:13:25.942Z [ODDS] (serving: Reynolds/Watt)  Reynolds/Watt: 3/4 → 1/3, Faria/Rocha: 1/1 → 9/4
2026-02-26T20:13:25.942Z [EVENT] (serving: Reynolds/Watt)  game: 6-5, serving: P1
2026-02-26T20:14:01.100Z [ODDS] (serving: Reynolds/Watt)  Reynolds/Watt: 1/3 → 2/11, Faria/Rocha: 9/4 → 7/2
2026-02-26T20:14:01.100Z [EVENT] (serving: Reynolds/Watt)  game: 7-5
2026-02-26T20:14:54.318Z [ODDS] (serving: Reynolds/Watt)  Reynolds/Watt: 2/11 → 2/9, Faria/Rocha: 7/2 → 3/1
2026-02-26T20:15:08.751Z [ODDS] (serving: Faria/Rocha)  Reynolds/Watt: 2/9 → 1/2, Faria/Rocha: 3/1 → 6/4
2026-02-26T20:15:08.751Z [EVENT] (serving: Faria/Rocha)  game: 7-6, serving: P2
2026-02-26T20:15:36.339Z [ODDS] (serving: Faria/Rocha)  Reynolds/Watt: 1/2 → 2/5, Faria/Rocha: 6/4 → 7/4
2026-02-26T20:15:46.190Z [ODDS] (serving: Faria/Rocha)  Reynolds/Watt: 2/5 → 1/7, Faria/Rocha: 7/4 → 9/2
2026-02-26T20:15:46.190Z [EVENT] (serving: Faria/Rocha)  game: 8-6
2026-02-26T20:16:07.850Z [ODDS] (serving: Faria/Rocha)  Reynolds/Watt: 1/7 → 1/9, Faria/Rocha: 9/2 → 11/2
2026-02-26T20:16:22.726Z [ODDS] (serving: Reynolds/Watt)  Reynolds/Watt: 1/9 → 2/9, Faria/Rocha: 11/2 → 3/1
2026-02-26T20:16:22.726Z [EVENT] (serving: Reynolds/Watt)  game: 8-7, serving: P1
2026-02-26T20:16:52.940Z [ODDS] (serving: Reynolds/Watt)  Reynolds/Watt: 2/9 → 3/10, Faria/Rocha: 3/1 → 12/5
2026-02-26T20:17:05.118Z [ODDS] (serving: Reynolds/Watt)  Reynolds/Watt: 3/10 → 1/14, Faria/Rocha: 12/5 → 8/1
2026-02-26T20:17:05.118Z [EVENT] (serving: Reynolds/Watt)  game: 9-7
2026-02-26T20:17:34.433Z [ODDS] (serving: Reynolds/Watt)  Reynolds/Watt: 1/14 → 1/8, Faria/Rocha: 8/1 → 5/1
2026-02-26T20:17:46.168Z [ODDS] (serving: Reynolds/Watt)  Reynolds/Watt: 1/8 → 0/0, Faria/Rocha: 5/1 → 0/0
2026-02-26T20:17:46.168Z [EVENT] (serving: Reynolds/Watt)  sets: 6-4,6-7,1-0, game: 0-0
