2026-02-26T19:47:13.505Z [ODDS] (serving: Haley Giavara)  Haley Giavara: 10/11 → 4/5, Anita Sahdiieva: 10/11 → 19/20
2026-02-26T19:47:21.192Z [ODDS] (serving: Haley Giavara)  Haley Giavara: 4/5 → 10/11, Anita Sahdiieva: 19/20 → 10/11
2026-02-26T19:47:42.386Z [ODDS] (serving: Haley Giavara)  Haley Giavara: 10/11 → 7/10, Anita Sahdiieva: 10/11 → 21/20
2026-02-26T19:47:42.386Z [EVENT] (serving: Haley Giavara)  game: 40-30
2026-02-26T19:48:19.374Z [ODDS] (serving: Anita Sahdiieva)  Haley Giavara: 7/10 → 8/13, Anita Sahdiieva: 21/20 → 6/5
2026-02-26T19:48:19.374Z [EVENT] (serving: Anita Sahdiieva)  sets: 5-7,4-2, game: 0-0, serving: P2
2026-02-26T19:49:23.414Z [ODDS] (serving: Anita Sahdiieva)  Haley Giavara: 8/13 → 4/7, Anita Sahdiieva: 6/5 → 5/4
2026-02-26T19:49:23.414Z [EVENT] (serving: Anita Sahdiieva)  game: 15-0
2026-02-26T19:49:55.435Z [ODDS] (serving: Anita Sahdiieva)  Haley Giavara: 4/7 → 8/13, Anita Sahdiieva: 5/4 → 6/5
2026-02-26T19:49:55.436Z [EVENT] (serving: Anita Sahdiieva)  game: 15-15
2026-02-26T19:50:35.568Z [ODDS] (serving: Anita Sahdiieva)  Haley Giavara: 8/13 → 7/10, Anita Sahdiieva: 6/5 → 21/20
2026-02-26T19:50:35.568Z [EVENT] (serving: Anita Sahdiieva)  game: 15-30
2026-02-26T19:51:09.394Z [ODDS] (serving: Anita Sahdiieva)  Haley Giavara: 7/10 → 4/5, Anita Sahdiieva: 21/20 → 19/20
2026-02-26T19:51:09.394Z [EVENT] (serving: Anita Sahdiieva)  game: 15-40
2026-02-26T19:51:26.080Z [ODDS] (serving: Anita Sahdiieva)  Haley Giavara: 4/5 → 3/4, Anita Sahdiieva: 19/20 → 1/1
2026-02-26T19:51:38.709Z [ODDS] (serving: Haley Giavara)  Haley Giavara: 3/4 → 4/5, Anita Sahdiieva: 1/1 → 19/20
2026-02-26T19:51:38.709Z [EVENT] (serving: Haley Giavara)  sets: 5-7,4-3, game: 0-0, serving: P1
2026-02-26T19:53:38.683Z [ODDS] (serving: Haley Giavara)  Haley Giavara: 4/5 → 7/10, Anita Sahdiieva: 19/20 → 21/20
2026-02-26T19:53:38.684Z [EVENT] (serving: Haley Giavara)  game: 15-0
2026-02-26T19:54:03.491Z [ODDS] (serving: Haley Giavara)  Haley Giavara: 7/10 → 8/13, Anita Sahdiieva: 21/20 → 6/5
2026-02-26T19:54:03.491Z [EVENT] (serving: Haley Giavara)  game: 30-0
2026-02-26T19:54:30.552Z [ODDS] (serving: Haley Giavara)  Haley Giavara: 8/13 → 8/15, Anita Sahdiieva: 6/5 → 11/8
2026-02-26T19:54:30.552Z [EVENT] (serving: Haley Giavara)  game: 40-0
2026-02-26T19:54:59.413Z [ODDS] (serving: Haley Giavara)  Haley Giavara: 8/15 → 4/7, Anita Sahdiieva: 11/8 → 5/4
2026-02-26T19:55:19.714Z [ODDS] (serving: Anita Sahdiieva)  Haley Giavara: 4/7 → 1/2, Anita Sahdiieva: 5/4 → 6/4
2026-02-26T19:55:19.714Z [EVENT] (serving: Anita Sahdiieva)  sets: 5-7,5-3, game: 0-0, serving: P2
2026-02-26T19:56:27.844Z [ODDS] (serving: Anita Sahdiieva)  Haley Giavara: 1/2 → 4/7, Anita Sahdiieva: 6/4 → 5/4
2026-02-26T19:56:27.844Z [EVENT] (serving: Anita Sahdiieva)  game: 0-15
2026-02-26T19:56:46.337Z [ODDS] (serving: Anita Sahdiieva)  Haley Giavara: 4/7 → 8/13, Anita Sahdiieva: 5/4 → 6/5
2026-02-26T19:56:46.337Z [EVENT] (serving: Anita Sahdiieva)  game: 0-30
2026-02-26T19:57:11.143Z [ODDS] (serving: Anita Sahdiieva)  Haley Giavara: 8/13 → 4/6, Anita Sahdiieva: 6/5 → 11/10
2026-02-26T19:57:11.143Z [EVENT] (serving: Anita Sahdiieva)  game: 0-40
2026-02-26T19:57:43.624Z [ODDS] (serving: Haley Giavara)  Haley Giavara: 4/6 → 7/10, Anita Sahdiieva: 11/10 → 21/20
2026-02-26T19:57:43.624Z [EVENT] (serving: Haley Giavara)  sets: 5-7,5-4, game: 0-0, serving: P1
2026-02-26T19:59:46.744Z [ODDS] (serving: Haley Giavara)  Haley Giavara: 7/10 → 8/13, Anita Sahdiieva: 21/20 → 6/5
2026-02-26T19:59:46.744Z [EVENT] (serving: Haley Giavara)  game: 15-0
2026-02-26T20:00:24.178Z [ODDS] (serving: Haley Giavara)  Haley Giavara: 8/13 → 8/15, Anita Sahdiieva: 6/5 → 11/8
2026-02-26T20:00:24.178Z [EVENT] (serving: Haley Giavara)  game: 30-0
2026-02-26T20:00:57.096Z [ODDS] (serving: Haley Giavara)  Haley Giavara: 8/15 → 4/6, Anita Sahdiieva: 11/8 → 11/10
2026-02-26T20:00:57.096Z [EVENT] (serving: Haley Giavara)  game: 30-15
2026-02-26T20:01:52.569Z [ODDS] (serving: Haley Giavara)  Haley Giavara: 4/6 → 8/15, Anita Sahdiieva: 11/10 → 11/8
2026-02-26T20:01:52.569Z [EVENT] (serving: Haley Giavara)  game: 40-15
2026-02-26T20:02:38.138Z [ODDS] (serving: Haley Giavara)  Haley Giavara: 8/15 → 4/7, Anita Sahdiieva: 11/8 → 5/4
2026-02-26T20:03:10.144Z [ODDS] (serving: Anita Sahdiieva)  Haley Giavara: 4/7 → 1/2, Anita Sahdiieva: 5/4 → 6/4
2026-02-26T20:03:10.144Z [EVENT] (serving: Anita Sahdiieva)  sets: 5-7,6-4,0-0, game: 0-0, serving: P2
2026-02-26T20:03:33.595Z [ODDS] (serving: Anita Sahdiieva)  Haley Giavara: 1/2 → 4/9, Anita Sahdiieva: 6/4 → 13/8
2026-02-26T20:04:37.189Z [ODDS] (serving: Anita Sahdiieva)  Haley Giavara: 4/9 → 2/5, Anita Sahdiieva: 13/8 → 7/4
2026-02-26T20:04:38.101Z [ODDS] (serving: Anita Sahdiieva)  Haley Giavara: 2/5 → 4/11, Anita Sahdiieva: 7/4 → 2/1
2026-02-26T20:04:41.697Z [ODDS] (serving: Anita Sahdiieva)  Haley Giavara: 4/11 → 2/5, Anita Sahdiieva: 2/1 → 7/4
2026-02-26T20:04:56.135Z [ODDS] (serving: Anita Sahdiieva)  Haley Giavara: 2/5 → 4/11, Anita Sahdiieva: 7/4 → 2/1
2026-02-26T20:04:57.935Z [ODDS] (serving: Anita Sahdiieva)  Haley Giavara: 4/11 → 2/5, Anita Sahdiieva: 2/1 → 7/4
2026-02-26T20:05:03.346Z [ODDS] (serving: Anita Sahdiieva)  Haley Giavara: 2/5 → 4/11, Anita Sahdiieva: 7/4 → 2/1
2026-02-26T20:05:09.207Z [ODDS] (serving: Anita Sahdiieva)  Haley Giavara: 4/11 → 2/5, Anita Sahdiieva: 2/1 → 7/4
2026-02-26T20:09:16.519Z [ODDS] (serving: Anita Sahdiieva)  Haley Giavara: 2/5 → 3/10, Anita Sahdiieva: 7/4 → 12/5
2026-02-26T20:09:16.519Z [EVENT] (serving: Anita Sahdiieva)  game: 15-0
2026-02-26T20:09:27.347Z [ODDS] (serving: Anita Sahdiieva)  Haley Giavara: 3/10 → 1/3, Anita Sahdiieva: 12/5 → 9/4
2026-02-26T20:09:42.680Z [ODDS] (serving: Anita Sahdiieva)  Haley Giavara: 1/3 → 2/5, Anita Sahdiieva: 9/4 → 7/4
2026-02-26T20:09:42.680Z [EVENT] (serving: Anita Sahdiieva)  game: 15-15
2026-02-26T20:10:15.605Z [ODDS] (serving: Anita Sahdiieva)  Haley Giavara: 2/5 → 1/2, Anita Sahdiieva: 7/4 → 6/4
2026-02-26T20:10:15.605Z [EVENT] (serving: Anita Sahdiieva)  game: 15-30
2026-02-26T20:11:01.602Z [ODDS] (serving: Anita Sahdiieva)  Haley Giavara: 1/2 → 2/5, Anita Sahdiieva: 6/4 → 7/4
2026-02-26T20:11:01.602Z [EVENT] (serving: Anita Sahdiieva)  game: 30-30
2026-02-26T20:12:03.389Z [ODDS] (serving: Anita Sahdiieva)  Haley Giavara: 2/5 → 2/7, Anita Sahdiieva: 7/4 → 5/2
2026-02-26T20:12:03.389Z [EVENT] (serving: Anita Sahdiieva)  game: 40-30
2026-02-26T20:12:39.467Z [ODDS] (serving: Anita Sahdiieva)  Haley Giavara: 2/7 → 1/4, Anita Sahdiieva: 5/2 → 11/4
2026-02-26T20:12:51.646Z [ODDS] (serving: Haley Giavara)  Haley Giavara: 1/4 → 1/6, Anita Sahdiieva: 11/4 → 7/2
2026-02-26T20:12:51.646Z [EVENT] (serving: Haley Giavara)  sets: 5-7,6-4,1-0, game: 0-0, serving: P1
2026-02-26T20:14:43.496Z [ODDS] (serving: Haley Giavara)  Haley Giavara: 1/6 → 1/7, Anita Sahdiieva: 7/2 → 4/1
2026-02-26T20:14:43.496Z [EVENT] (serving: Haley Giavara)  game: 15-0
2026-02-26T20:15:09.206Z [ODDS] (serving: Haley Giavara)  Haley Giavara: 1/7 → 1/9, Anita Sahdiieva: 4/1 → 5/1
2026-02-26T20:15:09.206Z [EVENT] (serving: Haley Giavara)  game: 30-0
2026-02-26T20:15:33.555Z [ODDS] (serving: Haley Giavara)  Haley Giavara: 1/9 → 1/10, Anita Sahdiieva: 5/1 → 11/2
2026-02-26T20:15:33.555Z [EVENT] (serving: Haley Giavara)  game: 40-0
2026-02-26T20:16:10.999Z [ODDS] (serving: Haley Giavara)  Haley Giavara: 1/10 → 1/9, Anita Sahdiieva: 11/2 → 5/1
2026-02-26T20:16:10.999Z [EVENT] (serving: Haley Giavara)  game: 40-15
2026-02-26T20:16:57.002Z [ODDS] (serving: Haley Giavara)  Haley Giavara: 1/9 → 1/7, Anita Sahdiieva: 5/1 → 4/1
2026-02-26T20:16:57.002Z [EVENT] (serving: Haley Giavara)  game: 40-30
2026-02-26T20:17:22.707Z [ODDS] (serving: Anita Sahdiieva)  Haley Giavara: 1/7 → 1/9, Anita Sahdiieva: 4/1 → 5/1
2026-02-26T20:17:22.707Z [EVENT] (serving: Anita Sahdiieva)  sets: 5-7,6-4,2-0, game: 0-0, serving: P2
2026-02-26T20:18:12.331Z [ODDS] (serving: Anita Sahdiieva)  Haley Giavara: 1/9 → 1/12, Anita Sahdiieva: 5/1 → 6/1
2026-02-26T20:18:12.332Z [EVENT] (serving: Anita Sahdiieva)  game: 15-0
2026-02-26T20:18:48.411Z [ODDS] (serving: Anita Sahdiieva)  Haley Giavara: 1/12 → 1/9, Anita Sahdiieva: 6/1 → 5/1
2026-02-26T20:18:48.411Z [EVENT] (serving: Anita Sahdiieva)  game: 15-15
2026-02-26T20:19:28.089Z [ODDS] (serving: Anita Sahdiieva)  Haley Giavara: 1/9 → 1/12, Anita Sahdiieva: 5/1 → 6/1
2026-02-26T20:19:28.089Z [EVENT] (serving: Anita Sahdiieva)  game: 30-15
2026-02-26T20:20:06.874Z [ODDS] (serving: Anita Sahdiieva)  Haley Giavara: 1/12 → 1/9, Anita Sahdiieva: 6/1 → 5/1
2026-02-26T20:20:06.874Z [EVENT] (serving: Anita Sahdiieva)  game: 30-30
2026-02-26T20:20:43.407Z [ODDS] (serving: Anita Sahdiieva)  Haley Giavara: 1/9 → 1/14, Anita Sahdiieva: 5/1 → 13/2
2026-02-26T20:20:43.407Z [EVENT] (serving: Anita Sahdiieva)  game: 40-30
2026-02-26T20:21:18.590Z [ODDS] (serving: Anita Sahdiieva)  Haley Giavara: 1/14 → 1/16, Anita Sahdiieva: 13/2 → 7/1
2026-02-26T20:21:46.101Z [ODDS] (serving: Anita Sahdiieva)  Haley Giavara: 1/16 → 1/9, Anita Sahdiieva: 7/1 → 5/1
2026-02-26T20:21:46.101Z [EVENT] (serving: Anita Sahdiieva)  game: 40-40
2026-02-26T20:22:50.589Z [ODDS] (serving: Anita Sahdiieva)  Haley Giavara: 1/9 → 1/7, Anita Sahdiieva: 5/1 → 4/1
2026-02-26T20:22:50.589Z [EVENT] (serving: Anita Sahdiieva)  game: 40-A
2026-02-26T20:23:14.497Z [ODDS] (serving: Anita Sahdiieva)  Haley Giavara: 1/7 → 1/9, Anita Sahdiieva: 4/1 → 5/1
2026-02-26T20:23:14.497Z [EVENT] (serving: Anita Sahdiieva)  game: 40-40
2026-02-26T20:23:53.293Z [ODDS] (serving: Anita Sahdiieva)  Haley Giavara: 1/9 → 1/7, Anita Sahdiieva: 5/1 → 4/1
2026-02-26T20:23:53.293Z [EVENT] (serving: Anita Sahdiieva)  game: 40-A
2026-02-26T20:25:33.833Z [ODDS] (serving: Anita Sahdiieva)  Haley Giavara: 1/7 → 1/9, Anita Sahdiieva: 4/1 → 5/1
2026-02-26T20:25:33.833Z [EVENT] (serving: Anita Sahdiieva)  game: 40-40
2026-02-26T20:26:13.522Z [ODDS] (serving: Anita Sahdiieva)  Haley Giavara: 1/9 → 1/14, Anita Sahdiieva: 5/1 → 13/2
2026-02-26T20:26:13.522Z [EVENT] (serving: Anita Sahdiieva)  game: A-40
2026-02-26T20:27:21.631Z [ODDS] (serving: Anita Sahdiieva)  Haley Giavara: 1/14 → 1/9, Anita Sahdiieva: 13/2 → 5/1
2026-02-26T20:27:21.631Z [EVENT] (serving: Anita Sahdiieva)  game: 40-40
2026-02-26T20:28:10.335Z [ODDS] (serving: Anita Sahdiieva)  Haley Giavara: 1/9 → 1/14, Anita Sahdiieva: 5/1 → 13/2
2026-02-26T20:28:10.335Z [EVENT] (serving: Anita Sahdiieva)  game: A-40
2026-02-26T20:28:45.065Z [ODDS] (serving: Anita Sahdiieva)  Haley Giavara: 1/14 → 1/16, Anita Sahdiieva: 13/2 → 7/1
2026-02-26T20:29:10.327Z [ODDS] (serving: Haley Giavara)  Haley Giavara: 1/16 → 1/25, Anita Sahdiieva: 7/1 → 9/1
2026-02-26T20:29:10.327Z [EVENT] (serving: Haley Giavara)  sets: 5-7,6-4,3-0, game: 0-0, serving: P1
2026-02-26T20:31:00.367Z [ODDS] (serving: Haley Giavara)  Haley Giavara: 1/25 → 1/18, Anita Sahdiieva: 9/1 → 15/2
2026-02-26T20:31:00.367Z [EVENT] (serving: Haley Giavara)  game: 0-15
2026-02-26T20:31:27.877Z [ODDS] (serving: Haley Giavara)  Haley Giavara: 1/18 → 1/14, Anita Sahdiieva: 15/2 → 13/2
2026-02-26T20:31:27.877Z [EVENT] (serving: Haley Giavara)  game: 0-30
2026-02-26T20:31:52.681Z [ODDS] (serving: Haley Giavara)  Haley Giavara: 1/14 → 1/10, Anita Sahdiieva: 13/2 → 11/2
2026-02-26T20:31:52.681Z [EVENT] (serving: Haley Giavara)  game: 0-40
2026-02-26T20:32:14.782Z [ODDS] (serving: Haley Giavara)  Haley Giavara: 1/10 → 1/12, Anita Sahdiieva: 11/2 → 6/1
2026-02-26T20:32:14.782Z [EVENT] (serving: Haley Giavara)  game: 15-40
2026-02-26T20:33:02.138Z [ODDS] (serving: Haley Giavara)  Haley Giavara: 1/12 → 1/14, Anita Sahdiieva: 6/1 → 13/2
2026-02-26T20:33:02.138Z [EVENT] (serving: Haley Giavara)  game: 30-40
2026-02-26T20:33:32.811Z [ODDS] (serving: Anita Sahdiieva)  Haley Giavara: 1/14 → 1/9, Anita Sahdiieva: 13/2 → 5/1
2026-02-26T20:33:32.811Z [EVENT] (serving: Anita Sahdiieva)  sets: 5-7,6-4,3-1, game: 0-0, serving: P2
2026-02-26T20:34:13.860Z [ODDS] (serving: Anita Sahdiieva)  Haley Giavara: 1/9 → 1/8, Anita Sahdiieva: 5/1 → 9/2
2026-02-26T20:34:13.860Z [EVENT] (serving: Anita Sahdiieva)  game: 0-15
2026-02-26T20:35:03.010Z [ODDS] (serving: Anita Sahdiieva)  Haley Giavara: 1/8 → 1/10, Anita Sahdiieva: 9/2 → 11/2
2026-02-26T20:35:03.010Z [EVENT] (serving: Anita Sahdiieva)  game: 15-15
2026-02-26T20:36:18.778Z [ODDS] (serving: Anita Sahdiieva)  Haley Giavara: 1/10 → 1/14, Anita Sahdiieva: 11/2 → 13/2
2026-02-26T20:36:18.778Z [EVENT] (serving: Anita Sahdiieva)  game: 30-15
2026-02-26T20:36:52.603Z [ODDS] (serving: Anita Sahdiieva)  Haley Giavara: 1/14 → 1/10, Anita Sahdiieva: 13/2 → 11/2
2026-02-26T20:36:52.603Z [EVENT] (serving: Anita Sahdiieva)  game: 30-30
2026-02-26T20:37:40.866Z [ODDS] (serving: Anita Sahdiieva)  Haley Giavara: 1/10 → 1/7, Anita Sahdiieva: 11/2 → 4/1
2026-02-26T20:37:40.866Z [EVENT] (serving: Anita Sahdiieva)  game: 30-40
2026-02-26T20:38:49.109Z [ODDS] (serving: Haley Giavara)  Haley Giavara: 1/7 → 1/5, Anita Sahdiieva: 4/1 → 10/3
2026-02-26T20:38:49.109Z [EVENT] (serving: Haley Giavara)  sets: 5-7,6-4,3-2, game: 0-0, serving: P1
2026-02-26T20:40:50.937Z [ODDS] (serving: Haley Giavara)  Haley Giavara: 1/5 → 1/4, Anita Sahdiieva: 10/3 → 11/4
2026-02-26T20:40:50.937Z [EVENT] (serving: Haley Giavara)  game: 0-15
2026-02-26T20:41:10.722Z [ODDS] (serving: Haley Giavara)  Haley Giavara: 1/4 → 2/7, Anita Sahdiieva: 11/4 → 5/2
2026-02-26T20:41:32.822Z [ODDS] (serving: Haley Giavara)  Haley Giavara: 2/7 → 1/5, Anita Sahdiieva: 5/2 → 10/3
2026-02-26T20:41:32.822Z [EVENT] (serving: Haley Giavara)  game: 15-15
2026-02-26T20:42:28.746Z [ODDS] (serving: Haley Giavara)  Haley Giavara: 1/5 → 1/7, Anita Sahdiieva: 10/3 → 4/1
2026-02-26T20:42:28.746Z [EVENT] (serving: Haley Giavara)  game: 30-15
2026-02-26T20:43:13.397Z [ODDS] (serving: Haley Giavara)  Haley Giavara: 1/7 → 1/5, Anita Sahdiieva: 4/1 → 10/3
2026-02-26T20:43:13.397Z [EVENT] (serving: Haley Giavara)  game: 30-30
2026-02-26T20:43:55.792Z [ODDS] (serving: Haley Giavara)  Haley Giavara: 1/5 → 1/3, Anita Sahdiieva: 10/3 → 9/4
2026-02-26T20:43:55.792Z [EVENT] (serving: Haley Giavara)  game: 30-40
2026-02-26T20:44:48.107Z [ODDS] (serving: Haley Giavara)  Haley Giavara: 1/3 → 4/11, Anita Sahdiieva: 9/4 → 2/1
2026-02-26T20:45:11.108Z [ODDS] (serving: Haley Giavara)  Haley Giavara: 4/11 → 2/9, Anita Sahdiieva: 2/1 → 3/1
2026-02-26T20:45:11.108Z [EVENT] (serving: Haley Giavara)  game: 40-40
2026-02-26T20:45:59.368Z [ODDS] (serving: Haley Giavara)  Haley Giavara: 2/9 → 1/3, Anita Sahdiieva: 3/1 → 9/4
2026-02-26T20:45:59.368Z [EVENT] (serving: Haley Giavara)  game: 40-A
2026-02-26T20:46:26.443Z [ODDS] (serving: Haley Giavara)  Haley Giavara: 1/3 → 4/11, Anita Sahdiieva: 9/4 → 2/1
2026-02-26T20:46:39.054Z [ODDS] (serving: Anita Sahdiieva)  Haley Giavara: 4/11 → 8/15, Anita Sahdiieva: 2/1 → 11/8
2026-02-26T20:46:39.054Z [EVENT] (serving: Anita Sahdiieva)  sets: 5-7,6-4,3-3, game: 0-0, serving: P2
2026-02-26T20:47:44.003Z [ODDS] (serving: Anita Sahdiieva)  Haley Giavara: 8/15 → 2/5, Anita Sahdiieva: 11/8 → 7/4
2026-02-26T20:47:44.003Z [EVENT] (serving: Anita Sahdiieva)  game: 15-0
2026-02-26T20:48:10.254Z [ODDS] (serving: Anita Sahdiieva)  Haley Giavara: 2/5 → 8/15, Anita Sahdiieva: 7/4 → 11/8
2026-02-26T20:48:10.254Z [EVENT] (serving: Anita Sahdiieva)  game: 15-15
2026-02-26T20:48:38.218Z [ODDS] (serving: Anita Sahdiieva)  Haley Giavara: 8/15 → 1/2, Anita Sahdiieva: 11/8 → 6/4
2026-02-26T20:49:00.316Z [ODDS] (serving: Anita Sahdiieva)  Haley Giavara: 1/2 → 4/11, Anita Sahdiieva: 6/4 → 2/1
2026-02-26T20:49:00.316Z [EVENT] (serving: Anita Sahdiieva)  game: 30-15
2026-02-26T20:49:43.163Z [ODDS] (serving: Anita Sahdiieva)  Haley Giavara: 4/11 → 1/4, Anita Sahdiieva: 2/1 → 11/4
2026-02-26T20:49:43.163Z [EVENT] (serving: Anita Sahdiieva)  game: 40-15
2026-02-26T20:50:23.773Z [ODDS] (serving: Anita Sahdiieva)  Haley Giavara: 1/4 → 1/3, Anita Sahdiieva: 11/4 → 9/4
2026-02-26T20:50:23.773Z [EVENT] (serving: Anita Sahdiieva)  game: 40-30
2026-02-26T20:51:08.873Z [ODDS] (serving: Anita Sahdiieva)  Haley Giavara: 1/3 → 3/10, Anita Sahdiieva: 9/4 → 12/5
2026-02-26T20:51:30.070Z [ODDS] (serving: Haley Giavara)  Haley Giavara: 3/10 → 1/5, Anita Sahdiieva: 12/5 → 10/3
2026-02-26T20:51:30.070Z [EVENT] (serving: Haley Giavara)  sets: 5-7,6-4,4-3, game: 0-0, serving: P1
2026-02-26T20:53:44.483Z [ODDS] (serving: Haley Giavara)  Haley Giavara: 1/5 → 2/7, Anita Sahdiieva: 10/3 → 5/2
2026-02-26T20:53:44.483Z [EVENT] (serving: Haley Giavara)  game: 0-15
2026-02-26T20:54:18.306Z [ODDS] (serving: Haley Giavara)  Haley Giavara: 2/7 → 1/5, Anita Sahdiieva: 5/2 → 10/3
2026-02-26T20:54:18.307Z [EVENT] (serving: Haley Giavara)  game: 15-15
2026-02-26T20:55:01.159Z [ODDS] (serving: Haley Giavara)  Haley Giavara: 1/5 → 3/10, Anita Sahdiieva: 10/3 → 12/5
2026-02-26T20:55:01.159Z [EVENT] (serving: Haley Giavara)  game: 15-30
2026-02-26T20:55:57.085Z [ODDS] (serving: Haley Giavara)  Haley Giavara: 3/10 → 1/5, Anita Sahdiieva: 12/5 → 10/3
2026-02-26T20:55:57.085Z [EVENT] (serving: Haley Giavara)  game: 30-30
2026-02-26T20:56:28.655Z [ODDS] (serving: Haley Giavara)  Haley Giavara: 1/5 → 1/3, Anita Sahdiieva: 10/3 → 9/4
2026-02-26T20:56:28.656Z [EVENT] (serving: Haley Giavara)  game: 30-40
2026-02-26T20:56:56.617Z [ODDS] (serving: Haley Giavara)  Haley Giavara: 1/3 → 2/5, Anita Sahdiieva: 9/4 → 7/4
2026-02-26T20:57:13.757Z [ODDS] (serving: Haley Giavara)  Haley Giavara: 2/5 → 1/5, Anita Sahdiieva: 7/4 → 10/3
2026-02-26T20:57:13.757Z [EVENT] (serving: Haley Giavara)  game: 40-40
2026-02-26T20:57:55.698Z [ODDS] (serving: Haley Giavara)  Haley Giavara: 1/5 → 1/8, Anita Sahdiieva: 10/3 → 9/2
2026-02-26T20:57:55.698Z [EVENT] (serving: Haley Giavara)  game: A-40
2026-02-26T20:58:52.530Z [ODDS] (serving: Anita Sahdiieva)  Haley Giavara: 1/8 → 1/16, Anita Sahdiieva: 9/2 → 7/1
2026-02-26T20:58:52.530Z [EVENT] (serving: Anita Sahdiieva)  sets: 5-7,6-4,5-3, game: 0-0, serving: P2
2026-02-26T20:59:42.589Z [ODDS] (serving: Anita Sahdiieva)  Haley Giavara: 1/16 → 1/12, Anita Sahdiieva: 7/1 → 6/1
2026-02-26T20:59:42.589Z [EVENT] (serving: Anita Sahdiieva)  game: 0-15
2026-02-26T21:00:26.807Z [ODDS] (serving: Anita Sahdiieva)  Haley Giavara: 1/12 → 1/16, Anita Sahdiieva: 6/1 → 7/1
2026-02-26T21:00:26.807Z [EVENT] (serving: Anita Sahdiieva)  game: 15-15
2026-02-26T21:01:11.904Z [ODDS] (serving: Anita Sahdiieva)  Haley Giavara: 1/16 → 1/12, Anita Sahdiieva: 7/1 → 6/1
2026-02-26T21:01:11.905Z [EVENT] (serving: Anita Sahdiieva)  game: 15-30
2026-02-26T21:01:59.698Z [ODDS] (serving: Anita Sahdiieva)  Haley Giavara: 1/12 → 1/8, Anita Sahdiieva: 6/1 → 9/2
2026-02-26T21:01:59.698Z [EVENT] (serving: Anita Sahdiieva)  game: 15-40
2026-02-26T21:02:38.037Z [ODDS] (serving: Anita Sahdiieva)  Haley Giavara: 1/8 → 1/10, Anita Sahdiieva: 9/2 → 11/2
2026-02-26T21:02:38.037Z [EVENT] (serving: Anita Sahdiieva)  game: 30-40
2026-02-26T21:03:10.057Z [ODDS] (serving: Haley Giavara)  Haley Giavara: 1/10 → 1/8, Anita Sahdiieva: 11/2 → 9/2
2026-02-26T21:03:10.057Z [EVENT] (serving: Haley Giavara)  sets: 5-7,6-4,5-4, game: 0-0, serving: P1
2026-02-26T21:05:09.149Z [ODDS] (serving: Haley Giavara)  Haley Giavara: 1/8 → 2/9, Anita Sahdiieva: 9/2 → 3/1
2026-02-26T21:05:09.149Z [EVENT] (serving: Haley Giavara)  game: 0-15
2026-02-26T21:05:36.633Z [ODDS] (serving: Haley Giavara)  Haley Giavara: 2/9 → 1/4, Anita Sahdiieva: 3/1 → 11/4
2026-02-26T21:05:51.545Z [ODDS] (serving: Haley Giavara)  Haley Giavara: 1/4 → 1/7, Anita Sahdiieva: 11/4 → 4/1
2026-02-26T21:05:51.545Z [EVENT] (serving: Haley Giavara)  game: 15-15
2026-02-26T21:06:22.638Z [ODDS] (serving: Haley Giavara)  Haley Giavara: 1/7 → 1/14, Anita Sahdiieva: 4/1 → 13/2
2026-02-26T21:06:22.638Z [EVENT] (serving: Haley Giavara)  game: 30-15
2026-02-26T21:06:49.248Z [ODDS] (serving: Haley Giavara)  Haley Giavara: 1/14 → 1/12, Anita Sahdiieva: 13/2 → 6/1
2026-02-26T21:07:16.757Z [ODDS] (serving: Haley Giavara)  Haley Giavara: 1/12 → 1/50, Anita Sahdiieva: 6/1 → 12/1
2026-02-26T21:07:16.757Z [EVENT] (serving: Haley Giavara)  game: 40-15
2026-02-26T21:07:51.482Z [ODDS] (serving: Haley Giavara)  Haley Giavara: 1/50 → 1/40, Anita Sahdiieva: 12/1 → 11/1
2026-02-26T21:08:15.237Z [ODDS] (serving: Haley Giavara)  Haley Giavara: 1/40 → 0/0, Anita Sahdiieva: 11/1 → 0/0
2026-02-26T21:08:15.237Z [EVENT] (serving: Haley Giavara)  sets: 5-7,6-4,6-4, game: 0-0
