2026-02-26T19:47:42.386Z [ODDS] (serving: Mitch Stewart)  Michael Seversen: 8/1 → 9/1, Mitch Stewart: 1/14 → 1/16
2026-02-26T19:47:42.386Z [EVENT] (serving: Mitch Stewart)  game: 0-15
2026-02-26T19:49:16.203Z [ODDS] (serving: Mitch Stewart)  Michael Seversen: 9/1 → 8/1, Mitch Stewart: 1/16 → 1/14
2026-02-26T19:49:16.213Z [EVENT] (serving: Mitch Stewart)  game: 15-15
2026-02-26T19:49:57.688Z [ODDS] (serving: Mitch Stewart)  Michael Seversen: 8/1 → 9/1, Mitch Stewart: 1/14 → 1/16
2026-02-26T19:49:57.688Z [EVENT] (serving: Mitch Stewart)  game: 15-30
2026-02-26T19:51:15.712Z [ODDS] (serving: Mitch Stewart)  Michael Seversen: 9/1 → 10/1, Mitch Stewart: 1/16 → 1/20
2026-02-26T19:51:15.712Z [EVENT] (serving: Mitch Stewart)  game: 15-40
2026-02-26T19:51:44.573Z [EVENT] (serving: Michael Seversen)  sets: 2-6,0-0, game: 0-0, serving: P1
2026-02-26T19:54:58.960Z [ODDS] (serving: Michael Seversen)  Michael Seversen: 10/1 → 9/1, Mitch Stewart: 1/20 → 1/16
2026-02-26T19:54:58.960Z [EVENT] (serving: Michael Seversen)  game: 15-0
2026-02-26T19:55:54.017Z [ODDS] (serving: Michael Seversen)  Michael Seversen: 9/1 → 8/1, Mitch Stewart: 1/16 → 1/14
2026-02-26T19:55:54.017Z [EVENT] (serving: Michael Seversen)  game: 30-0
2026-02-26T19:56:34.608Z [ODDS] (serving: Michael Seversen)  Michael Seversen: 8/1 → 9/1, Mitch Stewart: 1/14 → 1/16
2026-02-26T19:56:34.608Z [EVENT] (serving: Michael Seversen)  game: 30-15
2026-02-26T19:57:46.769Z [ODDS] (serving: Michael Seversen)  Michael Seversen: 9/1 → 8/1, Mitch Stewart: 1/16 → 1/14
2026-02-26T19:57:46.769Z [EVENT] (serving: Michael Seversen)  game: 40-15
2026-02-26T19:58:38.188Z [ODDS] (serving: Michael Seversen)  Michael Seversen: 8/1 → 9/1, Mitch Stewart: 1/14 → 1/16
2026-02-26T19:58:38.188Z [EVENT] (serving: Michael Seversen)  game: 40-30
2026-02-26T19:59:36.817Z [ODDS] (serving: Mitch Stewart)  Michael Seversen: 9/1 → 8/1, Mitch Stewart: 1/16 → 1/14
2026-02-26T19:59:36.817Z [EVENT] (serving: Mitch Stewart)  sets: 2-6,1-0, game: 0-0, serving: P2
2026-02-26T20:01:09.728Z [ODDS] (serving: Mitch Stewart)  Michael Seversen: 8/1 → 9/1, Mitch Stewart: 1/14 → 1/16
2026-02-26T20:01:09.728Z [EVENT] (serving: Mitch Stewart)  game: 0-15
2026-02-26T20:02:08.358Z [ODDS] (serving: Mitch Stewart)  Michael Seversen: 9/1 → 10/1, Mitch Stewart: 1/16 → 1/20
2026-02-26T20:02:08.358Z [EVENT] (serving: Mitch Stewart)  game: 0-30
2026-02-26T20:02:57.516Z [EVENT] (serving: Mitch Stewart)  game: 0-40
2026-02-26T20:03:27.292Z [EVENT] (serving: Michael Seversen)  sets: 2-6,1-1, game: 0-0, serving: P1
2026-02-26T20:04:23.657Z [ODDS] (serving: Michael Seversen)  Michael Seversen: 10/1 → 9/1, Mitch Stewart: 1/20 → 1/16
2026-02-26T20:04:23.657Z [EVENT] (serving: Michael Seversen)  game: 15-0
2026-02-26T20:05:29.955Z [ODDS] (serving: Michael Seversen)  Michael Seversen: 9/1 → 10/1, Mitch Stewart: 1/16 → 1/20
2026-02-26T20:05:29.955Z [EVENT] (serving: Michael Seversen)  game: 15-15
2026-02-26T20:06:06.034Z [ODDS] (serving: Michael Seversen)  Michael Seversen: 10/1 → 12/1, Mitch Stewart: 1/20 → 1/25
2026-02-26T20:06:34.450Z [ODDS] (serving: Michael Seversen)  Michael Seversen: 12/1 → 14/1, Mitch Stewart: 1/25 → 1/33
2026-02-26T20:06:34.450Z [EVENT] (serving: Michael Seversen)  game: 15-30
2026-02-26T20:07:51.132Z [ODDS] (serving: Michael Seversen)  Michael Seversen: 14/1 → 12/1, Mitch Stewart: 1/33 → 1/25
2026-02-26T20:07:51.132Z [EVENT] (serving: Michael Seversen)  game: 30-30
2026-02-26T20:08:44.946Z [ODDS] (serving: Michael Seversen)  Michael Seversen: 12/1 → 14/1, Mitch Stewart: 1/25 → 1/33
2026-02-26T20:08:44.946Z [EVENT] (serving: Michael Seversen)  game: 30-40
2026-02-26T20:09:38.620Z [ODDS] (serving: Mitch Stewart)  Michael Seversen: 14/1 → 18/1, Mitch Stewart: 1/33 → 1/50
2026-02-26T20:09:38.620Z [EVENT] (serving: Mitch Stewart)  sets: 2-6,1-2, game: 0-0, serving: P2
2026-02-26T20:11:45.348Z [ODDS] (serving: Mitch Stewart)  Michael Seversen: 18/1 → 22/1, Mitch Stewart: 1/50 → 1/80
2026-02-26T20:11:45.348Z [EVENT] (serving: Mitch Stewart)  game: 0-15
2026-02-26T20:12:05.642Z [ODDS] (serving: Mitch Stewart)  Michael Seversen: 22/1 → 20/1, Mitch Stewart: 1/80 → 1/66
2026-02-26T20:12:26.843Z [ODDS] (serving: Mitch Stewart)  Michael Seversen: 20/1 → 18/1, Mitch Stewart: 1/66 → 1/50
2026-02-26T20:12:26.844Z [EVENT] (serving: Mitch Stewart)  game: 15-15
2026-02-26T20:13:18.704Z [ODDS] (serving: Mitch Stewart)  Michael Seversen: 18/1 → 14/1, Mitch Stewart: 1/50 → 1/33
2026-02-26T20:13:18.704Z [EVENT] (serving: Mitch Stewart)  game: 30-15
2026-02-26T20:13:57.960Z [ODDS] (serving: Mitch Stewart)  Michael Seversen: 14/1 → 18/1, Mitch Stewart: 1/33 → 1/50
2026-02-26T20:13:57.960Z [EVENT] (serving: Mitch Stewart)  game: 30-30
2026-02-26T20:14:20.500Z [ODDS] (serving: Mitch Stewart)  Michael Seversen: 18/1 → 16/1, Mitch Stewart: 1/50 → 1/40
2026-02-26T20:14:54.318Z [ODDS] (serving: Mitch Stewart)  Michael Seversen: 16/1 → 20/1, Mitch Stewart: 1/40 → 1/66
2026-02-26T20:14:54.318Z [EVENT] (serving: Mitch Stewart)  game: 30-40
2026-02-26T20:15:34.915Z [ODDS] (serving: Michael Seversen)  Michael Seversen: 20/1 → 25/1, Mitch Stewart: 1/66 → 1/100
2026-02-26T20:15:34.915Z [EVENT] (serving: Michael Seversen)  sets: 2-6,1-3, game: 0-0, serving: P1
2026-02-26T20:16:55.195Z [ODDS] (serving: Michael Seversen)  Michael Seversen: 25/1 → 20/1, Mitch Stewart: 1/100 → 1/66
2026-02-26T20:16:55.195Z [EVENT] (serving: Michael Seversen)  game: 15-0
2026-02-26T20:17:30.374Z [EVENT] (serving: Michael Seversen)  game: 30-0
2026-02-26T20:18:10.517Z [EVENT] (serving: Michael Seversen)  game: 30-15
2026-02-26T20:18:42.535Z [ODDS] (serving: Michael Seversen)  Michael Seversen: 20/1 → 22/1, Mitch Stewart: 1/66 → 1/80
2026-02-26T20:19:06.439Z [ODDS] (serving: Michael Seversen)  Michael Seversen: 22/1 → 25/1, Mitch Stewart: 1/80 → 1/100
2026-02-26T20:19:06.439Z [EVENT] (serving: Michael Seversen)  game: 30-30
2026-02-26T20:20:39.828Z [ODDS] (serving: Michael Seversen)  Michael Seversen: 25/1 → 28/1, Mitch Stewart: 1/100 → 1/150
2026-02-26T20:20:39.828Z [EVENT] (serving: Michael Seversen)  game: 30-40
2026-02-26T20:21:14.975Z [ODDS] (serving: Mitch Stewart)  Michael Seversen: 28/1 → 50/1, Mitch Stewart: 1/150 → 1/500
2026-02-26T20:21:14.975Z [EVENT] (serving: Mitch Stewart)  sets: 2-6,1-4, game: 0-0, serving: P2
2026-02-26T20:23:06.380Z [ODDS] (serving: Mitch Stewart)  Michael Seversen: 50/1 → 66/1, Mitch Stewart: 1/500 → 1/750
2026-02-26T20:23:06.380Z [EVENT] (serving: Mitch Stewart)  game: 0-15
2026-02-26T20:23:42.455Z [ODDS] (serving: Mitch Stewart)  Michael Seversen: 66/1 → 100/1, Mitch Stewart: 1/750 → 1/1000
2026-02-26T20:23:42.455Z [EVENT] (serving: Mitch Stewart)  game: 0-30
2026-02-26T20:24:07.712Z [EVENT] (serving: Mitch Stewart)  game: 0-40
2026-02-26T20:24:30.718Z [EVENT] (serving: Michael Seversen)  sets: 2-6,1-5, game: 0-0, serving: P1
2026-02-26T20:25:21.208Z [EVENT] (serving: Michael Seversen)  game: 0-15
2026-02-26T20:25:49.166Z [ODDS] (serving: Michael Seversen)  Michael Seversen: 100/1 → 0/0
2026-02-26T20:25:49.166Z [EVENT] (serving: Michael Seversen)  game: 0-30
2026-02-26T20:26:22.545Z [EVENT] (serving: Michael Seversen)  game: 0-40
2026-02-26T20:26:53.214Z [ODDS] (serving: Michael Seversen)  Mitch Stewart: 1/1000 → 0/0
2026-02-26T20:26:53.214Z [EVENT] (serving: Michael Seversen)  sets: 2-6,1-6, game: 0-0
