2026-02-26T21:38:10.578Z [ODDS] (serving: Sebastian Baez)  Cristian Garin: 2/1 → 7/4, Sebastian Baez: 2/5 → 4/9
2026-02-26T21:38:10.578Z [EVENT] (serving: Sebastian Baez)  game: 15-0
2026-02-26T21:38:39.895Z [ODDS] (serving: Sebastian Baez)  Cristian Garin: 7/4 → 2/1, Sebastian Baez: 4/9 → 2/5
2026-02-26T21:38:39.895Z [EVENT] (serving: Sebastian Baez)  game: 15-15
2026-02-26T21:39:20.934Z [ODDS] (serving: Sebastian Baez)  Cristian Garin: 2/1 → 13/8, Sebastian Baez: 2/5 → 1/2
2026-02-26T21:39:20.935Z [EVENT] (serving: Sebastian Baez)  game: 30-15
2026-02-26T21:39:48.896Z [ODDS] (serving: Sebastian Baez)  Cristian Garin: 13/8 → 7/4, Sebastian Baez: 1/2 → 4/9
2026-02-26T21:39:48.896Z [EVENT] (serving: Sebastian Baez)  game: 30-30
2026-02-26T21:40:18.662Z [ODDS] (serving: Sebastian Baez)  Cristian Garin: 7/4 → 2/1, Sebastian Baez: 4/9 → 2/5
2026-02-26T21:40:18.662Z [EVENT] (serving: Sebastian Baez)  game: 30-40
2026-02-26T21:40:45.727Z [ODDS] (serving: Sebastian Baez)  Cristian Garin: 2/1 → 11/5
2026-02-26T21:40:46.191Z [ODDS] (serving: Cristian Garin)  Sebastian Baez: 2/5 → 4/11
2026-02-26T21:40:46.192Z [EVENT] (serving: Cristian Garin)  sets: 0-1, game: 0-0, serving: P1
2026-02-26T21:42:08.708Z [ODDS] (serving: Cristian Garin)  Cristian Garin: 11/5 → 12/5, Sebastian Baez: 4/11 → 1/3
2026-02-26T21:42:08.708Z [EVENT] (serving: Cristian Garin)  game: 0-15
2026-02-26T21:42:36.277Z [ODDS] (serving: Cristian Garin)  Cristian Garin: 12/5 → 5/2, Sebastian Baez: 1/3 → 3/10
2026-02-26T21:42:55.193Z [ODDS] (serving: Cristian Garin)  Cristian Garin: 5/2 → 11/5, Sebastian Baez: 3/10 → 4/11
2026-02-26T21:42:55.194Z [EVENT] (serving: Cristian Garin)  game: 15-15
2026-02-26T21:43:23.127Z [EVENT] (serving: Cristian Garin)  game: 30-15
2026-02-26T21:43:55.146Z [ODDS] (serving: Cristian Garin)  Cristian Garin: 11/5 → 12/5, Sebastian Baez: 4/11 → 1/3
2026-02-26T21:43:55.147Z [EVENT] (serving: Cristian Garin)  game: 30-30
2026-02-26T21:44:20.862Z [ODDS] (serving: Cristian Garin)  Cristian Garin: 12/5 → 11/5, Sebastian Baez: 1/3 → 4/11
2026-02-26T21:44:20.863Z [EVENT] (serving: Cristian Garin)  game: 40-30
2026-02-26T21:44:49.714Z [ODDS] (serving: Sebastian Baez)  Cristian Garin: 11/5 → 2/1, Sebastian Baez: 4/11 → 2/5
2026-02-26T21:44:49.714Z [EVENT] (serving: Sebastian Baez)  sets: 1-1, game: 0-0, serving: P2
2026-02-26T21:45:28.506Z [ODDS] (serving: Sebastian Baez)  Cristian Garin: 2/1 → 7/4, Sebastian Baez: 2/5 → 4/9
2026-02-26T21:45:28.507Z [EVENT] (serving: Sebastian Baez)  game: 15-0
2026-02-26T21:45:47.444Z [ODDS] (serving: Sebastian Baez)  Cristian Garin: 7/4 → 2/1, Sebastian Baez: 4/9 → 2/5
2026-02-26T21:45:47.444Z [EVENT] (serving: Sebastian Baez)  game: 15-15
2026-02-26T21:46:23.075Z [ODDS] (serving: Sebastian Baez)  Cristian Garin: 2/1 → 7/4, Sebastian Baez: 2/5 → 4/9
2026-02-26T21:46:44.273Z [ODDS] (serving: Sebastian Baez)  Cristian Garin: 7/4 → 13/8, Sebastian Baez: 4/9 → 1/2
2026-02-26T21:46:44.273Z [EVENT] (serving: Sebastian Baez)  game: 30-15
2026-02-26T21:47:10.882Z [ODDS] (serving: Sebastian Baez)  Cristian Garin: 13/8 → 7/4, Sebastian Baez: 1/2 → 4/9
2026-02-26T21:47:10.882Z [EVENT] (serving: Sebastian Baez)  game: 30-30
2026-02-26T21:47:39.829Z [ODDS] (serving: Sebastian Baez)  Cristian Garin: 7/4 → 2/1, Sebastian Baez: 4/9 → 2/5
2026-02-26T21:47:39.829Z [EVENT] (serving: Sebastian Baez)  game: 30-40
2026-02-26T21:48:25.750Z [ODDS] (serving: Cristian Garin)  Cristian Garin: 2/1 → 11/5, Sebastian Baez: 2/5 → 4/11
2026-02-26T21:48:25.750Z [EVENT] (serving: Cristian Garin)  sets: 1-2, game: 0-0, serving: P1
2026-02-26T21:50:27.976Z [ODDS] (serving: Cristian Garin)  Cristian Garin: 11/5 → 2/1, Sebastian Baez: 4/11 → 2/5
2026-02-26T21:50:27.976Z [EVENT] (serving: Cristian Garin)  game: 15-0
2026-02-26T21:50:52.329Z [EVENT] (serving: Cristian Garin)  game: 30-0
2026-02-26T21:51:37.883Z [ODDS] (serving: Cristian Garin)  Cristian Garin: 2/1 → 11/5, Sebastian Baez: 2/5 → 4/11
2026-02-26T21:51:37.883Z [EVENT] (serving: Cristian Garin)  game: 30-15
2026-02-26T21:52:25.665Z [ODDS] (serving: Cristian Garin)  Cristian Garin: 11/5 → 12/5, Sebastian Baez: 4/11 → 1/3
2026-02-26T21:52:25.665Z [EVENT] (serving: Cristian Garin)  game: 30-30
2026-02-26T21:53:19.836Z [ODDS] (serving: Cristian Garin)  Cristian Garin: 12/5 → 11/5, Sebastian Baez: 1/3 → 4/11
2026-02-26T21:53:19.837Z [EVENT] (serving: Cristian Garin)  game: 40-30
2026-02-26T21:53:57.784Z [ODDS] (serving: Sebastian Baez)  Cristian Garin: 11/5 → 2/1, Sebastian Baez: 4/11 → 2/5
2026-02-26T21:53:57.784Z [EVENT] (serving: Sebastian Baez)  sets: 2-2, game: 0-0, serving: P2
2026-02-26T21:55:02.277Z [ODDS] (serving: Sebastian Baez)  Cristian Garin: 2/1 → 11/5, Sebastian Baez: 2/5 → 4/11
2026-02-26T21:55:02.277Z [EVENT] (serving: Sebastian Baez)  game: 0-15
2026-02-26T21:55:46.980Z [ODDS] (serving: Sebastian Baez)  Cristian Garin: 11/5 → 7/4, Sebastian Baez: 4/11 → 4/9
2026-02-26T21:55:46.980Z [EVENT] (serving: Sebastian Baez)  game: 15-15
2026-02-26T21:56:27.516Z [ODDS] (serving: Sebastian Baez)  Cristian Garin: 7/4 → 2/1, Sebastian Baez: 4/9 → 2/5
2026-02-26T21:56:27.517Z [EVENT] (serving: Sebastian Baez)  game: 15-30
2026-02-26T21:57:00.440Z [ODDS] (serving: Sebastian Baez)  Cristian Garin: 2/1 → 11/5, Sebastian Baez: 2/5 → 4/11
2026-02-26T21:57:00.440Z [EVENT] (serving: Sebastian Baez)  game: 15-40
2026-02-26T21:57:28.861Z [ODDS] (serving: Cristian Garin)  Cristian Garin: 11/5 → 12/5, Sebastian Baez: 4/11 → 1/3
2026-02-26T21:57:28.861Z [EVENT] (serving: Cristian Garin)  sets: 2-3, game: 0-0, serving: P1
2026-02-26T21:59:53.630Z [ODDS] (serving: Cristian Garin)  Cristian Garin: 12/5 → 11/4, Sebastian Baez: 1/3 → 2/7
2026-02-26T21:59:53.630Z [EVENT] (serving: Cristian Garin)  game: 0-15
2026-02-26T22:00:30.210Z [ODDS] (serving: Cristian Garin)  Cristian Garin: 11/4 → 3/1, Sebastian Baez: 2/7 → 1/4
2026-02-26T22:00:30.213Z [EVENT] (serving: Cristian Garin)  game: 0-30
2026-02-26T22:01:02.632Z [ODDS] (serving: Cristian Garin)  Cristian Garin: 3/1 → 7/2, Sebastian Baez: 1/4 → 1/5
2026-02-26T22:01:02.632Z [EVENT] (serving: Cristian Garin)  game: 0-40
2026-02-26T22:01:34.208Z [ODDS] (serving: Cristian Garin)  Cristian Garin: 7/2 → 10/3, Sebastian Baez: 1/5 → 2/9
2026-02-26T22:01:34.208Z [EVENT] (serving: Cristian Garin)  game: 15-40
2026-02-26T22:02:03.527Z [ODDS] (serving: Cristian Garin)  Cristian Garin: 10/3 → 3/1, Sebastian Baez: 2/9 → 1/4
2026-02-26T22:02:03.530Z [EVENT] (serving: Cristian Garin)  game: 30-40
2026-02-26T22:02:50.878Z [ODDS] (serving: Sebastian Baez)  Cristian Garin: 3/1 → 4/1, Sebastian Baez: 1/4 → 1/6
2026-02-26T22:02:50.878Z [EVENT] (serving: Sebastian Baez)  sets: 2-4, game: 0-0, serving: P2
2026-02-26T22:03:39.182Z [EVENT] (serving: Sebastian Baez)  game: 0-15
2026-02-26T22:04:19.728Z [ODDS] (serving: Sebastian Baez)  Cristian Garin: 4/1 → 7/2, Sebastian Baez: 1/6 → 1/5
2026-02-26T22:04:19.728Z [EVENT] (serving: Sebastian Baez)  game: 15-15
2026-02-26T22:05:13.397Z [ODDS] (serving: Sebastian Baez)  Cristian Garin: 7/2 → 10/3, Sebastian Baez: 1/5 → 2/9
2026-02-26T22:05:13.397Z [EVENT] (serving: Sebastian Baez)  game: 30-15
2026-02-26T22:05:40.457Z [ODDS] (serving: Sebastian Baez)  Cristian Garin: 10/3 → 11/4, Sebastian Baez: 2/9 → 2/7
2026-02-26T22:05:40.457Z [EVENT] (serving: Sebastian Baez)  game: 40-15
2026-02-26T22:05:40.907Z [ODDS] (serving: Sebastian Baez)  Cristian Garin: 11/4 → 3/1, Sebastian Baez: 2/7 → 1/4
2026-02-26T22:05:41.359Z [ODDS] (serving: Sebastian Baez)  Cristian Garin: 3/1 → 11/4, Sebastian Baez: 1/4 → 2/7
2026-02-26T22:05:42.260Z [ODDS] (serving: Sebastian Baez)  Cristian Garin: 11/4 → 3/1, Sebastian Baez: 2/7 → 1/4
2026-02-26T22:05:42.711Z [ODDS] (serving: Sebastian Baez)  Cristian Garin: 3/1 → 11/4, Sebastian Baez: 1/4 → 2/7
2026-02-26T22:05:44.969Z [ODDS] (serving: Sebastian Baez)  Cristian Garin: 11/4 → 3/1, Sebastian Baez: 2/7 → 1/4
2026-02-26T22:05:45.419Z [ODDS] (serving: Sebastian Baez)  Cristian Garin: 3/1 → 11/4, Sebastian Baez: 1/4 → 2/7
2026-02-26T22:05:45.869Z [ODDS] (serving: Sebastian Baez)  Cristian Garin: 11/4 → 3/1, Sebastian Baez: 2/7 → 1/4
2026-02-26T22:05:46.319Z [ODDS] (serving: Sebastian Baez)  Cristian Garin: 3/1 → 11/4, Sebastian Baez: 1/4 → 2/7
2026-02-26T22:05:46.769Z [ODDS] (serving: Sebastian Baez)  Cristian Garin: 11/4 → 3/1, Sebastian Baez: 2/7 → 1/4
2026-02-26T22:05:47.222Z [ODDS] (serving: Sebastian Baez)  Cristian Garin: 3/1 → 11/4, Sebastian Baez: 1/4 → 2/7
2026-02-26T22:05:47.671Z [ODDS] (serving: Sebastian Baez)  Cristian Garin: 11/4 → 3/1, Sebastian Baez: 2/7 → 1/4
2026-02-26T22:05:48.122Z [ODDS] (serving: Sebastian Baez)  Cristian Garin: 3/1 → 11/4, Sebastian Baez: 1/4 → 2/7
2026-02-26T22:05:49.025Z [ODDS] (serving: Sebastian Baez)  Cristian Garin: 11/4 → 3/1, Sebastian Baez: 2/7 → 1/4
2026-02-26T22:05:49.479Z [ODDS] (serving: Sebastian Baez)  Cristian Garin: 3/1 → 11/4, Sebastian Baez: 1/4 → 2/7
2026-02-26T22:06:03.074Z [ODDS] (serving: Sebastian Baez)  Cristian Garin: 11/4 → 3/1, Sebastian Baez: 2/7 → 1/4
2026-02-26T22:06:03.075Z [EVENT] (serving: Sebastian Baez)  game: 40-30
2026-02-26T22:06:40.889Z [ODDS] (serving: Cristian Garin)  Cristian Garin: 3/1 → 5/2, Sebastian Baez: 1/4 → 3/10
2026-02-26T22:06:40.889Z [EVENT] (serving: Cristian Garin)  sets: 3-4, game: 0-0, serving: P1
2026-02-26T22:08:58.525Z [ODDS] (serving: Cristian Garin)  Cristian Garin: 5/2 → 11/5, Sebastian Baez: 3/10 → 4/11
2026-02-26T22:08:58.525Z [EVENT] (serving: Cristian Garin)  game: 15-0
2026-02-26T22:09:29.192Z [ODDS] (serving: Cristian Garin)  Cristian Garin: 11/5 → 2/1, Sebastian Baez: 4/11 → 2/5
2026-02-26T22:09:29.192Z [EVENT] (serving: Cristian Garin)  game: 30-0
2026-02-26T22:09:55.353Z [ODDS] (serving: Cristian Garin)  Cristian Garin: 2/1 → 7/4, Sebastian Baez: 2/5 → 4/9
2026-02-26T22:09:55.353Z [EVENT] (serving: Cristian Garin)  game: 40-0
2026-02-26T22:10:16.103Z [EVENT] (serving: Sebastian Baez)  sets: 4-4, game: 0-0, serving: P2
2026-02-26T22:10:59.402Z [ODDS] (serving: Sebastian Baez)  Cristian Garin: 7/4 → 2/1, Sebastian Baez: 4/9 → 2/5
2026-02-26T22:10:59.402Z [EVENT] (serving: Sebastian Baez)  game: 0-15
2026-02-26T22:11:22.860Z [ODDS] (serving: Sebastian Baez)  Cristian Garin: 2/1 → 11/5, Sebastian Baez: 2/5 → 4/11
2026-02-26T22:11:22.865Z [EVENT] (serving: Sebastian Baez)  game: 0-30
2026-02-26T22:11:46.753Z [ODDS] (serving: Sebastian Baez)  Cristian Garin: 11/5 → 2/1, Sebastian Baez: 4/11 → 2/5
2026-02-26T22:11:46.753Z [EVENT] (serving: Sebastian Baez)  game: 15-30
2026-02-26T22:12:14.273Z [ODDS] (serving: Sebastian Baez)  Cristian Garin: 2/1 → 11/5, Sebastian Baez: 2/5 → 4/11
2026-02-26T22:12:14.273Z [EVENT] (serving: Sebastian Baez)  game: 15-40
2026-02-26T22:12:55.358Z [ODDS] (serving: Cristian Garin)  Cristian Garin: 11/5 → 12/5, Sebastian Baez: 4/11 → 1/3
2026-02-26T22:12:55.358Z [EVENT] (serving: Cristian Garin)  sets: 4-5, game: 0-0, serving: P1
2026-02-26T22:15:04.743Z [ODDS] (serving: Cristian Garin)  Cristian Garin: 12/5 → 3/1, Sebastian Baez: 1/3 → 1/4
2026-02-26T22:15:04.743Z [EVENT] (serving: Cristian Garin)  game: 0-15
2026-02-26T22:15:37.217Z [ODDS] (serving: Cristian Garin)  Cristian Garin: 3/1 → 5/2, Sebastian Baez: 1/4 → 3/10
2026-02-26T22:15:37.217Z [EVENT] (serving: Cristian Garin)  game: 15-15
2026-02-26T22:16:18.710Z [ODDS] (serving: Cristian Garin)  Cristian Garin: 5/2 → 11/5, Sebastian Baez: 3/10 → 4/11
2026-02-26T22:16:18.711Z [EVENT] (serving: Cristian Garin)  game: 30-15
2026-02-26T22:16:54.811Z [ODDS] (serving: Cristian Garin)  Cristian Garin: 11/5 → 7/4, Sebastian Baez: 4/11 → 4/9
2026-02-26T22:16:54.823Z [EVENT] (serving: Cristian Garin)  game: 40-15
2026-02-26T22:17:25.004Z [ODDS] (serving: Cristian Garin)  Cristian Garin: 7/4 → 2/1, Sebastian Baez: 4/9 → 2/5
2026-02-26T22:17:41.245Z [ODDS] (serving: Cristian Garin)  Cristian Garin: 2/1 → 11/5, Sebastian Baez: 2/5 → 4/11
2026-02-26T22:17:41.245Z [EVENT] (serving: Cristian Garin)  game: 40-30
2026-02-26T22:18:04.696Z [ODDS] (serving: Cristian Garin)  Cristian Garin: 11/5 → 2/1, Sebastian Baez: 4/11 → 2/5
2026-02-26T22:18:10.649Z [ODDS] (serving: Sebastian Baez)  Cristian Garin: 2/1 → 7/4, Sebastian Baez: 2/5 → 4/9
2026-02-26T22:18:10.651Z [EVENT] (serving: Sebastian Baez)  sets: 5-5, game: 0-0, serving: P2
2026-02-26T22:18:12.812Z [ODDS] (serving: Sebastian Baez)  Cristian Garin: 7/4 → 13/8, Sebastian Baez: 4/9 → 1/2
2026-02-26T22:18:16.420Z [ODDS] (serving: Sebastian Baez)  Cristian Garin: 13/8 → 7/4, Sebastian Baez: 1/2 → 4/9
2026-02-26T22:18:48.020Z [ODDS] (serving: Sebastian Baez)  Cristian Garin: 7/4 → 2/1, Sebastian Baez: 4/9 → 2/5
2026-02-26T22:18:48.021Z [EVENT] (serving: Sebastian Baez)  game: 0-15
2026-02-26T22:19:10.543Z [ODDS] (serving: Sebastian Baez)  Cristian Garin: 2/1 → 11/5, Sebastian Baez: 2/5 → 4/11
2026-02-26T22:19:10.543Z [EVENT] (serving: Sebastian Baez)  game: 0-30
2026-02-26T22:19:32.643Z [ODDS] (serving: Sebastian Baez)  Cristian Garin: 11/5 → 12/5, Sebastian Baez: 4/11 → 1/3
2026-02-26T22:19:32.643Z [EVENT] (serving: Sebastian Baez)  game: 0-40
2026-02-26T22:20:01.508Z [ODDS] (serving: Sebastian Baez)  Cristian Garin: 12/5 → 11/5, Sebastian Baez: 1/3 → 4/11
2026-02-26T22:20:01.508Z [EVENT] (serving: Sebastian Baez)  game: 15-40
2026-02-26T22:20:33.998Z [ODDS] (serving: Cristian Garin)  Cristian Garin: 11/5 → 12/5, Sebastian Baez: 4/11 → 1/3
2026-02-26T22:20:33.998Z [EVENT] (serving: Cristian Garin)  sets: 5-6, game: 0-0, serving: P1
2026-02-26T22:22:41.628Z [ODDS] (serving: Cristian Garin)  Cristian Garin: 12/5 → 11/4, Sebastian Baez: 1/3 → 2/7
2026-02-26T22:22:41.628Z [EVENT] (serving: Cristian Garin)  game: 0-15
2026-02-26T22:23:07.786Z [ODDS] (serving: Cristian Garin)  Cristian Garin: 11/4 → 3/1, Sebastian Baez: 2/7 → 1/4
2026-02-26T22:23:18.648Z [ODDS] (serving: Cristian Garin)  Cristian Garin: 3/1 → 12/5, Sebastian Baez: 1/4 → 1/3
2026-02-26T22:23:18.690Z [EVENT] (serving: Cristian Garin)  game: 15-15
2026-02-26T22:23:43.864Z [ODDS] (serving: Cristian Garin)  Cristian Garin: 12/5 → 11/5, Sebastian Baez: 1/3 → 4/11
2026-02-26T22:23:43.865Z [EVENT] (serving: Cristian Garin)  game: 30-15
2026-02-26T22:24:15.899Z [ODDS] (serving: Cristian Garin)  Cristian Garin: 11/5 → 7/4, Sebastian Baez: 4/11 → 4/9
2026-02-26T22:24:15.901Z [EVENT] (serving: Cristian Garin)  game: 40-15
2026-02-26T22:25:10.915Z [ODDS] (serving: Cristian Garin)  Cristian Garin: 7/4 → 2/1, Sebastian Baez: 4/9 → 2/5
2026-02-26T22:25:10.915Z [EVENT] (serving: Cristian Garin)  game: 40-30
2026-02-26T22:25:51.502Z [ODDS] (serving: Cristian Garin)  Cristian Garin: 2/1 → 5/2, Sebastian Baez: 2/5 → 3/10
2026-02-26T22:25:51.502Z [EVENT] (serving: Cristian Garin)  game: 40-40
2026-02-26T22:26:23.067Z [ODDS] (serving: Cristian Garin)  Cristian Garin: 5/2 → 2/1, Sebastian Baez: 3/10 → 2/5
2026-02-26T22:26:23.067Z [EVENT] (serving: Cristian Garin)  game: A-40
2026-02-26T22:26:57.350Z [ODDS] (serving: Sebastian Baez)  Cristian Garin: 2/1 → 7/4, Sebastian Baez: 2/5 → 4/9
2026-02-26T22:26:57.350Z [EVENT] (serving: Sebastian Baez)  sets: 6-6, game: 0-0, serving: P2
2026-02-26T22:27:48.770Z [ODDS] (serving: Cristian Garin)  Cristian Garin: 7/4 → 13/10, Sebastian Baez: 4/9 → 8/13
2026-02-26T22:27:48.770Z [EVENT] (serving: Cristian Garin)  game: 1-0, serving: P1
2026-02-26T22:28:32.057Z [ODDS] (serving: Cristian Garin)  Cristian Garin: 13/10 → 7/4, Sebastian Baez: 8/13 → 4/9
2026-02-26T22:28:32.057Z [EVENT] (serving: Cristian Garin)  game: 1-1
2026-02-26T22:29:18.062Z [ODDS] (serving: Sebastian Baez)  Cristian Garin: 7/4 → 12/5, Sebastian Baez: 4/9 → 1/3
2026-02-26T22:29:18.062Z [EVENT] (serving: Sebastian Baez)  game: 1-2, serving: P2
2026-02-26T22:30:17.595Z [ODDS] (serving: Sebastian Baez)  Cristian Garin: 12/5 → 3/1, Sebastian Baez: 1/3 → 1/4
2026-02-26T22:30:17.595Z [EVENT] (serving: Sebastian Baez)  game: 1-3
2026-02-26T22:30:53.243Z [ODDS] (serving: Sebastian Baez)  Cristian Garin: 3/1 → 11/4, Sebastian Baez: 1/4 → 2/7
2026-02-26T22:31:04.947Z [ODDS] (serving: Cristian Garin)  Cristian Garin: 11/4 → 7/2, Sebastian Baez: 2/7 → 1/5
2026-02-26T22:31:04.947Z [EVENT] (serving: Cristian Garin)  game: 1-4, serving: P1
2026-02-26T22:31:47.813Z [ODDS] (serving: Cristian Garin)  Cristian Garin: 7/2 → 3/1, Sebastian Baez: 1/5 → 1/4
2026-02-26T22:31:47.817Z [EVENT] (serving: Cristian Garin)  game: 2-4
2026-02-26T22:32:45.073Z [ODDS] (serving: Sebastian Baez)  Cristian Garin: 3/1 → 4/1, Sebastian Baez: 1/4 → 1/6
2026-02-26T22:32:45.073Z [EVENT] (serving: Sebastian Baez)  game: 2-5, serving: P2
2026-02-26T22:33:15.289Z [ODDS] (serving: Sebastian Baez)  Cristian Garin: 4/1 → 7/2, Sebastian Baez: 1/6 → 1/5
2026-02-26T22:33:28.820Z [ODDS] (serving: Sebastian Baez)  Cristian Garin: 7/2 → 9/2, Sebastian Baez: 1/5 → 1/7
2026-02-26T22:33:28.820Z [EVENT] (serving: Sebastian Baez)  game: 2-6
2026-02-26T22:33:53.176Z [ODDS] (serving: Cristian Garin)  Cristian Garin: 9/2 → 5/1, Sebastian Baez: 1/7 → 1/8
2026-02-26T22:33:53.176Z [EVENT] (serving: Cristian Garin)  sets: 6-7,0-0, game: 0-0, serving: P1
2026-02-26T22:39:35.801Z [ODDS] (serving: Cristian Garin)  Cristian Garin: 5/1 → 9/2, Sebastian Baez: 1/8 → 1/7
2026-02-26T22:39:35.801Z [EVENT] (serving: Cristian Garin)  game: 15-0
2026-02-26T22:40:07.375Z [ODDS] (serving: Cristian Garin)  Cristian Garin: 9/2 → 4/1, Sebastian Baez: 1/7 → 1/6
2026-02-26T22:40:07.375Z [EVENT] (serving: Cristian Garin)  game: 30-0
2026-02-26T22:40:45.255Z [EVENT] (serving: Cristian Garin)  game: 40-0
2026-02-26T22:41:10.964Z [ODDS] (serving: Sebastian Baez)  Cristian Garin: 4/1 → 7/2, Sebastian Baez: 1/6 → 1/5
2026-02-26T22:41:10.964Z [EVENT] (serving: Sebastian Baez)  sets: 6-7,1-0, game: 0-0, serving: P2
2026-02-26T22:42:10.049Z [ODDS] (serving: Sebastian Baez)  Cristian Garin: 7/2 → 10/3, Sebastian Baez: 1/5 → 2/9
2026-02-26T22:42:10.049Z [EVENT] (serving: Sebastian Baez)  game: 15-0
2026-02-26T22:42:34.400Z [ODDS] (serving: Sebastian Baez)  Cristian Garin: 10/3 → 11/4, Sebastian Baez: 2/9 → 2/7
2026-02-26T22:42:34.401Z [EVENT] (serving: Sebastian Baez)  game: 30-0
2026-02-26T22:43:15.441Z [ODDS] (serving: Sebastian Baez)  Cristian Garin: 11/4 → 3/1, Sebastian Baez: 2/7 → 1/4
2026-02-26T22:43:15.441Z [EVENT] (serving: Sebastian Baez)  game: 30-15
2026-02-26T22:43:40.269Z [ODDS] (serving: Sebastian Baez)  Cristian Garin: 3/1 → 7/2, Sebastian Baez: 1/4 → 1/5
2026-02-26T22:43:40.269Z [EVENT] (serving: Sebastian Baez)  game: 30-30
2026-02-26T22:44:00.993Z [ODDS] (serving: Sebastian Baez)  Cristian Garin: 7/2 → 10/3, Sebastian Baez: 1/5 → 2/9
2026-02-26T22:44:09.568Z [ODDS] (serving: Sebastian Baez)  Cristian Garin: 10/3 → 7/2, Sebastian Baez: 2/9 → 1/5
2026-02-26T22:44:20.837Z [ODDS] (serving: Sebastian Baez)  Cristian Garin: 7/2 → 3/1, Sebastian Baez: 1/5 → 1/4
2026-02-26T22:44:20.837Z [EVENT] (serving: Sebastian Baez)  game: 40-30
2026-02-26T22:44:40.730Z [ODDS] (serving: Sebastian Baez)  Cristian Garin: 3/1 → 11/4, Sebastian Baez: 1/4 → 2/7
2026-02-26T22:44:55.568Z [ODDS] (serving: Sebastian Baez)  Cristian Garin: 11/4 → 7/2, Sebastian Baez: 2/7 → 1/5
2026-02-26T22:44:55.568Z [EVENT] (serving: Sebastian Baez)  game: 40-40
2026-02-26T22:45:25.818Z [ODDS] (serving: Sebastian Baez)  Cristian Garin: 7/2 → 4/1, Sebastian Baez: 1/5 → 1/6
2026-02-26T22:45:25.818Z [EVENT] (serving: Sebastian Baez)  game: 40-A
2026-02-26T22:45:57.352Z [ODDS] (serving: Sebastian Baez)  Cristian Garin: 4/1 → 10/3, Sebastian Baez: 1/6 → 2/9
2026-02-26T22:45:57.352Z [EVENT] (serving: Sebastian Baez)  game: 40-40
2026-02-26T22:47:04.552Z [ODDS] (serving: Sebastian Baez)  Cristian Garin: 10/3 → 4/1, Sebastian Baez: 2/9 → 1/6
2026-02-26T22:47:04.552Z [EVENT] (serving: Sebastian Baez)  game: 40-A
2026-02-26T22:47:39.729Z [ODDS] (serving: Sebastian Baez)  Cristian Garin: 4/1 → 10/3, Sebastian Baez: 1/6 → 2/9
2026-02-26T22:47:39.729Z [EVENT] (serving: Sebastian Baez)  game: 40-40
2026-02-26T22:48:09.044Z [ODDS] (serving: Sebastian Baez)  Cristian Garin: 10/3 → 11/4, Sebastian Baez: 2/9 → 2/7
2026-02-26T22:48:09.044Z [EVENT] (serving: Sebastian Baez)  game: A-40
2026-02-26T22:48:41.966Z [ODDS] (serving: Cristian Garin)  Cristian Garin: 11/4 → 11/5, Sebastian Baez: 2/7 → 4/11
2026-02-26T22:48:41.966Z [EVENT] (serving: Cristian Garin)  sets: 6-7,2-0, game: 0-0, serving: P1
2026-02-26T22:49:45.107Z [ODDS] (serving: Cristian Garin)  Cristian Garin: 11/5 → 2/1, Sebastian Baez: 4/11 → 2/5
2026-02-26T22:49:45.107Z [EVENT] (serving: Cristian Garin)  game: 15-0
2026-02-26T22:50:08.109Z [ODDS] (serving: Cristian Garin)  Cristian Garin: 2/1 → 7/4, Sebastian Baez: 2/5 → 4/9
2026-02-26T22:50:08.109Z [EVENT] (serving: Cristian Garin)  game: 30-0
2026-02-26T22:50:31.560Z [ODDS] (serving: Cristian Garin)  Cristian Garin: 7/4 → 2/1, Sebastian Baez: 4/9 → 2/5
2026-02-26T22:50:31.560Z [EVENT] (serving: Cristian Garin)  game: 30-15
2026-02-26T22:51:02.228Z [ODDS] (serving: Cristian Garin)  Cristian Garin: 2/1 → 7/4, Sebastian Baez: 2/5 → 4/9
2026-02-26T22:51:02.229Z [EVENT] (serving: Cristian Garin)  game: 40-15
2026-02-26T22:51:51.839Z [ODDS] (serving: Cristian Garin)  Cristian Garin: 7/4 → 2/1, Sebastian Baez: 4/9 → 2/5
2026-02-26T22:51:51.839Z [EVENT] (serving: Cristian Garin)  game: 40-30
2026-02-26T22:52:34.685Z [ODDS] (serving: Cristian Garin)  Cristian Garin: 2/1 → 11/5, Sebastian Baez: 2/5 → 4/11
2026-02-26T22:52:34.685Z [EVENT] (serving: Cristian Garin)  game: 40-40
2026-02-26T22:52:59.488Z [ODDS] (serving: Cristian Garin)  Cristian Garin: 11/5 → 12/5, Sebastian Baez: 4/11 → 1/3
2026-02-26T22:53:10.327Z [ODDS] (serving: Cristian Garin)  Cristian Garin: 12/5 → 11/4, Sebastian Baez: 1/3 → 2/7
2026-02-26T22:53:10.327Z [EVENT] (serving: Cristian Garin)  game: 40-A
2026-02-26T22:53:36.471Z [ODDS] (serving: Cristian Garin)  Cristian Garin: 11/4 → 12/5, Sebastian Baez: 2/7 → 1/3
2026-02-26T22:53:36.471Z [EVENT] (serving: Cristian Garin)  game: 40-40
2026-02-26T22:54:04.433Z [ODDS] (serving: Cristian Garin)  Cristian Garin: 12/5 → 11/4, Sebastian Baez: 1/3 → 2/7
2026-02-26T22:54:04.433Z [EVENT] (serving: Cristian Garin)  game: 40-A
2026-02-26T22:54:29.695Z [ODDS] (serving: Cristian Garin)  Cristian Garin: 11/4 → 12/5, Sebastian Baez: 2/7 → 1/3
2026-02-26T22:54:29.695Z [EVENT] (serving: Cristian Garin)  game: 40-40
2026-02-26T22:55:14.793Z [ODDS] (serving: Cristian Garin)  Cristian Garin: 12/5 → 2/1, Sebastian Baez: 1/3 → 2/5
2026-02-26T22:55:14.793Z [EVENT] (serving: Cristian Garin)  game: A-40
2026-02-26T22:55:54.938Z [ODDS] (serving: Sebastian Baez)  Cristian Garin: 2/1 → 7/4, Sebastian Baez: 2/5 → 4/9
2026-02-26T22:55:54.938Z [EVENT] (serving: Sebastian Baez)  sets: 6-7,3-0, game: 0-0, serving: P2
2026-02-26T22:58:17.897Z [ODDS] (serving: Sebastian Baez)  Cristian Garin: 7/4 → 13/8, Sebastian Baez: 4/9 → 1/2
2026-02-26T22:58:17.897Z [EVENT] (serving: Sebastian Baez)  game: 15-0
2026-02-26T22:58:46.313Z [ODDS] (serving: Sebastian Baez)  Cristian Garin: 13/8 → 7/4, Sebastian Baez: 1/2 → 4/9
2026-02-26T22:58:46.313Z [EVENT] (serving: Sebastian Baez)  game: 15-15
2026-02-26T22:59:28.706Z [ODDS] (serving: Sebastian Baez)  Cristian Garin: 7/4 → 2/1, Sebastian Baez: 4/9 → 2/5
2026-02-26T22:59:28.706Z [EVENT] (serving: Sebastian Baez)  game: 15-30
2026-02-26T23:00:08.846Z [EVENT] (serving: Sebastian Baez)  game: 15-40
2026-02-26T23:00:34.103Z [EVENT] (serving: Sebastian Baez)  game: 30-40
2026-02-26T23:01:10.633Z [ODDS] (serving: Sebastian Baez)  Cristian Garin: 2/1 → 13/8, Sebastian Baez: 2/5 → 1/2
2026-02-26T23:01:10.633Z [EVENT] (serving: Sebastian Baez)  game: 40-40
2026-02-26T23:01:38.148Z [ODDS] (serving: Sebastian Baez)  Cristian Garin: 13/8 → 11/8, Sebastian Baez: 1/2 → 4/7
2026-02-26T23:01:38.148Z [EVENT] (serving: Sebastian Baez)  game: A-40
2026-02-26T23:02:30.459Z [ODDS] (serving: Sebastian Baez)  Cristian Garin: 11/8 → 13/8, Sebastian Baez: 4/7 → 1/2
2026-02-26T23:02:30.459Z [EVENT] (serving: Sebastian Baez)  game: 40-40
2026-02-26T23:03:10.148Z [ODDS] (serving: Sebastian Baez)  Cristian Garin: 13/8 → 11/8, Sebastian Baez: 1/2 → 4/7
2026-02-26T23:03:10.148Z [EVENT] (serving: Sebastian Baez)  game: A-40
2026-02-26T23:03:52.090Z [ODDS] (serving: Cristian Garin)  Cristian Garin: 11/8 → 6/5, Sebastian Baez: 4/7 → 4/6
2026-02-26T23:03:52.090Z [EVENT] (serving: Cristian Garin)  sets: 6-7,4-0, game: 0-0, serving: P1
2026-02-26T23:04:44.406Z [ODDS] (serving: Cristian Garin)  Cristian Garin: 6/5 → 11/10, Sebastian Baez: 4/6 → 8/11
2026-02-26T23:04:44.407Z [EVENT] (serving: Cristian Garin)  game: 15-0
2026-02-26T23:05:06.054Z [ODDS] (serving: Cristian Garin)  Cristian Garin: 11/10 → 1/1, Sebastian Baez: 8/11 → 4/5
2026-02-26T23:05:06.054Z [EVENT] (serving: Cristian Garin)  game: 30-0
2026-02-26T23:05:22.744Z [ODDS] (serving: Cristian Garin)  Cristian Garin: 1/1 → 10/11, Sebastian Baez: 4/5 → 10/11
2026-02-26T23:05:22.744Z [EVENT] (serving: Cristian Garin)  game: 40-0
2026-02-26T23:05:48.449Z [ODDS] (serving: Cristian Garin)  Cristian Garin: 10/11 → 1/1, Sebastian Baez: 10/11 → 4/5
2026-02-26T23:05:48.449Z [EVENT] (serving: Cristian Garin)  game: 40-15
2026-02-26T23:06:20.924Z [ODDS] (serving: Cristian Garin)  Cristian Garin: 1/1 → 11/10, Sebastian Baez: 4/5 → 8/11
2026-02-26T23:06:20.924Z [EVENT] (serving: Cristian Garin)  game: 40-30
2026-02-26T23:06:47.081Z [ODDS] (serving: Sebastian Baez)  Cristian Garin: 11/10 → 1/1, Sebastian Baez: 8/11 → 4/5
2026-02-26T23:06:47.081Z [EVENT] (serving: Sebastian Baez)  sets: 6-7,5-0, game: 0-0, serving: P2
2026-02-26T23:08:54.612Z [ODDS] (serving: Sebastian Baez)  Cristian Garin: 1/1 → 11/10, Sebastian Baez: 4/5 → 8/11
2026-02-26T23:08:54.612Z [EVENT] (serving: Sebastian Baez)  game: 0-15
2026-02-26T23:09:14.461Z [ODDS] (serving: Sebastian Baez)  Cristian Garin: 11/10 → 1/1, Sebastian Baez: 8/11 → 4/5
2026-02-26T23:09:22.574Z [EVENT] (serving: Sebastian Baez)  game: 15-15
2026-02-26T23:09:50.538Z [EVENT] (serving: Sebastian Baez)  game: 15-30
2026-02-26T23:10:09.027Z [EVENT] (serving: Sebastian Baez)  game: 30-30
2026-02-26T23:10:33.383Z [ODDS] (serving: Sebastian Baez)  Cristian Garin: 1/1 → 10/11, Sebastian Baez: 4/5 → 10/11
2026-02-26T23:10:33.383Z [EVENT] (serving: Sebastian Baez)  game: 40-30
2026-02-26T23:10:55.494Z [ODDS] (serving: Sebastian Baez)  Cristian Garin: 10/11 → 1/1, Sebastian Baez: 10/11 → 4/5
2026-02-26T23:10:55.494Z [EVENT] (serving: Sebastian Baez)  game: 40-40
2026-02-26T23:11:10.820Z [ODDS] (serving: Sebastian Baez)  Cristian Garin: 1/1 → 10/11, Sebastian Baez: 4/5 → 10/11
2026-02-26T23:11:24.351Z [ODDS] (serving: Sebastian Baez)  Cristian Garin: 10/11 → 1/1, Sebastian Baez: 10/11 → 4/5
2026-02-26T23:11:24.351Z [EVENT] (serving: Sebastian Baez)  game: 40-A
2026-02-26T23:11:50.510Z [EVENT] (serving: Cristian Garin)  sets: 6-7,5-1, game: 0-0, serving: P1
2026-02-26T23:12:30.198Z [EVENT] (serving: Cristian Garin)  game: 15-0
2026-02-26T23:12:51.396Z [ODDS] (serving: Cristian Garin)  Cristian Garin: 1/1 → 10/11, Sebastian Baez: 4/5 → 10/11
2026-02-26T23:12:51.397Z [EVENT] (serving: Cristian Garin)  game: 30-0
2026-02-26T23:13:13.946Z [ODDS] (serving: Cristian Garin)  Cristian Garin: 10/11 → 4/5, Sebastian Baez: 10/11 → 1/1
2026-02-26T23:13:13.946Z [EVENT] (serving: Cristian Garin)  game: 40-0
2026-02-26T23:13:34.692Z [ODDS] (serving: Sebastian Baez)  Cristian Garin: 4/5 → 10/11, Sebastian Baez: 1/1 → 10/11
2026-02-26T23:13:34.692Z [EVENT] (serving: Sebastian Baez)  sets: 6-7,6-1,0-0, game: 0-0, serving: P2
2026-02-26T23:16:33.737Z [ODDS] (serving: Sebastian Baez)  Cristian Garin: 10/11 → 11/10, Sebastian Baez: 10/11 → 8/11
2026-02-26T23:16:33.737Z [EVENT] (serving: Sebastian Baez)  game: 0-15
2026-02-26T23:17:05.307Z [ODDS] (serving: Sebastian Baez)  Cristian Garin: 11/10 → 6/5, Sebastian Baez: 8/11 → 4/6
2026-02-26T23:17:05.307Z [EVENT] (serving: Sebastian Baez)  game: 0-30
2026-02-26T23:17:38.681Z [ODDS] (serving: Sebastian Baez)  Cristian Garin: 6/5 → 11/10, Sebastian Baez: 4/6 → 8/11
2026-02-26T23:17:38.681Z [EVENT] (serving: Sebastian Baez)  game: 15-30
2026-02-26T23:18:12.056Z [ODDS] (serving: Sebastian Baez)  Cristian Garin: 11/10 → 6/5, Sebastian Baez: 8/11 → 4/6
2026-02-26T23:18:12.056Z [EVENT] (serving: Sebastian Baez)  game: 15-40
2026-02-26T23:18:47.237Z [ODDS] (serving: Sebastian Baez)  Cristian Garin: 6/5 → 11/10, Sebastian Baez: 4/6 → 8/11
2026-02-26T23:18:47.237Z [EVENT] (serving: Sebastian Baez)  game: 30-40
2026-02-26T23:19:19.256Z [ODDS] (serving: Cristian Garin)  Cristian Garin: 11/10 → 13/10, Sebastian Baez: 8/11 → 8/13
2026-02-26T23:19:19.256Z [EVENT] (serving: Cristian Garin)  sets: 6-7,6-1,0-1, game: 0-0, serving: P1
2026-02-26T23:20:27.359Z [ODDS] (serving: Cristian Garin)  Cristian Garin: 13/10 → 11/10, Sebastian Baez: 8/13 → 8/11
2026-02-26T23:20:27.359Z [EVENT] (serving: Cristian Garin)  game: 15-0
2026-02-26T23:21:05.693Z [ODDS] (serving: Cristian Garin)  Cristian Garin: 11/10 → 11/8, Sebastian Baez: 8/11 → 4/7
2026-02-26T23:21:05.693Z [EVENT] (serving: Cristian Garin)  game: 15-15
2026-02-26T23:21:44.029Z [ODDS] (serving: Cristian Garin)  Cristian Garin: 11/8 → 11/10, Sebastian Baez: 4/7 → 8/11
2026-02-26T23:21:44.030Z [EVENT] (serving: Cristian Garin)  game: 30-15
2026-02-26T23:22:20.111Z [ODDS] (serving: Cristian Garin)  Cristian Garin: 11/10 → 1/1, Sebastian Baez: 8/11 → 4/5
2026-02-26T23:22:20.111Z [EVENT] (serving: Cristian Garin)  game: 40-15
2026-02-26T23:23:02.955Z [ODDS] (serving: Sebastian Baez)  Cristian Garin: 1/1 → 10/11, Sebastian Baez: 4/5 → 10/11
2026-02-26T23:23:02.955Z [EVENT] (serving: Sebastian Baez)  sets: 6-7,6-1,1-1, game: 0-0, serving: P2
2026-02-26T23:23:48.276Z [ODDS] (serving: Sebastian Baez)  Cristian Garin: 10/11 → 11/10, Sebastian Baez: 10/11 → 8/11
2026-02-26T23:23:48.276Z [EVENT] (serving: Sebastian Baez)  game: 0-15
2026-02-26T23:24:24.136Z [ODDS] (serving: Sebastian Baez)  Cristian Garin: 11/10 → 6/5, Sebastian Baez: 8/11 → 4/6
2026-02-26T23:24:24.137Z [EVENT] (serving: Sebastian Baez)  game: 0-30
2026-02-26T23:24:59.767Z [ODDS] (serving: Sebastian Baez)  Cristian Garin: 6/5 → 13/10, Sebastian Baez: 4/6 → 8/13
2026-02-26T23:24:59.767Z [EVENT] (serving: Sebastian Baez)  game: 0-40
2026-02-26T23:25:25.589Z [ODDS] (serving: Cristian Garin)  Cristian Garin: 13/10 → 11/8, Sebastian Baez: 8/13 → 4/7
2026-02-26T23:25:25.591Z [EVENT] (serving: Cristian Garin)  sets: 6-7,6-1,1-2, game: 0-0, serving: P1
2026-02-26T23:27:24.992Z [ODDS] (serving: Cristian Garin)  Cristian Garin: 11/8 → 6/4, Sebastian Baez: 4/7 → 8/15
2026-02-26T23:27:36.716Z [ODDS] (serving: Cristian Garin)  Cristian Garin: 6/4 → 6/5, Sebastian Baez: 8/15 → 4/6
2026-02-26T23:27:36.716Z [EVENT] (serving: Cristian Garin)  game: 15-0
2026-02-26T23:28:33.993Z [ODDS] (serving: Cristian Garin)  Cristian Garin: 6/5 → 1/1, Sebastian Baez: 4/6 → 4/5
2026-02-26T23:28:33.993Z [EVENT] (serving: Cristian Garin)  game: 30-0
2026-02-26T23:29:04.679Z [ODDS] (serving: Cristian Garin)  Cristian Garin: 1/1 → 10/11, Sebastian Baez: 4/5 → 10/11
2026-02-26T23:29:04.679Z [EVENT] (serving: Cristian Garin)  game: 40-0
2026-02-26T23:29:46.155Z [ODDS] (serving: Cristian Garin)  Cristian Garin: 10/11 → 1/1, Sebastian Baez: 10/11 → 4/5
2026-02-26T23:29:46.155Z [EVENT] (serving: Cristian Garin)  game: 40-15
2026-02-26T23:30:29.449Z [ODDS] (serving: Cristian Garin)  Cristian Garin: 1/1 → 6/5, Sebastian Baez: 4/5 → 4/6
2026-02-26T23:30:29.449Z [EVENT] (serving: Cristian Garin)  game: 40-30
2026-02-26T23:31:01.473Z [ODDS] (serving: Sebastian Baez)  Cristian Garin: 6/5 → 1/1, Sebastian Baez: 4/6 → 4/5
2026-02-26T23:31:01.474Z [EVENT] (serving: Sebastian Baez)  sets: 6-7,6-1,2-2, game: 0-0, serving: P2
2026-02-26T23:31:57.847Z [ODDS] (serving: Sebastian Baez)  Cristian Garin: 1/1 → 6/5, Sebastian Baez: 4/5 → 4/6
2026-02-26T23:31:57.847Z [EVENT] (serving: Sebastian Baez)  game: 0-15
2026-02-26T23:32:33.934Z [ODDS] (serving: Sebastian Baez)  Cristian Garin: 6/5 → 11/8, Sebastian Baez: 4/6 → 4/7
2026-02-26T23:32:33.934Z [EVENT] (serving: Sebastian Baez)  game: 0-30
2026-02-26T23:32:55.124Z [ODDS] (serving: Sebastian Baez)  Cristian Garin: 11/8 → 13/10, Sebastian Baez: 4/7 → 8/13
2026-02-26T23:33:10.007Z [ODDS] (serving: Sebastian Baez)  Cristian Garin: 13/10 → 6/4, Sebastian Baez: 8/13 → 8/15
2026-02-26T23:33:10.007Z [EVENT] (serving: Sebastian Baez)  game: 0-40
2026-02-26T23:33:37.518Z [ODDS] (serving: Cristian Garin)  Cristian Garin: 6/4 → 13/8, Sebastian Baez: 8/15 → 1/2
2026-02-26T23:33:37.519Z [EVENT] (serving: Cristian Garin)  sets: 6-7,6-1,2-3, game: 0-0, serving: P1
2026-02-26T23:35:58.684Z [ODDS] (serving: Cristian Garin)  Cristian Garin: 13/8 → 11/5, Sebastian Baez: 1/2 → 4/11
2026-02-26T23:35:58.684Z [EVENT] (serving: Cristian Garin)  game: 0-15
2026-02-26T23:36:23.038Z [ODDS] (serving: Cristian Garin)  Cristian Garin: 11/5 → 13/8, Sebastian Baez: 4/11 → 1/2
2026-02-26T23:36:23.038Z [EVENT] (serving: Cristian Garin)  game: 15-15
2026-02-26T23:36:43.332Z [ODDS] (serving: Cristian Garin)  Cristian Garin: 13/8 → 7/4, Sebastian Baez: 1/2 → 4/9
2026-02-26T23:37:10.396Z [ODDS] (serving: Cristian Garin)  Cristian Garin: 7/4 → 12/5, Sebastian Baez: 4/9 → 1/3
2026-02-26T23:37:10.396Z [EVENT] (serving: Cristian Garin)  game: 15-30
2026-02-26T23:37:45.571Z [ODDS] (serving: Cristian Garin)  Cristian Garin: 12/5 → 7/4, Sebastian Baez: 1/3 → 4/9
2026-02-26T23:37:45.571Z [EVENT] (serving: Cristian Garin)  game: 30-30
2026-02-26T23:38:28.788Z [ODDS] (serving: Cristian Garin)  Cristian Garin: 7/4 → 5/2, Sebastian Baez: 4/9 → 3/10
2026-02-26T23:38:28.788Z [EVENT] (serving: Cristian Garin)  game: 30-40
2026-02-26T23:39:10.280Z [ODDS] (serving: Sebastian Baez)  Cristian Garin: 5/2 → 5/1, Sebastian Baez: 3/10 → 1/8
2026-02-26T23:39:10.280Z [EVENT] (serving: Sebastian Baez)  sets: 6-7,6-1,2-4, game: 0-0, serving: P2
2026-02-26T23:39:51.771Z [ODDS] (serving: Sebastian Baez)  Cristian Garin: 5/1 → 9/2, Sebastian Baez: 1/8 → 1/7
2026-02-26T23:40:10.264Z [ODDS] (serving: Sebastian Baez)  Cristian Garin: 9/2 → 6/1, Sebastian Baez: 1/7 → 1/10
2026-02-26T23:40:10.264Z [EVENT] (serving: Sebastian Baez)  game: 0-15
2026-02-26T23:40:33.267Z [ODDS] (serving: Sebastian Baez)  Cristian Garin: 6/1 → 11/2, Sebastian Baez: 1/10 → 1/9
2026-02-26T23:40:45.440Z [ODDS] (serving: Sebastian Baez)  Cristian Garin: 11/2 → 9/2, Sebastian Baez: 1/9 → 1/7
2026-02-26T23:40:45.440Z [EVENT] (serving: Sebastian Baez)  game: 15-15
2026-02-26T23:41:16.107Z [ODDS] (serving: Sebastian Baez)  Cristian Garin: 9/2 → 10/3, Sebastian Baez: 1/7 → 2/9
2026-02-26T23:41:16.107Z [EVENT] (serving: Sebastian Baez)  game: 30-15
2026-02-26T23:42:09.776Z [ODDS] (serving: Sebastian Baez)  Cristian Garin: 10/3 → 9/2, Sebastian Baez: 2/9 → 1/7
2026-02-26T23:42:09.776Z [EVENT] (serving: Sebastian Baez)  game: 30-30
2026-02-26T23:42:49.015Z [ODDS] (serving: Sebastian Baez)  Cristian Garin: 9/2 → 3/1, Sebastian Baez: 1/7 → 1/4
2026-02-26T23:42:49.015Z [EVENT] (serving: Sebastian Baez)  game: 40-30
2026-02-26T23:43:11.565Z [ODDS] (serving: Sebastian Baez)  Cristian Garin: 3/1 → 4/1, Sebastian Baez: 1/4 → 1/6
2026-02-26T23:43:11.565Z [EVENT] (serving: Sebastian Baez)  game: 40-40
2026-02-26T23:44:05.685Z [ODDS] (serving: Sebastian Baez)  Cristian Garin: 4/1 → 3/1, Sebastian Baez: 1/6 → 1/4
2026-02-26T23:44:05.685Z [EVENT] (serving: Sebastian Baez)  game: A-40
2026-02-26T23:44:27.333Z [ODDS] (serving: Sebastian Baez)  Cristian Garin: 3/1 → 4/1, Sebastian Baez: 1/4 → 1/6
2026-02-26T23:44:27.333Z [EVENT] (serving: Sebastian Baez)  game: 40-40
2026-02-26T23:45:01.609Z [ODDS] (serving: Sebastian Baez)  Cristian Garin: 4/1 → 3/1, Sebastian Baez: 1/6 → 1/4
2026-02-26T23:45:01.609Z [EVENT] (serving: Sebastian Baez)  game: A-40
2026-02-26T23:45:23.706Z [ODDS] (serving: Sebastian Baez)  Cristian Garin: 3/1 → 4/1, Sebastian Baez: 1/4 → 1/6
2026-02-26T23:45:23.706Z [EVENT] (serving: Sebastian Baez)  game: 40-40
2026-02-26T23:46:01.139Z [ODDS] (serving: Sebastian Baez)  Cristian Garin: 4/1 → 11/4, Sebastian Baez: 1/6 → 2/7
2026-02-26T23:46:01.139Z [EVENT] (serving: Sebastian Baez)  game: A-40
2026-02-26T23:46:29.101Z [ODDS] (serving: Sebastian Baez)  Cristian Garin: 11/4 → 4/1, Sebastian Baez: 2/7 → 1/6
2026-02-26T23:46:29.102Z [EVENT] (serving: Sebastian Baez)  game: 40-40
2026-02-26T23:46:54.358Z [ODDS] (serving: Sebastian Baez)  Cristian Garin: 4/1 → 11/4, Sebastian Baez: 1/6 → 2/7
2026-02-26T23:46:54.358Z [EVENT] (serving: Sebastian Baez)  game: A-40
2026-02-26T23:47:22.320Z [ODDS] (serving: Sebastian Baez)  Cristian Garin: 11/4 → 4/1, Sebastian Baez: 2/7 → 1/6
2026-02-26T23:47:22.320Z [EVENT] (serving: Sebastian Baez)  game: 40-40
2026-02-26T23:47:43.967Z [ODDS] (serving: Sebastian Baez)  Cristian Garin: 4/1 → 7/2, Sebastian Baez: 1/6 → 1/5
2026-02-26T23:47:52.086Z [ODDS] (serving: Sebastian Baez)  Cristian Garin: 7/2 → 11/4, Sebastian Baez: 1/5 → 2/7
2026-02-26T23:47:52.086Z [EVENT] (serving: Sebastian Baez)  game: A-40
2026-02-26T23:48:23.209Z [ODDS] (serving: Sebastian Baez)  Cristian Garin: 11/4 → 4/1, Sebastian Baez: 2/7 → 1/6
2026-02-26T23:48:23.209Z [EVENT] (serving: Sebastian Baez)  game: 40-40
2026-02-26T23:48:46.210Z [ODDS] (serving: Sebastian Baez)  Cristian Garin: 4/1 → 7/2, Sebastian Baez: 1/6 → 1/5
2026-02-26T23:49:09.663Z [ODDS] (serving: Sebastian Baez)  Cristian Garin: 7/2 → 11/4, Sebastian Baez: 1/5 → 2/7
2026-02-26T23:49:09.664Z [EVENT] (serving: Sebastian Baez)  game: A-40
2026-02-26T23:49:37.174Z [ODDS] (serving: Sebastian Baez)  Cristian Garin: 11/4 → 4/1, Sebastian Baez: 2/7 → 1/6
2026-02-26T23:49:37.174Z [EVENT] (serving: Sebastian Baez)  game: 40-40
2026-02-26T23:50:23.627Z [ODDS] (serving: Sebastian Baez)  Cristian Garin: 4/1 → 11/4, Sebastian Baez: 1/6 → 2/7
2026-02-26T23:50:23.627Z [EVENT] (serving: Sebastian Baez)  game: A-40
2026-02-26T23:50:50.236Z [ODDS] (serving: Cristian Garin)  Cristian Garin: 11/4 → 13/8, Sebastian Baez: 2/7 → 1/2
2026-02-26T23:50:50.236Z [EVENT] (serving: Cristian Garin)  sets: 6-7,6-1,3-4, game: 0-0, serving: P1
2026-02-26T23:53:12.317Z [ODDS] (serving: Cristian Garin)  Cristian Garin: 13/8 → 13/10, Sebastian Baez: 1/2 → 8/13
2026-02-26T23:53:12.317Z [EVENT] (serving: Cristian Garin)  game: 15-0
2026-02-26T23:53:58.317Z [ODDS] (serving: Cristian Garin)  Cristian Garin: 13/10 → 1/1, Sebastian Baez: 8/13 → 4/5
2026-02-26T23:53:58.317Z [EVENT] (serving: Cristian Garin)  game: 30-0
2026-02-26T23:54:20.416Z [ODDS] (serving: Cristian Garin)  Cristian Garin: 1/1 → 11/10, Sebastian Baez: 4/5 → 8/11
2026-02-26T23:54:38.909Z [ODDS] (serving: Cristian Garin)  Cristian Garin: 11/10 → 13/10, Sebastian Baez: 8/11 → 8/13
2026-02-26T23:54:38.909Z [EVENT] (serving: Cristian Garin)  game: 30-15
2026-02-26T23:55:08.674Z [ODDS] (serving: Cristian Garin)  Cristian Garin: 13/10 → 1/1, Sebastian Baez: 8/13 → 4/5
2026-02-26T23:55:08.674Z [EVENT] (serving: Cristian Garin)  game: 40-15
2026-02-26T23:55:37.537Z [ODDS] (serving: Sebastian Baez)  Cristian Garin: 1/1 → 10/11, Sebastian Baez: 4/5 → 10/11
2026-02-26T23:55:37.537Z [EVENT] (serving: Sebastian Baez)  sets: 6-7,6-1,4-4, game: 0-0, serving: P2
2026-02-26T23:56:25.892Z [ODDS] (serving: Sebastian Baez)  Cristian Garin: 10/11 → 6/5, Sebastian Baez: 10/11 → 4/6
2026-02-26T23:56:25.892Z [EVENT] (serving: Sebastian Baez)  game: 0-15
2026-02-26T23:56:53.866Z [ODDS] (serving: Sebastian Baez)  Cristian Garin: 6/5 → 10/11, Sebastian Baez: 4/6 → 10/11
2026-02-26T23:56:53.866Z [EVENT] (serving: Sebastian Baez)  game: 15-15
2026-02-26T23:57:18.208Z [ODDS] (serving: Sebastian Baez)  Cristian Garin: 10/11 → 6/5, Sebastian Baez: 10/11 → 4/6
2026-02-26T23:57:18.208Z [EVENT] (serving: Sebastian Baez)  game: 15-30
2026-02-26T23:57:46.622Z [ODDS] (serving: Sebastian Baez)  Cristian Garin: 6/5 → 6/4, Sebastian Baez: 4/6 → 8/15
2026-02-26T23:57:46.622Z [EVENT] (serving: Sebastian Baez)  game: 15-40
2026-02-26T23:58:13.233Z [ODDS] (serving: Cristian Garin)  Cristian Garin: 6/4 → 7/4, Sebastian Baez: 8/15 → 4/9
2026-02-26T23:58:13.234Z [EVENT] (serving: Cristian Garin)  sets: 6-7,6-1,4-5, game: 0-0, serving: P1
2026-02-27T00:00:17.707Z [ODDS] (serving: Cristian Garin)  Cristian Garin: 7/4 → 13/10, Sebastian Baez: 4/9 → 8/13
2026-02-27T00:00:17.707Z [EVENT] (serving: Cristian Garin)  game: 15-0
2026-02-27T00:00:46.570Z [ODDS] (serving: Cristian Garin)  Cristian Garin: 13/10 → 11/8, Sebastian Baez: 8/13 → 4/7
2026-02-27T00:00:55.139Z [ODDS] (serving: Cristian Garin)  Cristian Garin: 11/8 → 11/10, Sebastian Baez: 4/7 → 8/11
2026-02-27T00:00:55.139Z [EVENT] (serving: Cristian Garin)  game: 30-0
2026-02-27T00:01:24.005Z [ODDS] (serving: Cristian Garin)  Cristian Garin: 11/10 → 10/11, Sebastian Baez: 8/11 → 10/11
2026-02-27T00:01:24.005Z [EVENT] (serving: Cristian Garin)  game: 40-0
2026-02-27T00:01:52.418Z [EVENT] (serving: Sebastian Baez)  sets: 6-7,6-1,5-5, game: 0-0, serving: P2
2026-02-27T00:02:28.498Z [ODDS] (serving: Sebastian Baez)  Cristian Garin: 10/11 → 11/10, Sebastian Baez: 10/11 → 8/11
2026-02-27T00:02:28.498Z [EVENT] (serving: Sebastian Baez)  game: 0-15
2026-02-27T00:03:00.970Z [ODDS] (serving: Sebastian Baez)  Cristian Garin: 11/10 → 11/8, Sebastian Baez: 8/11 → 4/7
2026-02-27T00:03:00.970Z [EVENT] (serving: Sebastian Baez)  game: 0-30
2026-02-27T00:03:17.662Z [ODDS] (serving: Sebastian Baez)  Cristian Garin: 11/8 → 13/10, Sebastian Baez: 4/7 → 8/13
2026-02-27T00:03:30.287Z [ODDS] (serving: Sebastian Baez)  Cristian Garin: 13/10 → 11/10, Sebastian Baez: 8/13 → 8/11
2026-02-27T00:03:30.287Z [EVENT] (serving: Sebastian Baez)  game: 15-30
2026-02-27T00:03:54.702Z [ODDS] (serving: Sebastian Baez)  Cristian Garin: 11/10 → 6/4, Sebastian Baez: 8/11 → 8/15
2026-02-27T00:03:54.702Z [EVENT] (serving: Sebastian Baez)  game: 15-40
2026-02-27T00:04:14.034Z [ODDS] (serving: Sebastian Baez)  Cristian Garin: 6/4 → 11/8, Sebastian Baez: 8/15 → 4/7
2026-02-27T00:04:32.525Z [ODDS] (serving: Sebastian Baez)  Cristian Garin: 11/8 → 6/5, Sebastian Baez: 4/7 → 4/6
2026-02-27T00:04:32.525Z [EVENT] (serving: Sebastian Baez)  game: 30-40
2026-02-27T00:05:01.840Z [ODDS] (serving: Sebastian Baez)  Cristian Garin: 6/5 → 4/5, Sebastian Baez: 4/6 → 1/1
2026-02-27T00:05:01.840Z [EVENT] (serving: Sebastian Baez)  game: 40-40
2026-02-27T00:05:29.804Z [ODDS] (serving: Sebastian Baez)  Cristian Garin: 4/5 → 8/11, Sebastian Baez: 1/1 → 11/10
2026-02-27T00:05:36.569Z [ODDS] (serving: Sebastian Baez)  Cristian Garin: 8/11 → 6/5, Sebastian Baez: 11/10 → 4/6
2026-02-27T00:05:36.569Z [EVENT] (serving: Sebastian Baez)  game: 40-A
2026-02-27T00:05:59.119Z [ODDS] (serving: Cristian Garin)  Cristian Garin: 6/5 → 13/8, Sebastian Baez: 4/6 → 1/2
2026-02-27T00:05:59.119Z [EVENT] (serving: Cristian Garin)  sets: 6-7,6-1,5-6, game: 0-0, serving: P1
2026-02-27T00:08:07.204Z [ODDS] (serving: Cristian Garin)  Cristian Garin: 13/8 → 7/4, Sebastian Baez: 1/2 → 4/9
