2026-02-26T20:42:41.826Z [ODDS] (serving: Zachary Cohen)  Arjun Prabhakar: 1/1 → 21/20, Zachary Cohen: 3/4 → 7/10
2026-02-26T20:42:41.826Z [EVENT] (serving: Zachary Cohen)  game: 0-15
2026-02-26T20:43:01.226Z [ODDS] (serving: Zachary Cohen)  Arjun Prabhakar: 21/20 → 11/10, Zachary Cohen: 7/10 → 4/6
2026-02-26T20:43:01.226Z [EVENT] (serving: Zachary Cohen)  game: 0-30
2026-02-26T20:43:25.122Z [ODDS] (serving: Zachary Cohen)  Arjun Prabhakar: 11/10 → 6/5, Zachary Cohen: 4/6 → 8/13
2026-02-26T20:43:25.123Z [EVENT] (serving: Zachary Cohen)  game: 0-40
2026-02-26T20:43:54.889Z [ODDS] (serving: Zachary Cohen)  Arjun Prabhakar: 6/5 → 11/10, Zachary Cohen: 8/13 → 4/6
2026-02-26T20:43:54.889Z [EVENT] (serving: Zachary Cohen)  game: 15-40
2026-02-26T20:44:16.999Z [EVENT] (serving: Arjun Prabhakar)  sets: 0-1, game: 0-0, serving: P1
2026-02-26T20:45:19.227Z [ODDS] (serving: Arjun Prabhakar)  Arjun Prabhakar: 11/10 → 21/20, Zachary Cohen: 4/6 → 7/10
2026-02-26T20:45:19.227Z [EVENT] (serving: Arjun Prabhakar)  game: 15-0
2026-02-26T20:45:39.073Z [ODDS] (serving: Arjun Prabhakar)  Arjun Prabhakar: 21/20 → 6/5, Zachary Cohen: 7/10 → 8/13
2026-02-26T20:45:39.073Z [EVENT] (serving: Arjun Prabhakar)  game: 15-15
2026-02-26T20:45:58.915Z [ODDS] (serving: Arjun Prabhakar)  Arjun Prabhakar: 6/5 → 21/20, Zachary Cohen: 8/13 → 7/10
2026-02-26T20:45:58.915Z [EVENT] (serving: Arjun Prabhakar)  game: 30-15
2026-02-26T20:46:48.981Z [ODDS] (serving: Arjun Prabhakar)  Arjun Prabhakar: 21/20 → 6/5, Zachary Cohen: 7/10 → 8/13
2026-02-26T20:46:48.981Z [EVENT] (serving: Arjun Prabhakar)  game: 30-30
2026-02-26T20:47:19.202Z [ODDS] (serving: Arjun Prabhakar)  Arjun Prabhakar: 6/5 → 6/4, Zachary Cohen: 8/13 → 1/2
2026-02-26T20:47:19.202Z [EVENT] (serving: Arjun Prabhakar)  game: 30-40
2026-02-26T20:48:00.332Z [ODDS] (serving: Zachary Cohen)  Arjun Prabhakar: 6/4 → 7/4, Zachary Cohen: 1/2 → 2/5
2026-02-26T20:48:00.332Z [EVENT] (serving: Zachary Cohen)  sets: 0-2, game: 0-0, serving: P2
2026-02-26T20:48:29.196Z [ODDS] (serving: Zachary Cohen)  Arjun Prabhakar: 7/4 → 13/8, Zachary Cohen: 2/5 → 4/9
2026-02-26T20:48:29.197Z [EVENT] (serving: Zachary Cohen)  game: 15-0
2026-02-26T20:48:42.275Z [ODDS] (serving: Zachary Cohen)  Arjun Prabhakar: 13/8 → 6/4, Zachary Cohen: 4/9 → 1/2
2026-02-26T20:49:08.884Z [ODDS] (serving: Zachary Cohen)  Arjun Prabhakar: 6/4 → 13/8, Zachary Cohen: 1/2 → 4/9
2026-02-26T20:49:08.884Z [EVENT] (serving: Zachary Cohen)  game: 15-15
2026-02-26T20:50:55.798Z [ODDS] (serving: Zachary Cohen)  Arjun Prabhakar: 6/4 → 13/8, Zachary Cohen: 1/2 → 4/9
2026-02-26T20:50:55.798Z [EVENT] (serving: Zachary Cohen)  game: 30-30
2026-02-26T20:51:14.286Z [ODDS] (serving: Zachary Cohen)  Arjun Prabhakar: 13/8 → 6/4, Zachary Cohen: 4/9 → 1/2
2026-02-26T20:51:14.286Z [EVENT] (serving: Zachary Cohen)  game: 40-30
2026-02-26T20:51:34.129Z [ODDS] (serving: Zachary Cohen)  Arjun Prabhakar: 6/4 → 13/8, Zachary Cohen: 1/2 → 4/9
2026-02-26T20:51:34.129Z [EVENT] (serving: Zachary Cohen)  game: 40-40
2026-02-26T20:52:19.234Z [ODDS] (serving: Zachary Cohen)  Arjun Prabhakar: 13/8 → 11/8, Zachary Cohen: 4/9 → 8/15
2026-02-26T20:52:19.234Z [EVENT] (serving: Zachary Cohen)  game: A-40
2026-02-26T20:52:44.047Z [ODDS] (serving: Zachary Cohen)  Arjun Prabhakar: 11/8 → 13/8, Zachary Cohen: 8/15 → 4/9
2026-02-26T20:52:44.047Z [EVENT] (serving: Zachary Cohen)  game: 40-40
2026-02-26T20:53:11.112Z [ODDS] (serving: Zachary Cohen)  Arjun Prabhakar: 13/8 → 7/4, Zachary Cohen: 4/9 → 2/5
2026-02-26T20:53:11.112Z [EVENT] (serving: Zachary Cohen)  game: 40-A
2026-02-26T20:53:44.932Z [ODDS] (serving: Arjun Prabhakar)  Arjun Prabhakar: 7/4 → 2/1, Zachary Cohen: 2/5 → 4/11
2026-02-26T20:53:44.932Z [EVENT] (serving: Arjun Prabhakar)  sets: 0-3, game: 0-0, serving: P1
2026-02-26T20:55:16.942Z [ODDS] (serving: Arjun Prabhakar)  Arjun Prabhakar: 2/1 → 9/4, Zachary Cohen: 4/11 → 1/3
2026-02-26T20:55:16.942Z [EVENT] (serving: Arjun Prabhakar)  game: 0-15
2026-02-26T20:55:55.281Z [ODDS] (serving: Arjun Prabhakar)  Arjun Prabhakar: 9/4 → 12/5, Zachary Cohen: 1/3 → 3/10
2026-02-26T20:55:55.281Z [EVENT] (serving: Arjun Prabhakar)  game: 0-30
2026-02-26T20:56:39.479Z [ODDS] (serving: Arjun Prabhakar)  Arjun Prabhakar: 12/5 → 11/4, Zachary Cohen: 3/10 → 1/4
2026-02-26T20:56:39.479Z [EVENT] (serving: Arjun Prabhakar)  game: 0-40
2026-02-26T20:57:11.500Z [ODDS] (serving: Zachary Cohen)  Arjun Prabhakar: 11/4 → 3/1, Zachary Cohen: 1/4 → 2/9
2026-02-26T20:57:11.500Z [EVENT] (serving: Zachary Cohen)  sets: 0-4, game: 0-0, serving: P2
2026-02-26T20:57:48.481Z [ODDS] (serving: Zachary Cohen)  Arjun Prabhakar: 3/1 → 11/4, Zachary Cohen: 2/9 → 1/4
2026-02-26T20:57:48.481Z [EVENT] (serving: Zachary Cohen)  game: 15-0
2026-02-26T20:58:02.914Z [ODDS] (serving: Zachary Cohen)  Arjun Prabhakar: 11/4 → 5/2, Zachary Cohen: 1/4 → 2/7
2026-02-26T20:58:02.914Z [EVENT] (serving: Zachary Cohen)  game: 30-0
2026-02-26T20:58:57.940Z [ODDS] (serving: Zachary Cohen)  Arjun Prabhakar: 5/2 → 12/5, Zachary Cohen: 2/7 → 3/10
2026-02-26T20:58:57.941Z [EVENT] (serving: Zachary Cohen)  game: 40-0
2026-02-26T20:59:36.727Z [ODDS] (serving: Zachary Cohen)  Arjun Prabhakar: 12/5 → 5/2, Zachary Cohen: 3/10 → 2/7
2026-02-26T20:59:36.727Z [EVENT] (serving: Zachary Cohen)  game: 40-15
2026-02-26T21:00:10.551Z [EVENT] (serving: Zachary Cohen)  game: 40-30
2026-02-26T21:00:36.270Z [ODDS] (serving: Zachary Cohen)  Arjun Prabhakar: 5/2 → 11/4, Zachary Cohen: 2/7 → 1/4
2026-02-26T21:00:36.272Z [EVENT] (serving: Zachary Cohen)  game: 40-40
2026-02-26T21:01:19.144Z [ODDS] (serving: Zachary Cohen)  Arjun Prabhakar: 11/4 → 5/2, Zachary Cohen: 1/4 → 2/7
2026-02-26T21:01:19.146Z [EVENT] (serving: Zachary Cohen)  game: A-40
2026-02-26T21:01:41.207Z [ODDS] (serving: Zachary Cohen)  Arjun Prabhakar: 5/2 → 11/4, Zachary Cohen: 2/7 → 1/4
2026-02-26T21:01:41.208Z [EVENT] (serving: Zachary Cohen)  game: 40-40
2026-02-26T21:02:01.505Z [ODDS] (serving: Zachary Cohen)  Arjun Prabhakar: 11/4 → 5/2, Zachary Cohen: 1/4 → 2/7
2026-02-26T21:02:01.505Z [EVENT] (serving: Zachary Cohen)  game: A-40
2026-02-26T21:02:29.014Z [ODDS] (serving: Zachary Cohen)  Arjun Prabhakar: 5/2 → 11/4, Zachary Cohen: 2/7 → 1/4
2026-02-26T21:02:29.015Z [EVENT] (serving: Zachary Cohen)  game: 40-40
2026-02-26T21:02:56.542Z [EVENT] (serving: Zachary Cohen)  game: 40-A
2026-02-26T21:03:20.885Z [ODDS] (serving: Arjun Prabhakar)  Arjun Prabhakar: 11/4 → 3/1, Zachary Cohen: 1/4 → 2/9
2026-02-26T21:03:20.885Z [EVENT] (serving: Arjun Prabhakar)  sets: 0-5, game: 0-0, serving: P1
2026-02-26T21:05:13.632Z [ODDS] (serving: Arjun Prabhakar)  Arjun Prabhakar: 3/1 → 10/3, Zachary Cohen: 2/9 → 1/5
2026-02-26T21:05:13.632Z [EVENT] (serving: Arjun Prabhakar)  game: 0-15
2026-02-26T21:05:44.306Z [ODDS] (serving: Arjun Prabhakar)  Arjun Prabhakar: 10/3 → 7/2, Zachary Cohen: 1/5 → 2/11
2026-02-26T21:05:44.307Z [EVENT] (serving: Arjun Prabhakar)  game: 0-30
2026-02-26T21:06:12.348Z [ODDS] (serving: Arjun Prabhakar)  Arjun Prabhakar: 7/2 → 10/3, Zachary Cohen: 2/11 → 1/5
2026-02-26T21:06:12.348Z [EVENT] (serving: Arjun Prabhakar)  game: 15-30
2026-02-26T21:06:39.774Z [ODDS] (serving: Arjun Prabhakar)  Arjun Prabhakar: 10/3 → 7/2, Zachary Cohen: 1/5 → 2/11
2026-02-26T21:06:39.774Z [EVENT] (serving: Arjun Prabhakar)  game: 15-40
2026-02-26T21:07:04.131Z [ODDS] (serving: Arjun Prabhakar)  Arjun Prabhakar: 7/2 → 10/3, Zachary Cohen: 2/11 → 1/5
2026-02-26T21:07:04.131Z [EVENT] (serving: Arjun Prabhakar)  game: 30-40
2026-02-26T21:07:42.015Z [EVENT] (serving: Arjun Prabhakar)  game: 40-40
2026-02-26T21:08:08.029Z [ODDS] (serving: Arjun Prabhakar)  Arjun Prabhakar: 10/3 → 3/1, Zachary Cohen: 1/5 → 2/9
2026-02-26T21:08:08.031Z [EVENT] (serving: Arjun Prabhakar)  game: A-40
2026-02-26T21:08:35.532Z [ODDS] (serving: Arjun Prabhakar)  Arjun Prabhakar: 3/1 → 10/3, Zachary Cohen: 2/9 → 1/5
2026-02-26T21:08:35.532Z [EVENT] (serving: Arjun Prabhakar)  game: 40-40
2026-02-26T21:09:13.867Z [ODDS] (serving: Arjun Prabhakar)  Arjun Prabhakar: 10/3 → 7/2, Zachary Cohen: 1/5 → 2/11
2026-02-26T21:09:13.868Z [EVENT] (serving: Arjun Prabhakar)  game: 40-A
2026-02-26T21:09:54.909Z [ODDS] (serving: Arjun Prabhakar)  Arjun Prabhakar: 7/2 → 10/3, Zachary Cohen: 2/11 → 1/5
2026-02-26T21:09:54.909Z [EVENT] (serving: Arjun Prabhakar)  game: 40-40
2026-02-26T21:10:38.231Z [ODDS] (serving: Arjun Prabhakar)  Arjun Prabhakar: 10/3 → 7/2, Zachary Cohen: 1/5 → 2/11
2026-02-26T21:10:38.232Z [EVENT] (serving: Arjun Prabhakar)  game: 40-A
2026-02-26T21:10:57.156Z [ODDS] (serving: Arjun Prabhakar)  Arjun Prabhakar: 7/2 → 10/3, Zachary Cohen: 2/11 → 1/5
2026-02-26T21:10:57.157Z [EVENT] (serving: Arjun Prabhakar)  game: 40-40
2026-02-26T21:11:49.470Z [EVENT] (serving: Arjun Prabhakar)  game: A-40
2026-02-26T21:12:22.838Z [ODDS] (serving: Zachary Cohen)  Arjun Prabhakar: 10/3 → 3/1, Zachary Cohen: 1/5 → 2/9
2026-02-26T21:12:22.838Z [EVENT] (serving: Zachary Cohen)  sets: 1-5, game: 0-0, serving: P2
2026-02-26T21:13:13.800Z [ODDS] (serving: Zachary Cohen)  Arjun Prabhakar: 3/1 → 11/4, Zachary Cohen: 2/9 → 1/4
2026-02-26T21:13:13.800Z [EVENT] (serving: Zachary Cohen)  game: 15-0
2026-02-26T21:13:47.176Z [EVENT] (serving: Zachary Cohen)  game: 30-0
2026-02-26T21:14:10.192Z [ODDS] (serving: Zachary Cohen)  Arjun Prabhakar: 11/4 → 5/2, Zachary Cohen: 1/4 → 2/7
2026-02-26T21:14:10.192Z [EVENT] (serving: Zachary Cohen)  game: 40-0
2026-02-26T21:14:25.068Z [ODDS] (serving: Arjun Prabhakar)  Arjun Prabhakar: 5/2 → 12/5, Zachary Cohen: 2/7 → 3/10
2026-02-26T21:14:25.068Z [EVENT] (serving: Arjun Prabhakar)  sets: 2-5, game: 0-0, serving: P1
2026-02-26T21:16:34.052Z [ODDS] (serving: Arjun Prabhakar)  Arjun Prabhakar: 12/5 → 5/2, Zachary Cohen: 3/10 → 2/7
2026-02-26T21:16:34.052Z [EVENT] (serving: Arjun Prabhakar)  game: 0-15
2026-02-26T21:16:54.350Z [ODDS] (serving: Arjun Prabhakar)  Arjun Prabhakar: 5/2 → 11/4, Zachary Cohen: 2/7 → 1/4
2026-02-26T21:16:54.350Z [EVENT] (serving: Arjun Prabhakar)  game: 0-30
2026-02-26T21:17:32.234Z [ODDS] (serving: Arjun Prabhakar)  Arjun Prabhakar: 11/4 → 3/1, Zachary Cohen: 1/4 → 2/9
2026-02-26T21:17:32.234Z [EVENT] (serving: Arjun Prabhakar)  game: 0-40
2026-02-26T21:17:59.290Z [ODDS] (serving: Arjun Prabhakar)  Arjun Prabhakar: 3/1 → 11/4, Zachary Cohen: 2/9 → 1/4
2026-02-26T21:17:59.290Z [EVENT] (serving: Arjun Prabhakar)  game: 15-40
2026-02-26T21:19:23.183Z [ODDS] (serving: Zachary Cohen)  Arjun Prabhakar: 11/4 → 10/3, Zachary Cohen: 1/4 → 1/5
2026-02-26T21:19:23.183Z [EVENT] (serving: Zachary Cohen)  sets: 2-6,0-0, game: 0-0, serving: P2
2026-02-26T21:20:51.140Z [ODDS] (serving: Zachary Cohen)  Arjun Prabhakar: 10/3 → 4/1, Zachary Cohen: 1/5 → 1/6
2026-02-26T21:20:51.141Z [EVENT] (serving: Zachary Cohen)  game: 0-15
2026-02-26T21:21:31.272Z [ODDS] (serving: Zachary Cohen)  Arjun Prabhakar: 4/1 → 10/3, Zachary Cohen: 1/6 → 1/5
2026-02-26T21:21:31.272Z [EVENT] (serving: Zachary Cohen)  game: 15-15
2026-02-26T21:21:55.169Z [ODDS] (serving: Zachary Cohen)  Arjun Prabhakar: 10/3 → 11/4, Zachary Cohen: 1/5 → 1/4
2026-02-26T21:21:55.169Z [EVENT] (serving: Zachary Cohen)  game: 30-15
2026-02-26T21:22:21.780Z [ODDS] (serving: Zachary Cohen)  Arjun Prabhakar: 11/4 → 5/2, Zachary Cohen: 1/4 → 2/7
2026-02-26T21:22:48.838Z [ODDS] (serving: Zachary Cohen)  Arjun Prabhakar: 5/2 → 9/4, Zachary Cohen: 2/7 → 1/3
2026-02-26T21:22:48.838Z [EVENT] (serving: Zachary Cohen)  game: 40-15
2026-02-26T21:23:17.251Z [ODDS] (serving: Arjun Prabhakar)  Arjun Prabhakar: 9/4 → 7/4, Zachary Cohen: 1/3 → 2/5
2026-02-26T21:23:17.251Z [EVENT] (serving: Arjun Prabhakar)  sets: 2-6,1-0, game: 0-0, serving: P1
2026-02-26T21:25:18.138Z [ODDS] (serving: Arjun Prabhakar)  Arjun Prabhakar: 7/4 → 9/4, Zachary Cohen: 2/5 → 1/3
2026-02-26T21:25:18.138Z [EVENT] (serving: Arjun Prabhakar)  game: 0-15
2026-02-26T21:25:47.004Z [ODDS] (serving: Arjun Prabhakar)  Arjun Prabhakar: 9/4 → 7/4, Zachary Cohen: 1/3 → 2/5
2026-02-26T21:25:47.004Z [EVENT] (serving: Arjun Prabhakar)  game: 15-15
2026-02-26T21:26:07.315Z [ODDS] (serving: Arjun Prabhakar)  Arjun Prabhakar: 7/4 → 2/1, Zachary Cohen: 2/5 → 4/11
2026-02-26T21:26:43.389Z [ODDS] (serving: Arjun Prabhakar)  Arjun Prabhakar: 2/1 → 9/4, Zachary Cohen: 4/11 → 1/3
2026-02-26T21:26:43.389Z [EVENT] (serving: Arjun Prabhakar)  game: 15-30
2026-02-26T21:27:34.348Z [ODDS] (serving: Arjun Prabhakar)  Arjun Prabhakar: 9/4 → 2/1, Zachary Cohen: 1/3 → 4/11
2026-02-26T21:27:34.348Z [EVENT] (serving: Arjun Prabhakar)  game: 30-30
2026-02-26T21:28:47.404Z [ODDS] (serving: Arjun Prabhakar)  Arjun Prabhakar: 2/1 → 13/8, Zachary Cohen: 4/11 → 4/9
2026-02-26T21:28:47.404Z [EVENT] (serving: Arjun Prabhakar)  game: 40-30
2026-02-26T21:29:32.507Z [ODDS] (serving: Arjun Prabhakar)  Arjun Prabhakar: 13/8 → 2/1, Zachary Cohen: 4/9 → 4/11
2026-02-26T21:29:32.507Z [EVENT] (serving: Arjun Prabhakar)  game: 40-40
2026-02-26T21:30:59.550Z [ODDS] (serving: Arjun Prabhakar)  Arjun Prabhakar: 2/1 → 12/5, Zachary Cohen: 4/11 → 3/10
2026-02-26T21:30:59.550Z [EVENT] (serving: Arjun Prabhakar)  game: 40-A
2026-02-26T21:31:34.732Z [ODDS] (serving: Arjun Prabhakar)  Arjun Prabhakar: 12/5 → 5/2, Zachary Cohen: 3/10 → 2/7
2026-02-26T21:32:04.054Z [ODDS] (serving: Arjun Prabhakar)  Arjun Prabhakar: 5/2 → 2/1, Zachary Cohen: 2/7 → 4/11
2026-02-26T21:32:04.054Z [EVENT] (serving: Arjun Prabhakar)  game: 40-40
2026-02-26T21:34:45.098Z [ODDS] (serving: Arjun Prabhakar)  Arjun Prabhakar: 2/1 → 13/8, Zachary Cohen: 4/11 → 4/9
2026-02-26T21:34:45.099Z [EVENT] (serving: Arjun Prabhakar)  game: A-40
2026-02-26T21:35:22.489Z [ODDS] (serving: Arjun Prabhakar)  Arjun Prabhakar: 13/8 → 2/1, Zachary Cohen: 4/9 → 4/11
2026-02-26T21:35:22.490Z [EVENT] (serving: Arjun Prabhakar)  game: 40-40
2026-02-26T21:36:13.003Z [ODDS] (serving: Arjun Prabhakar)  Arjun Prabhakar: 2/1 → 5/2, Zachary Cohen: 4/11 → 2/7
2026-02-26T21:36:13.003Z [EVENT] (serving: Arjun Prabhakar)  game: 40-A
2026-02-26T21:36:40.974Z [ODDS] (serving: Arjun Prabhakar)  Arjun Prabhakar: 5/2 → 2/1, Zachary Cohen: 2/7 → 4/11
2026-02-26T21:36:40.974Z [EVENT] (serving: Arjun Prabhakar)  game: 40-40
2026-02-26T21:37:20.653Z [ODDS] (serving: Arjun Prabhakar)  Arjun Prabhakar: 2/1 → 9/4, Zachary Cohen: 4/11 → 1/3
2026-02-26T21:37:54.940Z [ODDS] (serving: Arjun Prabhakar)  Arjun Prabhakar: 9/4 → 5/2, Zachary Cohen: 1/3 → 2/7
2026-02-26T21:37:54.940Z [EVENT] (serving: Arjun Prabhakar)  game: 40-A
2026-02-26T21:38:30.872Z [ODDS] (serving: Zachary Cohen)  Arjun Prabhakar: 5/2 → 10/3, Zachary Cohen: 2/7 → 1/5
2026-02-26T21:38:30.872Z [EVENT] (serving: Zachary Cohen)  sets: 2-6,1-1, game: 0-0, serving: P2
2026-02-26T21:39:24.997Z [ODDS] (serving: Zachary Cohen)  Arjun Prabhakar: 10/3 → 7/2, Zachary Cohen: 1/5 → 2/11
2026-02-26T21:39:25.002Z [EVENT] (serving: Zachary Cohen)  game: 0-15
2026-02-26T21:39:53.406Z [ODDS] (serving: Zachary Cohen)  Arjun Prabhakar: 7/2 → 3/1, Zachary Cohen: 2/11 → 2/9
2026-02-26T21:39:53.406Z [EVENT] (serving: Zachary Cohen)  game: 15-15
2026-02-26T21:40:40.310Z [ODDS] (serving: Zachary Cohen)  Arjun Prabhakar: 3/1 → 5/2, Zachary Cohen: 2/9 → 2/7
2026-02-26T21:40:40.310Z [EVENT] (serving: Zachary Cohen)  game: 30-15
2026-02-26T21:41:29.472Z [ODDS] (serving: Zachary Cohen)  Arjun Prabhakar: 5/2 → 3/1, Zachary Cohen: 2/7 → 2/9
2026-02-26T21:41:29.472Z [EVENT] (serving: Zachary Cohen)  game: 30-30
2026-02-26T21:42:35.779Z [ODDS] (serving: Zachary Cohen)  Arjun Prabhakar: 3/1 → 7/2, Zachary Cohen: 2/9 → 2/11
2026-02-26T21:42:35.780Z [EVENT] (serving: Zachary Cohen)  game: 30-40
2026-02-26T21:43:13.205Z [ODDS] (serving: Zachary Cohen)  Arjun Prabhakar: 7/2 → 3/1, Zachary Cohen: 2/11 → 2/9
2026-02-26T21:43:13.205Z [EVENT] (serving: Zachary Cohen)  game: 40-40
2026-02-26T21:43:36.205Z [ODDS] (serving: Zachary Cohen)  Arjun Prabhakar: 3/1 → 11/4, Zachary Cohen: 2/9 → 1/4
2026-02-26T21:43:43.895Z [ODDS] (serving: Zachary Cohen)  Arjun Prabhakar: 11/4 → 12/5, Zachary Cohen: 1/4 → 3/10
2026-02-26T21:43:43.895Z [EVENT] (serving: Zachary Cohen)  game: A-40
2026-02-26T21:44:16.792Z [ODDS] (serving: Arjun Prabhakar)  Arjun Prabhakar: 12/5 → 7/4, Zachary Cohen: 3/10 → 2/5
2026-02-26T21:44:16.792Z [EVENT] (serving: Arjun Prabhakar)  sets: 2-6,2-1, game: 0-0, serving: P1
2026-02-26T21:46:11.803Z [ODDS] (serving: Arjun Prabhakar)  Arjun Prabhakar: 7/4 → 9/4, Zachary Cohen: 2/5 → 1/3
2026-02-26T21:46:11.803Z [EVENT] (serving: Arjun Prabhakar)  game: 0-15
2026-02-26T21:46:41.128Z [ODDS] (serving: Arjun Prabhakar)  Arjun Prabhakar: 9/4 → 7/4, Zachary Cohen: 1/3 → 2/5
2026-02-26T21:46:41.129Z [EVENT] (serving: Arjun Prabhakar)  game: 15-15
2026-02-26T21:47:38.396Z [ODDS] (serving: Arjun Prabhakar)  Arjun Prabhakar: 7/4 → 13/8, Zachary Cohen: 2/5 → 4/9
2026-02-26T21:47:38.396Z [EVENT] (serving: Arjun Prabhakar)  game: 30-15
2026-02-26T21:48:20.790Z [ODDS] (serving: Arjun Prabhakar)  Arjun Prabhakar: 13/8 → 11/8, Zachary Cohen: 4/9 → 8/15
2026-02-26T21:48:20.791Z [EVENT] (serving: Arjun Prabhakar)  game: 40-15
2026-02-26T21:48:58.225Z [ODDS] (serving: Arjun Prabhakar)  Arjun Prabhakar: 11/8 → 13/8, Zachary Cohen: 8/15 → 4/9
2026-02-26T21:48:58.225Z [EVENT] (serving: Arjun Prabhakar)  game: 40-30
2026-02-26T21:49:36.123Z [ODDS] (serving: Arjun Prabhakar)  Arjun Prabhakar: 13/8 → 7/4, Zachary Cohen: 4/9 → 2/5
2026-02-26T21:49:36.123Z [EVENT] (serving: Arjun Prabhakar)  game: 40-40
2026-02-26T21:50:13.554Z [ODDS] (serving: Arjun Prabhakar)  Arjun Prabhakar: 7/4 → 12/5, Zachary Cohen: 2/5 → 3/10
2026-02-26T21:50:13.554Z [EVENT] (serving: Arjun Prabhakar)  game: 40-A
2026-02-26T21:50:47.821Z [ODDS] (serving: Zachary Cohen)  Arjun Prabhakar: 12/5 → 3/1, Zachary Cohen: 3/10 → 2/9
2026-02-26T21:50:47.822Z [EVENT] (serving: Zachary Cohen)  sets: 2-6,2-2, game: 0-0, serving: P2
2026-02-26T21:51:13.977Z [ODDS] (serving: Zachary Cohen)  Arjun Prabhakar: 3/1 → 5/2, Zachary Cohen: 2/9 → 2/7
2026-02-26T21:51:13.977Z [EVENT] (serving: Zachary Cohen)  game: 15-0
2026-02-26T21:51:36.532Z [ODDS] (serving: Zachary Cohen)  Arjun Prabhakar: 5/2 → 9/4, Zachary Cohen: 2/7 → 1/3
2026-02-26T21:51:36.532Z [EVENT] (serving: Zachary Cohen)  game: 30-0
2026-02-26T21:51:59.971Z [ODDS] (serving: Zachary Cohen)  Arjun Prabhakar: 9/4 → 5/2, Zachary Cohen: 1/3 → 2/7
2026-02-26T21:51:59.971Z [EVENT] (serving: Zachary Cohen)  game: 30-15
2026-02-26T21:52:39.197Z [ODDS] (serving: Zachary Cohen)  Arjun Prabhakar: 5/2 → 2/1, Zachary Cohen: 2/7 → 4/11
2026-02-26T21:52:39.204Z [EVENT] (serving: Zachary Cohen)  game: 40-15
2026-02-26T21:53:06.699Z [ODDS] (serving: Zachary Cohen)  Arjun Prabhakar: 2/1 → 12/5, Zachary Cohen: 4/11 → 3/10
2026-02-26T21:53:06.699Z [EVENT] (serving: Zachary Cohen)  game: 40-30
2026-02-26T21:53:37.491Z [ODDS] (serving: Arjun Prabhakar)  Arjun Prabhakar: 12/5 → 13/8, Zachary Cohen: 3/10 → 4/9
2026-02-26T21:53:37.491Z [EVENT] (serving: Arjun Prabhakar)  sets: 2-6,3-2, game: 0-0, serving: P1
2026-02-26T21:55:56.848Z [ODDS] (serving: Arjun Prabhakar)  Arjun Prabhakar: 13/8 → 6/4, Zachary Cohen: 4/9 → 1/2
2026-02-26T21:55:56.848Z [EVENT] (serving: Arjun Prabhakar)  game: 15-0
2026-02-26T21:56:52.779Z [ODDS] (serving: Arjun Prabhakar)  Arjun Prabhakar: 6/4 → 13/8, Zachary Cohen: 1/2 → 4/9
2026-02-26T21:56:52.779Z [EVENT] (serving: Arjun Prabhakar)  game: 15-15
2026-02-26T21:57:40.129Z [ODDS] (serving: Arjun Prabhakar)  Arjun Prabhakar: 13/8 → 9/4, Zachary Cohen: 4/9 → 1/3
2026-02-26T21:57:40.129Z [EVENT] (serving: Arjun Prabhakar)  game: 15-30
2026-02-26T21:58:15.760Z [ODDS] (serving: Arjun Prabhakar)  Arjun Prabhakar: 9/4 → 11/4, Zachary Cohen: 1/3 → 1/4
2026-02-26T21:58:15.760Z [EVENT] (serving: Arjun Prabhakar)  game: 15-40
2026-02-26T21:58:49.590Z [ODDS] (serving: Zachary Cohen)  Arjun Prabhakar: 11/4 → 3/1, Zachary Cohen: 1/4 → 2/9
2026-02-26T21:58:49.590Z [EVENT] (serving: Zachary Cohen)  sets: 2-6,3-3, game: 0-0, serving: P2
2026-02-26T21:59:31.542Z [ODDS] (serving: Zachary Cohen)  Arjun Prabhakar: 3/1 → 5/2, Zachary Cohen: 2/9 → 2/7
2026-02-26T21:59:31.543Z [EVENT] (serving: Zachary Cohen)  game: 15-0
2026-02-26T22:00:12.575Z [ODDS] (serving: Zachary Cohen)  Arjun Prabhakar: 5/2 → 2/1, Zachary Cohen: 2/7 → 4/11
2026-02-26T22:00:12.575Z [EVENT] (serving: Zachary Cohen)  game: 30-0
2026-02-26T22:00:34.674Z [ODDS] (serving: Zachary Cohen)  Arjun Prabhakar: 2/1 → 13/8, Zachary Cohen: 4/11 → 4/9
2026-02-26T22:00:34.674Z [EVENT] (serving: Zachary Cohen)  game: 40-0
2026-02-26T22:00:54.966Z [ODDS] (serving: Arjun Prabhakar)  Arjun Prabhakar: 13/8 → 6/4, Zachary Cohen: 4/9 → 1/2
2026-02-26T22:00:54.966Z [EVENT] (serving: Arjun Prabhakar)  sets: 2-6,4-3, game: 0-0, serving: P1
2026-02-26T22:03:49.060Z [ODDS] (serving: Arjun Prabhakar)  Arjun Prabhakar: 6/4 → 7/4, Zachary Cohen: 1/2 → 2/5
2026-02-26T22:03:49.060Z [EVENT] (serving: Arjun Prabhakar)  game: 0-15
2026-02-26T22:04:23.345Z [ODDS] (serving: Arjun Prabhakar)  Arjun Prabhakar: 7/4 → 6/4, Zachary Cohen: 2/5 → 1/2
2026-02-26T22:04:23.345Z [EVENT] (serving: Arjun Prabhakar)  game: 15-15
2026-02-26T22:05:23.769Z [ODDS] (serving: Arjun Prabhakar)  Arjun Prabhakar: 6/4 → 7/4, Zachary Cohen: 1/2 → 2/5
2026-02-26T22:05:23.769Z [EVENT] (serving: Arjun Prabhakar)  game: 15-30
2026-02-26T22:05:45.419Z [ODDS] (serving: Arjun Prabhakar)  Arjun Prabhakar: 7/4 → 12/5, Zachary Cohen: 2/5 → 3/10
2026-02-26T22:05:45.419Z [EVENT] (serving: Arjun Prabhakar)  game: 15-40
2026-02-26T22:06:05.712Z [ODDS] (serving: Zachary Cohen)  Arjun Prabhakar: 12/5 → 11/4, Zachary Cohen: 3/10 → 1/4
2026-02-26T22:06:05.712Z [EVENT] (serving: Zachary Cohen)  sets: 2-6,4-4, game: 0-0, serving: P2
2026-02-26T22:06:33.674Z [ODDS] (serving: Zachary Cohen)  Arjun Prabhakar: 11/4 → 7/2, Zachary Cohen: 1/4 → 2/11
2026-02-26T22:06:33.674Z [EVENT] (serving: Zachary Cohen)  game: 0-15
2026-02-26T22:07:20.126Z [ODDS] (serving: Zachary Cohen)  Arjun Prabhakar: 7/2 → 5/1, Zachary Cohen: 2/11 → 1/8
2026-02-26T22:07:20.126Z [EVENT] (serving: Zachary Cohen)  game: 0-30
2026-02-26T22:07:48.539Z [ODDS] (serving: Zachary Cohen)  Arjun Prabhakar: 5/1 → 6/1, Zachary Cohen: 1/8 → 1/10
2026-02-26T22:07:48.540Z [EVENT] (serving: Zachary Cohen)  game: 0-40
2026-02-26T22:08:16.326Z [ODDS] (serving: Arjun Prabhakar)  Arjun Prabhakar: 6/1 → 7/1, Zachary Cohen: 1/10 → 1/12
2026-02-26T22:08:16.327Z [EVENT] (serving: Arjun Prabhakar)  sets: 2-6,4-5, game: 0-0, serving: P1
2026-02-26T22:09:59.865Z [ODDS] (serving: Arjun Prabhakar)  Arjun Prabhakar: 7/1 → 10/1, Zachary Cohen: 1/12 → 1/20
2026-02-26T22:09:59.865Z [EVENT] (serving: Arjun Prabhakar)  game: 0-15
2026-02-26T22:10:33.239Z [ODDS] (serving: Arjun Prabhakar)  Arjun Prabhakar: 10/1 → 16/1, Zachary Cohen: 1/20 → 1/40
2026-02-26T22:10:33.239Z [EVENT] (serving: Arjun Prabhakar)  game: 0-30
2026-02-26T22:10:49.475Z [ODDS] (serving: Arjun Prabhakar)  Arjun Prabhakar: 16/1 → 18/1, Zachary Cohen: 1/40 → 1/50
2026-02-26T22:11:06.177Z [ODDS] (serving: Arjun Prabhakar)  Arjun Prabhakar: 18/1 → 33/1, Zachary Cohen: 1/50 → 1/200
2026-02-26T22:11:06.177Z [EVENT] (serving: Arjun Prabhakar)  game: 0-40
2026-02-26T22:11:52.628Z [ODDS] (serving: Arjun Prabhakar)  Arjun Prabhakar: 33/1 → 20/1, Zachary Cohen: 1/200 → 1/66
2026-02-26T22:11:52.628Z [EVENT] (serving: Arjun Prabhakar)  game: 15-40
2026-02-26T22:12:21.479Z [ODDS] (serving: Arjun Prabhakar)  Arjun Prabhakar: 20/1 → 12/1, Zachary Cohen: 1/66 → 1/25
2026-02-26T22:12:21.479Z [EVENT] (serving: Arjun Prabhakar)  game: 30-40
2026-02-26T22:12:50.801Z [ODDS] (serving: Arjun Prabhakar)  Arjun Prabhakar: 12/1 → 7/1, Zachary Cohen: 1/25 → 1/12
2026-02-26T22:12:50.801Z [EVENT] (serving: Arjun Prabhakar)  game: 40-40
2026-02-26T22:13:47.235Z [ODDS] (serving: Arjun Prabhakar)  Arjun Prabhakar: 7/1 → 9/2, Zachary Cohen: 1/12 → 1/7
2026-02-26T22:13:47.235Z [EVENT] (serving: Arjun Prabhakar)  game: A-40
2026-02-26T22:14:31.370Z [ODDS] (serving: Arjun Prabhakar)  Arjun Prabhakar: 9/2 → 7/1, Zachary Cohen: 1/7 → 1/12
2026-02-26T22:14:31.370Z [EVENT] (serving: Arjun Prabhakar)  game: 40-40
2026-02-26T22:15:08.351Z [ODDS] (serving: Arjun Prabhakar)  Arjun Prabhakar: 7/1 → 14/1, Zachary Cohen: 1/12 → 1/33
2026-02-26T22:15:08.351Z [EVENT] (serving: Arjun Prabhakar)  game: 40-A
2026-02-26T22:16:05.629Z [ODDS] (serving: Arjun Prabhakar)  Arjun Prabhakar: 14/1 → 0/0, Zachary Cohen: 1/33 → 0/0
2026-02-26T22:16:05.630Z [EVENT] (serving: Arjun Prabhakar)  sets: 2-6,4-6, game: 0-0
