2026-02-27T02:11:41.078Z [ODDS] (serving: Enzo Aguiard)  Enzo Aguiard: 4/5 → 3/4, Keisuke Saitoh: 19/20 → 1/1
2026-02-27T02:11:41.078Z [EVENT] (serving: Enzo Aguiard)  game: 15-0
2026-02-27T02:11:41.980Z [ODDS] (serving: Enzo Aguiard)  Enzo Aguiard: 3/4 → 4/5, Keisuke Saitoh: 1/1 → 19/20
2026-02-27T02:11:41.981Z [EVENT] (serving: Enzo Aguiard)  game: 15-15
2026-02-27T02:11:42.882Z [ODDS] (serving: Enzo Aguiard)  Enzo Aguiard: 4/5 → 19/20, Keisuke Saitoh: 19/20 → 4/5
2026-02-27T02:11:42.882Z [EVENT] (serving: Enzo Aguiard)  game: 15-30
2026-02-27T02:11:45.137Z [ODDS] (serving: Enzo Aguiard)  Enzo Aguiard: 19/20 → 4/5, Keisuke Saitoh: 4/5 → 19/20
2026-02-27T02:11:45.137Z [EVENT] (serving: Enzo Aguiard)  game: 30-30
2026-02-27T02:11:46.490Z [ODDS] (serving: Enzo Aguiard)  Enzo Aguiard: 4/5 → 3/4, Keisuke Saitoh: 19/20 → 1/1
2026-02-27T02:11:46.490Z [EVENT] (serving: Enzo Aguiard)  game: 40-30
2026-02-27T02:11:48.295Z [ODDS] (serving: Keisuke Saitoh)  Enzo Aguiard: 3/4 → 7/10, Keisuke Saitoh: 1/1 → 21/20
2026-02-27T02:11:48.295Z [EVENT] (serving: Keisuke Saitoh)  sets: 1-0, game: 0-0, serving: P2
2026-02-27T02:11:55.059Z [ODDS] (serving: Keisuke Saitoh)  Enzo Aguiard: 7/10 → 3/4, Keisuke Saitoh: 21/20 → 1/1
2026-02-27T02:11:55.059Z [EVENT] (serving: Keisuke Saitoh)  game: 0-15
2026-02-27T02:11:55.976Z [ODDS] (serving: Keisuke Saitoh)  Enzo Aguiard: 3/4 → 4/6, Keisuke Saitoh: 1/1 → 11/10
2026-02-27T02:11:55.976Z [EVENT] (serving: Keisuke Saitoh)  game: 15-15
2026-02-27T02:14:50.504Z [ODDS] (serving: Keisuke Saitoh)  Enzo Aguiard: 4/6 → 4/7, Keisuke Saitoh: 11/10 → 5/4
2026-02-27T02:14:50.504Z [EVENT] (serving: Keisuke Saitoh)  game: 30-15
2026-02-27T02:14:56.817Z [ODDS] (serving: Keisuke Saitoh)  Enzo Aguiard: 4/7 → 1/2, Keisuke Saitoh: 5/4 → 6/4
2026-02-27T02:14:56.817Z [EVENT] (serving: Keisuke Saitoh)  game: 40-15
2026-02-27T02:14:58.622Z [ODDS] (serving: Keisuke Saitoh)  Enzo Aguiard: 1/2 → 8/15, Keisuke Saitoh: 6/4 → 11/8
2026-02-27T02:14:58.622Z [EVENT] (serving: Keisuke Saitoh)  game: 40-30
2026-02-27T02:15:00.425Z [ODDS] (serving: Enzo Aguiard)  Enzo Aguiard: 8/15 → 4/9, Keisuke Saitoh: 11/8 → 13/8
2026-02-27T02:15:00.425Z [EVENT] (serving: Enzo Aguiard)  sets: 2-0, game: 0-0, serving: P1
2026-02-27T02:15:04.935Z [ODDS] (serving: Enzo Aguiard)  Enzo Aguiard: 4/9 → 2/5, Keisuke Saitoh: 13/8 → 7/4
2026-02-27T02:15:04.935Z [EVENT] (serving: Enzo Aguiard)  game: 15-0
2026-02-27T02:15:06.288Z [ODDS] (serving: Enzo Aguiard)  Enzo Aguiard: 2/5 → 4/9, Keisuke Saitoh: 7/4 → 13/8
2026-02-27T02:15:06.289Z [EVENT] (serving: Enzo Aguiard)  game: 15-15
2026-02-27T02:16:16.645Z [ODDS] (serving: Enzo Aguiard)  Enzo Aguiard: 4/9 → 2/5, Keisuke Saitoh: 13/8 → 7/4
2026-02-27T02:16:16.645Z [EVENT] (serving: Enzo Aguiard)  game: 30-15
2026-02-27T02:16:18.449Z [ODDS] (serving: Enzo Aguiard)  Enzo Aguiard: 2/5 → 4/9, Keisuke Saitoh: 7/4 → 13/8
2026-02-27T02:16:18.449Z [EVENT] (serving: Enzo Aguiard)  game: 30-30
2026-02-27T02:16:43.255Z [ODDS] (serving: Enzo Aguiard)  Enzo Aguiard: 4/9 → 8/15, Keisuke Saitoh: 13/8 → 11/8
2026-02-27T02:16:43.255Z [EVENT] (serving: Enzo Aguiard)  game: 30-40
2026-02-27T02:17:08.058Z [ODDS] (serving: Enzo Aguiard)  Enzo Aguiard: 8/15 → 4/9, Keisuke Saitoh: 11/8 → 13/8
2026-02-27T02:17:08.058Z [EVENT] (serving: Enzo Aguiard)  game: 40-40
2026-02-27T02:18:20.218Z [ODDS] (serving: Enzo Aguiard)  Enzo Aguiard: 4/9 → 2/5, Keisuke Saitoh: 13/8 → 7/4
2026-02-27T02:18:20.218Z [EVENT] (serving: Enzo Aguiard)  game: A-40
2026-02-27T02:18:32.394Z [ODDS] (serving: Keisuke Saitoh)  Enzo Aguiard: 2/5 → 4/11, Keisuke Saitoh: 7/4 → 2/1
2026-02-27T02:18:32.394Z [EVENT] (serving: Keisuke Saitoh)  sets: 3-0, game: 0-0, serving: P2
2026-02-27T02:19:53.578Z [ODDS] (serving: Keisuke Saitoh)  Enzo Aguiard: 4/11 → 2/5, Keisuke Saitoh: 2/1 → 7/4
2026-02-27T02:19:53.578Z [EVENT] (serving: Keisuke Saitoh)  game: 0-15
2026-02-27T02:20:32.364Z [ODDS] (serving: Keisuke Saitoh)  Enzo Aguiard: 2/5 → 4/9, Keisuke Saitoh: 7/4 → 13/8
2026-02-27T02:20:32.365Z [EVENT] (serving: Keisuke Saitoh)  game: 0-30
2026-02-27T02:21:11.603Z [EVENT] (serving: Keisuke Saitoh)  game: 0-40
2026-02-27T02:21:50.391Z [EVENT] (serving: Keisuke Saitoh)  game: 15-40
2026-02-27T02:22:17.453Z [ODDS] (serving: Keisuke Saitoh)  Enzo Aguiard: 4/9 → 2/5, Keisuke Saitoh: 13/8 → 7/4
2026-02-27T02:22:17.453Z [EVENT] (serving: Keisuke Saitoh)  game: 30-40
2026-02-27T02:22:57.593Z [EVENT] (serving: Enzo Aguiard)  sets: 3-1, game: 0-0, serving: P1
2026-02-27T02:38:55.937Z [ODDS] (serving: Enzo Aguiard)  Enzo Aguiard: 4/9 → 2/5, Keisuke Saitoh: 13/8 → 7/4
2026-02-27T02:38:55.937Z [EVENT] (serving: Enzo Aguiard)  game: 15-30
2026-02-27T02:39:18.938Z [ODDS] (serving: Enzo Aguiard)  Enzo Aguiard: 2/5 → 1/3, Keisuke Saitoh: 7/4 → 9/4
2026-02-27T02:39:18.938Z [EVENT] (serving: Enzo Aguiard)  game: 30-30
2026-02-27T02:39:48.706Z [ODDS] (serving: Enzo Aguiard)  Enzo Aguiard: 1/3 → 4/11, Keisuke Saitoh: 9/4 → 2/1
2026-02-27T02:40:16.667Z [ODDS] (serving: Enzo Aguiard)  Enzo Aguiard: 4/11 → 2/7, Keisuke Saitoh: 2/1 → 5/2
2026-02-27T02:40:16.667Z [EVENT] (serving: Enzo Aguiard)  game: 40-30
2026-02-27T02:40:50.043Z [ODDS] (serving: Keisuke Saitoh)  Enzo Aguiard: 2/7 → 2/9, Keisuke Saitoh: 5/2 → 3/1
2026-02-27T02:40:50.043Z [EVENT] (serving: Keisuke Saitoh)  sets: 6-3,0-0, game: 0-0, serving: P2
2026-02-27T02:43:11.657Z [ODDS] (serving: Keisuke Saitoh)  Enzo Aguiard: 2/9 → 1/4, Keisuke Saitoh: 3/1 → 11/4
2026-02-27T02:43:11.657Z [EVENT] (serving: Keisuke Saitoh)  game: 0-15
2026-02-27T02:44:11.642Z [ODDS] (serving: Keisuke Saitoh)  Enzo Aguiard: 1/4 → 2/7, Keisuke Saitoh: 11/4 → 5/2
2026-02-27T02:44:11.642Z [EVENT] (serving: Keisuke Saitoh)  game: 0-30
2026-02-27T02:44:43.666Z [ODDS] (serving: Keisuke Saitoh)  Enzo Aguiard: 2/7 → 3/10, Keisuke Saitoh: 5/2 → 12/5
2026-02-27T02:44:43.666Z [EVENT] (serving: Keisuke Saitoh)  game: 0-40
2026-02-27T02:45:09.375Z [ODDS] (serving: Keisuke Saitoh)  Enzo Aguiard: 3/10 → 2/7, Keisuke Saitoh: 12/5 → 5/2
2026-02-27T02:45:09.375Z [EVENT] (serving: Keisuke Saitoh)  game: 15-40
2026-02-27T02:45:40.497Z [ODDS] (serving: Keisuke Saitoh)  Enzo Aguiard: 2/7 → 1/4, Keisuke Saitoh: 5/2 → 11/4
2026-02-27T02:45:40.497Z [EVENT] (serving: Keisuke Saitoh)  game: 30-40
2026-02-27T02:46:35.523Z [ODDS] (serving: Enzo Aguiard)  Enzo Aguiard: 1/4 → 2/7, Keisuke Saitoh: 11/4 → 5/2
2026-02-27T02:46:35.523Z [EVENT] (serving: Enzo Aguiard)  sets: 6-3,0-1, game: 0-0, serving: P1
2026-02-27T02:47:51.746Z [ODDS] (serving: Enzo Aguiard)  Enzo Aguiard: 2/7 → 1/4, Keisuke Saitoh: 5/2 → 11/4
2026-02-27T02:47:51.746Z [EVENT] (serving: Enzo Aguiard)  game: 15-0
2026-02-27T02:48:19.708Z [ODDS] (serving: Enzo Aguiard)  Enzo Aguiard: 1/4 → 2/9, Keisuke Saitoh: 11/4 → 3/1
2026-02-27T02:48:19.708Z [EVENT] (serving: Enzo Aguiard)  game: 30-0
2026-02-27T02:48:53.534Z [ODDS] (serving: Enzo Aguiard)  Enzo Aguiard: 2/9 → 1/5, Keisuke Saitoh: 3/1 → 10/3
2026-02-27T02:48:53.535Z [EVENT] (serving: Enzo Aguiard)  game: 40-0
2026-02-27T02:49:21.494Z [EVENT] (serving: Keisuke Saitoh)  sets: 6-3,1-1, game: 0-0, serving: P2
2026-02-27T02:50:20.575Z [ODDS] (serving: Keisuke Saitoh)  Enzo Aguiard: 1/5 → 1/6, Keisuke Saitoh: 10/3 → 4/1
2026-02-27T02:50:20.575Z [EVENT] (serving: Keisuke Saitoh)  game: 15-0
2026-02-27T02:51:26.878Z [ODDS] (serving: Keisuke Saitoh)  Enzo Aguiard: 1/6 → 1/9, Keisuke Saitoh: 4/1 → 11/2
2026-02-27T02:51:26.878Z [EVENT] (serving: Keisuke Saitoh)  game: 30-0
2026-02-27T02:52:13.335Z [ODDS] (serving: Keisuke Saitoh)  Enzo Aguiard: 1/9 → 1/7, Keisuke Saitoh: 11/2 → 9/2
2026-02-27T02:52:13.335Z [EVENT] (serving: Keisuke Saitoh)  game: 30-15
2026-02-27T02:52:15.138Z [ODDS] (serving: Keisuke Saitoh)  Enzo Aguiard: 1/7 → 2/11, Keisuke Saitoh: 9/2 → 7/2
2026-02-27T02:52:15.138Z [EVENT] (serving: Keisuke Saitoh)  game: 30-30
2026-02-27T02:52:40.884Z [ODDS] (serving: Keisuke Saitoh)  Enzo Aguiard: 2/11 → 2/9, Keisuke Saitoh: 7/2 → 3/1
2026-02-27T02:52:40.884Z [EVENT] (serving: Keisuke Saitoh)  game: 30-40
2026-02-27T02:52:51.670Z [ODDS] (serving: Enzo Aguiard)  Enzo Aguiard: 2/9 → 1/4, Keisuke Saitoh: 3/1 → 11/4
2026-02-27T02:52:51.670Z [EVENT] (serving: Enzo Aguiard)  sets: 6-3,1-2, game: 0-0, serving: P1
2026-02-27T02:53:00.239Z [ODDS] (serving: Keisuke Saitoh)  Enzo Aguiard: 1/4 → 2/9, Keisuke Saitoh: 11/4 → 3/1
2026-02-27T02:53:00.239Z [EVENT] (serving: Keisuke Saitoh)  sets: 6-3,1-1, game: 30-40, serving: P2
2026-02-27T02:53:22.795Z [ODDS] (serving: Keisuke Saitoh)  Enzo Aguiard: 2/9 → 2/11, Keisuke Saitoh: 3/1 → 7/2
2026-02-27T02:53:22.795Z [EVENT] (serving: Keisuke Saitoh)  game: 40-40
2026-02-27T02:53:46.240Z [ODDS] (serving: Keisuke Saitoh)  Enzo Aguiard: 2/11 → 1/6, Keisuke Saitoh: 7/2 → 4/1
2026-02-27T02:53:55.711Z [ODDS] (serving: Keisuke Saitoh)  Enzo Aguiard: 1/6 → 1/8, Keisuke Saitoh: 4/1 → 5/1
2026-02-27T02:53:55.711Z [EVENT] (serving: Keisuke Saitoh)  game: A-40
2026-02-27T02:54:46.677Z [ODDS] (serving: Enzo Aguiard)  Enzo Aguiard: 1/8 → 1/16, Keisuke Saitoh: 5/1 → 9/1
2026-02-27T02:54:46.677Z [EVENT] (serving: Enzo Aguiard)  sets: 6-3,2-1, game: 0-0, serving: P1
2026-02-27T02:56:38.977Z [ODDS] (serving: Enzo Aguiard)  Enzo Aguiard: 1/16 → 1/20, Keisuke Saitoh: 9/1 → 10/1
2026-02-27T02:56:38.977Z [EVENT] (serving: Enzo Aguiard)  game: 15-0
2026-02-27T02:57:15.959Z [ODDS] (serving: Enzo Aguiard)  Enzo Aguiard: 1/20 → 1/25, Keisuke Saitoh: 10/1 → 12/1
2026-02-27T02:57:15.959Z [EVENT] (serving: Enzo Aguiard)  game: 30-0
2026-02-27T02:57:37.606Z [EVENT] (serving: Enzo Aguiard)  game: 40-0
2026-02-27T02:58:02.411Z [ODDS] (serving: Keisuke Saitoh)  Enzo Aguiard: 1/25 → 1/33, Keisuke Saitoh: 12/1 → 14/1
2026-02-27T02:58:02.412Z [EVENT] (serving: Keisuke Saitoh)  sets: 6-3,3-1, game: 0-0, serving: P2
2026-02-27T02:58:47.992Z [ODDS] (serving: Keisuke Saitoh)  Enzo Aguiard: 1/33 → 1/25, Keisuke Saitoh: 14/1 → 12/1
2026-02-27T02:58:47.992Z [EVENT] (serving: Keisuke Saitoh)  game: 0-15
2026-02-27T02:59:37.122Z [ODDS] (serving: Keisuke Saitoh)  Enzo Aguiard: 1/25 → 1/33, Keisuke Saitoh: 12/1 → 14/1
2026-02-27T02:59:37.122Z [EVENT] (serving: Keisuke Saitoh)  game: 15-15
2026-02-27T03:00:17.714Z [ODDS] (serving: Keisuke Saitoh)  Enzo Aguiard: 1/33 → 1/25, Keisuke Saitoh: 14/1 → 12/1
2026-02-27T03:00:17.714Z [EVENT] (serving: Keisuke Saitoh)  game: 15-30
2026-02-27T03:01:14.624Z [ODDS] (serving: Keisuke Saitoh)  Enzo Aguiard: 1/25 → 1/33, Keisuke Saitoh: 12/1 → 14/1
2026-02-27T03:01:14.624Z [EVENT] (serving: Keisuke Saitoh)  game: 30-30
2026-02-27T03:01:47.018Z [ODDS] (serving: Keisuke Saitoh)  Enzo Aguiard: 1/33 → 1/50, Keisuke Saitoh: 14/1 → 18/1
2026-02-27T03:01:47.018Z [EVENT] (serving: Keisuke Saitoh)  game: 40-30
2026-02-27T03:02:10.920Z [ODDS] (serving: Keisuke Saitoh)  Enzo Aguiard: 1/50 → 1/33, Keisuke Saitoh: 18/1 → 14/1
2026-02-27T03:02:10.920Z [EVENT] (serving: Keisuke Saitoh)  game: 40-40
2026-02-27T03:02:56.924Z [ODDS] (serving: Keisuke Saitoh)  Enzo Aguiard: 1/33 → 1/50, Keisuke Saitoh: 14/1 → 18/1
2026-02-27T03:02:56.924Z [EVENT] (serving: Keisuke Saitoh)  game: A-40
2026-02-27T03:03:33.004Z [ODDS] (serving: Keisuke Saitoh)  Enzo Aguiard: 1/50 → 1/33, Keisuke Saitoh: 18/1 → 14/1
2026-02-27T03:03:33.004Z [EVENT] (serving: Keisuke Saitoh)  game: 40-40
2026-02-27T03:04:13.629Z [ODDS] (serving: Keisuke Saitoh)  Enzo Aguiard: 1/33 → 1/66, Keisuke Saitoh: 14/1 → 20/1
2026-02-27T03:04:13.629Z [EVENT] (serving: Keisuke Saitoh)  game: A-40
2026-02-27T03:04:43.813Z [ODDS] (serving: Enzo Aguiard)  Enzo Aguiard: 1/66 → 1/200, Keisuke Saitoh: 20/1 → 33/1
2026-02-27T03:04:43.813Z [EVENT] (serving: Enzo Aguiard)  sets: 6-3,4-1, game: 0-0, serving: P1
2026-02-27T03:06:29.803Z [ODDS] (serving: Enzo Aguiard)  Enzo Aguiard: 1/200 → 1/250, Keisuke Saitoh: 33/1 → 40/1
2026-02-27T03:06:29.803Z [EVENT] (serving: Enzo Aguiard)  game: 15-0
2026-02-27T03:07:01.873Z [ODDS] (serving: Enzo Aguiard)  Enzo Aguiard: 1/250 → 1/150, Keisuke Saitoh: 40/1 → 28/1
2026-02-27T03:07:01.873Z [EVENT] (serving: Enzo Aguiard)  game: 15-15
2026-02-27T03:07:32.942Z [ODDS] (serving: Enzo Aguiard)  Enzo Aguiard: 1/150 → 1/250, Keisuke Saitoh: 28/1 → 40/1
2026-02-27T03:07:32.942Z [EVENT] (serving: Enzo Aguiard)  game: 30-15
2026-02-27T03:07:54.139Z [ODDS] (serving: Enzo Aguiard)  Enzo Aguiard: 1/250 → 1/500, Keisuke Saitoh: 40/1 → 50/1
2026-02-27T03:07:54.139Z [EVENT] (serving: Enzo Aguiard)  game: 40-15
2026-02-27T03:08:18.044Z [ODDS] (serving: Keisuke Saitoh)  Enzo Aguiard: 1/500 → 1/750, Keisuke Saitoh: 50/1 → 66/1
2026-02-27T03:08:18.044Z [EVENT] (serving: Keisuke Saitoh)  sets: 6-3,5-1, game: 0-0, serving: P2
2026-02-27T03:08:51.960Z [EVENT] (serving: Keisuke Saitoh)  game: 0-15
2026-02-27T03:09:11.356Z [ODDS] (serving: Keisuke Saitoh)  Enzo Aguiard: 1/750 → 1/500, Keisuke Saitoh: 66/1 → 50/1
2026-02-27T03:09:11.356Z [EVENT] (serving: Keisuke Saitoh)  game: 0-30
2026-02-27T03:09:28.946Z [ODDS] (serving: Keisuke Saitoh)  Enzo Aguiard: 1/500 → 1/750, Keisuke Saitoh: 50/1 → 66/1
2026-02-27T03:09:28.946Z [EVENT] (serving: Keisuke Saitoh)  game: 15-30
2026-02-27T03:09:59.163Z [ODDS] (serving: Keisuke Saitoh)  Enzo Aguiard: 1/750 → 1/500, Keisuke Saitoh: 66/1 → 50/1
2026-02-27T03:09:59.163Z [EVENT] (serving: Keisuke Saitoh)  game: 15-40
2026-02-27T03:10:35.345Z [ODDS] (serving: Keisuke Saitoh)  Enzo Aguiard: 1/500 → 1/750, Keisuke Saitoh: 50/1 → 66/1
2026-02-27T03:10:35.346Z [EVENT] (serving: Keisuke Saitoh)  game: 30-40
2026-02-27T03:11:20.905Z [ODDS] (serving: Keisuke Saitoh)  Enzo Aguiard: 1/750 → 1/1000, Keisuke Saitoh: 66/1 → 100/1
2026-02-27T03:11:20.905Z [EVENT] (serving: Keisuke Saitoh)  game: 40-40
2026-02-27T03:11:53.819Z [EVENT] (serving: Keisuke Saitoh)  game: A-40
2026-02-27T03:12:22.232Z [EVENT] (serving: Keisuke Saitoh)  game: 40-40
2026-02-27T03:12:47.938Z [EVENT] (serving: Keisuke Saitoh)  game: A-40
2026-02-27T03:13:10.490Z [EVENT] (serving: Keisuke Saitoh)  game: 40-40
2026-02-27T03:13:45.668Z [EVENT] (serving: Keisuke Saitoh)  game: A-40
2026-02-27T03:14:21.748Z [ODDS] (serving: Keisuke Saitoh)  Enzo Aguiard: 1/1000 → 0/0, Keisuke Saitoh: 100/1 → 0/0
2026-02-27T03:14:21.748Z [EVENT] (serving: Keisuke Saitoh)  sets: 6-3,6-1, game: 0-0
