2026-02-27T00:08:29.763Z [ODDS] (serving: Iva Jovic)  Ajla Tomljanovic: 10/3 → 3/1, Iva Jovic: 2/9 → 1/4
2026-02-27T00:08:29.763Z [EVENT] (serving: Iva Jovic)  game: 15-0
2026-02-27T00:08:57.272Z [ODDS] (serving: Iva Jovic)  Ajla Tomljanovic: 3/1 → 10/3, Iva Jovic: 1/4 → 2/9
2026-02-27T00:08:57.272Z [EVENT] (serving: Iva Jovic)  game: 15-15
2026-02-27T00:09:18.922Z [ODDS] (serving: Iva Jovic)  Ajla Tomljanovic: 10/3 → 7/2, Iva Jovic: 2/9 → 1/5
2026-02-27T00:09:40.123Z [EVENT] (serving: Iva Jovic)  game: 15-30
2026-02-27T00:10:06.728Z [ODDS] (serving: Iva Jovic)  Ajla Tomljanovic: 7/2 → 4/1, Iva Jovic: 1/5 → 1/6
2026-02-27T00:10:10.336Z [ODDS] (serving: Iva Jovic)  Ajla Tomljanovic: 4/1 → 7/2, Iva Jovic: 1/6 → 1/5
2026-02-27T00:10:10.336Z [EVENT] (serving: Iva Jovic)  game: 30-30
2026-02-27T00:10:45.514Z [ODDS] (serving: Iva Jovic)  Ajla Tomljanovic: 7/2 → 4/1, Iva Jovic: 1/5 → 1/6
2026-02-27T00:10:45.514Z [EVENT] (serving: Iva Jovic)  game: 30-40
2026-02-27T00:11:12.124Z [ODDS] (serving: Iva Jovic)  Ajla Tomljanovic: 4/1 → 7/2, Iva Jovic: 1/6 → 1/5
2026-02-27T00:11:37.378Z [EVENT] (serving: Iva Jovic)  game: 40-40
2026-02-27T00:12:17.971Z [ODDS] (serving: Iva Jovic)  Ajla Tomljanovic: 7/2 → 10/3, Iva Jovic: 1/5 → 2/9
2026-02-27T00:12:29.246Z [ODDS] (serving: Iva Jovic)  Ajla Tomljanovic: 10/3 → 3/1, Iva Jovic: 2/9 → 1/4
2026-02-27T00:12:29.246Z [EVENT] (serving: Iva Jovic)  game: A-40
2026-02-27T00:12:59.915Z [ODDS] (serving: Iva Jovic)  Ajla Tomljanovic: 3/1 → 10/3, Iva Jovic: 1/4 → 2/9
2026-02-27T00:12:59.915Z [EVENT] (serving: Iva Jovic)  game: 40-40
2026-02-27T00:13:25.190Z [ODDS] (serving: Iva Jovic)  Ajla Tomljanovic: 10/3 → 7/2, Iva Jovic: 2/9 → 1/5
2026-02-27T00:13:25.190Z [EVENT] (serving: Iva Jovic)  game: 40-A
2026-02-27T00:14:08.506Z [ODDS] (serving: Iva Jovic)  Ajla Tomljanovic: 7/2 → 10/3, Iva Jovic: 1/5 → 2/9
2026-02-27T00:14:08.506Z [EVENT] (serving: Iva Jovic)  game: 40-40
2026-02-27T00:14:38.686Z [ODDS] (serving: Iva Jovic)  Ajla Tomljanovic: 10/3 → 7/2, Iva Jovic: 2/9 → 1/5
2026-02-27T00:14:38.686Z [EVENT] (serving: Iva Jovic)  game: 40-A
2026-02-27T00:15:02.139Z [ODDS] (serving: Ajla Tomljanovic)  Ajla Tomljanovic: 7/2 → 4/1, Iva Jovic: 1/5 → 1/6
2026-02-27T00:15:02.139Z [EVENT] (serving: Ajla Tomljanovic)  sets: 0-1, game: 0-0, serving: P1
2026-02-27T00:16:23.773Z [ODDS] (serving: Ajla Tomljanovic)  Ajla Tomljanovic: 4/1 → 7/2, Iva Jovic: 1/6 → 1/5
2026-02-27T00:16:23.773Z [EVENT] (serving: Ajla Tomljanovic)  game: 15-0
2026-02-27T00:16:50.377Z [EVENT] (serving: Ajla Tomljanovic)  game: 30-0
2026-02-27T00:17:33.222Z [ODDS] (serving: Ajla Tomljanovic)  Ajla Tomljanovic: 7/2 → 10/3, Iva Jovic: 1/5 → 2/9
2026-02-27T00:17:33.222Z [EVENT] (serving: Ajla Tomljanovic)  game: 40-0
2026-02-27T00:18:16.969Z [ODDS] (serving: Iva Jovic)  Ajla Tomljanovic: 10/3 → 3/1, Iva Jovic: 2/9 → 1/4
2026-02-27T00:18:16.969Z [EVENT] (serving: Iva Jovic)  sets: 1-1, game: 0-0, serving: P2
2026-02-27T00:19:20.563Z [ODDS] (serving: Iva Jovic)  Ajla Tomljanovic: 3/1 → 11/4, Iva Jovic: 1/4 → 2/7
2026-02-27T00:19:20.563Z [EVENT] (serving: Iva Jovic)  game: 15-0
2026-02-27T00:20:08.369Z [ODDS] (serving: Iva Jovic)  Ajla Tomljanovic: 11/4 → 12/5, Iva Jovic: 2/7 → 1/3
2026-02-27T00:20:08.369Z [EVENT] (serving: Iva Jovic)  game: 30-0
2026-02-27T00:20:08.819Z [ODDS] (serving: Iva Jovic)  Ajla Tomljanovic: 12/5 → 5/2, Iva Jovic: 1/3 → 3/10
2026-02-27T00:20:11.074Z [ODDS] (serving: Iva Jovic)  Ajla Tomljanovic: 5/2 → 11/4, Iva Jovic: 3/10 → 2/7
2026-02-27T00:20:11.074Z [EVENT] (serving: Iva Jovic)  game: 15-0
2026-02-27T00:20:11.976Z [ODDS] (serving: Iva Jovic)  Ajla Tomljanovic: 11/4 → 3/1, Iva Jovic: 2/7 → 1/4
2026-02-27T00:20:11.976Z [EVENT] (serving: Iva Jovic)  game: 15-15
2026-02-27T00:20:39.487Z [ODDS] (serving: Iva Jovic)  Ajla Tomljanovic: 3/1 → 10/3, Iva Jovic: 1/4 → 2/9
2026-02-27T00:20:39.487Z [EVENT] (serving: Iva Jovic)  game: 15-30
2026-02-27T00:21:26.391Z [ODDS] (serving: Iva Jovic)  Ajla Tomljanovic: 10/3 → 3/1, Iva Jovic: 2/9 → 1/4
2026-02-27T00:21:26.391Z [EVENT] (serving: Iva Jovic)  game: 30-30
2026-02-27T00:21:57.058Z [ODDS] (serving: Iva Jovic)  Ajla Tomljanovic: 3/1 → 10/3, Iva Jovic: 1/4 → 2/9
2026-02-27T00:21:57.058Z [EVENT] (serving: Iva Jovic)  game: 30-40
2026-02-27T00:22:33.149Z [ODDS] (serving: Ajla Tomljanovic)  Ajla Tomljanovic: 10/3 → 7/2, Iva Jovic: 2/9 → 1/5
2026-02-27T00:22:33.149Z [EVENT] (serving: Ajla Tomljanovic)  sets: 1-2, game: 0-0, serving: P1
2026-02-27T00:24:41.677Z [ODDS] (serving: Ajla Tomljanovic)  Ajla Tomljanovic: 7/2 → 10/3, Iva Jovic: 1/5 → 2/9
2026-02-27T00:24:41.677Z [EVENT] (serving: Ajla Tomljanovic)  game: 15-0
2026-02-27T00:25:12.891Z [ODDS] (serving: Ajla Tomljanovic)  Ajla Tomljanovic: 10/3 → 3/1, Iva Jovic: 2/9 → 1/4
2026-02-27T00:25:12.891Z [EVENT] (serving: Ajla Tomljanovic)  game: 30-0
2026-02-27T00:26:03.362Z [EVENT] (serving: Ajla Tomljanovic)  game: 40-0
2026-02-27T00:26:32.621Z [ODDS] (serving: Iva Jovic)  Ajla Tomljanovic: 3/1 → 11/4, Iva Jovic: 1/4 → 2/7
2026-02-27T00:26:32.621Z [EVENT] (serving: Iva Jovic)  sets: 2-2, game: 0-0, serving: P2
2026-02-27T00:27:13.313Z [ODDS] (serving: Iva Jovic)  Ajla Tomljanovic: 11/4 → 3/1, Iva Jovic: 2/7 → 1/4
2026-02-27T00:27:13.313Z [EVENT] (serving: Iva Jovic)  game: 0-15
2026-02-27T00:27:47.105Z [ODDS] (serving: Iva Jovic)  Ajla Tomljanovic: 3/1 → 10/3, Iva Jovic: 1/4 → 2/9
2026-02-27T00:27:47.105Z [EVENT] (serving: Iva Jovic)  game: 0-30
2026-02-27T00:28:34.927Z [ODDS] (serving: Iva Jovic)  Ajla Tomljanovic: 10/3 → 7/2, Iva Jovic: 2/9 → 1/5
2026-02-27T00:28:34.927Z [EVENT] (serving: Iva Jovic)  game: 0-40
2026-02-27T00:28:59.654Z [ODDS] (serving: Iva Jovic)  Ajla Tomljanovic: 7/2 → 10/3, Iva Jovic: 1/5 → 2/9
2026-02-27T00:29:17.697Z [EVENT] (serving: Iva Jovic)  game: 15-40
2026-02-27T00:30:09.106Z [ODDS] (serving: Iva Jovic)  Ajla Tomljanovic: 10/3 → 3/1, Iva Jovic: 2/9 → 1/4
2026-02-27T00:30:09.106Z [EVENT] (serving: Iva Jovic)  game: 30-40
2026-02-27T00:30:55.109Z [ODDS] (serving: Ajla Tomljanovic)  Ajla Tomljanovic: 3/1 → 10/3, Iva Jovic: 1/4 → 2/9
2026-02-27T00:30:55.109Z [EVENT] (serving: Ajla Tomljanovic)  sets: 2-3, game: 0-0, serving: P1
2026-02-27T00:33:11.410Z [ODDS] (serving: Ajla Tomljanovic)  Ajla Tomljanovic: 10/3 → 3/1, Iva Jovic: 2/9 → 1/4
2026-02-27T00:33:11.410Z [EVENT] (serving: Ajla Tomljanovic)  game: 15-0
2026-02-27T00:33:32.513Z [ODDS] (serving: Ajla Tomljanovic)  Ajla Tomljanovic: 3/1 → 11/4, Iva Jovic: 1/4 → 2/7
2026-02-27T00:33:32.513Z [EVENT] (serving: Ajla Tomljanovic)  game: 30-0
2026-02-27T00:34:00.024Z [ODDS] (serving: Ajla Tomljanovic)  Ajla Tomljanovic: 11/4 → 3/1, Iva Jovic: 2/7 → 1/4
2026-02-27T00:34:00.024Z [EVENT] (serving: Ajla Tomljanovic)  game: 30-15
2026-02-27T00:34:47.388Z [ODDS] (serving: Ajla Tomljanovic)  Ajla Tomljanovic: 3/1 → 11/4, Iva Jovic: 1/4 → 2/7
2026-02-27T00:34:47.388Z [EVENT] (serving: Ajla Tomljanovic)  game: 40-15
2026-02-27T00:35:56.837Z [ODDS] (serving: Ajla Tomljanovic)  Ajla Tomljanovic: 11/4 → 3/1, Iva Jovic: 2/7 → 1/4
2026-02-27T00:35:56.837Z [EVENT] (serving: Ajla Tomljanovic)  game: 40-30
2026-02-27T00:36:39.683Z [ODDS] (serving: Ajla Tomljanovic)  Ajla Tomljanovic: 3/1 → 7/2, Iva Jovic: 1/4 → 1/5
2026-02-27T00:36:39.683Z [EVENT] (serving: Ajla Tomljanovic)  game: 40-40
2026-02-27T00:37:13.061Z [ODDS] (serving: Ajla Tomljanovic)  Ajla Tomljanovic: 7/2 → 3/1, Iva Jovic: 1/5 → 1/4
2026-02-27T00:37:13.061Z [EVENT] (serving: Ajla Tomljanovic)  game: A-40
2026-02-27T00:37:36.510Z [ODDS] (serving: Iva Jovic)  Ajla Tomljanovic: 3/1 → 11/4, Iva Jovic: 1/4 → 2/7
2026-02-27T00:37:36.510Z [EVENT] (serving: Iva Jovic)  sets: 3-3, game: 0-0, serving: P2
2026-02-27T00:38:32.931Z [ODDS] (serving: Iva Jovic)  Ajla Tomljanovic: 11/4 → 3/1, Iva Jovic: 2/7 → 1/4
2026-02-27T00:38:32.931Z [EVENT] (serving: Iva Jovic)  game: 0-15
2026-02-27T00:39:07.768Z [ODDS] (serving: Iva Jovic)  Ajla Tomljanovic: 3/1 → 11/4, Iva Jovic: 1/4 → 2/7
2026-02-27T00:39:07.768Z [EVENT] (serving: Iva Jovic)  game: 15-15
2026-02-27T00:39:41.559Z [ODDS] (serving: Iva Jovic)  Ajla Tomljanovic: 11/4 → 12/5, Iva Jovic: 2/7 → 1/3
2026-02-27T00:39:41.559Z [EVENT] (serving: Iva Jovic)  game: 30-15
2026-02-27T00:40:18.917Z [ODDS] (serving: Iva Jovic)  Ajla Tomljanovic: 12/5 → 5/2, Iva Jovic: 1/3 → 3/10
2026-02-27T00:40:18.917Z [EVENT] (serving: Iva Jovic)  game: 30-30
2026-02-27T00:41:04.020Z [ODDS] (serving: Iva Jovic)  Ajla Tomljanovic: 5/2 → 11/5, Iva Jovic: 3/10 → 4/11
2026-02-27T00:41:04.020Z [EVENT] (serving: Iva Jovic)  game: 40-30
2026-02-27T00:41:45.963Z [ODDS] (serving: Iva Jovic)  Ajla Tomljanovic: 11/5 → 5/2, Iva Jovic: 4/11 → 3/10
2026-02-27T00:41:45.963Z [EVENT] (serving: Iva Jovic)  game: 40-40
2026-02-27T00:42:49.568Z [ODDS] (serving: Iva Jovic)  Ajla Tomljanovic: 5/2 → 3/1, Iva Jovic: 3/10 → 1/4
2026-02-27T00:42:49.568Z [EVENT] (serving: Iva Jovic)  game: 40-A
2026-02-27T00:43:29.244Z [ODDS] (serving: Ajla Tomljanovic)  Ajla Tomljanovic: 3/1 → 10/3, Iva Jovic: 1/4 → 2/9
2026-02-27T00:43:29.244Z [EVENT] (serving: Ajla Tomljanovic)  sets: 3-4, game: 0-0, serving: P1
2026-02-27T00:45:35.979Z [ODDS] (serving: Ajla Tomljanovic)  Ajla Tomljanovic: 10/3 → 3/1, Iva Jovic: 2/9 → 1/4
2026-02-27T00:45:35.979Z [EVENT] (serving: Ajla Tomljanovic)  game: 15-0
2026-02-27T00:46:28.402Z [ODDS] (serving: Ajla Tomljanovic)  Ajla Tomljanovic: 3/1 → 11/4, Iva Jovic: 1/4 → 2/7
2026-02-27T00:46:28.402Z [EVENT] (serving: Ajla Tomljanovic)  game: 30-0
2026-02-27T00:46:58.965Z [ODDS] (serving: Ajla Tomljanovic)  Ajla Tomljanovic: 11/4 → 5/2, Iva Jovic: 2/7 → 3/10
2026-02-27T00:46:58.965Z [EVENT] (serving: Ajla Tomljanovic)  game: 40-0
2026-02-27T00:47:12.946Z [ODDS] (serving: Ajla Tomljanovic)  Ajla Tomljanovic: 5/2 → 12/5, Iva Jovic: 3/10 → 1/3
2026-02-27T00:47:25.574Z [ODDS] (serving: Ajla Tomljanovic)  Ajla Tomljanovic: 12/5 → 11/5, Iva Jovic: 1/3 → 4/11
2026-02-27T00:47:37.299Z [ODDS] (serving: Ajla Tomljanovic)  Ajla Tomljanovic: 11/5 → 2/1, Iva Jovic: 4/11 → 2/5
2026-02-27T00:47:40.492Z [EVENT] (serving: Iva Jovic)  sets: 4-4, game: 0-0, serving: P2
2026-02-27T00:47:50.830Z [ODDS] (serving: Iva Jovic)  Ajla Tomljanovic: 2/1 → 11/5, Iva Jovic: 2/5 → 4/11
2026-02-27T00:48:23.754Z [ODDS] (serving: Iva Jovic)  Ajla Tomljanovic: 11/5 → 7/4, Iva Jovic: 4/11 → 4/9
2026-02-27T00:48:23.754Z [EVENT] (serving: Iva Jovic)  game: 15-0
2026-02-27T00:48:50.363Z [ODDS] (serving: Iva Jovic)  Ajla Tomljanovic: 7/4 → 2/1, Iva Jovic: 4/9 → 2/5
2026-02-27T00:48:50.363Z [EVENT] (serving: Iva Jovic)  game: 15-15
2026-02-27T00:49:33.748Z [ODDS] (serving: Iva Jovic)  Ajla Tomljanovic: 2/1 → 12/5, Iva Jovic: 2/5 → 1/3
2026-02-27T00:49:33.748Z [EVENT] (serving: Iva Jovic)  game: 15-30
2026-02-27T00:50:33.240Z [ODDS] (serving: Iva Jovic)  Ajla Tomljanovic: 12/5 → 2/1, Iva Jovic: 1/3 → 2/5
2026-02-27T00:50:33.240Z [EVENT] (serving: Iva Jovic)  game: 30-30
2026-02-27T00:51:24.155Z [ODDS] (serving: Iva Jovic)  Ajla Tomljanovic: 2/1 → 12/5, Iva Jovic: 2/5 → 1/3
2026-02-27T00:51:24.156Z [EVENT] (serving: Iva Jovic)  game: 30-40
2026-02-27T00:52:14.218Z [ODDS] (serving: Iva Jovic)  Ajla Tomljanovic: 12/5 → 2/1, Iva Jovic: 1/3 → 2/5
2026-02-27T00:52:14.218Z [EVENT] (serving: Iva Jovic)  game: 40-40
2026-02-27T00:52:44.931Z [ODDS] (serving: Iva Jovic)  Ajla Tomljanovic: 2/1 → 12/5, Iva Jovic: 2/5 → 1/3
2026-02-27T00:52:44.931Z [EVENT] (serving: Iva Jovic)  game: 40-A
2026-02-27T00:53:34.048Z [ODDS] (serving: Iva Jovic)  Ajla Tomljanovic: 12/5 → 2/1, Iva Jovic: 1/3 → 2/5
2026-02-27T00:53:34.048Z [EVENT] (serving: Iva Jovic)  game: 40-40
2026-02-27T00:54:09.227Z [ODDS] (serving: Iva Jovic)  Ajla Tomljanovic: 2/1 → 12/5, Iva Jovic: 2/5 → 1/3
2026-02-27T00:54:09.227Z [EVENT] (serving: Iva Jovic)  game: 40-A
2026-02-27T00:54:56.134Z [ODDS] (serving: Ajla Tomljanovic)  Ajla Tomljanovic: 12/5 → 11/4, Iva Jovic: 1/3 → 2/7
2026-02-27T00:54:56.134Z [EVENT] (serving: Ajla Tomljanovic)  sets: 4-5, game: 0-0, serving: P1
2026-02-27T00:57:15.041Z [ODDS] (serving: Ajla Tomljanovic)  Ajla Tomljanovic: 11/4 → 10/3, Iva Jovic: 2/7 → 2/9
2026-02-27T00:57:15.041Z [EVENT] (serving: Ajla Tomljanovic)  game: 0-15
2026-02-27T00:58:08.260Z [ODDS] (serving: Ajla Tomljanovic)  Ajla Tomljanovic: 10/3 → 4/1, Iva Jovic: 2/9 → 1/6
2026-02-27T00:58:08.260Z [EVENT] (serving: Ajla Tomljanovic)  game: 0-30
2026-02-27T00:58:53.810Z [ODDS] (serving: Ajla Tomljanovic)  Ajla Tomljanovic: 4/1 → 10/3, Iva Jovic: 1/6 → 2/9
2026-02-27T00:58:53.810Z [EVENT] (serving: Ajla Tomljanovic)  game: 15-30
2026-02-27T00:59:26.733Z [ODDS] (serving: Ajla Tomljanovic)  Ajla Tomljanovic: 10/3 → 7/2, Iva Jovic: 2/9 → 1/5
2026-02-27T00:59:37.106Z [ODDS] (serving: Ajla Tomljanovic)  Ajla Tomljanovic: 7/2 → 4/1, Iva Jovic: 1/5 → 1/6
2026-02-27T00:59:37.106Z [EVENT] (serving: Ajla Tomljanovic)  game: 15-40
2026-02-27T01:00:19.502Z [ODDS] (serving: Iva Jovic)  Ajla Tomljanovic: 4/1 → 6/1, Iva Jovic: 1/6 → 1/10
2026-02-27T01:00:19.502Z [EVENT] (serving: Iva Jovic)  sets: 4-6,0-0, game: 0-0, serving: P2
2026-02-27T01:02:51.038Z [ODDS] (serving: Iva Jovic)  Ajla Tomljanovic: 6/1 → 11/2, Iva Jovic: 1/10 → 1/9
2026-02-27T01:03:08.179Z [ODDS] (serving: Iva Jovic)  Ajla Tomljanovic: 11/2 → 5/1, Iva Jovic: 1/9 → 1/8
2026-02-27T01:03:08.179Z [EVENT] (serving: Iva Jovic)  game: 15-0
2026-02-27T01:03:51.024Z [ODDS] (serving: Iva Jovic)  Ajla Tomljanovic: 5/1 → 9/2, Iva Jovic: 1/8 → 1/7
2026-02-27T01:03:51.024Z [EVENT] (serving: Iva Jovic)  game: 30-0
2026-02-27T01:04:32.970Z [ODDS] (serving: Iva Jovic)  Ajla Tomljanovic: 9/2 → 5/1, Iva Jovic: 1/7 → 1/8
2026-02-27T01:04:32.970Z [EVENT] (serving: Iva Jovic)  game: 30-15
2026-02-27T01:05:08.598Z [ODDS] (serving: Iva Jovic)  Ajla Tomljanovic: 5/1 → 9/2, Iva Jovic: 1/8 → 1/7
2026-02-27T01:05:23.930Z [ODDS] (serving: Iva Jovic)  Ajla Tomljanovic: 9/2 → 11/2, Iva Jovic: 1/7 → 1/9
2026-02-27T01:05:23.930Z [EVENT] (serving: Iva Jovic)  game: 30-30
2026-02-27T01:06:08.582Z [ODDS] (serving: Iva Jovic)  Ajla Tomljanovic: 11/2 → 7/1, Iva Jovic: 1/9 → 1/12
2026-02-27T01:06:08.582Z [EVENT] (serving: Iva Jovic)  game: 30-40
2026-02-27T01:06:42.861Z [ODDS] (serving: Iva Jovic)  Ajla Tomljanovic: 7/1 → 6/1, Iva Jovic: 1/12 → 1/10
2026-02-27T01:07:27.511Z [ODDS] (serving: Ajla Tomljanovic)  Ajla Tomljanovic: 6/1 → 8/1, Iva Jovic: 1/10 → 1/14
2026-02-27T01:07:27.511Z [EVENT] (serving: Ajla Tomljanovic)  sets: 4-6,0-1, game: 0-0, serving: P1
2026-02-27T01:08:40.429Z [ODDS] (serving: Ajla Tomljanovic)  Ajla Tomljanovic: 8/1 → 9/1, Iva Jovic: 1/14 → 1/16
2026-02-27T01:08:40.429Z [EVENT] (serving: Ajla Tomljanovic)  game: 0-15
2026-02-27T01:09:24.177Z [ODDS] (serving: Ajla Tomljanovic)  Ajla Tomljanovic: 9/1 → 8/1, Iva Jovic: 1/16 → 1/14
2026-02-27T01:09:24.177Z [EVENT] (serving: Ajla Tomljanovic)  game: 15-15
2026-02-27T01:09:52.139Z [ODDS] (serving: Ajla Tomljanovic)  Ajla Tomljanovic: 8/1 → 6/1, Iva Jovic: 1/14 → 1/10
2026-02-27T01:09:52.139Z [EVENT] (serving: Ajla Tomljanovic)  game: 30-15
2026-02-27T01:10:27.318Z [ODDS] (serving: Ajla Tomljanovic)  Ajla Tomljanovic: 6/1 → 8/1, Iva Jovic: 1/10 → 1/14
2026-02-27T01:10:27.318Z [EVENT] (serving: Ajla Tomljanovic)  game: 30-30
2026-02-27T01:10:58.890Z [ODDS] (serving: Ajla Tomljanovic)  Ajla Tomljanovic: 8/1 → 6/1, Iva Jovic: 1/14 → 1/10
2026-02-27T01:10:58.890Z [EVENT] (serving: Ajla Tomljanovic)  game: 40-30
2026-02-27T01:11:28.203Z [ODDS] (serving: Iva Jovic)  Ajla Tomljanovic: 6/1 → 11/2, Iva Jovic: 1/10 → 1/9
2026-02-27T01:11:28.203Z [EVENT] (serving: Iva Jovic)  sets: 4-6,1-1, game: 0-0, serving: P2
2026-02-27T01:12:18.266Z [ODDS] (serving: Iva Jovic)  Ajla Tomljanovic: 11/2 → 6/1, Iva Jovic: 1/9 → 1/10
2026-02-27T01:12:18.266Z [EVENT] (serving: Iva Jovic)  game: 0-15
2026-02-27T01:13:13.290Z [ODDS] (serving: Iva Jovic)  Ajla Tomljanovic: 6/1 → 11/2, Iva Jovic: 1/10 → 1/9
2026-02-27T01:13:13.290Z [EVENT] (serving: Iva Jovic)  game: 15-15
2026-02-27T01:13:47.568Z [ODDS] (serving: Iva Jovic)  Ajla Tomljanovic: 11/2 → 6/1, Iva Jovic: 1/9 → 1/10
2026-02-27T01:13:47.569Z [EVENT] (serving: Iva Jovic)  game: 15-30
2026-02-27T01:14:20.943Z [ODDS] (serving: Iva Jovic)  Ajla Tomljanovic: 6/1 → 7/1, Iva Jovic: 1/10 → 1/12
2026-02-27T01:14:20.943Z [EVENT] (serving: Iva Jovic)  game: 15-40
2026-02-27T01:15:06.943Z [ODDS] (serving: Iva Jovic)  Ajla Tomljanovic: 7/1 → 6/1, Iva Jovic: 1/12 → 1/10
2026-02-27T01:15:06.943Z [EVENT] (serving: Iva Jovic)  game: 30-40
2026-02-27T01:15:53.848Z [ODDS] (serving: Ajla Tomljanovic)  Ajla Tomljanovic: 6/1 → 7/1, Iva Jovic: 1/10 → 1/12
2026-02-27T01:15:53.848Z [EVENT] (serving: Ajla Tomljanovic)  sets: 4-6,1-2, game: 0-0, serving: P1
2026-02-27T01:18:00.579Z [ODDS] (serving: Ajla Tomljanovic)  Ajla Tomljanovic: 7/1 → 6/1, Iva Jovic: 1/12 → 1/10
2026-02-27T01:18:00.579Z [EVENT] (serving: Ajla Tomljanovic)  game: 15-0
2026-02-27T01:18:51.091Z [ODDS] (serving: Ajla Tomljanovic)  Ajla Tomljanovic: 6/1 → 7/1, Iva Jovic: 1/10 → 1/12
2026-02-27T01:18:51.091Z [EVENT] (serving: Ajla Tomljanovic)  game: 15-15
2026-02-27T01:19:18.603Z [ODDS] (serving: Ajla Tomljanovic)  Ajla Tomljanovic: 7/1 → 8/1, Iva Jovic: 1/12 → 1/14
2026-02-27T01:19:50.173Z [ODDS] (serving: Ajla Tomljanovic)  Ajla Tomljanovic: 8/1 → 6/1, Iva Jovic: 1/14 → 1/10
2026-02-27T01:19:50.173Z [EVENT] (serving: Ajla Tomljanovic)  game: 30-15
2026-02-27T01:20:15.880Z [ODDS] (serving: Ajla Tomljanovic)  Ajla Tomljanovic: 6/1 → 11/2, Iva Jovic: 1/10 → 1/9
2026-02-27T01:20:15.880Z [EVENT] (serving: Ajla Tomljanovic)  game: 40-15
2026-02-27T01:20:39.782Z [ODDS] (serving: Iva Jovic)  Ajla Tomljanovic: 11/2 → 5/1, Iva Jovic: 1/9 → 1/8
2026-02-27T01:20:39.782Z [EVENT] (serving: Iva Jovic)  sets: 4-6,2-2, game: 0-0, serving: P2
2026-02-27T01:21:37.511Z [ODDS] (serving: Iva Jovic)  Ajla Tomljanovic: 5/1 → 4/1, Iva Jovic: 1/8 → 1/6
2026-02-27T01:21:37.511Z [EVENT] (serving: Iva Jovic)  game: 15-0
2026-02-27T01:22:14.495Z [ODDS] (serving: Iva Jovic)  Ajla Tomljanovic: 4/1 → 7/2, Iva Jovic: 1/6 → 1/5
2026-02-27T01:22:14.495Z [EVENT] (serving: Iva Jovic)  game: 30-0
2026-02-27T01:22:43.807Z [ODDS] (serving: Iva Jovic)  Ajla Tomljanovic: 7/2 → 10/3, Iva Jovic: 1/5 → 2/9
2026-02-27T01:22:57.337Z [ODDS] (serving: Iva Jovic)  Ajla Tomljanovic: 10/3 → 3/1, Iva Jovic: 2/9 → 1/4
2026-02-27T01:22:57.337Z [EVENT] (serving: Iva Jovic)  game: 40-0
2026-02-27T01:23:24.398Z [ODDS] (serving: Iva Jovic)  Ajla Tomljanovic: 3/1 → 10/3, Iva Jovic: 1/4 → 2/9
2026-02-27T01:23:24.398Z [EVENT] (serving: Iva Jovic)  game: 40-15
2026-02-27T01:23:45.596Z [ODDS] (serving: Iva Jovic)  Ajla Tomljanovic: 10/3 → 3/1, Iva Jovic: 2/9 → 1/4
2026-02-27T01:24:05.440Z [ODDS] (serving: Ajla Tomljanovic)  Ajla Tomljanovic: 3/1 → 11/4, Iva Jovic: 1/4 → 2/7
2026-02-27T01:24:05.440Z [EVENT] (serving: Ajla Tomljanovic)  sets: 4-6,3-2, game: 0-0, serving: P1
2026-02-27T01:26:26.153Z [ODDS] (serving: Ajla Tomljanovic)  Ajla Tomljanovic: 11/4 → 12/5, Iva Jovic: 2/7 → 1/3
2026-02-27T01:26:26.153Z [EVENT] (serving: Ajla Tomljanovic)  game: 15-0
2026-02-27T01:26:52.763Z [ODDS] (serving: Ajla Tomljanovic)  Ajla Tomljanovic: 12/5 → 2/1, Iva Jovic: 1/3 → 2/5
2026-02-27T01:26:52.763Z [EVENT] (serving: Ajla Tomljanovic)  game: 30-0
2026-02-27T01:27:34.705Z [ODDS] (serving: Ajla Tomljanovic)  Ajla Tomljanovic: 2/1 → 7/4, Iva Jovic: 2/5 → 4/9
2026-02-27T01:27:34.705Z [EVENT] (serving: Ajla Tomljanovic)  game: 40-0
2026-02-27T01:28:12.143Z [ODDS] (serving: Ajla Tomljanovic)  Ajla Tomljanovic: 7/4 → 2/1, Iva Jovic: 4/9 → 2/5
2026-02-27T01:28:12.143Z [EVENT] (serving: Ajla Tomljanovic)  game: 40-15
2026-02-27T01:28:41.007Z [ODDS] (serving: Iva Jovic)  Ajla Tomljanovic: 2/1 → 7/4, Iva Jovic: 2/5 → 4/9
2026-02-27T01:28:41.007Z [EVENT] (serving: Iva Jovic)  sets: 4-6,4-2, game: 0-0, serving: P2
2026-02-27T01:29:35.128Z [ODDS] (serving: Iva Jovic)  Ajla Tomljanovic: 7/4 → 13/8, Iva Jovic: 4/9 → 1/2
2026-02-27T01:29:35.128Z [EVENT] (serving: Iva Jovic)  game: 15-0
2026-02-27T01:30:03.541Z [ODDS] (serving: Iva Jovic)  Ajla Tomljanovic: 13/8 → 13/10, Iva Jovic: 1/2 → 8/13
2026-02-27T01:30:03.541Z [EVENT] (serving: Iva Jovic)  game: 30-0
2026-02-27T01:30:34.662Z [ODDS] (serving: Iva Jovic)  Ajla Tomljanovic: 13/10 → 6/4, Iva Jovic: 8/13 → 8/15
2026-02-27T01:30:34.662Z [EVENT] (serving: Iva Jovic)  game: 30-15
2026-02-27T01:31:17.507Z [ODDS] (serving: Iva Jovic)  Ajla Tomljanovic: 6/4 → 7/4, Iva Jovic: 8/15 → 4/9
2026-02-27T01:31:17.507Z [EVENT] (serving: Iva Jovic)  game: 30-30
2026-02-27T01:31:45.472Z [ODDS] (serving: Iva Jovic)  Ajla Tomljanovic: 7/4 → 2/1, Iva Jovic: 4/9 → 2/5
2026-02-27T01:31:45.472Z [EVENT] (serving: Iva Jovic)  game: 30-40
2026-02-27T01:32:37.784Z [ODDS] (serving: Ajla Tomljanovic)  Ajla Tomljanovic: 2/1 → 11/5, Iva Jovic: 2/5 → 4/11
2026-02-27T01:32:37.784Z [EVENT] (serving: Ajla Tomljanovic)  sets: 4-6,4-3, game: 0-0, serving: P1
2026-02-27T01:34:39.108Z [ODDS] (serving: Ajla Tomljanovic)  Ajla Tomljanovic: 11/5 → 7/4, Iva Jovic: 4/11 → 4/9
2026-02-27T01:34:39.108Z [EVENT] (serving: Ajla Tomljanovic)  game: 15-0
2026-02-27T01:35:03.916Z [ODDS] (serving: Ajla Tomljanovic)  Ajla Tomljanovic: 7/4 → 13/8, Iva Jovic: 4/9 → 1/2
2026-02-27T01:35:03.916Z [EVENT] (serving: Ajla Tomljanovic)  game: 30-0
2026-02-27T01:35:44.954Z [ODDS] (serving: Ajla Tomljanovic)  Ajla Tomljanovic: 13/8 → 11/8, Iva Jovic: 1/2 → 4/7
2026-02-27T01:35:44.954Z [EVENT] (serving: Ajla Tomljanovic)  game: 40-0
2026-02-27T01:36:12.014Z [ODDS] (serving: Iva Jovic)  Ajla Tomljanovic: 11/8 → 13/10, Iva Jovic: 4/7 → 8/13
2026-02-27T01:36:12.014Z [EVENT] (serving: Iva Jovic)  sets: 4-6,5-3, game: 0-0, serving: P2
2026-02-27T01:37:03.429Z [ODDS] (serving: Iva Jovic)  Ajla Tomljanovic: 13/10 → 11/8, Iva Jovic: 8/13 → 4/7
2026-02-27T01:37:03.429Z [EVENT] (serving: Iva Jovic)  game: 0-15
2026-02-27T01:37:47.177Z [ODDS] (serving: Iva Jovic)  Ajla Tomljanovic: 11/8 → 13/10, Iva Jovic: 4/7 → 8/13
2026-02-27T01:37:47.177Z [EVENT] (serving: Iva Jovic)  game: 15-15
2026-02-27T01:38:16.942Z [ODDS] (serving: Iva Jovic)  Ajla Tomljanovic: 13/10 → 11/8, Iva Jovic: 8/13 → 4/7
2026-02-27T01:38:16.942Z [EVENT] (serving: Iva Jovic)  game: 15-30
2026-02-27T01:39:02.277Z [ODDS] (serving: Iva Jovic)  Ajla Tomljanovic: 11/8 → 6/4, Iva Jovic: 4/7 → 8/15
2026-02-27T01:39:02.278Z [EVENT] (serving: Iva Jovic)  game: 15-40
2026-02-27T01:39:43.771Z [ODDS] (serving: Iva Jovic)  Ajla Tomljanovic: 6/4 → 11/8, Iva Jovic: 8/15 → 4/7
2026-02-27T01:39:43.771Z [EVENT] (serving: Iva Jovic)  game: 30-40
2026-02-27T01:40:14.440Z [ODDS] (serving: Iva Jovic)  Ajla Tomljanovic: 11/8 → 13/10, Iva Jovic: 4/7 → 8/13
2026-02-27T01:40:56.384Z [ODDS] (serving: Ajla Tomljanovic)  Ajla Tomljanovic: 13/10 → 6/4, Iva Jovic: 8/13 → 8/15
2026-02-27T01:40:56.384Z [EVENT] (serving: Ajla Tomljanovic)  sets: 4-6,5-4, game: 0-0, serving: P1
2026-02-27T01:43:11.690Z [ODDS] (serving: Ajla Tomljanovic)  Ajla Tomljanovic: 6/4 → 6/5, Iva Jovic: 8/15 → 4/6
2026-02-27T01:43:11.690Z [EVENT] (serving: Ajla Tomljanovic)  game: 15-0
2026-02-27T01:43:36.044Z [ODDS] (serving: Ajla Tomljanovic)  Ajla Tomljanovic: 6/5 → 1/1, Iva Jovic: 4/6 → 4/5
2026-02-27T01:43:36.044Z [EVENT] (serving: Ajla Tomljanovic)  game: 30-0
2026-02-27T01:44:13.032Z [ODDS] (serving: Ajla Tomljanovic)  Ajla Tomljanovic: 1/1 → 10/11, Iva Jovic: 4/5 → 10/11
2026-02-27T01:44:13.032Z [EVENT] (serving: Ajla Tomljanovic)  game: 40-0
2026-02-27T01:44:59.936Z [ODDS] (serving: Iva Jovic)  Ajla Tomljanovic: 10/11 → 11/10, Iva Jovic: 10/11 → 8/11
2026-02-27T01:44:59.936Z [EVENT] (serving: Iva Jovic)  sets: 4-6,6-4,0-0, game: 0-0, serving: P2
2026-02-27T01:54:02.660Z [ODDS] (serving: Iva Jovic)  Ajla Tomljanovic: 11/10 → 10/11, Iva Jovic: 8/11 → 10/11
2026-02-27T01:54:02.660Z [EVENT] (serving: Iva Jovic)  game: 15-0
2026-02-27T01:54:33.780Z [ODDS] (serving: Iva Jovic)  Ajla Tomljanovic: 10/11 → 4/6, Iva Jovic: 10/11 → 6/5
2026-02-27T01:54:33.780Z [EVENT] (serving: Iva Jovic)  game: 30-0
2026-02-27T01:55:20.683Z [ODDS] (serving: Iva Jovic)  Ajla Tomljanovic: 4/6 → 1/2, Iva Jovic: 6/5 → 13/8
2026-02-27T01:55:20.683Z [EVENT] (serving: Iva Jovic)  game: 40-0
2026-02-27T01:55:49.549Z [ODDS] (serving: Ajla Tomljanovic)  Ajla Tomljanovic: 1/2 → 2/5, Iva Jovic: 13/8 → 2/1
2026-02-27T01:55:49.549Z [EVENT] (serving: Ajla Tomljanovic)  sets: 4-6,6-4,1-0, game: 0-0, serving: P1
2026-02-27T01:56:44.570Z [ODDS] (serving: Ajla Tomljanovic)  Ajla Tomljanovic: 2/5 → 4/11, Iva Jovic: 2/1 → 11/5
2026-02-27T01:56:44.570Z [EVENT] (serving: Ajla Tomljanovic)  game: 15-0
2026-02-27T01:57:10.278Z [ODDS] (serving: Ajla Tomljanovic)  Ajla Tomljanovic: 4/11 → 4/9, Iva Jovic: 11/5 → 7/4
2026-02-27T01:57:10.278Z [EVENT] (serving: Ajla Tomljanovic)  game: 15-15
2026-02-27T01:57:35.535Z [ODDS] (serving: Ajla Tomljanovic)  Ajla Tomljanovic: 4/9 → 4/11, Iva Jovic: 7/4 → 11/5
2026-02-27T01:57:35.535Z [EVENT] (serving: Ajla Tomljanovic)  game: 30-15
2026-02-27T01:58:03.497Z [ODDS] (serving: Ajla Tomljanovic)  Ajla Tomljanovic: 4/11 → 4/9, Iva Jovic: 11/5 → 7/4
2026-02-27T01:58:03.497Z [EVENT] (serving: Ajla Tomljanovic)  game: 30-30
2026-02-27T01:58:34.167Z [ODDS] (serving: Ajla Tomljanovic)  Ajla Tomljanovic: 4/9 → 4/11, Iva Jovic: 7/4 → 11/5
2026-02-27T01:58:34.167Z [EVENT] (serving: Ajla Tomljanovic)  game: 40-30
2026-02-27T01:59:20.170Z [ODDS] (serving: Ajla Tomljanovic)  Ajla Tomljanovic: 4/11 → 1/2, Iva Jovic: 11/5 → 13/8
2026-02-27T01:59:20.170Z [EVENT] (serving: Ajla Tomljanovic)  game: 40-40
2026-02-27T01:59:57.607Z [ODDS] (serving: Ajla Tomljanovic)  Ajla Tomljanovic: 1/2 → 4/11, Iva Jovic: 13/8 → 11/5
2026-02-27T01:59:57.607Z [EVENT] (serving: Ajla Tomljanovic)  game: A-40
2026-02-27T02:00:28.724Z [ODDS] (serving: Ajla Tomljanovic)  Ajla Tomljanovic: 4/11 → 1/2, Iva Jovic: 11/5 → 13/8
2026-02-27T02:00:28.725Z [EVENT] (serving: Ajla Tomljanovic)  game: 40-40
2026-02-27T02:00:57.590Z [ODDS] (serving: Ajla Tomljanovic)  Ajla Tomljanovic: 1/2 → 4/11, Iva Jovic: 13/8 → 11/5
2026-02-27T02:00:57.590Z [EVENT] (serving: Ajla Tomljanovic)  game: A-40
2026-02-27T02:01:26.455Z [ODDS] (serving: Ajla Tomljanovic)  Ajla Tomljanovic: 4/11 → 2/5, Iva Jovic: 11/5 → 2/1
2026-02-27T02:01:45.396Z [ODDS] (serving: Iva Jovic)  Ajla Tomljanovic: 2/5 → 2/7, Iva Jovic: 2/1 → 11/4
2026-02-27T02:01:45.396Z [EVENT] (serving: Iva Jovic)  sets: 4-6,6-4,2-0, game: 0-0, serving: P2
2026-02-27T02:02:44.933Z [ODDS] (serving: Iva Jovic)  Ajla Tomljanovic: 2/7 → 1/4, Iva Jovic: 11/4 → 3/1
2026-02-27T02:02:44.933Z [EVENT] (serving: Iva Jovic)  game: 15-0
2026-02-27T02:03:19.657Z [ODDS] (serving: Iva Jovic)  Ajla Tomljanovic: 1/4 → 3/10, Iva Jovic: 3/1 → 5/2
2026-02-27T02:03:19.657Z [EVENT] (serving: Iva Jovic)  game: 15-15
2026-02-27T02:04:13.778Z [ODDS] (serving: Iva Jovic)  Ajla Tomljanovic: 3/10 → 2/9, Iva Jovic: 5/2 → 10/3
2026-02-27T02:04:13.778Z [EVENT] (serving: Iva Jovic)  game: 30-15
2026-02-27T02:04:59.328Z [ODDS] (serving: Iva Jovic)  Ajla Tomljanovic: 2/9 → 2/7, Iva Jovic: 10/3 → 11/4
2026-02-27T02:04:59.328Z [EVENT] (serving: Iva Jovic)  game: 30-30
2026-02-27T02:05:46.687Z [ODDS] (serving: Iva Jovic)  Ajla Tomljanovic: 2/7 → 4/11, Iva Jovic: 11/4 → 11/5
2026-02-27T02:05:46.687Z [EVENT] (serving: Iva Jovic)  game: 30-40
2026-02-27T02:06:15.098Z [ODDS] (serving: Ajla Tomljanovic)  Ajla Tomljanovic: 4/11 → 2/5, Iva Jovic: 11/5 → 2/1
2026-02-27T02:06:15.098Z [EVENT] (serving: Ajla Tomljanovic)  sets: 4-6,6-4,2-1, game: 0-0, serving: P1
2026-02-27T02:08:18.672Z [ODDS] (serving: Ajla Tomljanovic)  Ajla Tomljanovic: 2/5 → 1/3, Iva Jovic: 2/1 → 12/5
2026-02-27T02:08:18.672Z [EVENT] (serving: Ajla Tomljanovic)  game: 15-0
2026-02-27T02:08:55.107Z [ODDS] (serving: Ajla Tomljanovic)  Ajla Tomljanovic: 1/3 → 4/9, Iva Jovic: 12/5 → 7/4
2026-02-27T02:08:55.107Z [EVENT] (serving: Ajla Tomljanovic)  game: 15-15
2026-02-27T02:09:30.285Z [ODDS] (serving: Ajla Tomljanovic)  Ajla Tomljanovic: 4/9 → 1/3, Iva Jovic: 7/4 → 12/5
2026-02-27T02:09:30.285Z [EVENT] (serving: Ajla Tomljanovic)  game: 30-15
2026-02-27T02:10:09.991Z [ODDS] (serving: Ajla Tomljanovic)  Ajla Tomljanovic: 1/3 → 4/9, Iva Jovic: 12/5 → 7/4
2026-02-27T02:10:09.991Z [EVENT] (serving: Ajla Tomljanovic)  game: 30-30
2026-02-27T02:10:41.996Z [ODDS] (serving: Ajla Tomljanovic)  Ajla Tomljanovic: 4/9 → 1/3, Iva Jovic: 7/4 → 12/5
2026-02-27T02:10:41.996Z [EVENT] (serving: Ajla Tomljanovic)  game: 40-30
2026-02-27T02:11:13.116Z [ODDS] (serving: Ajla Tomljanovic)  Ajla Tomljanovic: 1/3 → 4/9, Iva Jovic: 12/5 → 7/4
2026-02-27T02:11:13.116Z [EVENT] (serving: Ajla Tomljanovic)  game: 40-40
2026-02-27T02:11:49.197Z [ODDS] (serving: Ajla Tomljanovic)  Ajla Tomljanovic: 4/9 → 1/2, Iva Jovic: 7/4 → 13/8
2026-02-27T02:12:09.041Z [ODDS] (serving: Ajla Tomljanovic)  Ajla Tomljanovic: 1/2 → 1/3, Iva Jovic: 13/8 → 12/5
2026-02-27T02:12:09.041Z [EVENT] (serving: Ajla Tomljanovic)  game: A-40
2026-02-27T02:12:44.669Z [ODDS] (serving: Iva Jovic)  Ajla Tomljanovic: 1/3 → 1/4, Iva Jovic: 12/5 → 3/1
2026-02-27T02:12:44.669Z [EVENT] (serving: Iva Jovic)  sets: 4-6,6-4,3-1, game: 0-0, serving: P2
2026-02-27T02:13:36.985Z [ODDS] (serving: Iva Jovic)  Ajla Tomljanovic: 1/4 → 1/5, Iva Jovic: 3/1 → 7/2
2026-02-27T02:13:36.985Z [EVENT] (serving: Iva Jovic)  game: 15-0
2026-02-27T02:14:10.358Z [ODDS] (serving: Iva Jovic)  Ajla Tomljanovic: 1/5 → 1/4, Iva Jovic: 7/2 → 3/1
2026-02-27T02:14:10.359Z [EVENT] (serving: Iva Jovic)  game: 15-15
2026-02-27T02:14:40.130Z [ODDS] (serving: Iva Jovic)  Ajla Tomljanovic: 1/4 → 1/5, Iva Jovic: 3/1 → 7/2
2026-02-27T02:14:40.130Z [EVENT] (serving: Iva Jovic)  game: 30-15
2026-02-27T02:15:16.663Z [ODDS] (serving: Iva Jovic)  Ajla Tomljanovic: 1/5 → 1/4, Iva Jovic: 7/2 → 3/1
2026-02-27T02:15:16.663Z [EVENT] (serving: Iva Jovic)  game: 30-30
2026-02-27T02:15:45.976Z [ODDS] (serving: Iva Jovic)  Ajla Tomljanovic: 1/4 → 2/9, Iva Jovic: 3/1 → 10/3
2026-02-27T02:16:12.135Z [ODDS] (serving: Iva Jovic)  Ajla Tomljanovic: 2/9 → 3/10, Iva Jovic: 10/3 → 5/2
2026-02-27T02:16:12.135Z [EVENT] (serving: Iva Jovic)  game: 30-40
2026-02-27T02:16:49.116Z [ODDS] (serving: Ajla Tomljanovic)  Ajla Tomljanovic: 3/10 → 4/11, Iva Jovic: 5/2 → 11/5
2026-02-27T02:16:49.116Z [EVENT] (serving: Ajla Tomljanovic)  sets: 4-6,6-4,3-2, game: 0-0, serving: P1
2026-02-27T02:19:01.713Z [ODDS] (serving: Ajla Tomljanovic)  Ajla Tomljanovic: 4/11 → 2/7, Iva Jovic: 11/5 → 11/4
2026-02-27T02:19:01.713Z [EVENT] (serving: Ajla Tomljanovic)  game: 15-0
2026-02-27T02:19:25.615Z [ODDS] (serving: Ajla Tomljanovic)  Ajla Tomljanovic: 2/7 → 3/10, Iva Jovic: 11/4 → 5/2
2026-02-27T02:19:43.210Z [ODDS] (serving: Ajla Tomljanovic)  Ajla Tomljanovic: 3/10 → 2/9, Iva Jovic: 5/2 → 10/3
2026-02-27T02:19:43.210Z [EVENT] (serving: Ajla Tomljanovic)  game: 30-0
2026-02-27T02:20:16.580Z [ODDS] (serving: Ajla Tomljanovic)  Ajla Tomljanovic: 2/9 → 2/7, Iva Jovic: 10/3 → 11/4
2026-02-27T02:20:16.580Z [EVENT] (serving: Ajla Tomljanovic)  game: 30-15
2026-02-27T02:20:51.760Z [ODDS] (serving: Ajla Tomljanovic)  Ajla Tomljanovic: 2/7 → 2/5, Iva Jovic: 11/4 → 2/1
2026-02-27T02:20:51.760Z [EVENT] (serving: Ajla Tomljanovic)  game: 30-30
2026-02-27T02:21:20.624Z [ODDS] (serving: Ajla Tomljanovic)  Ajla Tomljanovic: 2/5 → 2/7, Iva Jovic: 2/1 → 11/4
2026-02-27T02:21:20.624Z [EVENT] (serving: Ajla Tomljanovic)  game: 40-30
2026-02-27T02:22:03.921Z [ODDS] (serving: Iva Jovic)  Ajla Tomljanovic: 2/7 → 1/5, Iva Jovic: 11/4 → 7/2
2026-02-27T02:22:03.921Z [EVENT] (serving: Iva Jovic)  sets: 4-6,6-4,4-2, game: 0-0, serving: P2
2026-02-27T02:22:52.631Z [ODDS] (serving: Iva Jovic)  Ajla Tomljanovic: 1/5 → 1/4, Iva Jovic: 7/2 → 3/1
2026-02-27T02:22:52.631Z [EVENT] (serving: Iva Jovic)  game: 0-15
2026-02-27T02:23:18.338Z [ODDS] (serving: Iva Jovic)  Ajla Tomljanovic: 1/4 → 1/5, Iva Jovic: 3/1 → 7/2
2026-02-27T02:23:18.338Z [EVENT] (serving: Iva Jovic)  game: 15-15
2026-02-27T02:24:06.143Z [ODDS] (serving: Iva Jovic)  Ajla Tomljanovic: 1/5 → 1/7, Iva Jovic: 7/2 → 9/2
2026-02-27T02:24:06.144Z [EVENT] (serving: Iva Jovic)  game: 30-15
2026-02-27T02:24:37.264Z [ODDS] (serving: Iva Jovic)  Ajla Tomljanovic: 1/7 → 1/5, Iva Jovic: 9/2 → 7/2
2026-02-27T02:24:37.264Z [EVENT] (serving: Iva Jovic)  game: 30-30
2026-02-27T02:25:01.166Z [ODDS] (serving: Iva Jovic)  Ajla Tomljanovic: 1/5 → 1/4, Iva Jovic: 7/2 → 3/1
2026-02-27T02:25:01.166Z [EVENT] (serving: Iva Jovic)  game: 30-40
2026-02-27T02:25:29.137Z [ODDS] (serving: Ajla Tomljanovic)  Ajla Tomljanovic: 1/4 → 2/7, Iva Jovic: 3/1 → 11/4
2026-02-27T02:25:29.137Z [EVENT] (serving: Ajla Tomljanovic)  sets: 4-6,6-4,4-3, game: 0-0, serving: P1
2026-02-27T02:27:23.687Z [ODDS] (serving: Ajla Tomljanovic)  Ajla Tomljanovic: 2/7 → 2/5, Iva Jovic: 11/4 → 2/1
2026-02-27T02:27:23.687Z [EVENT] (serving: Ajla Tomljanovic)  game: 0-15
2026-02-27T02:27:57.512Z [ODDS] (serving: Ajla Tomljanovic)  Ajla Tomljanovic: 2/5 → 3/10, Iva Jovic: 2/1 → 5/2
2026-02-27T02:27:57.512Z [EVENT] (serving: Ajla Tomljanovic)  game: 15-15
2026-02-27T02:28:32.693Z [ODDS] (serving: Ajla Tomljanovic)  Ajla Tomljanovic: 3/10 → 1/2, Iva Jovic: 5/2 → 13/8
2026-02-27T02:28:32.693Z [EVENT] (serving: Ajla Tomljanovic)  game: 15-30
2026-02-27T02:28:59.754Z [ODDS] (serving: Ajla Tomljanovic)  Ajla Tomljanovic: 1/2 → 1/3, Iva Jovic: 13/8 → 12/5
2026-02-27T02:28:59.754Z [EVENT] (serving: Ajla Tomljanovic)  game: 30-30
2026-02-27T02:29:23.213Z [ODDS] (serving: Ajla Tomljanovic)  Ajla Tomljanovic: 1/3 → 4/11, Iva Jovic: 12/5 → 11/5
2026-02-27T02:29:34.481Z [ODDS] (serving: Ajla Tomljanovic)  Ajla Tomljanovic: 4/11 → 4/7, Iva Jovic: 11/5 → 11/8
2026-02-27T02:29:34.482Z [EVENT] (serving: Ajla Tomljanovic)  game: 30-40
2026-02-27T02:30:01.992Z [ODDS] (serving: Iva Jovic)  Ajla Tomljanovic: 4/7 → 11/10, Iva Jovic: 11/8 → 8/11
2026-02-27T02:30:01.992Z [EVENT] (serving: Iva Jovic)  sets: 4-6,6-4,4-4, game: 0-0, serving: P2
2026-02-27T02:30:56.119Z [ODDS] (serving: Iva Jovic)  Ajla Tomljanovic: 11/10 → 8/11, Iva Jovic: 8/11 → 11/10
2026-02-27T02:30:56.119Z [EVENT] (serving: Iva Jovic)  game: 15-0
2026-02-27T02:31:29.945Z [ODDS] (serving: Iva Jovic)  Ajla Tomljanovic: 8/11 → 4/6, Iva Jovic: 11/10 → 6/5
2026-02-27T02:31:53.397Z [ODDS] (serving: Iva Jovic)  Ajla Tomljanovic: 4/6 → 1/1, Iva Jovic: 6/5 → 4/5
2026-02-27T02:31:53.397Z [EVENT] (serving: Iva Jovic)  game: 15-15
2026-02-27T02:32:29.476Z [ODDS] (serving: Iva Jovic)  Ajla Tomljanovic: 1/1 → 10/11, Iva Jovic: 4/5 → 10/11
2026-02-27T02:32:43.908Z [ODDS] (serving: Iva Jovic)  Ajla Tomljanovic: 10/11 → 4/6, Iva Jovic: 10/11 → 6/5
2026-02-27T02:32:43.908Z [EVENT] (serving: Iva Jovic)  game: 30-15
2026-02-27T02:33:15.479Z [ODDS] (serving: Iva Jovic)  Ajla Tomljanovic: 4/6 → 8/13, Iva Jovic: 6/5 → 13/10
2026-02-27T02:33:41.187Z [ODDS] (serving: Iva Jovic)  Ajla Tomljanovic: 8/13 → 4/11, Iva Jovic: 13/10 → 11/5
2026-02-27T02:33:41.187Z [EVENT] (serving: Iva Jovic)  game: 40-15
2026-02-27T02:34:22.228Z [ODDS] (serving: Ajla Tomljanovic)  Ajla Tomljanovic: 4/11 → 1/5, Iva Jovic: 11/5 → 7/2
2026-02-27T02:34:22.228Z [EVENT] (serving: Ajla Tomljanovic)  sets: 4-6,6-4,5-4, game: 0-0, serving: P1
2026-02-27T02:36:14.981Z [ODDS] (serving: Ajla Tomljanovic)  Ajla Tomljanovic: 1/5 → 2/9, Iva Jovic: 7/2 → 10/3
2026-02-27T02:36:27.158Z [ODDS] (serving: Ajla Tomljanovic)  Ajla Tomljanovic: 2/9 → 1/9, Iva Jovic: 10/3 → 11/2
2026-02-27T02:36:27.158Z [EVENT] (serving: Ajla Tomljanovic)  game: 15-0
2026-02-27T02:36:51.964Z [ODDS] (serving: Ajla Tomljanovic)  Ajla Tomljanovic: 1/9 → 1/25, Iva Jovic: 11/2 → 12/1
2026-02-27T02:36:51.964Z [EVENT] (serving: Ajla Tomljanovic)  game: 30-0
2026-02-27T02:37:20.377Z [ODDS] (serving: Ajla Tomljanovic)  Ajla Tomljanovic: 1/25 → 1/100, Iva Jovic: 12/1 → 25/1
2026-02-27T02:37:20.377Z [EVENT] (serving: Ajla Tomljanovic)  game: 40-0
2026-02-27T02:37:44.280Z [ODDS] (serving: Ajla Tomljanovic)  Ajla Tomljanovic: 1/100 → 1/80, Iva Jovic: 25/1 → 22/1
2026-02-27T02:37:59.616Z [ODDS] (serving: Ajla Tomljanovic)  Ajla Tomljanovic: 1/80 → 1/33, Iva Jovic: 22/1 → 14/1
2026-02-27T02:37:59.616Z [EVENT] (serving: Ajla Tomljanovic)  game: 40-15
2026-02-27T02:38:30.231Z [ODDS] (serving: Ajla Tomljanovic)  Ajla Tomljanovic: 1/33 → 1/12, Iva Jovic: 14/1 → 7/1
2026-02-27T02:38:30.231Z [EVENT] (serving: Ajla Tomljanovic)  game: 40-30
2026-02-27T02:39:00.900Z [ODDS] (serving: Ajla Tomljanovic)  Ajla Tomljanovic: 1/12 → 0/0, Iva Jovic: 7/1 → 0/0
2026-02-27T02:39:00.900Z [EVENT] (serving: Ajla Tomljanovic)  sets: 4-6,6-4,6-4, game: 0-0
