2026-02-26T19:47:26.151Z [ODDS] (serving: Eryn Cayetano)  Alana Smith: 4/5 → 1/1, Eryn Cayetano: 19/20 → 3/4
2026-02-26T19:47:26.151Z [EVENT] (serving: Eryn Cayetano)  game: 30-40
2026-02-26T19:47:58.633Z [ODDS] (serving: Eryn Cayetano)  Alana Smith: 1/1 → 4/5, Eryn Cayetano: 3/4 → 19/20
2026-02-26T19:47:58.633Z [EVENT] (serving: Eryn Cayetano)  game: 40-40
2026-02-26T19:48:53.192Z [ODDS] (serving: Eryn Cayetano)  Alana Smith: 4/5 → 1/1, Eryn Cayetano: 19/20 → 3/4
2026-02-26T19:48:53.192Z [EVENT] (serving: Eryn Cayetano)  game: 40-A
2026-02-26T19:49:02.665Z [ODDS] (serving: Eryn Cayetano)  Alana Smith: 1/1 → 4/5, Eryn Cayetano: 3/4 → 19/20
2026-02-26T19:49:02.665Z [EVENT] (serving: Eryn Cayetano)  game: 40-40
2026-02-26T19:50:06.710Z [ODDS] (serving: Eryn Cayetano)  Alana Smith: 4/5 → 8/13, Eryn Cayetano: 19/20 → 6/5
2026-02-26T19:50:06.710Z [EVENT] (serving: Eryn Cayetano)  game: A-40
2026-02-26T19:50:53.612Z [ODDS] (serving: Alana Smith)  Alana Smith: 8/13 → 4/9, Eryn Cayetano: 6/5 → 13/8
2026-02-26T19:50:53.612Z [EVENT] (serving: Alana Smith)  sets: 6-4,4-4, game: 0-0, serving: P1
2026-02-26T19:52:20.660Z [ODDS] (serving: Alana Smith)  Alana Smith: 4/9 → 4/7, Eryn Cayetano: 13/8 → 5/4
2026-02-26T19:52:20.660Z [EVENT] (serving: Alana Smith)  game: 0-15
2026-02-26T19:52:41.408Z [ODDS] (serving: Alana Smith)  Alana Smith: 4/7 → 8/13, Eryn Cayetano: 5/4 → 6/5
2026-02-26T19:53:09.828Z [ODDS] (serving: Alana Smith)  Alana Smith: 8/13 → 3/4, Eryn Cayetano: 6/5 → 1/1
2026-02-26T19:53:09.828Z [EVENT] (serving: Alana Smith)  game: 0-30
2026-02-26T19:54:03.491Z [ODDS] (serving: Alana Smith)  Alana Smith: 3/4 → 10/11, Eryn Cayetano: 1/1 → 10/11
2026-02-26T19:54:03.491Z [EVENT] (serving: Alana Smith)  game: 0-40
2026-02-26T19:54:47.234Z [ODDS] (serving: Alana Smith)  Alana Smith: 10/11 → 4/5, Eryn Cayetano: 10/11 → 19/20
2026-02-26T19:54:47.234Z [EVENT] (serving: Alana Smith)  game: 15-40
2026-02-26T19:55:58.970Z [ODDS] (serving: Eryn Cayetano)  Alana Smith: 4/5 → 19/20, Eryn Cayetano: 19/20 → 4/5
2026-02-26T19:55:58.970Z [EVENT] (serving: Eryn Cayetano)  sets: 6-4,4-5, game: 0-0, serving: P2
2026-02-26T19:58:07.069Z [ODDS] (serving: Eryn Cayetano)  Alana Smith: 19/20 → 10/11, Eryn Cayetano: 4/5 → 10/11
2026-02-26T19:58:31.427Z [ODDS] (serving: Eryn Cayetano)  Alana Smith: 10/11 → 21/20, Eryn Cayetano: 10/11 → 7/10
2026-02-26T19:58:31.427Z [EVENT] (serving: Eryn Cayetano)  game: 0-15
2026-02-26T19:59:02.093Z [ODDS] (serving: Eryn Cayetano)  Alana Smith: 21/20 → 5/4, Eryn Cayetano: 7/10 → 4/7
2026-02-26T19:59:02.093Z [EVENT] (serving: Eryn Cayetano)  game: 0-30
2026-02-26T19:59:30.275Z [ODDS] (serving: Eryn Cayetano)  Alana Smith: 5/4 → 21/20, Eryn Cayetano: 4/7 → 7/10
2026-02-26T19:59:30.275Z [EVENT] (serving: Eryn Cayetano)  game: 15-30
2026-02-26T20:00:15.156Z [ODDS] (serving: Eryn Cayetano)  Alana Smith: 21/20 → 11/8, Eryn Cayetano: 7/10 → 8/15
2026-02-26T20:00:15.156Z [EVENT] (serving: Eryn Cayetano)  game: 15-40
2026-02-26T20:00:44.920Z [ODDS] (serving: Eryn Cayetano)  Alana Smith: 11/8 → 5/4, Eryn Cayetano: 8/15 → 4/7
2026-02-26T20:01:04.765Z [ODDS] (serving: Alana Smith)  Alana Smith: 5/4 → 13/8, Eryn Cayetano: 4/7 → 4/9
2026-02-26T20:01:04.765Z [EVENT] (serving: Alana Smith)  sets: 6-4,4-6,0-0, game: 0-0, serving: P1
2026-02-26T20:05:53.406Z [ODDS] (serving: Alana Smith)  Alana Smith: 13/8 → 5/4, Eryn Cayetano: 4/9 → 4/7
2026-02-26T20:05:53.406Z [EVENT] (serving: Alana Smith)  game: 15-0
2026-02-26T20:06:23.625Z [ODDS] (serving: Alana Smith)  Alana Smith: 5/4 → 13/8, Eryn Cayetano: 4/7 → 4/9
2026-02-26T20:06:23.625Z [EVENT] (serving: Alana Smith)  game: 15-15
2026-02-26T20:06:49.331Z [ODDS] (serving: Alana Smith)  Alana Smith: 13/8 → 5/4, Eryn Cayetano: 4/9 → 4/7
2026-02-26T20:06:49.331Z [EVENT] (serving: Alana Smith)  game: 30-15
2026-02-26T20:07:22.259Z [ODDS] (serving: Alana Smith)  Alana Smith: 5/4 → 1/1, Eryn Cayetano: 4/7 → 3/4
2026-02-26T20:07:22.259Z [EVENT] (serving: Alana Smith)  game: 40-15
2026-02-26T20:08:03.006Z [ODDS] (serving: Alana Smith)  Alana Smith: 1/1 → 6/5, Eryn Cayetano: 3/4 → 8/13
2026-02-26T20:08:03.006Z [EVENT] (serving: Alana Smith)  game: 40-30
2026-02-26T20:08:35.925Z [ODDS] (serving: Alana Smith)  Alana Smith: 6/5 → 5/4, Eryn Cayetano: 8/13 → 4/7
2026-02-26T20:08:53.065Z [ODDS] (serving: Alana Smith)  Alana Smith: 5/4 → 13/8, Eryn Cayetano: 4/7 → 4/9
2026-02-26T20:08:53.065Z [EVENT] (serving: Alana Smith)  game: 40-40
2026-02-26T20:09:40.419Z [ODDS] (serving: Alana Smith)  Alana Smith: 13/8 → 6/5, Eryn Cayetano: 4/9 → 8/13
2026-02-26T20:09:40.419Z [EVENT] (serving: Alana Smith)  game: A-40
2026-02-26T20:10:12.445Z [ODDS] (serving: Eryn Cayetano)  Alana Smith: 6/5 → 19/20, Eryn Cayetano: 8/13 → 4/5
2026-02-26T20:10:12.445Z [EVENT] (serving: Eryn Cayetano)  sets: 6-4,4-6,1-0, game: 0-0, serving: P2
2026-02-26T20:11:50.764Z [ODDS] (serving: Eryn Cayetano)  Alana Smith: 19/20 → 3/4
2026-02-26T20:11:51.212Z [ODDS] (serving: Eryn Cayetano)  Eryn Cayetano: 4/5 → 1/1
2026-02-26T20:11:51.212Z [EVENT] (serving: Eryn Cayetano)  game: 15-0
2026-02-26T20:12:22.329Z [ODDS] (serving: Eryn Cayetano)  Alana Smith: 3/4 → 4/7, Eryn Cayetano: 1/1 → 5/4
2026-02-26T20:12:22.329Z [EVENT] (serving: Eryn Cayetano)  game: 30-0
2026-02-26T20:13:17.802Z [ODDS] (serving: Eryn Cayetano)  Alana Smith: 4/7 → 3/4, Eryn Cayetano: 5/4 → 1/1
2026-02-26T20:13:17.802Z [EVENT] (serving: Eryn Cayetano)  game: 30-15
2026-02-26T20:13:38.552Z [ODDS] (serving: Eryn Cayetano)  Alana Smith: 3/4 → 7/10, Eryn Cayetano: 1/1 → 21/20
2026-02-26T20:14:06.070Z [ODDS] (serving: Eryn Cayetano)  Alana Smith: 7/10 → 19/20, Eryn Cayetano: 21/20 → 4/5
2026-02-26T20:14:06.070Z [EVENT] (serving: Eryn Cayetano)  game: 30-30
2026-02-26T20:14:44.848Z [ODDS] (serving: Eryn Cayetano)  Alana Smith: 19/20 → 4/6, Eryn Cayetano: 4/5 → 11/10
2026-02-26T20:14:44.848Z [EVENT] (serving: Eryn Cayetano)  game: 40-30
2026-02-26T20:15:24.084Z [ODDS] (serving: Eryn Cayetano)  Alana Smith: 4/6 → 19/20, Eryn Cayetano: 11/10 → 4/5
2026-02-26T20:15:24.084Z [EVENT] (serving: Eryn Cayetano)  game: 40-40
2026-02-26T20:15:50.700Z [ODDS] (serving: Eryn Cayetano)  Alana Smith: 19/20 → 6/5, Eryn Cayetano: 4/5 → 8/13
2026-02-26T20:15:50.700Z [EVENT] (serving: Eryn Cayetano)  game: 40-A
2026-02-26T20:16:42.565Z [ODDS] (serving: Alana Smith)  Alana Smith: 6/5 → 6/4, Eryn Cayetano: 8/13 → 1/2
2026-02-26T20:16:42.565Z [EVENT] (serving: Alana Smith)  sets: 6-4,4-6,1-1, game: 0-0, serving: P1
2026-02-26T20:17:31.283Z [ODDS] (serving: Alana Smith)  Alana Smith: 6/4 → 6/5, Eryn Cayetano: 1/2 → 8/13
2026-02-26T20:17:31.283Z [EVENT] (serving: Alana Smith)  game: 15-0
2026-02-26T20:17:51.123Z [ODDS] (serving: Alana Smith)  Alana Smith: 6/5 → 1/1, Eryn Cayetano: 8/13 → 3/4
2026-02-26T20:17:51.123Z [EVENT] (serving: Alana Smith)  game: 30-0
2026-02-26T20:18:42.994Z [ODDS] (serving: Alana Smith)  Alana Smith: 1/1 → 10/11, Eryn Cayetano: 3/4 → 10/11
2026-02-26T20:18:42.994Z [EVENT] (serving: Alana Smith)  game: 40-0
2026-02-26T20:19:46.133Z [ODDS] (serving: Eryn Cayetano)  Alana Smith: 10/11 → 4/5, Eryn Cayetano: 10/11 → 19/20
2026-02-26T20:19:46.133Z [EVENT] (serving: Eryn Cayetano)  sets: 6-4,4-6,2-1, game: 0-0, serving: P2
2026-02-26T20:21:46.552Z [ODDS] (serving: Eryn Cayetano)  Alana Smith: 4/5 → 3/4, Eryn Cayetano: 19/20 → 1/1
2026-02-26T20:22:13.608Z [ODDS] (serving: Eryn Cayetano)  Alana Smith: 3/4 → 8/13, Eryn Cayetano: 1/1 → 6/5
2026-02-26T20:22:13.608Z [EVENT] (serving: Eryn Cayetano)  game: 15-0
2026-02-26T20:22:59.161Z [ODDS] (serving: Eryn Cayetano)  Alana Smith: 8/13 → 4/5, Eryn Cayetano: 6/5 → 19/20
2026-02-26T20:22:59.161Z [EVENT] (serving: Eryn Cayetano)  game: 15-15
2026-02-26T20:23:31.633Z [ODDS] (serving: Eryn Cayetano)  Alana Smith: 4/5 → 19/20, Eryn Cayetano: 19/20 → 4/5
2026-02-26T20:23:31.633Z [EVENT] (serving: Eryn Cayetano)  game: 15-30
2026-02-26T20:24:19.438Z [ODDS] (serving: Eryn Cayetano)  Alana Smith: 19/20 → 6/5, Eryn Cayetano: 4/5 → 8/13
2026-02-26T20:24:19.438Z [EVENT] (serving: Eryn Cayetano)  game: 15-40
2026-02-26T20:24:47.852Z [ODDS] (serving: Alana Smith)  Alana Smith: 6/5 → 11/8, Eryn Cayetano: 8/13 → 8/15
2026-02-26T20:24:47.852Z [EVENT] (serving: Alana Smith)  sets: 6-4,4-6,2-2, game: 0-0, serving: P1
2026-02-26T20:25:53.234Z [ODDS] (serving: Alana Smith)  Alana Smith: 11/8 → 7/4, Eryn Cayetano: 8/15 → 2/5
2026-02-26T20:25:53.234Z [EVENT] (serving: Alana Smith)  game: 0-15
2026-02-26T20:26:28.421Z [ODDS] (serving: Alana Smith)  Alana Smith: 7/4 → 11/8, Eryn Cayetano: 2/5 → 8/15
2026-02-26T20:26:28.422Z [EVENT] (serving: Alana Smith)  game: 15-15
2026-02-26T20:27:05.391Z [ODDS] (serving: Alana Smith)  Alana Smith: 11/8 → 6/4, Eryn Cayetano: 8/15 → 1/2
2026-02-26T20:27:36.060Z [ODDS] (serving: Alana Smith)  Alana Smith: 6/4 → 21/20, Eryn Cayetano: 1/2 → 7/10
2026-02-26T20:27:36.060Z [EVENT] (serving: Alana Smith)  game: 30-15
2026-02-26T20:28:08.083Z [ODDS] (serving: Alana Smith)  Alana Smith: 21/20 → 10/11, Eryn Cayetano: 7/10 → 10/11
2026-02-26T20:28:08.083Z [EVENT] (serving: Alana Smith)  game: 40-15
2026-02-26T20:28:36.495Z [ODDS] (serving: Alana Smith)  Alana Smith: 10/11 → 1/1, Eryn Cayetano: 10/11 → 3/4
2026-02-26T20:28:36.495Z [EVENT] (serving: Alana Smith)  game: 40-30
2026-02-26T20:29:26.103Z [ODDS] (serving: Alana Smith)  Alana Smith: 1/1 → 11/8, Eryn Cayetano: 3/4 → 8/15
2026-02-26T20:29:26.103Z [EVENT] (serving: Alana Smith)  game: 40-40
2026-02-26T20:30:19.326Z [ODDS] (serving: Alana Smith)  Alana Smith: 11/8 → 1/1, Eryn Cayetano: 8/15 → 3/4
2026-02-26T20:30:19.326Z [EVENT] (serving: Alana Smith)  game: A-40
2026-02-26T20:31:09.837Z [ODDS] (serving: Eryn Cayetano)  Alana Smith: 1/1 → 4/5, Eryn Cayetano: 3/4 → 19/20
2026-02-26T20:31:09.837Z [EVENT] (serving: Eryn Cayetano)  sets: 6-4,4-6,3-2, game: 0-0, serving: P2
2026-02-26T20:33:27.395Z [ODDS] (serving: Eryn Cayetano)  Alana Smith: 4/5 → 19/20, Eryn Cayetano: 19/20 → 4/5
2026-02-26T20:33:27.395Z [EVENT] (serving: Eryn Cayetano)  game: 0-15
2026-02-26T20:33:55.361Z [ODDS] (serving: Eryn Cayetano)  Alana Smith: 19/20 → 3/4, Eryn Cayetano: 4/5 → 1/1
2026-02-26T20:33:55.361Z [EVENT] (serving: Eryn Cayetano)  game: 15-15
2026-02-26T20:34:24.729Z [ODDS] (serving: Eryn Cayetano)  Alana Smith: 3/4 → 19/20, Eryn Cayetano: 1/1 → 4/5
2026-02-26T20:34:24.729Z [EVENT] (serving: Eryn Cayetano)  game: 15-30
2026-02-26T20:34:53.541Z [ODDS] (serving: Eryn Cayetano)  Alana Smith: 19/20 → 6/5, Eryn Cayetano: 4/5 → 8/13
2026-02-26T20:34:53.542Z [EVENT] (serving: Eryn Cayetano)  game: 15-40
2026-02-26T20:35:12.029Z [ODDS] (serving: Eryn Cayetano)  Alana Smith: 6/5 → 1/1, Eryn Cayetano: 8/13 → 3/4
2026-02-26T20:35:12.029Z [EVENT] (serving: Eryn Cayetano)  game: 30-40
2026-02-26T20:36:03.447Z [ODDS] (serving: Eryn Cayetano)  Alana Smith: 1/1 → 19/20, Eryn Cayetano: 3/4 → 4/5
2026-02-26T20:36:23.736Z [ODDS] (serving: Alana Smith)  Alana Smith: 19/20 → 5/4, Eryn Cayetano: 4/5 → 4/7
2026-02-26T20:36:23.736Z [EVENT] (serving: Alana Smith)  sets: 6-4,4-6,3-3, game: 0-0, serving: P1
2026-02-26T20:37:16.052Z [ODDS] (serving: Alana Smith)  Alana Smith: 5/4 → 1/1, Eryn Cayetano: 4/7 → 3/4
2026-02-26T20:37:16.052Z [EVENT] (serving: Alana Smith)  game: 15-0
2026-02-26T20:37:49.880Z [ODDS] (serving: Alana Smith)  Alana Smith: 1/1 → 4/5, Eryn Cayetano: 3/4 → 19/20
2026-02-26T20:37:49.880Z [EVENT] (serving: Alana Smith)  game: 30-0
2026-02-26T20:38:26.103Z [ODDS] (serving: Alana Smith)  Alana Smith: 4/5 → 10/11, Eryn Cayetano: 19/20 → 10/11
2026-02-26T20:38:48.656Z [ODDS] (serving: Alana Smith)  Alana Smith: 10/11 → 1/1, Eryn Cayetano: 10/11 → 3/4
2026-02-26T20:38:48.656Z [EVENT] (serving: Alana Smith)  game: 30-15
2026-02-26T20:39:22.934Z [ODDS] (serving: Alana Smith)  Alana Smith: 1/1 → 21/20, Eryn Cayetano: 3/4 → 7/10
2026-02-26T20:39:43.226Z [ODDS] (serving: Alana Smith)  Alana Smith: 21/20 → 11/8, Eryn Cayetano: 7/10 → 8/15
2026-02-26T20:39:43.226Z [EVENT] (serving: Alana Smith)  game: 30-30
2026-02-26T20:40:18.859Z [ODDS] (serving: Alana Smith)  Alana Smith: 11/8 → 19/20, Eryn Cayetano: 8/15 → 4/5
2026-02-26T20:40:18.859Z [EVENT] (serving: Alana Smith)  game: 40-30
2026-02-26T20:40:52.683Z [ODDS] (serving: Alana Smith)  Alana Smith: 19/20 → 11/8, Eryn Cayetano: 4/5 → 8/15
2026-02-26T20:40:52.683Z [EVENT] (serving: Alana Smith)  game: 40-40
2026-02-26T20:41:19.292Z [ODDS] (serving: Alana Smith)  Alana Smith: 11/8 → 19/20, Eryn Cayetano: 8/15 → 4/5
2026-02-26T20:41:19.292Z [EVENT] (serving: Alana Smith)  game: A-40
2026-02-26T20:41:40.943Z [ODDS] (serving: Alana Smith)  Alana Smith: 19/20 → 1/1, Eryn Cayetano: 4/5 → 3/4
2026-02-26T20:41:58.531Z [ODDS] (serving: Eryn Cayetano)  Alana Smith: 1/1 → 7/10, Eryn Cayetano: 3/4 → 21/20
2026-02-26T20:41:58.532Z [EVENT] (serving: Eryn Cayetano)  sets: 6-4,4-6,4-3, game: 0-0, serving: P2
2026-02-26T20:44:12.935Z [ODDS] (serving: Eryn Cayetano)  Alana Smith: 7/10 → 19/20, Eryn Cayetano: 21/20 → 4/5
2026-02-26T20:44:12.935Z [EVENT] (serving: Eryn Cayetano)  game: 0-15
2026-02-26T20:45:02.539Z [ODDS] (serving: Eryn Cayetano)  Alana Smith: 19/20 → 4/6, Eryn Cayetano: 4/5 → 11/10
2026-02-26T20:45:02.539Z [EVENT] (serving: Eryn Cayetano)  game: 15-15
2026-02-26T20:45:38.619Z [ODDS] (serving: Eryn Cayetano)  Alana Smith: 4/6 → 7/10, Eryn Cayetano: 11/10 → 21/20
2026-02-26T20:45:43.130Z [ODDS] (serving: Eryn Cayetano)  Alana Smith: 7/10 → 4/6, Eryn Cayetano: 21/20 → 11/10
2026-02-26T20:46:16.958Z [ODDS] (serving: Eryn Cayetano)  Alana Smith: 4/6 → 19/20, Eryn Cayetano: 11/10 → 4/5
2026-02-26T20:46:16.958Z [EVENT] (serving: Eryn Cayetano)  game: 15-30
2026-02-26T20:47:09.278Z [ODDS] (serving: Eryn Cayetano)  Alana Smith: 19/20 → 4/6, Eryn Cayetano: 4/5 → 11/10
2026-02-26T20:47:09.278Z [EVENT] (serving: Eryn Cayetano)  game: 30-30
2026-02-26T20:47:42.655Z [ODDS] (serving: Eryn Cayetano)  Alana Smith: 4/6 → 8/13, Eryn Cayetano: 11/10 → 6/5
2026-02-26T20:47:59.883Z [ODDS] (serving: Eryn Cayetano)  Alana Smith: 8/13 → 19/20, Eryn Cayetano: 6/5 → 4/5
2026-02-26T20:47:59.883Z [EVENT] (serving: Eryn Cayetano)  game: 30-40
2026-02-26T20:48:21.079Z [ODDS] (serving: Alana Smith)  Alana Smith: 19/20 → 5/4, Eryn Cayetano: 4/5 → 4/7
2026-02-26T20:48:21.079Z [EVENT] (serving: Alana Smith)  sets: 6-4,4-6,4-4, game: 0-0, serving: P1
2026-02-26T20:49:13.396Z [ODDS] (serving: Alana Smith)  Alana Smith: 5/4 → 19/20, Eryn Cayetano: 4/7 → 4/5
2026-02-26T20:49:13.396Z [EVENT] (serving: Alana Smith)  game: 15-0
2026-02-26T20:49:35.044Z [ODDS] (serving: Alana Smith)  Alana Smith: 19/20 → 1/1, Eryn Cayetano: 4/5 → 3/4
2026-02-26T20:49:46.319Z [ODDS] (serving: Alana Smith)  Alana Smith: 1/1 → 5/4, Eryn Cayetano: 3/4 → 4/7
2026-02-26T20:49:46.319Z [EVENT] (serving: Alana Smith)  game: 15-15
2026-02-26T20:50:28.283Z [ODDS] (serving: Alana Smith)  Alana Smith: 5/4 → 11/8, Eryn Cayetano: 4/7 → 8/15
2026-02-26T20:50:42.271Z [ODDS] (serving: Alana Smith)  Alana Smith: 11/8 → 2/1, Eryn Cayetano: 8/15 → 4/11
2026-02-26T20:50:42.271Z [EVENT] (serving: Alana Smith)  game: 15-30
2026-02-26T20:51:12.932Z [ODDS] (serving: Alana Smith)  Alana Smith: 2/1 → 5/4, Eryn Cayetano: 4/11 → 4/7
2026-02-26T20:51:12.932Z [EVENT] (serving: Alana Smith)  game: 30-30
2026-02-26T20:51:49.914Z [ODDS] (serving: Alana Smith)  Alana Smith: 5/4 → 12/5, Eryn Cayetano: 4/7 → 3/10
2026-02-26T20:51:49.914Z [EVENT] (serving: Alana Smith)  game: 30-40
2026-02-26T20:52:27.810Z [ODDS] (serving: Eryn Cayetano)  Alana Smith: 12/5 → 9/2, Eryn Cayetano: 3/10 → 1/8
2026-02-26T20:52:27.810Z [EVENT] (serving: Eryn Cayetano)  sets: 6-4,4-6,4-5, game: 0-0, serving: P2
2026-02-26T20:55:00.271Z [ODDS] (serving: Eryn Cayetano)  Alana Smith: 9/2 → 10/3, Eryn Cayetano: 1/8 → 1/5
2026-02-26T20:55:00.272Z [EVENT] (serving: Eryn Cayetano)  game: 15-0
2026-02-26T20:55:53.477Z [ODDS] (serving: Eryn Cayetano)  Alana Smith: 10/3 → 2/1, Eryn Cayetano: 1/5 → 4/11
2026-02-26T20:55:53.477Z [EVENT] (serving: Eryn Cayetano)  game: 30-0
2026-02-26T20:56:37.225Z [ODDS] (serving: Eryn Cayetano)  Alana Smith: 2/1 → 11/4, Eryn Cayetano: 4/11 → 1/4
2026-02-26T20:56:37.225Z [EVENT] (serving: Eryn Cayetano)  game: 30-15
2026-02-26T20:57:23.226Z [ODDS] (serving: Eryn Cayetano)  Alana Smith: 11/4 → 7/4, Eryn Cayetano: 1/4 → 2/5
2026-02-26T20:57:23.226Z [EVENT] (serving: Eryn Cayetano)  game: 40-15
2026-02-26T20:57:57.052Z [ODDS] (serving: Eryn Cayetano)  Alana Smith: 7/4 → 12/5, Eryn Cayetano: 2/5 → 3/10
2026-02-26T20:57:57.052Z [EVENT] (serving: Eryn Cayetano)  game: 40-30
2026-02-26T20:58:23.209Z [ODDS] (serving: Eryn Cayetano)  Alana Smith: 12/5 → 9/4, Eryn Cayetano: 3/10 → 1/3
2026-02-26T20:58:46.214Z [ODDS] (serving: Alana Smith)  Alana Smith: 9/4 → 6/5, Eryn Cayetano: 1/3 → 8/13
2026-02-26T20:58:46.214Z [EVENT] (serving: Alana Smith)  sets: 6-4,4-6,5-5, game: 0-0, serving: P1
2026-02-26T20:59:30.868Z [ODDS] (serving: Alana Smith)  Alana Smith: 6/5 → 5/4, Eryn Cayetano: 8/13 → 4/7
2026-02-26T20:59:46.648Z [ODDS] (serving: Alana Smith)  Alana Smith: 5/4 → 7/4, Eryn Cayetano: 4/7 → 2/5
2026-02-26T20:59:46.648Z [EVENT] (serving: Alana Smith)  game: 0-15
2026-02-26T21:00:39.873Z [ODDS] (serving: Alana Smith)  Alana Smith: 7/4 → 11/4, Eryn Cayetano: 2/5 → 1/4
2026-02-26T21:00:39.873Z [EVENT] (serving: Alana Smith)  game: 0-30
2026-02-26T21:00:46.186Z [ODDS] (serving: Alana Smith)  Alana Smith: 11/4 → 2/1, Eryn Cayetano: 1/4 → 4/11
2026-02-26T21:00:46.186Z [EVENT] (serving: Alana Smith)  game: 15-30
2026-02-26T21:01:10.540Z [ODDS] (serving: Alana Smith)  Alana Smith: 2/1 → 9/4, Eryn Cayetano: 4/11 → 1/3
2026-02-26T21:01:23.669Z [ODDS] (serving: Alana Smith)  Alana Smith: 9/4 → 5/4, Eryn Cayetano: 1/3 → 4/7
2026-02-26T21:01:23.669Z [EVENT] (serving: Alana Smith)  game: 30-30
2026-02-26T21:02:04.210Z [ODDS] (serving: Alana Smith)  Alana Smith: 5/4 → 9/4, Eryn Cayetano: 4/7 → 1/3
2026-02-26T21:02:04.210Z [EVENT] (serving: Alana Smith)  game: 30-40
2026-02-26T21:02:34.876Z [ODDS] (serving: Eryn Cayetano)  Alana Smith: 9/4 → 4/1, Eryn Cayetano: 1/3 → 1/7
2026-02-26T21:02:34.876Z [EVENT] (serving: Eryn Cayetano)  sets: 6-4,4-6,5-6, game: 0-0, serving: P2
2026-02-26T21:05:33.492Z [ODDS] (serving: Eryn Cayetano)  Alana Smith: 4/1 → 11/4, Eryn Cayetano: 1/7 → 1/4
2026-02-26T21:05:33.493Z [EVENT] (serving: Eryn Cayetano)  game: 15-0
2026-02-26T21:06:38.423Z [ODDS] (serving: Eryn Cayetano)  Alana Smith: 11/4 → 7/4, Eryn Cayetano: 1/4 → 2/5
2026-02-26T21:06:38.423Z [EVENT] (serving: Eryn Cayetano)  game: 30-0
2026-02-26T21:07:20.364Z [ODDS] (serving: Eryn Cayetano)  Alana Smith: 7/4 → 5/4, Eryn Cayetano: 2/5 → 4/7
2026-02-26T21:07:20.365Z [EVENT] (serving: Eryn Cayetano)  game: 40-0
2026-02-26T21:07:52.836Z [ODDS] (serving: Eryn Cayetano)  Alana Smith: 5/4 → 6/4, Eryn Cayetano: 4/7 → 1/2
2026-02-26T21:07:52.836Z [EVENT] (serving: Eryn Cayetano)  game: 40-15
2026-02-26T21:08:52.220Z [ODDS] (serving: Alana Smith)  Alana Smith: 6/4 → 21/20, Eryn Cayetano: 1/2 → 7/10
2026-02-26T21:08:52.220Z [EVENT] (serving: Alana Smith)  sets: 6-4,4-6,6-6, game: 0-0, serving: P1
2026-02-26T21:10:09.356Z [ODDS] (serving: Eryn Cayetano)  Alana Smith: 21/20 → 7/10, Eryn Cayetano: 7/10 → 21/20
2026-02-26T21:10:09.356Z [EVENT] (serving: Eryn Cayetano)  game: 1-0, serving: P2
2026-02-26T21:10:49.523Z [ODDS] (serving: Eryn Cayetano)  Alana Smith: 7/10 → 8/13, Eryn Cayetano: 21/20 → 6/5
2026-02-26T21:11:04.522Z [ODDS] (serving: Eryn Cayetano)  Alana Smith: 8/13 → 21/20, Eryn Cayetano: 6/5 → 7/10
2026-02-26T21:11:04.522Z [EVENT] (serving: Eryn Cayetano)  game: 1-1
2026-02-26T21:11:33.277Z [ODDS] (serving: Alana Smith)  Alana Smith: 21/20 → 13/8, Eryn Cayetano: 7/10 → 4/9
2026-02-26T21:11:33.279Z [EVENT] (serving: Alana Smith)  game: 1-2, serving: P1
2026-02-26T21:12:17.878Z [ODDS] (serving: Alana Smith)  Alana Smith: 13/8 → 2/1, Eryn Cayetano: 4/9 → 4/11
2026-02-26T21:12:34.119Z [ODDS] (serving: Alana Smith)  Alana Smith: 2/1 → 3/1, Eryn Cayetano: 4/11 → 2/9
2026-02-26T21:12:34.119Z [EVENT] (serving: Alana Smith)  game: 1-3
2026-02-26T21:13:07.041Z [ODDS] (serving: Eryn Cayetano)  Alana Smith: 3/1 → 2/1, Eryn Cayetano: 2/9 → 4/11
2026-02-26T21:13:07.041Z [EVENT] (serving: Eryn Cayetano)  game: 2-3, serving: P2
2026-02-26T21:13:48.537Z [ODDS] (serving: Eryn Cayetano)  Alana Smith: 2/1 → 7/2, Eryn Cayetano: 4/11 → 1/6
2026-02-26T21:13:48.537Z [EVENT] (serving: Eryn Cayetano)  game: 2-4
2026-02-26T21:15:09.266Z [ODDS] (serving: Eryn Cayetano)  Alana Smith: 7/2 → 3/1, Eryn Cayetano: 1/6 → 2/9
2026-02-26T21:15:27.302Z [ODDS] (serving: Alana Smith)  Alana Smith: 3/1 → 13/2, Eryn Cayetano: 2/9 → 1/14
2026-02-26T21:15:27.302Z [EVENT] (serving: Alana Smith)  game: 2-5, serving: P1
2026-02-26T21:16:13.305Z [ODDS] (serving: Alana Smith)  Alana Smith: 13/2 → 15/2, Eryn Cayetano: 1/14 → 1/18
2026-02-26T21:16:28.205Z [ODDS] (serving: Alana Smith)  Alana Smith: 15/2 → 16/1, Eryn Cayetano: 1/18 → 1/100
2026-02-26T21:16:28.205Z [EVENT] (serving: Alana Smith)  game: 2-6
2026-02-26T21:16:57.502Z [ODDS] (serving: Alana Smith)  Alana Smith: 16/1 → 0/0, Eryn Cayetano: 1/100 → 0/0
2026-02-26T21:16:57.502Z [EVENT] (serving: Alana Smith)  sets: 6-4,4-6,6-7, game: 0-0
