2026-02-26T21:08:34.181Z [ODDS] (serving: Athina Schlepphorst)  Athina Schlepphorst: 1/2 → 8/15, Carrington Brown: 6/4 → 11/8
2026-02-26T21:08:34.181Z [EVENT] (serving: Athina Schlepphorst)  game: 15-30
2026-02-26T21:09:02.619Z [ODDS] (serving: Athina Schlepphorst)  Athina Schlepphorst: 8/15 → 1/2, Carrington Brown: 11/8 → 6/4
2026-02-26T21:09:02.619Z [EVENT] (serving: Athina Schlepphorst)  game: 30-30
2026-02-26T21:09:42.733Z [ODDS] (serving: Athina Schlepphorst)  Athina Schlepphorst: 1/2 → 4/9, Carrington Brown: 6/4 → 13/8
2026-02-26T21:09:42.733Z [EVENT] (serving: Athina Schlepphorst)  game: 40-30
2026-02-26T21:10:15.657Z [ODDS] (serving: Athina Schlepphorst)  Athina Schlepphorst: 4/9 → 1/2, Carrington Brown: 13/8 → 6/4
2026-02-26T21:10:15.657Z [EVENT] (serving: Athina Schlepphorst)  game: 40-40
2026-02-26T21:10:51.759Z [ODDS] (serving: Athina Schlepphorst)  Athina Schlepphorst: 1/2 → 4/7, Carrington Brown: 6/4 → 5/4
2026-02-26T21:10:51.759Z [EVENT] (serving: Athina Schlepphorst)  game: 40-A
2026-02-26T21:11:15.641Z [ODDS] (serving: Carrington Brown)  Athina Schlepphorst: 4/7 → 4/6, Carrington Brown: 5/4 → 11/10
2026-02-26T21:11:15.641Z [EVENT] (serving: Carrington Brown)  sets: 2-1, game: 0-0, serving: P2
2026-02-26T21:12:59.838Z [ODDS] (serving: Carrington Brown)  Athina Schlepphorst: 4/6 → 4/7, Carrington Brown: 11/10 → 5/4
2026-02-26T21:12:59.838Z [EVENT] (serving: Carrington Brown)  game: 15-0
2026-02-26T21:14:02.093Z [ODDS] (serving: Carrington Brown)  Athina Schlepphorst: 4/7 → 1/2, Carrington Brown: 5/4 → 6/4
2026-02-26T21:14:02.093Z [EVENT] (serving: Carrington Brown)  game: 30-0
2026-02-26T21:15:00.753Z [ODDS] (serving: Carrington Brown)  Athina Schlepphorst: 1/2 → 4/7, Carrington Brown: 6/4 → 5/4
2026-02-26T21:15:00.753Z [EVENT] (serving: Carrington Brown)  game: 30-15
2026-02-26T21:15:34.067Z [ODDS] (serving: Carrington Brown)  Athina Schlepphorst: 4/7 → 1/2, Carrington Brown: 5/4 → 6/4
2026-02-26T21:15:34.067Z [EVENT] (serving: Carrington Brown)  game: 40-15
2026-02-26T21:16:04.736Z [ODDS] (serving: Athina Schlepphorst)  Athina Schlepphorst: 1/2 → 4/9, Carrington Brown: 6/4 → 13/8
2026-02-26T21:16:04.736Z [EVENT] (serving: Athina Schlepphorst)  sets: 3-1, game: 0-0, serving: P1
2026-02-26T21:16:39.971Z [ODDS] (serving: Athina Schlepphorst)  Athina Schlepphorst: 4/9 → 4/11, Carrington Brown: 13/8 → 2/1
2026-02-26T21:16:39.972Z [EVENT] (serving: Athina Schlepphorst)  game: 15-0
2026-02-26T21:17:09.240Z [ODDS] (serving: Athina Schlepphorst)  Athina Schlepphorst: 4/11 → 1/3, Carrington Brown: 2/1 → 9/4
2026-02-26T21:17:09.240Z [EVENT] (serving: Athina Schlepphorst)  game: 30-0
2026-02-26T21:17:45.310Z [ODDS] (serving: Athina Schlepphorst)  Athina Schlepphorst: 1/3 → 4/11, Carrington Brown: 9/4 → 2/1
2026-02-26T21:17:45.310Z [EVENT] (serving: Athina Schlepphorst)  game: 30-15
2026-02-26T21:18:08.314Z [ODDS] (serving: Athina Schlepphorst)  Athina Schlepphorst: 4/11 → 2/5, Carrington Brown: 2/1 → 7/4
2026-02-26T21:18:17.803Z [ODDS] (serving: Athina Schlepphorst)  Athina Schlepphorst: 2/5 → 1/3, Carrington Brown: 7/4 → 9/4
2026-02-26T21:18:17.803Z [EVENT] (serving: Athina Schlepphorst)  game: 40-15
2026-02-26T21:18:52.059Z [ODDS] (serving: Carrington Brown)  Athina Schlepphorst: 1/3 → 3/10, Carrington Brown: 9/4 → 12/5
2026-02-26T21:18:52.059Z [EVENT] (serving: Carrington Brown)  sets: 4-1, game: 0-0, serving: P2
2026-02-26T21:21:13.225Z [ODDS] (serving: Carrington Brown)  Athina Schlepphorst: 3/10 → 1/3, Carrington Brown: 12/5 → 9/4
2026-02-26T21:21:13.225Z [EVENT] (serving: Carrington Brown)  game: 0-15
2026-02-26T21:22:01.486Z [ODDS] (serving: Carrington Brown)  Athina Schlepphorst: 1/3 → 4/11, Carrington Brown: 9/4 → 2/1
2026-02-26T21:22:01.486Z [EVENT] (serving: Carrington Brown)  game: 0-30
2026-02-26T21:23:08.231Z [ODDS] (serving: Carrington Brown)  Athina Schlepphorst: 4/11 → 2/5, Carrington Brown: 2/1 → 7/4
2026-02-26T21:23:08.231Z [EVENT] (serving: Carrington Brown)  game: 0-40
2026-02-26T21:24:05.527Z [ODDS] (serving: Athina Schlepphorst)  Athina Schlepphorst: 2/5 → 4/9, Carrington Brown: 7/4 → 13/8
2026-02-26T21:24:05.528Z [EVENT] (serving: Athina Schlepphorst)  sets: 4-2, game: 0-0, serving: P1
2026-02-26T21:24:46.569Z [ODDS] (serving: Athina Schlepphorst)  Athina Schlepphorst: 4/9 → 2/5, Carrington Brown: 13/8 → 7/4
2026-02-26T21:24:46.570Z [EVENT] (serving: Athina Schlepphorst)  game: 15-0
2026-02-26T21:25:16.334Z [ODDS] (serving: Athina Schlepphorst)  Athina Schlepphorst: 2/5 → 4/9, Carrington Brown: 7/4 → 13/8
2026-02-26T21:25:16.334Z [EVENT] (serving: Athina Schlepphorst)  game: 15-15
2026-02-26T21:26:17.688Z [ODDS] (serving: Athina Schlepphorst)  Athina Schlepphorst: 4/9 → 1/2, Carrington Brown: 13/8 → 6/4
2026-02-26T21:26:17.688Z [EVENT] (serving: Athina Schlepphorst)  game: 15-30
2026-02-26T21:27:05.522Z [ODDS] (serving: Athina Schlepphorst)  Athina Schlepphorst: 1/2 → 4/9, Carrington Brown: 6/4 → 13/8
2026-02-26T21:27:05.522Z [EVENT] (serving: Athina Schlepphorst)  game: 30-30
2026-02-26T21:27:36.148Z [ODDS] (serving: Athina Schlepphorst)  Athina Schlepphorst: 4/9 → 4/11, Carrington Brown: 13/8 → 2/1
2026-02-26T21:27:36.148Z [EVENT] (serving: Athina Schlepphorst)  game: 40-30
2026-02-26T21:28:14.481Z [ODDS] (serving: Athina Schlepphorst)  Athina Schlepphorst: 4/11 → 4/9, Carrington Brown: 2/1 → 13/8
2026-02-26T21:28:14.481Z [EVENT] (serving: Athina Schlepphorst)  game: 40-40
2026-02-26T21:28:44.708Z [ODDS] (serving: Athina Schlepphorst)  Athina Schlepphorst: 4/9 → 2/5, Carrington Brown: 13/8 → 7/4
2026-02-26T21:28:44.708Z [EVENT] (serving: Athina Schlepphorst)  game: A-40
2026-02-26T21:29:27.096Z [ODDS] (serving: Athina Schlepphorst)  Athina Schlepphorst: 2/5 → 4/9, Carrington Brown: 7/4 → 13/8
2026-02-26T21:29:27.096Z [EVENT] (serving: Athina Schlepphorst)  game: 40-40
2026-02-26T21:30:04.992Z [ODDS] (serving: Athina Schlepphorst)  Athina Schlepphorst: 4/9 → 2/5, Carrington Brown: 13/8 → 7/4
2026-02-26T21:30:04.992Z [EVENT] (serving: Athina Schlepphorst)  game: A-40
2026-02-26T21:30:57.751Z [ODDS] (serving: Carrington Brown)  Athina Schlepphorst: 2/5 → 1/3, Carrington Brown: 7/4 → 9/4
2026-02-26T21:30:57.751Z [EVENT] (serving: Carrington Brown)  sets: 5-2, game: 0-0, serving: P2
2026-02-26T21:33:44.171Z [ODDS] (serving: Carrington Brown)  Athina Schlepphorst: 1/3 → 4/11, Carrington Brown: 9/4 → 2/1
2026-02-26T21:33:44.171Z [EVENT] (serving: Carrington Brown)  game: 0-15
2026-02-26T21:34:49.168Z [ODDS] (serving: Carrington Brown)  Athina Schlepphorst: 4/11 → 2/5, Carrington Brown: 2/1 → 7/4
2026-02-26T21:34:49.168Z [EVENT] (serving: Carrington Brown)  game: 0-30
2026-02-26T21:35:30.627Z [ODDS] (serving: Carrington Brown)  Athina Schlepphorst: 2/5 → 4/9, Carrington Brown: 7/4 → 13/8
2026-02-26T21:35:30.627Z [EVENT] (serving: Carrington Brown)  game: 0-40
2026-02-26T21:36:12.558Z [EVENT] (serving: Athina Schlepphorst)  sets: 5-3, game: 0-0, serving: P1
2026-02-26T21:37:23.409Z [ODDS] (serving: Athina Schlepphorst)  Athina Schlepphorst: 4/9 → 8/15, Carrington Brown: 13/8 → 11/8
2026-02-26T21:37:23.435Z [EVENT] (serving: Athina Schlepphorst)  game: 0-15
2026-02-26T21:37:48.622Z [ODDS] (serving: Athina Schlepphorst)  Athina Schlepphorst: 8/15 → 4/9, Carrington Brown: 11/8 → 13/8
2026-02-26T21:37:48.622Z [EVENT] (serving: Athina Schlepphorst)  game: 15-15
2026-02-26T21:38:24.559Z [ODDS] (serving: Athina Schlepphorst)  Athina Schlepphorst: 4/9 → 2/5, Carrington Brown: 13/8 → 7/4
2026-02-26T21:38:24.559Z [EVENT] (serving: Athina Schlepphorst)  game: 30-15
2026-02-26T21:38:59.292Z [ODDS] (serving: Athina Schlepphorst)  Athina Schlepphorst: 2/5 → 1/3, Carrington Brown: 7/4 → 9/4
2026-02-26T21:38:59.292Z [EVENT] (serving: Athina Schlepphorst)  game: 40-15
2026-02-26T21:39:45.288Z [ODDS] (serving: Carrington Brown)  Athina Schlepphorst: 1/3 → 3/10, Carrington Brown: 9/4 → 12/5
2026-02-26T21:39:45.288Z [EVENT] (serving: Carrington Brown)  sets: 6-3,0-0, game: 0-0, serving: P2
2026-02-26T21:42:41.179Z [ODDS] (serving: Carrington Brown)  Athina Schlepphorst: 3/10 → 2/7, Carrington Brown: 12/5 → 5/2
2026-02-26T21:43:17.730Z [ODDS] (serving: Carrington Brown)  Athina Schlepphorst: 2/7 → 3/10, Carrington Brown: 5/2 → 12/5
2026-02-26T21:43:34.863Z [ODDS] (serving: Carrington Brown)  Athina Schlepphorst: 3/10 → 2/7, Carrington Brown: 12/5 → 5/2
2026-02-26T21:44:06.427Z [ODDS] (serving: Carrington Brown)  Athina Schlepphorst: 2/7 → 1/3, Carrington Brown: 5/2 → 9/4
2026-02-26T21:44:06.428Z [EVENT] (serving: Carrington Brown)  game: 0-15
2026-02-26T21:45:10.915Z [ODDS] (serving: Carrington Brown)  Athina Schlepphorst: 1/3 → 2/5, Carrington Brown: 9/4 → 7/4
2026-02-26T21:45:10.915Z [EVENT] (serving: Carrington Brown)  game: 0-30
2026-02-26T21:45:46.112Z [ODDS] (serving: Carrington Brown)  Athina Schlepphorst: 2/5 → 4/11, Carrington Brown: 7/4 → 2/1
2026-02-26T21:46:14.505Z [ODDS] (serving: Carrington Brown)  Athina Schlepphorst: 4/11 → 1/3, Carrington Brown: 2/1 → 9/4
2026-02-26T21:46:14.505Z [EVENT] (serving: Carrington Brown)  game: 15-30
2026-02-26T21:47:20.804Z [ODDS] (serving: Carrington Brown)  Athina Schlepphorst: 1/3 → 2/7, Carrington Brown: 9/4 → 5/2
2026-02-26T21:47:20.805Z [EVENT] (serving: Carrington Brown)  game: 30-30
2026-02-26T21:48:35.230Z [ODDS] (serving: Carrington Brown)  Athina Schlepphorst: 2/7 → 2/9, Carrington Brown: 5/2 → 3/1
2026-02-26T21:48:35.230Z [EVENT] (serving: Carrington Brown)  game: 40-30
2026-02-26T21:49:13.561Z [ODDS] (serving: Carrington Brown)  Athina Schlepphorst: 2/9 → 1/5, Carrington Brown: 3/1 → 10/3
2026-02-26T21:49:53.266Z [ODDS] (serving: Carrington Brown)  Athina Schlepphorst: 1/5 → 2/7, Carrington Brown: 10/3 → 5/2
2026-02-26T21:49:53.266Z [EVENT] (serving: Carrington Brown)  game: 40-40
2026-02-26T21:51:27.087Z [ODDS] (serving: Carrington Brown)  Athina Schlepphorst: 2/7 → 2/9, Carrington Brown: 5/2 → 3/1
2026-02-26T21:51:27.090Z [EVENT] (serving: Carrington Brown)  game: A-40
2026-02-26T21:52:09.437Z [ODDS] (serving: Carrington Brown)  Athina Schlepphorst: 2/9 → 1/5, Carrington Brown: 3/1 → 10/3
2026-02-26T21:52:31.529Z [ODDS] (serving: Carrington Brown)  Athina Schlepphorst: 1/5 → 2/7, Carrington Brown: 10/3 → 5/2
2026-02-26T21:52:31.529Z [EVENT] (serving: Carrington Brown)  game: 40-40
2026-02-26T21:53:06.699Z [ODDS] (serving: Carrington Brown)  Athina Schlepphorst: 2/7 → 1/4, Carrington Brown: 5/2 → 11/4
2026-02-26T21:53:36.142Z [ODDS] (serving: Carrington Brown)  Athina Schlepphorst: 1/4 → 1/5, Carrington Brown: 11/4 → 10/3
2026-02-26T21:53:36.142Z [EVENT] (serving: Carrington Brown)  game: A-40
2026-02-26T21:54:16.731Z [ODDS] (serving: Athina Schlepphorst)  Athina Schlepphorst: 1/5 → 1/7, Carrington Brown: 10/3 → 9/2
2026-02-26T21:54:16.732Z [EVENT] (serving: Athina Schlepphorst)  sets: 6-3,1-0, game: 0-0, serving: P1
2026-02-26T21:55:56.848Z [ODDS] (serving: Athina Schlepphorst)  Athina Schlepphorst: 1/7 → 2/11, Carrington Brown: 9/2 → 7/2
2026-02-26T21:55:56.848Z [EVENT] (serving: Athina Schlepphorst)  game: 0-15
2026-02-26T21:56:19.965Z [ODDS] (serving: Athina Schlepphorst)  Athina Schlepphorst: 2/11 → 1/5, Carrington Brown: 7/2 → 10/3
2026-02-26T21:56:32.928Z [ODDS] (serving: Athina Schlepphorst)  Athina Schlepphorst: 1/5 → 1/6, Carrington Brown: 10/3 → 4/1
2026-02-26T21:56:32.928Z [EVENT] (serving: Athina Schlepphorst)  game: 15-15
2026-02-26T21:57:18.540Z [ODDS] (serving: Athina Schlepphorst)  Athina Schlepphorst: 1/6 → 1/8, Carrington Brown: 4/1 → 5/1
2026-02-26T21:57:18.541Z [EVENT] (serving: Athina Schlepphorst)  game: 30-15
2026-02-26T21:58:05.392Z [ODDS] (serving: Athina Schlepphorst)  Athina Schlepphorst: 1/8 → 1/6, Carrington Brown: 5/1 → 4/1
2026-02-26T21:58:05.392Z [EVENT] (serving: Athina Schlepphorst)  game: 30-30
2026-02-26T21:58:35.159Z [ODDS] (serving: Athina Schlepphorst)  Athina Schlepphorst: 1/6 → 2/9, Carrington Brown: 4/1 → 3/1
2026-02-26T21:58:35.159Z [EVENT] (serving: Athina Schlepphorst)  game: 30-40
2026-02-26T21:58:55.908Z [ODDS] (serving: Athina Schlepphorst)  Athina Schlepphorst: 2/9 → 1/6, Carrington Brown: 3/1 → 4/1
2026-02-26T21:58:55.908Z [EVENT] (serving: Athina Schlepphorst)  game: 40-40
2026-02-26T21:59:54.080Z [ODDS] (serving: Athina Schlepphorst)  Athina Schlepphorst: 1/6 → 2/9, Carrington Brown: 4/1 → 3/1
2026-02-26T21:59:54.080Z [EVENT] (serving: Athina Schlepphorst)  game: 40-A
2026-02-26T22:00:44.142Z [ODDS] (serving: Athina Schlepphorst)  Athina Schlepphorst: 2/9 → 1/6, Carrington Brown: 3/1 → 4/1
2026-02-26T22:00:44.142Z [EVENT] (serving: Athina Schlepphorst)  game: 40-40
2026-02-26T22:01:14.811Z [ODDS] (serving: Athina Schlepphorst)  Athina Schlepphorst: 1/6 → 1/8, Carrington Brown: 4/1 → 5/1
2026-02-26T22:01:14.811Z [EVENT] (serving: Athina Schlepphorst)  game: A-40
2026-02-26T22:01:40.971Z [ODDS] (serving: Carrington Brown)  Athina Schlepphorst: 1/8 → 1/10, Carrington Brown: 5/1 → 6/1
2026-02-26T22:01:40.971Z [EVENT] (serving: Carrington Brown)  sets: 6-3,2-0, game: 0-0, serving: P2
2026-02-26T22:02:35.996Z [ODDS] (serving: Carrington Brown)  Athina Schlepphorst: 1/10 → 1/8, Carrington Brown: 6/1 → 5/1
2026-02-26T22:02:35.996Z [EVENT] (serving: Carrington Brown)  game: 0-15
2026-02-26T22:03:28.792Z [ODDS] (serving: Carrington Brown)  Athina Schlepphorst: 1/8 → 1/10, Carrington Brown: 5/1 → 6/1
2026-02-26T22:03:28.792Z [EVENT] (serving: Carrington Brown)  game: 15-15
2026-02-26T22:04:10.709Z [ODDS] (serving: Carrington Brown)  Athina Schlepphorst: 1/10 → 1/8, Carrington Brown: 6/1 → 5/1
2026-02-26T22:04:10.709Z [EVENT] (serving: Carrington Brown)  game: 15-30
2026-02-26T22:04:44.083Z [ODDS] (serving: Carrington Brown)  Athina Schlepphorst: 1/8 → 1/10, Carrington Brown: 5/1 → 6/1
2026-02-26T22:04:44.083Z [EVENT] (serving: Carrington Brown)  game: 30-30
2026-02-26T22:05:50.406Z [ODDS] (serving: Carrington Brown)  Athina Schlepphorst: 1/10 → 1/16, Carrington Brown: 6/1 → 9/1
2026-02-26T22:05:50.407Z [EVENT] (serving: Carrington Brown)  game: 40-30
2026-02-26T22:07:09.304Z [ODDS] (serving: Athina Schlepphorst)  Athina Schlepphorst: 1/16 → 1/25, Carrington Brown: 9/1 → 12/1
2026-02-26T22:07:09.304Z [EVENT] (serving: Athina Schlepphorst)  sets: 6-3,3-0, game: 0-0, serving: P1
2026-02-26T22:08:44.092Z [ODDS] (serving: Athina Schlepphorst)  Athina Schlepphorst: 1/25 → 1/33, Carrington Brown: 12/1 → 14/1
2026-02-26T22:08:44.092Z [EVENT] (serving: Athina Schlepphorst)  game: 15-0
2026-02-26T22:09:20.623Z [ODDS] (serving: Athina Schlepphorst)  Athina Schlepphorst: 1/33 → 1/50, Carrington Brown: 14/1 → 18/1
2026-02-26T22:09:20.623Z [EVENT] (serving: Athina Schlepphorst)  game: 30-0
2026-02-26T22:10:11.153Z [ODDS] (serving: Athina Schlepphorst)  Athina Schlepphorst: 1/50 → 1/66, Carrington Brown: 18/1 → 20/1
2026-02-26T22:10:11.153Z [EVENT] (serving: Athina Schlepphorst)  game: 40-0
2026-02-26T22:10:49.475Z [ODDS] (serving: Carrington Brown)  Athina Schlepphorst: 1/66 → 1/80, Carrington Brown: 20/1 → 22/1
2026-02-26T22:10:49.475Z [EVENT] (serving: Carrington Brown)  sets: 6-3,4-0, game: 0-0, serving: P2
2026-02-26T22:11:45.402Z [ODDS] (serving: Carrington Brown)  Athina Schlepphorst: 1/80 → 1/66, Carrington Brown: 22/1 → 20/1
2026-02-26T22:11:45.402Z [EVENT] (serving: Carrington Brown)  game: 0-15
2026-02-26T22:12:28.245Z [ODDS] (serving: Carrington Brown)  Athina Schlepphorst: 1/66 → 1/80, Carrington Brown: 20/1 → 22/1
2026-02-26T22:12:28.245Z [EVENT] (serving: Carrington Brown)  game: 15-15
2026-02-26T22:13:43.112Z [ODDS] (serving: Carrington Brown)  Athina Schlepphorst: 1/80 → 1/150, Carrington Brown: 22/1 → 28/1
2026-02-26T22:13:43.112Z [EVENT] (serving: Carrington Brown)  game: 30-15
2026-02-26T22:14:55.273Z [ODDS] (serving: Carrington Brown)  Athina Schlepphorst: 1/150 → 1/80, Carrington Brown: 28/1 → 22/1
2026-02-26T22:14:55.273Z [EVENT] (serving: Carrington Brown)  game: 30-30
2026-02-26T22:15:32.255Z [ODDS] (serving: Carrington Brown)  Athina Schlepphorst: 1/80 → 1/66, Carrington Brown: 22/1 → 20/1
2026-02-26T22:15:32.255Z [EVENT] (serving: Carrington Brown)  game: 30-40
2026-02-26T22:16:06.079Z [ODDS] (serving: Athina Schlepphorst)  Athina Schlepphorst: 1/66 → 1/50, Carrington Brown: 20/1 → 18/1
2026-02-26T22:16:06.079Z [EVENT] (serving: Athina Schlepphorst)  sets: 6-3,4-1, game: 0-0, serving: P1
2026-02-26T22:18:00.183Z [ODDS] (serving: Athina Schlepphorst)  Athina Schlepphorst: 1/50 → 1/66, Carrington Brown: 18/1 → 20/1
2026-02-26T22:18:00.183Z [EVENT] (serving: Athina Schlepphorst)  game: 15-0
2026-02-26T22:18:28.601Z [ODDS] (serving: Athina Schlepphorst)  Athina Schlepphorst: 1/66 → 1/40, Carrington Brown: 20/1 → 16/1
2026-02-26T22:18:28.601Z [EVENT] (serving: Athina Schlepphorst)  game: 15-15
2026-02-26T22:19:09.643Z [ODDS] (serving: Athina Schlepphorst)  Athina Schlepphorst: 1/40 → 1/25, Carrington Brown: 16/1 → 12/1
2026-02-26T22:19:09.643Z [EVENT] (serving: Athina Schlepphorst)  game: 15-30
2026-02-26T22:19:46.623Z [ODDS] (serving: Athina Schlepphorst)  Athina Schlepphorst: 1/25 → 1/20, Carrington Brown: 12/1 → 10/1
2026-02-26T22:19:46.623Z [EVENT] (serving: Athina Schlepphorst)  game: 15-40
2026-02-26T22:20:20.926Z [ODDS] (serving: Carrington Brown)  Athina Schlepphorst: 1/20 → 1/14, Carrington Brown: 10/1 → 8/1
2026-02-26T22:20:20.926Z [EVENT] (serving: Carrington Brown)  sets: 6-3,4-2, game: 0-0, serving: P2
2026-02-26T22:21:27.670Z [ODDS] (serving: Carrington Brown)  Athina Schlepphorst: 1/14 → 1/20, Carrington Brown: 8/1 → 10/1
2026-02-26T22:21:27.671Z [EVENT] (serving: Carrington Brown)  game: 15-0
2026-02-26T22:22:04.645Z [ODDS] (serving: Carrington Brown)  Athina Schlepphorst: 1/20 → 1/33, Carrington Brown: 10/1 → 14/1
2026-02-26T22:22:04.646Z [EVENT] (serving: Carrington Brown)  game: 30-0
2026-02-26T22:23:01.471Z [ODDS] (serving: Carrington Brown)  Athina Schlepphorst: 1/33 → 1/50, Carrington Brown: 14/1 → 18/1
2026-02-26T22:23:01.472Z [EVENT] (serving: Carrington Brown)  game: 40-0
2026-02-26T22:23:45.669Z [ODDS] (serving: Carrington Brown)  Athina Schlepphorst: 1/50 → 1/66, Carrington Brown: 18/1 → 20/1
2026-02-26T22:24:04.614Z [ODDS] (serving: Carrington Brown)  Athina Schlepphorst: 1/66 → 1/40, Carrington Brown: 20/1 → 16/1
2026-02-26T22:24:04.614Z [EVENT] (serving: Carrington Brown)  game: 40-15
2026-02-26T22:24:51.994Z [ODDS] (serving: Athina Schlepphorst)  Athina Schlepphorst: 1/40 → 1/80, Carrington Brown: 16/1 → 22/1
2026-02-26T22:24:51.994Z [EVENT] (serving: Athina Schlepphorst)  sets: 6-3,5-2, game: 0-0, serving: P1
2026-02-26T22:26:42.965Z [ODDS] (serving: Athina Schlepphorst)  Athina Schlepphorst: 1/80 → 1/50, Carrington Brown: 22/1 → 18/1
2026-02-26T22:26:42.965Z [EVENT] (serving: Athina Schlepphorst)  game: 0-15
2026-02-26T22:27:04.564Z [ODDS] (serving: Athina Schlepphorst)  Athina Schlepphorst: 1/50 → 1/80, Carrington Brown: 18/1 → 22/1
2026-02-26T22:27:04.564Z [EVENT] (serving: Athina Schlepphorst)  game: 15-15
2026-02-26T22:27:36.626Z [ODDS] (serving: Athina Schlepphorst)  Athina Schlepphorst: 1/80 → 1/150, Carrington Brown: 22/1 → 28/1
2026-02-26T22:27:36.626Z [EVENT] (serving: Athina Schlepphorst)  game: 30-15
2026-02-26T22:28:05.912Z [ODDS] (serving: Athina Schlepphorst)  Athina Schlepphorst: 1/150 → 1/750, Carrington Brown: 28/1 → 66/1
2026-02-26T22:28:05.913Z [EVENT] (serving: Athina Schlepphorst)  game: 40-15
2026-02-26T22:28:47.847Z [ODDS] (serving: Athina Schlepphorst)  Athina Schlepphorst: 1/750 → 0/0, Carrington Brown: 66/1 → 0/0
2026-02-26T22:28:47.848Z [EVENT] (serving: Athina Schlepphorst)  sets: 6-3,6-2, game: 0-0
