2026-02-27T00:38:34.384Z [ODDS] (serving: Alejandro Tabilo)  Alejandro Tabilo: 4/9 → 1/2, Thiago Agustin Tirante: 7/4 → 13/8
2026-02-27T00:38:52.817Z [ODDS] (serving: Alejandro Tabilo)  Alejandro Tabilo: 1/2 → 4/7, Thiago Agustin Tirante: 13/8 → 11/8
2026-02-27T00:38:52.817Z [EVENT] (serving: Alejandro Tabilo)  game: 15-40
2026-02-27T00:39:32.914Z [ODDS] (serving: Thiago Agustin Tirante)  Alejandro Tabilo: 4/7 → 8/11, Thiago Agustin Tirante: 11/8 → 11/10
2026-02-27T00:39:32.914Z [EVENT] (serving: Thiago Agustin Tirante)  sets: 1-2, game: 0-0, serving: P2
2026-02-27T00:41:35.141Z [ODDS] (serving: Thiago Agustin Tirante)  Alejandro Tabilo: 8/11 → 4/5, Thiago Agustin Tirante: 11/10 → 1/1
2026-02-27T00:41:35.141Z [EVENT] (serving: Thiago Agustin Tirante)  game: 0-15
2026-02-27T00:42:03.557Z [ODDS] (serving: Thiago Agustin Tirante)  Alejandro Tabilo: 4/5 → 8/11, Thiago Agustin Tirante: 1/1 → 11/10
2026-02-27T00:42:03.557Z [EVENT] (serving: Thiago Agustin Tirante)  game: 15-15
2026-02-27T00:42:33.319Z [ODDS] (serving: Thiago Agustin Tirante)  Alejandro Tabilo: 8/11 → 4/6, Thiago Agustin Tirante: 11/10 → 6/5
2026-02-27T00:42:43.241Z [ODDS] (serving: Thiago Agustin Tirante)  Alejandro Tabilo: 4/6 → 4/5, Thiago Agustin Tirante: 6/5 → 1/1
2026-02-27T00:42:43.241Z [EVENT] (serving: Thiago Agustin Tirante)  game: 15-30
2026-02-27T00:43:28.379Z [ODDS] (serving: Thiago Agustin Tirante)  Alejandro Tabilo: 4/5 → 4/6, Thiago Agustin Tirante: 1/1 → 6/5
2026-02-27T00:43:28.379Z [EVENT] (serving: Thiago Agustin Tirante)  game: 30-30
2026-02-27T00:43:59.100Z [ODDS] (serving: Thiago Agustin Tirante)  Alejandro Tabilo: 4/6 → 4/5, Thiago Agustin Tirante: 6/5 → 1/1
2026-02-27T00:43:59.100Z [EVENT] (serving: Thiago Agustin Tirante)  game: 30-40
2026-02-27T00:44:27.878Z [EVENT] (serving: Alejandro Tabilo)  sets: 1-3, game: 0-0, serving: P1
2026-02-27T00:45:21.547Z [EVENT] (serving: Alejandro Tabilo)  game: 15-0
2026-02-27T00:46:04.394Z [EVENT] (serving: Alejandro Tabilo)  game: 30-0
2026-02-27T00:46:37.316Z [ODDS] (serving: Alejandro Tabilo)  Alejandro Tabilo: 4/5 → 8/11, Thiago Agustin Tirante: 1/1 → 11/10
2026-02-27T00:46:37.316Z [EVENT] (serving: Alejandro Tabilo)  game: 40-0
2026-02-27T00:47:00.351Z [EVENT] (serving: Thiago Agustin Tirante)  sets: 2-3, game: 0-0, serving: P2
2026-02-27T00:49:08.403Z [ODDS] (serving: Thiago Agustin Tirante)  Alejandro Tabilo: 8/11 → 4/5, Thiago Agustin Tirante: 11/10 → 1/1
2026-02-27T00:49:08.403Z [EVENT] (serving: Thiago Agustin Tirante)  game: 0-15
2026-02-27T00:49:59.818Z [ODDS] (serving: Thiago Agustin Tirante)  Alejandro Tabilo: 4/5 → 10/11, Thiago Agustin Tirante: 1/1 → 10/11
2026-02-27T00:49:59.818Z [EVENT] (serving: Thiago Agustin Tirante)  game: 0-30
2026-02-27T00:50:28.328Z [ODDS] (serving: Thiago Agustin Tirante)  Alejandro Tabilo: 10/11 → 4/5, Thiago Agustin Tirante: 10/11 → 1/1
2026-02-27T00:50:48.978Z [ODDS] (serving: Thiago Agustin Tirante)  Alejandro Tabilo: 4/5 → 10/11, Thiago Agustin Tirante: 1/1 → 10/11
2026-02-27T00:50:48.978Z [EVENT] (serving: Thiago Agustin Tirante)  game: 0-40
2026-02-27T00:51:32.273Z [EVENT] (serving: Alejandro Tabilo)  sets: 2-4, game: 0-0, serving: P1
2026-02-27T00:52:16.471Z [EVENT] (serving: Alejandro Tabilo)  game: 15-0
2026-02-27T00:52:44.931Z [ODDS] (serving: Alejandro Tabilo)  Alejandro Tabilo: 10/11 → 4/5, Thiago Agustin Tirante: 10/11 → 1/1
2026-02-27T00:52:44.931Z [EVENT] (serving: Alejandro Tabilo)  game: 30-0
2026-02-27T00:53:04.280Z [EVENT] (serving: Alejandro Tabilo)  game: 40-0
2026-02-27T00:53:21.869Z [EVENT] (serving: Thiago Agustin Tirante)  sets: 3-4, game: 0-0, serving: P2
2026-02-27T00:56:02.431Z [ODDS] (serving: Thiago Agustin Tirante)  Alejandro Tabilo: 4/5 → 10/11
2026-02-27T00:56:02.881Z [ODDS] (serving: Thiago Agustin Tirante)  Thiago Agustin Tirante: 1/1 → 10/11
2026-02-27T00:56:02.881Z [EVENT] (serving: Thiago Agustin Tirante)  game: 0-15
2026-02-27T00:56:29.941Z [EVENT] (serving: Thiago Agustin Tirante)  game: 0-30
2026-02-27T00:57:06.025Z [EVENT] (serving: Thiago Agustin Tirante)  game: 15-30
2026-02-27T00:57:43.905Z [EVENT] (serving: Thiago Agustin Tirante)  game: 15-40
2026-02-27T00:58:22.240Z [ODDS] (serving: Thiago Agustin Tirante)  Alejandro Tabilo: 10/11 → 4/5, Thiago Agustin Tirante: 10/11 → 1/1
2026-02-27T00:58:22.240Z [EVENT] (serving: Thiago Agustin Tirante)  game: 30-40
2026-02-27T00:59:00.125Z [ODDS] (serving: Alejandro Tabilo)  Alejandro Tabilo: 4/5 → 10/11, Thiago Agustin Tirante: 1/1 → 10/11
2026-02-27T00:59:00.125Z [EVENT] (serving: Alejandro Tabilo)  sets: 3-5, game: 0-0, serving: P1
2026-02-27T00:59:54.247Z [ODDS] (serving: Alejandro Tabilo)  Alejandro Tabilo: 10/11 → 1/1, Thiago Agustin Tirante: 10/11 → 4/5
2026-02-27T00:59:54.247Z [EVENT] (serving: Alejandro Tabilo)  game: 0-15
2026-02-27T01:00:22.659Z [EVENT] (serving: Alejandro Tabilo)  game: 15-15
2026-02-27T01:01:07.309Z [ODDS] (serving: Alejandro Tabilo)  Alejandro Tabilo: 1/1 → 10/11, Thiago Agustin Tirante: 4/5 → 10/11
2026-02-27T01:01:07.309Z [EVENT] (serving: Alejandro Tabilo)  game: 30-15
2026-02-27T01:01:33.917Z [EVENT] (serving: Alejandro Tabilo)  game: 40-15
2026-02-27T01:01:54.216Z [EVENT] (serving: Alejandro Tabilo)  game: 40-30
2026-02-27T01:02:19.017Z [EVENT] (serving: Thiago Agustin Tirante)  sets: 4-5, game: 0-0, serving: P2
2026-02-27T01:03:09.984Z [ODDS] (serving: Thiago Agustin Tirante)  Alejandro Tabilo: 10/11 → 1/1, Thiago Agustin Tirante: 10/11 → 4/5
2026-02-27T01:04:29.812Z [ODDS] (serving: Thiago Agustin Tirante)  Alejandro Tabilo: 1/1 → 10/11, Thiago Agustin Tirante: 4/5 → 10/11
2026-02-27T01:04:29.812Z [EVENT] (serving: Thiago Agustin Tirante)  game: 15-0
2026-02-27T01:05:01.380Z [ODDS] (serving: Thiago Agustin Tirante)  Alejandro Tabilo: 10/11 → 4/5, Thiago Agustin Tirante: 10/11 → 1/1
2026-02-27T01:05:23.480Z [ODDS] (serving: Thiago Agustin Tirante)  Alejandro Tabilo: 4/5 → 4/6, Thiago Agustin Tirante: 1/1 → 6/5
2026-02-27T01:05:23.480Z [EVENT] (serving: Thiago Agustin Tirante)  game: 30-0
2026-02-27T01:05:52.797Z [ODDS] (serving: Thiago Agustin Tirante)  Alejandro Tabilo: 4/6 → 4/5, Thiago Agustin Tirante: 6/5 → 1/1
2026-02-27T01:05:52.797Z [EVENT] (serving: Thiago Agustin Tirante)  game: 30-15
2026-02-27T01:06:26.625Z [ODDS] (serving: Thiago Agustin Tirante)  Alejandro Tabilo: 4/5 → 1/1, Thiago Agustin Tirante: 1/1 → 4/5
2026-02-27T01:06:26.625Z [EVENT] (serving: Thiago Agustin Tirante)  game: 30-30
2026-02-27T01:07:00.000Z [ODDS] (serving: Thiago Agustin Tirante)  Alejandro Tabilo: 1/1 → 8/11, Thiago Agustin Tirante: 4/5 → 11/10
2026-02-27T01:07:00.000Z [EVENT] (serving: Thiago Agustin Tirante)  game: 40-30
2026-02-27T01:07:31.119Z [ODDS] (serving: Thiago Agustin Tirante)  Alejandro Tabilo: 8/11 → 4/6, Thiago Agustin Tirante: 11/10 → 6/5
2026-02-27T01:07:41.492Z [ODDS] (serving: Thiago Agustin Tirante)  Alejandro Tabilo: 4/6 → 10/11, Thiago Agustin Tirante: 6/5 → 10/11
2026-02-27T01:07:41.492Z [EVENT] (serving: Thiago Agustin Tirante)  game: 40-40
2026-02-27T01:08:23.004Z [ODDS] (serving: Thiago Agustin Tirante)  Alejandro Tabilo: 10/11 → 8/11, Thiago Agustin Tirante: 10/11 → 11/10
2026-02-27T01:08:23.004Z [EVENT] (serving: Thiago Agustin Tirante)  game: A-40
2026-02-27T01:08:55.310Z [ODDS] (serving: Thiago Agustin Tirante)  Alejandro Tabilo: 8/11 → 10/11, Thiago Agustin Tirante: 11/10 → 10/11
2026-02-27T01:08:55.310Z [EVENT] (serving: Thiago Agustin Tirante)  game: 40-40
2026-02-27T01:09:36.354Z [ODDS] (serving: Thiago Agustin Tirante)  Alejandro Tabilo: 10/11 → 11/10, Thiago Agustin Tirante: 10/11 → 8/11
2026-02-27T01:09:36.354Z [EVENT] (serving: Thiago Agustin Tirante)  game: 40-A
2026-02-27T01:10:15.591Z [ODDS] (serving: Thiago Agustin Tirante)  Alejandro Tabilo: 11/10 → 1/1, Thiago Agustin Tirante: 8/11 → 4/5
2026-02-27T01:10:31.378Z [ODDS] (serving: Alejandro Tabilo)  Alejandro Tabilo: 1/1 → 13/10, Thiago Agustin Tirante: 4/5 → 8/13
2026-02-27T01:10:31.378Z [EVENT] (serving: Alejandro Tabilo)  sets: 4-6,0-0, game: 0-0, serving: P1
2026-02-27T01:15:01.983Z [ODDS] (serving: Alejandro Tabilo)  Alejandro Tabilo: 13/10 → 6/5, Thiago Agustin Tirante: 8/13 → 4/6
2026-02-27T01:15:10.100Z [ODDS] (serving: Alejandro Tabilo)  Alejandro Tabilo: 6/5 → 11/10, Thiago Agustin Tirante: 4/6 → 8/11
2026-02-27T01:16:08.731Z [ODDS] (serving: Alejandro Tabilo)  Alejandro Tabilo: 11/10 → 13/10, Thiago Agustin Tirante: 8/11 → 8/13
2026-02-27T01:16:08.731Z [EVENT] (serving: Alejandro Tabilo)  game: 0-15
2026-02-27T01:16:28.125Z [ODDS] (serving: Alejandro Tabilo)  Alejandro Tabilo: 13/10 → 6/5, Thiago Agustin Tirante: 8/13 → 4/6
2026-02-27T01:16:28.125Z [EVENT] (serving: Alejandro Tabilo)  game: 15-15
2026-02-27T01:17:01.496Z [ODDS] (serving: Alejandro Tabilo)  Alejandro Tabilo: 6/5 → 11/10, Thiago Agustin Tirante: 4/6 → 8/11
2026-02-27T01:17:01.496Z [EVENT] (serving: Alejandro Tabilo)  game: 30-15
2026-02-27T01:17:35.777Z [ODDS] (serving: Alejandro Tabilo)  Alejandro Tabilo: 11/10 → 6/5, Thiago Agustin Tirante: 8/11 → 4/6
2026-02-27T01:17:35.777Z [EVENT] (serving: Alejandro Tabilo)  game: 30-30
2026-02-27T01:17:54.716Z [ODDS] (serving: Alejandro Tabilo)  Alejandro Tabilo: 6/5 → 13/10, Thiago Agustin Tirante: 4/6 → 8/13
2026-02-27T01:18:05.991Z [ODDS] (serving: Alejandro Tabilo)  Alejandro Tabilo: 13/10 → 11/10, Thiago Agustin Tirante: 8/13 → 8/11
2026-02-27T01:18:05.991Z [EVENT] (serving: Alejandro Tabilo)  game: 40-30
2026-02-27T01:18:37.561Z [ODDS] (serving: Thiago Agustin Tirante)  Alejandro Tabilo: 11/10 → 1/1, Thiago Agustin Tirante: 8/11 → 4/5
2026-02-27T01:18:37.561Z [EVENT] (serving: Thiago Agustin Tirante)  sets: 4-6,1-0, game: 0-0, serving: P2
2026-02-27T01:19:53.328Z [ODDS] (serving: Thiago Agustin Tirante)  Alejandro Tabilo: 1/1 → 10/11, Thiago Agustin Tirante: 4/5 → 10/11
2026-02-27T01:19:53.329Z [EVENT] (serving: Thiago Agustin Tirante)  game: 15-0
2026-02-27T01:20:44.743Z [ODDS] (serving: Thiago Agustin Tirante)  Alejandro Tabilo: 10/11 → 1/1, Thiago Agustin Tirante: 10/11 → 4/5
2026-02-27T01:20:44.743Z [EVENT] (serving: Thiago Agustin Tirante)  game: 15-15
2026-02-27T01:21:16.764Z [ODDS] (serving: Thiago Agustin Tirante)  Alejandro Tabilo: 1/1 → 11/10, Thiago Agustin Tirante: 4/5 → 8/11
2026-02-27T01:21:16.764Z [EVENT] (serving: Thiago Agustin Tirante)  game: 15-30
2026-02-27T01:21:53.746Z [ODDS] (serving: Thiago Agustin Tirante)  Alejandro Tabilo: 11/10 → 1/1, Thiago Agustin Tirante: 8/11 → 4/5
2026-02-27T01:21:53.746Z [EVENT] (serving: Thiago Agustin Tirante)  game: 30-30
2026-02-27T01:22:22.160Z [ODDS] (serving: Thiago Agustin Tirante)  Alejandro Tabilo: 1/1 → 11/10, Thiago Agustin Tirante: 4/5 → 8/11
2026-02-27T01:22:22.160Z [EVENT] (serving: Thiago Agustin Tirante)  game: 30-40
2026-02-27T01:22:50.572Z [ODDS] (serving: Alejandro Tabilo)  Alejandro Tabilo: 11/10 → 6/5, Thiago Agustin Tirante: 8/11 → 4/6
2026-02-27T01:22:50.572Z [EVENT] (serving: Alejandro Tabilo)  sets: 4-6,1-1, game: 0-0, serving: P1
2026-02-27T01:23:41.542Z [ODDS] (serving: Alejandro Tabilo)  Alejandro Tabilo: 6/5 → 11/10, Thiago Agustin Tirante: 4/6 → 8/11
2026-02-27T01:23:41.542Z [EVENT] (serving: Alejandro Tabilo)  game: 15-0
2026-02-27T01:24:02.733Z [ODDS] (serving: Alejandro Tabilo)  Alejandro Tabilo: 11/10 → 1/1, Thiago Agustin Tirante: 8/11 → 4/5
2026-02-27T01:24:02.733Z [EVENT] (serving: Alejandro Tabilo)  game: 30-0
2026-02-27T01:24:31.598Z [EVENT] (serving: Alejandro Tabilo)  game: 40-0
2026-02-27T01:24:50.991Z [EVENT] (serving: Thiago Agustin Tirante)  sets: 4-6,2-1, game: 0-0, serving: P2
2026-02-27T01:27:15.764Z [ODDS] (serving: Thiago Agustin Tirante)  Alejandro Tabilo: 1/1 → 4/5, Thiago Agustin Tirante: 4/5 → 1/1
2026-02-27T01:27:15.765Z [EVENT] (serving: Thiago Agustin Tirante)  game: 15-0
2026-02-27T01:27:52.299Z [ODDS] (serving: Thiago Agustin Tirante)  Alejandro Tabilo: 4/5 → 10/11, Thiago Agustin Tirante: 1/1 → 10/11
2026-02-27T01:27:52.299Z [EVENT] (serving: Thiago Agustin Tirante)  game: 15-15
2026-02-27T01:28:33.791Z [ODDS] (serving: Thiago Agustin Tirante)  Alejandro Tabilo: 10/11 → 4/5, Thiago Agustin Tirante: 10/11 → 1/1
2026-02-27T01:28:33.791Z [EVENT] (serving: Thiago Agustin Tirante)  game: 30-15
2026-02-27T01:29:03.558Z [ODDS] (serving: Thiago Agustin Tirante)  Alejandro Tabilo: 4/5 → 10/11, Thiago Agustin Tirante: 1/1 → 10/11
2026-02-27T01:29:03.558Z [EVENT] (serving: Thiago Agustin Tirante)  game: 30-30
2026-02-27T01:29:42.796Z [ODDS] (serving: Thiago Agustin Tirante)  Alejandro Tabilo: 10/11 → 8/11, Thiago Agustin Tirante: 10/11 → 11/10
2026-02-27T01:29:42.796Z [EVENT] (serving: Thiago Agustin Tirante)  game: 40-30
2026-02-27T01:30:19.326Z [ODDS] (serving: Thiago Agustin Tirante)  Alejandro Tabilo: 8/11 → 10/11, Thiago Agustin Tirante: 11/10 → 10/11
2026-02-27T01:30:19.326Z [EVENT] (serving: Thiago Agustin Tirante)  game: 40-40
2026-02-27T01:30:47.741Z [ODDS] (serving: Thiago Agustin Tirante)  Alejandro Tabilo: 10/11 → 4/5, Thiago Agustin Tirante: 10/11 → 1/1
2026-02-27T01:30:59.031Z [ODDS] (serving: Thiago Agustin Tirante)  Alejandro Tabilo: 4/5 → 4/6, Thiago Agustin Tirante: 1/1 → 6/5
2026-02-27T01:30:59.031Z [EVENT] (serving: Thiago Agustin Tirante)  game: A-40
2026-02-27T01:31:45.019Z [ODDS] (serving: Alejandro Tabilo)  Alejandro Tabilo: 4/6 → 1/2, Thiago Agustin Tirante: 6/5 → 13/8
2026-02-27T01:31:45.019Z [EVENT] (serving: Alejandro Tabilo)  sets: 4-6,3-1, game: 0-0, serving: P1
2026-02-27T01:32:37.334Z [ODDS] (serving: Alejandro Tabilo)  Alejandro Tabilo: 1/2 → 4/7, Thiago Agustin Tirante: 13/8 → 11/8
2026-02-27T01:32:37.334Z [EVENT] (serving: Alejandro Tabilo)  game: 0-15
2026-02-27T01:33:11.611Z [ODDS] (serving: Alejandro Tabilo)  Alejandro Tabilo: 4/7 → 8/15, Thiago Agustin Tirante: 11/8 → 6/4
2026-02-27T01:33:11.611Z [EVENT] (serving: Alejandro Tabilo)  game: 15-15
2026-02-27T01:33:57.160Z [ODDS] (serving: Alejandro Tabilo)  Alejandro Tabilo: 8/15 → 1/2, Thiago Agustin Tirante: 6/4 → 13/8
2026-02-27T01:33:57.160Z [EVENT] (serving: Alejandro Tabilo)  game: 30-15
2026-02-27T01:34:27.828Z [ODDS] (serving: Alejandro Tabilo)  Alejandro Tabilo: 1/2 → 8/15, Thiago Agustin Tirante: 13/8 → 6/4
2026-02-27T01:34:27.828Z [EVENT] (serving: Alejandro Tabilo)  game: 30-30
2026-02-27T01:34:59.853Z [ODDS] (serving: Alejandro Tabilo)  Alejandro Tabilo: 8/15 → 4/6, Thiago Agustin Tirante: 6/4 → 6/5
2026-02-27T01:34:59.853Z [EVENT] (serving: Alejandro Tabilo)  game: 30-40
2026-02-27T01:35:43.150Z [ODDS] (serving: Thiago Agustin Tirante)  Alejandro Tabilo: 4/6 → 1/1, Thiago Agustin Tirante: 6/5 → 4/5
2026-02-27T01:35:43.150Z [EVENT] (serving: Thiago Agustin Tirante)  sets: 4-6,3-2, game: 0-0, serving: P2
2026-02-27T01:38:08.825Z [ODDS] (serving: Thiago Agustin Tirante)  Alejandro Tabilo: 1/1 → 10/11, Thiago Agustin Tirante: 4/5 → 10/11
2026-02-27T01:38:17.844Z [ODDS] (serving: Thiago Agustin Tirante)  Alejandro Tabilo: 10/11 → 4/5, Thiago Agustin Tirante: 10/11 → 1/1
2026-02-27T01:38:17.844Z [EVENT] (serving: Thiago Agustin Tirante)  game: 15-0
2026-02-27T01:38:53.709Z [ODDS] (serving: Thiago Agustin Tirante)  Alejandro Tabilo: 4/5 → 10/11, Thiago Agustin Tirante: 1/1 → 10/11
2026-02-27T01:38:53.709Z [EVENT] (serving: Thiago Agustin Tirante)  game: 15-15
2026-02-27T01:39:41.067Z [ODDS] (serving: Thiago Agustin Tirante)  Alejandro Tabilo: 10/11 → 4/5, Thiago Agustin Tirante: 10/11 → 1/1
2026-02-27T01:39:41.067Z [EVENT] (serving: Thiago Agustin Tirante)  game: 30-15
2026-02-27T01:40:14.892Z [ODDS] (serving: Thiago Agustin Tirante)  Alejandro Tabilo: 4/5 → 10/11, Thiago Agustin Tirante: 1/1 → 10/11
2026-02-27T01:40:14.892Z [EVENT] (serving: Thiago Agustin Tirante)  game: 30-30
2026-02-27T01:40:53.226Z [ODDS] (serving: Thiago Agustin Tirante)  Alejandro Tabilo: 10/11 → 8/11, Thiago Agustin Tirante: 10/11 → 11/10
2026-02-27T01:40:53.226Z [EVENT] (serving: Thiago Agustin Tirante)  game: 40-30
2026-02-27T01:41:23.902Z [ODDS] (serving: Thiago Agustin Tirante)  Alejandro Tabilo: 8/11 → 4/6, Thiago Agustin Tirante: 11/10 → 6/5
2026-02-27T01:41:34.726Z [ODDS] (serving: Thiago Agustin Tirante)  Alejandro Tabilo: 4/6 → 10/11, Thiago Agustin Tirante: 6/5 → 10/11
2026-02-27T01:41:34.726Z [EVENT] (serving: Thiago Agustin Tirante)  game: 40-40
2026-02-27T01:42:07.199Z [ODDS] (serving: Thiago Agustin Tirante)  Alejandro Tabilo: 10/11 → 4/6, Thiago Agustin Tirante: 10/11 → 6/5
2026-02-27T01:42:07.199Z [EVENT] (serving: Thiago Agustin Tirante)  game: A-40
2026-02-27T01:42:43.730Z [ODDS] (serving: Alejandro Tabilo)  Alejandro Tabilo: 4/6 → 1/2, Thiago Agustin Tirante: 6/5 → 13/8
2026-02-27T01:42:43.730Z [EVENT] (serving: Alejandro Tabilo)  sets: 4-6,4-2, game: 0-0, serving: P1
2026-02-27T01:43:51.383Z [ODDS] (serving: Alejandro Tabilo)  Alejandro Tabilo: 1/2 → 4/9, Thiago Agustin Tirante: 13/8 → 7/4
2026-02-27T01:43:51.383Z [EVENT] (serving: Alejandro Tabilo)  game: 15-0
2026-02-27T01:44:13.032Z [ODDS] (serving: Alejandro Tabilo)  Alejandro Tabilo: 4/9 → 2/5, Thiago Agustin Tirante: 7/4 → 2/1
2026-02-27T01:44:13.032Z [EVENT] (serving: Alejandro Tabilo)  game: 30-0
2026-02-27T01:44:34.228Z [ODDS] (serving: Alejandro Tabilo)  Alejandro Tabilo: 2/5 → 4/9, Thiago Agustin Tirante: 2/1 → 7/4
2026-02-27T01:44:34.228Z [EVENT] (serving: Alejandro Tabilo)  game: 30-15
2026-02-27T01:44:56.778Z [ODDS] (serving: Alejandro Tabilo)  Alejandro Tabilo: 4/9 → 1/2, Thiago Agustin Tirante: 7/4 → 13/8
2026-02-27T01:45:10.758Z [ODDS] (serving: Alejandro Tabilo)  Alejandro Tabilo: 1/2 → 4/9, Thiago Agustin Tirante: 13/8 → 7/4
2026-02-27T01:45:11.662Z [ODDS] (serving: Alejandro Tabilo)  Alejandro Tabilo: 4/9 → 8/15, Thiago Agustin Tirante: 7/4 → 6/4
2026-02-27T01:45:11.662Z [EVENT] (serving: Alejandro Tabilo)  game: 30-30
2026-02-27T01:45:24.740Z [ODDS] (serving: Alejandro Tabilo)  Alejandro Tabilo: 8/15 → 1/2, Thiago Agustin Tirante: 6/4 → 13/8
2026-02-27T01:45:33.761Z [ODDS] (serving: Alejandro Tabilo)  Alejandro Tabilo: 1/2 → 8/15, Thiago Agustin Tirante: 13/8 → 6/4
2026-02-27T01:45:48.193Z [ODDS] (serving: Alejandro Tabilo)  Alejandro Tabilo: 8/15 → 4/9, Thiago Agustin Tirante: 6/4 → 7/4
2026-02-27T01:45:48.193Z [EVENT] (serving: Alejandro Tabilo)  game: 40-30
2026-02-27T01:46:14.811Z [ODDS] (serving: Thiago Agustin Tirante)  Alejandro Tabilo: 4/9 → 2/5, Thiago Agustin Tirante: 7/4 → 2/1
2026-02-27T01:46:14.811Z [EVENT] (serving: Thiago Agustin Tirante)  sets: 4-6,5-2, game: 0-0, serving: P2
2026-02-27T01:48:26.052Z [ODDS] (serving: Thiago Agustin Tirante)  Alejandro Tabilo: 2/5 → 4/9, Thiago Agustin Tirante: 2/1 → 7/4
2026-02-27T01:48:26.052Z [EVENT] (serving: Thiago Agustin Tirante)  game: 0-15
2026-02-27T01:49:04.840Z [EVENT] (serving: Thiago Agustin Tirante)  game: 0-30
2026-02-27T01:49:50.388Z [ODDS] (serving: Thiago Agustin Tirante)  Alejandro Tabilo: 4/9 → 1/2, Thiago Agustin Tirante: 7/4 → 13/8
2026-02-27T01:49:50.389Z [EVENT] (serving: Thiago Agustin Tirante)  game: 0-40
2026-02-27T01:50:26.921Z [EVENT] (serving: Alejandro Tabilo)  sets: 4-6,5-3, game: 0-0, serving: P1
2026-02-27T01:51:02.099Z [ODDS] (serving: Alejandro Tabilo)  Alejandro Tabilo: 1/2 → 4/9, Thiago Agustin Tirante: 13/8 → 7/4
2026-02-27T01:51:02.099Z [EVENT] (serving: Alejandro Tabilo)  game: 15-0
2026-02-27T01:51:35.024Z [ODDS] (serving: Alejandro Tabilo)  Alejandro Tabilo: 4/9 → 2/5, Thiago Agustin Tirante: 7/4 → 2/1
2026-02-27T01:51:35.024Z [EVENT] (serving: Alejandro Tabilo)  game: 30-0
2026-02-27T01:51:56.220Z [ODDS] (serving: Alejandro Tabilo)  Alejandro Tabilo: 2/5 → 4/11, Thiago Agustin Tirante: 2/1 → 11/5
2026-02-27T01:51:56.220Z [EVENT] (serving: Alejandro Tabilo)  game: 40-0
2026-02-27T01:52:20.123Z [ODDS] (serving: Alejandro Tabilo)  Alejandro Tabilo: 4/11 → 2/5, Thiago Agustin Tirante: 11/5 → 2/1
2026-02-27T01:52:28.693Z [ODDS] (serving: Thiago Agustin Tirante)  Alejandro Tabilo: 2/5 → 4/11, Thiago Agustin Tirante: 2/1 → 11/5
2026-02-27T01:52:28.693Z [EVENT] (serving: Thiago Agustin Tirante)  sets: 4-6,6-3,0-0, game: 0-0, serving: P2
2026-02-27T01:53:03.128Z [ODDS] (serving: Thiago Agustin Tirante)  Alejandro Tabilo: 4/11 → 2/5, Thiago Agustin Tirante: 11/5 → 2/1
2026-02-27T01:55:37.373Z [ODDS] (serving: Thiago Agustin Tirante)  Alejandro Tabilo: 2/5 → 4/9, Thiago Agustin Tirante: 2/1 → 7/4
2026-02-27T01:55:37.373Z [EVENT] (serving: Thiago Agustin Tirante)  game: 0-15
2026-02-27T01:56:22.471Z [ODDS] (serving: Thiago Agustin Tirante)  Alejandro Tabilo: 4/9 → 4/11, Thiago Agustin Tirante: 7/4 → 11/5
2026-02-27T01:56:22.471Z [EVENT] (serving: Thiago Agustin Tirante)  game: 15-15
2026-02-27T01:56:48.179Z [ODDS] (serving: Thiago Agustin Tirante)  Alejandro Tabilo: 4/11 → 4/9, Thiago Agustin Tirante: 11/5 → 7/4
2026-02-27T01:56:48.179Z [EVENT] (serving: Thiago Agustin Tirante)  game: 15-30
2026-02-27T01:57:18.850Z [ODDS] (serving: Thiago Agustin Tirante)  Alejandro Tabilo: 4/9 → 1/2, Thiago Agustin Tirante: 7/4 → 13/8
2026-02-27T01:57:18.850Z [EVENT] (serving: Thiago Agustin Tirante)  game: 15-40
2026-02-27T01:57:54.477Z [ODDS] (serving: Alejandro Tabilo)  Alejandro Tabilo: 1/2 → 8/15, Thiago Agustin Tirante: 13/8 → 6/4
2026-02-27T01:57:54.477Z [EVENT] (serving: Alejandro Tabilo)  sets: 4-6,6-3,0-1, game: 0-0, serving: P1
2026-02-27T01:59:00.777Z [ODDS] (serving: Alejandro Tabilo)  Alejandro Tabilo: 8/15 → 4/9, Thiago Agustin Tirante: 6/4 → 7/4
2026-02-27T01:59:00.777Z [EVENT] (serving: Alejandro Tabilo)  game: 15-0
2026-02-27T01:59:25.583Z [ODDS] (serving: Alejandro Tabilo)  Alejandro Tabilo: 4/9 → 1/2, Thiago Agustin Tirante: 7/4 → 13/8
2026-02-27T01:59:36.406Z [ODDS] (serving: Alejandro Tabilo)  Alejandro Tabilo: 1/2 → 4/7, Thiago Agustin Tirante: 13/8 → 11/8
2026-02-27T01:59:36.406Z [EVENT] (serving: Alejandro Tabilo)  game: 15-15
2026-02-27T02:00:11.136Z [ODDS] (serving: Alejandro Tabilo)  Alejandro Tabilo: 4/7 → 8/11, Thiago Agustin Tirante: 11/8 → 11/10
2026-02-27T02:00:11.136Z [EVENT] (serving: Alejandro Tabilo)  game: 15-30
2026-02-27T02:00:37.295Z [ODDS] (serving: Alejandro Tabilo)  Alejandro Tabilo: 8/11 → 4/5, Thiago Agustin Tirante: 11/10 → 1/1
2026-02-27T02:00:49.021Z [ODDS] (serving: Alejandro Tabilo)  Alejandro Tabilo: 4/5 → 8/13, Thiago Agustin Tirante: 1/1 → 13/10
2026-02-27T02:00:49.021Z [EVENT] (serving: Alejandro Tabilo)  game: 30-30
2026-02-27T02:01:17.435Z [ODDS] (serving: Alejandro Tabilo)  Alejandro Tabilo: 8/13 → 4/6, Thiago Agustin Tirante: 13/10 → 6/5
2026-02-27T02:01:32.317Z [ODDS] (serving: Alejandro Tabilo)  Alejandro Tabilo: 4/6 → 10/11, Thiago Agustin Tirante: 6/5 → 10/11
2026-02-27T02:01:32.317Z [EVENT] (serving: Alejandro Tabilo)  game: 30-40
2026-02-27T02:01:59.377Z [ODDS] (serving: Alejandro Tabilo)  Alejandro Tabilo: 10/11 → 8/13, Thiago Agustin Tirante: 10/11 → 13/10
2026-02-27T02:01:59.377Z [EVENT] (serving: Alejandro Tabilo)  game: 40-40
2026-02-27T02:02:24.636Z [ODDS] (serving: Alejandro Tabilo)  Alejandro Tabilo: 8/13 → 1/2, Thiago Agustin Tirante: 13/10 → 13/8
2026-02-27T02:02:24.636Z [EVENT] (serving: Alejandro Tabilo)  game: A-40
2026-02-27T02:02:52.146Z [ODDS] (serving: Thiago Agustin Tirante)  Alejandro Tabilo: 1/2 → 4/9, Thiago Agustin Tirante: 13/8 → 7/4
2026-02-27T02:02:52.146Z [EVENT] (serving: Thiago Agustin Tirante)  sets: 4-6,6-3,1-1, game: 0-0, serving: P2
2026-02-27T02:03:36.343Z [ODDS] (serving: Thiago Agustin Tirante)  Alejandro Tabilo: 4/9 → 8/15, Thiago Agustin Tirante: 7/4 → 6/4
2026-02-27T02:03:36.343Z [EVENT] (serving: Thiago Agustin Tirante)  game: 0-15
2026-02-27T02:04:04.305Z [ODDS] (serving: Thiago Agustin Tirante)  Alejandro Tabilo: 8/15 → 4/7, Thiago Agustin Tirante: 6/4 → 11/8
2026-02-27T02:04:04.305Z [EVENT] (serving: Thiago Agustin Tirante)  game: 0-30
2026-02-27T02:04:26.856Z [ODDS] (serving: Thiago Agustin Tirante)  Alejandro Tabilo: 4/7 → 8/13, Thiago Agustin Tirante: 11/8 → 13/10
2026-02-27T02:04:26.856Z [EVENT] (serving: Thiago Agustin Tirante)  game: 0-40
2026-02-27T02:05:05.190Z [ODDS] (serving: Thiago Agustin Tirante)  Alejandro Tabilo: 8/13 → 4/7, Thiago Agustin Tirante: 13/10 → 11/8
2026-02-27T02:05:05.190Z [EVENT] (serving: Thiago Agustin Tirante)  game: 15-40
2026-02-27T02:05:49.393Z [ODDS] (serving: Thiago Agustin Tirante)  Alejandro Tabilo: 4/7 → 8/15, Thiago Agustin Tirante: 11/8 → 6/4
2026-02-27T02:05:49.393Z [EVENT] (serving: Thiago Agustin Tirante)  game: 30-40
2026-02-27T02:06:22.315Z [ODDS] (serving: Thiago Agustin Tirante)  Alejandro Tabilo: 8/15 → 1/2, Thiago Agustin Tirante: 6/4 → 13/8
2026-02-27T02:06:34.039Z [ODDS] (serving: Thiago Agustin Tirante)  Alejandro Tabilo: 1/2 → 2/5, Thiago Agustin Tirante: 13/8 → 2/1
2026-02-27T02:06:34.039Z [EVENT] (serving: Thiago Agustin Tirante)  game: 40-40
2026-02-27T02:07:05.610Z [ODDS] (serving: Thiago Agustin Tirante)  Alejandro Tabilo: 2/5 → 4/11, Thiago Agustin Tirante: 2/1 → 11/5
2026-02-27T02:07:20.493Z [ODDS] (serving: Thiago Agustin Tirante)  Alejandro Tabilo: 4/11 → 1/4, Thiago Agustin Tirante: 11/5 → 3/1
2026-02-27T02:07:20.493Z [EVENT] (serving: Thiago Agustin Tirante)  game: A-40
2026-02-27T02:08:05.142Z [ODDS] (serving: Thiago Agustin Tirante)  Alejandro Tabilo: 1/4 → 2/9, Thiago Agustin Tirante: 3/1 → 10/3
2026-02-27T02:08:20.475Z [ODDS] (serving: Thiago Agustin Tirante)  Alejandro Tabilo: 2/9 → 2/5, Thiago Agustin Tirante: 10/3 → 2/1
2026-02-27T02:08:20.476Z [EVENT] (serving: Thiago Agustin Tirante)  game: 40-40
2026-02-27T02:08:57.814Z [ODDS] (serving: Thiago Agustin Tirante)  Alejandro Tabilo: 2/5 → 1/4, Thiago Agustin Tirante: 2/1 → 3/1
2026-02-27T02:08:57.814Z [EVENT] (serving: Thiago Agustin Tirante)  game: A-40
2026-02-27T02:09:27.580Z [ODDS] (serving: Thiago Agustin Tirante)  Alejandro Tabilo: 1/4 → 2/9, Thiago Agustin Tirante: 3/1 → 10/3
2026-02-27T02:09:46.973Z [ODDS] (serving: Thiago Agustin Tirante)  Alejandro Tabilo: 2/9 → 2/5, Thiago Agustin Tirante: 10/3 → 2/1
2026-02-27T02:09:46.973Z [EVENT] (serving: Thiago Agustin Tirante)  game: 40-40
2026-02-27T02:10:22.604Z [ODDS] (serving: Thiago Agustin Tirante)  Alejandro Tabilo: 2/5 → 1/4, Thiago Agustin Tirante: 2/1 → 3/1
2026-02-27T02:10:22.604Z [EVENT] (serving: Thiago Agustin Tirante)  game: A-40
2026-02-27T02:10:57.783Z [ODDS] (serving: Thiago Agustin Tirante)  Alejandro Tabilo: 1/4 → 4/11, Thiago Agustin Tirante: 3/1 → 11/5
2026-02-27T02:10:57.783Z [EVENT] (serving: Thiago Agustin Tirante)  game: 40-40
2026-02-27T02:11:26.195Z [ODDS] (serving: Thiago Agustin Tirante)  Alejandro Tabilo: 4/11 → 1/2, Thiago Agustin Tirante: 11/5 → 13/8
2026-02-27T02:11:26.195Z [EVENT] (serving: Thiago Agustin Tirante)  game: 40-A
2026-02-27T02:11:56.412Z [ODDS] (serving: Alejandro Tabilo)  Alejandro Tabilo: 1/2 → 4/7, Thiago Agustin Tirante: 13/8 → 11/8
2026-02-27T02:11:56.412Z [EVENT] (serving: Alejandro Tabilo)  sets: 4-6,6-3,1-2, game: 0-0, serving: P1
2026-02-27T02:14:05.848Z [ODDS] (serving: Alejandro Tabilo)  Alejandro Tabilo: 4/7 → 1/2, Thiago Agustin Tirante: 11/8 → 13/8
2026-02-27T02:14:05.848Z [EVENT] (serving: Alejandro Tabilo)  game: 15-0
2026-02-27T02:14:27.047Z [ODDS] (serving: Alejandro Tabilo)  Alejandro Tabilo: 1/2 → 4/9, Thiago Agustin Tirante: 13/8 → 7/4
2026-02-27T02:14:27.047Z [EVENT] (serving: Alejandro Tabilo)  game: 30-0
2026-02-27T02:15:04.485Z [ODDS] (serving: Alejandro Tabilo)  Alejandro Tabilo: 4/9 → 1/2, Thiago Agustin Tirante: 7/4 → 13/8
2026-02-27T02:15:04.485Z [EVENT] (serving: Alejandro Tabilo)  game: 30-15
2026-02-27T02:15:28.394Z [ODDS] (serving: Alejandro Tabilo)  Alejandro Tabilo: 1/2 → 4/9, Thiago Agustin Tirante: 13/8 → 7/4
2026-02-27T02:15:28.394Z [EVENT] (serving: Alejandro Tabilo)  game: 40-15
2026-02-27T02:15:51.388Z [EVENT] (serving: Thiago Agustin Tirante)  sets: 4-6,6-3,2-2, game: 0-0, serving: P2
2026-02-27T02:16:29.723Z [ODDS] (serving: Thiago Agustin Tirante)  Alejandro Tabilo: 4/9 → 1/2, Thiago Agustin Tirante: 7/4 → 13/8
2026-02-27T02:16:29.723Z [EVENT] (serving: Thiago Agustin Tirante)  game: 0-15
2026-02-27T02:16:53.176Z [ODDS] (serving: Thiago Agustin Tirante)  Alejandro Tabilo: 1/2 → 4/7, Thiago Agustin Tirante: 13/8 → 11/8
2026-02-27T02:16:53.176Z [EVENT] (serving: Thiago Agustin Tirante)  game: 0-30
2026-02-27T02:17:17.078Z [ODDS] (serving: Thiago Agustin Tirante)  Alejandro Tabilo: 4/7 → 8/13, Thiago Agustin Tirante: 11/8 → 13/10
2026-02-27T02:17:17.078Z [EVENT] (serving: Thiago Agustin Tirante)  game: 0-40
2026-02-27T02:17:51.358Z [ODDS] (serving: Thiago Agustin Tirante)  Alejandro Tabilo: 8/13 → 4/7, Thiago Agustin Tirante: 13/10 → 11/8
2026-02-27T02:17:51.358Z [EVENT] (serving: Thiago Agustin Tirante)  game: 15-40
2026-02-27T02:18:31.493Z [ODDS] (serving: Thiago Agustin Tirante)  Alejandro Tabilo: 4/7 → 1/2, Thiago Agustin Tirante: 11/8 → 13/8
2026-02-27T02:18:31.493Z [EVENT] (serving: Thiago Agustin Tirante)  game: 30-40
2026-02-27T02:19:04.115Z [ODDS] (serving: Thiago Agustin Tirante)  Alejandro Tabilo: 1/2 → 4/11, Thiago Agustin Tirante: 13/8 → 11/5
2026-02-27T02:19:04.115Z [EVENT] (serving: Thiago Agustin Tirante)  game: 40-40
2026-02-27T02:19:57.637Z [ODDS] (serving: Thiago Agustin Tirante)  Alejandro Tabilo: 4/11 → 1/4, Thiago Agustin Tirante: 11/5 → 3/1
2026-02-27T02:19:57.637Z [EVENT] (serving: Thiago Agustin Tirante)  game: A-40
2026-02-27T02:20:29.207Z [ODDS] (serving: Thiago Agustin Tirante)  Alejandro Tabilo: 1/4 → 1/5, Thiago Agustin Tirante: 3/1 → 7/2
2026-02-27T02:20:38.679Z [ODDS] (serving: Alejandro Tabilo)  Alejandro Tabilo: 1/5 → 1/10, Thiago Agustin Tirante: 7/2 → 6/1
2026-02-27T02:20:38.679Z [EVENT] (serving: Alejandro Tabilo)  sets: 4-6,6-3,3-2, game: 0-0, serving: P1
2026-02-27T02:22:26.949Z [ODDS] (serving: Alejandro Tabilo)  Alejandro Tabilo: 1/10 → 1/12, Thiago Agustin Tirante: 6/1 → 7/1
2026-02-27T02:22:40.451Z [ODDS] (serving: Alejandro Tabilo)  Alejandro Tabilo: 1/12 → 1/10, Thiago Agustin Tirante: 7/1 → 6/1
2026-02-27T02:22:51.730Z [ODDS] (serving: Alejandro Tabilo)  Alejandro Tabilo: 1/10 → 1/14, Thiago Agustin Tirante: 6/1 → 8/1
2026-02-27T02:22:51.730Z [EVENT] (serving: Alejandro Tabilo)  game: 15-0
2026-02-27T02:23:24.653Z [ODDS] (serving: Alejandro Tabilo)  Alejandro Tabilo: 1/14 → 1/16, Thiago Agustin Tirante: 8/1 → 9/1
2026-02-27T02:23:24.653Z [EVENT] (serving: Alejandro Tabilo)  game: 30-0
2026-02-27T02:23:55.770Z [ODDS] (serving: Alejandro Tabilo)  Alejandro Tabilo: 1/16 → 1/20, Thiago Agustin Tirante: 9/1 → 10/1
2026-02-27T02:23:55.770Z [EVENT] (serving: Alejandro Tabilo)  game: 40-0
2026-02-27T02:24:54.852Z [ODDS] (serving: Alejandro Tabilo)  Alejandro Tabilo: 1/20 → 1/16, Thiago Agustin Tirante: 10/1 → 9/1
2026-02-27T02:24:54.852Z [EVENT] (serving: Alejandro Tabilo)  game: 40-15
2026-02-27T02:25:19.658Z [ODDS] (serving: Thiago Agustin Tirante)  Alejandro Tabilo: 1/16 → 1/20, Thiago Agustin Tirante: 9/1 → 10/1
2026-02-27T02:25:19.658Z [EVENT] (serving: Thiago Agustin Tirante)  sets: 4-6,6-3,4-2, game: 0-0, serving: P2
2026-02-27T02:26:25.509Z [ODDS] (serving: Thiago Agustin Tirante)  Alejandro Tabilo: 1/20 → 1/16, Thiago Agustin Tirante: 10/1 → 9/1
2026-02-27T02:26:25.509Z [EVENT] (serving: Thiago Agustin Tirante)  game: 0-15
2026-02-27T02:26:50.762Z [ODDS] (serving: Thiago Agustin Tirante)  Alejandro Tabilo: 1/16 → 1/14, Thiago Agustin Tirante: 9/1 → 8/1
2026-02-27T02:26:50.762Z [EVENT] (serving: Thiago Agustin Tirante)  game: 0-30
2026-02-27T02:27:17.824Z [ODDS] (serving: Thiago Agustin Tirante)  Alejandro Tabilo: 1/14 → 1/16, Thiago Agustin Tirante: 8/1 → 9/1
2026-02-27T02:27:17.824Z [EVENT] (serving: Thiago Agustin Tirante)  game: 15-30
2026-02-27T02:28:09.693Z [ODDS] (serving: Thiago Agustin Tirante)  Alejandro Tabilo: 1/16 → 1/20, Thiago Agustin Tirante: 9/1 → 10/1
2026-02-27T02:28:09.693Z [EVENT] (serving: Thiago Agustin Tirante)  game: 30-30
2026-02-27T02:28:44.420Z [ODDS] (serving: Thiago Agustin Tirante)  Alejandro Tabilo: 1/20 → 1/25, Thiago Agustin Tirante: 10/1 → 12/1
2026-02-27T02:28:54.343Z [ODDS] (serving: Thiago Agustin Tirante)  Alejandro Tabilo: 1/25 → 1/16, Thiago Agustin Tirante: 12/1 → 9/1
2026-02-27T02:28:54.343Z [EVENT] (serving: Thiago Agustin Tirante)  game: 30-40
2026-02-27T02:29:25.911Z [EVENT] (serving: Alejandro Tabilo)  sets: 4-6,6-3,4-3, game: 0-0, serving: P1
2026-02-27T02:31:29.493Z [ODDS] (serving: Alejandro Tabilo)  Alejandro Tabilo: 1/16 → 1/9, Thiago Agustin Tirante: 9/1 → 11/2
2026-02-27T02:31:29.493Z [EVENT] (serving: Alejandro Tabilo)  game: 0-15
2026-02-27T02:32:04.220Z [ODDS] (serving: Alejandro Tabilo)  Alejandro Tabilo: 1/9 → 1/12, Thiago Agustin Tirante: 11/2 → 7/1
2026-02-27T02:32:04.220Z [EVENT] (serving: Alejandro Tabilo)  game: 15-15
2026-02-27T02:32:43.458Z [ODDS] (serving: Alejandro Tabilo)  Alejandro Tabilo: 1/12 → 1/7, Thiago Agustin Tirante: 7/1 → 9/2
2026-02-27T02:32:43.459Z [EVENT] (serving: Alejandro Tabilo)  game: 15-30
2026-02-27T02:33:08.714Z [ODDS] (serving: Alejandro Tabilo)  Alejandro Tabilo: 1/7 → 1/12, Thiago Agustin Tirante: 9/2 → 7/1
2026-02-27T02:33:08.714Z [EVENT] (serving: Alejandro Tabilo)  game: 30-30
2026-02-27T02:33:37.579Z [ODDS] (serving: Alejandro Tabilo)  Alejandro Tabilo: 1/12 → 1/9, Thiago Agustin Tirante: 7/1 → 11/2
2026-02-27T02:33:52.913Z [ODDS] (serving: Alejandro Tabilo)  Alejandro Tabilo: 1/9 → 1/20, Thiago Agustin Tirante: 11/2 → 10/1
2026-02-27T02:33:52.913Z [EVENT] (serving: Alejandro Tabilo)  game: 40-30
2026-02-27T02:34:21.777Z [ODDS] (serving: Thiago Agustin Tirante)  Alejandro Tabilo: 1/20 → 1/33, Thiago Agustin Tirante: 10/1 → 14/1
2026-02-27T02:34:21.777Z [EVENT] (serving: Thiago Agustin Tirante)  sets: 4-6,6-3,5-3, game: 0-0, serving: P2
2026-02-27T02:35:16.799Z [ODDS] (serving: Thiago Agustin Tirante)  Alejandro Tabilo: 1/33 → 1/50, Thiago Agustin Tirante: 14/1 → 18/1
2026-02-27T02:35:16.799Z [EVENT] (serving: Thiago Agustin Tirante)  game: 15-0
2026-02-27T02:35:52.428Z [ODDS] (serving: Thiago Agustin Tirante)  Alejandro Tabilo: 1/50 → 1/80, Thiago Agustin Tirante: 18/1 → 22/1
2026-02-27T02:35:52.428Z [EVENT] (serving: Thiago Agustin Tirante)  game: 30-0
2026-02-27T02:36:20.843Z [ODDS] (serving: Thiago Agustin Tirante)  Alejandro Tabilo: 1/80 → 1/100, Thiago Agustin Tirante: 22/1 → 25/1
2026-02-27T02:36:32.679Z [ODDS] (serving: Thiago Agustin Tirante)  Alejandro Tabilo: 1/100 → 1/250, Thiago Agustin Tirante: 25/1 → 40/1
2026-02-27T02:36:32.679Z [EVENT] (serving: Thiago Agustin Tirante)  game: 40-0
2026-02-27T02:37:02.337Z [ODDS] (serving: Thiago Agustin Tirante)  Alejandro Tabilo: 1/250 → 1/500, Thiago Agustin Tirante: 40/1 → 50/1
2026-02-27T02:37:14.965Z [ODDS] (serving: Thiago Agustin Tirante)  Alejandro Tabilo: 1/500 → 1/150, Thiago Agustin Tirante: 50/1 → 28/1
2026-02-27T02:37:14.965Z [EVENT] (serving: Thiago Agustin Tirante)  game: 40-15
2026-02-27T02:38:05.928Z [ODDS] (serving: Thiago Agustin Tirante)  Alejandro Tabilo: 1/150 → 0/0, Thiago Agustin Tirante: 28/1 → 0/0
2026-02-27T02:38:05.928Z [EVENT] (serving: Thiago Agustin Tirante)  sets: 4-6,6-3,6-3, game: 0-0
