2026-02-27T02:17:44.138Z [ODDS] (serving: Mattia Bellucci)  Frances Tiafoe: 2/5 → 4/9, Mattia Bellucci: 2/1 → 7/4
2026-02-27T02:17:44.138Z [EVENT] (serving: Mattia Bellucci)  game: 0-15
2026-02-27T02:18:20.670Z [ODDS] (serving: Mattia Bellucci)  Frances Tiafoe: 4/9 → 2/5, Mattia Bellucci: 7/4 → 2/1
2026-02-27T02:18:20.670Z [EVENT] (serving: Mattia Bellucci)  game: 15-15
2026-02-27T02:18:47.731Z [EVENT] (serving: Mattia Bellucci)  game: 15-30
2026-02-27T02:19:11.182Z [ODDS] (serving: Mattia Bellucci)  Frances Tiafoe: 2/5 → 4/9, Mattia Bellucci: 2/1 → 7/4
2026-02-27T02:19:11.182Z [EVENT] (serving: Mattia Bellucci)  game: 15-40
2026-02-27T02:19:49.520Z [ODDS] (serving: Frances Tiafoe)  Frances Tiafoe: 4/9 → 1/2, Mattia Bellucci: 7/4 → 13/8
2026-02-27T02:19:49.520Z [EVENT] (serving: Frances Tiafoe)  sets: 0-1, game: 0-0, serving: P1
2026-02-27T02:20:48.608Z [ODDS] (serving: Frances Tiafoe)  Frances Tiafoe: 1/2 → 4/9, Mattia Bellucci: 13/8 → 7/4
2026-02-27T02:20:48.608Z [EVENT] (serving: Frances Tiafoe)  game: 15-0
2026-02-27T02:21:07.095Z [ODDS] (serving: Frances Tiafoe)  Frances Tiafoe: 4/9 → 1/2, Mattia Bellucci: 7/4 → 13/8
2026-02-27T02:21:07.095Z [EVENT] (serving: Frances Tiafoe)  game: 15-15
2026-02-27T02:21:34.605Z [ODDS] (serving: Frances Tiafoe)  Frances Tiafoe: 1/2 → 8/15, Mattia Bellucci: 13/8 → 6/4
2026-02-27T02:21:35.058Z [ODDS] (serving: Frances Tiafoe)  Frances Tiafoe: 8/15 → 4/7, Mattia Bellucci: 6/4 → 11/8
2026-02-27T02:21:42.723Z [ODDS] (serving: Frances Tiafoe)  Frances Tiafoe: 4/7 → 8/15, Mattia Bellucci: 11/8 → 6/4
2026-02-27T02:21:48.136Z [ODDS] (serving: Frances Tiafoe)  Frances Tiafoe: 8/15 → 1/2, Mattia Bellucci: 6/4 → 13/8
2026-02-27T02:21:48.136Z [EVENT] (serving: Frances Tiafoe)  game: 30-15
2026-02-27T02:22:46.317Z [ODDS] (serving: Frances Tiafoe)  Frances Tiafoe: 1/2 → 4/9, Mattia Bellucci: 13/8 → 7/4
2026-02-27T02:22:46.317Z [EVENT] (serving: Frances Tiafoe)  game: 40-15
2026-02-27T02:23:23.300Z [ODDS] (serving: Frances Tiafoe)  Frances Tiafoe: 4/9 → 1/2, Mattia Bellucci: 7/4 → 13/8
2026-02-27T02:23:23.300Z [EVENT] (serving: Frances Tiafoe)  game: 40-30
2026-02-27T02:24:07.046Z [ODDS] (serving: Frances Tiafoe)  Frances Tiafoe: 1/2 → 4/7, Mattia Bellucci: 13/8 → 11/8
2026-02-27T02:24:07.046Z [EVENT] (serving: Frances Tiafoe)  game: 40-40
2026-02-27T02:24:38.617Z [ODDS] (serving: Frances Tiafoe)  Frances Tiafoe: 4/7 → 4/6, Mattia Bellucci: 11/8 → 6/5
2026-02-27T02:24:38.617Z [EVENT] (serving: Frances Tiafoe)  game: 40-A
2026-02-27T02:25:07.795Z [ODDS] (serving: Frances Tiafoe)  Frances Tiafoe: 4/6 → 4/7, Mattia Bellucci: 6/5 → 11/8
2026-02-27T02:25:07.795Z [EVENT] (serving: Frances Tiafoe)  game: 40-40
2026-02-27T02:25:42.663Z [ODDS] (serving: Frances Tiafoe)  Frances Tiafoe: 4/7 → 8/15, Mattia Bellucci: 11/8 → 6/4
2026-02-27T02:25:42.663Z [EVENT] (serving: Frances Tiafoe)  game: A-40
2026-02-27T02:26:18.291Z [ODDS] (serving: Frances Tiafoe)  Frances Tiafoe: 8/15 → 8/13, Mattia Bellucci: 6/4 → 13/10
2026-02-27T02:26:18.291Z [EVENT] (serving: Frances Tiafoe)  game: 40-40
2026-02-27T02:26:51.213Z [ODDS] (serving: Frances Tiafoe)  Frances Tiafoe: 8/13 → 8/15, Mattia Bellucci: 13/10 → 6/4
2026-02-27T02:26:51.213Z [EVENT] (serving: Frances Tiafoe)  game: A-40
2026-02-27T02:27:20.079Z [ODDS] (serving: Mattia Bellucci)  Frances Tiafoe: 8/15 → 1/2, Mattia Bellucci: 6/4 → 13/8
2026-02-27T02:27:20.079Z [EVENT] (serving: Mattia Bellucci)  sets: 1-1, game: 0-0, serving: P2
2026-02-27T02:28:23.224Z [ODDS] (serving: Mattia Bellucci)  Frances Tiafoe: 1/2 → 8/15, Mattia Bellucci: 13/8 → 6/4
2026-02-27T02:28:23.224Z [EVENT] (serving: Mattia Bellucci)  game: 0-15
2026-02-27T02:29:00.245Z [ODDS] (serving: Mattia Bellucci)  Frances Tiafoe: 8/15 → 1/2, Mattia Bellucci: 6/4 → 13/8
2026-02-27T02:29:00.245Z [EVENT] (serving: Mattia Bellucci)  game: 15-15
2026-02-27T02:29:57.031Z [ODDS] (serving: Mattia Bellucci)  Frances Tiafoe: 1/2 → 2/5, Mattia Bellucci: 13/8 → 2/1
2026-02-27T02:29:57.031Z [EVENT] (serving: Mattia Bellucci)  game: 30-15
2026-02-27T02:30:41.241Z [ODDS] (serving: Mattia Bellucci)  Frances Tiafoe: 2/5 → 4/9, Mattia Bellucci: 2/1 → 7/4
2026-02-27T02:30:41.241Z [EVENT] (serving: Mattia Bellucci)  game: 30-30
2026-02-27T02:31:06.942Z [ODDS] (serving: Mattia Bellucci)  Frances Tiafoe: 4/9 → 8/15, Mattia Bellucci: 7/4 → 6/4
2026-02-27T02:31:06.942Z [EVENT] (serving: Mattia Bellucci)  game: 30-40
2026-02-27T02:31:32.650Z [ODDS] (serving: Frances Tiafoe)  Frances Tiafoe: 8/15 → 4/7, Mattia Bellucci: 6/4 → 11/8
2026-02-27T02:31:32.650Z [EVENT] (serving: Frances Tiafoe)  sets: 1-2, game: 0-0, serving: P1
2026-02-27T02:33:55.619Z [ODDS] (serving: Frances Tiafoe)  Frances Tiafoe: 4/7 → 4/6, Mattia Bellucci: 11/8 → 6/5
2026-02-27T02:33:55.619Z [EVENT] (serving: Frances Tiafoe)  game: 0-15
2026-02-27T02:34:42.523Z [ODDS] (serving: Frances Tiafoe)  Frances Tiafoe: 4/6 → 4/5, Mattia Bellucci: 6/5 → 1/1
2026-02-27T02:34:42.523Z [EVENT] (serving: Frances Tiafoe)  game: 0-30
2026-02-27T02:35:31.231Z [ODDS] (serving: Frances Tiafoe)  Frances Tiafoe: 4/5 → 4/6, Mattia Bellucci: 1/1 → 6/5
2026-02-27T02:35:31.231Z [EVENT] (serving: Frances Tiafoe)  game: 15-30
2026-02-27T02:36:03.703Z [ODDS] (serving: Frances Tiafoe)  Frances Tiafoe: 4/6 → 8/13, Mattia Bellucci: 6/5 → 13/10
2026-02-27T02:36:03.703Z [EVENT] (serving: Frances Tiafoe)  game: 30-30
2026-02-27T02:36:58.729Z [ODDS] (serving: Frances Tiafoe)  Frances Tiafoe: 8/13 → 8/15, Mattia Bellucci: 13/10 → 6/4
2026-02-27T02:36:58.729Z [EVENT] (serving: Frances Tiafoe)  game: 40-30
2026-02-27T02:37:36.162Z [ODDS] (serving: Frances Tiafoe)  Frances Tiafoe: 8/15 → 4/7, Mattia Bellucci: 6/4 → 11/8
2026-02-27T02:37:45.633Z [ODDS] (serving: Frances Tiafoe)  Frances Tiafoe: 4/7 → 8/13, Mattia Bellucci: 11/8 → 13/10
2026-02-27T02:37:45.633Z [EVENT] (serving: Frances Tiafoe)  game: 40-40
2026-02-27T02:38:17.654Z [ODDS] (serving: Frances Tiafoe)  Frances Tiafoe: 8/13 → 4/7, Mattia Bellucci: 13/10 → 11/8
2026-02-27T02:38:17.654Z [EVENT] (serving: Frances Tiafoe)  game: A-40
2026-02-27T02:38:40.152Z [ODDS] (serving: Mattia Bellucci)  Frances Tiafoe: 4/7 → 8/15, Mattia Bellucci: 11/8 → 6/4
2026-02-27T02:38:40.152Z [EVENT] (serving: Mattia Bellucci)  sets: 2-2, game: 0-0, serving: P2
2026-02-27T02:39:25.703Z [ODDS] (serving: Mattia Bellucci)  Frances Tiafoe: 8/15 → 4/9, Mattia Bellucci: 6/4 → 7/4
2026-02-27T02:39:25.703Z [EVENT] (serving: Mattia Bellucci)  game: 15-0
2026-02-27T02:39:49.157Z [ODDS] (serving: Mattia Bellucci)  Frances Tiafoe: 4/9 → 1/2, Mattia Bellucci: 7/4 → 13/8
2026-02-27T02:39:49.157Z [EVENT] (serving: Mattia Bellucci)  game: 15-15
2026-02-27T02:40:26.139Z [ODDS] (serving: Mattia Bellucci)  Frances Tiafoe: 1/2 → 4/7, Mattia Bellucci: 13/8 → 11/8
2026-02-27T02:40:26.139Z [EVENT] (serving: Mattia Bellucci)  game: 15-30
2026-02-27T02:41:02.219Z [ODDS] (serving: Mattia Bellucci)  Frances Tiafoe: 4/7 → 8/13, Mattia Bellucci: 11/8 → 13/10
2026-02-27T02:41:02.219Z [EVENT] (serving: Mattia Bellucci)  game: 15-40
2026-02-27T02:41:32.889Z [EVENT] (serving: Frances Tiafoe)  sets: 2-3, game: 0-0, serving: P1
2026-02-27T02:43:38.268Z [ODDS] (serving: Frances Tiafoe)  Frances Tiafoe: 8/13 → 4/7, Mattia Bellucci: 13/10 → 11/8
2026-02-27T02:43:38.268Z [EVENT] (serving: Frances Tiafoe)  game: 15-0
2026-02-27T02:44:05.329Z [ODDS] (serving: Frances Tiafoe)  Frances Tiafoe: 4/7 → 4/6, Mattia Bellucci: 11/8 → 6/5
2026-02-27T02:44:05.329Z [EVENT] (serving: Frances Tiafoe)  game: 15-15
2026-02-27T02:44:41.864Z [ODDS] (serving: Frances Tiafoe)  Frances Tiafoe: 4/6 → 4/5, Mattia Bellucci: 6/5 → 1/1
2026-02-27T02:44:41.864Z [EVENT] (serving: Frances Tiafoe)  game: 15-30
2026-02-27T02:45:13.885Z [ODDS] (serving: Frances Tiafoe)  Frances Tiafoe: 4/5 → 4/6, Mattia Bellucci: 1/1 → 6/5
2026-02-27T02:45:13.885Z [EVENT] (serving: Frances Tiafoe)  game: 30-30
2026-02-27T02:45:36.437Z [ODDS] (serving: Frances Tiafoe)  Frances Tiafoe: 4/6 → 8/11, Mattia Bellucci: 6/5 → 11/10
2026-02-27T02:45:48.616Z [ODDS] (serving: Frances Tiafoe)  Frances Tiafoe: 8/11 → 10/11, Mattia Bellucci: 11/10 → 10/11
2026-02-27T02:45:48.616Z [EVENT] (serving: Frances Tiafoe)  game: 30-40
2026-02-27T02:46:35.976Z [ODDS] (serving: Frances Tiafoe)  Frances Tiafoe: 10/11 → 8/11, Mattia Bellucci: 10/11 → 11/10
2026-02-27T02:46:35.976Z [EVENT] (serving: Frances Tiafoe)  game: 40-40
2026-02-27T02:47:09.803Z [ODDS] (serving: Frances Tiafoe)  Frances Tiafoe: 8/11 → 8/13, Mattia Bellucci: 11/10 → 13/10
2026-02-27T02:47:09.803Z [EVENT] (serving: Frances Tiafoe)  game: A-40
2026-02-27T02:47:41.825Z [ODDS] (serving: Mattia Bellucci)  Frances Tiafoe: 8/13 → 4/7, Mattia Bellucci: 13/10 → 11/8
2026-02-27T02:47:41.825Z [EVENT] (serving: Mattia Bellucci)  sets: 3-3, game: 0-0, serving: P2
2026-02-27T02:48:36.394Z [ODDS] (serving: Mattia Bellucci)  Frances Tiafoe: 4/7 → 8/13, Mattia Bellucci: 11/8 → 13/10
2026-02-27T02:48:36.394Z [EVENT] (serving: Mattia Bellucci)  game: 0-15
2026-02-27T02:49:09.836Z [ODDS] (serving: Mattia Bellucci)  Frances Tiafoe: 8/13 → 8/15, Mattia Bellucci: 13/10 → 6/4
2026-02-27T02:49:09.836Z [EVENT] (serving: Mattia Bellucci)  game: 15-15
2026-02-27T02:49:52.164Z [ODDS] (serving: Mattia Bellucci)  Frances Tiafoe: 8/15 → 4/9, Mattia Bellucci: 6/4 → 7/4
2026-02-27T02:49:52.164Z [EVENT] (serving: Mattia Bellucci)  game: 30-15
2026-02-27T02:50:22.381Z [ODDS] (serving: Mattia Bellucci)  Frances Tiafoe: 4/9 → 8/15, Mattia Bellucci: 7/4 → 6/4
2026-02-27T02:50:22.381Z [EVENT] (serving: Mattia Bellucci)  game: 30-30
2026-02-27T02:50:52.146Z [ODDS] (serving: Mattia Bellucci)  Frances Tiafoe: 8/15 → 2/5, Mattia Bellucci: 6/4 → 2/1
2026-02-27T02:50:52.146Z [EVENT] (serving: Mattia Bellucci)  game: 40-30
2026-02-27T02:51:25.526Z [ODDS] (serving: Mattia Bellucci)  Frances Tiafoe: 2/5 → 4/11, Mattia Bellucci: 2/1 → 11/5
2026-02-27T02:51:49.884Z [ODDS] (serving: Frances Tiafoe)  Frances Tiafoe: 4/11 → 2/7, Mattia Bellucci: 11/5 → 11/4
2026-02-27T02:51:49.884Z [EVENT] (serving: Frances Tiafoe)  sets: 4-3, game: 0-0, serving: P1
2026-02-27T02:54:08.340Z [ODDS] (serving: Frances Tiafoe)  Frances Tiafoe: 2/7 → 1/4, Mattia Bellucci: 11/4 → 3/1
2026-02-27T02:54:08.340Z [EVENT] (serving: Frances Tiafoe)  game: 15-0
2026-02-27T02:54:33.146Z [ODDS] (serving: Frances Tiafoe)  Frances Tiafoe: 1/4 → 2/7, Mattia Bellucci: 3/1 → 11/4
2026-02-27T02:54:33.146Z [EVENT] (serving: Frances Tiafoe)  game: 15-15
2026-02-27T02:55:01.119Z [ODDS] (serving: Frances Tiafoe)  Frances Tiafoe: 2/7 → 3/10, Mattia Bellucci: 11/4 → 5/2
2026-02-27T02:55:02.009Z [ODDS] (serving: Frances Tiafoe)  Frances Tiafoe: 3/10 → 2/7, Mattia Bellucci: 5/2 → 11/4
2026-02-27T02:55:09.676Z [ODDS] (serving: Frances Tiafoe)  Frances Tiafoe: 2/7 → 1/3, Mattia Bellucci: 11/4 → 12/5
2026-02-27T02:55:09.676Z [EVENT] (serving: Frances Tiafoe)  game: 15-30
2026-02-27T02:55:34.934Z [ODDS] (serving: Frances Tiafoe)  Frances Tiafoe: 1/3 → 4/11, Mattia Bellucci: 12/5 → 11/5
2026-02-27T02:55:55.232Z [ODDS] (serving: Frances Tiafoe)  Frances Tiafoe: 4/11 → 4/9, Mattia Bellucci: 11/5 → 7/4
2026-02-27T02:55:55.232Z [EVENT] (serving: Frances Tiafoe)  game: 15-40
2026-02-27T02:56:45.290Z [ODDS] (serving: Frances Tiafoe)  Frances Tiafoe: 4/9 → 2/5, Mattia Bellucci: 7/4 → 2/1
2026-02-27T02:56:45.291Z [EVENT] (serving: Frances Tiafoe)  game: 30-40
2026-02-27T02:57:17.367Z [ODDS] (serving: Frances Tiafoe)  Frances Tiafoe: 2/5 → 3/10, Mattia Bellucci: 2/1 → 5/2
2026-02-27T02:57:17.367Z [EVENT] (serving: Frances Tiafoe)  game: 40-40
2026-02-27T02:57:49.332Z [ODDS] (serving: Frances Tiafoe)  Frances Tiafoe: 3/10 → 1/4, Mattia Bellucci: 5/2 → 3/1
2026-02-27T02:57:49.332Z [EVENT] (serving: Frances Tiafoe)  game: A-40
2026-02-27T02:58:19.099Z [ODDS] (serving: Frances Tiafoe)  Frances Tiafoe: 1/4 → 2/7, Mattia Bellucci: 3/1 → 11/4
2026-02-27T02:58:29.923Z [ODDS] (serving: Mattia Bellucci)  Frances Tiafoe: 2/7 → 2/9, Mattia Bellucci: 11/4 → 10/3
2026-02-27T02:58:29.923Z [EVENT] (serving: Mattia Bellucci)  sets: 5-3, game: 0-0, serving: P2
2026-02-27T02:59:15.129Z [EVENT] (serving: Mattia Bellucci)  game: 15-0
2026-02-27T02:59:35.317Z [EVENT] (serving: Mattia Bellucci)  game: 15-15
2026-02-27T03:00:08.694Z [ODDS] (serving: Mattia Bellucci)  Frances Tiafoe: 2/9 → 1/5, Mattia Bellucci: 10/3 → 7/2
2026-02-27T03:00:08.694Z [EVENT] (serving: Mattia Bellucci)  game: 30-15
2026-02-27T03:00:45.229Z [ODDS] (serving: Mattia Bellucci)  Frances Tiafoe: 1/5 → 1/6, Mattia Bellucci: 7/2 → 4/1
2026-02-27T03:00:45.229Z [EVENT] (serving: Mattia Bellucci)  game: 40-15
2026-02-27T03:01:23.565Z [ODDS] (serving: Mattia Bellucci)  Frances Tiafoe: 1/6 → 1/5, Mattia Bellucci: 4/1 → 7/2
2026-02-27T03:01:23.565Z [EVENT] (serving: Mattia Bellucci)  game: 40-30
2026-02-27T03:02:09.116Z [ODDS] (serving: Mattia Bellucci)  Frances Tiafoe: 1/5 → 1/6, Mattia Bellucci: 7/2 → 4/1
2026-02-27T03:02:28.963Z [ODDS] (serving: Frances Tiafoe)  Frances Tiafoe: 1/6 → 1/8, Mattia Bellucci: 4/1 → 5/1
2026-02-27T03:02:28.963Z [EVENT] (serving: Frances Tiafoe)  sets: 6-3,0-0, game: 0-0, serving: P1
2026-02-27T03:05:38.836Z [ODDS] (serving: Frances Tiafoe)  Frances Tiafoe: 1/8 → 1/7, Mattia Bellucci: 5/1 → 9/2
2026-02-27T03:05:51.016Z [ODDS] (serving: Frances Tiafoe)  Frances Tiafoe: 1/7 → 1/6, Mattia Bellucci: 9/2 → 4/1
2026-02-27T03:05:51.016Z [EVENT] (serving: Frances Tiafoe)  game: 0-15
2026-02-27T03:06:26.193Z [ODDS] (serving: Frances Tiafoe)  Frances Tiafoe: 1/6 → 1/7, Mattia Bellucci: 4/1 → 9/2
2026-02-27T03:06:26.193Z [EVENT] (serving: Frances Tiafoe)  game: 15-15
2026-02-27T03:06:57.327Z [ODDS] (serving: Frances Tiafoe)  Frances Tiafoe: 1/7 → 1/8, Mattia Bellucci: 9/2 → 5/1
2026-02-27T03:06:57.327Z [EVENT] (serving: Frances Tiafoe)  game: 30-15
2026-02-27T03:07:30.690Z [ODDS] (serving: Frances Tiafoe)  Frances Tiafoe: 1/8 → 1/7, Mattia Bellucci: 5/1 → 9/2
2026-02-27T03:07:30.690Z [EVENT] (serving: Frances Tiafoe)  game: 30-30
2026-02-27T03:08:02.713Z [ODDS] (serving: Frances Tiafoe)  Frances Tiafoe: 1/7 → 1/5, Mattia Bellucci: 9/2 → 7/2
2026-02-27T03:08:02.713Z [EVENT] (serving: Frances Tiafoe)  game: 30-40
2026-02-27T03:08:44.293Z [ODDS] (serving: Frances Tiafoe)  Frances Tiafoe: 1/5 → 1/7, Mattia Bellucci: 7/2 → 9/2
2026-02-27T03:08:44.293Z [EVENT] (serving: Frances Tiafoe)  game: 40-40
2026-02-27T03:09:19.502Z [ODDS] (serving: Frances Tiafoe)  Frances Tiafoe: 1/7 → 1/8, Mattia Bellucci: 9/2 → 5/1
2026-02-27T03:09:19.502Z [EVENT] (serving: Frances Tiafoe)  game: A-40
2026-02-27T03:09:49.693Z [ODDS] (serving: Mattia Bellucci)  Frances Tiafoe: 1/8 → 1/9, Mattia Bellucci: 5/1 → 11/2
2026-02-27T03:09:49.693Z [EVENT] (serving: Mattia Bellucci)  sets: 6-3,1-0, game: 0-0, serving: P2
2026-02-27T03:11:11.425Z [ODDS] (serving: Mattia Bellucci)  Frances Tiafoe: 1/9 → 1/10, Mattia Bellucci: 11/2 → 6/1
2026-02-27T03:11:11.425Z [EVENT] (serving: Mattia Bellucci)  game: 15-0
2026-02-27T03:12:10.506Z [ODDS] (serving: Mattia Bellucci)  Frances Tiafoe: 1/10 → 1/9, Mattia Bellucci: 6/1 → 11/2
2026-02-27T03:12:10.506Z [EVENT] (serving: Mattia Bellucci)  game: 15-15
2026-02-27T03:13:14.998Z [ODDS] (serving: Mattia Bellucci)  Frances Tiafoe: 1/9 → 1/8, Mattia Bellucci: 11/2 → 5/1
2026-02-27T03:13:14.998Z [EVENT] (serving: Mattia Bellucci)  game: 15-30
2026-02-27T03:14:10.030Z [ODDS] (serving: Mattia Bellucci)  Frances Tiafoe: 1/8 → 1/7, Mattia Bellucci: 5/1 → 9/2
2026-02-27T03:14:10.030Z [EVENT] (serving: Mattia Bellucci)  game: 15-40
2026-02-27T03:15:06.399Z [EVENT] (serving: Frances Tiafoe)  sets: 6-3,1-1, game: 0-0, serving: P1
2026-02-27T03:15:51.951Z [ODDS] (serving: Frances Tiafoe)  Frances Tiafoe: 1/7 → 1/6, Mattia Bellucci: 9/2 → 4/1
2026-02-27T03:16:02.332Z [ODDS] (serving: Frances Tiafoe)  Frances Tiafoe: 1/6 → 1/7, Mattia Bellucci: 4/1 → 9/2
2026-02-27T03:16:02.332Z [EVENT] (serving: Frances Tiafoe)  game: 15-0
2026-02-27T03:16:32.551Z [ODDS] (serving: Frances Tiafoe)  Frances Tiafoe: 1/7 → 1/6, Mattia Bellucci: 9/2 → 4/1
2026-02-27T03:16:32.551Z [EVENT] (serving: Frances Tiafoe)  game: 15-15
2026-02-27T03:17:12.235Z [ODDS] (serving: Frances Tiafoe)  Frances Tiafoe: 1/6 → 2/9, Mattia Bellucci: 4/1 → 10/3
2026-02-27T03:17:12.235Z [EVENT] (serving: Frances Tiafoe)  game: 15-30
2026-02-27T03:17:58.691Z [ODDS] (serving: Frances Tiafoe)  Frances Tiafoe: 2/9 → 2/7, Mattia Bellucci: 10/3 → 11/4
2026-02-27T03:17:58.691Z [EVENT] (serving: Frances Tiafoe)  game: 15-40
2026-02-27T03:18:31.160Z [ODDS] (serving: Frances Tiafoe)  Frances Tiafoe: 2/7 → 3/10, Mattia Bellucci: 11/4 → 5/2
2026-02-27T03:18:42.436Z [ODDS] (serving: Frances Tiafoe)  Frances Tiafoe: 3/10 → 1/4, Mattia Bellucci: 5/2 → 3/1
2026-02-27T03:18:42.437Z [EVENT] (serving: Frances Tiafoe)  game: 30-40
2026-02-27T03:19:23.028Z [ODDS] (serving: Frances Tiafoe)  Frances Tiafoe: 1/4 → 1/5, Mattia Bellucci: 3/1 → 7/2
2026-02-27T03:19:23.028Z [EVENT] (serving: Frances Tiafoe)  game: 40-40
2026-02-27T03:19:59.559Z [ODDS] (serving: Frances Tiafoe)  Frances Tiafoe: 1/5 → 1/6, Mattia Bellucci: 7/2 → 4/1
2026-02-27T03:19:59.559Z [EVENT] (serving: Frances Tiafoe)  game: A-40
2026-02-27T03:20:34.286Z [ODDS] (serving: Frances Tiafoe)  Frances Tiafoe: 1/6 → 1/5, Mattia Bellucci: 4/1 → 7/2
2026-02-27T03:20:34.286Z [EVENT] (serving: Frances Tiafoe)  game: 40-40
2026-02-27T03:21:19.840Z [ODDS] (serving: Frances Tiafoe)  Frances Tiafoe: 1/5 → 1/6, Mattia Bellucci: 7/2 → 4/1
2026-02-27T03:21:19.840Z [EVENT] (serving: Frances Tiafoe)  game: A-40
2026-02-27T03:22:48.238Z [ODDS] (serving: Frances Tiafoe)  Frances Tiafoe: 1/6 → 1/5, Mattia Bellucci: 4/1 → 7/2
2026-02-27T03:22:48.238Z [EVENT] (serving: Frances Tiafoe)  game: 40-40
2026-02-27T03:23:20.258Z [ODDS] (serving: Frances Tiafoe)  Frances Tiafoe: 1/5 → 1/6, Mattia Bellucci: 7/2 → 4/1
2026-02-27T03:23:20.258Z [EVENT] (serving: Frances Tiafoe)  game: A-40
2026-02-27T03:23:48.734Z [ODDS] (serving: Frances Tiafoe)  Frances Tiafoe: 1/6 → 1/5, Mattia Bellucci: 4/1 → 7/2
2026-02-27T03:23:48.734Z [EVENT] (serving: Frances Tiafoe)  game: 40-40
2026-02-27T03:24:19.806Z [ODDS] (serving: Frances Tiafoe)  Frances Tiafoe: 1/5 → 2/9, Mattia Bellucci: 7/2 → 10/3
2026-02-27T03:24:48.653Z [ODDS] (serving: Frances Tiafoe)  Frances Tiafoe: 2/9 → 2/7, Mattia Bellucci: 10/3 → 11/4
2026-02-27T03:24:48.653Z [EVENT] (serving: Frances Tiafoe)  game: 40-A
2026-02-27T03:25:35.108Z [ODDS] (serving: Mattia Bellucci)  Frances Tiafoe: 2/7 → 2/5, Mattia Bellucci: 11/4 → 2/1
2026-02-27T03:25:35.108Z [EVENT] (serving: Mattia Bellucci)  sets: 6-3,1-2, game: 0-0, serving: P2
2026-02-27T03:27:52.670Z [ODDS] (serving: Mattia Bellucci)  Frances Tiafoe: 2/5 → 1/3, Mattia Bellucci: 2/1 → 12/5
2026-02-27T03:27:52.670Z [EVENT] (serving: Mattia Bellucci)  game: 15-0
2026-02-27T03:28:22.433Z [ODDS] (serving: Mattia Bellucci)  Frances Tiafoe: 1/3 → 2/7, Mattia Bellucci: 12/5 → 11/4
2026-02-27T03:28:22.433Z [EVENT] (serving: Mattia Bellucci)  game: 30-0
2026-02-27T03:29:01.354Z [ODDS] (serving: Mattia Bellucci)  Frances Tiafoe: 2/7 → 1/3, Mattia Bellucci: 11/4 → 12/5
2026-02-27T03:29:01.354Z [EVENT] (serving: Mattia Bellucci)  game: 30-15
2026-02-27T03:29:32.473Z [ODDS] (serving: Mattia Bellucci)  Frances Tiafoe: 1/3 → 4/11, Mattia Bellucci: 12/5 → 11/5
2026-02-27T03:29:32.473Z [EVENT] (serving: Mattia Bellucci)  game: 30-30
2026-02-27T03:30:04.944Z [ODDS] (serving: Mattia Bellucci)  Frances Tiafoe: 4/11 → 2/7, Mattia Bellucci: 11/5 → 11/4
2026-02-27T03:30:04.944Z [EVENT] (serving: Mattia Bellucci)  game: 40-30
2026-02-27T03:30:33.358Z [ODDS] (serving: Frances Tiafoe)  Frances Tiafoe: 2/7 → 1/5, Mattia Bellucci: 11/4 → 7/2
2026-02-27T03:30:33.358Z [EVENT] (serving: Frances Tiafoe)  sets: 6-3,2-2, game: 0-0, serving: P1
2026-02-27T03:31:16.655Z [ODDS] (serving: Frances Tiafoe)  Frances Tiafoe: 1/5 → 1/6, Mattia Bellucci: 7/2 → 4/1
2026-02-27T03:31:16.655Z [EVENT] (serving: Frances Tiafoe)  game: 15-0
2026-02-27T03:31:41.919Z [ODDS] (serving: Frances Tiafoe)  Frances Tiafoe: 1/6 → 1/7, Mattia Bellucci: 4/1 → 9/2
2026-02-27T03:31:41.919Z [EVENT] (serving: Frances Tiafoe)  game: 30-0
2026-02-27T03:32:07.171Z [ODDS] (serving: Frances Tiafoe)  Frances Tiafoe: 1/7 → 1/6, Mattia Bellucci: 9/2 → 4/1
2026-02-27T03:32:07.171Z [EVENT] (serving: Frances Tiafoe)  game: 30-15
2026-02-27T03:32:48.663Z [ODDS] (serving: Frances Tiafoe)  Frances Tiafoe: 1/6 → 1/5, Mattia Bellucci: 4/1 → 7/2
2026-02-27T03:32:48.663Z [EVENT] (serving: Frances Tiafoe)  game: 30-30
2026-02-27T03:33:20.685Z [ODDS] (serving: Frances Tiafoe)  Frances Tiafoe: 1/5 → 1/6, Mattia Bellucci: 7/2 → 4/1
2026-02-27T03:33:20.685Z [EVENT] (serving: Frances Tiafoe)  game: 40-30
2026-02-27T03:34:02.177Z [ODDS] (serving: Frances Tiafoe)  Frances Tiafoe: 1/6 → 1/5, Mattia Bellucci: 4/1 → 7/2
2026-02-27T03:34:02.177Z [EVENT] (serving: Frances Tiafoe)  game: 40-40
2026-02-27T03:34:39.241Z [ODDS] (serving: Frances Tiafoe)  Frances Tiafoe: 1/5 → 2/7, Mattia Bellucci: 7/2 → 11/4
2026-02-27T03:34:39.241Z [EVENT] (serving: Frances Tiafoe)  game: 40-A
2026-02-27T03:35:10.730Z [ODDS] (serving: Frances Tiafoe)  Frances Tiafoe: 2/7 → 2/9, Mattia Bellucci: 11/4 → 10/3
2026-02-27T03:35:10.730Z [EVENT] (serving: Frances Tiafoe)  game: 40-40
2026-02-27T03:35:35.084Z [ODDS] (serving: Frances Tiafoe)  Frances Tiafoe: 2/9 → 1/6, Mattia Bellucci: 10/3 → 4/1
2026-02-27T03:35:35.084Z [EVENT] (serving: Frances Tiafoe)  game: A-40
2026-02-27T03:36:11.164Z [EVENT] (serving: Mattia Bellucci)  sets: 6-3,3-2, game: 0-0, serving: P2
