2026-02-26T19:50:57.226Z [ODDS] (serving: Michael Antonius)  Michael Antonius: 2/1 → 7/4, Louis Wessels: 4/11 → 2/5
2026-02-26T19:50:57.226Z [EVENT] (serving: Michael Antonius)  game: 15-0
2026-02-26T19:52:00.809Z [ODDS] (serving: Michael Antonius)  Michael Antonius: 7/4 → 2/1, Louis Wessels: 2/5 → 4/11
2026-02-26T19:52:00.809Z [EVENT] (serving: Michael Antonius)  game: 15-15
2026-02-26T19:52:52.227Z [ODDS] (serving: Michael Antonius)  Michael Antonius: 2/1 → 9/4, Louis Wessels: 4/11 → 1/3
2026-02-26T19:52:52.227Z [EVENT] (serving: Michael Antonius)  game: 15-30
2026-02-26T19:53:22.897Z [ODDS] (serving: Michael Antonius)  Michael Antonius: 9/4 → 5/2, Louis Wessels: 1/3 → 2/7
2026-02-26T19:53:22.897Z [EVENT] (serving: Michael Antonius)  game: 15-40
2026-02-26T19:53:57.174Z [ODDS] (serving: Michael Antonius)  Michael Antonius: 5/2 → 12/5, Louis Wessels: 2/7 → 3/10
2026-02-26T19:53:57.174Z [EVENT] (serving: Michael Antonius)  game: 30-40
2026-02-26T19:55:01.668Z [ODDS] (serving: Louis Wessels)  Michael Antonius: 12/5 → 11/4, Louis Wessels: 3/10 → 1/4
2026-02-26T19:55:01.668Z [EVENT] (serving: Louis Wessels)  sets: 0-1, game: 0-0, serving: P2
2026-02-26T19:56:25.137Z [ODDS] (serving: Louis Wessels)  Michael Antonius: 11/4 → 5/2, Louis Wessels: 1/4 → 2/7
2026-02-26T19:56:25.137Z [EVENT] (serving: Louis Wessels)  game: 15-0
2026-02-26T19:57:19.711Z [ODDS] (serving: Louis Wessels)  Michael Antonius: 5/2 → 9/4, Louis Wessels: 2/7 → 1/3
2026-02-26T19:57:19.711Z [EVENT] (serving: Louis Wessels)  game: 30-0
2026-02-26T19:58:21.498Z [ODDS] (serving: Louis Wessels)  Michael Antonius: 9/4 → 2/1, Louis Wessels: 1/3 → 4/11
2026-02-26T19:58:21.498Z [EVENT] (serving: Louis Wessels)  game: 40-0
2026-02-26T19:59:11.112Z [ODDS] (serving: Michael Antonius)  Michael Antonius: 2/1 → 7/4, Louis Wessels: 4/11 → 2/5
2026-02-26T19:59:11.112Z [EVENT] (serving: Michael Antonius)  sets: 1-1, game: 0-0, serving: P1
2026-02-26T20:00:00.294Z [ODDS] (serving: Michael Antonius)  Michael Antonius: 7/4 → 2/1, Louis Wessels: 2/5 → 4/11
2026-02-26T20:00:00.294Z [EVENT] (serving: Michael Antonius)  game: 0-15
2026-02-26T20:00:29.136Z [ODDS] (serving: Michael Antonius)  Michael Antonius: 2/1 → 12/5, Louis Wessels: 4/11 → 3/10
2026-02-26T20:00:29.136Z [EVENT] (serving: Michael Antonius)  game: 0-30
2026-02-26T20:00:51.683Z [ODDS] (serving: Michael Antonius)  Michael Antonius: 12/5 → 9/4, Louis Wessels: 3/10 → 1/3
2026-02-26T20:00:51.683Z [EVENT] (serving: Michael Antonius)  game: 15-30
2026-02-26T20:01:22.355Z [ODDS] (serving: Michael Antonius)  Michael Antonius: 9/4 → 7/4, Louis Wessels: 1/3 → 2/5
2026-02-26T20:01:22.355Z [EVENT] (serving: Michael Antonius)  game: 30-30
2026-02-26T20:01:50.778Z [ODDS] (serving: Michael Antonius)  Michael Antonius: 7/4 → 13/8, Louis Wessels: 2/5 → 4/9
2026-02-26T20:01:50.779Z [EVENT] (serving: Michael Antonius)  game: 40-30
2026-02-26T20:02:41.279Z [ODDS] (serving: Michael Antonius)  Michael Antonius: 13/8 → 7/4, Louis Wessels: 4/9 → 2/5
2026-02-26T20:02:41.279Z [EVENT] (serving: Michael Antonius)  game: 40-40
2026-02-26T20:03:29.087Z [ODDS] (serving: Michael Antonius)  Michael Antonius: 7/4 → 13/8, Louis Wessels: 2/5 → 4/9
2026-02-26T20:03:29.087Z [EVENT] (serving: Michael Antonius)  game: A-40
2026-02-26T20:03:59.323Z [ODDS] (serving: Louis Wessels)  Michael Antonius: 13/8 → 6/4, Louis Wessels: 4/9 → 1/2
2026-02-26T20:03:59.323Z [EVENT] (serving: Louis Wessels)  sets: 2-1, game: 0-0, serving: P2
2026-02-26T20:05:43.486Z [ODDS] (serving: Louis Wessels)  Michael Antonius: 6/4 → 13/8, Louis Wessels: 1/2 → 4/9
2026-02-26T20:05:43.486Z [EVENT] (serving: Louis Wessels)  game: 0-15
2026-02-26T20:06:12.348Z [ODDS] (serving: Louis Wessels)  Michael Antonius: 13/8 → 7/4, Louis Wessels: 4/9 → 2/5
2026-02-26T20:06:12.348Z [EVENT] (serving: Louis Wessels)  game: 0-30
2026-02-26T20:07:18.200Z [ODDS] (serving: Louis Wessels)  Michael Antonius: 7/4 → 2/1, Louis Wessels: 2/5 → 4/11
2026-02-26T20:07:18.200Z [EVENT] (serving: Louis Wessels)  game: 0-40
2026-02-26T20:07:40.750Z [ODDS] (serving: Michael Antonius)  Michael Antonius: 2/1 → 9/4, Louis Wessels: 4/11 → 1/3
2026-02-26T20:07:40.750Z [EVENT] (serving: Michael Antonius)  sets: 2-2, game: 0-0, serving: P1
2026-02-26T20:08:52.616Z [ODDS] (serving: Michael Antonius)  Michael Antonius: 9/4 → 5/2, Louis Wessels: 1/3 → 2/7
2026-02-26T20:08:52.616Z [EVENT] (serving: Michael Antonius)  game: 0-15
2026-02-26T20:09:32.301Z [ODDS] (serving: Michael Antonius)  Michael Antonius: 5/2 → 11/4, Louis Wessels: 2/7 → 1/4
2026-02-26T20:09:32.301Z [EVENT] (serving: Michael Antonius)  game: 0-30
2026-02-26T20:09:58.911Z [ODDS] (serving: Michael Antonius)  Michael Antonius: 11/4 → 10/3, Louis Wessels: 1/4 → 1/5
2026-02-26T20:09:58.912Z [EVENT] (serving: Michael Antonius)  game: 0-40
2026-02-26T20:10:48.520Z [ODDS] (serving: Michael Antonius)  Michael Antonius: 10/3 → 3/1, Louis Wessels: 1/5 → 2/9
2026-02-26T20:10:48.520Z [EVENT] (serving: Michael Antonius)  game: 15-40
2026-02-26T20:11:19.639Z [ODDS] (serving: Louis Wessels)  Michael Antonius: 3/1 → 10/3, Louis Wessels: 2/9 → 1/5
2026-02-26T20:11:19.639Z [EVENT] (serving: Louis Wessels)  sets: 2-3, game: 0-0, serving: P2
2026-02-26T20:14:04.259Z [ODDS] (serving: Louis Wessels)  Michael Antonius: 10/3 → 3/1, Louis Wessels: 1/5 → 2/9
2026-02-26T20:14:04.259Z [EVENT] (serving: Louis Wessels)  game: 15-0
2026-02-26T20:15:03.340Z [ODDS] (serving: Louis Wessels)  Michael Antonius: 3/1 → 10/3, Louis Wessels: 2/9 → 1/5
2026-02-26T20:15:03.341Z [EVENT] (serving: Louis Wessels)  game: 15-15
2026-02-26T20:15:56.565Z [ODDS] (serving: Louis Wessels)  Michael Antonius: 10/3 → 7/2, Louis Wessels: 1/5 → 1/6
2026-02-26T20:15:56.565Z [EVENT] (serving: Louis Wessels)  game: 15-30
2026-02-26T20:17:06.019Z [ODDS] (serving: Louis Wessels)  Michael Antonius: 7/2 → 10/3, Louis Wessels: 1/6 → 1/5
2026-02-26T20:17:06.020Z [EVENT] (serving: Louis Wessels)  game: 30-30
2026-02-26T20:17:15.949Z [ODDS] (serving: Louis Wessels)  Michael Antonius: 10/3 → 11/4, Louis Wessels: 1/5 → 1/4
2026-02-26T20:17:15.949Z [EVENT] (serving: Louis Wessels)  game: 40-30
2026-02-26T20:17:42.109Z [ODDS] (serving: Michael Antonius)  Michael Antonius: 11/4 → 9/4, Louis Wessels: 1/4 → 1/3
2026-02-26T20:17:42.109Z [EVENT] (serving: Michael Antonius)  sets: 3-3, game: 0-0, serving: P1
2026-02-26T20:17:45.709Z [ODDS] (serving: Louis Wessels)  Michael Antonius: 9/4 → 11/4, Louis Wessels: 1/3 → 1/4
2026-02-26T20:17:45.709Z [EVENT] (serving: Louis Wessels)  sets: 2-3, game: 40-30, serving: P2
2026-02-26T20:18:09.166Z [ODDS] (serving: Louis Wessels)  Michael Antonius: 11/4 → 10/3, Louis Wessels: 1/4 → 1/5
2026-02-26T20:18:09.166Z [EVENT] (serving: Louis Wessels)  game: 40-40
2026-02-26T20:18:56.069Z [ODDS] (serving: Louis Wessels)  Michael Antonius: 10/3 → 7/2, Louis Wessels: 1/5 → 1/6
2026-02-26T20:18:56.069Z [EVENT] (serving: Louis Wessels)  game: 40-A
2026-02-26T20:19:50.188Z [ODDS] (serving: Louis Wessels)  Michael Antonius: 7/2 → 3/1, Louis Wessels: 1/6 → 2/9
2026-02-26T20:19:50.188Z [EVENT] (serving: Louis Wessels)  game: 40-40
2026-02-26T20:20:28.072Z [ODDS] (serving: Louis Wessels)  Michael Antonius: 3/1 → 7/2, Louis Wessels: 2/9 → 1/6
2026-02-26T20:20:28.072Z [EVENT] (serving: Louis Wessels)  game: 40-A
2026-02-26T20:21:22.196Z [ODDS] (serving: Louis Wessels)  Michael Antonius: 7/2 → 3/1, Louis Wessels: 1/6 → 2/9
2026-02-26T20:21:22.196Z [EVENT] (serving: Louis Wessels)  game: 40-40
2026-02-26T20:22:10.450Z [ODDS] (serving: Louis Wessels)  Michael Antonius: 3/1 → 5/2, Louis Wessels: 2/9 → 2/7
2026-02-26T20:22:10.450Z [EVENT] (serving: Louis Wessels)  game: A-40
2026-02-26T20:23:12.690Z [ODDS] (serving: Louis Wessels)  Michael Antonius: 5/2 → 3/1, Louis Wessels: 2/7 → 2/9
2026-02-26T20:23:12.690Z [EVENT] (serving: Louis Wessels)  game: 40-40
2026-02-26T20:24:15.832Z [ODDS] (serving: Louis Wessels)  Michael Antonius: 3/1 → 10/3, Louis Wessels: 2/9 → 1/5
2026-02-26T20:24:15.832Z [EVENT] (serving: Louis Wessels)  game: 40-A
2026-02-26T20:24:54.169Z [ODDS] (serving: Michael Antonius)  Michael Antonius: 10/3 → 7/2, Louis Wessels: 1/5 → 1/6
2026-02-26T20:24:54.169Z [EVENT] (serving: Michael Antonius)  sets: 2-4, game: 0-0, serving: P1
2026-02-26T20:25:33.833Z [ODDS] (serving: Michael Antonius)  Michael Antonius: 7/2 → 4/1, Louis Wessels: 1/6 → 1/7
2026-02-26T20:25:33.833Z [EVENT] (serving: Michael Antonius)  game: 0-15
2026-02-26T20:25:57.289Z [ODDS] (serving: Michael Antonius)  Michael Antonius: 4/1 → 9/2, Louis Wessels: 1/7 → 1/8
2026-02-26T20:25:57.289Z [EVENT] (serving: Michael Antonius)  game: 0-30
2026-02-26T20:26:20.741Z [ODDS] (serving: Michael Antonius)  Michael Antonius: 9/2 → 11/2, Louis Wessels: 1/8 → 1/10
2026-02-26T20:26:20.742Z [EVENT] (serving: Michael Antonius)  game: 0-40
2026-02-26T20:27:01.783Z [ODDS] (serving: Michael Antonius)  Michael Antonius: 11/2 → 5/1, Louis Wessels: 1/10 → 1/9
2026-02-26T20:27:01.783Z [EVENT] (serving: Michael Antonius)  game: 15-40
2026-02-26T20:27:34.254Z [ODDS] (serving: Michael Antonius)  Michael Antonius: 5/1 → 9/2, Louis Wessels: 1/9 → 1/8
2026-02-26T20:27:34.255Z [EVENT] (serving: Michael Antonius)  game: 30-40
2026-02-26T20:28:13.495Z [ODDS] (serving: Louis Wessels)  Michael Antonius: 9/2 → 11/2, Louis Wessels: 1/8 → 1/10
2026-02-26T20:28:13.495Z [EVENT] (serving: Louis Wessels)  sets: 2-5, game: 0-0, serving: P2
2026-02-26T20:30:59.472Z [ODDS] (serving: Louis Wessels)  Michael Antonius: 11/2 → 6/1, Louis Wessels: 1/10 → 1/12
2026-02-26T20:30:59.472Z [EVENT] (serving: Louis Wessels)  game: 0-15
2026-02-26T20:31:28.329Z [EVENT] (serving: Louis Wessels)  game: 0-30
2026-02-26T20:31:54.486Z [ODDS] (serving: Louis Wessels)  Michael Antonius: 6/1 → 13/2, Louis Wessels: 1/12 → 1/14
2026-02-26T20:31:54.486Z [EVENT] (serving: Louis Wessels)  game: 0-40
2026-02-26T20:32:18.855Z [ODDS] (serving: Michael Antonius)  Michael Antonius: 13/2 → 7/1, Louis Wessels: 1/14 → 1/16
2026-02-26T20:32:18.855Z [EVENT] (serving: Michael Antonius)  sets: 2-6,0-0, game: 0-0, serving: P1
2026-02-26T20:35:10.226Z [ODDS] (serving: Michael Antonius)  Michael Antonius: 7/1 → 15/2, Louis Wessels: 1/16 → 1/20
2026-02-26T20:35:10.226Z [EVENT] (serving: Michael Antonius)  game: 0-15
2026-02-26T20:36:23.286Z [ODDS] (serving: Michael Antonius)  Michael Antonius: 15/2 → 8/1, Louis Wessels: 1/20 → 1/25
2026-02-26T20:36:23.286Z [EVENT] (serving: Michael Antonius)  game: 0-30
2026-02-26T20:36:31.862Z [ODDS] (serving: Michael Antonius)  Michael Antonius: 8/1 → 9/1, Louis Wessels: 1/25 → 1/33
2026-02-26T20:36:31.862Z [EVENT] (serving: Michael Antonius)  game: 0-40
2026-02-26T20:37:03.434Z [ODDS] (serving: Michael Antonius)  Michael Antonius: 9/1 → 8/1, Louis Wessels: 1/33 → 1/25
2026-02-26T20:37:03.434Z [EVENT] (serving: Michael Antonius)  game: 15-40
2026-02-26T20:37:37.700Z [ODDS] (serving: Michael Antonius)  Michael Antonius: 8/1 → 9/1, Louis Wessels: 1/25 → 1/33
2026-02-26T20:37:56.646Z [ODDS] (serving: Michael Antonius)  Michael Antonius: 9/1 → 8/1, Louis Wessels: 1/33 → 1/25
2026-02-26T20:37:56.646Z [EVENT] (serving: Michael Antonius)  game: 30-40
2026-02-26T20:38:31.516Z [ODDS] (serving: Louis Wessels)  Michael Antonius: 8/1 → 9/1, Louis Wessels: 1/25 → 1/33
2026-02-26T20:38:31.516Z [EVENT] (serving: Louis Wessels)  sets: 2-6,0-1, game: 0-0, serving: P2
2026-02-26T20:40:11.192Z [ODDS] (serving: Louis Wessels)  Michael Antonius: 9/1 → 19/2, Louis Wessels: 1/33 → 1/40
2026-02-26T20:40:11.192Z [EVENT] (serving: Louis Wessels)  game: 0-15
2026-02-26T20:40:43.663Z [ODDS] (serving: Louis Wessels)  Michael Antonius: 19/2 → 10/1, Louis Wessels: 1/40 → 1/50
2026-02-26T20:40:43.663Z [EVENT] (serving: Louis Wessels)  game: 0-30
2026-02-26T20:41:10.276Z [ODDS] (serving: Louis Wessels)  Michael Antonius: 10/1 → 19/2, Louis Wessels: 1/50 → 1/40
2026-02-26T20:41:10.276Z [EVENT] (serving: Louis Wessels)  game: 15-30
2026-02-26T20:41:39.136Z [ODDS] (serving: Louis Wessels)  Michael Antonius: 19/2 → 10/1, Louis Wessels: 1/40 → 1/50
2026-02-26T20:41:39.136Z [EVENT] (serving: Louis Wessels)  game: 15-40
2026-02-26T20:42:34.610Z [ODDS] (serving: Michael Antonius)  Michael Antonius: 10/1 → 11/1, Louis Wessels: 1/50 → 1/66
2026-02-26T20:42:34.610Z [EVENT] (serving: Michael Antonius)  sets: 2-6,0-2, game: 0-0, serving: P1
2026-02-26T20:43:14.750Z [ODDS] (serving: Michael Antonius)  Michael Antonius: 11/1 → 10/1, Louis Wessels: 1/66 → 1/50
2026-02-26T20:43:14.750Z [EVENT] (serving: Michael Antonius)  game: 15-0
2026-02-26T20:43:46.320Z [ODDS] (serving: Michael Antonius)  Michael Antonius: 10/1 → 11/1, Louis Wessels: 1/50 → 1/66
2026-02-26T20:43:46.321Z [EVENT] (serving: Michael Antonius)  game: 15-15
2026-02-26T20:44:04.810Z [ODDS] (serving: Michael Antonius)  Michael Antonius: 11/1 → 19/2, Louis Wessels: 1/66 → 1/40
2026-02-26T20:44:04.810Z [EVENT] (serving: Michael Antonius)  game: 30-15
2026-02-26T20:44:32.772Z [ODDS] (serving: Michael Antonius)  Michael Antonius: 19/2 → 11/1, Louis Wessels: 1/40 → 1/66
2026-02-26T20:44:32.773Z [EVENT] (serving: Michael Antonius)  game: 30-30
2026-02-26T20:44:56.225Z [ODDS] (serving: Michael Antonius)  Michael Antonius: 11/1 → 14/1, Louis Wessels: 1/66 → 1/100
2026-02-26T20:44:56.225Z [EVENT] (serving: Michael Antonius)  game: 30-40
2026-02-26T20:46:20.566Z [ODDS] (serving: Michael Antonius)  Michael Antonius: 14/1 → 11/1, Louis Wessels: 1/100 → 1/66
2026-02-26T20:46:20.566Z [EVENT] (serving: Michael Antonius)  game: 40-40
2026-02-26T20:46:29.137Z [ODDS] (serving: Michael Antonius)  Michael Antonius: 11/1 → 19/2, Louis Wessels: 1/66 → 1/40
2026-02-26T20:46:29.137Z [EVENT] (serving: Michael Antonius)  game: A-40
2026-02-26T20:46:52.596Z [ODDS] (serving: Michael Antonius)  Michael Antonius: 19/2 → 10/1, Louis Wessels: 1/40 → 1/50
2026-02-26T20:47:06.118Z [ODDS] (serving: Louis Wessels)  Michael Antonius: 10/1 → 9/1, Louis Wessels: 1/50 → 1/33
2026-02-26T20:47:06.118Z [EVENT] (serving: Louis Wessels)  sets: 2-6,1-2, game: 0-0, serving: P2
2026-02-26T20:48:41.824Z [ODDS] (serving: Louis Wessels)  Michael Antonius: 9/1 → 19/2, Louis Wessels: 1/33 → 1/40
2026-02-26T20:48:42.727Z [ODDS] (serving: Louis Wessels)  Michael Antonius: 19/2 → 10/1, Louis Wessels: 1/40 → 1/50
2026-02-26T20:49:04.825Z [ODDS] (serving: Louis Wessels)  Michael Antonius: 10/1 → 19/2, Louis Wessels: 1/50 → 1/40
2026-02-26T20:49:04.825Z [EVENT] (serving: Louis Wessels)  game: 15-0
2026-02-26T20:49:50.837Z [ODDS] (serving: Louis Wessels)  Michael Antonius: 19/2 → 8/1, Louis Wessels: 1/40 → 1/25
2026-02-26T20:49:50.837Z [EVENT] (serving: Louis Wessels)  game: 30-0
2026-02-26T20:51:31.424Z [ODDS] (serving: Louis Wessels)  Michael Antonius: 8/1 → 15/2, Louis Wessels: 1/25 → 1/20
2026-02-26T20:51:31.424Z [EVENT] (serving: Louis Wessels)  game: 40-0
2026-02-26T20:51:33.692Z [EVENT] (serving: Louis Wessels)  game: 40-15
2026-02-26T20:52:18.783Z [ODDS] (serving: Michael Antonius)  Michael Antonius: 15/2 → 7/1, Louis Wessels: 1/20 → 1/16
2026-02-26T20:52:18.783Z [EVENT] (serving: Michael Antonius)  sets: 2-6,2-2, game: 0-0, serving: P1
2026-02-26T20:52:56.675Z [ODDS] (serving: Michael Antonius)  Michael Antonius: 7/1 → 15/2, Louis Wessels: 1/16 → 1/20
2026-02-26T20:52:56.675Z [EVENT] (serving: Michael Antonius)  game: 0-15
2026-02-26T20:53:56.207Z [ODDS] (serving: Michael Antonius)  Michael Antonius: 15/2 → 9/1, Louis Wessels: 1/20 → 1/33
2026-02-26T20:53:56.207Z [EVENT] (serving: Michael Antonius)  game: 0-30
2026-02-26T20:54:12.442Z [ODDS] (serving: Michael Antonius)  Michael Antonius: 9/1 → 8/1, Louis Wessels: 1/33 → 1/25
2026-02-26T20:54:12.442Z [EVENT] (serving: Michael Antonius)  game: 15-30
2026-02-26T20:54:55.294Z [ODDS] (serving: Michael Antonius)  Michael Antonius: 8/1 → 9/1, Louis Wessels: 1/25 → 1/33
2026-02-26T20:54:55.294Z [EVENT] (serving: Michael Antonius)  game: 15-40
2026-02-26T20:55:17.848Z [ODDS] (serving: Louis Wessels)  Michael Antonius: 9/1 → 10/1, Louis Wessels: 1/33 → 1/50
2026-02-26T20:55:17.848Z [EVENT] (serving: Louis Wessels)  sets: 2-6,2-3, game: 0-0, serving: P2
2026-02-26T20:57:13.757Z [ODDS] (serving: Louis Wessels)  Michael Antonius: 10/1 → 19/2, Louis Wessels: 1/50 → 1/40
2026-02-26T20:57:44.887Z [ODDS] (serving: Louis Wessels)  Michael Antonius: 19/2 → 11/1, Louis Wessels: 1/40 → 1/66
2026-02-26T20:57:44.887Z [EVENT] (serving: Louis Wessels)  game: 0-15
2026-02-26T20:58:25.466Z [ODDS] (serving: Louis Wessels)  Michael Antonius: 11/1 → 12/1, Louis Wessels: 1/66 → 1/80
2026-02-26T20:58:25.466Z [EVENT] (serving: Louis Wessels)  game: 0-30
2026-02-26T20:59:05.157Z [ODDS] (serving: Louis Wessels)  Michael Antonius: 12/1 → 14/1, Louis Wessels: 1/80 → 1/100
2026-02-26T20:59:05.157Z [EVENT] (serving: Louis Wessels)  game: 0-40
2026-02-26T20:59:30.439Z [EVENT] (serving: Michael Antonius)  sets: 2-6,2-4, game: 0-0, serving: P1
2026-02-26T21:00:15.515Z [ODDS] (serving: Michael Antonius)  Michael Antonius: 14/1 → 16/1, Louis Wessels: 1/100 → 1/200
2026-02-26T21:00:15.515Z [EVENT] (serving: Michael Antonius)  game: 0-15
2026-02-26T21:00:40.323Z [EVENT] (serving: Michael Antonius)  game: 15-15
2026-02-26T21:01:09.640Z [ODDS] (serving: Michael Antonius)  Michael Antonius: 16/1 → 14/1, Louis Wessels: 1/200 → 1/100
2026-02-26T21:01:09.640Z [EVENT] (serving: Michael Antonius)  game: 30-15
2026-02-26T21:01:36.722Z [ODDS] (serving: Michael Antonius)  Michael Antonius: 14/1 → 11/1, Louis Wessels: 1/100 → 1/66
2026-02-26T21:01:36.723Z [EVENT] (serving: Michael Antonius)  game: 40-15
2026-02-26T21:01:53.390Z [ODDS] (serving: Michael Antonius)  Michael Antonius: 11/1 → 12/1, Louis Wessels: 1/66 → 1/80
2026-02-26T21:02:19.993Z [EVENT] (serving: Michael Antonius)  game: 40-30
2026-02-26T21:02:42.998Z [ODDS] (serving: Louis Wessels)  Michael Antonius: 12/1 → 11/1, Louis Wessels: 1/80 → 1/66
2026-02-26T21:02:42.998Z [EVENT] (serving: Louis Wessels)  sets: 2-6,3-4, game: 0-0, serving: P2
2026-02-26T21:04:37.106Z [ODDS] (serving: Louis Wessels)  Michael Antonius: 11/1 → 14/1, Louis Wessels: 1/66 → 1/100
2026-02-26T21:04:37.106Z [EVENT] (serving: Louis Wessels)  game: 0-15
2026-02-26T21:05:11.825Z [ODDS] (serving: Louis Wessels)  Michael Antonius: 14/1 → 16/1, Louis Wessels: 1/100 → 1/200
2026-02-26T21:05:11.825Z [EVENT] (serving: Louis Wessels)  game: 0-30
2026-02-26T21:05:48.358Z [ODDS] (serving: Louis Wessels)  Michael Antonius: 16/1 → 14/1, Louis Wessels: 1/200 → 1/100
2026-02-26T21:05:48.358Z [EVENT] (serving: Louis Wessels)  game: 15-30
2026-02-26T21:06:29.405Z [ODDS] (serving: Louis Wessels)  Michael Antonius: 14/1 → 10/1, Louis Wessels: 1/100 → 1/50
2026-02-26T21:06:29.405Z [EVENT] (serving: Louis Wessels)  game: 30-30
2026-02-26T21:07:00.974Z [ODDS] (serving: Louis Wessels)  Michael Antonius: 10/1 → 14/1, Louis Wessels: 1/50 → 1/100
2026-02-26T21:07:00.974Z [EVENT] (serving: Louis Wessels)  game: 30-40
2026-02-26T21:07:31.187Z [ODDS] (serving: Louis Wessels)  Michael Antonius: 14/1 → 10/1, Louis Wessels: 1/100 → 1/50
2026-02-26T21:07:31.187Z [EVENT] (serving: Louis Wessels)  game: 40-40
2026-02-26T21:08:35.993Z [ODDS] (serving: Louis Wessels)  Michael Antonius: 10/1 → 14/1, Louis Wessels: 1/50 → 1/100
2026-02-26T21:08:35.993Z [EVENT] (serving: Louis Wessels)  game: 40-A
2026-02-26T21:09:40.032Z [ODDS] (serving: Michael Antonius)  Michael Antonius: 14/1 → 16/1, Louis Wessels: 1/100 → 1/200
2026-02-26T21:09:40.032Z [EVENT] (serving: Michael Antonius)  sets: 2-6,3-5, game: 0-0, serving: P1
2026-02-26T21:10:25.128Z [ODDS] (serving: Michael Antonius)  Michael Antonius: 16/1 → 20/1
2026-02-26T21:10:25.582Z [ODDS] (serving: Michael Antonius)  Louis Wessels: 1/200 → 1/500
2026-02-26T21:10:25.582Z [EVENT] (serving: Michael Antonius)  game: 0-15
2026-02-26T21:10:59.864Z [ODDS] (serving: Michael Antonius)  Michael Antonius: 20/1 → 16/1, Louis Wessels: 1/500 → 1/200
2026-02-26T21:10:59.869Z [EVENT] (serving: Michael Antonius)  game: 15-15
2026-02-26T21:11:40.005Z [ODDS] (serving: Michael Antonius)  Michael Antonius: 16/1 → 20/1, Louis Wessels: 1/200 → 1/500
2026-02-26T21:11:40.005Z [EVENT] (serving: Michael Antonius)  game: 15-30
2026-02-26T21:12:36.373Z [ODDS] (serving: Michael Antonius)  Michael Antonius: 20/1 → 25/1, Louis Wessels: 1/500 → 1/1000
2026-02-26T21:12:36.373Z [EVENT] (serving: Michael Antonius)  game: 15-40
2026-02-26T21:12:45.397Z [ODDS] (serving: Michael Antonius)  Michael Antonius: 25/1 → 20/1, Louis Wessels: 1/1000 → 1/500
2026-02-26T21:12:45.398Z [EVENT] (serving: Michael Antonius)  game: 30-40
2026-02-26T21:13:14.255Z [ODDS] (serving: Michael Antonius)  Michael Antonius: 20/1 → 16/1, Louis Wessels: 1/500 → 1/200
2026-02-26T21:13:14.255Z [EVENT] (serving: Michael Antonius)  game: 40-40
2026-02-26T21:13:41.767Z [ODDS] (serving: Michael Antonius)  Michael Antonius: 16/1 → 14/1, Louis Wessels: 1/200 → 1/100
2026-02-26T21:13:41.767Z [EVENT] (serving: Michael Antonius)  game: A-40
2026-02-26T21:14:01.635Z [EVENT] (serving: Louis Wessels)  sets: 2-6,4-5, game: 0-0, serving: P2
2026-02-26T21:16:27.745Z [ODDS] (serving: Louis Wessels)  Michael Antonius: 14/1 → 19/2, Louis Wessels: 1/100 → 1/40
2026-02-26T21:16:27.748Z [EVENT] (serving: Louis Wessels)  game: 15-0
2026-02-26T21:17:32.234Z [ODDS] (serving: Louis Wessels)  Michael Antonius: 19/2 → 12/1, Louis Wessels: 1/40 → 1/80
2026-02-26T21:17:32.234Z [EVENT] (serving: Louis Wessels)  game: 15-15
2026-02-26T21:18:07.409Z [ODDS] (serving: Louis Wessels)  Michael Antonius: 12/1 → 16/1, Louis Wessels: 1/80 → 1/200
2026-02-26T21:18:07.409Z [EVENT] (serving: Louis Wessels)  game: 15-30
2026-02-26T21:18:50.716Z [ODDS] (serving: Louis Wessels)  Michael Antonius: 16/1 → 11/1, Louis Wessels: 1/200 → 1/66
2026-02-26T21:18:50.720Z [EVENT] (serving: Louis Wessels)  game: 30-30
2026-02-26T21:19:25.884Z [ODDS] (serving: Louis Wessels)  Michael Antonius: 11/1 → 16/1, Louis Wessels: 1/66 → 1/200
2026-02-26T21:19:25.884Z [EVENT] (serving: Louis Wessels)  game: 30-40
2026-02-26T21:20:05.588Z [ODDS] (serving: Louis Wessels)  Michael Antonius: 16/1 → 0/0, Louis Wessels: 1/200 → 0/0
2026-02-26T21:20:05.588Z [EVENT] (serving: Louis Wessels)  sets: 2-6,4-6, game: 0-0
