2026-02-27T00:38:50.563Z [ODDS] (serving: Jasmine Paolini)  Jasmine Paolini: 1/12 → 1/10, Priscilla Hon: 7/1 → 6/1
2026-02-27T00:38:50.563Z [EVENT] (serving: Jasmine Paolini)  game: 30-30
2026-02-27T00:39:36.132Z [ODDS] (serving: Jasmine Paolini)  Jasmine Paolini: 1/10 → 1/12, Priscilla Hon: 6/1 → 7/1
2026-02-27T00:39:36.132Z [EVENT] (serving: Jasmine Paolini)  game: 40-30
2026-02-27T00:40:16.685Z [ODDS] (serving: Jasmine Paolini)  Jasmine Paolini: 1/12 → 1/10, Priscilla Hon: 7/1 → 6/1
2026-02-27T00:40:16.685Z [EVENT] (serving: Jasmine Paolini)  game: 40-40
2026-02-27T00:40:50.039Z [ODDS] (serving: Jasmine Paolini)  Jasmine Paolini: 1/10 → 1/9, Priscilla Hon: 6/1 → 11/2
2026-02-27T00:40:50.039Z [EVENT] (serving: Jasmine Paolini)  game: 40-A
2026-02-27T00:41:27.034Z [ODDS] (serving: Jasmine Paolini)  Jasmine Paolini: 1/9 → 1/10, Priscilla Hon: 11/2 → 6/1
2026-02-27T00:41:27.034Z [EVENT] (serving: Jasmine Paolini)  game: 40-40
2026-02-27T00:42:06.767Z [ODDS] (serving: Jasmine Paolini)  Jasmine Paolini: 1/10 → 1/12, Priscilla Hon: 6/1 → 7/1
2026-02-27T00:42:06.767Z [EVENT] (serving: Jasmine Paolini)  game: A-40
2026-02-27T00:42:42.340Z [EVENT] (serving: Priscilla Hon)  sets: 3-0, game: 0-0, serving: P2
2026-02-27T00:44:59.450Z [ODDS] (serving: Priscilla Hon)  Jasmine Paolini: 1/12 → 1/14, Priscilla Hon: 7/1 → 8/1
2026-02-27T00:44:59.450Z [EVENT] (serving: Priscilla Hon)  game: 15-0
2026-02-27T00:45:53.119Z [ODDS] (serving: Priscilla Hon)  Jasmine Paolini: 1/14 → 1/16, Priscilla Hon: 8/1 → 9/1
2026-02-27T00:45:53.119Z [EVENT] (serving: Priscilla Hon)  game: 30-0
2026-02-27T00:46:40.022Z [ODDS] (serving: Priscilla Hon)  Jasmine Paolini: 1/16 → 1/14, Priscilla Hon: 9/1 → 8/1
2026-02-27T00:46:40.022Z [EVENT] (serving: Priscilla Hon)  game: 30-15
2026-02-27T00:47:25.574Z [ODDS] (serving: Priscilla Hon)  Jasmine Paolini: 1/14 → 1/16, Priscilla Hon: 8/1 → 9/1
2026-02-27T00:47:25.574Z [EVENT] (serving: Priscilla Hon)  game: 40-15
2026-02-27T00:47:54.437Z [ODDS] (serving: Jasmine Paolini)  Jasmine Paolini: 1/16 → 1/20, Priscilla Hon: 9/1 → 10/1
2026-02-27T00:47:54.437Z [EVENT] (serving: Jasmine Paolini)  sets: 4-0, game: 0-0, serving: P1
2026-02-27T00:48:43.146Z [EVENT] (serving: Jasmine Paolini)  game: 15-0
2026-02-27T00:49:07.501Z [EVENT] (serving: Jasmine Paolini)  game: 15-15
2026-02-27T00:49:35.489Z [ODDS] (serving: Jasmine Paolini)  Jasmine Paolini: 1/20 → 1/16, Priscilla Hon: 10/1 → 9/1
2026-02-27T00:49:35.489Z [EVENT] (serving: Jasmine Paolini)  game: 15-30
2026-02-27T00:50:04.779Z [ODDS] (serving: Jasmine Paolini)  Jasmine Paolini: 1/16 → 1/20, Priscilla Hon: 9/1 → 10/1
2026-02-27T00:50:04.779Z [EVENT] (serving: Jasmine Paolini)  game: 30-30
2026-02-27T00:50:43.567Z [ODDS] (serving: Jasmine Paolini)  Jasmine Paolini: 1/20 → 1/25, Priscilla Hon: 10/1 → 12/1
2026-02-27T00:50:50.331Z [EVENT] (serving: Jasmine Paolini)  game: 40-30
2026-02-27T00:51:25.161Z [EVENT] (serving: Jasmine Paolini)  game: 40-40
2026-02-27T00:52:07.909Z [EVENT] (serving: Jasmine Paolini)  game: A-40
2026-02-27T00:52:56.162Z [ODDS] (serving: Priscilla Hon)  Jasmine Paolini: 1/25 → 1/33, Priscilla Hon: 12/1 → 14/1
2026-02-27T00:52:56.162Z [EVENT] (serving: Priscilla Hon)  sets: 5-0, game: 0-0, serving: P2
2026-02-27T00:55:06.506Z [EVENT] (serving: Priscilla Hon)  game: 15-0
2026-02-27T00:55:37.179Z [EVENT] (serving: Priscilla Hon)  game: 15-15
2026-02-27T00:56:11.901Z [EVENT] (serving: Priscilla Hon)  game: 30-15
2026-02-27T00:56:47.079Z [ODDS] (serving: Priscilla Hon)  Jasmine Paolini: 1/33 → 1/40, Priscilla Hon: 14/1 → 16/1
2026-02-27T00:56:47.079Z [EVENT] (serving: Priscilla Hon)  game: 40-15
2026-02-27T00:57:16.394Z [EVENT] (serving: Jasmine Paolini)  sets: 6-0,0-0, game: 0-0, serving: P1
2026-02-27T00:57:29.477Z [ODDS] (serving: Jasmine Paolini)  Jasmine Paolini: 1/40 → 1/50, Priscilla Hon: 16/1 → 18/1
2026-02-27T00:57:30.827Z [ODDS] (serving: Jasmine Paolini)  Jasmine Paolini: 1/50 → 1/40, Priscilla Hon: 18/1 → 16/1
2026-02-27T00:57:32.180Z [ODDS] (serving: Jasmine Paolini)  Jasmine Paolini: 1/40 → 1/50, Priscilla Hon: 16/1 → 18/1
2026-02-27T00:59:31.695Z [ODDS] (serving: Jasmine Paolini)  Jasmine Paolini: 1/50 → 1/66, Priscilla Hon: 18/1 → 20/1
2026-02-27T01:02:33.449Z [EVENT] (serving: Jasmine Paolini)  game: 15-0
2026-02-27T01:03:05.925Z [ODDS] (serving: Jasmine Paolini)  Jasmine Paolini: 1/66 → 1/80, Priscilla Hon: 20/1 → 22/1
2026-02-27T01:03:05.925Z [EVENT] (serving: Jasmine Paolini)  game: 30-0
2026-02-27T01:03:29.827Z [ODDS] (serving: Jasmine Paolini)  Jasmine Paolini: 1/80 → 1/66, Priscilla Hon: 22/1 → 20/1
2026-02-27T01:03:29.827Z [EVENT] (serving: Jasmine Paolini)  game: 30-15
2026-02-27T01:03:55.084Z [ODDS] (serving: Jasmine Paolini)  Jasmine Paolini: 1/66 → 1/50, Priscilla Hon: 20/1 → 18/1
2026-02-27T01:03:55.084Z [EVENT] (serving: Jasmine Paolini)  game: 30-30
2026-02-27T01:04:42.440Z [ODDS] (serving: Jasmine Paolini)  Jasmine Paolini: 1/50 → 1/66, Priscilla Hon: 18/1 → 20/1
2026-02-27T01:04:42.440Z [EVENT] (serving: Jasmine Paolini)  game: 40-30
2026-02-27T01:05:13.558Z [ODDS] (serving: Priscilla Hon)  Jasmine Paolini: 1/66 → 1/80, Priscilla Hon: 20/1 → 22/1
2026-02-27T01:05:13.558Z [EVENT] (serving: Priscilla Hon)  sets: 6-0,1-0, game: 0-0, serving: P2
2026-02-27T01:06:19.857Z [ODDS] (serving: Priscilla Hon)  Jasmine Paolini: 1/80 → 1/66, Priscilla Hon: 22/1 → 20/1
2026-02-27T01:06:19.857Z [EVENT] (serving: Priscilla Hon)  game: 0-15
2026-02-27T01:06:42.861Z [ODDS] (serving: Priscilla Hon)  Jasmine Paolini: 1/66 → 1/80, Priscilla Hon: 20/1 → 22/1
2026-02-27T01:06:42.861Z [EVENT] (serving: Priscilla Hon)  game: 15-15
2026-02-27T01:07:07.215Z [ODDS] (serving: Priscilla Hon)  Jasmine Paolini: 1/80 → 1/100, Priscilla Hon: 22/1 → 25/1
2026-02-27T01:07:07.216Z [EVENT] (serving: Priscilla Hon)  game: 30-15
2026-02-27T01:07:51.413Z [ODDS] (serving: Priscilla Hon)  Jasmine Paolini: 1/100 → 1/150, Priscilla Hon: 25/1 → 28/1
2026-02-27T01:07:51.413Z [EVENT] (serving: Priscilla Hon)  game: 40-15
2026-02-27T01:08:13.964Z [ODDS] (serving: Jasmine Paolini)  Jasmine Paolini: 1/150 → 1/250, Priscilla Hon: 28/1 → 40/1
2026-02-27T01:08:13.964Z [EVENT] (serving: Jasmine Paolini)  sets: 6-0,2-0, game: 0-0, serving: P1
2026-02-27T01:08:59.369Z [ODDS] (serving: Jasmine Paolini)  Jasmine Paolini: 1/250 → 1/200, Priscilla Hon: 40/1 → 33/1
2026-02-27T01:08:59.369Z [EVENT] (serving: Jasmine Paolini)  game: 0-15
2026-02-27T01:09:21.471Z [ODDS] (serving: Jasmine Paolini)  Jasmine Paolini: 1/200 → 1/250, Priscilla Hon: 33/1 → 40/1
2026-02-27T01:09:21.471Z [EVENT] (serving: Jasmine Paolini)  game: 15-15
2026-02-27T01:09:44.474Z [ODDS] (serving: Jasmine Paolini)  Jasmine Paolini: 1/250 → 1/150, Priscilla Hon: 40/1 → 28/1
2026-02-27T01:09:44.474Z [EVENT] (serving: Jasmine Paolini)  game: 15-30
2026-02-27T01:10:13.787Z [ODDS] (serving: Jasmine Paolini)  Jasmine Paolini: 1/150 → 1/100, Priscilla Hon: 28/1 → 25/1
2026-02-27T01:10:13.787Z [EVENT] (serving: Jasmine Paolini)  game: 15-40
2026-02-27T01:10:44.455Z [ODDS] (serving: Priscilla Hon)  Jasmine Paolini: 1/100 → 1/80, Priscilla Hon: 25/1 → 22/1
2026-02-27T01:10:44.455Z [EVENT] (serving: Priscilla Hon)  sets: 6-0,2-1, game: 0-0, serving: P2
2026-02-27T01:13:05.622Z [ODDS] (serving: Priscilla Hon)  Jasmine Paolini: 1/80 → 1/100, Priscilla Hon: 22/1 → 25/1
2026-02-27T01:13:05.622Z [EVENT] (serving: Priscilla Hon)  game: 15-0
2026-02-27T01:13:45.764Z [ODDS] (serving: Priscilla Hon)  Jasmine Paolini: 1/100 → 1/150, Priscilla Hon: 25/1 → 28/1
2026-02-27T01:13:45.764Z [EVENT] (serving: Priscilla Hon)  game: 30-0
2026-02-27T01:14:13.275Z [ODDS] (serving: Priscilla Hon)  Jasmine Paolini: 1/150 → 1/200, Priscilla Hon: 28/1 → 33/1
2026-02-27T01:14:13.275Z [EVENT] (serving: Priscilla Hon)  game: 40-0
2026-02-27T01:14:44.392Z [ODDS] (serving: Priscilla Hon)  Jasmine Paolini: 1/200 → 1/150, Priscilla Hon: 33/1 → 28/1
2026-02-27T01:14:44.393Z [EVENT] (serving: Priscilla Hon)  game: 40-15
2026-02-27T01:15:28.140Z [ODDS] (serving: Priscilla Hon)  Jasmine Paolini: 1/150 → 1/100, Priscilla Hon: 28/1 → 25/1
2026-02-27T01:15:28.140Z [EVENT] (serving: Priscilla Hon)  game: 40-30
2026-02-27T01:16:09.186Z [ODDS] (serving: Priscilla Hon)  Jasmine Paolini: 1/100 → 1/80, Priscilla Hon: 25/1 → 22/1
2026-02-27T01:16:09.186Z [EVENT] (serving: Priscilla Hon)  game: 40-40
2026-02-27T01:16:45.712Z [ODDS] (serving: Priscilla Hon)  Jasmine Paolini: 1/80 → 1/50, Priscilla Hon: 22/1 → 18/1
2026-02-27T01:16:45.712Z [EVENT] (serving: Priscilla Hon)  game: 40-A
2026-02-27T01:17:15.488Z [ODDS] (serving: Priscilla Hon)  Jasmine Paolini: 1/50 → 1/80, Priscilla Hon: 18/1 → 22/1
2026-02-27T01:17:15.488Z [EVENT] (serving: Priscilla Hon)  game: 40-40
2026-02-27T01:17:48.402Z [ODDS] (serving: Priscilla Hon)  Jasmine Paolini: 1/80 → 1/150, Priscilla Hon: 22/1 → 28/1
2026-02-27T01:17:48.402Z [EVENT] (serving: Priscilla Hon)  game: A-40
2026-02-27T01:18:39.366Z [ODDS] (serving: Jasmine Paolini)  Jasmine Paolini: 1/150 → 1/250, Priscilla Hon: 28/1 → 40/1
2026-02-27T01:18:39.366Z [EVENT] (serving: Jasmine Paolini)  sets: 6-0,3-1, game: 0-0, serving: P1
2026-02-27T01:18:57.407Z [ODDS] (serving: Jasmine Paolini)  Jasmine Paolini: 1/250 → 1/200, Priscilla Hon: 40/1 → 33/1
2026-02-27T01:19:25.823Z [ODDS] (serving: Jasmine Paolini)  Jasmine Paolini: 1/200 → 1/250, Priscilla Hon: 33/1 → 40/1
2026-02-27T01:19:25.823Z [EVENT] (serving: Jasmine Paolini)  game: 15-0
2026-02-27T01:19:47.917Z [ODDS] (serving: Jasmine Paolini)  Jasmine Paolini: 1/250 → 1/200, Priscilla Hon: 40/1 → 33/1
2026-02-27T01:19:47.917Z [EVENT] (serving: Jasmine Paolini)  game: 15-15
2026-02-27T01:20:22.645Z [ODDS] (serving: Jasmine Paolini)  Jasmine Paolini: 1/200 → 1/250, Priscilla Hon: 33/1 → 40/1
2026-02-27T01:20:22.645Z [EVENT] (serving: Jasmine Paolini)  game: 30-15
2026-02-27T01:20:56.018Z [ODDS] (serving: Jasmine Paolini)  Jasmine Paolini: 1/250 → 1/200, Priscilla Hon: 40/1 → 33/1
2026-02-27T01:20:56.018Z [EVENT] (serving: Jasmine Paolini)  game: 30-30
2026-02-27T01:21:25.333Z [ODDS] (serving: Jasmine Paolini)  Jasmine Paolini: 1/200 → 1/100, Priscilla Hon: 33/1 → 25/1
2026-02-27T01:21:25.333Z [EVENT] (serving: Jasmine Paolini)  game: 30-40
2026-02-27T01:22:05.472Z [ODDS] (serving: Jasmine Paolini)  Jasmine Paolini: 1/100 → 1/200, Priscilla Hon: 25/1 → 33/1
2026-02-27T01:22:05.472Z [EVENT] (serving: Jasmine Paolini)  game: 40-40
2026-02-27T01:22:29.826Z [ODDS] (serving: Jasmine Paolini)  Jasmine Paolini: 1/200 → 1/100, Priscilla Hon: 33/1 → 25/1
2026-02-27T01:22:29.826Z [EVENT] (serving: Jasmine Paolini)  game: 40-A
2026-02-27T01:22:55.984Z [ODDS] (serving: Priscilla Hon)  Jasmine Paolini: 1/100 → 1/66, Priscilla Hon: 25/1 → 20/1
2026-02-27T01:22:55.984Z [EVENT] (serving: Priscilla Hon)  sets: 6-0,3-2, game: 0-0, serving: P2
2026-02-27T01:22:58.240Z [ODDS] (serving: Jasmine Paolini)  Jasmine Paolini: 1/66 → 1/100, Priscilla Hon: 20/1 → 25/1
2026-02-27T01:22:58.240Z [EVENT] (serving: Jasmine Paolini)  sets: 6-0,3-1, game: 40-A, serving: P1
2026-02-27T01:22:58.690Z [ODDS] (serving: Jasmine Paolini)  Jasmine Paolini: 1/100 → 1/200, Priscilla Hon: 25/1 → 33/1
2026-02-27T01:22:58.690Z [EVENT] (serving: Jasmine Paolini)  game: 40-40
2026-02-27T01:23:23.045Z [ODDS] (serving: Jasmine Paolini)  Jasmine Paolini: 1/200 → 1/250, Priscilla Hon: 33/1 → 40/1
2026-02-27T01:23:23.045Z [EVENT] (serving: Jasmine Paolini)  game: A-40
2026-02-27T01:23:41.542Z [ODDS] (serving: Priscilla Hon)  Jasmine Paolini: 1/250 → 1/500, Priscilla Hon: 40/1 → 50/1
2026-02-27T01:23:41.542Z [EVENT] (serving: Priscilla Hon)  sets: 6-0,4-1, game: 0-0, serving: P2
2026-02-27T01:25:54.583Z [ODDS] (serving: Priscilla Hon)  Jasmine Paolini: 1/500 → 1/750, Priscilla Hon: 50/1 → 66/1
2026-02-27T01:25:54.583Z [EVENT] (serving: Priscilla Hon)  game: 15-0
2026-02-27T01:26:16.685Z [ODDS] (serving: Priscilla Hon)  Jasmine Paolini: 1/750 → 1/500, Priscilla Hon: 66/1 → 50/1
2026-02-27T01:26:16.685Z [EVENT] (serving: Priscilla Hon)  game: 15-15
2026-02-27T01:26:52.763Z [ODDS] (serving: Priscilla Hon)  Jasmine Paolini: 1/500 → 1/750, Priscilla Hon: 50/1 → 66/1
2026-02-27T01:26:52.763Z [EVENT] (serving: Priscilla Hon)  game: 30-15
2026-02-27T01:27:22.078Z [ODDS] (serving: Priscilla Hon)  Jasmine Paolini: 1/750 → 1/1000, Priscilla Hon: 66/1 → 100/1
2026-02-27T01:27:22.078Z [EVENT] (serving: Priscilla Hon)  game: 40-15
2026-02-27T01:27:39.666Z [EVENT] (serving: Priscilla Hon)  game: 40-30
2026-02-27T01:28:36.046Z [ODDS] (serving: Priscilla Hon)  Jasmine Paolini: 1/1000 → 1/500, Priscilla Hon: 100/1 → 50/1
2026-02-27T01:28:36.046Z [EVENT] (serving: Priscilla Hon)  game: 40-40
2026-02-27T01:29:48.207Z [ODDS] (serving: Priscilla Hon)  Jasmine Paolini: 1/500 → 1/250, Priscilla Hon: 50/1 → 40/1
2026-02-27T01:29:48.207Z [EVENT] (serving: Priscilla Hon)  game: 40-A
2026-02-27T01:30:22.036Z [EVENT] (serving: Jasmine Paolini)  sets: 6-0,4-2, game: 0-0, serving: P1
2026-02-27T01:30:54.054Z [ODDS] (serving: Jasmine Paolini)  Jasmine Paolini: 1/250 → 1/200, Priscilla Hon: 40/1 → 33/1
2026-02-27T01:31:03.975Z [ODDS] (serving: Jasmine Paolini)  Jasmine Paolini: 1/200 → 1/250, Priscilla Hon: 33/1 → 40/1
2026-02-27T01:31:05.328Z [ODDS] (serving: Jasmine Paolini)  Jasmine Paolini: 1/250 → 1/150, Priscilla Hon: 40/1 → 28/1
2026-02-27T01:31:05.328Z [EVENT] (serving: Jasmine Paolini)  game: 0-15
2026-02-27T01:31:49.077Z [ODDS] (serving: Jasmine Paolini)  Jasmine Paolini: 1/150 → 1/200, Priscilla Hon: 28/1 → 33/1
2026-02-27T01:31:49.077Z [EVENT] (serving: Jasmine Paolini)  game: 15-15
2026-02-27T01:32:23.803Z [ODDS] (serving: Jasmine Paolini)  Jasmine Paolini: 1/200 → 1/150, Priscilla Hon: 33/1 → 28/1
2026-02-27T01:32:23.804Z [EVENT] (serving: Jasmine Paolini)  game: 15-30
2026-02-27T01:32:57.177Z [ODDS] (serving: Jasmine Paolini)  Jasmine Paolini: 1/150 → 1/200, Priscilla Hon: 28/1 → 33/1
2026-02-27T01:32:57.178Z [EVENT] (serving: Jasmine Paolini)  game: 30-30
2026-02-27T01:34:01.220Z [ODDS] (serving: Jasmine Paolini)  Jasmine Paolini: 1/200 → 1/500, Priscilla Hon: 33/1 → 50/1
2026-02-27T01:34:01.220Z [EVENT] (serving: Jasmine Paolini)  game: 40-30
2026-02-27T01:34:55.344Z [ODDS] (serving: Priscilla Hon)  Jasmine Paolini: 1/500 → 1/750, Priscilla Hon: 50/1 → 66/1
2026-02-27T01:34:55.344Z [EVENT] (serving: Priscilla Hon)  sets: 6-0,5-2, game: 0-0, serving: P2
2026-02-27T01:36:59.821Z [ODDS] (serving: Priscilla Hon)  Jasmine Paolini: 1/750 → 1/1000, Priscilla Hon: 66/1 → 100/1
2026-02-27T01:36:59.822Z [EVENT] (serving: Priscilla Hon)  game: 15-0
2026-02-27T01:37:40.412Z [ODDS] (serving: Priscilla Hon)  Jasmine Paolini: 1/1000 → 1/750, Priscilla Hon: 100/1 → 66/1
2026-02-27T01:37:40.412Z [EVENT] (serving: Priscilla Hon)  game: 15-15
2026-02-27T01:38:26.258Z [ODDS] (serving: Priscilla Hon)  Jasmine Paolini: 1/750 → 1/1000, Priscilla Hon: 66/1 → 100/1
2026-02-27T01:38:26.258Z [EVENT] (serving: Priscilla Hon)  game: 30-15
2026-02-27T01:39:00.022Z [ODDS] (serving: Priscilla Hon)  Jasmine Paolini: 1/1000 → 1/750, Priscilla Hon: 100/1 → 66/1
2026-02-27T01:39:00.022Z [EVENT] (serving: Priscilla Hon)  game: 30-30
2026-02-27T01:39:32.948Z [ODDS] (serving: Priscilla Hon)  Jasmine Paolini: 1/750 → 1/500, Priscilla Hon: 66/1 → 50/1
2026-02-27T01:39:32.948Z [EVENT] (serving: Priscilla Hon)  game: 30-40
2026-02-27T01:40:16.243Z [ODDS] (serving: Priscilla Hon)  Jasmine Paolini: 1/500 → 1/750, Priscilla Hon: 50/1 → 66/1
2026-02-27T01:40:16.243Z [EVENT] (serving: Priscilla Hon)  game: 40-40
2026-02-27T01:40:45.108Z [ODDS] (serving: Priscilla Hon)  Jasmine Paolini: 1/750 → 1/1000, Priscilla Hon: 66/1 → 100/1
2026-02-27T01:40:45.108Z [EVENT] (serving: Priscilla Hon)  game: A-40
2026-02-27T01:41:36.079Z [ODDS] (serving: Priscilla Hon)  Jasmine Paolini: 1/1000 → 0/0, Priscilla Hon: 100/1 → 0/0
2026-02-27T01:41:36.079Z [EVENT] (serving: Priscilla Hon)  sets: 6-0,6-2, game: 0-0
