2026-02-26T20:38:05.358Z [ODDS] (serving: Caroline Dolehide)  Kimberly Birrell: 4/5 → 10/11, Caroline Dolehide: 1/1 → 10/11
2026-02-26T20:38:05.358Z [EVENT] (serving: Caroline Dolehide)  game: 0-15
2026-02-26T20:38:31.965Z [ODDS] (serving: Caroline Dolehide)  Kimberly Birrell: 10/11 → 4/5, Caroline Dolehide: 10/11 → 1/1
2026-02-26T20:38:31.965Z [EVENT] (serving: Caroline Dolehide)  game: 15-15
2026-02-26T20:38:59.480Z [ODDS] (serving: Caroline Dolehide)  Kimberly Birrell: 4/5 → 8/11, Caroline Dolehide: 1/1 → 11/10
2026-02-26T20:38:59.480Z [EVENT] (serving: Caroline Dolehide)  game: 30-15
2026-02-26T20:39:30.147Z [ODDS] (serving: Caroline Dolehide)  Kimberly Birrell: 8/11 → 4/5, Caroline Dolehide: 11/10 → 1/1
2026-02-26T20:39:30.148Z [EVENT] (serving: Caroline Dolehide)  game: 30-30
2026-02-26T20:40:03.996Z [ODDS] (serving: Caroline Dolehide)  Kimberly Birrell: 4/5 → 10/11, Caroline Dolehide: 1/1 → 10/11
2026-02-26T20:40:03.996Z [EVENT] (serving: Caroline Dolehide)  game: 30-40
2026-02-26T20:40:35.545Z [ODDS] (serving: Caroline Dolehide)  Kimberly Birrell: 10/11 → 4/5, Caroline Dolehide: 10/11 → 1/1
2026-02-26T20:40:35.545Z [EVENT] (serving: Caroline Dolehide)  game: 40-40
2026-02-26T20:40:58.094Z [ODDS] (serving: Caroline Dolehide)  Kimberly Birrell: 4/5 → 10/11, Caroline Dolehide: 1/1 → 10/11
2026-02-26T20:40:58.094Z [EVENT] (serving: Caroline Dolehide)  game: 40-A
2026-02-26T20:41:20.212Z [ODDS] (serving: Caroline Dolehide)  Kimberly Birrell: 10/11 → 4/5, Caroline Dolehide: 10/11 → 1/1
2026-02-26T20:41:21.095Z [ODDS] (serving: Caroline Dolehide)  Kimberly Birrell: 4/5 → 8/11, Caroline Dolehide: 1/1 → 11/10
2026-02-26T20:41:23.350Z [ODDS] (serving: Caroline Dolehide)  Kimberly Birrell: 8/11 → 4/5, Caroline Dolehide: 11/10 → 1/1
2026-02-26T20:41:25.155Z [ODDS] (serving: Caroline Dolehide)  Kimberly Birrell: 4/5 → 10/11, Caroline Dolehide: 1/1 → 10/11
2026-02-26T20:41:29.213Z [ODDS] (serving: Caroline Dolehide)  Kimberly Birrell: 10/11 → 1/1, Caroline Dolehide: 10/11 → 4/5
2026-02-26T20:41:32.822Z [ODDS] (serving: Caroline Dolehide)  Kimberly Birrell: 1/1 → 10/11, Caroline Dolehide: 4/5 → 10/11
2026-02-26T20:41:32.822Z [EVENT] (serving: Caroline Dolehide)  game: 40-40
2026-02-26T20:41:34.174Z [ODDS] (serving: Caroline Dolehide)  Kimberly Birrell: 10/11 → 4/5, Caroline Dolehide: 10/11 → 1/1
2026-02-26T20:42:13.866Z [ODDS] (serving: Caroline Dolehide)  Kimberly Birrell: 4/5 → 8/11, Caroline Dolehide: 1/1 → 11/10
2026-02-26T20:42:13.866Z [EVENT] (serving: Caroline Dolehide)  game: A-40
2026-02-26T20:42:48.141Z [ODDS] (serving: Kimberly Birrell)  Kimberly Birrell: 8/11 → 8/13, Caroline Dolehide: 11/10 → 13/10
2026-02-26T20:42:48.141Z [EVENT] (serving: Kimberly Birrell)  sets: 1-0, game: 0-0, serving: P1
2026-02-26T20:44:06.615Z [ODDS] (serving: Kimberly Birrell)  Kimberly Birrell: 8/13 → 4/7, Caroline Dolehide: 13/10 → 11/8
2026-02-26T20:44:06.615Z [EVENT] (serving: Kimberly Birrell)  game: 15-0
2026-02-26T20:44:38.636Z [ODDS] (serving: Kimberly Birrell)  Kimberly Birrell: 4/7 → 1/2, Caroline Dolehide: 11/8 → 13/8
2026-02-26T20:44:38.636Z [EVENT] (serving: Kimberly Birrell)  game: 30-0
2026-02-26T20:45:04.808Z [EVENT] (serving: Kimberly Birrell)  game: 40-0
2026-02-26T20:45:40.875Z [ODDS] (serving: Caroline Dolehide)  Kimberly Birrell: 1/2 → 4/9, Caroline Dolehide: 13/8 → 7/4
2026-02-26T20:45:40.875Z [EVENT] (serving: Caroline Dolehide)  sets: 2-0, game: 0-0, serving: P2
2026-02-26T20:46:39.958Z [ODDS] (serving: Caroline Dolehide)  Kimberly Birrell: 4/9 → 1/2, Caroline Dolehide: 7/4 → 13/8
2026-02-26T20:46:39.958Z [EVENT] (serving: Caroline Dolehide)  game: 0-15
2026-02-26T20:47:16.943Z [ODDS] (serving: Caroline Dolehide)  Kimberly Birrell: 1/2 → 8/15, Caroline Dolehide: 13/8 → 6/4
2026-02-26T20:47:16.943Z [EVENT] (serving: Caroline Dolehide)  game: 0-30
2026-02-26T20:47:48.514Z [ODDS] (serving: Caroline Dolehide)  Kimberly Birrell: 8/15 → 1/2, Caroline Dolehide: 6/4 → 13/8
2026-02-26T20:47:48.514Z [EVENT] (serving: Caroline Dolehide)  game: 15-30
2026-02-26T20:48:43.178Z [ODDS] (serving: Caroline Dolehide)  Kimberly Birrell: 1/2 → 8/15, Caroline Dolehide: 13/8 → 6/4
2026-02-26T20:48:43.178Z [EVENT] (serving: Caroline Dolehide)  game: 15-40
2026-02-26T20:49:15.201Z [ODDS] (serving: Caroline Dolehide)  Kimberly Birrell: 8/15 → 1/2, Caroline Dolehide: 6/4 → 13/8
2026-02-26T20:49:15.201Z [EVENT] (serving: Caroline Dolehide)  game: 30-40
2026-02-26T20:49:41.809Z [ODDS] (serving: Kimberly Birrell)  Kimberly Birrell: 1/2 → 8/15, Caroline Dolehide: 13/8 → 6/4
2026-02-26T20:49:41.809Z [EVENT] (serving: Kimberly Birrell)  sets: 2-1, game: 0-0, serving: P1
2026-02-26T20:51:35.482Z [ODDS] (serving: Kimberly Birrell)  Kimberly Birrell: 8/15 → 8/13, Caroline Dolehide: 6/4 → 13/10
2026-02-26T20:51:35.482Z [EVENT] (serving: Kimberly Birrell)  game: 0-15
2026-02-26T20:52:04.350Z [ODDS] (serving: Kimberly Birrell)  Kimberly Birrell: 8/13 → 4/6, Caroline Dolehide: 13/10 → 6/5
2026-02-26T20:52:04.350Z [EVENT] (serving: Kimberly Birrell)  game: 0-30
2026-02-26T20:52:32.323Z [ODDS] (serving: Kimberly Birrell)  Kimberly Birrell: 4/6 → 8/11, Caroline Dolehide: 6/5 → 11/10
2026-02-26T20:52:42.693Z [ODDS] (serving: Kimberly Birrell)  Kimberly Birrell: 8/11 → 4/5, Caroline Dolehide: 11/10 → 1/1
2026-02-26T20:52:42.693Z [EVENT] (serving: Kimberly Birrell)  game: 0-40
2026-02-26T20:53:13.816Z [ODDS] (serving: Caroline Dolehide)  Kimberly Birrell: 4/5 → 10/11, Caroline Dolehide: 1/1 → 10/11
2026-02-26T20:53:13.816Z [EVENT] (serving: Caroline Dolehide)  sets: 2-2, game: 0-0, serving: P2
2026-02-26T20:54:08.390Z [ODDS] (serving: Caroline Dolehide)  Kimberly Birrell: 10/11 → 1/1, Caroline Dolehide: 10/11 → 4/5
2026-02-26T20:54:08.390Z [EVENT] (serving: Caroline Dolehide)  game: 0-15
2026-02-26T20:54:39.503Z [ODDS] (serving: Caroline Dolehide)  Kimberly Birrell: 1/1 → 11/10, Caroline Dolehide: 4/5 → 8/11
2026-02-26T20:54:39.503Z [EVENT] (serving: Caroline Dolehide)  game: 0-30
2026-02-26T20:55:03.863Z [EVENT] (serving: Caroline Dolehide)  game: 0-40
2026-02-26T20:55:50.321Z [ODDS] (serving: Kimberly Birrell)  Kimberly Birrell: 11/10 → 6/5, Caroline Dolehide: 8/11 → 4/6
2026-02-26T20:55:50.321Z [EVENT] (serving: Kimberly Birrell)  sets: 2-3, game: 0-0, serving: P1
2026-02-26T20:57:45.780Z [ODDS] (serving: Kimberly Birrell)  Kimberly Birrell: 6/5 → 11/8, Caroline Dolehide: 4/6 → 4/7
2026-02-26T20:57:45.780Z [EVENT] (serving: Kimberly Birrell)  game: 0-15
2026-02-26T20:58:25.466Z [ODDS] (serving: Kimberly Birrell)  Kimberly Birrell: 11/8 → 13/8, Caroline Dolehide: 4/7 → 1/2
2026-02-26T20:58:25.466Z [EVENT] (serving: Kimberly Birrell)  game: 0-30
2026-02-26T20:59:02.001Z [ODDS] (serving: Kimberly Birrell)  Kimberly Birrell: 13/8 → 11/8, Caroline Dolehide: 1/2 → 4/7
2026-02-26T20:59:02.001Z [EVENT] (serving: Kimberly Birrell)  game: 15-30
2026-02-26T20:59:26.822Z [ODDS] (serving: Kimberly Birrell)  Kimberly Birrell: 11/8 → 6/4, Caroline Dolehide: 4/7 → 8/15
2026-02-26T20:59:38.982Z [ODDS] (serving: Kimberly Birrell)  Kimberly Birrell: 6/4 → 7/4, Caroline Dolehide: 8/15 → 4/9
2026-02-26T20:59:38.982Z [EVENT] (serving: Kimberly Birrell)  game: 15-40
2026-02-26T21:00:29.055Z [ODDS] (serving: Kimberly Birrell)  Kimberly Birrell: 7/4 → 6/4, Caroline Dolehide: 4/9 → 8/15
2026-02-26T21:00:29.055Z [EVENT] (serving: Kimberly Birrell)  game: 30-40
2026-02-26T21:00:58.816Z [ODDS] (serving: Kimberly Birrell)  Kimberly Birrell: 6/4 → 6/5, Caroline Dolehide: 8/15 → 4/6
2026-02-26T21:00:58.816Z [EVENT] (serving: Kimberly Birrell)  game: 40-40
2026-02-26T21:01:26.341Z [ODDS] (serving: Kimberly Birrell)  Kimberly Birrell: 6/5 → 11/10, Caroline Dolehide: 4/6 → 8/11
2026-02-26T21:01:26.341Z [EVENT] (serving: Kimberly Birrell)  game: A-40
2026-02-26T21:01:51.133Z [ODDS] (serving: Kimberly Birrell)  Kimberly Birrell: 11/10 → 13/10, Caroline Dolehide: 8/11 → 8/13
2026-02-26T21:01:51.133Z [EVENT] (serving: Kimberly Birrell)  game: 40-40
2026-02-26T21:02:17.739Z [ODDS] (serving: Kimberly Birrell)  Kimberly Birrell: 13/10 → 11/10, Caroline Dolehide: 8/13 → 8/11
2026-02-26T21:02:17.739Z [EVENT] (serving: Kimberly Birrell)  game: A-40
2026-02-26T21:02:41.209Z [ODDS] (serving: Caroline Dolehide)  Kimberly Birrell: 11/10 → 1/1, Caroline Dolehide: 8/11 → 4/5
2026-02-26T21:02:41.209Z [EVENT] (serving: Caroline Dolehide)  sets: 3-3, game: 0-0, serving: P2
2026-02-26T21:03:57.923Z [ODDS] (serving: Caroline Dolehide)  Kimberly Birrell: 1/1 → 10/11, Caroline Dolehide: 4/5 → 10/11
2026-02-26T21:03:57.923Z [EVENT] (serving: Caroline Dolehide)  game: 15-0
2026-02-26T21:04:47.110Z [ODDS] (serving: Caroline Dolehide)  Kimberly Birrell: 10/11 → 1/1, Caroline Dolehide: 10/11 → 4/5
2026-02-26T21:04:47.110Z [EVENT] (serving: Caroline Dolehide)  game: 15-15
2026-02-26T21:05:25.814Z [ODDS] (serving: Caroline Dolehide)  Kimberly Birrell: 1/1 → 4/5, Caroline Dolehide: 4/5 → 1/1
2026-02-26T21:05:25.814Z [EVENT] (serving: Caroline Dolehide)  game: 30-15
2026-02-26T21:06:10.007Z [ODDS] (serving: Caroline Dolehide)  Kimberly Birrell: 4/5 → 10/11, Caroline Dolehide: 1/1 → 10/11
2026-02-26T21:06:10.007Z [EVENT] (serving: Caroline Dolehide)  game: 30-30
2026-02-26T21:06:45.638Z [ODDS] (serving: Caroline Dolehide)  Kimberly Birrell: 10/11 → 11/10, Caroline Dolehide: 10/11 → 8/11
2026-02-26T21:06:45.638Z [EVENT] (serving: Caroline Dolehide)  game: 30-40
2026-02-26T21:07:37.053Z [ODDS] (serving: Kimberly Birrell)  Kimberly Birrell: 11/10 → 6/5, Caroline Dolehide: 8/11 → 4/6
2026-02-26T21:07:37.053Z [EVENT] (serving: Kimberly Birrell)  sets: 3-4, game: 0-0, serving: P1
2026-02-26T21:09:47.255Z [ODDS] (serving: Kimberly Birrell)  Kimberly Birrell: 6/5 → 11/8, Caroline Dolehide: 4/6 → 4/7
2026-02-26T21:09:47.255Z [EVENT] (serving: Kimberly Birrell)  game: 0-15
2026-02-26T21:10:16.107Z [ODDS] (serving: Kimberly Birrell)  Kimberly Birrell: 11/8 → 6/5, Caroline Dolehide: 4/7 → 4/6
2026-02-26T21:10:16.108Z [EVENT] (serving: Kimberly Birrell)  game: 15-15
2026-02-26T21:10:46.331Z [ODDS] (serving: Kimberly Birrell)  Kimberly Birrell: 6/5 → 6/4, Caroline Dolehide: 4/6 → 8/15
2026-02-26T21:10:46.331Z [EVENT] (serving: Kimberly Birrell)  game: 15-30
2026-02-26T21:11:15.189Z [ODDS] (serving: Kimberly Birrell)  Kimberly Birrell: 6/4 → 13/10, Caroline Dolehide: 8/15 → 8/13
2026-02-26T21:11:15.189Z [EVENT] (serving: Kimberly Birrell)  game: 30-30
2026-02-26T21:11:41.350Z [ODDS] (serving: Kimberly Birrell)  Kimberly Birrell: 13/10 → 11/10, Caroline Dolehide: 8/13 → 8/11
2026-02-26T21:11:41.350Z [EVENT] (serving: Kimberly Birrell)  game: 40-30
2026-02-26T21:12:09.760Z [ODDS] (serving: Caroline Dolehide)  Kimberly Birrell: 11/10 → 1/1, Caroline Dolehide: 8/11 → 4/5
2026-02-26T21:12:09.760Z [EVENT] (serving: Caroline Dolehide)  sets: 4-4, game: 0-0, serving: P2
2026-02-26T21:13:01.181Z [ODDS] (serving: Caroline Dolehide)  Kimberly Birrell: 1/1 → 4/5, Caroline Dolehide: 4/5 → 1/1
2026-02-26T21:13:01.181Z [EVENT] (serving: Caroline Dolehide)  game: 15-0
2026-02-26T21:13:44.471Z [ODDS] (serving: Caroline Dolehide)  Kimberly Birrell: 4/5 → 10/11, Caroline Dolehide: 1/1 → 10/11
2026-02-26T21:13:44.471Z [EVENT] (serving: Caroline Dolehide)  game: 15-15
2026-02-26T21:14:34.993Z [ODDS] (serving: Caroline Dolehide)  Kimberly Birrell: 10/11 → 4/5, Caroline Dolehide: 10/11 → 1/1
2026-02-26T21:14:34.993Z [EVENT] (serving: Caroline Dolehide)  game: 30-15
2026-02-26T21:15:10.166Z [ODDS] (serving: Caroline Dolehide)  Kimberly Birrell: 4/5 → 8/11, Caroline Dolehide: 1/1 → 11/10
2026-02-26T21:15:38.229Z [ODDS] (serving: Caroline Dolehide)  Kimberly Birrell: 8/11 → 8/13, Caroline Dolehide: 11/10 → 13/10
2026-02-26T21:15:38.232Z [EVENT] (serving: Caroline Dolehide)  game: 40-15
2026-02-26T21:16:34.956Z [ODDS] (serving: Kimberly Birrell)  Kimberly Birrell: 8/13 → 1/2, Caroline Dolehide: 13/10 → 13/8
2026-02-26T21:16:34.957Z [EVENT] (serving: Kimberly Birrell)  sets: 5-4, game: 0-0, serving: P1
2026-02-26T21:18:34.488Z [ODDS] (serving: Kimberly Birrell)  Kimberly Birrell: 1/2 → 2/5, Caroline Dolehide: 13/8 → 2/1
2026-02-26T21:18:34.489Z [EVENT] (serving: Kimberly Birrell)  game: 15-0
2026-02-26T21:19:10.099Z [ODDS] (serving: Kimberly Birrell)  Kimberly Birrell: 2/5 → 1/2, Caroline Dolehide: 2/1 → 13/8
2026-02-26T21:19:10.099Z [EVENT] (serving: Kimberly Birrell)  game: 15-15
2026-02-26T21:19:36.708Z [ODDS] (serving: Kimberly Birrell)  Kimberly Birrell: 1/2 → 2/5, Caroline Dolehide: 13/8 → 2/1
2026-02-26T21:19:36.708Z [EVENT] (serving: Kimberly Birrell)  game: 30-15
2026-02-26T21:20:08.734Z [ODDS] (serving: Kimberly Birrell)  Kimberly Birrell: 2/5 → 1/3, Caroline Dolehide: 2/1 → 12/5
2026-02-26T21:20:08.734Z [EVENT] (serving: Kimberly Birrell)  game: 40-15
2026-02-26T21:21:01.087Z [ODDS] (serving: Kimberly Birrell)  Kimberly Birrell: 1/3 → 2/5, Caroline Dolehide: 12/5 → 2/1
2026-02-26T21:21:01.087Z [EVENT] (serving: Kimberly Birrell)  game: 40-30
2026-02-26T21:21:52.014Z [ODDS] (serving: Caroline Dolehide)  Kimberly Birrell: 2/5 → 3/10, Caroline Dolehide: 2/1 → 5/2
2026-02-26T21:21:52.014Z [EVENT] (serving: Caroline Dolehide)  sets: 6-4,0-0, game: 0-0, serving: P2
2026-02-26T21:24:36.647Z [ODDS] (serving: Caroline Dolehide)  Kimberly Birrell: 3/10 → 4/11, Caroline Dolehide: 5/2 → 11/5
2026-02-26T21:24:36.647Z [EVENT] (serving: Caroline Dolehide)  game: 0-15
2026-02-26T21:25:00.102Z [ODDS] (serving: Caroline Dolehide)  Kimberly Birrell: 4/11 → 1/3, Caroline Dolehide: 11/5 → 12/5
2026-02-26T21:25:11.407Z [ODDS] (serving: Caroline Dolehide)  Kimberly Birrell: 1/3 → 3/10, Caroline Dolehide: 12/5 → 5/2
2026-02-26T21:25:11.407Z [EVENT] (serving: Caroline Dolehide)  game: 15-15
2026-02-26T21:25:38.931Z [ODDS] (serving: Caroline Dolehide)  Kimberly Birrell: 3/10 → 1/3, Caroline Dolehide: 5/2 → 12/5
2026-02-26T21:25:38.932Z [EVENT] (serving: Caroline Dolehide)  game: 15-30
2026-02-26T21:26:07.315Z [ODDS] (serving: Caroline Dolehide)  Kimberly Birrell: 1/3 → 3/10, Caroline Dolehide: 12/5 → 5/2
2026-02-26T21:26:07.315Z [EVENT] (serving: Caroline Dolehide)  game: 30-30
2026-02-26T21:26:36.644Z [ODDS] (serving: Caroline Dolehide)  Kimberly Birrell: 3/10 → 2/9, Caroline Dolehide: 5/2 → 10/3
2026-02-26T21:26:36.644Z [EVENT] (serving: Caroline Dolehide)  game: 40-30
2026-02-26T21:27:15.400Z [ODDS] (serving: Kimberly Birrell)  Kimberly Birrell: 2/9 → 1/6, Caroline Dolehide: 10/3 → 4/1
2026-02-26T21:27:15.400Z [EVENT] (serving: Kimberly Birrell)  sets: 6-4,1-0, game: 0-0, serving: P1
2026-02-26T21:28:24.404Z [ODDS] (serving: Kimberly Birrell)  Kimberly Birrell: 1/6 → 1/7, Caroline Dolehide: 4/1 → 9/2
2026-02-26T21:28:24.404Z [EVENT] (serving: Kimberly Birrell)  game: 15-0
2026-02-26T21:28:49.659Z [ODDS] (serving: Kimberly Birrell)  Kimberly Birrell: 1/7 → 1/9, Caroline Dolehide: 9/2 → 11/2
2026-02-26T21:28:49.659Z [EVENT] (serving: Kimberly Birrell)  game: 30-0
2026-02-26T21:29:16.269Z [ODDS] (serving: Kimberly Birrell)  Kimberly Birrell: 1/9 → 1/8, Caroline Dolehide: 11/2 → 5/1
2026-02-26T21:29:29.799Z [ODDS] (serving: Kimberly Birrell)  Kimberly Birrell: 1/8 → 1/7, Caroline Dolehide: 5/1 → 9/2
2026-02-26T21:29:29.799Z [EVENT] (serving: Kimberly Birrell)  game: 30-15
2026-02-26T21:30:14.451Z [ODDS] (serving: Kimberly Birrell)  Kimberly Birrell: 1/7 → 1/9, Caroline Dolehide: 9/2 → 11/2
2026-02-26T21:30:14.452Z [EVENT] (serving: Kimberly Birrell)  game: 40-15
2026-02-26T21:30:40.156Z [ODDS] (serving: Kimberly Birrell)  Kimberly Birrell: 1/9 → 1/8, Caroline Dolehide: 11/2 → 5/1
2026-02-26T21:30:52.789Z [ODDS] (serving: Caroline Dolehide)  Kimberly Birrell: 1/8 → 1/10, Caroline Dolehide: 5/1 → 6/1
2026-02-26T21:30:52.789Z [EVENT] (serving: Caroline Dolehide)  sets: 6-4,2-0, game: 0-0, serving: P2
2026-02-26T21:31:54.185Z [ODDS] (serving: Caroline Dolehide)  Kimberly Birrell: 1/10 → 1/8, Caroline Dolehide: 6/1 → 5/1
2026-02-26T21:31:54.186Z [EVENT] (serving: Caroline Dolehide)  game: 0-15
2026-02-26T21:32:31.569Z [ODDS] (serving: Caroline Dolehide)  Kimberly Birrell: 1/8 → 1/7, Caroline Dolehide: 5/1 → 9/2
2026-02-26T21:32:31.569Z [EVENT] (serving: Caroline Dolehide)  game: 0-30
2026-02-26T21:32:53.217Z [EVENT] (serving: Caroline Dolehide)  game: 0-40
2026-02-26T21:33:23.925Z [EVENT] (serving: Caroline Dolehide)  game: 15-40
2026-02-26T21:34:01.320Z [ODDS] (serving: Caroline Dolehide)  Kimberly Birrell: 1/7 → 1/8, Caroline Dolehide: 9/2 → 5/1
2026-02-26T21:34:01.320Z [EVENT] (serving: Caroline Dolehide)  game: 30-40
2026-02-26T21:34:36.050Z [ODDS] (serving: Caroline Dolehide)  Kimberly Birrell: 1/8 → 1/10, Caroline Dolehide: 5/1 → 6/1
2026-02-26T21:34:36.051Z [EVENT] (serving: Caroline Dolehide)  game: 40-40
2026-02-26T21:35:04.900Z [ODDS] (serving: Caroline Dolehide)  Kimberly Birrell: 1/10 → 1/8, Caroline Dolehide: 6/1 → 5/1
2026-02-26T21:35:04.900Z [EVENT] (serving: Caroline Dolehide)  game: 40-A
2026-02-26T21:35:29.759Z [ODDS] (serving: Caroline Dolehide)  Kimberly Birrell: 1/8 → 1/9, Caroline Dolehide: 5/1 → 11/2
2026-02-26T21:35:43.240Z [ODDS] (serving: Caroline Dolehide)  Kimberly Birrell: 1/9 → 1/10, Caroline Dolehide: 11/2 → 6/1
2026-02-26T21:35:43.240Z [EVENT] (serving: Caroline Dolehide)  game: 40-40
2026-02-26T21:36:09.846Z [ODDS] (serving: Caroline Dolehide)  Kimberly Birrell: 1/10 → 1/12, Caroline Dolehide: 6/1 → 7/1
2026-02-26T21:36:25.633Z [ODDS] (serving: Caroline Dolehide)  Kimberly Birrell: 1/12 → 1/16, Caroline Dolehide: 7/1 → 9/1
2026-02-26T21:36:25.633Z [EVENT] (serving: Caroline Dolehide)  game: A-40
2026-02-26T21:37:17.511Z [ODDS] (serving: Kimberly Birrell)  Kimberly Birrell: 1/16 → 1/25, Caroline Dolehide: 9/1 → 12/1
2026-02-26T21:37:17.511Z [EVENT] (serving: Kimberly Birrell)  sets: 6-4,3-0, game: 0-0, serving: P1
2026-02-26T21:39:29.505Z [ODDS] (serving: Kimberly Birrell)  Kimberly Birrell: 1/25 → 1/33, Caroline Dolehide: 12/1 → 14/1
2026-02-26T21:39:29.505Z [EVENT] (serving: Kimberly Birrell)  game: 15-0
2026-02-26T21:40:05.146Z [ODDS] (serving: Kimberly Birrell)  Kimberly Birrell: 1/33 → 1/50, Caroline Dolehide: 14/1 → 18/1
2026-02-26T21:40:05.146Z [EVENT] (serving: Kimberly Birrell)  game: 30-0
2026-02-26T21:40:46.192Z [ODDS] (serving: Kimberly Birrell)  Kimberly Birrell: 1/50 → 1/40, Caroline Dolehide: 18/1 → 16/1
2026-02-26T21:41:01.059Z [ODDS] (serving: Kimberly Birrell)  Kimberly Birrell: 1/40 → 1/33, Caroline Dolehide: 16/1 → 14/1
2026-02-26T21:41:01.059Z [EVENT] (serving: Kimberly Birrell)  game: 30-15
2026-02-26T21:41:35.338Z [ODDS] (serving: Kimberly Birrell)  Kimberly Birrell: 1/33 → 1/50, Caroline Dolehide: 14/1 → 18/1
2026-02-26T21:41:35.338Z [EVENT] (serving: Kimberly Birrell)  game: 40-15
2026-02-26T21:42:08.256Z [ODDS] (serving: Kimberly Birrell)  Kimberly Birrell: 1/50 → 1/33, Caroline Dolehide: 18/1 → 14/1
2026-02-26T21:42:08.256Z [EVENT] (serving: Kimberly Birrell)  game: 40-30
2026-02-26T21:42:53.809Z [ODDS] (serving: Caroline Dolehide)  Kimberly Birrell: 1/33 → 1/50, Caroline Dolehide: 14/1 → 18/1
2026-02-26T21:42:53.809Z [EVENT] (serving: Caroline Dolehide)  sets: 6-4,4-0, game: 0-0, serving: P2
2026-02-26T21:43:38.489Z [ODDS] (serving: Caroline Dolehide)  Kimberly Birrell: 1/50 → 1/66, Caroline Dolehide: 18/1 → 20/1
2026-02-26T21:43:51.647Z [ODDS] (serving: Caroline Dolehide)  Kimberly Birrell: 1/66 → 1/50, Caroline Dolehide: 20/1 → 18/1
2026-02-26T21:43:51.648Z [EVENT] (serving: Caroline Dolehide)  game: 0-15
2026-02-26T21:44:14.088Z [ODDS] (serving: Caroline Dolehide)  Kimberly Birrell: 1/50 → 1/40, Caroline Dolehide: 18/1 → 16/1
2026-02-26T21:44:14.088Z [EVENT] (serving: Caroline Dolehide)  game: 0-30
2026-02-26T21:44:40.695Z [ODDS] (serving: Caroline Dolehide)  Kimberly Birrell: 1/40 → 1/50, Caroline Dolehide: 16/1 → 18/1
2026-02-26T21:44:40.695Z [EVENT] (serving: Caroline Dolehide)  game: 15-30
2026-02-26T21:45:12.719Z [ODDS] (serving: Caroline Dolehide)  Kimberly Birrell: 1/50 → 1/40, Caroline Dolehide: 18/1 → 16/1
2026-02-26T21:45:12.719Z [EVENT] (serving: Caroline Dolehide)  game: 15-40
2026-02-26T21:45:46.543Z [ODDS] (serving: Caroline Dolehide)  Kimberly Birrell: 1/40 → 1/50, Caroline Dolehide: 16/1 → 18/1
2026-02-26T21:45:46.543Z [EVENT] (serving: Caroline Dolehide)  game: 30-40
2026-02-26T21:46:19.919Z [ODDS] (serving: Kimberly Birrell)  Kimberly Birrell: 1/50 → 1/40, Caroline Dolehide: 18/1 → 16/1
2026-02-26T21:46:19.919Z [EVENT] (serving: Kimberly Birrell)  sets: 6-4,4-1, game: 0-0, serving: P1
2026-02-26T21:48:25.750Z [ODDS] (serving: Kimberly Birrell)  Kimberly Birrell: 1/40 → 1/50, Caroline Dolehide: 16/1 → 18/1
2026-02-26T21:48:25.750Z [EVENT] (serving: Kimberly Birrell)  game: 15-0
2026-02-26T21:48:48.762Z [ODDS] (serving: Kimberly Birrell)  Kimberly Birrell: 1/50 → 1/80, Caroline Dolehide: 18/1 → 22/1
2026-02-26T21:48:48.762Z [EVENT] (serving: Kimberly Birrell)  game: 30-0
2026-02-26T21:49:32.050Z [ODDS] (serving: Kimberly Birrell)  Kimberly Birrell: 1/80 → 1/150, Caroline Dolehide: 22/1 → 28/1
2026-02-26T21:49:32.050Z [EVENT] (serving: Kimberly Birrell)  game: 40-0
2026-02-26T21:50:05.877Z [ODDS] (serving: Kimberly Birrell)  Kimberly Birrell: 1/150 → 1/100, Caroline Dolehide: 28/1 → 25/1
2026-02-26T21:50:05.877Z [EVENT] (serving: Kimberly Birrell)  game: 40-15
2026-02-26T21:50:33.387Z [ODDS] (serving: Kimberly Birrell)  Kimberly Birrell: 1/100 → 1/80, Caroline Dolehide: 25/1 → 22/1
2026-02-26T21:50:45.564Z [ODDS] (serving: Caroline Dolehide)  Kimberly Birrell: 1/80 → 1/150, Caroline Dolehide: 22/1 → 28/1
2026-02-26T21:50:45.564Z [EVENT] (serving: Caroline Dolehide)  sets: 6-4,5-1, game: 0-0, serving: P2
2026-02-26T21:52:20.329Z [ODDS] (serving: Caroline Dolehide)  Kimberly Birrell: 1/150 → 1/100, Caroline Dolehide: 28/1 → 25/1
2026-02-26T21:52:20.329Z [EVENT] (serving: Caroline Dolehide)  game: 0-15
2026-02-26T21:52:50.917Z [EVENT] (serving: Caroline Dolehide)  game: 0-30
2026-02-26T21:53:14.373Z [EVENT] (serving: Caroline Dolehide)  game: 15-30
2026-02-26T21:53:38.843Z [EVENT] (serving: Caroline Dolehide)  game: 15-40
2026-02-26T21:54:13.118Z [EVENT] (serving: Caroline Dolehide)  game: 30-40
2026-02-26T21:54:44.694Z [EVENT] (serving: Kimberly Birrell)  sets: 6-4,5-2, game: 0-0, serving: P1
2026-02-26T21:56:36.989Z [ODDS] (serving: Kimberly Birrell)  Kimberly Birrell: 1/100 → 1/80, Caroline Dolehide: 25/1 → 22/1
2026-02-26T21:56:49.164Z [ODDS] (serving: Kimberly Birrell)  Kimberly Birrell: 1/80 → 1/200, Caroline Dolehide: 22/1 → 33/1
2026-02-26T21:56:49.164Z [EVENT] (serving: Kimberly Birrell)  game: 15-0
2026-02-26T21:57:10.361Z [ODDS] (serving: Kimberly Birrell)  Kimberly Birrell: 1/200 → 1/150, Caroline Dolehide: 33/1 → 28/1
2026-02-26T21:57:24.347Z [ODDS] (serving: Kimberly Birrell)  Kimberly Birrell: 1/150 → 1/500, Caroline Dolehide: 28/1 → 50/1
2026-02-26T21:57:24.348Z [EVENT] (serving: Kimberly Birrell)  game: 30-0
2026-02-26T21:57:57.716Z [ODDS] (serving: Kimberly Birrell)  Kimberly Birrell: 1/500 → 1/200, Caroline Dolehide: 50/1 → 33/1
2026-02-26T21:57:57.716Z [EVENT] (serving: Kimberly Birrell)  game: 30-15
2026-02-26T21:58:19.815Z [ODDS] (serving: Kimberly Birrell)  Kimberly Birrell: 1/200 → 1/150, Caroline Dolehide: 33/1 → 28/1
2026-02-26T21:58:34.252Z [ODDS] (serving: Kimberly Birrell)  Kimberly Birrell: 1/150 → 1/80, Caroline Dolehide: 28/1 → 22/1
2026-02-26T21:58:34.252Z [EVENT] (serving: Kimberly Birrell)  game: 30-30
2026-02-26T21:59:01.814Z [ODDS] (serving: Kimberly Birrell)  Kimberly Birrell: 1/80 → 1/66, Caroline Dolehide: 22/1 → 20/1
2026-02-26T21:59:23.937Z [ODDS] (serving: Kimberly Birrell)  Kimberly Birrell: 1/66 → 1/250, Caroline Dolehide: 20/1 → 40/1
2026-02-26T21:59:23.938Z [EVENT] (serving: Kimberly Birrell)  game: 40-30
2026-02-26T21:59:51.374Z [ODDS] (serving: Kimberly Birrell)  Kimberly Birrell: 1/250 → 1/150, Caroline Dolehide: 40/1 → 28/1
2026-02-26T22:00:03.552Z [ODDS] (serving: Kimberly Birrell)  Kimberly Birrell: 1/150 → 1/80, Caroline Dolehide: 28/1 → 22/1
2026-02-26T22:00:03.553Z [EVENT] (serving: Kimberly Birrell)  game: 40-40
2026-02-26T22:00:36.475Z [ODDS] (serving: Kimberly Birrell)  Kimberly Birrell: 1/80 → 1/40, Caroline Dolehide: 22/1 → 16/1
2026-02-26T22:00:36.475Z [EVENT] (serving: Kimberly Birrell)  game: 40-A
2026-02-26T22:01:07.143Z [ODDS] (serving: Kimberly Birrell)  Kimberly Birrell: 1/40 → 1/80, Caroline Dolehide: 16/1 → 22/1
2026-02-26T22:01:07.143Z [EVENT] (serving: Kimberly Birrell)  game: 40-40
2026-02-26T22:01:38.711Z [ODDS] (serving: Kimberly Birrell)  Kimberly Birrell: 1/80 → 1/200, Caroline Dolehide: 22/1 → 33/1
2026-02-26T22:01:38.711Z [EVENT] (serving: Kimberly Birrell)  game: A-40
2026-02-26T22:02:09.839Z [ODDS] (serving: Kimberly Birrell)  Kimberly Birrell: 1/200 → 1/80, Caroline Dolehide: 33/1 → 22/1
2026-02-26T22:02:09.839Z [EVENT] (serving: Kimberly Birrell)  game: 40-40
2026-02-26T22:02:40.506Z [ODDS] (serving: Kimberly Birrell)  Kimberly Birrell: 1/80 → 1/40, Caroline Dolehide: 22/1 → 16/1
2026-02-26T22:02:40.506Z [EVENT] (serving: Kimberly Birrell)  game: 40-A
2026-02-26T22:03:11.175Z [ODDS] (serving: Kimberly Birrell)  Kimberly Birrell: 1/40 → 1/66, Caroline Dolehide: 16/1 → 20/1
2026-02-26T22:03:11.175Z [EVENT] (serving: Kimberly Birrell)  game: 40-40
2026-02-26T22:03:53.571Z [ODDS] (serving: Kimberly Birrell)  Kimberly Birrell: 1/66 → 1/200, Caroline Dolehide: 20/1 → 33/1
2026-02-26T22:03:53.571Z [EVENT] (serving: Kimberly Birrell)  game: A-40
2026-02-26T22:04:25.141Z [ODDS] (serving: Kimberly Birrell)  Kimberly Birrell: 1/200 → 0/0, Caroline Dolehide: 33/1 → 0/0
2026-02-26T22:04:25.141Z [EVENT] (serving: Kimberly Birrell)  sets: 6-4,6-2, game: 0-0
