2026-02-27T01:38:32.507Z [ODDS] (serving: Ajeet Rai)  Ajeet Rai: 21/20 → 6/5, Omar Jasika: 7/10 → 8/13
2026-02-27T01:38:32.507Z [EVENT] (serving: Ajeet Rai)  game: 0-15
2026-02-27T01:39:01.834Z [ODDS] (serving: Ajeet Rai)  Ajeet Rai: 6/5 → 21/20, Omar Jasika: 8/13 → 7/10
2026-02-27T01:39:01.834Z [EVENT] (serving: Ajeet Rai)  game: 15-15
2026-02-27T01:39:39.262Z [ODDS] (serving: Ajeet Rai)  Ajeet Rai: 21/20 → 19/20, Omar Jasika: 7/10 → 4/5
2026-02-27T01:39:39.262Z [EVENT] (serving: Ajeet Rai)  game: 30-15
2026-02-27T01:40:25.715Z [ODDS] (serving: Ajeet Rai)  Ajeet Rai: 19/20 → 4/5, Omar Jasika: 4/5 → 19/20
2026-02-27T01:40:25.715Z [EVENT] (serving: Ajeet Rai)  game: 40-15
2026-02-27T01:41:15.328Z [ODDS] (serving: Ajeet Rai)  Ajeet Rai: 4/5 → 19/20, Omar Jasika: 19/20 → 4/5
2026-02-27T01:41:15.328Z [EVENT] (serving: Ajeet Rai)  game: 40-30
2026-02-27T01:41:43.295Z [ODDS] (serving: Omar Jasika)  Ajeet Rai: 19/20 → 4/5, Omar Jasika: 4/5 → 19/20
2026-02-27T01:41:43.295Z [EVENT] (serving: Omar Jasika)  sets: 5-3, game: 0-0, serving: P2
2026-02-27T01:42:33.355Z [ODDS] (serving: Omar Jasika)  Ajeet Rai: 4/5 → 10/11, Omar Jasika: 19/20 → 10/11
2026-02-27T01:42:33.355Z [EVENT] (serving: Omar Jasika)  game: 0-15
2026-02-27T01:43:02.219Z [ODDS] (serving: Omar Jasika)  Ajeet Rai: 10/11 → 4/5, Omar Jasika: 10/11 → 19/20
2026-02-27T01:43:02.220Z [EVENT] (serving: Omar Jasika)  game: 15-15
2026-02-27T01:43:39.652Z [ODDS] (serving: Omar Jasika)  Ajeet Rai: 4/5 → 7/10, Omar Jasika: 19/20 → 21/20
2026-02-27T01:43:39.652Z [EVENT] (serving: Omar Jasika)  game: 30-15
2026-02-27T01:44:17.541Z [ODDS] (serving: Omar Jasika)  Ajeet Rai: 7/10 → 8/13, Omar Jasika: 21/20 → 6/5
2026-02-27T01:44:17.541Z [EVENT] (serving: Omar Jasika)  game: 40-15
2026-02-27T01:45:14.817Z [ODDS] (serving: Omar Jasika)  Ajeet Rai: 8/13 → 4/6, Omar Jasika: 6/5 → 11/10
2026-02-27T01:45:14.817Z [EVENT] (serving: Omar Jasika)  game: 40-30
2026-02-27T01:46:10.752Z [ODDS] (serving: Omar Jasika)  Ajeet Rai: 4/6 → 3/4, Omar Jasika: 11/10 → 1/1
2026-02-27T01:46:10.752Z [EVENT] (serving: Omar Jasika)  game: 40-40
2026-02-27T01:46:56.754Z [ODDS] (serving: Omar Jasika)  Ajeet Rai: 3/4 → 4/6, Omar Jasika: 1/1 → 11/10
2026-02-27T01:46:56.754Z [EVENT] (serving: Omar Jasika)  game: A-40
2026-02-27T01:47:23.363Z [ODDS] (serving: Ajeet Rai)  Ajeet Rai: 4/6 → 1/2, Omar Jasika: 11/10 → 6/4
2026-02-27T01:47:23.363Z [EVENT] (serving: Ajeet Rai)  sets: 6-3,0-0, game: 0-0, serving: P1
2026-02-27T01:49:32.804Z [ODDS] (serving: Ajeet Rai)  Ajeet Rai: 1/2 → 4/9, Omar Jasika: 6/4 → 13/8
2026-02-27T01:49:32.804Z [EVENT] (serving: Ajeet Rai)  game: 15-0
2026-02-27T01:49:58.958Z [ODDS] (serving: Ajeet Rai)  Ajeet Rai: 4/9 → 2/5, Omar Jasika: 13/8 → 7/4
2026-02-27T01:49:58.958Z [EVENT] (serving: Ajeet Rai)  game: 30-0
2026-02-27T01:50:27.374Z [ODDS] (serving: Ajeet Rai)  Ajeet Rai: 2/5 → 4/9, Omar Jasika: 7/4 → 13/8
2026-02-27T01:50:27.374Z [EVENT] (serving: Ajeet Rai)  game: 30-15
2026-02-27T01:51:00.377Z [ODDS] (serving: Ajeet Rai)  Ajeet Rai: 4/9 → 2/5, Omar Jasika: 13/8 → 7/4
2026-02-27T01:51:00.377Z [EVENT] (serving: Ajeet Rai)  game: 40-15
2026-02-27T01:51:32.319Z [ODDS] (serving: Omar Jasika)  Ajeet Rai: 2/5 → 4/11, Omar Jasika: 7/4 → 2/1
2026-02-27T01:51:32.319Z [EVENT] (serving: Omar Jasika)  sets: 6-3,1-0, game: 0-0, serving: P2
2026-02-27T01:52:43.284Z [ODDS] (serving: Omar Jasika)  Ajeet Rai: 4/11 → 4/9, Omar Jasika: 2/1 → 13/8
2026-02-27T01:52:43.284Z [EVENT] (serving: Omar Jasika)  game: 0-15
2026-02-27T01:53:10.794Z [ODDS] (serving: Omar Jasika)  Ajeet Rai: 4/9 → 1/2, Omar Jasika: 13/8 → 6/4
2026-02-27T01:53:10.794Z [EVENT] (serving: Omar Jasika)  game: 0-30
2026-02-27T01:53:58.601Z [ODDS] (serving: Omar Jasika)  Ajeet Rai: 1/2 → 8/15, Omar Jasika: 6/4 → 11/8
2026-02-27T01:53:58.601Z [EVENT] (serving: Omar Jasika)  game: 0-40
2026-02-27T01:54:32.877Z [ODDS] (serving: Ajeet Rai)  Ajeet Rai: 8/15 → 4/7, Omar Jasika: 11/8 → 5/4
2026-02-27T01:54:32.877Z [EVENT] (serving: Ajeet Rai)  sets: 6-3,1-1, game: 0-0, serving: P1
2026-02-27T01:55:12.114Z [ODDS] (serving: Ajeet Rai)  Ajeet Rai: 4/7 → 1/2, Omar Jasika: 5/4 → 6/4
2026-02-27T01:55:12.114Z [EVENT] (serving: Ajeet Rai)  game: 15-0
2026-02-27T01:55:42.783Z [ODDS] (serving: Ajeet Rai)  Ajeet Rai: 1/2 → 4/9, Omar Jasika: 6/4 → 13/8
2026-02-27T01:55:42.783Z [EVENT] (serving: Ajeet Rai)  game: 30-0
2026-02-27T01:56:26.983Z [ODDS] (serving: Ajeet Rai)  Ajeet Rai: 4/9 → 1/2, Omar Jasika: 13/8 → 6/4
2026-02-27T01:56:26.983Z [EVENT] (serving: Ajeet Rai)  game: 30-15
2026-02-27T01:56:49.982Z [ODDS] (serving: Ajeet Rai)  Ajeet Rai: 1/2 → 4/9, Omar Jasika: 6/4 → 13/8
2026-02-27T01:56:49.982Z [EVENT] (serving: Ajeet Rai)  game: 40-15
2026-02-27T01:57:34.180Z [ODDS] (serving: Ajeet Rai)  Ajeet Rai: 4/9 → 1/2, Omar Jasika: 13/8 → 6/4
2026-02-27T01:57:34.180Z [EVENT] (serving: Ajeet Rai)  game: 40-30
2026-02-27T01:57:58.086Z [ODDS] (serving: Omar Jasika)  Ajeet Rai: 1/2 → 4/9, Omar Jasika: 6/4 → 13/8
2026-02-27T01:57:58.086Z [EVENT] (serving: Omar Jasika)  sets: 6-3,2-1, game: 0-0, serving: P2
2026-02-27T01:59:30.092Z [ODDS] (serving: Omar Jasika)  Ajeet Rai: 4/9 → 1/2, Omar Jasika: 13/8 → 6/4
2026-02-27T01:59:30.092Z [EVENT] (serving: Omar Jasika)  game: 0-15
2026-02-27T02:00:09.784Z [ODDS] (serving: Omar Jasika)  Ajeet Rai: 1/2 → 4/7, Omar Jasika: 6/4 → 5/4
2026-02-27T02:00:09.784Z [EVENT] (serving: Omar Jasika)  game: 0-30
2026-02-27T02:00:30.980Z [ODDS] (serving: Omar Jasika)  Ajeet Rai: 4/7 → 8/15, Omar Jasika: 5/4 → 11/8
2026-02-27T02:01:00.747Z [ODDS] (serving: Omar Jasika)  Ajeet Rai: 8/15 → 8/13, Omar Jasika: 11/8 → 6/5
2026-02-27T02:01:00.747Z [EVENT] (serving: Omar Jasika)  game: 0-40
2026-02-27T02:01:30.965Z [ODDS] (serving: Omar Jasika)  Ajeet Rai: 8/13 → 8/15, Omar Jasika: 6/5 → 11/8
2026-02-27T02:01:30.965Z [EVENT] (serving: Omar Jasika)  game: 15-40
2026-02-27T02:02:06.594Z [ODDS] (serving: Ajeet Rai)  Ajeet Rai: 8/15 → 4/7, Omar Jasika: 11/8 → 5/4
2026-02-27T02:02:06.594Z [EVENT] (serving: Ajeet Rai)  sets: 6-3,2-2, game: 0-0, serving: P1
2026-02-27T02:02:44.933Z [ODDS] (serving: Ajeet Rai)  Ajeet Rai: 4/7 → 7/10, Omar Jasika: 5/4 → 21/20
2026-02-27T02:02:44.933Z [EVENT] (serving: Ajeet Rai)  game: 0-15
2026-02-27T02:03:06.577Z [ODDS] (serving: Ajeet Rai)  Ajeet Rai: 7/10 → 3/4, Omar Jasika: 21/20 → 1/1
2026-02-27T02:03:19.657Z [ODDS] (serving: Ajeet Rai)  Ajeet Rai: 3/4 → 8/13, Omar Jasika: 1/1 → 6/5
2026-02-27T02:03:19.657Z [EVENT] (serving: Ajeet Rai)  game: 15-15
2026-02-27T02:04:00.698Z [ODDS] (serving: Ajeet Rai)  Ajeet Rai: 8/13 → 4/5, Omar Jasika: 6/5 → 19/20
2026-02-27T02:04:00.698Z [EVENT] (serving: Ajeet Rai)  game: 15-30
2026-02-27T02:04:45.797Z [ODDS] (serving: Ajeet Rai)  Ajeet Rai: 4/5 → 8/13, Omar Jasika: 19/20 → 6/5
2026-02-27T02:04:45.797Z [EVENT] (serving: Ajeet Rai)  game: 30-30
2026-02-27T02:05:22.780Z [ODDS] (serving: Ajeet Rai)  Ajeet Rai: 8/13 → 1/2, Omar Jasika: 6/5 → 6/4
2026-02-27T02:05:22.780Z [EVENT] (serving: Ajeet Rai)  game: 40-30
2026-02-27T02:05:50.743Z [ODDS] (serving: Omar Jasika)  Ajeet Rai: 1/2 → 4/9, Omar Jasika: 6/4 → 13/8
2026-02-27T02:05:50.744Z [EVENT] (serving: Omar Jasika)  sets: 6-3,3-2, game: 0-0, serving: P2
2026-02-27T02:07:36.730Z [ODDS] (serving: Omar Jasika)  Ajeet Rai: 4/9 → 8/15, Omar Jasika: 13/8 → 11/8
2026-02-27T02:07:36.730Z [EVENT] (serving: Omar Jasika)  game: 0-15
2026-02-27T02:08:01.985Z [ODDS] (serving: Omar Jasika)  Ajeet Rai: 8/15 → 1/2, Omar Jasika: 11/8 → 6/4
2026-02-27T02:08:26.695Z [ODDS] (serving: Omar Jasika)  Ajeet Rai: 1/2 → 4/7, Omar Jasika: 6/4 → 5/4
2026-02-27T02:08:26.695Z [EVENT] (serving: Omar Jasika)  game: 0-30
2026-02-27T02:08:58.264Z [ODDS] (serving: Omar Jasika)  Ajeet Rai: 4/7 → 8/13, Omar Jasika: 5/4 → 6/5
2026-02-27T02:08:58.264Z [EVENT] (serving: Omar Jasika)  game: 0-40
2026-02-27T02:09:28.932Z [ODDS] (serving: Omar Jasika)  Ajeet Rai: 8/13 → 4/7, Omar Jasika: 6/5 → 5/4
2026-02-27T02:09:28.932Z [EVENT] (serving: Omar Jasika)  game: 15-40
2026-02-27T02:10:09.525Z [ODDS] (serving: Omar Jasika)  Ajeet Rai: 4/7 → 1/2, Omar Jasika: 5/4 → 6/4
2026-02-27T02:10:09.525Z [EVENT] (serving: Omar Jasika)  game: 30-40
2026-02-27T02:10:46.957Z [ODDS] (serving: Omar Jasika)  Ajeet Rai: 1/2 → 2/5, Omar Jasika: 6/4 → 7/4
2026-02-27T02:10:46.957Z [EVENT] (serving: Omar Jasika)  game: 40-40
2026-02-27T02:11:28.902Z [ODDS] (serving: Omar Jasika)  Ajeet Rai: 2/5 → 1/2, Omar Jasika: 7/4 → 6/4
2026-02-27T02:11:28.902Z [EVENT] (serving: Omar Jasika)  game: 40-A
2026-02-27T02:12:19.414Z [ODDS] (serving: Omar Jasika)  Ajeet Rai: 1/2 → 4/11, Omar Jasika: 6/4 → 2/1
2026-02-27T02:12:19.414Z [EVENT] (serving: Omar Jasika)  game: 40-40
2026-02-27T02:12:53.238Z [ODDS] (serving: Omar Jasika)  Ajeet Rai: 4/11 → 4/9, Omar Jasika: 2/1 → 13/8
2026-02-27T02:12:53.238Z [EVENT] (serving: Omar Jasika)  game: 40-A
2026-02-27T02:13:32.926Z [ODDS] (serving: Ajeet Rai)  Ajeet Rai: 4/9 → 8/15, Omar Jasika: 13/8 → 11/8
2026-02-27T02:13:32.926Z [EVENT] (serving: Ajeet Rai)  sets: 6-3,3-3, game: 0-0, serving: P1
2026-02-27T02:14:20.281Z [ODDS] (serving: Ajeet Rai)  Ajeet Rai: 8/15 → 4/9, Omar Jasika: 11/8 → 13/8
2026-02-27T02:14:20.281Z [EVENT] (serving: Ajeet Rai)  game: 15-0
2026-02-27T02:14:51.856Z [ODDS] (serving: Ajeet Rai)  Ajeet Rai: 4/9 → 4/11, Omar Jasika: 13/8 → 2/1
2026-02-27T02:14:51.856Z [EVENT] (serving: Ajeet Rai)  game: 30-0
2026-02-27T02:15:22.076Z [ODDS] (serving: Ajeet Rai)  Ajeet Rai: 4/11 → 4/9, Omar Jasika: 2/1 → 13/8
2026-02-27T02:15:22.076Z [EVENT] (serving: Ajeet Rai)  game: 30-15
2026-02-27T02:15:56.800Z [ODDS] (serving: Ajeet Rai)  Ajeet Rai: 4/9 → 4/11, Omar Jasika: 13/8 → 2/1
2026-02-27T02:15:56.800Z [EVENT] (serving: Ajeet Rai)  game: 40-15
2026-02-27T02:16:31.076Z [EVENT] (serving: Omar Jasika)  sets: 6-3,4-3, game: 0-0, serving: P2
2026-02-27T02:18:09.393Z [ODDS] (serving: Omar Jasika)  Ajeet Rai: 4/11 → 2/5, Omar Jasika: 2/1 → 7/4
2026-02-27T02:18:09.394Z [EVENT] (serving: Omar Jasika)  game: 0-15
2026-02-27T02:18:35.101Z [ODDS] (serving: Omar Jasika)  Ajeet Rai: 2/5 → 1/3, Omar Jasika: 7/4 → 9/4
2026-02-27T02:18:35.101Z [EVENT] (serving: Omar Jasika)  game: 15-15
2026-02-27T02:19:04.869Z [ODDS] (serving: Omar Jasika)  Ajeet Rai: 1/3 → 3/10, Omar Jasika: 9/4 → 12/5
2026-02-27T02:19:17.949Z [ODDS] (serving: Omar Jasika)  Ajeet Rai: 3/10 → 2/9, Omar Jasika: 12/5 → 3/1
2026-02-27T02:19:17.949Z [EVENT] (serving: Omar Jasika)  game: 30-15
2026-02-27T02:19:42.755Z [ODDS] (serving: Omar Jasika)  Ajeet Rai: 2/9 → 3/10, Omar Jasika: 3/1 → 12/5
2026-02-27T02:19:42.755Z [EVENT] (serving: Omar Jasika)  game: 30-30
2026-02-27T02:20:09.363Z [ODDS] (serving: Omar Jasika)  Ajeet Rai: 3/10 → 2/5, Omar Jasika: 12/5 → 7/4
2026-02-27T02:20:09.363Z [EVENT] (serving: Omar Jasika)  game: 30-40
2026-02-27T02:20:56.267Z [ODDS] (serving: Ajeet Rai)  Ajeet Rai: 2/5 → 4/9, Omar Jasika: 7/4 → 13/8
2026-02-27T02:20:56.268Z [EVENT] (serving: Ajeet Rai)  sets: 6-3,4-4, game: 0-0, serving: P1
2026-02-27T02:21:32.351Z [ODDS] (serving: Ajeet Rai)  Ajeet Rai: 4/9 → 4/11, Omar Jasika: 13/8 → 2/1
2026-02-27T02:21:32.351Z [EVENT] (serving: Ajeet Rai)  game: 15-0
2026-02-27T02:22:03.469Z [ODDS] (serving: Ajeet Rai)  Ajeet Rai: 4/11 → 1/2, Omar Jasika: 2/1 → 6/4
2026-02-27T02:22:03.469Z [EVENT] (serving: Ajeet Rai)  game: 15-15
2026-02-27T02:22:26.956Z [ODDS] (serving: Ajeet Rai)  Ajeet Rai: 1/2 → 2/5, Omar Jasika: 6/4 → 7/4
2026-02-27T02:22:26.956Z [EVENT] (serving: Ajeet Rai)  game: 30-15
2026-02-27T02:23:07.516Z [ODDS] (serving: Ajeet Rai)  Ajeet Rai: 2/5 → 1/3, Omar Jasika: 7/4 → 9/4
2026-02-27T02:23:07.516Z [EVENT] (serving: Ajeet Rai)  game: 40-15
2026-02-27T02:23:29.161Z [ODDS] (serving: Omar Jasika)  Ajeet Rai: 1/3 → 3/10, Omar Jasika: 9/4 → 12/5
2026-02-27T02:23:29.161Z [EVENT] (serving: Omar Jasika)  sets: 6-3,5-4, game: 0-0, serving: P2
2026-02-27T02:25:04.322Z [ODDS] (serving: Omar Jasika)  Ajeet Rai: 3/10 → 2/7, Omar Jasika: 12/5 → 5/2
2026-02-27T02:25:12.445Z [ODDS] (serving: Omar Jasika)  Ajeet Rai: 2/7 → 4/11, Omar Jasika: 5/2 → 2/1
2026-02-27T02:25:12.446Z [EVENT] (serving: Omar Jasika)  game: 0-15
2026-02-27T02:25:37.248Z [ODDS] (serving: Omar Jasika)  Ajeet Rai: 4/11 → 2/5, Omar Jasika: 2/1 → 7/4
2026-02-27T02:25:37.248Z [EVENT] (serving: Omar Jasika)  game: 0-30
2026-02-27T02:26:11.527Z [ODDS] (serving: Omar Jasika)  Ajeet Rai: 2/5 → 4/9, Omar Jasika: 7/4 → 13/8
2026-02-27T02:26:11.527Z [EVENT] (serving: Omar Jasika)  game: 0-40
2026-02-27T02:26:39.489Z [ODDS] (serving: Ajeet Rai)  Ajeet Rai: 4/9 → 1/2, Omar Jasika: 13/8 → 6/4
2026-02-27T02:26:39.489Z [EVENT] (serving: Ajeet Rai)  sets: 6-3,5-5, game: 0-0, serving: P1
2026-02-27T02:27:23.687Z [ODDS] (serving: Ajeet Rai)  Ajeet Rai: 1/2 → 8/13, Omar Jasika: 6/4 → 6/5
2026-02-27T02:27:23.687Z [EVENT] (serving: Ajeet Rai)  game: 0-15
2026-02-27T02:27:49.395Z [ODDS] (serving: Ajeet Rai)  Ajeet Rai: 8/13 → 4/6, Omar Jasika: 6/5 → 11/10
2026-02-27T02:28:01.121Z [ODDS] (serving: Ajeet Rai)  Ajeet Rai: 4/6 → 10/11, Omar Jasika: 11/10 → 10/11
2026-02-27T02:28:01.121Z [EVENT] (serving: Ajeet Rai)  game: 0-30
2026-02-27T02:28:34.046Z [ODDS] (serving: Ajeet Rai)  Ajeet Rai: 10/11 → 7/10, Omar Jasika: 10/11 → 21/20
2026-02-27T02:28:34.046Z [EVENT] (serving: Ajeet Rai)  game: 15-30
2026-02-27T02:28:49.831Z [ODDS] (serving: Ajeet Rai)  Ajeet Rai: 7/10 → 3/4, Omar Jasika: 21/20 → 1/1
2026-02-27T02:29:14.187Z [ODDS] (serving: Ajeet Rai)  Ajeet Rai: 3/4 → 1/1, Omar Jasika: 1/1 → 3/4
2026-02-27T02:29:14.187Z [EVENT] (serving: Ajeet Rai)  game: 15-40
2026-02-27T02:29:45.305Z [ODDS] (serving: Ajeet Rai)  Ajeet Rai: 1/1 → 4/5, Omar Jasika: 3/4 → 19/20
2026-02-27T02:29:45.305Z [EVENT] (serving: Ajeet Rai)  game: 30-40
2026-02-27T02:30:06.051Z [ODDS] (serving: Ajeet Rai)  Ajeet Rai: 4/5 → 10/11, Omar Jasika: 19/20 → 10/11
2026-02-27T02:30:20.935Z [ODDS] (serving: Omar Jasika)  Ajeet Rai: 10/11 → 5/4, Omar Jasika: 10/11 → 4/7
2026-02-27T02:30:20.935Z [EVENT] (serving: Omar Jasika)  sets: 6-3,5-6, game: 0-0, serving: P2
2026-02-27T02:31:57.457Z [ODDS] (serving: Omar Jasika)  Ajeet Rai: 5/4 → 6/5, Omar Jasika: 4/7 → 8/13
2026-02-27T02:32:14.142Z [ODDS] (serving: Omar Jasika)  Ajeet Rai: 6/5 → 11/8, Omar Jasika: 8/13 → 8/15
2026-02-27T02:32:14.142Z [EVENT] (serving: Omar Jasika)  game: 0-15
2026-02-27T02:32:44.810Z [ODDS] (serving: Omar Jasika)  Ajeet Rai: 11/8 → 11/10, Omar Jasika: 8/15 → 4/6
2026-02-27T02:32:44.810Z [EVENT] (serving: Omar Jasika)  game: 15-15
2026-02-27T02:33:15.479Z [ODDS] (serving: Omar Jasika)  Ajeet Rai: 11/10 → 5/4, Omar Jasika: 4/6 → 4/7
2026-02-27T02:33:15.479Z [EVENT] (serving: Omar Jasika)  game: 15-30
2026-02-27T02:33:53.815Z [ODDS] (serving: Omar Jasika)  Ajeet Rai: 5/4 → 6/4, Omar Jasika: 4/7 → 1/2
2026-02-27T02:33:53.815Z [EVENT] (serving: Omar Jasika)  game: 15-40
2026-02-27T02:34:28.543Z [ODDS] (serving: Omar Jasika)  Ajeet Rai: 6/4 → 5/4, Omar Jasika: 1/2 → 4/7
2026-02-27T02:34:28.543Z [EVENT] (serving: Omar Jasika)  game: 30-40
2026-02-27T02:34:59.210Z [ODDS] (serving: Ajeet Rai)  Ajeet Rai: 5/4 → 6/4, Omar Jasika: 4/7 → 1/2
2026-02-27T02:34:59.210Z [EVENT] (serving: Ajeet Rai)  sets: 6-3,5-7,0-0, game: 0-0, serving: P1
2026-02-27T02:37:28.947Z [ODDS] (serving: Ajeet Rai)  Ajeet Rai: 6/4 → 5/4, Omar Jasika: 1/2 → 4/7
2026-02-27T02:37:28.947Z [EVENT] (serving: Ajeet Rai)  game: 15-0
2026-02-27T02:37:43.830Z [ODDS] (serving: Ajeet Rai)  Ajeet Rai: 5/4 → 13/8, Omar Jasika: 4/7 → 4/9
2026-02-27T02:37:43.830Z [EVENT] (serving: Ajeet Rai)  game: 15-15
2026-02-27T02:38:17.654Z [ODDS] (serving: Ajeet Rai)  Ajeet Rai: 13/8 → 9/4, Omar Jasika: 4/9 → 1/3
2026-02-27T02:38:17.654Z [EVENT] (serving: Ajeet Rai)  game: 15-30
2026-02-27T02:38:48.270Z [ODDS] (serving: Ajeet Rai)  Ajeet Rai: 9/4 → 12/5, Omar Jasika: 1/3 → 3/10
2026-02-27T02:38:58.193Z [ODDS] (serving: Ajeet Rai)  Ajeet Rai: 12/5 → 3/1, Omar Jasika: 3/10 → 2/9
2026-02-27T02:38:58.193Z [EVENT] (serving: Ajeet Rai)  game: 15-40
2026-02-27T02:39:24.350Z [ODDS] (serving: Ajeet Rai)  Ajeet Rai: 3/1 → 10/3, Omar Jasika: 2/9 → 1/5
2026-02-27T02:39:40.137Z [ODDS] (serving: Ajeet Rai)  Ajeet Rai: 10/3 → 5/2, Omar Jasika: 1/5 → 2/7
2026-02-27T02:39:40.138Z [EVENT] (serving: Ajeet Rai)  game: 30-40
2026-02-27T02:40:09.451Z [ODDS] (serving: Omar Jasika)  Ajeet Rai: 5/2 → 9/2, Omar Jasika: 2/7 → 1/7
2026-02-27T02:40:09.451Z [EVENT] (serving: Omar Jasika)  sets: 6-3,5-7,0-1, game: 0-0, serving: P2
2026-02-27T02:41:21.245Z [ODDS] (serving: Omar Jasika)  Ajeet Rai: 9/2 → 10/3, Omar Jasika: 1/7 → 1/5
2026-02-27T02:41:21.245Z [EVENT] (serving: Omar Jasika)  game: 15-0
2026-02-27T02:41:43.713Z [ODDS] (serving: Omar Jasika)  Ajeet Rai: 10/3 → 3/1, Omar Jasika: 1/5 → 2/9
2026-02-27T02:41:59.498Z [ODDS] (serving: Omar Jasika)  Ajeet Rai: 3/1 → 4/1, Omar Jasika: 2/9 → 1/6
2026-02-27T02:41:59.498Z [EVENT] (serving: Omar Jasika)  game: 15-15
2026-02-27T02:42:33.774Z [ODDS] (serving: Omar Jasika)  Ajeet Rai: 4/1 → 5/1, Omar Jasika: 1/6 → 1/8
2026-02-27T02:42:33.774Z [EVENT] (serving: Omar Jasika)  game: 15-30
2026-02-27T02:42:59.931Z [ODDS] (serving: Omar Jasika)  Ajeet Rai: 5/1 → 9/2, Omar Jasika: 1/8 → 1/7
2026-02-27T02:43:13.463Z [ODDS] (serving: Omar Jasika)  Ajeet Rai: 9/2 → 11/2, Omar Jasika: 1/7 → 1/9
2026-02-27T02:43:13.463Z [EVENT] (serving: Omar Jasika)  game: 15-40
2026-02-27T02:43:42.327Z [ODDS] (serving: Ajeet Rai)  Ajeet Rai: 11/2 → 6/1, Omar Jasika: 1/9 → 1/10
2026-02-27T02:43:42.327Z [EVENT] (serving: Ajeet Rai)  sets: 6-3,5-7,0-2, game: 0-0, serving: P1
2026-02-27T02:44:06.230Z [ODDS] (serving: Ajeet Rai)  Ajeet Rai: 6/1 → 11/2, Omar Jasika: 1/10 → 1/9
2026-02-27T02:44:06.230Z [EVENT] (serving: Ajeet Rai)  game: 15-0
2026-02-27T02:44:42.315Z [ODDS] (serving: Ajeet Rai)  Ajeet Rai: 11/2 → 7/1, Omar Jasika: 1/9 → 1/12
2026-02-27T02:44:42.315Z [EVENT] (serving: Ajeet Rai)  game: 15-15
2026-02-27T02:45:27.417Z [ODDS] (serving: Ajeet Rai)  Ajeet Rai: 7/1 → 9/1, Omar Jasika: 1/12 → 1/16
2026-02-27T02:45:27.417Z [EVENT] (serving: Ajeet Rai)  game: 15-30
2026-02-27T02:46:10.263Z [ODDS] (serving: Ajeet Rai)  Ajeet Rai: 9/1 → 12/1, Omar Jasika: 1/16 → 1/25
2026-02-27T02:46:10.263Z [EVENT] (serving: Ajeet Rai)  game: 15-40
2026-02-27T02:46:36.426Z [ODDS] (serving: Ajeet Rai)  Ajeet Rai: 12/1 → 9/1, Omar Jasika: 1/25 → 1/16
2026-02-27T02:46:36.426Z [EVENT] (serving: Ajeet Rai)  game: 30-40
2026-02-27T02:46:59.430Z [ODDS] (serving: Omar Jasika)  Ajeet Rai: 9/1 → 16/1, Omar Jasika: 1/16 → 1/40
2026-02-27T02:46:59.430Z [EVENT] (serving: Omar Jasika)  sets: 6-3,5-7,0-3, game: 0-0, serving: P2
2026-02-27T02:48:26.474Z [ODDS] (serving: Omar Jasika)  Ajeet Rai: 16/1 → 20/1, Omar Jasika: 1/40 → 1/66
2026-02-27T02:48:26.474Z [EVENT] (serving: Omar Jasika)  game: 0-15
2026-02-27T02:48:48.573Z [ODDS] (serving: Omar Jasika)  Ajeet Rai: 20/1 → 22/1, Omar Jasika: 1/66 → 1/80
2026-02-27T02:48:48.573Z [EVENT] (serving: Omar Jasika)  game: 0-30
2026-02-27T02:49:18.338Z [ODDS] (serving: Omar Jasika)  Ajeet Rai: 22/1 → 18/1, Omar Jasika: 1/80 → 1/50
2026-02-27T02:49:18.338Z [EVENT] (serving: Omar Jasika)  game: 15-30
2026-02-27T02:49:51.261Z [ODDS] (serving: Omar Jasika)  Ajeet Rai: 18/1 → 22/1, Omar Jasika: 1/50 → 1/80
2026-02-27T02:49:51.261Z [EVENT] (serving: Omar Jasika)  game: 15-40
2026-02-27T02:50:22.380Z [ODDS] (serving: Ajeet Rai)  Ajeet Rai: 22/1 → 25/1, Omar Jasika: 1/80 → 1/100
2026-02-27T02:50:22.380Z [EVENT] (serving: Ajeet Rai)  sets: 6-3,5-7,0-4, game: 0-0, serving: P1
2026-02-27T02:50:48.989Z [ODDS] (serving: Ajeet Rai)  Ajeet Rai: 25/1 → 28/1, Omar Jasika: 1/100 → 1/150
2026-02-27T02:51:17.408Z [EVENT] (serving: Ajeet Rai)  game: 0-15
2026-02-27T02:52:01.167Z [EVENT] (serving: Ajeet Rai)  game: 15-15
2026-02-27T02:52:41.749Z [ODDS] (serving: Ajeet Rai)  Ajeet Rai: 28/1 → 25/1, Omar Jasika: 1/150 → 1/100
2026-02-27T02:52:41.749Z [EVENT] (serving: Ajeet Rai)  game: 30-15
2026-02-27T02:53:11.170Z [ODDS] (serving: Ajeet Rai)  Ajeet Rai: 25/1 → 22/1, Omar Jasika: 1/100 → 1/80
2026-02-27T02:53:11.171Z [EVENT] (serving: Ajeet Rai)  game: 40-15
2026-02-27T02:53:41.730Z [EVENT] (serving: Ajeet Rai)  game: 40-30
2026-02-27T02:54:06.084Z [EVENT] (serving: Omar Jasika)  sets: 6-3,5-7,1-4, game: 0-0, serving: P2
2026-02-27T02:55:32.678Z [ODDS] (serving: Omar Jasika)  Ajeet Rai: 22/1 → 28/1, Omar Jasika: 1/80 → 1/150
2026-02-27T02:55:32.678Z [EVENT] (serving: Omar Jasika)  game: 0-15
2026-02-27T02:56:06.504Z [ODDS] (serving: Omar Jasika)  Ajeet Rai: 28/1 → 20/1, Omar Jasika: 1/150 → 1/66
2026-02-27T02:56:06.504Z [EVENT] (serving: Omar Jasika)  game: 15-15
2026-02-27T02:56:39.479Z [ODDS] (serving: Omar Jasika)  Ajeet Rai: 20/1 → 25/1, Omar Jasika: 1/66 → 1/100
2026-02-27T02:56:39.479Z [EVENT] (serving: Omar Jasika)  game: 15-30
2026-02-27T02:57:04.235Z [ODDS] (serving: Omar Jasika)  Ajeet Rai: 25/1 → 40/1, Omar Jasika: 1/100 → 1/250
2026-02-27T02:57:04.235Z [EVENT] (serving: Omar Jasika)  game: 15-40
2026-02-27T02:57:32.226Z [ODDS] (serving: Ajeet Rai)  Ajeet Rai: 40/1 → 50/1, Omar Jasika: 1/250 → 1/500
2026-02-27T02:57:32.226Z [EVENT] (serving: Ajeet Rai)  sets: 6-3,5-7,1-5, game: 0-0, serving: P1
2026-02-27T02:58:05.598Z [EVENT] (serving: Ajeet Rai)  game: 0-15
2026-02-27T02:58:37.139Z [ODDS] (serving: Ajeet Rai)  Ajeet Rai: 50/1 → 66/1, Omar Jasika: 1/500 → 1/750
2026-02-27T02:58:46.609Z [ODDS] (serving: Ajeet Rai)  Ajeet Rai: 66/1 → 100/1, Omar Jasika: 1/750 → 1/1000
2026-02-27T02:58:46.609Z [EVENT] (serving: Ajeet Rai)  game: 0-30
2026-02-27T02:59:31.260Z [ODDS] (serving: Ajeet Rai)  Ajeet Rai: 100/1 → 66/1, Omar Jasika: 1/1000 → 1/750
2026-02-27T02:59:31.260Z [EVENT] (serving: Ajeet Rai)  game: 15-30
2026-02-27T02:59:50.663Z [ODDS] (serving: Ajeet Rai)  Ajeet Rai: 66/1 → 50/1, Omar Jasika: 1/750 → 1/500
2026-02-27T02:59:50.664Z [EVENT] (serving: Ajeet Rai)  game: 30-30
2026-02-27T03:00:25.832Z [ODDS] (serving: Ajeet Rai)  Ajeet Rai: 50/1 → 66/1, Omar Jasika: 1/500 → 1/750
2026-02-27T03:00:25.832Z [EVENT] (serving: Ajeet Rai)  game: 30-40
2026-02-27T03:01:04.186Z [ODDS] (serving: Ajeet Rai)  Ajeet Rai: 66/1 → 100/1, Omar Jasika: 1/750 → 1/1000
2026-02-27T03:01:34.395Z [ODDS] (serving: Ajeet Rai)  Ajeet Rai: 100/1 → 50/1, Omar Jasika: 1/1000 → 1/500
2026-02-27T03:01:34.395Z [EVENT] (serving: Ajeet Rai)  game: 40-40
2026-02-27T03:02:19.491Z [ODDS] (serving: Ajeet Rai)  Ajeet Rai: 50/1 → 40/1, Omar Jasika: 1/500 → 1/250
2026-02-27T03:02:19.491Z [EVENT] (serving: Ajeet Rai)  game: A-40
2026-02-27T03:03:16.389Z [ODDS] (serving: Ajeet Rai)  Ajeet Rai: 40/1 → 50/1, Omar Jasika: 1/250 → 1/500
2026-02-27T03:03:16.389Z [EVENT] (serving: Ajeet Rai)  game: 40-40
2026-02-27T03:03:56.528Z [ODDS] (serving: Ajeet Rai)  Ajeet Rai: 50/1 → 40/1, Omar Jasika: 1/500 → 1/250
2026-02-27T03:03:56.528Z [EVENT] (serving: Ajeet Rai)  game: A-40
2026-02-27T03:04:35.694Z [ODDS] (serving: Ajeet Rai)  Ajeet Rai: 40/1 → 50/1, Omar Jasika: 1/250 → 1/500
2026-02-27T03:04:35.694Z [EVENT] (serving: Ajeet Rai)  game: 40-40
2026-02-27T03:05:04.558Z [ODDS] (serving: Ajeet Rai)  Ajeet Rai: 50/1 → 66/1, Omar Jasika: 1/500 → 1/750
2026-02-27T03:05:04.558Z [EVENT] (serving: Ajeet Rai)  game: 40-A
2026-02-27T03:05:20.795Z [ODDS] (serving: Ajeet Rai)  Ajeet Rai: 66/1 → 0/0, Omar Jasika: 1/750 → 0/0
2026-02-27T03:05:20.795Z [EVENT] (serving: Ajeet Rai)  sets: 6-3,5-7,1-6, game: 0-0
