2026-02-27T00:08:24.847Z [ODDS] (serving: Jakub Prachar)  Jakub Prachar: 12/5 → 3/1, Niko Klyachkin: 3/10 → 2/9
2026-02-27T00:08:24.847Z [EVENT] (serving: Jakub Prachar)  game: 15-40
2026-02-27T00:08:39.233Z [ODDS] (serving: Jakub Prachar)  Jakub Prachar: 3/1 → 10/3, Niko Klyachkin: 2/9 → 1/5
2026-02-27T00:08:48.252Z [ODDS] (serving: Niko Klyachkin)  Jakub Prachar: 10/3 → 9/2, Niko Klyachkin: 1/5 → 1/7
2026-02-27T00:08:48.252Z [EVENT] (serving: Niko Klyachkin)  sets: 6-7,2-3, game: 0-0, serving: P2
2026-02-27T00:10:37.847Z [ODDS] (serving: Niko Klyachkin)  Jakub Prachar: 9/2 → 10/3, Niko Klyachkin: 1/7 → 1/5
2026-02-27T00:10:37.847Z [EVENT] (serving: Niko Klyachkin)  game: 15-0
2026-02-27T00:11:09.508Z [ODDS] (serving: Niko Klyachkin)  Jakub Prachar: 10/3 → 3/1, Niko Klyachkin: 1/5 → 2/9
2026-02-27T00:11:20.241Z [ODDS] (serving: Niko Klyachkin)  Jakub Prachar: 3/1 → 4/1, Niko Klyachkin: 2/9 → 1/6
2026-02-27T00:11:20.241Z [EVENT] (serving: Niko Klyachkin)  game: 15-15
2026-02-27T00:11:46.399Z [ODDS] (serving: Niko Klyachkin)  Jakub Prachar: 4/1 → 3/1, Niko Klyachkin: 1/6 → 2/9
2026-02-27T00:11:46.399Z [EVENT] (serving: Niko Klyachkin)  game: 30-15
2026-02-27T00:12:14.813Z [ODDS] (serving: Niko Klyachkin)  Jakub Prachar: 3/1 → 4/1, Niko Klyachkin: 2/9 → 1/6
2026-02-27T00:12:14.814Z [EVENT] (serving: Niko Klyachkin)  game: 30-30
2026-02-27T00:12:39.168Z [ODDS] (serving: Niko Klyachkin)  Jakub Prachar: 4/1 → 7/2, Niko Klyachkin: 1/6 → 2/11
2026-02-27T00:13:02.169Z [ODDS] (serving: Niko Klyachkin)  Jakub Prachar: 7/2 → 11/4, Niko Klyachkin: 2/11 → 1/4
2026-02-27T00:13:02.169Z [EVENT] (serving: Niko Klyachkin)  game: 40-30
2026-02-27T00:13:32.386Z [ODDS] (serving: Niko Klyachkin)  Jakub Prachar: 11/4 → 4/1, Niko Klyachkin: 1/4 → 1/6
2026-02-27T00:13:32.386Z [EVENT] (serving: Niko Klyachkin)  game: 40-40
2026-02-27T00:14:03.505Z [ODDS] (serving: Niko Klyachkin)  Jakub Prachar: 4/1 → 11/2, Niko Klyachkin: 1/6 → 1/9
2026-02-27T00:14:03.505Z [EVENT] (serving: Niko Klyachkin)  game: 40-A
2026-02-27T00:14:27.862Z [ODDS] (serving: Niko Klyachkin)  Jakub Prachar: 11/2 → 5/1, Niko Klyachkin: 1/9 → 1/8
2026-02-27T00:14:39.588Z [ODDS] (serving: Jakub Prachar)  Jakub Prachar: 5/1 → 7/1, Niko Klyachkin: 1/8 → 1/12
2026-02-27T00:14:39.588Z [EVENT] (serving: Jakub Prachar)  sets: 6-7,2-4, game: 0-0, serving: P1
2026-02-27T00:15:13.412Z [ODDS] (serving: Jakub Prachar)  Jakub Prachar: 7/1 → 9/1, Niko Klyachkin: 1/12 → 1/16
2026-02-27T00:15:13.412Z [EVENT] (serving: Jakub Prachar)  game: 0-15
2026-02-27T00:15:33.707Z [ODDS] (serving: Jakub Prachar)  Jakub Prachar: 9/1 → 7/1, Niko Klyachkin: 1/16 → 1/12
2026-02-27T00:15:33.707Z [EVENT] (serving: Jakub Prachar)  game: 15-15
2026-02-27T00:16:02.571Z [ODDS] (serving: Jakub Prachar)  Jakub Prachar: 7/1 → 6/1, Niko Klyachkin: 1/12 → 1/10
2026-02-27T00:16:02.571Z [EVENT] (serving: Jakub Prachar)  game: 30-15
2026-02-27T00:16:22.866Z [ODDS] (serving: Jakub Prachar)  Jakub Prachar: 6/1 → 11/2, Niko Klyachkin: 1/10 → 1/9
2026-02-27T00:16:22.866Z [EVENT] (serving: Jakub Prachar)  game: 40-15
2026-02-27T00:16:59.854Z [ODDS] (serving: Jakub Prachar)  Jakub Prachar: 11/2 → 6/1, Niko Klyachkin: 1/9 → 1/10
2026-02-27T00:16:59.854Z [EVENT] (serving: Jakub Prachar)  game: 40-30
2026-02-27T00:17:29.617Z [ODDS] (serving: Niko Klyachkin)  Jakub Prachar: 6/1 → 11/2, Niko Klyachkin: 1/10 → 1/9
2026-02-27T00:17:29.617Z [EVENT] (serving: Niko Klyachkin)  sets: 6-7,3-4, game: 0-0, serving: P2
2026-02-27T00:19:27.326Z [ODDS] (serving: Niko Klyachkin)  Jakub Prachar: 11/2 → 5/1, Niko Klyachkin: 1/9 → 1/8
2026-02-27T00:19:55.751Z [ODDS] (serving: Niko Klyachkin)  Jakub Prachar: 5/1 → 7/1, Niko Klyachkin: 1/8 → 1/12
2026-02-27T00:19:55.751Z [EVENT] (serving: Niko Klyachkin)  game: 0-15
2026-02-27T00:20:48.055Z [ODDS] (serving: Niko Klyachkin)  Jakub Prachar: 7/1 → 10/1, Niko Klyachkin: 1/12 → 1/20
2026-02-27T00:20:48.055Z [EVENT] (serving: Niko Klyachkin)  game: 0-30
2026-02-27T00:21:17.827Z [ODDS] (serving: Niko Klyachkin)  Jakub Prachar: 10/1 → 12/1, Niko Klyachkin: 1/20 → 1/25
2026-02-27T00:21:17.827Z [EVENT] (serving: Niko Klyachkin)  game: 0-40
2026-02-27T00:21:45.785Z [EVENT] (serving: Jakub Prachar)  sets: 6-7,3-5, game: 0-0, serving: P1
2026-02-27T00:22:15.099Z [ODDS] (serving: Jakub Prachar)  Jakub Prachar: 12/1 → 14/1, Niko Klyachkin: 1/25 → 1/33
2026-02-27T00:22:27.277Z [ODDS] (serving: Jakub Prachar)  Jakub Prachar: 14/1 → 16/1, Niko Klyachkin: 1/33 → 1/40
2026-02-27T00:22:27.277Z [EVENT] (serving: Jakub Prachar)  game: 0-15
2026-02-27T00:22:56.696Z [ODDS] (serving: Jakub Prachar)  Jakub Prachar: 16/1 → 14/1, Niko Klyachkin: 1/40 → 1/33
2026-02-27T00:22:56.697Z [EVENT] (serving: Jakub Prachar)  game: 15-15
2026-02-27T00:23:36.280Z [ODDS] (serving: Jakub Prachar)  Jakub Prachar: 14/1 → 18/1, Niko Klyachkin: 1/33 → 1/50
2026-02-27T00:23:36.280Z [EVENT] (serving: Jakub Prachar)  game: 15-30
2026-02-27T00:24:01.089Z [ODDS] (serving: Jakub Prachar)  Jakub Prachar: 18/1 → 14/1, Niko Klyachkin: 1/50 → 1/33
2026-02-27T00:24:01.089Z [EVENT] (serving: Jakub Prachar)  game: 30-30
2026-02-27T00:24:34.460Z [ODDS] (serving: Jakub Prachar)  Jakub Prachar: 14/1 → 20/1, Niko Klyachkin: 1/33 → 1/66
2026-02-27T00:24:34.460Z [EVENT] (serving: Jakub Prachar)  game: 30-40
2026-02-27T00:25:01.626Z [ODDS] (serving: Jakub Prachar)  Jakub Prachar: 20/1 → 14/1, Niko Klyachkin: 1/66 → 1/33
2026-02-27T00:25:01.626Z [EVENT] (serving: Jakub Prachar)  game: 40-40
2026-02-27T00:25:20.978Z [ODDS] (serving: Jakub Prachar)  Jakub Prachar: 14/1 → 20/1, Niko Klyachkin: 1/33 → 1/66
2026-02-27T00:25:20.978Z [EVENT] (serving: Jakub Prachar)  game: 40-A
2026-02-27T00:25:47.985Z [ODDS] (serving: Jakub Prachar)  Jakub Prachar: 20/1 → 14/1, Niko Klyachkin: 1/66 → 1/33
2026-02-27T00:25:47.985Z [EVENT] (serving: Jakub Prachar)  game: 40-40
2026-02-27T00:26:37.585Z [ODDS] (serving: Jakub Prachar)  Jakub Prachar: 14/1 → 12/1, Niko Klyachkin: 1/33 → 1/25
2026-02-27T00:26:37.585Z [EVENT] (serving: Jakub Prachar)  game: A-40
2026-02-27T00:26:55.628Z [ODDS] (serving: Jakub Prachar)  Jakub Prachar: 12/1 → 14/1, Niko Klyachkin: 1/25 → 1/33
2026-02-27T00:26:55.628Z [EVENT] (serving: Jakub Prachar)  game: 40-40
2026-02-27T00:27:16.375Z [ODDS] (serving: Jakub Prachar)  Jakub Prachar: 14/1 → 20/1, Niko Klyachkin: 1/33 → 1/66
2026-02-27T00:27:16.375Z [EVENT] (serving: Jakub Prachar)  game: 40-A
2026-02-27T00:27:50.656Z [ODDS] (serving: Jakub Prachar)  Jakub Prachar: 20/1 → 0/0, Niko Klyachkin: 1/66 → 0/0
2026-02-27T00:27:50.656Z [EVENT] (serving: Jakub Prachar)  sets: 6-7,3-6, game: 0-0
