2026-02-26T21:41:01.519Z [EVENT] (serving: Kristina Liutova)  game: 15-0
2026-02-26T21:41:24.963Z [ODDS] (serving: Kristina Liutova)  Kristina Liutova: 1/7 → 1/8, Jiangxue Han: 4/1 → 9/2
2026-02-26T21:41:24.965Z [EVENT] (serving: Kristina Liutova)  game: 30-0
2026-02-26T21:41:44.830Z [ODDS] (serving: Kristina Liutova)  Kristina Liutova: 1/8 → 1/9, Jiangxue Han: 9/2 → 5/1
2026-02-26T21:41:44.830Z [EVENT] (serving: Kristina Liutova)  game: 40-0
2026-02-26T21:42:09.157Z [ODDS] (serving: Jiangxue Han)  Kristina Liutova: 1/9 → 1/10, Jiangxue Han: 5/1 → 11/2
2026-02-26T21:42:09.157Z [EVENT] (serving: Jiangxue Han)  sets: 1-0, game: 0-0, serving: P2
2026-02-26T21:43:15.009Z [ODDS] (serving: Jiangxue Han)  Kristina Liutova: 1/10 → 1/9, Jiangxue Han: 11/2 → 5/1
2026-02-26T21:43:15.009Z [EVENT] (serving: Jiangxue Han)  game: 0-15
2026-02-26T21:44:01.011Z [ODDS] (serving: Jiangxue Han)  Kristina Liutova: 1/9 → 1/10, Jiangxue Han: 5/1 → 11/2
2026-02-26T21:44:01.011Z [EVENT] (serving: Jiangxue Han)  game: 15-15
2026-02-26T21:44:44.754Z [ODDS] (serving: Jiangxue Han)  Kristina Liutova: 1/10 → 1/12, Jiangxue Han: 11/2 → 6/1
2026-02-26T21:44:44.754Z [EVENT] (serving: Jiangxue Han)  game: 30-15
2026-02-26T21:45:40.679Z [ODDS] (serving: Jiangxue Han)  Kristina Liutova: 1/12 → 1/10, Jiangxue Han: 6/1 → 11/2
2026-02-26T21:45:40.680Z [EVENT] (serving: Jiangxue Han)  game: 30-30
2026-02-26T21:46:19.020Z [ODDS] (serving: Jiangxue Han)  Kristina Liutova: 1/10 → 1/9, Jiangxue Han: 11/2 → 5/1
2026-02-26T21:46:19.020Z [EVENT] (serving: Jiangxue Han)  game: 30-40
2026-02-26T21:46:59.165Z [ODDS] (serving: Kristina Liutova)  Kristina Liutova: 1/9 → 1/8, Jiangxue Han: 5/1 → 9/2
2026-02-26T21:46:59.165Z [EVENT] (serving: Kristina Liutova)  sets: 1-1, game: 0-0, serving: P1
2026-02-26T21:47:32.530Z [ODDS] (serving: Kristina Liutova)  Kristina Liutova: 1/8 → 1/7, Jiangxue Han: 9/2 → 4/1
2026-02-26T21:47:32.531Z [EVENT] (serving: Kristina Liutova)  game: 0-15
2026-02-26T21:47:59.591Z [ODDS] (serving: Kristina Liutova)  Kristina Liutova: 1/7 → 1/8, Jiangxue Han: 4/1 → 9/2
2026-02-26T21:47:59.591Z [EVENT] (serving: Kristina Liutova)  game: 15-15
2026-02-26T21:48:55.074Z [ODDS] (serving: Kristina Liutova)  Kristina Liutova: 1/8 → 1/9, Jiangxue Han: 9/2 → 5/1
2026-02-26T21:48:55.074Z [EVENT] (serving: Kristina Liutova)  game: 30-15
2026-02-26T21:49:42.423Z [ODDS] (serving: Kristina Liutova)  Kristina Liutova: 1/9 → 1/8, Jiangxue Han: 5/1 → 9/2
2026-02-26T21:49:42.423Z [EVENT] (serving: Kristina Liutova)  game: 30-30
2026-02-26T21:50:19.406Z [ODDS] (serving: Kristina Liutova)  Kristina Liutova: 1/8 → 1/9, Jiangxue Han: 9/2 → 5/1
2026-02-26T21:50:19.406Z [EVENT] (serving: Kristina Liutova)  game: 40-30
2026-02-26T21:50:43.309Z [ODDS] (serving: Jiangxue Han)  Kristina Liutova: 1/9 → 1/12, Jiangxue Han: 5/1 → 6/1
2026-02-26T21:50:43.309Z [EVENT] (serving: Jiangxue Han)  sets: 2-1, game: 0-0, serving: P2
2026-02-26T21:52:52.724Z [ODDS] (serving: Jiangxue Han)  Kristina Liutova: 1/12 → 1/14, Jiangxue Han: 6/1 → 13/2
2026-02-26T21:52:52.724Z [EVENT] (serving: Jiangxue Han)  game: 15-0
2026-02-26T21:53:31.265Z [ODDS] (serving: Jiangxue Han)  Kristina Liutova: 1/14 → 1/12, Jiangxue Han: 13/2 → 6/1
2026-02-26T21:53:31.265Z [EVENT] (serving: Jiangxue Han)  game: 15-15
2026-02-26T21:54:00.492Z [ODDS] (serving: Jiangxue Han)  Kristina Liutova: 1/12 → 1/14, Jiangxue Han: 6/1 → 13/2
2026-02-26T21:54:00.492Z [EVENT] (serving: Jiangxue Han)  game: 30-15
2026-02-26T21:54:49.198Z [ODDS] (serving: Jiangxue Han)  Kristina Liutova: 1/14 → 1/16, Jiangxue Han: 13/2 → 7/1
2026-02-26T21:54:49.198Z [EVENT] (serving: Jiangxue Han)  game: 40-15
2026-02-26T21:55:38.358Z [ODDS] (serving: Kristina Liutova)  Kristina Liutova: 1/16 → 1/20, Jiangxue Han: 7/1 → 8/1
2026-02-26T21:55:38.358Z [EVENT] (serving: Kristina Liutova)  sets: 3-1, game: 0-0, serving: P1
2026-02-26T21:56:40.143Z [ODDS] (serving: Kristina Liutova)  Kristina Liutova: 1/20 → 1/18, Jiangxue Han: 8/1 → 15/2
2026-02-26T21:56:40.143Z [EVENT] (serving: Kristina Liutova)  game: 0-15
2026-02-26T21:57:32.009Z [ODDS] (serving: Kristina Liutova)  Kristina Liutova: 1/18 → 1/16, Jiangxue Han: 15/2 → 7/1
2026-02-26T21:58:06.306Z [ODDS] (serving: Kristina Liutova)  Kristina Liutova: 1/16 → 1/18, Jiangxue Han: 7/1 → 15/2
2026-02-26T21:58:12.600Z [ODDS] (serving: Kristina Liutova)  Kristina Liutova: 1/18 → 1/14, Jiangxue Han: 15/2 → 13/2
2026-02-26T21:58:12.600Z [EVENT] (serving: Kristina Liutova)  game: 0-30
2026-02-26T21:59:02.666Z [ODDS] (serving: Kristina Liutova)  Kristina Liutova: 1/14 → 1/16, Jiangxue Han: 13/2 → 7/1
2026-02-26T21:59:02.666Z [EVENT] (serving: Kristina Liutova)  game: 15-30
2026-02-26T21:59:08.529Z [ODDS] (serving: Kristina Liutova)  Kristina Liutova: 1/16 → 1/20, Jiangxue Han: 7/1 → 8/1
2026-02-26T21:59:08.529Z [EVENT] (serving: Kristina Liutova)  game: 30-30
2026-02-26T22:00:11.672Z [ODDS] (serving: Kristina Liutova)  Kristina Liutova: 1/20 → 1/16, Jiangxue Han: 8/1 → 7/1
2026-02-26T22:00:11.672Z [EVENT] (serving: Kristina Liutova)  game: 30-40
2026-02-26T22:01:12.103Z [ODDS] (serving: Jiangxue Han)  Kristina Liutova: 1/16 → 1/14, Jiangxue Han: 7/1 → 13/2
2026-02-26T22:01:12.104Z [EVENT] (serving: Jiangxue Han)  sets: 3-2, game: 0-0, serving: P2
2026-02-26T22:03:23.354Z [ODDS] (serving: Jiangxue Han)  Kristina Liutova: 1/14 → 1/12, Jiangxue Han: 13/2 → 6/1
2026-02-26T22:03:23.354Z [EVENT] (serving: Jiangxue Han)  game: 0-15
2026-02-26T22:04:17.472Z [ODDS] (serving: Jiangxue Han)  Kristina Liutova: 1/12 → 1/14, Jiangxue Han: 6/1 → 13/2
2026-02-26T22:04:17.472Z [EVENT] (serving: Jiangxue Han)  game: 15-15
2026-02-26T22:04:49.947Z [ODDS] (serving: Jiangxue Han)  Kristina Liutova: 1/14 → 1/10, Jiangxue Han: 13/2 → 11/2
2026-02-26T22:04:49.947Z [EVENT] (serving: Jiangxue Han)  game: 15-30
2026-02-26T22:05:38.203Z [ODDS] (serving: Jiangxue Han)  Kristina Liutova: 1/10 → 1/14, Jiangxue Han: 11/2 → 13/2
2026-02-26T22:05:38.203Z [EVENT] (serving: Jiangxue Han)  game: 30-30
2026-02-26T22:06:36.383Z [ODDS] (serving: Jiangxue Han)  Kristina Liutova: 1/14 → 1/18, Jiangxue Han: 13/2 → 15/2
2026-02-26T22:06:36.383Z [EVENT] (serving: Jiangxue Han)  game: 40-30
2026-02-26T22:07:41.777Z [ODDS] (serving: Kristina Liutova)  Kristina Liutova: 1/18 → 1/25, Jiangxue Han: 15/2 → 9/1
2026-02-26T22:07:41.777Z [EVENT] (serving: Kristina Liutova)  sets: 4-2, game: 0-0, serving: P1
2026-02-26T22:08:39.630Z [ODDS] (serving: Kristina Liutova)  Kristina Liutova: 1/25 → 1/20, Jiangxue Han: 9/1 → 8/1
2026-02-26T22:08:39.630Z [EVENT] (serving: Kristina Liutova)  game: 0-15
2026-02-26T22:09:06.642Z [ODDS] (serving: Kristina Liutova)  Kristina Liutova: 1/20 → 1/18, Jiangxue Han: 8/1 → 15/2
2026-02-26T22:09:38.228Z [ODDS] (serving: Kristina Liutova)  Kristina Liutova: 1/18 → 1/25, Jiangxue Han: 15/2 → 9/1
2026-02-26T22:09:38.228Z [EVENT] (serving: Kristina Liutova)  game: 15-15
2026-02-26T22:10:17.905Z [EVENT] (serving: Kristina Liutova)  game: 30-15
2026-02-26T22:10:54.888Z [EVENT] (serving: Kristina Liutova)  game: 30-30
2026-02-26T22:11:23.326Z [ODDS] (serving: Kristina Liutova)  Kristina Liutova: 1/25 → 1/20, Jiangxue Han: 9/1 → 8/1
2026-02-26T22:11:48.556Z [ODDS] (serving: Kristina Liutova)  Kristina Liutova: 1/20 → 1/25, Jiangxue Han: 8/1 → 9/1
2026-02-26T22:11:48.556Z [EVENT] (serving: Kristina Liutova)  game: 40-30
2026-02-26T22:12:35.469Z [ODDS] (serving: Jiangxue Han)  Kristina Liutova: 1/25 → 1/40, Jiangxue Han: 9/1 → 11/1
2026-02-26T22:12:35.469Z [EVENT] (serving: Jiangxue Han)  sets: 5-2, game: 0-0, serving: P2
2026-02-26T22:14:46.704Z [EVENT] (serving: Jiangxue Han)  game: 15-0
2026-02-26T22:15:12.410Z [EVENT] (serving: Jiangxue Han)  game: 15-15
2026-02-26T22:15:47.137Z [EVENT] (serving: Jiangxue Han)  game: 30-15
2026-02-26T22:16:40.906Z [ODDS] (serving: Jiangxue Han)  Kristina Liutova: 1/40 → 1/50, Jiangxue Han: 11/1 → 12/1
2026-02-26T22:16:40.906Z [EVENT] (serving: Jiangxue Han)  game: 40-15
2026-02-26T22:17:19.599Z [ODDS] (serving: Kristina Liutova)  Kristina Liutova: 1/50 → 1/66, Jiangxue Han: 12/1 → 14/1
2026-02-26T22:17:19.599Z [EVENT] (serving: Kristina Liutova)  sets: 6-2,0-0, game: 0-0, serving: P1
2026-02-26T22:19:17.871Z [ODDS] (serving: Jiangxue Han)  Kristina Liutova: 1/66 → 1/50, Jiangxue Han: 14/1 → 12/1
2026-02-26T22:19:17.871Z [EVENT] (serving: Jiangxue Han)  sets: 5-2, game: 40-15, serving: P2
2026-02-26T22:19:24.168Z [ODDS] (serving: Kristina Liutova)  Kristina Liutova: 1/50 → 1/66, Jiangxue Han: 12/1 → 14/1
2026-02-26T22:19:24.207Z [EVENT] (serving: Kristina Liutova)  sets: 6-2,0-0, game: 0-0, serving: P1
2026-02-26T22:20:51.123Z [ODDS] (serving: Kristina Liutova)  Kristina Liutova: 1/66 → 1/50, Jiangxue Han: 14/1 → 12/1
2026-02-26T22:20:51.124Z [EVENT] (serving: Kristina Liutova)  game: 0-15
2026-02-26T22:21:29.917Z [ODDS] (serving: Kristina Liutova)  Kristina Liutova: 1/50 → 1/40, Jiangxue Han: 12/1 → 11/1
2026-02-26T22:21:29.917Z [EVENT] (serving: Kristina Liutova)  game: 0-30
2026-02-26T22:22:29.907Z [ODDS] (serving: Kristina Liutova)  Kristina Liutova: 1/40 → 1/33, Jiangxue Han: 11/1 → 10/1
2026-02-26T22:22:29.907Z [EVENT] (serving: Kristina Liutova)  game: 0-40
2026-02-26T22:22:56.508Z [ODDS] (serving: Kristina Liutova)  Kristina Liutova: 1/33 → 1/40, Jiangxue Han: 10/1 → 11/1
2026-02-26T22:22:56.508Z [EVENT] (serving: Kristina Liutova)  game: 15-40
2026-02-26T22:23:26.275Z [ODDS] (serving: Kristina Liutova)  Kristina Liutova: 1/40 → 1/33, Jiangxue Han: 11/1 → 10/1
2026-02-26T22:23:40.712Z [ODDS] (serving: Jiangxue Han)  Kristina Liutova: 1/33 → 1/25, Jiangxue Han: 10/1 → 9/1
2026-02-26T22:23:40.712Z [EVENT] (serving: Jiangxue Han)  sets: 6-2,0-1, game: 0-0, serving: P2
2026-02-26T22:25:03.241Z [ODDS] (serving: Jiangxue Han)  Kristina Liutova: 1/25 → 1/33, Jiangxue Han: 9/1 → 10/1
2026-02-26T22:25:28.056Z [EVENT] (serving: Jiangxue Han)  game: 15-0
2026-02-26T22:26:00.972Z [ODDS] (serving: Jiangxue Han)  Kristina Liutova: 1/33 → 1/25, Jiangxue Han: 10/1 → 9/1
2026-02-26T22:26:00.972Z [EVENT] (serving: Jiangxue Han)  game: 15-15
2026-02-26T22:26:42.965Z [ODDS] (serving: Jiangxue Han)  Kristina Liutova: 1/25 → 1/33, Jiangxue Han: 9/1 → 10/1
2026-02-26T22:26:42.965Z [EVENT] (serving: Jiangxue Han)  game: 30-15
2026-02-26T22:27:13.585Z [ODDS] (serving: Jiangxue Han)  Kristina Liutova: 1/33 → 1/40, Jiangxue Han: 10/1 → 11/1
2026-02-26T22:27:37.483Z [ODDS] (serving: Jiangxue Han)  Kristina Liutova: 1/40 → 1/50, Jiangxue Han: 11/1 → 12/1
2026-02-26T22:27:37.483Z [EVENT] (serving: Jiangxue Han)  game: 40-15
2026-02-26T22:28:25.746Z [EVENT] (serving: Kristina Liutova)  sets: 6-2,1-1, game: 0-0, serving: P1
2026-02-26T22:29:17.168Z [ODDS] (serving: Kristina Liutova)  Kristina Liutova: 1/50 → 1/66, Jiangxue Han: 12/1 → 14/1
2026-02-26T22:29:17.169Z [EVENT] (serving: Kristina Liutova)  game: 15-0
2026-02-26T22:29:42.417Z [ODDS] (serving: Kristina Liutova)  Kristina Liutova: 1/66 → 1/80, Jiangxue Han: 14/1 → 15/1
2026-02-26T22:29:42.417Z [EVENT] (serving: Kristina Liutova)  game: 30-0
2026-02-26T22:30:52.779Z [ODDS] (serving: Kristina Liutova)  Kristina Liutova: 1/80 → 1/66, Jiangxue Han: 15/1 → 14/1
2026-02-26T22:30:52.780Z [EVENT] (serving: Kristina Liutova)  game: 30-15
2026-02-26T22:31:10.811Z [ODDS] (serving: Kristina Liutova)  Kristina Liutova: 1/66 → 1/50, Jiangxue Han: 14/1 → 12/1
2026-02-26T22:31:10.811Z [EVENT] (serving: Kristina Liutova)  game: 30-30
2026-02-26T22:32:12.149Z [ODDS] (serving: Kristina Liutova)  Kristina Liutova: 1/50 → 1/33, Jiangxue Han: 12/1 → 10/1
2026-02-26T22:32:12.149Z [EVENT] (serving: Kristina Liutova)  game: 30-40
2026-02-26T22:33:00.409Z [ODDS] (serving: Jiangxue Han)  Kristina Liutova: 1/33 → 1/25, Jiangxue Han: 10/1 → 9/1
2026-02-26T22:33:00.409Z [EVENT] (serving: Jiangxue Han)  sets: 6-2,1-2, game: 0-0, serving: P2
2026-02-26T22:35:02.805Z [ODDS] (serving: Jiangxue Han)  Kristina Liutova: 1/25 → 1/33, Jiangxue Han: 9/1 → 10/1
2026-02-26T22:35:02.805Z [EVENT] (serving: Jiangxue Han)  game: 15-0
2026-02-26T22:35:35.278Z [ODDS] (serving: Jiangxue Han)  Kristina Liutova: 1/33 → 1/40, Jiangxue Han: 10/1 → 11/1
2026-02-26T22:35:35.278Z [EVENT] (serving: Jiangxue Han)  game: 30-0
2026-02-26T22:36:27.600Z [ODDS] (serving: Jiangxue Han)  Kristina Liutova: 1/40 → 1/50, Jiangxue Han: 11/1 → 12/1
2026-02-26T22:36:27.600Z [EVENT] (serving: Jiangxue Han)  game: 40-0
2026-02-26T22:37:05.477Z [EVENT] (serving: Kristina Liutova)  sets: 6-2,2-2, game: 0-0, serving: P1
2026-02-26T22:37:53.735Z [ODDS] (serving: Kristina Liutova)  Kristina Liutova: 1/50 → 1/40, Jiangxue Han: 12/1 → 11/1
2026-02-26T22:37:53.735Z [EVENT] (serving: Kristina Liutova)  game: 0-15
2026-02-26T22:38:27.695Z [ODDS] (serving: Kristina Liutova)  Kristina Liutova: 1/40 → 1/50, Jiangxue Han: 11/1 → 12/1
2026-02-26T22:38:27.695Z [EVENT] (serving: Kristina Liutova)  game: 15-15
2026-02-26T22:39:00.170Z [ODDS] (serving: Kristina Liutova)  Kristina Liutova: 1/50 → 1/40, Jiangxue Han: 12/1 → 11/1
2026-02-26T22:39:00.170Z [EVENT] (serving: Kristina Liutova)  game: 15-30
2026-02-26T22:39:29.033Z [ODDS] (serving: Kristina Liutova)  Kristina Liutova: 1/40 → 1/33, Jiangxue Han: 11/1 → 10/1
2026-02-26T22:39:56.099Z [ODDS] (serving: Kristina Liutova)  Kristina Liutova: 1/33 → 1/50, Jiangxue Han: 10/1 → 12/1
2026-02-26T22:39:56.099Z [EVENT] (serving: Kristina Liutova)  game: 30-30
2026-02-26T22:40:47.960Z [ODDS] (serving: Kristina Liutova)  Kristina Liutova: 1/50 → 1/80, Jiangxue Han: 12/1 → 15/1
2026-02-26T22:40:47.960Z [EVENT] (serving: Kristina Liutova)  game: 40-30
2026-02-26T22:41:41.632Z [ODDS] (serving: Kristina Liutova)  Kristina Liutova: 1/80 → 1/50, Jiangxue Han: 15/1 → 12/1
2026-02-26T22:41:41.632Z [EVENT] (serving: Kristina Liutova)  game: 40-40
2026-02-26T22:42:06.438Z [ODDS] (serving: Kristina Liutova)  Kristina Liutova: 1/50 → 1/80, Jiangxue Han: 12/1 → 15/1
2026-02-26T22:42:06.438Z [EVENT] (serving: Kristina Liutova)  game: A-40
2026-02-26T22:42:40.263Z [ODDS] (serving: Jiangxue Han)  Kristina Liutova: 1/80 → 1/100, Jiangxue Han: 15/1 → 16/1
2026-02-26T22:42:40.263Z [EVENT] (serving: Jiangxue Han)  sets: 6-2,3-2, game: 0-0, serving: P2
2026-02-26T22:44:50.604Z [ODDS] (serving: Jiangxue Han)  Kristina Liutova: 1/100 → 1/150, Jiangxue Han: 16/1 → 20/1
2026-02-26T22:45:19.525Z [ODDS] (serving: Jiangxue Han)  Kristina Liutova: 1/150 → 1/80, Jiangxue Han: 20/1 → 15/1
2026-02-26T22:45:19.526Z [EVENT] (serving: Jiangxue Han)  game: 0-15
2026-02-26T22:45:31.193Z [ODDS] (serving: Jiangxue Han)  Kristina Liutova: 1/80 → 1/66, Jiangxue Han: 15/1 → 14/1
2026-02-26T22:45:35.781Z [ODDS] (serving: Jiangxue Han)  Kristina Liutova: 1/66 → 1/80, Jiangxue Han: 14/1 → 15/1
2026-02-26T22:45:36.639Z [ODDS] (serving: Jiangxue Han)  Kristina Liutova: 1/80 → 1/66, Jiangxue Han: 15/1 → 14/1
2026-02-26T22:45:41.116Z [ODDS] (serving: Jiangxue Han)  Kristina Liutova: 1/66 → 1/80, Jiangxue Han: 14/1 → 15/1
2026-02-26T22:45:42.073Z [ODDS] (serving: Jiangxue Han)  Kristina Liutova: 1/80 → 1/66, Jiangxue Han: 15/1 → 14/1
2026-02-26T22:45:51.489Z [ODDS] (serving: Jiangxue Han)  Kristina Liutova: 1/66 → 1/80, Jiangxue Han: 14/1 → 15/1
2026-02-26T22:45:51.939Z [ODDS] (serving: Jiangxue Han)  Kristina Liutova: 1/80 → 1/66, Jiangxue Han: 15/1 → 14/1
2026-02-26T22:46:04.567Z [ODDS] (serving: Jiangxue Han)  Kristina Liutova: 1/66 → 1/100, Jiangxue Han: 14/1 → 16/1
2026-02-26T22:46:04.567Z [EVENT] (serving: Jiangxue Han)  game: 15-15
2026-02-26T22:46:44.706Z [ODDS] (serving: Jiangxue Han)  Kristina Liutova: 1/100 → 1/150, Jiangxue Han: 16/1 → 20/1
2026-02-26T22:46:44.706Z [EVENT] (serving: Jiangxue Han)  game: 30-15
2026-02-26T22:47:42.888Z [ODDS] (serving: Jiangxue Han)  Kristina Liutova: 1/150 → 1/250, Jiangxue Han: 20/1 → 28/1
2026-02-26T22:47:42.888Z [EVENT] (serving: Jiangxue Han)  game: 40-15
2026-02-26T22:48:33.397Z [ODDS] (serving: Kristina Liutova)  Kristina Liutova: 1/250 → 1/500, Jiangxue Han: 28/1 → 33/1
2026-02-26T22:48:33.398Z [EVENT] (serving: Kristina Liutova)  sets: 6-2,4-2, game: 0-0, serving: P1
2026-02-26T22:49:15.792Z [EVENT] (serving: Kristina Liutova)  game: 15-0
2026-02-26T22:49:46.010Z [ODDS] (serving: Kristina Liutova)  Kristina Liutova: 1/500 → 1/1000, Jiangxue Han: 33/1 → 40/1
2026-02-26T22:49:46.010Z [EVENT] (serving: Kristina Liutova)  game: 30-0
2026-02-26T22:50:23.443Z [ODDS] (serving: Kristina Liutova)  Kristina Liutova: 1/1000 → 1/500, Jiangxue Han: 40/1 → 33/1
2026-02-26T22:50:23.443Z [EVENT] (serving: Kristina Liutova)  game: 30-15
2026-02-26T22:51:08.996Z [ODDS] (serving: Kristina Liutova)  Kristina Liutova: 1/500 → 1/1000, Jiangxue Han: 33/1 → 40/1
2026-02-26T22:51:08.996Z [EVENT] (serving: Kristina Liutova)  game: 40-15
2026-02-26T22:51:59.056Z [ODDS] (serving: Kristina Liutova)  Kristina Liutova: 1/1000 → 1/500, Jiangxue Han: 40/1 → 33/1
2026-02-26T22:51:59.056Z [EVENT] (serving: Kristina Liutova)  game: 40-30
2026-02-26T22:52:32.428Z [ODDS] (serving: Jiangxue Han)  Kristina Liutova: 1/500 → 1/1000, Jiangxue Han: 33/1 → 40/1
2026-02-26T22:52:32.428Z [EVENT] (serving: Jiangxue Han)  sets: 6-2,5-2, game: 0-0, serving: P2
2026-02-26T22:54:45.476Z [EVENT] (serving: Jiangxue Han)  game: 0-15
2026-02-26T22:55:38.695Z [ODDS] (serving: Jiangxue Han)  Kristina Liutova: 1/1000 → 1/500, Jiangxue Han: 40/1 → 33/1
2026-02-26T22:55:38.695Z [EVENT] (serving: Jiangxue Han)  game: 0-30
2026-02-26T22:56:16.127Z [EVENT] (serving: Jiangxue Han)  game: 0-40
2026-02-26T22:57:10.698Z [ODDS] (serving: Kristina Liutova)  Kristina Liutova: 1/500 → 1/250, Jiangxue Han: 33/1 → 28/1
2026-02-26T22:57:10.698Z [EVENT] (serving: Kristina Liutova)  sets: 6-2,5-3, game: 0-0, serving: P1
2026-02-26T22:57:52.192Z [ODDS] (serving: Kristina Liutova)  Kristina Liutova: 1/250 → 1/150, Jiangxue Han: 28/1 → 20/1
2026-02-26T22:57:52.192Z [EVENT] (serving: Kristina Liutova)  game: 0-15
2026-02-26T22:58:35.039Z [ODDS] (serving: Kristina Liutova)  Kristina Liutova: 1/150 → 1/100, Jiangxue Han: 20/1 → 16/1
2026-02-26T22:58:35.039Z [EVENT] (serving: Kristina Liutova)  game: 0-30
2026-02-26T22:59:25.099Z [ODDS] (serving: Kristina Liutova)  Kristina Liutova: 1/100 → 1/66, Jiangxue Han: 16/1 → 14/1
2026-02-26T22:59:25.099Z [EVENT] (serving: Kristina Liutova)  game: 0-40
2026-02-26T22:59:59.828Z [EVENT] (serving: Jiangxue Han)  sets: 6-2,5-4, game: 0-0, serving: P2
2026-02-26T23:01:53.033Z [ODDS] (serving: Jiangxue Han)  Kristina Liutova: 1/66 → 1/33, Jiangxue Han: 14/1 → 10/1
2026-02-26T23:01:53.033Z [EVENT] (serving: Jiangxue Han)  game: 0-15
2026-02-26T23:02:25.108Z [ODDS] (serving: Jiangxue Han)  Kristina Liutova: 1/33 → 1/50, Jiangxue Han: 10/1 → 12/1
2026-02-26T23:02:25.108Z [EVENT] (serving: Jiangxue Han)  game: 15-15
2026-02-26T23:02:56.706Z [ODDS] (serving: Jiangxue Han)  Kristina Liutova: 1/50 → 1/100, Jiangxue Han: 12/1 → 16/1
2026-02-26T23:02:56.706Z [EVENT] (serving: Jiangxue Han)  game: 30-15
2026-02-26T23:03:39.913Z [ODDS] (serving: Jiangxue Han)  Kristina Liutova: 1/100 → 1/500, Jiangxue Han: 16/1 → 33/1
2026-02-26T23:03:39.913Z [EVENT] (serving: Jiangxue Han)  game: 40-15
2026-02-26T23:04:19.151Z [ODDS] (serving: Jiangxue Han)  Kristina Liutova: 1/500 → 1/150, Jiangxue Han: 33/1 → 20/1
2026-02-26T23:04:19.151Z [EVENT] (serving: Jiangxue Han)  game: 40-30
2026-02-26T23:05:02.899Z [ODDS] (serving: Jiangxue Han)  Kristina Liutova: 1/150 → 1/50, Jiangxue Han: 20/1 → 12/1
2026-02-26T23:05:02.899Z [EVENT] (serving: Jiangxue Han)  game: 40-40
2026-02-26T23:05:56.120Z [ODDS] (serving: Jiangxue Han)  Kristina Liutova: 1/50 → 1/150, Jiangxue Han: 12/1 → 20/1
2026-02-26T23:05:56.120Z [EVENT] (serving: Jiangxue Han)  game: A-40
2026-02-26T23:06:34.003Z [ODDS] (serving: Jiangxue Han)  Kristina Liutova: 1/150 → 0/0, Jiangxue Han: 20/1 → 0/0
2026-02-26T23:06:34.003Z [EVENT] (serving: Jiangxue Han)  sets: 6-2,6-4, game: 0-0
