2026-02-26T20:08:45.397Z [ODDS] (serving: Gleason/Kempen)  Gleason/Kempen: 8/13 → 4/6, Haverlag/Lumsden: 6/5 → 11/10
2026-02-26T20:08:45.397Z [EVENT] (serving: Gleason/Kempen)  game: 0-15
2026-02-26T20:09:06.147Z [ODDS] (serving: Gleason/Kempen)  Gleason/Kempen: 4/6 → 7/10, Haverlag/Lumsden: 11/10 → 21/20
2026-02-26T20:09:16.519Z [ODDS] (serving: Gleason/Kempen)  Gleason/Kempen: 7/10 → 8/13, Haverlag/Lumsden: 21/20 → 6/5
2026-02-26T20:09:16.519Z [EVENT] (serving: Gleason/Kempen)  game: 15-15
2026-02-26T20:09:43.576Z [ODDS] (serving: Gleason/Kempen)  Gleason/Kempen: 8/13 → 7/10, Haverlag/Lumsden: 6/5 → 21/20
2026-02-26T20:09:43.576Z [EVENT] (serving: Gleason/Kempen)  game: 15-30
2026-02-26T20:10:08.391Z [ODDS] (serving: Gleason/Kempen)  Gleason/Kempen: 7/10 → 4/5, Haverlag/Lumsden: 21/20 → 19/20
2026-02-26T20:10:08.391Z [EVENT] (serving: Gleason/Kempen)  game: 15-40
2026-02-26T20:10:42.209Z [ODDS] (serving: Haverlag/Lumsden)  Gleason/Kempen: 4/5 → 10/11, Haverlag/Lumsden: 19/20 → 10/11
2026-02-26T20:10:42.209Z [EVENT] (serving: Haverlag/Lumsden)  sets: 0-1, game: 0-0, serving: P2
2026-02-26T20:11:46.249Z [ODDS] (serving: Haverlag/Lumsden)  Gleason/Kempen: 10/11 → 19/20, Haverlag/Lumsden: 10/11 → 4/5
2026-02-26T20:11:46.249Z [EVENT] (serving: Haverlag/Lumsden)  game: 0-15
2026-02-26T20:12:16.015Z [ODDS] (serving: Haverlag/Lumsden)  Gleason/Kempen: 19/20 → 10/11, Haverlag/Lumsden: 4/5 → 10/11
2026-02-26T20:12:16.015Z [EVENT] (serving: Haverlag/Lumsden)  game: 15-15
2026-02-26T20:12:39.467Z [ODDS] (serving: Haverlag/Lumsden)  Gleason/Kempen: 10/11 → 4/5, Haverlag/Lumsden: 10/11 → 19/20
2026-02-26T20:12:39.467Z [EVENT] (serving: Haverlag/Lumsden)  game: 30-15
2026-02-26T20:13:01.572Z [ODDS] (serving: Haverlag/Lumsden)  Gleason/Kempen: 4/5 → 7/10, Haverlag/Lumsden: 19/20 → 21/20
2026-02-26T20:13:01.572Z [EVENT] (serving: Haverlag/Lumsden)  game: 40-15
2026-02-26T20:13:18.704Z [ODDS] (serving: Haverlag/Lumsden)  Gleason/Kempen: 7/10 → 4/6, Haverlag/Lumsden: 21/20 → 11/10
2026-02-26T20:13:33.592Z [ODDS] (serving: Haverlag/Lumsden)  Gleason/Kempen: 4/6 → 3/4, Haverlag/Lumsden: 11/10 → 1/1
2026-02-26T20:13:33.593Z [EVENT] (serving: Haverlag/Lumsden)  game: 40-30
2026-02-26T20:13:55.688Z [ODDS] (serving: Gleason/Kempen)  Gleason/Kempen: 3/4 → 8/13, Haverlag/Lumsden: 1/1 → 6/5
2026-02-26T20:13:55.688Z [EVENT] (serving: Gleason/Kempen)  sets: 1-1, game: 0-0, serving: P1
2026-02-26T20:14:36.734Z [ODDS] (serving: Gleason/Kempen)  Gleason/Kempen: 8/13 → 4/7, Haverlag/Lumsden: 6/5 → 5/4
2026-02-26T20:14:36.734Z [EVENT] (serving: Gleason/Kempen)  game: 15-0
2026-02-26T20:15:00.642Z [ODDS] (serving: Gleason/Kempen)  Gleason/Kempen: 4/7 → 8/15, Haverlag/Lumsden: 5/4 → 11/8
2026-02-26T20:15:00.642Z [EVENT] (serving: Gleason/Kempen)  game: 30-0
2026-02-26T20:15:26.339Z [EVENT] (serving: Gleason/Kempen)  game: 40-0
2026-02-26T20:15:59.723Z [EVENT] (serving: Gleason/Kempen)  game: 40-15
2026-02-26T20:16:25.876Z [ODDS] (serving: Gleason/Kempen)  Gleason/Kempen: 8/15 → 4/7, Haverlag/Lumsden: 11/8 → 5/4
2026-02-26T20:16:25.876Z [EVENT] (serving: Gleason/Kempen)  game: 40-30
2026-02-26T20:16:52.488Z [ODDS] (serving: Haverlag/Lumsden)  Gleason/Kempen: 4/7 → 8/15, Haverlag/Lumsden: 5/4 → 11/8
2026-02-26T20:16:52.489Z [EVENT] (serving: Haverlag/Lumsden)  sets: 2-1, game: 0-0, serving: P2
2026-02-26T20:18:53.810Z [ODDS] (serving: Haverlag/Lumsden)  Gleason/Kempen: 8/15 → 1/2, Haverlag/Lumsden: 11/8 → 6/4
2026-02-26T20:18:53.810Z [EVENT] (serving: Haverlag/Lumsden)  game: 15-0
2026-02-26T20:18:59.687Z [ODDS] (serving: Haverlag/Lumsden)  Gleason/Kempen: 1/2 → 8/15, Haverlag/Lumsden: 6/4 → 11/8, Gleason/Kempen: 8/15 → 4/7, Haverlag/Lumsden: 11/8 → 5/4
2026-02-26T20:18:59.687Z [EVENT] (serving: Haverlag/Lumsden)  game: 0-0
2026-02-26T20:18:59.687Z [EVENT] (serving: Haverlag/Lumsden)  game: 0-15
2026-02-26T20:18:59.688Z [ODDS] (serving: Haverlag/Lumsden)  Gleason/Kempen: 4/7 → 8/15, Haverlag/Lumsden: 5/4 → 11/8, Gleason/Kempen: 8/15 → 4/7, Haverlag/Lumsden: 11/8 → 5/4
2026-02-26T20:18:59.688Z [EVENT] (serving: Haverlag/Lumsden)  game: 0-0
2026-02-26T20:18:59.688Z [EVENT] (serving: Haverlag/Lumsden)  game: 0-15
2026-02-26T20:19:15.010Z [ODDS] (serving: Haverlag/Lumsden)  Gleason/Kempen: 4/7 → 8/13, Haverlag/Lumsden: 5/4 → 6/5
2026-02-26T20:19:15.010Z [EVENT] (serving: Haverlag/Lumsden)  game: 0-30
2026-02-26T20:19:46.579Z [ODDS] (serving: Haverlag/Lumsden)  Gleason/Kempen: 8/13 → 4/6, Haverlag/Lumsden: 6/5 → 11/10
2026-02-26T20:19:46.579Z [EVENT] (serving: Haverlag/Lumsden)  game: 0-40
2026-02-26T20:20:07.325Z [EVENT] (serving: Gleason/Kempen)  sets: 2-2, game: 0-0, serving: P1
2026-02-26T20:20:39.828Z [ODDS] (serving: Gleason/Kempen)  Gleason/Kempen: 4/6 → 7/10, Haverlag/Lumsden: 11/10 → 21/20
2026-02-26T20:20:51.984Z [ODDS] (serving: Gleason/Kempen)  Gleason/Kempen: 7/10 → 3/4, Haverlag/Lumsden: 21/20 → 1/1
2026-02-26T20:20:51.984Z [EVENT] (serving: Gleason/Kempen)  game: 0-15
2026-02-26T20:21:16.328Z [ODDS] (serving: Gleason/Kempen)  Gleason/Kempen: 3/4 → 4/6, Haverlag/Lumsden: 1/1 → 11/10
2026-02-26T20:21:16.328Z [EVENT] (serving: Gleason/Kempen)  game: 15-15
2026-02-26T20:21:39.782Z [ODDS] (serving: Gleason/Kempen)  Gleason/Kempen: 4/6 → 7/10, Haverlag/Lumsden: 11/10 → 21/20
2026-02-26T20:21:50.618Z [ODDS] (serving: Gleason/Kempen)  Gleason/Kempen: 7/10 → 8/13, Haverlag/Lumsden: 21/20 → 6/5
2026-02-26T20:21:50.618Z [EVENT] (serving: Gleason/Kempen)  game: 30-15
2026-02-26T20:22:20.827Z [ODDS] (serving: Gleason/Kempen)  Gleason/Kempen: 8/13 → 4/7, Haverlag/Lumsden: 6/5 → 5/4
2026-02-26T20:22:20.827Z [EVENT] (serving: Gleason/Kempen)  game: 40-15
2026-02-26T20:22:55.550Z [ODDS] (serving: Haverlag/Lumsden)  Gleason/Kempen: 4/7 → 8/15, Haverlag/Lumsden: 5/4 → 11/8
2026-02-26T20:22:55.550Z [EVENT] (serving: Haverlag/Lumsden)  sets: 3-2, game: 0-0, serving: P2
2026-02-26T20:24:55.067Z [ODDS] (serving: Haverlag/Lumsden)  Gleason/Kempen: 8/15 → 4/7, Haverlag/Lumsden: 11/8 → 5/4
2026-02-26T20:24:55.067Z [EVENT] (serving: Haverlag/Lumsden)  game: 0-15
2026-02-26T20:25:23.010Z [ODDS] (serving: Haverlag/Lumsden)  Gleason/Kempen: 4/7 → 8/13, Haverlag/Lumsden: 5/4 → 6/5
2026-02-26T20:25:23.010Z [EVENT] (serving: Haverlag/Lumsden)  game: 0-30
2026-02-26T20:25:56.384Z [ODDS] (serving: Haverlag/Lumsden)  Gleason/Kempen: 8/13 → 4/7, Haverlag/Lumsden: 6/5 → 5/4
2026-02-26T20:25:56.384Z [EVENT] (serving: Haverlag/Lumsden)  game: 15-30
2026-02-26T20:26:23.906Z [ODDS] (serving: Haverlag/Lumsden)  Gleason/Kempen: 4/7 → 8/13, Haverlag/Lumsden: 5/4 → 6/5
2026-02-26T20:26:23.906Z [EVENT] (serving: Haverlag/Lumsden)  game: 15-40
2026-02-26T20:26:50.510Z [ODDS] (serving: Gleason/Kempen)  Gleason/Kempen: 8/13 → 4/6, Haverlag/Lumsden: 6/5 → 11/10
2026-02-26T20:26:50.510Z [EVENT] (serving: Gleason/Kempen)  sets: 3-3, game: 0-0, serving: P1
2026-02-26T20:27:29.294Z [ODDS] (serving: Gleason/Kempen)  Gleason/Kempen: 4/6 → 3/4, Haverlag/Lumsden: 11/10 → 1/1
2026-02-26T20:27:29.295Z [EVENT] (serving: Gleason/Kempen)  game: 0-15
2026-02-26T20:27:49.590Z [ODDS] (serving: Gleason/Kempen)  Gleason/Kempen: 3/4 → 4/5, Haverlag/Lumsden: 1/1 → 19/20
2026-02-26T20:28:08.083Z [ODDS] (serving: Gleason/Kempen)  Gleason/Kempen: 4/5 → 19/20, Haverlag/Lumsden: 19/20 → 4/5
2026-02-26T20:28:08.083Z [EVENT] (serving: Gleason/Kempen)  game: 0-30
2026-02-26T20:28:43.713Z [ODDS] (serving: Gleason/Kempen)  Gleason/Kempen: 19/20 → 1/1, Haverlag/Lumsden: 4/5 → 3/4
2026-02-26T20:28:43.713Z [EVENT] (serving: Gleason/Kempen)  game: 0-40
2026-02-26T20:29:08.974Z [ODDS] (serving: Haverlag/Lumsden)  Gleason/Kempen: 1/1 → 11/10, Haverlag/Lumsden: 3/4 → 4/6
2026-02-26T20:29:08.974Z [EVENT] (serving: Haverlag/Lumsden)  sets: 3-4, game: 0-0, serving: P2
2026-02-26T20:31:42.759Z [ODDS] (serving: Haverlag/Lumsden)  Gleason/Kempen: 11/10 → 21/20, Haverlag/Lumsden: 4/6 → 7/10
2026-02-26T20:31:54.486Z [ODDS] (serving: Haverlag/Lumsden)  Gleason/Kempen: 21/20 → 5/4, Haverlag/Lumsden: 7/10 → 4/7
2026-02-26T20:31:54.486Z [EVENT] (serving: Haverlag/Lumsden)  game: 0-15
2026-02-26T20:32:12.994Z [ODDS] (serving: Haverlag/Lumsden)  Gleason/Kempen: 5/4 → 11/8, Haverlag/Lumsden: 4/7 → 8/15
2026-02-26T20:32:13.883Z [ODDS] (serving: Haverlag/Lumsden)  Gleason/Kempen: 11/8 → 6/4, Haverlag/Lumsden: 8/15 → 1/2
2026-02-26T20:32:25.610Z [ODDS] (serving: Haverlag/Lumsden)  Gleason/Kempen: 6/4 → 11/8, Haverlag/Lumsden: 1/2 → 8/15
2026-02-26T20:32:25.610Z [EVENT] (serving: Haverlag/Lumsden)  game: 15-15
2026-02-26T20:32:48.154Z [ODDS] (serving: Haverlag/Lumsden)  Gleason/Kempen: 11/8 → 6/4, Haverlag/Lumsden: 8/15 → 1/2
2026-02-26T20:32:48.154Z [EVENT] (serving: Haverlag/Lumsden)  game: 15-30
2026-02-26T20:33:18.827Z [ODDS] (serving: Haverlag/Lumsden)  Gleason/Kempen: 6/4 → 5/4, Haverlag/Lumsden: 1/2 → 4/7
2026-02-26T20:33:18.827Z [EVENT] (serving: Haverlag/Lumsden)  game: 30-30
2026-02-26T20:33:41.385Z [ODDS] (serving: Haverlag/Lumsden)  Gleason/Kempen: 5/4 → 6/5, Haverlag/Lumsden: 4/7 → 8/13
2026-02-26T20:33:51.298Z [ODDS] (serving: Haverlag/Lumsden)  Gleason/Kempen: 6/5 → 6/4, Haverlag/Lumsden: 8/13 → 1/2
2026-02-26T20:33:51.298Z [EVENT] (serving: Haverlag/Lumsden)  game: 30-40
2026-02-26T20:34:13.860Z [ODDS] (serving: Haverlag/Lumsden)  Gleason/Kempen: 6/4 → 5/4, Haverlag/Lumsden: 1/2 → 4/7
2026-02-26T20:34:13.860Z [EVENT] (serving: Haverlag/Lumsden)  game: 40-40
2026-02-26T20:34:39.555Z [ODDS] (serving: Gleason/Kempen)  Gleason/Kempen: 5/4 → 7/4, Haverlag/Lumsden: 4/7 → 2/5
2026-02-26T20:34:39.555Z [EVENT] (serving: Gleason/Kempen)  sets: 3-5, game: 0-0, serving: P1
2026-02-26T20:35:17.441Z [ODDS] (serving: Gleason/Kempen)  Gleason/Kempen: 7/4 → 13/8, Haverlag/Lumsden: 2/5 → 4/9
2026-02-26T20:35:17.442Z [EVENT] (serving: Gleason/Kempen)  game: 15-0
2026-02-26T20:35:49.911Z [EVENT] (serving: Gleason/Kempen)  game: 30-0
2026-02-26T20:36:18.327Z [EVENT] (serving: Gleason/Kempen)  game: 30-15
2026-02-26T20:36:48.545Z [EVENT] (serving: Gleason/Kempen)  game: 40-15
2026-02-26T20:37:11.546Z [EVENT] (serving: Gleason/Kempen)  game: 40-30
2026-02-26T20:37:48.076Z [EVENT] (serving: Haverlag/Lumsden)  sets: 4-5, game: 0-0, serving: P2
2026-02-26T20:39:51.344Z [ODDS] (serving: Haverlag/Lumsden)  Gleason/Kempen: 13/8 → 7/4, Haverlag/Lumsden: 4/9 → 2/5
2026-02-26T20:39:51.345Z [EVENT] (serving: Haverlag/Lumsden)  game: 0-15
2026-02-26T20:40:12.544Z [ODDS] (serving: Haverlag/Lumsden)  Gleason/Kempen: 7/4 → 13/8, Haverlag/Lumsden: 2/5 → 4/9
2026-02-26T20:40:22.467Z [ODDS] (serving: Haverlag/Lumsden)  Gleason/Kempen: 13/8 → 6/4, Haverlag/Lumsden: 4/9 → 1/2
2026-02-26T20:40:22.467Z [EVENT] (serving: Haverlag/Lumsden)  game: 15-15
2026-02-26T20:40:45.021Z [ODDS] (serving: Haverlag/Lumsden)  Gleason/Kempen: 6/4 → 7/4, Haverlag/Lumsden: 1/2 → 2/5
2026-02-26T20:40:45.021Z [EVENT] (serving: Haverlag/Lumsden)  game: 15-30
2026-02-26T20:41:04.409Z [ODDS] (serving: Haverlag/Lumsden)  Gleason/Kempen: 7/4 → 9/4, Haverlag/Lumsden: 2/5 → 1/3
2026-02-26T20:41:04.409Z [EVENT] (serving: Haverlag/Lumsden)  game: 15-40
2026-02-26T20:41:26.509Z [ODDS] (serving: Haverlag/Lumsden)  Gleason/Kempen: 9/4 → 2/1, Haverlag/Lumsden: 1/3 → 4/11
2026-02-26T20:41:35.979Z [ODDS] (serving: Haverlag/Lumsden)  Gleason/Kempen: 2/1 → 7/4, Haverlag/Lumsden: 4/11 → 2/5
2026-02-26T20:41:35.979Z [EVENT] (serving: Haverlag/Lumsden)  game: 30-40
2026-02-26T20:41:55.380Z [ODDS] (serving: Haverlag/Lumsden)  Gleason/Kempen: 7/4 → 13/8, Haverlag/Lumsden: 2/5 → 4/9
2026-02-26T20:42:11.159Z [ODDS] (serving: Haverlag/Lumsden)  Gleason/Kempen: 13/8 → 11/8, Haverlag/Lumsden: 4/9 → 8/15
2026-02-26T20:42:11.159Z [EVENT] (serving: Haverlag/Lumsden)  game: 40-40
2026-02-26T20:42:45.435Z [ODDS] (serving: Gleason/Kempen)  Gleason/Kempen: 11/8 → 12/5, Haverlag/Lumsden: 8/15 → 3/10
2026-02-26T20:42:45.435Z [EVENT] (serving: Gleason/Kempen)  sets: 4-6,0-0, game: 0-0, serving: P1
2026-02-26T20:49:15.721Z [ODDS] (serving: Gleason/Kempen)  Gleason/Kempen: 12/5 → 9/4, Haverlag/Lumsden: 3/10 → 1/3
2026-02-26T20:49:15.721Z [EVENT] (serving: Gleason/Kempen)  game: 15-0
2026-02-26T20:49:52.183Z [ODDS] (serving: Gleason/Kempen)  Gleason/Kempen: 9/4 → 12/5, Haverlag/Lumsden: 1/3 → 3/10
2026-02-26T20:49:52.183Z [EVENT] (serving: Gleason/Kempen)  game: 15-15
2026-02-26T20:50:19.263Z [ODDS] (serving: Gleason/Kempen)  Gleason/Kempen: 12/5 → 5/2, Haverlag/Lumsden: 3/10 → 2/7
2026-02-26T20:50:36.401Z [ODDS] (serving: Gleason/Kempen)  Gleason/Kempen: 5/2 → 9/4, Haverlag/Lumsden: 2/7 → 1/3
2026-02-26T20:50:36.401Z [EVENT] (serving: Gleason/Kempen)  game: 30-15
2026-02-26T20:51:06.620Z [ODDS] (serving: Gleason/Kempen)  Gleason/Kempen: 9/4 → 2/1, Haverlag/Lumsden: 1/3 → 4/11
2026-02-26T20:51:06.620Z [EVENT] (serving: Gleason/Kempen)  game: 40-15
2026-02-26T20:51:31.881Z [ODDS] (serving: Gleason/Kempen)  Gleason/Kempen: 2/1 → 9/4, Haverlag/Lumsden: 4/11 → 1/3
2026-02-26T20:51:31.882Z [EVENT] (serving: Gleason/Kempen)  game: 40-30
2026-02-26T20:52:33.223Z [ODDS] (serving: Haverlag/Lumsden)  Gleason/Kempen: 9/4 → 2/1, Haverlag/Lumsden: 1/3 → 4/11
2026-02-26T20:52:33.223Z [EVENT] (serving: Haverlag/Lumsden)  sets: 4-6,1-0, game: 0-0, serving: P2
2026-02-26T20:53:33.663Z [ODDS] (serving: Haverlag/Lumsden)  Gleason/Kempen: 2/1 → 7/4, Haverlag/Lumsden: 4/11 → 2/5
2026-02-26T20:53:43.128Z [ODDS] (serving: Haverlag/Lumsden)  Gleason/Kempen: 7/4 → 9/4, Haverlag/Lumsden: 2/5 → 1/3
2026-02-26T20:53:43.128Z [EVENT] (serving: Haverlag/Lumsden)  game: 0-15
2026-02-26T20:54:06.585Z [ODDS] (serving: Haverlag/Lumsden)  Gleason/Kempen: 9/4 → 12/5, Haverlag/Lumsden: 1/3 → 3/10
2026-02-26T20:54:06.585Z [EVENT] (serving: Haverlag/Lumsden)  game: 0-30
2026-02-26T20:54:35.899Z [ODDS] (serving: Haverlag/Lumsden)  Gleason/Kempen: 12/5 → 5/2, Haverlag/Lumsden: 3/10 → 2/7
2026-02-26T20:54:35.899Z [EVENT] (serving: Haverlag/Lumsden)  game: 0-40
2026-02-26T20:55:10.182Z [ODDS] (serving: Haverlag/Lumsden)  Gleason/Kempen: 5/2 → 12/5, Haverlag/Lumsden: 2/7 → 3/10
2026-02-26T20:55:23.257Z [EVENT] (serving: Haverlag/Lumsden)  game: 15-40
2026-02-26T20:55:46.259Z [ODDS] (serving: Haverlag/Lumsden)  Gleason/Kempen: 12/5 → 9/4, Haverlag/Lumsden: 3/10 → 1/3
2026-02-26T20:55:55.733Z [EVENT] (serving: Haverlag/Lumsden)  game: 30-40
2026-02-26T20:56:17.834Z [ODDS] (serving: Gleason/Kempen)  Gleason/Kempen: 9/4 → 12/5, Haverlag/Lumsden: 1/3 → 3/10
2026-02-26T20:56:17.834Z [EVENT] (serving: Gleason/Kempen)  sets: 4-6,1-1, game: 0-0, serving: P1
2026-02-26T20:56:52.559Z [ODDS] (serving: Gleason/Kempen)  Gleason/Kempen: 12/5 → 5/2, Haverlag/Lumsden: 3/10 → 2/7
2026-02-26T20:57:01.580Z [ODDS] (serving: Gleason/Kempen)  Gleason/Kempen: 5/2 → 11/4, Haverlag/Lumsden: 2/7 → 1/4
2026-02-26T20:57:01.580Z [EVENT] (serving: Gleason/Kempen)  game: 0-15
2026-02-26T20:57:27.737Z [ODDS] (serving: Gleason/Kempen)  Gleason/Kempen: 11/4 → 5/2, Haverlag/Lumsden: 1/4 → 2/7
2026-02-26T20:57:27.737Z [EVENT] (serving: Gleason/Kempen)  game: 15-15
2026-02-26T20:57:52.094Z [ODDS] (serving: Gleason/Kempen)  Gleason/Kempen: 5/2 → 9/4, Haverlag/Lumsden: 2/7 → 1/3
2026-02-26T20:57:52.094Z [EVENT] (serving: Gleason/Kempen)  game: 30-15
2026-02-26T20:58:15.091Z [ODDS] (serving: Gleason/Kempen)  Gleason/Kempen: 9/4 → 12/5, Haverlag/Lumsden: 1/3 → 3/10
2026-02-26T20:58:29.527Z [ODDS] (serving: Gleason/Kempen)  Gleason/Kempen: 12/5 → 5/2, Haverlag/Lumsden: 3/10 → 2/7
2026-02-26T20:58:29.527Z [EVENT] (serving: Gleason/Kempen)  game: 30-30
2026-02-26T20:58:32.685Z [ODDS] (serving: Gleason/Kempen)  Gleason/Kempen: 5/2 → 12/5, Haverlag/Lumsden: 2/7 → 3/10, Gleason/Kempen: 12/5 → 2/1, Haverlag/Lumsden: 3/10 → 4/11
2026-02-26T20:58:32.685Z [EVENT] (serving: Gleason/Kempen)  game: 30-15
2026-02-26T20:58:32.685Z [EVENT] (serving: Gleason/Kempen)  game: 40-15
2026-02-26T20:58:32.685Z [ODDS] (serving: Gleason/Kempen)  Gleason/Kempen: 2/1 → 12/5, Haverlag/Lumsden: 4/11 → 3/10, Gleason/Kempen: 12/5 → 2/1, Haverlag/Lumsden: 3/10 → 4/11
2026-02-26T20:58:32.685Z [EVENT] (serving: Gleason/Kempen)  game: 30-15
2026-02-26T20:58:32.685Z [EVENT] (serving: Gleason/Kempen)  game: 40-15
2026-02-26T20:58:58.842Z [ODDS] (serving: Haverlag/Lumsden)  Gleason/Kempen: 2/1 → 7/4, Haverlag/Lumsden: 4/11 → 2/5
2026-02-26T20:58:58.843Z [EVENT] (serving: Haverlag/Lumsden)  sets: 4-6,2-1, game: 0-0, serving: P2
2026-02-26T21:01:17.308Z [ODDS] (serving: Haverlag/Lumsden)  Gleason/Kempen: 7/4 → 13/8, Haverlag/Lumsden: 2/5 → 4/9
2026-02-26T21:01:17.309Z [EVENT] (serving: Haverlag/Lumsden)  game: 15-0
2026-02-26T21:01:35.416Z [ODDS] (serving: Haverlag/Lumsden)  Gleason/Kempen: 13/8 → 6/4, Haverlag/Lumsden: 4/9 → 1/2
2026-02-26T21:01:46.621Z [ODDS] (serving: Haverlag/Lumsden)  Gleason/Kempen: 6/4 → 11/8, Haverlag/Lumsden: 1/2 → 8/15
2026-02-26T21:01:46.621Z [EVENT] (serving: Haverlag/Lumsden)  game: 30-0
2026-02-26T21:01:49.326Z [ODDS] (serving: Haverlag/Lumsden)  Gleason/Kempen: 11/8 → 6/4, Haverlag/Lumsden: 8/15 → 1/2
2026-02-26T21:01:49.326Z [EVENT] (serving: Haverlag/Lumsden)  game: 15-0
2026-02-26T21:01:49.776Z [ODDS] (serving: Haverlag/Lumsden)  Gleason/Kempen: 6/4 → 7/4, Haverlag/Lumsden: 1/2 → 2/5
2026-02-26T21:01:49.776Z [EVENT] (serving: Haverlag/Lumsden)  game: 15-15
2026-02-26T21:02:28.566Z [ODDS] (serving: Haverlag/Lumsden)  Gleason/Kempen: 7/4 → 2/1, Haverlag/Lumsden: 2/5 → 4/11
2026-02-26T21:02:28.567Z [EVENT] (serving: Haverlag/Lumsden)  game: 15-30
2026-02-26T21:02:36.686Z [ODDS] (serving: Haverlag/Lumsden)  Gleason/Kempen: 2/1 → 7/4, Haverlag/Lumsden: 4/11 → 2/5
2026-02-26T21:02:36.686Z [EVENT] (serving: Haverlag/Lumsden)  game: 30-30
2026-02-26T21:02:38.486Z [ODDS] (serving: Haverlag/Lumsden)  Gleason/Kempen: 7/4 → 13/8, Haverlag/Lumsden: 2/5 → 4/9
2026-02-26T21:03:08.720Z [ODDS] (serving: Haverlag/Lumsden)  Gleason/Kempen: 13/8 → 2/1, Haverlag/Lumsden: 4/9 → 4/11
2026-02-26T21:03:08.720Z [EVENT] (serving: Haverlag/Lumsden)  game: 30-40
2026-02-26T21:03:37.123Z [ODDS] (serving: Haverlag/Lumsden)  Gleason/Kempen: 2/1 → 13/8, Haverlag/Lumsden: 4/11 → 4/9
2026-02-26T21:03:37.123Z [EVENT] (serving: Haverlag/Lumsden)  game: 40-40
2026-02-26T21:04:01.039Z [ODDS] (serving: Gleason/Kempen)  Gleason/Kempen: 13/8 → 9/4, Haverlag/Lumsden: 4/9 → 1/3
2026-02-26T21:04:01.039Z [EVENT] (serving: Gleason/Kempen)  sets: 4-6,2-2, game: 0-0, serving: P1
2026-02-26T21:04:40.706Z [ODDS] (serving: Gleason/Kempen)  Gleason/Kempen: 9/4 → 11/4, Haverlag/Lumsden: 1/3 → 1/4
2026-02-26T21:04:40.706Z [EVENT] (serving: Gleason/Kempen)  game: 0-15
2026-02-26T21:05:06.418Z [ODDS] (serving: Gleason/Kempen)  Gleason/Kempen: 11/4 → 12/5, Haverlag/Lumsden: 1/4 → 3/10
2026-02-26T21:05:06.418Z [EVENT] (serving: Gleason/Kempen)  game: 15-15
2026-02-26T21:05:39.800Z [ODDS] (serving: Gleason/Kempen)  Gleason/Kempen: 12/5 → 2/1, Haverlag/Lumsden: 3/10 → 4/11
2026-02-26T21:05:39.800Z [EVENT] (serving: Gleason/Kempen)  game: 30-15
2026-02-26T21:06:08.202Z [ODDS] (serving: Gleason/Kempen)  Gleason/Kempen: 2/1 → 7/4, Haverlag/Lumsden: 4/11 → 2/5
2026-02-26T21:06:08.202Z [EVENT] (serving: Gleason/Kempen)  game: 40-15
2026-02-26T21:06:51.048Z [ODDS] (serving: Gleason/Kempen)  Gleason/Kempen: 7/4 → 2/1, Haverlag/Lumsden: 2/5 → 4/11
2026-02-26T21:06:51.048Z [EVENT] (serving: Gleason/Kempen)  game: 40-30
2026-02-26T21:07:33.447Z [ODDS] (serving: Haverlag/Lumsden)  Gleason/Kempen: 2/1 → 7/4, Haverlag/Lumsden: 4/11 → 2/5
2026-02-26T21:07:33.447Z [EVENT] (serving: Haverlag/Lumsden)  sets: 4-6,3-2, game: 0-0, serving: P2
2026-02-26T21:09:50.849Z [ODDS] (serving: Haverlag/Lumsden)  Gleason/Kempen: 7/4 → 2/1, Haverlag/Lumsden: 2/5 → 4/11
2026-02-26T21:09:50.849Z [EVENT] (serving: Haverlag/Lumsden)  game: 0-15
2026-02-26T21:10:09.793Z [ODDS] (serving: Haverlag/Lumsden)  Gleason/Kempen: 2/1 → 7/4, Haverlag/Lumsden: 4/11 → 2/5
2026-02-26T21:10:25.582Z [ODDS] (serving: Haverlag/Lumsden)  Gleason/Kempen: 7/4 → 9/4, Haverlag/Lumsden: 2/5 → 1/3
2026-02-26T21:10:25.582Z [EVENT] (serving: Haverlag/Lumsden)  game: 0-30
2026-02-26T21:11:00.307Z [ODDS] (serving: Haverlag/Lumsden)  Gleason/Kempen: 9/4 → 2/1, Haverlag/Lumsden: 1/3 → 4/11
2026-02-26T21:11:00.307Z [EVENT] (serving: Haverlag/Lumsden)  game: 15-30
2026-02-26T21:11:21.956Z [ODDS] (serving: Haverlag/Lumsden)  Gleason/Kempen: 2/1 → 9/4, Haverlag/Lumsden: 4/11 → 1/3
2026-02-26T21:11:21.957Z [EVENT] (serving: Haverlag/Lumsden)  game: 15-40
2026-02-26T21:11:59.902Z [ODDS] (serving: Haverlag/Lumsden)  Gleason/Kempen: 9/4 → 2/1, Haverlag/Lumsden: 1/3 → 4/11
2026-02-26T21:11:59.902Z [EVENT] (serving: Haverlag/Lumsden)  game: 30-40
2026-02-26T21:12:21.038Z [ODDS] (serving: Haverlag/Lumsden)  Gleason/Kempen: 2/1 → 7/4, Haverlag/Lumsden: 4/11 → 2/5
2026-02-26T21:12:32.309Z [ODDS] (serving: Haverlag/Lumsden)  Gleason/Kempen: 7/4 → 13/8, Haverlag/Lumsden: 2/5 → 4/9
2026-02-26T21:12:32.309Z [EVENT] (serving: Haverlag/Lumsden)  game: 40-40
2026-02-26T21:12:58.025Z [ODDS] (serving: Haverlag/Lumsden)  Gleason/Kempen: 13/8 → 6/4, Haverlag/Lumsden: 4/9 → 1/2
2026-02-26T21:13:09.754Z [ODDS] (serving: Gleason/Kempen)  Gleason/Kempen: 6/4 → 9/4, Haverlag/Lumsden: 1/2 → 1/3
2026-02-26T21:13:09.754Z [EVENT] (serving: Gleason/Kempen)  sets: 4-6,3-3, game: 0-0, serving: P1
2026-02-26T21:14:10.633Z [ODDS] (serving: Gleason/Kempen)  Gleason/Kempen: 9/4 → 2/1, Haverlag/Lumsden: 1/3 → 4/11
2026-02-26T21:14:10.633Z [EVENT] (serving: Gleason/Kempen)  game: 15-0
2026-02-26T21:14:36.339Z [ODDS] (serving: Gleason/Kempen)  Gleason/Kempen: 2/1 → 9/4, Haverlag/Lumsden: 4/11 → 1/3
2026-02-26T21:14:49.870Z [ODDS] (serving: Gleason/Kempen)  Gleason/Kempen: 9/4 → 12/5, Haverlag/Lumsden: 1/3 → 3/10
2026-02-26T21:14:49.870Z [EVENT] (serving: Gleason/Kempen)  game: 15-15
2026-02-26T21:15:18.739Z [ODDS] (serving: Gleason/Kempen)  Gleason/Kempen: 12/5 → 3/1, Haverlag/Lumsden: 3/10 → 2/9
2026-02-26T21:15:18.739Z [EVENT] (serving: Gleason/Kempen)  game: 15-30
2026-02-26T21:16:01.587Z [ODDS] (serving: Gleason/Kempen)  Gleason/Kempen: 3/1 → 12/5, Haverlag/Lumsden: 2/9 → 3/10
2026-02-26T21:16:01.587Z [EVENT] (serving: Gleason/Kempen)  game: 30-30
2026-02-26T21:16:33.150Z [ODDS] (serving: Gleason/Kempen)  Gleason/Kempen: 12/5 → 11/4, Haverlag/Lumsden: 3/10 → 1/4
2026-02-26T21:17:04.274Z [ODDS] (serving: Gleason/Kempen)  Gleason/Kempen: 11/4 → 2/1, Haverlag/Lumsden: 1/4 → 4/11
2026-02-26T21:17:04.274Z [EVENT] (serving: Gleason/Kempen)  game: 40-30
2026-02-26T21:17:37.200Z [ODDS] (serving: Gleason/Kempen)  Gleason/Kempen: 2/1 → 9/4, Haverlag/Lumsden: 4/11 → 1/3
2026-02-26T21:17:49.372Z [ODDS] (serving: Gleason/Kempen)  Gleason/Kempen: 9/4 → 5/2, Haverlag/Lumsden: 1/3 → 2/7
2026-02-26T21:17:49.374Z [EVENT] (serving: Gleason/Kempen)  game: 40-40
2026-02-26T21:18:26.357Z [ODDS] (serving: Haverlag/Lumsden)  Gleason/Kempen: 5/2 → 5/1, Haverlag/Lumsden: 2/7 → 1/8
2026-02-26T21:18:26.358Z [EVENT] (serving: Haverlag/Lumsden)  sets: 4-6,3-4, game: 0-0, serving: P2
2026-02-26T21:20:38.647Z [ODDS] (serving: Haverlag/Lumsden)  Gleason/Kempen: 5/1 → 7/1, Haverlag/Lumsden: 1/8 → 1/12
2026-02-26T21:20:38.648Z [EVENT] (serving: Haverlag/Lumsden)  game: 0-15
2026-02-26T21:20:58.367Z [ODDS] (serving: Haverlag/Lumsden)  Gleason/Kempen: 7/1 → 5/1, Haverlag/Lumsden: 1/12 → 1/8
2026-02-26T21:20:58.367Z [EVENT] (serving: Haverlag/Lumsden)  game: 15-15
2026-02-26T21:21:27.212Z [ODDS] (serving: Haverlag/Lumsden)  Gleason/Kempen: 5/1 → 7/1, Haverlag/Lumsden: 1/8 → 1/12
2026-02-26T21:21:27.212Z [EVENT] (serving: Haverlag/Lumsden)  game: 15-30
2026-02-26T21:22:04.647Z [ODDS] (serving: Haverlag/Lumsden)  Gleason/Kempen: 7/1 → 9/1, Haverlag/Lumsden: 1/12 → 1/16
2026-02-26T21:22:04.647Z [EVENT] (serving: Haverlag/Lumsden)  game: 15-40
2026-02-26T21:22:28.091Z [ODDS] (serving: Haverlag/Lumsden)  Gleason/Kempen: 9/1 → 7/1, Haverlag/Lumsden: 1/16 → 1/12
2026-02-26T21:22:28.091Z [EVENT] (serving: Haverlag/Lumsden)  game: 30-40
2026-02-26T21:23:03.270Z [ODDS] (serving: Gleason/Kempen)  Gleason/Kempen: 7/1 → 10/1, Haverlag/Lumsden: 1/12 → 1/20
2026-02-26T21:23:03.270Z [EVENT] (serving: Gleason/Kempen)  sets: 4-6,3-5, game: 0-0, serving: P1
2026-02-26T21:24:11.874Z [ODDS] (serving: Gleason/Kempen)  Gleason/Kempen: 10/1 → 9/1, Haverlag/Lumsden: 1/20 → 1/16
2026-02-26T21:24:11.876Z [EVENT] (serving: Gleason/Kempen)  game: 15-0
2026-02-26T21:24:56.490Z [ODDS] (serving: Gleason/Kempen)  Gleason/Kempen: 9/1 → 8/1, Haverlag/Lumsden: 1/16 → 1/14
2026-02-26T21:24:56.490Z [EVENT] (serving: Gleason/Kempen)  game: 30-0
2026-02-26T21:25:25.359Z [ODDS] (serving: Gleason/Kempen)  Gleason/Kempen: 8/1 → 9/1, Haverlag/Lumsden: 1/14 → 1/16
2026-02-26T21:25:38.471Z [ODDS] (serving: Gleason/Kempen)  Gleason/Kempen: 9/1 → 8/1, Haverlag/Lumsden: 1/16 → 1/14
2026-02-26T21:25:38.475Z [EVENT] (serving: Gleason/Kempen)  game: 40-0
2026-02-26T21:26:07.315Z [EVENT] (serving: Gleason/Kempen)  game: 40-15
2026-02-26T21:26:36.187Z [ODDS] (serving: Gleason/Kempen)  Gleason/Kempen: 8/1 → 9/1, Haverlag/Lumsden: 1/14 → 1/16
2026-02-26T21:26:52.399Z [ODDS] (serving: Haverlag/Lumsden)  Gleason/Kempen: 9/1 → 8/1, Haverlag/Lumsden: 1/16 → 1/14
2026-02-26T21:26:52.399Z [EVENT] (serving: Haverlag/Lumsden)  sets: 4-6,4-5, game: 0-0, serving: P2
2026-02-26T21:29:12.668Z [ODDS] (serving: Haverlag/Lumsden)  Gleason/Kempen: 8/1 → 6/1, Haverlag/Lumsden: 1/14 → 1/10
2026-02-26T21:29:21.690Z [ODDS] (serving: Haverlag/Lumsden)  Gleason/Kempen: 6/1 → 12/1, Haverlag/Lumsden: 1/10 → 1/25
2026-02-26T21:29:21.690Z [EVENT] (serving: Haverlag/Lumsden)  game: 0-15
2026-02-26T21:29:56.868Z [ODDS] (serving: Haverlag/Lumsden)  Gleason/Kempen: 12/1 → 20/1, Haverlag/Lumsden: 1/25 → 1/66
2026-02-26T21:29:56.868Z [EVENT] (serving: Haverlag/Lumsden)  game: 0-30
2026-02-26T21:30:25.767Z [ODDS] (serving: Haverlag/Lumsden)  Gleason/Kempen: 20/1 → 50/1, Haverlag/Lumsden: 1/66 → 1/500
2026-02-26T21:30:25.768Z [EVENT] (serving: Haverlag/Lumsden)  game: 0-40
2026-02-26T21:30:48.727Z [ODDS] (serving: Haverlag/Lumsden)  Gleason/Kempen: 50/1 → 0/0, Haverlag/Lumsden: 1/500 → 0/0
2026-02-26T21:30:48.727Z [EVENT] (serving: Haverlag/Lumsden)  sets: 4-6,4-6, game: 0-0
