2026-02-27T00:08:23.908Z [ODDS] (serving: Tang/Xu)  Detiuc/Santamaria: 14/1 → 12/1, Tang/Xu: 1/33 → 1/25
2026-02-27T00:08:45.997Z [ODDS] (serving: Tang/Xu)  Detiuc/Santamaria: 12/1 → 10/1, Tang/Xu: 1/25 → 1/20
2026-02-27T00:08:45.997Z [EVENT] (serving: Tang/Xu)  game: 40-40
2026-02-27T00:09:28.391Z [ODDS] (serving: Detiuc/Santamaria)  Detiuc/Santamaria: 10/1 → 18/1, Tang/Xu: 1/20 → 1/50
2026-02-27T00:09:28.391Z [EVENT] (serving: Detiuc/Santamaria)  sets: 4-6,0-4, game: 0-0, serving: P1
2026-02-27T00:10:10.336Z [ODDS] (serving: Detiuc/Santamaria)  Detiuc/Santamaria: 18/1 → 20/1, Tang/Xu: 1/50 → 1/66
2026-02-27T00:10:10.336Z [EVENT] (serving: Detiuc/Santamaria)  game: 0-15
2026-02-27T00:10:32.436Z [ODDS] (serving: Detiuc/Santamaria)  Detiuc/Santamaria: 20/1 → 18/1, Tang/Xu: 1/66 → 1/50
2026-02-27T00:10:32.436Z [EVENT] (serving: Detiuc/Santamaria)  game: 15-15
2026-02-27T00:11:00.397Z [ODDS] (serving: Detiuc/Santamaria)  Detiuc/Santamaria: 18/1 → 22/1, Tang/Xu: 1/50 → 1/80
2026-02-27T00:11:00.397Z [EVENT] (serving: Detiuc/Santamaria)  game: 15-30
2026-02-27T00:11:27.915Z [ODDS] (serving: Detiuc/Santamaria)  Detiuc/Santamaria: 22/1 → 25/1, Tang/Xu: 1/80 → 1/100
2026-02-27T00:11:45.948Z [ODDS] (serving: Detiuc/Santamaria)  Detiuc/Santamaria: 25/1 → 28/1, Tang/Xu: 1/100 → 1/150
2026-02-27T00:11:45.948Z [EVENT] (serving: Detiuc/Santamaria)  game: 15-40
2026-02-27T00:12:07.596Z [ODDS] (serving: Detiuc/Santamaria)  Detiuc/Santamaria: 28/1 → 33/1, Tang/Xu: 1/150 → 1/200
2026-02-27T00:12:21.128Z [ODDS] (serving: Tang/Xu)  Detiuc/Santamaria: 33/1 → 50/1, Tang/Xu: 1/200 → 1/500
2026-02-27T00:12:21.128Z [EVENT] (serving: Tang/Xu)  sets: 4-6,0-5, game: 0-0, serving: P2
2026-02-27T00:13:58.548Z [ODDS] (serving: Tang/Xu)  Detiuc/Santamaria: 50/1 → 66/1, Tang/Xu: 1/500 → 1/750
2026-02-27T00:13:58.548Z [EVENT] (serving: Tang/Xu)  game: 0-15
2026-02-27T00:14:43.646Z [ODDS] (serving: Tang/Xu)  Detiuc/Santamaria: 66/1 → 100/1, Tang/Xu: 1/750 → 1/1000
2026-02-27T00:14:43.646Z [EVENT] (serving: Tang/Xu)  game: 0-30
2026-02-27T00:15:24.235Z [ODDS] (serving: Tang/Xu)  Detiuc/Santamaria: 100/1 → 66/1, Tang/Xu: 1/1000 → 1/750
2026-02-27T00:15:24.236Z [EVENT] (serving: Tang/Xu)  game: 15-30
2026-02-27T00:15:47.688Z [ODDS] (serving: Tang/Xu)  Detiuc/Santamaria: 66/1 → 50/1, Tang/Xu: 1/750 → 1/500
2026-02-27T00:16:03.023Z [EVENT] (serving: Tang/Xu)  game: 30-30
2026-02-27T00:16:27.375Z [ODDS] (serving: Tang/Xu)  Detiuc/Santamaria: 50/1 → 66/1, Tang/Xu: 1/500 → 1/750
2026-02-27T00:16:27.375Z [EVENT] (serving: Tang/Xu)  game: 30-40
2026-02-27T00:16:47.671Z [ODDS] (serving: Tang/Xu)  Detiuc/Santamaria: 66/1 → 0/0, Tang/Xu: 1/750 → 0/0
2026-02-27T00:16:47.671Z [EVENT] (serving: Tang/Xu)  sets: 4-6,0-6, game: 0-0
