2026-02-26T21:38:31.325Z [ODDS] (serving: Carolina Bohrer Martins)  Natalie Oliver: 9/2 → 5/1, Carolina Bohrer Martins: 1/7 → 1/8
2026-02-26T21:38:31.325Z [EVENT] (serving: Carolina Bohrer Martins)  sets: 1-4, game: 0-0, serving: P2
2026-02-26T21:40:35.802Z [EVENT] (serving: Carolina Bohrer Martins)  game: 0-15
2026-02-26T21:41:13.689Z [ODDS] (serving: Carolina Bohrer Martins)  Natalie Oliver: 5/1 → 11/2, Carolina Bohrer Martins: 1/8 → 1/9
2026-02-26T21:41:13.689Z [EVENT] (serving: Carolina Bohrer Martins)  game: 0-30
2026-02-26T21:41:48.863Z [ODDS] (serving: Carolina Bohrer Martins)  Natalie Oliver: 11/2 → 6/1, Carolina Bohrer Martins: 1/9 → 1/10
2026-02-26T21:41:48.863Z [EVENT] (serving: Carolina Bohrer Martins)  game: 0-40
2026-02-26T21:42:30.379Z [ODDS] (serving: Natalie Oliver)  Natalie Oliver: 6/1 → 7/1, Carolina Bohrer Martins: 1/10 → 1/12
2026-02-26T21:42:30.379Z [EVENT] (serving: Natalie Oliver)  sets: 1-5, game: 0-0, serving: P1
2026-02-26T21:43:19.522Z [EVENT] (serving: Natalie Oliver)  game: 0-15
2026-02-26T21:43:47.928Z [ODDS] (serving: Natalie Oliver)  Natalie Oliver: 7/1 → 8/1, Carolina Bohrer Martins: 1/12 → 1/14
2026-02-26T21:43:47.928Z [EVENT] (serving: Natalie Oliver)  game: 0-30
2026-02-26T21:44:22.206Z [ODDS] (serving: Natalie Oliver)  Natalie Oliver: 8/1 → 9/1, Carolina Bohrer Martins: 1/14 → 1/16
2026-02-26T21:44:22.206Z [EVENT] (serving: Natalie Oliver)  game: 0-40
2026-02-26T21:44:50.619Z [ODDS] (serving: Natalie Oliver)  Natalie Oliver: 9/1 → 8/1, Carolina Bohrer Martins: 1/16 → 1/14
2026-02-26T21:44:50.619Z [EVENT] (serving: Natalie Oliver)  game: 15-40
2026-02-26T21:45:29.855Z [ODDS] (serving: Carolina Bohrer Martins)  Natalie Oliver: 8/1 → 9/1, Carolina Bohrer Martins: 1/14 → 1/16
2026-02-26T21:45:29.855Z [EVENT] (serving: Carolina Bohrer Martins)  sets: 1-6,0-0, game: 0-0, serving: P2
2026-02-26T21:47:57.339Z [ODDS] (serving: Carolina Bohrer Martins)  Natalie Oliver: 9/1 → 8/1, Carolina Bohrer Martins: 1/16 → 1/14
2026-02-26T21:47:57.339Z [EVENT] (serving: Carolina Bohrer Martins)  game: 15-0
2026-02-26T21:48:15.376Z [ODDS] (serving: Carolina Bohrer Martins)  Natalie Oliver: 8/1 → 9/1, Carolina Bohrer Martins: 1/14 → 1/16
2026-02-26T21:48:15.376Z [EVENT] (serving: Carolina Bohrer Martins)  game: 15-15
2026-02-26T21:48:37.478Z [ODDS] (serving: Carolina Bohrer Martins)  Natalie Oliver: 9/1 → 10/1, Carolina Bohrer Martins: 1/16 → 1/20
2026-02-26T21:48:37.478Z [EVENT] (serving: Carolina Bohrer Martins)  game: 15-30
2026-02-26T21:49:04.088Z [ODDS] (serving: Carolina Bohrer Martins)  Natalie Oliver: 10/1 → 9/1, Carolina Bohrer Martins: 1/20 → 1/16
2026-02-26T21:49:04.088Z [EVENT] (serving: Carolina Bohrer Martins)  game: 30-30
2026-02-26T21:49:35.660Z [ODDS] (serving: Carolina Bohrer Martins)  Natalie Oliver: 9/1 → 10/1, Carolina Bohrer Martins: 1/16 → 1/20
2026-02-26T21:49:35.661Z [EVENT] (serving: Carolina Bohrer Martins)  game: 30-40
2026-02-26T21:50:07.680Z [ODDS] (serving: Natalie Oliver)  Natalie Oliver: 10/1 → 12/1, Carolina Bohrer Martins: 1/20 → 1/25
2026-02-26T21:50:07.680Z [EVENT] (serving: Natalie Oliver)  sets: 1-6,0-1, game: 0-0, serving: P1
2026-02-26T21:51:32.025Z [ODDS] (serving: Natalie Oliver)  Natalie Oliver: 12/1 → 10/1, Carolina Bohrer Martins: 1/25 → 1/20
2026-02-26T21:51:32.025Z [EVENT] (serving: Natalie Oliver)  game: 15-0
2026-02-26T21:52:11.686Z [ODDS] (serving: Natalie Oliver)  Natalie Oliver: 10/1 → 12/1, Carolina Bohrer Martins: 1/20 → 1/25
2026-02-26T21:52:11.686Z [EVENT] (serving: Natalie Oliver)  game: 15-15
2026-02-26T21:53:20.251Z [ODDS] (serving: Natalie Oliver)  Natalie Oliver: 12/1 → 10/1, Carolina Bohrer Martins: 1/25 → 1/20
2026-02-26T21:53:20.251Z [EVENT] (serving: Natalie Oliver)  game: 30-15
2026-02-26T21:54:03.196Z [ODDS] (serving: Natalie Oliver)  Natalie Oliver: 10/1 → 12/1, Carolina Bohrer Martins: 1/20 → 1/25
2026-02-26T21:54:03.196Z [EVENT] (serving: Natalie Oliver)  game: 30-30
2026-02-26T21:54:45.590Z [ODDS] (serving: Natalie Oliver)  Natalie Oliver: 12/1 → 10/1, Carolina Bohrer Martins: 1/25 → 1/20
2026-02-26T21:54:45.590Z [EVENT] (serving: Natalie Oliver)  game: 40-30
2026-02-26T21:55:11.748Z [ODDS] (serving: Carolina Bohrer Martins)  Natalie Oliver: 10/1 → 8/1, Carolina Bohrer Martins: 1/20 → 1/14
2026-02-26T21:55:11.748Z [EVENT] (serving: Carolina Bohrer Martins)  sets: 1-6,1-1, game: 0-0, serving: P2
2026-02-26T21:56:13.535Z [ODDS] (serving: Carolina Bohrer Martins)  Natalie Oliver: 8/1 → 7/1, Carolina Bohrer Martins: 1/14 → 1/12
2026-02-26T21:56:13.535Z [EVENT] (serving: Carolina Bohrer Martins)  game: 15-0
2026-02-26T21:56:32.928Z [ODDS] (serving: Carolina Bohrer Martins)  Natalie Oliver: 7/1 → 6/1, Carolina Bohrer Martins: 1/12 → 1/10
2026-02-26T21:56:43.757Z [ODDS] (serving: Carolina Bohrer Martins)  Natalie Oliver: 6/1 → 8/1, Carolina Bohrer Martins: 1/10 → 1/14
2026-02-26T21:56:43.757Z [EVENT] (serving: Carolina Bohrer Martins)  game: 15-15
2026-02-26T21:57:13.523Z [ODDS] (serving: Carolina Bohrer Martins)  Natalie Oliver: 8/1 → 9/1, Carolina Bohrer Martins: 1/14 → 1/16
2026-02-26T21:57:13.523Z [EVENT] (serving: Carolina Bohrer Martins)  game: 15-30
2026-02-26T21:57:41.933Z [ODDS] (serving: Carolina Bohrer Martins)  Natalie Oliver: 9/1 → 10/1, Carolina Bohrer Martins: 1/16 → 1/20
2026-02-26T21:57:41.933Z [EVENT] (serving: Carolina Bohrer Martins)  game: 15-40
2026-02-26T21:58:03.583Z [ODDS] (serving: Natalie Oliver)  Natalie Oliver: 10/1 → 12/1, Carolina Bohrer Martins: 1/20 → 1/25
2026-02-26T21:58:03.583Z [EVENT] (serving: Natalie Oliver)  sets: 1-6,1-2, game: 0-0, serving: P1
2026-02-26T21:59:54.080Z [ODDS] (serving: Natalie Oliver)  Natalie Oliver: 12/1 → 14/1, Carolina Bohrer Martins: 1/25 → 1/33
2026-02-26T21:59:54.080Z [EVENT] (serving: Natalie Oliver)  game: 0-15
2026-02-26T22:00:35.122Z [ODDS] (serving: Natalie Oliver)  Natalie Oliver: 14/1 → 12/1, Carolina Bohrer Martins: 1/33 → 1/25
2026-02-26T22:00:35.122Z [EVENT] (serving: Natalie Oliver)  game: 15-15
2026-02-26T22:01:09.847Z [ODDS] (serving: Natalie Oliver)  Natalie Oliver: 12/1 → 14/1, Carolina Bohrer Martins: 1/25 → 1/33
2026-02-26T22:01:09.847Z [EVENT] (serving: Natalie Oliver)  game: 15-30
2026-02-26T22:01:40.971Z [ODDS] (serving: Natalie Oliver)  Natalie Oliver: 14/1 → 18/1, Carolina Bohrer Martins: 1/33 → 1/50
2026-02-26T22:01:40.971Z [EVENT] (serving: Natalie Oliver)  game: 15-40
2026-02-26T22:02:06.291Z [ODDS] (serving: Carolina Bohrer Martins)  Natalie Oliver: 18/1 → 20/1, Carolina Bohrer Martins: 1/50 → 1/66
2026-02-26T22:02:06.291Z [EVENT] (serving: Carolina Bohrer Martins)  sets: 1-6,1-3, game: 0-0, serving: P2
2026-02-26T22:02:39.156Z [ODDS] (serving: Carolina Bohrer Martins)  Natalie Oliver: 20/1 → 25/1, Carolina Bohrer Martins: 1/66 → 1/100
2026-02-26T22:02:39.156Z [EVENT] (serving: Carolina Bohrer Martins)  game: 0-15
2026-02-26T22:03:03.962Z [ODDS] (serving: Carolina Bohrer Martins)  Natalie Oliver: 25/1 → 20/1, Carolina Bohrer Martins: 1/100 → 1/66
2026-02-26T22:03:03.962Z [EVENT] (serving: Carolina Bohrer Martins)  game: 15-15
2026-02-26T22:03:40.957Z [ODDS] (serving: Carolina Bohrer Martins)  Natalie Oliver: 20/1 → 25/1, Carolina Bohrer Martins: 1/66 → 1/100
2026-02-26T22:03:40.958Z [EVENT] (serving: Carolina Bohrer Martins)  game: 15-30
2026-02-26T22:04:12.962Z [ODDS] (serving: Carolina Bohrer Martins)  Natalie Oliver: 25/1 → 28/1, Carolina Bohrer Martins: 1/100 → 1/150
2026-02-26T22:04:12.962Z [EVENT] (serving: Carolina Bohrer Martins)  game: 15-40
2026-02-26T22:04:26.494Z [EVENT] (serving: Natalie Oliver)  sets: 1-6,1-4, game: 0-0, serving: P1
2026-02-26T22:06:11.127Z [ODDS] (serving: Natalie Oliver)  Natalie Oliver: 28/1 → 40/1, Carolina Bohrer Martins: 1/150 → 1/250
2026-02-26T22:06:11.127Z [EVENT] (serving: Natalie Oliver)  game: 0-15
2026-02-26T22:07:00.322Z [ODDS] (serving: Natalie Oliver)  Natalie Oliver: 40/1 → 33/1, Carolina Bohrer Martins: 1/250 → 1/200
2026-02-26T22:07:00.323Z [EVENT] (serving: Natalie Oliver)  game: 15-15
2026-02-26T22:07:29.219Z [ODDS] (serving: Natalie Oliver)  Natalie Oliver: 33/1 → 40/1, Carolina Bohrer Martins: 1/200 → 1/250
2026-02-26T22:07:29.228Z [EVENT] (serving: Natalie Oliver)  game: 15-30
2026-02-26T22:08:00.272Z [ODDS] (serving: Natalie Oliver)  Natalie Oliver: 40/1 → 33/1, Carolina Bohrer Martins: 1/250 → 1/200
2026-02-26T22:08:00.273Z [EVENT] (serving: Natalie Oliver)  game: 30-30
2026-02-26T22:08:26.065Z [ODDS] (serving: Natalie Oliver)  Natalie Oliver: 33/1 → 25/1, Carolina Bohrer Martins: 1/200 → 1/100
2026-02-26T22:08:26.065Z [EVENT] (serving: Natalie Oliver)  game: 40-30
2026-02-26T22:08:49.504Z [ODDS] (serving: Carolina Bohrer Martins)  Natalie Oliver: 25/1 → 22/1, Carolina Bohrer Martins: 1/100 → 1/80
2026-02-26T22:08:49.504Z [EVENT] (serving: Carolina Bohrer Martins)  sets: 1-6,2-4, game: 0-0, serving: P2
2026-02-26T22:09:42.722Z [ODDS] (serving: Carolina Bohrer Martins)  Natalie Oliver: 22/1 → 28/1, Carolina Bohrer Martins: 1/80 → 1/150
2026-02-26T22:09:42.722Z [EVENT] (serving: Carolina Bohrer Martins)  game: 0-15
2026-02-26T22:10:01.214Z [ODDS] (serving: Carolina Bohrer Martins)  Natalie Oliver: 28/1 → 25/1, Carolina Bohrer Martins: 1/150 → 1/100
2026-02-26T22:10:16.103Z [ODDS] (serving: Carolina Bohrer Martins)  Natalie Oliver: 25/1 → 33/1, Carolina Bohrer Martins: 1/100 → 1/200
2026-02-26T22:10:16.103Z [EVENT] (serving: Carolina Bohrer Martins)  game: 0-30
2026-02-26T22:10:50.829Z [ODDS] (serving: Carolina Bohrer Martins)  Natalie Oliver: 33/1 → 40/1, Carolina Bohrer Martins: 1/200 → 1/250
2026-02-26T22:10:50.829Z [EVENT] (serving: Carolina Bohrer Martins)  game: 0-40
2026-02-26T22:11:24.220Z [ODDS] (serving: Natalie Oliver)  Natalie Oliver: 40/1 → 50/1, Carolina Bohrer Martins: 1/250 → 1/500
2026-02-26T22:11:24.221Z [EVENT] (serving: Natalie Oliver)  sets: 1-6,2-5, game: 0-0, serving: P1
2026-02-26T22:13:00.272Z [ODDS] (serving: Natalie Oliver)  Natalie Oliver: 50/1 → 33/1, Carolina Bohrer Martins: 1/500 → 1/200
2026-02-26T22:13:00.272Z [EVENT] (serving: Natalie Oliver)  game: 15-0
2026-02-26T22:13:29.584Z [ODDS] (serving: Natalie Oliver)  Natalie Oliver: 33/1 → 28/1, Carolina Bohrer Martins: 1/200 → 1/150
2026-02-26T22:13:29.584Z [EVENT] (serving: Natalie Oliver)  game: 30-0
2026-02-26T22:14:24.237Z [ODDS] (serving: Natalie Oliver)  Natalie Oliver: 28/1 → 33/1, Carolina Bohrer Martins: 1/150 → 1/200
2026-02-26T22:14:24.243Z [EVENT] (serving: Natalie Oliver)  game: 30-15
2026-02-26T22:15:28.651Z [ODDS] (serving: Natalie Oliver)  Natalie Oliver: 33/1 → 28/1, Carolina Bohrer Martins: 1/200 → 1/150
2026-02-26T22:15:28.651Z [EVENT] (serving: Natalie Oliver)  game: 40-15
2026-02-26T22:16:16.452Z [ODDS] (serving: Natalie Oliver)  Natalie Oliver: 28/1 → 33/1, Carolina Bohrer Martins: 1/150 → 1/200
2026-02-26T22:16:16.452Z [EVENT] (serving: Natalie Oliver)  game: 40-30
2026-02-26T22:17:22.762Z [ODDS] (serving: Carolina Bohrer Martins)  Natalie Oliver: 33/1 → 28/1, Carolina Bohrer Martins: 1/200 → 1/150
2026-02-26T22:17:22.762Z [EVENT] (serving: Carolina Bohrer Martins)  sets: 1-6,3-5, game: 0-0, serving: P2
2026-02-26T22:18:10.110Z [ODDS] (serving: Carolina Bohrer Martins)  Natalie Oliver: 28/1 → 22/1, Carolina Bohrer Martins: 1/150 → 1/80
2026-02-26T22:18:10.110Z [EVENT] (serving: Carolina Bohrer Martins)  game: 15-0
2026-02-26T22:18:46.303Z [ODDS] (serving: Carolina Bohrer Martins)  Natalie Oliver: 22/1 → 28/1, Carolina Bohrer Martins: 1/80 → 1/150
2026-02-26T22:18:46.305Z [EVENT] (serving: Carolina Bohrer Martins)  game: 15-15
2026-02-26T22:19:15.052Z [ODDS] (serving: Carolina Bohrer Martins)  Natalie Oliver: 28/1 → 20/1, Carolina Bohrer Martins: 1/150 → 1/66
2026-02-26T22:19:15.053Z [EVENT] (serving: Carolina Bohrer Martins)  game: 30-15
2026-02-26T22:19:36.700Z [ODDS] (serving: Carolina Bohrer Martins)  Natalie Oliver: 20/1 → 18/1, Carolina Bohrer Martins: 1/66 → 1/50
2026-02-26T22:19:57.454Z [ODDS] (serving: Carolina Bohrer Martins)  Natalie Oliver: 18/1 → 14/1, Carolina Bohrer Martins: 1/50 → 1/33
2026-02-26T22:19:57.454Z [EVENT] (serving: Carolina Bohrer Martins)  game: 40-15
2026-02-26T22:20:46.158Z [ODDS] (serving: Natalie Oliver)  Natalie Oliver: 14/1 → 10/1, Carolina Bohrer Martins: 1/33 → 1/20
2026-02-26T22:20:46.159Z [EVENT] (serving: Natalie Oliver)  sets: 1-6,4-5, game: 0-0, serving: P1
2026-02-26T22:22:04.214Z [ODDS] (serving: Natalie Oliver)  Natalie Oliver: 10/1 → 16/1, Carolina Bohrer Martins: 1/20 → 1/40
2026-02-26T22:22:04.214Z [EVENT] (serving: Natalie Oliver)  game: 0-15
2026-02-26T22:22:54.254Z [ODDS] (serving: Natalie Oliver)  Natalie Oliver: 16/1 → 22/1, Carolina Bohrer Martins: 1/40 → 1/80
2026-02-26T22:22:54.254Z [EVENT] (serving: Natalie Oliver)  game: 0-30
2026-02-26T22:23:34.845Z [ODDS] (serving: Natalie Oliver)  Natalie Oliver: 22/1 → 25/1, Carolina Bohrer Martins: 1/80 → 1/100
2026-02-26T22:24:05.515Z [ODDS] (serving: Natalie Oliver)  Natalie Oliver: 25/1 → 50/1, Carolina Bohrer Martins: 1/100 → 1/500
2026-02-26T22:24:05.515Z [EVENT] (serving: Natalie Oliver)  game: 0-40
2026-02-26T22:24:42.058Z [ODDS] (serving: Natalie Oliver)  Natalie Oliver: 50/1 → 0/0, Carolina Bohrer Martins: 1/500 → 0/0
2026-02-26T22:24:42.059Z [EVENT] (serving: Natalie Oliver)  sets: 1-6,4-6, game: 0-0
