2026-02-26T20:09:01.640Z [ODDS] (serving: Magdalena Frech)  Jessica Bouzas Maneiro: 8/11 → 4/5, Magdalena Frech: 11/10 → 1/1
2026-02-26T20:09:01.640Z [EVENT] (serving: Magdalena Frech)  game: 0-15
2026-02-26T20:09:22.380Z [ODDS] (serving: Magdalena Frech)  Jessica Bouzas Maneiro: 4/5 → 8/11, Magdalena Frech: 1/1 → 11/10
2026-02-26T20:09:22.380Z [EVENT] (serving: Magdalena Frech)  game: 15-15
2026-02-26T20:09:48.988Z [ODDS] (serving: Magdalena Frech)  Jessica Bouzas Maneiro: 8/11 → 4/5, Magdalena Frech: 11/10 → 1/1
2026-02-26T20:09:48.988Z [EVENT] (serving: Magdalena Frech)  game: 15-30
2026-02-26T20:10:30.040Z [ODDS] (serving: Magdalena Frech)  Jessica Bouzas Maneiro: 4/5 → 10/11, Magdalena Frech: 1/1 → 10/11
2026-02-26T20:10:30.040Z [EVENT] (serving: Magdalena Frech)  game: 15-40
2026-02-26T20:11:05.680Z [EVENT] (serving: Jessica Bouzas Maneiro)  sets: 0-1, game: 0-0, serving: P1
2026-02-26T20:12:09.702Z [ODDS] (serving: Jessica Bouzas Maneiro)  Jessica Bouzas Maneiro: 10/11 → 1/1, Magdalena Frech: 10/11 → 4/5
2026-02-26T20:12:09.702Z [EVENT] (serving: Jessica Bouzas Maneiro)  game: 0-15
2026-02-26T20:12:46.236Z [ODDS] (serving: Jessica Bouzas Maneiro)  Jessica Bouzas Maneiro: 1/1 → 6/5, Magdalena Frech: 4/5 → 4/6
2026-02-26T20:12:46.236Z [EVENT] (serving: Jessica Bouzas Maneiro)  game: 0-30
2026-02-26T20:13:10.586Z [ODDS] (serving: Jessica Bouzas Maneiro)  Jessica Bouzas Maneiro: 6/5 → 11/10, Magdalena Frech: 4/6 → 8/11
2026-02-26T20:13:10.586Z [EVENT] (serving: Jessica Bouzas Maneiro)  game: 15-30
2026-02-26T20:13:36.295Z [ODDS] (serving: Jessica Bouzas Maneiro)  Jessica Bouzas Maneiro: 11/10 → 6/5, Magdalena Frech: 8/11 → 4/6
2026-02-26T20:13:36.295Z [EVENT] (serving: Jessica Bouzas Maneiro)  game: 15-40
2026-02-26T20:14:01.555Z [ODDS] (serving: Magdalena Frech)  Jessica Bouzas Maneiro: 6/5 → 11/8, Magdalena Frech: 4/6 → 4/7
2026-02-26T20:14:01.555Z [EVENT] (serving: Magdalena Frech)  sets: 0-2, game: 0-0, serving: P2
2026-02-26T20:14:02.452Z [ODDS] (serving: Magdalena Frech)  Jessica Bouzas Maneiro: 11/8 → 6/4, Magdalena Frech: 4/7 → 8/15
2026-02-26T20:14:02.905Z [ODDS] (serving: Magdalena Frech)  Jessica Bouzas Maneiro: 6/4 → 11/8, Magdalena Frech: 8/15 → 4/7
2026-02-26T20:14:52.515Z [ODDS] (serving: Magdalena Frech)  Jessica Bouzas Maneiro: 11/8 → 6/4, Magdalena Frech: 4/7 → 8/15
2026-02-26T20:14:52.515Z [EVENT] (serving: Magdalena Frech)  game: 0-15
2026-02-26T20:15:57.016Z [ODDS] (serving: Magdalena Frech)  Jessica Bouzas Maneiro: 6/4 → 13/8, Magdalena Frech: 8/15 → 1/2
2026-02-26T20:15:57.016Z [EVENT] (serving: Magdalena Frech)  game: 0-30
2026-02-26T20:16:28.584Z [ODDS] (serving: Magdalena Frech)  Jessica Bouzas Maneiro: 13/8 → 7/4, Magdalena Frech: 1/2 → 4/9
2026-02-26T20:16:28.584Z [EVENT] (serving: Magdalena Frech)  game: 0-40
2026-02-26T20:17:08.283Z [EVENT] (serving: Jessica Bouzas Maneiro)  sets: 0-3, game: 0-0, serving: P1
2026-02-26T20:19:17.715Z [ODDS] (serving: Jessica Bouzas Maneiro)  Jessica Bouzas Maneiro: 7/4 → 2/1, Magdalena Frech: 4/9 → 2/5
2026-02-26T20:19:17.715Z [EVENT] (serving: Jessica Bouzas Maneiro)  game: 0-15
2026-02-26T20:19:40.721Z [ODDS] (serving: Jessica Bouzas Maneiro)  Jessica Bouzas Maneiro: 2/1 → 7/4, Magdalena Frech: 2/5 → 4/9
2026-02-26T20:19:40.721Z [EVENT] (serving: Jessica Bouzas Maneiro)  game: 15-15
2026-02-26T20:20:13.639Z [ODDS] (serving: Jessica Bouzas Maneiro)  Jessica Bouzas Maneiro: 7/4 → 13/8, Magdalena Frech: 4/9 → 1/2
2026-02-26T20:20:13.639Z [EVENT] (serving: Jessica Bouzas Maneiro)  game: 30-15
2026-02-26T20:20:32.655Z [ODDS] (serving: Jessica Bouzas Maneiro)  Jessica Bouzas Maneiro: 13/8 → 7/4, Magdalena Frech: 1/2 → 4/9
2026-02-26T20:20:50.747Z [EVENT] (serving: Jessica Bouzas Maneiro)  game: 30-30
2026-02-26T20:21:30.762Z [ODDS] (serving: Jessica Bouzas Maneiro)  Jessica Bouzas Maneiro: 7/4 → 13/8, Magdalena Frech: 4/9 → 1/2
2026-02-26T20:21:30.762Z [EVENT] (serving: Jessica Bouzas Maneiro)  game: 40-30
2026-02-26T20:22:06.847Z [ODDS] (serving: Jessica Bouzas Maneiro)  Jessica Bouzas Maneiro: 13/8 → 7/4, Magdalena Frech: 1/2 → 4/9
2026-02-26T20:22:20.827Z [EVENT] (serving: Jessica Bouzas Maneiro)  game: 40-40
2026-02-26T20:23:05.925Z [ODDS] (serving: Jessica Bouzas Maneiro)  Jessica Bouzas Maneiro: 7/4 → 13/8, Magdalena Frech: 4/9 → 1/2
2026-02-26T20:23:05.926Z [EVENT] (serving: Jessica Bouzas Maneiro)  game: A-40
2026-02-26T20:23:52.828Z [ODDS] (serving: Jessica Bouzas Maneiro)  Jessica Bouzas Maneiro: 13/8 → 7/4, Magdalena Frech: 1/2 → 4/9
2026-02-26T20:24:11.776Z [EVENT] (serving: Jessica Bouzas Maneiro)  game: 40-40
2026-02-26T20:24:40.189Z [ODDS] (serving: Jessica Bouzas Maneiro)  Jessica Bouzas Maneiro: 7/4 → 2/1, Magdalena Frech: 4/9 → 2/5
2026-02-26T20:24:51.920Z [ODDS] (serving: Jessica Bouzas Maneiro)  Jessica Bouzas Maneiro: 2/1 → 7/4, Magdalena Frech: 2/5 → 4/9
2026-02-26T20:24:51.920Z [EVENT] (serving: Jessica Bouzas Maneiro)  game: A-40
2026-02-26T20:25:09.487Z [ODDS] (serving: Jessica Bouzas Maneiro)  Jessica Bouzas Maneiro: 7/4 → 2/1, Magdalena Frech: 4/9 → 2/5
2026-02-26T20:25:29.774Z [ODDS] (serving: Jessica Bouzas Maneiro)  Jessica Bouzas Maneiro: 2/1 → 11/5, Magdalena Frech: 2/5 → 4/11
2026-02-26T20:25:29.774Z [EVENT] (serving: Jessica Bouzas Maneiro)  game: 40-40
2026-02-26T20:26:08.111Z [ODDS] (serving: Jessica Bouzas Maneiro)  Jessica Bouzas Maneiro: 11/5 → 12/5, Magdalena Frech: 4/11 → 1/3
2026-02-26T20:26:08.111Z [EVENT] (serving: Jessica Bouzas Maneiro)  game: 40-A
2026-02-26T20:26:42.389Z [ODDS] (serving: Magdalena Frech)  Jessica Bouzas Maneiro: 12/5 → 11/4, Magdalena Frech: 1/3 → 2/7
2026-02-26T20:26:42.389Z [EVENT] (serving: Magdalena Frech)  sets: 0-4, game: 0-0, serving: P2
2026-02-26T20:27:51.850Z [ODDS] (serving: Magdalena Frech)  Jessica Bouzas Maneiro: 11/4 → 5/2, Magdalena Frech: 2/7 → 3/10
2026-02-26T20:27:51.850Z [EVENT] (serving: Magdalena Frech)  game: 15-0
2026-02-26T20:28:31.537Z [ODDS] (serving: Magdalena Frech)  Jessica Bouzas Maneiro: 5/2 → 12/5, Magdalena Frech: 3/10 → 1/3
2026-02-26T20:28:31.537Z [EVENT] (serving: Magdalena Frech)  game: 30-0
2026-02-26T20:29:08.514Z [EVENT] (serving: Magdalena Frech)  game: 30-15
2026-02-26T20:29:29.269Z [ODDS] (serving: Magdalena Frech)  Jessica Bouzas Maneiro: 12/5 → 5/2, Magdalena Frech: 1/3 → 3/10
2026-02-26T20:29:29.269Z [EVENT] (serving: Magdalena Frech)  game: 30-30
2026-02-26T20:29:51.818Z [ODDS] (serving: Magdalena Frech)  Jessica Bouzas Maneiro: 5/2 → 12/5, Magdalena Frech: 3/10 → 1/3
2026-02-26T20:29:51.818Z [EVENT] (serving: Magdalena Frech)  game: 40-30
2026-02-26T20:30:19.775Z [ODDS] (serving: Magdalena Frech)  Jessica Bouzas Maneiro: 12/5 → 5/2, Magdalena Frech: 1/3 → 3/10
2026-02-26T20:30:19.775Z [EVENT] (serving: Magdalena Frech)  game: 40-40
2026-02-26T20:30:56.757Z [ODDS] (serving: Magdalena Frech)  Jessica Bouzas Maneiro: 5/2 → 11/4, Magdalena Frech: 3/10 → 2/7
2026-02-26T20:30:56.757Z [EVENT] (serving: Magdalena Frech)  game: 40-A
2026-02-26T20:31:46.818Z [ODDS] (serving: Magdalena Frech)  Jessica Bouzas Maneiro: 11/4 → 5/2, Magdalena Frech: 2/7 → 3/10
2026-02-26T20:31:46.818Z [EVENT] (serving: Magdalena Frech)  game: 40-40
2026-02-26T20:31:52.681Z [ODDS] (serving: Magdalena Frech)  Jessica Bouzas Maneiro: 5/2 → 11/4, Magdalena Frech: 3/10 → 2/7
2026-02-26T20:31:53.587Z [ODDS] (serving: Magdalena Frech)  Jessica Bouzas Maneiro: 11/4 → 3/1, Magdalena Frech: 2/7 → 1/4
2026-02-26T20:31:54.486Z [ODDS] (serving: Magdalena Frech)  Jessica Bouzas Maneiro: 3/1 → 10/3, Magdalena Frech: 1/4 → 2/9
2026-02-26T20:31:54.946Z [ODDS] (serving: Magdalena Frech)  Jessica Bouzas Maneiro: 10/3 → 7/2, Magdalena Frech: 2/9 → 1/5
2026-02-26T20:31:55.387Z [ODDS] (serving: Magdalena Frech)  Jessica Bouzas Maneiro: 7/2 → 10/3, Magdalena Frech: 1/5 → 2/9
2026-02-26T20:31:56.292Z [ODDS] (serving: Magdalena Frech)  Jessica Bouzas Maneiro: 10/3 → 3/1, Magdalena Frech: 2/9 → 1/4
2026-02-26T20:32:18.855Z [EVENT] (serving: Magdalena Frech)  game: 40-A
2026-02-26T20:33:20.633Z [ODDS] (serving: Jessica Bouzas Maneiro)  Jessica Bouzas Maneiro: 3/1 → 10/3, Magdalena Frech: 1/4 → 2/9
2026-02-26T20:33:20.633Z [EVENT] (serving: Jessica Bouzas Maneiro)  sets: 0-5, game: 0-0, serving: P1
2026-02-26T20:35:38.186Z [ODDS] (serving: Jessica Bouzas Maneiro)  Jessica Bouzas Maneiro: 10/3 → 7/2, Magdalena Frech: 2/9 → 1/5
2026-02-26T20:35:38.186Z [EVENT] (serving: Jessica Bouzas Maneiro)  game: 0-15
2026-02-26T20:36:06.601Z [EVENT] (serving: Jessica Bouzas Maneiro)  game: 0-30
2026-02-26T20:36:35.915Z [ODDS] (serving: Jessica Bouzas Maneiro)  Jessica Bouzas Maneiro: 7/2 → 4/1, Magdalena Frech: 1/5 → 1/6
2026-02-26T20:36:35.915Z [EVENT] (serving: Jessica Bouzas Maneiro)  game: 0-40
2026-02-26T20:37:04.790Z [ODDS] (serving: Jessica Bouzas Maneiro)  Jessica Bouzas Maneiro: 4/1 → 7/2, Magdalena Frech: 1/6 → 1/5
2026-02-26T20:37:04.790Z [EVENT] (serving: Jessica Bouzas Maneiro)  game: 15-40
2026-02-26T20:37:25.977Z [ODDS] (serving: Jessica Bouzas Maneiro)  Jessica Bouzas Maneiro: 7/2 → 4/1, Magdalena Frech: 1/5 → 1/6
2026-02-26T20:37:30.038Z [EVENT] (serving: Magdalena Frech)  sets: 0-6,0-0, game: 0-0, serving: P2
2026-02-26T20:38:58.129Z [ODDS] (serving: Magdalena Frech)  Jessica Bouzas Maneiro: 4/1 → 9/2, Magdalena Frech: 1/6 → 1/7
2026-02-26T20:40:28.329Z [ODDS] (serving: Magdalena Frech)  Jessica Bouzas Maneiro: 9/2 → 4/1, Magdalena Frech: 1/7 → 1/6
2026-02-26T20:40:28.329Z [EVENT] (serving: Magdalena Frech)  game: 15-0
2026-02-26T20:40:48.624Z [ODDS] (serving: Magdalena Frech)  Jessica Bouzas Maneiro: 4/1 → 7/2, Magdalena Frech: 1/6 → 1/5
2026-02-26T20:41:12.978Z [ODDS] (serving: Magdalena Frech)  Jessica Bouzas Maneiro: 7/2 → 9/2, Magdalena Frech: 1/5 → 1/7
2026-02-26T20:41:12.978Z [EVENT] (serving: Magdalena Frech)  game: 15-15
2026-02-26T20:41:52.214Z [ODDS] (serving: Magdalena Frech)  Jessica Bouzas Maneiro: 9/2 → 7/2, Magdalena Frech: 1/7 → 1/5
2026-02-26T20:41:52.215Z [EVENT] (serving: Magdalena Frech)  game: 30-15
2026-02-26T20:42:33.259Z [ODDS] (serving: Magdalena Frech)  Jessica Bouzas Maneiro: 7/2 → 4/1, Magdalena Frech: 1/5 → 1/6
2026-02-26T20:42:33.259Z [EVENT] (serving: Magdalena Frech)  game: 30-30
2026-02-26T20:43:21.969Z [ODDS] (serving: Magdalena Frech)  Jessica Bouzas Maneiro: 4/1 → 7/2, Magdalena Frech: 1/6 → 1/5
2026-02-26T20:43:21.969Z [EVENT] (serving: Magdalena Frech)  game: 40-30
2026-02-26T20:43:48.576Z [ODDS] (serving: Magdalena Frech)  Jessica Bouzas Maneiro: 7/2 → 4/1, Magdalena Frech: 1/5 → 1/6
2026-02-26T20:43:48.576Z [EVENT] (serving: Magdalena Frech)  game: 40-40
2026-02-26T20:44:28.716Z [ODDS] (serving: Magdalena Frech)  Jessica Bouzas Maneiro: 4/1 → 7/2, Magdalena Frech: 1/6 → 1/5
2026-02-26T20:44:28.716Z [EVENT] (serving: Magdalena Frech)  game: A-40
2026-02-26T20:44:55.324Z [ODDS] (serving: Magdalena Frech)  Jessica Bouzas Maneiro: 7/2 → 4/1, Magdalena Frech: 1/5 → 1/6
2026-02-26T20:44:55.324Z [EVENT] (serving: Magdalena Frech)  game: 40-40
2026-02-26T20:45:33.658Z [ODDS] (serving: Magdalena Frech)  Jessica Bouzas Maneiro: 4/1 → 7/2, Magdalena Frech: 1/6 → 1/5
2026-02-26T20:45:33.658Z [EVENT] (serving: Magdalena Frech)  game: A-40
2026-02-26T20:46:20.115Z [ODDS] (serving: Jessica Bouzas Maneiro)  Jessica Bouzas Maneiro: 7/2 → 3/1, Magdalena Frech: 1/5 → 1/4
2026-02-26T20:46:20.115Z [EVENT] (serving: Jessica Bouzas Maneiro)  sets: 0-6,1-0, game: 0-0, serving: P1
2026-02-26T20:47:58.979Z [ODDS] (serving: Jessica Bouzas Maneiro)  Jessica Bouzas Maneiro: 3/1 → 10/3, Magdalena Frech: 1/4 → 2/9
2026-02-26T20:47:58.979Z [EVENT] (serving: Jessica Bouzas Maneiro)  game: 0-15
2026-02-26T20:48:34.609Z [ODDS] (serving: Jessica Bouzas Maneiro)  Jessica Bouzas Maneiro: 10/3 → 3/1, Magdalena Frech: 2/9 → 1/4
2026-02-26T20:48:34.609Z [EVENT] (serving: Jessica Bouzas Maneiro)  game: 15-15
2026-02-26T20:49:17.907Z [ODDS] (serving: Jessica Bouzas Maneiro)  Jessica Bouzas Maneiro: 3/1 → 11/4, Magdalena Frech: 1/4 → 2/7
2026-02-26T20:49:17.907Z [EVENT] (serving: Jessica Bouzas Maneiro)  game: 30-15
2026-02-26T20:49:57.594Z [ODDS] (serving: Jessica Bouzas Maneiro)  Jessica Bouzas Maneiro: 11/4 → 12/5, Magdalena Frech: 2/7 → 1/3
2026-02-26T20:49:57.594Z [EVENT] (serving: Jessica Bouzas Maneiro)  game: 40-15
2026-02-26T20:50:31.453Z [ODDS] (serving: Jessica Bouzas Maneiro)  Jessica Bouzas Maneiro: 12/5 → 5/2, Magdalena Frech: 1/3 → 3/10
2026-02-26T20:50:31.453Z [EVENT] (serving: Jessica Bouzas Maneiro)  game: 40-30
2026-02-26T20:50:54.442Z [ODDS] (serving: Jessica Bouzas Maneiro)  Jessica Bouzas Maneiro: 5/2 → 11/4, Magdalena Frech: 3/10 → 2/7
2026-02-26T20:51:03.912Z [ODDS] (serving: Jessica Bouzas Maneiro)  Jessica Bouzas Maneiro: 11/4 → 5/2, Magdalena Frech: 2/7 → 3/10
2026-02-26T20:51:04.814Z [ODDS] (serving: Jessica Bouzas Maneiro)  Jessica Bouzas Maneiro: 5/2 → 12/5, Magdalena Frech: 3/10 → 1/3
2026-02-26T20:51:05.266Z [ODDS] (serving: Jessica Bouzas Maneiro)  Jessica Bouzas Maneiro: 12/5 → 11/5, Magdalena Frech: 1/3 → 4/11
2026-02-26T20:51:06.167Z [ODDS] (serving: Jessica Bouzas Maneiro)  Jessica Bouzas Maneiro: 11/5 → 2/1, Magdalena Frech: 4/11 → 2/5
2026-02-26T20:51:07.069Z [ODDS] (serving: Jessica Bouzas Maneiro)  Jessica Bouzas Maneiro: 2/1 → 7/4, Magdalena Frech: 2/5 → 4/9
2026-02-26T20:51:09.324Z [ODDS] (serving: Jessica Bouzas Maneiro)  Jessica Bouzas Maneiro: 7/4 → 2/1, Magdalena Frech: 4/9 → 2/5
2026-02-26T20:51:10.700Z [ODDS] (serving: Jessica Bouzas Maneiro)  Jessica Bouzas Maneiro: 2/1 → 11/5, Magdalena Frech: 2/5 → 4/11
2026-02-26T20:51:12.481Z [ODDS] (serving: Magdalena Frech)  Jessica Bouzas Maneiro: 11/5 → 7/4, Magdalena Frech: 4/11 → 4/9
2026-02-26T20:51:12.481Z [EVENT] (serving: Magdalena Frech)  sets: 0-6,2-0, game: 0-0, serving: P2
2026-02-26T20:51:53.974Z [ODDS] (serving: Magdalena Frech)  Jessica Bouzas Maneiro: 7/4 → 2/1, Magdalena Frech: 4/9 → 2/5
2026-02-26T20:51:53.974Z [EVENT] (serving: Magdalena Frech)  game: 0-15
2026-02-26T20:52:40.440Z [ODDS] (serving: Magdalena Frech)  Jessica Bouzas Maneiro: 2/1 → 11/5, Magdalena Frech: 2/5 → 4/11
2026-02-26T20:52:40.440Z [EVENT] (serving: Magdalena Frech)  game: 0-30
2026-02-26T20:53:10.207Z [ODDS] (serving: Magdalena Frech)  Jessica Bouzas Maneiro: 11/5 → 12/5, Magdalena Frech: 4/11 → 1/3
2026-02-26T20:53:10.207Z [EVENT] (serving: Magdalena Frech)  game: 0-40
2026-02-26T20:53:35.386Z [ODDS] (serving: Magdalena Frech)  Jessica Bouzas Maneiro: 12/5 → 11/5, Magdalena Frech: 1/3 → 4/11
2026-02-26T20:53:35.386Z [EVENT] (serving: Magdalena Frech)  game: 15-40
2026-02-26T20:54:14.701Z [ODDS] (serving: Magdalena Frech)  Jessica Bouzas Maneiro: 11/5 → 2/1, Magdalena Frech: 4/11 → 2/5
2026-02-26T20:54:14.701Z [EVENT] (serving: Magdalena Frech)  game: 30-40
2026-02-26T20:54:53.490Z [ODDS] (serving: Jessica Bouzas Maneiro)  Jessica Bouzas Maneiro: 2/1 → 11/5, Magdalena Frech: 2/5 → 4/11
2026-02-26T20:54:53.490Z [EVENT] (serving: Jessica Bouzas Maneiro)  sets: 0-6,2-1, game: 0-0, serving: P1
2026-02-26T20:57:35.855Z [ODDS] (serving: Jessica Bouzas Maneiro)  Jessica Bouzas Maneiro: 11/5 → 2/1, Magdalena Frech: 4/11 → 2/5
2026-02-26T20:57:35.855Z [EVENT] (serving: Jessica Bouzas Maneiro)  game: 15-0
2026-02-26T20:58:11.483Z [ODDS] (serving: Jessica Bouzas Maneiro)  Jessica Bouzas Maneiro: 2/1 → 12/5, Magdalena Frech: 2/5 → 1/3
2026-02-26T20:58:11.483Z [EVENT] (serving: Jessica Bouzas Maneiro)  game: 15-15
2026-02-26T20:59:07.054Z [ODDS] (serving: Jessica Bouzas Maneiro)  Jessica Bouzas Maneiro: 12/5 → 2/1, Magdalena Frech: 1/3 → 2/5
2026-02-26T20:59:07.055Z [EVENT] (serving: Jessica Bouzas Maneiro)  game: 30-15
2026-02-26T20:59:27.258Z [ODDS] (serving: Jessica Bouzas Maneiro)  Jessica Bouzas Maneiro: 2/1 → 7/4, Magdalena Frech: 2/5 → 4/9
2026-02-26T20:59:27.258Z [EVENT] (serving: Jessica Bouzas Maneiro)  game: 40-15
2026-02-26T20:59:48.904Z [ODDS] (serving: Jessica Bouzas Maneiro)  Jessica Bouzas Maneiro: 7/4 → 2/1, Magdalena Frech: 4/9 → 2/5
2026-02-26T20:59:48.905Z [EVENT] (serving: Jessica Bouzas Maneiro)  game: 40-30
2026-02-26T21:00:32.655Z [ODDS] (serving: Jessica Bouzas Maneiro)  Jessica Bouzas Maneiro: 2/1 → 12/5, Magdalena Frech: 2/5 → 1/3
2026-02-26T21:00:32.655Z [EVENT] (serving: Jessica Bouzas Maneiro)  game: 40-40
2026-02-26T21:01:02.425Z [ODDS] (serving: Jessica Bouzas Maneiro)  Jessica Bouzas Maneiro: 12/5 → 2/1, Magdalena Frech: 1/3 → 2/5
2026-02-26T21:01:02.425Z [EVENT] (serving: Jessica Bouzas Maneiro)  game: A-40
2026-02-26T21:01:27.690Z [ODDS] (serving: Jessica Bouzas Maneiro)  Jessica Bouzas Maneiro: 2/1 → 12/5, Magdalena Frech: 2/5 → 1/3
2026-02-26T21:01:27.690Z [EVENT] (serving: Jessica Bouzas Maneiro)  game: 40-40
2026-02-26T21:01:52.037Z [ODDS] (serving: Jessica Bouzas Maneiro)  Jessica Bouzas Maneiro: 12/5 → 11/4, Magdalena Frech: 1/3 → 2/7
2026-02-26T21:01:52.037Z [EVENT] (serving: Jessica Bouzas Maneiro)  game: 40-A
2026-02-26T21:02:19.098Z [ODDS] (serving: Magdalena Frech)  Jessica Bouzas Maneiro: 11/4 → 10/3, Magdalena Frech: 2/7 → 2/9
2026-02-26T21:02:19.098Z [EVENT] (serving: Magdalena Frech)  sets: 0-6,2-2, game: 0-0, serving: P2
2026-02-26T21:03:04.667Z [ODDS] (serving: Magdalena Frech)  Jessica Bouzas Maneiro: 10/3 → 4/1, Magdalena Frech: 2/9 → 1/6
2026-02-26T21:03:04.667Z [EVENT] (serving: Magdalena Frech)  game: 0-15
2026-02-26T21:03:21.787Z [ODDS] (serving: Magdalena Frech)  Jessica Bouzas Maneiro: 4/1 → 9/2, Magdalena Frech: 1/6 → 1/7
2026-02-26T21:03:21.787Z [EVENT] (serving: Magdalena Frech)  game: 0-30
2026-02-26T21:03:42.982Z [ODDS] (serving: Magdalena Frech)  Jessica Bouzas Maneiro: 9/2 → 4/1, Magdalena Frech: 1/7 → 1/6
2026-02-26T21:03:42.982Z [EVENT] (serving: Magdalena Frech)  game: 15-30
2026-02-26T21:04:10.072Z [ODDS] (serving: Magdalena Frech)  Jessica Bouzas Maneiro: 4/1 → 7/2, Magdalena Frech: 1/6 → 1/5
2026-02-26T21:04:35.293Z [ODDS] (serving: Magdalena Frech)  Jessica Bouzas Maneiro: 7/2 → 9/2, Magdalena Frech: 1/5 → 1/7
2026-02-26T21:04:35.294Z [EVENT] (serving: Magdalena Frech)  game: 15-40
2026-02-26T21:05:14.533Z [ODDS] (serving: Magdalena Frech)  Jessica Bouzas Maneiro: 9/2 → 4/1, Magdalena Frech: 1/7 → 1/6
2026-02-26T21:05:14.533Z [EVENT] (serving: Magdalena Frech)  game: 30-40
2026-02-26T21:05:48.809Z [ODDS] (serving: Magdalena Frech)  Jessica Bouzas Maneiro: 4/1 → 10/3, Magdalena Frech: 1/6 → 2/9
2026-02-26T21:05:48.809Z [EVENT] (serving: Magdalena Frech)  game: 40-40
2026-02-26T21:05:50.166Z [ODDS] (serving: Magdalena Frech)  Jessica Bouzas Maneiro: 10/3 → 4/1, Magdalena Frech: 2/9 → 1/6
2026-02-26T21:05:50.166Z [EVENT] (serving: Magdalena Frech)  game: 30-40
2026-02-26T21:05:51.066Z [ODDS] (serving: Jessica Bouzas Maneiro)  Jessica Bouzas Maneiro: 4/1 → 9/2, Magdalena Frech: 1/6 → 1/7
2026-02-26T21:05:51.066Z [EVENT] (serving: Jessica Bouzas Maneiro)  sets: 0-6,2-3, game: 0-0, serving: P1
2026-02-26T21:08:06.338Z [ODDS] (serving: Jessica Bouzas Maneiro)  Jessica Bouzas Maneiro: 9/2 → 5/1, Magdalena Frech: 1/7 → 1/8
2026-02-26T21:08:16.139Z [ODDS] (serving: Jessica Bouzas Maneiro)  Jessica Bouzas Maneiro: 5/1 → 6/1, Magdalena Frech: 1/8 → 1/10
2026-02-26T21:08:16.139Z [EVENT] (serving: Jessica Bouzas Maneiro)  game: 0-15
2026-02-26T21:08:44.103Z [ODDS] (serving: Jessica Bouzas Maneiro)  Jessica Bouzas Maneiro: 6/1 → 5/1, Magdalena Frech: 1/10 → 1/8
2026-02-26T21:08:44.103Z [EVENT] (serving: Jessica Bouzas Maneiro)  game: 15-15
2026-02-26T21:09:08.007Z [ODDS] (serving: Jessica Bouzas Maneiro)  Jessica Bouzas Maneiro: 5/1 → 6/1, Magdalena Frech: 1/8 → 1/10
2026-02-26T21:09:08.007Z [EVENT] (serving: Jessica Bouzas Maneiro)  game: 15-30
2026-02-26T21:09:35.967Z [ODDS] (serving: Jessica Bouzas Maneiro)  Jessica Bouzas Maneiro: 6/1 → 8/1, Magdalena Frech: 1/10 → 1/14
2026-02-26T21:09:35.967Z [EVENT] (serving: Jessica Bouzas Maneiro)  game: 15-40
2026-02-26T21:10:01.224Z [ODDS] (serving: Jessica Bouzas Maneiro)  Jessica Bouzas Maneiro: 8/1 → 7/1, Magdalena Frech: 1/14 → 1/12
2026-02-26T21:10:01.224Z [EVENT] (serving: Jessica Bouzas Maneiro)  game: 30-40
2026-02-26T21:10:25.582Z [ODDS] (serving: Magdalena Frech)  Jessica Bouzas Maneiro: 7/1 → 10/1, Magdalena Frech: 1/12 → 1/20
2026-02-26T21:10:25.582Z [EVENT] (serving: Magdalena Frech)  sets: 0-6,2-4, game: 0-0, serving: P2
2026-02-26T21:10:43.169Z [ODDS] (serving: Magdalena Frech)  Jessica Bouzas Maneiro: 10/1 → 12/1, Magdalena Frech: 1/20 → 1/25
2026-02-26T21:10:59.871Z [ODDS] (serving: Magdalena Frech)  Jessica Bouzas Maneiro: 12/1 → 14/1, Magdalena Frech: 1/25 → 1/33
2026-02-26T21:10:59.873Z [EVENT] (serving: Magdalena Frech)  game: 0-15
2026-02-26T21:11:18.807Z [ODDS] (serving: Magdalena Frech)  Jessica Bouzas Maneiro: 14/1 → 18/1, Magdalena Frech: 1/33 → 1/50
2026-02-26T21:11:18.807Z [EVENT] (serving: Magdalena Frech)  game: 0-30
2026-02-26T21:12:14.292Z [ODDS] (serving: Magdalena Frech)  Jessica Bouzas Maneiro: 18/1 → 20/1, Magdalena Frech: 1/50 → 1/66
2026-02-26T21:12:14.292Z [EVENT] (serving: Magdalena Frech)  game: 0-40
2026-02-26T21:12:54.062Z [ODDS] (serving: Magdalena Frech)  Jessica Bouzas Maneiro: 20/1 → 18/1
2026-02-26T21:12:54.474Z [ODDS] (serving: Magdalena Frech)  Magdalena Frech: 1/66 → 1/50
2026-02-26T21:12:54.475Z [EVENT] (serving: Magdalena Frech)  game: 15-40
2026-02-26T21:13:29.588Z [ODDS] (serving: Magdalena Frech)  Jessica Bouzas Maneiro: 18/1 → 16/1, Magdalena Frech: 1/50 → 1/40
2026-02-26T21:13:29.588Z [EVENT] (serving: Magdalena Frech)  game: 30-40
2026-02-26T21:14:12.434Z [ODDS] (serving: Magdalena Frech)  Jessica Bouzas Maneiro: 16/1 → 12/1, Magdalena Frech: 1/40 → 1/25
2026-02-26T21:14:12.434Z [EVENT] (serving: Magdalena Frech)  game: 40-40
2026-02-26T21:14:44.007Z [ODDS] (serving: Magdalena Frech)  Jessica Bouzas Maneiro: 12/1 → 10/1, Magdalena Frech: 1/25 → 1/20
2026-02-26T21:15:08.370Z [ODDS] (serving: Magdalena Frech)  Jessica Bouzas Maneiro: 10/1 → 8/1, Magdalena Frech: 1/20 → 1/14
2026-02-26T21:15:08.371Z [EVENT] (serving: Magdalena Frech)  game: A-40
2026-02-26T21:16:03.421Z [ODDS] (serving: Jessica Bouzas Maneiro)  Jessica Bouzas Maneiro: 8/1 → 6/1, Magdalena Frech: 1/14 → 1/10
2026-02-26T21:16:03.422Z [EVENT] (serving: Jessica Bouzas Maneiro)  sets: 0-6,3-4, game: 0-0, serving: P1
2026-02-26T21:16:27.748Z [ODDS] (serving: Jessica Bouzas Maneiro)  Jessica Bouzas Maneiro: 6/1 → 11/2, Magdalena Frech: 1/10 → 1/9
2026-02-26T21:18:22.293Z [ODDS] (serving: Jessica Bouzas Maneiro)  Jessica Bouzas Maneiro: 11/2 → 6/1, Magdalena Frech: 1/9 → 1/10
2026-02-26T21:18:37.631Z [ODDS] (serving: Jessica Bouzas Maneiro)  Jessica Bouzas Maneiro: 6/1 → 8/1, Magdalena Frech: 1/10 → 1/14
2026-02-26T21:18:37.631Z [EVENT] (serving: Jessica Bouzas Maneiro)  game: 0-15
2026-02-26T21:19:28.591Z [ODDS] (serving: Jessica Bouzas Maneiro)  Jessica Bouzas Maneiro: 8/1 → 10/1, Magdalena Frech: 1/14 → 1/20
2026-02-26T21:19:28.591Z [EVENT] (serving: Jessica Bouzas Maneiro)  game: 0-30
2026-02-26T21:20:06.485Z [ODDS] (serving: Jessica Bouzas Maneiro)  Jessica Bouzas Maneiro: 10/1 → 12/1, Magdalena Frech: 1/20 → 1/25
2026-02-26T21:20:06.485Z [EVENT] (serving: Jessica Bouzas Maneiro)  game: 0-40
2026-02-26T21:20:48.425Z [EVENT] (serving: Jessica Bouzas Maneiro)  game: 15-40
2026-02-26T21:21:17.741Z [ODDS] (serving: Magdalena Frech)  Jessica Bouzas Maneiro: 12/1 → 14/1, Magdalena Frech: 1/25 → 1/33
2026-02-26T21:21:17.741Z [EVENT] (serving: Magdalena Frech)  sets: 0-6,3-5, game: 0-0, serving: P2
2026-02-26T21:22:08.249Z [ODDS] (serving: Magdalena Frech)  Jessica Bouzas Maneiro: 14/1 → 20/1, Magdalena Frech: 1/33 → 1/66
2026-02-26T21:22:08.249Z [EVENT] (serving: Magdalena Frech)  game: 0-15
2026-02-26T21:22:33.955Z [ODDS] (serving: Magdalena Frech)  Jessica Bouzas Maneiro: 20/1 → 28/1, Magdalena Frech: 1/66 → 1/150
2026-02-26T21:22:33.955Z [EVENT] (serving: Magdalena Frech)  game: 0-30
2026-02-26T21:22:57.860Z [ODDS] (serving: Magdalena Frech)  Jessica Bouzas Maneiro: 28/1 → 66/1, Magdalena Frech: 1/150 → 1/750
2026-02-26T21:22:57.860Z [EVENT] (serving: Magdalena Frech)  game: 0-40
2026-02-26T21:23:21.767Z [ODDS] (serving: Magdalena Frech)  Jessica Bouzas Maneiro: 66/1 → 50/1, Magdalena Frech: 1/750 → 1/500
2026-02-26T21:23:39.364Z [ODDS] (serving: Magdalena Frech)  Jessica Bouzas Maneiro: 50/1 → 0/0, Magdalena Frech: 1/500 → 0/0
2026-02-26T21:23:39.364Z [EVENT] (serving: Magdalena Frech)  sets: 0-6,3-6, game: 0-0
