2026-02-26T20:08:24.651Z [ODDS] (serving: Bobo/Johansson)  Beckles/Van Orderlain: 3/1 → 10/3, Bobo/Johansson: 2/9 → 1/5
2026-02-26T20:08:24.651Z [EVENT] (serving: Bobo/Johansson)  game: 30-40
2026-02-26T20:08:51.282Z [ODDS] (serving: Beckles/Van Orderlain)  Beckles/Van Orderlain: 10/3 → 7/2, Bobo/Johansson: 1/5 → 1/6
2026-02-26T20:08:51.282Z [EVENT] (serving: Beckles/Van Orderlain)  sets: 0-1, game: 0-0, serving: P1
2026-02-26T20:10:16.050Z [EVENT] (serving: Beckles/Van Orderlain)  game: 0-15
2026-02-26T20:10:53.030Z [ODDS] (serving: Beckles/Van Orderlain)  Beckles/Van Orderlain: 7/2 → 4/1, Bobo/Johansson: 1/6 → 1/7
2026-02-26T20:10:53.030Z [EVENT] (serving: Beckles/Van Orderlain)  game: 0-30
2026-02-26T20:11:13.330Z [EVENT] (serving: Beckles/Van Orderlain)  game: 15-30
2026-02-26T20:11:59.336Z [ODDS] (serving: Beckles/Van Orderlain)  Beckles/Van Orderlain: 4/1 → 7/2, Bobo/Johansson: 1/7 → 1/6
2026-02-26T20:11:59.336Z [EVENT] (serving: Beckles/Van Orderlain)  game: 30-30
2026-02-26T20:12:43.074Z [ODDS] (serving: Beckles/Van Orderlain)  Beckles/Van Orderlain: 7/2 → 4/1, Bobo/Johansson: 1/6 → 1/7
2026-02-26T20:12:43.074Z [EVENT] (serving: Beckles/Van Orderlain)  game: 30-40
2026-02-26T20:13:17.351Z [ODDS] (serving: Beckles/Van Orderlain)  Beckles/Van Orderlain: 4/1 → 7/2, Bobo/Johansson: 1/7 → 1/6
2026-02-26T20:13:17.351Z [EVENT] (serving: Beckles/Van Orderlain)  game: 40-40
2026-02-26T20:13:53.475Z [ODDS] (serving: Bobo/Johansson)  Beckles/Van Orderlain: 7/2 → 5/1, Bobo/Johansson: 1/6 → 1/9
2026-02-26T20:13:53.475Z [EVENT] (serving: Bobo/Johansson)  sets: 0-2, game: 0-0, serving: P2
2026-02-26T20:14:38.993Z [ODDS] (serving: Bobo/Johansson)  Beckles/Van Orderlain: 5/1 → 11/2, Bobo/Johansson: 1/9 → 1/10
2026-02-26T20:14:38.993Z [EVENT] (serving: Bobo/Johansson)  game: 0-15
2026-02-26T20:15:07.848Z [ODDS] (serving: Bobo/Johansson)  Beckles/Van Orderlain: 11/2 → 5/1, Bobo/Johansson: 1/10 → 1/9
2026-02-26T20:15:20.476Z [EVENT] (serving: Bobo/Johansson)  game: 15-15
2026-02-26T20:15:45.737Z [ODDS] (serving: Bobo/Johansson)  Beckles/Van Orderlain: 5/1 → 9/2, Bobo/Johansson: 1/9 → 1/8
2026-02-26T20:16:00.625Z [ODDS] (serving: Bobo/Johansson)  Beckles/Van Orderlain: 9/2 → 5/1, Bobo/Johansson: 1/8 → 1/9
2026-02-26T20:16:00.625Z [EVENT] (serving: Bobo/Johansson)  game: 15-30
2026-02-26T20:16:48.882Z [ODDS] (serving: Bobo/Johansson)  Beckles/Van Orderlain: 5/1 → 11/2, Bobo/Johansson: 1/9 → 1/10
2026-02-26T20:16:48.882Z [EVENT] (serving: Bobo/Johansson)  game: 15-40
2026-02-26T20:17:16.858Z [ODDS] (serving: Bobo/Johansson)  Beckles/Van Orderlain: 11/2 → 5/1, Bobo/Johansson: 1/10 → 1/9
2026-02-26T20:17:16.858Z [EVENT] (serving: Bobo/Johansson)  game: 30-40
2026-02-26T20:17:51.576Z [ODDS] (serving: Bobo/Johansson)  Beckles/Van Orderlain: 5/1 → 9/2, Bobo/Johansson: 1/9 → 1/8
2026-02-26T20:17:51.576Z [EVENT] (serving: Bobo/Johansson)  game: 40-40
2026-02-26T20:18:46.600Z [ODDS] (serving: Beckles/Van Orderlain)  Beckles/Van Orderlain: 9/2 → 11/2, Bobo/Johansson: 1/8 → 1/10
2026-02-26T20:18:46.600Z [EVENT] (serving: Beckles/Van Orderlain)  sets: 0-3, game: 0-0, serving: P1
2026-02-26T20:19:52.894Z [ODDS] (serving: Beckles/Van Orderlain)  Beckles/Van Orderlain: 11/2 → 6/1, Bobo/Johansson: 1/10 → 1/12
2026-02-26T20:19:54.258Z [ODDS] (serving: Beckles/Van Orderlain)  Beckles/Van Orderlain: 6/1 → 13/2, Bobo/Johansson: 1/12 → 1/14
2026-02-26T20:20:55.591Z [ODDS] (serving: Beckles/Van Orderlain)  Beckles/Van Orderlain: 13/2 → 6/1, Bobo/Johansson: 1/14 → 1/12
2026-02-26T20:20:55.591Z [EVENT] (serving: Beckles/Van Orderlain)  game: 15-0
2026-02-26T20:21:13.635Z [ODDS] (serving: Beckles/Van Orderlain)  Beckles/Van Orderlain: 6/1 → 13/2, Bobo/Johansson: 1/12 → 1/14
2026-02-26T20:21:28.972Z [ODDS] (serving: Beckles/Van Orderlain)  Beckles/Van Orderlain: 13/2 → 6/1, Bobo/Johansson: 1/14 → 1/12
2026-02-26T20:21:28.972Z [EVENT] (serving: Beckles/Van Orderlain)  game: 30-0
2026-02-26T20:22:07.295Z [EVENT] (serving: Beckles/Van Orderlain)  game: 40-0
2026-02-26T20:22:48.338Z [EVENT] (serving: Beckles/Van Orderlain)  game: 40-15
2026-02-26T20:23:18.552Z [ODDS] (serving: Beckles/Van Orderlain)  Beckles/Van Orderlain: 6/1 → 13/2, Bobo/Johansson: 1/12 → 1/14
2026-02-26T20:23:18.552Z [EVENT] (serving: Beckles/Van Orderlain)  game: 40-30
2026-02-26T20:23:44.259Z [EVENT] (serving: Beckles/Van Orderlain)  game: 40-40
2026-02-26T20:24:16.748Z [EVENT] (serving: Bobo/Johansson)  sets: 1-3, game: 0-0, serving: P2
2026-02-26T20:25:12.640Z [EVENT] (serving: Bobo/Johansson)  game: 0-15
2026-02-26T20:25:46.465Z [ODDS] (serving: Bobo/Johansson)  Beckles/Van Orderlain: 13/2 → 7/1, Bobo/Johansson: 1/14 → 1/16
2026-02-26T20:25:46.465Z [EVENT] (serving: Bobo/Johansson)  game: 0-30
2026-02-26T20:26:29.313Z [ODDS] (serving: Bobo/Johansson)  Beckles/Van Orderlain: 7/1 → 13/2, Bobo/Johansson: 1/16 → 1/14
2026-02-26T20:26:29.313Z [EVENT] (serving: Bobo/Johansson)  game: 15-30
2026-02-26T20:27:13.510Z [ODDS] (serving: Bobo/Johansson)  Beckles/Van Orderlain: 13/2 → 6/1, Bobo/Johansson: 1/14 → 1/12
2026-02-26T20:27:13.510Z [EVENT] (serving: Bobo/Johansson)  game: 30-30
2026-02-26T20:27:47.784Z [ODDS] (serving: Bobo/Johansson)  Beckles/Van Orderlain: 6/1 → 13/2, Bobo/Johansson: 1/12 → 1/14
2026-02-26T20:27:47.784Z [EVENT] (serving: Bobo/Johansson)  game: 30-40
2026-02-26T20:28:13.945Z [ODDS] (serving: Beckles/Van Orderlain)  Beckles/Van Orderlain: 13/2 → 7/1, Bobo/Johansson: 1/14 → 1/16
2026-02-26T20:28:13.945Z [EVENT] (serving: Beckles/Van Orderlain)  sets: 1-4, game: 0-0, serving: P1
2026-02-26T20:29:55.437Z [EVENT] (serving: Beckles/Van Orderlain)  game: 15-0
2026-02-26T20:30:26.999Z [EVENT] (serving: Beckles/Van Orderlain)  game: 15-15
2026-02-26T20:31:06.228Z [ODDS] (serving: Beckles/Van Orderlain)  Beckles/Van Orderlain: 7/1 → 15/2, Bobo/Johansson: 1/16 → 1/20
2026-02-26T20:31:06.228Z [EVENT] (serving: Beckles/Van Orderlain)  game: 15-30
2026-02-26T20:31:45.469Z [ODDS] (serving: Beckles/Van Orderlain)  Beckles/Van Orderlain: 15/2 → 7/1, Bobo/Johansson: 1/20 → 1/16
2026-02-26T20:31:45.469Z [EVENT] (serving: Beckles/Van Orderlain)  game: 30-30
2026-02-26T20:32:17.489Z [ODDS] (serving: Beckles/Van Orderlain)  Beckles/Van Orderlain: 7/1 → 15/2, Bobo/Johansson: 1/16 → 1/20
2026-02-26T20:32:29.215Z [ODDS] (serving: Beckles/Van Orderlain)  Beckles/Van Orderlain: 15/2 → 7/1, Bobo/Johansson: 1/20 → 1/16
2026-02-26T20:32:29.215Z [EVENT] (serving: Beckles/Van Orderlain)  game: 40-30
2026-02-26T20:33:06.210Z [EVENT] (serving: Beckles/Van Orderlain)  game: 40-40
2026-02-26T20:33:33.712Z [ODDS] (serving: Beckles/Van Orderlain)  Beckles/Van Orderlain: 7/1 → 15/2, Bobo/Johansson: 1/16 → 1/20
2026-02-26T20:33:49.048Z [ODDS] (serving: Bobo/Johansson)  Beckles/Van Orderlain: 15/2 → 8/1, Bobo/Johansson: 1/20 → 1/25
2026-02-26T20:33:49.048Z [EVENT] (serving: Bobo/Johansson)  sets: 1-5, game: 0-0, serving: P2
2026-02-26T20:34:21.966Z [EVENT] (serving: Bobo/Johansson)  game: 0-15
2026-02-26T20:34:47.712Z [EVENT] (serving: Bobo/Johansson)  game: 0-30
2026-02-26T20:35:25.557Z [EVENT] (serving: Bobo/Johansson)  game: 15-30
2026-02-26T20:36:06.152Z [EVENT] (serving: Bobo/Johansson)  game: 30-30
2026-02-26T20:36:39.076Z [EVENT] (serving: Bobo/Johansson)  game: 30-40
2026-02-26T20:37:16.963Z [ODDS] (serving: Beckles/Van Orderlain)  Beckles/Van Orderlain: 8/1 → 9/1, Bobo/Johansson: 1/25 → 1/33
2026-02-26T20:37:16.963Z [EVENT] (serving: Beckles/Van Orderlain)  sets: 1-6,0-0, game: 0-0, serving: P1
2026-02-26T20:39:33.305Z [ODDS] (serving: Beckles/Van Orderlain)  Beckles/Van Orderlain: 9/1 → 8/1, Bobo/Johansson: 1/33 → 1/25
2026-02-26T20:39:33.305Z [EVENT] (serving: Beckles/Van Orderlain)  game: 15-0
2026-02-26T20:39:55.862Z [ODDS] (serving: Beckles/Van Orderlain)  Beckles/Van Orderlain: 8/1 → 15/2, Bobo/Johansson: 1/25 → 1/20
2026-02-26T20:39:55.862Z [EVENT] (serving: Beckles/Van Orderlain)  game: 30-0
2026-02-26T20:40:28.329Z [EVENT] (serving: Beckles/Van Orderlain)  game: 40-0
2026-02-26T20:41:06.220Z [EVENT] (serving: Bobo/Johansson)  sets: 1-6,1-0, game: 0-0, serving: P2
2026-02-26T20:42:38.684Z [EVENT] (serving: Bobo/Johansson)  game: 0-15
2026-02-26T20:43:18.359Z [EVENT] (serving: Bobo/Johansson)  game: 15-15
2026-02-26T20:43:42.261Z [ODDS] (serving: Bobo/Johansson)  Beckles/Van Orderlain: 15/2 → 7/1, Bobo/Johansson: 1/20 → 1/16
2026-02-26T20:44:01.674Z [ODDS] (serving: Bobo/Johansson)  Beckles/Van Orderlain: 7/1 → 15/2, Bobo/Johansson: 1/16 → 1/20
2026-02-26T20:44:01.674Z [EVENT] (serving: Bobo/Johansson)  game: 15-30
2026-02-26T20:44:39.542Z [ODDS] (serving: Bobo/Johansson)  Beckles/Van Orderlain: 15/2 → 7/1, Bobo/Johansson: 1/20 → 1/16
2026-02-26T20:44:39.542Z [EVENT] (serving: Bobo/Johansson)  game: 30-30
2026-02-26T20:45:11.560Z [ODDS] (serving: Bobo/Johansson)  Beckles/Van Orderlain: 7/1 → 15/2, Bobo/Johansson: 1/16 → 1/20
2026-02-26T20:45:11.560Z [EVENT] (serving: Bobo/Johansson)  game: 30-40
2026-02-26T20:45:44.934Z [ODDS] (serving: Bobo/Johansson)  Beckles/Van Orderlain: 15/2 → 13/2, Bobo/Johansson: 1/20 → 1/14
2026-02-26T20:45:44.934Z [EVENT] (serving: Bobo/Johansson)  game: 40-40
2026-02-26T20:46:16.958Z [ODDS] (serving: Beckles/Van Orderlain)  Beckles/Van Orderlain: 13/2 → 8/1, Bobo/Johansson: 1/14 → 1/25
2026-02-26T20:46:16.958Z [EVENT] (serving: Beckles/Van Orderlain)  sets: 1-6,1-1, game: 0-0, serving: P1
2026-02-26T20:47:29.125Z [ODDS] (serving: Beckles/Van Orderlain)  Beckles/Van Orderlain: 8/1 → 9/1, Bobo/Johansson: 1/25 → 1/33
2026-02-26T20:47:29.125Z [EVENT] (serving: Beckles/Van Orderlain)  game: 0-15
2026-02-26T20:47:52.122Z [ODDS] (serving: Beckles/Van Orderlain)  Beckles/Van Orderlain: 9/1 → 8/1, Bobo/Johansson: 1/33 → 1/25
2026-02-26T20:47:52.122Z [EVENT] (serving: Beckles/Van Orderlain)  game: 15-15
2026-02-26T20:48:18.373Z [ODDS] (serving: Beckles/Van Orderlain)  Beckles/Van Orderlain: 8/1 → 15/2, Bobo/Johansson: 1/25 → 1/20
2026-02-26T20:48:18.373Z [EVENT] (serving: Beckles/Van Orderlain)  game: 30-15
2026-02-26T20:49:09.786Z [ODDS] (serving: Beckles/Van Orderlain)  Beckles/Van Orderlain: 15/2 → 7/1, Bobo/Johansson: 1/20 → 1/16
2026-02-26T20:49:09.786Z [EVENT] (serving: Beckles/Van Orderlain)  game: 40-15
2026-02-26T20:49:47.672Z [ODDS] (serving: Beckles/Van Orderlain)  Beckles/Van Orderlain: 7/1 → 15/2, Bobo/Johansson: 1/16 → 1/20
2026-02-26T20:49:47.672Z [EVENT] (serving: Beckles/Van Orderlain)  game: 40-30
2026-02-26T20:50:09.791Z [ODDS] (serving: Bobo/Johansson)  Beckles/Van Orderlain: 15/2 → 7/1, Bobo/Johansson: 1/20 → 1/16
2026-02-26T20:50:09.791Z [EVENT] (serving: Bobo/Johansson)  sets: 1-6,2-1, game: 0-0, serving: P2
2026-02-26T20:51:24.659Z [ODDS] (serving: Bobo/Johansson)  Beckles/Van Orderlain: 7/1 → 6/1, Bobo/Johansson: 1/16 → 1/12
2026-02-26T20:51:24.659Z [EVENT] (serving: Bobo/Johansson)  game: 15-0
2026-02-26T20:52:06.156Z [ODDS] (serving: Bobo/Johansson)  Beckles/Van Orderlain: 6/1 → 13/2, Bobo/Johansson: 1/12 → 1/14
2026-02-26T20:52:06.156Z [EVENT] (serving: Bobo/Johansson)  game: 15-15
2026-02-26T20:52:35.026Z [ODDS] (serving: Bobo/Johansson)  Beckles/Van Orderlain: 13/2 → 7/1, Bobo/Johansson: 1/14 → 1/16
2026-02-26T20:52:35.026Z [EVENT] (serving: Bobo/Johansson)  game: 15-30
2026-02-26T20:53:12.461Z [ODDS] (serving: Bobo/Johansson)  Beckles/Van Orderlain: 7/1 → 15/2, Bobo/Johansson: 1/16 → 1/20
2026-02-26T20:53:12.461Z [EVENT] (serving: Bobo/Johansson)  game: 15-40
2026-02-26T20:53:39.523Z [EVENT] (serving: Beckles/Van Orderlain)  sets: 1-6,2-2, game: 0-0, serving: P1
2026-02-26T20:54:09.740Z [ODDS] (serving: Beckles/Van Orderlain)  Beckles/Van Orderlain: 15/2 → 8/1, Bobo/Johansson: 1/20 → 1/25
2026-02-26T20:54:21.914Z [EVENT] (serving: Beckles/Van Orderlain)  game: 0-15
2026-02-26T20:54:53.037Z [ODDS] (serving: Beckles/Van Orderlain)  Beckles/Van Orderlain: 8/1 → 19/2, Bobo/Johansson: 1/25 → 1/40
2026-02-26T20:54:53.037Z [EVENT] (serving: Beckles/Van Orderlain)  game: 0-30
2026-02-26T20:55:15.589Z [ODDS] (serving: Beckles/Van Orderlain)  Beckles/Van Orderlain: 19/2 → 9/1, Bobo/Johansson: 1/40 → 1/33
2026-02-26T20:55:15.589Z [EVENT] (serving: Beckles/Van Orderlain)  game: 15-30
2026-02-26T20:55:53.477Z [ODDS] (serving: Beckles/Van Orderlain)  Beckles/Van Orderlain: 9/1 → 10/1, Bobo/Johansson: 1/33 → 1/50
2026-02-26T20:55:53.477Z [EVENT] (serving: Beckles/Van Orderlain)  game: 15-40
2026-02-26T20:56:39.930Z [ODDS] (serving: Beckles/Van Orderlain)  Beckles/Van Orderlain: 10/1 → 9/1, Bobo/Johansson: 1/50 → 1/33
2026-02-26T20:56:39.930Z [EVENT] (serving: Beckles/Van Orderlain)  game: 30-40
2026-02-26T20:57:12.861Z [ODDS] (serving: Bobo/Johansson)  Beckles/Van Orderlain: 9/1 → 11/1, Bobo/Johansson: 1/33 → 1/66
2026-02-26T20:57:12.861Z [EVENT] (serving: Bobo/Johansson)  sets: 1-6,2-3, game: 0-0, serving: P2
2026-02-26T20:59:01.550Z [ODDS] (serving: Bobo/Johansson)  Beckles/Van Orderlain: 11/1 → 14/1, Bobo/Johansson: 1/66 → 1/100
2026-02-26T20:59:01.550Z [EVENT] (serving: Bobo/Johansson)  game: 0-15
2026-02-26T20:59:30.438Z [ODDS] (serving: Bobo/Johansson)  Beckles/Van Orderlain: 14/1 → 11/1, Bobo/Johansson: 1/100 → 1/66
2026-02-26T20:59:30.439Z [EVENT] (serving: Bobo/Johansson)  game: 15-15
2026-02-26T20:59:54.316Z [ODDS] (serving: Bobo/Johansson)  Beckles/Van Orderlain: 11/1 → 10/1, Bobo/Johansson: 1/66 → 1/50
2026-02-26T21:00:29.502Z [ODDS] (serving: Bobo/Johansson)  Beckles/Van Orderlain: 10/1 → 12/1, Bobo/Johansson: 1/50 → 1/80
2026-02-26T21:00:29.502Z [EVENT] (serving: Bobo/Johansson)  game: 15-30
2026-02-26T21:01:09.640Z [ODDS] (serving: Bobo/Johansson)  Beckles/Van Orderlain: 12/1 → 14/1, Bobo/Johansson: 1/80 → 1/100
2026-02-26T21:01:09.640Z [EVENT] (serving: Bobo/Johansson)  game: 15-40
2026-02-26T21:01:36.723Z [ODDS] (serving: Beckles/Van Orderlain)  Beckles/Van Orderlain: 14/1 → 16/1, Bobo/Johansson: 1/100 → 1/200
2026-02-26T21:01:36.723Z [EVENT] (serving: Beckles/Van Orderlain)  sets: 1-6,2-4, game: 0-0, serving: P1
2026-02-26T21:02:15.052Z [EVENT] (serving: Beckles/Van Orderlain)  game: 0-15
2026-02-26T21:02:43.902Z [EVENT] (serving: Beckles/Van Orderlain)  game: 15-15
2026-02-26T21:03:27.206Z [EVENT] (serving: Beckles/Van Orderlain)  game: 15-30
2026-02-26T21:03:55.625Z [ODDS] (serving: Beckles/Van Orderlain)  Beckles/Van Orderlain: 16/1 → 20/1, Bobo/Johansson: 1/200 → 1/500
2026-02-26T21:04:10.604Z [ODDS] (serving: Beckles/Van Orderlain)  Beckles/Van Orderlain: 20/1 → 16/1, Bobo/Johansson: 1/500 → 1/200
2026-02-26T21:04:10.604Z [EVENT] (serving: Beckles/Van Orderlain)  game: 30-30
2026-02-26T21:04:44.357Z [ODDS] (serving: Beckles/Van Orderlain)  Beckles/Van Orderlain: 16/1 → 14/1, Bobo/Johansson: 1/200 → 1/100
2026-02-26T21:04:44.357Z [EVENT] (serving: Beckles/Van Orderlain)  game: 40-30
2026-02-26T21:05:07.430Z [ODDS] (serving: Beckles/Van Orderlain)  Beckles/Van Orderlain: 14/1 → 16/1, Bobo/Johansson: 1/100 → 1/200
2026-02-26T21:05:07.430Z [EVENT] (serving: Beckles/Van Orderlain)  game: 40-40
2026-02-26T21:05:40.240Z [ODDS] (serving: Bobo/Johansson)  Beckles/Van Orderlain: 16/1 → 25/1, Bobo/Johansson: 1/200 → 1/1000
2026-02-26T21:05:40.240Z [EVENT] (serving: Bobo/Johansson)  sets: 1-6,2-5, game: 0-0, serving: P2
2026-02-26T21:07:15.891Z [EVENT] (serving: Bobo/Johansson)  game: 0-15
2026-02-26T21:07:54.188Z [ODDS] (serving: Bobo/Johansson)  Beckles/Van Orderlain: 25/1 → 0/0
2026-02-26T21:07:54.188Z [EVENT] (serving: Bobo/Johansson)  game: 0-30
2026-02-26T21:08:24.258Z [ODDS] (serving: Bobo/Johansson)  Beckles/Van Orderlain: 0/0 → 25/1
2026-02-26T21:08:37.788Z [EVENT] (serving: Bobo/Johansson)  game: 15-30
2026-02-26T21:09:07.104Z [ODDS] (serving: Bobo/Johansson)  Beckles/Van Orderlain: 25/1 → 0/0
2026-02-26T21:09:07.105Z [EVENT] (serving: Bobo/Johansson)  game: 15-40
2026-02-26T21:09:28.299Z [ODDS] (serving: Bobo/Johansson)  Beckles/Van Orderlain: 0/0 → 25/1
2026-02-26T21:09:40.032Z [EVENT] (serving: Bobo/Johansson)  game: 30-40
2026-02-26T21:10:12.158Z [ODDS] (serving: Bobo/Johansson)  Beckles/Van Orderlain: 25/1 → 0/0, Bobo/Johansson: 1/1000 → 0/0
2026-02-26T21:10:12.158Z [EVENT] (serving: Bobo/Johansson)  sets: 1-6,2-6, game: 0-0
