2026-02-26T19:47:16.674Z [ODDS] (serving: Bernet/Bertola)  Nikles/Von Der Schulenburg: 7/2 → 4/1, Bernet/Bertola: 2/11 → 1/6
2026-02-26T19:47:16.674Z [EVENT] (serving: Bernet/Bertola)  game: 0-30
2026-02-26T19:47:35.621Z [EVENT] (serving: Bernet/Bertola)  game: 0-40
2026-02-26T19:47:53.210Z [EVENT] (serving: Bernet/Bertola)  game: 15-40
2026-02-26T19:48:26.585Z [EVENT] (serving: Nikles/Von Der Schulenburg)  sets: 2-4, game: 0-0, serving: P1
2026-02-26T19:49:08.525Z [EVENT] (serving: Nikles/Von Der Schulenburg)  game: 15-0
2026-02-26T19:49:43.259Z [ODDS] (serving: Nikles/Von Der Schulenburg)  Nikles/Von Der Schulenburg: 4/1 → 7/2, Bernet/Bertola: 1/6 → 2/11
2026-02-26T19:49:43.259Z [EVENT] (serving: Nikles/Von Der Schulenburg)  game: 30-0
2026-02-26T19:50:05.802Z [EVENT] (serving: Nikles/Von Der Schulenburg)  game: 40-0
2026-02-26T19:50:32.416Z [EVENT] (serving: Bernet/Bertola)  sets: 3-4, game: 0-0, serving: P2
2026-02-26T19:51:52.241Z [ODDS] (serving: Bernet/Bertola)  Nikles/Von Der Schulenburg: 7/2 → 4/1, Bernet/Bertola: 2/11 → 1/6
2026-02-26T19:51:52.241Z [EVENT] (serving: Bernet/Bertola)  game: 0-15
2026-02-26T19:52:12.103Z [ODDS] (serving: Bernet/Bertola)  Nikles/Von Der Schulenburg: 4/1 → 7/2, Bernet/Bertola: 1/6 → 2/11
2026-02-26T19:52:22.917Z [ODDS] (serving: Bernet/Bertola)  Nikles/Von Der Schulenburg: 7/2 → 4/1, Bernet/Bertola: 2/11 → 1/6
2026-02-26T19:52:22.917Z [EVENT] (serving: Bernet/Bertola)  game: 0-30
2026-02-26T19:53:02.603Z [ODDS] (serving: Bernet/Bertola)  Nikles/Von Der Schulenburg: 4/1 → 9/2, Bernet/Bertola: 1/6 → 1/7
2026-02-26T19:53:02.603Z [EVENT] (serving: Bernet/Bertola)  game: 0-40
2026-02-26T19:53:35.074Z [EVENT] (serving: Nikles/Von Der Schulenburg)  sets: 3-5, game: 0-0, serving: P1
2026-02-26T19:54:09.814Z [EVENT] (serving: Nikles/Von Der Schulenburg)  game: 15-0
2026-02-26T19:54:47.686Z [EVENT] (serving: Nikles/Von Der Schulenburg)  game: 15-15
2026-02-26T19:55:09.784Z [EVENT] (serving: Nikles/Von Der Schulenburg)  game: 30-15
2026-02-26T19:55:42.270Z [EVENT] (serving: Nikles/Von Der Schulenburg)  game: 30-30
2026-02-26T19:56:10.704Z [ODDS] (serving: Nikles/Von Der Schulenburg)  Nikles/Von Der Schulenburg: 9/2 → 5/1, Bernet/Bertola: 1/7 → 1/8
2026-02-26T19:56:10.704Z [EVENT] (serving: Nikles/Von Der Schulenburg)  game: 30-40
2026-02-26T19:56:39.118Z [ODDS] (serving: Bernet/Bertola)  Nikles/Von Der Schulenburg: 5/1 → 6/1, Bernet/Bertola: 1/8 → 1/10
2026-02-26T19:56:39.118Z [EVENT] (serving: Bernet/Bertola)  sets: 3-6,0-0, game: 0-0, serving: P2
2026-02-26T19:59:26.444Z [EVENT] (serving: Bernet/Bertola)  game: 0-15
2026-02-26T19:59:57.112Z [ODDS] (serving: Bernet/Bertola)  Nikles/Von Der Schulenburg: 6/1 → 11/2, Bernet/Bertola: 1/10 → 1/9
2026-02-26T19:59:57.113Z [EVENT] (serving: Bernet/Bertola)  game: 15-15
2026-02-26T20:00:15.156Z [ODDS] (serving: Bernet/Bertola)  Nikles/Von Der Schulenburg: 11/2 → 5/1, Bernet/Bertola: 1/9 → 1/8
2026-02-26T20:00:29.136Z [ODDS] (serving: Bernet/Bertola)  Nikles/Von Der Schulenburg: 5/1 → 6/1, Bernet/Bertola: 1/8 → 1/10
2026-02-26T20:00:29.136Z [EVENT] (serving: Bernet/Bertola)  game: 15-30
2026-02-26T20:00:58.451Z [ODDS] (serving: Bernet/Bertola)  Nikles/Von Der Schulenburg: 6/1 → 7/1, Bernet/Bertola: 1/10 → 1/12
2026-02-26T20:00:58.451Z [EVENT] (serving: Bernet/Bertola)  game: 15-40
2026-02-26T20:01:21.907Z [EVENT] (serving: Nikles/Von Der Schulenburg)  sets: 3-6,0-1, game: 0-0, serving: P1
2026-02-26T20:02:24.592Z [ODDS] (serving: Nikles/Von Der Schulenburg)  Nikles/Von Der Schulenburg: 7/1 → 6/1, Bernet/Bertola: 1/12 → 1/10
2026-02-26T20:02:24.592Z [EVENT] (serving: Nikles/Von Der Schulenburg)  game: 15-0
2026-02-26T20:02:57.966Z [ODDS] (serving: Nikles/Von Der Schulenburg)  Nikles/Von Der Schulenburg: 6/1 → 7/1, Bernet/Bertola: 1/10 → 1/12
2026-02-26T20:02:57.966Z [EVENT] (serving: Nikles/Von Der Schulenburg)  game: 15-15
2026-02-26T20:03:24.161Z [ODDS] (serving: Nikles/Von Der Schulenburg)  Nikles/Von Der Schulenburg: 7/1 → 6/1, Bernet/Bertola: 1/12 → 1/10
2026-02-26T20:03:24.161Z [EVENT] (serving: Nikles/Von Der Schulenburg)  game: 30-15
2026-02-26T20:03:41.714Z [ODDS] (serving: Nikles/Von Der Schulenburg)  Nikles/Von Der Schulenburg: 6/1 → 7/1, Bernet/Bertola: 1/10 → 1/12
2026-02-26T20:03:55.695Z [ODDS] (serving: Nikles/Von Der Schulenburg)  Nikles/Von Der Schulenburg: 7/1 → 6/1, Bernet/Bertola: 1/12 → 1/10
2026-02-26T20:03:55.695Z [EVENT] (serving: Nikles/Von Der Schulenburg)  game: 40-15
2026-02-26T20:04:39.914Z [EVENT] (serving: Nikles/Von Der Schulenburg)  game: 40-30
2026-02-26T20:05:19.130Z [ODDS] (serving: Bernet/Bertola)  Nikles/Von Der Schulenburg: 6/1 → 11/2, Bernet/Bertola: 1/10 → 1/9
2026-02-26T20:05:19.130Z [EVENT] (serving: Bernet/Bertola)  sets: 3-6,1-1, game: 0-0, serving: P2
2026-02-26T20:06:03.332Z [ODDS] (serving: Bernet/Bertola)  Nikles/Von Der Schulenburg: 11/2 → 6/1, Bernet/Bertola: 1/9 → 1/10
2026-02-26T20:06:03.332Z [EVENT] (serving: Bernet/Bertola)  game: 0-15
2026-02-26T20:06:28.137Z [EVENT] (serving: Bernet/Bertola)  game: 0-30
2026-02-26T20:07:09.190Z [ODDS] (serving: Bernet/Bertola)  Nikles/Von Der Schulenburg: 6/1 → 7/1, Bernet/Bertola: 1/10 → 1/12
2026-02-26T20:07:09.190Z [EVENT] (serving: Bernet/Bertola)  game: 0-40
2026-02-26T20:07:27.671Z [EVENT] (serving: Nikles/Von Der Schulenburg)  sets: 3-6,1-2, game: 0-0, serving: P1
2026-02-26T20:08:39.985Z [ODDS] (serving: Nikles/Von Der Schulenburg)  Nikles/Von Der Schulenburg: 7/1 → 8/1, Bernet/Bertola: 1/12 → 1/14
2026-02-26T20:09:11.103Z [ODDS] (serving: Nikles/Von Der Schulenburg)  Nikles/Von Der Schulenburg: 8/1 → 7/1, Bernet/Bertola: 1/14 → 1/12
2026-02-26T20:09:11.103Z [EVENT] (serving: Nikles/Von Der Schulenburg)  game: 15-0
2026-02-26T20:09:12.457Z [ODDS] (serving: Nikles/Von Der Schulenburg)  Nikles/Von Der Schulenburg: 7/1 → 8/1, Bernet/Bertola: 1/12 → 1/14
2026-02-26T20:09:35.009Z [ODDS] (serving: Nikles/Von Der Schulenburg)  Nikles/Von Der Schulenburg: 8/1 → 9/1, Bernet/Bertola: 1/14 → 1/16
2026-02-26T20:09:46.735Z [ODDS] (serving: Nikles/Von Der Schulenburg)  Nikles/Von Der Schulenburg: 9/1 → 8/1, Bernet/Bertola: 1/16 → 1/14
2026-02-26T20:09:46.736Z [EVENT] (serving: Nikles/Von Der Schulenburg)  game: 30-0
2026-02-26T20:10:25.519Z [ODDS] (serving: Nikles/Von Der Schulenburg)  Nikles/Von Der Schulenburg: 8/1 → 7/1, Bernet/Bertola: 1/14 → 1/12
2026-02-26T20:10:25.519Z [EVENT] (serving: Nikles/Von Der Schulenburg)  game: 40-0
2026-02-26T20:10:44.922Z [EVENT] (serving: Bernet/Bertola)  sets: 3-6,2-2, game: 0-0, serving: P2
2026-02-26T20:11:13.776Z [ODDS] (serving: Bernet/Bertola)  Nikles/Von Der Schulenburg: 7/1 → 8/1, Bernet/Bertola: 1/12 → 1/14
2026-02-26T20:11:13.776Z [EVENT] (serving: Bernet/Bertola)  game: 0-15
2026-02-26T20:11:30.014Z [ODDS] (serving: Bernet/Bertola)  Nikles/Von Der Schulenburg: 8/1 → 7/1, Bernet/Bertola: 1/14 → 1/12
2026-02-26T20:11:30.014Z [EVENT] (serving: Bernet/Bertola)  game: 15-15
2026-02-26T20:11:49.864Z [ODDS] (serving: Bernet/Bertola)  Nikles/Von Der Schulenburg: 7/1 → 6/1, Bernet/Bertola: 1/12 → 1/10
2026-02-26T20:11:58.425Z [ODDS] (serving: Bernet/Bertola)  Nikles/Von Der Schulenburg: 6/1 → 5/1, Bernet/Bertola: 1/10 → 1/8
2026-02-26T20:11:58.425Z [EVENT] (serving: Bernet/Bertola)  game: 30-15
2026-02-26T20:12:18.288Z [ODDS] (serving: Bernet/Bertola)  Nikles/Von Der Schulenburg: 5/1 → 6/1, Bernet/Bertola: 1/8 → 1/10
2026-02-26T20:12:18.288Z [EVENT] (serving: Bernet/Bertola)  game: 30-30
2026-02-26T20:12:39.918Z [ODDS] (serving: Bernet/Bertola)  Nikles/Von Der Schulenburg: 6/1 → 7/1, Bernet/Bertola: 1/10 → 1/12
2026-02-26T20:12:39.918Z [EVENT] (serving: Bernet/Bertola)  game: 30-40
2026-02-26T20:13:06.087Z [ODDS] (serving: Nikles/Von Der Schulenburg)  Nikles/Von Der Schulenburg: 7/1 → 8/1, Bernet/Bertola: 1/12 → 1/14
2026-02-26T20:13:06.087Z [EVENT] (serving: Nikles/Von Der Schulenburg)  sets: 3-6,2-3, game: 0-0, serving: P1
2026-02-26T20:14:26.807Z [ODDS] (serving: Nikles/Von Der Schulenburg)  Nikles/Von Der Schulenburg: 8/1 → 9/1, Bernet/Bertola: 1/14 → 1/16
2026-02-26T20:14:38.535Z [ODDS] (serving: Nikles/Von Der Schulenburg)  Nikles/Von Der Schulenburg: 9/1 → 7/1, Bernet/Bertola: 1/16 → 1/12
2026-02-26T20:14:38.535Z [EVENT] (serving: Nikles/Von Der Schulenburg)  game: 15-0
2026-02-26T20:15:00.642Z [ODDS] (serving: Nikles/Von Der Schulenburg)  Nikles/Von Der Schulenburg: 7/1 → 8/1, Bernet/Bertola: 1/12 → 1/14
2026-02-26T20:15:11.475Z [ODDS] (serving: Nikles/Von Der Schulenburg)  Nikles/Von Der Schulenburg: 8/1 → 7/1, Bernet/Bertola: 1/14 → 1/12
2026-02-26T20:15:11.475Z [EVENT] (serving: Nikles/Von Der Schulenburg)  game: 30-0
2026-02-26T20:15:43.928Z [ODDS] (serving: Nikles/Von Der Schulenburg)  Nikles/Von Der Schulenburg: 7/1 → 8/1, Bernet/Bertola: 1/12 → 1/14
2026-02-26T20:15:43.928Z [EVENT] (serving: Nikles/Von Der Schulenburg)  game: 30-15
2026-02-26T20:16:36.249Z [ODDS] (serving: Nikles/Von Der Schulenburg)  Nikles/Von Der Schulenburg: 8/1 → 7/1, Bernet/Bertola: 1/14 → 1/12
2026-02-26T20:16:36.249Z [EVENT] (serving: Nikles/Von Der Schulenburg)  game: 40-15
2026-02-26T20:17:07.377Z [ODDS] (serving: Nikles/Von Der Schulenburg)  Nikles/Von Der Schulenburg: 7/1 → 8/1, Bernet/Bertola: 1/12 → 1/14
2026-02-26T20:17:07.377Z [EVENT] (serving: Nikles/Von Der Schulenburg)  game: 40-30
2026-02-26T20:17:51.123Z [ODDS] (serving: Bernet/Bertola)  Nikles/Von Der Schulenburg: 8/1 → 7/1, Bernet/Bertola: 1/14 → 1/12
2026-02-26T20:17:51.123Z [EVENT] (serving: Bernet/Bertola)  sets: 3-6,3-3, game: 0-0, serving: P2
2026-02-26T20:18:27.216Z [ODDS] (serving: Bernet/Bertola)  Nikles/Von Der Schulenburg: 7/1 → 6/1, Bernet/Bertola: 1/12 → 1/10
2026-02-26T20:18:38.026Z [ODDS] (serving: Bernet/Bertola)  Nikles/Von Der Schulenburg: 6/1 → 7/1, Bernet/Bertola: 1/10 → 1/12
2026-02-26T20:18:38.026Z [EVENT] (serving: Bernet/Bertola)  game: 0-15
2026-02-26T20:19:04.185Z [ODDS] (serving: Bernet/Bertola)  Nikles/Von Der Schulenburg: 7/1 → 8/1, Bernet/Bertola: 1/12 → 1/14
2026-02-26T20:19:04.185Z [EVENT] (serving: Bernet/Bertola)  game: 0-30
2026-02-26T20:19:22.223Z [ODDS] (serving: Bernet/Bertola)  Nikles/Von Der Schulenburg: 8/1 → 7/1, Bernet/Bertola: 1/14 → 1/12
2026-02-26T20:19:35.304Z [ODDS] (serving: Bernet/Bertola)  Nikles/Von Der Schulenburg: 7/1 → 8/1, Bernet/Bertola: 1/12 → 1/14
2026-02-26T20:19:35.304Z [EVENT] (serving: Bernet/Bertola)  game: 0-40
2026-02-26T20:19:55.157Z [EVENT] (serving: Nikles/Von Der Schulenburg)  sets: 3-6,3-4, game: 0-0, serving: P1
2026-02-26T20:21:37.535Z [ODDS] (serving: Nikles/Von Der Schulenburg)  Nikles/Von Der Schulenburg: 8/1 → 7/1, Bernet/Bertola: 1/14 → 1/12
2026-02-26T20:21:37.535Z [EVENT] (serving: Nikles/Von Der Schulenburg)  game: 15-0
2026-02-26T20:21:57.384Z [ODDS] (serving: Nikles/Von Der Schulenburg)  Nikles/Von Der Schulenburg: 7/1 → 8/1, Bernet/Bertola: 1/12 → 1/14
2026-02-26T20:22:09.552Z [ODDS] (serving: Nikles/Von Der Schulenburg)  Nikles/Von Der Schulenburg: 8/1 → 7/1, Bernet/Bertola: 1/14 → 1/12
2026-02-26T20:22:09.552Z [EVENT] (serving: Nikles/Von Der Schulenburg)  game: 30-0
2026-02-26T20:22:33.002Z [EVENT] (serving: Nikles/Von Der Schulenburg)  game: 30-15
2026-02-26T20:22:57.355Z [EVENT] (serving: Nikles/Von Der Schulenburg)  game: 40-15
2026-02-26T20:23:38.398Z [ODDS] (serving: Nikles/Von Der Schulenburg)  Nikles/Von Der Schulenburg: 7/1 → 8/1, Bernet/Bertola: 1/12 → 1/14
2026-02-26T20:23:38.398Z [EVENT] (serving: Nikles/Von Der Schulenburg)  game: 40-30
2026-02-26T20:24:04.108Z [ODDS] (serving: Bernet/Bertola)  Nikles/Von Der Schulenburg: 8/1 → 7/1, Bernet/Bertola: 1/14 → 1/12
2026-02-26T20:24:04.108Z [EVENT] (serving: Bernet/Bertola)  sets: 3-6,4-4, game: 0-0, serving: P2
2026-02-26T20:24:32.067Z [ODDS] (serving: Bernet/Bertola)  Nikles/Von Der Schulenburg: 7/1 → 6/1, Bernet/Bertola: 1/12 → 1/10
2026-02-26T20:24:41.538Z [ODDS] (serving: Bernet/Bertola)  Nikles/Von Der Schulenburg: 6/1 → 8/1, Bernet/Bertola: 1/10 → 1/14
2026-02-26T20:24:41.538Z [EVENT] (serving: Bernet/Bertola)  game: 0-15
2026-02-26T20:24:59.127Z [EVENT] (serving: Bernet/Bertola)  game: 0-30
2026-02-26T20:25:22.108Z [ODDS] (serving: Bernet/Bertola)  Nikles/Von Der Schulenburg: 8/1 → 9/1, Bernet/Bertola: 1/14 → 1/16
2026-02-26T20:25:22.108Z [EVENT] (serving: Bernet/Bertola)  game: 0-40
2026-02-26T20:25:49.166Z [ODDS] (serving: Bernet/Bertola)  Nikles/Von Der Schulenburg: 9/1 → 8/1, Bernet/Bertola: 1/16 → 1/14
2026-02-26T20:25:49.166Z [EVENT] (serving: Bernet/Bertola)  game: 15-40
2026-02-26T20:26:34.279Z [ODDS] (serving: Bernet/Bertola)  Nikles/Von Der Schulenburg: 8/1 → 7/1, Bernet/Bertola: 1/14 → 1/12
2026-02-26T20:26:34.279Z [EVENT] (serving: Bernet/Bertola)  game: 30-40
2026-02-26T20:26:57.725Z [ODDS] (serving: Bernet/Bertola)  Nikles/Von Der Schulenburg: 7/1 → 11/2, Bernet/Bertola: 1/12 → 1/9
2026-02-26T20:27:12.164Z [ODDS] (serving: Nikles/Von Der Schulenburg)  Nikles/Von Der Schulenburg: 11/2 → 9/1, Bernet/Bertola: 1/9 → 1/16
2026-02-26T20:27:12.164Z [EVENT] (serving: Nikles/Von Der Schulenburg)  sets: 3-6,4-5, game: 0-0, serving: P1
2026-02-26T20:28:44.613Z [ODDS] (serving: Nikles/Von Der Schulenburg)  Nikles/Von Der Schulenburg: 9/1 → 10/1, Bernet/Bertola: 1/16 → 1/20
2026-02-26T20:28:44.613Z [EVENT] (serving: Nikles/Von Der Schulenburg)  game: 0-15
2026-02-26T20:29:04.906Z [ODDS] (serving: Nikles/Von Der Schulenburg)  Nikles/Von Der Schulenburg: 10/1 → 9/1, Bernet/Bertola: 1/20 → 1/16
2026-02-26T20:29:04.906Z [EVENT] (serving: Nikles/Von Der Schulenburg)  game: 15-15
2026-02-26T20:29:50.912Z [ODDS] (serving: Nikles/Von Der Schulenburg)  Nikles/Von Der Schulenburg: 9/1 → 8/1, Bernet/Bertola: 1/16 → 1/14
2026-02-26T20:29:50.912Z [EVENT] (serving: Nikles/Von Der Schulenburg)  game: 30-15
2026-02-26T20:30:28.807Z [ODDS] (serving: Nikles/Von Der Schulenburg)  Nikles/Von Der Schulenburg: 8/1 → 10/1, Bernet/Bertola: 1/14 → 1/20
2026-02-26T20:30:28.807Z [EVENT] (serving: Nikles/Von Der Schulenburg)  game: 30-30
2026-02-26T20:30:58.114Z [ODDS] (serving: Nikles/Von Der Schulenburg)  Nikles/Von Der Schulenburg: 10/1 → 8/1, Bernet/Bertola: 1/20 → 1/14
2026-02-26T20:30:58.114Z [EVENT] (serving: Nikles/Von Der Schulenburg)  game: 40-30
2026-02-26T20:31:17.170Z [ODDS] (serving: Nikles/Von Der Schulenburg)  Nikles/Von Der Schulenburg: 8/1 → 10/1, Bernet/Bertola: 1/14 → 1/20
2026-02-26T20:31:17.170Z [EVENT] (serving: Nikles/Von Der Schulenburg)  game: 40-40
2026-02-26T20:31:43.210Z [ODDS] (serving: Bernet/Bertola)  Nikles/Von Der Schulenburg: 10/1 → 7/1, Bernet/Bertola: 1/20 → 1/12
2026-02-26T20:31:43.210Z [EVENT] (serving: Bernet/Bertola)  sets: 3-6,5-5, game: 0-0, serving: P2
2026-02-26T20:32:24.702Z [EVENT] (serving: Bernet/Bertola)  game: 0-15
2026-02-26T20:32:58.082Z [ODDS] (serving: Bernet/Bertola)  Nikles/Von Der Schulenburg: 7/1 → 8/1, Bernet/Bertola: 1/12 → 1/14
2026-02-26T20:32:58.082Z [EVENT] (serving: Bernet/Bertola)  game: 0-30
2026-02-26T20:33:31.910Z [EVENT] (serving: Bernet/Bertola)  game: 0-40
2026-02-26T20:33:58.994Z [ODDS] (serving: Bernet/Bertola)  Nikles/Von Der Schulenburg: 8/1 → 7/1, Bernet/Bertola: 1/14 → 1/12
2026-02-26T20:33:58.994Z [EVENT] (serving: Bernet/Bertola)  game: 15-40
2026-02-26T20:34:16.104Z [ODDS] (serving: Nikles/Von Der Schulenburg)  Nikles/Von Der Schulenburg: 7/1 → 8/1, Bernet/Bertola: 1/12 → 1/14
2026-02-26T20:34:16.104Z [EVENT] (serving: Nikles/Von Der Schulenburg)  sets: 3-6,5-6, game: 0-0, serving: P1
2026-02-26T20:35:39.092Z [ODDS] (serving: Nikles/Von Der Schulenburg)  Nikles/Von Der Schulenburg: 8/1 → 9/1, Bernet/Bertola: 1/14 → 1/16
2026-02-26T20:35:49.486Z [ODDS] (serving: Nikles/Von Der Schulenburg)  Nikles/Von Der Schulenburg: 9/1 → 10/1, Bernet/Bertola: 1/16 → 1/20
2026-02-26T20:35:49.486Z [EVENT] (serving: Nikles/Von Der Schulenburg)  game: 0-15
2026-02-26T20:36:10.212Z [ODDS] (serving: Nikles/Von Der Schulenburg)  Nikles/Von Der Schulenburg: 10/1 → 9/1, Bernet/Bertola: 1/20 → 1/16
2026-02-26T20:36:10.212Z [EVENT] (serving: Nikles/Von Der Schulenburg)  game: 15-15
2026-02-26T20:36:31.862Z [ODDS] (serving: Nikles/Von Der Schulenburg)  Nikles/Von Der Schulenburg: 9/1 → 7/1, Bernet/Bertola: 1/16 → 1/12
2026-02-26T20:36:31.862Z [EVENT] (serving: Nikles/Von Der Schulenburg)  game: 30-15
2026-02-26T20:36:48.545Z [ODDS] (serving: Nikles/Von Der Schulenburg)  Nikles/Von Der Schulenburg: 7/1 → 8/1, Bernet/Bertola: 1/12 → 1/14
2026-02-26T20:37:00.280Z [ODDS] (serving: Nikles/Von Der Schulenburg)  Nikles/Von Der Schulenburg: 8/1 → 6/1, Bernet/Bertola: 1/14 → 1/10
2026-02-26T20:37:00.280Z [EVENT] (serving: Nikles/Von Der Schulenburg)  game: 40-15
2026-02-26T20:37:27.779Z [ODDS] (serving: Nikles/Von Der Schulenburg)  Nikles/Von Der Schulenburg: 6/1 → 7/1, Bernet/Bertola: 1/10 → 1/12
2026-02-26T20:37:27.779Z [EVENT] (serving: Nikles/Von Der Schulenburg)  game: 40-30
2026-02-26T20:38:04.459Z [ODDS] (serving: Bernet/Bertola)  Nikles/Von Der Schulenburg: 7/1 → 6/1, Bernet/Bertola: 1/12 → 1/10
2026-02-26T20:38:04.459Z [EVENT] (serving: Bernet/Bertola)  sets: 3-6,6-6, game: 0-0, serving: P2
2026-02-26T20:38:40.538Z [ODDS] (serving: Nikles/Von Der Schulenburg)  Nikles/Von Der Schulenburg: 6/1 → 8/1, Bernet/Bertola: 1/10 → 1/14
2026-02-26T20:38:40.538Z [EVENT] (serving: Nikles/Von Der Schulenburg)  game: 0-1, serving: P1
2026-02-26T20:39:18.426Z [ODDS] (serving: Nikles/Von Der Schulenburg)  Nikles/Von Der Schulenburg: 8/1 → 6/1, Bernet/Bertola: 1/14 → 1/10
2026-02-26T20:39:18.426Z [EVENT] (serving: Nikles/Von Der Schulenburg)  game: 1-1
2026-02-26T20:39:56.759Z [ODDS] (serving: Bernet/Bertola)  Nikles/Von Der Schulenburg: 6/1 → 9/2, Bernet/Bertola: 1/10 → 1/7
2026-02-26T20:39:56.759Z [EVENT] (serving: Bernet/Bertola)  game: 2-1, serving: P2
2026-02-26T20:40:39.605Z [ODDS] (serving: Bernet/Bertola)  Nikles/Von Der Schulenburg: 9/2 → 11/4, Bernet/Bertola: 1/7 → 1/4
2026-02-26T20:40:39.605Z [EVENT] (serving: Bernet/Bertola)  game: 3-1
2026-02-26T20:41:14.331Z [ODDS] (serving: Nikles/Von Der Schulenburg)  Nikles/Von Der Schulenburg: 11/4 → 2/1, Bernet/Bertola: 1/4 → 4/11
2026-02-26T20:41:14.331Z [EVENT] (serving: Nikles/Von Der Schulenburg)  game: 4-1, serving: P1
2026-02-26T20:41:40.498Z [ODDS] (serving: Nikles/Von Der Schulenburg)  Nikles/Von Der Schulenburg: 2/1 → 9/4, Bernet/Bertola: 4/11 → 1/3
2026-02-26T20:41:55.380Z [ODDS] (serving: Nikles/Von Der Schulenburg)  Nikles/Von Der Schulenburg: 9/4 → 11/4, Bernet/Bertola: 1/3 → 1/4
2026-02-26T20:41:55.380Z [EVENT] (serving: Nikles/Von Der Schulenburg)  game: 4-2
2026-02-26T20:42:53.101Z [ODDS] (serving: Bernet/Bertola)  Nikles/Von Der Schulenburg: 11/4 → 4/1, Bernet/Bertola: 1/4 → 1/6
2026-02-26T20:42:53.101Z [EVENT] (serving: Bernet/Bertola)  game: 4-3, serving: P2
2026-02-26T20:43:36.398Z [ODDS] (serving: Bernet/Bertola)  Nikles/Von Der Schulenburg: 4/1 → 7/2, Bernet/Bertola: 1/6 → 2/11
2026-02-26T20:43:59.399Z [ODDS] (serving: Bernet/Bertola)  Nikles/Von Der Schulenburg: 7/2 → 5/2, Bernet/Bertola: 2/11 → 2/7
2026-02-26T20:43:59.399Z [EVENT] (serving: Bernet/Bertola)  game: 5-3
2026-02-26T20:44:31.421Z [ODDS] (serving: Nikles/Von Der Schulenburg)  Nikles/Von Der Schulenburg: 5/2 → 11/4, Bernet/Bertola: 2/7 → 1/4
2026-02-26T20:44:31.421Z [EVENT] (serving: Nikles/Von Der Schulenburg)  game: 5-4, serving: P1
2026-02-26T20:45:02.539Z [ODDS] (serving: Nikles/Von Der Schulenburg)  Nikles/Von Der Schulenburg: 11/4 → 9/4, Bernet/Bertola: 1/4 → 1/3
2026-02-26T20:45:02.539Z [EVENT] (serving: Nikles/Von Der Schulenburg)  game: 6-4
2026-02-26T20:45:42.680Z [ODDS] (serving: Nikles/Von Der Schulenburg)  Nikles/Von Der Schulenburg: 9/4 → 13/8, Bernet/Bertola: 1/3 → 4/9
2026-02-26T20:45:42.680Z [EVENT] (serving: Nikles/Von Der Schulenburg)  sets: 3-6,7-6,0-0, game: 0-0
2026-02-26T20:47:27.322Z [ODDS] (serving: Bernet/Bertola)  Nikles/Von Der Schulenburg: 13/8 → 6/5, Bernet/Bertola: 4/9 → 8/13
2026-02-26T20:47:27.323Z [EVENT] (serving: Bernet/Bertola)  game: 1-0, serving: P2
2026-02-26T20:47:51.670Z [ODDS] (serving: Bernet/Bertola)  Nikles/Von Der Schulenburg: 6/5 → 7/10, Bernet/Bertola: 8/13 → 21/20
2026-02-26T20:47:51.670Z [EVENT] (serving: Bernet/Bertola)  game: 2-0
2026-02-26T20:48:29.647Z [ODDS] (serving: Nikles/Von Der Schulenburg)  Nikles/Von Der Schulenburg: 7/10 → 10/11, Bernet/Bertola: 21/20 → 10/11
2026-02-26T20:48:29.647Z [EVENT] (serving: Nikles/Von Der Schulenburg)  game: 2-1, serving: P1
2026-02-26T20:48:55.805Z [ODDS] (serving: Nikles/Von Der Schulenburg)  Nikles/Von Der Schulenburg: 10/11 → 19/20, Bernet/Bertola: 10/11 → 4/5
2026-02-26T20:49:11.595Z [ODDS] (serving: Nikles/Von Der Schulenburg)  Nikles/Von Der Schulenburg: 19/20 → 8/13, Bernet/Bertola: 4/5 → 6/5
2026-02-26T20:49:11.596Z [EVENT] (serving: Nikles/Von Der Schulenburg)  game: 3-1
2026-02-26T20:49:53.535Z [ODDS] (serving: Bernet/Bertola)  Nikles/Von Der Schulenburg: 8/13 → 11/10, Bernet/Bertola: 6/5 → 4/6
2026-02-26T20:49:53.535Z [EVENT] (serving: Bernet/Bertola)  game: 3-2, serving: P2
2026-02-26T20:50:19.263Z [ODDS] (serving: Bernet/Bertola)  Nikles/Von Der Schulenburg: 11/10 → 1/1, Bernet/Bertola: 4/6 → 3/4
2026-02-26T20:50:30.099Z [ODDS] (serving: Bernet/Bertola)  Nikles/Von Der Schulenburg: 1/1 → 4/7, Bernet/Bertola: 3/4 → 5/4
2026-02-26T20:50:30.099Z [EVENT] (serving: Bernet/Bertola)  game: 4-2
2026-02-26T20:51:17.452Z [ODDS] (serving: Nikles/Von Der Schulenburg)  Nikles/Von Der Schulenburg: 4/7 → 3/4, Bernet/Bertola: 5/4 → 1/1
2026-02-26T20:51:17.452Z [EVENT] (serving: Nikles/Von Der Schulenburg)  game: 4-3, serving: P1
2026-02-26T20:52:03.445Z [ODDS] (serving: Nikles/Von Der Schulenburg)  Nikles/Von Der Schulenburg: 3/4 → 1/2, Bernet/Bertola: 1/1 → 6/4
2026-02-26T20:52:03.445Z [EVENT] (serving: Nikles/Von Der Schulenburg)  game: 5-3
2026-02-26T20:52:36.379Z [ODDS] (serving: Bernet/Bertola)  Nikles/Von Der Schulenburg: 1/2 → 3/10, Bernet/Bertola: 6/4 → 12/5
2026-02-26T20:52:36.379Z [EVENT] (serving: Bernet/Bertola)  game: 6-3, serving: P2
2026-02-26T20:52:58.936Z [ODDS] (serving: Bernet/Bertola)  Nikles/Von Der Schulenburg: 3/10 → 1/4, Bernet/Bertola: 12/5 → 11/4
2026-02-26T20:53:18.773Z [ODDS] (serving: Bernet/Bertola)  Nikles/Von Der Schulenburg: 1/4 → 1/10, Bernet/Bertola: 11/4 → 6/1
2026-02-26T20:53:18.773Z [EVENT] (serving: Bernet/Bertola)  game: 7-3
2026-02-26T20:53:45.836Z [ODDS] (serving: Nikles/Von Der Schulenburg)  Nikles/Von Der Schulenburg: 1/10 → 1/50, Bernet/Bertola: 6/1 → 18/1
2026-02-26T20:53:45.836Z [EVENT] (serving: Nikles/Von Der Schulenburg)  game: 8-3, serving: P1
2026-02-26T20:54:19.659Z [ODDS] (serving: Nikles/Von Der Schulenburg)  Nikles/Von Der Schulenburg: 1/50 → 1/500, Bernet/Bertola: 18/1 → 50/1
2026-02-26T20:54:19.659Z [EVENT] (serving: Nikles/Von Der Schulenburg)  game: 9-3
2026-02-26T20:55:21.002Z [ODDS] (serving: Bernet/Bertola)  Nikles/Von Der Schulenburg: 1/500 → 1/80, Bernet/Bertola: 50/1 → 22/1
2026-02-26T20:55:21.002Z [EVENT] (serving: Bernet/Bertola)  game: 9-4, serving: P2
2026-02-26T20:55:50.321Z [ODDS] (serving: Bernet/Bertola)  Nikles/Von Der Schulenburg: 1/80 → 0/0, Bernet/Bertola: 22/1 → 0/0
2026-02-26T20:55:50.321Z [EVENT] (serving: Bernet/Bertola)  sets: 3-6,7-6,1-0, game: 0-0
