2026-02-26T19:50:49.119Z [ODDS] (serving: Guillaume Dalmasso)  Guillaume Dalmasso: 8/15 → 4/6, Pietro Orlando Fellin: 11/8 → 11/10
2026-02-26T19:50:49.119Z [EVENT] (serving: Guillaume Dalmasso)  game: 0-15
2026-02-26T19:51:49.985Z [ODDS] (serving: Guillaume Dalmasso)  Guillaume Dalmasso: 4/6 → 8/15, Pietro Orlando Fellin: 11/10 → 11/8
2026-02-26T19:51:49.985Z [EVENT] (serving: Guillaume Dalmasso)  game: 15-15
2026-02-26T19:52:25.167Z [ODDS] (serving: Guillaume Dalmasso)  Guillaume Dalmasso: 8/15 → 4/9, Pietro Orlando Fellin: 11/8 → 13/8
2026-02-26T19:52:25.167Z [EVENT] (serving: Guillaume Dalmasso)  game: 30-15
2026-02-26T19:53:02.603Z [ODDS] (serving: Guillaume Dalmasso)  Guillaume Dalmasso: 4/9 → 2/5, Pietro Orlando Fellin: 13/8 → 7/4
2026-02-26T19:53:02.603Z [EVENT] (serving: Guillaume Dalmasso)  game: 40-15
2026-02-26T19:53:46.800Z [ODDS] (serving: Guillaume Dalmasso)  Guillaume Dalmasso: 2/5 → 4/9, Pietro Orlando Fellin: 7/4 → 13/8
2026-02-26T19:53:46.800Z [EVENT] (serving: Guillaume Dalmasso)  game: 40-30
2026-02-26T19:54:17.469Z [ODDS] (serving: Pietro Orlando Fellin)  Guillaume Dalmasso: 4/9 → 2/5, Pietro Orlando Fellin: 13/8 → 7/4
2026-02-26T19:54:17.469Z [EVENT] (serving: Pietro Orlando Fellin)  sets: 6-4,4-4, game: 0-0, serving: P2
2026-02-26T19:55:17.452Z [ODDS] (serving: Pietro Orlando Fellin)  Guillaume Dalmasso: 2/5 → 3/10, Pietro Orlando Fellin: 7/4 → 12/5
2026-02-26T19:55:17.452Z [EVENT] (serving: Pietro Orlando Fellin)  game: 15-0
2026-02-26T19:55:54.463Z [ODDS] (serving: Pietro Orlando Fellin)  Guillaume Dalmasso: 3/10 → 2/7, Pietro Orlando Fellin: 12/5 → 5/2
2026-02-26T19:56:32.804Z [ODDS] (serving: Pietro Orlando Fellin)  Guillaume Dalmasso: 2/7 → 4/11, Pietro Orlando Fellin: 5/2 → 2/1
2026-02-26T19:56:32.804Z [EVENT] (serving: Pietro Orlando Fellin)  game: 15-15
2026-02-26T19:58:09.892Z [ODDS] (serving: Pietro Orlando Fellin)  Guillaume Dalmasso: 4/11 → 1/4, Pietro Orlando Fellin: 2/1 → 11/4
2026-02-26T19:58:09.892Z [EVENT] (serving: Pietro Orlando Fellin)  game: 30-15
2026-02-26T19:58:52.618Z [ODDS] (serving: Pietro Orlando Fellin)  Guillaume Dalmasso: 1/4 → 4/11, Pietro Orlando Fellin: 11/4 → 2/1
2026-02-26T19:58:52.618Z [EVENT] (serving: Pietro Orlando Fellin)  game: 30-30
2026-02-26T19:59:52.155Z [ODDS] (serving: Pietro Orlando Fellin)  Guillaume Dalmasso: 4/11 → 4/9, Pietro Orlando Fellin: 2/1 → 13/8
2026-02-26T19:59:52.155Z [EVENT] (serving: Pietro Orlando Fellin)  game: 30-40
2026-02-26T20:00:20.121Z [ODDS] (serving: Guillaume Dalmasso)  Guillaume Dalmasso: 4/9 → 8/15, Pietro Orlando Fellin: 13/8 → 11/8
2026-02-26T20:00:20.121Z [EVENT] (serving: Guillaume Dalmasso)  sets: 6-4,4-5, game: 0-0, serving: P1
2026-02-26T20:03:00.232Z [ODDS] (serving: Guillaume Dalmasso)  Guillaume Dalmasso: 8/15 → 4/9, Pietro Orlando Fellin: 11/8 → 13/8
2026-02-26T20:03:00.252Z [EVENT] (serving: Guillaume Dalmasso)  game: 15-0
2026-02-26T20:03:29.087Z [ODDS] (serving: Guillaume Dalmasso)  Guillaume Dalmasso: 4/9 → 2/5, Pietro Orlando Fellin: 13/8 → 7/4
2026-02-26T20:03:29.087Z [EVENT] (serving: Guillaume Dalmasso)  game: 30-0
2026-02-26T20:04:33.145Z [ODDS] (serving: Guillaume Dalmasso)  Guillaume Dalmasso: 2/5 → 1/3, Pietro Orlando Fellin: 7/4 → 9/4
2026-02-26T20:04:33.145Z [EVENT] (serving: Guillaume Dalmasso)  game: 40-0
2026-02-26T20:05:17.780Z [EVENT] (serving: Pietro Orlando Fellin)  sets: 6-4,5-5, game: 0-0, serving: P2
2026-02-26T20:06:21.370Z [ODDS] (serving: Pietro Orlando Fellin)  Guillaume Dalmasso: 1/3 → 3/10, Pietro Orlando Fellin: 9/4 → 12/5
2026-02-26T20:06:38.057Z [ODDS] (serving: Pietro Orlando Fellin)  Guillaume Dalmasso: 3/10 → 1/4, Pietro Orlando Fellin: 12/5 → 11/4
2026-02-26T20:06:38.057Z [EVENT] (serving: Pietro Orlando Fellin)  game: 15-0
2026-02-26T20:07:15.502Z [ODDS] (serving: Pietro Orlando Fellin)  Guillaume Dalmasso: 1/4 → 2/9, Pietro Orlando Fellin: 11/4 → 3/1
2026-02-26T20:07:29.926Z [ODDS] (serving: Pietro Orlando Fellin)  Guillaume Dalmasso: 2/9 → 1/7, Pietro Orlando Fellin: 3/1 → 4/1
2026-02-26T20:07:29.926Z [EVENT] (serving: Pietro Orlando Fellin)  game: 30-0
2026-02-26T20:08:16.534Z [ODDS] (serving: Pietro Orlando Fellin)  Guillaume Dalmasso: 1/7 → 1/14, Pietro Orlando Fellin: 4/1 → 13/2
2026-02-26T20:08:16.534Z [EVENT] (serving: Pietro Orlando Fellin)  game: 40-0
2026-02-26T20:08:56.674Z [ODDS] (serving: Pietro Orlando Fellin)  Guillaume Dalmasso: 1/14 → 1/16, Pietro Orlando Fellin: 13/2 → 7/1
2026-02-26T20:09:10.653Z [ODDS] (serving: Guillaume Dalmasso)  Guillaume Dalmasso: 1/16 → 1/25, Pietro Orlando Fellin: 7/1 → 8/1
2026-02-26T20:09:10.653Z [EVENT] (serving: Guillaume Dalmasso)  sets: 6-4,6-5, game: 0-0, serving: P1
2026-02-26T20:11:27.312Z [ODDS] (serving: Guillaume Dalmasso)  Guillaume Dalmasso: 1/25 → 1/66, Pietro Orlando Fellin: 8/1 → 11/1
2026-02-26T20:11:27.313Z [EVENT] (serving: Guillaume Dalmasso)  game: 15-0
2026-02-26T20:11:59.336Z [ODDS] (serving: Guillaume Dalmasso)  Guillaume Dalmasso: 1/66 → 1/200, Pietro Orlando Fellin: 11/1 → 16/1
2026-02-26T20:11:59.336Z [EVENT] (serving: Guillaume Dalmasso)  game: 30-0
2026-02-26T20:12:25.943Z [ODDS] (serving: Guillaume Dalmasso)  Guillaume Dalmasso: 1/200 → 1/1000, Pietro Orlando Fellin: 16/1 → 25/1
2026-02-26T20:12:25.943Z [EVENT] (serving: Guillaume Dalmasso)  game: 40-0
2026-02-26T20:13:04.272Z [ODDS] (serving: Guillaume Dalmasso)  Guillaume Dalmasso: 1/1000 → 1/500, Pietro Orlando Fellin: 25/1 → 20/1
2026-02-26T20:13:04.272Z [EVENT] (serving: Guillaume Dalmasso)  game: 40-15
2026-02-26T20:13:41.259Z [ODDS] (serving: Guillaume Dalmasso)  Guillaume Dalmasso: 1/500 → 0/0, Pietro Orlando Fellin: 20/1 → 0/0
2026-02-26T20:13:41.259Z [EVENT] (serving: Guillaume Dalmasso)  sets: 6-4,7-5, game: 0-0
