2026-02-27T00:15:08.902Z [ODDS] (serving: Maya Iyengar)  Lea Ma: 1/12 → 1/14, Maya Iyengar: 6/1 → 13/2
2026-02-27T00:15:08.902Z [EVENT] (serving: Maya Iyengar)  game: 15-0
2026-02-27T00:15:35.962Z [ODDS] (serving: Maya Iyengar)  Lea Ma: 1/14 → 1/16, Maya Iyengar: 13/2 → 7/1
2026-02-27T00:15:35.962Z [EVENT] (serving: Maya Iyengar)  game: 30-0
2026-02-27T00:15:58.512Z [ODDS] (serving: Maya Iyengar)  Lea Ma: 1/16 → 1/14, Maya Iyengar: 7/1 → 13/2
2026-02-27T00:15:58.512Z [EVENT] (serving: Maya Iyengar)  game: 30-15
2026-02-27T00:16:23.317Z [ODDS] (serving: Maya Iyengar)  Lea Ma: 1/14 → 1/12, Maya Iyengar: 13/2 → 6/1
2026-02-27T00:16:23.317Z [EVENT] (serving: Maya Iyengar)  game: 30-30
2026-02-27T00:17:03.005Z [ODDS] (serving: Maya Iyengar)  Lea Ma: 1/12 → 1/10, Maya Iyengar: 6/1 → 11/2
2026-02-27T00:17:03.005Z [EVENT] (serving: Maya Iyengar)  game: 30-40
2026-02-27T00:17:47.202Z [ODDS] (serving: Maya Iyengar)  Lea Ma: 1/10 → 1/12, Maya Iyengar: 11/2 → 6/1
2026-02-27T00:17:47.202Z [EVENT] (serving: Maya Iyengar)  game: 40-40
2026-02-27T00:18:39.521Z [ODDS] (serving: Maya Iyengar)  Lea Ma: 1/12 → 1/14, Maya Iyengar: 6/1 → 13/2
2026-02-27T00:18:39.521Z [EVENT] (serving: Maya Iyengar)  game: A-40
2026-02-27T00:19:19.211Z [ODDS] (serving: Maya Iyengar)  Lea Ma: 1/14 → 1/12, Maya Iyengar: 13/2 → 6/1
2026-02-27T00:19:19.211Z [EVENT] (serving: Maya Iyengar)  game: 40-40
2026-02-27T00:19:39.957Z [ODDS] (serving: Maya Iyengar)  Lea Ma: 1/12 → 1/10, Maya Iyengar: 6/1 → 11/2
2026-02-27T00:19:39.957Z [EVENT] (serving: Maya Iyengar)  game: 40-A
2026-02-27T00:20:08.369Z [ODDS] (serving: Maya Iyengar)  Lea Ma: 1/10 → 1/12, Maya Iyengar: 11/2 → 6/1
2026-02-27T00:20:08.369Z [EVENT] (serving: Maya Iyengar)  game: 40-40
2026-02-27T00:20:51.665Z [ODDS] (serving: Maya Iyengar)  Lea Ma: 1/12 → 1/14, Maya Iyengar: 6/1 → 13/2
2026-02-27T00:20:51.665Z [EVENT] (serving: Maya Iyengar)  game: A-40
2026-02-27T00:21:28.194Z [ODDS] (serving: Maya Iyengar)  Lea Ma: 1/14 → 1/12, Maya Iyengar: 13/2 → 6/1
2026-02-27T00:21:28.194Z [EVENT] (serving: Maya Iyengar)  game: 40-40
2026-02-27T00:22:50.278Z [ODDS] (serving: Maya Iyengar)  Lea Ma: 1/12 → 1/10, Maya Iyengar: 6/1 → 11/2
2026-02-27T00:22:50.278Z [EVENT] (serving: Maya Iyengar)  game: 40-A
2026-02-27T00:23:44.399Z [ODDS] (serving: Lea Ma)  Lea Ma: 1/10 → 1/9, Maya Iyengar: 11/2 → 5/1
2026-02-27T00:23:44.399Z [EVENT] (serving: Lea Ma)  sets: 0-1, game: 0-0, serving: P1
2026-02-27T00:23:51.614Z [ODDS] (serving: Lea Ma)  Lea Ma: 1/9 → 1/10, Maya Iyengar: 5/1 → 11/2
2026-02-27T00:24:40.774Z [ODDS] (serving: Lea Ma)  Lea Ma: 1/10 → 1/9, Maya Iyengar: 11/2 → 5/1
2026-02-27T00:24:56.108Z [ODDS] (serving: Lea Ma)  Lea Ma: 1/9 → 1/8, Maya Iyengar: 5/1 → 9/2
2026-02-27T00:24:56.108Z [EVENT] (serving: Lea Ma)  game: 0-15
2026-02-27T00:25:43.464Z [ODDS] (serving: Lea Ma)  Lea Ma: 1/8 → 1/9, Maya Iyengar: 9/2 → 5/1
2026-02-27T00:25:43.464Z [EVENT] (serving: Lea Ma)  game: 15-15
2026-02-27T00:26:34.877Z [ODDS] (serving: Lea Ma)  Lea Ma: 1/9 → 1/8, Maya Iyengar: 5/1 → 9/2
2026-02-27T00:26:34.877Z [EVENT] (serving: Lea Ma)  game: 15-30
2026-02-27T00:26:56.531Z [ODDS] (serving: Lea Ma)  Lea Ma: 1/8 → 1/9, Maya Iyengar: 9/2 → 5/1
2026-02-27T00:26:56.531Z [EVENT] (serving: Lea Ma)  game: 30-30
2026-02-27T00:27:12.767Z [ODDS] (serving: Lea Ma)  Lea Ma: 1/9 → 1/12, Maya Iyengar: 5/1 → 6/1
2026-02-27T00:27:12.767Z [EVENT] (serving: Lea Ma)  game: 40-30
2026-02-27T00:27:39.375Z [ODDS] (serving: Lea Ma)  Lea Ma: 1/12 → 1/10, Maya Iyengar: 6/1 → 11/2
2026-02-27T00:27:53.356Z [ODDS] (serving: Maya Iyengar)  Lea Ma: 1/10 → 1/14, Maya Iyengar: 11/2 → 13/2
2026-02-27T00:27:53.356Z [EVENT] (serving: Maya Iyengar)  sets: 1-1, game: 0-0, serving: P2
2026-02-27T00:28:53.870Z [ODDS] (serving: Maya Iyengar)  Lea Ma: 1/14 → 1/16, Maya Iyengar: 13/2 → 7/1
2026-02-27T00:28:53.870Z [EVENT] (serving: Maya Iyengar)  game: 15-0
2026-02-27T00:29:36.634Z [ODDS] (serving: Maya Iyengar)  Lea Ma: 1/16 → 1/20, Maya Iyengar: 7/1 → 8/1
2026-02-27T00:29:36.635Z [EVENT] (serving: Maya Iyengar)  game: 30-0
2026-02-27T00:30:33.509Z [ODDS] (serving: Maya Iyengar)  Lea Ma: 1/20 → 1/16, Maya Iyengar: 8/1 → 7/1
2026-02-27T00:30:33.509Z [EVENT] (serving: Maya Iyengar)  game: 30-15
2026-02-27T00:31:17.660Z [ODDS] (serving: Maya Iyengar)  Lea Ma: 1/16 → 1/20, Maya Iyengar: 7/1 → 8/1
2026-02-27T00:31:17.660Z [EVENT] (serving: Maya Iyengar)  game: 40-15
2026-02-27T00:32:01.060Z [ODDS] (serving: Lea Ma)  Lea Ma: 1/20 → 1/25, Maya Iyengar: 8/1 → 9/1
2026-02-27T00:32:01.060Z [EVENT] (serving: Lea Ma)  sets: 2-1, game: 0-0, serving: P1
2026-02-27T00:33:52.359Z [ODDS] (serving: Lea Ma)  Lea Ma: 1/25 → 1/33, Maya Iyengar: 9/1 → 10/1
2026-02-27T00:33:52.359Z [EVENT] (serving: Lea Ma)  game: 15-0
2026-02-27T00:34:39.783Z [ODDS] (serving: Lea Ma)  Lea Ma: 1/33 → 1/25, Maya Iyengar: 10/1 → 9/1
2026-02-27T00:34:39.783Z [EVENT] (serving: Lea Ma)  game: 15-15
2026-02-27T00:35:16.749Z [ODDS] (serving: Lea Ma)  Lea Ma: 1/25 → 1/33, Maya Iyengar: 9/1 → 10/1
2026-02-27T00:35:16.749Z [EVENT] (serving: Lea Ma)  game: 30-15
2026-02-27T00:35:44.208Z [ODDS] (serving: Lea Ma)  Lea Ma: 1/33 → 1/25, Maya Iyengar: 10/1 → 9/1
2026-02-27T00:36:09.015Z [ODDS] (serving: Lea Ma)  Lea Ma: 1/25 → 1/33, Maya Iyengar: 9/1 → 10/1
2026-02-27T00:36:09.015Z [EVENT] (serving: Lea Ma)  game: 40-15
2026-02-27T00:36:40.618Z [ODDS] (serving: Maya Iyengar)  Lea Ma: 1/33 → 1/40, Maya Iyengar: 10/1 → 11/1
2026-02-27T00:36:40.618Z [EVENT] (serving: Maya Iyengar)  sets: 3-1, game: 0-0, serving: P2
2026-02-27T00:37:44.720Z [ODDS] (serving: Maya Iyengar)  Lea Ma: 1/40 → 1/33, Maya Iyengar: 11/1 → 10/1
2026-02-27T00:37:44.720Z [EVENT] (serving: Maya Iyengar)  game: 0-15
2026-02-27T00:38:26.165Z [ODDS] (serving: Maya Iyengar)  Lea Ma: 1/33 → 1/40, Maya Iyengar: 10/1 → 11/1
2026-02-27T00:38:39.709Z [ODDS] (serving: Maya Iyengar)  Lea Ma: 1/40 → 1/33, Maya Iyengar: 11/1 → 10/1
2026-02-27T00:38:39.709Z [EVENT] (serving: Maya Iyengar)  game: 0-30
2026-02-27T00:39:18.933Z [EVENT] (serving: Maya Iyengar)  game: 15-30
2026-02-27T00:39:44.188Z [ODDS] (serving: Maya Iyengar)  Lea Ma: 1/33 → 1/40, Maya Iyengar: 10/1 → 11/1
2026-02-27T00:40:01.331Z [ODDS] (serving: Maya Iyengar)  Lea Ma: 1/40 → 1/33, Maya Iyengar: 11/1 → 10/1
2026-02-27T00:40:01.331Z [EVENT] (serving: Maya Iyengar)  game: 15-40
2026-02-27T00:40:42.371Z [EVENT] (serving: Maya Iyengar)  game: 30-40
2026-02-27T00:41:16.198Z [ODDS] (serving: Maya Iyengar)  Lea Ma: 1/33 → 1/40, Maya Iyengar: 10/1 → 11/1
2026-02-27T00:41:36.493Z [EVENT] (serving: Maya Iyengar)  game: 40-40
2026-02-27T00:42:37.379Z [ODDS] (serving: Maya Iyengar)  Lea Ma: 1/40 → 1/50, Maya Iyengar: 11/1 → 12/1
2026-02-27T00:42:37.379Z [EVENT] (serving: Maya Iyengar)  game: A-40
2026-02-27T00:43:59.506Z [ODDS] (serving: Maya Iyengar)  Lea Ma: 1/50 → 1/40, Maya Iyengar: 12/1 → 11/1
2026-02-27T00:43:59.506Z [EVENT] (serving: Maya Iyengar)  game: 40-40
2026-02-27T00:44:17.124Z [ODDS] (serving: Maya Iyengar)  Lea Ma: 1/40 → 1/33, Maya Iyengar: 11/1 → 10/1
2026-02-27T00:44:17.124Z [EVENT] (serving: Maya Iyengar)  game: 40-A
2026-02-27T00:45:10.272Z [EVENT] (serving: Lea Ma)  sets: 3-2, game: 0-0, serving: P1
2026-02-27T00:46:33.708Z [ODDS] (serving: Lea Ma)  Lea Ma: 1/33 → 1/40, Maya Iyengar: 10/1 → 11/1
2026-02-27T00:46:33.708Z [EVENT] (serving: Lea Ma)  game: 15-0
2026-02-27T00:46:47.755Z [ODDS] (serving: Lea Ma)  Lea Ma: 1/40 → 1/50, Maya Iyengar: 11/1 → 12/1
2026-02-27T00:46:47.755Z [EVENT] (serving: Lea Ma)  game: 30-0
2026-02-27T00:47:27.378Z [EVENT] (serving: Lea Ma)  game: 40-0
2026-02-27T00:48:10.224Z [EVENT] (serving: Lea Ma)  game: 40-15
2026-02-27T00:49:01.287Z [ODDS] (serving: Lea Ma)  Lea Ma: 1/50 → 1/40, Maya Iyengar: 12/1 → 11/1
2026-02-27T00:49:01.287Z [EVENT] (serving: Lea Ma)  game: 40-30
2026-02-27T00:49:25.146Z [ODDS] (serving: Maya Iyengar)  Lea Ma: 1/40 → 1/50, Maya Iyengar: 11/1 → 12/1
2026-02-27T00:49:25.146Z [EVENT] (serving: Maya Iyengar)  sets: 4-2, game: 0-0, serving: P2
2026-02-27T00:50:41.310Z [ODDS] (serving: Maya Iyengar)  Lea Ma: 1/50 → 1/40, Maya Iyengar: 12/1 → 11/1
2026-02-27T00:50:41.310Z [EVENT] (serving: Maya Iyengar)  game: 0-15
2026-02-27T00:51:09.273Z [ODDS] (serving: Maya Iyengar)  Lea Ma: 1/40 → 1/50, Maya Iyengar: 11/1 → 12/1
2026-02-27T00:51:09.273Z [EVENT] (serving: Maya Iyengar)  game: 15-15
2026-02-27T00:51:54.373Z [ODDS] (serving: Maya Iyengar)  Lea Ma: 1/50 → 1/66, Maya Iyengar: 12/1 → 14/1
2026-02-27T00:51:54.373Z [EVENT] (serving: Maya Iyengar)  game: 30-15
2026-02-27T00:52:22.786Z [ODDS] (serving: Maya Iyengar)  Lea Ma: 1/66 → 1/80, Maya Iyengar: 14/1 → 15/1
2026-02-27T00:52:22.786Z [EVENT] (serving: Maya Iyengar)  game: 40-15
2026-02-27T00:52:59.320Z [ODDS] (serving: Maya Iyengar)  Lea Ma: 1/80 → 1/66, Maya Iyengar: 15/1 → 14/1
2026-02-27T00:52:59.320Z [EVENT] (serving: Maya Iyengar)  game: 40-30
2026-02-27T00:53:41.264Z [ODDS] (serving: Lea Ma)  Lea Ma: 1/66 → 1/100, Maya Iyengar: 14/1 → 16/1
2026-02-27T00:53:41.264Z [EVENT] (serving: Lea Ma)  sets: 5-2, game: 0-0, serving: P1
2026-02-27T00:55:36.724Z [EVENT] (serving: Lea Ma)  game: 15-0
2026-02-27T00:56:08.294Z [ODDS] (serving: Lea Ma)  Lea Ma: 1/100 → 1/150, Maya Iyengar: 16/1 → 20/1
2026-02-27T00:56:08.294Z [EVENT] (serving: Lea Ma)  game: 30-0
2026-02-27T00:57:17.296Z [ODDS] (serving: Lea Ma)  Lea Ma: 1/150 → 1/100, Maya Iyengar: 20/1 → 16/1
2026-02-27T00:57:17.296Z [EVENT] (serving: Lea Ma)  game: 30-15
2026-02-27T00:58:07.809Z [ODDS] (serving: Lea Ma)  Lea Ma: 1/100 → 1/150, Maya Iyengar: 16/1 → 20/1
2026-02-27T00:58:07.809Z [EVENT] (serving: Lea Ma)  game: 40-15
2026-02-27T00:58:47.496Z [EVENT] (serving: Maya Iyengar)  sets: 6-2,0-0, game: 0-0, serving: P2
2026-02-27T01:00:58.289Z [ODDS] (serving: Maya Iyengar)  Lea Ma: 1/150 → 1/200, Maya Iyengar: 20/1 → 25/1
2026-02-27T01:00:58.289Z [EVENT] (serving: Maya Iyengar)  game: 15-0
2026-02-27T01:01:21.290Z [ODDS] (serving: Maya Iyengar)  Lea Ma: 1/200 → 1/150, Maya Iyengar: 25/1 → 20/1
2026-02-27T01:01:21.290Z [EVENT] (serving: Maya Iyengar)  game: 15-15
2026-02-27T01:01:58.282Z [ODDS] (serving: Maya Iyengar)  Lea Ma: 1/150 → 1/100, Maya Iyengar: 20/1 → 16/1
2026-02-27T01:01:58.282Z [EVENT] (serving: Maya Iyengar)  game: 15-30
2026-02-27T01:02:23.979Z [ODDS] (serving: Maya Iyengar)  Lea Ma: 1/100 → 1/150, Maya Iyengar: 16/1 → 20/1
2026-02-27T01:02:34.352Z [EVENT] (serving: Maya Iyengar)  game: 30-30
2026-02-27T01:03:34.788Z [ODDS] (serving: Maya Iyengar)  Lea Ma: 1/150 → 1/100, Maya Iyengar: 20/1 → 16/1
2026-02-27T01:03:34.788Z [EVENT] (serving: Maya Iyengar)  game: 30-40
2026-02-27T01:04:09.966Z [ODDS] (serving: Lea Ma)  Lea Ma: 1/100 → 1/80, Maya Iyengar: 16/1 → 15/1
2026-02-27T01:04:09.966Z [EVENT] (serving: Lea Ma)  sets: 6-2,0-1, game: 0-0, serving: P1
2026-02-27T01:05:35.658Z [ODDS] (serving: Lea Ma)  Lea Ma: 1/80 → 1/100, Maya Iyengar: 15/1 → 16/1
2026-02-27T01:05:35.658Z [EVENT] (serving: Lea Ma)  game: 15-0
2026-02-27T01:06:03.171Z [ODDS] (serving: Lea Ma)  Lea Ma: 1/100 → 1/80, Maya Iyengar: 16/1 → 15/1
2026-02-27T01:06:03.171Z [EVENT] (serving: Lea Ma)  game: 15-15
2026-02-27T01:06:22.563Z [ODDS] (serving: Lea Ma)  Lea Ma: 1/80 → 1/66, Maya Iyengar: 15/1 → 14/1
2026-02-27T01:06:37.904Z [ODDS] (serving: Lea Ma)  Lea Ma: 1/66 → 1/50, Maya Iyengar: 14/1 → 12/1
2026-02-27T01:06:37.904Z [EVENT] (serving: Lea Ma)  game: 15-30
2026-02-27T01:07:18.493Z [ODDS] (serving: Lea Ma)  Lea Ma: 1/50 → 1/66, Maya Iyengar: 12/1 → 14/1
2026-02-27T01:07:18.493Z [EVENT] (serving: Lea Ma)  game: 30-30
2026-02-27T01:07:39.688Z [ODDS] (serving: Lea Ma)  Lea Ma: 1/66 → 1/100, Maya Iyengar: 14/1 → 16/1
2026-02-27T01:07:39.688Z [EVENT] (serving: Lea Ma)  game: 40-30
2026-02-27T01:07:59.982Z [ODDS] (serving: Lea Ma)  Lea Ma: 1/100 → 1/66, Maya Iyengar: 16/1 → 14/1
2026-02-27T01:07:59.982Z [EVENT] (serving: Lea Ma)  game: 40-40
2026-02-27T01:08:51.253Z [ODDS] (serving: Lea Ma)  Lea Ma: 1/66 → 1/80, Maya Iyengar: 14/1 → 15/1
2026-02-27T01:08:51.253Z [EVENT] (serving: Lea Ma)  game: A-40
2026-02-27T01:09:35.903Z [ODDS] (serving: Lea Ma)  Lea Ma: 1/80 → 1/66, Maya Iyengar: 15/1 → 14/1
2026-02-27T01:09:35.903Z [EVENT] (serving: Lea Ma)  game: 40-40
2026-02-27T01:10:19.652Z [ODDS] (serving: Lea Ma)  Lea Ma: 1/66 → 1/80, Maya Iyengar: 14/1 → 15/1
2026-02-27T01:10:19.652Z [EVENT] (serving: Lea Ma)  game: A-40
2026-02-27T01:10:47.161Z [ODDS] (serving: Maya Iyengar)  Lea Ma: 1/80 → 1/100, Maya Iyengar: 15/1 → 16/1
2026-02-27T01:10:47.161Z [EVENT] (serving: Maya Iyengar)  sets: 6-2,1-1, game: 0-0, serving: P2
2026-02-27T01:11:42.212Z [ODDS] (serving: Maya Iyengar)  Lea Ma: 1/100 → 1/80, Maya Iyengar: 16/1 → 15/1
2026-02-27T01:11:42.212Z [EVENT] (serving: Maya Iyengar)  game: 0-15
2026-02-27T01:12:10.603Z [ODDS] (serving: Maya Iyengar)  Lea Ma: 1/80 → 1/100, Maya Iyengar: 15/1 → 16/1
2026-02-27T01:12:10.603Z [EVENT] (serving: Maya Iyengar)  game: 15-15
2026-02-27T01:12:47.133Z [ODDS] (serving: Maya Iyengar)  Lea Ma: 1/100 → 1/150, Maya Iyengar: 16/1 → 20/1
2026-02-27T01:12:47.133Z [EVENT] (serving: Maya Iyengar)  game: 30-15
2026-02-27T01:14:01.547Z [ODDS] (serving: Maya Iyengar)  Lea Ma: 1/150 → 1/100, Maya Iyengar: 20/1 → 16/1
2026-02-27T01:14:01.547Z [EVENT] (serving: Maya Iyengar)  game: 30-30
2026-02-27T01:14:54.315Z [ODDS] (serving: Maya Iyengar)  Lea Ma: 1/100 → 1/150, Maya Iyengar: 16/1 → 20/1
2026-02-27T01:14:54.315Z [EVENT] (serving: Maya Iyengar)  game: 40-30
2026-02-27T01:15:45.278Z [ODDS] (serving: Maya Iyengar)  Lea Ma: 1/150 → 1/100, Maya Iyengar: 20/1 → 16/1
2026-02-27T01:15:45.278Z [EVENT] (serving: Maya Iyengar)  game: 40-40
2026-02-27T01:16:09.636Z [ODDS] (serving: Maya Iyengar)  Lea Ma: 1/100 → 1/66, Maya Iyengar: 16/1 → 14/1
2026-02-27T01:16:09.636Z [EVENT] (serving: Maya Iyengar)  game: 40-A
2026-02-27T01:16:48.418Z [ODDS] (serving: Lea Ma)  Lea Ma: 1/66 → 1/50, Maya Iyengar: 14/1 → 12/1
2026-02-27T01:16:48.418Z [EVENT] (serving: Lea Ma)  sets: 6-2,1-2, game: 0-0, serving: P1
2026-02-27T01:18:22.228Z [ODDS] (serving: Lea Ma)  Lea Ma: 1/50 → 1/66, Maya Iyengar: 12/1 → 14/1
2026-02-27T01:18:22.228Z [EVENT] (serving: Lea Ma)  game: 15-0
2026-02-27T01:18:51.994Z [ODDS] (serving: Lea Ma)  Lea Ma: 1/66 → 1/80, Maya Iyengar: 14/1 → 15/1
2026-02-27T01:18:51.994Z [EVENT] (serving: Lea Ma)  game: 30-0
2026-02-27T01:19:16.798Z [EVENT] (serving: Lea Ma)  game: 40-0
2026-02-27T01:19:41.152Z [EVENT] (serving: Lea Ma)  game: 40-15
2026-02-27T01:20:09.565Z [EVENT] (serving: Maya Iyengar)  sets: 6-2,2-2, game: 0-0, serving: P2
2026-02-27T01:21:01.431Z [ODDS] (serving: Maya Iyengar)  Lea Ma: 1/80 → 1/66, Maya Iyengar: 15/1 → 14/1
2026-02-27T01:21:01.431Z [EVENT] (serving: Maya Iyengar)  game: 0-15
2026-02-27T01:21:38.862Z [ODDS] (serving: Maya Iyengar)  Lea Ma: 1/66 → 1/80, Maya Iyengar: 14/1 → 15/1
2026-02-27T01:21:38.862Z [EVENT] (serving: Maya Iyengar)  game: 15-15
2026-02-27T01:22:34.787Z [ODDS] (serving: Maya Iyengar)  Lea Ma: 1/80 → 1/66, Maya Iyengar: 15/1 → 14/1
2026-02-27T01:22:34.788Z [EVENT] (serving: Maya Iyengar)  game: 15-30
2026-02-27T01:23:15.379Z [ODDS] (serving: Maya Iyengar)  Lea Ma: 1/66 → 1/50, Maya Iyengar: 14/1 → 12/1
2026-02-27T01:23:15.379Z [EVENT] (serving: Maya Iyengar)  game: 15-40
2026-02-27T01:23:39.281Z [ODDS] (serving: Lea Ma)  Lea Ma: 1/50 → 1/40, Maya Iyengar: 12/1 → 11/1
2026-02-27T01:23:39.281Z [EVENT] (serving: Lea Ma)  sets: 6-2,2-3, game: 0-0, serving: P1
2026-02-27T01:25:20.758Z [ODDS] (serving: Lea Ma)  Lea Ma: 1/40 → 1/25, Maya Iyengar: 11/1 → 9/1
2026-02-27T01:25:20.758Z [EVENT] (serving: Lea Ma)  game: 0-15
2026-02-27T01:25:59.544Z [ODDS] (serving: Lea Ma)  Lea Ma: 1/25 → 1/18, Maya Iyengar: 9/1 → 15/2
2026-02-27T01:25:59.544Z [EVENT] (serving: Lea Ma)  game: 0-30
2026-02-27T01:26:47.802Z [ODDS] (serving: Lea Ma)  Lea Ma: 1/18 → 1/14, Maya Iyengar: 15/2 → 13/2
2026-02-27T01:26:47.802Z [EVENT] (serving: Lea Ma)  game: 0-40
2026-02-27T01:27:17.568Z [ODDS] (serving: Lea Ma)  Lea Ma: 1/14 → 1/16, Maya Iyengar: 13/2 → 7/1
2026-02-27T01:27:17.568Z [EVENT] (serving: Lea Ma)  game: 15-40
2026-02-27T01:28:48.241Z [ODDS] (serving: Lea Ma)  Lea Ma: 1/16 → 1/14, Maya Iyengar: 7/1 → 13/2
2026-02-27T01:29:04.460Z [ODDS] (serving: Maya Iyengar)  Lea Ma: 1/14 → 1/12, Maya Iyengar: 13/2 → 6/1
2026-02-27T01:29:04.460Z [EVENT] (serving: Maya Iyengar)  sets: 6-2,2-4, game: 0-0, serving: P2
2026-02-27T01:30:03.091Z [ODDS] (serving: Maya Iyengar)  Lea Ma: 1/12 → 1/9, Maya Iyengar: 6/1 → 5/1
2026-02-27T01:30:03.091Z [EVENT] (serving: Maya Iyengar)  game: 0-15
2026-02-27T01:30:36.465Z [ODDS] (serving: Maya Iyengar)  Lea Ma: 1/9 → 1/8, Maya Iyengar: 5/1 → 9/2
2026-02-27T01:30:36.465Z [EVENT] (serving: Maya Iyengar)  game: 0-30
2026-02-27T01:31:20.217Z [ODDS] (serving: Maya Iyengar)  Lea Ma: 1/8 → 1/9, Maya Iyengar: 9/2 → 5/1
2026-02-27T01:31:20.217Z [EVENT] (serving: Maya Iyengar)  game: 15-30
2026-02-27T01:31:49.077Z [ODDS] (serving: Maya Iyengar)  Lea Ma: 1/9 → 1/7, Maya Iyengar: 5/1 → 4/1
2026-02-27T01:31:49.077Z [EVENT] (serving: Maya Iyengar)  game: 15-40
2026-02-27T01:32:07.116Z [ODDS] (serving: Maya Iyengar)  Lea Ma: 1/7 → 1/8, Maya Iyengar: 4/1 → 9/2
2026-02-27T01:32:16.587Z [ODDS] (serving: Maya Iyengar)  Lea Ma: 1/8 → 1/9, Maya Iyengar: 9/2 → 5/1
2026-02-27T01:32:16.588Z [EVENT] (serving: Maya Iyengar)  game: 30-40
2026-02-27T01:32:55.373Z [ODDS] (serving: Lea Ma)  Lea Ma: 1/9 → 1/7, Maya Iyengar: 5/1 → 4/1
2026-02-27T01:32:55.373Z [EVENT] (serving: Lea Ma)  sets: 6-2,2-5, game: 0-0, serving: P1
2026-02-27T01:34:57.149Z [ODDS] (serving: Lea Ma)  Lea Ma: 1/7 → 1/8, Maya Iyengar: 4/1 → 9/2
2026-02-27T01:34:57.149Z [EVENT] (serving: Lea Ma)  game: 15-0
2026-02-27T01:35:22.403Z [ODDS] (serving: Lea Ma)  Lea Ma: 1/8 → 1/7, Maya Iyengar: 9/2 → 4/1
2026-02-27T01:35:35.934Z [EVENT] (serving: Lea Ma)  game: 15-15
2026-02-27T01:36:16.976Z [ODDS] (serving: Lea Ma)  Lea Ma: 1/7 → 1/6, Maya Iyengar: 4/1 → 7/2
2026-02-27T01:36:34.117Z [ODDS] (serving: Lea Ma)  Lea Ma: 1/6 → 1/7, Maya Iyengar: 7/2 → 4/1
2026-02-27T01:36:34.117Z [EVENT] (serving: Lea Ma)  game: 30-15
2026-02-27T01:37:05.684Z [ODDS] (serving: Lea Ma)  Lea Ma: 1/7 → 1/8, Maya Iyengar: 4/1 → 9/2
2026-02-27T01:37:05.684Z [EVENT] (serving: Lea Ma)  game: 40-15
2026-02-27T01:37:44.921Z [ODDS] (serving: Maya Iyengar)  Lea Ma: 1/8 → 1/9, Maya Iyengar: 9/2 → 5/1
2026-02-27T01:37:44.921Z [EVENT] (serving: Maya Iyengar)  sets: 6-2,3-5, game: 0-0, serving: P2
2026-02-27T01:38:20.099Z [ODDS] (serving: Maya Iyengar)  Lea Ma: 1/9 → 1/7, Maya Iyengar: 5/1 → 4/1
2026-02-27T01:38:20.099Z [EVENT] (serving: Maya Iyengar)  game: 0-15
2026-02-27T01:38:46.041Z [ODDS] (serving: Maya Iyengar)  Lea Ma: 1/7 → 1/6, Maya Iyengar: 4/1 → 7/2
2026-02-27T01:38:46.041Z [EVENT] (serving: Maya Iyengar)  game: 0-30
2026-02-27T01:39:30.690Z [ODDS] (serving: Maya Iyengar)  Lea Ma: 1/6 → 1/7, Maya Iyengar: 7/2 → 4/1
2026-02-27T01:39:30.690Z [EVENT] (serving: Maya Iyengar)  game: 15-30
2026-02-27T01:40:07.223Z [ODDS] (serving: Maya Iyengar)  Lea Ma: 1/7 → 1/9, Maya Iyengar: 4/1 → 5/1
2026-02-27T01:40:07.224Z [EVENT] (serving: Maya Iyengar)  game: 30-30
2026-02-27T01:40:56.384Z [ODDS] (serving: Maya Iyengar)  Lea Ma: 1/9 → 1/6, Maya Iyengar: 5/1 → 7/2
2026-02-27T01:40:56.384Z [EVENT] (serving: Maya Iyengar)  game: 30-40
2026-02-27T01:41:25.707Z [ODDS] (serving: Lea Ma)  Lea Ma: 1/6 → 1/5, Maya Iyengar: 7/2 → 10/3
2026-02-27T01:41:25.707Z [EVENT] (serving: Lea Ma)  sets: 6-2,3-6,0-0, game: 0-0, serving: P1
2026-02-27T01:43:33.341Z [ODDS] (serving: Lea Ma)  Lea Ma: 1/5 → 1/6, Maya Iyengar: 10/3 → 7/2
2026-02-27T01:43:33.341Z [EVENT] (serving: Lea Ma)  game: 15-0
2026-02-27T01:44:13.482Z [ODDS] (serving: Lea Ma)  Lea Ma: 1/6 → 1/7, Maya Iyengar: 7/2 → 4/1
2026-02-27T01:44:13.482Z [EVENT] (serving: Lea Ma)  game: 30-0
2026-02-27T01:44:42.345Z [ODDS] (serving: Lea Ma)  Lea Ma: 1/7 → 1/8, Maya Iyengar: 4/1 → 9/2
2026-02-27T01:44:42.345Z [EVENT] (serving: Lea Ma)  game: 40-0
2026-02-27T01:45:09.406Z [ODDS] (serving: Maya Iyengar)  Lea Ma: 1/8 → 1/9, Maya Iyengar: 9/2 → 5/1
2026-02-27T01:45:09.407Z [EVENT] (serving: Maya Iyengar)  sets: 6-2,3-6,1-0, game: 0-0, serving: P2
2026-02-27T01:46:08.939Z [ODDS] (serving: Maya Iyengar)  Lea Ma: 1/9 → 1/12, Maya Iyengar: 5/1 → 6/1
2026-02-27T01:46:08.939Z [EVENT] (serving: Maya Iyengar)  game: 15-0
2026-02-27T01:46:52.695Z [ODDS] (serving: Maya Iyengar)  Lea Ma: 1/12 → 1/16, Maya Iyengar: 6/1 → 7/1
2026-02-27T01:46:52.695Z [EVENT] (serving: Maya Iyengar)  game: 30-0
2026-02-27T01:47:37.796Z [ODDS] (serving: Maya Iyengar)  Lea Ma: 1/16 → 1/12, Maya Iyengar: 7/1 → 6/1
2026-02-27T01:47:37.796Z [EVENT] (serving: Maya Iyengar)  game: 30-15
2026-02-27T01:48:07.109Z [ODDS] (serving: Maya Iyengar)  Lea Ma: 1/12 → 1/18, Maya Iyengar: 6/1 → 15/2
2026-02-27T01:48:07.109Z [EVENT] (serving: Maya Iyengar)  game: 40-15
2026-02-27T01:48:49.053Z [ODDS] (serving: Maya Iyengar)  Lea Ma: 1/18 → 1/14, Maya Iyengar: 15/2 → 13/2
2026-02-27T01:48:49.053Z [EVENT] (serving: Maya Iyengar)  game: 40-30
2026-02-27T01:49:36.408Z [ODDS] (serving: Lea Ma)  Lea Ma: 1/14 → 1/25, Maya Iyengar: 13/2 → 9/1
2026-02-27T01:49:36.408Z [EVENT] (serving: Lea Ma)  sets: 6-2,3-6,2-0, game: 0-0, serving: P1
2026-02-27T01:50:28.726Z [ODDS] (serving: Lea Ma)  Lea Ma: 1/25 → 1/16, Maya Iyengar: 9/1 → 7/1
2026-02-27T01:50:28.726Z [EVENT] (serving: Lea Ma)  game: 0-15
2026-02-27T01:51:13.825Z [ODDS] (serving: Lea Ma)  Lea Ma: 1/16 → 1/20, Maya Iyengar: 7/1 → 8/1
2026-02-27T01:51:13.825Z [EVENT] (serving: Lea Ma)  game: 15-15
2026-02-27T01:51:37.731Z [ODDS] (serving: Lea Ma)  Lea Ma: 1/20 → 1/33, Maya Iyengar: 8/1 → 10/1
2026-02-27T01:51:37.731Z [EVENT] (serving: Lea Ma)  game: 30-15
2026-02-27T01:52:17.871Z [ODDS] (serving: Lea Ma)  Lea Ma: 1/33 → 1/40, Maya Iyengar: 10/1 → 11/1
2026-02-27T01:52:17.871Z [EVENT] (serving: Lea Ma)  game: 40-15
2026-02-27T01:52:54.108Z [ODDS] (serving: Maya Iyengar)  Lea Ma: 1/40 → 1/50, Maya Iyengar: 11/1 → 12/1
2026-02-27T01:52:54.108Z [EVENT] (serving: Maya Iyengar)  sets: 6-2,3-6,3-0, game: 0-0, serving: P2
2026-02-27T01:54:32.877Z [ODDS] (serving: Maya Iyengar)  Lea Ma: 1/50 → 1/66, Maya Iyengar: 12/1 → 14/1
2026-02-27T01:54:32.877Z [EVENT] (serving: Maya Iyengar)  game: 15-0
2026-02-27T01:54:59.486Z [ODDS] (serving: Maya Iyengar)  Lea Ma: 1/66 → 1/100, Maya Iyengar: 14/1 → 16/1
2026-02-27T01:54:59.486Z [EVENT] (serving: Maya Iyengar)  game: 30-0
2026-02-27T01:55:51.807Z [ODDS] (serving: Maya Iyengar)  Lea Ma: 1/100 → 1/66, Maya Iyengar: 16/1 → 14/1
2026-02-27T01:55:51.807Z [EVENT] (serving: Maya Iyengar)  game: 30-15
2026-02-27T01:56:44.119Z [ODDS] (serving: Maya Iyengar)  Lea Ma: 1/66 → 1/50, Maya Iyengar: 14/1 → 12/1
2026-02-27T01:56:44.119Z [EVENT] (serving: Maya Iyengar)  game: 30-30
2026-02-27T01:57:32.378Z [ODDS] (serving: Maya Iyengar)  Lea Ma: 1/50 → 1/33, Maya Iyengar: 12/1 → 10/1
2026-02-27T01:57:32.378Z [EVENT] (serving: Maya Iyengar)  game: 30-40
2026-02-27T01:58:10.261Z [ODDS] (serving: Maya Iyengar)  Lea Ma: 1/33 → 1/50, Maya Iyengar: 10/1 → 12/1
2026-02-27T01:58:10.261Z [EVENT] (serving: Maya Iyengar)  game: 40-40
2026-02-27T01:59:11.150Z [ODDS] (serving: Maya Iyengar)  Lea Ma: 1/50 → 1/33, Maya Iyengar: 12/1 → 10/1
2026-02-27T01:59:11.150Z [EVENT] (serving: Maya Iyengar)  game: 40-A
2026-02-27T01:59:52.645Z [ODDS] (serving: Lea Ma)  Lea Ma: 1/33 → 1/25, Maya Iyengar: 10/1 → 9/1
2026-02-27T01:59:52.645Z [EVENT] (serving: Lea Ma)  sets: 6-2,3-6,3-1, game: 0-0, serving: P1
2026-02-27T02:00:48.570Z [ODDS] (serving: Lea Ma)  Lea Ma: 1/25 → 1/33, Maya Iyengar: 9/1 → 10/1
2026-02-27T02:00:48.570Z [EVENT] (serving: Lea Ma)  game: 15-0
2026-02-27T02:01:32.768Z [ODDS] (serving: Lea Ma)  Lea Ma: 1/33 → 1/50, Maya Iyengar: 10/1 → 12/1
2026-02-27T02:01:32.768Z [EVENT] (serving: Lea Ma)  game: 30-0
2026-02-27T02:02:07.946Z [ODDS] (serving: Lea Ma)  Lea Ma: 1/50 → 1/66, Maya Iyengar: 12/1 → 14/1
2026-02-27T02:02:07.947Z [EVENT] (serving: Lea Ma)  game: 40-0
2026-02-27T02:02:26.890Z [ODDS] (serving: Lea Ma)  Lea Ma: 1/66 → 1/50, Maya Iyengar: 14/1 → 12/1
2026-02-27T02:02:43.126Z [ODDS] (serving: Maya Iyengar)  Lea Ma: 1/50 → 1/66, Maya Iyengar: 12/1 → 14/1
2026-02-27T02:02:43.126Z [EVENT] (serving: Maya Iyengar)  sets: 6-2,3-6,4-1, game: 0-0, serving: P2
2026-02-27T02:04:18.739Z [ODDS] (serving: Maya Iyengar)  Lea Ma: 1/66 → 1/50, Maya Iyengar: 14/1 → 12/1
2026-02-27T02:04:18.739Z [EVENT] (serving: Maya Iyengar)  game: 0-15
2026-02-27T02:04:50.309Z [ODDS] (serving: Maya Iyengar)  Lea Ma: 1/50 → 1/66, Maya Iyengar: 12/1 → 14/1
2026-02-27T02:04:50.309Z [EVENT] (serving: Maya Iyengar)  game: 15-15
2026-02-27T02:05:39.920Z [ODDS] (serving: Maya Iyengar)  Lea Ma: 1/66 → 1/50, Maya Iyengar: 14/1 → 12/1
2026-02-27T02:05:39.920Z [EVENT] (serving: Maya Iyengar)  game: 15-30
2026-02-27T02:06:13.295Z [ODDS] (serving: Maya Iyengar)  Lea Ma: 1/50 → 1/40, Maya Iyengar: 12/1 → 11/1
2026-02-27T02:06:13.295Z [EVENT] (serving: Maya Iyengar)  game: 15-40
2026-02-27T02:06:56.139Z [EVENT] (serving: Maya Iyengar)  game: 30-40
2026-02-27T02:07:28.160Z [ODDS] (serving: Lea Ma)  Lea Ma: 1/40 → 1/33, Maya Iyengar: 11/1 → 10/1
2026-02-27T02:07:28.160Z [EVENT] (serving: Lea Ma)  sets: 6-2,3-6,4-2, game: 0-0, serving: P1
2026-02-27T02:08:06.494Z [ODDS] (serving: Lea Ma)  Lea Ma: 1/33 → 1/20, Maya Iyengar: 10/1 → 8/1
2026-02-27T02:08:06.494Z [EVENT] (serving: Lea Ma)  game: 0-15
2026-02-27T02:08:51.951Z [ODDS] (serving: Lea Ma)  Lea Ma: 1/20 → 1/33, Maya Iyengar: 8/1 → 10/1
2026-02-27T02:08:51.951Z [EVENT] (serving: Lea Ma)  game: 15-15
2026-02-27T02:09:42.012Z [ODDS] (serving: Lea Ma)  Lea Ma: 1/33 → 1/50, Maya Iyengar: 10/1 → 12/1
2026-02-27T02:09:42.012Z [EVENT] (serving: Lea Ma)  game: 30-15
2026-02-27T02:10:15.386Z [ODDS] (serving: Lea Ma)  Lea Ma: 1/50 → 1/40, Maya Iyengar: 12/1 → 11/1
2026-02-27T02:10:37.940Z [ODDS] (serving: Lea Ma)  Lea Ma: 1/40 → 1/25, Maya Iyengar: 11/1 → 9/1
2026-02-27T02:10:37.940Z [EVENT] (serving: Lea Ma)  game: 30-30
2026-02-27T02:10:49.213Z [ODDS] (serving: Lea Ma)  Lea Ma: 1/25 → 1/20, Maya Iyengar: 9/1 → 8/1
2026-02-27T02:11:16.725Z [ODDS] (serving: Lea Ma)  Lea Ma: 1/20 → 1/14, Maya Iyengar: 8/1 → 13/2
2026-02-27T02:11:16.725Z [EVENT] (serving: Lea Ma)  game: 30-40
2026-02-27T02:11:40.627Z [ODDS] (serving: Lea Ma)  Lea Ma: 1/14 → 1/12, Maya Iyengar: 13/2 → 6/1
2026-02-27T02:12:08.590Z [ODDS] (serving: Lea Ma)  Lea Ma: 1/12 → 1/25, Maya Iyengar: 6/1 → 9/1
2026-02-27T02:12:08.590Z [EVENT] (serving: Lea Ma)  game: 40-40
2026-02-27T02:13:06.317Z [ODDS] (serving: Lea Ma)  Lea Ma: 1/25 → 1/50, Maya Iyengar: 9/1 → 12/1
2026-02-27T02:13:06.317Z [EVENT] (serving: Lea Ma)  game: A-40
2026-02-27T02:13:31.573Z [ODDS] (serving: Maya Iyengar)  Lea Ma: 1/50 → 1/100, Maya Iyengar: 12/1 → 16/1
2026-02-27T02:13:31.573Z [EVENT] (serving: Maya Iyengar)  sets: 6-2,3-6,5-2, game: 0-0, serving: P2
2026-02-27T02:15:04.033Z [ODDS] (serving: Maya Iyengar)  Lea Ma: 1/100 → 1/66, Maya Iyengar: 16/1 → 14/1
2026-02-27T02:15:04.033Z [EVENT] (serving: Maya Iyengar)  game: 0-15
2026-02-27T02:15:29.740Z [ODDS] (serving: Maya Iyengar)  Lea Ma: 1/66 → 1/100, Maya Iyengar: 14/1 → 16/1
2026-02-27T02:15:29.740Z [EVENT] (serving: Maya Iyengar)  game: 15-15
2026-02-27T02:15:54.996Z [ODDS] (serving: Maya Iyengar)  Lea Ma: 1/100 → 1/66, Maya Iyengar: 16/1 → 14/1
2026-02-27T02:15:54.996Z [EVENT] (serving: Maya Iyengar)  game: 15-30
2026-02-27T02:16:14.393Z [ODDS] (serving: Maya Iyengar)  Lea Ma: 1/66 → 1/50, Maya Iyengar: 14/1 → 12/1
2026-02-27T02:16:14.393Z [EVENT] (serving: Maya Iyengar)  game: 15-40
2026-02-27T02:16:50.919Z [ODDS] (serving: Maya Iyengar)  Lea Ma: 1/50 → 1/66, Maya Iyengar: 12/1 → 14/1
2026-02-27T02:16:50.919Z [EVENT] (serving: Maya Iyengar)  game: 30-40
2026-02-27T02:17:39.177Z [ODDS] (serving: Maya Iyengar)  Lea Ma: 1/66 → 1/100, Maya Iyengar: 14/1 → 16/1
2026-02-27T02:17:39.177Z [EVENT] (serving: Maya Iyengar)  game: 40-40
2026-02-27T02:18:17.512Z [ODDS] (serving: Maya Iyengar)  Lea Ma: 1/100 → 1/250, Maya Iyengar: 16/1 → 28/1
2026-02-27T02:18:17.512Z [EVENT] (serving: Maya Iyengar)  game: A-40
2026-02-27T02:18:59.908Z [ODDS] (serving: Maya Iyengar)  Lea Ma: 1/250 → 1/100, Maya Iyengar: 28/1 → 16/1
2026-02-27T02:18:59.908Z [EVENT] (serving: Maya Iyengar)  game: 40-40
2026-02-27T02:19:43.655Z [ODDS] (serving: Maya Iyengar)  Lea Ma: 1/100 → 1/250, Maya Iyengar: 16/1 → 28/1
2026-02-27T02:19:43.655Z [EVENT] (serving: Maya Iyengar)  game: A-40
2026-02-27T02:20:25.149Z [ODDS] (serving: Maya Iyengar)  Lea Ma: 1/250 → 1/100, Maya Iyengar: 28/1 → 16/1
2026-02-27T02:20:25.149Z [EVENT] (serving: Maya Iyengar)  game: 40-40
2026-02-27T02:21:11.603Z [ODDS] (serving: Maya Iyengar)  Lea Ma: 1/100 → 1/250, Maya Iyengar: 16/1 → 28/1
2026-02-27T02:21:11.603Z [EVENT] (serving: Maya Iyengar)  game: A-40
2026-02-27T02:21:46.338Z [ODDS] (serving: Maya Iyengar)  Lea Ma: 1/250 → 0/0, Maya Iyengar: 28/1 → 0/0
2026-02-27T02:21:46.338Z [EVENT] (serving: Maya Iyengar)  sets: 6-2,3-6,6-2, game: 0-0
