2026-02-27T00:13:22.013Z [ODDS] (serving: Vaidehee Chaudhari)  Chengyiyi Yuan: 7/4 → 2/1, Vaidehee Chaudhari: 2/5 → 4/11
2026-02-27T00:13:22.013Z [EVENT] (serving: Vaidehee Chaudhari)  game: 0-15
2026-02-27T00:13:49.974Z [ODDS] (serving: Vaidehee Chaudhari)  Chengyiyi Yuan: 2/1 → 13/8, Vaidehee Chaudhari: 4/11 → 4/9
2026-02-27T00:13:49.974Z [EVENT] (serving: Vaidehee Chaudhari)  game: 15-15
2026-02-27T00:14:10.270Z [ODDS] (serving: Vaidehee Chaudhari)  Chengyiyi Yuan: 13/8 → 2/1, Vaidehee Chaudhari: 4/9 → 4/11
2026-02-27T00:14:10.270Z [EVENT] (serving: Vaidehee Chaudhari)  game: 15-30
2026-02-27T00:14:46.802Z [ODDS] (serving: Vaidehee Chaudhari)  Chengyiyi Yuan: 2/1 → 13/8, Vaidehee Chaudhari: 4/11 → 4/9
2026-02-27T00:14:46.802Z [EVENT] (serving: Vaidehee Chaudhari)  game: 30-30
2026-02-27T00:15:16.118Z [ODDS] (serving: Vaidehee Chaudhari)  Chengyiyi Yuan: 13/8 → 6/4, Vaidehee Chaudhari: 4/9 → 1/2
2026-02-27T00:15:16.118Z [EVENT] (serving: Vaidehee Chaudhari)  game: 40-30
2026-02-27T00:15:41.898Z [ODDS] (serving: Vaidehee Chaudhari)  Chengyiyi Yuan: 6/4 → 13/8, Vaidehee Chaudhari: 1/2 → 4/9
2026-02-27T00:15:41.898Z [EVENT] (serving: Vaidehee Chaudhari)  game: 40-40
2026-02-27T00:16:06.631Z [ODDS] (serving: Vaidehee Chaudhari)  Chengyiyi Yuan: 13/8 → 7/4, Vaidehee Chaudhari: 4/9 → 2/5
2026-02-27T00:16:06.631Z [EVENT] (serving: Vaidehee Chaudhari)  game: 40-A
2026-02-27T00:16:30.082Z [ODDS] (serving: Vaidehee Chaudhari)  Chengyiyi Yuan: 7/4 → 13/8, Vaidehee Chaudhari: 2/5 → 4/9
2026-02-27T00:16:30.082Z [EVENT] (serving: Vaidehee Chaudhari)  game: 40-40
2026-02-27T00:16:53.986Z [ODDS] (serving: Vaidehee Chaudhari)  Chengyiyi Yuan: 13/8 → 7/4, Vaidehee Chaudhari: 4/9 → 2/5
2026-02-27T00:16:53.986Z [EVENT] (serving: Vaidehee Chaudhari)  game: 40-A
2026-02-27T00:17:21.947Z [ODDS] (serving: Vaidehee Chaudhari)  Chengyiyi Yuan: 7/4 → 13/8, Vaidehee Chaudhari: 2/5 → 4/9
2026-02-27T00:17:21.947Z [EVENT] (serving: Vaidehee Chaudhari)  game: 40-40
2026-02-27T00:17:47.655Z [ODDS] (serving: Vaidehee Chaudhari)  Chengyiyi Yuan: 13/8 → 7/4, Vaidehee Chaudhari: 4/9 → 2/5
2026-02-27T00:17:47.655Z [EVENT] (serving: Vaidehee Chaudhari)  game: 40-A
2026-02-27T00:18:07.952Z [ODDS] (serving: Vaidehee Chaudhari)  Chengyiyi Yuan: 7/4 → 13/8, Vaidehee Chaudhari: 2/5 → 4/9
2026-02-27T00:18:07.952Z [EVENT] (serving: Vaidehee Chaudhari)  game: 40-40
2026-02-27T00:18:49.443Z [ODDS] (serving: Vaidehee Chaudhari)  Chengyiyi Yuan: 13/8 → 7/4, Vaidehee Chaudhari: 4/9 → 2/5
2026-02-27T00:18:49.443Z [EVENT] (serving: Vaidehee Chaudhari)  game: 40-A
2026-02-27T00:19:13.346Z [ODDS] (serving: Chengyiyi Yuan)  Chengyiyi Yuan: 7/4 → 2/1, Vaidehee Chaudhari: 2/5 → 4/11
2026-02-27T00:19:13.346Z [EVENT] (serving: Chengyiyi Yuan)  sets: 0-1, game: 0-0, serving: P1
2026-02-27T00:20:49.860Z [ODDS] (serving: Chengyiyi Yuan)  Chengyiyi Yuan: 2/1 → 7/4, Vaidehee Chaudhari: 4/11 → 2/5
2026-02-27T00:20:49.860Z [EVENT] (serving: Chengyiyi Yuan)  game: 15-0
2026-02-27T00:21:32.254Z [ODDS] (serving: Chengyiyi Yuan)  Chengyiyi Yuan: 7/4 → 13/8, Vaidehee Chaudhari: 2/5 → 4/9
2026-02-27T00:21:32.254Z [EVENT] (serving: Chengyiyi Yuan)  game: 30-0
2026-02-27T00:21:57.961Z [EVENT] (serving: Chengyiyi Yuan)  game: 40-0
2026-02-27T00:22:54.851Z [EVENT] (serving: Chengyiyi Yuan)  game: 40-15
2026-02-27T00:23:25.906Z [ODDS] (serving: Chengyiyi Yuan)  Chengyiyi Yuan: 13/8 → 7/4, Vaidehee Chaudhari: 4/9 → 2/5
2026-02-27T00:23:25.906Z [EVENT] (serving: Chengyiyi Yuan)  game: 40-30
2026-02-27T00:24:01.089Z [ODDS] (serving: Chengyiyi Yuan)  Chengyiyi Yuan: 7/4 → 9/4, Vaidehee Chaudhari: 2/5 → 1/3
2026-02-27T00:24:01.089Z [EVENT] (serving: Chengyiyi Yuan)  game: 40-40
2026-02-27T00:24:30.402Z [ODDS] (serving: Chengyiyi Yuan)  Chengyiyi Yuan: 9/4 → 7/4, Vaidehee Chaudhari: 1/3 → 2/5
2026-02-27T00:24:30.402Z [EVENT] (serving: Chengyiyi Yuan)  game: A-40
2026-02-27T00:25:48.934Z [ODDS] (serving: Chengyiyi Yuan)  Chengyiyi Yuan: 7/4 → 9/4, Vaidehee Chaudhari: 2/5 → 1/3
2026-02-27T00:25:48.934Z [EVENT] (serving: Chengyiyi Yuan)  game: 40-40
2026-02-27T00:26:49.862Z [ODDS] (serving: Chengyiyi Yuan)  Chengyiyi Yuan: 9/4 → 12/5, Vaidehee Chaudhari: 1/3 → 3/10
2026-02-27T00:26:49.862Z [EVENT] (serving: Chengyiyi Yuan)  game: 40-A
2026-02-27T00:27:51.610Z [ODDS] (serving: Vaidehee Chaudhari)  Chengyiyi Yuan: 12/5 → 11/4, Vaidehee Chaudhari: 3/10 → 1/4
2026-02-27T00:27:51.610Z [EVENT] (serving: Vaidehee Chaudhari)  sets: 0-2, game: 0-0, serving: P2
2026-02-27T00:28:44.326Z [ODDS] (serving: Vaidehee Chaudhari)  Chengyiyi Yuan: 11/4 → 5/2, Vaidehee Chaudhari: 1/4 → 2/7
2026-02-27T00:28:44.326Z [EVENT] (serving: Vaidehee Chaudhari)  game: 15-0
2026-02-27T00:29:05.136Z [ODDS] (serving: Vaidehee Chaudhari)  Chengyiyi Yuan: 5/2 → 11/4, Vaidehee Chaudhari: 2/7 → 1/4
2026-02-27T00:29:05.136Z [EVENT] (serving: Vaidehee Chaudhari)  game: 15-15
2026-02-27T00:29:43.400Z [ODDS] (serving: Vaidehee Chaudhari)  Chengyiyi Yuan: 11/4 → 5/2, Vaidehee Chaudhari: 1/4 → 2/7
2026-02-27T00:29:43.400Z [EVENT] (serving: Vaidehee Chaudhari)  game: 30-15
2026-02-27T00:30:25.343Z [ODDS] (serving: Vaidehee Chaudhari)  Chengyiyi Yuan: 5/2 → 11/4, Vaidehee Chaudhari: 2/7 → 1/4
2026-02-27T00:30:25.343Z [EVENT] (serving: Vaidehee Chaudhari)  game: 30-30
2026-02-27T00:31:18.111Z [ODDS] (serving: Vaidehee Chaudhari)  Chengyiyi Yuan: 11/4 → 5/2, Vaidehee Chaudhari: 1/4 → 2/7
2026-02-27T00:31:18.112Z [EVENT] (serving: Vaidehee Chaudhari)  game: 40-30
2026-02-27T00:31:51.487Z [ODDS] (serving: Chengyiyi Yuan)  Chengyiyi Yuan: 5/2 → 9/4, Vaidehee Chaudhari: 2/7 → 1/3
2026-02-27T00:31:51.487Z [EVENT] (serving: Chengyiyi Yuan)  sets: 1-2, game: 0-0, serving: P1
2026-02-27T00:33:51.003Z [ODDS] (serving: Chengyiyi Yuan)  Chengyiyi Yuan: 9/4 → 5/2, Vaidehee Chaudhari: 1/3 → 2/7
2026-02-27T00:33:51.003Z [EVENT] (serving: Chengyiyi Yuan)  game: 0-15
2026-02-27T00:34:22.576Z [ODDS] (serving: Chengyiyi Yuan)  Chengyiyi Yuan: 5/2 → 11/4, Vaidehee Chaudhari: 2/7 → 1/4
2026-02-27T00:34:22.576Z [EVENT] (serving: Chengyiyi Yuan)  game: 0-30
2026-02-27T00:35:07.738Z [ODDS] (serving: Chengyiyi Yuan)  Chengyiyi Yuan: 11/4 → 5/2, Vaidehee Chaudhari: 1/4 → 2/7
2026-02-27T00:35:07.738Z [EVENT] (serving: Chengyiyi Yuan)  game: 15-30
2026-02-27T00:36:02.700Z [ODDS] (serving: Chengyiyi Yuan)  Chengyiyi Yuan: 5/2 → 9/4, Vaidehee Chaudhari: 2/7 → 1/3
2026-02-27T00:36:02.700Z [EVENT] (serving: Chengyiyi Yuan)  game: 30-30
2026-02-27T00:36:40.135Z [ODDS] (serving: Chengyiyi Yuan)  Chengyiyi Yuan: 9/4 → 2/1, Vaidehee Chaudhari: 1/3 → 4/11
2026-02-27T00:36:40.135Z [EVENT] (serving: Chengyiyi Yuan)  game: 40-30
2026-02-27T00:37:32.902Z [ODDS] (serving: Vaidehee Chaudhari)  Chengyiyi Yuan: 2/1 → 13/8, Vaidehee Chaudhari: 4/11 → 4/9
2026-02-27T00:37:32.902Z [EVENT] (serving: Vaidehee Chaudhari)  sets: 2-2, game: 0-0, serving: P2
2026-02-27T00:38:12.144Z [ODDS] (serving: Vaidehee Chaudhari)  Chengyiyi Yuan: 13/8 → 2/1, Vaidehee Chaudhari: 4/9 → 4/11
2026-02-27T00:38:12.145Z [EVENT] (serving: Vaidehee Chaudhari)  game: 0-15
2026-02-27T00:38:38.342Z [ODDS] (serving: Vaidehee Chaudhari)  Chengyiyi Yuan: 2/1 → 13/8, Vaidehee Chaudhari: 4/11 → 4/9
2026-02-27T00:38:38.342Z [EVENT] (serving: Vaidehee Chaudhari)  game: 15-15
2026-02-27T00:39:20.286Z [ODDS] (serving: Vaidehee Chaudhari)  Chengyiyi Yuan: 13/8 → 6/4, Vaidehee Chaudhari: 4/9 → 1/2
2026-02-27T00:39:20.286Z [EVENT] (serving: Vaidehee Chaudhari)  game: 30-15
2026-02-27T00:40:09.446Z [ODDS] (serving: Vaidehee Chaudhari)  Chengyiyi Yuan: 6/4 → 13/8, Vaidehee Chaudhari: 1/2 → 4/9
2026-02-27T00:40:09.446Z [EVENT] (serving: Vaidehee Chaudhari)  game: 30-30
2026-02-27T00:40:41.976Z [ODDS] (serving: Vaidehee Chaudhari)  Chengyiyi Yuan: 13/8 → 2/1, Vaidehee Chaudhari: 4/9 → 4/11
2026-02-27T00:40:41.976Z [EVENT] (serving: Vaidehee Chaudhari)  game: 30-40
2026-02-27T00:41:06.275Z [ODDS] (serving: Chengyiyi Yuan)  Chengyiyi Yuan: 2/1 → 12/5, Vaidehee Chaudhari: 4/11 → 3/10
2026-02-27T00:41:06.275Z [EVENT] (serving: Chengyiyi Yuan)  sets: 2-3, game: 0-0, serving: P1
2026-02-27T00:43:16.616Z [ODDS] (serving: Chengyiyi Yuan)  Chengyiyi Yuan: 12/5 → 11/4, Vaidehee Chaudhari: 3/10 → 1/4
2026-02-27T00:43:16.616Z [EVENT] (serving: Chengyiyi Yuan)  game: 0-15
2026-02-27T00:44:01.353Z [ODDS] (serving: Chengyiyi Yuan)  Chengyiyi Yuan: 11/4 → 3/1, Vaidehee Chaudhari: 1/4 → 2/9
2026-02-27T00:44:01.353Z [EVENT] (serving: Chengyiyi Yuan)  game: 0-30
2026-02-27T00:45:26.509Z [ODDS] (serving: Chengyiyi Yuan)  Chengyiyi Yuan: 3/1 → 10/3, Vaidehee Chaudhari: 2/9 → 1/5
2026-02-27T00:45:26.509Z [EVENT] (serving: Chengyiyi Yuan)  game: 0-40
2026-02-27T00:46:38.219Z [EVENT] (serving: Chengyiyi Yuan)  game: 15-40
2026-02-27T00:47:12.536Z [ODDS] (serving: Vaidehee Chaudhari)  Chengyiyi Yuan: 10/3 → 7/2, Vaidehee Chaudhari: 1/5 → 1/6
2026-02-27T00:47:12.536Z [EVENT] (serving: Vaidehee Chaudhari)  sets: 2-4, game: 0-0, serving: P2
2026-02-27T00:47:47.673Z [EVENT] (serving: Vaidehee Chaudhari)  game: 0-15
2026-02-27T00:48:08.872Z [ODDS] (serving: Vaidehee Chaudhari)  Chengyiyi Yuan: 7/2 → 4/1, Vaidehee Chaudhari: 1/6 → 1/7
2026-02-27T00:48:08.872Z [EVENT] (serving: Vaidehee Chaudhari)  game: 0-30
2026-02-27T00:48:36.382Z [ODDS] (serving: Vaidehee Chaudhari)  Chengyiyi Yuan: 4/1 → 7/2, Vaidehee Chaudhari: 1/7 → 1/6
2026-02-27T00:48:36.382Z [EVENT] (serving: Vaidehee Chaudhari)  game: 15-30
2026-02-27T00:49:04.794Z [ODDS] (serving: Vaidehee Chaudhari)  Chengyiyi Yuan: 7/2 → 9/2, Vaidehee Chaudhari: 1/6 → 1/8
2026-02-27T00:49:04.794Z [EVENT] (serving: Vaidehee Chaudhari)  game: 15-40
2026-02-27T00:49:26.070Z [ODDS] (serving: Vaidehee Chaudhari)  Chengyiyi Yuan: 9/2 → 4/1, Vaidehee Chaudhari: 1/8 → 1/7
2026-02-27T00:49:26.070Z [EVENT] (serving: Vaidehee Chaudhari)  game: 30-40
2026-02-27T00:49:49.444Z [ODDS] (serving: Vaidehee Chaudhari)  Chengyiyi Yuan: 4/1 → 7/2, Vaidehee Chaudhari: 1/7 → 1/6
2026-02-27T00:50:05.231Z [ODDS] (serving: Vaidehee Chaudhari)  Chengyiyi Yuan: 7/2 → 10/3, Vaidehee Chaudhari: 1/6 → 1/5
2026-02-27T00:50:05.231Z [EVENT] (serving: Vaidehee Chaudhari)  game: 40-40
2026-02-27T00:50:44.467Z [ODDS] (serving: Vaidehee Chaudhari)  Chengyiyi Yuan: 10/3 → 3/1, Vaidehee Chaudhari: 1/5 → 2/9
2026-02-27T00:50:44.467Z [EVENT] (serving: Vaidehee Chaudhari)  game: A-40
2026-02-27T00:51:08.822Z [ODDS] (serving: Vaidehee Chaudhari)  Chengyiyi Yuan: 3/1 → 10/3, Vaidehee Chaudhari: 2/9 → 1/5
2026-02-27T00:51:08.822Z [EVENT] (serving: Vaidehee Chaudhari)  game: 40-40
2026-02-27T00:51:45.804Z [ODDS] (serving: Vaidehee Chaudhari)  Chengyiyi Yuan: 10/3 → 3/1, Vaidehee Chaudhari: 1/5 → 2/9
2026-02-27T00:51:45.804Z [EVENT] (serving: Vaidehee Chaudhari)  game: A-40
2026-02-27T00:52:14.668Z [ODDS] (serving: Chengyiyi Yuan)  Chengyiyi Yuan: 3/1 → 5/2, Vaidehee Chaudhari: 2/9 → 2/7
2026-02-27T00:52:14.668Z [EVENT] (serving: Chengyiyi Yuan)  sets: 3-4, game: 0-0, serving: P1
2026-02-27T00:54:00.208Z [ODDS] (serving: Chengyiyi Yuan)  Chengyiyi Yuan: 5/2 → 9/4, Vaidehee Chaudhari: 2/7 → 1/3
2026-02-27T00:54:00.208Z [EVENT] (serving: Chengyiyi Yuan)  game: 15-0
2026-02-27T00:55:04.702Z [ODDS] (serving: Chengyiyi Yuan)  Chengyiyi Yuan: 9/4 → 2/1, Vaidehee Chaudhari: 1/3 → 4/11
2026-02-27T00:55:04.702Z [EVENT] (serving: Chengyiyi Yuan)  game: 30-0
2026-02-27T00:55:37.179Z [ODDS] (serving: Chengyiyi Yuan)  Chengyiyi Yuan: 2/1 → 13/8, Vaidehee Chaudhari: 4/11 → 4/9
2026-02-27T00:55:37.179Z [EVENT] (serving: Chengyiyi Yuan)  game: 40-0
2026-02-27T00:56:28.588Z [ODDS] (serving: Chengyiyi Yuan)  Chengyiyi Yuan: 13/8 → 7/4, Vaidehee Chaudhari: 4/9 → 2/5
2026-02-27T00:56:28.588Z [EVENT] (serving: Chengyiyi Yuan)  game: 40-15
2026-02-27T00:57:10.080Z [ODDS] (serving: Chengyiyi Yuan)  Chengyiyi Yuan: 7/4 → 9/4, Vaidehee Chaudhari: 2/5 → 1/3
2026-02-27T00:57:10.080Z [EVENT] (serving: Chengyiyi Yuan)  game: 40-30
2026-02-27T00:57:42.102Z [ODDS] (serving: Vaidehee Chaudhari)  Chengyiyi Yuan: 9/4 → 7/4, Vaidehee Chaudhari: 1/3 → 2/5
2026-02-27T00:57:42.102Z [EVENT] (serving: Vaidehee Chaudhari)  sets: 4-4, game: 0-0, serving: P2
2026-02-27T00:58:34.418Z [ODDS] (serving: Vaidehee Chaudhari)  Chengyiyi Yuan: 7/4 → 6/4, Vaidehee Chaudhari: 2/5 → 1/2
2026-02-27T00:58:34.418Z [EVENT] (serving: Vaidehee Chaudhari)  game: 15-0
2026-02-27T00:59:21.772Z [ODDS] (serving: Vaidehee Chaudhari)  Chengyiyi Yuan: 6/4 → 7/4, Vaidehee Chaudhari: 1/2 → 2/5
2026-02-27T00:59:21.772Z [EVENT] (serving: Vaidehee Chaudhari)  game: 15-15
2026-02-27T00:59:52.894Z [ODDS] (serving: Vaidehee Chaudhari)  Chengyiyi Yuan: 7/4 → 9/4, Vaidehee Chaudhari: 2/5 → 1/3
2026-02-27T00:59:52.894Z [EVENT] (serving: Vaidehee Chaudhari)  game: 15-30
2026-02-27T01:00:14.090Z [ODDS] (serving: Vaidehee Chaudhari)  Chengyiyi Yuan: 9/4 → 13/8, Vaidehee Chaudhari: 1/3 → 4/9
2026-02-27T01:00:14.090Z [EVENT] (serving: Vaidehee Chaudhari)  game: 30-30
2026-02-27T01:00:53.778Z [ODDS] (serving: Vaidehee Chaudhari)  Chengyiyi Yuan: 13/8 → 9/4, Vaidehee Chaudhari: 4/9 → 1/3
2026-02-27T01:00:53.779Z [EVENT] (serving: Vaidehee Chaudhari)  game: 30-40
2026-02-27T01:01:24.448Z [ODDS] (serving: Chengyiyi Yuan)  Chengyiyi Yuan: 9/4 → 11/4, Vaidehee Chaudhari: 1/3 → 1/4
2026-02-27T01:01:24.448Z [EVENT] (serving: Chengyiyi Yuan)  sets: 4-5, game: 0-0, serving: P1
2026-02-27T01:03:39.305Z [ODDS] (serving: Chengyiyi Yuan)  Chengyiyi Yuan: 11/4 → 10/3, Vaidehee Chaudhari: 1/4 → 1/5
2026-02-27T01:03:39.305Z [EVENT] (serving: Chengyiyi Yuan)  game: 0-15
2026-02-27T01:04:28.908Z [ODDS] (serving: Chengyiyi Yuan)  Chengyiyi Yuan: 10/3 → 7/2, Vaidehee Chaudhari: 1/5 → 1/6
2026-02-27T01:04:28.908Z [EVENT] (serving: Chengyiyi Yuan)  game: 0-30
2026-02-27T01:06:09.484Z [ODDS] (serving: Chengyiyi Yuan)  Chengyiyi Yuan: 7/2 → 10/3, Vaidehee Chaudhari: 1/6 → 1/5
2026-02-27T01:06:09.484Z [EVENT] (serving: Chengyiyi Yuan)  game: 15-30
2026-02-27T01:07:01.803Z [ODDS] (serving: Chengyiyi Yuan)  Chengyiyi Yuan: 10/3 → 11/4, Vaidehee Chaudhari: 1/5 → 1/4
2026-02-27T01:07:01.803Z [EVENT] (serving: Chengyiyi Yuan)  game: 30-30
2026-02-27T01:07:31.119Z [ODDS] (serving: Chengyiyi Yuan)  Chengyiyi Yuan: 11/4 → 10/3, Vaidehee Chaudhari: 1/4 → 1/5
2026-02-27T01:07:31.119Z [EVENT] (serving: Chengyiyi Yuan)  game: 15-30
2026-02-27T01:07:33.374Z [ODDS] (serving: Chengyiyi Yuan)  Chengyiyi Yuan: 10/3 → 7/2, Vaidehee Chaudhari: 1/5 → 1/6
2026-02-27T01:07:33.374Z [EVENT] (serving: Chengyiyi Yuan)  game: 0-30
2026-02-27T01:07:40.591Z [ODDS] (serving: Chengyiyi Yuan)  Chengyiyi Yuan: 7/2 → 10/3, Vaidehee Chaudhari: 1/6 → 1/5
2026-02-27T01:07:40.591Z [EVENT] (serving: Chengyiyi Yuan)  game: 15-30
2026-02-27T01:07:43.296Z [ODDS] (serving: Chengyiyi Yuan)  Chengyiyi Yuan: 10/3 → 7/2, Vaidehee Chaudhari: 1/5 → 1/6
2026-02-27T01:07:43.296Z [EVENT] (serving: Chengyiyi Yuan)  game: 0-30
2026-02-27T01:07:47.805Z [ODDS] (serving: Chengyiyi Yuan)  Chengyiyi Yuan: 7/2 → 9/2, Vaidehee Chaudhari: 1/6 → 1/8
2026-02-27T01:07:47.805Z [EVENT] (serving: Chengyiyi Yuan)  game: 0-40
2026-02-27T01:07:54.572Z [ODDS] (serving: Chengyiyi Yuan)  Chengyiyi Yuan: 9/2 → 4/1, Vaidehee Chaudhari: 1/8 → 1/7
2026-02-27T01:07:54.572Z [EVENT] (serving: Chengyiyi Yuan)  game: 15-40
2026-02-27T01:08:06.748Z [ODDS] (serving: Chengyiyi Yuan)  Chengyiyi Yuan: 4/1 → 10/3, Vaidehee Chaudhari: 1/7 → 1/5
2026-02-27T01:08:06.748Z [EVENT] (serving: Chengyiyi Yuan)  game: 30-40
2026-02-27T01:08:13.062Z [ODDS] (serving: Vaidehee Chaudhari)  Chengyiyi Yuan: 10/3 → 5/1, Vaidehee Chaudhari: 1/5 → 1/9
2026-02-27T01:08:13.062Z [EVENT] (serving: Vaidehee Chaudhari)  sets: 4-6,0-0, game: 0-0, serving: P2
2026-02-27T01:10:07.024Z [ODDS] (serving: Vaidehee Chaudhari)  Chengyiyi Yuan: 5/1 → 4/1, Vaidehee Chaudhari: 1/9 → 1/7
2026-02-27T01:10:07.024Z [EVENT] (serving: Vaidehee Chaudhari)  game: 15-0
2026-02-27T01:10:30.033Z [ODDS] (serving: Vaidehee Chaudhari)  Chengyiyi Yuan: 4/1 → 5/1, Vaidehee Chaudhari: 1/7 → 1/9
2026-02-27T01:10:30.033Z [EVENT] (serving: Vaidehee Chaudhari)  game: 15-15
2026-02-27T01:10:58.436Z [ODDS] (serving: Vaidehee Chaudhari)  Chengyiyi Yuan: 5/1 → 4/1, Vaidehee Chaudhari: 1/9 → 1/7
2026-02-27T01:10:58.436Z [EVENT] (serving: Vaidehee Chaudhari)  game: 30-15
2026-02-27T01:11:41.737Z [ODDS] (serving: Vaidehee Chaudhari)  Chengyiyi Yuan: 4/1 → 7/2, Vaidehee Chaudhari: 1/7 → 1/6
2026-02-27T01:11:41.737Z [EVENT] (serving: Vaidehee Chaudhari)  game: 40-15
2026-02-27T01:12:35.404Z [ODDS] (serving: Chengyiyi Yuan)  Chengyiyi Yuan: 7/2 → 10/3, Vaidehee Chaudhari: 1/6 → 1/5
2026-02-27T01:12:35.404Z [EVENT] (serving: Chengyiyi Yuan)  sets: 4-6,1-0, game: 0-0, serving: P1
2026-02-27T01:14:39.433Z [ODDS] (serving: Chengyiyi Yuan)  Chengyiyi Yuan: 10/3 → 11/4, Vaidehee Chaudhari: 1/5 → 1/4
2026-02-27T01:14:39.433Z [EVENT] (serving: Chengyiyi Yuan)  game: 15-0
2026-02-27T01:15:42.571Z [ODDS] (serving: Chengyiyi Yuan)  Chengyiyi Yuan: 11/4 → 10/3, Vaidehee Chaudhari: 1/4 → 1/5
2026-02-27T01:15:42.572Z [EVENT] (serving: Chengyiyi Yuan)  game: 15-15
2026-02-27T01:16:20.456Z [ODDS] (serving: Chengyiyi Yuan)  Chengyiyi Yuan: 10/3 → 7/2, Vaidehee Chaudhari: 1/5 → 1/6
2026-02-27T01:16:20.456Z [EVENT] (serving: Chengyiyi Yuan)  game: 15-30
2026-02-27T01:17:00.144Z [ODDS] (serving: Chengyiyi Yuan)  Chengyiyi Yuan: 7/2 → 4/1, Vaidehee Chaudhari: 1/6 → 1/7
2026-02-27T01:17:00.144Z [EVENT] (serving: Chengyiyi Yuan)  game: 15-40
2026-02-27T01:17:35.323Z [ODDS] (serving: Vaidehee Chaudhari)  Chengyiyi Yuan: 4/1 → 9/2, Vaidehee Chaudhari: 1/7 → 1/8
2026-02-27T01:17:35.323Z [EVENT] (serving: Vaidehee Chaudhari)  sets: 4-6,1-1, game: 0-0, serving: P2
2026-02-27T01:18:24.031Z [ODDS] (serving: Vaidehee Chaudhari)  Chengyiyi Yuan: 9/2 → 4/1, Vaidehee Chaudhari: 1/8 → 1/7
2026-02-27T01:18:24.031Z [EVENT] (serving: Vaidehee Chaudhari)  game: 15-0
2026-02-27T01:18:53.346Z [ODDS] (serving: Vaidehee Chaudhari)  Chengyiyi Yuan: 4/1 → 7/2, Vaidehee Chaudhari: 1/7 → 1/6
2026-02-27T01:18:53.346Z [EVENT] (serving: Vaidehee Chaudhari)  game: 30-0
2026-02-27T01:19:35.290Z [ODDS] (serving: Vaidehee Chaudhari)  Chengyiyi Yuan: 7/2 → 4/1, Vaidehee Chaudhari: 1/6 → 1/7
2026-02-27T01:19:35.290Z [EVENT] (serving: Vaidehee Chaudhari)  game: 30-15
2026-02-27T01:20:22.194Z [ODDS] (serving: Vaidehee Chaudhari)  Chengyiyi Yuan: 4/1 → 10/3, Vaidehee Chaudhari: 1/7 → 1/5
2026-02-27T01:20:22.194Z [EVENT] (serving: Vaidehee Chaudhari)  game: 40-15
2026-02-27T01:20:45.645Z [ODDS] (serving: Vaidehee Chaudhari)  Chengyiyi Yuan: 10/3 → 7/2, Vaidehee Chaudhari: 1/5 → 1/6
2026-02-27T01:20:45.645Z [EVENT] (serving: Vaidehee Chaudhari)  game: 40-30
2026-02-27T01:21:08.647Z [ODDS] (serving: Chengyiyi Yuan)  Chengyiyi Yuan: 7/2 → 10/3, Vaidehee Chaudhari: 1/6 → 1/5
2026-02-27T01:21:08.647Z [EVENT] (serving: Chengyiyi Yuan)  sets: 4-6,2-1, game: 0-0, serving: P1
2026-02-27T01:23:51.009Z [ODDS] (serving: Chengyiyi Yuan)  Chengyiyi Yuan: 10/3 → 7/2, Vaidehee Chaudhari: 1/5 → 1/6
2026-02-27T01:23:51.009Z [EVENT] (serving: Chengyiyi Yuan)  game: 0-15
2026-02-27T01:24:31.598Z [ODDS] (serving: Chengyiyi Yuan)  Chengyiyi Yuan: 7/2 → 10/3, Vaidehee Chaudhari: 1/6 → 1/5
2026-02-27T01:24:31.598Z [EVENT] (serving: Chengyiyi Yuan)  game: 15-15
2026-02-27T01:25:24.817Z [ODDS] (serving: Chengyiyi Yuan)  Chengyiyi Yuan: 10/3 → 11/4, Vaidehee Chaudhari: 1/5 → 1/4
2026-02-27T01:25:24.817Z [EVENT] (serving: Chengyiyi Yuan)  game: 30-15
2026-02-27T01:26:09.017Z [ODDS] (serving: Chengyiyi Yuan)  Chengyiyi Yuan: 11/4 → 12/5, Vaidehee Chaudhari: 1/4 → 3/10
2026-02-27T01:26:09.017Z [EVENT] (serving: Chengyiyi Yuan)  game: 40-15
2026-02-27T01:27:10.803Z [ODDS] (serving: Vaidehee Chaudhari)  Chengyiyi Yuan: 12/5 → 2/1, Vaidehee Chaudhari: 3/10 → 4/11
2026-02-27T01:27:10.803Z [EVENT] (serving: Vaidehee Chaudhari)  sets: 4-6,3-1, game: 0-0, serving: P2
2026-02-27T01:27:47.788Z [ODDS] (serving: Vaidehee Chaudhari)  Chengyiyi Yuan: 2/1 → 7/4, Vaidehee Chaudhari: 4/11 → 2/5
2026-02-27T01:27:47.788Z [EVENT] (serving: Vaidehee Chaudhari)  game: 15-0
2026-02-27T01:28:03.574Z [ODDS] (serving: Vaidehee Chaudhari)  Chengyiyi Yuan: 7/4 → 2/1, Vaidehee Chaudhari: 2/5 → 4/11
2026-02-27T01:28:03.574Z [EVENT] (serving: Vaidehee Chaudhari)  game: 15-15
2026-02-27T01:28:24.772Z [ODDS] (serving: Vaidehee Chaudhari)  Chengyiyi Yuan: 2/1 → 12/5, Vaidehee Chaudhari: 4/11 → 3/10
2026-02-27T01:28:24.772Z [EVENT] (serving: Vaidehee Chaudhari)  game: 15-30
2026-02-27T01:29:18.442Z [ODDS] (serving: Vaidehee Chaudhari)  Chengyiyi Yuan: 12/5 → 2/1, Vaidehee Chaudhari: 3/10 → 4/11
2026-02-27T01:29:18.442Z [EVENT] (serving: Vaidehee Chaudhari)  game: 30-30
2026-02-27T01:29:52.267Z [ODDS] (serving: Vaidehee Chaudhari)  Chengyiyi Yuan: 2/1 → 12/5, Vaidehee Chaudhari: 4/11 → 3/10
2026-02-27T01:29:52.267Z [EVENT] (serving: Vaidehee Chaudhari)  game: 30-40
2026-02-27T01:30:46.838Z [ODDS] (serving: Chengyiyi Yuan)  Chengyiyi Yuan: 12/5 → 11/4, Vaidehee Chaudhari: 3/10 → 1/4
2026-02-27T01:30:46.838Z [EVENT] (serving: Chengyiyi Yuan)  sets: 4-6,3-2, game: 0-0, serving: P1
2026-02-27T01:32:58.079Z [ODDS] (serving: Chengyiyi Yuan)  Chengyiyi Yuan: 11/4 → 12/5, Vaidehee Chaudhari: 1/4 → 3/10
2026-02-27T01:32:58.079Z [EVENT] (serving: Chengyiyi Yuan)  game: 15-0
2026-02-27T01:33:49.042Z [ODDS] (serving: Chengyiyi Yuan)  Chengyiyi Yuan: 12/5 → 11/4, Vaidehee Chaudhari: 3/10 → 1/4
2026-02-27T01:33:49.042Z [EVENT] (serving: Chengyiyi Yuan)  game: 15-15
2026-02-27T01:34:25.134Z [ODDS] (serving: Chengyiyi Yuan)  Chengyiyi Yuan: 11/4 → 12/5, Vaidehee Chaudhari: 1/4 → 3/10
2026-02-27T01:34:25.134Z [EVENT] (serving: Chengyiyi Yuan)  game: 30-15
2026-02-27T01:35:09.776Z [ODDS] (serving: Chengyiyi Yuan)  Chengyiyi Yuan: 12/5 → 11/4, Vaidehee Chaudhari: 3/10 → 1/4
2026-02-27T01:35:09.776Z [EVENT] (serving: Chengyiyi Yuan)  game: 30-30
2026-02-27T01:36:12.465Z [ODDS] (serving: Chengyiyi Yuan)  Chengyiyi Yuan: 11/4 → 10/3, Vaidehee Chaudhari: 1/4 → 1/5
2026-02-27T01:36:12.465Z [EVENT] (serving: Chengyiyi Yuan)  game: 30-40
2026-02-27T01:37:01.625Z [ODDS] (serving: Vaidehee Chaudhari)  Chengyiyi Yuan: 10/3 → 4/1, Vaidehee Chaudhari: 1/5 → 1/7
2026-02-27T01:37:01.625Z [EVENT] (serving: Vaidehee Chaudhari)  sets: 4-6,3-3, game: 0-0, serving: P2
2026-02-27T01:37:35.901Z [ODDS] (serving: Vaidehee Chaudhari)  Chengyiyi Yuan: 4/1 → 10/3, Vaidehee Chaudhari: 1/7 → 1/5
2026-02-27T01:37:35.901Z [EVENT] (serving: Vaidehee Chaudhari)  game: 15-0
2026-02-27T01:38:05.216Z [ODDS] (serving: Vaidehee Chaudhari)  Chengyiyi Yuan: 10/3 → 4/1, Vaidehee Chaudhari: 1/5 → 1/7
2026-02-27T01:38:05.216Z [EVENT] (serving: Vaidehee Chaudhari)  game: 15-15
2026-02-27T01:38:46.041Z [ODDS] (serving: Vaidehee Chaudhari)  Chengyiyi Yuan: 4/1 → 10/3, Vaidehee Chaudhari: 1/7 → 1/5
2026-02-27T01:38:46.041Z [EVENT] (serving: Vaidehee Chaudhari)  game: 30-15
2026-02-27T01:39:32.042Z [ODDS] (serving: Vaidehee Chaudhari)  Chengyiyi Yuan: 10/3 → 4/1, Vaidehee Chaudhari: 1/5 → 1/7
2026-02-27T01:39:32.043Z [EVENT] (serving: Vaidehee Chaudhari)  game: 30-30
2026-02-27T01:40:00.909Z [ODDS] (serving: Vaidehee Chaudhari)  Chengyiyi Yuan: 4/1 → 7/2, Vaidehee Chaudhari: 1/7 → 1/6
2026-02-27T01:40:17.145Z [ODDS] (serving: Vaidehee Chaudhari)  Chengyiyi Yuan: 7/2 → 11/2, Vaidehee Chaudhari: 1/6 → 1/10
2026-02-27T01:40:17.145Z [EVENT] (serving: Vaidehee Chaudhari)  game: 30-40
2026-02-27T01:40:53.226Z [ODDS] (serving: Chengyiyi Yuan)  Chengyiyi Yuan: 11/2 → 13/2, Vaidehee Chaudhari: 1/10 → 1/14
2026-02-27T01:40:53.226Z [EVENT] (serving: Chengyiyi Yuan)  sets: 4-6,3-4, game: 0-0, serving: P1
2026-02-27T01:42:47.787Z [ODDS] (serving: Chengyiyi Yuan)  Chengyiyi Yuan: 13/2 → 8/1, Vaidehee Chaudhari: 1/14 → 1/20
2026-02-27T01:42:47.787Z [EVENT] (serving: Chengyiyi Yuan)  game: 0-15
2026-02-27T01:43:29.730Z [ODDS] (serving: Chengyiyi Yuan)  Chengyiyi Yuan: 8/1 → 10/1, Vaidehee Chaudhari: 1/20 → 1/33
2026-02-27T01:43:29.730Z [EVENT] (serving: Chengyiyi Yuan)  game: 0-30
2026-02-27T01:44:30.620Z [ODDS] (serving: Chengyiyi Yuan)  Chengyiyi Yuan: 10/1 → 8/1, Vaidehee Chaudhari: 1/33 → 1/20
2026-02-27T01:44:30.621Z [EVENT] (serving: Chengyiyi Yuan)  game: 15-30
2026-02-27T01:45:15.720Z [ODDS] (serving: Chengyiyi Yuan)  Chengyiyi Yuan: 8/1 → 13/2, Vaidehee Chaudhari: 1/20 → 1/14
2026-02-27T01:45:15.720Z [EVENT] (serving: Chengyiyi Yuan)  game: 30-30
2026-02-27T01:45:51.799Z [ODDS] (serving: Chengyiyi Yuan)  Chengyiyi Yuan: 13/2 → 5/1, Vaidehee Chaudhari: 1/14 → 1/9
2026-02-27T01:45:51.799Z [EVENT] (serving: Chengyiyi Yuan)  game: 40-30
2026-02-27T01:46:22.027Z [ODDS] (serving: Chengyiyi Yuan)  Chengyiyi Yuan: 5/1 → 11/2, Vaidehee Chaudhari: 1/9 → 1/10
2026-02-27T01:46:42.774Z [ODDS] (serving: Vaidehee Chaudhari)  Chengyiyi Yuan: 11/2 → 4/1, Vaidehee Chaudhari: 1/10 → 1/7
2026-02-27T01:46:42.774Z [EVENT] (serving: Vaidehee Chaudhari)  sets: 4-6,4-4, game: 0-0, serving: P2
2026-02-27T01:47:20.206Z [ODDS] (serving: Vaidehee Chaudhari)  Chengyiyi Yuan: 4/1 → 7/2, Vaidehee Chaudhari: 1/7 → 1/6
2026-02-27T01:47:40.501Z [ODDS] (serving: Vaidehee Chaudhari)  Chengyiyi Yuan: 7/2 → 10/3, Vaidehee Chaudhari: 1/6 → 1/5
2026-02-27T01:47:40.501Z [EVENT] (serving: Vaidehee Chaudhari)  game: 15-0
2026-02-27T01:48:06.659Z [ODDS] (serving: Vaidehee Chaudhari)  Chengyiyi Yuan: 10/3 → 7/2, Vaidehee Chaudhari: 1/5 → 1/6
2026-02-27T01:48:06.659Z [EVENT] (serving: Vaidehee Chaudhari)  game: 15-15
2026-02-27T01:48:36.876Z [ODDS] (serving: Vaidehee Chaudhari)  Chengyiyi Yuan: 7/2 → 5/1, Vaidehee Chaudhari: 1/6 → 1/9
2026-02-27T01:48:36.876Z [EVENT] (serving: Vaidehee Chaudhari)  game: 15-30
2026-02-27T01:49:08.447Z [ODDS] (serving: Vaidehee Chaudhari)  Chengyiyi Yuan: 5/1 → 7/2, Vaidehee Chaudhari: 1/9 → 1/6
2026-02-27T01:49:08.447Z [EVENT] (serving: Vaidehee Chaudhari)  game: 30-30
2026-02-27T01:49:33.703Z [ODDS] (serving: Vaidehee Chaudhari)  Chengyiyi Yuan: 7/2 → 11/4, Vaidehee Chaudhari: 1/6 → 1/4
2026-02-27T01:49:33.703Z [EVENT] (serving: Vaidehee Chaudhari)  game: 40-30
2026-02-27T01:49:59.409Z [ODDS] (serving: Vaidehee Chaudhari)  Chengyiyi Yuan: 11/4 → 7/2, Vaidehee Chaudhari: 1/4 → 1/6
2026-02-27T01:49:59.409Z [EVENT] (serving: Vaidehee Chaudhari)  game: 40-40
2026-02-27T01:50:27.374Z [ODDS] (serving: Vaidehee Chaudhari)  Chengyiyi Yuan: 7/2 → 11/4, Vaidehee Chaudhari: 1/6 → 1/4
2026-02-27T01:50:27.374Z [EVENT] (serving: Vaidehee Chaudhari)  game: A-40
2026-02-27T01:50:53.532Z [ODDS] (serving: Chengyiyi Yuan)  Chengyiyi Yuan: 11/4 → 2/1, Vaidehee Chaudhari: 1/4 → 4/11
2026-02-27T01:50:53.532Z [EVENT] (serving: Chengyiyi Yuan)  sets: 4-6,5-4, game: 0-0, serving: P1
2026-02-27T01:52:38.773Z [ODDS] (serving: Chengyiyi Yuan)  Chengyiyi Yuan: 2/1 → 13/8, Vaidehee Chaudhari: 4/11 → 4/9
2026-02-27T01:52:38.773Z [EVENT] (serving: Chengyiyi Yuan)  game: 15-0
2026-02-27T01:53:25.678Z [ODDS] (serving: Chengyiyi Yuan)  Chengyiyi Yuan: 13/8 → 5/4, Vaidehee Chaudhari: 4/9 → 4/7
2026-02-27T01:53:25.678Z [EVENT] (serving: Chengyiyi Yuan)  game: 30-0
2026-02-27T01:54:04.464Z [ODDS] (serving: Chengyiyi Yuan)  Chengyiyi Yuan: 5/4 → 21/20, Vaidehee Chaudhari: 4/7 → 7/10
2026-02-27T01:54:04.464Z [EVENT] (serving: Chengyiyi Yuan)  game: 40-0
2026-02-27T01:54:33.328Z [ODDS] (serving: Vaidehee Chaudhari)  Chengyiyi Yuan: 21/20 → 19/20, Vaidehee Chaudhari: 7/10 → 4/5
2026-02-27T01:54:33.328Z [EVENT] (serving: Vaidehee Chaudhari)  sets: 4-6,6-4,0-0, game: 0-0, serving: P2
2026-02-27T01:58:00.790Z [ODDS] (serving: Vaidehee Chaudhari)  Chengyiyi Yuan: 19/20 → 4/5, Vaidehee Chaudhari: 4/5 → 19/20
2026-02-27T01:58:00.790Z [EVENT] (serving: Vaidehee Chaudhari)  game: 15-0
2026-02-27T02:09:03.225Z [ODDS] (serving: Vaidehee Chaudhari)  Chengyiyi Yuan: 4/5 → 8/13, Vaidehee Chaudhari: 19/20 → 6/5
2026-02-27T02:09:03.225Z [EVENT] (serving: Vaidehee Chaudhari)  game: 30-0
2026-02-27T02:09:05.480Z [ODDS] (serving: Vaidehee Chaudhari)  Chengyiyi Yuan: 8/13 → 1/2, Vaidehee Chaudhari: 6/5 → 6/4
2026-02-27T02:09:05.480Z [EVENT] (serving: Vaidehee Chaudhari)  game: 40-0
2026-02-27T02:09:07.284Z [ODDS] (serving: Chengyiyi Yuan)  Chengyiyi Yuan: 1/2 → 4/9, Vaidehee Chaudhari: 6/4 → 13/8
2026-02-27T02:09:07.284Z [EVENT] (serving: Chengyiyi Yuan)  sets: 4-6,6-4,1-0, game: 0-0, serving: P1
2026-02-27T02:09:30.736Z [ODDS] (serving: Chengyiyi Yuan)  Chengyiyi Yuan: 4/9 → 1/3, Vaidehee Chaudhari: 13/8 → 9/4
2026-02-27T02:09:30.736Z [EVENT] (serving: Chengyiyi Yuan)  game: 15-0
2026-02-27T02:09:32.540Z [ODDS] (serving: Chengyiyi Yuan)  Chengyiyi Yuan: 1/3 → 2/7, Vaidehee Chaudhari: 9/4 → 5/2
2026-02-27T02:09:32.540Z [EVENT] (serving: Chengyiyi Yuan)  game: 30-0
2026-02-27T02:09:33.442Z [ODDS] (serving: Chengyiyi Yuan)  Chengyiyi Yuan: 2/7 → 2/9, Vaidehee Chaudhari: 5/2 → 3/1
2026-02-27T02:09:33.442Z [EVENT] (serving: Chengyiyi Yuan)  game: 40-0
2026-02-27T02:09:37.051Z [ODDS] (serving: Chengyiyi Yuan)  Chengyiyi Yuan: 2/9 → 2/7, Vaidehee Chaudhari: 3/1 → 5/2
2026-02-27T02:09:37.051Z [EVENT] (serving: Chengyiyi Yuan)  game: 30-0
2026-02-27T02:09:37.501Z [ODDS] (serving: Chengyiyi Yuan)  Chengyiyi Yuan: 2/7 → 1/3, Vaidehee Chaudhari: 5/2 → 9/4
2026-02-27T02:09:37.501Z [EVENT] (serving: Chengyiyi Yuan)  game: 15-0
2026-02-27T02:09:38.854Z [ODDS] (serving: Chengyiyi Yuan)  Chengyiyi Yuan: 1/3 → 4/9, Vaidehee Chaudhari: 9/4 → 13/8
2026-02-27T02:09:38.854Z [EVENT] (serving: Chengyiyi Yuan)  game: 0-0
2026-02-27T02:09:42.012Z [ODDS] (serving: Chengyiyi Yuan)  Chengyiyi Yuan: 4/9 → 4/7, Vaidehee Chaudhari: 13/8 → 5/4
2026-02-27T02:09:42.012Z [EVENT] (serving: Chengyiyi Yuan)  game: 0-15
2026-02-27T02:09:43.364Z [ODDS] (serving: Chengyiyi Yuan)  Chengyiyi Yuan: 4/7 → 7/10, Vaidehee Chaudhari: 5/4 → 21/20
2026-02-27T02:09:43.364Z [EVENT] (serving: Chengyiyi Yuan)  game: 0-30
2026-02-27T02:09:44.718Z [ODDS] (serving: Chengyiyi Yuan)  Chengyiyi Yuan: 7/10 → 10/11, Vaidehee Chaudhari: 21/20 → 10/11
2026-02-27T02:09:44.718Z [EVENT] (serving: Chengyiyi Yuan)  game: 0-40
2026-02-27T02:09:46.521Z [ODDS] (serving: Vaidehee Chaudhari)  Chengyiyi Yuan: 10/11 → 1/1, Vaidehee Chaudhari: 10/11 → 3/4
2026-02-27T02:09:46.521Z [EVENT] (serving: Vaidehee Chaudhari)  sets: 4-6,6-4,1-1, game: 0-0, serving: P2
2026-02-27T02:32:53.380Z [ODDS] (serving: Vaidehee Chaudhari)  Chengyiyi Yuan: 1/1 → 9/4, Vaidehee Chaudhari: 3/4 → 1/3
2026-02-27T02:32:53.380Z [EVENT] (serving: Vaidehee Chaudhari)  game: 15-15
2026-02-27T02:33:38.933Z [ODDS] (serving: Vaidehee Chaudhari)  Chengyiyi Yuan: 9/4 → 6/4, Vaidehee Chaudhari: 1/3 → 1/2
2026-02-27T02:33:38.933Z [EVENT] (serving: Vaidehee Chaudhari)  game: 30-15
2026-02-27T02:34:47.033Z [ODDS] (serving: Vaidehee Chaudhari)  Chengyiyi Yuan: 6/4 → 1/1, Vaidehee Chaudhari: 1/2 → 3/4
2026-02-27T02:34:47.033Z [EVENT] (serving: Vaidehee Chaudhari)  game: 40-15
2026-02-27T02:35:29.428Z [ODDS] (serving: Vaidehee Chaudhari)  Chengyiyi Yuan: 1/1 → 21/20, Vaidehee Chaudhari: 3/4 → 7/10
2026-02-27T02:35:58.293Z [ODDS] (serving: Vaidehee Chaudhari)  Chengyiyi Yuan: 21/20 → 4/5, Vaidehee Chaudhari: 7/10 → 19/20
2026-02-27T02:35:58.293Z [EVENT] (serving: Vaidehee Chaudhari)  sets: 4-6,6-4,4-4, game: 0-0
2026-02-27T02:37:07.749Z [ODDS] (serving: Vaidehee Chaudhari)  Chengyiyi Yuan: 4/5 → 11/10, Vaidehee Chaudhari: 19/20 → 4/6
2026-02-27T02:37:07.749Z [EVENT] (serving: Vaidehee Chaudhari)  game: 0-15
2026-02-27T02:37:44.731Z [ODDS] (serving: Vaidehee Chaudhari)  Chengyiyi Yuan: 11/10 → 13/8, Vaidehee Chaudhari: 4/6 → 4/9
2026-02-27T02:37:44.731Z [EVENT] (serving: Vaidehee Chaudhari)  game: 0-30
2026-02-27T02:38:01.870Z [ODDS] (serving: Vaidehee Chaudhari)  Chengyiyi Yuan: 13/8 → 9/4, Vaidehee Chaudhari: 4/9 → 1/3
2026-02-27T02:38:01.870Z [EVENT] (serving: Vaidehee Chaudhari)  game: 0-40
2026-02-27T02:38:54.584Z [ODDS] (serving: Vaidehee Chaudhari)  Chengyiyi Yuan: 9/4 → 7/4, Vaidehee Chaudhari: 1/3 → 2/5
2026-02-27T02:38:54.584Z [EVENT] (serving: Vaidehee Chaudhari)  game: 15-40
2026-02-27T02:39:18.487Z [ODDS] (serving: Vaidehee Chaudhari)  Chengyiyi Yuan: 7/4 → 11/8, Vaidehee Chaudhari: 2/5 → 8/15
2026-02-27T02:39:18.487Z [EVENT] (serving: Vaidehee Chaudhari)  game: 30-40
2026-02-27T02:39:40.589Z [ODDS] (serving: Chengyiyi Yuan)  Chengyiyi Yuan: 11/8 → 5/2, Vaidehee Chaudhari: 8/15 → 2/7
2026-02-27T02:39:40.589Z [EVENT] (serving: Chengyiyi Yuan)  sets: 4-6,6-4,4-5, game: 0-0, serving: P1
2026-02-27T02:41:24.320Z [ODDS] (serving: Chengyiyi Yuan)  Chengyiyi Yuan: 5/2 → 13/8, Vaidehee Chaudhari: 2/7 → 4/9
2026-02-27T02:41:24.320Z [EVENT] (serving: Chengyiyi Yuan)  game: 15-0
2026-02-27T02:41:59.498Z [ODDS] (serving: Chengyiyi Yuan)  Chengyiyi Yuan: 13/8 → 5/2, Vaidehee Chaudhari: 4/9 → 2/7
2026-02-27T02:41:59.498Z [EVENT] (serving: Chengyiyi Yuan)  game: 15-15
2026-02-27T02:42:33.323Z [ODDS] (serving: Chengyiyi Yuan)  Chengyiyi Yuan: 5/2 → 11/4, Vaidehee Chaudhari: 2/7 → 1/4
2026-02-27T02:42:52.716Z [ODDS] (serving: Chengyiyi Yuan)  Chengyiyi Yuan: 11/4 → 4/1, Vaidehee Chaudhari: 1/4 → 1/7
2026-02-27T02:42:52.716Z [EVENT] (serving: Chengyiyi Yuan)  game: 15-30
2026-02-27T02:43:24.740Z [ODDS] (serving: Chengyiyi Yuan)  Chengyiyi Yuan: 4/1 → 9/2, Vaidehee Chaudhari: 1/7 → 1/8
2026-02-27T02:43:45.033Z [ODDS] (serving: Chengyiyi Yuan)  Chengyiyi Yuan: 9/2 → 9/1, Vaidehee Chaudhari: 1/8 → 1/25
2026-02-27T02:43:45.033Z [EVENT] (serving: Chengyiyi Yuan)  game: 15-40
2026-02-27T02:44:35.545Z [ODDS] (serving: Chengyiyi Yuan)  Chengyiyi Yuan: 9/1 → 5/1, Vaidehee Chaudhari: 1/25 → 1/9
2026-02-27T02:44:35.545Z [EVENT] (serving: Chengyiyi Yuan)  game: 30-40
2026-02-27T02:45:07.571Z [ODDS] (serving: Chengyiyi Yuan)  Chengyiyi Yuan: 5/1 → 6/1, Vaidehee Chaudhari: 1/9 → 1/12
2026-02-27T02:45:30.123Z [ODDS] (serving: Chengyiyi Yuan)  Chengyiyi Yuan: 6/1 → 0/0, Vaidehee Chaudhari: 1/12 → 0/0
2026-02-27T02:45:30.123Z [EVENT] (serving: Chengyiyi Yuan)  sets: 4-6,6-4,4-6, game: 0-0
