2026-02-26T19:47:20.288Z [ODDS] (serving: Guido Ivan Justo)  Guido Ivan Justo: 3/10 → 2/7, Alvaro Guillen Meza: 12/5 → 5/2
2026-02-26T19:47:25.710Z [ODDS] (serving: Guido Ivan Justo)  Guido Ivan Justo: 2/7 → 1/4, Alvaro Guillen Meza: 5/2 → 11/4
2026-02-26T19:47:28.854Z [ODDS] (serving: Guido Ivan Justo)  Guido Ivan Justo: 1/4 → 2/7, Alvaro Guillen Meza: 11/4 → 5/2
2026-02-26T19:47:30.662Z [ODDS] (serving: Guido Ivan Justo)  Guido Ivan Justo: 2/7 → 3/10, Alvaro Guillen Meza: 5/2 → 12/5
2026-02-26T19:47:41.485Z [ODDS] (serving: Guido Ivan Justo)  Guido Ivan Justo: 3/10 → 1/3, Alvaro Guillen Meza: 12/5 → 9/4
2026-02-26T19:47:55.471Z [ODDS] (serving: Guido Ivan Justo)  Guido Ivan Justo: 1/3 → 3/10, Alvaro Guillen Meza: 9/4 → 12/5
2026-02-26T19:49:11.232Z [ODDS] (serving: Guido Ivan Justo)  Guido Ivan Justo: 3/10 → 2/7, Alvaro Guillen Meza: 12/5 → 5/2, Guido Ivan Justo: 2/7 → 3/10, Alvaro Guillen Meza: 5/2 → 12/5
2026-02-26T19:49:11.232Z [ODDS] (serving: Guido Ivan Justo)  Guido Ivan Justo: 3/10 → 2/7, Alvaro Guillen Meza: 12/5 → 5/2, Guido Ivan Justo: 2/7 → 3/10, Alvaro Guillen Meza: 5/2 → 12/5
2026-02-26T19:54:01.686Z [ODDS] (serving: Guido Ivan Justo)  Guido Ivan Justo: 3/10 → 1/4, Alvaro Guillen Meza: 12/5 → 11/4
2026-02-26T19:54:01.686Z [EVENT] (serving: Guido Ivan Justo)  game: 15-0
2026-02-26T19:54:37.765Z [ODDS] (serving: Guido Ivan Justo)  Guido Ivan Justo: 1/4 → 3/10, Alvaro Guillen Meza: 11/4 → 12/5
2026-02-26T19:54:37.765Z [EVENT] (serving: Guido Ivan Justo)  game: 15-15
2026-02-26T19:55:03.926Z [ODDS] (serving: Guido Ivan Justo)  Guido Ivan Justo: 3/10 → 1/4, Alvaro Guillen Meza: 12/5 → 11/4
2026-02-26T19:55:03.926Z [EVENT] (serving: Guido Ivan Justo)  game: 30-15
2026-02-26T19:55:31.885Z [ODDS] (serving: Guido Ivan Justo)  Guido Ivan Justo: 1/4 → 2/9, Alvaro Guillen Meza: 11/4 → 3/1
2026-02-26T19:55:36.392Z [ODDS] (serving: Guido Ivan Justo)  Guido Ivan Justo: 2/9 → 2/11, Alvaro Guillen Meza: 3/1 → 7/2
2026-02-26T19:55:36.392Z [EVENT] (serving: Guido Ivan Justo)  game: 40-15
2026-02-26T19:55:42.718Z [ODDS] (serving: Guido Ivan Justo)  Guido Ivan Justo: 2/11 → 1/5, Alvaro Guillen Meza: 7/2 → 10/3
2026-02-26T19:55:44.072Z [ODDS] (serving: Guido Ivan Justo)  Guido Ivan Justo: 1/5 → 2/11, Alvaro Guillen Meza: 10/3 → 7/2
2026-02-26T19:55:44.530Z [ODDS] (serving: Guido Ivan Justo)  Guido Ivan Justo: 2/11 → 1/6, Alvaro Guillen Meza: 7/2 → 4/1
2026-02-26T19:55:46.783Z [ODDS] (serving: Guido Ivan Justo)  Guido Ivan Justo: 1/6 → 1/7, Alvaro Guillen Meza: 4/1 → 9/2
2026-02-26T19:56:01.680Z [ODDS] (serving: Guido Ivan Justo)  Guido Ivan Justo: 1/7 → 2/11, Alvaro Guillen Meza: 9/2 → 7/2
2026-02-26T19:56:01.680Z [EVENT] (serving: Guido Ivan Justo)  game: 40-30
2026-02-26T19:56:24.691Z [ODDS] (serving: Guido Ivan Justo)  Guido Ivan Justo: 2/11 → 1/5, Alvaro Guillen Meza: 7/2 → 10/3
2026-02-26T19:56:26.491Z [ODDS] (serving: Guido Ivan Justo)  Guido Ivan Justo: 1/5 → 2/11, Alvaro Guillen Meza: 10/3 → 7/2
2026-02-26T19:56:28.294Z [ODDS] (serving: Guido Ivan Justo)  Guido Ivan Justo: 2/11 → 1/5, Alvaro Guillen Meza: 7/2 → 10/3
2026-02-26T19:56:29.670Z [ODDS] (serving: Guido Ivan Justo)  Guido Ivan Justo: 1/5 → 2/9, Alvaro Guillen Meza: 10/3 → 3/1
2026-02-26T19:56:35.960Z [ODDS] (serving: Guido Ivan Justo)  Guido Ivan Justo: 2/9 → 1/4, Alvaro Guillen Meza: 3/1 → 11/4
2026-02-26T19:56:41.825Z [ODDS] (serving: Guido Ivan Justo)  Guido Ivan Justo: 1/4 → 4/11, Alvaro Guillen Meza: 11/4 → 2/1
2026-02-26T19:56:41.825Z [EVENT] (serving: Guido Ivan Justo)  game: 40-40
2026-02-26T19:57:08.434Z [ODDS] (serving: Guido Ivan Justo)  Guido Ivan Justo: 4/11 → 2/5, Alvaro Guillen Meza: 2/1 → 7/4
2026-02-26T19:57:19.263Z [ODDS] (serving: Guido Ivan Justo)  Guido Ivan Justo: 2/5 → 2/7, Alvaro Guillen Meza: 7/4 → 5/2
2026-02-26T19:57:19.263Z [EVENT] (serving: Guido Ivan Justo)  game: A-40
2026-02-26T19:57:44.064Z [ODDS] (serving: Guido Ivan Justo)  Guido Ivan Justo: 2/7 → 2/5, Alvaro Guillen Meza: 5/2 → 7/4
2026-02-26T19:57:44.064Z [EVENT] (serving: Guido Ivan Justo)  game: 40-40
2026-02-26T19:58:12.485Z [ODDS] (serving: Guido Ivan Justo)  Guido Ivan Justo: 2/5 → 8/15, Alvaro Guillen Meza: 7/4 → 11/8
2026-02-26T19:58:12.485Z [EVENT] (serving: Guido Ivan Justo)  game: 40-A
2026-02-26T19:58:53.521Z [ODDS] (serving: Alvaro Guillen Meza)  Guido Ivan Justo: 8/15 → 7/10, Alvaro Guillen Meza: 11/8 → 21/20
2026-02-26T19:58:53.521Z [EVENT] (serving: Alvaro Guillen Meza)  sets: 6-7,6-3,0-1, game: 0-0, serving: P2
2026-02-26T19:58:57.584Z [ODDS] (serving: Alvaro Guillen Meza)  Guido Ivan Justo: 7/10 → 3/4, Alvaro Guillen Meza: 21/20 → 1/1
2026-02-26T19:58:58.483Z [ODDS] (serving: Alvaro Guillen Meza)  Guido Ivan Justo: 3/4 → 4/5, Alvaro Guillen Meza: 1/1 → 19/20
2026-02-26T19:59:13.366Z [ODDS] (serving: Alvaro Guillen Meza)  Guido Ivan Justo: 4/5 → 10/11, Alvaro Guillen Meza: 19/20 → 10/11
2026-02-26T20:00:35.934Z [ODDS] (serving: Alvaro Guillen Meza)  Guido Ivan Justo: 10/11 → 21/20, Alvaro Guillen Meza: 10/11 → 7/10
2026-02-26T20:00:35.934Z [EVENT] (serving: Alvaro Guillen Meza)  game: 0-15
2026-02-26T20:01:02.961Z [ODDS] (serving: Alvaro Guillen Meza)  Guido Ivan Justo: 21/20 → 1/1, Alvaro Guillen Meza: 7/10 → 3/4
2026-02-26T20:01:17.392Z [ODDS] (serving: Alvaro Guillen Meza)  Guido Ivan Justo: 1/1 → 10/11, Alvaro Guillen Meza: 3/4 → 10/11
2026-02-26T20:01:17.392Z [EVENT] (serving: Alvaro Guillen Meza)  game: 15-15
2026-02-26T20:01:45.868Z [ODDS] (serving: Alvaro Guillen Meza)  Guido Ivan Justo: 10/11 → 4/5, Alvaro Guillen Meza: 10/11 → 19/20
2026-02-26T20:01:46.257Z [ODDS] (serving: Alvaro Guillen Meza)  Guido Ivan Justo: 4/5 → 3/4, Alvaro Guillen Meza: 19/20 → 1/1
2026-02-26T20:01:47.160Z [ODDS] (serving: Alvaro Guillen Meza)  Guido Ivan Justo: 3/4 → 4/5, Alvaro Guillen Meza: 1/1 → 19/20
2026-02-26T20:01:50.320Z [ODDS] (serving: Alvaro Guillen Meza)  Guido Ivan Justo: 4/5 → 10/11, Alvaro Guillen Meza: 19/20 → 10/11
2026-02-26T20:01:51.671Z [ODDS] (serving: Alvaro Guillen Meza)  Guido Ivan Justo: 10/11 → 4/5, Alvaro Guillen Meza: 10/11 → 19/20
2026-02-26T20:01:55.731Z [ODDS] (serving: Alvaro Guillen Meza)  Guido Ivan Justo: 4/5 → 3/4, Alvaro Guillen Meza: 19/20 → 1/1
2026-02-26T20:01:56.631Z [ODDS] (serving: Alvaro Guillen Meza)  Guido Ivan Justo: 3/4 → 7/10, Alvaro Guillen Meza: 1/1 → 21/20
2026-02-26T20:01:57.546Z [ODDS] (serving: Alvaro Guillen Meza)  Guido Ivan Justo: 7/10 → 3/4, Alvaro Guillen Meza: 21/20 → 1/1
2026-02-26T20:01:58.439Z [ODDS] (serving: Alvaro Guillen Meza)  Guido Ivan Justo: 3/4 → 4/5, Alvaro Guillen Meza: 1/1 → 19/20
2026-02-26T20:02:07.454Z [ODDS] (serving: Alvaro Guillen Meza)  Guido Ivan Justo: 4/5 → 10/11, Alvaro Guillen Meza: 19/20 → 10/11
2026-02-26T20:02:11.512Z [ODDS] (serving: Alvaro Guillen Meza)  Guido Ivan Justo: 10/11 → 11/10, Alvaro Guillen Meza: 10/11 → 4/6
2026-02-26T20:02:11.512Z [EVENT] (serving: Alvaro Guillen Meza)  game: 15-30
2026-02-26T20:02:39.478Z [ODDS] (serving: Alvaro Guillen Meza)  Guido Ivan Justo: 11/10 → 6/4, Alvaro Guillen Meza: 4/6 → 1/2
2026-02-26T20:02:39.478Z [EVENT] (serving: Alvaro Guillen Meza)  game: 15-40
2026-02-26T20:02:57.966Z [ODDS] (serving: Alvaro Guillen Meza)  Guido Ivan Justo: 6/4 → 11/8, Alvaro Guillen Meza: 1/2 → 8/15
2026-02-26T20:03:13.300Z [ODDS] (serving: Alvaro Guillen Meza)  Guido Ivan Justo: 11/8 → 6/5, Alvaro Guillen Meza: 8/15 → 8/13
2026-02-26T20:03:13.300Z [EVENT] (serving: Alvaro Guillen Meza)  game: 30-40
2026-02-26T20:03:45.321Z [ODDS] (serving: Alvaro Guillen Meza)  Guido Ivan Justo: 6/5 → 11/10, Alvaro Guillen Meza: 8/13 → 4/6
2026-02-26T20:03:46.228Z [ODDS] (serving: Alvaro Guillen Meza)  Guido Ivan Justo: 11/10 → 6/5, Alvaro Guillen Meza: 4/6 → 8/13
2026-02-26T20:03:48.930Z [ODDS] (serving: Alvaro Guillen Meza)  Guido Ivan Justo: 6/5 → 19/20, Alvaro Guillen Meza: 8/13 → 4/5
2026-02-26T20:03:48.930Z [EVENT] (serving: Alvaro Guillen Meza)  game: 40-40
2026-02-26T20:04:23.212Z [ODDS] (serving: Alvaro Guillen Meza)  Guido Ivan Justo: 19/20 → 6/5, Alvaro Guillen Meza: 4/5 → 8/13
2026-02-26T20:04:23.212Z [EVENT] (serving: Alvaro Guillen Meza)  game: 40-A
2026-02-26T20:04:48.465Z [ODDS] (serving: Guido Ivan Justo)  Guido Ivan Justo: 6/5 → 13/8, Alvaro Guillen Meza: 8/13 → 4/9
2026-02-26T20:04:48.465Z [EVENT] (serving: Guido Ivan Justo)  sets: 6-7,6-3,0-2, game: 0-0, serving: P1
2026-02-26T20:05:34.015Z [ODDS] (serving: Guido Ivan Justo)  Guido Ivan Justo: 13/8 → 2/1, Alvaro Guillen Meza: 4/9 → 4/11
2026-02-26T20:05:34.015Z [EVENT] (serving: Guido Ivan Justo)  game: 0-15
2026-02-26T20:06:09.199Z [ODDS] (serving: Guido Ivan Justo)  Guido Ivan Justo: 2/1 → 9/4, Alvaro Guillen Meza: 4/11 → 1/3
2026-02-26T20:06:09.649Z [ODDS] (serving: Guido Ivan Justo)  Guido Ivan Justo: 9/4 → 11/4, Alvaro Guillen Meza: 1/3 → 1/4
2026-02-26T20:06:09.649Z [EVENT] (serving: Guido Ivan Justo)  game: 0-30
2026-02-26T20:06:38.963Z [ODDS] (serving: Guido Ivan Justo)  Guido Ivan Justo: 11/4 → 9/4, Alvaro Guillen Meza: 1/4 → 1/3
2026-02-26T20:06:38.964Z [EVENT] (serving: Guido Ivan Justo)  game: 15-30
2026-02-26T20:07:13.246Z [ODDS] (serving: Guido Ivan Justo)  Guido Ivan Justo: 9/4 → 3/1, Alvaro Guillen Meza: 1/3 → 2/9
2026-02-26T20:07:13.246Z [EVENT] (serving: Guido Ivan Justo)  game: 15-40
2026-02-26T20:07:45.263Z [ODDS] (serving: Guido Ivan Justo)  Guido Ivan Justo: 3/1 → 5/2, Alvaro Guillen Meza: 2/9 → 2/7
2026-02-26T20:07:45.263Z [EVENT] (serving: Guido Ivan Justo)  game: 30-40
2026-02-26T20:08:14.730Z [ODDS] (serving: Guido Ivan Justo)  Guido Ivan Justo: 5/2 → 11/4, Alvaro Guillen Meza: 2/7 → 1/4
2026-02-26T20:08:24.651Z [ODDS] (serving: Guido Ivan Justo)  Guido Ivan Justo: 11/4 → 7/4, Alvaro Guillen Meza: 1/4 → 2/5
2026-02-26T20:08:24.651Z [EVENT] (serving: Guido Ivan Justo)  game: 40-40
2026-02-26T20:08:46.299Z [ODDS] (serving: Guido Ivan Justo)  Guido Ivan Justo: 7/4 → 2/1, Alvaro Guillen Meza: 2/5 → 4/11
2026-02-26T20:09:04.339Z [ODDS] (serving: Guido Ivan Justo)  Guido Ivan Justo: 2/1 → 11/8, Alvaro Guillen Meza: 4/11 → 8/15
2026-02-26T20:09:04.339Z [EVENT] (serving: Guido Ivan Justo)  game: A-40
2026-02-26T20:09:33.207Z [ODDS] (serving: Alvaro Guillen Meza)  Guido Ivan Justo: 11/8 → 11/10, Alvaro Guillen Meza: 8/15 → 4/6
2026-02-26T20:09:33.207Z [EVENT] (serving: Alvaro Guillen Meza)  sets: 6-7,6-3,1-2, game: 0-0, serving: P2
2026-02-26T20:10:13.813Z [ODDS] (serving: Alvaro Guillen Meza)  Guido Ivan Justo: 11/10 → 6/5, Alvaro Guillen Meza: 4/6 → 8/13
2026-02-26T20:12:10.156Z [ODDS] (serving: Alvaro Guillen Meza)  Guido Ivan Justo: 6/5 → 1/1, Alvaro Guillen Meza: 8/13 → 3/4
2026-02-26T20:12:10.156Z [EVENT] (serving: Alvaro Guillen Meza)  game: 15-0
2026-02-26T20:13:10.214Z [ODDS] (serving: Alvaro Guillen Meza)  Guido Ivan Justo: 1/1 → 6/5, Alvaro Guillen Meza: 3/4 → 8/13
2026-02-26T20:13:10.214Z [EVENT] (serving: Alvaro Guillen Meza)  game: 15-15
2026-02-26T20:13:40.354Z [ODDS] (serving: Alvaro Guillen Meza)  Guido Ivan Justo: 6/5 → 19/20, Alvaro Guillen Meza: 8/13 → 4/5
2026-02-26T20:13:40.354Z [EVENT] (serving: Alvaro Guillen Meza)  game: 30-15
2026-02-26T20:13:56.589Z [ODDS] (serving: Alvaro Guillen Meza)  Guido Ivan Justo: 19/20 → 6/5, Alvaro Guillen Meza: 4/5 → 8/13
2026-02-26T20:13:56.589Z [EVENT] (serving: Alvaro Guillen Meza)  game: 30-30
2026-02-26T20:14:32.218Z [ODDS] (serving: Alvaro Guillen Meza)  Guido Ivan Justo: 6/5 → 10/11, Alvaro Guillen Meza: 8/13 → 10/11
2026-02-26T20:14:32.218Z [EVENT] (serving: Alvaro Guillen Meza)  game: 40-30
2026-02-26T20:15:10.558Z [ODDS] (serving: Alvaro Guillen Meza)  Guido Ivan Justo: 10/11 → 6/5, Alvaro Guillen Meza: 10/11 → 8/13
2026-02-26T20:15:10.559Z [EVENT] (serving: Alvaro Guillen Meza)  game: 40-40
2026-02-26T20:15:44.833Z [ODDS] (serving: Alvaro Guillen Meza)  Guido Ivan Justo: 6/5 → 11/10, Alvaro Guillen Meza: 8/13 → 4/6
2026-02-26T20:16:30.391Z [ODDS] (serving: Alvaro Guillen Meza)  Guido Ivan Justo: 11/10 → 13/8, Alvaro Guillen Meza: 4/6 → 4/9
2026-02-26T20:16:30.391Z [EVENT] (serving: Alvaro Guillen Meza)  game: 40-A
2026-02-26T20:16:42.116Z [ODDS] (serving: Alvaro Guillen Meza)  Guido Ivan Justo: 13/8 → 6/5, Alvaro Guillen Meza: 4/9 → 8/13
2026-02-26T20:16:42.116Z [EVENT] (serving: Alvaro Guillen Meza)  game: 40-40
2026-02-26T20:17:35.339Z [ODDS] (serving: Alvaro Guillen Meza)  Guido Ivan Justo: 6/5 → 13/8, Alvaro Guillen Meza: 8/13 → 4/9
2026-02-26T20:17:35.339Z [EVENT] (serving: Alvaro Guillen Meza)  game: 40-A
2026-02-26T20:17:45.709Z [ODDS] (serving: Guido Ivan Justo)  Guido Ivan Justo: 13/8 → 9/4, Alvaro Guillen Meza: 4/9 → 1/3
2026-02-26T20:17:45.709Z [EVENT] (serving: Guido Ivan Justo)  sets: 6-7,6-3,1-3, game: 0-0, serving: P1
2026-02-26T20:18:40.732Z [ODDS] (serving: Guido Ivan Justo)  Guido Ivan Justo: 9/4 → 12/5, Alvaro Guillen Meza: 1/3 → 3/10
2026-02-26T20:18:53.810Z [ODDS] (serving: Guido Ivan Justo)  Guido Ivan Justo: 12/5 → 7/4, Alvaro Guillen Meza: 3/10 → 2/5
2026-02-26T20:18:53.810Z [EVENT] (serving: Guido Ivan Justo)  game: 15-0
2026-02-26T20:19:22.674Z [ODDS] (serving: Guido Ivan Justo)  Guido Ivan Justo: 7/4 → 2/1, Alvaro Guillen Meza: 2/5 → 4/11
2026-02-26T20:19:33.049Z [ODDS] (serving: Guido Ivan Justo)  Guido Ivan Justo: 2/1 → 13/8, Alvaro Guillen Meza: 4/11 → 4/9
2026-02-26T20:19:33.049Z [EVENT] (serving: Guido Ivan Justo)  game: 30-0
2026-02-26T20:20:11.837Z [ODDS] (serving: Guido Ivan Justo)  Guido Ivan Justo: 13/8 → 7/4, Alvaro Guillen Meza: 4/9 → 2/5
2026-02-26T20:20:11.837Z [EVENT] (serving: Guido Ivan Justo)  game: 30-15
2026-02-26T20:20:39.360Z [ODDS] (serving: Guido Ivan Justo)  Guido Ivan Justo: 7/4 → 12/5, Alvaro Guillen Meza: 2/5 → 3/10
2026-02-26T20:20:39.360Z [EVENT] (serving: Guido Ivan Justo)  game: 30-30
2026-02-26T20:21:00.995Z [ODDS] (serving: Guido Ivan Justo)  Guido Ivan Justo: 12/5 → 7/4, Alvaro Guillen Meza: 3/10 → 2/5
2026-02-26T20:21:00.995Z [EVENT] (serving: Guido Ivan Justo)  game: 40-30
2026-02-26T20:21:37.978Z [ODDS] (serving: Guido Ivan Justo)  Guido Ivan Justo: 7/4 → 12/5, Alvaro Guillen Meza: 2/5 → 3/10
2026-02-26T20:21:37.978Z [EVENT] (serving: Guido Ivan Justo)  game: 40-40
2026-02-26T20:22:10.911Z [ODDS] (serving: Guido Ivan Justo)  Guido Ivan Justo: 12/5 → 10/3, Alvaro Guillen Meza: 3/10 → 1/5
2026-02-26T20:22:10.911Z [EVENT] (serving: Guido Ivan Justo)  game: 40-A
2026-02-26T20:22:49.237Z [ODDS] (serving: Guido Ivan Justo)  Guido Ivan Justo: 10/3 → 12/5, Alvaro Guillen Meza: 1/5 → 3/10
2026-02-26T20:22:49.238Z [EVENT] (serving: Guido Ivan Justo)  game: 40-40
2026-02-26T20:23:24.416Z [ODDS] (serving: Guido Ivan Justo)  Guido Ivan Justo: 12/5 → 5/2, Alvaro Guillen Meza: 3/10 → 2/7
2026-02-26T20:23:35.243Z [ODDS] (serving: Guido Ivan Justo)  Guido Ivan Justo: 5/2 → 10/3, Alvaro Guillen Meza: 2/7 → 1/5
2026-02-26T20:23:35.243Z [EVENT] (serving: Guido Ivan Justo)  game: 40-A
2026-02-26T20:24:17.184Z [ODDS] (serving: Alvaro Guillen Meza)  Guido Ivan Justo: 10/3 → 6/1, Alvaro Guillen Meza: 1/5 → 1/10
2026-02-26T20:24:17.184Z [EVENT] (serving: Alvaro Guillen Meza)  sets: 6-7,6-3,1-4, game: 0-0, serving: P2
2026-02-26T20:26:40.136Z [ODDS] (serving: Alvaro Guillen Meza)  Guido Ivan Justo: 6/1 → 8/1, Alvaro Guillen Meza: 1/10 → 1/14
2026-02-26T20:26:40.136Z [EVENT] (serving: Alvaro Guillen Meza)  game: 0-15
2026-02-26T20:27:41.476Z [ODDS] (serving: Alvaro Guillen Meza)  Guido Ivan Justo: 8/1 → 6/1, Alvaro Guillen Meza: 1/14 → 1/10
2026-02-26T20:27:41.476Z [EVENT] (serving: Alvaro Guillen Meza)  game: 15-15
2026-02-26T20:28:38.755Z [ODDS] (serving: Alvaro Guillen Meza)  Guido Ivan Justo: 6/1 → 9/1, Alvaro Guillen Meza: 1/10 → 1/16
2026-02-26T20:28:38.755Z [EVENT] (serving: Alvaro Guillen Meza)  game: 15-30
2026-02-26T20:29:15.745Z [ODDS] (serving: Alvaro Guillen Meza)  Guido Ivan Justo: 9/1 → 6/1, Alvaro Guillen Meza: 1/16 → 1/10
2026-02-26T20:29:15.746Z [EVENT] (serving: Alvaro Guillen Meza)  game: 30-30
2026-02-26T20:29:45.045Z [ODDS] (serving: Alvaro Guillen Meza)  Guido Ivan Justo: 6/1 → 11/2, Alvaro Guillen Meza: 1/10 → 1/9
2026-02-26T20:30:00.382Z [ODDS] (serving: Alvaro Guillen Meza)  Guido Ivan Justo: 11/2 → 9/1, Alvaro Guillen Meza: 1/9 → 1/16
2026-02-26T20:30:00.382Z [EVENT] (serving: Alvaro Guillen Meza)  game: 30-40
2026-02-26T20:30:30.162Z [ODDS] (serving: Alvaro Guillen Meza)  Guido Ivan Justo: 9/1 → 6/1, Alvaro Guillen Meza: 1/16 → 1/10
2026-02-26T20:30:30.162Z [EVENT] (serving: Alvaro Guillen Meza)  game: 40-40
2026-02-26T20:31:19.310Z [ODDS] (serving: Alvaro Guillen Meza)  Guido Ivan Justo: 6/1 → 9/1, Alvaro Guillen Meza: 1/10 → 1/16
2026-02-26T20:31:19.310Z [EVENT] (serving: Alvaro Guillen Meza)  game: 40-A
2026-02-26T20:32:04.860Z [ODDS] (serving: Guido Ivan Justo)  Guido Ivan Justo: 9/1 → 14/1, Alvaro Guillen Meza: 1/16 → 1/33
2026-02-26T20:32:04.861Z [EVENT] (serving: Guido Ivan Justo)  sets: 6-7,6-3,1-5, game: 0-0, serving: P1
2026-02-26T20:32:45.449Z [ODDS] (serving: Guido Ivan Justo)  Guido Ivan Justo: 14/1 → 16/1, Alvaro Guillen Meza: 1/33 → 1/40
2026-02-26T20:32:59.882Z [ODDS] (serving: Guido Ivan Justo)  Guido Ivan Justo: 16/1 → 14/1, Alvaro Guillen Meza: 1/40 → 1/33
2026-02-26T20:32:59.882Z [EVENT] (serving: Guido Ivan Justo)  game: 15-0
2026-02-26T20:33:47.239Z [ODDS] (serving: Guido Ivan Justo)  Guido Ivan Justo: 14/1 → 12/1, Alvaro Guillen Meza: 1/33 → 1/25
2026-02-26T20:33:47.239Z [EVENT] (serving: Guido Ivan Justo)  game: 30-0
2026-02-26T20:34:19.262Z [ODDS] (serving: Guido Ivan Justo)  Guido Ivan Justo: 12/1 → 10/1, Alvaro Guillen Meza: 1/25 → 1/20
2026-02-26T20:34:19.262Z [EVENT] (serving: Guido Ivan Justo)  game: 40-0
2026-02-26T20:34:44.516Z [EVENT] (serving: Alvaro Guillen Meza)  sets: 6-7,6-3,2-5, game: 0-0, serving: P2
2026-02-26T20:36:39.523Z [ODDS] (serving: Alvaro Guillen Meza)  Guido Ivan Justo: 10/1 → 16/1, Alvaro Guillen Meza: 1/20 → 1/40
2026-02-26T20:36:39.523Z [EVENT] (serving: Alvaro Guillen Meza)  game: 0-15
2026-02-26T20:37:11.114Z [ODDS] (serving: Alvaro Guillen Meza)  Guido Ivan Justo: 16/1 → 25/1, Alvaro Guillen Meza: 1/40 → 1/100
2026-02-26T20:37:11.114Z [EVENT] (serving: Alvaro Guillen Meza)  game: 0-30
2026-02-26T20:37:30.486Z [ODDS] (serving: Alvaro Guillen Meza)  Guido Ivan Justo: 25/1 → 22/1, Alvaro Guillen Meza: 1/100 → 1/80
2026-02-26T20:37:57.096Z [ODDS] (serving: Alvaro Guillen Meza)  Guido Ivan Justo: 22/1 → 50/1, Alvaro Guillen Meza: 1/80 → 1/500
2026-02-26T20:37:57.096Z [EVENT] (serving: Alvaro Guillen Meza)  game: 0-40
2026-02-26T20:38:47.303Z [ODDS] (serving: Alvaro Guillen Meza)  Guido Ivan Justo: 50/1 → 28/1, Alvaro Guillen Meza: 1/500 → 1/150
2026-02-26T20:38:47.303Z [EVENT] (serving: Alvaro Guillen Meza)  game: 15-40
2026-02-26T20:39:38.265Z [ODDS] (serving: Alvaro Guillen Meza)  Guido Ivan Justo: 28/1 → 0/0, Alvaro Guillen Meza: 1/150 → 0/0
2026-02-26T20:39:38.265Z [EVENT] (serving: Alvaro Guillen Meza)  sets: 6-7,6-3,2-6, game: 0-0
