2026-02-26T19:48:45.977Z [ODDS] (serving: Maxwell Exsted)  Ignacio Monzon: 11/2 → 10/3, Maxwell Exsted: 1/10 → 1/5
2026-02-26T19:48:45.977Z [EVENT] (serving: Maxwell Exsted)  game: 15-0
2026-02-26T19:49:36.043Z [ODDS] (serving: Maxwell Exsted)  Ignacio Monzon: 10/3 → 9/4, Maxwell Exsted: 1/5 → 1/3
2026-02-26T19:49:36.043Z [EVENT] (serving: Maxwell Exsted)  game: 30-0
2026-02-26T19:50:10.767Z [ODDS] (serving: Maxwell Exsted)  Ignacio Monzon: 9/4 → 2/1, Maxwell Exsted: 1/3 → 4/11
2026-02-26T19:50:34.665Z [ODDS] (serving: Maxwell Exsted)  Ignacio Monzon: 2/1 → 11/8, Maxwell Exsted: 4/11 → 8/15
2026-02-26T19:50:34.665Z [EVENT] (serving: Maxwell Exsted)  game: 40-0
2026-02-26T19:51:10.759Z [ODDS] (serving: Maxwell Exsted)  Ignacio Monzon: 11/8 → 5/4, Maxwell Exsted: 8/15 → 4/7
2026-02-26T19:51:26.585Z [ODDS] (serving: Maxwell Exsted)  Ignacio Monzon: 5/4 → 13/8, Maxwell Exsted: 4/7 → 4/9
2026-02-26T19:51:26.586Z [EVENT] (serving: Maxwell Exsted)  game: 40-15
2026-02-26T19:52:09.842Z [ODDS] (serving: Maxwell Exsted)  Ignacio Monzon: 13/8 → 12/5, Maxwell Exsted: 4/9 → 3/10
2026-02-26T19:52:09.842Z [EVENT] (serving: Maxwell Exsted)  game: 40-30
2026-02-26T19:52:46.365Z [ODDS] (serving: Maxwell Exsted)  Ignacio Monzon: 12/5 → 2/1, Maxwell Exsted: 3/10 → 4/11
2026-02-26T19:53:03.518Z [ODDS] (serving: Maxwell Exsted)  Ignacio Monzon: 2/1 → 9/2, Maxwell Exsted: 4/11 → 1/8
2026-02-26T19:53:03.518Z [EVENT] (serving: Maxwell Exsted)  game: 40-40
2026-02-26T19:53:38.683Z [ODDS] (serving: Maxwell Exsted)  Ignacio Monzon: 9/2 → 7/2, Maxwell Exsted: 1/8 → 1/6
2026-02-26T19:53:57.625Z [ODDS] (serving: Maxwell Exsted)  Ignacio Monzon: 7/2 → 12/5, Maxwell Exsted: 1/6 → 3/10
2026-02-26T19:53:57.625Z [EVENT] (serving: Maxwell Exsted)  game: A-40
2026-02-26T19:55:38.197Z [ODDS] (serving: Maxwell Exsted)  Ignacio Monzon: 12/5 → 4/1, Maxwell Exsted: 3/10 → 1/7
2026-02-26T19:55:38.197Z [EVENT] (serving: Maxwell Exsted)  game: 40-40
2026-02-26T19:56:19.790Z [ODDS] (serving: Maxwell Exsted)  Ignacio Monzon: 4/1 → 7/2, Maxwell Exsted: 1/7 → 1/6
2026-02-26T19:56:35.509Z [ODDS] (serving: Maxwell Exsted)  Ignacio Monzon: 7/2 → 15/2, Maxwell Exsted: 1/6 → 1/20
2026-02-26T19:56:35.509Z [EVENT] (serving: Maxwell Exsted)  game: 40-A
2026-02-26T19:57:14.755Z [ODDS] (serving: Maxwell Exsted)  Ignacio Monzon: 15/2 → 0/0, Maxwell Exsted: 1/20 → 0/0
2026-02-26T19:57:14.755Z [EVENT] (serving: Maxwell Exsted)  sets: 5-7,7-6,4-6, game: 0-0
