2026-02-26T22:38:39.421Z [ODDS] (serving: Jakub Prachar)  Jakub Prachar: 2/9 → 1/4, Niko Klyachkin: 3/1 → 11/4
2026-02-26T22:38:39.421Z [EVENT] (serving: Jakub Prachar)  sets: 0-1, game: 0-0, serving: P1
2026-02-26T22:39:42.114Z [ODDS] (serving: Jakub Prachar)  Jakub Prachar: 1/4 → 2/9, Niko Klyachkin: 11/4 → 3/1
2026-02-26T22:39:42.114Z [EVENT] (serving: Jakub Prachar)  game: 15-0
2026-02-26T22:40:32.175Z [ODDS] (serving: Jakub Prachar)  Jakub Prachar: 2/9 → 1/5, Niko Klyachkin: 3/1 → 10/3
2026-02-26T22:40:32.175Z [EVENT] (serving: Jakub Prachar)  game: 30-0
2026-02-26T22:41:02.395Z [EVENT] (serving: Jakub Prachar)  game: 40-0
2026-02-26T22:41:33.064Z [ODDS] (serving: Niko Klyachkin)  Jakub Prachar: 1/5 → 2/11, Niko Klyachkin: 10/3 → 7/2
2026-02-26T22:41:33.064Z [EVENT] (serving: Niko Klyachkin)  sets: 1-1, game: 0-0, serving: P2
2026-02-26T22:42:22.222Z [ODDS] (serving: Niko Klyachkin)  Jakub Prachar: 2/11 → 1/5, Niko Klyachkin: 7/2 → 10/3
2026-02-26T22:42:22.222Z [EVENT] (serving: Niko Klyachkin)  game: 0-15
2026-02-26T22:43:01.459Z [ODDS] (serving: Niko Klyachkin)  Jakub Prachar: 1/5 → 2/9, Niko Klyachkin: 10/3 → 3/1
2026-02-26T22:43:01.459Z [EVENT] (serving: Niko Klyachkin)  game: 0-30
2026-02-26T22:43:28.071Z [EVENT] (serving: Niko Klyachkin)  game: 0-40
2026-02-26T22:43:55.131Z [ODDS] (serving: Jakub Prachar)  Jakub Prachar: 2/9 → 1/4, Niko Klyachkin: 3/1 → 11/4
2026-02-26T22:43:55.131Z [EVENT] (serving: Jakub Prachar)  sets: 1-2, game: 0-0, serving: P1
2026-02-26T22:45:21.272Z [ODDS] (serving: Jakub Prachar)  Jakub Prachar: 1/4 → 2/7, Niko Klyachkin: 11/4 → 5/2
2026-02-26T22:45:21.272Z [EVENT] (serving: Jakub Prachar)  game: 0-15
2026-02-26T22:46:04.116Z [ODDS] (serving: Jakub Prachar)  Jakub Prachar: 2/7 → 1/3, Niko Klyachkin: 5/2 → 9/4
2026-02-26T22:46:04.116Z [EVENT] (serving: Jakub Prachar)  game: 0-30
2026-02-26T22:46:30.275Z [ODDS] (serving: Jakub Prachar)  Jakub Prachar: 1/3 → 3/10, Niko Klyachkin: 9/4 → 12/5
2026-02-26T22:46:30.275Z [EVENT] (serving: Jakub Prachar)  game: 15-30
2026-02-26T22:47:14.021Z [ODDS] (serving: Jakub Prachar)  Jakub Prachar: 3/10 → 4/11, Niko Klyachkin: 12/5 → 2/1
2026-02-26T22:47:14.021Z [EVENT] (serving: Jakub Prachar)  game: 15-40
2026-02-26T22:47:37.473Z [ODDS] (serving: Jakub Prachar)  Jakub Prachar: 4/11 → 1/3, Niko Klyachkin: 2/1 → 9/4
2026-02-26T22:47:37.473Z [EVENT] (serving: Jakub Prachar)  game: 30-40
2026-02-26T22:48:15.357Z [ODDS] (serving: Jakub Prachar)  Jakub Prachar: 1/3 → 1/4, Niko Klyachkin: 9/4 → 11/4
2026-02-26T22:48:15.357Z [EVENT] (serving: Jakub Prachar)  game: 40-40
2026-02-26T22:48:42.870Z [ODDS] (serving: Jakub Prachar)  Jakub Prachar: 1/4 → 2/7, Niko Klyachkin: 11/4 → 5/2
2026-02-26T22:49:04.066Z [ODDS] (serving: Jakub Prachar)  Jakub Prachar: 2/7 → 2/9, Niko Klyachkin: 5/2 → 3/1
2026-02-26T22:49:04.066Z [EVENT] (serving: Jakub Prachar)  game: A-40
2026-02-26T22:49:40.598Z [ODDS] (serving: Niko Klyachkin)  Jakub Prachar: 2/9 → 1/5, Niko Klyachkin: 3/1 → 10/3
2026-02-26T22:49:40.598Z [EVENT] (serving: Niko Klyachkin)  sets: 2-2, game: 0-0, serving: P2
2026-02-26T22:50:35.169Z [ODDS] (serving: Niko Klyachkin)  Jakub Prachar: 1/5 → 2/9, Niko Klyachkin: 10/3 → 3/1
2026-02-26T22:50:35.169Z [EVENT] (serving: Niko Klyachkin)  game: 0-15
2026-02-26T22:51:18.917Z [ODDS] (serving: Niko Klyachkin)  Jakub Prachar: 2/9 → 1/4, Niko Klyachkin: 3/1 → 11/4
2026-02-26T22:51:18.917Z [EVENT] (serving: Niko Klyachkin)  game: 0-30
2026-02-26T22:52:04.468Z [ODDS] (serving: Niko Klyachkin)  Jakub Prachar: 1/4 → 2/7, Niko Klyachkin: 11/4 → 5/2
2026-02-26T22:52:04.468Z [EVENT] (serving: Niko Klyachkin)  game: 0-40
2026-02-26T22:52:45.511Z [ODDS] (serving: Niko Klyachkin)  Jakub Prachar: 2/7 → 1/4, Niko Klyachkin: 5/2 → 11/4
2026-02-26T22:52:45.511Z [EVENT] (serving: Niko Klyachkin)  game: 15-40
2026-02-26T22:53:36.020Z [ODDS] (serving: Niko Klyachkin)  Jakub Prachar: 1/4 → 2/9, Niko Klyachkin: 11/4 → 3/1
2026-02-26T22:53:36.020Z [EVENT] (serving: Niko Klyachkin)  game: 30-40
2026-02-26T22:54:20.671Z [ODDS] (serving: Niko Klyachkin)  Jakub Prachar: 2/9 → 2/11, Niko Klyachkin: 3/1 → 7/2
2026-02-26T22:54:20.671Z [EVENT] (serving: Niko Klyachkin)  game: 40-40
2026-02-26T22:55:17.046Z [ODDS] (serving: Niko Klyachkin)  Jakub Prachar: 2/11 → 1/7, Niko Klyachkin: 7/2 → 9/2
2026-02-26T22:55:17.046Z [EVENT] (serving: Niko Klyachkin)  game: A-40
2026-02-26T22:55:55.382Z [ODDS] (serving: Jakub Prachar)  Jakub Prachar: 1/7 → 1/10, Niko Klyachkin: 9/2 → 6/1
2026-02-26T22:55:55.382Z [EVENT] (serving: Jakub Prachar)  sets: 3-2, game: 0-0, serving: P1
2026-02-26T22:57:37.758Z [ODDS] (serving: Jakub Prachar)  Jakub Prachar: 1/10 → 1/12, Niko Klyachkin: 6/1 → 7/1
2026-02-26T22:57:37.758Z [EVENT] (serving: Jakub Prachar)  game: 15-0
2026-02-26T22:58:38.194Z [ODDS] (serving: Jakub Prachar)  Jakub Prachar: 1/12 → 1/14, Niko Klyachkin: 7/1 → 8/1
2026-02-26T22:58:38.194Z [EVENT] (serving: Jakub Prachar)  game: 30-0
2026-02-26T22:59:19.235Z [ODDS] (serving: Jakub Prachar)  Jakub Prachar: 1/14 → 1/12, Niko Klyachkin: 8/1 → 7/1
2026-02-26T22:59:19.235Z [EVENT] (serving: Jakub Prachar)  game: 30-15
2026-02-26T22:59:48.551Z [ODDS] (serving: Jakub Prachar)  Jakub Prachar: 1/12 → 1/9, Niko Klyachkin: 7/1 → 11/2
2026-02-26T22:59:48.551Z [EVENT] (serving: Jakub Prachar)  game: 30-30
2026-02-26T23:00:27.336Z [ODDS] (serving: Jakub Prachar)  Jakub Prachar: 1/9 → 1/10, Niko Klyachkin: 11/2 → 6/1
2026-02-26T23:00:27.336Z [EVENT] (serving: Jakub Prachar)  game: 40-30
2026-02-26T23:01:12.887Z [ODDS] (serving: Jakub Prachar)  Jakub Prachar: 1/10 → 1/9, Niko Klyachkin: 6/1 → 11/2
2026-02-26T23:01:12.888Z [EVENT] (serving: Jakub Prachar)  game: 40-40
2026-02-26T23:01:51.224Z [ODDS] (serving: Jakub Prachar)  Jakub Prachar: 1/9 → 1/7, Niko Klyachkin: 11/2 → 9/2
2026-02-26T23:01:51.224Z [EVENT] (serving: Jakub Prachar)  game: 40-A
2026-02-26T23:02:28.204Z [ODDS] (serving: Jakub Prachar)  Jakub Prachar: 1/7 → 1/8, Niko Klyachkin: 9/2 → 5/1
2026-02-26T23:02:28.205Z [EVENT] (serving: Jakub Prachar)  game: 40-40
2026-02-26T23:03:07.892Z [ODDS] (serving: Jakub Prachar)  Jakub Prachar: 1/8 → 1/10, Niko Klyachkin: 5/1 → 6/1
2026-02-26T23:03:07.892Z [EVENT] (serving: Jakub Prachar)  game: A-40
2026-02-26T23:03:41.718Z [ODDS] (serving: Niko Klyachkin)  Jakub Prachar: 1/10 → 1/12, Niko Klyachkin: 6/1 → 7/1
2026-02-26T23:03:41.718Z [EVENT] (serving: Niko Klyachkin)  sets: 4-2, game: 0-0, serving: P2
2026-02-26T23:04:16.895Z [ODDS] (serving: Niko Klyachkin)  Jakub Prachar: 1/12 → 1/10, Niko Klyachkin: 7/1 → 6/1
2026-02-26T23:04:16.896Z [EVENT] (serving: Niko Klyachkin)  game: 0-15
2026-02-26T23:04:44.857Z [EVENT] (serving: Niko Klyachkin)  game: 0-30
2026-02-26T23:05:12.820Z [ODDS] (serving: Niko Klyachkin)  Jakub Prachar: 1/10 → 1/9, Niko Klyachkin: 6/1 → 11/2
2026-02-26T23:05:12.820Z [EVENT] (serving: Niko Klyachkin)  game: 0-40
2026-02-26T23:05:35.821Z [EVENT] (serving: Jakub Prachar)  sets: 4-3, game: 0-0, serving: P1
2026-02-26T23:07:35.790Z [ODDS] (serving: Jakub Prachar)  Jakub Prachar: 1/9 → 1/10, Niko Klyachkin: 11/2 → 6/1
2026-02-26T23:07:35.791Z [EVENT] (serving: Jakub Prachar)  game: 15-0
2026-02-26T23:08:15.375Z [ODDS] (serving: Jakub Prachar)  Jakub Prachar: 1/10 → 1/8, Niko Klyachkin: 6/1 → 5/1
2026-02-26T23:08:15.375Z [EVENT] (serving: Jakub Prachar)  game: 15-15
2026-02-26T23:08:59.576Z [ODDS] (serving: Jakub Prachar)  Jakub Prachar: 1/8 → 1/6, Niko Klyachkin: 5/1 → 4/1
2026-02-26T23:08:59.576Z [EVENT] (serving: Jakub Prachar)  game: 15-30
2026-02-26T23:09:46.027Z [ODDS] (serving: Jakub Prachar)  Jakub Prachar: 1/6 → 1/5, Niko Klyachkin: 4/1 → 10/3
2026-02-26T23:09:46.027Z [EVENT] (serving: Jakub Prachar)  game: 15-40
2026-02-26T23:10:14.440Z [ODDS] (serving: Jakub Prachar)  Jakub Prachar: 1/5 → 1/6, Niko Klyachkin: 10/3 → 4/1
2026-02-26T23:10:14.440Z [EVENT] (serving: Jakub Prachar)  game: 30-40
2026-02-26T23:10:51.427Z [ODDS] (serving: Jakub Prachar)  Jakub Prachar: 1/6 → 2/11, Niko Klyachkin: 4/1 → 7/2
2026-02-26T23:11:04.507Z [ODDS] (serving: Niko Klyachkin)  Jakub Prachar: 2/11 → 1/4, Niko Klyachkin: 7/2 → 11/4
2026-02-26T23:11:04.507Z [EVENT] (serving: Niko Klyachkin)  sets: 4-4, game: 0-0, serving: P2
2026-02-26T23:12:22.087Z [ODDS] (serving: Niko Klyachkin)  Jakub Prachar: 1/4 → 1/5, Niko Klyachkin: 11/4 → 10/3
2026-02-26T23:12:22.087Z [EVENT] (serving: Niko Klyachkin)  game: 15-0
2026-02-26T23:13:15.299Z [ODDS] (serving: Niko Klyachkin)  Jakub Prachar: 1/5 → 1/4, Niko Klyachkin: 10/3 → 11/4
2026-02-26T23:13:15.299Z [EVENT] (serving: Niko Klyachkin)  game: 15-15
2026-02-26T23:13:45.966Z [ODDS] (serving: Niko Klyachkin)  Jakub Prachar: 1/4 → 3/10, Niko Klyachkin: 11/4 → 12/5
2026-02-26T23:13:45.966Z [EVENT] (serving: Niko Klyachkin)  game: 15-30
2026-02-26T23:14:01.752Z [ODDS] (serving: Niko Klyachkin)  Jakub Prachar: 3/10 → 4/11, Niko Klyachkin: 12/5 → 2/1
2026-02-26T23:14:01.752Z [EVENT] (serving: Niko Klyachkin)  game: 15-40
2026-02-26T23:14:33.323Z [ODDS] (serving: Jakub Prachar)  Jakub Prachar: 4/11 → 2/5, Niko Klyachkin: 2/1 → 7/4
2026-02-26T23:14:33.323Z [EVENT] (serving: Jakub Prachar)  sets: 4-5, game: 0-0, serving: P1
2026-02-26T23:16:23.366Z [ODDS] (serving: Jakub Prachar)  Jakub Prachar: 2/5 → 1/2, Niko Klyachkin: 7/4 → 6/4
2026-02-26T23:16:23.366Z [EVENT] (serving: Jakub Prachar)  game: 0-15
2026-02-26T23:16:57.640Z [ODDS] (serving: Jakub Prachar)  Jakub Prachar: 1/2 → 2/5, Niko Klyachkin: 6/4 → 7/4
2026-02-26T23:16:57.640Z [EVENT] (serving: Jakub Prachar)  game: 15-15
2026-02-26T23:18:15.667Z [ODDS] (serving: Jakub Prachar)  Jakub Prachar: 2/5 → 8/15, Niko Klyachkin: 7/4 → 11/8
2026-02-26T23:18:15.667Z [EVENT] (serving: Jakub Prachar)  game: 15-30
2026-02-26T23:19:07.531Z [ODDS] (serving: Jakub Prachar)  Jakub Prachar: 8/15 → 4/9, Niko Klyachkin: 11/8 → 13/8
2026-02-26T23:19:07.531Z [EVENT] (serving: Jakub Prachar)  game: 30-30
2026-02-26T23:19:59.395Z [ODDS] (serving: Jakub Prachar)  Jakub Prachar: 4/9 → 1/3, Niko Klyachkin: 13/8 → 9/4
2026-02-26T23:19:59.395Z [EVENT] (serving: Jakub Prachar)  game: 40-30
2026-02-26T23:20:37.736Z [ODDS] (serving: Jakub Prachar)  Jakub Prachar: 1/3 → 4/11, Niko Klyachkin: 9/4 → 2/1
2026-02-26T23:20:56.674Z [ODDS] (serving: Niko Klyachkin)  Jakub Prachar: 4/11 → 2/7, Niko Klyachkin: 2/1 → 5/2
2026-02-26T23:20:56.674Z [EVENT] (serving: Niko Klyachkin)  sets: 5-5, game: 0-0, serving: P2
2026-02-26T23:21:48.089Z [ODDS] (serving: Niko Klyachkin)  Jakub Prachar: 2/7 → 1/3, Niko Klyachkin: 5/2 → 9/4
2026-02-26T23:21:48.089Z [EVENT] (serving: Niko Klyachkin)  game: 0-15
2026-02-26T23:22:35.451Z [ODDS] (serving: Niko Klyachkin)  Jakub Prachar: 1/3 → 1/4, Niko Klyachkin: 9/4 → 11/4
2026-02-26T23:22:35.451Z [EVENT] (serving: Niko Klyachkin)  game: 15-15
2026-02-26T23:23:12.877Z [ODDS] (serving: Niko Klyachkin)  Jakub Prachar: 1/4 → 1/3, Niko Klyachkin: 11/4 → 9/4
2026-02-26T23:23:12.877Z [EVENT] (serving: Niko Klyachkin)  game: 15-30
2026-02-26T23:24:19.626Z [ODDS] (serving: Niko Klyachkin)  Jakub Prachar: 1/3 → 4/11, Niko Klyachkin: 9/4 → 2/1
2026-02-26T23:24:19.626Z [EVENT] (serving: Niko Klyachkin)  game: 15-40
2026-02-26T23:25:03.377Z [ODDS] (serving: Jakub Prachar)  Jakub Prachar: 4/11 → 2/5, Niko Klyachkin: 2/1 → 7/4
2026-02-26T23:25:03.377Z [EVENT] (serving: Jakub Prachar)  sets: 5-6, game: 0-0, serving: P1
2026-02-26T23:25:10.593Z [ODDS] (serving: Jakub Prachar)  Jakub Prachar: 2/5 → 1/2, Niko Klyachkin: 7/4 → 6/4
2026-02-26T23:25:10.593Z [EVENT] (serving: Jakub Prachar)  game: 0-15
2026-02-26T23:25:13.305Z [ODDS] (serving: Jakub Prachar)  Jakub Prachar: 1/2 → 2/5, Niko Klyachkin: 6/4 → 7/4
2026-02-26T23:25:13.305Z [EVENT] (serving: Jakub Prachar)  game: 0-0
2026-02-26T23:25:15.112Z [ODDS] (serving: Niko Klyachkin)  Jakub Prachar: 2/5 → 4/11, Niko Klyachkin: 7/4 → 2/1
2026-02-26T23:25:15.112Z [EVENT] (serving: Niko Klyachkin)  sets: 5-5, game: 15-40, serving: P2
2026-02-26T23:25:16.458Z [ODDS] (serving: Niko Klyachkin)  Jakub Prachar: 4/11 → 1/3, Niko Klyachkin: 2/1 → 9/4
2026-02-26T23:25:16.459Z [EVENT] (serving: Niko Klyachkin)  game: 30-40
2026-02-26T23:26:11.243Z [ODDS] (serving: Jakub Prachar)  Jakub Prachar: 1/3 → 4/11, Niko Klyachkin: 9/4 → 2/1
2026-02-26T23:26:11.244Z [EVENT] (serving: Jakub Prachar)  sets: 5-6, game: 0-0, serving: P1
2026-02-26T23:28:01.526Z [ODDS] (serving: Jakub Prachar)  Jakub Prachar: 4/11 → 2/5, Niko Klyachkin: 2/1 → 7/4
2026-02-26T23:28:30.836Z [ODDS] (serving: Jakub Prachar)  Jakub Prachar: 2/5 → 1/3, Niko Klyachkin: 7/4 → 9/4
2026-02-26T23:28:30.836Z [EVENT] (serving: Jakub Prachar)  game: 15-0
2026-02-26T23:29:25.407Z [ODDS] (serving: Jakub Prachar)  Jakub Prachar: 1/3 → 2/5, Niko Klyachkin: 9/4 → 7/4
2026-02-26T23:29:25.407Z [EVENT] (serving: Jakub Prachar)  game: 15-15
2026-02-26T23:30:01.039Z [ODDS] (serving: Jakub Prachar)  Jakub Prachar: 2/5 → 1/3, Niko Klyachkin: 7/4 → 9/4
2026-02-26T23:30:01.039Z [EVENT] (serving: Jakub Prachar)  game: 30-15
2026-02-26T23:30:44.785Z [ODDS] (serving: Jakub Prachar)  Jakub Prachar: 1/3 → 4/9, Niko Klyachkin: 9/4 → 13/8
2026-02-26T23:30:44.785Z [EVENT] (serving: Jakub Prachar)  game: 30-30
2026-02-26T23:31:37.555Z [ODDS] (serving: Jakub Prachar)  Jakub Prachar: 4/9 → 4/11, Niko Klyachkin: 13/8 → 2/1
2026-02-26T23:31:37.555Z [EVENT] (serving: Jakub Prachar)  game: 40-30
2026-02-26T23:32:51.065Z [ODDS] (serving: Niko Klyachkin)  Jakub Prachar: 4/11 → 3/10, Niko Klyachkin: 2/1 → 12/5
2026-02-26T23:32:51.065Z [EVENT] (serving: Niko Klyachkin)  sets: 6-6, game: 0-0, serving: P2
2026-02-26T23:33:40.224Z [ODDS] (serving: Jakub Prachar)  Jakub Prachar: 3/10 → 2/9, Niko Klyachkin: 12/5 → 3/1
2026-02-26T23:33:40.224Z [EVENT] (serving: Jakub Prachar)  game: 1-0, serving: P1
2026-02-26T23:34:47.876Z [ODDS] (serving: Jakub Prachar)  Jakub Prachar: 2/9 → 3/10, Niko Klyachkin: 3/1 → 12/5
2026-02-26T23:34:47.876Z [EVENT] (serving: Jakub Prachar)  game: 1-1
2026-02-26T23:35:21.701Z [ODDS] (serving: Jakub Prachar)  Jakub Prachar: 3/10 → 1/3, Niko Klyachkin: 12/5 → 9/4
2026-02-26T23:35:46.507Z [ODDS] (serving: Niko Klyachkin)  Jakub Prachar: 1/3 → 4/9, Niko Klyachkin: 9/4 → 13/8
2026-02-26T23:35:46.507Z [EVENT] (serving: Niko Klyachkin)  game: 1-2, serving: P2
2026-02-26T23:36:22.135Z [ODDS] (serving: Niko Klyachkin)  Jakub Prachar: 4/9 → 2/5, Niko Klyachkin: 13/8 → 7/4
2026-02-26T23:36:42.431Z [ODDS] (serving: Niko Klyachkin)  Jakub Prachar: 2/5 → 4/7, Niko Klyachkin: 7/4 → 5/4
2026-02-26T23:36:42.431Z [EVENT] (serving: Niko Klyachkin)  game: 1-3
2026-02-26T23:37:15.805Z [ODDS] (serving: Jakub Prachar)  Jakub Prachar: 4/7 → 7/10, Niko Klyachkin: 5/4 → 21/20
2026-02-26T23:37:15.805Z [EVENT] (serving: Jakub Prachar)  game: 1-4, serving: P1
2026-02-26T23:37:40.610Z [ODDS] (serving: Jakub Prachar)  Jakub Prachar: 7/10 → 10/11, Niko Klyachkin: 21/20 → 10/11
2026-02-26T23:37:40.610Z [EVENT] (serving: Jakub Prachar)  game: 1-5
2026-02-26T23:39:08.024Z [ODDS] (serving: Jakub Prachar)  Jakub Prachar: 10/11 → 19/20, Niko Klyachkin: 10/11 → 4/5
2026-02-26T23:39:17.045Z [ODDS] (serving: Niko Klyachkin)  Jakub Prachar: 19/20 → 21/20, Niko Klyachkin: 4/5 → 7/10
2026-02-26T23:39:17.046Z [EVENT] (serving: Niko Klyachkin)  game: 1-6, serving: P2
2026-02-26T23:40:16.125Z [ODDS] (serving: Niko Klyachkin)  Jakub Prachar: 21/20 → 19/20, Niko Klyachkin: 7/10 → 4/5
2026-02-26T23:40:16.125Z [EVENT] (serving: Niko Klyachkin)  game: 2-6
2026-02-26T23:41:04.382Z [ODDS] (serving: Jakub Prachar)  Jakub Prachar: 19/20 → 21/20, Niko Klyachkin: 4/5 → 7/10
2026-02-26T23:41:04.382Z [EVENT] (serving: Jakub Prachar)  sets: 6-7,0-0, game: 0-0, serving: P1
2026-02-26T23:48:32.230Z [ODDS] (serving: Jakub Prachar)  Jakub Prachar: 21/20 → 19/20, Niko Klyachkin: 7/10 → 4/5
2026-02-26T23:48:32.230Z [EVENT] (serving: Jakub Prachar)  game: 15-0
2026-02-26T23:48:58.387Z [ODDS] (serving: Jakub Prachar)  Jakub Prachar: 19/20 → 4/5, Niko Klyachkin: 4/5 → 19/20
2026-02-26T23:48:58.387Z [EVENT] (serving: Jakub Prachar)  game: 30-0
2026-02-26T23:49:42.586Z [ODDS] (serving: Jakub Prachar)  Jakub Prachar: 4/5 → 19/20, Niko Klyachkin: 19/20 → 4/5
2026-02-26T23:49:42.586Z [EVENT] (serving: Jakub Prachar)  game: 30-15
2026-02-26T23:50:12.352Z [ODDS] (serving: Jakub Prachar)  Jakub Prachar: 19/20 → 4/5, Niko Klyachkin: 4/5 → 19/20
2026-02-26T23:50:12.352Z [EVENT] (serving: Jakub Prachar)  game: 40-15
2026-02-26T23:50:50.235Z [ODDS] (serving: Jakub Prachar)  Jakub Prachar: 4/5 → 19/20, Niko Klyachkin: 19/20 → 4/5
2026-02-26T23:50:50.236Z [EVENT] (serving: Jakub Prachar)  game: 40-30
2026-02-26T23:51:38.495Z [ODDS] (serving: Jakub Prachar)  Jakub Prachar: 19/20 → 11/10, Niko Klyachkin: 4/5 → 4/6
2026-02-26T23:51:38.495Z [EVENT] (serving: Jakub Prachar)  game: 40-40
2026-02-26T23:52:13.235Z [ODDS] (serving: Jakub Prachar)  Jakub Prachar: 11/10 → 19/20, Niko Klyachkin: 4/6 → 4/5
2026-02-26T23:52:13.235Z [EVENT] (serving: Jakub Prachar)  game: A-40
2026-02-26T23:52:40.295Z [ODDS] (serving: Jakub Prachar)  Jakub Prachar: 19/20 → 11/10, Niko Klyachkin: 4/5 → 4/6
2026-02-26T23:52:40.295Z [EVENT] (serving: Jakub Prachar)  game: 40-40
2026-02-26T23:53:07.356Z [ODDS] (serving: Jakub Prachar)  Jakub Prachar: 11/10 → 1/1, Niko Klyachkin: 4/6 → 3/4
2026-02-26T23:53:07.356Z [EVENT] (serving: Jakub Prachar)  game: A-40
2026-02-26T23:54:02.377Z [ODDS] (serving: Niko Klyachkin)  Jakub Prachar: 1/1 → 10/11, Niko Klyachkin: 3/4 → 10/11
2026-02-26T23:54:02.377Z [EVENT] (serving: Niko Klyachkin)  sets: 6-7,1-0, game: 0-0, serving: P2
2026-02-26T23:55:15.438Z [ODDS] (serving: Niko Klyachkin)  Jakub Prachar: 10/11 → 1/1, Niko Klyachkin: 10/11 → 3/4
2026-02-26T23:55:15.438Z [EVENT] (serving: Niko Klyachkin)  game: 0-15
2026-02-26T23:55:33.479Z [ODDS] (serving: Niko Klyachkin)  Jakub Prachar: 1/1 → 11/10, Niko Klyachkin: 3/4 → 4/6
2026-02-26T23:55:33.479Z [EVENT] (serving: Niko Klyachkin)  game: 0-30
2026-02-26T23:55:55.579Z [ODDS] (serving: Niko Klyachkin)  Jakub Prachar: 11/10 → 21/20, Niko Klyachkin: 4/6 → 7/10
2026-02-26T23:56:19.581Z [ODDS] (serving: Niko Klyachkin)  Jakub Prachar: 21/20 → 6/5, Niko Klyachkin: 7/10 → 8/13
2026-02-26T23:56:19.581Z [EVENT] (serving: Niko Klyachkin)  game: 0-40
2026-02-26T23:56:53.403Z [ODDS] (serving: Jakub Prachar)  Jakub Prachar: 6/5 → 5/4, Niko Klyachkin: 8/13 → 4/7
2026-02-26T23:56:53.403Z [EVENT] (serving: Jakub Prachar)  sets: 6-7,1-1, game: 0-0, serving: P1
2026-02-26T23:57:29.033Z [ODDS] (serving: Jakub Prachar)  Jakub Prachar: 5/4 → 13/8, Niko Klyachkin: 4/7 → 4/9
2026-02-26T23:57:29.033Z [EVENT] (serving: Jakub Prachar)  game: 0-15
2026-02-26T23:58:01.055Z [ODDS] (serving: Jakub Prachar)  Jakub Prachar: 13/8 → 2/1, Niko Klyachkin: 4/9 → 4/11
2026-02-26T23:58:01.055Z [EVENT] (serving: Jakub Prachar)  game: 0-30
2026-02-26T23:58:23.605Z [ODDS] (serving: Jakub Prachar)  Jakub Prachar: 2/1 → 9/4, Niko Klyachkin: 4/11 → 1/3
2026-02-26T23:58:52.019Z [ODDS] (serving: Jakub Prachar)  Jakub Prachar: 9/4 → 11/4, Niko Klyachkin: 1/3 → 1/4
2026-02-26T23:58:52.020Z [EVENT] (serving: Jakub Prachar)  game: 0-40
2026-02-26T23:59:38.019Z [ODDS] (serving: Jakub Prachar)  Jakub Prachar: 11/4 → 12/5, Niko Klyachkin: 1/4 → 3/10
2026-02-26T23:59:38.019Z [EVENT] (serving: Jakub Prachar)  game: 15-40
2026-02-27T00:00:25.373Z [ODDS] (serving: Jakub Prachar)  Jakub Prachar: 12/5 → 5/2, Niko Klyachkin: 3/10 → 2/7
2026-02-27T00:00:51.080Z [ODDS] (serving: Jakub Prachar)  Jakub Prachar: 5/2 → 2/1, Niko Klyachkin: 2/7 → 4/11
2026-02-27T00:00:51.080Z [EVENT] (serving: Jakub Prachar)  game: 30-40
2026-02-27T00:01:33.476Z [ODDS] (serving: Jakub Prachar)  Jakub Prachar: 2/1 → 6/4, Niko Klyachkin: 4/11 → 1/2
2026-02-27T00:01:33.476Z [EVENT] (serving: Jakub Prachar)  game: 40-40
2026-02-27T00:02:20.830Z [ODDS] (serving: Jakub Prachar)  Jakub Prachar: 6/4 → 6/5, Niko Klyachkin: 1/2 → 8/13
2026-02-27T00:02:20.830Z [EVENT] (serving: Jakub Prachar)  game: A-40
2026-02-27T00:02:54.206Z [ODDS] (serving: Niko Klyachkin)  Jakub Prachar: 6/5 → 21/20, Niko Klyachkin: 8/13 → 7/10
2026-02-27T00:02:54.206Z [EVENT] (serving: Niko Klyachkin)  sets: 6-7,2-1, game: 0-0, serving: P2
2026-02-27T00:04:37.036Z [ODDS] (serving: Niko Klyachkin)  Jakub Prachar: 21/20 → 5/4, Niko Klyachkin: 7/10 → 4/7
2026-02-27T00:04:37.036Z [EVENT] (serving: Niko Klyachkin)  game: 0-15
2026-02-27T00:05:00.939Z [ODDS] (serving: Niko Klyachkin)  Jakub Prachar: 5/4 → 6/5, Niko Klyachkin: 4/7 → 8/13
2026-02-27T00:05:10.409Z [ODDS] (serving: Niko Klyachkin)  Jakub Prachar: 6/5 → 11/8, Niko Klyachkin: 8/13 → 8/15
2026-02-27T00:05:10.409Z [EVENT] (serving: Niko Klyachkin)  game: 0-30
2026-02-27T00:05:38.380Z [ODDS] (serving: Niko Klyachkin)  Jakub Prachar: 11/8 → 13/8, Niko Klyachkin: 8/15 → 4/9
2026-02-27T00:05:38.380Z [EVENT] (serving: Niko Klyachkin)  game: 0-40
2026-02-27T00:05:56.865Z [EVENT] (serving: Jakub Prachar)  sets: 6-7,2-2, game: 0-0, serving: P1
2026-02-27T00:06:40.612Z [ODDS] (serving: Jakub Prachar)  Jakub Prachar: 13/8 → 9/4, Niko Klyachkin: 4/9 → 1/3
2026-02-27T00:06:40.612Z [EVENT] (serving: Jakub Prachar)  game: 0-15
2026-02-27T00:07:23.005Z [ODDS] (serving: Jakub Prachar)  Jakub Prachar: 9/4 → 11/4, Niko Klyachkin: 1/3 → 1/4
2026-02-27T00:07:23.005Z [EVENT] (serving: Jakub Prachar)  game: 0-30
2026-02-27T00:08:00.890Z [ODDS] (serving: Jakub Prachar)  Jakub Prachar: 11/4 → 12/5, Niko Klyachkin: 1/4 → 3/10
2026-02-27T00:08:00.890Z [EVENT] (serving: Jakub Prachar)  game: 15-30
