2026-02-26T19:48:22.526Z [ODDS] (serving: Julieta Pareja)  Savannah Broadus: 4/1 → 9/2, Julieta Pareja: 1/7 → 1/8
2026-02-26T19:48:22.526Z [EVENT] (serving: Julieta Pareja)  game: 0-15
2026-02-26T19:48:57.259Z [ODDS] (serving: Julieta Pareja)  Savannah Broadus: 9/2 → 7/2, Julieta Pareja: 1/8 → 1/6
2026-02-26T19:48:57.259Z [EVENT] (serving: Julieta Pareja)  game: 15-15
2026-02-26T19:50:01.296Z [ODDS] (serving: Julieta Pareja)  Savannah Broadus: 7/2 → 10/3, Julieta Pareja: 1/6 → 1/5
2026-02-26T19:50:01.296Z [EVENT] (serving: Julieta Pareja)  game: 30-15
2026-02-26T19:50:36.470Z [ODDS] (serving: Julieta Pareja)  Savannah Broadus: 10/3 → 7/2, Julieta Pareja: 1/5 → 1/6
2026-02-26T19:50:36.470Z [EVENT] (serving: Julieta Pareja)  game: 30-30
2026-02-26T19:51:11.651Z [ODDS] (serving: Julieta Pareja)  Savannah Broadus: 7/2 → 9/2, Julieta Pareja: 1/6 → 1/8
2026-02-26T19:51:11.651Z [EVENT] (serving: Julieta Pareja)  game: 30-40
2026-02-26T19:52:17.952Z [ODDS] (serving: Savannah Broadus)  Savannah Broadus: 9/2 → 6/1, Julieta Pareja: 1/8 → 1/12
2026-02-26T19:52:17.952Z [EVENT] (serving: Savannah Broadus)  sets: 4-6,0-0, game: 0-0, serving: P1
2026-02-26T19:53:15.680Z [ODDS] (serving: Savannah Broadus)  Savannah Broadus: 6/1 → 13/2, Julieta Pareja: 1/12 → 1/14
2026-02-26T19:53:16.627Z [ODDS] (serving: Savannah Broadus)  Savannah Broadus: 13/2 → 7/1, Julieta Pareja: 1/14 → 1/16
2026-02-26T19:53:18.391Z [ODDS] (serving: Savannah Broadus)  Savannah Broadus: 7/1 → 13/2, Julieta Pareja: 1/16 → 1/14
2026-02-26T19:53:19.290Z [ODDS] (serving: Savannah Broadus)  Savannah Broadus: 13/2 → 6/1, Julieta Pareja: 1/14 → 1/12
2026-02-26T19:53:21.103Z [ODDS] (serving: Savannah Broadus)  Savannah Broadus: 6/1 → 13/2, Julieta Pareja: 1/12 → 1/14
2026-02-26T19:53:25.154Z [ODDS] (serving: Savannah Broadus)  Savannah Broadus: 13/2 → 7/1, Julieta Pareja: 1/14 → 1/16
2026-02-26T19:54:40.018Z [ODDS] (serving: Savannah Broadus)  Savannah Broadus: 7/1 → 8/1, Julieta Pareja: 1/16 → 1/20
2026-02-26T19:54:40.018Z [EVENT] (serving: Savannah Broadus)  game: 0-15
2026-02-26T19:55:13.392Z [ODDS] (serving: Savannah Broadus)  Savannah Broadus: 8/1 → 9/1, Julieta Pareja: 1/20 → 1/25
2026-02-26T19:55:13.392Z [EVENT] (serving: Savannah Broadus)  game: 0-30
2026-02-26T19:55:49.493Z [ODDS] (serving: Savannah Broadus)  Savannah Broadus: 9/1 → 10/1, Julieta Pareja: 1/25 → 1/33
2026-02-26T19:55:49.493Z [EVENT] (serving: Savannah Broadus)  game: 0-40
2026-02-26T19:56:30.102Z [ODDS] (serving: Julieta Pareja)  Savannah Broadus: 10/1 → 11/1, Julieta Pareja: 1/33 → 1/40
2026-02-26T19:56:30.103Z [EVENT] (serving: Julieta Pareja)  sets: 4-6,0-1, game: 0-0, serving: P2
2026-02-26T19:57:49.927Z [ODDS] (serving: Julieta Pareja)  Savannah Broadus: 11/1 → 12/1, Julieta Pareja: 1/40 → 1/50
2026-02-26T19:57:49.927Z [EVENT] (serving: Julieta Pareja)  game: 0-15
2026-02-26T19:58:27.817Z [ODDS] (serving: Julieta Pareja)  Savannah Broadus: 12/1 → 11/1, Julieta Pareja: 1/50 → 1/40
2026-02-26T19:58:27.817Z [EVENT] (serving: Julieta Pareja)  game: 15-15
2026-02-26T19:59:11.578Z [ODDS] (serving: Julieta Pareja)  Savannah Broadus: 11/1 → 10/1, Julieta Pareja: 1/40 → 1/33
2026-02-26T19:59:34.562Z [ODDS] (serving: Julieta Pareja)  Savannah Broadus: 10/1 → 9/1, Julieta Pareja: 1/33 → 1/25
2026-02-26T19:59:34.562Z [EVENT] (serving: Julieta Pareja)  game: 30-15
2026-02-26T20:00:09.289Z [ODDS] (serving: Julieta Pareja)  Savannah Broadus: 9/1 → 10/1, Julieta Pareja: 1/25 → 1/33
2026-02-26T20:00:09.290Z [EVENT] (serving: Julieta Pareja)  game: 30-30
2026-02-26T20:00:57.551Z [ODDS] (serving: Julieta Pareja)  Savannah Broadus: 10/1 → 9/1, Julieta Pareja: 1/33 → 1/25
2026-02-26T20:00:57.551Z [EVENT] (serving: Julieta Pareja)  game: 40-30
2026-02-26T20:01:55.305Z [ODDS] (serving: Savannah Broadus)  Savannah Broadus: 9/1 → 7/1, Julieta Pareja: 1/25 → 1/16
2026-02-26T20:01:55.305Z [EVENT] (serving: Savannah Broadus)  sets: 4-6,1-1, game: 0-0, serving: P1
2026-02-26T20:02:37.228Z [ODDS] (serving: Savannah Broadus)  Savannah Broadus: 7/1 → 8/1, Julieta Pareja: 1/16 → 1/20
2026-02-26T20:02:37.228Z [EVENT] (serving: Savannah Broadus)  game: 0-15
2026-02-26T20:03:04.739Z [ODDS] (serving: Savannah Broadus)  Savannah Broadus: 8/1 → 9/1, Julieta Pareja: 1/20 → 1/25
2026-02-26T20:03:04.739Z [EVENT] (serving: Savannah Broadus)  game: 0-30
2026-02-26T20:03:29.987Z [ODDS] (serving: Savannah Broadus)  Savannah Broadus: 9/1 → 10/1, Julieta Pareja: 1/25 → 1/33
2026-02-26T20:03:48.482Z [ODDS] (serving: Savannah Broadus)  Savannah Broadus: 10/1 → 8/1, Julieta Pareja: 1/33 → 1/20
2026-02-26T20:03:48.482Z [EVENT] (serving: Savannah Broadus)  game: 15-30
2026-02-26T20:04:19.152Z [ODDS] (serving: Savannah Broadus)  Savannah Broadus: 8/1 → 9/1, Julieta Pareja: 1/20 → 1/25
2026-02-26T20:04:43.054Z [ODDS] (serving: Savannah Broadus)  Savannah Broadus: 9/1 → 10/1, Julieta Pareja: 1/25 → 1/33
2026-02-26T20:04:43.054Z [EVENT] (serving: Savannah Broadus)  game: 15-40
2026-02-26T20:05:10.113Z [ODDS] (serving: Savannah Broadus)  Savannah Broadus: 10/1 → 9/1, Julieta Pareja: 1/33 → 1/25
2026-02-26T20:05:10.113Z [EVENT] (serving: Savannah Broadus)  game: 30-40
2026-02-26T20:05:43.486Z [ODDS] (serving: Julieta Pareja)  Savannah Broadus: 9/1 → 10/1, Julieta Pareja: 1/25 → 1/33
2026-02-26T20:05:43.486Z [EVENT] (serving: Julieta Pareja)  sets: 4-6,1-2, game: 0-0, serving: P2
2026-02-26T20:07:36.690Z [ODDS] (serving: Julieta Pareja)  Savannah Broadus: 10/1 → 12/1, Julieta Pareja: 1/33 → 1/50
2026-02-26T20:07:36.690Z [EVENT] (serving: Julieta Pareja)  game: 0-15
2026-02-26T20:08:00.752Z [ODDS] (serving: Julieta Pareja)  Savannah Broadus: 12/1 → 14/1, Julieta Pareja: 1/50 → 1/66
2026-02-26T20:08:00.752Z [EVENT] (serving: Julieta Pareja)  game: 0-30
2026-02-26T20:08:47.655Z [ODDS] (serving: Julieta Pareja)  Savannah Broadus: 14/1 → 15/1, Julieta Pareja: 1/66 → 1/80
2026-02-26T20:08:47.655Z [EVENT] (serving: Julieta Pareja)  game: 0-40
2026-02-26T20:09:32.755Z [EVENT] (serving: Savannah Broadus)  sets: 4-6,1-3, game: 0-0, serving: P1
2026-02-26T20:10:12.445Z [ODDS] (serving: Savannah Broadus)  Savannah Broadus: 15/1 → 20/1, Julieta Pareja: 1/80 → 1/150
2026-02-26T20:10:12.445Z [EVENT] (serving: Savannah Broadus)  game: 0-15
2026-02-26T20:10:39.049Z [ODDS] (serving: Savannah Broadus)  Savannah Broadus: 20/1 → 15/1, Julieta Pareja: 1/150 → 1/80
2026-02-26T20:10:39.049Z [EVENT] (serving: Savannah Broadus)  game: 15-15
2026-02-26T20:11:12.425Z [ODDS] (serving: Savannah Broadus)  Savannah Broadus: 15/1 → 20/1, Julieta Pareja: 1/80 → 1/150
2026-02-26T20:11:12.425Z [EVENT] (serving: Savannah Broadus)  game: 15-30
2026-02-26T20:11:36.782Z [ODDS] (serving: Savannah Broadus)  Savannah Broadus: 20/1 → 15/1, Julieta Pareja: 1/150 → 1/80
2026-02-26T20:11:36.782Z [EVENT] (serving: Savannah Broadus)  game: 30-30
2026-02-26T20:12:02.039Z [ODDS] (serving: Savannah Broadus)  Savannah Broadus: 15/1 → 16/1, Julieta Pareja: 1/80 → 1/100
2026-02-26T20:12:15.137Z [ODDS] (serving: Savannah Broadus)  Savannah Broadus: 16/1 → 20/1, Julieta Pareja: 1/100 → 1/150
2026-02-26T20:12:15.137Z [EVENT] (serving: Savannah Broadus)  game: 30-40
2026-02-26T20:12:56.156Z [ODDS] (serving: Savannah Broadus)  Savannah Broadus: 20/1 → 15/1, Julieta Pareja: 1/150 → 1/80
2026-02-26T20:12:56.156Z [EVENT] (serving: Savannah Broadus)  game: 40-40
2026-02-26T20:13:28.177Z [ODDS] (serving: Savannah Broadus)  Savannah Broadus: 15/1 → 16/1, Julieta Pareja: 1/80 → 1/100
2026-02-26T20:13:59.297Z [ODDS] (serving: Savannah Broadus)  Savannah Broadus: 16/1 → 20/1, Julieta Pareja: 1/100 → 1/150
2026-02-26T20:13:59.297Z [EVENT] (serving: Savannah Broadus)  game: 40-A
2026-02-26T20:14:46.200Z [ODDS] (serving: Savannah Broadus)  Savannah Broadus: 20/1 → 15/1, Julieta Pareja: 1/150 → 1/80
2026-02-26T20:14:46.200Z [EVENT] (serving: Savannah Broadus)  game: 40-40
2026-02-26T20:15:24.084Z [ODDS] (serving: Savannah Broadus)  Savannah Broadus: 15/1 → 20/1, Julieta Pareja: 1/80 → 1/150
2026-02-26T20:15:24.084Z [EVENT] (serving: Savannah Broadus)  game: 40-A
2026-02-26T20:16:00.625Z [ODDS] (serving: Savannah Broadus)  Savannah Broadus: 20/1 → 15/1, Julieta Pareja: 1/150 → 1/80
2026-02-26T20:16:00.625Z [EVENT] (serving: Savannah Broadus)  game: 40-40
2026-02-26T20:16:29.944Z [ODDS] (serving: Savannah Broadus)  Savannah Broadus: 15/1 → 14/1, Julieta Pareja: 1/80 → 1/66
2026-02-26T20:16:29.944Z [EVENT] (serving: Savannah Broadus)  game: A-40
2026-02-26T20:17:07.824Z [ODDS] (serving: Julieta Pareja)  Savannah Broadus: 14/1 → 11/1, Julieta Pareja: 1/66 → 1/40
2026-02-26T20:17:07.824Z [EVENT] (serving: Julieta Pareja)  sets: 4-6,2-3, game: 0-0, serving: P2
2026-02-26T20:19:15.010Z [ODDS] (serving: Julieta Pareja)  Savannah Broadus: 11/1 → 10/1, Julieta Pareja: 1/40 → 1/33
2026-02-26T20:19:15.010Z [EVENT] (serving: Julieta Pareja)  game: 15-0
2026-02-26T20:19:40.721Z [ODDS] (serving: Julieta Pareja)  Savannah Broadus: 10/1 → 11/1, Julieta Pareja: 1/33 → 1/40
2026-02-26T20:19:40.721Z [EVENT] (serving: Julieta Pareja)  game: 15-15
2026-02-26T20:20:29.877Z [ODDS] (serving: Julieta Pareja)  Savannah Broadus: 11/1 → 14/1, Julieta Pareja: 1/40 → 1/66
2026-02-26T20:20:29.877Z [EVENT] (serving: Julieta Pareja)  game: 15-30
2026-02-26T20:20:48.825Z [ODDS] (serving: Julieta Pareja)  Savannah Broadus: 14/1 → 12/1, Julieta Pareja: 1/66 → 1/50
2026-02-26T20:21:08.210Z [ODDS] (serving: Julieta Pareja)  Savannah Broadus: 12/1 → 11/1, Julieta Pareja: 1/50 → 1/40
2026-02-26T20:21:08.210Z [EVENT] (serving: Julieta Pareja)  game: 30-30
2026-02-26T20:21:52.859Z [ODDS] (serving: Julieta Pareja)  Savannah Broadus: 11/1 → 10/1, Julieta Pareja: 1/40 → 1/33
2026-02-26T20:22:06.847Z [ODDS] (serving: Julieta Pareja)  Savannah Broadus: 10/1 → 9/1, Julieta Pareja: 1/33 → 1/25
2026-02-26T20:22:06.847Z [EVENT] (serving: Julieta Pareja)  game: 40-30
2026-02-26T20:22:54.654Z [ODDS] (serving: Savannah Broadus)  Savannah Broadus: 9/1 → 13/2, Julieta Pareja: 1/25 → 1/14
2026-02-26T20:22:54.654Z [EVENT] (serving: Savannah Broadus)  sets: 4-6,3-3, game: 0-0, serving: P1
2026-02-26T20:23:38.848Z [ODDS] (serving: Savannah Broadus)  Savannah Broadus: 13/2 → 7/1, Julieta Pareja: 1/14 → 1/16
2026-02-26T20:23:54.185Z [ODDS] (serving: Savannah Broadus)  Savannah Broadus: 7/1 → 11/2, Julieta Pareja: 1/16 → 1/10
2026-02-26T20:23:54.185Z [EVENT] (serving: Savannah Broadus)  game: 15-0
2026-02-26T20:24:20.342Z [ODDS] (serving: Savannah Broadus)  Savannah Broadus: 11/2 → 6/1, Julieta Pareja: 1/10 → 1/12
2026-02-26T20:24:39.283Z [ODDS] (serving: Savannah Broadus)  Savannah Broadus: 6/1 → 13/2, Julieta Pareja: 1/12 → 1/14
2026-02-26T20:24:39.283Z [EVENT] (serving: Savannah Broadus)  game: 15-15
2026-02-26T20:25:20.767Z [ODDS] (serving: Savannah Broadus)  Savannah Broadus: 13/2 → 8/1, Julieta Pareja: 1/14 → 1/20
2026-02-26T20:25:20.767Z [EVENT] (serving: Savannah Broadus)  game: 15-30
2026-02-26T20:26:05.856Z [ODDS] (serving: Savannah Broadus)  Savannah Broadus: 8/1 → 13/2, Julieta Pareja: 1/20 → 1/14
2026-02-26T20:26:05.856Z [EVENT] (serving: Savannah Broadus)  game: 30-30
2026-02-26T20:26:36.979Z [ODDS] (serving: Savannah Broadus)  Savannah Broadus: 13/2 → 7/1, Julieta Pareja: 1/14 → 1/16
2026-02-26T20:26:56.824Z [ODDS] (serving: Savannah Broadus)  Savannah Broadus: 7/1 → 9/1, Julieta Pareja: 1/16 → 1/25
2026-02-26T20:26:56.824Z [EVENT] (serving: Savannah Broadus)  game: 30-40
2026-02-26T20:27:39.216Z [ODDS] (serving: Julieta Pareja)  Savannah Broadus: 9/1 → 11/1, Julieta Pareja: 1/25 → 1/40
2026-02-26T20:27:39.216Z [EVENT] (serving: Julieta Pareja)  sets: 4-6,3-4, game: 0-0, serving: P2
2026-02-26T20:29:28.813Z [ODDS] (serving: Julieta Pareja)  Savannah Broadus: 11/1 → 9/1, Julieta Pareja: 1/40 → 1/25
2026-02-26T20:29:28.813Z [EVENT] (serving: Julieta Pareja)  game: 15-0
2026-02-26T20:29:58.128Z [ODDS] (serving: Julieta Pareja)  Savannah Broadus: 9/1 → 11/1, Julieta Pareja: 1/25 → 1/40
2026-02-26T20:29:58.128Z [EVENT] (serving: Julieta Pareja)  game: 15-15
2026-02-26T20:30:31.970Z [ODDS] (serving: Julieta Pareja)  Savannah Broadus: 11/1 → 14/1, Julieta Pareja: 1/40 → 1/66
2026-02-26T20:30:31.970Z [EVENT] (serving: Julieta Pareja)  game: 15-30
2026-02-26T20:31:03.973Z [ODDS] (serving: Julieta Pareja)  Savannah Broadus: 14/1 → 16/1, Julieta Pareja: 1/66 → 1/100
2026-02-26T20:31:03.973Z [EVENT] (serving: Julieta Pareja)  game: 15-40
2026-02-26T20:31:49.073Z [ODDS] (serving: Julieta Pareja)  Savannah Broadus: 16/1 → 14/1, Julieta Pareja: 1/100 → 1/66
2026-02-26T20:31:49.073Z [EVENT] (serving: Julieta Pareja)  game: 30-40
2026-02-26T20:32:21.546Z [ODDS] (serving: Julieta Pareja)  Savannah Broadus: 14/1 → 10/1, Julieta Pareja: 1/66 → 1/33
2026-02-26T20:32:21.546Z [EVENT] (serving: Julieta Pareja)  game: 40-40
2026-02-26T20:32:52.667Z [ODDS] (serving: Julieta Pareja)  Savannah Broadus: 10/1 → 8/1, Julieta Pareja: 1/33 → 1/20
2026-02-26T20:32:52.667Z [EVENT] (serving: Julieta Pareja)  game: A-40
2026-02-26T20:33:33.712Z [ODDS] (serving: Julieta Pareja)  Savannah Broadus: 8/1 → 15/2, Julieta Pareja: 1/20 → 1/18
2026-02-26T20:33:51.298Z [ODDS] (serving: Julieta Pareja)  Savannah Broadus: 15/2 → 10/1, Julieta Pareja: 1/18 → 1/33
2026-02-26T20:33:51.298Z [EVENT] (serving: Julieta Pareja)  game: 40-40
2026-02-26T20:34:24.234Z [ODDS] (serving: Julieta Pareja)  Savannah Broadus: 10/1 → 14/1, Julieta Pareja: 1/33 → 1/66
2026-02-26T20:34:24.234Z [EVENT] (serving: Julieta Pareja)  game: 40-A
2026-02-26T20:35:15.635Z [ODDS] (serving: Julieta Pareja)  Savannah Broadus: 14/1 → 10/1, Julieta Pareja: 1/66 → 1/33
2026-02-26T20:35:15.635Z [EVENT] (serving: Julieta Pareja)  game: 40-40
2026-02-26T20:36:23.286Z [ODDS] (serving: Julieta Pareja)  Savannah Broadus: 10/1 → 15/2, Julieta Pareja: 1/33 → 1/18
2026-02-26T20:36:23.286Z [EVENT] (serving: Julieta Pareja)  game: A-40
2026-02-26T20:37:20.119Z [ODDS] (serving: Julieta Pareja)  Savannah Broadus: 15/2 → 10/1, Julieta Pareja: 1/18 → 1/33
2026-02-26T20:37:20.119Z [EVENT] (serving: Julieta Pareja)  game: 40-40
2026-02-26T20:37:50.333Z [ODDS] (serving: Julieta Pareja)  Savannah Broadus: 10/1 → 15/2, Julieta Pareja: 1/33 → 1/18
2026-02-26T20:37:50.333Z [EVENT] (serving: Julieta Pareja)  game: A-40
2026-02-26T20:38:31.516Z [ODDS] (serving: Savannah Broadus)  Savannah Broadus: 15/2 → 6/1, Julieta Pareja: 1/18 → 1/12
2026-02-26T20:38:31.516Z [EVENT] (serving: Savannah Broadus)  sets: 4-6,4-4, game: 0-0, serving: P1
2026-02-26T20:39:12.110Z [ODDS] (serving: Savannah Broadus)  Savannah Broadus: 6/1 → 7/1, Julieta Pareja: 1/12 → 1/16
2026-02-26T20:39:12.110Z [EVENT] (serving: Savannah Broadus)  game: 0-15
2026-02-26T20:39:35.561Z [ODDS] (serving: Savannah Broadus)  Savannah Broadus: 7/1 → 15/2, Julieta Pareja: 1/16 → 1/18
2026-02-26T20:39:53.149Z [ODDS] (serving: Savannah Broadus)  Savannah Broadus: 15/2 → 6/1, Julieta Pareja: 1/18 → 1/12
2026-02-26T20:39:53.149Z [EVENT] (serving: Savannah Broadus)  game: 15-15
2026-02-26T20:40:50.937Z [ODDS] (serving: Savannah Broadus)  Savannah Broadus: 6/1 → 15/2, Julieta Pareja: 1/12 → 1/18
2026-02-26T20:40:50.937Z [EVENT] (serving: Savannah Broadus)  game: 15-30
2026-02-26T20:41:32.376Z [ODDS] (serving: Savannah Broadus)  Savannah Broadus: 15/2 → 10/1, Julieta Pareja: 1/18 → 1/33
2026-02-26T20:41:32.376Z [EVENT] (serving: Savannah Broadus)  game: 15-40
2026-02-26T20:42:18.372Z [ODDS] (serving: Savannah Broadus)  Savannah Broadus: 10/1 → 11/1
2026-02-26T20:42:18.829Z [ODDS] (serving: Julieta Pareja)  Julieta Pareja: 1/33 → 1/40
2026-02-26T20:42:18.829Z [EVENT] (serving: Julieta Pareja)  sets: 4-6,4-5, game: 0-0, serving: P2
2026-02-26T20:44:33.226Z [ODDS] (serving: Julieta Pareja)  Savannah Broadus: 11/1 → 9/1, Julieta Pareja: 1/40 → 1/25
2026-02-26T20:44:33.226Z [EVENT] (serving: Julieta Pareja)  game: 15-0
2026-02-26T20:45:16.521Z [ODDS] (serving: Julieta Pareja)  Savannah Broadus: 9/1 → 11/1, Julieta Pareja: 1/25 → 1/40
2026-02-26T20:45:16.521Z [EVENT] (serving: Julieta Pareja)  game: 15-15
2026-02-26T20:45:53.503Z [ODDS] (serving: Julieta Pareja)  Savannah Broadus: 11/1 → 15/1, Julieta Pareja: 1/40 → 1/80
2026-02-26T20:45:53.503Z [EVENT] (serving: Julieta Pareja)  game: 15-30
2026-02-26T20:45:55.308Z [ODDS] (serving: Julieta Pareja)  Savannah Broadus: 15/1 → 16/1, Julieta Pareja: 1/80 → 1/100
2026-02-26T20:45:56.661Z [ODDS] (serving: Julieta Pareja)  Savannah Broadus: 16/1 → 15/1, Julieta Pareja: 1/100 → 1/80
2026-02-26T20:46:01.624Z [ODDS] (serving: Julieta Pareja)  Savannah Broadus: 15/1 → 16/1, Julieta Pareja: 1/80 → 1/100
2026-02-26T20:46:27.779Z [ODDS] (serving: Julieta Pareja)  Savannah Broadus: 16/1 → 15/1, Julieta Pareja: 1/100 → 1/80
2026-02-26T20:46:46.721Z [ODDS] (serving: Julieta Pareja)  Savannah Broadus: 15/1 → 33/1, Julieta Pareja: 1/80 → 1/500
2026-02-26T20:46:46.721Z [EVENT] (serving: Julieta Pareja)  game: 15-40
2026-02-26T20:47:26.415Z [ODDS] (serving: Julieta Pareja)  Savannah Broadus: 33/1 → 0/0, Julieta Pareja: 1/500 → 0/0
2026-02-26T20:47:26.415Z [EVENT] (serving: Julieta Pareja)  sets: 4-6,4-6, game: 0-0
