2026-02-26T20:38:15.037Z [ODDS] (serving: Andi Anderson)  Iulia Andreea Ionescu: 1/14 → 1/16, Andi Anderson: 8/1 → 9/1
2026-02-26T20:38:15.037Z [EVENT] (serving: Andi Anderson)  game: 40-0
2026-02-26T20:38:50.009Z [EVENT] (serving: Andi Anderson)  game: 40-15
2026-02-26T20:39:23.387Z [ODDS] (serving: Iulia Andreea Ionescu)  Iulia Andreea Ionescu: 1/16 → 1/20, Andi Anderson: 9/1 → 10/1
2026-02-26T20:39:23.387Z [EVENT] (serving: Iulia Andreea Ionescu)  sets: 1-0, game: 0-0, serving: P1
2026-02-26T20:41:14.331Z [ODDS] (serving: Iulia Andreea Ionescu)  Iulia Andreea Ionescu: 1/20 → 1/16, Andi Anderson: 10/1 → 9/1
2026-02-26T20:41:14.331Z [EVENT] (serving: Iulia Andreea Ionescu)  game: 0-15
2026-02-26T20:41:50.413Z [ODDS] (serving: Iulia Andreea Ionescu)  Iulia Andreea Ionescu: 1/16 → 1/14, Andi Anderson: 9/1 → 8/1
2026-02-26T20:41:50.413Z [EVENT] (serving: Iulia Andreea Ionescu)  game: 0-30
2026-02-26T20:42:18.829Z [ODDS] (serving: Iulia Andreea Ionescu)  Iulia Andreea Ionescu: 1/14 → 1/16, Andi Anderson: 8/1 → 9/1
2026-02-26T20:42:18.829Z [EVENT] (serving: Iulia Andreea Ionescu)  game: 15-30
2026-02-26T20:42:48.141Z [ODDS] (serving: Iulia Andreea Ionescu)  Iulia Andreea Ionescu: 1/16 → 1/14, Andi Anderson: 9/1 → 8/1
2026-02-26T20:43:40.007Z [ODDS] (serving: Iulia Andreea Ionescu)  Iulia Andreea Ionescu: 1/14 → 1/20, Andi Anderson: 8/1 → 10/1
2026-02-26T20:43:40.007Z [EVENT] (serving: Iulia Andreea Ionescu)  game: 30-30
2026-02-26T20:44:23.303Z [ODDS] (serving: Iulia Andreea Ionescu)  Iulia Andreea Ionescu: 1/20 → 1/14, Andi Anderson: 10/1 → 8/1
2026-02-26T20:44:23.303Z [EVENT] (serving: Iulia Andreea Ionescu)  game: 30-40
2026-02-26T20:45:06.147Z [ODDS] (serving: Andi Anderson)  Iulia Andreea Ionescu: 1/14 → 1/12, Andi Anderson: 8/1 → 7/1
2026-02-26T20:45:06.147Z [EVENT] (serving: Andi Anderson)  sets: 1-1, game: 0-0, serving: P2
2026-02-26T20:45:23.300Z [ODDS] (serving: Iulia Andreea Ionescu)  Iulia Andreea Ionescu: 1/12 → 1/14, Andi Anderson: 7/1 → 8/1
2026-02-26T20:45:23.300Z [EVENT] (serving: Iulia Andreea Ionescu)  sets: 1-0, game: 30-40, serving: P1
2026-02-26T20:45:30.501Z [ODDS] (serving: Iulia Andreea Ionescu)  Iulia Andreea Ionescu: 1/14 → 1/16, Andi Anderson: 8/1 → 9/1
2026-02-26T20:45:30.501Z [EVENT] (serving: Iulia Andreea Ionescu)  game: 40-40
2026-02-26T20:45:49.895Z [ODDS] (serving: Iulia Andreea Ionescu)  Iulia Andreea Ionescu: 1/16 → 1/20, Andi Anderson: 9/1 → 10/1
2026-02-26T20:45:49.895Z [EVENT] (serving: Iulia Andreea Ionescu)  game: A-40
2026-02-26T20:46:41.311Z [ODDS] (serving: Iulia Andreea Ionescu)  Iulia Andreea Ionescu: 1/20 → 1/16, Andi Anderson: 10/1 → 9/1
2026-02-26T20:46:41.311Z [EVENT] (serving: Iulia Andreea Ionescu)  game: 40-40
2026-02-26T20:47:25.513Z [ODDS] (serving: Iulia Andreea Ionescu)  Iulia Andreea Ionescu: 1/16 → 1/20, Andi Anderson: 9/1 → 10/1
2026-02-26T20:47:25.513Z [EVENT] (serving: Iulia Andreea Ionescu)  game: A-40
2026-02-26T20:47:55.371Z [ODDS] (serving: Andi Anderson)  Iulia Andreea Ionescu: 1/20 → 1/25, Andi Anderson: 10/1 → 12/1
2026-02-26T20:47:55.371Z [EVENT] (serving: Andi Anderson)  sets: 2-0, game: 0-0, serving: P2
2026-02-26T20:48:30.099Z [EVENT] (serving: Andi Anderson)  game: 15-0
2026-02-26T20:49:13.396Z [EVENT] (serving: Andi Anderson)  game: 15-15
2026-02-26T20:49:57.594Z [ODDS] (serving: Andi Anderson)  Iulia Andreea Ionescu: 1/25 → 1/20, Andi Anderson: 12/1 → 10/1
2026-02-26T20:49:57.594Z [EVENT] (serving: Andi Anderson)  game: 15-30
2026-02-26T20:50:24.676Z [EVENT] (serving: Andi Anderson)  game: 15-40
2026-02-26T20:51:04.814Z [EVENT] (serving: Andi Anderson)  game: 30-40
2026-02-26T20:52:05.253Z [EVENT] (serving: Iulia Andreea Ionescu)  sets: 2-1, game: 0-0, serving: P1
2026-02-26T20:53:41.323Z [ODDS] (serving: Iulia Andreea Ionescu)  Iulia Andreea Ionescu: 1/20 → 1/25, Andi Anderson: 10/1 → 12/1
2026-02-26T20:53:41.323Z [EVENT] (serving: Iulia Andreea Ionescu)  game: 15-0
2026-02-26T20:54:10.639Z [ODDS] (serving: Iulia Andreea Ionescu)  Iulia Andreea Ionescu: 1/25 → 1/20, Andi Anderson: 12/1 → 10/1
2026-02-26T20:54:10.639Z [EVENT] (serving: Iulia Andreea Ionescu)  game: 15-15
2026-02-26T20:54:38.600Z [ODDS] (serving: Iulia Andreea Ionescu)  Iulia Andreea Ionescu: 1/20 → 1/25, Andi Anderson: 10/1 → 12/1
2026-02-26T20:54:38.600Z [EVENT] (serving: Iulia Andreea Ionescu)  game: 30-15
2026-02-26T20:55:15.147Z [EVENT] (serving: Iulia Andreea Ionescu)  game: 40-15
2026-02-26T20:56:11.968Z [ODDS] (serving: Andi Anderson)  Iulia Andreea Ionescu: 1/25 → 1/33, Andi Anderson: 12/1 → 14/1
2026-02-26T20:56:11.968Z [EVENT] (serving: Andi Anderson)  sets: 3-1, game: 0-0, serving: P2
2026-02-26T20:56:45.343Z [ODDS] (serving: Andi Anderson)  Iulia Andreea Ionescu: 1/33 → 1/25, Andi Anderson: 14/1 → 12/1
2026-02-26T20:56:45.343Z [EVENT] (serving: Andi Anderson)  game: 0-15
2026-02-26T20:57:11.049Z [ODDS] (serving: Andi Anderson)  Iulia Andreea Ionescu: 1/25 → 1/33, Andi Anderson: 12/1 → 14/1
2026-02-26T20:57:11.049Z [EVENT] (serving: Andi Anderson)  game: 15-15
2026-02-26T20:57:36.307Z [ODDS] (serving: Andi Anderson)  Iulia Andreea Ionescu: 1/33 → 1/40, Andi Anderson: 14/1 → 16/1
2026-02-26T20:57:36.307Z [EVENT] (serving: Andi Anderson)  game: 30-15
2026-02-26T20:58:25.917Z [ODDS] (serving: Andi Anderson)  Iulia Andreea Ionescu: 1/40 → 1/50, Andi Anderson: 16/1 → 18/1
2026-02-26T20:58:25.917Z [EVENT] (serving: Andi Anderson)  game: 40-15
2026-02-26T20:59:02.451Z [ODDS] (serving: Iulia Andreea Ionescu)  Iulia Andreea Ionescu: 1/50 → 1/66, Andi Anderson: 18/1 → 20/1
2026-02-26T20:59:02.451Z [EVENT] (serving: Iulia Andreea Ionescu)  sets: 4-1, game: 0-0, serving: P1
2026-02-26T21:01:17.757Z [EVENT] (serving: Iulia Andreea Ionescu)  game: 15-0
2026-02-26T21:02:00.606Z [ODDS] (serving: Iulia Andreea Ionescu)  Iulia Andreea Ionescu: 1/66 → 1/80, Andi Anderson: 20/1 → 22/1
2026-02-26T21:02:00.607Z [EVENT] (serving: Iulia Andreea Ionescu)  game: 30-0
2026-02-26T21:02:47.508Z [ODDS] (serving: Iulia Andreea Ionescu)  Iulia Andreea Ionescu: 1/80 → 1/100, Andi Anderson: 22/1 → 25/1
2026-02-26T21:02:47.508Z [EVENT] (serving: Iulia Andreea Ionescu)  game: 40-0
2026-02-26T21:03:22.684Z [ODDS] (serving: Iulia Andreea Ionescu)  Iulia Andreea Ionescu: 1/100 → 1/80, Andi Anderson: 25/1 → 22/1
2026-02-26T21:03:22.684Z [EVENT] (serving: Iulia Andreea Ionescu)  game: 40-15
2026-02-26T21:03:57.444Z [ODDS] (serving: Iulia Andreea Ionescu)  Iulia Andreea Ionescu: 1/80 → 1/66, Andi Anderson: 22/1 → 20/1
2026-02-26T21:03:57.444Z [EVENT] (serving: Iulia Andreea Ionescu)  game: 40-30
2026-02-26T21:04:23.573Z [ODDS] (serving: Andi Anderson)  Iulia Andreea Ionescu: 1/66 → 1/100, Andi Anderson: 20/1 → 25/1
2026-02-26T21:04:23.573Z [EVENT] (serving: Andi Anderson)  sets: 5-1, game: 0-0, serving: P2
2026-02-26T21:05:05.520Z [EVENT] (serving: Andi Anderson)  game: 15-0
2026-02-26T21:05:37.084Z [ODDS] (serving: Andi Anderson)  Iulia Andreea Ionescu: 1/100 → 1/150, Andi Anderson: 25/1 → 28/1
2026-02-26T21:05:37.084Z [EVENT] (serving: Andi Anderson)  game: 30-0
2026-02-26T21:06:08.655Z [EVENT] (serving: Andi Anderson)  game: 40-0
2026-02-26T21:06:56.916Z [EVENT] (serving: Andi Anderson)  game: 40-15
2026-02-26T21:07:36.604Z [EVENT] (serving: Iulia Andreea Ionescu)  sets: 6-1,0-0, game: 0-0, serving: P1
2026-02-26T21:09:37.320Z [ODDS] (serving: Iulia Andreea Ionescu)  Iulia Andreea Ionescu: 1/150 → 1/200, Andi Anderson: 28/1 → 33/1
2026-02-26T21:09:37.320Z [EVENT] (serving: Iulia Andreea Ionescu)  game: 15-0
2026-02-26T21:10:08.469Z [ODDS] (serving: Iulia Andreea Ionescu)  Iulia Andreea Ionescu: 1/200 → 1/250, Andi Anderson: 33/1 → 40/1
2026-02-26T21:10:08.469Z [EVENT] (serving: Iulia Andreea Ionescu)  game: 30-0
2026-02-26T21:10:56.707Z [ODDS] (serving: Iulia Andreea Ionescu)  Iulia Andreea Ionescu: 1/250 → 1/200, Andi Anderson: 40/1 → 33/1
2026-02-26T21:10:56.707Z [EVENT] (serving: Iulia Andreea Ionescu)  game: 30-15
2026-02-26T21:11:20.615Z [ODDS] (serving: Iulia Andreea Ionescu)  Iulia Andreea Ionescu: 1/200 → 1/250, Andi Anderson: 33/1 → 40/1
2026-02-26T21:11:20.617Z [EVENT] (serving: Iulia Andreea Ionescu)  game: 40-15
2026-02-26T21:12:02.557Z [ODDS] (serving: Iulia Andreea Ionescu)  Iulia Andreea Ionescu: 1/250 → 1/200, Andi Anderson: 40/1 → 33/1
2026-02-26T21:12:02.557Z [EVENT] (serving: Iulia Andreea Ionescu)  game: 40-30
2026-02-26T21:12:43.139Z [ODDS] (serving: Andi Anderson)  Iulia Andreea Ionescu: 1/200 → 1/250, Andi Anderson: 33/1 → 40/1
2026-02-26T21:12:43.139Z [EVENT] (serving: Andi Anderson)  sets: 6-1,1-0, game: 0-0, serving: P2
2026-02-26T21:14:35.914Z [ODDS] (serving: Andi Anderson)  Iulia Andreea Ionescu: 1/250 → 1/500, Andi Anderson: 40/1 → 50/1
2026-02-26T21:14:35.914Z [EVENT] (serving: Andi Anderson)  game: 15-0
2026-02-26T21:15:11.516Z [EVENT] (serving: Andi Anderson)  game: 30-0
2026-02-26T21:15:45.352Z [ODDS] (serving: Andi Anderson)  Iulia Andreea Ionescu: 1/500 → 1/750, Andi Anderson: 50/1 → 66/1
2026-02-26T21:15:45.352Z [EVENT] (serving: Andi Anderson)  game: 40-0
2026-02-26T21:16:14.206Z [ODDS] (serving: Andi Anderson)  Iulia Andreea Ionescu: 1/750 → 1/500, Andi Anderson: 66/1 → 50/1
2026-02-26T21:16:14.206Z [EVENT] (serving: Andi Anderson)  game: 40-15
2026-02-26T21:16:31.800Z [ODDS] (serving: Andi Anderson)  Iulia Andreea Ionescu: 1/500 → 1/750, Andi Anderson: 50/1 → 66/1
2026-02-26T21:16:47.585Z [EVENT] (serving: Iulia Andreea Ionescu)  sets: 6-1,2-0, game: 0-0, serving: P1
2026-02-26T21:19:13.257Z [ODDS] (serving: Iulia Andreea Ionescu)  Iulia Andreea Ionescu: 1/750 → 1/1000, Andi Anderson: 66/1 → 100/1
2026-02-26T21:19:13.257Z [EVENT] (serving: Iulia Andreea Ionescu)  game: 15-0
2026-02-26T21:20:04.672Z [EVENT] (serving: Iulia Andreea Ionescu)  game: 30-0
2026-02-26T21:21:01.950Z [EVENT] (serving: Iulia Andreea Ionescu)  game: 30-15
2026-02-26T21:21:29.913Z [ODDS] (serving: Iulia Andreea Ionescu)  Iulia Andreea Ionescu: 1/1000 → 1/750, Andi Anderson: 100/1 → 66/1
2026-02-26T21:22:10.503Z [ODDS] (serving: Iulia Andreea Ionescu)  Iulia Andreea Ionescu: 1/750 → 1/1000, Andi Anderson: 66/1 → 100/1
2026-02-26T21:22:10.503Z [EVENT] (serving: Iulia Andreea Ionescu)  game: 40-15
2026-02-26T21:22:49.291Z [EVENT] (serving: Iulia Andreea Ionescu)  game: 40-30
2026-02-26T21:23:20.860Z [EVENT] (serving: Andi Anderson)  sets: 6-1,3-0, game: 0-0, serving: P2
2026-02-26T21:24:56.041Z [EVENT] (serving: Andi Anderson)  game: 0-15
2026-02-26T21:25:21.756Z [EVENT] (serving: Andi Anderson)  game: 15-15
2026-02-26T21:25:57.559Z [ODDS] (serving: Andi Anderson)  Iulia Andreea Ionescu: 1/1000 → 1/750, Andi Anderson: 100/1 → 66/1
2026-02-26T21:25:57.559Z [EVENT] (serving: Andi Anderson)  game: 15-30
2026-02-26T21:26:42.931Z [ODDS] (serving: Andi Anderson)  Iulia Andreea Ionescu: 1/750 → 1/1000, Andi Anderson: 66/1 → 100/1
2026-02-26T21:26:42.931Z [EVENT] (serving: Andi Anderson)  game: 30-30
2026-02-26T21:27:09.987Z [ODDS] (serving: Andi Anderson)  Iulia Andreea Ionescu: 1/1000 → 1/750, Andi Anderson: 100/1 → 66/1
2026-02-26T21:27:09.987Z [EVENT] (serving: Andi Anderson)  game: 30-40
2026-02-26T21:27:33.891Z [ODDS] (serving: Iulia Andreea Ionescu)  Iulia Andreea Ionescu: 1/750 → 1/500, Andi Anderson: 66/1 → 50/1
2026-02-26T21:27:33.891Z [EVENT] (serving: Iulia Andreea Ionescu)  sets: 6-1,3-1, game: 0-0, serving: P1
2026-02-26T21:28:32.976Z [ODDS] (serving: Iulia Andreea Ionescu)  Iulia Andreea Ionescu: 1/500 → 1/750, Andi Anderson: 50/1 → 66/1
2026-02-26T21:28:32.976Z [EVENT] (serving: Iulia Andreea Ionescu)  game: 15-0
2026-02-26T21:29:05.911Z [ODDS] (serving: Iulia Andreea Ionescu)  Iulia Andreea Ionescu: 1/750 → 1/1000, Andi Anderson: 66/1 → 100/1
2026-02-26T21:29:05.911Z [EVENT] (serving: Iulia Andreea Ionescu)  game: 30-0
2026-02-26T21:29:33.859Z [EVENT] (serving: Iulia Andreea Ionescu)  game: 40-0
2026-02-26T21:30:30.685Z [EVENT] (serving: Iulia Andreea Ionescu)  game: 40-15
2026-02-26T21:31:00.907Z [EVENT] (serving: Andi Anderson)  sets: 6-1,4-1, game: 0-0, serving: P2
2026-02-26T21:33:07.701Z [EVENT] (serving: Andi Anderson)  game: 15-0
2026-02-26T21:33:59.961Z [EVENT] (serving: Andi Anderson)  game: 15-15
2026-02-26T21:34:35.136Z [EVENT] (serving: Andi Anderson)  game: 30-15
2026-02-26T21:35:15.793Z [EVENT] (serving: Andi Anderson)  game: 30-30
2026-02-26T21:35:44.158Z [ODDS] (serving: Andi Anderson)  Iulia Andreea Ionescu: 1/1000 → 1/750, Andi Anderson: 100/1 → 66/1
2026-02-26T21:35:44.159Z [EVENT] (serving: Andi Anderson)  game: 30-40
2026-02-26T21:36:12.558Z [ODDS] (serving: Iulia Andreea Ionescu)  Iulia Andreea Ionescu: 1/750 → 1/500, Andi Anderson: 66/1 → 50/1
2026-02-26T21:36:12.558Z [EVENT] (serving: Iulia Andreea Ionescu)  sets: 6-1,4-2, game: 0-0, serving: P1
2026-02-26T21:36:54.505Z [ODDS] (serving: Iulia Andreea Ionescu)  Iulia Andreea Ionescu: 1/500 → 1/250, Andi Anderson: 50/1 → 40/1
2026-02-26T21:36:54.505Z [EVENT] (serving: Iulia Andreea Ionescu)  game: 0-15
2026-02-26T21:37:11.192Z [ODDS] (serving: Iulia Andreea Ionescu)  Iulia Andreea Ionescu: 1/250 → 1/500, Andi Anderson: 40/1 → 50/1
2026-02-26T21:37:11.192Z [EVENT] (serving: Iulia Andreea Ionescu)  game: 15-15
2026-02-26T21:37:41.402Z [ODDS] (serving: Iulia Andreea Ionescu)  Iulia Andreea Ionescu: 1/500 → 1/250, Andi Anderson: 50/1 → 40/1
2026-02-26T21:37:41.402Z [EVENT] (serving: Iulia Andreea Ionescu)  game: 15-30
2026-02-26T21:37:55.840Z [ODDS] (serving: Iulia Andreea Ionescu)  Iulia Andreea Ionescu: 1/250 → 1/500, Andi Anderson: 40/1 → 50/1
2026-02-26T21:37:55.840Z [EVENT] (serving: Iulia Andreea Ionescu)  game: 30-30
2026-02-26T21:38:40.358Z [ODDS] (serving: Iulia Andreea Ionescu)  Iulia Andreea Ionescu: 1/500 → 1/750, Andi Anderson: 50/1 → 66/1
2026-02-26T21:38:40.358Z [EVENT] (serving: Iulia Andreea Ionescu)  game: 40-30
2026-02-26T21:39:34.017Z [ODDS] (serving: Iulia Andreea Ionescu)  Iulia Andreea Ionescu: 1/750 → 1/500, Andi Anderson: 66/1 → 50/1
2026-02-26T21:39:34.017Z [EVENT] (serving: Iulia Andreea Ionescu)  game: 40-40
2026-02-26T21:40:31.763Z [ODDS] (serving: Iulia Andreea Ionescu)  Iulia Andreea Ionescu: 1/500 → 1/750, Andi Anderson: 50/1 → 66/1
2026-02-26T21:40:31.763Z [EVENT] (serving: Iulia Andreea Ionescu)  game: A-40
2026-02-26T21:41:11.430Z [ODDS] (serving: Andi Anderson)  Iulia Andreea Ionescu: 1/750 → 1/1000, Andi Anderson: 66/1 → 100/1
2026-02-26T21:41:11.430Z [EVENT] (serving: Andi Anderson)  sets: 6-1,5-2, game: 0-0, serving: P2
2026-02-26T21:43:21.779Z [EVENT] (serving: Andi Anderson)  game: 15-0
2026-02-26T21:43:55.146Z [ODDS] (serving: Andi Anderson)  Andi Anderson: 100/1 → 0/0
2026-02-26T21:43:55.146Z [EVENT] (serving: Andi Anderson)  game: 30-0
2026-02-26T21:44:31.678Z [EVENT] (serving: Andi Anderson)  game: 40-0
2026-02-26T21:45:36.172Z [ODDS] (serving: Andi Anderson)  Iulia Andreea Ionescu: 1/1000 → 0/0
2026-02-26T21:45:36.172Z [EVENT] (serving: Andi Anderson)  sets: 6-1,6-2, game: 0-0
