2026-02-27T03:08:41.613Z [ODDS] (serving: Moerani Bouzige)  Moerani Bouzige: 8/13 → 7/10, Shinji Hazawa: 6/5 → 21/20
2026-02-27T03:08:41.613Z [EVENT] (serving: Moerani Bouzige)  game: 40-40
2026-02-27T03:09:36.193Z [ODDS] (serving: Moerani Bouzige)  Moerani Bouzige: 7/10 → 8/13, Shinji Hazawa: 21/20 → 6/5
2026-02-27T03:09:36.193Z [EVENT] (serving: Moerani Bouzige)  game: A-40
2026-02-27T03:10:08.735Z [ODDS] (serving: Moerani Bouzige)  Moerani Bouzige: 8/13 → 4/6, Shinji Hazawa: 6/5 → 11/10
2026-02-27T03:10:24.069Z [ODDS] (serving: Shinji Hazawa)  Moerani Bouzige: 4/6 → 4/7, Shinji Hazawa: 11/10 → 5/4
2026-02-27T03:10:24.069Z [EVENT] (serving: Shinji Hazawa)  sets: 1-1, game: 0-0, serving: P2
2026-02-27T03:11:19.109Z [ODDS] (serving: Shinji Hazawa)  Moerani Bouzige: 4/7 → 1/2, Shinji Hazawa: 5/4 → 6/4
2026-02-27T03:11:19.109Z [EVENT] (serving: Shinji Hazawa)  game: 15-0
2026-02-27T03:12:03.294Z [ODDS] (serving: Shinji Hazawa)  Moerani Bouzige: 1/2 → 2/5, Shinji Hazawa: 6/4 → 7/4
2026-02-27T03:12:03.294Z [EVENT] (serving: Shinji Hazawa)  game: 30-0
2026-02-27T03:12:37.114Z [ODDS] (serving: Shinji Hazawa)  Moerani Bouzige: 2/5 → 1/2, Shinji Hazawa: 7/4 → 6/4
2026-02-27T03:12:37.114Z [EVENT] (serving: Shinji Hazawa)  game: 30-15
2026-02-27T03:13:10.489Z [ODDS] (serving: Shinji Hazawa)  Moerani Bouzige: 1/2 → 8/15, Shinji Hazawa: 6/4 → 11/8
2026-02-27T03:13:10.490Z [EVENT] (serving: Shinji Hazawa)  game: 30-30
2026-02-27T03:14:00.099Z [ODDS] (serving: Shinji Hazawa)  Moerani Bouzige: 8/15 → 4/9, Shinji Hazawa: 11/8 → 13/8
2026-02-27T03:14:00.099Z [EVENT] (serving: Shinji Hazawa)  game: 40-30
2026-02-27T03:14:52.877Z [ODDS] (serving: Shinji Hazawa)  Moerani Bouzige: 4/9 → 8/15, Shinji Hazawa: 13/8 → 11/8
2026-02-27T03:14:52.877Z [EVENT] (serving: Shinji Hazawa)  game: 40-40
2026-02-27T03:15:26.244Z [ODDS] (serving: Shinji Hazawa)  Moerani Bouzige: 8/15 → 1/2, Shinji Hazawa: 11/8 → 6/4
2026-02-27T03:15:51.049Z [ODDS] (serving: Shinji Hazawa)  Moerani Bouzige: 1/2 → 4/9, Shinji Hazawa: 6/4 → 13/8
2026-02-27T03:15:51.049Z [EVENT] (serving: Shinji Hazawa)  game: A-40
2026-02-27T03:16:20.819Z [ODDS] (serving: Shinji Hazawa)  Moerani Bouzige: 4/9 → 1/2, Shinji Hazawa: 13/8 → 6/4
2026-02-27T03:16:20.819Z [EVENT] (serving: Shinji Hazawa)  game: 40-40
2026-02-27T03:17:00.061Z [ODDS] (serving: Shinji Hazawa)  Moerani Bouzige: 1/2 → 4/9, Shinji Hazawa: 6/4 → 13/8
2026-02-27T03:17:00.061Z [EVENT] (serving: Shinji Hazawa)  game: A-40
2026-02-27T03:17:36.138Z [ODDS] (serving: Shinji Hazawa)  Moerani Bouzige: 4/9 → 1/2, Shinji Hazawa: 13/8 → 6/4
2026-02-27T03:17:36.138Z [EVENT] (serving: Shinji Hazawa)  game: 40-40
2026-02-27T03:18:23.494Z [ODDS] (serving: Shinji Hazawa)  Moerani Bouzige: 1/2 → 2/5, Shinji Hazawa: 6/4 → 7/4
2026-02-27T03:18:23.494Z [EVENT] (serving: Shinji Hazawa)  game: A-40
2026-02-27T03:18:57.770Z [ODDS] (serving: Shinji Hazawa)  Moerani Bouzige: 2/5 → 1/2, Shinji Hazawa: 7/4 → 6/4
2026-02-27T03:18:57.770Z [EVENT] (serving: Shinji Hazawa)  game: 40-40
2026-02-27T03:19:34.753Z [ODDS] (serving: Shinji Hazawa)  Moerani Bouzige: 1/2 → 4/7, Shinji Hazawa: 6/4 → 5/4
2026-02-27T03:19:34.754Z [EVENT] (serving: Shinji Hazawa)  game: 40-A
2026-02-27T03:19:59.559Z [ODDS] (serving: Moerani Bouzige)  Moerani Bouzige: 4/7 → 8/13, Shinji Hazawa: 5/4 → 6/5
2026-02-27T03:19:59.559Z [EVENT] (serving: Moerani Bouzige)  sets: 1-2, game: 0-0, serving: P1
2026-02-27T03:21:53.744Z [ODDS] (serving: Moerani Bouzige)  Moerani Bouzige: 8/13 → 7/10, Shinji Hazawa: 6/5 → 21/20
2026-02-27T03:21:53.744Z [EVENT] (serving: Moerani Bouzige)  game: 0-15
2026-02-27T03:22:32.470Z [ODDS] (serving: Moerani Bouzige)  Moerani Bouzige: 7/10 → 4/6, Shinji Hazawa: 21/20 → 11/10
2026-02-27T03:22:32.470Z [EVENT] (serving: Moerani Bouzige)  game: 15-15
2026-02-27T03:23:08.082Z [ODDS] (serving: Moerani Bouzige)  Moerani Bouzige: 4/6 → 4/7, Shinji Hazawa: 11/10 → 5/4
2026-02-27T03:23:08.083Z [EVENT] (serving: Moerani Bouzige)  game: 30-15
2026-02-27T03:24:01.846Z [ODDS] (serving: Moerani Bouzige)  Moerani Bouzige: 4/7 → 8/15, Shinji Hazawa: 5/4 → 11/8
2026-02-27T03:24:01.846Z [EVENT] (serving: Moerani Bouzige)  game: 40-15
2026-02-27T03:24:57.225Z [ODDS] (serving: Moerani Bouzige)  Moerani Bouzige: 8/15 → 4/7, Shinji Hazawa: 11/8 → 5/4
2026-02-27T03:24:57.225Z [EVENT] (serving: Moerani Bouzige)  game: 40-30
2026-02-27T03:25:28.796Z [ODDS] (serving: Shinji Hazawa)  Moerani Bouzige: 4/7 → 8/15, Shinji Hazawa: 5/4 → 11/8
2026-02-27T03:25:28.796Z [EVENT] (serving: Shinji Hazawa)  sets: 2-2, game: 0-0, serving: P2
2026-02-27T03:26:09.837Z [ODDS] (serving: Shinji Hazawa)  Moerani Bouzige: 8/15 → 4/9, Shinji Hazawa: 11/8 → 13/8
2026-02-27T03:26:09.837Z [EVENT] (serving: Shinji Hazawa)  game: 15-0
2026-02-27T03:26:50.880Z [ODDS] (serving: Shinji Hazawa)  Moerani Bouzige: 4/9 → 1/2, Shinji Hazawa: 13/8 → 6/4
2026-02-27T03:26:50.880Z [EVENT] (serving: Shinji Hazawa)  game: 15-15
2026-02-27T03:27:20.645Z [ODDS] (serving: Shinji Hazawa)  Moerani Bouzige: 1/2 → 4/9, Shinji Hazawa: 6/4 → 13/8
2026-02-27T03:27:20.645Z [EVENT] (serving: Shinji Hazawa)  game: 30-15
2026-02-27T03:27:57.177Z [ODDS] (serving: Shinji Hazawa)  Moerani Bouzige: 4/9 → 1/3, Shinji Hazawa: 13/8 → 9/4
2026-02-27T03:27:57.177Z [EVENT] (serving: Shinji Hazawa)  game: 40-15
2026-02-27T03:28:25.140Z [ODDS] (serving: Moerani Bouzige)  Moerani Bouzige: 1/3 → 2/7, Shinji Hazawa: 9/4 → 5/2
2026-02-27T03:28:25.140Z [EVENT] (serving: Moerani Bouzige)  sets: 3-2, game: 0-0, serving: P1
2026-02-27T03:30:17.121Z [ODDS] (serving: Moerani Bouzige)  Moerani Bouzige: 2/7 → 1/4, Shinji Hazawa: 5/2 → 11/4
2026-02-27T03:30:17.121Z [EVENT] (serving: Moerani Bouzige)  game: 15-0
2026-02-27T03:30:48.242Z [ODDS] (serving: Moerani Bouzige)  Moerani Bouzige: 1/4 → 2/7, Shinji Hazawa: 11/4 → 5/2
2026-02-27T03:30:48.242Z [EVENT] (serving: Moerani Bouzige)  game: 15-15
2026-02-27T03:31:24.323Z [ODDS] (serving: Moerani Bouzige)  Moerani Bouzige: 2/7 → 4/11, Shinji Hazawa: 5/2 → 2/1
2026-02-27T03:31:24.323Z [EVENT] (serving: Moerani Bouzige)  game: 15-30
2026-02-27T03:32:32.427Z [ODDS] (serving: Moerani Bouzige)  Moerani Bouzige: 4/11 → 3/10, Shinji Hazawa: 2/1 → 12/5
2026-02-27T03:32:32.427Z [EVENT] (serving: Moerani Bouzige)  game: 30-30
2026-02-27T03:33:13.019Z [ODDS] (serving: Moerani Bouzige)  Moerani Bouzige: 3/10 → 1/4, Shinji Hazawa: 12/5 → 11/4
2026-02-27T03:33:13.019Z [EVENT] (serving: Moerani Bouzige)  game: 40-30
2026-02-27T03:33:56.324Z [ODDS] (serving: Shinji Hazawa)  Moerani Bouzige: 1/4 → 2/9, Shinji Hazawa: 11/4 → 3/1
2026-02-27T03:33:56.324Z [EVENT] (serving: Shinji Hazawa)  sets: 4-2, game: 0-0, serving: P2
2026-02-27T03:35:03.101Z [ODDS] (serving: Shinji Hazawa)  Moerani Bouzige: 2/9 → 1/4, Shinji Hazawa: 3/1 → 11/4
2026-02-27T03:35:03.101Z [EVENT] (serving: Shinji Hazawa)  game: 0-15
2026-02-27T03:35:56.280Z [ODDS] (serving: Shinji Hazawa)  Moerani Bouzige: 1/4 → 2/9, Shinji Hazawa: 11/4 → 3/1
2026-02-27T03:35:56.280Z [EVENT] (serving: Shinji Hazawa)  game: 15-15
2026-02-27T03:36:30.557Z [ODDS] (serving: Shinji Hazawa)  Moerani Bouzige: 2/9 → 1/5, Shinji Hazawa: 3/1 → 10/3
2026-02-27T03:36:30.557Z [EVENT] (serving: Shinji Hazawa)  game: 30-15
