2026-02-27T00:08:26.154Z [ODDS] (serving: Mio Mushika)  Mio Mushika: 2/5 → 4/9, Ruien Zhang: 7/4 → 13/8
2026-02-27T00:08:26.154Z [EVENT] (serving: Mio Mushika)  game: 0-15
2026-02-27T00:09:03.136Z [ODDS] (serving: Mio Mushika)  Mio Mushika: 4/9 → 1/2, Ruien Zhang: 13/8 → 6/4
2026-02-27T00:09:03.136Z [EVENT] (serving: Mio Mushika)  game: 0-30
2026-02-27T00:09:37.411Z [ODDS] (serving: Mio Mushika)  Mio Mushika: 1/2 → 4/9, Ruien Zhang: 6/4 → 13/8
2026-02-27T00:09:37.411Z [EVENT] (serving: Mio Mushika)  game: 15-30
2026-02-27T00:10:09.434Z [ODDS] (serving: Mio Mushika)  Mio Mushika: 4/9 → 2/5, Ruien Zhang: 13/8 → 7/4
2026-02-27T00:10:09.434Z [EVENT] (serving: Mio Mushika)  game: 30-30
2026-02-27T00:10:37.456Z [ODDS] (serving: Mio Mushika)  Mio Mushika: 2/5 → 4/11, Ruien Zhang: 7/4 → 2/1
2026-02-27T00:10:37.456Z [EVENT] (serving: Mio Mushika)  game: 40-30
2026-02-27T00:11:00.397Z [ODDS] (serving: Ruien Zhang)  Mio Mushika: 4/11 → 3/10, Ruien Zhang: 2/1 → 12/5
2026-02-27T00:11:00.397Z [EVENT] (serving: Ruien Zhang)  sets: 1-0, game: 0-0, serving: P2
2026-02-27T00:12:21.128Z [ODDS] (serving: Ruien Zhang)  Mio Mushika: 3/10 → 2/7, Ruien Zhang: 12/5 → 5/2
2026-02-27T00:12:21.128Z [EVENT] (serving: Ruien Zhang)  game: 15-0
2026-02-27T00:13:07.130Z [ODDS] (serving: Ruien Zhang)  Mio Mushika: 2/7 → 3/10, Ruien Zhang: 5/2 → 12/5
2026-02-27T00:13:07.130Z [EVENT] (serving: Ruien Zhang)  game: 15-15
2026-02-27T00:14:14.330Z [ODDS] (serving: Ruien Zhang)  Mio Mushika: 3/10 → 1/3, Ruien Zhang: 12/5 → 9/4
2026-02-27T00:14:14.330Z [EVENT] (serving: Ruien Zhang)  game: 15-30
2026-02-27T00:14:58.077Z [ODDS] (serving: Ruien Zhang)  Mio Mushika: 1/3 → 3/10, Ruien Zhang: 9/4 → 12/5
2026-02-27T00:14:58.078Z [EVENT] (serving: Ruien Zhang)  game: 30-30
2026-02-27T00:15:37.315Z [ODDS] (serving: Ruien Zhang)  Mio Mushika: 3/10 → 1/3, Ruien Zhang: 12/5 → 9/4
2026-02-27T00:15:37.315Z [EVENT] (serving: Ruien Zhang)  game: 30-40
2026-02-27T00:16:23.317Z [ODDS] (serving: Mio Mushika)  Mio Mushika: 1/3 → 4/11, Ruien Zhang: 9/4 → 2/1
2026-02-27T00:16:23.317Z [EVENT] (serving: Mio Mushika)  sets: 1-1, game: 0-0, serving: P1
2026-02-27T00:17:12.476Z [ODDS] (serving: Mio Mushika)  Mio Mushika: 4/11 → 4/9, Ruien Zhang: 2/1 → 13/8
2026-02-27T00:17:12.476Z [EVENT] (serving: Mio Mushika)  game: 0-15
2026-02-27T00:17:44.046Z [ODDS] (serving: Mio Mushika)  Mio Mushika: 4/9 → 2/5, Ruien Zhang: 13/8 → 7/4
2026-02-27T00:17:44.046Z [EVENT] (serving: Mio Mushika)  game: 15-15
2026-02-27T00:18:41.325Z [ODDS] (serving: Mio Mushika)  Mio Mushika: 2/5 → 1/3, Ruien Zhang: 7/4 → 9/4
2026-02-27T00:18:41.325Z [EVENT] (serving: Mio Mushika)  game: 30-15
2026-02-27T00:19:26.876Z [ODDS] (serving: Mio Mushika)  Mio Mushika: 1/3 → 3/10, Ruien Zhang: 9/4 → 12/5
2026-02-27T00:19:26.876Z [EVENT] (serving: Mio Mushika)  game: 40-15
2026-02-27T00:19:56.190Z [ODDS] (serving: Mio Mushika)  Mio Mushika: 3/10 → 1/3, Ruien Zhang: 12/5 → 9/4
2026-02-27T00:19:56.190Z [EVENT] (serving: Mio Mushika)  game: 40-30
2026-02-27T00:20:24.604Z [ODDS] (serving: Ruien Zhang)  Mio Mushika: 1/3 → 3/10, Ruien Zhang: 9/4 → 12/5
2026-02-27T00:20:24.604Z [EVENT] (serving: Ruien Zhang)  sets: 2-1, game: 0-0, serving: P2
2026-02-27T00:22:18.808Z [ODDS] (serving: Ruien Zhang)  Mio Mushika: 3/10 → 1/4, Ruien Zhang: 12/5 → 11/4
2026-02-27T00:22:18.808Z [EVENT] (serving: Ruien Zhang)  game: 15-0
2026-02-27T00:23:06.063Z [ODDS] (serving: Ruien Zhang)  Mio Mushika: 1/4 → 3/10, Ruien Zhang: 11/4 → 12/5
2026-02-27T00:23:06.063Z [EVENT] (serving: Ruien Zhang)  game: 15-15
2026-02-27T00:23:52.525Z [ODDS] (serving: Ruien Zhang)  Mio Mushika: 3/10 → 1/3, Ruien Zhang: 12/5 → 9/4
2026-02-27T00:23:52.525Z [EVENT] (serving: Ruien Zhang)  game: 15-30
2026-02-27T00:24:25.440Z [ODDS] (serving: Ruien Zhang)  Mio Mushika: 1/3 → 4/11, Ruien Zhang: 9/4 → 2/1
2026-02-27T00:24:25.440Z [EVENT] (serving: Ruien Zhang)  game: 15-40
2026-02-27T00:24:48.440Z [ODDS] (serving: Ruien Zhang)  Mio Mushika: 4/11 → 1/3, Ruien Zhang: 2/1 → 9/4
2026-02-27T00:24:48.440Z [EVENT] (serving: Ruien Zhang)  game: 30-40
2026-02-27T00:25:28.130Z [ODDS] (serving: Mio Mushika)  Mio Mushika: 1/3 → 4/11, Ruien Zhang: 9/4 → 2/1
2026-02-27T00:25:28.130Z [EVENT] (serving: Mio Mushika)  sets: 2-2, game: 0-0, serving: P1
2026-02-27T00:26:44.806Z [ODDS] (serving: Mio Mushika)  Mio Mushika: 4/11 → 4/9, Ruien Zhang: 2/1 → 13/8
2026-02-27T00:26:44.806Z [EVENT] (serving: Mio Mushika)  game: 0-15
2026-02-27T00:27:14.132Z [ODDS] (serving: Mio Mushika)  Mio Mushika: 4/9 → 1/2, Ruien Zhang: 13/8 → 6/4
2026-02-27T00:27:14.132Z [EVENT] (serving: Mio Mushika)  game: 0-30
2026-02-27T00:29:17.242Z [ODDS] (serving: Mio Mushika)  Mio Mushika: 1/2 → 4/7, Ruien Zhang: 6/4 → 5/4
2026-02-27T00:29:17.242Z [EVENT] (serving: Mio Mushika)  game: 0-40
2026-02-27T00:29:59.717Z [ODDS] (serving: Mio Mushika)  Mio Mushika: 4/7 → 8/13, Ruien Zhang: 5/4 → 6/5
2026-02-27T00:30:16.774Z [ODDS] (serving: Ruien Zhang)  Mio Mushika: 8/13 → 4/6, Ruien Zhang: 6/5 → 11/10
2026-02-27T00:30:16.774Z [EVENT] (serving: Ruien Zhang)  sets: 2-3, game: 0-0, serving: P2
2026-02-27T00:32:20.414Z [ODDS] (serving: Ruien Zhang)  Mio Mushika: 4/6 → 8/15, Ruien Zhang: 11/10 → 11/8
2026-02-27T00:32:20.414Z [EVENT] (serving: Ruien Zhang)  game: 15-0
2026-02-27T00:32:59.634Z [ODDS] (serving: Ruien Zhang)  Mio Mushika: 8/15 → 8/13, Ruien Zhang: 11/8 → 6/5
2026-02-27T00:32:59.634Z [EVENT] (serving: Ruien Zhang)  game: 15-15
2026-02-27T00:33:20.423Z [ODDS] (serving: Ruien Zhang)  Mio Mushika: 8/13 → 3/4, Ruien Zhang: 6/5 → 1/1
2026-02-27T00:33:20.423Z [EVENT] (serving: Ruien Zhang)  game: 15-30
2026-02-27T00:33:49.199Z [ODDS] (serving: Ruien Zhang)  Mio Mushika: 3/4 → 4/5, Ruien Zhang: 1/1 → 19/20
2026-02-27T00:33:49.199Z [EVENT] (serving: Ruien Zhang)  game: 15-40
2026-02-27T00:34:09.947Z [ODDS] (serving: Mio Mushika)  Mio Mushika: 4/5 → 10/11, Ruien Zhang: 19/20 → 10/11
2026-02-27T00:34:09.947Z [EVENT] (serving: Mio Mushika)  sets: 2-4, game: 0-0, serving: P1
2026-02-27T00:34:58.733Z [ODDS] (serving: Mio Mushika)  Mio Mushika: 10/11 → 19/20, Ruien Zhang: 10/11 → 4/5
2026-02-27T00:34:58.733Z [EVENT] (serving: Mio Mushika)  game: 0-15
2026-02-27T00:35:25.760Z [ODDS] (serving: Mio Mushika)  Mio Mushika: 19/20 → 10/11, Ruien Zhang: 4/5 → 10/11
2026-02-27T00:35:25.760Z [EVENT] (serving: Mio Mushika)  game: 15-15
2026-02-27T00:35:56.837Z [ODDS] (serving: Mio Mushika)  Mio Mushika: 10/11 → 4/5, Ruien Zhang: 10/11 → 19/20
2026-02-27T00:35:56.837Z [EVENT] (serving: Mio Mushika)  game: 30-15
2026-02-27T00:36:26.689Z [ODDS] (serving: Mio Mushika)  Mio Mushika: 4/5 → 10/11, Ruien Zhang: 19/20 → 10/11
2026-02-27T00:36:26.689Z [EVENT] (serving: Mio Mushika)  game: 30-30
2026-02-27T00:36:57.272Z [ODDS] (serving: Mio Mushika)  Mio Mushika: 10/11 → 4/5, Ruien Zhang: 10/11 → 19/20
2026-02-27T00:36:57.272Z [EVENT] (serving: Mio Mushika)  game: 40-30
2026-02-27T00:37:44.720Z [ODDS] (serving: Ruien Zhang)  Mio Mushika: 4/5 → 7/10, Ruien Zhang: 19/20 → 21/20
2026-02-27T00:37:44.720Z [EVENT] (serving: Ruien Zhang)  sets: 3-4, game: 0-0, serving: P2
2026-02-27T00:39:38.795Z [ODDS] (serving: Ruien Zhang)  Mio Mushika: 7/10 → 8/13, Ruien Zhang: 21/20 → 6/5
2026-02-27T00:39:38.795Z [EVENT] (serving: Ruien Zhang)  game: 15-0
2026-02-27T00:40:04.036Z [ODDS] (serving: Ruien Zhang)  Mio Mushika: 8/13 → 7/10, Ruien Zhang: 6/5 → 21/20
2026-02-27T00:40:04.036Z [EVENT] (serving: Ruien Zhang)  game: 15-15
2026-02-27T00:40:58.159Z [ODDS] (serving: Ruien Zhang)  Mio Mushika: 7/10 → 4/7, Ruien Zhang: 21/20 → 5/4
2026-02-27T00:40:58.159Z [EVENT] (serving: Ruien Zhang)  game: 30-15
2026-02-27T00:42:04.102Z [ODDS] (serving: Ruien Zhang)  Mio Mushika: 4/7 → 7/10, Ruien Zhang: 5/4 → 21/20
2026-02-27T00:42:04.102Z [EVENT] (serving: Ruien Zhang)  game: 30-30
2026-02-27T00:42:25.653Z [ODDS] (serving: Ruien Zhang)  Mio Mushika: 7/10 → 8/15, Ruien Zhang: 21/20 → 11/8
2026-02-27T00:42:25.653Z [EVENT] (serving: Ruien Zhang)  game: 40-30
2026-02-27T00:43:21.621Z [ODDS] (serving: Mio Mushika)  Mio Mushika: 8/15 → 2/5, Ruien Zhang: 11/8 → 7/4
2026-02-27T00:43:21.621Z [EVENT] (serving: Mio Mushika)  sets: 4-4, game: 0-0, serving: P1
2026-02-27T00:44:42.312Z [ODDS] (serving: Mio Mushika)  Mio Mushika: 2/5 → 1/2, Ruien Zhang: 7/4 → 6/4
2026-02-27T00:44:42.312Z [EVENT] (serving: Mio Mushika)  game: 0-15
2026-02-27T00:45:31.471Z [ODDS] (serving: Mio Mushika)  Mio Mushika: 1/2 → 8/13, Ruien Zhang: 6/4 → 6/5
2026-02-27T00:45:31.471Z [EVENT] (serving: Mio Mushika)  game: 0-30
2026-02-27T00:46:20.630Z [ODDS] (serving: Mio Mushika)  Mio Mushika: 8/13 → 8/15, Ruien Zhang: 6/5 → 11/8
2026-02-27T00:46:20.630Z [EVENT] (serving: Mio Mushika)  game: 15-30
2026-02-27T00:47:15.201Z [ODDS] (serving: Mio Mushika)  Mio Mushika: 8/15 → 4/9, Ruien Zhang: 11/8 → 13/8
2026-02-27T00:47:15.201Z [EVENT] (serving: Mio Mushika)  game: 30-30
2026-02-27T00:48:01.653Z [ODDS] (serving: Mio Mushika)  Mio Mushika: 4/9 → 4/7, Ruien Zhang: 13/8 → 5/4
2026-02-27T00:48:01.653Z [EVENT] (serving: Mio Mushika)  game: 30-40
2026-02-27T00:48:35.931Z [ODDS] (serving: Mio Mushika)  Mio Mushika: 4/7 → 4/9, Ruien Zhang: 5/4 → 13/8
2026-02-27T00:48:35.931Z [EVENT] (serving: Mio Mushika)  game: 40-40
2026-02-27T00:49:04.794Z [ODDS] (serving: Mio Mushika)  Mio Mushika: 4/9 → 8/13, Ruien Zhang: 13/8 → 6/5
2026-02-27T00:49:04.794Z [EVENT] (serving: Mio Mushika)  game: 40-A
2026-02-27T00:49:45.836Z [ODDS] (serving: Ruien Zhang)  Mio Mushika: 8/13 → 4/5, Ruien Zhang: 6/5 → 19/20
2026-02-27T00:49:45.836Z [EVENT] (serving: Ruien Zhang)  sets: 4-5, game: 0-0, serving: P2
2026-02-27T00:50:31.396Z [ODDS] (serving: Ruien Zhang)  Mio Mushika: 4/5 → 10/11, Ruien Zhang: 19/20 → 10/11
2026-02-27T00:50:36.827Z [ODDS] (serving: Ruien Zhang)  Mio Mushika: 10/11 → 19/20, Ruien Zhang: 10/11 → 4/5
2026-02-27T00:51:55.369Z [ODDS] (serving: Ruien Zhang)  Mio Mushika: 19/20 → 3/4, Ruien Zhang: 4/5 → 1/1
2026-02-27T00:51:55.370Z [EVENT] (serving: Ruien Zhang)  game: 15-0
2026-02-27T00:52:50.299Z [ODDS] (serving: Ruien Zhang)  Mio Mushika: 3/4 → 8/13, Ruien Zhang: 1/1 → 6/5
2026-02-27T00:52:50.299Z [EVENT] (serving: Ruien Zhang)  game: 30-0
2026-02-27T00:53:25.929Z [ODDS] (serving: Ruien Zhang)  Mio Mushika: 8/13 → 7/10, Ruien Zhang: 6/5 → 21/20
2026-02-27T00:53:25.929Z [EVENT] (serving: Ruien Zhang)  game: 30-15
2026-02-27T00:54:10.130Z [ODDS] (serving: Ruien Zhang)  Mio Mushika: 7/10 → 10/11, Ruien Zhang: 21/20 → 10/11
2026-02-27T00:54:10.130Z [EVENT] (serving: Ruien Zhang)  game: 30-30
2026-02-27T00:54:39.895Z [ODDS] (serving: Ruien Zhang)  Mio Mushika: 10/11 → 21/20, Ruien Zhang: 10/11 → 7/10
2026-02-27T00:54:39.895Z [EVENT] (serving: Ruien Zhang)  game: 30-40
2026-02-27T00:55:15.978Z [ODDS] (serving: Ruien Zhang)  Mio Mushika: 21/20 → 10/11, Ruien Zhang: 7/10 → 10/11
2026-02-27T00:55:15.978Z [EVENT] (serving: Ruien Zhang)  game: 40-40
2026-02-27T00:55:45.293Z [ODDS] (serving: Ruien Zhang)  Mio Mushika: 10/11 → 4/5, Ruien Zhang: 10/11 → 19/20
2026-02-27T00:56:01.533Z [ODDS] (serving: Ruien Zhang)  Mio Mushika: 4/5 → 4/6, Ruien Zhang: 19/20 → 11/10
2026-02-27T00:56:01.533Z [EVENT] (serving: Ruien Zhang)  game: A-40
2026-02-27T00:56:52.040Z [ODDS] (serving: Mio Mushika)  Mio Mushika: 4/6 → 4/9, Ruien Zhang: 11/10 → 13/8
2026-02-27T00:56:52.040Z [EVENT] (serving: Mio Mushika)  sets: 5-5, game: 0-0, serving: P1
2026-02-27T00:57:38.944Z [ODDS] (serving: Mio Mushika)  Mio Mushika: 4/9 → 2/5, Ruien Zhang: 13/8 → 7/4
2026-02-27T00:57:38.944Z [EVENT] (serving: Mio Mushika)  game: 15-0
2026-02-27T00:58:39.830Z [ODDS] (serving: Mio Mushika)  Mio Mushika: 2/5 → 1/3, Ruien Zhang: 7/4 → 9/4
2026-02-27T00:58:39.830Z [EVENT] (serving: Mio Mushika)  game: 30-0
2026-02-27T00:59:41.618Z [ODDS] (serving: Mio Mushika)  Mio Mushika: 1/3 → 2/5, Ruien Zhang: 9/4 → 7/4
2026-02-27T00:59:41.618Z [EVENT] (serving: Mio Mushika)  game: 30-15
2026-02-27T01:00:42.054Z [ODDS] (serving: Mio Mushika)  Mio Mushika: 2/5 → 1/3, Ruien Zhang: 7/4 → 9/4
2026-02-27T01:00:42.054Z [EVENT] (serving: Mio Mushika)  game: 40-15
2026-02-27T01:01:10.917Z [ODDS] (serving: Ruien Zhang)  Mio Mushika: 1/3 → 2/7, Ruien Zhang: 9/4 → 5/2
2026-02-27T01:01:10.917Z [EVENT] (serving: Ruien Zhang)  sets: 6-5, game: 0-0, serving: P2
2026-02-27T01:03:15.846Z [ODDS] (serving: Ruien Zhang)  Mio Mushika: 2/7 → 2/9, Ruien Zhang: 5/2 → 3/1
2026-02-27T01:03:15.846Z [EVENT] (serving: Ruien Zhang)  game: 15-0
2026-02-27T01:04:02.299Z [ODDS] (serving: Ruien Zhang)  Mio Mushika: 2/9 → 1/6, Ruien Zhang: 3/1 → 7/2
2026-02-27T01:04:02.299Z [EVENT] (serving: Ruien Zhang)  game: 30-0
2026-02-27T01:04:58.675Z [ODDS] (serving: Ruien Zhang)  Mio Mushika: 1/6 → 2/9, Ruien Zhang: 7/2 → 3/1
2026-02-27T01:04:58.675Z [EVENT] (serving: Ruien Zhang)  game: 30-15
2026-02-27T01:06:10.386Z [ODDS] (serving: Ruien Zhang)  Mio Mushika: 2/9 → 1/6, Ruien Zhang: 3/1 → 7/2
2026-02-27T01:06:10.386Z [EVENT] (serving: Ruien Zhang)  game: 40-15
2026-02-27T01:06:26.625Z [ODDS] (serving: Mio Mushika)  Mio Mushika: 1/6 → 1/9, Ruien Zhang: 7/2 → 5/1
2026-02-27T01:06:26.625Z [EVENT] (serving: Mio Mushika)  sets: 7-5,0-0, game: 0-0, serving: P1
2026-02-27T01:07:47.356Z [ODDS] (serving: Mio Mushika)  Mio Mushika: 1/9 → 1/8, Ruien Zhang: 5/1 → 9/2
2026-02-27T01:07:49.159Z [ODDS] (serving: Mio Mushika)  Mio Mushika: 1/8 → 1/7, Ruien Zhang: 9/2 → 4/1
2026-02-27T01:07:54.572Z [ODDS] (serving: Mio Mushika)  Mio Mushika: 1/7 → 1/6, Ruien Zhang: 4/1 → 7/2
2026-02-27T01:08:23.748Z [ODDS] (serving: Mio Mushika)  Mio Mushika: 1/6 → 1/7, Ruien Zhang: 7/2 → 4/1
2026-02-27T01:08:23.748Z [EVENT] (serving: Mio Mushika)  game: 15-0
2026-02-27T01:08:57.565Z [ODDS] (serving: Mio Mushika)  Mio Mushika: 1/7 → 1/6, Ruien Zhang: 4/1 → 7/2
2026-02-27T01:08:57.565Z [EVENT] (serving: Mio Mushika)  game: 15-15
2026-02-27T01:09:37.256Z [ODDS] (serving: Mio Mushika)  Mio Mushika: 1/6 → 2/9, Ruien Zhang: 7/2 → 3/1
2026-02-27T01:09:37.256Z [EVENT] (serving: Mio Mushika)  game: 15-30
2026-02-27T01:10:12.434Z [ODDS] (serving: Mio Mushika)  Mio Mushika: 2/9 → 1/4, Ruien Zhang: 3/1 → 11/4
2026-02-27T01:10:12.434Z [EVENT] (serving: Mio Mushika)  game: 15-40
2026-02-27T01:10:39.946Z [ODDS] (serving: Mio Mushika)  Mio Mushika: 1/4 → 2/7, Ruien Zhang: 11/4 → 5/2
2026-02-27T01:10:58.436Z [ODDS] (serving: Ruien Zhang)  Mio Mushika: 2/7 → 3/10, Ruien Zhang: 5/2 → 12/5
2026-02-27T01:10:58.436Z [EVENT] (serving: Ruien Zhang)  sets: 7-5,0-1, game: 0-0, serving: P2
2026-02-27T01:12:40.817Z [ODDS] (serving: Ruien Zhang)  Mio Mushika: 3/10 → 4/11, Ruien Zhang: 12/5 → 2/1
2026-02-27T01:12:40.818Z [EVENT] (serving: Ruien Zhang)  game: 0-15
2026-02-27T01:13:20.054Z [ODDS] (serving: Ruien Zhang)  Mio Mushika: 4/11 → 1/3, Ruien Zhang: 2/1 → 9/4
2026-02-27T01:13:35.841Z [ODDS] (serving: Ruien Zhang)  Mio Mushika: 1/3 → 2/5, Ruien Zhang: 9/4 → 7/4
2026-02-27T01:13:35.841Z [EVENT] (serving: Ruien Zhang)  game: 0-30
2026-02-27T01:14:13.275Z [ODDS] (serving: Ruien Zhang)  Mio Mushika: 2/5 → 4/9, Ruien Zhang: 7/4 → 13/8
2026-02-27T01:14:13.275Z [EVENT] (serving: Ruien Zhang)  game: 0-40
2026-02-27T01:14:48.001Z [ODDS] (serving: Ruien Zhang)  Mio Mushika: 4/9 → 2/5, Ruien Zhang: 13/8 → 7/4
2026-02-27T01:14:48.001Z [EVENT] (serving: Ruien Zhang)  game: 15-40
2026-02-27T01:15:23.178Z [ODDS] (serving: Ruien Zhang)  Mio Mushika: 2/5 → 4/11, Ruien Zhang: 7/4 → 2/1
2026-02-27T01:15:23.178Z [EVENT] (serving: Ruien Zhang)  game: 30-40
2026-02-27T01:16:06.926Z [ODDS] (serving: Mio Mushika)  Mio Mushika: 4/11 → 4/9, Ruien Zhang: 2/1 → 13/8
2026-02-27T01:16:06.926Z [EVENT] (serving: Mio Mushika)  sets: 7-5,0-2, game: 0-0, serving: P1
2026-02-27T01:17:08.715Z [ODDS] (serving: Mio Mushika)  Mio Mushika: 4/9 → 4/11, Ruien Zhang: 13/8 → 2/1
2026-02-27T01:17:08.715Z [EVENT] (serving: Mio Mushika)  game: 15-0
2026-02-27T01:17:28.108Z [ODDS] (serving: Mio Mushika)  Mio Mushika: 4/11 → 1/3, Ruien Zhang: 2/1 → 9/4
2026-02-27T01:17:28.108Z [EVENT] (serving: Mio Mushika)  game: 30-0
2026-02-27T01:17:49.756Z [ODDS] (serving: Mio Mushika)  Mio Mushika: 1/3 → 3/10, Ruien Zhang: 9/4 → 12/5
2026-02-27T01:17:49.756Z [EVENT] (serving: Mio Mushika)  game: 40-0
2026-02-27T01:18:21.776Z [ODDS] (serving: Mio Mushika)  Mio Mushika: 3/10 → 1/3, Ruien Zhang: 12/5 → 9/4
2026-02-27T01:18:21.776Z [EVENT] (serving: Mio Mushika)  game: 40-15
2026-02-27T01:18:50.190Z [ODDS] (serving: Ruien Zhang)  Mio Mushika: 1/3 → 3/10, Ruien Zhang: 9/4 → 12/5
2026-02-27T01:18:50.190Z [EVENT] (serving: Ruien Zhang)  sets: 7-5,1-2, game: 0-0, serving: P2
2026-02-27T01:20:49.253Z [ODDS] (serving: Ruien Zhang)  Mio Mushika: 3/10 → 2/7, Ruien Zhang: 12/5 → 5/2
2026-02-27T01:21:04.591Z [ODDS] (serving: Ruien Zhang)  Mio Mushika: 2/7 → 4/11, Ruien Zhang: 5/2 → 2/1
2026-02-27T01:21:04.591Z [EVENT] (serving: Ruien Zhang)  game: 0-15
2026-02-27T01:21:36.612Z [ODDS] (serving: Ruien Zhang)  Mio Mushika: 4/11 → 2/5, Ruien Zhang: 2/1 → 7/4
2026-02-27T01:21:36.612Z [EVENT] (serving: Ruien Zhang)  game: 0-30
2026-02-27T01:22:15.395Z [ODDS] (serving: Ruien Zhang)  Mio Mushika: 2/5 → 4/9, Ruien Zhang: 7/4 → 13/8
2026-02-27T01:22:15.395Z [EVENT] (serving: Ruien Zhang)  game: 0-40
2026-02-27T01:22:43.807Z [ODDS] (serving: Ruien Zhang)  Mio Mushika: 4/9 → 2/5, Ruien Zhang: 13/8 → 7/4
2026-02-27T01:22:43.807Z [EVENT] (serving: Ruien Zhang)  game: 15-40
2026-02-27T01:23:32.516Z [ODDS] (serving: Ruien Zhang)  Mio Mushika: 2/5 → 4/11, Ruien Zhang: 7/4 → 2/1
2026-02-27T01:23:32.516Z [EVENT] (serving: Ruien Zhang)  game: 30-40
2026-02-27T01:24:31.146Z [ODDS] (serving: Mio Mushika)  Mio Mushika: 4/11 → 4/9, Ruien Zhang: 2/1 → 13/8
2026-02-27T01:24:31.146Z [EVENT] (serving: Mio Mushika)  sets: 7-5,1-3, game: 0-0, serving: P1
2026-02-27T01:26:03.152Z [ODDS] (serving: Mio Mushika)  Mio Mushika: 4/9 → 1/2, Ruien Zhang: 13/8 → 6/4
2026-02-27T01:26:03.152Z [EVENT] (serving: Mio Mushika)  game: 0-15
2026-02-27T01:26:28.408Z [ODDS] (serving: Mio Mushika)  Mio Mushika: 1/2 → 4/9, Ruien Zhang: 6/4 → 13/8
2026-02-27T01:26:28.408Z [EVENT] (serving: Mio Mushika)  game: 15-15
2026-02-27T01:26:32.918Z [ODDS] (serving: Mio Mushika)  Mio Mushika: 4/9 → 4/11, Ruien Zhang: 13/8 → 2/1
2026-02-27T01:26:32.918Z [EVENT] (serving: Mio Mushika)  game: 30-15
2026-02-27T01:26:51.861Z [ODDS] (serving: Mio Mushika)  Mio Mushika: 4/11 → 2/5, Ruien Zhang: 2/1 → 7/4
2026-02-27T01:27:21.626Z [ODDS] (serving: Mio Mushika)  Mio Mushika: 2/5 → 1/3, Ruien Zhang: 7/4 → 9/4
2026-02-27T01:27:21.626Z [EVENT] (serving: Mio Mushika)  game: 40-15
2026-02-27T01:27:47.788Z [ODDS] (serving: Ruien Zhang)  Mio Mushika: 1/3 → 3/10, Ruien Zhang: 9/4 → 12/5
2026-02-27T01:27:47.788Z [EVENT] (serving: Ruien Zhang)  sets: 7-5,2-3, game: 0-0, serving: P2
2026-02-27T01:30:00.838Z [ODDS] (serving: Ruien Zhang)  Mio Mushika: 3/10 → 4/11, Ruien Zhang: 12/5 → 2/1
2026-02-27T01:30:00.838Z [EVENT] (serving: Ruien Zhang)  game: 0-15
2026-02-27T01:30:38.268Z [ODDS] (serving: Ruien Zhang)  Mio Mushika: 4/11 → 2/5, Ruien Zhang: 2/1 → 7/4
2026-02-27T01:30:38.268Z [EVENT] (serving: Ruien Zhang)  game: 0-30
2026-02-27T01:31:32.840Z [ODDS] (serving: Ruien Zhang)  Mio Mushika: 2/5 → 4/9, Ruien Zhang: 7/4 → 13/8
2026-02-27T01:31:32.840Z [EVENT] (serving: Ruien Zhang)  game: 0-40
2026-02-27T01:32:03.960Z [ODDS] (serving: Mio Mushika)  Mio Mushika: 4/9 → 1/2, Ruien Zhang: 13/8 → 6/4
2026-02-27T01:32:03.960Z [EVENT] (serving: Mio Mushika)  sets: 7-5,2-4, game: 0-0, serving: P1
2026-02-27T01:33:12.963Z [ODDS] (serving: Mio Mushika)  Mio Mushika: 1/2 → 4/7, Ruien Zhang: 6/4 → 5/4
2026-02-27T01:33:12.964Z [EVENT] (serving: Mio Mushika)  game: 0-15
2026-02-27T01:33:58.062Z [ODDS] (serving: Mio Mushika)  Mio Mushika: 4/7 → 8/15, Ruien Zhang: 5/4 → 11/8
2026-02-27T01:33:58.062Z [EVENT] (serving: Mio Mushika)  game: 15-15
2026-02-27T01:34:45.423Z [ODDS] (serving: Mio Mushika)  Mio Mushika: 8/15 → 4/9, Ruien Zhang: 11/8 → 13/8
2026-02-27T01:34:45.423Z [EVENT] (serving: Mio Mushika)  game: 30-15
2026-02-27T01:35:25.109Z [ODDS] (serving: Mio Mushika)  Mio Mushika: 4/9 → 2/5, Ruien Zhang: 13/8 → 7/4
2026-02-27T01:35:25.109Z [EVENT] (serving: Mio Mushika)  game: 40-15
2026-02-27T01:36:24.193Z [ODDS] (serving: Ruien Zhang)  Mio Mushika: 2/5 → 4/11, Ruien Zhang: 7/4 → 2/1
2026-02-27T01:36:24.193Z [EVENT] (serving: Ruien Zhang)  sets: 7-5,3-4, game: 0-0, serving: P2
2026-02-27T01:38:54.612Z [ODDS] (serving: Ruien Zhang)  Mio Mushika: 4/11 → 3/10, Ruien Zhang: 2/1 → 12/5
2026-02-27T01:38:54.612Z [EVENT] (serving: Ruien Zhang)  game: 15-0
2026-02-27T01:40:11.285Z [ODDS] (serving: Ruien Zhang)  Mio Mushika: 3/10 → 4/11, Ruien Zhang: 12/5 → 2/1
2026-02-27T01:40:11.285Z [EVENT] (serving: Ruien Zhang)  game: 15-15
2026-02-27T01:40:59.993Z [ODDS] (serving: Ruien Zhang)  Mio Mushika: 4/11 → 4/9, Ruien Zhang: 2/1 → 13/8
2026-02-27T01:40:59.993Z [EVENT] (serving: Ruien Zhang)  game: 15-30
2026-02-27T01:41:37.883Z [ODDS] (serving: Ruien Zhang)  Mio Mushika: 4/9 → 1/2, Ruien Zhang: 13/8 → 6/4
2026-02-27T01:41:37.883Z [EVENT] (serving: Ruien Zhang)  game: 15-40
2026-02-27T01:41:57.728Z [ODDS] (serving: Ruien Zhang)  Mio Mushika: 1/2 → 4/9, Ruien Zhang: 6/4 → 13/8
2026-02-27T01:41:57.728Z [EVENT] (serving: Ruien Zhang)  game: 30-40
2026-02-27T01:42:47.787Z [ODDS] (serving: Ruien Zhang)  Mio Mushika: 4/9 → 1/3, Ruien Zhang: 13/8 → 9/4
2026-02-27T01:42:47.787Z [EVENT] (serving: Ruien Zhang)  game: 40-40
2026-02-27T01:43:35.593Z [ODDS] (serving: Ruien Zhang)  Mio Mushika: 1/3 → 1/4, Ruien Zhang: 9/4 → 11/4
2026-02-27T01:43:35.593Z [EVENT] (serving: Ruien Zhang)  game: A-40
2026-02-27T01:44:14.383Z [ODDS] (serving: Mio Mushika)  Mio Mushika: 1/4 → 1/6, Ruien Zhang: 11/4 → 7/2
2026-02-27T01:44:14.383Z [EVENT] (serving: Mio Mushika)  sets: 7-5,4-4, game: 0-0, serving: P1
2026-02-27T01:46:08.939Z [ODDS] (serving: Mio Mushika)  Mio Mushika: 1/6 → 2/9, Ruien Zhang: 7/2 → 3/1
2026-02-27T01:46:08.939Z [EVENT] (serving: Mio Mushika)  game: 0-15
2026-02-27T01:46:44.126Z [ODDS] (serving: Mio Mushika)  Mio Mushika: 2/9 → 1/6, Ruien Zhang: 3/1 → 7/2
2026-02-27T01:46:44.126Z [EVENT] (serving: Mio Mushika)  game: 15-15
2026-02-27T01:47:24.717Z [ODDS] (serving: Mio Mushika)  Mio Mushika: 1/6 → 1/8, Ruien Zhang: 7/2 → 9/2
2026-02-27T01:47:24.717Z [EVENT] (serving: Mio Mushika)  game: 30-15
2026-02-27T01:47:57.190Z [ODDS] (serving: Mio Mushika)  Mio Mushika: 1/8 → 1/12, Ruien Zhang: 9/2 → 6/1
2026-02-27T01:47:57.190Z [EVENT] (serving: Mio Mushika)  game: 40-15
2026-02-27T01:48:26.955Z [ODDS] (serving: Ruien Zhang)  Mio Mushika: 1/12 → 1/14, Ruien Zhang: 6/1 → 13/2
2026-02-27T01:48:26.955Z [EVENT] (serving: Ruien Zhang)  sets: 7-5,5-4, game: 0-0, serving: P2
2026-02-27T01:50:44.522Z [ODDS] (serving: Ruien Zhang)  Mio Mushika: 1/14 → 1/25, Ruien Zhang: 13/2 → 9/1
2026-02-27T01:50:44.522Z [EVENT] (serving: Ruien Zhang)  game: 15-0
2026-02-27T01:51:15.178Z [ODDS] (serving: Ruien Zhang)  Mio Mushika: 1/25 → 1/50, Ruien Zhang: 9/1 → 12/1
2026-02-27T01:51:15.178Z [EVENT] (serving: Ruien Zhang)  game: 30-0
2026-02-27T01:51:47.200Z [ODDS] (serving: Ruien Zhang)  Mio Mushika: 1/50 → 1/200, Ruien Zhang: 12/1 → 25/1
2026-02-27T01:51:47.200Z [EVENT] (serving: Ruien Zhang)  game: 40-0
2026-02-27T01:52:16.516Z [ODDS] (serving: Ruien Zhang)  Mio Mushika: 1/200 → 1/80, Ruien Zhang: 25/1 → 15/1
2026-02-27T01:52:16.516Z [EVENT] (serving: Ruien Zhang)  game: 40-15
2026-02-27T01:53:08.991Z [ODDS] (serving: Ruien Zhang)  Mio Mushika: 1/80 → 0/0, Ruien Zhang: 15/1 → 0/0
2026-02-27T01:53:08.991Z [EVENT] (serving: Ruien Zhang)  sets: 7-5,6-4, game: 0-0
