2026-02-27T02:08:37.970Z [ODDS] (serving: Shuai Zhang)  Shuai Zhang: 11/5 → 5/2, Emma Navarro: 4/11 → 3/10
2026-02-27T02:08:37.970Z [EVENT] (serving: Shuai Zhang)  game: 30-40
2026-02-27T02:08:55.558Z [ODDS] (serving: Shuai Zhang)  Shuai Zhang: 5/2 → 11/5, Emma Navarro: 3/10 → 4/11
2026-02-27T02:08:55.558Z [EVENT] (serving: Shuai Zhang)  game: 40-40
2026-02-27T02:09:25.325Z [ODDS] (serving: Shuai Zhang)  Shuai Zhang: 11/5 → 2/1, Emma Navarro: 4/11 → 2/5
2026-02-27T02:09:25.325Z [EVENT] (serving: Shuai Zhang)  game: A-40
2026-02-27T02:09:54.639Z [ODDS] (serving: Shuai Zhang)  Shuai Zhang: 2/1 → 11/5, Emma Navarro: 2/5 → 4/11
2026-02-27T02:09:54.639Z [EVENT] (serving: Shuai Zhang)  game: 40-40
2026-02-27T02:10:16.742Z [ODDS] (serving: Shuai Zhang)  Shuai Zhang: 11/5 → 5/2, Emma Navarro: 4/11 → 3/10
2026-02-27T02:10:16.742Z [EVENT] (serving: Shuai Zhang)  game: 40-A
2026-02-27T02:10:38.841Z [ODDS] (serving: Emma Navarro)  Shuai Zhang: 5/2 → 3/1, Emma Navarro: 3/10 → 1/4
2026-02-27T02:10:38.841Z [EVENT] (serving: Emma Navarro)  sets: 1-3, game: 0-0, serving: P2
2026-02-27T02:10:55.526Z [ODDS] (serving: Emma Navarro)  Shuai Zhang: 3/1 → 10/3, Emma Navarro: 1/4 → 2/9
2026-02-27T02:11:16.273Z [ODDS] (serving: Emma Navarro)  Shuai Zhang: 10/3 → 7/2, Emma Navarro: 2/9 → 1/5
2026-02-27T02:11:16.273Z [EVENT] (serving: Emma Navarro)  game: 0-15
2026-02-27T02:11:37.019Z [ODDS] (serving: Emma Navarro)  Shuai Zhang: 7/2 → 4/1, Emma Navarro: 1/5 → 1/6
2026-02-27T02:11:37.019Z [EVENT] (serving: Emma Navarro)  game: 0-30
2026-02-27T02:11:56.412Z [EVENT] (serving: Emma Navarro)  game: 0-40
2026-02-27T02:12:16.707Z [EVENT] (serving: Shuai Zhang)  sets: 1-4, game: 0-0, serving: P1
2026-02-27T02:14:18.484Z [EVENT] (serving: Shuai Zhang)  game: 15-0
2026-02-27T02:14:36.522Z [EVENT] (serving: Shuai Zhang)  game: 15-15
2026-02-27T02:14:54.562Z [ODDS] (serving: Shuai Zhang)  Shuai Zhang: 4/1 → 9/2, Emma Navarro: 1/6 → 1/7
2026-02-27T02:14:54.562Z [EVENT] (serving: Shuai Zhang)  game: 15-30
2026-02-27T02:15:27.936Z [EVENT] (serving: Shuai Zhang)  game: 30-30
2026-02-27T02:15:50.035Z [ODDS] (serving: Shuai Zhang)  Shuai Zhang: 9/2 → 4/1, Emma Navarro: 1/7 → 1/6
2026-02-27T02:15:50.035Z [EVENT] (serving: Shuai Zhang)  game: 40-30
2026-02-27T02:16:14.393Z [ODDS] (serving: Shuai Zhang)  Shuai Zhang: 4/1 → 9/2, Emma Navarro: 1/6 → 1/7
2026-02-27T02:16:14.393Z [EVENT] (serving: Shuai Zhang)  game: 40-40
2026-02-27T02:16:43.704Z [ODDS] (serving: Shuai Zhang)  Shuai Zhang: 9/2 → 5/1, Emma Navarro: 1/7 → 1/8
2026-02-27T02:16:43.704Z [EVENT] (serving: Shuai Zhang)  game: 40-A
2026-02-27T02:17:03.097Z [ODDS] (serving: Shuai Zhang)  Shuai Zhang: 5/1 → 9/2, Emma Navarro: 1/8 → 1/7
2026-02-27T02:17:03.097Z [EVENT] (serving: Shuai Zhang)  game: 40-40
2026-02-27T02:17:19.333Z [ODDS] (serving: Shuai Zhang)  Shuai Zhang: 9/2 → 4/1, Emma Navarro: 1/7 → 1/6
2026-02-27T02:17:19.333Z [EVENT] (serving: Shuai Zhang)  game: A-40
2026-02-27T02:17:48.197Z [EVENT] (serving: Emma Navarro)  sets: 2-4, game: 0-0, serving: P2
2026-02-27T02:18:32.394Z [ODDS] (serving: Emma Navarro)  Shuai Zhang: 4/1 → 7/2, Emma Navarro: 1/6 → 1/5
2026-02-27T02:18:32.394Z [EVENT] (serving: Emma Navarro)  game: 15-0
2026-02-27T02:18:57.652Z [ODDS] (serving: Emma Navarro)  Shuai Zhang: 7/2 → 10/3, Emma Navarro: 1/5 → 2/9
2026-02-27T02:19:20.654Z [ODDS] (serving: Emma Navarro)  Shuai Zhang: 10/3 → 7/2, Emma Navarro: 2/9 → 1/5
2026-02-27T02:19:20.654Z [EVENT] (serving: Emma Navarro)  game: 15-15
2026-02-27T02:19:55.383Z [ODDS] (serving: Emma Navarro)  Shuai Zhang: 7/2 → 10/3, Emma Navarro: 1/5 → 2/9
2026-02-27T02:19:55.383Z [EVENT] (serving: Emma Navarro)  game: 30-15
2026-02-27T02:20:30.111Z [ODDS] (serving: Emma Navarro)  Shuai Zhang: 10/3 → 3/1, Emma Navarro: 2/9 → 1/4
2026-02-27T02:20:30.111Z [EVENT] (serving: Emma Navarro)  game: 40-15
2026-02-27T02:21:05.288Z [ODDS] (serving: Emma Navarro)  Shuai Zhang: 3/1 → 10/3, Emma Navarro: 1/4 → 2/9
2026-02-27T02:21:05.288Z [EVENT] (serving: Emma Navarro)  game: 40-30
2026-02-27T02:21:33.252Z [ODDS] (serving: Emma Navarro)  Shuai Zhang: 10/3 → 7/2, Emma Navarro: 2/9 → 1/5
2026-02-27T02:21:33.252Z [EVENT] (serving: Emma Navarro)  game: 40-40
2026-02-27T02:21:58.058Z [ODDS] (serving: Emma Navarro)  Shuai Zhang: 7/2 → 4/1, Emma Navarro: 1/5 → 1/6
2026-02-27T02:21:58.058Z [EVENT] (serving: Emma Navarro)  game: 40-A
2026-02-27T02:22:30.151Z [ODDS] (serving: Emma Navarro)  Shuai Zhang: 4/1 → 7/2, Emma Navarro: 1/6 → 1/5
2026-02-27T02:22:30.151Z [EVENT] (serving: Emma Navarro)  game: 40-40
2026-02-27T02:23:16.282Z [ODDS] (serving: Emma Navarro)  Shuai Zhang: 7/2 → 3/1, Emma Navarro: 1/5 → 1/4
2026-02-27T02:23:16.282Z [EVENT] (serving: Emma Navarro)  game: A-40
2026-02-27T02:23:44.051Z [ODDS] (serving: Emma Navarro)  Shuai Zhang: 3/1 → 7/2, Emma Navarro: 1/4 → 1/5
2026-02-27T02:23:44.051Z [EVENT] (serving: Emma Navarro)  game: 40-40
2026-02-27T02:24:03.889Z [ODDS] (serving: Emma Navarro)  Shuai Zhang: 7/2 → 4/1, Emma Navarro: 1/5 → 1/6
2026-02-27T02:24:03.889Z [EVENT] (serving: Emma Navarro)  game: 40-A
2026-02-27T02:24:41.322Z [ODDS] (serving: Emma Navarro)  Shuai Zhang: 4/1 → 7/2, Emma Navarro: 1/6 → 1/5
2026-02-27T02:24:41.322Z [EVENT] (serving: Emma Navarro)  game: 40-40
2026-02-27T02:25:09.287Z [ODDS] (serving: Emma Navarro)  Shuai Zhang: 7/2 → 4/1, Emma Navarro: 1/5 → 1/6
2026-02-27T02:25:09.287Z [EVENT] (serving: Emma Navarro)  game: 40-A
2026-02-27T02:25:40.406Z [ODDS] (serving: Emma Navarro)  Shuai Zhang: 4/1 → 7/2, Emma Navarro: 1/6 → 1/5
2026-02-27T02:25:40.406Z [EVENT] (serving: Emma Navarro)  game: 40-40
2026-02-27T02:26:12.427Z [ODDS] (serving: Emma Navarro)  Shuai Zhang: 7/2 → 4/1, Emma Navarro: 1/5 → 1/6
2026-02-27T02:26:12.427Z [EVENT] (serving: Emma Navarro)  game: 40-A
2026-02-27T02:26:50.311Z [ODDS] (serving: Emma Navarro)  Shuai Zhang: 4/1 → 7/2, Emma Navarro: 1/6 → 1/5
2026-02-27T02:26:50.312Z [EVENT] (serving: Emma Navarro)  game: 40-40
2026-02-27T02:27:16.021Z [ODDS] (serving: Emma Navarro)  Shuai Zhang: 7/2 → 3/1, Emma Navarro: 1/5 → 1/4
2026-02-27T02:27:16.021Z [EVENT] (serving: Emma Navarro)  game: A-40
2026-02-27T02:27:39.025Z [ODDS] (serving: Shuai Zhang)  Shuai Zhang: 3/1 → 5/2, Emma Navarro: 1/4 → 3/10
2026-02-27T02:27:39.025Z [EVENT] (serving: Shuai Zhang)  sets: 3-4, game: 0-0, serving: P1
2026-02-27T02:28:01.121Z [ODDS] (serving: Shuai Zhang)  Shuai Zhang: 5/2 → 12/5, Emma Navarro: 3/10 → 1/3
2026-02-27T02:28:07.441Z [ODDS] (serving: Shuai Zhang)  Shuai Zhang: 12/5 → 11/5, Emma Navarro: 1/3 → 4/11
2026-02-27T02:29:58.383Z [ODDS] (serving: Shuai Zhang)  Shuai Zhang: 11/5 → 5/2, Emma Navarro: 4/11 → 3/10
2026-02-27T02:29:58.383Z [EVENT] (serving: Shuai Zhang)  game: 0-15
2026-02-27T02:30:27.705Z [ODDS] (serving: Shuai Zhang)  Shuai Zhang: 5/2 → 3/1, Emma Navarro: 3/10 → 1/4
2026-02-27T02:30:27.705Z [EVENT] (serving: Shuai Zhang)  game: 0-30
2026-02-27T02:30:50.257Z [ODDS] (serving: Shuai Zhang)  Shuai Zhang: 3/1 → 5/2, Emma Navarro: 1/4 → 3/10
2026-02-27T02:30:50.257Z [EVENT] (serving: Shuai Zhang)  game: 15-30
2026-02-27T02:31:06.942Z [ODDS] (serving: Shuai Zhang)  Shuai Zhang: 5/2 → 11/5, Emma Navarro: 3/10 → 4/11
2026-02-27T02:31:06.942Z [EVENT] (serving: Shuai Zhang)  game: 30-30
2026-02-27T02:31:27.690Z [ODDS] (serving: Shuai Zhang)  Shuai Zhang: 11/5 → 7/4, Emma Navarro: 4/11 → 4/9
2026-02-27T02:31:27.690Z [EVENT] (serving: Shuai Zhang)  game: 40-30
2026-02-27T02:31:53.397Z [ODDS] (serving: Emma Navarro)  Shuai Zhang: 7/4 → 13/8, Emma Navarro: 4/9 → 1/2
2026-02-27T02:31:53.397Z [EVENT] (serving: Emma Navarro)  sets: 4-4, game: 0-0, serving: P2
2026-02-27T02:32:03.320Z [ODDS] (serving: Emma Navarro)  Shuai Zhang: 13/8 → 6/4, Emma Navarro: 1/2 → 8/15
2026-02-27T02:32:37.143Z [ODDS] (serving: Emma Navarro)  Shuai Zhang: 6/4 → 7/4, Emma Navarro: 8/15 → 4/9
2026-02-27T02:32:37.143Z [EVENT] (serving: Emma Navarro)  game: 0-15
2026-02-27T02:32:57.891Z [ODDS] (serving: Emma Navarro)  Shuai Zhang: 7/4 → 13/8, Emma Navarro: 4/9 → 1/2
2026-02-27T02:33:12.324Z [ODDS] (serving: Emma Navarro)  Shuai Zhang: 13/8 → 11/8, Emma Navarro: 1/2 → 4/7
2026-02-27T02:33:12.324Z [EVENT] (serving: Emma Navarro)  game: 15-15
2026-02-27T02:33:45.247Z [ODDS] (serving: Emma Navarro)  Shuai Zhang: 11/8 → 6/5, Emma Navarro: 4/7 → 4/6
2026-02-27T02:33:45.247Z [EVENT] (serving: Emma Navarro)  game: 30-15
2026-02-27T02:34:08.247Z [ODDS] (serving: Emma Navarro)  Shuai Zhang: 6/5 → 11/10, Emma Navarro: 4/6 → 8/11
2026-02-27T02:34:21.777Z [ODDS] (serving: Emma Navarro)  Shuai Zhang: 11/10 → 11/8, Emma Navarro: 8/11 → 4/7
2026-02-27T02:34:21.777Z [EVENT] (serving: Emma Navarro)  game: 30-30
2026-02-27T02:34:56.053Z [ODDS] (serving: Emma Navarro)  Shuai Zhang: 11/8 → 11/10, Emma Navarro: 4/7 → 8/11
2026-02-27T02:34:56.053Z [EVENT] (serving: Emma Navarro)  game: 40-30
2026-02-27T02:35:28.525Z [ODDS] (serving: Emma Navarro)  Shuai Zhang: 11/10 → 1/1, Emma Navarro: 8/11 → 4/5
2026-02-27T02:35:54.684Z [ODDS] (serving: Emma Navarro)  Shuai Zhang: 1/1 → 11/8, Emma Navarro: 4/5 → 4/7
2026-02-27T02:35:54.684Z [EVENT] (serving: Emma Navarro)  game: 40-40
2026-02-27T02:36:24.001Z [ODDS] (serving: Emma Navarro)  Shuai Zhang: 11/8 → 1/1, Emma Navarro: 4/7 → 4/5
2026-02-27T02:36:24.001Z [EVENT] (serving: Emma Navarro)  game: A-40
2026-02-27T02:37:10.455Z [ODDS] (serving: Shuai Zhang)  Shuai Zhang: 1/1 → 8/11, Emma Navarro: 4/5 → 11/10
2026-02-27T02:37:10.455Z [EVENT] (serving: Shuai Zhang)  sets: 5-4, game: 0-0, serving: P1
2026-02-27T02:39:09.016Z [ODDS] (serving: Shuai Zhang)  Shuai Zhang: 8/11 → 4/6, Emma Navarro: 11/10 → 6/5
2026-02-27T02:39:09.016Z [EVENT] (serving: Shuai Zhang)  game: 15-0
2026-02-27T02:39:29.312Z [ODDS] (serving: Shuai Zhang)  Shuai Zhang: 4/6 → 4/7, Emma Navarro: 6/5 → 11/8
2026-02-27T02:39:29.312Z [EVENT] (serving: Shuai Zhang)  game: 30-0
2026-02-27T02:39:54.569Z [ODDS] (serving: Shuai Zhang)  Shuai Zhang: 4/7 → 4/6, Emma Navarro: 11/8 → 6/5
2026-02-27T02:39:54.569Z [EVENT] (serving: Shuai Zhang)  game: 30-15
2026-02-27T02:40:19.824Z [ODDS] (serving: Shuai Zhang)  Shuai Zhang: 4/6 → 8/15, Emma Navarro: 6/5 → 6/4
2026-02-27T02:40:19.824Z [EVENT] (serving: Shuai Zhang)  game: 40-15
2026-02-27T02:40:51.846Z [ODDS] (serving: Shuai Zhang)  Shuai Zhang: 8/15 → 8/13, Emma Navarro: 6/4 → 13/10
2026-02-27T02:40:51.846Z [EVENT] (serving: Shuai Zhang)  game: 40-30
2026-02-27T02:41:13.946Z [ODDS] (serving: Emma Navarro)  Shuai Zhang: 8/13 → 1/2, Emma Navarro: 13/10 → 13/8
2026-02-27T02:41:13.946Z [EVENT] (serving: Emma Navarro)  sets: 6-4,0-0, game: 0-0, serving: P2
2026-02-27T02:43:42.777Z [ODDS] (serving: Emma Navarro)  Shuai Zhang: 1/2 → 8/15, Emma Navarro: 13/8 → 6/4
2026-02-27T02:43:42.777Z [EVENT] (serving: Emma Navarro)  game: 0-15
2026-02-27T02:44:16.602Z [ODDS] (serving: Emma Navarro)  Shuai Zhang: 8/15 → 8/13, Emma Navarro: 6/4 → 13/10
2026-02-27T02:44:16.602Z [EVENT] (serving: Emma Navarro)  game: 0-30
2026-02-27T02:44:40.957Z [ODDS] (serving: Emma Navarro)  Shuai Zhang: 8/13 → 4/7, Emma Navarro: 13/10 → 11/8
2026-02-27T02:44:50.882Z [ODDS] (serving: Emma Navarro)  Shuai Zhang: 4/7 → 8/15, Emma Navarro: 11/8 → 6/4
2026-02-27T02:44:50.883Z [EVENT] (serving: Emma Navarro)  game: 15-30
2026-02-27T02:45:35.986Z [ODDS] (serving: Emma Navarro)  Shuai Zhang: 8/15 → 8/13, Emma Navarro: 6/4 → 13/10
2026-02-27T02:45:35.987Z [EVENT] (serving: Emma Navarro)  game: 15-40
2026-02-27T02:45:58.989Z [ODDS] (serving: Emma Navarro)  Shuai Zhang: 8/13 → 4/7, Emma Navarro: 13/10 → 11/8
2026-02-27T02:46:10.264Z [ODDS] (serving: Shuai Zhang)  Shuai Zhang: 4/7 → 4/6, Emma Navarro: 11/8 → 6/5
2026-02-27T02:46:10.264Z [EVENT] (serving: Shuai Zhang)  sets: 6-4,0-1, game: 0-0, serving: P1
2026-02-27T02:47:37.314Z [ODDS] (serving: Shuai Zhang)  Shuai Zhang: 4/6 → 4/7, Emma Navarro: 6/5 → 11/8
2026-02-27T02:47:37.314Z [EVENT] (serving: Shuai Zhang)  game: 15-0
2026-02-27T02:48:10.689Z [ODDS] (serving: Shuai Zhang)  Shuai Zhang: 4/7 → 1/2, Emma Navarro: 11/8 → 13/8
2026-02-27T02:48:10.689Z [EVENT] (serving: Shuai Zhang)  game: 30-0
2026-02-27T02:48:36.845Z [ODDS] (serving: Shuai Zhang)  Shuai Zhang: 1/2 → 4/9, Emma Navarro: 13/8 → 7/4
2026-02-27T02:48:36.845Z [EVENT] (serving: Shuai Zhang)  game: 40-0
2026-02-27T02:48:54.890Z [EVENT] (serving: Emma Navarro)  sets: 6-4,1-1, game: 0-0, serving: P2
2026-02-27T02:49:42.242Z [ODDS] (serving: Emma Navarro)  Shuai Zhang: 4/9 → 1/2, Emma Navarro: 7/4 → 13/8
2026-02-27T02:49:42.242Z [EVENT] (serving: Emma Navarro)  game: 0-15
2026-02-27T02:50:20.575Z [ODDS] (serving: Emma Navarro)  Shuai Zhang: 1/2 → 8/15, Emma Navarro: 13/8 → 6/4
2026-02-27T02:50:20.575Z [EVENT] (serving: Emma Navarro)  game: 0-30
2026-02-27T02:50:56.204Z [ODDS] (serving: Emma Navarro)  Shuai Zhang: 8/15 → 1/2, Emma Navarro: 6/4 → 13/8
2026-02-27T02:50:56.204Z [EVENT] (serving: Emma Navarro)  game: 15-30
2026-02-27T02:51:25.526Z [ODDS] (serving: Emma Navarro)  Shuai Zhang: 1/2 → 8/15, Emma Navarro: 13/8 → 6/4
2026-02-27T02:51:25.526Z [EVENT] (serving: Emma Navarro)  game: 15-40
2026-02-27T02:51:48.981Z [ODDS] (serving: Shuai Zhang)  Shuai Zhang: 8/15 → 4/7, Emma Navarro: 6/4 → 11/8
2026-02-27T02:51:48.981Z [EVENT] (serving: Shuai Zhang)  sets: 6-4,1-2, game: 0-0, serving: P1
2026-02-27T02:53:58.418Z [ODDS] (serving: Shuai Zhang)  Shuai Zhang: 4/7 → 8/13, Emma Navarro: 11/8 → 13/10
2026-02-27T02:54:11.045Z [ODDS] (serving: Shuai Zhang)  Shuai Zhang: 8/13 → 1/2, Emma Navarro: 13/10 → 13/8
2026-02-27T02:54:11.045Z [EVENT] (serving: Shuai Zhang)  game: 15-0
2026-02-27T02:54:27.281Z [ODDS] (serving: Shuai Zhang)  Shuai Zhang: 1/2 → 8/15, Emma Navarro: 13/8 → 6/4
2026-02-27T02:54:45.774Z [ODDS] (serving: Shuai Zhang)  Shuai Zhang: 8/15 → 4/9, Emma Navarro: 6/4 → 7/4
2026-02-27T02:54:45.774Z [EVENT] (serving: Shuai Zhang)  game: 30-0
2026-02-27T02:55:06.069Z [ODDS] (serving: Shuai Zhang)  Shuai Zhang: 4/9 → 1/2, Emma Navarro: 7/4 → 13/8
2026-02-27T02:55:06.070Z [EVENT] (serving: Shuai Zhang)  game: 30-15
2026-02-27T02:55:23.208Z [ODDS] (serving: Shuai Zhang)  Shuai Zhang: 1/2 → 8/15, Emma Navarro: 13/8 → 6/4
2026-02-27T02:55:35.835Z [ODDS] (serving: Shuai Zhang)  Shuai Zhang: 8/15 → 8/13, Emma Navarro: 6/4 → 13/10
2026-02-27T02:55:35.835Z [EVENT] (serving: Shuai Zhang)  game: 30-30
2026-02-27T02:56:03.345Z [ODDS] (serving: Shuai Zhang)  Shuai Zhang: 8/13 → 8/11, Emma Navarro: 13/10 → 11/10
2026-02-27T02:56:03.345Z [EVENT] (serving: Shuai Zhang)  game: 30-40
2026-02-27T02:56:20.033Z [ODDS] (serving: Shuai Zhang)  Shuai Zhang: 8/11 → 4/5, Emma Navarro: 11/10 → 1/1
2026-02-27T02:56:47.996Z [ODDS] (serving: Emma Navarro)  Shuai Zhang: 4/5 → 10/11, Emma Navarro: 1/1 → 10/11
2026-02-27T02:56:47.996Z [EVENT] (serving: Emma Navarro)  sets: 6-4,1-3, game: 0-0, serving: P2
2026-02-27T02:57:36.253Z [ODDS] (serving: Emma Navarro)  Shuai Zhang: 10/11 → 4/5, Emma Navarro: 10/11 → 1/1
2026-02-27T02:57:36.253Z [EVENT] (serving: Emma Navarro)  game: 15-0
2026-02-27T02:58:16.862Z [ODDS] (serving: Emma Navarro)  Shuai Zhang: 4/5 → 10/11, Emma Navarro: 1/1 → 10/11
2026-02-27T02:58:16.862Z [EVENT] (serving: Emma Navarro)  game: 15-15
2026-02-27T02:58:43.452Z [ODDS] (serving: Emma Navarro)  Shuai Zhang: 10/11 → 4/5, Emma Navarro: 10/11 → 1/1
2026-02-27T02:58:43.452Z [EVENT] (serving: Emma Navarro)  game: 30-15
2026-02-27T02:59:10.111Z [ODDS] (serving: Emma Navarro)  Shuai Zhang: 4/5 → 4/6, Emma Navarro: 1/1 → 6/5
2026-02-27T02:59:10.111Z [EVENT] (serving: Emma Navarro)  game: 40-15
2026-02-27T02:59:38.024Z [ODDS] (serving: Emma Navarro)  Shuai Zhang: 4/6 → 8/11, Emma Navarro: 6/5 → 11/10
2026-02-27T02:59:38.024Z [EVENT] (serving: Emma Navarro)  game: 40-30
2026-02-27T03:00:15.460Z [ODDS] (serving: Emma Navarro)  Shuai Zhang: 8/11 → 10/11, Emma Navarro: 11/10 → 10/11
2026-02-27T03:00:15.460Z [EVENT] (serving: Emma Navarro)  game: 40-40
2026-02-27T03:00:41.181Z [ODDS] (serving: Emma Navarro)  Shuai Zhang: 10/11 → 4/5, Emma Navarro: 10/11 → 1/1
2026-02-27T03:00:50.643Z [ODDS] (serving: Emma Navarro)  Shuai Zhang: 4/5 → 8/11, Emma Navarro: 1/1 → 11/10
2026-02-27T03:00:50.643Z [EVENT] (serving: Emma Navarro)  game: A-40
2026-02-27T03:01:23.565Z [ODDS] (serving: Shuai Zhang)  Shuai Zhang: 8/11 → 4/7, Emma Navarro: 11/10 → 11/8
2026-02-27T03:01:23.565Z [EVENT] (serving: Shuai Zhang)  sets: 6-4,2-3, game: 0-0, serving: P1
2026-02-27T03:03:32.553Z [ODDS] (serving: Shuai Zhang)  Shuai Zhang: 4/7 → 1/2, Emma Navarro: 11/8 → 13/8
2026-02-27T03:03:32.553Z [EVENT] (serving: Shuai Zhang)  game: 15-0
2026-02-27T03:03:54.203Z [ODDS] (serving: Shuai Zhang)  Shuai Zhang: 1/2 → 4/7, Emma Navarro: 13/8 → 11/8
2026-02-27T03:03:54.203Z [EVENT] (serving: Shuai Zhang)  game: 15-15
2026-02-27T03:04:18.561Z [ODDS] (serving: Shuai Zhang)  Shuai Zhang: 4/7 → 1/2, Emma Navarro: 11/8 → 13/8
2026-02-27T03:04:18.561Z [EVENT] (serving: Shuai Zhang)  game: 30-15
2026-02-27T03:04:51.108Z [ODDS] (serving: Shuai Zhang)  Shuai Zhang: 1/2 → 4/9, Emma Navarro: 13/8 → 7/4
2026-02-27T03:04:51.108Z [EVENT] (serving: Shuai Zhang)  game: 40-15
2026-02-27T03:05:13.127Z [ODDS] (serving: Emma Navarro)  Shuai Zhang: 4/9 → 2/5, Emma Navarro: 7/4 → 2/1
2026-02-27T03:05:13.127Z [EVENT] (serving: Emma Navarro)  sets: 6-4,3-3, game: 0-0, serving: P2
2026-02-27T03:06:02.289Z [ODDS] (serving: Emma Navarro)  Shuai Zhang: 2/5 → 4/11, Emma Navarro: 2/1 → 11/5
2026-02-27T03:06:12.312Z [ODDS] (serving: Emma Navarro)  Shuai Zhang: 4/11 → 3/10, Emma Navarro: 11/5 → 5/2
2026-02-27T03:06:12.312Z [EVENT] (serving: Emma Navarro)  game: 15-0
2026-02-27T03:06:42.930Z [ODDS] (serving: Emma Navarro)  Shuai Zhang: 3/10 → 4/11, Emma Navarro: 5/2 → 11/5
2026-02-27T03:06:42.931Z [EVENT] (serving: Emma Navarro)  game: 15-15
2026-02-27T03:07:14.903Z [ODDS] (serving: Emma Navarro)  Shuai Zhang: 4/11 → 2/7, Emma Navarro: 11/5 → 11/4
2026-02-27T03:07:14.905Z [EVENT] (serving: Emma Navarro)  game: 30-15
2026-02-27T03:07:42.414Z [ODDS] (serving: Emma Navarro)  Shuai Zhang: 2/7 → 1/5, Emma Navarro: 11/4 → 7/2
2026-02-27T03:07:42.414Z [EVENT] (serving: Emma Navarro)  game: 40-15
2026-02-27T03:08:17.595Z [ODDS] (serving: Shuai Zhang)  Shuai Zhang: 1/5 → 1/7, Emma Navarro: 7/2 → 9/2
2026-02-27T03:08:17.595Z [EVENT] (serving: Shuai Zhang)  sets: 6-4,4-3, game: 0-0, serving: P1
2026-02-27T03:10:15.049Z [ODDS] (serving: Shuai Zhang)  Shuai Zhang: 1/7 → 1/5, Emma Navarro: 9/2 → 7/2
2026-02-27T03:10:15.049Z [EVENT] (serving: Shuai Zhang)  game: 0-15
2026-02-27T03:10:30.391Z [ODDS] (serving: Shuai Zhang)  Shuai Zhang: 1/5 → 1/7, Emma Navarro: 7/2 → 9/2
2026-02-27T03:10:30.391Z [EVENT] (serving: Shuai Zhang)  game: 15-15
2026-02-27T03:11:00.599Z [ODDS] (serving: Shuai Zhang)  Shuai Zhang: 1/7 → 1/6, Emma Navarro: 9/2 → 4/1
2026-02-27T03:11:13.681Z [ODDS] (serving: Shuai Zhang)  Shuai Zhang: 1/6 → 1/10, Emma Navarro: 4/1 → 6/1
2026-02-27T03:11:13.681Z [EVENT] (serving: Shuai Zhang)  game: 30-15
2026-02-27T03:11:33.526Z [ODDS] (serving: Shuai Zhang)  Shuai Zhang: 1/10 → 1/9, Emma Navarro: 6/1 → 11/2
2026-02-27T03:11:47.504Z [ODDS] (serving: Shuai Zhang)  Shuai Zhang: 1/9 → 1/7, Emma Navarro: 11/2 → 9/2
2026-02-27T03:11:47.504Z [EVENT] (serving: Shuai Zhang)  game: 30-30
2026-02-27T03:12:06.448Z [ODDS] (serving: Shuai Zhang)  Shuai Zhang: 1/7 → 1/10, Emma Navarro: 9/2 → 6/1
2026-02-27T03:12:06.448Z [EVENT] (serving: Shuai Zhang)  game: 40-30
2026-02-27T03:12:39.821Z [ODDS] (serving: Emma Navarro)  Shuai Zhang: 1/10 → 1/20, Emma Navarro: 6/1 → 10/1
2026-02-27T03:12:39.821Z [EVENT] (serving: Emma Navarro)  sets: 6-4,5-3, game: 0-0, serving: P2
2026-02-27T03:13:28.528Z [ODDS] (serving: Emma Navarro)  Shuai Zhang: 1/20 → 1/14, Emma Navarro: 10/1 → 8/1
2026-02-27T03:13:28.528Z [EVENT] (serving: Emma Navarro)  game: 0-15
2026-02-27T03:14:08.670Z [ODDS] (serving: Emma Navarro)  Shuai Zhang: 1/14 → 1/12, Emma Navarro: 8/1 → 7/1
2026-02-27T03:14:08.670Z [EVENT] (serving: Emma Navarro)  game: 0-30
2026-02-27T03:14:43.865Z [ODDS] (serving: Emma Navarro)  Shuai Zhang: 1/12 → 1/14, Emma Navarro: 7/1 → 8/1
2026-02-27T03:14:43.865Z [EVENT] (serving: Emma Navarro)  game: 15-30
2026-02-27T03:15:23.988Z [ODDS] (serving: Emma Navarro)  Shuai Zhang: 1/14 → 1/20, Emma Navarro: 8/1 → 10/1
2026-02-27T03:15:23.988Z [EVENT] (serving: Emma Navarro)  game: 30-30
2026-02-27T03:16:16.307Z [ODDS] (serving: Emma Navarro)  Shuai Zhang: 1/20 → 1/14, Emma Navarro: 10/1 → 8/1
2026-02-27T03:16:16.307Z [EVENT] (serving: Emma Navarro)  game: 30-40
2026-02-27T03:17:12.235Z [ODDS] (serving: Shuai Zhang)  Shuai Zhang: 1/14 → 1/10, Emma Navarro: 8/1 → 6/1
2026-02-27T03:17:12.235Z [EVENT] (serving: Shuai Zhang)  sets: 6-4,5-4, game: 0-0, serving: P1
2026-02-27T03:19:11.750Z [ODDS] (serving: Shuai Zhang)  Shuai Zhang: 1/10 → 1/20, Emma Navarro: 6/1 → 10/1
2026-02-27T03:19:11.750Z [EVENT] (serving: Shuai Zhang)  game: 15-0
2026-02-27T03:19:28.439Z [ODDS] (serving: Shuai Zhang)  Shuai Zhang: 1/20 → 1/16, Emma Navarro: 10/1 → 9/1
2026-02-27T03:19:40.616Z [ODDS] (serving: Shuai Zhang)  Shuai Zhang: 1/16 → 1/10, Emma Navarro: 9/1 → 6/1
2026-02-27T03:19:40.616Z [EVENT] (serving: Shuai Zhang)  game: 15-15
2026-02-27T03:20:02.264Z [ODDS] (serving: Shuai Zhang)  Shuai Zhang: 1/10 → 1/9, Emma Navarro: 6/1 → 11/2
2026-02-27T03:20:18.956Z [ODDS] (serving: Shuai Zhang)  Shuai Zhang: 1/9 → 1/20, Emma Navarro: 11/2 → 10/1
2026-02-27T03:20:18.956Z [EVENT] (serving: Shuai Zhang)  game: 30-15
2026-02-27T03:20:46.463Z [ODDS] (serving: Shuai Zhang)  Shuai Zhang: 1/20 → 1/10, Emma Navarro: 10/1 → 6/1
2026-02-27T03:20:46.463Z [EVENT] (serving: Shuai Zhang)  game: 30-30
2026-02-27T03:21:18.049Z [ODDS] (serving: Shuai Zhang)  Shuai Zhang: 1/10 → 1/25, Emma Navarro: 6/1 → 12/1
2026-02-27T03:21:18.049Z [EVENT] (serving: Shuai Zhang)  game: 40-30
2026-02-27T03:21:39.681Z [ODDS] (serving: Shuai Zhang)  Shuai Zhang: 1/25 → 0/0, Emma Navarro: 12/1 → 0/0
2026-02-27T03:21:39.681Z [EVENT] (serving: Shuai Zhang)  sets: 6-4,6-4, game: 0-0
