2026-02-26T22:38:29.950Z [ODDS] (serving: Aaron Bailey)  Aaron Bailey: 3/4 → 4/5, Tyler Cox: 1/1 → 19/20
2026-02-26T22:38:29.950Z [EVENT] (serving: Aaron Bailey)  game: 15-30
2026-02-26T22:38:56.110Z [ODDS] (serving: Aaron Bailey)  Aaron Bailey: 4/5 → 3/4, Tyler Cox: 19/20 → 1/1
2026-02-26T22:38:56.110Z [EVENT] (serving: Aaron Bailey)  game: 30-30
2026-02-26T22:39:20.464Z [ODDS] (serving: Aaron Bailey)  Aaron Bailey: 3/4 → 10/11, Tyler Cox: 1/1 → 10/11
2026-02-26T22:39:20.464Z [EVENT] (serving: Aaron Bailey)  game: 30-40
2026-02-26T22:39:52.036Z [ODDS] (serving: Aaron Bailey)  Aaron Bailey: 10/11 → 3/4, Tyler Cox: 10/11 → 1/1
2026-02-26T22:39:52.036Z [EVENT] (serving: Aaron Bailey)  game: 40-40
2026-02-26T22:40:26.763Z [ODDS] (serving: Aaron Bailey)  Aaron Bailey: 3/4 → 10/11, Tyler Cox: 1/1 → 10/11
2026-02-26T22:40:26.763Z [EVENT] (serving: Aaron Bailey)  game: 40-A
2026-02-26T22:40:57.437Z [ODDS] (serving: Aaron Bailey)  Aaron Bailey: 10/11 → 3/4, Tyler Cox: 10/11 → 1/1
2026-02-26T22:40:57.437Z [EVENT] (serving: Aaron Bailey)  game: 40-40
2026-02-26T22:41:33.063Z [ODDS] (serving: Aaron Bailey)  Aaron Bailey: 3/4 → 19/20, Tyler Cox: 1/1 → 4/5
2026-02-26T22:41:33.063Z [EVENT] (serving: Aaron Bailey)  game: 40-A
2026-02-26T22:42:15.007Z [ODDS] (serving: Tyler Cox)  Aaron Bailey: 19/20 → 21/20, Tyler Cox: 4/5 → 7/10
2026-02-26T22:42:15.007Z [EVENT] (serving: Tyler Cox)  sets: 1-2, game: 0-0, serving: P2
2026-02-26T22:43:53.778Z [ODDS] (serving: Tyler Cox)  Aaron Bailey: 21/20 → 6/5, Tyler Cox: 7/10 → 8/13
2026-02-26T22:43:53.778Z [EVENT] (serving: Tyler Cox)  game: 0-15
2026-02-26T22:44:19.485Z [ODDS] (serving: Tyler Cox)  Aaron Bailey: 6/5 → 5/4, Tyler Cox: 8/13 → 4/7
2026-02-26T22:44:19.485Z [EVENT] (serving: Tyler Cox)  game: 0-30
2026-02-26T22:44:51.548Z [ODDS] (serving: Tyler Cox)  Aaron Bailey: 5/4 → 11/8, Tyler Cox: 4/7 → 8/15
2026-02-26T22:44:51.548Z [EVENT] (serving: Tyler Cox)  game: 0-40
2026-02-26T22:45:20.384Z [ODDS] (serving: Aaron Bailey)  Aaron Bailey: 11/8 → 6/4, Tyler Cox: 8/15 → 1/2
2026-02-26T22:45:20.384Z [EVENT] (serving: Aaron Bailey)  sets: 1-3, game: 0-0, serving: P1
2026-02-26T22:46:09.979Z [ODDS] (serving: Aaron Bailey)  Aaron Bailey: 6/4 → 11/8, Tyler Cox: 1/2 → 8/15
2026-02-26T22:46:09.979Z [EVENT] (serving: Aaron Bailey)  game: 15-0
2026-02-26T22:46:47.413Z [ODDS] (serving: Aaron Bailey)  Aaron Bailey: 11/8 → 6/4, Tyler Cox: 8/15 → 1/2
2026-02-26T22:46:47.413Z [EVENT] (serving: Aaron Bailey)  game: 15-15
2026-02-26T22:47:22.592Z [ODDS] (serving: Aaron Bailey)  Aaron Bailey: 6/4 → 13/8, Tyler Cox: 1/2 → 4/9
2026-02-26T22:47:22.592Z [EVENT] (serving: Aaron Bailey)  game: 15-30
2026-02-26T22:48:04.084Z [ODDS] (serving: Aaron Bailey)  Aaron Bailey: 13/8 → 2/1, Tyler Cox: 4/9 → 4/11
2026-02-26T22:48:04.084Z [EVENT] (serving: Aaron Bailey)  game: 15-40
2026-02-26T22:48:51.437Z [ODDS] (serving: Aaron Bailey)  Aaron Bailey: 2/1 → 7/4, Tyler Cox: 4/11 → 2/5
2026-02-26T22:48:51.437Z [EVENT] (serving: Aaron Bailey)  game: 30-40
2026-02-26T22:49:20.757Z [ODDS] (serving: Tyler Cox)  Aaron Bailey: 7/4 → 9/4, Tyler Cox: 2/5 → 1/3
2026-02-26T22:49:20.758Z [EVENT] (serving: Tyler Cox)  sets: 1-4, game: 0-0, serving: P2
2026-02-26T22:51:21.629Z [ODDS] (serving: Tyler Cox)  Aaron Bailey: 9/4 → 12/5, Tyler Cox: 1/3 → 3/10
2026-02-26T22:51:21.629Z [EVENT] (serving: Tyler Cox)  game: 0-15
2026-02-26T22:51:58.152Z [ODDS] (serving: Tyler Cox)  Aaron Bailey: 12/5 → 9/4, Tyler Cox: 3/10 → 1/3
2026-02-26T22:51:58.152Z [EVENT] (serving: Tyler Cox)  game: 15-15
2026-02-26T22:52:21.154Z [ODDS] (serving: Tyler Cox)  Aaron Bailey: 9/4 → 2/1, Tyler Cox: 1/3 → 4/11
2026-02-26T22:52:55.430Z [ODDS] (serving: Tyler Cox)  Aaron Bailey: 2/1 → 7/4, Tyler Cox: 4/11 → 2/5
2026-02-26T22:52:55.430Z [EVENT] (serving: Tyler Cox)  game: 30-15
2026-02-26T22:53:34.217Z [ODDS] (serving: Tyler Cox)  Aaron Bailey: 7/4 → 13/8, Tyler Cox: 2/5 → 4/9
2026-02-26T22:53:34.217Z [EVENT] (serving: Tyler Cox)  game: 40-15
2026-02-26T22:53:59.923Z [ODDS] (serving: Aaron Bailey)  Aaron Bailey: 13/8 → 6/4, Tyler Cox: 4/9 → 1/2
2026-02-26T22:53:59.923Z [EVENT] (serving: Aaron Bailey)  sets: 2-4, game: 0-0, serving: P1
2026-02-26T22:54:42.770Z [ODDS] (serving: Aaron Bailey)  Aaron Bailey: 6/4 → 13/8, Tyler Cox: 1/2 → 4/9
2026-02-26T22:54:42.770Z [EVENT] (serving: Aaron Bailey)  game: 0-15
2026-02-26T22:55:26.519Z [ODDS] (serving: Aaron Bailey)  Aaron Bailey: 13/8 → 6/4, Tyler Cox: 4/9 → 1/2
2026-02-26T22:55:26.519Z [EVENT] (serving: Aaron Bailey)  game: 15-15
2026-02-26T22:56:30.559Z [ODDS] (serving: Aaron Bailey)  Aaron Bailey: 6/4 → 13/8, Tyler Cox: 1/2 → 4/9
2026-02-26T22:56:30.559Z [EVENT] (serving: Aaron Bailey)  game: 15-30
2026-02-26T22:57:02.580Z [ODDS] (serving: Aaron Bailey)  Aaron Bailey: 13/8 → 6/4, Tyler Cox: 4/9 → 1/2
2026-02-26T22:57:02.580Z [EVENT] (serving: Aaron Bailey)  game: 30-30
2026-02-26T22:57:29.189Z [ODDS] (serving: Aaron Bailey)  Aaron Bailey: 6/4 → 11/8, Tyler Cox: 1/2 → 8/15
2026-02-26T22:57:29.189Z [EVENT] (serving: Aaron Bailey)  game: 40-30
2026-02-26T22:58:05.306Z [ODDS] (serving: Tyler Cox)  Aaron Bailey: 11/8 → 5/4, Tyler Cox: 8/15 → 4/7
2026-02-26T22:58:05.310Z [EVENT] (serving: Tyler Cox)  sets: 3-4, game: 0-0, serving: P2
2026-02-26T22:59:48.100Z [ODDS] (serving: Tyler Cox)  Aaron Bailey: 5/4 → 6/5, Tyler Cox: 4/7 → 8/13
2026-02-26T22:59:56.217Z [ODDS] (serving: Tyler Cox)  Aaron Bailey: 6/5 → 21/20, Tyler Cox: 8/13 → 7/10
2026-02-26T22:59:56.217Z [EVENT] (serving: Tyler Cox)  game: 15-0
2026-02-26T23:00:36.356Z [ODDS] (serving: Tyler Cox)  Aaron Bailey: 21/20 → 10/11, Tyler Cox: 7/10 → 10/11
2026-02-26T23:00:36.356Z [EVENT] (serving: Tyler Cox)  game: 30-0
2026-02-26T23:01:21.908Z [ODDS] (serving: Tyler Cox)  Aaron Bailey: 10/11 → 1/1, Tyler Cox: 10/11 → 3/4
2026-02-26T23:01:21.908Z [EVENT] (serving: Tyler Cox)  game: 30-15
2026-02-26T23:02:00.694Z [ODDS] (serving: Tyler Cox)  Aaron Bailey: 1/1 → 4/5, Tyler Cox: 3/4 → 19/20
2026-02-26T23:02:00.694Z [EVENT] (serving: Tyler Cox)  game: 40-15
2026-02-26T23:02:32.264Z [ODDS] (serving: Aaron Bailey)  Aaron Bailey: 4/5 → 4/6, Tyler Cox: 19/20 → 11/10
2026-02-26T23:02:32.264Z [EVENT] (serving: Aaron Bailey)  sets: 4-4, game: 0-0, serving: P1
2026-02-26T23:03:21.423Z [ODDS] (serving: Aaron Bailey)  Aaron Bailey: 4/6 → 7/10, Tyler Cox: 11/10 → 21/20
2026-02-26T23:03:56.149Z [ODDS] (serving: Aaron Bailey)  Aaron Bailey: 7/10 → 4/5, Tyler Cox: 21/20 → 19/20
2026-02-26T23:03:56.149Z [EVENT] (serving: Aaron Bailey)  game: 0-15
2026-02-26T23:04:21.409Z [ODDS] (serving: Aaron Bailey)  Aaron Bailey: 4/5 → 7/10, Tyler Cox: 19/20 → 21/20
2026-02-26T23:04:21.409Z [EVENT] (serving: Aaron Bailey)  game: 15-15
2026-02-26T23:05:01.545Z [ODDS] (serving: Aaron Bailey)  Aaron Bailey: 7/10 → 4/7, Tyler Cox: 21/20 → 5/4
2026-02-26T23:05:01.545Z [EVENT] (serving: Aaron Bailey)  game: 30-15
2026-02-26T23:05:57.927Z [ODDS] (serving: Aaron Bailey)  Aaron Bailey: 4/7 → 7/10, Tyler Cox: 5/4 → 21/20
2026-02-26T23:05:57.927Z [EVENT] (serving: Aaron Bailey)  game: 30-30
2026-02-26T23:06:33.100Z [ODDS] (serving: Aaron Bailey)  Aaron Bailey: 7/10 → 19/20, Tyler Cox: 21/20 → 4/5
2026-02-26T23:06:33.100Z [EVENT] (serving: Aaron Bailey)  game: 30-40
2026-02-26T23:07:21.809Z [ODDS] (serving: Tyler Cox)  Aaron Bailey: 19/20 → 5/4, Tyler Cox: 4/5 → 4/7
2026-02-26T23:07:21.809Z [EVENT] (serving: Tyler Cox)  sets: 4-5, game: 0-0, serving: P2
2026-02-26T23:09:31.610Z [ODDS] (serving: Tyler Cox)  Aaron Bailey: 5/4 → 21/20, Tyler Cox: 4/7 → 7/10
2026-02-26T23:09:31.610Z [EVENT] (serving: Tyler Cox)  game: 15-0
2026-02-26T23:10:20.754Z [ODDS] (serving: Tyler Cox)  Aaron Bailey: 21/20 → 5/4, Tyler Cox: 7/10 → 4/7
2026-02-26T23:10:20.754Z [EVENT] (serving: Tyler Cox)  game: 15-15
2026-02-26T23:10:55.942Z [ODDS] (serving: Tyler Cox)  Aaron Bailey: 5/4 → 6/5, Tyler Cox: 4/7 → 8/13
2026-02-26T23:11:13.979Z [ODDS] (serving: Tyler Cox)  Aaron Bailey: 6/5 → 1/1, Tyler Cox: 8/13 → 3/4
2026-02-26T23:11:13.979Z [EVENT] (serving: Tyler Cox)  game: 30-15
2026-02-26T23:11:37.879Z [ODDS] (serving: Tyler Cox)  Aaron Bailey: 1/1 → 6/5, Tyler Cox: 3/4 → 8/13
2026-02-26T23:11:37.879Z [EVENT] (serving: Tyler Cox)  game: 30-30
2026-02-26T23:12:07.197Z [ODDS] (serving: Tyler Cox)  Aaron Bailey: 6/5 → 13/8, Tyler Cox: 8/13 → 4/9
2026-02-26T23:12:07.197Z [EVENT] (serving: Tyler Cox)  game: 30-40
2026-02-26T23:12:45.983Z [ODDS] (serving: Aaron Bailey)  Aaron Bailey: 13/8 → 2/1, Tyler Cox: 4/9 → 4/11
2026-02-26T23:12:45.983Z [EVENT] (serving: Aaron Bailey)  sets: 4-6,0-0, game: 0-0, serving: P1
2026-02-26T23:14:55.872Z [ODDS] (serving: Aaron Bailey)  Aaron Bailey: 2/1 → 9/4, Tyler Cox: 4/11 → 1/3
2026-02-26T23:15:16.619Z [ODDS] (serving: Aaron Bailey)  Aaron Bailey: 9/4 → 7/4, Tyler Cox: 1/3 → 2/5
2026-02-26T23:15:16.619Z [EVENT] (serving: Aaron Bailey)  game: 15-0
2026-02-26T23:15:58.560Z [ODDS] (serving: Aaron Bailey)  Aaron Bailey: 7/4 → 9/4, Tyler Cox: 2/5 → 1/3
2026-02-26T23:15:58.560Z [EVENT] (serving: Aaron Bailey)  game: 15-15
2026-02-26T23:16:41.856Z [ODDS] (serving: Aaron Bailey)  Aaron Bailey: 9/4 → 7/4, Tyler Cox: 1/3 → 2/5
2026-02-26T23:16:41.856Z [EVENT] (serving: Aaron Bailey)  game: 30-15
2026-02-26T23:17:26.509Z [ODDS] (serving: Aaron Bailey)  Aaron Bailey: 7/4 → 13/8, Tyler Cox: 2/5 → 4/9
2026-02-26T23:17:26.509Z [EVENT] (serving: Aaron Bailey)  game: 40-15
2026-02-26T23:18:00.331Z [ODDS] (serving: Aaron Bailey)  Aaron Bailey: 13/8 → 7/4, Tyler Cox: 4/9 → 2/5
2026-02-26T23:18:00.331Z [EVENT] (serving: Aaron Bailey)  game: 40-30
2026-02-26T23:18:33.707Z [ODDS] (serving: Aaron Bailey)  Aaron Bailey: 7/4 → 9/4, Tyler Cox: 2/5 → 1/3
2026-02-26T23:18:33.707Z [EVENT] (serving: Aaron Bailey)  game: 40-40
2026-02-26T23:19:30.986Z [ODDS] (serving: Aaron Bailey)  Aaron Bailey: 9/4 → 7/4, Tyler Cox: 1/3 → 2/5
2026-02-26T23:19:30.986Z [EVENT] (serving: Aaron Bailey)  game: A-40
2026-02-26T23:20:18.787Z [ODDS] (serving: Tyler Cox)  Aaron Bailey: 7/4 → 13/8, Tyler Cox: 2/5 → 4/9
2026-02-26T23:20:18.788Z [EVENT] (serving: Tyler Cox)  sets: 4-6,1-0, game: 0-0, serving: P2
2026-02-26T23:21:56.206Z [ODDS] (serving: Tyler Cox)  Aaron Bailey: 13/8 → 7/4, Tyler Cox: 4/9 → 2/5
2026-02-26T23:21:56.206Z [EVENT] (serving: Tyler Cox)  game: 0-15
2026-02-26T23:22:25.526Z [ODDS] (serving: Tyler Cox)  Aaron Bailey: 7/4 → 2/1, Tyler Cox: 2/5 → 4/11
2026-02-26T23:22:25.530Z [EVENT] (serving: Tyler Cox)  game: 0-30
2026-02-26T23:23:22.798Z [ODDS] (serving: Tyler Cox)  Aaron Bailey: 2/1 → 7/4, Tyler Cox: 4/11 → 2/5
2026-02-26T23:23:22.799Z [EVENT] (serving: Tyler Cox)  game: 15-30
2026-02-26T23:23:55.723Z [ODDS] (serving: Tyler Cox)  Aaron Bailey: 7/4 → 2/1, Tyler Cox: 2/5 → 4/11
2026-02-26T23:23:55.723Z [EVENT] (serving: Tyler Cox)  game: 15-40
2026-02-26T23:24:36.315Z [ODDS] (serving: Aaron Bailey)  Aaron Bailey: 2/1 → 9/4, Tyler Cox: 4/11 → 1/3
2026-02-26T23:24:36.317Z [EVENT] (serving: Aaron Bailey)  sets: 4-6,1-1, game: 0-0, serving: P1
2026-02-26T23:25:16.906Z [ODDS] (serving: Aaron Bailey)  Aaron Bailey: 9/4 → 12/5, Tyler Cox: 1/3 → 3/10
2026-02-26T23:25:43.065Z [ODDS] (serving: Aaron Bailey)  Aaron Bailey: 12/5 → 11/4, Tyler Cox: 3/10 → 1/4
2026-02-26T23:25:43.065Z [EVENT] (serving: Aaron Bailey)  game: 0-15
2026-02-26T23:26:43.952Z [ODDS] (serving: Aaron Bailey)  Aaron Bailey: 11/4 → 12/5, Tyler Cox: 1/4 → 3/10
2026-02-26T23:26:43.952Z [EVENT] (serving: Aaron Bailey)  game: 15-15
2026-02-26T23:27:42.128Z [ODDS] (serving: Aaron Bailey)  Aaron Bailey: 12/5 → 11/4, Tyler Cox: 3/10 → 1/4
2026-02-26T23:27:42.128Z [EVENT] (serving: Aaron Bailey)  game: 15-30
2026-02-26T23:28:21.829Z [ODDS] (serving: Aaron Bailey)  Aaron Bailey: 11/4 → 12/5, Tyler Cox: 1/4 → 3/10
2026-02-26T23:28:21.829Z [EVENT] (serving: Aaron Bailey)  game: 30-30
2026-02-26T23:28:41.209Z [ODDS] (serving: Aaron Bailey)  Aaron Bailey: 12/5 → 3/1, Tyler Cox: 3/10 → 2/9
2026-02-26T23:28:41.209Z [EVENT] (serving: Aaron Bailey)  game: 30-40
2026-02-26T23:29:02.859Z [ODDS] (serving: Aaron Bailey)  Aaron Bailey: 3/1 → 5/2, Tyler Cox: 2/9 → 2/7
2026-02-26T23:29:02.859Z [EVENT] (serving: Aaron Bailey)  game: 40-40
2026-02-26T23:29:27.664Z [ODDS] (serving: Aaron Bailey)  Aaron Bailey: 5/2 → 2/1, Tyler Cox: 2/7 → 4/11
2026-02-26T23:29:27.664Z [EVENT] (serving: Aaron Bailey)  game: A-40
2026-02-26T23:29:54.271Z [ODDS] (serving: Aaron Bailey)  Aaron Bailey: 2/1 → 5/2, Tyler Cox: 4/11 → 2/7
2026-02-26T23:29:54.271Z [EVENT] (serving: Aaron Bailey)  game: 40-40
2026-02-26T23:30:35.327Z [ODDS] (serving: Aaron Bailey)  Aaron Bailey: 5/2 → 2/1, Tyler Cox: 2/7 → 4/11
2026-02-26T23:30:35.338Z [EVENT] (serving: Aaron Bailey)  game: A-40
2026-02-26T23:31:27.630Z [ODDS] (serving: Aaron Bailey)  Aaron Bailey: 2/1 → 5/2, Tyler Cox: 4/11 → 2/7
2026-02-26T23:31:27.630Z [EVENT] (serving: Aaron Bailey)  game: 40-40
2026-02-26T23:32:21.775Z [ODDS] (serving: Aaron Bailey)  Aaron Bailey: 5/2 → 10/3, Tyler Cox: 2/7 → 1/5
2026-02-26T23:32:21.776Z [EVENT] (serving: Aaron Bailey)  game: 40-A
2026-02-26T23:33:06.400Z [ODDS] (serving: Aaron Bailey)  Aaron Bailey: 10/3 → 5/2, Tyler Cox: 1/5 → 2/7
2026-02-26T23:33:06.400Z [EVENT] (serving: Aaron Bailey)  game: 40-40
2026-02-26T23:33:38.871Z [ODDS] (serving: Aaron Bailey)  Aaron Bailey: 5/2 → 9/4, Tyler Cox: 2/7 → 1/3
2026-02-26T23:33:38.871Z [EVENT] (serving: Aaron Bailey)  game: A-40
2026-02-26T23:34:25.785Z [ODDS] (serving: Aaron Bailey)  Aaron Bailey: 9/4 → 5/2, Tyler Cox: 1/3 → 2/7
2026-02-26T23:34:25.786Z [EVENT] (serving: Aaron Bailey)  game: 40-40
2026-02-26T23:35:25.313Z [ODDS] (serving: Aaron Bailey)  Aaron Bailey: 5/2 → 10/3, Tyler Cox: 2/7 → 1/5
2026-02-26T23:35:25.315Z [EVENT] (serving: Aaron Bailey)  game: 40-A
2026-02-26T23:36:11.762Z [ODDS] (serving: Aaron Bailey)  Aaron Bailey: 10/3 → 11/4, Tyler Cox: 1/5 → 1/4
2026-02-26T23:36:11.762Z [EVENT] (serving: Aaron Bailey)  game: 40-40
2026-02-26T23:36:41.077Z [ODDS] (serving: Aaron Bailey)  Aaron Bailey: 11/4 → 10/3, Tyler Cox: 1/4 → 1/5
2026-02-26T23:36:41.077Z [EVENT] (serving: Aaron Bailey)  game: 40-A
2026-02-26T23:37:13.102Z [ODDS] (serving: Aaron Bailey)  Aaron Bailey: 10/3 → 11/4, Tyler Cox: 1/5 → 1/4
2026-02-26T23:37:13.103Z [EVENT] (serving: Aaron Bailey)  game: 40-40
2026-02-26T23:37:50.531Z [ODDS] (serving: Aaron Bailey)  Aaron Bailey: 11/4 → 10/3, Tyler Cox: 1/4 → 1/5
2026-02-26T23:37:50.531Z [EVENT] (serving: Aaron Bailey)  game: 40-A
2026-02-26T23:38:31.043Z [ODDS] (serving: Tyler Cox)  Aaron Bailey: 10/3 → 5/1, Tyler Cox: 1/5 → 1/8
2026-02-26T23:38:31.043Z [EVENT] (serving: Tyler Cox)  sets: 4-6,1-2, game: 0-0, serving: P2
2026-02-26T23:40:31.920Z [ODDS] (serving: Tyler Cox)  Aaron Bailey: 5/1 → 6/1, Tyler Cox: 1/8 → 1/10
2026-02-26T23:40:31.920Z [EVENT] (serving: Tyler Cox)  game: 0-15
2026-02-26T23:40:49.951Z [ODDS] (serving: Tyler Cox)  Aaron Bailey: 6/1 → 11/2, Tyler Cox: 1/10 → 1/9
2026-02-26T23:40:57.621Z [ODDS] (serving: Tyler Cox)  Aaron Bailey: 11/2 → 9/2, Tyler Cox: 1/9 → 1/7
2026-02-26T23:40:57.621Z [EVENT] (serving: Tyler Cox)  game: 15-15
2026-02-26T23:41:44.069Z [ODDS] (serving: Tyler Cox)  Aaron Bailey: 9/2 → 11/2, Tyler Cox: 1/7 → 1/9
2026-02-26T23:41:44.069Z [EVENT] (serving: Tyler Cox)  game: 15-30
2026-02-26T23:42:30.522Z [ODDS] (serving: Tyler Cox)  Aaron Bailey: 11/2 → 9/2, Tyler Cox: 1/9 → 1/7
2026-02-26T23:42:30.522Z [EVENT] (serving: Tyler Cox)  game: 30-30
2026-02-26T23:42:55.779Z [ODDS] (serving: Tyler Cox)  Aaron Bailey: 9/2 → 6/1, Tyler Cox: 1/7 → 1/10
2026-02-26T23:42:55.779Z [EVENT] (serving: Tyler Cox)  game: 30-40
2026-02-26T23:43:12.015Z [ODDS] (serving: Tyler Cox)  Aaron Bailey: 6/1 → 11/2, Tyler Cox: 1/10 → 1/9
2026-02-26T23:43:29.606Z [ODDS] (serving: Tyler Cox)  Aaron Bailey: 11/2 → 9/2, Tyler Cox: 1/9 → 1/7
2026-02-26T23:43:29.606Z [EVENT] (serving: Tyler Cox)  game: 40-40
2026-02-26T23:44:23.273Z [ODDS] (serving: Tyler Cox)  Aaron Bailey: 9/2 → 10/3, Tyler Cox: 1/7 → 1/5
2026-02-26T23:44:23.273Z [EVENT] (serving: Tyler Cox)  game: A-40
2026-02-26T23:44:51.236Z [ODDS] (serving: Tyler Cox)  Aaron Bailey: 10/3 → 3/1, Tyler Cox: 1/5 → 2/9
2026-02-26T23:45:09.275Z [ODDS] (serving: Tyler Cox)  Aaron Bailey: 3/1 → 9/2, Tyler Cox: 2/9 → 1/7
2026-02-26T23:45:09.275Z [EVENT] (serving: Tyler Cox)  game: 40-40
2026-02-26T23:45:39.490Z [ODDS] (serving: Tyler Cox)  Aaron Bailey: 9/2 → 4/1, Tyler Cox: 1/7 → 1/6
2026-02-26T23:45:55.728Z [ODDS] (serving: Tyler Cox)  Aaron Bailey: 4/1 → 3/1, Tyler Cox: 1/6 → 2/9
2026-02-26T23:45:55.728Z [EVENT] (serving: Tyler Cox)  game: A-40
2026-02-26T23:46:24.590Z [ODDS] (serving: Tyler Cox)  Aaron Bailey: 3/1 → 9/2, Tyler Cox: 2/9 → 1/7
2026-02-26T23:46:24.590Z [EVENT] (serving: Tyler Cox)  game: 40-40
2026-02-26T23:46:48.493Z [ODDS] (serving: Tyler Cox)  Aaron Bailey: 9/2 → 4/1, Tyler Cox: 1/7 → 1/6
2026-02-26T23:47:11.044Z [ODDS] (serving: Tyler Cox)  Aaron Bailey: 4/1 → 3/1, Tyler Cox: 1/6 → 2/9
2026-02-26T23:47:11.044Z [EVENT] (serving: Tyler Cox)  game: A-40
2026-02-26T23:47:40.823Z [ODDS] (serving: Tyler Cox)  Aaron Bailey: 3/1 → 4/1, Tyler Cox: 2/9 → 1/6
2026-02-26T23:47:40.823Z [EVENT] (serving: Tyler Cox)  game: 40-40
2026-02-26T23:48:03.360Z [ODDS] (serving: Tyler Cox)  Aaron Bailey: 4/1 → 11/2, Tyler Cox: 1/6 → 1/9
2026-02-26T23:48:03.360Z [EVENT] (serving: Tyler Cox)  game: 40-A
2026-02-26T23:48:27.719Z [ODDS] (serving: Tyler Cox)  Aaron Bailey: 11/2 → 5/1, Tyler Cox: 1/9 → 1/8
2026-02-26T23:48:49.818Z [ODDS] (serving: Aaron Bailey)  Aaron Bailey: 5/1 → 7/1, Tyler Cox: 1/8 → 1/12
2026-02-26T23:48:49.818Z [EVENT] (serving: Aaron Bailey)  sets: 4-6,1-3, game: 0-0, serving: P1
2026-02-26T23:49:50.253Z [ODDS] (serving: Aaron Bailey)  Aaron Bailey: 7/1 → 11/2, Tyler Cox: 1/12 → 1/9
2026-02-26T23:49:50.253Z [EVENT] (serving: Aaron Bailey)  game: 15-0
2026-02-26T23:50:18.666Z [ODDS] (serving: Aaron Bailey)  Aaron Bailey: 11/2 → 6/1, Tyler Cox: 1/9 → 1/10
2026-02-26T23:50:40.318Z [ODDS] (serving: Aaron Bailey)  Aaron Bailey: 6/1 → 7/1, Tyler Cox: 1/10 → 1/12
2026-02-26T23:50:40.318Z [EVENT] (serving: Aaron Bailey)  game: 15-15
2026-02-26T23:51:20.905Z [ODDS] (serving: Aaron Bailey)  Aaron Bailey: 7/1 → 9/1, Tyler Cox: 1/12 → 1/16
2026-02-26T23:51:20.905Z [EVENT] (serving: Aaron Bailey)  game: 15-30
2026-02-26T23:51:56.534Z [ODDS] (serving: Aaron Bailey)  Aaron Bailey: 9/1 → 7/1, Tyler Cox: 1/16 → 1/12
2026-02-26T23:51:56.534Z [EVENT] (serving: Aaron Bailey)  game: 30-30
2026-02-26T23:52:23.158Z [ODDS] (serving: Aaron Bailey)  Aaron Bailey: 7/1 → 11/2, Tyler Cox: 1/12 → 1/9
2026-02-26T23:52:23.158Z [EVENT] (serving: Aaron Bailey)  game: 40-30
2026-02-26T23:52:57.884Z [ODDS] (serving: Aaron Bailey)  Aaron Bailey: 11/2 → 7/1, Tyler Cox: 1/9 → 1/12
2026-02-26T23:52:57.884Z [EVENT] (serving: Aaron Bailey)  game: 40-40
2026-02-26T23:53:39.827Z [ODDS] (serving: Aaron Bailey)  Aaron Bailey: 7/1 → 10/1, Tyler Cox: 1/12 → 1/20
2026-02-26T23:53:39.827Z [EVENT] (serving: Aaron Bailey)  game: 40-A
2026-02-26T23:54:24.024Z [ODDS] (serving: Tyler Cox)  Aaron Bailey: 10/1 → 16/1, Tyler Cox: 1/20 → 1/40
2026-02-26T23:54:24.024Z [EVENT] (serving: Tyler Cox)  sets: 4-6,1-4, game: 0-0, serving: P2
2026-02-26T23:58:39.840Z [ODDS] (serving: Tyler Cox)  Aaron Bailey: 16/1 → 14/1, Tyler Cox: 1/40 → 1/33
2026-02-26T23:58:54.723Z [ODDS] (serving: Tyler Cox)  Aaron Bailey: 14/1 → 20/1, Tyler Cox: 1/33 → 1/66
2026-02-26T23:58:54.723Z [EVENT] (serving: Tyler Cox)  game: 0-15
2026-02-26T23:59:26.292Z [ODDS] (serving: Tyler Cox)  Aaron Bailey: 20/1 → 25/1, Tyler Cox: 1/66 → 1/100
2026-02-26T23:59:26.292Z [EVENT] (serving: Tyler Cox)  game: 0-30
2026-02-27T00:00:15.452Z [ODDS] (serving: Tyler Cox)  Aaron Bailey: 25/1 → 28/1, Tyler Cox: 1/100 → 1/150
2026-02-27T00:00:15.452Z [EVENT] (serving: Tyler Cox)  game: 0-40
2026-02-27T00:00:55.139Z [ODDS] (serving: Aaron Bailey)  Aaron Bailey: 28/1 → 33/1, Tyler Cox: 1/150 → 1/200
2026-02-27T00:00:55.139Z [EVENT] (serving: Aaron Bailey)  sets: 4-6,1-5, game: 0-0, serving: P1
2026-02-27T00:01:33.476Z [ODDS] (serving: Aaron Bailey)  Aaron Bailey: 33/1 → 40/1, Tyler Cox: 1/200 → 1/250
2026-02-27T00:01:33.476Z [EVENT] (serving: Aaron Bailey)  game: 0-15
2026-02-27T00:02:03.694Z [ODDS] (serving: Aaron Bailey)  Aaron Bailey: 40/1 → 50/1, Tyler Cox: 1/250 → 1/500
2026-02-27T00:02:14.969Z [ODDS] (serving: Aaron Bailey)  Aaron Bailey: 50/1 → 66/1, Tyler Cox: 1/500 → 1/750
2026-02-27T00:02:14.969Z [EVENT] (serving: Aaron Bailey)  game: 0-30
2026-02-27T00:02:56.008Z [ODDS] (serving: Aaron Bailey)  Aaron Bailey: 66/1 → 50/1, Tyler Cox: 1/750 → 1/500
2026-02-27T00:02:56.008Z [EVENT] (serving: Aaron Bailey)  game: 15-30
2026-02-27T00:03:19.021Z [ODDS] (serving: Aaron Bailey)  Aaron Bailey: 50/1 → 100/1, Tyler Cox: 1/500 → 1/1000
2026-02-27T00:03:19.021Z [EVENT] (serving: Aaron Bailey)  game: 15-40
2026-02-27T00:03:46.975Z [ODDS] (serving: Aaron Bailey)  Aaron Bailey: 100/1 → 50/1, Tyler Cox: 1/1000 → 1/500
2026-02-27T00:03:46.975Z [EVENT] (serving: Aaron Bailey)  game: 30-40
2026-02-27T00:04:09.976Z [ODDS] (serving: Aaron Bailey)  Aaron Bailey: 50/1 → 66/1, Tyler Cox: 1/500 → 1/750
2026-02-27T00:04:24.407Z [ODDS] (serving: Aaron Bailey)  Aaron Bailey: 66/1 → 40/1, Tyler Cox: 1/750 → 1/250
2026-02-27T00:04:24.408Z [EVENT] (serving: Aaron Bailey)  game: 40-40
2026-02-27T00:05:29.351Z [ODDS] (serving: Aaron Bailey)  Aaron Bailey: 40/1 → 28/1, Tyler Cox: 1/250 → 1/150
2026-02-27T00:05:29.351Z [EVENT] (serving: Aaron Bailey)  game: A-40
2026-02-27T00:06:10.498Z [EVENT] (serving: Tyler Cox)  sets: 4-6,2-5, game: 0-0, serving: P2
2026-02-27T00:08:06.753Z [ODDS] (serving: Tyler Cox)  Aaron Bailey: 28/1 → 20/1, Tyler Cox: 1/150 → 1/66
2026-02-27T00:08:06.754Z [EVENT] (serving: Tyler Cox)  game: 15-0
