2026-02-27T00:09:56.353Z [ODDS] (serving: Daniel/Sahdiieva)  Brown/Sharabura: 10/1 → 11/1, Daniel/Sahdiieva: 1/33 → 1/40
2026-02-27T00:09:56.353Z [EVENT] (serving: Daniel/Sahdiieva)  game: 0-15
2026-02-27T00:10:41.456Z [ODDS] (serving: Daniel/Sahdiieva)  Brown/Sharabura: 11/1 → 9/1, Daniel/Sahdiieva: 1/40 → 1/25
2026-02-27T00:10:41.456Z [EVENT] (serving: Daniel/Sahdiieva)  game: 15-15
2026-02-27T00:11:17.597Z [ODDS] (serving: Daniel/Sahdiieva)  Brown/Sharabura: 9/1 → 15/2, Daniel/Sahdiieva: 1/25 → 1/18
2026-02-27T00:11:17.597Z [EVENT] (serving: Daniel/Sahdiieva)  game: 30-15
2026-02-27T00:11:47.302Z [ODDS] (serving: Daniel/Sahdiieva)  Brown/Sharabura: 15/2 → 9/1, Daniel/Sahdiieva: 1/18 → 1/25
2026-02-27T00:11:47.302Z [EVENT] (serving: Daniel/Sahdiieva)  game: 30-30
2026-02-27T00:12:10.754Z [ODDS] (serving: Daniel/Sahdiieva)  Brown/Sharabura: 9/1 → 10/1, Daniel/Sahdiieva: 1/25 → 1/33
2026-02-27T00:12:10.754Z [EVENT] (serving: Daniel/Sahdiieva)  game: 30-40
2026-02-27T00:12:40.971Z [ODDS] (serving: Daniel/Sahdiieva)  Brown/Sharabura: 10/1 → 9/1, Daniel/Sahdiieva: 1/33 → 1/25
2026-02-27T00:12:51.807Z [ODDS] (serving: Daniel/Sahdiieva)  Brown/Sharabura: 9/1 → 8/1, Daniel/Sahdiieva: 1/25 → 1/20
2026-02-27T00:12:51.807Z [EVENT] (serving: Daniel/Sahdiieva)  game: 40-40
2026-02-27T00:13:20.274Z [ODDS] (serving: Brown/Sharabura)  Brown/Sharabura: 8/1 → 12/1, Daniel/Sahdiieva: 1/20 → 1/50
2026-02-27T00:13:20.274Z [EVENT] (serving: Brown/Sharabura)  sets: 2-6,2-4, game: 0-0, serving: P1
2026-02-27T00:13:57.193Z [ODDS] (serving: Brown/Sharabura)  Brown/Sharabura: 12/1 → 11/1, Daniel/Sahdiieva: 1/50 → 1/40
2026-02-27T00:13:57.193Z [EVENT] (serving: Brown/Sharabura)  game: 15-0
2026-02-27T00:14:19.290Z [ODDS] (serving: Brown/Sharabura)  Brown/Sharabura: 11/1 → 10/1, Daniel/Sahdiieva: 1/40 → 1/33
2026-02-27T00:14:19.290Z [EVENT] (serving: Brown/Sharabura)  game: 30-0
2026-02-27T00:14:22.025Z [ODDS] (serving: Brown/Sharabura)  Brown/Sharabura: 10/1 → 11/1, Daniel/Sahdiieva: 1/33 → 1/40
2026-02-27T00:14:22.025Z [EVENT] (serving: Brown/Sharabura)  game: 15-0
2026-02-27T00:14:22.448Z [ODDS] (serving: Brown/Sharabura)  Brown/Sharabura: 11/1 → 12/1, Daniel/Sahdiieva: 1/40 → 1/50
2026-02-27T00:14:22.448Z [EVENT] (serving: Brown/Sharabura)  game: 15-15
2026-02-27T00:14:47.704Z [ODDS] (serving: Brown/Sharabura)  Brown/Sharabura: 12/1 → 15/1, Daniel/Sahdiieva: 1/50 → 1/80
2026-02-27T00:14:47.704Z [EVENT] (serving: Brown/Sharabura)  game: 15-30
2026-02-27T00:15:16.570Z [ODDS] (serving: Brown/Sharabura)  Brown/Sharabura: 15/1 → 20/1, Daniel/Sahdiieva: 1/80 → 1/150
2026-02-27T00:15:16.570Z [EVENT] (serving: Brown/Sharabura)  game: 15-40
2026-02-27T00:15:44.080Z [ODDS] (serving: Daniel/Sahdiieva)  Brown/Sharabura: 20/1 → 33/1, Daniel/Sahdiieva: 1/150 → 1/500
2026-02-27T00:15:44.080Z [EVENT] (serving: Daniel/Sahdiieva)  sets: 2-6,2-5, game: 0-0, serving: P2
2026-02-27T00:17:19.694Z [ODDS] (serving: Daniel/Sahdiieva)  Brown/Sharabura: 33/1 → 40/1, Daniel/Sahdiieva: 1/500 → 1/1000
2026-02-27T00:17:19.694Z [EVENT] (serving: Daniel/Sahdiieva)  game: 0-15
2026-02-27T00:17:39.536Z [EVENT] (serving: Daniel/Sahdiieva)  game: 0-30
2026-02-27T00:18:12.911Z [ODDS] (serving: Daniel/Sahdiieva)  Brown/Sharabura: 40/1 → 33/1, Daniel/Sahdiieva: 1/1000 → 1/500
2026-02-27T00:18:12.911Z [EVENT] (serving: Daniel/Sahdiieva)  game: 15-30
2026-02-27T00:18:42.678Z [ODDS] (serving: Daniel/Sahdiieva)  Brown/Sharabura: 33/1 → 40/1, Daniel/Sahdiieva: 1/500 → 1/1000
2026-02-27T00:18:42.678Z [EVENT] (serving: Daniel/Sahdiieva)  game: 15-40
2026-02-27T00:19:04.329Z [ODDS] (serving: Daniel/Sahdiieva)  Brown/Sharabura: 40/1 → 0/0, Daniel/Sahdiieva: 1/1000 → 0/0
2026-02-27T00:19:04.329Z [EVENT] (serving: Daniel/Sahdiieva)  sets: 2-6,2-6, game: 0-0
