2026-02-26T23:38:28.788Z [ODDS] (serving: Brown/Sharabura)  Brown/Sharabura: 4/1 → 7/2, Daniel/Sahdiieva: 1/7 → 1/6
2026-02-26T23:38:28.788Z [EVENT] (serving: Brown/Sharabura)  game: 30-30
2026-02-26T23:38:58.103Z [ODDS] (serving: Brown/Sharabura)  Brown/Sharabura: 7/2 → 4/1, Daniel/Sahdiieva: 1/6 → 1/7
2026-02-26T23:38:58.103Z [EVENT] (serving: Brown/Sharabura)  game: 30-40
2026-02-26T23:39:40.045Z [ODDS] (serving: Daniel/Sahdiieva)  Brown/Sharabura: 4/1 → 5/1, Daniel/Sahdiieva: 1/7 → 1/9
2026-02-26T23:39:40.045Z [EVENT] (serving: Daniel/Sahdiieva)  sets: 1-4, game: 0-0, serving: P2
2026-02-26T23:41:30.088Z [ODDS] (serving: Daniel/Sahdiieva)  Brown/Sharabura: 5/1 → 11/2, Daniel/Sahdiieva: 1/9 → 1/10
2026-02-26T23:41:30.088Z [EVENT] (serving: Daniel/Sahdiieva)  game: 0-15
2026-02-26T23:41:52.188Z [ODDS] (serving: Daniel/Sahdiieva)  Brown/Sharabura: 11/2 → 5/1, Daniel/Sahdiieva: 1/10 → 1/9
2026-02-26T23:42:04.365Z [ODDS] (serving: Daniel/Sahdiieva)  Brown/Sharabura: 5/1 → 11/2, Daniel/Sahdiieva: 1/9 → 1/10
2026-02-26T23:42:04.365Z [EVENT] (serving: Daniel/Sahdiieva)  game: 0-30
2026-02-26T23:43:04.349Z [EVENT] (serving: Daniel/Sahdiieva)  game: 15-30
2026-02-26T23:43:12.467Z [EVENT] (serving: Daniel/Sahdiieva)  game: 15-40
2026-02-26T23:43:36.821Z [ODDS] (serving: Brown/Sharabura)  Brown/Sharabura: 11/2 → 6/1, Daniel/Sahdiieva: 1/10 → 1/12
2026-02-26T23:43:36.821Z [EVENT] (serving: Brown/Sharabura)  sets: 1-5, game: 0-0, serving: P1
2026-02-26T23:44:11.548Z [ODDS] (serving: Brown/Sharabura)  Brown/Sharabura: 6/1 → 11/2, Daniel/Sahdiieva: 1/12 → 1/10
2026-02-26T23:44:11.548Z [EVENT] (serving: Brown/Sharabura)  game: 15-0
2026-02-26T23:44:28.688Z [ODDS] (serving: Brown/Sharabura)  Brown/Sharabura: 11/2 → 6/1, Daniel/Sahdiieva: 1/10 → 1/12
2026-02-26T23:44:37.706Z [EVENT] (serving: Brown/Sharabura)  game: 15-15
2026-02-26T23:45:02.960Z [EVENT] (serving: Brown/Sharabura)  game: 30-15
2026-02-26T23:45:25.961Z [ODDS] (serving: Brown/Sharabura)  Brown/Sharabura: 6/1 → 11/2, Daniel/Sahdiieva: 1/12 → 1/10
2026-02-26T23:45:25.961Z [EVENT] (serving: Brown/Sharabura)  game: 40-15
2026-02-26T23:45:46.255Z [EVENT] (serving: Daniel/Sahdiieva)  sets: 2-5, game: 0-0, serving: P2
2026-02-26T23:47:48.026Z [ODDS] (serving: Daniel/Sahdiieva)  Brown/Sharabura: 11/2 → 6/1, Daniel/Sahdiieva: 1/10 → 1/12
2026-02-26T23:47:48.026Z [EVENT] (serving: Daniel/Sahdiieva)  game: 0-15
2026-02-26T23:48:13.732Z [EVENT] (serving: Daniel/Sahdiieva)  game: 0-30
2026-02-26T23:48:35.837Z [EVENT] (serving: Daniel/Sahdiieva)  game: 15-30
2026-02-26T23:49:22.291Z [EVENT] (serving: Daniel/Sahdiieva)  game: 15-40
2026-02-26T23:50:13.255Z [ODDS] (serving: Brown/Sharabura)  Brown/Sharabura: 6/1 → 13/2, Daniel/Sahdiieva: 1/12 → 1/14
2026-02-26T23:50:13.255Z [EVENT] (serving: Brown/Sharabura)  sets: 2-6,0-0, game: 0-0, serving: P1
2026-02-26T23:52:25.863Z [ODDS] (serving: Brown/Sharabura)  Brown/Sharabura: 13/2 → 7/1, Daniel/Sahdiieva: 1/14 → 1/16
2026-02-26T23:52:25.863Z [EVENT] (serving: Brown/Sharabura)  game: 0-15
2026-02-26T23:52:37.138Z [ODDS] (serving: Brown/Sharabura)  Brown/Sharabura: 7/1 → 15/2, Daniel/Sahdiieva: 1/16 → 1/18
2026-02-26T23:52:46.610Z [ODDS] (serving: Brown/Sharabura)  Brown/Sharabura: 15/2 → 8/1, Daniel/Sahdiieva: 1/18 → 1/20
2026-02-26T23:52:46.610Z [EVENT] (serving: Brown/Sharabura)  game: 0-30
2026-02-26T23:53:24.041Z [ODDS] (serving: Brown/Sharabura)  Brown/Sharabura: 8/1 → 9/1, Daniel/Sahdiieva: 1/20 → 1/25
2026-02-26T23:53:24.041Z [EVENT] (serving: Brown/Sharabura)  game: 0-40
2026-02-26T23:53:51.557Z [EVENT] (serving: Brown/Sharabura)  game: 15-40
2026-02-26T23:54:20.870Z [EVENT] (serving: Daniel/Sahdiieva)  sets: 2-6,0-1, game: 0-0, serving: P2
2026-02-26T23:55:49.263Z [ODDS] (serving: Daniel/Sahdiieva)  Brown/Sharabura: 9/1 → 10/1, Daniel/Sahdiieva: 1/25 → 1/33
2026-02-26T23:55:49.264Z [EVENT] (serving: Daniel/Sahdiieva)  game: 0-15
2026-02-26T23:56:26.796Z [ODDS] (serving: Daniel/Sahdiieva)  Brown/Sharabura: 10/1 → 11/1, Daniel/Sahdiieva: 1/33 → 1/40
2026-02-26T23:56:26.796Z [EVENT] (serving: Daniel/Sahdiieva)  game: 0-30
2026-02-26T23:56:50.247Z [ODDS] (serving: Daniel/Sahdiieva)  Brown/Sharabura: 11/1 → 12/1, Daniel/Sahdiieva: 1/40 → 1/50
2026-02-26T23:56:50.247Z [EVENT] (serving: Daniel/Sahdiieva)  game: 0-40
2026-02-26T23:57:28.587Z [EVENT] (serving: Brown/Sharabura)  sets: 2-6,0-2, game: 0-0, serving: P1
2026-02-26T23:58:12.328Z [ODDS] (serving: Brown/Sharabura)  Brown/Sharabura: 12/1 → 11/1, Daniel/Sahdiieva: 1/50 → 1/40
2026-02-26T23:58:12.328Z [EVENT] (serving: Brown/Sharabura)  game: 15-0
2026-02-26T23:58:42.546Z [ODDS] (serving: Brown/Sharabura)  Brown/Sharabura: 11/1 → 12/1, Daniel/Sahdiieva: 1/40 → 1/50
2026-02-26T23:58:42.546Z [EVENT] (serving: Brown/Sharabura)  game: 15-15
2026-02-26T23:59:15.468Z [ODDS] (serving: Brown/Sharabura)  Brown/Sharabura: 12/1 → 14/1, Daniel/Sahdiieva: 1/50 → 1/66
2026-02-26T23:59:15.468Z [EVENT] (serving: Brown/Sharabura)  game: 15-30
2026-02-26T23:59:37.117Z [ODDS] (serving: Brown/Sharabura)  Brown/Sharabura: 14/1 → 15/1, Daniel/Sahdiieva: 1/66 → 1/80
2026-02-26T23:59:46.587Z [ODDS] (serving: Brown/Sharabura)  Brown/Sharabura: 15/1 → 16/1, Daniel/Sahdiieva: 1/80 → 1/100
2026-02-26T23:59:46.587Z [EVENT] (serving: Brown/Sharabura)  game: 15-40
2026-02-27T00:00:11.392Z [ODDS] (serving: Brown/Sharabura)  Brown/Sharabura: 16/1 → 15/1, Daniel/Sahdiieva: 1/100 → 1/80
2026-02-27T00:00:11.392Z [EVENT] (serving: Brown/Sharabura)  game: 30-40
2026-02-27T00:00:42.511Z [ODDS] (serving: Daniel/Sahdiieva)  Brown/Sharabura: 15/1 → 20/1, Daniel/Sahdiieva: 1/80 → 1/150
2026-02-27T00:00:42.511Z [EVENT] (serving: Daniel/Sahdiieva)  sets: 2-6,0-3, game: 0-0, serving: P2
2026-02-27T00:02:19.929Z [ODDS] (serving: Daniel/Sahdiieva)  Brown/Sharabura: 20/1 → 25/1, Daniel/Sahdiieva: 1/150 → 1/200
2026-02-27T00:02:19.929Z [EVENT] (serving: Daniel/Sahdiieva)  game: 0-15
2026-02-27T00:03:01.871Z [ODDS] (serving: Daniel/Sahdiieva)  Brown/Sharabura: 25/1 → 28/1, Daniel/Sahdiieva: 1/200 → 1/250
2026-02-27T00:03:01.871Z [EVENT] (serving: Daniel/Sahdiieva)  game: 0-30
2026-02-27T00:03:19.021Z [ODDS] (serving: Daniel/Sahdiieva)  Brown/Sharabura: 28/1 → 25/1, Daniel/Sahdiieva: 1/250 → 1/200
2026-02-27T00:03:19.021Z [EVENT] (serving: Daniel/Sahdiieva)  game: 15-30
2026-02-27T00:03:48.327Z [ODDS] (serving: Daniel/Sahdiieva)  Brown/Sharabura: 25/1 → 16/1, Daniel/Sahdiieva: 1/200 → 1/100
2026-02-27T00:03:48.327Z [EVENT] (serving: Daniel/Sahdiieva)  game: 30-30
2026-02-27T00:04:35.232Z [ODDS] (serving: Daniel/Sahdiieva)  Brown/Sharabura: 16/1 → 15/1, Daniel/Sahdiieva: 1/100 → 1/80
2026-02-27T00:04:35.232Z [EVENT] (serving: Daniel/Sahdiieva)  game: 40-30
2026-02-27T00:05:13.115Z [ODDS] (serving: Daniel/Sahdiieva)  Brown/Sharabura: 15/1 → 16/1, Daniel/Sahdiieva: 1/80 → 1/100
2026-02-27T00:05:13.115Z [EVENT] (serving: Daniel/Sahdiieva)  game: 40-40
2026-02-27T00:05:40.181Z [ODDS] (serving: Brown/Sharabura)  Brown/Sharabura: 16/1 → 12/1, Daniel/Sahdiieva: 1/100 → 1/50
2026-02-27T00:05:40.181Z [EVENT] (serving: Brown/Sharabura)  sets: 2-6,1-3, game: 0-0, serving: P1
2026-02-27T00:06:20.329Z [ODDS] (serving: Brown/Sharabura)  Brown/Sharabura: 12/1 → 14/1, Daniel/Sahdiieva: 1/50 → 1/66
2026-02-27T00:06:20.329Z [EVENT] (serving: Brown/Sharabura)  game: 0-15
2026-02-27T00:06:43.776Z [ODDS] (serving: Brown/Sharabura)  Brown/Sharabura: 14/1 → 15/1, Daniel/Sahdiieva: 1/66 → 1/80
2026-02-27T00:06:57.750Z [ODDS] (serving: Brown/Sharabura)  Brown/Sharabura: 15/1 → 12/1, Daniel/Sahdiieva: 1/80 → 1/50
2026-02-27T00:06:57.750Z [EVENT] (serving: Brown/Sharabura)  game: 15-15
2026-02-27T00:07:20.306Z [ODDS] (serving: Brown/Sharabura)  Brown/Sharabura: 12/1 → 11/1, Daniel/Sahdiieva: 1/50 → 1/40
2026-02-27T00:07:20.306Z [EVENT] (serving: Brown/Sharabura)  game: 30-15
2026-02-27T00:07:50.516Z [ODDS] (serving: Brown/Sharabura)  Brown/Sharabura: 11/1 → 10/1, Daniel/Sahdiieva: 1/40 → 1/33
2026-02-27T00:07:50.516Z [EVENT] (serving: Brown/Sharabura)  game: 40-15
