2026-02-26T19:47:57.267Z [ODDS] (serving: Hanna Chang)  Kylie Collins: 9/4 → 2/1, Hanna Chang: 1/3 → 4/11
2026-02-26T19:48:16.679Z [ODDS] (serving: Hanna Chang)  Kylie Collins: 2/1 → 7/4, Hanna Chang: 4/11 → 2/5
2026-02-26T19:48:16.679Z [EVENT] (serving: Hanna Chang)  game: 15-15
2026-02-26T19:48:52.305Z [ODDS] (serving: Hanna Chang)  Kylie Collins: 7/4 → 2/1, Hanna Chang: 2/5 → 4/11
2026-02-26T19:48:52.305Z [EVENT] (serving: Hanna Chang)  game: 15-30
2026-02-26T19:49:19.801Z [ODDS] (serving: Hanna Chang)  Kylie Collins: 2/1 → 12/5, Hanna Chang: 4/11 → 3/10
2026-02-26T19:49:19.801Z [EVENT] (serving: Hanna Chang)  game: 15-40
2026-02-26T19:49:48.286Z [ODDS] (serving: Kylie Collins)  Kylie Collins: 12/5 → 11/4, Hanna Chang: 3/10 → 1/4
2026-02-26T19:49:48.286Z [EVENT] (serving: Kylie Collins)  sets: 6-3,3-6,0-0, game: 0-0, serving: P1
2026-02-26T19:59:01.645Z [ODDS] (serving: Kylie Collins)  Kylie Collins: 11/4 → 10/3, Hanna Chang: 1/4 → 1/5
2026-02-26T19:59:01.645Z [EVENT] (serving: Kylie Collins)  game: 0-15
2026-02-26T19:59:35.013Z [ODDS] (serving: Kylie Collins)  Kylie Collins: 10/3 → 11/4, Hanna Chang: 1/5 → 1/4
2026-02-26T19:59:35.013Z [EVENT] (serving: Kylie Collins)  game: 15-15
2026-02-26T20:00:07.496Z [ODDS] (serving: Kylie Collins)  Kylie Collins: 11/4 → 9/4, Hanna Chang: 1/4 → 1/3
2026-02-26T20:00:07.496Z [EVENT] (serving: Kylie Collins)  game: 30-15
2026-02-26T20:01:17.392Z [ODDS] (serving: Kylie Collins)  Kylie Collins: 9/4 → 7/4, Hanna Chang: 1/3 → 2/5
2026-02-26T20:01:17.392Z [EVENT] (serving: Kylie Collins)  game: 40-15
2026-02-26T20:02:00.299Z [ODDS] (serving: Kylie Collins)  Kylie Collins: 7/4 → 9/4, Hanna Chang: 2/5 → 1/3
2026-02-26T20:02:00.300Z [EVENT] (serving: Kylie Collins)  game: 40-30
2026-02-26T20:02:52.554Z [ODDS] (serving: Hanna Chang)  Kylie Collins: 9/4 → 13/8, Hanna Chang: 1/3 → 4/9
2026-02-26T20:02:52.554Z [EVENT] (serving: Hanna Chang)  sets: 6-3,3-6,1-0, game: 0-0, serving: P2
2026-02-26T20:04:21.406Z [ODDS] (serving: Hanna Chang)  Kylie Collins: 13/8 → 6/5, Hanna Chang: 4/9 → 8/13
2026-02-26T20:04:21.406Z [EVENT] (serving: Hanna Chang)  game: 15-0
2026-02-26T20:05:23.648Z [ODDS] (serving: Hanna Chang)  Kylie Collins: 6/5 → 6/4, Hanna Chang: 8/13 → 1/2
2026-02-26T20:05:23.648Z [EVENT] (serving: Hanna Chang)  game: 15-15
2026-02-26T20:06:15.957Z [ODDS] (serving: Hanna Chang)  Kylie Collins: 6/4 → 11/10, Hanna Chang: 1/2 → 4/6
2026-02-26T20:06:15.957Z [EVENT] (serving: Hanna Chang)  game: 30-15
2026-02-26T20:06:53.397Z [ODDS] (serving: Hanna Chang)  Kylie Collins: 11/10 → 10/11, Hanna Chang: 4/6 → 10/11
2026-02-26T20:06:53.397Z [EVENT] (serving: Hanna Chang)  game: 40-15
2026-02-26T20:07:22.259Z [ODDS] (serving: Hanna Chang)  Kylie Collins: 10/11 → 4/5, Hanna Chang: 10/11 → 19/20
2026-02-26T20:08:24.199Z [ODDS] (serving: Kylie Collins)  Kylie Collins: 21/20 → 7/10, Hanna Chang: 7/10 → 21/20
2026-02-26T20:08:24.199Z [EVENT] (serving: Kylie Collins)  sets: 6-3,3-6,2-0, game: 0-0, serving: P1
2026-02-26T20:10:17.403Z [ODDS] (serving: Kylie Collins)  Kylie Collins: 7/10 → 8/15, Hanna Chang: 21/20 → 11/8
2026-02-26T20:10:17.404Z [EVENT] (serving: Kylie Collins)  game: 15-0
2026-02-26T20:10:54.384Z [ODDS] (serving: Kylie Collins)  Kylie Collins: 8/15 → 4/9, Hanna Chang: 11/8 → 13/8
2026-02-26T20:10:54.384Z [EVENT] (serving: Kylie Collins)  game: 30-0
2026-02-26T20:11:45.801Z [ODDS] (serving: Kylie Collins)  Kylie Collins: 4/9 → 8/15, Hanna Chang: 13/8 → 11/8
2026-02-26T20:11:45.801Z [EVENT] (serving: Kylie Collins)  game: 30-15
2026-02-26T20:12:31.350Z [ODDS] (serving: Kylie Collins)  Kylie Collins: 8/15 → 2/5, Hanna Chang: 11/8 → 7/4
2026-02-26T20:12:31.350Z [EVENT] (serving: Kylie Collins)  game: 40-15
2026-02-26T20:13:27.294Z [ODDS] (serving: Kylie Collins)  Kylie Collins: 2/5 → 1/2, Hanna Chang: 7/4 → 6/4
2026-02-26T20:13:27.294Z [EVENT] (serving: Kylie Collins)  game: 40-30
2026-02-26T20:14:00.659Z [ODDS] (serving: Kylie Collins)  Kylie Collins: 1/2 → 8/15, Hanna Chang: 6/4 → 11/8
2026-02-26T20:14:21.396Z [ODDS] (serving: Kylie Collins)  Kylie Collins: 8/15 → 7/10, Hanna Chang: 11/8 → 21/20
2026-02-26T20:14:21.396Z [EVENT] (serving: Kylie Collins)  game: 40-40
2026-02-26T20:15:20.476Z [ODDS] (serving: Kylie Collins)  Kylie Collins: 7/10 → 19/20, Hanna Chang: 21/20 → 4/5
2026-02-26T20:15:20.476Z [EVENT] (serving: Kylie Collins)  game: 40-A
2026-02-26T20:15:59.273Z [ODDS] (serving: Hanna Chang)  Kylie Collins: 19/20 → 5/4, Hanna Chang: 4/5 → 4/7
2026-02-26T20:15:59.273Z [EVENT] (serving: Hanna Chang)  sets: 6-3,3-6,2-1, game: 0-0, serving: P2
2026-02-26T20:18:05.110Z [ODDS] (serving: Hanna Chang)  Kylie Collins: 5/4 → 13/8, Hanna Chang: 4/7 → 4/9
2026-02-26T20:18:05.110Z [EVENT] (serving: Hanna Chang)  game: 0-15
2026-02-26T20:18:56.069Z [ODDS] (serving: Hanna Chang)  Kylie Collins: 13/8 → 6/4, Hanna Chang: 4/9 → 1/2
2026-02-26T20:19:24.932Z [ODDS] (serving: Hanna Chang)  Kylie Collins: 6/4 → 6/5, Hanna Chang: 1/2 → 8/13
2026-02-26T20:19:24.932Z [EVENT] (serving: Hanna Chang)  game: 15-15
2026-02-26T20:20:12.285Z [ODDS] (serving: Hanna Chang)  Kylie Collins: 6/5 → 19/20, Hanna Chang: 8/13 → 4/5
2026-02-26T20:20:12.285Z [EVENT] (serving: Hanna Chang)  game: 30-15
2026-02-26T20:21:00.995Z [ODDS] (serving: Hanna Chang)  Kylie Collins: 19/20 → 6/5, Hanna Chang: 4/5 → 8/13
2026-02-26T20:21:00.995Z [EVENT] (serving: Hanna Chang)  game: 30-30
2026-02-26T20:21:28.059Z [ODDS] (serving: Hanna Chang)  Kylie Collins: 6/5 → 13/8, Hanna Chang: 8/13 → 4/9
2026-02-26T20:21:28.059Z [EVENT] (serving: Hanna Chang)  game: 30-40
2026-02-26T20:22:01.883Z [ODDS] (serving: Hanna Chang)  Kylie Collins: 13/8 → 6/4, Hanna Chang: 4/9 → 1/2
2026-02-26T20:22:18.568Z [ODDS] (serving: Hanna Chang)  Kylie Collins: 6/4 → 11/10, Hanna Chang: 1/2 → 4/6
2026-02-26T20:22:18.569Z [EVENT] (serving: Hanna Chang)  game: 40-40
2026-02-26T20:22:54.199Z [ODDS] (serving: Hanna Chang)  Kylie Collins: 11/10 → 21/20, Hanna Chang: 4/6 → 7/10
2026-02-26T20:23:30.278Z [ODDS] (serving: Hanna Chang)  Kylie Collins: 21/20 → 4/5, Hanna Chang: 7/10 → 19/20
2026-02-26T20:23:30.278Z [EVENT] (serving: Hanna Chang)  game: A-40
2026-02-26T20:24:09.967Z [ODDS] (serving: Hanna Chang)  Kylie Collins: 4/5 → 3/4, Hanna Chang: 19/20 → 1/1
2026-02-26T20:24:35.225Z [ODDS] (serving: Hanna Chang)  Kylie Collins: 3/4 → 11/10, Hanna Chang: 1/1 → 4/6
2026-02-26T20:24:35.225Z [EVENT] (serving: Hanna Chang)  game: 40-40
2026-02-26T20:25:29.323Z [ODDS] (serving: Hanna Chang)  Kylie Collins: 11/10 → 6/4, Hanna Chang: 4/6 → 1/2
2026-02-26T20:25:29.323Z [EVENT] (serving: Hanna Chang)  game: 40-A
2026-02-26T20:26:29.313Z [ODDS] (serving: Hanna Chang)  Kylie Collins: 6/4 → 11/10, Hanna Chang: 1/2 → 4/6
2026-02-26T20:26:29.313Z [EVENT] (serving: Hanna Chang)  game: 40-40
2026-02-26T20:27:25.239Z [ODDS] (serving: Hanna Chang)  Kylie Collins: 11/10 → 6/4, Hanna Chang: 4/6 → 1/2
2026-02-26T20:27:25.239Z [EVENT] (serving: Hanna Chang)  game: 40-A
2026-02-26T20:28:07.630Z [ODDS] (serving: Kylie Collins)  Kylie Collins: 6/4 → 2/1, Hanna Chang: 1/2 → 4/11
2026-02-26T20:28:07.630Z [EVENT] (serving: Kylie Collins)  sets: 6-3,3-6,2-2, game: 0-0, serving: P1
2026-02-26T20:29:04.006Z [ODDS] (serving: Kylie Collins)  Kylie Collins: 2/1 → 6/4, Hanna Chang: 4/11 → 1/2
2026-02-26T20:29:04.006Z [EVENT] (serving: Kylie Collins)  game: 15-0
2026-02-26T20:29:25.200Z [ODDS] (serving: Kylie Collins)  Kylie Collins: 6/4 → 13/8, Hanna Chang: 1/2 → 4/9
2026-02-26T20:29:51.366Z [ODDS] (serving: Kylie Collins)  Kylie Collins: 13/8 → 2/1, Hanna Chang: 4/9 → 4/11
2026-02-26T20:29:51.366Z [EVENT] (serving: Kylie Collins)  game: 15-15
2026-02-26T20:30:58.566Z [ODDS] (serving: Kylie Collins)  Kylie Collins: 2/1 → 6/4, Hanna Chang: 4/11 → 1/2
2026-02-26T20:30:58.566Z [EVENT] (serving: Kylie Collins)  game: 30-15
2026-02-26T20:31:37.349Z [ODDS] (serving: Kylie Collins)  Kylie Collins: 6/4 → 11/10, Hanna Chang: 1/2 → 4/6
2026-02-26T20:31:37.349Z [EVENT] (serving: Kylie Collins)  game: 40-15
2026-02-26T20:32:13.439Z [ODDS] (serving: Kylie Collins)  Kylie Collins: 11/10 → 6/5, Hanna Chang: 4/6 → 8/13
2026-02-26T20:32:39.586Z [ODDS] (serving: Hanna Chang)  Kylie Collins: 6/5 → 1/1, Hanna Chang: 8/13 → 3/4
2026-02-26T20:32:39.586Z [EVENT] (serving: Hanna Chang)  sets: 6-3,3-6,3-2, game: 0-0, serving: P2
2026-02-26T20:34:44.067Z [ODDS] (serving: Hanna Chang)  Kylie Collins: 1/1 → 6/5, Hanna Chang: 3/4 → 8/13
2026-02-26T20:34:44.067Z [EVENT] (serving: Hanna Chang)  game: 0-15
2026-02-26T20:35:46.765Z [ODDS] (serving: Hanna Chang)  Kylie Collins: 6/5 → 19/20, Hanna Chang: 8/13 → 4/5
2026-02-26T20:35:46.765Z [EVENT] (serving: Hanna Chang)  game: 15-15
2026-02-26T20:36:18.778Z [ODDS] (serving: Hanna Chang)  Kylie Collins: 19/20 → 6/5, Hanna Chang: 4/5 → 8/13
2026-02-26T20:36:18.778Z [EVENT] (serving: Hanna Chang)  game: 15-30
2026-02-26T20:36:58.015Z [ODDS] (serving: Hanna Chang)  Kylie Collins: 6/5 → 11/10, Hanna Chang: 8/13 → 4/6
2026-02-26T20:37:34.093Z [ODDS] (serving: Hanna Chang)  Kylie Collins: 11/10 → 6/4, Hanna Chang: 4/6 → 1/2
2026-02-26T20:37:34.093Z [EVENT] (serving: Hanna Chang)  game: 15-40
2026-02-26T20:38:34.224Z [ODDS] (serving: Hanna Chang)  Kylie Collins: 6/4 → 6/5, Hanna Chang: 1/2 → 8/13
2026-02-26T20:38:34.224Z [EVENT] (serving: Hanna Chang)  game: 30-40
2026-02-26T20:39:45.932Z [ODDS] (serving: Hanna Chang)  Kylie Collins: 6/5 → 19/20, Hanna Chang: 8/13 → 4/5
2026-02-26T20:39:45.932Z [EVENT] (serving: Hanna Chang)  game: 40-40
2026-02-26T20:40:29.682Z [ODDS] (serving: Hanna Chang)  Kylie Collins: 19/20 → 10/11, Hanna Chang: 4/5 → 10/11
2026-02-26T20:41:08.467Z [ODDS] (serving: Hanna Chang)  Kylie Collins: 10/11 → 6/5, Hanna Chang: 10/11 → 8/13
2026-02-26T20:41:08.467Z [EVENT] (serving: Hanna Chang)  game: 40-A
2026-02-26T20:41:53.126Z [ODDS] (serving: Hanna Chang)  Kylie Collins: 6/5 → 11/10, Hanna Chang: 8/13 → 4/6
2026-02-26T20:46:35.898Z [ODDS] (serving: Hanna Chang)  Kylie Collins: 11/10 → 6/5, Hanna Chang: 4/6 → 8/13
2026-02-26T20:48:10.706Z [ODDS] (serving: Hanna Chang)  Kylie Collins: 6/5 → 11/10, Hanna Chang: 8/13 → 4/6
2026-02-26T20:48:35.510Z [ODDS] (serving: Hanna Chang)  Kylie Collins: 11/10 → 10/11, Hanna Chang: 4/6 → 10/11
2026-02-26T20:48:35.510Z [EVENT] (serving: Hanna Chang)  game: 40-40
2026-02-26T20:49:14.772Z [ODDS] (serving: Hanna Chang)  Kylie Collins: 10/11 → 6/5, Hanna Chang: 10/11 → 8/13
2026-02-26T20:49:14.772Z [EVENT] (serving: Hanna Chang)  game: 40-A
2026-02-26T20:50:17.916Z [ODDS] (serving: Hanna Chang)  Kylie Collins: 11/10 → 10/11, Hanna Chang: 4/6 → 10/11
2026-02-26T20:50:17.916Z [EVENT] (serving: Hanna Chang)  game: 40-40
2026-02-26T20:50:47.678Z [ODDS] (serving: Hanna Chang)  Kylie Collins: 10/11 → 4/5, Hanna Chang: 10/11 → 19/20
2026-02-26T20:51:14.285Z [ODDS] (serving: Hanna Chang)  Kylie Collins: 4/5 → 6/5, Hanna Chang: 19/20 → 8/13
2026-02-26T20:51:14.286Z [EVENT] (serving: Hanna Chang)  game: 40-A
2026-02-26T20:51:59.386Z [ODDS] (serving: Kylie Collins)  Kylie Collins: 6/5 → 6/4, Hanna Chang: 8/13 → 1/2
2026-02-26T20:51:59.387Z [EVENT] (serving: Kylie Collins)  sets: 6-3,3-6,3-3, game: 0-0, serving: P1
2026-02-26T20:52:41.345Z [ODDS] (serving: Kylie Collins)  Kylie Collins: 6/4 → 13/8, Hanna Chang: 1/2 → 4/9
2026-02-26T20:53:06.601Z [ODDS] (serving: Kylie Collins)  Kylie Collins: 13/8 → 6/5, Hanna Chang: 4/9 → 8/13
2026-02-26T20:53:06.601Z [EVENT] (serving: Kylie Collins)  game: 15-0
2026-02-26T20:54:08.835Z [ODDS] (serving: Kylie Collins)  Kylie Collins: 6/5 → 19/20, Hanna Chang: 8/13 → 4/5
2026-02-26T20:54:08.835Z [EVENT] (serving: Kylie Collins)  game: 30-0
2026-02-26T20:55:23.710Z [ODDS] (serving: Kylie Collins)  Kylie Collins: 19/20 → 11/10, Hanna Chang: 4/5 → 4/6
2026-02-26T20:55:23.710Z [EVENT] (serving: Kylie Collins)  game: 30-15
2026-02-26T20:55:33.181Z [ODDS] (serving: Kylie Collins)  Kylie Collins: 11/10 → 6/5, Hanna Chang: 4/6 → 8/13
2026-02-26T20:56:17.381Z [ODDS] (serving: Kylie Collins)  Kylie Collins: 6/5 → 13/8, Hanna Chang: 8/13 → 4/9
2026-02-26T20:56:17.381Z [EVENT] (serving: Kylie Collins)  game: 30-30
2026-02-26T20:57:26.834Z [ODDS] (serving: Kylie Collins)  Kylie Collins: 13/8 → 5/2, Hanna Chang: 4/9 → 2/7
2026-02-26T20:57:26.834Z [EVENT] (serving: Kylie Collins)  game: 30-40
2026-02-26T20:58:00.213Z [ODDS] (serving: Kylie Collins)  Kylie Collins: 5/2 → 13/8, Hanna Chang: 2/7 → 4/9
2026-02-26T20:58:00.213Z [EVENT] (serving: Kylie Collins)  game: 40-40
2026-02-26T20:58:38.549Z [ODDS] (serving: Kylie Collins)  Kylie Collins: 13/8 → 5/2, Hanna Chang: 4/9 → 2/7
2026-02-26T20:58:38.549Z [EVENT] (serving: Kylie Collins)  game: 40-A
2026-02-26T20:59:07.420Z [ODDS] (serving: Kylie Collins)  Kylie Collins: 5/2 → 11/4, Hanna Chang: 2/7 → 1/4
2026-02-26T20:59:16.445Z [ODDS] (serving: Hanna Chang)  Kylie Collins: 11/4 → 7/2, Hanna Chang: 1/4 → 1/6
2026-02-26T20:59:16.445Z [EVENT] (serving: Hanna Chang)  sets: 6-3,3-6,3-4, game: 0-0, serving: P2
2026-02-26T21:01:56.090Z [ODDS] (serving: Hanna Chang)  Kylie Collins: 7/2 → 5/1, Hanna Chang: 1/6 → 1/9
2026-02-26T21:01:56.090Z [EVENT] (serving: Hanna Chang)  game: 0-15
2026-02-26T21:02:28.115Z [ODDS] (serving: Hanna Chang)  Kylie Collins: 5/1 → 13/2, Hanna Chang: 1/9 → 1/14
2026-02-26T21:02:28.115Z [EVENT] (serving: Hanna Chang)  game: 0-30
2026-02-26T21:02:57.436Z [ODDS] (serving: Hanna Chang)  Kylie Collins: 13/2 → 15/2, Hanna Chang: 1/14 → 1/18
2026-02-26T21:02:57.436Z [EVENT] (serving: Hanna Chang)  game: 0-40
2026-02-26T21:03:21.334Z [ODDS] (serving: Kylie Collins)  Kylie Collins: 15/2 → 9/1, Hanna Chang: 1/18 → 1/25
2026-02-26T21:03:21.334Z [EVENT] (serving: Kylie Collins)  sets: 6-3,3-6,3-5, game: 0-0, serving: P1
2026-02-26T21:04:13.203Z [ODDS] (serving: Kylie Collins)  Kylie Collins: 9/1 → 7/1, Hanna Chang: 1/25 → 1/16
2026-02-26T21:04:13.203Z [EVENT] (serving: Kylie Collins)  game: 15-0
2026-02-26T21:04:34.842Z [ODDS] (serving: Kylie Collins)  Kylie Collins: 7/1 → 6/1, Hanna Chang: 1/16 → 1/12
2026-02-26T21:04:34.842Z [EVENT] (serving: Kylie Collins)  game: 30-0
2026-02-26T21:05:02.373Z [ODDS] (serving: Kylie Collins)  Kylie Collins: 6/1 → 13/2, Hanna Chang: 1/12 → 1/14
2026-02-26T21:05:24.505Z [ODDS] (serving: Kylie Collins)  Kylie Collins: 13/2 → 11/2, Hanna Chang: 1/14 → 1/10
2026-02-26T21:05:24.506Z [EVENT] (serving: Kylie Collins)  game: 40-0
2026-02-26T21:05:51.967Z [EVENT] (serving: Hanna Chang)  sets: 6-3,3-6,4-5, game: 0-0, serving: P2
2026-02-26T21:07:38.857Z [ODDS] (serving: Hanna Chang)  Kylie Collins: 11/2 → 8/1, Hanna Chang: 1/10 → 1/20
2026-02-26T21:07:38.857Z [EVENT] (serving: Hanna Chang)  game: 0-15
2026-02-26T21:09:02.619Z [ODDS] (serving: Hanna Chang)  Kylie Collins: 8/1 → 7/1, Hanna Chang: 1/20 → 1/16
2026-02-26T21:09:18.831Z [ODDS] (serving: Hanna Chang)  Kylie Collins: 7/1 → 12/1, Hanna Chang: 1/16 → 1/50
2026-02-26T21:09:18.831Z [EVENT] (serving: Hanna Chang)  game: 0-30
2026-02-26T21:09:46.793Z [ODDS] (serving: Hanna Chang)  Kylie Collins: 12/1 → 11/1, Hanna Chang: 1/50 → 1/40
2026-02-26T21:10:02.576Z [ODDS] (serving: Hanna Chang)  Kylie Collins: 11/1 → 8/1, Hanna Chang: 1/40 → 1/20
2026-02-26T21:10:02.576Z [EVENT] (serving: Hanna Chang)  game: 15-30
2026-02-26T21:10:43.619Z [ODDS] (serving: Hanna Chang)  Kylie Collins: 8/1 → 7/1, Hanna Chang: 1/20 → 1/16
2026-02-26T21:11:02.128Z [ODDS] (serving: Hanna Chang)  Kylie Collins: 7/1 → 9/2, Hanna Chang: 1/16 → 1/8
2026-02-26T21:11:02.157Z [EVENT] (serving: Hanna Chang)  game: 30-30
2026-02-26T21:12:14.292Z [ODDS] (serving: Hanna Chang)  Kylie Collins: 9/2 → 11/4, Hanna Chang: 1/8 → 1/4
2026-02-26T21:12:14.292Z [EVENT] (serving: Hanna Chang)  game: 40-30
2026-02-26T21:12:20.625Z [ODDS] (serving: Hanna Chang)  Kylie Collins: 11/4 → 12/5, Hanna Chang: 1/4 → 3/10
2026-02-26T21:12:38.171Z [ODDS] (serving: Kylie Collins)  Kylie Collins: 12/5 → 5/4, Hanna Chang: 3/10 → 4/7
2026-02-26T21:12:38.171Z [EVENT] (serving: Kylie Collins)  sets: 6-3,3-6,5-5, game: 0-0, serving: P1
2026-02-26T21:13:16.515Z [ODDS] (serving: Kylie Collins)  Kylie Collins: 5/4 → 11/8, Hanna Chang: 4/7 → 8/15
2026-02-26T21:13:36.377Z [ODDS] (serving: Kylie Collins)  Kylie Collins: 11/8 → 2/1, Hanna Chang: 8/15 → 4/11
2026-02-26T21:13:36.377Z [EVENT] (serving: Kylie Collins)  game: 0-15
2026-02-26T21:13:58.030Z [ODDS] (serving: Kylie Collins)  Kylie Collins: 2/1 → 9/4, Hanna Chang: 4/11 → 1/3
2026-02-26T21:14:08.841Z [ODDS] (serving: Kylie Collins)  Kylie Collins: 9/4 → 3/1, Hanna Chang: 1/3 → 2/9
2026-02-26T21:14:08.842Z [EVENT] (serving: Kylie Collins)  game: 0-30
2026-02-26T21:15:01.171Z [ODDS] (serving: Kylie Collins)  Kylie Collins: 3/1 → 4/1, Hanna Chang: 2/9 → 1/7
2026-02-26T21:15:01.171Z [EVENT] (serving: Kylie Collins)  game: 0-40
2026-02-26T21:15:38.593Z [ODDS] (serving: Hanna Chang)  Kylie Collins: 4/1 → 5/1, Hanna Chang: 1/7 → 1/9
2026-02-26T21:15:38.593Z [EVENT] (serving: Hanna Chang)  sets: 6-3,3-6,5-6, game: 0-0, serving: P2
2026-02-26T21:17:25.916Z [ODDS] (serving: Hanna Chang)  Kylie Collins: 5/1 → 7/1, Hanna Chang: 1/9 → 1/16
2026-02-26T21:17:25.916Z [EVENT] (serving: Hanna Chang)  game: 0-15
2026-02-26T21:17:57.936Z [ODDS] (serving: Hanna Chang)  Kylie Collins: 7/1 → 13/2, Hanna Chang: 1/16 → 1/14
2026-02-26T21:18:17.359Z [ODDS] (serving: Hanna Chang)  Kylie Collins: 13/2 → 9/2, Hanna Chang: 1/14 → 1/8
2026-02-26T21:18:17.359Z [EVENT] (serving: Hanna Chang)  game: 15-15
2026-02-26T21:19:00.627Z [ODDS] (serving: Hanna Chang)  Kylie Collins: 9/2 → 3/1, Hanna Chang: 1/8 → 2/9
2026-02-26T21:19:00.627Z [EVENT] (serving: Hanna Chang)  game: 30-15
2026-02-26T21:19:29.943Z [ODDS] (serving: Hanna Chang)  Kylie Collins: 3/1 → 11/4, Hanna Chang: 2/9 → 1/4
2026-02-26T21:19:45.727Z [ODDS] (serving: Hanna Chang)  Kylie Collins: 11/4 → 9/2, Hanna Chang: 1/4 → 1/8
2026-02-26T21:19:45.727Z [EVENT] (serving: Hanna Chang)  game: 30-30
2026-02-26T21:20:39.082Z [ODDS] (serving: Hanna Chang)  Kylie Collins: 9/2 → 4/1, Hanna Chang: 1/8 → 1/7
2026-02-26T21:20:53.396Z [ODDS] (serving: Hanna Chang)  Kylie Collins: 4/1 → 5/2, Hanna Chang: 1/7 → 2/7
2026-02-26T21:20:53.396Z [EVENT] (serving: Hanna Chang)  game: 40-30
2026-02-26T21:21:51.110Z [ODDS] (serving: Hanna Chang)  Kylie Collins: 5/2 → 9/2, Hanna Chang: 2/7 → 1/8
2026-02-26T21:21:51.110Z [EVENT] (serving: Hanna Chang)  game: 40-40
2026-02-26T21:22:18.620Z [ODDS] (serving: Hanna Chang)  Kylie Collins: 9/2 → 8/1, Hanna Chang: 1/8 → 1/20
2026-02-26T21:22:18.621Z [EVENT] (serving: Hanna Chang)  game: 40-A
2026-02-26T21:22:49.291Z [ODDS] (serving: Hanna Chang)  Kylie Collins: 8/1 → 7/1, Hanna Chang: 1/20 → 1/16
2026-02-26T21:23:16.800Z [ODDS] (serving: Hanna Chang)  Kylie Collins: 7/1 → 4/1, Hanna Chang: 1/16 → 1/7
2026-02-26T21:23:16.800Z [EVENT] (serving: Hanna Chang)  game: 40-40
2026-02-26T21:24:49.275Z [ODDS] (serving: Hanna Chang)  Kylie Collins: 4/1 → 7/2, Hanna Chang: 1/7 → 1/6
2026-02-26T21:25:11.407Z [ODDS] (serving: Hanna Chang)  Kylie Collins: 7/2 → 8/1, Hanna Chang: 1/6 → 1/20
2026-02-26T21:25:11.408Z [EVENT] (serving: Hanna Chang)  game: 40-A
2026-02-26T21:25:51.074Z [ODDS] (serving: Hanna Chang)  Kylie Collins: 8/1 → 7/1, Hanna Chang: 1/20 → 1/16
2026-02-26T21:26:15.234Z [ODDS] (serving: Hanna Chang)  Kylie Collins: 7/1 → 0/0, Hanna Chang: 1/16 → 0/0
2026-02-26T21:26:15.284Z [EVENT] (serving: Hanna Chang)  sets: 6-3,3-6,5-7, game: 0-0
