2026-02-27T00:08:47.802Z [ODDS] (serving: Kirkov/Stevens)  Andreozzi/Guinard: 4/7 → 8/13, Kirkov/Stevens: 5/4 → 6/5
2026-02-27T00:08:47.802Z [EVENT] (serving: Kirkov/Stevens)  game: 0-15
2026-02-27T00:09:08.549Z [ODDS] (serving: Kirkov/Stevens)  Andreozzi/Guinard: 8/13 → 4/6, Kirkov/Stevens: 6/5 → 11/10
2026-02-27T00:09:08.549Z [EVENT] (serving: Kirkov/Stevens)  game: 0-30
2026-02-27T00:09:28.847Z [ODDS] (serving: Kirkov/Stevens)  Andreozzi/Guinard: 4/6 → 8/13, Kirkov/Stevens: 11/10 → 6/5
2026-02-27T00:09:42.373Z [ODDS] (serving: Kirkov/Stevens)  Andreozzi/Guinard: 8/13 → 4/6, Kirkov/Stevens: 6/5 → 11/10
2026-02-27T00:09:42.373Z [EVENT] (serving: Kirkov/Stevens)  game: 0-40
2026-02-27T00:10:05.379Z [EVENT] (serving: Andreozzi/Guinard)  sets: 0-1, game: 0-0, serving: P1
2026-02-27T00:11:33.320Z [ODDS] (serving: Andreozzi/Guinard)  Andreozzi/Guinard: 4/6 → 3/4, Kirkov/Stevens: 11/10 → 1/1
2026-02-27T00:11:33.320Z [EVENT] (serving: Andreozzi/Guinard)  game: 0-15
2026-02-27T00:12:01.287Z [ODDS] (serving: Andreozzi/Guinard)  Andreozzi/Guinard: 3/4 → 4/5, Kirkov/Stevens: 1/1 → 19/20
2026-02-27T00:12:01.287Z [EVENT] (serving: Andreozzi/Guinard)  game: 0-30
2026-02-27T00:12:25.637Z [ODDS] (serving: Andreozzi/Guinard)  Andreozzi/Guinard: 4/5 → 10/11, Kirkov/Stevens: 19/20 → 10/11
2026-02-27T00:12:37.815Z [ODDS] (serving: Andreozzi/Guinard)  Andreozzi/Guinard: 10/11 → 19/20, Kirkov/Stevens: 10/11 → 4/5
2026-02-27T00:12:37.815Z [EVENT] (serving: Andreozzi/Guinard)  game: 0-40
2026-02-27T00:13:08.483Z [ODDS] (serving: Kirkov/Stevens)  Andreozzi/Guinard: 19/20 → 21/20, Kirkov/Stevens: 4/5 → 7/10
2026-02-27T00:13:08.483Z [EVENT] (serving: Kirkov/Stevens)  sets: 0-2, game: 0-0, serving: P2
2026-02-27T00:13:47.720Z [ODDS] (serving: Kirkov/Stevens)  Andreozzi/Guinard: 21/20 → 11/10, Kirkov/Stevens: 7/10 → 4/6
2026-02-27T00:13:47.720Z [EVENT] (serving: Kirkov/Stevens)  game: 0-15
2026-02-27T00:14:13.880Z [ODDS] (serving: Kirkov/Stevens)  Andreozzi/Guinard: 11/10 → 1/1, Kirkov/Stevens: 4/6 → 3/4
2026-02-27T00:14:13.880Z [EVENT] (serving: Kirkov/Stevens)  game: 15-15
2026-02-27T00:14:39.136Z [ODDS] (serving: Kirkov/Stevens)  Andreozzi/Guinard: 1/1 → 11/10, Kirkov/Stevens: 3/4 → 4/6
2026-02-27T00:14:39.136Z [EVENT] (serving: Kirkov/Stevens)  game: 15-30
2026-02-27T00:15:01.686Z [ODDS] (serving: Kirkov/Stevens)  Andreozzi/Guinard: 11/10 → 6/5, Kirkov/Stevens: 4/6 → 8/13
2026-02-27T00:15:01.686Z [EVENT] (serving: Kirkov/Stevens)  game: 15-40
2026-02-27T00:15:25.589Z [ODDS] (serving: Kirkov/Stevens)  Andreozzi/Guinard: 6/5 → 21/20, Kirkov/Stevens: 8/13 → 7/10
2026-02-27T00:15:25.589Z [EVENT] (serving: Kirkov/Stevens)  game: 30-40
2026-02-27T00:15:48.590Z [ODDS] (serving: Kirkov/Stevens)  Andreozzi/Guinard: 21/20 → 1/1, Kirkov/Stevens: 7/10 → 3/4
2026-02-27T00:16:01.670Z [ODDS] (serving: Andreozzi/Guinard)  Andreozzi/Guinard: 1/1 → 6/5, Kirkov/Stevens: 3/4 → 8/13
2026-02-27T00:16:01.670Z [EVENT] (serving: Andreozzi/Guinard)  sets: 0-3, game: 0-0, serving: P1
2026-02-27T00:17:57.135Z [EVENT] (serving: Andreozzi/Guinard)  game: 0-15
2026-02-27T00:18:21.529Z [ODDS] (serving: Andreozzi/Guinard)  Andreozzi/Guinard: 6/5 → 5/4, Kirkov/Stevens: 8/13 → 4/7
2026-02-27T00:18:37.266Z [EVENT] (serving: Andreozzi/Guinard)  game: 0-30
2026-02-27T00:19:05.228Z [ODDS] (serving: Andreozzi/Guinard)  Andreozzi/Guinard: 5/4 → 11/8, Kirkov/Stevens: 4/7 → 8/15
2026-02-27T00:19:16.052Z [ODDS] (serving: Andreozzi/Guinard)  Andreozzi/Guinard: 11/8 → 5/4, Kirkov/Stevens: 8/15 → 4/7
2026-02-27T00:19:16.052Z [EVENT] (serving: Andreozzi/Guinard)  game: 15-30
2026-02-27T00:19:41.760Z [ODDS] (serving: Andreozzi/Guinard)  Andreozzi/Guinard: 5/4 → 11/8, Kirkov/Stevens: 4/7 → 8/15
2026-02-27T00:19:59.798Z [ODDS] (serving: Andreozzi/Guinard)  Andreozzi/Guinard: 11/8 → 6/5, Kirkov/Stevens: 8/15 → 8/13
2026-02-27T00:19:59.798Z [EVENT] (serving: Andreozzi/Guinard)  game: 30-30
2026-02-27T00:20:29.115Z [EVENT] (serving: Andreozzi/Guinard)  game: 40-30
2026-02-27T00:20:54.371Z [ODDS] (serving: Andreozzi/Guinard)  Andreozzi/Guinard: 6/5 → 5/4, Kirkov/Stevens: 8/13 → 4/7
2026-02-27T00:20:54.371Z [EVENT] (serving: Andreozzi/Guinard)  game: 40-40
2026-02-27T00:21:22.783Z [ODDS] (serving: Kirkov/Stevens)  Andreozzi/Guinard: 5/4 → 11/10, Kirkov/Stevens: 4/7 → 4/6
2026-02-27T00:21:22.783Z [EVENT] (serving: Kirkov/Stevens)  sets: 1-3, game: 0-0, serving: P2
2026-02-27T00:22:00.227Z [ODDS] (serving: Kirkov/Stevens)  Andreozzi/Guinard: 11/10 → 6/5, Kirkov/Stevens: 4/6 → 8/13
2026-02-27T00:22:00.227Z [EVENT] (serving: Kirkov/Stevens)  game: 0-15
2026-02-27T00:22:36.297Z [ODDS] (serving: Kirkov/Stevens)  Andreozzi/Guinard: 6/5 → 5/4, Kirkov/Stevens: 8/13 → 4/7
2026-02-27T00:22:36.297Z [EVENT] (serving: Kirkov/Stevens)  game: 0-30
2026-02-27T00:23:02.021Z [ODDS] (serving: Kirkov/Stevens)  Andreozzi/Guinard: 5/4 → 11/8, Kirkov/Stevens: 4/7 → 8/15
2026-02-27T00:23:02.021Z [EVENT] (serving: Kirkov/Stevens)  game: 0-40
2026-02-27T00:23:35.829Z [EVENT] (serving: Andreozzi/Guinard)  sets: 1-4, game: 0-0, serving: P1
2026-02-27T00:25:21.900Z [ODDS] (serving: Andreozzi/Guinard)  Andreozzi/Guinard: 11/8 → 6/4, Kirkov/Stevens: 8/15 → 1/2
2026-02-27T00:25:21.900Z [EVENT] (serving: Andreozzi/Guinard)  game: 15-0
2026-02-27T00:25:57.023Z [ODDS] (serving: Andreozzi/Guinard)  Andreozzi/Guinard: 6/4 → 11/8, Kirkov/Stevens: 1/2 → 8/15
2026-02-27T00:25:57.023Z [EVENT] (serving: Andreozzi/Guinard)  game: 30-0
2026-02-27T00:26:42.544Z [ODDS] (serving: Andreozzi/Guinard)  Andreozzi/Guinard: 11/8 → 6/4, Kirkov/Stevens: 8/15 → 1/2
2026-02-27T00:26:42.544Z [EVENT] (serving: Andreozzi/Guinard)  game: 30-15
2026-02-27T00:27:26.748Z [EVENT] (serving: Andreozzi/Guinard)  game: 30-30
2026-02-27T00:27:53.356Z [EVENT] (serving: Andreozzi/Guinard)  game: 40-30
2026-02-27T00:28:35.336Z [ODDS] (serving: Andreozzi/Guinard)  Andreozzi/Guinard: 6/4 → 13/8, Kirkov/Stevens: 1/2 → 4/9
2026-02-27T00:28:35.336Z [EVENT] (serving: Andreozzi/Guinard)  game: 40-40
2026-02-27T00:29:22.203Z [ODDS] (serving: Kirkov/Stevens)  Andreozzi/Guinard: 13/8 → 2/1, Kirkov/Stevens: 4/9 → 4/11
2026-02-27T00:29:22.203Z [EVENT] (serving: Kirkov/Stevens)  sets: 1-5, game: 0-0, serving: P2
2026-02-27T00:30:11.897Z [EVENT] (serving: Kirkov/Stevens)  game: 0-15
2026-02-27T00:30:34.362Z [EVENT] (serving: Kirkov/Stevens)  game: 15-15
2026-02-27T00:31:23.532Z [EVENT] (serving: Kirkov/Stevens)  game: 15-30
2026-02-27T00:31:56.964Z [ODDS] (serving: Kirkov/Stevens)  Andreozzi/Guinard: 2/1 → 7/4, Kirkov/Stevens: 4/11 → 2/5
2026-02-27T00:31:56.964Z [EVENT] (serving: Kirkov/Stevens)  game: 30-30
2026-02-27T00:32:32.078Z [EVENT] (serving: Kirkov/Stevens)  game: 40-30
2026-02-27T00:32:57.335Z [EVENT] (serving: Kirkov/Stevens)  game: 40-40
2026-02-27T00:33:20.423Z [ODDS] (serving: Andreozzi/Guinard)  Andreozzi/Guinard: 7/4 → 9/4, Kirkov/Stevens: 2/5 → 1/3
2026-02-27T00:33:20.423Z [EVENT] (serving: Andreozzi/Guinard)  sets: 1-6,0-0, game: 0-0, serving: P1
2026-02-27T00:36:00.986Z [ODDS] (serving: Andreozzi/Guinard)  Andreozzi/Guinard: 9/4 → 12/5, Kirkov/Stevens: 1/3 → 3/10
2026-02-27T00:36:00.987Z [EVENT] (serving: Andreozzi/Guinard)  game: 0-15
2026-02-27T00:36:27.957Z [ODDS] (serving: Andreozzi/Guinard)  Andreozzi/Guinard: 12/5 → 9/4, Kirkov/Stevens: 3/10 → 1/3
2026-02-27T00:36:27.957Z [EVENT] (serving: Andreozzi/Guinard)  game: 15-15
2026-02-27T00:36:51.860Z [ODDS] (serving: Andreozzi/Guinard)  Andreozzi/Guinard: 9/4 → 2/1, Kirkov/Stevens: 1/3 → 4/11
2026-02-27T00:36:51.860Z [EVENT] (serving: Andreozzi/Guinard)  game: 30-15
2026-02-27T00:37:14.410Z [ODDS] (serving: Andreozzi/Guinard)  Andreozzi/Guinard: 2/1 → 9/4, Kirkov/Stevens: 4/11 → 1/3
2026-02-27T00:37:27.106Z [ODDS] (serving: Andreozzi/Guinard)  Andreozzi/Guinard: 9/4 → 12/5, Kirkov/Stevens: 1/3 → 3/10
2026-02-27T00:37:27.106Z [EVENT] (serving: Andreozzi/Guinard)  game: 30-30
2026-02-27T00:37:52.298Z [ODDS] (serving: Andreozzi/Guinard)  Andreozzi/Guinard: 12/5 → 5/2, Kirkov/Stevens: 3/10 → 2/7
2026-02-27T00:38:08.990Z [ODDS] (serving: Andreozzi/Guinard)  Andreozzi/Guinard: 5/2 → 11/4, Kirkov/Stevens: 2/7 → 1/4
2026-02-27T00:38:08.990Z [EVENT] (serving: Andreozzi/Guinard)  game: 30-40
2026-02-27T00:38:41.142Z [ODDS] (serving: Kirkov/Stevens)  Andreozzi/Guinard: 11/4 → 9/2, Kirkov/Stevens: 1/4 → 1/7
2026-02-27T00:38:41.142Z [EVENT] (serving: Kirkov/Stevens)  sets: 1-6,0-1, game: 0-0, serving: P2
2026-02-27T00:39:38.326Z [ODDS] (serving: Kirkov/Stevens)  Andreozzi/Guinard: 9/2 → 5/1, Kirkov/Stevens: 1/7 → 1/8
2026-02-27T00:39:38.326Z [EVENT] (serving: Kirkov/Stevens)  game: 0-15
2026-02-27T00:40:05.009Z [ODDS] (serving: Kirkov/Stevens)  Andreozzi/Guinard: 5/1 → 4/1, Kirkov/Stevens: 1/8 → 1/6
2026-02-27T00:40:05.009Z [EVENT] (serving: Kirkov/Stevens)  game: 15-15
2026-02-27T00:40:27.128Z [ODDS] (serving: Kirkov/Stevens)  Andreozzi/Guinard: 4/1 → 7/2, Kirkov/Stevens: 1/6 → 2/11
2026-02-27T00:40:40.567Z [ODDS] (serving: Kirkov/Stevens)  Andreozzi/Guinard: 7/2 → 9/2, Kirkov/Stevens: 2/11 → 1/7
2026-02-27T00:40:40.567Z [EVENT] (serving: Kirkov/Stevens)  game: 15-30
2026-02-27T00:41:06.728Z [ODDS] (serving: Kirkov/Stevens)  Andreozzi/Guinard: 9/2 → 5/1, Kirkov/Stevens: 1/7 → 1/8
2026-02-27T00:41:06.728Z [EVENT] (serving: Kirkov/Stevens)  game: 15-40
2026-02-27T00:41:42.357Z [ODDS] (serving: Andreozzi/Guinard)  Andreozzi/Guinard: 5/1 → 11/2, Kirkov/Stevens: 1/8 → 1/9
2026-02-27T00:41:42.357Z [EVENT] (serving: Andreozzi/Guinard)  sets: 1-6,0-2, game: 0-0, serving: P1
2026-02-27T00:42:23.046Z [ODDS] (serving: Andreozzi/Guinard)  Andreozzi/Guinard: 11/2 → 6/1, Kirkov/Stevens: 1/9 → 1/10
2026-02-27T00:42:33.319Z [ODDS] (serving: Andreozzi/Guinard)  Andreozzi/Guinard: 6/1 → 5/1, Kirkov/Stevens: 1/10 → 1/8
2026-02-27T00:42:33.319Z [EVENT] (serving: Andreozzi/Guinard)  game: 15-0
2026-02-27T00:43:03.087Z [ODDS] (serving: Andreozzi/Guinard)  Andreozzi/Guinard: 5/1 → 11/2, Kirkov/Stevens: 1/8 → 1/9
2026-02-27T00:43:16.616Z [EVENT] (serving: Andreozzi/Guinard)  game: 15-15
2026-02-27T00:43:46.385Z [ODDS] (serving: Andreozzi/Guinard)  Andreozzi/Guinard: 11/2 → 6/1, Kirkov/Stevens: 1/9 → 1/10
2026-02-27T00:44:00.366Z [ODDS] (serving: Andreozzi/Guinard)  Andreozzi/Guinard: 6/1 → 7/1, Kirkov/Stevens: 1/10 → 1/12
2026-02-27T00:44:00.366Z [EVENT] (serving: Andreozzi/Guinard)  game: 15-30
2026-02-27T00:44:31.487Z [ODDS] (serving: Andreozzi/Guinard)  Andreozzi/Guinard: 7/1 → 10/1, Kirkov/Stevens: 1/12 → 1/20
2026-02-27T00:44:31.487Z [EVENT] (serving: Andreozzi/Guinard)  game: 15-40
2026-02-27T00:45:19.792Z [ODDS] (serving: Kirkov/Stevens)  Andreozzi/Guinard: 10/1 → 14/1, Kirkov/Stevens: 1/20 → 1/33
2026-02-27T00:45:19.792Z [EVENT] (serving: Kirkov/Stevens)  sets: 1-6,0-3, game: 0-0, serving: P2
2026-02-27T00:47:15.651Z [ODDS] (serving: Kirkov/Stevens)  Andreozzi/Guinard: 14/1 → 16/1, Kirkov/Stevens: 1/33 → 1/40
2026-02-27T00:47:15.652Z [EVENT] (serving: Kirkov/Stevens)  game: 0-15
2026-02-27T00:47:55.443Z [ODDS] (serving: Kirkov/Stevens)  Andreozzi/Guinard: 16/1 → 14/1, Kirkov/Stevens: 1/40 → 1/33
2026-02-27T00:47:55.443Z [EVENT] (serving: Kirkov/Stevens)  game: 15-15
2026-02-27T00:48:15.635Z [ODDS] (serving: Kirkov/Stevens)  Andreozzi/Guinard: 14/1 → 12/1, Kirkov/Stevens: 1/33 → 1/25
2026-02-27T00:48:34.578Z [ODDS] (serving: Kirkov/Stevens)  Andreozzi/Guinard: 12/1 → 16/1, Kirkov/Stevens: 1/25 → 1/40
2026-02-27T00:48:34.578Z [EVENT] (serving: Kirkov/Stevens)  game: 15-30
2026-02-27T00:49:02.990Z [ODDS] (serving: Kirkov/Stevens)  Andreozzi/Guinard: 16/1 → 18/1, Kirkov/Stevens: 1/40 → 1/50
2026-02-27T00:49:02.990Z [EVENT] (serving: Kirkov/Stevens)  game: 15-40
2026-02-27T00:49:34.158Z [ODDS] (serving: Kirkov/Stevens)  Andreozzi/Guinard: 18/1 → 16/1, Kirkov/Stevens: 1/50 → 1/40
2026-02-27T00:49:34.158Z [EVENT] (serving: Kirkov/Stevens)  game: 30-40
2026-02-27T00:50:00.719Z [ODDS] (serving: Kirkov/Stevens)  Andreozzi/Guinard: 16/1 → 12/1, Kirkov/Stevens: 1/40 → 1/25
2026-02-27T00:50:00.719Z [EVENT] (serving: Kirkov/Stevens)  game: 40-40
2026-02-27T00:50:24.641Z [ODDS] (serving: Kirkov/Stevens)  Andreozzi/Guinard: 12/1 → 10/1, Kirkov/Stevens: 1/25 → 1/20
2026-02-27T00:50:43.567Z [ODDS] (serving: Andreozzi/Guinard)  Andreozzi/Guinard: 10/1 → 20/1, Kirkov/Stevens: 1/20 → 1/66
2026-02-27T00:50:43.567Z [EVENT] (serving: Andreozzi/Guinard)  sets: 1-6,0-4, game: 0-0, serving: P1
2026-02-27T00:51:18.300Z [ODDS] (serving: Andreozzi/Guinard)  Andreozzi/Guinard: 20/1 → 22/1, Kirkov/Stevens: 1/66 → 1/80
2026-02-27T00:51:18.300Z [EVENT] (serving: Andreozzi/Guinard)  game: 0-15
2026-02-27T00:51:37.695Z [ODDS] (serving: Andreozzi/Guinard)  Andreozzi/Guinard: 22/1 → 20/1, Kirkov/Stevens: 1/80 → 1/66
2026-02-27T00:51:37.695Z [EVENT] (serving: Andreozzi/Guinard)  game: 15-15
2026-02-27T00:51:53.020Z [ODDS] (serving: Andreozzi/Guinard)  Andreozzi/Guinard: 20/1 → 22/1, Kirkov/Stevens: 1/66 → 1/80
2026-02-27T00:51:56.634Z [ODDS] (serving: Andreozzi/Guinard)  Andreozzi/Guinard: 22/1 → 25/1, Kirkov/Stevens: 1/80 → 1/100
2026-02-27T00:52:10.627Z [ODDS] (serving: Andreozzi/Guinard)  Andreozzi/Guinard: 25/1 → 28/1, Kirkov/Stevens: 1/100 → 1/150
2026-02-27T00:52:10.627Z [EVENT] (serving: Andreozzi/Guinard)  game: 15-30
2026-02-27T00:52:32.711Z [ODDS] (serving: Andreozzi/Guinard)  Andreozzi/Guinard: 28/1 → 33/1, Kirkov/Stevens: 1/150 → 1/200
2026-02-27T00:52:46.243Z [ODDS] (serving: Andreozzi/Guinard)  Andreozzi/Guinard: 33/1 → 25/1, Kirkov/Stevens: 1/200 → 1/100
2026-02-27T00:52:46.243Z [EVENT] (serving: Andreozzi/Guinard)  game: 30-30
2026-02-27T00:53:09.693Z [ODDS] (serving: Andreozzi/Guinard)  Andreozzi/Guinard: 25/1 → 22/1, Kirkov/Stevens: 1/100 → 1/80
2026-02-27T00:53:09.693Z [EVENT] (serving: Andreozzi/Guinard)  game: 40-30
2026-02-27T00:53:26.380Z [ODDS] (serving: Andreozzi/Guinard)  Andreozzi/Guinard: 22/1 → 25/1, Kirkov/Stevens: 1/80 → 1/100
2026-02-27T00:53:44.873Z [EVENT] (serving: Andreozzi/Guinard)  game: 40-40
2026-02-27T00:54:09.227Z [ODDS] (serving: Kirkov/Stevens)  Andreozzi/Guinard: 25/1 → 100/1, Kirkov/Stevens: 1/100 → 1/1000
2026-02-27T00:54:09.227Z [EVENT] (serving: Kirkov/Stevens)  sets: 1-6,0-5, game: 0-0, serving: P2
2026-02-27T00:55:22.743Z [ODDS] (serving: Kirkov/Stevens)  Andreozzi/Guinard: 100/1 → 66/1, Kirkov/Stevens: 1/1000 → 1/750
2026-02-27T00:55:38.528Z [ODDS] (serving: Kirkov/Stevens)  Andreozzi/Guinard: 66/1 → 100/1, Kirkov/Stevens: 1/750 → 1/1000
2026-02-27T00:55:38.528Z [EVENT] (serving: Kirkov/Stevens)  game: 0-15
2026-02-27T00:57:06.472Z [EVENT] (serving: Kirkov/Stevens)  game: 15-15
2026-02-27T00:57:33.532Z [EVENT] (serving: Kirkov/Stevens)  game: 15-30
2026-02-27T00:58:10.517Z [ODDS] (serving: Kirkov/Stevens)  Andreozzi/Guinard: 100/1 → 0/0
2026-02-27T00:58:10.517Z [EVENT] (serving: Kirkov/Stevens)  game: 15-40
2026-02-27T00:58:35.320Z [ODDS] (serving: Kirkov/Stevens)  Kirkov/Stevens: 1/1000 → 0/0
2026-02-27T00:58:35.320Z [EVENT] (serving: Kirkov/Stevens)  sets: 1-6,0-6, game: 0-0
