2026-02-27T00:08:32.468Z [ODDS] (serving: Anastasia Kulikova)  Lizette Cabrera: 8/13 → 4/6, Anastasia Kulikova: 6/5 → 11/10
2026-02-27T00:08:32.468Z [EVENT] (serving: Anastasia Kulikova)  game: 0-15
2026-02-27T00:09:23.430Z [ODDS] (serving: Anastasia Kulikova)  Lizette Cabrera: 4/6 → 7/10, Anastasia Kulikova: 11/10 → 21/20
2026-02-27T00:09:23.430Z [EVENT] (serving: Anastasia Kulikova)  game: 0-30
2026-02-27T00:10:00.866Z [ODDS] (serving: Anastasia Kulikova)  Lizette Cabrera: 7/10 → 3/4, Anastasia Kulikova: 21/20 → 1/1
2026-02-27T00:10:00.866Z [EVENT] (serving: Anastasia Kulikova)  game: 0-40
2026-02-27T00:10:54.084Z [ODDS] (serving: Anastasia Kulikova)  Lizette Cabrera: 3/4 → 7/10, Anastasia Kulikova: 1/1 → 21/20
2026-02-27T00:10:54.084Z [EVENT] (serving: Anastasia Kulikova)  game: 15-40
2026-02-27T00:11:36.026Z [ODDS] (serving: Anastasia Kulikova)  Lizette Cabrera: 7/10 → 4/6, Anastasia Kulikova: 21/20 → 11/10
2026-02-27T00:11:36.026Z [EVENT] (serving: Anastasia Kulikova)  game: 30-40
2026-02-27T00:12:22.029Z [ODDS] (serving: Anastasia Kulikova)  Lizette Cabrera: 4/6 → 4/7, Anastasia Kulikova: 11/10 → 5/4
2026-02-27T00:12:22.029Z [EVENT] (serving: Anastasia Kulikova)  game: 40-40
2026-02-27T00:12:57.658Z [ODDS] (serving: Anastasia Kulikova)  Lizette Cabrera: 4/7 → 4/6, Anastasia Kulikova: 5/4 → 11/10
2026-02-27T00:12:57.658Z [EVENT] (serving: Anastasia Kulikova)  game: 40-A
2026-02-27T00:13:49.974Z [ODDS] (serving: Anastasia Kulikova)  Lizette Cabrera: 4/6 → 4/7, Anastasia Kulikova: 11/10 → 5/4
2026-02-27T00:13:49.974Z [EVENT] (serving: Anastasia Kulikova)  game: 40-40
2026-02-27T00:14:40.038Z [ODDS] (serving: Anastasia Kulikova)  Lizette Cabrera: 4/7 → 1/2, Anastasia Kulikova: 5/4 → 6/4
2026-02-27T00:14:40.038Z [EVENT] (serving: Anastasia Kulikova)  game: A-40
2026-02-27T00:15:07.100Z [ODDS] (serving: Lizette Cabrera)  Lizette Cabrera: 1/2 → 4/9, Anastasia Kulikova: 6/4 → 13/8
2026-02-27T00:15:07.100Z [EVENT] (serving: Lizette Cabrera)  sets: 1-0, game: 0-0, serving: P1
2026-02-27T00:16:30.532Z [ODDS] (serving: Lizette Cabrera)  Lizette Cabrera: 4/9 → 2/5, Anastasia Kulikova: 13/8 → 7/4
2026-02-27T00:16:30.532Z [EVENT] (serving: Lizette Cabrera)  game: 15-0
2026-02-27T00:16:59.397Z [ODDS] (serving: Lizette Cabrera)  Lizette Cabrera: 2/5 → 4/11, Anastasia Kulikova: 7/4 → 2/1
2026-02-27T00:16:59.397Z [EVENT] (serving: Lizette Cabrera)  game: 30-0
2026-02-27T00:17:26.910Z [ODDS] (serving: Lizette Cabrera)  Lizette Cabrera: 4/11 → 2/5, Anastasia Kulikova: 2/1 → 7/4
2026-02-27T00:17:26.910Z [EVENT] (serving: Lizette Cabrera)  game: 30-15
2026-02-27T00:18:02.988Z [ODDS] (serving: Lizette Cabrera)  Lizette Cabrera: 2/5 → 4/11, Anastasia Kulikova: 7/4 → 2/1
2026-02-27T00:18:02.988Z [EVENT] (serving: Lizette Cabrera)  game: 40-15
2026-02-27T00:18:37.718Z [ODDS] (serving: Anastasia Kulikova)  Lizette Cabrera: 4/11 → 1/3, Anastasia Kulikova: 2/1 → 9/4
2026-02-27T00:18:37.718Z [EVENT] (serving: Anastasia Kulikova)  sets: 2-0, game: 0-0, serving: P2
2026-02-27T00:19:11.542Z [ODDS] (serving: Anastasia Kulikova)  Lizette Cabrera: 1/3 → 4/11, Anastasia Kulikova: 9/4 → 2/1
2026-02-27T00:19:11.542Z [EVENT] (serving: Anastasia Kulikova)  game: 0-15
2026-02-27T00:19:36.347Z [ODDS] (serving: Anastasia Kulikova)  Lizette Cabrera: 4/11 → 1/3, Anastasia Kulikova: 2/1 → 9/4
2026-02-27T00:19:36.347Z [EVENT] (serving: Anastasia Kulikova)  game: 15-15
2026-02-27T00:20:01.152Z [ODDS] (serving: Anastasia Kulikova)  Lizette Cabrera: 1/3 → 4/11, Anastasia Kulikova: 9/4 → 2/1
2026-02-27T00:20:01.152Z [EVENT] (serving: Anastasia Kulikova)  game: 15-30
2026-02-27T00:20:54.839Z [ODDS] (serving: Anastasia Kulikova)  Lizette Cabrera: 4/11 → 1/3, Anastasia Kulikova: 2/1 → 9/4
2026-02-27T00:20:54.839Z [EVENT] (serving: Anastasia Kulikova)  game: 30-30
2026-02-27T00:21:30.909Z [ODDS] (serving: Anastasia Kulikova)  Lizette Cabrera: 1/3 → 4/11, Anastasia Kulikova: 9/4 → 2/1
2026-02-27T00:21:30.909Z [EVENT] (serving: Anastasia Kulikova)  game: 30-40
2026-02-27T00:21:57.961Z [ODDS] (serving: Anastasia Kulikova)  Lizette Cabrera: 4/11 → 1/3, Anastasia Kulikova: 2/1 → 9/4
2026-02-27T00:21:57.961Z [EVENT] (serving: Anastasia Kulikova)  game: 40-40
2026-02-27T00:22:13.295Z [ODDS] (serving: Anastasia Kulikova)  Lizette Cabrera: 1/3 → 3/10, Anastasia Kulikova: 9/4 → 12/5
2026-02-27T00:22:30.886Z [ODDS] (serving: Anastasia Kulikova)  Lizette Cabrera: 3/10 → 2/7, Anastasia Kulikova: 12/5 → 5/2
2026-02-27T00:22:30.886Z [EVENT] (serving: Anastasia Kulikova)  game: A-40
2026-02-27T00:23:13.796Z [ODDS] (serving: Lizette Cabrera)  Lizette Cabrera: 2/7 → 1/4, Anastasia Kulikova: 5/2 → 11/4
2026-02-27T00:23:13.796Z [EVENT] (serving: Lizette Cabrera)  sets: 3-0, game: 0-0, serving: P1
2026-02-27T00:25:17.757Z [EVENT] (serving: Lizette Cabrera)  game: 0-15
2026-02-27T00:25:47.985Z [EVENT] (serving: Lizette Cabrera)  game: 15-15
2026-02-27T00:26:22.726Z [EVENT] (serving: Lizette Cabrera)  game: 15-30
2026-02-27T00:26:47.059Z [EVENT] (serving: Lizette Cabrera)  game: 30-30
2026-02-27T00:27:26.748Z [ODDS] (serving: Lizette Cabrera)  Lizette Cabrera: 1/4 → 2/9, Anastasia Kulikova: 11/4 → 3/1
2026-02-27T00:27:26.748Z [EVENT] (serving: Lizette Cabrera)  game: 40-30
2026-02-27T00:27:56.964Z [ODDS] (serving: Anastasia Kulikova)  Lizette Cabrera: 2/9 → 1/5, Anastasia Kulikova: 3/1 → 10/3
2026-02-27T00:27:56.964Z [EVENT] (serving: Anastasia Kulikova)  sets: 4-0, game: 0-0, serving: P2
2026-02-27T00:28:27.656Z [ODDS] (serving: Anastasia Kulikova)  Lizette Cabrera: 1/5 → 1/6, Anastasia Kulikova: 10/3 → 7/2
2026-02-27T00:28:27.656Z [EVENT] (serving: Anastasia Kulikova)  game: 15-0
2026-02-27T00:28:50.184Z [ODDS] (serving: Anastasia Kulikova)  Lizette Cabrera: 1/6 → 1/5, Anastasia Kulikova: 7/2 → 10/3
2026-02-27T00:28:50.184Z [EVENT] (serving: Anastasia Kulikova)  game: 15-15
2026-02-27T00:29:22.203Z [EVENT] (serving: Anastasia Kulikova)  game: 15-30
2026-02-27T00:29:53.773Z [EVENT] (serving: Anastasia Kulikova)  game: 15-40
2026-02-27T00:30:30.844Z [EVENT] (serving: Anastasia Kulikova)  game: 30-40
2026-02-27T00:31:08.192Z [ODDS] (serving: Anastasia Kulikova)  Lizette Cabrera: 1/5 → 1/6, Anastasia Kulikova: 10/3 → 7/2
2026-02-27T00:31:08.192Z [EVENT] (serving: Anastasia Kulikova)  game: 40-40
2026-02-27T00:31:33.926Z [ODDS] (serving: Anastasia Kulikova)  Lizette Cabrera: 1/6 → 1/5, Anastasia Kulikova: 7/2 → 10/3
2026-02-27T00:31:33.926Z [EVENT] (serving: Anastasia Kulikova)  game: 40-A
2026-02-27T00:32:06.912Z [EVENT] (serving: Lizette Cabrera)  sets: 4-1, game: 0-0, serving: P1
2026-02-27T00:34:00.475Z [EVENT] (serving: Lizette Cabrera)  game: 15-0
2026-02-27T00:34:24.936Z [ODDS] (serving: Lizette Cabrera)  Lizette Cabrera: 1/5 → 1/6, Anastasia Kulikova: 10/3 → 7/2
2026-02-27T00:34:24.936Z [EVENT] (serving: Lizette Cabrera)  game: 30-0
2026-02-27T00:34:52.343Z [ODDS] (serving: Lizette Cabrera)  Lizette Cabrera: 1/6 → 1/5, Anastasia Kulikova: 7/2 → 10/3
2026-02-27T00:34:52.343Z [EVENT] (serving: Lizette Cabrera)  game: 30-15
2026-02-27T00:35:31.582Z [ODDS] (serving: Lizette Cabrera)  Lizette Cabrera: 1/5 → 1/6, Anastasia Kulikova: 10/3 → 7/2
2026-02-27T00:35:31.582Z [EVENT] (serving: Lizette Cabrera)  game: 40-15
2026-02-27T00:36:08.121Z [EVENT] (serving: Anastasia Kulikova)  sets: 5-1, game: 0-0, serving: P2
2026-02-27T00:36:38.875Z [ODDS] (serving: Anastasia Kulikova)  Lizette Cabrera: 1/6 → 1/7, Anastasia Kulikova: 7/2 → 4/1
2026-02-27T00:36:38.875Z [EVENT] (serving: Anastasia Kulikova)  game: 15-0
2026-02-27T00:37:09.087Z [ODDS] (serving: Anastasia Kulikova)  Lizette Cabrera: 1/7 → 1/8, Anastasia Kulikova: 4/1 → 9/2
2026-02-27T00:37:09.087Z [EVENT] (serving: Anastasia Kulikova)  game: 30-0
2026-02-27T00:37:33.864Z [ODDS] (serving: Anastasia Kulikova)  Lizette Cabrera: 1/8 → 1/9, Anastasia Kulikova: 9/2 → 5/1
2026-02-27T00:37:33.864Z [EVENT] (serving: Anastasia Kulikova)  game: 40-0
2026-02-27T00:38:13.596Z [ODDS] (serving: Anastasia Kulikova)  Lizette Cabrera: 1/9 → 1/8, Anastasia Kulikova: 5/1 → 9/2
2026-02-27T00:38:13.597Z [EVENT] (serving: Anastasia Kulikova)  game: 40-15
2026-02-27T00:38:43.303Z [ODDS] (serving: Anastasia Kulikova)  Lizette Cabrera: 1/8 → 1/7, Anastasia Kulikova: 9/2 → 4/1
2026-02-27T00:38:43.304Z [EVENT] (serving: Anastasia Kulikova)  game: 40-30
2026-02-27T00:39:22.994Z [ODDS] (serving: Anastasia Kulikova)  Lizette Cabrera: 1/7 → 1/6, Anastasia Kulikova: 4/1 → 7/2
2026-02-27T00:39:22.994Z [EVENT] (serving: Anastasia Kulikova)  game: 40-40
2026-02-27T00:39:50.980Z [EVENT] (serving: Anastasia Kulikova)  game: 40-A
2026-02-27T00:40:20.779Z [EVENT] (serving: Lizette Cabrera)  sets: 5-2, game: 0-0, serving: P1
2026-02-27T00:42:25.299Z [EVENT] (serving: Lizette Cabrera)  game: 15-0
2026-02-27T00:42:56.321Z [ODDS] (serving: Lizette Cabrera)  Lizette Cabrera: 1/6 → 1/7, Anastasia Kulikova: 7/2 → 4/1
2026-02-27T00:42:56.321Z [EVENT] (serving: Lizette Cabrera)  game: 30-0
2026-02-27T00:43:39.178Z [ODDS] (serving: Lizette Cabrera)  Lizette Cabrera: 1/7 → 1/8, Anastasia Kulikova: 4/1 → 9/2
2026-02-27T00:43:39.178Z [EVENT] (serving: Lizette Cabrera)  game: 40-0
2026-02-27T00:43:50.498Z [ODDS] (serving: Anastasia Kulikova)  Lizette Cabrera: 1/8 → 1/9, Anastasia Kulikova: 9/2 → 5/1
2026-02-27T00:43:50.498Z [EVENT] (serving: Anastasia Kulikova)  sets: 6-2,0-0, game: 0-0, serving: P2
2026-02-27T00:45:36.881Z [ODDS] (serving: Anastasia Kulikova)  Lizette Cabrera: 1/9 → 1/12, Anastasia Kulikova: 5/1 → 6/1
2026-02-27T00:45:36.882Z [EVENT] (serving: Anastasia Kulikova)  game: 15-0
2026-02-27T00:45:58.080Z [ODDS] (serving: Anastasia Kulikova)  Lizette Cabrera: 1/12 → 1/14, Anastasia Kulikova: 6/1 → 13/2
2026-02-27T00:45:58.080Z [EVENT] (serving: Anastasia Kulikova)  game: 30-0
2026-02-27T00:46:12.060Z [ODDS] (serving: Anastasia Kulikova)  Lizette Cabrera: 1/14 → 1/18, Anastasia Kulikova: 13/2 → 15/2
2026-02-27T00:46:12.060Z [EVENT] (serving: Anastasia Kulikova)  game: 40-0
2026-02-27T00:46:35.512Z [ODDS] (serving: Anastasia Kulikova)  Lizette Cabrera: 1/18 → 1/16, Anastasia Kulikova: 15/2 → 7/1
2026-02-27T00:46:35.512Z [EVENT] (serving: Anastasia Kulikova)  game: 40-15
2026-02-27T00:47:22.060Z [ODDS] (serving: Lizette Cabrera)  Lizette Cabrera: 1/16 → 1/20, Anastasia Kulikova: 7/1 → 8/1
2026-02-27T00:47:22.060Z [EVENT] (serving: Lizette Cabrera)  sets: 6-2,1-0, game: 0-0, serving: P1
2026-02-27T00:48:44.500Z [ODDS] (serving: Lizette Cabrera)  Lizette Cabrera: 1/20 → 1/25, Anastasia Kulikova: 8/1 → 9/1
2026-02-27T00:48:44.500Z [EVENT] (serving: Lizette Cabrera)  game: 15-0
2026-02-27T00:49:21.974Z [EVENT] (serving: Lizette Cabrera)  game: 30-0
2026-02-27T00:49:45.836Z [ODDS] (serving: Lizette Cabrera)  Lizette Cabrera: 1/25 → 1/33, Anastasia Kulikova: 9/1 → 10/1
2026-02-27T00:49:45.836Z [EVENT] (serving: Lizette Cabrera)  game: 40-0
2026-02-27T00:50:18.308Z [ODDS] (serving: Anastasia Kulikova)  Lizette Cabrera: 1/33 → 1/40, Anastasia Kulikova: 10/1 → 11/1
2026-02-27T00:50:18.308Z [EVENT] (serving: Anastasia Kulikova)  sets: 6-2,2-0, game: 0-0, serving: P2
2026-02-27T00:50:56.644Z [ODDS] (serving: Anastasia Kulikova)  Lizette Cabrera: 1/40 → 1/50, Anastasia Kulikova: 11/1 → 12/1
2026-02-27T00:50:56.644Z [EVENT] (serving: Anastasia Kulikova)  game: 15-0
2026-02-27T00:51:29.117Z [ODDS] (serving: Anastasia Kulikova)  Lizette Cabrera: 1/50 → 1/33, Anastasia Kulikova: 12/1 → 10/1
2026-02-27T00:51:29.117Z [EVENT] (serving: Anastasia Kulikova)  game: 15-15
2026-02-27T00:52:06.550Z [ODDS] (serving: Anastasia Kulikova)  Lizette Cabrera: 1/33 → 1/50, Anastasia Kulikova: 10/1 → 12/1
2026-02-27T00:52:06.550Z [EVENT] (serving: Anastasia Kulikova)  game: 30-15
2026-02-27T00:52:26.482Z [ODDS] (serving: Anastasia Kulikova)  Lizette Cabrera: 1/50 → 1/33, Anastasia Kulikova: 12/1 → 10/1
2026-02-27T00:52:26.482Z [EVENT] (serving: Anastasia Kulikova)  game: 30-30
2026-02-27T00:52:52.554Z [ODDS] (serving: Anastasia Kulikova)  Lizette Cabrera: 1/33 → 1/40, Anastasia Kulikova: 10/1 → 11/1
2026-02-27T00:53:08.342Z [ODDS] (serving: Anastasia Kulikova)  Lizette Cabrera: 1/40 → 1/50, Anastasia Kulikova: 11/1 → 12/1
2026-02-27T00:53:08.342Z [EVENT] (serving: Anastasia Kulikova)  game: 40-30
2026-02-27T00:53:47.578Z [ODDS] (serving: Lizette Cabrera)  Lizette Cabrera: 1/50 → 1/100, Anastasia Kulikova: 12/1 → 16/1
2026-02-27T00:53:47.578Z [EVENT] (serving: Lizette Cabrera)  sets: 6-2,3-0, game: 0-0, serving: P1
2026-02-27T00:55:46.195Z [ODDS] (serving: Lizette Cabrera)  Lizette Cabrera: 1/100 → 1/150, Anastasia Kulikova: 16/1 → 20/1
2026-02-27T00:55:46.195Z [EVENT] (serving: Lizette Cabrera)  game: 15-0
2026-02-27T00:57:15.041Z [ODDS] (serving: Lizette Cabrera)  Lizette Cabrera: 1/150 → 1/250, Anastasia Kulikova: 20/1 → 28/1
2026-02-27T00:57:15.041Z [EVENT] (serving: Lizette Cabrera)  game: 30-0
2026-02-27T00:57:18.198Z [EVENT] (serving: Lizette Cabrera)  game: 40-0
2026-02-27T00:57:47.965Z [ODDS] (serving: Anastasia Kulikova)  Lizette Cabrera: 1/250 → 1/500, Anastasia Kulikova: 28/1 → 33/1
2026-02-27T00:57:47.965Z [EVENT] (serving: Anastasia Kulikova)  sets: 6-2,4-0, game: 0-0, serving: P2
2026-02-27T00:58:16.828Z [EVENT] (serving: Anastasia Kulikova)  game: 15-0
2026-02-27T00:58:30.809Z [ODDS] (serving: Anastasia Kulikova)  Lizette Cabrera: 1/500 → 1/1000, Anastasia Kulikova: 33/1 → 40/1
2026-02-27T00:58:30.809Z [EVENT] (serving: Anastasia Kulikova)  game: 30-0
2026-02-27T00:58:48.850Z [EVENT] (serving: Anastasia Kulikova)  game: 30-15
2026-02-27T00:59:30.792Z [ODDS] (serving: Anastasia Kulikova)  Lizette Cabrera: 1/1000 → 1/500, Anastasia Kulikova: 40/1 → 33/1
2026-02-27T00:59:30.792Z [EVENT] (serving: Anastasia Kulikova)  game: 30-30
2026-02-27T01:00:10.933Z [ODDS] (serving: Anastasia Kulikova)  Lizette Cabrera: 1/500 → 1/1000, Anastasia Kulikova: 33/1 → 40/1
2026-02-27T01:00:10.933Z [EVENT] (serving: Anastasia Kulikova)  game: 40-30
2026-02-27T01:00:32.137Z [EVENT] (serving: Lizette Cabrera)  sets: 6-2,5-0, game: 0-0, serving: P1
2026-02-27T01:02:14.507Z [ODDS] (serving: Lizette Cabrera)  Anastasia Kulikova: 40/1 → 0/0
2026-02-27T01:02:14.507Z [EVENT] (serving: Lizette Cabrera)  game: 15-0
2026-02-27T01:02:46.529Z [EVENT] (serving: Lizette Cabrera)  game: 30-0
2026-02-27T01:03:00.961Z [EVENT] (serving: Lizette Cabrera)  game: 40-0
2026-02-27T01:03:23.964Z [ODDS] (serving: Lizette Cabrera)  Lizette Cabrera: 1/1000 → 0/0
2026-02-27T01:03:23.964Z [EVENT] (serving: Lizette Cabrera)  sets: 6-2,6-0, game: 0-0
