2026-02-26T19:47:21.638Z [ODDS] (serving: Kaja Juvan)  Kaja Juvan: 8/1 → 9/1, Peyton Stearns: 1/14 → 1/16
2026-02-26T19:47:21.638Z [EVENT] (serving: Kaja Juvan)  game: 40-40
2026-02-26T19:47:54.562Z [ODDS] (serving: Kaja Juvan)  Kaja Juvan: 9/1 → 8/1, Peyton Stearns: 1/16 → 1/14
2026-02-26T19:47:54.562Z [EVENT] (serving: Kaja Juvan)  game: A-40
2026-02-26T19:48:41.916Z [ODDS] (serving: Peyton Stearns)  Kaja Juvan: 8/1 → 7/1, Peyton Stearns: 1/14 → 1/12
2026-02-26T19:48:41.916Z [EVENT] (serving: Peyton Stearns)  sets: 0-6,1-1, game: 0-0, serving: P2
2026-02-26T19:49:23.859Z [ODDS] (serving: Peyton Stearns)  Kaja Juvan: 7/1 → 8/1, Peyton Stearns: 1/12 → 1/14
2026-02-26T19:49:23.859Z [EVENT] (serving: Peyton Stearns)  game: 0-15
2026-02-26T19:49:50.919Z [ODDS] (serving: Peyton Stearns)  Kaja Juvan: 8/1 → 9/1, Peyton Stearns: 1/14 → 1/16
2026-02-26T19:49:50.919Z [EVENT] (serving: Peyton Stearns)  game: 0-30
2026-02-26T19:50:17.532Z [EVENT] (serving: Peyton Stearns)  game: 0-40
2026-02-26T19:50:45.548Z [EVENT] (serving: Peyton Stearns)  game: 15-40
2026-02-26T19:51:17.516Z [EVENT] (serving: Kaja Juvan)  sets: 0-6,1-2, game: 0-0, serving: P1
2026-02-26T19:53:31.917Z [ODDS] (serving: Kaja Juvan)  Kaja Juvan: 9/1 → 8/1, Peyton Stearns: 1/16 → 1/14
2026-02-26T19:53:31.917Z [EVENT] (serving: Kaja Juvan)  game: 15-0
2026-02-26T19:54:06.649Z [ODDS] (serving: Kaja Juvan)  Kaja Juvan: 8/1 → 7/1, Peyton Stearns: 1/14 → 1/12
2026-02-26T19:54:06.649Z [EVENT] (serving: Kaja Juvan)  game: 30-0
2026-02-26T19:54:43.175Z [ODDS] (serving: Kaja Juvan)  Kaja Juvan: 7/1 → 6/1, Peyton Stearns: 1/12 → 1/10
2026-02-26T19:54:43.175Z [EVENT] (serving: Kaja Juvan)  game: 40-0
2026-02-26T19:55:03.469Z [ODDS] (serving: Kaja Juvan)  Kaja Juvan: 6/1 → 7/1, Peyton Stearns: 1/10 → 1/12
2026-02-26T19:55:23.325Z [ODDS] (serving: Peyton Stearns)  Kaja Juvan: 7/1 → 6/1, Peyton Stearns: 1/12 → 1/10
2026-02-26T19:55:23.326Z [EVENT] (serving: Peyton Stearns)  sets: 0-6,2-2, game: 0-0, serving: P2
2026-02-26T19:56:25.137Z [ODDS] (serving: Peyton Stearns)  Kaja Juvan: 6/1 → 7/1, Peyton Stearns: 1/10 → 1/12
2026-02-26T19:56:25.137Z [EVENT] (serving: Peyton Stearns)  game: 0-15
2026-02-26T19:56:54.910Z [ODDS] (serving: Peyton Stearns)  Kaja Juvan: 7/1 → 8/1, Peyton Stearns: 1/12 → 1/14
2026-02-26T19:56:54.910Z [EVENT] (serving: Peyton Stearns)  game: 0-30
2026-02-26T19:57:40.015Z [ODDS] (serving: Peyton Stearns)  Kaja Juvan: 8/1 → 7/1, Peyton Stearns: 1/14 → 1/12
2026-02-26T19:57:40.015Z [EVENT] (serving: Peyton Stearns)  game: 15-30
2026-02-26T19:58:10.677Z [ODDS] (serving: Peyton Stearns)  Kaja Juvan: 7/1 → 8/1, Peyton Stearns: 1/12 → 1/14
2026-02-26T19:58:10.677Z [EVENT] (serving: Peyton Stearns)  game: 15-40
2026-02-26T19:58:37.290Z [EVENT] (serving: Kaja Juvan)  sets: 0-6,2-3, game: 0-0, serving: P1
2026-02-26T19:59:14.284Z [ODDS] (serving: Kaja Juvan)  Kaja Juvan: 8/1 → 9/1, Peyton Stearns: 1/14 → 1/16
2026-02-26T19:59:16.536Z [ODDS] (serving: Kaja Juvan)  Kaja Juvan: 9/1 → 10/1, Peyton Stearns: 1/16 → 1/20
2026-02-26T20:00:47.178Z [ODDS] (serving: Kaja Juvan)  Kaja Juvan: 10/1 → 9/1, Peyton Stearns: 1/20 → 1/16
2026-02-26T20:00:47.178Z [EVENT] (serving: Kaja Juvan)  game: 15-0
2026-02-26T20:01:19.200Z [ODDS] (serving: Kaja Juvan)  Kaja Juvan: 9/1 → 8/1, Peyton Stearns: 1/16 → 1/14
2026-02-26T20:01:19.200Z [EVENT] (serving: Kaja Juvan)  game: 30-0
2026-02-26T20:01:43.144Z [ODDS] (serving: Kaja Juvan)  Kaja Juvan: 8/1 → 9/1, Peyton Stearns: 1/14 → 1/16
2026-02-26T20:01:43.144Z [EVENT] (serving: Kaja Juvan)  game: 30-15
2026-02-26T20:02:29.560Z [ODDS] (serving: Kaja Juvan)  Kaja Juvan: 9/1 → 10/1, Peyton Stearns: 1/16 → 1/20
2026-02-26T20:02:29.560Z [EVENT] (serving: Kaja Juvan)  game: 30-30
2026-02-26T20:03:15.558Z [ODDS] (serving: Kaja Juvan)  Kaja Juvan: 10/1 → 9/1, Peyton Stearns: 1/20 → 1/16
2026-02-26T20:03:15.558Z [EVENT] (serving: Kaja Juvan)  game: 40-30
2026-02-26T20:04:12.838Z [ODDS] (serving: Kaja Juvan)  Kaja Juvan: 9/1 → 10/1, Peyton Stearns: 1/16 → 1/20
2026-02-26T20:04:12.838Z [EVENT] (serving: Kaja Juvan)  game: 40-40
2026-02-26T20:04:38.101Z [ODDS] (serving: Kaja Juvan)  Kaja Juvan: 10/1 → 12/1, Peyton Stearns: 1/20 → 1/25
2026-02-26T20:04:49.365Z [ODDS] (serving: Kaja Juvan)  Kaja Juvan: 12/1 → 14/1, Peyton Stearns: 1/25 → 1/33
2026-02-26T20:04:49.365Z [EVENT] (serving: Kaja Juvan)  game: 40-A
2026-02-26T20:05:28.601Z [ODDS] (serving: Kaja Juvan)  Kaja Juvan: 14/1 → 10/1, Peyton Stearns: 1/33 → 1/20
2026-02-26T20:05:28.601Z [EVENT] (serving: Kaja Juvan)  game: 40-40
2026-02-26T20:06:01.527Z [ODDS] (serving: Kaja Juvan)  Kaja Juvan: 10/1 → 12/1, Peyton Stearns: 1/20 → 1/25
2026-02-26T20:06:11.914Z [ODDS] (serving: Kaja Juvan)  Kaja Juvan: 12/1 → 14/1, Peyton Stearns: 1/25 → 1/33
2026-02-26T20:06:11.915Z [EVENT] (serving: Kaja Juvan)  game: 40-A
2026-02-26T20:06:40.773Z [ODDS] (serving: Kaja Juvan)  Kaja Juvan: 14/1 → 16/1, Peyton Stearns: 1/33 → 1/40
2026-02-26T20:06:52.602Z [ODDS] (serving: Peyton Stearns)  Kaja Juvan: 16/1 → 20/1, Peyton Stearns: 1/40 → 1/66
2026-02-26T20:06:52.602Z [EVENT] (serving: Peyton Stearns)  sets: 0-6,2-4, game: 0-0, serving: P2
2026-02-26T20:07:56.547Z [ODDS] (serving: Peyton Stearns)  Kaja Juvan: 20/1 → 16/1, Peyton Stearns: 1/66 → 1/40
2026-02-26T20:07:56.547Z [EVENT] (serving: Peyton Stearns)  game: 15-0
2026-02-26T20:08:46.299Z [ODDS] (serving: Peyton Stearns)  Kaja Juvan: 16/1 → 14/1, Peyton Stearns: 1/40 → 1/33
2026-02-26T20:08:46.299Z [EVENT] (serving: Peyton Stearns)  game: 30-0
2026-02-26T20:09:13.813Z [ODDS] (serving: Peyton Stearns)  Kaja Juvan: 14/1 → 16/1, Peyton Stearns: 1/33 → 1/40
2026-02-26T20:09:13.813Z [EVENT] (serving: Peyton Stearns)  game: 30-15
2026-02-26T20:09:42.680Z [ODDS] (serving: Peyton Stearns)  Kaja Juvan: 16/1 → 14/1, Peyton Stearns: 1/40 → 1/33
2026-02-26T20:10:02.981Z [ODDS] (serving: Peyton Stearns)  Kaja Juvan: 14/1 → 12/1, Peyton Stearns: 1/33 → 1/25
2026-02-26T20:10:02.981Z [EVENT] (serving: Peyton Stearns)  game: 40-15
2026-02-26T20:10:44.463Z [ODDS] (serving: Peyton Stearns)  Kaja Juvan: 12/1 → 14/1, Peyton Stearns: 1/25 → 1/33
2026-02-26T20:10:44.463Z [EVENT] (serving: Peyton Stearns)  game: 40-30
2026-02-26T20:11:12.878Z [ODDS] (serving: Peyton Stearns)  Kaja Juvan: 14/1 → 18/1, Peyton Stearns: 1/33 → 1/50
2026-02-26T20:11:12.878Z [EVENT] (serving: Peyton Stearns)  game: 40-40
2026-02-26T20:11:48.955Z [ODDS] (serving: Peyton Stearns)  Kaja Juvan: 18/1 → 25/1, Peyton Stearns: 1/50 → 1/100
2026-02-26T20:11:48.955Z [EVENT] (serving: Peyton Stearns)  game: 40-A
2026-02-26T20:12:19.172Z [ODDS] (serving: Peyton Stearns)  Kaja Juvan: 25/1 → 22/1, Peyton Stearns: 1/100 → 1/80
2026-02-26T20:12:39.918Z [ODDS] (serving: Peyton Stearns)  Kaja Juvan: 22/1 → 18/1, Peyton Stearns: 1/80 → 1/50
2026-02-26T20:12:39.918Z [EVENT] (serving: Peyton Stearns)  game: 40-40
2026-02-26T20:13:56.140Z [ODDS] (serving: Peyton Stearns)  Kaja Juvan: 18/1 → 25/1, Peyton Stearns: 1/50 → 1/100
2026-02-26T20:13:56.140Z [EVENT] (serving: Peyton Stearns)  game: 40-A
2026-02-26T20:14:31.317Z [ODDS] (serving: Peyton Stearns)  Kaja Juvan: 25/1 → 22/1, Peyton Stearns: 1/100 → 1/80
2026-02-26T20:14:53.422Z [ODDS] (serving: Kaja Juvan)  Kaja Juvan: 22/1 → 28/1, Peyton Stearns: 1/80 → 1/150
2026-02-26T20:14:53.422Z [EVENT] (serving: Kaja Juvan)  sets: 0-6,2-5, game: 0-0, serving: P1
2026-02-26T20:16:57.002Z [EVENT] (serving: Kaja Juvan)  game: 15-0
2026-02-26T20:17:20.451Z [ODDS] (serving: Kaja Juvan)  Kaja Juvan: 28/1 → 33/1, Peyton Stearns: 1/150 → 1/200
2026-02-26T20:17:20.451Z [EVENT] (serving: Kaja Juvan)  game: 15-15
2026-02-26T20:17:59.703Z [ODDS] (serving: Kaja Juvan)  Kaja Juvan: 33/1 → 40/1, Peyton Stearns: 1/200 → 1/250
2026-02-26T20:17:59.703Z [EVENT] (serving: Kaja Juvan)  game: 15-30
2026-02-26T20:18:20.887Z [ODDS] (serving: Kaja Juvan)  Kaja Juvan: 40/1 → 50/1, Peyton Stearns: 1/250 → 1/500
2026-02-26T20:18:38.026Z [ODDS] (serving: Kaja Juvan)  Kaja Juvan: 50/1 → 100/1, Peyton Stearns: 1/500 → 1/1000
2026-02-26T20:18:38.026Z [EVENT] (serving: Kaja Juvan)  game: 15-40
2026-02-26T20:19:00.575Z [ODDS] (serving: Kaja Juvan)  Kaja Juvan: 100/1 → 50/1, Peyton Stearns: 1/1000 → 1/500
2026-02-26T20:19:00.575Z [EVENT] (serving: Kaja Juvan)  game: 30-40
2026-02-26T20:19:54.258Z [ODDS] (serving: Kaja Juvan)  Kaja Juvan: 50/1 → 0/0, Peyton Stearns: 1/500 → 0/0
2026-02-26T20:19:54.258Z [EVENT] (serving: Kaja Juvan)  sets: 0-6,2-6, game: 0-0
