2026-02-27T03:08:46.998Z [ODDS] (serving: Appleton/Guarachi)  Appleton/Guarachi: 3/1 → 11/4, Chong/Liang: 2/9 → 1/4
2026-02-27T03:08:46.998Z [EVENT] (serving: Appleton/Guarachi)  game: 40-15
2026-02-27T03:09:09.550Z [ODDS] (serving: Appleton/Guarachi)  Appleton/Guarachi: 11/4 → 3/1, Chong/Liang: 1/4 → 2/9
2026-02-27T03:09:09.551Z [EVENT] (serving: Appleton/Guarachi)  game: 40-30
2026-02-27T03:09:52.398Z [ODDS] (serving: Appleton/Guarachi)  Appleton/Guarachi: 3/1 → 10/3, Chong/Liang: 2/9 → 1/5
2026-02-27T03:09:52.399Z [EVENT] (serving: Appleton/Guarachi)  game: 40-40
2026-02-27T03:10:24.523Z [ODDS] (serving: Chong/Liang)  Appleton/Guarachi: 10/3 → 4/1, Chong/Liang: 1/5 → 1/6
2026-02-27T03:10:24.524Z [EVENT] (serving: Chong/Liang)  sets: 0-4, game: 0-0, serving: P2
2026-02-27T03:11:11.875Z [ODDS] (serving: Chong/Liang)  Appleton/Guarachi: 4/1 → 9/2, Chong/Liang: 1/6 → 1/7
2026-02-27T03:11:11.875Z [EVENT] (serving: Chong/Liang)  game: 0-15
2026-02-27T03:11:36.680Z [ODDS] (serving: Chong/Liang)  Appleton/Guarachi: 9/2 → 4/1, Chong/Liang: 1/7 → 1/6
2026-02-27T03:11:51.570Z [ODDS] (serving: Chong/Liang)  Appleton/Guarachi: 4/1 → 9/2, Chong/Liang: 1/6 → 1/7
2026-02-27T03:11:51.570Z [EVENT] (serving: Chong/Liang)  game: 0-30
2026-02-27T03:12:25.389Z [EVENT] (serving: Chong/Liang)  game: 0-40
2026-02-27T03:12:51.551Z [ODDS] (serving: Appleton/Guarachi)  Appleton/Guarachi: 9/2 → 5/1, Chong/Liang: 1/7 → 1/8
2026-02-27T03:12:51.551Z [EVENT] (serving: Appleton/Guarachi)  sets: 0-5, game: 0-0, serving: P1
2026-02-27T03:14:58.284Z [EVENT] (serving: Appleton/Guarachi)  game: 0-15
2026-02-27T03:15:22.187Z [EVENT] (serving: Appleton/Guarachi)  game: 15-15
2026-02-27T03:15:52.853Z [EVENT] (serving: Appleton/Guarachi)  game: 15-30
2026-02-27T03:16:15.867Z [ODDS] (serving: Appleton/Guarachi)  Appleton/Guarachi: 5/1 → 11/2, Chong/Liang: 1/8 → 1/9
2026-02-27T03:16:15.868Z [EVENT] (serving: Appleton/Guarachi)  game: 15-40
2026-02-27T03:16:42.018Z [EVENT] (serving: Chong/Liang)  sets: 0-6,0-0, game: 0-0, serving: P2
2026-02-27T03:19:29.342Z [ODDS] (serving: Chong/Liang)  Appleton/Guarachi: 11/2 → 5/1, Chong/Liang: 1/9 → 1/8
2026-02-27T03:19:29.342Z [EVENT] (serving: Chong/Liang)  game: 15-0
2026-02-27T03:20:04.071Z [ODDS] (serving: Chong/Liang)  Appleton/Guarachi: 5/1 → 11/2, Chong/Liang: 1/8 → 1/9
2026-02-27T03:20:04.071Z [EVENT] (serving: Chong/Liang)  game: 15-15
2026-02-27T03:20:30.232Z [ODDS] (serving: Chong/Liang)  Appleton/Guarachi: 11/2 → 6/1, Chong/Liang: 1/9 → 1/10
2026-02-27T03:20:30.232Z [EVENT] (serving: Chong/Liang)  game: 15-30
2026-02-27T03:21:04.955Z [ODDS] (serving: Chong/Liang)  Appleton/Guarachi: 6/1 → 7/1, Chong/Liang: 1/10 → 1/12
2026-02-27T03:21:04.956Z [EVENT] (serving: Chong/Liang)  game: 15-40
2026-02-27T03:21:45.097Z [ODDS] (serving: Chong/Liang)  Appleton/Guarachi: 7/1 → 6/1, Chong/Liang: 1/12 → 1/10
2026-02-27T03:21:45.097Z [EVENT] (serving: Chong/Liang)  game: 30-40
2026-02-27T03:22:12.615Z [ODDS] (serving: Chong/Liang)  Appleton/Guarachi: 6/1 → 11/2, Chong/Liang: 1/10 → 1/9
2026-02-27T03:22:27.952Z [ODDS] (serving: Appleton/Guarachi)  Appleton/Guarachi: 11/2 → 7/1, Chong/Liang: 1/9 → 1/12
2026-02-27T03:22:27.952Z [EVENT] (serving: Appleton/Guarachi)  sets: 0-6,0-1, game: 0-0, serving: P1
2026-02-27T03:23:41.137Z [ODDS] (serving: Appleton/Guarachi)  Appleton/Guarachi: 7/1 → 6/1, Chong/Liang: 1/12 → 1/10
2026-02-27T03:23:41.154Z [EVENT] (serving: Appleton/Guarachi)  game: 15-0
2026-02-27T03:24:02.658Z [ODDS] (serving: Appleton/Guarachi)  Appleton/Guarachi: 6/1 → 11/2, Chong/Liang: 1/10 → 1/9
2026-02-27T03:24:02.658Z [EVENT] (serving: Appleton/Guarachi)  game: 30-0
2026-02-27T03:24:27.466Z [ODDS] (serving: Appleton/Guarachi)  Appleton/Guarachi: 11/2 → 6/1, Chong/Liang: 1/9 → 1/10
2026-02-27T03:24:27.469Z [EVENT] (serving: Appleton/Guarachi)  game: 30-15
2026-02-27T03:24:58.576Z [ODDS] (serving: Appleton/Guarachi)  Appleton/Guarachi: 6/1 → 11/2, Chong/Liang: 1/10 → 1/9
2026-02-27T03:24:58.576Z [EVENT] (serving: Appleton/Guarachi)  game: 40-15
2026-02-27T03:25:22.031Z [ODDS] (serving: Chong/Liang)  Appleton/Guarachi: 11/2 → 5/1, Chong/Liang: 1/9 → 1/8
2026-02-27T03:25:22.031Z [EVENT] (serving: Chong/Liang)  sets: 0-6,1-1, game: 0-0, serving: P2
2026-02-27T03:26:07.582Z [ODDS] (serving: Chong/Liang)  Appleton/Guarachi: 5/1 → 9/2, Chong/Liang: 1/8 → 1/7
2026-02-27T03:26:07.582Z [EVENT] (serving: Chong/Liang)  game: 15-0
2026-02-27T03:26:32.838Z [ODDS] (serving: Chong/Liang)  Appleton/Guarachi: 9/2 → 5/1, Chong/Liang: 1/7 → 1/8
2026-02-27T03:26:32.838Z [EVENT] (serving: Chong/Liang)  game: 15-15
2026-02-27T03:27:03.959Z [ODDS] (serving: Chong/Liang)  Appleton/Guarachi: 5/1 → 11/2, Chong/Liang: 1/8 → 1/9
2026-02-27T03:27:03.959Z [EVENT] (serving: Chong/Liang)  game: 15-30
2026-02-27T03:27:38.234Z [ODDS] (serving: Chong/Liang)  Appleton/Guarachi: 11/2 → 6/1, Chong/Liang: 1/9 → 1/10
2026-02-27T03:27:38.234Z [EVENT] (serving: Chong/Liang)  game: 15-40
2026-02-27T03:28:08.457Z [ODDS] (serving: Appleton/Guarachi)  Appleton/Guarachi: 6/1 → 7/1, Chong/Liang: 1/10 → 1/12
2026-02-27T03:28:08.458Z [EVENT] (serving: Appleton/Guarachi)  sets: 0-6,1-2, game: 0-0, serving: P1
2026-02-27T03:30:10.357Z [ODDS] (serving: Appleton/Guarachi)  Appleton/Guarachi: 7/1 → 8/1, Chong/Liang: 1/12 → 1/14
2026-02-27T03:30:10.357Z [EVENT] (serving: Appleton/Guarachi)  game: 0-15
2026-02-27T03:30:33.811Z [ODDS] (serving: Appleton/Guarachi)  Appleton/Guarachi: 8/1 → 9/1, Chong/Liang: 1/14 → 1/16
2026-02-27T03:30:44.633Z [ODDS] (serving: Appleton/Guarachi)  Appleton/Guarachi: 9/1 → 10/1, Chong/Liang: 1/16 → 1/20
2026-02-27T03:30:44.633Z [EVENT] (serving: Appleton/Guarachi)  game: 0-30
2026-02-27T03:31:08.988Z [ODDS] (serving: Appleton/Guarachi)  Appleton/Guarachi: 10/1 → 12/1, Chong/Liang: 1/20 → 1/25
2026-02-27T03:31:08.988Z [EVENT] (serving: Appleton/Guarachi)  game: 0-40
2026-02-27T03:31:30.640Z [ODDS] (serving: Appleton/Guarachi)  Appleton/Guarachi: 12/1 → 10/1, Chong/Liang: 1/25 → 1/20
2026-02-27T03:31:30.640Z [EVENT] (serving: Appleton/Guarachi)  game: 15-40
2026-02-27T03:32:01.307Z [ODDS] (serving: Appleton/Guarachi)  Appleton/Guarachi: 10/1 → 9/1, Chong/Liang: 1/20 → 1/16
2026-02-27T03:32:01.307Z [EVENT] (serving: Appleton/Guarachi)  game: 30-40
2026-02-27T03:32:27.467Z [ODDS] (serving: Appleton/Guarachi)  Appleton/Guarachi: 9/1 → 7/1, Chong/Liang: 1/16 → 1/12
2026-02-27T03:32:27.467Z [EVENT] (serving: Appleton/Guarachi)  game: 40-40
2026-02-27T03:32:52.722Z [ODDS] (serving: Appleton/Guarachi)  Appleton/Guarachi: 7/1 → 8/1, Chong/Liang: 1/12 → 1/14
2026-02-27T03:33:09.861Z [ODDS] (serving: Chong/Liang)  Appleton/Guarachi: 8/1 → 12/1, Chong/Liang: 1/14 → 1/25
2026-02-27T03:33:09.861Z [EVENT] (serving: Chong/Liang)  sets: 0-6,1-3, game: 0-0, serving: P2
2026-02-27T03:33:53.159Z [ODDS] (serving: Chong/Liang)  Appleton/Guarachi: 12/1 → 14/1, Chong/Liang: 1/25 → 1/33
2026-02-27T03:33:53.159Z [EVENT] (serving: Chong/Liang)  game: 0-15
2026-02-27T03:34:32.845Z [ODDS] (serving: Chong/Liang)  Appleton/Guarachi: 14/1 → 12/1, Chong/Liang: 1/33 → 1/25
2026-02-27T03:34:32.845Z [EVENT] (serving: Chong/Liang)  game: 15-15
2026-02-27T03:35:00.357Z [ODDS] (serving: Chong/Liang)  Appleton/Guarachi: 12/1 → 14/1, Chong/Liang: 1/25 → 1/33
2026-02-27T03:35:00.357Z [EVENT] (serving: Chong/Liang)  game: 15-30
2026-02-27T03:35:27.867Z [ODDS] (serving: Chong/Liang)  Appleton/Guarachi: 14/1 → 18/1, Chong/Liang: 1/33 → 1/50
2026-02-27T03:35:27.867Z [EVENT] (serving: Chong/Liang)  game: 15-40
2026-02-27T03:35:54.929Z [EVENT] (serving: Appleton/Guarachi)  sets: 0-6,1-4, game: 0-0, serving: P1
