2026-02-26T19:47:57.719Z [ODDS] (serving: Lillian Santos)  Susana Souhrada: 5/2 → 11/4, Lillian Santos: 2/7 → 1/4
2026-02-26T19:47:57.719Z [EVENT] (serving: Lillian Santos)  game: 0-30
2026-02-26T19:48:23.893Z [ODDS] (serving: Lillian Santos)  Susana Souhrada: 11/4 → 3/1, Lillian Santos: 1/4 → 2/9
2026-02-26T19:48:23.893Z [EVENT] (serving: Lillian Santos)  game: 0-40
2026-02-26T19:48:53.192Z [ODDS] (serving: Lillian Santos)  Susana Souhrada: 3/1 → 11/4, Lillian Santos: 2/9 → 1/4
2026-02-26T19:48:53.192Z [EVENT] (serving: Lillian Santos)  game: 15-40
2026-02-26T19:49:30.177Z [ODDS] (serving: Susana Souhrada)  Susana Souhrada: 11/4 → 3/1, Lillian Santos: 1/4 → 2/9
2026-02-26T19:49:30.177Z [EVENT] (serving: Susana Souhrada)  sets: 5-7,5-3, game: 0-0, serving: P1
2026-02-26T19:50:24.302Z [ODDS] (serving: Susana Souhrada)  Susana Souhrada: 3/1 → 10/3, Lillian Santos: 2/9 → 1/5
2026-02-26T19:50:24.302Z [EVENT] (serving: Susana Souhrada)  game: 0-15
2026-02-26T19:51:06.241Z [ODDS] (serving: Susana Souhrada)  Susana Souhrada: 10/3 → 9/2, Lillian Santos: 1/5 → 1/7
2026-02-26T19:51:06.241Z [EVENT] (serving: Susana Souhrada)  game: 0-30
2026-02-26T19:51:34.199Z [ODDS] (serving: Susana Souhrada)  Susana Souhrada: 9/2 → 7/2, Lillian Santos: 1/7 → 2/11
2026-02-26T19:51:34.199Z [EVENT] (serving: Susana Souhrada)  game: 15-30
2026-02-26T19:52:15.300Z [ODDS] (serving: Susana Souhrada)  Susana Souhrada: 7/2 → 9/2, Lillian Santos: 2/11 → 1/7
2026-02-26T19:52:15.300Z [EVENT] (serving: Susana Souhrada)  game: 15-40
2026-02-26T19:53:05.310Z [ODDS] (serving: Lillian Santos)  Susana Souhrada: 9/2 → 5/1, Lillian Santos: 1/7 → 1/8
2026-02-26T19:53:05.310Z [EVENT] (serving: Lillian Santos)  sets: 5-7,5-4, game: 0-0, serving: P2
2026-02-26T19:54:56.256Z [ODDS] (serving: Lillian Santos)  Susana Souhrada: 5/1 → 7/1, Lillian Santos: 1/8 → 1/12
2026-02-26T19:54:56.256Z [EVENT] (serving: Lillian Santos)  game: 0-15
2026-02-26T19:55:17.452Z [ODDS] (serving: Lillian Santos)  Susana Souhrada: 7/1 → 6/1, Lillian Santos: 1/12 → 1/10
2026-02-26T19:55:46.783Z [ODDS] (serving: Lillian Santos)  Susana Souhrada: 6/1 → 8/1, Lillian Santos: 1/10 → 1/14
2026-02-26T19:55:46.783Z [EVENT] (serving: Lillian Santos)  game: 0-30
2026-02-26T19:56:04.844Z [ODDS] (serving: Lillian Santos)  Susana Souhrada: 8/1 → 7/1, Lillian Santos: 1/14 → 1/12
2026-02-26T19:56:04.844Z [EVENT] (serving: Lillian Santos)  game: 15-30
2026-02-26T19:56:52.650Z [ODDS] (serving: Lillian Santos)  Susana Souhrada: 7/1 → 5/1, Lillian Santos: 1/12 → 1/8
2026-02-26T19:56:52.650Z [EVENT] (serving: Lillian Santos)  game: 30-30
2026-02-26T19:57:28.280Z [ODDS] (serving: Lillian Santos)  Susana Souhrada: 5/1 → 9/2, Lillian Santos: 1/8 → 1/7
2026-02-26T19:58:01.202Z [ODDS] (serving: Lillian Santos)  Susana Souhrada: 9/2 → 7/1, Lillian Santos: 1/7 → 1/12
2026-02-26T19:58:01.202Z [EVENT] (serving: Lillian Santos)  game: 30-40
2026-02-26T19:58:37.290Z [ODDS] (serving: Lillian Santos)  Susana Souhrada: 7/1 → 9/2, Lillian Santos: 1/12 → 1/7
2026-02-26T19:58:37.290Z [EVENT] (serving: Lillian Santos)  game: 40-40
2026-02-26T19:59:57.113Z [ODDS] (serving: Lillian Santos)  Susana Souhrada: 9/2 → 10/3, Lillian Santos: 1/7 → 1/5
2026-02-26T19:59:57.113Z [EVENT] (serving: Lillian Santos)  game: A-40
2026-02-26T20:00:35.934Z [ODDS] (serving: Susana Souhrada)  Susana Souhrada: 10/3 → 12/5, Lillian Santos: 1/5 → 3/10
2026-02-26T20:00:35.934Z [EVENT] (serving: Susana Souhrada)  sets: 5-7,6-4,0-0, game: 0-0, serving: P1
2026-02-26T20:03:12.850Z [ODDS] (serving: Susana Souhrada)  Susana Souhrada: 12/5 → 7/4, Lillian Santos: 3/10 → 2/5
2026-02-26T20:03:12.850Z [EVENT] (serving: Susana Souhrada)  game: 15-0
2026-02-26T20:03:43.520Z [ODDS] (serving: Susana Souhrada)  Susana Souhrada: 7/4 → 12/5, Lillian Santos: 2/5 → 3/10
2026-02-26T20:03:43.520Z [EVENT] (serving: Susana Souhrada)  game: 15-15
2026-02-26T20:04:05.167Z [ODDS] (serving: Susana Souhrada)  Susana Souhrada: 12/5 → 7/4, Lillian Santos: 3/10 → 2/5
2026-02-26T20:04:05.167Z [EVENT] (serving: Susana Souhrada)  game: 30-15
2026-02-26T20:04:29.971Z [ODDS] (serving: Susana Souhrada)  Susana Souhrada: 7/4 → 12/5, Lillian Santos: 2/5 → 3/10
2026-02-26T20:04:29.971Z [EVENT] (serving: Susana Souhrada)  game: 30-30
2026-02-26T20:05:10.113Z [ODDS] (serving: Susana Souhrada)  Susana Souhrada: 12/5 → 3/1, Lillian Santos: 3/10 → 2/9
2026-02-26T20:05:10.113Z [EVENT] (serving: Susana Souhrada)  game: 30-40
2026-02-26T20:05:44.389Z [ODDS] (serving: Lillian Santos)  Susana Souhrada: 3/1 → 4/1, Lillian Santos: 2/9 → 1/6
2026-02-26T20:05:44.389Z [EVENT] (serving: Lillian Santos)  sets: 5-7,6-4,0-1, game: 0-0, serving: P2
2026-02-26T20:07:18.656Z [ODDS] (serving: Lillian Santos)  Susana Souhrada: 4/1 → 5/1, Lillian Santos: 1/6 → 1/8
2026-02-26T20:07:18.656Z [EVENT] (serving: Lillian Santos)  game: 0-15
2026-02-26T20:07:55.182Z [ODDS] (serving: Lillian Santos)  Susana Souhrada: 5/1 → 6/1, Lillian Santos: 1/8 → 1/10
2026-02-26T20:07:55.182Z [EVENT] (serving: Lillian Santos)  game: 0-30
2026-02-26T20:08:55.769Z [ODDS] (serving: Lillian Santos)  Susana Souhrada: 6/1 → 7/1, Lillian Santos: 1/10 → 1/12
2026-02-26T20:08:55.769Z [EVENT] (serving: Lillian Santos)  game: 0-40
2026-02-26T20:09:58.912Z [ODDS] (serving: Susana Souhrada)  Susana Souhrada: 7/1 → 8/1, Lillian Santos: 1/12 → 1/14
2026-02-26T20:09:58.912Z [EVENT] (serving: Susana Souhrada)  sets: 5-7,6-4,0-2, game: 0-0, serving: P1
2026-02-26T20:10:55.288Z [ODDS] (serving: Susana Souhrada)  Susana Souhrada: 8/1 → 6/1, Lillian Santos: 1/14 → 1/10
2026-02-26T20:10:55.288Z [EVENT] (serving: Susana Souhrada)  game: 15-0
2026-02-26T20:11:42.194Z [ODDS] (serving: Susana Souhrada)  Susana Souhrada: 6/1 → 8/1, Lillian Santos: 1/10 → 1/14
2026-02-26T20:11:42.194Z [EVENT] (serving: Susana Souhrada)  game: 15-15
2026-02-26T20:12:21.431Z [ODDS] (serving: Susana Souhrada)  Susana Souhrada: 8/1 → 10/1, Lillian Santos: 1/14 → 1/20
2026-02-26T20:12:21.431Z [EVENT] (serving: Susana Souhrada)  game: 15-30
2026-02-26T20:12:57.056Z [ODDS] (serving: Susana Souhrada)  Susana Souhrada: 10/1 → 8/1, Lillian Santos: 1/20 → 1/14
2026-02-26T20:12:57.056Z [EVENT] (serving: Susana Souhrada)  game: 30-30
2026-02-26T20:13:40.354Z [ODDS] (serving: Susana Souhrada)  Susana Souhrada: 8/1 → 11/2, Lillian Santos: 1/14 → 1/9
2026-02-26T20:13:40.354Z [EVENT] (serving: Susana Souhrada)  game: 40-30
2026-02-26T20:14:22.749Z [ODDS] (serving: Lillian Santos)  Susana Souhrada: 11/2 → 9/2, Lillian Santos: 1/9 → 1/7
2026-02-26T20:14:22.749Z [EVENT] (serving: Lillian Santos)  sets: 5-7,6-4,1-2, game: 0-0, serving: P2
2026-02-26T20:17:04.216Z [ODDS] (serving: Lillian Santos)  Susana Souhrada: 9/2 → 11/2, Lillian Santos: 1/7 → 1/9
2026-02-26T20:17:04.216Z [EVENT] (serving: Lillian Santos)  game: 0-15
2026-02-26T20:17:48.871Z [ODDS] (serving: Lillian Santos)  Susana Souhrada: 11/2 → 7/1, Lillian Santos: 1/9 → 1/12
2026-02-26T20:17:48.871Z [EVENT] (serving: Lillian Santos)  game: 0-30
2026-02-26T20:18:35.319Z [ODDS] (serving: Lillian Santos)  Susana Souhrada: 7/1 → 11/2, Lillian Santos: 1/12 → 1/9
2026-02-26T20:18:35.319Z [EVENT] (serving: Lillian Santos)  game: 15-30
2026-02-26T20:19:30.341Z [ODDS] (serving: Lillian Santos)  Susana Souhrada: 11/2 → 9/2, Lillian Santos: 1/9 → 1/7
2026-02-26T20:19:30.341Z [EVENT] (serving: Lillian Santos)  game: 30-30
2026-02-26T20:20:21.763Z [ODDS] (serving: Lillian Santos)  Susana Souhrada: 9/2 → 4/1, Lillian Santos: 1/7 → 1/6
2026-02-26T20:20:36.191Z [ODDS] (serving: Lillian Santos)  Susana Souhrada: 4/1 → 3/1, Lillian Santos: 1/6 → 2/9
2026-02-26T20:20:36.192Z [EVENT] (serving: Lillian Santos)  game: 40-30
2026-02-26T20:20:49.719Z [ODDS] (serving: Lillian Santos)  Susana Souhrada: 3/1 → 4/1, Lillian Santos: 2/9 → 1/6
2026-02-26T20:20:49.719Z [EVENT] (serving: Lillian Santos)  game: 40-40
2026-02-26T20:21:00.092Z [ODDS] (serving: Lillian Santos)  Susana Souhrada: 4/1 → 3/1, Lillian Santos: 1/6 → 2/9
2026-02-26T20:21:00.092Z [EVENT] (serving: Lillian Santos)  game: 40-30
2026-02-26T20:21:11.818Z [ODDS] (serving: Lillian Santos)  Susana Souhrada: 3/1 → 9/2, Lillian Santos: 2/9 → 1/7
2026-02-26T20:21:11.818Z [EVENT] (serving: Lillian Santos)  game: 30-30
2026-02-26T20:21:13.174Z [ODDS] (serving: Lillian Santos)  Susana Souhrada: 9/2 → 11/2, Lillian Santos: 1/7 → 1/9
2026-02-26T20:21:13.174Z [EVENT] (serving: Lillian Santos)  game: 30-40
2026-02-26T20:21:32.117Z [ODDS] (serving: Susana Souhrada)  Susana Souhrada: 11/2 → 8/1, Lillian Santos: 1/9 → 1/14
2026-02-26T20:21:32.117Z [EVENT] (serving: Susana Souhrada)  sets: 5-7,6-4,1-3, game: 0-0, serving: P1
2026-02-26T20:22:11.352Z [ODDS] (serving: Susana Souhrada)  Susana Souhrada: 8/1 → 6/1, Lillian Santos: 1/14 → 1/10
2026-02-26T20:22:11.352Z [EVENT] (serving: Susana Souhrada)  game: 15-0
2026-02-26T20:22:51.041Z [ODDS] (serving: Susana Souhrada)  Susana Souhrada: 6/1 → 5/1, Lillian Santos: 1/10 → 1/8
2026-02-26T20:22:51.041Z [EVENT] (serving: Susana Souhrada)  game: 30-0
2026-02-26T20:23:48.319Z [ODDS] (serving: Susana Souhrada)  Susana Souhrada: 5/1 → 9/2, Lillian Santos: 1/8 → 1/7
2026-02-26T20:23:48.319Z [EVENT] (serving: Susana Souhrada)  game: 40-0
2026-02-26T20:24:22.600Z [ODDS] (serving: Lillian Santos)  Susana Souhrada: 9/2 → 4/1, Lillian Santos: 1/7 → 1/6
2026-02-26T20:24:22.600Z [EVENT] (serving: Lillian Santos)  sets: 5-7,6-4,2-3, game: 0-0, serving: P2
2026-02-26T20:26:50.960Z [ODDS] (serving: Lillian Santos)  Susana Souhrada: 4/1 → 3/1, Lillian Santos: 1/6 → 2/9
2026-02-26T20:26:50.960Z [EVENT] (serving: Lillian Santos)  game: 15-0
2026-02-26T20:27:26.595Z [ODDS] (serving: Lillian Santos)  Susana Souhrada: 3/1 → 4/1, Lillian Santos: 2/9 → 1/6
2026-02-26T20:27:26.595Z [EVENT] (serving: Lillian Santos)  game: 15-15
2026-02-26T20:27:53.197Z [ODDS] (serving: Lillian Santos)  Susana Souhrada: 4/1 → 5/1, Lillian Santos: 1/6 → 1/8
2026-02-26T20:27:53.197Z [EVENT] (serving: Lillian Santos)  game: 15-30
2026-02-26T20:28:15.748Z [ODDS] (serving: Lillian Santos)  Susana Souhrada: 5/1 → 7/1, Lillian Santos: 1/8 → 1/12
2026-02-26T20:28:15.748Z [EVENT] (serving: Lillian Santos)  game: 15-40
2026-02-26T20:28:38.755Z [ODDS] (serving: Susana Souhrada)  Susana Souhrada: 7/1 → 8/1, Lillian Santos: 1/12 → 1/14
2026-02-26T20:28:38.755Z [EVENT] (serving: Susana Souhrada)  sets: 5-7,6-4,2-4, game: 0-0, serving: P1
2026-02-26T20:29:14.830Z [ODDS] (serving: Susana Souhrada)  Susana Souhrada: 8/1 → 10/1, Lillian Santos: 1/14 → 1/20
2026-02-26T20:29:14.830Z [EVENT] (serving: Susana Souhrada)  game: 0-15
2026-02-26T20:29:50.012Z [ODDS] (serving: Susana Souhrada)  Susana Souhrada: 10/1 → 8/1, Lillian Santos: 1/20 → 1/14
2026-02-26T20:29:50.012Z [EVENT] (serving: Susana Souhrada)  game: 15-15
2026-02-26T20:30:26.999Z [ODDS] (serving: Susana Souhrada)  Susana Souhrada: 8/1 → 9/1, Lillian Santos: 1/14 → 1/16
2026-02-26T20:30:51.345Z [ODDS] (serving: Susana Souhrada)  Susana Souhrada: 9/1 → 10/1, Lillian Santos: 1/16 → 1/20
2026-02-26T20:30:51.346Z [EVENT] (serving: Susana Souhrada)  game: 15-30
2026-02-26T20:31:16.605Z [ODDS] (serving: Susana Souhrada)  Susana Souhrada: 10/1 → 12/1, Lillian Santos: 1/20 → 1/25
2026-02-26T20:31:40.079Z [ODDS] (serving: Susana Souhrada)  Susana Souhrada: 12/1 → 8/1, Lillian Santos: 1/25 → 1/14
2026-02-26T20:31:40.079Z [EVENT] (serving: Susana Souhrada)  game: 30-30
2026-02-26T20:32:29.675Z [ODDS] (serving: Susana Souhrada)  Susana Souhrada: 8/1 → 6/1, Lillian Santos: 1/14 → 1/10
2026-02-26T20:32:29.675Z [EVENT] (serving: Susana Souhrada)  game: 40-30
2026-02-26T20:33:05.300Z [ODDS] (serving: Susana Souhrada)  Susana Souhrada: 6/1 → 8/1, Lillian Santos: 1/10 → 1/14
2026-02-26T20:33:05.300Z [EVENT] (serving: Susana Souhrada)  game: 40-40
2026-02-26T20:33:33.267Z [ODDS] (serving: Susana Souhrada)  Susana Souhrada: 8/1 → 12/1, Lillian Santos: 1/14 → 1/25
2026-02-26T20:33:33.267Z [EVENT] (serving: Susana Souhrada)  game: 40-A
2026-02-26T20:34:16.104Z [ODDS] (serving: Susana Souhrada)  Susana Souhrada: 12/1 → 8/1, Lillian Santos: 1/25 → 1/14
2026-02-26T20:34:16.104Z [EVENT] (serving: Susana Souhrada)  game: 40-40
2026-02-26T20:35:08.419Z [ODDS] (serving: Susana Souhrada)  Susana Souhrada: 8/1 → 12/1, Lillian Santos: 1/14 → 1/25
2026-02-26T20:35:08.419Z [EVENT] (serving: Susana Souhrada)  game: 40-A
2026-02-26T20:35:54.421Z [ODDS] (serving: Lillian Santos)  Susana Souhrada: 12/1 → 25/1, Lillian Santos: 1/25 → 1/100
2026-02-26T20:35:54.421Z [EVENT] (serving: Lillian Santos)  sets: 5-7,6-4,2-5, game: 0-0, serving: P2
2026-02-26T20:38:08.063Z [ODDS] (serving: Lillian Santos)  Susana Souhrada: 25/1 → 22/1, Lillian Santos: 1/100 → 1/80
2026-02-26T20:38:53.617Z [ODDS] (serving: Lillian Santos)  Susana Souhrada: 22/1 → 18/1, Lillian Santos: 1/80 → 1/50
2026-02-26T20:38:53.617Z [EVENT] (serving: Lillian Santos)  game: 15-0
2026-02-26T20:39:43.226Z [ODDS] (serving: Lillian Santos)  Susana Souhrada: 18/1 → 22/1, Lillian Santos: 1/50 → 1/80
2026-02-26T20:39:43.226Z [EVENT] (serving: Lillian Santos)  game: 15-15
2026-02-26T20:40:08.485Z [ODDS] (serving: Lillian Santos)  Susana Souhrada: 22/1 → 33/1, Lillian Santos: 1/80 → 1/200
2026-02-26T20:40:08.485Z [EVENT] (serving: Lillian Santos)  game: 15-30
2026-02-26T20:40:32.388Z [ODDS] (serving: Lillian Santos)  Susana Souhrada: 33/1 → 66/1, Lillian Santos: 1/200 → 1/750
2026-02-26T20:40:32.388Z [EVENT] (serving: Lillian Santos)  game: 15-40
2026-02-26T20:41:11.175Z [ODDS] (serving: Lillian Santos)  Susana Souhrada: 66/1 → 40/1, Lillian Santos: 1/750 → 1/250
2026-02-26T20:41:11.175Z [EVENT] (serving: Lillian Santos)  game: 30-40
2026-02-26T20:41:59.430Z [ODDS] (serving: Lillian Santos)  Susana Souhrada: 40/1 → 20/1, Lillian Santos: 1/250 → 1/66
2026-02-26T20:41:59.430Z [EVENT] (serving: Lillian Santos)  game: 40-40
2026-02-26T20:42:53.554Z [ODDS] (serving: Lillian Santos)  Susana Souhrada: 20/1 → 33/1, Lillian Santos: 1/66 → 1/200
2026-02-26T20:42:53.554Z [EVENT] (serving: Lillian Santos)  game: 40-A
2026-02-26T20:43:33.696Z [ODDS] (serving: Lillian Santos)  Susana Souhrada: 33/1 → 20/1, Lillian Santos: 1/200 → 1/66
2026-02-26T20:43:33.696Z [EVENT] (serving: Lillian Santos)  game: 40-40
2026-02-26T20:44:40.892Z [ODDS] (serving: Lillian Santos)  Susana Souhrada: 20/1 → 33/1, Lillian Santos: 1/66 → 1/200
2026-02-26T20:44:40.892Z [EVENT] (serving: Lillian Santos)  game: 40-A
2026-02-26T20:45:12.462Z [ODDS] (serving: Lillian Santos)  Susana Souhrada: 33/1 → 28/1, Lillian Santos: 1/200 → 1/150
2026-02-26T20:45:45.844Z [ODDS] (serving: Lillian Santos)  Susana Souhrada: 28/1 → 20/1, Lillian Santos: 1/150 → 1/66
2026-02-26T20:45:45.844Z [EVENT] (serving: Lillian Santos)  game: 40-40
2026-02-26T20:46:11.994Z [ODDS] (serving: Lillian Santos)  Susana Souhrada: 20/1 → 18/1, Lillian Santos: 1/66 → 1/50
2026-02-26T20:46:34.100Z [ODDS] (serving: Lillian Santos)  Susana Souhrada: 18/1 → 20/1, Lillian Santos: 1/50 → 1/66
2026-02-26T20:47:11.079Z [ODDS] (serving: Lillian Santos)  Susana Souhrada: 20/1 → 33/1, Lillian Santos: 1/66 → 1/200
2026-02-26T20:47:11.079Z [EVENT] (serving: Lillian Santos)  game: 40-A
2026-02-26T20:48:02.587Z [ODDS] (serving: Lillian Santos)  Susana Souhrada: 33/1 → 0/0, Lillian Santos: 1/200 → 0/0
2026-02-26T20:48:02.587Z [EVENT] (serving: Lillian Santos)  sets: 5-7,6-4,2-6, game: 0-0
