2026-02-26T22:38:13.715Z [ODDS] (serving: Selekhmeteva/Zakharova)  Hunter/Townsend: 1/7 → 1/6, Selekhmeteva/Zakharova: 9/2 → 4/1
2026-02-26T22:38:13.715Z [EVENT] (serving: Selekhmeteva/Zakharova)  game: 15-15
2026-02-26T22:38:38.069Z [ODDS] (serving: Selekhmeteva/Zakharova)  Hunter/Townsend: 1/6 → 1/7, Selekhmeteva/Zakharova: 4/1 → 9/2
2026-02-26T22:38:52.504Z [EVENT] (serving: Selekhmeteva/Zakharova)  game: 30-15
2026-02-26T22:38:57.013Z [EVENT] (serving: Selekhmeteva/Zakharova)  game: 15-15
2026-02-26T22:38:57.463Z [ODDS] (serving: Selekhmeteva/Zakharova)  Hunter/Townsend: 1/7 → 2/11, Selekhmeteva/Zakharova: 9/2 → 7/2
2026-02-26T22:38:57.463Z [EVENT] (serving: Selekhmeteva/Zakharova)  game: 15-30
2026-02-26T22:39:22.719Z [ODDS] (serving: Selekhmeteva/Zakharova)  Hunter/Townsend: 2/11 → 1/5, Selekhmeteva/Zakharova: 7/2 → 10/3
2026-02-26T22:39:22.720Z [EVENT] (serving: Selekhmeteva/Zakharova)  game: 15-40
2026-02-26T22:39:49.331Z [ODDS] (serving: Selekhmeteva/Zakharova)  Hunter/Townsend: 1/5 → 2/11, Selekhmeteva/Zakharova: 10/3 → 7/2
2026-02-26T22:40:00.605Z [ODDS] (serving: Hunter/Townsend)  Hunter/Townsend: 2/11 → 1/5, Selekhmeteva/Zakharova: 7/2 → 10/3
2026-02-26T22:40:00.605Z [EVENT] (serving: Hunter/Townsend)  sets: 0-1, game: 0-0, serving: P1
2026-02-26T22:40:57.437Z [ODDS] (serving: Hunter/Townsend)  Hunter/Townsend: 1/5 → 2/11, Selekhmeteva/Zakharova: 10/3 → 7/2
2026-02-26T22:40:57.437Z [EVENT] (serving: Hunter/Townsend)  game: 15-0
2026-02-26T22:41:21.337Z [EVENT] (serving: Hunter/Townsend)  game: 30-0
2026-02-26T22:41:35.319Z [ODDS] (serving: Hunter/Townsend)  Hunter/Townsend: 2/11 → 1/8, Selekhmeteva/Zakharova: 7/2 → 5/1
2026-02-26T22:41:57.868Z [EVENT] (serving: Hunter/Townsend)  game: 40-0
2026-02-26T22:42:32.145Z [ODDS] (serving: Selekhmeteva/Zakharova)  Hunter/Townsend: 1/8 → 1/9, Selekhmeteva/Zakharova: 5/1 → 11/2
2026-02-26T22:42:32.145Z [EVENT] (serving: Selekhmeteva/Zakharova)  sets: 1-1, game: 0-0, serving: P2
2026-02-26T22:43:06.420Z [ODDS] (serving: Selekhmeteva/Zakharova)  Hunter/Townsend: 1/9 → 1/8, Selekhmeteva/Zakharova: 11/2 → 5/1
2026-02-26T22:43:06.420Z [EVENT] (serving: Selekhmeteva/Zakharova)  game: 0-15
2026-02-26T22:43:26.266Z [ODDS] (serving: Selekhmeteva/Zakharova)  Hunter/Townsend: 1/8 → 1/7, Selekhmeteva/Zakharova: 5/1 → 9/2
2026-02-26T22:43:26.267Z [EVENT] (serving: Selekhmeteva/Zakharova)  game: 0-30
2026-02-26T22:43:56.943Z [ODDS] (serving: Selekhmeteva/Zakharova)  Hunter/Townsend: 1/7 → 1/8, Selekhmeteva/Zakharova: 9/2 → 5/1
2026-02-26T22:43:56.943Z [EVENT] (serving: Selekhmeteva/Zakharova)  game: 15-30
2026-02-26T22:44:18.583Z [ODDS] (serving: Selekhmeteva/Zakharova)  Hunter/Townsend: 1/8 → 1/9, Selekhmeteva/Zakharova: 5/1 → 11/2
2026-02-26T22:44:18.583Z [EVENT] (serving: Selekhmeteva/Zakharova)  game: 30-30
2026-02-26T22:44:47.448Z [ODDS] (serving: Selekhmeteva/Zakharova)  Hunter/Townsend: 1/9 → 1/10, Selekhmeteva/Zakharova: 11/2 → 6/1
2026-02-26T22:44:47.448Z [EVENT] (serving: Selekhmeteva/Zakharova)  game: 40-30
2026-02-26T22:45:42.073Z [ODDS] (serving: Hunter/Townsend)  Hunter/Townsend: 1/10 → 1/12, Selekhmeteva/Zakharova: 6/1 → 7/1
2026-02-26T22:45:42.073Z [EVENT] (serving: Hunter/Townsend)  sets: 2-1, game: 0-0, serving: P1
2026-02-26T22:47:39.728Z [ODDS] (serving: Hunter/Townsend)  Hunter/Townsend: 1/12 → 1/14, Selekhmeteva/Zakharova: 7/1 → 8/1
2026-02-26T22:47:39.729Z [EVENT] (serving: Hunter/Townsend)  game: 15-0
2026-02-26T22:48:18.063Z [ODDS] (serving: Hunter/Townsend)  Hunter/Townsend: 1/14 → 1/12, Selekhmeteva/Zakharova: 8/1 → 7/1
2026-02-26T22:48:18.063Z [EVENT] (serving: Hunter/Townsend)  game: 15-15
2026-02-26T22:48:44.676Z [ODDS] (serving: Hunter/Townsend)  Hunter/Townsend: 1/12 → 1/14, Selekhmeteva/Zakharova: 7/1 → 8/1
2026-02-26T22:48:44.676Z [EVENT] (serving: Hunter/Townsend)  game: 30-15
2026-02-26T22:49:22.557Z [ODDS] (serving: Hunter/Townsend)  Hunter/Townsend: 1/14 → 1/12, Selekhmeteva/Zakharova: 8/1 → 7/1
2026-02-26T22:49:22.558Z [EVENT] (serving: Hunter/Townsend)  game: 30-30
2026-02-26T22:49:57.735Z [ODDS] (serving: Hunter/Townsend)  Hunter/Townsend: 1/12 → 1/14, Selekhmeteva/Zakharova: 7/1 → 8/1
2026-02-26T22:49:57.735Z [EVENT] (serving: Hunter/Townsend)  game: 40-30
2026-02-26T22:50:21.186Z [ODDS] (serving: Selekhmeteva/Zakharova)  Hunter/Townsend: 1/14 → 1/16, Selekhmeteva/Zakharova: 8/1 → 9/1
2026-02-26T22:50:21.186Z [EVENT] (serving: Selekhmeteva/Zakharova)  sets: 3-1, game: 0-0, serving: P2
2026-02-26T22:50:53.660Z [ODDS] (serving: Selekhmeteva/Zakharova)  Hunter/Townsend: 1/16 → 1/14, Selekhmeteva/Zakharova: 9/1 → 8/1
2026-02-26T22:50:53.660Z [EVENT] (serving: Selekhmeteva/Zakharova)  game: 0-15
2026-02-26T22:51:16.210Z [ODDS] (serving: Selekhmeteva/Zakharova)  Hunter/Townsend: 1/14 → 1/16, Selekhmeteva/Zakharova: 8/1 → 9/1
2026-02-26T22:51:35.603Z [EVENT] (serving: Selekhmeteva/Zakharova)  game: 15-15
2026-02-26T22:52:22.060Z [ODDS] (serving: Selekhmeteva/Zakharova)  Hunter/Townsend: 1/16 → 1/20, Selekhmeteva/Zakharova: 9/1 → 10/1
2026-02-26T22:52:22.060Z [EVENT] (serving: Selekhmeteva/Zakharova)  game: 30-15
2026-02-26T22:53:05.353Z [EVENT] (serving: Selekhmeteva/Zakharova)  game: 40-15
2026-02-26T22:53:40.082Z [EVENT] (serving: Selekhmeteva/Zakharova)  game: 40-30
2026-02-26T22:54:31.045Z [ODDS] (serving: Selekhmeteva/Zakharova)  Hunter/Townsend: 1/20 → 1/16, Selekhmeteva/Zakharova: 10/1 → 9/1
2026-02-26T22:54:31.045Z [EVENT] (serving: Selekhmeteva/Zakharova)  game: 40-40
2026-02-26T22:55:20.203Z [ODDS] (serving: Hunter/Townsend)  Hunter/Townsend: 1/16 → 1/20, Selekhmeteva/Zakharova: 9/1 → 10/1
2026-02-26T22:55:20.203Z [EVENT] (serving: Hunter/Townsend)  sets: 4-1, game: 0-0, serving: P1
2026-02-26T22:57:35.954Z [ODDS] (serving: Hunter/Townsend)  Hunter/Townsend: 1/20 → 1/25, Selekhmeteva/Zakharova: 10/1 → 12/1
2026-02-26T22:57:35.954Z [EVENT] (serving: Hunter/Townsend)  game: 15-0
2026-02-26T22:58:09.779Z [EVENT] (serving: Hunter/Townsend)  game: 30-0
2026-02-26T22:58:40.900Z [EVENT] (serving: Hunter/Townsend)  game: 40-0
2026-02-26T22:59:11.117Z [EVENT] (serving: Selekhmeteva/Zakharova)  sets: 5-1, game: 0-0, serving: P2
2026-02-26T22:59:46.296Z [ODDS] (serving: Selekhmeteva/Zakharova)  Hunter/Townsend: 1/25 → 1/33, Selekhmeteva/Zakharova: 12/1 → 14/1
2026-02-26T22:59:55.766Z [ODDS] (serving: Selekhmeteva/Zakharova)  Hunter/Townsend: 1/33 → 1/25, Selekhmeteva/Zakharova: 14/1 → 12/1
2026-02-26T22:59:55.766Z [EVENT] (serving: Selekhmeteva/Zakharova)  game: 0-15
2026-02-26T23:00:21.023Z [EVENT] (serving: Selekhmeteva/Zakharova)  game: 0-30
2026-02-26T23:00:38.161Z [EVENT] (serving: Selekhmeteva/Zakharova)  game: 0-40
2026-02-26T23:01:00.276Z [EVENT] (serving: Hunter/Townsend)  sets: 5-2, game: 0-0, serving: P1
2026-02-26T23:03:04.285Z [EVENT] (serving: Hunter/Townsend)  game: 15-0
2026-02-26T23:03:48.942Z [ODDS] (serving: Hunter/Townsend)  Hunter/Townsend: 1/25 → 1/33, Selekhmeteva/Zakharova: 12/1 → 14/1
2026-02-26T23:03:48.942Z [EVENT] (serving: Hunter/Townsend)  game: 30-0
2026-02-26T23:04:14.640Z [EVENT] (serving: Hunter/Townsend)  game: 40-0
2026-02-26T23:04:54.333Z [EVENT] (serving: Selekhmeteva/Zakharova)  sets: 6-2,0-0, game: 0-0, serving: P2
2026-02-26T23:07:29.028Z [ODDS] (serving: Selekhmeteva/Zakharova)  Hunter/Townsend: 1/33 → 1/40, Selekhmeteva/Zakharova: 14/1 → 16/1
2026-02-26T23:07:29.028Z [EVENT] (serving: Selekhmeteva/Zakharova)  game: 15-0
2026-02-26T23:07:58.341Z [ODDS] (serving: Selekhmeteva/Zakharova)  Hunter/Townsend: 1/40 → 1/50, Selekhmeteva/Zakharova: 16/1 → 18/1
2026-02-26T23:07:58.341Z [EVENT] (serving: Selekhmeteva/Zakharova)  game: 30-0
2026-02-26T23:08:26.651Z [ODDS] (serving: Selekhmeteva/Zakharova)  Hunter/Townsend: 1/50 → 1/66, Selekhmeteva/Zakharova: 18/1 → 20/1
2026-02-26T23:08:26.651Z [EVENT] (serving: Selekhmeteva/Zakharova)  game: 40-0
2026-02-26T23:09:03.632Z [ODDS] (serving: Hunter/Townsend)  Hunter/Townsend: 1/66 → 1/80, Selekhmeteva/Zakharova: 20/1 → 22/1
2026-02-26T23:09:03.632Z [EVENT] (serving: Hunter/Townsend)  sets: 6-2,1-0, game: 0-0, serving: P1
2026-02-26T23:09:54.145Z [ODDS] (serving: Hunter/Townsend)  Hunter/Townsend: 1/80 → 1/50, Selekhmeteva/Zakharova: 22/1 → 18/1
2026-02-26T23:09:54.145Z [EVENT] (serving: Hunter/Townsend)  game: 0-15
2026-02-26T23:10:27.520Z [ODDS] (serving: Hunter/Townsend)  Hunter/Townsend: 1/50 → 1/66, Selekhmeteva/Zakharova: 18/1 → 20/1
2026-02-26T23:10:27.520Z [EVENT] (serving: Hunter/Townsend)  game: 15-15
2026-02-26T23:11:58.628Z [ODDS] (serving: Hunter/Townsend)  Hunter/Townsend: 1/66 → 1/80, Selekhmeteva/Zakharova: 20/1 → 22/1
2026-02-26T23:11:58.628Z [EVENT] (serving: Hunter/Townsend)  game: 30-15
2026-02-26T23:12:33.807Z [ODDS] (serving: Hunter/Townsend)  Hunter/Townsend: 1/80 → 1/100, Selekhmeteva/Zakharova: 22/1 → 25/1
2026-02-26T23:12:33.807Z [EVENT] (serving: Hunter/Townsend)  game: 40-15
2026-02-26T23:13:06.278Z [ODDS] (serving: Hunter/Townsend)  Hunter/Townsend: 1/100 → 1/80, Selekhmeteva/Zakharova: 25/1 → 22/1
2026-02-26T23:13:06.278Z [EVENT] (serving: Hunter/Townsend)  game: 40-30
2026-02-26T23:13:30.182Z [ODDS] (serving: Selekhmeteva/Zakharova)  Hunter/Townsend: 1/80 → 1/100, Selekhmeteva/Zakharova: 22/1 → 25/1
2026-02-26T23:13:30.182Z [EVENT] (serving: Selekhmeteva/Zakharova)  sets: 6-2,2-0, game: 0-0, serving: P2
2026-02-26T23:14:09.419Z [ODDS] (serving: Selekhmeteva/Zakharova)  Hunter/Townsend: 1/100 → 1/150, Selekhmeteva/Zakharova: 25/1 → 28/1
2026-02-26T23:14:16.185Z [EVENT] (serving: Selekhmeteva/Zakharova)  game: 15-0
2026-02-26T23:14:43.244Z [ODDS] (serving: Selekhmeteva/Zakharova)  Hunter/Townsend: 1/150 → 1/200, Selekhmeteva/Zakharova: 28/1 → 33/1
2026-02-26T23:14:43.244Z [EVENT] (serving: Selekhmeteva/Zakharova)  game: 30-0
2026-02-26T23:15:02.637Z [ODDS] (serving: Selekhmeteva/Zakharova)  Hunter/Townsend: 1/200 → 1/250, Selekhmeteva/Zakharova: 33/1 → 40/1
2026-02-26T23:15:02.637Z [EVENT] (serving: Selekhmeteva/Zakharova)  game: 40-0
2026-02-26T23:15:23.385Z [EVENT] (serving: Selekhmeteva/Zakharova)  game: 40-15
2026-02-26T23:15:42.325Z [ODDS] (serving: Hunter/Townsend)  Hunter/Townsend: 1/250 → 1/500, Selekhmeteva/Zakharova: 40/1 → 50/1
2026-02-26T23:15:42.325Z [EVENT] (serving: Hunter/Townsend)  sets: 6-2,3-0, game: 0-0, serving: P1
2026-02-26T23:17:40.939Z [EVENT] (serving: Hunter/Townsend)  game: 15-0
2026-02-26T23:18:18.821Z [ODDS] (serving: Hunter/Townsend)  Hunter/Townsend: 1/500 → 1/750, Selekhmeteva/Zakharova: 50/1 → 66/1
2026-02-26T23:18:18.821Z [EVENT] (serving: Hunter/Townsend)  game: 30-0
2026-02-26T23:18:44.529Z [EVENT] (serving: Hunter/Townsend)  game: 40-0
2026-02-26T23:19:09.786Z [ODDS] (serving: Selekhmeteva/Zakharova)  Hunter/Townsend: 1/750 → 1/1000, Selekhmeteva/Zakharova: 66/1 → 100/1
2026-02-26T23:19:09.786Z [EVENT] (serving: Selekhmeteva/Zakharova)  sets: 6-2,4-0, game: 0-0, serving: P2
2026-02-26T23:19:52.183Z [EVENT] (serving: Selekhmeteva/Zakharova)  game: 15-0
2026-02-26T23:20:35.031Z [EVENT] (serving: Selekhmeteva/Zakharova)  game: 15-15
2026-02-26T23:20:58.929Z [ODDS] (serving: Selekhmeteva/Zakharova)  Hunter/Townsend: 1/1000 → 1/750, Selekhmeteva/Zakharova: 100/1 → 66/1
2026-02-26T23:20:58.929Z [EVENT] (serving: Selekhmeteva/Zakharova)  game: 15-30
2026-02-26T23:21:28.243Z [ODDS] (serving: Selekhmeteva/Zakharova)  Hunter/Townsend: 1/750 → 1/1000, Selekhmeteva/Zakharova: 66/1 → 100/1
2026-02-26T23:21:28.243Z [EVENT] (serving: Selekhmeteva/Zakharova)  game: 30-30
2026-02-26T23:22:11.540Z [ODDS] (serving: Selekhmeteva/Zakharova)  Hunter/Townsend: 1/1000 → 1/750, Selekhmeteva/Zakharova: 100/1 → 66/1
2026-02-26T23:22:11.540Z [EVENT] (serving: Selekhmeteva/Zakharova)  game: 30-40
2026-02-26T23:22:44.013Z [ODDS] (serving: Selekhmeteva/Zakharova)  Hunter/Townsend: 1/750 → 1/1000, Selekhmeteva/Zakharova: 66/1 → 100/1
2026-02-26T23:22:44.013Z [EVENT] (serving: Selekhmeteva/Zakharova)  game: 40-40
2026-02-26T23:23:33.171Z [ODDS] (serving: Hunter/Townsend)  Selekhmeteva/Zakharova: 100/1 → 0/0
2026-02-26T23:23:33.171Z [EVENT] (serving: Hunter/Townsend)  sets: 6-2,5-0, game: 0-0, serving: P1
2026-02-26T23:25:31.790Z [EVENT] (serving: Hunter/Townsend)  game: 15-0
2026-02-26T23:26:15.538Z [EVENT] (serving: Hunter/Townsend)  game: 15-15
2026-02-26T23:26:47.107Z [ODDS] (serving: Hunter/Townsend)  Selekhmeteva/Zakharova: 0/0 → 100/1
2026-02-26T23:27:13.722Z [ODDS] (serving: Hunter/Townsend)  Selekhmeteva/Zakharova: 100/1 → 0/0
2026-02-26T23:27:13.722Z [EVENT] (serving: Hunter/Townsend)  game: 30-15
2026-02-26T23:27:47.548Z [ODDS] (serving: Hunter/Townsend)  Selekhmeteva/Zakharova: 0/0 → 100/1
2026-02-26T23:27:47.548Z [EVENT] (serving: Hunter/Townsend)  game: 30-30
2026-02-26T23:28:16.857Z [ODDS] (serving: Hunter/Townsend)  Selekhmeteva/Zakharova: 100/1 → 0/0
2026-02-26T23:28:16.857Z [EVENT] (serving: Hunter/Townsend)  game: 40-30
2026-02-26T23:29:00.602Z [ODDS] (serving: Hunter/Townsend)  Selekhmeteva/Zakharova: 0/0 → 100/1
2026-02-26T23:29:00.603Z [EVENT] (serving: Hunter/Townsend)  game: 40-40
2026-02-26T23:29:36.233Z [ODDS] (serving: Hunter/Townsend)  Hunter/Townsend: 1/1000 → 0/0, Selekhmeteva/Zakharova: 100/1 → 0/0
2026-02-26T23:29:36.233Z [EVENT] (serving: Hunter/Townsend)  sets: 6-2,6-0, game: 0-0
