2026-02-26T22:11:42.242Z [ODDS] (serving: Jones/Martin)  Jones/Martin: 6/5 → 11/10, Monzon/Tenti: 8/13 → 4/6
2026-02-26T22:11:42.242Z [EVENT] (serving: Jones/Martin)  game: 15-0
2026-02-26T22:12:11.558Z [EVENT] (serving: Jones/Martin)  game: 30-0
2026-02-26T22:12:59.817Z [ODDS] (serving: Jones/Martin)  Jones/Martin: 11/10 → 1/1, Monzon/Tenti: 4/6 → 8/11
2026-02-26T22:12:59.818Z [EVENT] (serving: Jones/Martin)  game: 40-0
2026-02-26T22:13:49.427Z [ODDS] (serving: Jones/Martin)  Jones/Martin: 1/1 → 11/10, Monzon/Tenti: 8/11 → 4/6
2026-02-26T22:13:49.427Z [EVENT] (serving: Jones/Martin)  game: 40-15
2026-02-26T22:14:35.903Z [ODDS] (serving: Monzon/Tenti)  Jones/Martin: 11/10 → 1/1, Monzon/Tenti: 4/6 → 8/11
2026-02-26T22:14:35.912Z [EVENT] (serving: Monzon/Tenti)  sets: 1-0, game: 0-0, serving: P2
2026-02-26T22:15:34.066Z [ODDS] (serving: Monzon/Tenti)  Jones/Martin: 1/1 → 11/10, Monzon/Tenti: 8/11 → 4/6
2026-02-26T22:15:34.066Z [EVENT] (serving: Monzon/Tenti)  game: 0-15
2026-02-26T22:16:02.471Z [ODDS] (serving: Monzon/Tenti)  Jones/Martin: 11/10 → 6/5, Monzon/Tenti: 4/6 → 8/13
2026-02-26T22:16:02.471Z [EVENT] (serving: Monzon/Tenti)  game: 0-30
2026-02-26T22:16:29.090Z [EVENT] (serving: Monzon/Tenti)  game: 0-40
2026-02-26T22:17:04.716Z [EVENT] (serving: Monzon/Tenti)  game: 15-40
2026-02-26T22:17:44.400Z [EVENT] (serving: Jones/Martin)  sets: 1-1, game: 0-0, serving: P1
2026-02-26T22:18:34.465Z [ODDS] (serving: Jones/Martin)  Jones/Martin: 6/5 → 11/10, Monzon/Tenti: 8/13 → 4/6
2026-02-26T22:18:34.465Z [EVENT] (serving: Jones/Martin)  game: 15-0
2026-02-26T22:19:06.483Z [ODDS] (serving: Jones/Martin)  Jones/Martin: 11/10 → 5/4, Monzon/Tenti: 4/6 → 4/7
2026-02-26T22:19:06.483Z [EVENT] (serving: Jones/Martin)  game: 15-15
2026-02-26T22:19:44.369Z [ODDS] (serving: Jones/Martin)  Jones/Martin: 5/4 → 6/5, Monzon/Tenti: 4/7 → 8/13
2026-02-26T22:19:44.369Z [EVENT] (serving: Jones/Martin)  game: 30-15
2026-02-26T22:20:29.919Z [ODDS] (serving: Jones/Martin)  Jones/Martin: 6/5 → 11/10, Monzon/Tenti: 8/13 → 4/6
2026-02-26T22:20:29.919Z [EVENT] (serving: Jones/Martin)  game: 40-15
2026-02-26T22:21:10.073Z [ODDS] (serving: Jones/Martin)  Jones/Martin: 11/10 → 6/5, Monzon/Tenti: 4/6 → 8/13
2026-02-26T22:21:10.073Z [EVENT] (serving: Jones/Martin)  game: 40-30
2026-02-26T22:21:52.917Z [ODDS] (serving: Jones/Martin)  Jones/Martin: 6/5 → 11/8, Monzon/Tenti: 8/13 → 8/15
2026-02-26T22:21:52.917Z [EVENT] (serving: Jones/Martin)  game: 40-40
2026-02-26T22:22:24.491Z [ODDS] (serving: Monzon/Tenti)  Jones/Martin: 11/8 → 11/10, Monzon/Tenti: 8/15 → 4/6
2026-02-26T22:22:24.491Z [EVENT] (serving: Monzon/Tenti)  sets: 2-1, game: 0-0, serving: P2
2026-02-26T22:24:14.081Z [ODDS] (serving: Monzon/Tenti)  Jones/Martin: 11/10 → 1/1, Monzon/Tenti: 4/6 → 8/11
2026-02-26T22:24:14.081Z [EVENT] (serving: Monzon/Tenti)  game: 15-0
2026-02-26T22:24:43.018Z [ODDS] (serving: Monzon/Tenti)  Jones/Martin: 1/1 → 10/11, Monzon/Tenti: 8/11 → 4/5
2026-02-26T22:24:43.018Z [EVENT] (serving: Monzon/Tenti)  game: 30-0
2026-02-26T22:25:09.104Z [ODDS] (serving: Monzon/Tenti)  Jones/Martin: 10/11 → 5/6, Monzon/Tenti: 4/5 → 5/6
2026-02-26T22:25:19.973Z [ODDS] (serving: Monzon/Tenti)  Jones/Martin: 5/6 → 10/11, Monzon/Tenti: 5/6 → 4/5
2026-02-26T22:25:19.978Z [EVENT] (serving: Monzon/Tenti)  game: 30-15
2026-02-26T22:25:49.248Z [ODDS] (serving: Monzon/Tenti)  Jones/Martin: 10/11 → 5/6, Monzon/Tenti: 4/5 → 5/6
2026-02-26T22:26:00.972Z [ODDS] (serving: Monzon/Tenti)  Jones/Martin: 5/6 → 4/5, Monzon/Tenti: 5/6 → 10/11
2026-02-26T22:26:00.972Z [EVENT] (serving: Monzon/Tenti)  game: 40-15
2026-02-26T22:26:31.637Z [ODDS] (serving: Jones/Martin)  Jones/Martin: 4/5 → 4/6, Monzon/Tenti: 10/11 → 11/10
2026-02-26T22:26:31.637Z [EVENT] (serving: Jones/Martin)  sets: 3-1, game: 0-0, serving: P1
2026-02-26T22:27:14.032Z [ODDS] (serving: Jones/Martin)  Jones/Martin: 4/6 → 8/11, Monzon/Tenti: 11/10 → 1/1
2026-02-26T22:27:30.818Z [ODDS] (serving: Jones/Martin)  Jones/Martin: 8/11 → 4/5, Monzon/Tenti: 1/1 → 10/11
2026-02-26T22:27:30.819Z [EVENT] (serving: Jones/Martin)  game: 0-15
2026-02-26T22:28:09.065Z [ODDS] (serving: Jones/Martin)  Jones/Martin: 4/5 → 8/11, Monzon/Tenti: 10/11 → 1/1
2026-02-26T22:28:09.065Z [EVENT] (serving: Jones/Martin)  game: 15-15
2026-02-26T22:28:55.962Z [ODDS] (serving: Jones/Martin)  Jones/Martin: 8/11 → 4/5, Monzon/Tenti: 1/1 → 10/11
2026-02-26T22:28:55.962Z [EVENT] (serving: Jones/Martin)  game: 15-30
2026-02-26T22:29:26.737Z [ODDS] (serving: Jones/Martin)  Jones/Martin: 4/5 → 5/6, Monzon/Tenti: 10/11 → 5/6
2026-02-26T22:29:45.119Z [ODDS] (serving: Jones/Martin)  Jones/Martin: 5/6 → 10/11, Monzon/Tenti: 5/6 → 4/5
2026-02-26T22:29:45.119Z [EVENT] (serving: Jones/Martin)  game: 15-40
2026-02-26T22:30:07.219Z [ODDS] (serving: Jones/Martin)  Jones/Martin: 10/11 → 1/1, Monzon/Tenti: 4/5 → 8/11
2026-02-26T22:30:23.456Z [ODDS] (serving: Monzon/Tenti)  Jones/Martin: 1/1 → 11/10, Monzon/Tenti: 8/11 → 4/6
2026-02-26T22:30:23.456Z [EVENT] (serving: Monzon/Tenti)  sets: 3-2, game: 0-0, serving: P2
2026-02-26T22:32:04.933Z [ODDS] (serving: Monzon/Tenti)  Jones/Martin: 11/10 → 6/5, Monzon/Tenti: 4/6 → 8/13
2026-02-26T22:32:04.933Z [EVENT] (serving: Monzon/Tenti)  game: 0-15
2026-02-26T22:32:12.148Z [ODDS] (serving: Monzon/Tenti)  Jones/Martin: 6/5 → 5/4, Monzon/Tenti: 8/13 → 4/7
2026-02-26T22:32:12.148Z [EVENT] (serving: Monzon/Tenti)  game: 0-30
2026-02-26T22:32:47.327Z [EVENT] (serving: Monzon/Tenti)  game: 0-40
2026-02-26T22:33:22.956Z [ODDS] (serving: Jones/Martin)  Jones/Martin: 5/4 → 11/8, Monzon/Tenti: 4/7 → 8/15
2026-02-26T22:33:22.956Z [EVENT] (serving: Jones/Martin)  sets: 3-3, game: 0-0, serving: P1
2026-02-26T22:34:03.725Z [ODDS] (serving: Jones/Martin)  Jones/Martin: 11/8 → 6/5, Monzon/Tenti: 8/15 → 8/13
2026-02-26T22:34:03.725Z [EVENT] (serving: Jones/Martin)  game: 15-0
2026-02-26T22:34:29.434Z [ODDS] (serving: Jones/Martin)  Jones/Martin: 6/5 → 5/4, Monzon/Tenti: 8/13 → 4/7
2026-02-26T22:34:46.569Z [ODDS] (serving: Jones/Martin)  Jones/Martin: 5/4 → 11/8, Monzon/Tenti: 4/7 → 8/15
2026-02-26T22:34:46.569Z [EVENT] (serving: Jones/Martin)  game: 15-15
2026-02-26T22:35:23.101Z [ODDS] (serving: Jones/Martin)  Jones/Martin: 11/8 → 13/8, Monzon/Tenti: 8/15 → 4/9
2026-02-26T22:35:23.101Z [EVENT] (serving: Jones/Martin)  game: 15-30
2026-02-26T22:35:49.714Z [ODDS] (serving: Jones/Martin)  Jones/Martin: 13/8 → 7/4, Monzon/Tenti: 4/9 → 2/5
2026-02-26T22:36:29.849Z [ODDS] (serving: Jones/Martin)  Jones/Martin: 7/4 → 6/4, Monzon/Tenti: 2/5 → 1/2
2026-02-26T22:36:29.849Z [EVENT] (serving: Jones/Martin)  game: 30-30
2026-02-26T22:37:51.028Z [ODDS] (serving: Jones/Martin)  Jones/Martin: 6/4 → 7/4, Monzon/Tenti: 1/2 → 2/5
2026-02-26T22:37:51.028Z [EVENT] (serving: Jones/Martin)  game: 30-40
2026-02-26T22:38:34.461Z [ODDS] (serving: Jones/Martin)  Jones/Martin: 7/4 → 2/1, Monzon/Tenti: 2/5 → 4/11
2026-02-26T22:38:51.147Z [ODDS] (serving: Jones/Martin)  Jones/Martin: 2/1 → 6/4, Monzon/Tenti: 4/11 → 1/2
2026-02-26T22:38:51.147Z [EVENT] (serving: Jones/Martin)  game: 40-40
2026-02-26T22:39:26.327Z [ODDS] (serving: Jones/Martin)  Jones/Martin: 6/4 → 13/8, Monzon/Tenti: 1/2 → 4/9
2026-02-26T22:39:48.882Z [ODDS] (serving: Monzon/Tenti)  Jones/Martin: 13/8 → 12/5, Monzon/Tenti: 4/9 → 3/10
2026-02-26T22:39:48.882Z [EVENT] (serving: Monzon/Tenti)  sets: 3-4, game: 0-0, serving: P2
2026-02-26T22:44:34.440Z [ODDS] (serving: Monzon/Tenti)  Jones/Martin: 12/5 → 11/4, Monzon/Tenti: 3/10 → 1/4
2026-02-26T22:44:34.440Z [EVENT] (serving: Monzon/Tenti)  game: 0-15
2026-02-26T22:45:08.192Z [ODDS] (serving: Monzon/Tenti)  Jones/Martin: 11/4 → 5/2, Monzon/Tenti: 1/4 → 2/7
2026-02-26T22:45:22.673Z [ODDS] (serving: Monzon/Tenti)  Jones/Martin: 5/2 → 3/1, Monzon/Tenti: 2/7 → 2/9
2026-02-26T22:45:22.673Z [EVENT] (serving: Monzon/Tenti)  game: 0-30
2026-02-26T22:45:47.881Z [ODDS] (serving: Monzon/Tenti)  Jones/Martin: 3/1 → 11/4, Monzon/Tenti: 2/9 → 1/4
2026-02-26T22:45:57.803Z [ODDS] (serving: Monzon/Tenti)  Jones/Martin: 11/4 → 3/1, Monzon/Tenti: 1/4 → 2/9
2026-02-26T22:45:57.804Z [EVENT] (serving: Monzon/Tenti)  game: 0-40
2026-02-26T22:46:28.925Z [EVENT] (serving: Monzon/Tenti)  game: 15-40
2026-02-26T22:46:58.688Z [ODDS] (serving: Jones/Martin)  Jones/Martin: 3/1 → 10/3, Monzon/Tenti: 2/9 → 1/5
2026-02-26T22:46:58.688Z [EVENT] (serving: Jones/Martin)  sets: 3-5, game: 0-0, serving: P1
2026-02-26T22:47:41.532Z [EVENT] (serving: Jones/Martin)  game: 0-15
2026-02-26T22:48:29.338Z [EVENT] (serving: Jones/Martin)  game: 15-15
2026-02-26T22:49:17.144Z [ODDS] (serving: Jones/Martin)  Jones/Martin: 10/3 → 3/1, Monzon/Tenti: 1/5 → 2/9
2026-02-26T22:49:17.144Z [EVENT] (serving: Jones/Martin)  game: 30-15
2026-02-26T22:49:49.166Z [ODDS] (serving: Jones/Martin)  Jones/Martin: 3/1 → 10/3, Monzon/Tenti: 2/9 → 1/5
2026-02-26T22:49:49.166Z [EVENT] (serving: Jones/Martin)  game: 30-30
2026-02-26T22:50:32.012Z [ODDS] (serving: Jones/Martin)  Jones/Martin: 10/3 → 7/2, Monzon/Tenti: 1/5 → 1/6
2026-02-26T22:50:32.012Z [EVENT] (serving: Jones/Martin)  game: 30-40
2026-02-26T22:51:05.839Z [ODDS] (serving: Monzon/Tenti)  Jones/Martin: 7/2 → 4/1, Monzon/Tenti: 1/6 → 1/7
2026-02-26T22:51:05.839Z [EVENT] (serving: Monzon/Tenti)  sets: 3-6,0-0, game: 0-0, serving: P2
2026-02-26T22:52:50.920Z [ODDS] (serving: Monzon/Tenti)  Jones/Martin: 4/1 → 9/2, Monzon/Tenti: 1/7 → 1/8
2026-02-26T22:52:50.920Z [EVENT] (serving: Monzon/Tenti)  game: 0-15
2026-02-26T22:53:28.353Z [ODDS] (serving: Monzon/Tenti)  Jones/Martin: 9/2 → 5/1, Monzon/Tenti: 1/8 → 1/9
2026-02-26T22:53:28.353Z [EVENT] (serving: Monzon/Tenti)  game: 0-30
2026-02-26T22:53:51.805Z [ODDS] (serving: Monzon/Tenti)  Jones/Martin: 5/1 → 9/2, Monzon/Tenti: 1/9 → 1/8
2026-02-26T22:54:04.884Z [ODDS] (serving: Monzon/Tenti)  Jones/Martin: 9/2 → 5/1, Monzon/Tenti: 1/8 → 1/9
2026-02-26T22:54:04.884Z [EVENT] (serving: Monzon/Tenti)  game: 0-40
2026-02-26T22:54:47.731Z [EVENT] (serving: Jones/Martin)  sets: 3-6,0-1, game: 0-0, serving: P1
2026-02-26T22:55:38.243Z [ODDS] (serving: Jones/Martin)  Jones/Martin: 5/1 → 6/1, Monzon/Tenti: 1/9 → 1/12
2026-02-26T22:55:38.243Z [EVENT] (serving: Jones/Martin)  game: 0-15
2026-02-26T22:56:28.305Z [ODDS] (serving: Jones/Martin)  Jones/Martin: 6/1 → 5/1, Monzon/Tenti: 1/12 → 1/9
2026-02-26T22:56:28.305Z [EVENT] (serving: Jones/Martin)  game: 15-15
2026-02-26T22:56:56.266Z [ODDS] (serving: Jones/Martin)  Jones/Martin: 5/1 → 11/2, Monzon/Tenti: 1/9 → 1/10
2026-02-26T22:57:15.209Z [ODDS] (serving: Jones/Martin)  Jones/Martin: 11/2 → 9/2, Monzon/Tenti: 1/10 → 1/8
2026-02-26T22:57:15.209Z [EVENT] (serving: Jones/Martin)  game: 30-15
2026-02-26T22:57:44.072Z [ODDS] (serving: Jones/Martin)  Jones/Martin: 9/2 → 11/2, Monzon/Tenti: 1/8 → 1/10
2026-02-26T22:57:44.072Z [EVENT] (serving: Jones/Martin)  game: 30-30
2026-02-26T22:58:05.722Z [ODDS] (serving: Jones/Martin)  Jones/Martin: 11/2 → 13/2, Monzon/Tenti: 1/10 → 1/14
2026-02-26T22:58:05.722Z [EVENT] (serving: Jones/Martin)  game: 30-40
2026-02-26T22:58:40.449Z [ODDS] (serving: Monzon/Tenti)  Jones/Martin: 13/2 → 15/2, Monzon/Tenti: 1/14 → 1/20
2026-02-26T22:58:40.449Z [EVENT] (serving: Monzon/Tenti)  sets: 3-6,0-2, game: 0-0, serving: P2
2026-02-26T23:00:37.258Z [ODDS] (serving: Monzon/Tenti)  Jones/Martin: 15/2 → 7/1, Monzon/Tenti: 1/20 → 1/16
2026-02-26T23:00:37.258Z [EVENT] (serving: Monzon/Tenti)  game: 15-0
2026-02-26T23:01:02.064Z [ODDS] (serving: Monzon/Tenti)  Jones/Martin: 7/1 → 6/1, Monzon/Tenti: 1/16 → 1/12
2026-02-26T23:01:02.064Z [EVENT] (serving: Monzon/Tenti)  game: 30-0
2026-02-26T23:01:36.343Z [ODDS] (serving: Monzon/Tenti)  Jones/Martin: 6/1 → 11/2, Monzon/Tenti: 1/12 → 1/10
2026-02-26T23:01:36.343Z [EVENT] (serving: Monzon/Tenti)  game: 40-0
2026-02-26T23:02:04.306Z [ODDS] (serving: Monzon/Tenti)  Jones/Martin: 11/2 → 6/1, Monzon/Tenti: 1/10 → 1/12
2026-02-26T23:02:04.306Z [EVENT] (serving: Monzon/Tenti)  game: 40-15
2026-02-26T23:02:48.049Z [ODDS] (serving: Monzon/Tenti)  Jones/Martin: 6/1 → 13/2, Monzon/Tenti: 1/12 → 1/14
2026-02-26T23:02:48.049Z [EVENT] (serving: Monzon/Tenti)  game: 40-30
2026-02-26T23:03:31.347Z [ODDS] (serving: Monzon/Tenti)  Jones/Martin: 13/2 → 15/2, Monzon/Tenti: 1/14 → 1/20
2026-02-26T23:03:31.347Z [EVENT] (serving: Monzon/Tenti)  game: 40-40
2026-02-26T23:04:06.522Z [ODDS] (serving: Jones/Martin)  Jones/Martin: 15/2 → 19/2, Monzon/Tenti: 1/20 → 1/40
2026-02-26T23:04:06.522Z [EVENT] (serving: Jones/Martin)  sets: 3-6,0-3, game: 0-0, serving: P1
2026-02-26T23:05:31.763Z [ODDS] (serving: Jones/Martin)  Jones/Martin: 19/2 → 10/1, Monzon/Tenti: 1/40 → 1/50
2026-02-26T23:05:31.763Z [EVENT] (serving: Jones/Martin)  game: 0-15
2026-02-26T23:06:08.746Z [ODDS] (serving: Jones/Martin)  Jones/Martin: 10/1 → 19/2, Monzon/Tenti: 1/50 → 1/40
2026-02-26T23:06:08.746Z [EVENT] (serving: Jones/Martin)  game: 15-15
2026-02-26T23:06:36.708Z [ODDS] (serving: Jones/Martin)  Jones/Martin: 19/2 → 10/1, Monzon/Tenti: 1/40 → 1/50
2026-02-26T23:06:36.708Z [EVENT] (serving: Jones/Martin)  game: 15-30
2026-02-26T23:07:03.318Z [ODDS] (serving: Jones/Martin)  Jones/Martin: 10/1 → 19/2, Monzon/Tenti: 1/50 → 1/40
2026-02-26T23:07:03.318Z [EVENT] (serving: Jones/Martin)  game: 30-30
2026-02-26T23:07:38.948Z [ODDS] (serving: Jones/Martin)  Jones/Martin: 19/2 → 9/1, Monzon/Tenti: 1/40 → 1/33
2026-02-26T23:07:38.948Z [EVENT] (serving: Jones/Martin)  game: 40-30
2026-02-26T23:08:02.850Z [ODDS] (serving: Jones/Martin)  Jones/Martin: 9/1 → 19/2, Monzon/Tenti: 1/33 → 1/40
2026-02-26T23:08:24.397Z [ODDS] (serving: Jones/Martin)  Jones/Martin: 19/2 → 10/1, Monzon/Tenti: 1/40 → 1/50
2026-02-26T23:08:24.397Z [EVENT] (serving: Jones/Martin)  game: 40-40
2026-02-26T23:08:50.553Z [ODDS] (serving: Monzon/Tenti)  Jones/Martin: 10/1 → 9/1, Monzon/Tenti: 1/50 → 1/33
2026-02-26T23:08:50.553Z [EVENT] (serving: Monzon/Tenti)  sets: 3-6,1-3, game: 0-0, serving: P2
2026-02-26T23:09:27.536Z [ODDS] (serving: Monzon/Tenti)  Jones/Martin: 9/1 → 8/1, Monzon/Tenti: 1/33 → 1/25
2026-02-26T23:09:38.810Z [ODDS] (serving: Monzon/Tenti)  Jones/Martin: 8/1 → 15/2, Monzon/Tenti: 1/25 → 1/20
2026-02-26T23:09:38.810Z [EVENT] (serving: Monzon/Tenti)  game: 15-0
2026-02-26T23:10:17.596Z [ODDS] (serving: Monzon/Tenti)  Jones/Martin: 15/2 → 13/2, Monzon/Tenti: 1/20 → 1/14
2026-02-26T23:10:17.596Z [EVENT] (serving: Monzon/Tenti)  game: 30-0
2026-02-26T23:10:49.626Z [ODDS] (serving: Monzon/Tenti)  Jones/Martin: 13/2 → 7/1, Monzon/Tenti: 1/14 → 1/16
2026-02-26T23:10:49.626Z [EVENT] (serving: Monzon/Tenti)  game: 30-15
2026-02-26T23:11:15.331Z [ODDS] (serving: Monzon/Tenti)  Jones/Martin: 7/1 → 6/1, Monzon/Tenti: 1/16 → 1/12
2026-02-26T23:11:15.331Z [EVENT] (serving: Monzon/Tenti)  game: 40-15
2026-02-26T23:11:56.372Z [ODDS] (serving: Monzon/Tenti)  Jones/Martin: 6/1 → 13/2, Monzon/Tenti: 1/12 → 1/14
2026-02-26T23:11:56.372Z [EVENT] (serving: Monzon/Tenti)  game: 40-30
2026-02-26T23:12:28.393Z [ODDS] (serving: Monzon/Tenti)  Jones/Martin: 13/2 → 15/2, Monzon/Tenti: 1/14 → 1/20
2026-02-26T23:12:28.393Z [EVENT] (serving: Monzon/Tenti)  game: 40-40
2026-02-26T23:12:57.711Z [ODDS] (serving: Jones/Martin)  Jones/Martin: 15/2 → 5/1, Monzon/Tenti: 1/20 → 1/9
2026-02-26T23:12:57.711Z [EVENT] (serving: Jones/Martin)  sets: 3-6,2-3, game: 0-0, serving: P1
2026-02-26T23:14:17.990Z [ODDS] (serving: Jones/Martin)  Jones/Martin: 5/1 → 11/2, Monzon/Tenti: 1/9 → 1/10
2026-02-26T23:14:29.262Z [ODDS] (serving: Jones/Martin)  Jones/Martin: 11/2 → 9/2, Monzon/Tenti: 1/10 → 1/8
2026-02-26T23:14:29.262Z [EVENT] (serving: Jones/Martin)  game: 15-0
2026-02-26T23:15:16.619Z [ODDS] (serving: Jones/Martin)  Jones/Martin: 9/2 → 11/2, Monzon/Tenti: 1/8 → 1/10
2026-02-26T23:15:16.619Z [EVENT] (serving: Jones/Martin)  game: 15-15
2026-02-26T23:15:57.659Z [ODDS] (serving: Jones/Martin)  Jones/Martin: 11/2 → 9/2, Monzon/Tenti: 1/10 → 1/8
2026-02-26T23:15:57.659Z [EVENT] (serving: Jones/Martin)  game: 30-15
2026-02-26T23:16:49.071Z [ODDS] (serving: Jones/Martin)  Jones/Martin: 9/2 → 7/2, Monzon/Tenti: 1/8 → 1/6
2026-02-26T23:16:49.071Z [EVENT] (serving: Jones/Martin)  game: 40-15
2026-02-26T23:17:25.153Z [EVENT] (serving: Monzon/Tenti)  sets: 3-6,3-3, game: 0-0, serving: P2
2026-02-26T23:17:59.437Z [ODDS] (serving: Monzon/Tenti)  Jones/Martin: 7/2 → 4/1, Monzon/Tenti: 1/6 → 1/7
2026-02-26T23:17:59.437Z [EVENT] (serving: Monzon/Tenti)  game: 0-15
2026-02-26T23:18:26.939Z [ODDS] (serving: Monzon/Tenti)  Jones/Martin: 4/1 → 7/2, Monzon/Tenti: 1/7 → 1/6
2026-02-26T23:18:26.939Z [EVENT] (serving: Monzon/Tenti)  game: 15-15
2026-02-26T23:19:17.902Z [ODDS] (serving: Monzon/Tenti)  Jones/Martin: 7/2 → 3/1, Monzon/Tenti: 1/6 → 2/9
2026-02-26T23:19:17.903Z [EVENT] (serving: Monzon/Tenti)  game: 30-15
2026-02-26T23:19:41.806Z [ODDS] (serving: Monzon/Tenti)  Jones/Martin: 3/1 → 12/5, Monzon/Tenti: 2/9 → 3/10
2026-02-26T23:19:41.806Z [EVENT] (serving: Monzon/Tenti)  game: 40-15
2026-02-26T23:20:08.869Z [ODDS] (serving: Monzon/Tenti)  Jones/Martin: 12/5 → 9/4, Monzon/Tenti: 3/10 → 1/3
2026-02-26T23:20:21.494Z [ODDS] (serving: Jones/Martin)  Jones/Martin: 9/4 → 2/1, Monzon/Tenti: 1/3 → 4/11
2026-02-26T23:20:21.495Z [EVENT] (serving: Jones/Martin)  sets: 3-6,4-3, game: 0-0, serving: P1
2026-02-26T23:21:48.539Z [ODDS] (serving: Jones/Martin)  Jones/Martin: 2/1 → 12/5, Monzon/Tenti: 4/11 → 3/10
2026-02-26T23:21:48.539Z [EVENT] (serving: Jones/Martin)  game: 0-15
2026-02-26T23:22:21.464Z [ODDS] (serving: Jones/Martin)  Jones/Martin: 12/5 → 5/2, Monzon/Tenti: 3/10 → 2/7
2026-02-26T23:22:45.366Z [ODDS] (serving: Jones/Martin)  Jones/Martin: 5/2 → 11/4, Monzon/Tenti: 2/7 → 1/4
2026-02-26T23:22:45.367Z [EVENT] (serving: Jones/Martin)  game: 0-30
2026-02-26T23:23:12.877Z [ODDS] (serving: Jones/Martin)  Jones/Martin: 11/4 → 3/1, Monzon/Tenti: 1/4 → 2/9
2026-02-26T23:23:30.466Z [ODDS] (serving: Jones/Martin)  Jones/Martin: 3/1 → 10/3, Monzon/Tenti: 2/9 → 1/5
2026-02-26T23:23:30.466Z [EVENT] (serving: Jones/Martin)  game: 0-40
2026-02-26T23:24:18.726Z [ODDS] (serving: Monzon/Tenti)  Jones/Martin: 10/3 → 7/2, Monzon/Tenti: 1/5 → 1/6
2026-02-26T23:24:18.726Z [EVENT] (serving: Monzon/Tenti)  sets: 3-6,4-4, game: 0-0, serving: P2
2026-02-26T23:24:57.971Z [ODDS] (serving: Monzon/Tenti)  Jones/Martin: 7/2 → 3/1, Monzon/Tenti: 1/6 → 2/9
2026-02-26T23:24:57.971Z [EVENT] (serving: Monzon/Tenti)  game: 15-0
2026-02-26T23:25:35.015Z [ODDS] (serving: Monzon/Tenti)  Jones/Martin: 3/1 → 12/5, Monzon/Tenti: 2/9 → 3/10
2026-02-26T23:25:35.015Z [EVENT] (serving: Monzon/Tenti)  game: 30-0
2026-02-26T23:26:04.714Z [ODDS] (serving: Monzon/Tenti)  Jones/Martin: 12/5 → 9/4, Monzon/Tenti: 3/10 → 1/3
2026-02-26T23:26:18.313Z [ODDS] (serving: Monzon/Tenti)  Jones/Martin: 9/4 → 7/4, Monzon/Tenti: 1/3 → 2/5
2026-02-26T23:26:18.313Z [EVENT] (serving: Monzon/Tenti)  game: 40-0
2026-02-26T23:26:47.107Z [ODDS] (serving: Jones/Martin)  Jones/Martin: 7/4 → 6/4, Monzon/Tenti: 2/5 → 1/2
2026-02-26T23:26:47.107Z [EVENT] (serving: Jones/Martin)  sets: 3-6,5-4, game: 0-0, serving: P1
2026-02-26T23:28:07.393Z [ODDS] (serving: Jones/Martin)  Jones/Martin: 6/4 → 5/4, Monzon/Tenti: 1/2 → 4/7
2026-02-26T23:28:07.393Z [EVENT] (serving: Jones/Martin)  game: 15-0
2026-02-26T23:28:34.898Z [ODDS] (serving: Jones/Martin)  Jones/Martin: 5/4 → 6/5, Monzon/Tenti: 4/7 → 8/13
2026-02-26T23:28:34.898Z [EVENT] (serving: Jones/Martin)  game: 30-0
2026-02-26T23:28:56.118Z [ODDS] (serving: Jones/Martin)  Jones/Martin: 6/5 → 11/8, Monzon/Tenti: 8/13 → 8/15
2026-02-26T23:28:56.385Z [EVENT] (serving: Jones/Martin)  game: 30-15
2026-02-26T23:29:24.957Z [ODDS] (serving: Jones/Martin)  Jones/Martin: 11/8 → 11/10, Monzon/Tenti: 8/15 → 4/6
2026-02-26T23:29:24.957Z [EVENT] (serving: Jones/Martin)  game: 40-15
2026-02-26T23:29:52.919Z [ODDS] (serving: Jones/Martin)  Jones/Martin: 11/10 → 6/5, Monzon/Tenti: 4/6 → 8/13
2026-02-26T23:30:07.809Z [ODDS] (serving: Monzon/Tenti)  Jones/Martin: 6/5 → 1/1, Monzon/Tenti: 8/13 → 8/11
2026-02-26T23:30:07.809Z [EVENT] (serving: Monzon/Tenti)  sets: 3-6,6-4,0-0, game: 0-0, serving: P2
2026-02-26T23:35:18.094Z [ODDS] (serving: Jones/Martin)  Jones/Martin: 1/1 → 6/4, Monzon/Tenti: 8/11 → 1/2
2026-02-26T23:35:18.095Z [EVENT] (serving: Jones/Martin)  game: 0-1, serving: P1
2026-02-26T23:35:45.154Z [ODDS] (serving: Jones/Martin)  Jones/Martin: 6/4 → 1/1, Monzon/Tenti: 1/2 → 8/11
2026-02-26T23:35:45.154Z [EVENT] (serving: Jones/Martin)  game: 1-1
2026-02-26T23:36:21.684Z [ODDS] (serving: Monzon/Tenti)  Jones/Martin: 1/1 → 13/8, Monzon/Tenti: 8/11 → 4/9
2026-02-26T23:36:21.684Z [EVENT] (serving: Monzon/Tenti)  game: 1-2, serving: P2
2026-02-26T23:37:16.262Z [ODDS] (serving: Monzon/Tenti)  Jones/Martin: 13/8 → 5/2, Monzon/Tenti: 4/9 → 2/7
2026-02-26T23:37:16.262Z [EVENT] (serving: Monzon/Tenti)  game: 1-3
2026-02-26T23:37:55.944Z [ODDS] (serving: Jones/Martin)  Jones/Martin: 5/2 → 6/4, Monzon/Tenti: 2/7 → 1/2
2026-02-26T23:37:55.945Z [EVENT] (serving: Jones/Martin)  game: 2-3, serving: P1
2026-02-26T23:38:53.592Z [ODDS] (serving: Jones/Martin)  Jones/Martin: 6/4 → 13/8, Monzon/Tenti: 1/2 → 4/9
2026-02-26T23:39:13.436Z [ODDS] (serving: Jones/Martin)  Jones/Martin: 13/8 → 1/1, Monzon/Tenti: 4/9 → 8/11
2026-02-26T23:39:13.436Z [EVENT] (serving: Jones/Martin)  game: 3-3
2026-02-26T23:40:24.243Z [ODDS] (serving: Monzon/Tenti)  Jones/Martin: 1/1 → 4/6, Monzon/Tenti: 8/11 → 11/10
2026-02-26T23:40:24.243Z [EVENT] (serving: Monzon/Tenti)  game: 4-3, serving: P2
2026-02-26T23:41:22.873Z [ODDS] (serving: Monzon/Tenti)  Jones/Martin: 4/6 → 1/3, Monzon/Tenti: 11/10 → 9/4
2026-02-26T23:41:22.873Z [EVENT] (serving: Monzon/Tenti)  game: 5-3
2026-02-26T23:41:57.151Z [ODDS] (serving: Jones/Martin)  Jones/Martin: 1/3 → 1/7, Monzon/Tenti: 9/4 → 4/1
2026-02-26T23:41:57.151Z [EVENT] (serving: Jones/Martin)  game: 6-3, serving: P1
2026-02-26T23:42:39.543Z [ODDS] (serving: Jones/Martin)  Jones/Martin: 1/7 → 1/14, Monzon/Tenti: 4/1 → 13/2
2026-02-26T23:42:39.543Z [EVENT] (serving: Jones/Martin)  game: 7-3
2026-02-26T23:43:06.153Z [ODDS] (serving: Jones/Martin)  Jones/Martin: 1/14 → 1/12, Monzon/Tenti: 13/2 → 6/1
2026-02-26T23:43:21.487Z [ODDS] (serving: Monzon/Tenti)  Jones/Martin: 1/12 → 1/40, Monzon/Tenti: 6/1 → 19/2
2026-02-26T23:43:21.487Z [EVENT] (serving: Monzon/Tenti)  game: 8-3, serving: P2
2026-02-26T23:43:58.920Z [ODDS] (serving: Monzon/Tenti)  Jones/Martin: 1/40 → 1/25, Monzon/Tenti: 19/2 → 8/1
2026-02-26T23:43:58.920Z [EVENT] (serving: Monzon/Tenti)  game: 8-4
2026-02-26T23:44:47.628Z [ODDS] (serving: Jones/Martin)  Jones/Martin: 1/25 → 1/14, Monzon/Tenti: 8/1 → 13/2
2026-02-26T23:44:47.628Z [EVENT] (serving: Jones/Martin)  game: 8-5, serving: P1
2026-02-26T23:45:44.452Z [ODDS] (serving: Jones/Martin)  Jones/Martin: 1/14 → 1/66, Monzon/Tenti: 13/2 → 11/1
2026-02-26T23:45:44.453Z [EVENT] (serving: Jones/Martin)  game: 9-5
2026-02-26T23:46:20.081Z [ODDS] (serving: Jones/Martin)  Jones/Martin: 1/66 → 0/0, Monzon/Tenti: 11/1 → 0/0
2026-02-26T23:46:20.081Z [EVENT] (serving: Jones/Martin)  sets: 3-6,6-4,1-0, game: 0-0
