2026-02-26T20:08:29.160Z [ODDS] (serving: Aoyama/Shibahara)  Ayukawa/Morisaki: 9/2 → 5/1, Aoyama/Shibahara: 1/7 → 1/8
2026-02-26T20:08:29.160Z [EVENT] (serving: Aoyama/Shibahara)  game: 0-30
2026-02-26T20:08:49.906Z [EVENT] (serving: Aoyama/Shibahara)  game: 0-40
2026-02-26T20:09:16.068Z [ODDS] (serving: Ayukawa/Morisaki)  Ayukawa/Morisaki: 5/1 → 11/2, Aoyama/Shibahara: 1/8 → 1/9
2026-02-26T20:09:16.068Z [EVENT] (serving: Ayukawa/Morisaki)  sets: 0-1, game: 0-0, serving: P1
2026-02-26T20:10:13.343Z [EVENT] (serving: Ayukawa/Morisaki)  game: 0-15
2026-02-26T20:10:38.601Z [ODDS] (serving: Ayukawa/Morisaki)  Ayukawa/Morisaki: 11/2 → 6/1, Aoyama/Shibahara: 1/9 → 1/10
2026-02-26T20:10:50.780Z [EVENT] (serving: Ayukawa/Morisaki)  game: 0-30
2026-02-26T20:11:44.449Z [ODDS] (serving: Ayukawa/Morisaki)  Ayukawa/Morisaki: 6/1 → 7/1, Aoyama/Shibahara: 1/10 → 1/12
2026-02-26T20:11:44.449Z [EVENT] (serving: Ayukawa/Morisaki)  game: 0-40
2026-02-26T20:12:29.998Z [EVENT] (serving: Aoyama/Shibahara)  sets: 0-2, game: 0-0, serving: P2
2026-02-26T20:13:16.001Z [EVENT] (serving: Aoyama/Shibahara)  game: 0-15
2026-02-26T20:13:46.218Z [ODDS] (serving: Aoyama/Shibahara)  Ayukawa/Morisaki: 7/1 → 8/1, Aoyama/Shibahara: 1/12 → 1/14
2026-02-26T20:13:46.218Z [EVENT] (serving: Aoyama/Shibahara)  game: 0-30
2026-02-26T20:14:14.178Z [EVENT] (serving: Aoyama/Shibahara)  game: 0-40
2026-02-26T20:14:43.050Z [EVENT] (serving: Aoyama/Shibahara)  game: 15-40
2026-02-26T20:15:17.770Z [ODDS] (serving: Aoyama/Shibahara)  Ayukawa/Morisaki: 8/1 → 7/1, Aoyama/Shibahara: 1/14 → 1/12
2026-02-26T20:15:17.770Z [EVENT] (serving: Aoyama/Shibahara)  game: 30-40
2026-02-26T20:16:03.325Z [ODDS] (serving: Aoyama/Shibahara)  Ayukawa/Morisaki: 7/1 → 6/1, Aoyama/Shibahara: 1/12 → 1/10
2026-02-26T20:16:03.325Z [EVENT] (serving: Aoyama/Shibahara)  game: 40-40
2026-02-26T20:16:36.249Z [ODDS] (serving: Ayukawa/Morisaki)  Ayukawa/Morisaki: 6/1 → 8/1, Aoyama/Shibahara: 1/10 → 1/14
2026-02-26T20:16:36.249Z [EVENT] (serving: Ayukawa/Morisaki)  sets: 0-3, game: 0-0, serving: P1
2026-02-26T20:18:28.104Z [ODDS] (serving: Ayukawa/Morisaki)  Ayukawa/Morisaki: 8/1 → 7/1, Aoyama/Shibahara: 1/14 → 1/12
2026-02-26T20:18:28.104Z [EVENT] (serving: Ayukawa/Morisaki)  game: 15-0
2026-02-26T20:18:51.104Z [ODDS] (serving: Ayukawa/Morisaki)  Ayukawa/Morisaki: 7/1 → 8/1, Aoyama/Shibahara: 1/12 → 1/14
2026-02-26T20:18:59.687Z [ODDS] (serving: Ayukawa/Morisaki)  Ayukawa/Morisaki: 8/1 → 7/1, Aoyama/Shibahara: 1/14 → 1/12
2026-02-26T20:18:59.687Z [EVENT] (serving: Ayukawa/Morisaki)  game: 30-0
2026-02-26T20:19:25.383Z [EVENT] (serving: Ayukawa/Morisaki)  game: 40-0
2026-02-26T20:19:56.952Z [EVENT] (serving: Aoyama/Shibahara)  sets: 1-3, game: 0-0, serving: P2
2026-02-26T20:20:34.385Z [EVENT] (serving: Aoyama/Shibahara)  game: 0-15
2026-02-26T20:21:11.368Z [EVENT] (serving: Aoyama/Shibahara)  game: 15-15
2026-02-26T20:21:38.428Z [EVENT] (serving: Aoyama/Shibahara)  game: 15-30
2026-02-26T20:22:00.982Z [ODDS] (serving: Aoyama/Shibahara)  Ayukawa/Morisaki: 7/1 → 8/1, Aoyama/Shibahara: 1/12 → 1/14
2026-02-26T20:22:00.982Z [EVENT] (serving: Aoyama/Shibahara)  game: 15-40
2026-02-26T20:22:32.554Z [EVENT] (serving: Ayukawa/Morisaki)  sets: 1-4, game: 0-0, serving: P1
2026-02-26T20:24:50.556Z [EVENT] (serving: Ayukawa/Morisaki)  game: 15-0
2026-02-26T20:25:39.696Z [ODDS] (serving: Ayukawa/Morisaki)  Ayukawa/Morisaki: 8/1 → 9/1, Aoyama/Shibahara: 1/14 → 1/16
2026-02-26T20:25:39.696Z [EVENT] (serving: Ayukawa/Morisaki)  game: 15-15
2026-02-26T20:26:23.456Z [ODDS] (serving: Ayukawa/Morisaki)  Ayukawa/Morisaki: 9/1 → 8/1, Aoyama/Shibahara: 1/16 → 1/14
2026-02-26T20:26:23.457Z [EVENT] (serving: Ayukawa/Morisaki)  game: 30-15
2026-02-26T20:26:51.411Z [EVENT] (serving: Ayukawa/Morisaki)  game: 40-15
2026-02-26T20:27:15.314Z [EVENT] (serving: Ayukawa/Morisaki)  game: 40-30
2026-02-26T20:27:56.811Z [ODDS] (serving: Ayukawa/Morisaki)  Ayukawa/Morisaki: 8/1 → 9/1, Aoyama/Shibahara: 1/14 → 1/16
2026-02-26T20:27:56.811Z [EVENT] (serving: Ayukawa/Morisaki)  game: 40-40
2026-02-26T20:29:02.199Z [ODDS] (serving: Aoyama/Shibahara)  Ayukawa/Morisaki: 9/1 → 8/1, Aoyama/Shibahara: 1/16 → 1/14
2026-02-26T20:29:02.199Z [EVENT] (serving: Aoyama/Shibahara)  sets: 2-4, game: 0-0, serving: P2
2026-02-26T20:29:04.906Z [ODDS] (serving: Aoyama/Shibahara)  Ayukawa/Morisaki: 8/1 → 7/1, Aoyama/Shibahara: 1/14 → 1/12
2026-02-26T20:29:31.966Z [ODDS] (serving: Aoyama/Shibahara)  Ayukawa/Morisaki: 7/1 → 8/1, Aoyama/Shibahara: 1/12 → 1/14
2026-02-26T20:29:31.966Z [EVENT] (serving: Aoyama/Shibahara)  game: 0-15
2026-02-26T20:29:57.681Z [ODDS] (serving: Aoyama/Shibahara)  Ayukawa/Morisaki: 8/1 → 9/1, Aoyama/Shibahara: 1/14 → 1/16
2026-02-26T20:29:57.681Z [EVENT] (serving: Aoyama/Shibahara)  game: 0-30
2026-02-26T20:30:40.972Z [ODDS] (serving: Aoyama/Shibahara)  Ayukawa/Morisaki: 9/1 → 10/1, Aoyama/Shibahara: 1/16 → 1/20
2026-02-26T20:30:40.972Z [EVENT] (serving: Aoyama/Shibahara)  game: 0-40
2026-02-26T20:31:09.390Z [EVENT] (serving: Ayukawa/Morisaki)  sets: 2-5, game: 0-0, serving: P1
2026-02-26T20:33:10.838Z [EVENT] (serving: Ayukawa/Morisaki)  game: 0-15
2026-02-26T20:33:35.069Z [ODDS] (serving: Ayukawa/Morisaki)  Ayukawa/Morisaki: 10/1 → 12/1, Aoyama/Shibahara: 1/20 → 1/25
2026-02-26T20:33:35.069Z [EVENT] (serving: Ayukawa/Morisaki)  game: 0-30
2026-02-26T20:33:58.994Z [ODDS] (serving: Ayukawa/Morisaki)  Ayukawa/Morisaki: 12/1 → 10/1, Aoyama/Shibahara: 1/25 → 1/20
2026-02-26T20:33:58.994Z [EVENT] (serving: Ayukawa/Morisaki)  game: 15-30
2026-02-26T20:34:43.167Z [EVENT] (serving: Ayukawa/Morisaki)  game: 30-30
2026-02-26T20:35:12.929Z [EVENT] (serving: Ayukawa/Morisaki)  game: 40-30
2026-02-26T20:35:36.382Z [EVENT] (serving: Ayukawa/Morisaki)  game: 40-40
2026-02-26T20:36:33.212Z [ODDS] (serving: Aoyama/Shibahara)  Ayukawa/Morisaki: 10/1 → 9/1, Aoyama/Shibahara: 1/20 → 1/16
2026-02-26T20:36:33.212Z [EVENT] (serving: Aoyama/Shibahara)  sets: 3-5, game: 0-0, serving: P2
2026-02-26T20:37:22.366Z [ODDS] (serving: Aoyama/Shibahara)  Ayukawa/Morisaki: 9/1 → 10/1, Aoyama/Shibahara: 1/16 → 1/20
2026-02-26T20:37:22.366Z [EVENT] (serving: Aoyama/Shibahara)  game: 0-15
2026-02-26T20:37:45.822Z [ODDS] (serving: Aoyama/Shibahara)  Ayukawa/Morisaki: 10/1 → 9/1, Aoyama/Shibahara: 1/20 → 1/16
2026-02-26T20:37:58.450Z [EVENT] (serving: Aoyama/Shibahara)  game: 15-15
2026-02-26T20:38:49.559Z [ODDS] (serving: Aoyama/Shibahara)  Ayukawa/Morisaki: 9/1 → 8/1, Aoyama/Shibahara: 1/16 → 1/14
2026-02-26T20:39:03.102Z [ODDS] (serving: Aoyama/Shibahara)  Ayukawa/Morisaki: 8/1 → 10/1, Aoyama/Shibahara: 1/14 → 1/20
2026-02-26T20:39:03.102Z [EVENT] (serving: Aoyama/Shibahara)  game: 15-30
2026-02-26T20:39:31.509Z [ODDS] (serving: Aoyama/Shibahara)  Ayukawa/Morisaki: 10/1 → 12/1, Aoyama/Shibahara: 1/20 → 1/25
2026-02-26T20:39:31.509Z [EVENT] (serving: Aoyama/Shibahara)  game: 15-40
2026-02-26T20:39:54.955Z [EVENT] (serving: Ayukawa/Morisaki)  sets: 3-6,0-0, game: 0-0, serving: P1
2026-02-26T20:42:48.141Z [ODDS] (serving: Ayukawa/Morisaki)  Ayukawa/Morisaki: 12/1 → 10/1, Aoyama/Shibahara: 1/25 → 1/20
2026-02-26T20:42:48.141Z [EVENT] (serving: Ayukawa/Morisaki)  game: 15-0
2026-02-26T20:43:17.907Z [EVENT] (serving: Ayukawa/Morisaki)  game: 30-0
2026-02-26T20:43:42.261Z [ODDS] (serving: Ayukawa/Morisaki)  Ayukawa/Morisaki: 10/1 → 9/1, Aoyama/Shibahara: 1/20 → 1/16
2026-02-26T20:43:42.261Z [EVENT] (serving: Ayukawa/Morisaki)  game: 40-0
2026-02-26T20:44:07.968Z [ODDS] (serving: Ayukawa/Morisaki)  Ayukawa/Morisaki: 9/1 → 10/1, Aoyama/Shibahara: 1/16 → 1/20
2026-02-26T20:44:07.968Z [EVENT] (serving: Ayukawa/Morisaki)  game: 40-15
2026-02-26T20:44:42.695Z [EVENT] (serving: Ayukawa/Morisaki)  game: 40-30
2026-02-26T20:45:18.775Z [ODDS] (serving: Ayukawa/Morisaki)  Ayukawa/Morisaki: 10/1 → 12/1, Aoyama/Shibahara: 1/20 → 1/25
2026-02-26T20:45:18.775Z [EVENT] (serving: Ayukawa/Morisaki)  game: 40-40
2026-02-26T20:45:52.150Z [ODDS] (serving: Aoyama/Shibahara)  Ayukawa/Morisaki: 12/1 → 9/1, Aoyama/Shibahara: 1/25 → 1/16
2026-02-26T20:45:52.150Z [EVENT] (serving: Aoyama/Shibahara)  sets: 3-6,1-0, game: 0-0, serving: P2
2026-02-26T20:47:13.333Z [ODDS] (serving: Aoyama/Shibahara)  Ayukawa/Morisaki: 9/1 → 10/1, Aoyama/Shibahara: 1/16 → 1/20
2026-02-26T20:47:13.333Z [EVENT] (serving: Aoyama/Shibahara)  game: 0-15
2026-02-26T20:47:37.239Z [EVENT] (serving: Aoyama/Shibahara)  game: 0-30
2026-02-26T20:48:00.332Z [ODDS] (serving: Aoyama/Shibahara)  Ayukawa/Morisaki: 10/1 → 12/1, Aoyama/Shibahara: 1/20 → 1/25
2026-02-26T20:48:00.332Z [EVENT] (serving: Aoyama/Shibahara)  game: 0-40
2026-02-26T20:48:35.962Z [ODDS] (serving: Aoyama/Shibahara)  Ayukawa/Morisaki: 12/1 → 10/1, Aoyama/Shibahara: 1/25 → 1/20
2026-02-26T20:48:35.962Z [EVENT] (serving: Aoyama/Shibahara)  game: 15-40
2026-02-26T20:49:03.933Z [EVENT] (serving: Aoyama/Shibahara)  game: 30-40
2026-02-26T20:49:28.279Z [ODDS] (serving: Aoyama/Shibahara)  Ayukawa/Morisaki: 10/1 → 9/1, Aoyama/Shibahara: 1/20 → 1/16
2026-02-26T20:49:40.908Z [ODDS] (serving: Aoyama/Shibahara)  Ayukawa/Morisaki: 9/1 → 8/1, Aoyama/Shibahara: 1/16 → 1/14
2026-02-26T20:49:40.908Z [EVENT] (serving: Aoyama/Shibahara)  game: 40-40
2026-02-26T20:50:14.302Z [ODDS] (serving: Ayukawa/Morisaki)  Ayukawa/Morisaki: 8/1 → 10/1, Aoyama/Shibahara: 1/14 → 1/20
2026-02-26T20:50:14.302Z [EVENT] (serving: Ayukawa/Morisaki)  sets: 3-6,1-1, game: 0-0, serving: P1
2026-02-26T20:50:50.833Z [EVENT] (serving: Ayukawa/Morisaki)  game: 15-0
2026-02-26T20:51:12.032Z [EVENT] (serving: Ayukawa/Morisaki)  game: 15-15
2026-02-26T20:51:35.949Z [ODDS] (serving: Ayukawa/Morisaki)  Ayukawa/Morisaki: 10/1 → 12/1, Aoyama/Shibahara: 1/20 → 1/25
2026-02-26T20:51:35.949Z [EVENT] (serving: Ayukawa/Morisaki)  game: 15-30
2026-02-26T20:52:01.194Z [ODDS] (serving: Ayukawa/Morisaki)  Ayukawa/Morisaki: 12/1 → 14/1, Aoyama/Shibahara: 1/25 → 1/33
2026-02-26T20:52:12.019Z [ODDS] (serving: Ayukawa/Morisaki)  Ayukawa/Morisaki: 14/1 → 10/1, Aoyama/Shibahara: 1/33 → 1/20
2026-02-26T20:52:12.019Z [EVENT] (serving: Ayukawa/Morisaki)  game: 30-30
2026-02-26T20:52:50.886Z [ODDS] (serving: Ayukawa/Morisaki)  Ayukawa/Morisaki: 10/1 → 9/1, Aoyama/Shibahara: 1/20 → 1/16
2026-02-26T20:52:50.886Z [EVENT] (serving: Ayukawa/Morisaki)  game: 40-30
2026-02-26T20:53:22.833Z [ODDS] (serving: Aoyama/Shibahara)  Ayukawa/Morisaki: 9/1 → 8/1, Aoyama/Shibahara: 1/16 → 1/14
2026-02-26T20:53:22.833Z [EVENT] (serving: Aoyama/Shibahara)  sets: 3-6,2-1, game: 0-0, serving: P2
2026-02-26T20:55:25.964Z [ODDS] (serving: Aoyama/Shibahara)  Ayukawa/Morisaki: 8/1 → 9/1, Aoyama/Shibahara: 1/14 → 1/16
2026-02-26T20:55:25.964Z [EVENT] (serving: Aoyama/Shibahara)  game: 0-15
2026-02-26T20:56:03.398Z [ODDS] (serving: Aoyama/Shibahara)  Ayukawa/Morisaki: 9/1 → 10/1, Aoyama/Shibahara: 1/16 → 1/20
2026-02-26T20:56:03.398Z [EVENT] (serving: Aoyama/Shibahara)  game: 0-30
2026-02-26T20:56:29.107Z [EVENT] (serving: Aoyama/Shibahara)  game: 0-40
2026-02-26T20:56:59.323Z [EVENT] (serving: Ayukawa/Morisaki)  sets: 3-6,2-2, game: 0-0, serving: P1
2026-02-26T20:57:39.011Z [ODDS] (serving: Ayukawa/Morisaki)  Ayukawa/Morisaki: 10/1 → 12/1, Aoyama/Shibahara: 1/20 → 1/25
2026-02-26T20:57:39.011Z [EVENT] (serving: Ayukawa/Morisaki)  game: 0-15
2026-02-26T20:58:33.591Z [ODDS] (serving: Ayukawa/Morisaki)  Ayukawa/Morisaki: 12/1 → 10/1, Aoyama/Shibahara: 1/25 → 1/20
2026-02-26T20:58:33.592Z [EVENT] (serving: Ayukawa/Morisaki)  game: 15-15
2026-02-26T20:59:10.126Z [ODDS] (serving: Ayukawa/Morisaki)  Ayukawa/Morisaki: 10/1 → 12/1, Aoyama/Shibahara: 1/20 → 1/25
2026-02-26T20:59:25.902Z [ODDS] (serving: Ayukawa/Morisaki)  Ayukawa/Morisaki: 12/1 → 9/1, Aoyama/Shibahara: 1/25 → 1/16
2026-02-26T20:59:25.902Z [EVENT] (serving: Ayukawa/Morisaki)  game: 30-15
2026-02-26T21:00:01.153Z [ODDS] (serving: Ayukawa/Morisaki)  Ayukawa/Morisaki: 9/1 → 10/1, Aoyama/Shibahara: 1/16 → 1/20
2026-02-26T21:00:01.153Z [EVENT] (serving: Ayukawa/Morisaki)  game: 30-30
2026-02-26T21:00:42.579Z [ODDS] (serving: Ayukawa/Morisaki)  Ayukawa/Morisaki: 10/1 → 14/1, Aoyama/Shibahara: 1/20 → 1/33
2026-02-26T21:00:42.579Z [EVENT] (serving: Ayukawa/Morisaki)  game: 30-40
2026-02-26T21:00:46.186Z [ODDS] (serving: Ayukawa/Morisaki)  Ayukawa/Morisaki: 14/1 → 10/1, Aoyama/Shibahara: 1/33 → 1/20
2026-02-26T21:00:46.186Z [EVENT] (serving: Ayukawa/Morisaki)  game: 30-30
2026-02-26T21:00:47.088Z [ODDS] (serving: Ayukawa/Morisaki)  Ayukawa/Morisaki: 10/1 → 9/1, Aoyama/Shibahara: 1/20 → 1/16
2026-02-26T21:00:47.088Z [EVENT] (serving: Ayukawa/Morisaki)  game: 40-30
2026-02-26T21:01:12.343Z [ODDS] (serving: Ayukawa/Morisaki)  Ayukawa/Morisaki: 9/1 → 10/1, Aoyama/Shibahara: 1/16 → 1/20
2026-02-26T21:01:28.591Z [EVENT] (serving: Ayukawa/Morisaki)  game: 40-40
2026-02-26T21:02:12.342Z [ODDS] (serving: Aoyama/Shibahara)  Ayukawa/Morisaki: 10/1 → 18/1, Aoyama/Shibahara: 1/20 → 1/50
2026-02-26T21:02:12.342Z [EVENT] (serving: Aoyama/Shibahara)  sets: 3-6,2-3, game: 0-0, serving: P2
2026-02-26T21:04:38.004Z [ODDS] (serving: Aoyama/Shibahara)  Ayukawa/Morisaki: 18/1 → 16/1, Aoyama/Shibahara: 1/50 → 1/40
2026-02-26T21:04:38.004Z [EVENT] (serving: Aoyama/Shibahara)  game: 15-0
2026-02-26T21:05:03.709Z [ODDS] (serving: Aoyama/Shibahara)  Ayukawa/Morisaki: 16/1 → 18/1, Aoyama/Shibahara: 1/40 → 1/50
2026-02-26T21:05:03.709Z [EVENT] (serving: Aoyama/Shibahara)  game: 15-15
2026-02-26T21:05:43.857Z [ODDS] (serving: Aoyama/Shibahara)  Ayukawa/Morisaki: 18/1 → 20/1, Aoyama/Shibahara: 1/50 → 1/66
2026-02-26T21:05:43.857Z [EVENT] (serving: Aoyama/Shibahara)  game: 15-30
2026-02-26T21:06:12.741Z [ODDS] (serving: Aoyama/Shibahara)  Ayukawa/Morisaki: 20/1 → 22/1, Aoyama/Shibahara: 1/66 → 1/80
2026-02-26T21:06:12.741Z [EVENT] (serving: Aoyama/Shibahara)  game: 15-40
2026-02-26T21:06:47.891Z [ODDS] (serving: Ayukawa/Morisaki)  Ayukawa/Morisaki: 22/1 → 25/1, Aoyama/Shibahara: 1/80 → 1/100
2026-02-26T21:06:47.891Z [EVENT] (serving: Ayukawa/Morisaki)  sets: 3-6,2-4, game: 0-0, serving: P1
2026-02-26T21:07:29.383Z [ODDS] (serving: Ayukawa/Morisaki)  Ayukawa/Morisaki: 25/1 → 22/1, Aoyama/Shibahara: 1/100 → 1/80
2026-02-26T21:07:29.383Z [EVENT] (serving: Ayukawa/Morisaki)  game: 15-0
2026-02-26T21:07:51.034Z [ODDS] (serving: Ayukawa/Morisaki)  Ayukawa/Morisaki: 22/1 → 20/1, Aoyama/Shibahara: 1/80 → 1/66
2026-02-26T21:07:51.035Z [EVENT] (serving: Ayukawa/Morisaki)  game: 30-0
2026-02-26T21:08:19.298Z [EVENT] (serving: Ayukawa/Morisaki)  game: 40-0
2026-02-26T21:08:56.280Z [EVENT] (serving: Ayukawa/Morisaki)  game: 40-15
2026-02-26T21:09:30.555Z [ODDS] (serving: Ayukawa/Morisaki)  Ayukawa/Morisaki: 20/1 → 22/1, Aoyama/Shibahara: 1/66 → 1/80
2026-02-26T21:09:30.555Z [EVENT] (serving: Ayukawa/Morisaki)  game: 40-30
2026-02-26T21:10:19.277Z [ODDS] (serving: Aoyama/Shibahara)  Ayukawa/Morisaki: 22/1 → 20/1, Aoyama/Shibahara: 1/80 → 1/66
2026-02-26T21:10:19.277Z [EVENT] (serving: Aoyama/Shibahara)  sets: 3-6,3-4, game: 0-0, serving: P2
2026-02-26T21:12:26.001Z [ODDS] (serving: Aoyama/Shibahara)  Ayukawa/Morisaki: 20/1 → 25/1, Aoyama/Shibahara: 1/66 → 1/100
2026-02-26T21:12:26.002Z [EVENT] (serving: Aoyama/Shibahara)  game: 0-15
2026-02-26T21:12:51.710Z [ODDS] (serving: Aoyama/Shibahara)  Ayukawa/Morisaki: 25/1 → 28/1, Aoyama/Shibahara: 1/100 → 1/150
2026-02-26T21:12:51.710Z [EVENT] (serving: Aoyama/Shibahara)  game: 0-30
2026-02-26T21:13:18.334Z [ODDS] (serving: Aoyama/Shibahara)  Ayukawa/Morisaki: 28/1 → 33/1, Aoyama/Shibahara: 1/150 → 1/200
2026-02-26T21:13:18.335Z [EVENT] (serving: Aoyama/Shibahara)  game: 0-40
2026-02-26T21:13:44.471Z [ODDS] (serving: Aoyama/Shibahara)  Ayukawa/Morisaki: 33/1 → 28/1, Aoyama/Shibahara: 1/200 → 1/150
2026-02-26T21:13:56.657Z [ODDS] (serving: Ayukawa/Morisaki)  Ayukawa/Morisaki: 28/1 → 33/1, Aoyama/Shibahara: 1/150 → 1/200
2026-02-26T21:13:56.657Z [EVENT] (serving: Ayukawa/Morisaki)  sets: 3-6,3-5, game: 0-0, serving: P1
2026-02-26T21:14:35.914Z [ODDS] (serving: Ayukawa/Morisaki)  Ayukawa/Morisaki: 33/1 → 28/1, Aoyama/Shibahara: 1/200 → 1/150
2026-02-26T21:14:35.914Z [EVENT] (serving: Ayukawa/Morisaki)  game: 15-0
2026-02-26T21:15:02.059Z [ODDS] (serving: Ayukawa/Morisaki)  Ayukawa/Morisaki: 28/1 → 25/1, Aoyama/Shibahara: 1/150 → 1/100
2026-02-26T21:15:02.059Z [EVENT] (serving: Ayukawa/Morisaki)  game: 30-0
2026-02-26T21:15:39.934Z [ODDS] (serving: Ayukawa/Morisaki)  Ayukawa/Morisaki: 25/1 → 28/1, Aoyama/Shibahara: 1/100 → 1/150
2026-02-26T21:15:39.934Z [EVENT] (serving: Ayukawa/Morisaki)  game: 30-15
2026-02-26T21:16:17.364Z [ODDS] (serving: Ayukawa/Morisaki)  Ayukawa/Morisaki: 28/1 → 33/1, Aoyama/Shibahara: 1/150 → 1/200
2026-02-26T21:16:17.364Z [EVENT] (serving: Ayukawa/Morisaki)  game: 30-30
2026-02-26T21:16:53.448Z [ODDS] (serving: Ayukawa/Morisaki)  Ayukawa/Morisaki: 33/1 → 40/1, Aoyama/Shibahara: 1/200 → 1/250
2026-02-26T21:17:05.623Z [ODDS] (serving: Ayukawa/Morisaki)  Ayukawa/Morisaki: 40/1 → 50/1, Aoyama/Shibahara: 1/250 → 1/500
2026-02-26T21:17:05.623Z [EVENT] (serving: Ayukawa/Morisaki)  game: 30-40
2026-02-26T21:17:38.093Z [ODDS] (serving: Ayukawa/Morisaki)  Ayukawa/Morisaki: 50/1 → 66/1, Aoyama/Shibahara: 1/500 → 1/750
2026-02-26T21:17:51.436Z [ODDS] (serving: Ayukawa/Morisaki)  Ayukawa/Morisaki: 66/1 → 0/0, Aoyama/Shibahara: 1/750 → 0/0
2026-02-26T21:17:51.436Z [EVENT] (serving: Ayukawa/Morisaki)  sets: 3-6,3-6, game: 0-0
