2026-02-27T00:08:55.920Z [ODDS] (serving: Ema Burgic)  Akasha Urhobo: 1/9 → 1/12, Ema Burgic: 5/1 → 6/1
2026-02-27T00:08:55.920Z [EVENT] (serving: Ema Burgic)  game: A-40
2026-02-27T00:09:31.098Z [ODDS] (serving: Ema Burgic)  Akasha Urhobo: 1/12 → 1/14, Ema Burgic: 6/1 → 13/2
2026-02-27T00:10:05.826Z [ODDS] (serving: Akasha Urhobo)  Akasha Urhobo: 1/14 → 1/20, Ema Burgic: 13/2 → 8/1
2026-02-27T00:10:05.827Z [EVENT] (serving: Akasha Urhobo)  sets: 4-6,6-4,3-0, game: 0-0, serving: P1
2026-02-27T00:12:06.750Z [ODDS] (serving: Akasha Urhobo)  Akasha Urhobo: 1/20 → 1/16, Ema Burgic: 8/1 → 7/1
2026-02-27T00:12:06.750Z [EVENT] (serving: Akasha Urhobo)  game: 0-15
2026-02-27T00:12:41.422Z [ODDS] (serving: Akasha Urhobo)  Akasha Urhobo: 1/16 → 1/20, Ema Burgic: 7/1 → 8/1
2026-02-27T00:12:41.422Z [EVENT] (serving: Akasha Urhobo)  game: 15-15
2026-02-27T00:13:07.130Z [ODDS] (serving: Akasha Urhobo)  Akasha Urhobo: 1/20 → 1/18, Ema Burgic: 8/1 → 15/2
2026-02-27T00:13:31.483Z [ODDS] (serving: Akasha Urhobo)  Akasha Urhobo: 1/18 → 1/14, Ema Burgic: 15/2 → 13/2
2026-02-27T00:13:31.483Z [EVENT] (serving: Akasha Urhobo)  game: 15-30
2026-02-27T00:14:06.662Z [ODDS] (serving: Akasha Urhobo)  Akasha Urhobo: 1/14 → 1/20, Ema Burgic: 13/2 → 8/1
2026-02-27T00:14:06.662Z [EVENT] (serving: Akasha Urhobo)  game: 30-30
2026-02-27T00:14:44.548Z [ODDS] (serving: Akasha Urhobo)  Akasha Urhobo: 1/20 → 1/33, Ema Burgic: 8/1 → 10/1
2026-02-27T00:14:44.548Z [EVENT] (serving: Akasha Urhobo)  game: 40-30
2026-02-27T00:15:16.570Z [ODDS] (serving: Akasha Urhobo)  Akasha Urhobo: 1/33 → 1/25, Ema Burgic: 10/1 → 9/1
2026-02-27T00:15:40.472Z [ODDS] (serving: Ema Burgic)  Akasha Urhobo: 1/25 → 1/50, Ema Burgic: 9/1 → 12/1
2026-02-27T00:15:40.472Z [EVENT] (serving: Ema Burgic)  sets: 4-6,6-4,4-0, game: 0-0, serving: P2
2026-02-27T00:16:22.866Z [ODDS] (serving: Ema Burgic)  Akasha Urhobo: 1/50 → 1/80, Ema Burgic: 12/1 → 15/1
2026-02-27T00:16:22.866Z [EVENT] (serving: Ema Burgic)  game: 15-0
2026-02-27T00:16:47.220Z [ODDS] (serving: Ema Burgic)  Akasha Urhobo: 1/80 → 1/100, Ema Burgic: 15/1 → 16/1
2026-02-27T00:16:59.854Z [ODDS] (serving: Ema Burgic)  Akasha Urhobo: 1/100 → 1/150, Ema Burgic: 16/1 → 20/1
2026-02-27T00:16:59.854Z [EVENT] (serving: Ema Burgic)  game: 30-0
2026-02-27T00:17:53.971Z [ODDS] (serving: Ema Burgic)  Akasha Urhobo: 1/150 → 1/250, Ema Burgic: 20/1 → 28/1
2026-02-27T00:17:53.971Z [EVENT] (serving: Ema Burgic)  game: 40-0
2026-02-27T00:18:30.049Z [ODDS] (serving: Akasha Urhobo)  Akasha Urhobo: 1/250 → 1/500, Ema Burgic: 28/1 → 33/1
2026-02-27T00:18:30.049Z [EVENT] (serving: Akasha Urhobo)  sets: 4-6,6-4,5-0, game: 0-0, serving: P1
2026-02-27T00:20:22.349Z [ODDS] (serving: Akasha Urhobo)  Akasha Urhobo: 1/500 → 1/250, Ema Burgic: 33/1 → 28/1
2026-02-27T00:20:22.349Z [EVENT] (serving: Akasha Urhobo)  game: 0-15
2026-02-27T00:21:08.352Z [ODDS] (serving: Akasha Urhobo)  Akasha Urhobo: 1/250 → 1/500, Ema Burgic: 28/1 → 33/1
2026-02-27T00:21:08.352Z [EVENT] (serving: Akasha Urhobo)  game: 15-15
2026-02-27T00:21:31.352Z [ODDS] (serving: Akasha Urhobo)  Akasha Urhobo: 1/500 → 1/250, Ema Burgic: 33/1 → 28/1
2026-02-27T00:21:31.352Z [EVENT] (serving: Akasha Urhobo)  game: 15-30
2026-02-27T00:22:15.099Z [ODDS] (serving: Akasha Urhobo)  Akasha Urhobo: 1/250 → 1/500, Ema Burgic: 28/1 → 33/1
2026-02-27T00:22:15.099Z [EVENT] (serving: Akasha Urhobo)  game: 30-30
2026-02-27T00:22:43.513Z [ODDS] (serving: Akasha Urhobo)  Akasha Urhobo: 1/500 → 1/250, Ema Burgic: 33/1 → 28/1
2026-02-27T00:22:43.513Z [EVENT] (serving: Akasha Urhobo)  game: 30-40
2026-02-27T00:23:27.712Z [ODDS] (serving: Ema Burgic)  Akasha Urhobo: 1/250 → 1/150, Ema Burgic: 28/1 → 20/1
2026-02-27T00:23:27.712Z [EVENT] (serving: Ema Burgic)  sets: 4-6,6-4,5-1, game: 0-0, serving: P2
2026-02-27T00:24:04.243Z [ODDS] (serving: Ema Burgic)  Akasha Urhobo: 1/150 → 1/100, Ema Burgic: 20/1 → 16/1
2026-02-27T00:24:04.243Z [EVENT] (serving: Ema Burgic)  game: 0-15
2026-02-27T00:24:38.528Z [ODDS] (serving: Ema Burgic)  Akasha Urhobo: 1/100 → 1/150, Ema Burgic: 16/1 → 20/1
2026-02-27T00:24:38.528Z [EVENT] (serving: Ema Burgic)  game: 15-15
2026-02-27T00:25:39.854Z [ODDS] (serving: Ema Burgic)  Akasha Urhobo: 1/150 → 1/250, Ema Burgic: 20/1 → 28/1
2026-02-27T00:25:39.854Z [EVENT] (serving: Ema Burgic)  game: 30-15
2026-02-27T00:25:57.896Z [ODDS] (serving: Ema Burgic)  Akasha Urhobo: 1/250 → 1/1000, Ema Burgic: 28/1 → 40/1
2026-02-27T00:25:57.896Z [EVENT] (serving: Ema Burgic)  game: 40-15
2026-02-27T00:27:15.054Z [ODDS] (serving: Ema Burgic)  Akasha Urhobo: 1/1000 → 1/500, Ema Burgic: 40/1 → 33/1
2026-02-27T00:27:15.054Z [EVENT] (serving: Ema Burgic)  game: 40-30
2026-02-27T00:28:24.073Z [ODDS] (serving: Ema Burgic)  Akasha Urhobo: 1/500 → 0/0, Ema Burgic: 33/1 → 0/0
2026-02-27T00:28:24.073Z [EVENT] (serving: Ema Burgic)  sets: 4-6,6-4,6-1, game: 0-0
