2026-02-27T02:08:44.734Z [ODDS] (serving: Dang/You)  Burgic/Loeb: 4/6 → 8/13, Dang/You: 11/10 → 6/5
2026-02-27T02:09:02.774Z [EVENT] (serving: Dang/You)  game: 15-15
2026-02-27T02:09:46.521Z [ODDS] (serving: Dang/You)  Burgic/Loeb: 8/13 → 8/15, Dang/You: 6/5 → 11/8
2026-02-27T02:09:46.521Z [EVENT] (serving: Dang/You)  game: 30-15
2026-02-27T02:10:26.662Z [ODDS] (serving: Dang/You)  Burgic/Loeb: 8/15 → 1/2, Dang/You: 11/8 → 6/4
2026-02-27T02:10:26.662Z [EVENT] (serving: Dang/You)  game: 40-15
2026-02-27T02:11:01.389Z [ODDS] (serving: Dang/You)  Burgic/Loeb: 1/2 → 4/9, Dang/You: 6/4 → 13/8
2026-02-27T02:11:18.530Z [ODDS] (serving: Dang/You)  Burgic/Loeb: 4/9 → 1/2, Dang/You: 13/8 → 6/4
2026-02-27T02:11:18.530Z [EVENT] (serving: Dang/You)  game: 40-30
2026-02-27T02:11:55.059Z [ODDS] (serving: Dang/You)  Burgic/Loeb: 1/2 → 4/7, Dang/You: 6/4 → 5/4
2026-02-27T02:11:55.059Z [EVENT] (serving: Dang/You)  game: 40-40
2026-02-27T02:12:29.786Z [ODDS] (serving: Dang/You)  Burgic/Loeb: 4/7 → 8/15, Dang/You: 5/4 → 11/8
2026-02-27T02:13:02.260Z [ODDS] (serving: Burgic/Loeb)  Burgic/Loeb: 8/15 → 4/6, Dang/You: 11/8 → 11/10
2026-02-27T02:13:02.260Z [EVENT] (serving: Burgic/Loeb)  sets: 2-1, game: 0-0, serving: P1
2026-02-27T02:15:11.251Z [ODDS] (serving: Burgic/Loeb)  Burgic/Loeb: 4/6 → 7/10, Dang/You: 11/10 → 21/20
2026-02-27T02:15:11.251Z [EVENT] (serving: Burgic/Loeb)  game: 0-15
2026-02-27T02:15:37.407Z [ODDS] (serving: Burgic/Loeb)  Burgic/Loeb: 7/10 → 3/4, Dang/You: 21/20 → 1/1
2026-02-27T02:15:54.549Z [ODDS] (serving: Burgic/Loeb)  Burgic/Loeb: 3/4 → 4/6, Dang/You: 1/1 → 11/10
2026-02-27T02:15:54.549Z [EVENT] (serving: Burgic/Loeb)  game: 15-15
2026-02-27T02:16:29.723Z [ODDS] (serving: Burgic/Loeb)  Burgic/Loeb: 4/6 → 3/4, Dang/You: 11/10 → 1/1
2026-02-27T02:16:29.723Z [EVENT] (serving: Burgic/Loeb)  game: 15-30
2026-02-27T02:17:04.902Z [ODDS] (serving: Burgic/Loeb)  Burgic/Loeb: 3/4 → 7/10, Dang/You: 1/1 → 21/20
2026-02-27T02:17:04.902Z [EVENT] (serving: Burgic/Loeb)  game: 30-30
2026-02-27T02:17:57.219Z [ODDS] (serving: Burgic/Loeb)  Burgic/Loeb: 7/10 → 4/5, Dang/You: 21/20 → 19/20
2026-02-27T02:17:57.219Z [EVENT] (serving: Burgic/Loeb)  game: 30-40
2026-02-27T02:18:29.239Z [ODDS] (serving: Dang/You)  Burgic/Loeb: 4/5 → 19/20, Dang/You: 19/20 → 4/5
2026-02-27T02:18:29.239Z [EVENT] (serving: Dang/You)  sets: 2-2, game: 0-0, serving: P2
2026-02-27T02:19:24.714Z [ODDS] (serving: Dang/You)  Burgic/Loeb: 19/20 → 10/11, Dang/You: 4/5 → 10/11
2026-02-27T02:19:37.792Z [ODDS] (serving: Dang/You)  Burgic/Loeb: 10/11 → 1/1, Dang/You: 10/11 → 3/4
2026-02-27T02:19:37.792Z [EVENT] (serving: Dang/You)  game: 0-15
2026-02-27T02:20:18.385Z [ODDS] (serving: Dang/You)  Burgic/Loeb: 1/1 → 11/10, Dang/You: 3/4 → 4/6
2026-02-27T02:20:18.385Z [EVENT] (serving: Dang/You)  game: 0-30
2026-02-27T02:20:47.925Z [ODDS] (serving: Dang/You)  Burgic/Loeb: 11/10 → 21/20, Dang/You: 4/6 → 7/10
2026-02-27T02:21:07.095Z [ODDS] (serving: Dang/You)  Burgic/Loeb: 21/20 → 6/5, Dang/You: 7/10 → 8/13
2026-02-27T02:21:07.095Z [EVENT] (serving: Dang/You)  game: 0-40
2026-02-27T02:21:47.684Z [EVENT] (serving: Burgic/Loeb)  sets: 2-3, game: 0-0, serving: P1
2026-02-27T02:23:40.437Z [ODDS] (serving: Burgic/Loeb)  Burgic/Loeb: 6/5 → 11/8, Dang/You: 8/13 → 8/15
2026-02-27T02:23:40.437Z [EVENT] (serving: Burgic/Loeb)  game: 0-15
2026-02-27T02:24:08.398Z [ODDS] (serving: Burgic/Loeb)  Burgic/Loeb: 11/8 → 6/4, Dang/You: 8/15 → 1/2
2026-02-27T02:24:22.379Z [ODDS] (serving: Burgic/Loeb)  Burgic/Loeb: 6/4 → 13/8, Dang/You: 1/2 → 4/9
2026-02-27T02:24:22.380Z [EVENT] (serving: Burgic/Loeb)  game: 0-30
2026-02-27T02:24:56.205Z [ODDS] (serving: Burgic/Loeb)  Burgic/Loeb: 13/8 → 6/4, Dang/You: 4/9 → 1/2
2026-02-27T02:24:56.205Z [EVENT] (serving: Burgic/Loeb)  game: 15-30
2026-02-27T02:25:49.881Z [ODDS] (serving: Burgic/Loeb)  Burgic/Loeb: 6/4 → 13/8, Dang/You: 1/2 → 4/9
2026-02-27T02:25:49.881Z [EVENT] (serving: Burgic/Loeb)  game: 15-40
2026-02-27T02:26:20.997Z [ODDS] (serving: Burgic/Loeb)  Burgic/Loeb: 13/8 → 7/4, Dang/You: 4/9 → 2/5
2026-02-27T02:26:32.271Z [ODDS] (serving: Burgic/Loeb)  Burgic/Loeb: 7/4 → 6/4, Dang/You: 2/5 → 1/2
2026-02-27T02:26:32.271Z [EVENT] (serving: Burgic/Loeb)  game: 30-40
2026-02-27T02:26:56.175Z [ODDS] (serving: Burgic/Loeb)  Burgic/Loeb: 6/4 → 13/8, Dang/You: 1/2 → 4/9
2026-02-27T02:27:07.902Z [ODDS] (serving: Burgic/Loeb)  Burgic/Loeb: 13/8 → 5/4, Dang/You: 4/9 → 4/7
2026-02-27T02:27:07.902Z [EVENT] (serving: Burgic/Loeb)  game: 40-40
2026-02-27T02:27:58.415Z [ODDS] (serving: Dang/You)  Burgic/Loeb: 5/4 → 1/1, Dang/You: 4/7 → 3/4
2026-02-27T02:27:58.415Z [EVENT] (serving: Dang/You)  sets: 3-3, game: 0-0, serving: P2
2026-02-27T02:28:45.773Z [ODDS] (serving: Dang/You)  Burgic/Loeb: 1/1 → 10/11, Dang/You: 3/4 → 10/11
2026-02-27T02:28:45.773Z [EVENT] (serving: Dang/You)  game: 15-0
2026-02-27T02:29:33.127Z [ODDS] (serving: Dang/You)  Burgic/Loeb: 10/11 → 4/5, Dang/You: 10/11 → 19/20
2026-02-27T02:29:33.127Z [EVENT] (serving: Dang/You)  game: 30-0
2026-02-27T02:30:11.915Z [ODDS] (serving: Dang/You)  Burgic/Loeb: 4/5 → 3/4, Dang/You: 19/20 → 1/1
2026-02-27T02:30:24.999Z [ODDS] (serving: Dang/You)  Burgic/Loeb: 3/4 → 10/11, Dang/You: 1/1 → 10/11
2026-02-27T02:30:24.999Z [EVENT] (serving: Dang/You)  game: 30-15
2026-02-27T02:31:29.945Z [ODDS] (serving: Dang/You)  Burgic/Loeb: 10/11 → 3/4, Dang/You: 10/11 → 1/1
2026-02-27T02:31:29.945Z [EVENT] (serving: Dang/You)  game: 40-15
2026-02-27T02:31:37.160Z [ODDS] (serving: Dang/You)  Burgic/Loeb: 3/4 → 7/10, Dang/You: 1/1 → 21/20
2026-02-27T02:32:00.173Z [ODDS] (serving: Burgic/Loeb)  Burgic/Loeb: 7/10 → 8/13, Dang/You: 21/20 → 6/5
2026-02-27T02:32:00.173Z [EVENT] (serving: Burgic/Loeb)  sets: 4-3, game: 0-0, serving: P1
2026-02-27T02:33:49.756Z [ODDS] (serving: Burgic/Loeb)  Burgic/Loeb: 8/13 → 3/4, Dang/You: 6/5 → 1/1
2026-02-27T02:33:49.756Z [EVENT] (serving: Burgic/Loeb)  game: 0-15
2026-02-27T02:34:33.504Z [ODDS] (serving: Burgic/Loeb)  Burgic/Loeb: 3/4 → 8/13, Dang/You: 1/1 → 6/5
2026-02-27T02:34:33.504Z [EVENT] (serving: Burgic/Loeb)  game: 15-15
2026-02-27T02:35:12.741Z [ODDS] (serving: Burgic/Loeb)  Burgic/Loeb: 8/13 → 3/4, Dang/You: 6/5 → 1/1
2026-02-27T02:35:12.741Z [EVENT] (serving: Burgic/Loeb)  game: 15-30
2026-02-27T02:35:58.743Z [ODDS] (serving: Burgic/Loeb)  Burgic/Loeb: 3/4 → 4/5, Dang/You: 1/1 → 19/20
2026-02-27T02:36:13.642Z [ODDS] (serving: Burgic/Loeb)  Burgic/Loeb: 4/5 → 10/11, Dang/You: 19/20 → 10/11
2026-02-27T02:36:13.642Z [EVENT] (serving: Burgic/Loeb)  game: 15-40
2026-02-27T02:36:42.491Z [ODDS] (serving: Burgic/Loeb)  Burgic/Loeb: 10/11 → 19/20, Dang/You: 10/11 → 4/5
2026-02-27T02:36:57.377Z [ODDS] (serving: Burgic/Loeb)  Burgic/Loeb: 19/20 → 4/5, Dang/You: 4/5 → 19/20
2026-02-27T02:36:57.377Z [EVENT] (serving: Burgic/Loeb)  game: 30-40
2026-02-27T02:37:28.045Z [ODDS] (serving: Burgic/Loeb)  Burgic/Loeb: 4/5 → 4/6, Dang/You: 19/20 → 11/10
2026-02-27T02:37:28.045Z [EVENT] (serving: Burgic/Loeb)  game: 40-40
2026-02-27T02:38:14.497Z [ODDS] (serving: Dang/You)  Burgic/Loeb: 4/6 → 4/9, Dang/You: 11/10 → 13/8
2026-02-27T02:38:14.497Z [EVENT] (serving: Dang/You)  sets: 5-3, game: 0-0, serving: P2
2026-02-27T02:39:27.959Z [ODDS] (serving: Dang/You)  Burgic/Loeb: 4/9 → 1/2, Dang/You: 13/8 → 6/4
2026-02-27T02:39:27.959Z [EVENT] (serving: Dang/You)  game: 0-15
2026-02-27T02:39:51.863Z [ODDS] (serving: Dang/You)  Burgic/Loeb: 1/2 → 4/9, Dang/You: 6/4 → 13/8
2026-02-27T02:39:51.863Z [EVENT] (serving: Dang/You)  game: 15-15
2026-02-27T02:40:43.277Z [ODDS] (serving: Dang/You)  Burgic/Loeb: 4/9 → 2/5, Dang/You: 13/8 → 7/4
2026-02-27T02:40:43.278Z [EVENT] (serving: Dang/You)  game: 30-15
2026-02-27T02:41:18.908Z [ODDS] (serving: Dang/You)  Burgic/Loeb: 2/5 → 4/9, Dang/You: 7/4 → 13/8
2026-02-27T02:41:18.908Z [EVENT] (serving: Dang/You)  game: 30-30
2026-02-27T02:42:13.027Z [ODDS] (serving: Dang/You)  Burgic/Loeb: 4/9 → 4/11, Dang/You: 13/8 → 2/1
2026-02-27T02:42:13.027Z [EVENT] (serving: Dang/You)  game: 40-30
2026-02-27T02:42:57.676Z [ODDS] (serving: Dang/You)  Burgic/Loeb: 4/11 → 4/9, Dang/You: 2/1 → 13/8
2026-02-27T02:42:57.676Z [EVENT] (serving: Dang/You)  game: 40-40
2026-02-27T02:43:39.488Z [ODDS] (serving: Burgic/Loeb)  Burgic/Loeb: 4/9 → 1/2, Dang/You: 13/8 → 6/4
2026-02-27T02:43:39.488Z [EVENT] (serving: Burgic/Loeb)  sets: 5-4, game: 0-0, serving: P1
2026-02-27T02:45:22.905Z [ODDS] (serving: Burgic/Loeb)  Burgic/Loeb: 1/2 → 8/15, Dang/You: 6/4 → 11/8
2026-02-27T02:45:36.889Z [ODDS] (serving: Burgic/Loeb)  Burgic/Loeb: 8/15 → 8/13, Dang/You: 11/8 → 6/5
2026-02-27T02:45:36.889Z [EVENT] (serving: Burgic/Loeb)  game: 0-15
2026-02-27T02:46:28.306Z [ODDS] (serving: Burgic/Loeb)  Burgic/Loeb: 8/13 → 8/15, Dang/You: 6/5 → 11/8
2026-02-27T02:46:28.307Z [EVENT] (serving: Burgic/Loeb)  game: 15-15
2026-02-27T02:47:10.706Z [ODDS] (serving: Burgic/Loeb)  Burgic/Loeb: 8/15 → 4/9, Dang/You: 11/8 → 13/8
2026-02-27T02:47:10.706Z [EVENT] (serving: Burgic/Loeb)  game: 30-15
2026-02-27T02:47:56.255Z [ODDS] (serving: Burgic/Loeb)  Burgic/Loeb: 4/9 → 8/15, Dang/You: 13/8 → 11/8
2026-02-27T02:47:56.256Z [EVENT] (serving: Burgic/Loeb)  game: 30-30
2026-02-27T02:48:53.085Z [ODDS] (serving: Burgic/Loeb)  Burgic/Loeb: 8/15 → 4/9, Dang/You: 11/8 → 13/8
2026-02-27T02:48:53.085Z [EVENT] (serving: Burgic/Loeb)  game: 40-30
2026-02-27T02:49:33.671Z [ODDS] (serving: Burgic/Loeb)  Burgic/Loeb: 4/9 → 4/7, Dang/You: 13/8 → 5/4
2026-02-27T02:49:33.671Z [EVENT] (serving: Burgic/Loeb)  game: 40-40
2026-02-27T02:50:19.223Z [ODDS] (serving: Burgic/Loeb)  Burgic/Loeb: 4/7 → 8/13, Dang/You: 5/4 → 6/5
2026-02-27T02:50:41.327Z [ODDS] (serving: Dang/You)  Burgic/Loeb: 8/13 → 19/20, Dang/You: 6/5 → 4/5
2026-02-27T02:50:41.327Z [EVENT] (serving: Dang/You)  sets: 5-5, game: 0-0, serving: P2
2026-02-27T02:52:01.167Z [ODDS] (serving: Dang/You)  Burgic/Loeb: 19/20 → 10/11, Dang/You: 4/5 → 10/11
2026-02-27T02:52:15.589Z [ODDS] (serving: Dang/You)  Burgic/Loeb: 10/11 → 4/5, Dang/You: 10/11 → 19/20
2026-02-27T02:52:15.589Z [EVENT] (serving: Dang/You)  game: 15-0
2026-02-27T02:52:50.317Z [ODDS] (serving: Dang/You)  Burgic/Loeb: 4/5 → 3/4, Dang/You: 19/20 → 1/1
2026-02-27T02:53:09.279Z [ODDS] (serving: Dang/You)  Burgic/Loeb: 3/4 → 4/6, Dang/You: 1/1 → 11/10
2026-02-27T02:53:09.293Z [EVENT] (serving: Dang/You)  game: 30-0
2026-02-27T02:53:37.221Z [ODDS] (serving: Dang/You)  Burgic/Loeb: 4/6 → 8/13, Dang/You: 11/10 → 6/5
2026-02-27T02:53:49.854Z [ODDS] (serving: Dang/You)  Burgic/Loeb: 8/13 → 3/4, Dang/You: 6/5 → 1/1
2026-02-27T02:53:49.854Z [EVENT] (serving: Dang/You)  game: 30-15
2026-02-27T02:54:15.558Z [ODDS] (serving: Dang/You)  Burgic/Loeb: 3/4 → 19/20, Dang/You: 1/1 → 4/5
2026-02-27T02:54:15.558Z [EVENT] (serving: Dang/You)  game: 30-30
2026-02-27T02:54:40.362Z [ODDS] (serving: Dang/You)  Burgic/Loeb: 19/20 → 11/10, Dang/You: 4/5 → 4/6
2026-02-27T02:54:40.362Z [EVENT] (serving: Dang/You)  game: 30-40
2026-02-27T02:54:59.754Z [ODDS] (serving: Dang/You)  Burgic/Loeb: 11/10 → 1/1, Dang/You: 4/6 → 3/4
2026-02-27T02:55:11.480Z [ODDS] (serving: Burgic/Loeb)  Burgic/Loeb: 1/1 → 11/8, Dang/You: 3/4 → 8/15
2026-02-27T02:55:11.480Z [EVENT] (serving: Burgic/Loeb)  sets: 5-6, game: 0-0, serving: P1
2026-02-27T02:57:12.351Z [ODDS] (serving: Burgic/Loeb)  Burgic/Loeb: 11/8 → 13/8, Dang/You: 8/15 → 4/9
2026-02-27T02:57:12.351Z [EVENT] (serving: Burgic/Loeb)  game: 0-15
2026-02-27T02:57:32.727Z [ODDS] (serving: Burgic/Loeb)  Burgic/Loeb: 13/8 → 7/4, Dang/You: 4/9 → 2/5
2026-02-27T02:57:53.843Z [ODDS] (serving: Burgic/Loeb)  Burgic/Loeb: 7/4 → 2/1, Dang/You: 2/5 → 4/11
2026-02-27T02:57:53.843Z [EVENT] (serving: Burgic/Loeb)  game: 0-30
2026-02-27T02:58:57.885Z [ODDS] (serving: Burgic/Loeb)  Burgic/Loeb: 2/1 → 7/4, Dang/You: 4/11 → 2/5
2026-02-27T02:58:57.885Z [EVENT] (serving: Burgic/Loeb)  game: 15-30
2026-02-27T02:59:36.326Z [ODDS] (serving: Burgic/Loeb)  Burgic/Loeb: 7/4 → 12/5, Dang/You: 2/5 → 3/10
2026-02-27T02:59:36.326Z [EVENT] (serving: Burgic/Loeb)  game: 15-40
2026-02-27T03:00:15.460Z [ODDS] (serving: Burgic/Loeb)  Burgic/Loeb: 12/5 → 2/1, Dang/You: 3/10 → 4/11
2026-02-27T03:00:15.460Z [EVENT] (serving: Burgic/Loeb)  game: 30-40
2026-02-27T03:00:56.052Z [ODDS] (serving: Burgic/Loeb)  Burgic/Loeb: 2/1 → 9/4, Dang/You: 4/11 → 1/3
2026-02-27T03:01:08.681Z [ODDS] (serving: Burgic/Loeb)  Burgic/Loeb: 9/4 → 6/4, Dang/You: 1/3 → 1/2
2026-02-27T03:01:08.681Z [EVENT] (serving: Burgic/Loeb)  game: 40-40
2026-02-27T03:02:01.020Z [ODDS] (serving: Burgic/Loeb)  Burgic/Loeb: 6/4 → 13/8, Dang/You: 1/2 → 4/9
2026-02-27T03:02:27.159Z [ODDS] (serving: Dang/You)  Burgic/Loeb: 13/8 → 11/4, Dang/You: 4/9 → 1/4
2026-02-27T03:02:27.159Z [EVENT] (serving: Dang/You)  sets: 5-7,0-0, game: 0-0, serving: P2
2026-02-27T03:04:49.226Z [ODDS] (serving: Dang/You)  Burgic/Loeb: 11/4 → 3/1, Dang/You: 1/4 → 2/9
2026-02-27T03:04:49.226Z [EVENT] (serving: Dang/You)  game: 0-15
2026-02-27T03:05:51.915Z [ODDS] (serving: Dang/You)  Burgic/Loeb: 3/1 → 10/3, Dang/You: 2/9 → 1/5
2026-02-27T03:05:51.915Z [EVENT] (serving: Dang/You)  game: 0-30
2026-02-27T03:06:48.293Z [ODDS] (serving: Dang/You)  Burgic/Loeb: 10/3 → 3/1, Dang/You: 1/5 → 2/9
2026-02-27T03:06:48.293Z [EVENT] (serving: Dang/You)  game: 15-30
2026-02-27T03:07:27.529Z [ODDS] (serving: Dang/You)  Burgic/Loeb: 3/1 → 10/3, Dang/You: 2/9 → 1/5
2026-02-27T03:07:27.529Z [EVENT] (serving: Dang/You)  game: 15-40
2026-02-27T03:08:34.372Z [ODDS] (serving: Burgic/Loeb)  Burgic/Loeb: 10/3 → 7/2, Dang/You: 1/5 → 1/6
2026-02-27T03:08:34.372Z [EVENT] (serving: Burgic/Loeb)  sets: 5-7,0-1, game: 0-0, serving: P1
2026-02-27T03:10:05.477Z [ODDS] (serving: Burgic/Loeb)  Burgic/Loeb: 7/2 → 10/3, Dang/You: 1/6 → 1/5
2026-02-27T03:10:05.477Z [EVENT] (serving: Burgic/Loeb)  game: 15-0
2026-02-27T03:10:51.591Z [ODDS] (serving: Burgic/Loeb)  Burgic/Loeb: 10/3 → 7/2, Dang/You: 1/5 → 1/6
2026-02-27T03:10:51.592Z [EVENT] (serving: Burgic/Loeb)  game: 15-15
2026-02-27T03:11:30.874Z [ODDS] (serving: Burgic/Loeb)  Burgic/Loeb: 7/2 → 10/3, Dang/You: 1/6 → 1/5
2026-02-27T03:11:30.874Z [EVENT] (serving: Burgic/Loeb)  game: 30-15
2026-02-27T03:12:21.792Z [ODDS] (serving: Burgic/Loeb)  Burgic/Loeb: 10/3 → 7/2, Dang/You: 1/5 → 1/6
2026-02-27T03:12:21.792Z [EVENT] (serving: Burgic/Loeb)  game: 30-30
2026-02-27T03:12:59.665Z [ODDS] (serving: Burgic/Loeb)  Burgic/Loeb: 7/2 → 3/1, Dang/You: 1/6 → 2/9
2026-02-27T03:12:59.665Z [EVENT] (serving: Burgic/Loeb)  game: 40-30
2026-02-27T03:13:39.803Z [ODDS] (serving: Burgic/Loeb)  Burgic/Loeb: 3/1 → 10/3, Dang/You: 2/9 → 1/5
2026-02-27T03:13:51.534Z [ODDS] (serving: Dang/You)  Burgic/Loeb: 10/3 → 11/4, Dang/You: 1/5 → 1/4
2026-02-27T03:13:51.534Z [EVENT] (serving: Dang/You)  sets: 5-7,1-1, game: 0-0, serving: P2
2026-02-27T03:15:09.557Z [ODDS] (serving: Dang/You)  Burgic/Loeb: 11/4 → 3/1, Dang/You: 1/4 → 2/9
2026-02-27T03:15:09.557Z [EVENT] (serving: Dang/You)  game: 0-15
2026-02-27T03:15:35.714Z [ODDS] (serving: Dang/You)  Burgic/Loeb: 3/1 → 11/4, Dang/You: 2/9 → 1/4
2026-02-27T03:15:35.714Z [EVENT] (serving: Dang/You)  game: 15-15
2026-02-27T03:16:05.485Z [ODDS] (serving: Dang/You)  Burgic/Loeb: 11/4 → 5/2, Dang/You: 1/4 → 2/7
2026-02-27T03:16:24.010Z [ODDS] (serving: Dang/You)  Burgic/Loeb: 5/2 → 3/1, Dang/You: 2/7 → 2/9
2026-02-27T03:16:24.010Z [EVENT] (serving: Dang/You)  game: 15-30
2026-02-27T03:17:00.510Z [ODDS] (serving: Dang/You)  Burgic/Loeb: 3/1 → 11/4, Dang/You: 2/9 → 1/4
2026-02-27T03:17:00.510Z [EVENT] (serving: Dang/You)  game: 30-30
2026-02-27T03:17:53.727Z [ODDS] (serving: Dang/You)  Burgic/Loeb: 11/4 → 9/4, Dang/You: 1/4 → 1/3
2026-02-27T03:17:53.727Z [EVENT] (serving: Dang/You)  game: 40-30
2026-02-27T03:18:46.044Z [ODDS] (serving: Burgic/Loeb)  Burgic/Loeb: 9/4 → 7/4, Dang/You: 1/3 → 2/5
2026-02-27T03:18:46.044Z [EVENT] (serving: Burgic/Loeb)  sets: 5-7,2-1, game: 0-0, serving: P1
2026-02-27T03:20:46.463Z [ODDS] (serving: Burgic/Loeb)  Burgic/Loeb: 7/4 → 13/8, Dang/You: 2/5 → 4/9
2026-02-27T03:20:46.463Z [EVENT] (serving: Burgic/Loeb)  game: 15-0
2026-02-27T03:21:23.458Z [ODDS] (serving: Burgic/Loeb)  Burgic/Loeb: 13/8 → 6/4, Dang/You: 4/9 → 1/2
2026-02-27T03:21:23.470Z [EVENT] (serving: Burgic/Loeb)  game: 30-0
2026-02-27T03:21:58.177Z [ODDS] (serving: Burgic/Loeb)  Burgic/Loeb: 6/4 → 13/8, Dang/You: 1/2 → 4/9
2026-02-27T03:21:58.177Z [EVENT] (serving: Burgic/Loeb)  game: 30-15
2026-02-27T03:22:42.841Z [ODDS] (serving: Burgic/Loeb)  Burgic/Loeb: 13/8 → 6/4, Dang/You: 4/9 → 1/2
2026-02-27T03:22:42.867Z [EVENT] (serving: Burgic/Loeb)  game: 40-15
2026-02-27T03:23:16.200Z [ODDS] (serving: Burgic/Loeb)  Burgic/Loeb: 6/4 → 13/8, Dang/You: 1/2 → 4/9
2026-02-27T03:23:16.200Z [EVENT] (serving: Burgic/Loeb)  game: 40-30
2026-02-27T03:23:59.501Z [ODDS] (serving: Burgic/Loeb)  Burgic/Loeb: 13/8 → 2/1, Dang/You: 4/9 → 4/11
2026-02-27T03:23:59.503Z [EVENT] (serving: Burgic/Loeb)  game: 40-40
2026-02-27T03:24:50.502Z [ODDS] (serving: Dang/You)  Burgic/Loeb: 2/1 → 11/4, Dang/You: 4/11 → 1/4
2026-02-27T03:24:50.502Z [EVENT] (serving: Dang/You)  sets: 5-7,2-2, game: 0-0, serving: P2
2026-02-27T03:25:31.953Z [ODDS] (serving: Dang/You)  Burgic/Loeb: 11/4 → 3/1, Dang/You: 1/4 → 2/9
2026-02-27T03:25:31.953Z [EVENT] (serving: Dang/You)  game: 0-15
2026-02-27T03:26:22.916Z [ODDS] (serving: Dang/You)  Burgic/Loeb: 3/1 → 10/3, Dang/You: 2/9 → 1/5
2026-02-27T03:26:22.916Z [EVENT] (serving: Dang/You)  game: 0-30
2026-02-27T03:27:04.410Z [ODDS] (serving: Dang/You)  Burgic/Loeb: 10/3 → 7/2, Dang/You: 1/5 → 1/6
2026-02-27T03:27:04.410Z [EVENT] (serving: Dang/You)  game: 0-40
2026-02-27T03:27:41.401Z [EVENT] (serving: Burgic/Loeb)  sets: 5-7,2-3, game: 0-0, serving: P1
2026-02-27T03:29:49.161Z [ODDS] (serving: Burgic/Loeb)  Burgic/Loeb: 7/2 → 9/2, Dang/You: 1/6 → 1/8
2026-02-27T03:29:49.161Z [EVENT] (serving: Burgic/Loeb)  game: 0-15
2026-02-27T03:30:19.378Z [ODDS] (serving: Burgic/Loeb)  Burgic/Loeb: 9/2 → 11/2, Dang/You: 1/8 → 1/10
2026-02-27T03:30:19.378Z [EVENT] (serving: Burgic/Loeb)  game: 0-30
2026-02-27T03:30:48.242Z [ODDS] (serving: Burgic/Loeb)  Burgic/Loeb: 11/2 → 6/1, Dang/You: 1/10 → 1/12
2026-02-27T03:31:14.400Z [ODDS] (serving: Burgic/Loeb)  Burgic/Loeb: 6/1 → 13/2, Dang/You: 1/12 → 1/14
2026-02-27T03:31:14.400Z [EVENT] (serving: Burgic/Loeb)  game: 0-40
2026-02-27T03:31:47.776Z [ODDS] (serving: Burgic/Loeb)  Burgic/Loeb: 13/2 → 7/1, Dang/You: 1/14 → 1/16
2026-02-27T03:32:04.915Z [ODDS] (serving: Dang/You)  Burgic/Loeb: 7/1 → 15/2, Dang/You: 1/16 → 1/18
2026-02-27T03:32:04.915Z [EVENT] (serving: Dang/You)  sets: 5-7,2-4, game: 0-0, serving: P2
2026-02-27T03:32:47.310Z [ODDS] (serving: Dang/You)  Burgic/Loeb: 15/2 → 13/2, Dang/You: 1/18 → 1/14
2026-02-27T03:32:47.310Z [EVENT] (serving: Dang/You)  game: 15-0
2026-02-27T03:33:18.882Z [ODDS] (serving: Dang/You)  Burgic/Loeb: 13/2 → 6/1, Dang/You: 1/14 → 1/12
2026-02-27T03:33:35.116Z [ODDS] (serving: Dang/You)  Burgic/Loeb: 6/1 → 15/2, Dang/You: 1/12 → 1/18
2026-02-27T03:33:35.116Z [EVENT] (serving: Dang/You)  game: 15-15
2026-02-27T03:34:21.120Z [ODDS] (serving: Dang/You)  Burgic/Loeb: 15/2 → 6/1, Dang/You: 1/18 → 1/12
2026-02-27T03:34:21.120Z [EVENT] (serving: Dang/You)  game: 30-15
2026-02-27T03:35:14.791Z [ODDS] (serving: Dang/You)  Burgic/Loeb: 6/1 → 15/2, Dang/You: 1/12 → 1/18
2026-02-27T03:35:14.792Z [EVENT] (serving: Dang/You)  game: 30-30
2026-02-27T03:35:56.733Z [ODDS] (serving: Dang/You)  Burgic/Loeb: 15/2 → 13/2, Dang/You: 1/18 → 1/14
2026-02-27T03:36:06.655Z [ODDS] (serving: Dang/You)  Burgic/Loeb: 13/2 → 6/1, Dang/You: 1/14 → 1/12
2026-02-27T03:36:06.655Z [EVENT] (serving: Dang/You)  game: 40-30
2026-02-27T03:36:54.461Z [ODDS] (serving: Dang/You)  Burgic/Loeb: 6/1 → 7/1, Dang/You: 1/12 → 1/16
2026-02-27T03:36:54.461Z [EVENT] (serving: Dang/You)  game: 40-40
