2026-02-26T21:38:25.461Z [ODDS] (serving: Martina Okalova)  Martina Okalova: 1/2 → 8/15, Thea Frodin: 6/4 → 11/8
2026-02-26T21:38:25.461Z [EVENT] (serving: Martina Okalova)  game: 40-15
2026-02-26T21:39:04.700Z [ODDS] (serving: Thea Frodin)  Martina Okalova: 8/15 → 1/2, Thea Frodin: 11/8 → 6/4
2026-02-26T21:39:04.701Z [EVENT] (serving: Thea Frodin)  sets: 3-2, game: 0-0, serving: P2
2026-02-26T21:40:27.711Z [ODDS] (serving: Thea Frodin)  Martina Okalova: 1/2 → 4/7, Thea Frodin: 6/4 → 5/4
2026-02-26T21:40:27.711Z [EVENT] (serving: Thea Frodin)  game: 0-15
2026-02-26T21:41:05.569Z [ODDS] (serving: Thea Frodin)  Martina Okalova: 4/7 → 8/13, Thea Frodin: 5/4 → 6/5
2026-02-26T21:41:05.569Z [EVENT] (serving: Thea Frodin)  game: 0-30
2026-02-26T21:41:53.823Z [ODDS] (serving: Thea Frodin)  Martina Okalova: 8/13 → 7/10, Thea Frodin: 6/5 → 21/20
2026-02-26T21:41:53.823Z [EVENT] (serving: Thea Frodin)  game: 0-40
2026-02-26T21:42:29.096Z [ODDS] (serving: Martina Okalova)  Martina Okalova: 7/10 → 3/4, Thea Frodin: 21/20 → 1/1
2026-02-26T21:42:29.096Z [EVENT] (serving: Martina Okalova)  sets: 3-3, game: 0-0, serving: P1
2026-02-26T21:43:30.386Z [ODDS] (serving: Martina Okalova)  Martina Okalova: 3/4 → 10/11, Thea Frodin: 1/1 → 10/11
2026-02-26T21:43:30.386Z [EVENT] (serving: Martina Okalova)  game: 0-15
2026-02-26T21:44:01.477Z [ODDS] (serving: Martina Okalova)  Martina Okalova: 10/11 → 1/1, Thea Frodin: 10/11 → 3/4
2026-02-26T21:44:01.478Z [EVENT] (serving: Martina Okalova)  game: 0-30
2026-02-26T21:44:30.774Z [ODDS] (serving: Martina Okalova)  Martina Okalova: 1/1 → 10/11, Thea Frodin: 3/4 → 10/11
2026-02-26T21:44:30.774Z [EVENT] (serving: Martina Okalova)  game: 15-30
2026-02-26T21:45:27.603Z [ODDS] (serving: Martina Okalova)  Martina Okalova: 10/11 → 3/4, Thea Frodin: 10/11 → 1/1
2026-02-26T21:45:27.603Z [EVENT] (serving: Martina Okalova)  game: 30-30
2026-02-26T21:46:10.447Z [ODDS] (serving: Martina Okalova)  Martina Okalova: 3/4 → 19/20, Thea Frodin: 1/1 → 4/5
2026-02-26T21:46:10.447Z [EVENT] (serving: Martina Okalova)  game: 30-40
2026-02-26T21:46:43.369Z [ODDS] (serving: Martina Okalova)  Martina Okalova: 19/20 → 4/5, Thea Frodin: 4/5 → 19/20
2026-02-26T21:46:43.369Z [EVENT] (serving: Martina Okalova)  game: 40-40
2026-02-26T21:47:12.239Z [ODDS] (serving: Martina Okalova)  Martina Okalova: 4/5 → 4/6, Thea Frodin: 19/20 → 11/10
2026-02-26T21:47:12.239Z [EVENT] (serving: Martina Okalova)  game: A-40
2026-02-26T21:47:44.257Z [ODDS] (serving: Thea Frodin)  Martina Okalova: 4/6 → 4/7, Thea Frodin: 11/10 → 5/4
2026-02-26T21:47:44.257Z [EVENT] (serving: Thea Frodin)  sets: 4-3, game: 0-0, serving: P2
2026-02-26T21:49:20.330Z [ODDS] (serving: Thea Frodin)  Martina Okalova: 4/7 → 4/6, Thea Frodin: 5/4 → 11/10
2026-02-26T21:49:20.330Z [EVENT] (serving: Thea Frodin)  game: 0-15
2026-02-26T21:49:50.993Z [ODDS] (serving: Thea Frodin)  Martina Okalova: 4/6 → 7/10, Thea Frodin: 11/10 → 21/20
2026-02-26T21:50:05.439Z [ODDS] (serving: Thea Frodin)  Martina Okalova: 7/10 → 4/7, Thea Frodin: 21/20 → 5/4
2026-02-26T21:50:05.439Z [EVENT] (serving: Thea Frodin)  game: 15-15
2026-02-26T21:50:55.938Z [ODDS] (serving: Thea Frodin)  Martina Okalova: 4/7 → 7/10, Thea Frodin: 5/4 → 21/20
2026-02-26T21:50:55.938Z [EVENT] (serving: Thea Frodin)  game: 15-30
2026-02-26T21:51:28.464Z [ODDS] (serving: Thea Frodin)  Martina Okalova: 7/10 → 4/5, Thea Frodin: 21/20 → 19/20
2026-02-26T21:51:28.464Z [EVENT] (serving: Thea Frodin)  game: 15-40
2026-02-26T21:51:59.070Z [ODDS] (serving: Thea Frodin)  Martina Okalova: 4/5 → 3/4, Thea Frodin: 19/20 → 1/1
2026-02-26T21:52:17.130Z [ODDS] (serving: Martina Okalova)  Martina Okalova: 3/4 → 4/5, Thea Frodin: 1/1 → 19/20
2026-02-26T21:52:17.132Z [EVENT] (serving: Martina Okalova)  sets: 4-4, game: 0-0, serving: P1
2026-02-26T21:52:55.426Z [ODDS] (serving: Martina Okalova)  Martina Okalova: 4/5 → 1/1, Thea Frodin: 19/20 → 3/4
2026-02-26T21:52:55.426Z [EVENT] (serving: Martina Okalova)  game: 0-15
2026-02-26T21:53:45.156Z [ODDS] (serving: Martina Okalova)  Martina Okalova: 1/1 → 10/11, Thea Frodin: 3/4 → 10/11
2026-02-26T21:53:45.156Z [EVENT] (serving: Martina Okalova)  game: 15-15
2026-02-26T21:54:38.375Z [ODDS] (serving: Martina Okalova)  Martina Okalova: 10/11 → 3/4, Thea Frodin: 10/11 → 1/1
2026-02-26T21:54:38.376Z [EVENT] (serving: Martina Okalova)  game: 30-15
2026-02-26T21:55:15.807Z [ODDS] (serving: Martina Okalova)  Martina Okalova: 3/4 → 10/11, Thea Frodin: 1/1 → 10/11
2026-02-26T21:55:15.807Z [EVENT] (serving: Martina Okalova)  game: 30-30
2026-02-26T21:55:47.828Z [ODDS] (serving: Martina Okalova)  Martina Okalova: 10/11 → 11/10, Thea Frodin: 10/11 → 4/6
2026-02-26T21:55:47.828Z [EVENT] (serving: Martina Okalova)  game: 30-40
2026-02-26T21:56:15.791Z [ODDS] (serving: Martina Okalova)  Martina Okalova: 11/10 → 19/20, Thea Frodin: 4/6 → 4/5
2026-02-26T21:56:15.791Z [EVENT] (serving: Martina Okalova)  game: 40-40
2026-02-26T21:56:47.815Z [ODDS] (serving: Martina Okalova)  Martina Okalova: 19/20 → 3/4, Thea Frodin: 4/5 → 1/1
2026-02-26T21:56:47.815Z [EVENT] (serving: Martina Okalova)  game: A-40
2026-02-26T21:57:16.677Z [ODDS] (serving: Thea Frodin)  Martina Okalova: 3/4 → 8/13, Thea Frodin: 1/1 → 6/5
2026-02-26T21:57:16.677Z [EVENT] (serving: Thea Frodin)  sets: 5-4, game: 0-0, serving: P2
2026-02-26T21:59:34.692Z [ODDS] (serving: Thea Frodin)  Martina Okalova: 8/13 → 3/4, Thea Frodin: 6/5 → 1/1
2026-02-26T21:59:34.692Z [EVENT] (serving: Thea Frodin)  game: 0-15
2026-02-26T22:00:21.144Z [ODDS] (serving: Thea Frodin)  Martina Okalova: 3/4 → 4/5, Thea Frodin: 1/1 → 19/20
2026-02-26T22:00:21.144Z [EVENT] (serving: Thea Frodin)  game: 0-30
2026-02-26T22:01:04.891Z [ODDS] (serving: Thea Frodin)  Martina Okalova: 4/5 → 19/20, Thea Frodin: 19/20 → 4/5
2026-02-26T22:01:04.891Z [EVENT] (serving: Thea Frodin)  game: 0-40
2026-02-26T22:01:45.028Z [EVENT] (serving: Martina Okalova)  sets: 5-5, game: 0-0, serving: P1
2026-02-26T22:02:26.526Z [ODDS] (serving: Martina Okalova)  Martina Okalova: 19/20 → 1/1, Thea Frodin: 4/5 → 3/4
2026-02-26T22:02:45.474Z [ODDS] (serving: Martina Okalova)  Martina Okalova: 1/1 → 4/5, Thea Frodin: 3/4 → 19/20
2026-02-26T22:02:45.474Z [EVENT] (serving: Martina Okalova)  game: 15-0
2026-02-26T22:03:27.863Z [ODDS] (serving: Martina Okalova)  Martina Okalova: 4/5 → 3/4, Thea Frodin: 19/20 → 1/1
2026-02-26T22:03:27.863Z [EVENT] (serving: Martina Okalova)  game: 30-0
2026-02-26T22:04:09.821Z [ODDS] (serving: Martina Okalova)  Martina Okalova: 3/4 → 7/10, Thea Frodin: 1/1 → 21/20
2026-02-26T22:04:09.821Z [EVENT] (serving: Martina Okalova)  game: 40-0
2026-02-26T22:04:51.748Z [ODDS] (serving: Martina Okalova)  Martina Okalova: 7/10 → 3/4, Thea Frodin: 21/20 → 1/1
2026-02-26T22:04:51.748Z [EVENT] (serving: Martina Okalova)  game: 40-15
2026-02-26T22:05:27.830Z [ODDS] (serving: Thea Frodin)  Martina Okalova: 3/4 → 7/10, Thea Frodin: 1/1 → 21/20
2026-02-26T22:05:27.830Z [EVENT] (serving: Thea Frodin)  sets: 6-5, game: 0-0, serving: P2
2026-02-26T22:07:11.106Z [ODDS] (serving: Thea Frodin)  Martina Okalova: 7/10 → 4/6, Thea Frodin: 21/20 → 11/10
2026-02-26T22:07:27.356Z [ODDS] (serving: Thea Frodin)  Martina Okalova: 4/6 → 8/15, Thea Frodin: 11/10 → 11/8
2026-02-26T22:07:27.360Z [EVENT] (serving: Thea Frodin)  game: 15-0
2026-02-26T22:08:15.684Z [ODDS] (serving: Thea Frodin)  Martina Okalova: 8/15 → 4/6, Thea Frodin: 11/8 → 11/10
2026-02-26T22:08:15.684Z [EVENT] (serving: Thea Frodin)  game: 15-15
2026-02-26T22:08:53.114Z [ODDS] (serving: Thea Frodin)  Martina Okalova: 4/6 → 4/5, Thea Frodin: 11/10 → 19/20
2026-02-26T22:08:53.114Z [EVENT] (serving: Thea Frodin)  game: 15-30
2026-02-26T22:09:19.277Z [ODDS] (serving: Thea Frodin)  Martina Okalova: 4/5 → 3/4, Thea Frodin: 19/20 → 1/1
2026-02-26T22:09:40.469Z [ODDS] (serving: Thea Frodin)  Martina Okalova: 3/4 → 10/11, Thea Frodin: 1/1 → 10/11
2026-02-26T22:09:40.469Z [EVENT] (serving: Thea Frodin)  game: 15-40
2026-02-26T22:10:17.003Z [ODDS] (serving: Martina Okalova)  Martina Okalova: 10/11 → 19/20, Thea Frodin: 10/11 → 4/5
2026-02-26T22:10:17.003Z [EVENT] (serving: Martina Okalova)  sets: 6-6, game: 0-0, serving: P1
2026-02-26T22:10:47.672Z [ODDS] (serving: Martina Okalova)  Martina Okalova: 19/20 → 1/1, Thea Frodin: 4/5 → 3/4
2026-02-26T22:11:07.519Z [ODDS] (serving: Thea Frodin)  Martina Okalova: 1/1 → 4/5, Thea Frodin: 3/4 → 19/20
2026-02-26T22:11:07.519Z [EVENT] (serving: Thea Frodin)  game: 1-0, serving: P2
2026-02-26T22:11:52.628Z [ODDS] (serving: Thea Frodin)  Martina Okalova: 4/5 → 3/4, Thea Frodin: 19/20 → 1/1
2026-02-26T22:11:58.929Z [ODDS] (serving: Thea Frodin)  Martina Okalova: 3/4 → 4/5, Thea Frodin: 1/1 → 19/20
2026-02-26T22:12:01.637Z [ODDS] (serving: Thea Frodin)  Martina Okalova: 4/5 → 3/4, Thea Frodin: 19/20 → 1/1
2026-02-26T22:12:04.802Z [ODDS] (serving: Thea Frodin)  Martina Okalova: 3/4 → 7/10, Thea Frodin: 1/1 → 21/20
2026-02-26T22:12:10.656Z [ODDS] (serving: Thea Frodin)  Martina Okalova: 7/10 → 19/20, Thea Frodin: 21/20 → 4/5
2026-02-26T22:12:10.656Z [EVENT] (serving: Thea Frodin)  game: 1-1
2026-02-26T22:12:30.503Z [ODDS] (serving: Thea Frodin)  Martina Okalova: 19/20 → 10/11, Thea Frodin: 4/5 → 10/11
2026-02-26T22:12:47.201Z [ODDS] (serving: Martina Okalova)  Martina Okalova: 10/11 → 4/6, Thea Frodin: 10/11 → 11/10
2026-02-26T22:12:47.201Z [EVENT] (serving: Martina Okalova)  game: 2-1, serving: P1
2026-02-26T22:13:22.367Z [ODDS] (serving: Martina Okalova)  Martina Okalova: 4/6 → 8/15, Thea Frodin: 11/10 → 11/8
2026-02-26T22:13:22.367Z [EVENT] (serving: Martina Okalova)  game: 3-1
2026-02-26T22:13:50.778Z [ODDS] (serving: Thea Frodin)  Martina Okalova: 8/15 → 2/5, Thea Frodin: 11/8 → 7/4
2026-02-26T22:13:50.778Z [EVENT] (serving: Thea Frodin)  game: 4-1, serving: P2
2026-02-26T22:14:31.370Z [ODDS] (serving: Thea Frodin)  Martina Okalova: 2/5 → 1/2, Thea Frodin: 7/4 → 6/4
2026-02-26T22:14:31.370Z [EVENT] (serving: Thea Frodin)  game: 4-2
2026-02-26T22:16:01.121Z [ODDS] (serving: Martina Okalova)  Martina Okalova: 1/2 → 4/11, Thea Frodin: 6/4 → 2/1
2026-02-26T22:16:01.121Z [EVENT] (serving: Martina Okalova)  game: 5-2, serving: P1
2026-02-26T22:16:47.579Z [ODDS] (serving: Martina Okalova)  Martina Okalova: 4/11 → 4/9, Thea Frodin: 2/1 → 13/8
2026-02-26T22:16:47.579Z [EVENT] (serving: Martina Okalova)  game: 5-3
2026-02-26T22:17:21.850Z [ODDS] (serving: Thea Frodin)  Martina Okalova: 4/9 → 1/3, Thea Frodin: 13/8 → 9/4
2026-02-26T22:17:21.850Z [EVENT] (serving: Thea Frodin)  game: 6-3, serving: P2
2026-02-26T22:18:20.479Z [ODDS] (serving: Thea Frodin)  Martina Okalova: 1/3 → 2/5, Thea Frodin: 9/4 → 7/4
2026-02-26T22:18:20.479Z [EVENT] (serving: Thea Frodin)  game: 6-4
2026-02-26T22:19:26.779Z [ODDS] (serving: Thea Frodin)  Martina Okalova: 2/5 → 2/7, Thea Frodin: 7/4 → 5/2
2026-02-26T22:19:26.779Z [EVENT] (serving: Thea Frodin)  sets: 7-6,0-0, game: 0-0
2026-02-26T22:21:44.348Z [ODDS] (serving: Thea Frodin)  Martina Okalova: 2/7 → 2/9, Thea Frodin: 5/2 → 3/1
2026-02-26T22:21:44.348Z [EVENT] (serving: Thea Frodin)  game: 15-0
2026-02-26T22:22:40.723Z [ODDS] (serving: Thea Frodin)  Martina Okalova: 2/9 → 2/7, Thea Frodin: 3/1 → 5/2
2026-02-26T22:22:40.723Z [EVENT] (serving: Thea Frodin)  game: 15-15
2026-02-26T22:23:15.902Z [ODDS] (serving: Thea Frodin)  Martina Okalova: 2/7 → 3/10, Thea Frodin: 5/2 → 12/5
2026-02-26T22:23:15.902Z [EVENT] (serving: Thea Frodin)  game: 15-30
2026-02-26T22:23:57.394Z [ODDS] (serving: Thea Frodin)  Martina Okalova: 3/10 → 1/3, Thea Frodin: 12/5 → 9/4
2026-02-26T22:23:57.394Z [EVENT] (serving: Thea Frodin)  game: 15-40
2026-02-26T22:24:19.496Z [ODDS] (serving: Martina Okalova)  Martina Okalova: 1/3 → 4/11, Thea Frodin: 9/4 → 2/1
2026-02-26T22:24:19.496Z [EVENT] (serving: Martina Okalova)  sets: 7-6,0-1, game: 0-0, serving: P1
2026-02-26T22:25:33.472Z [ODDS] (serving: Martina Okalova)  Martina Okalova: 4/11 → 1/3, Thea Frodin: 2/1 → 9/4
2026-02-26T22:25:33.478Z [EVENT] (serving: Martina Okalova)  game: 15-0
2026-02-26T22:26:01.880Z [ODDS] (serving: Martina Okalova)  Martina Okalova: 1/3 → 3/10, Thea Frodin: 9/4 → 12/5
2026-02-26T22:26:01.880Z [EVENT] (serving: Martina Okalova)  game: 30-0
2026-02-26T22:26:56.894Z [ODDS] (serving: Martina Okalova)  Martina Okalova: 3/10 → 1/3, Thea Frodin: 12/5 → 9/4
2026-02-26T22:26:56.894Z [EVENT] (serving: Martina Okalova)  game: 30-15
2026-02-26T22:27:27.117Z [ODDS] (serving: Martina Okalova)  Martina Okalova: 1/3 → 3/10, Thea Frodin: 9/4 → 12/5
2026-02-26T22:27:27.117Z [EVENT] (serving: Martina Okalova)  game: 40-15
2026-02-26T22:28:13.567Z [ODDS] (serving: Martina Okalova)  Martina Okalova: 3/10 → 1/3, Thea Frodin: 12/5 → 9/4
2026-02-26T22:28:13.567Z [EVENT] (serving: Martina Okalova)  game: 40-30
2026-02-26T22:29:05.882Z [ODDS] (serving: Martina Okalova)  Martina Okalova: 1/3 → 2/5, Thea Frodin: 9/4 → 7/4
2026-02-26T22:29:05.882Z [EVENT] (serving: Martina Okalova)  game: 40-40
2026-02-26T22:29:59.149Z [ODDS] (serving: Martina Okalova)  Martina Okalova: 2/5 → 1/2, Thea Frodin: 7/4 → 6/4
2026-02-26T22:29:59.157Z [EVENT] (serving: Martina Okalova)  game: 40-A
2026-02-26T22:30:46.906Z [ODDS] (serving: Thea Frodin)  Martina Okalova: 1/2 → 4/6, Thea Frodin: 6/4 → 11/10
2026-02-26T22:30:46.906Z [EVENT] (serving: Thea Frodin)  sets: 7-6,0-2, game: 0-0, serving: P2
2026-02-26T22:31:47.353Z [ODDS] (serving: Thea Frodin)  Martina Okalova: 4/6 → 3/4, Thea Frodin: 11/10 → 1/1
2026-02-26T22:31:47.353Z [EVENT] (serving: Thea Frodin)  game: 0-15
2026-02-26T22:32:13.501Z [ODDS] (serving: Thea Frodin)  Martina Okalova: 3/4 → 4/5, Thea Frodin: 1/1 → 19/20
2026-02-26T22:32:13.501Z [EVENT] (serving: Thea Frodin)  game: 0-30
2026-02-26T22:32:56.348Z [ODDS] (serving: Thea Frodin)  Martina Okalova: 4/5 → 3/4, Thea Frodin: 19/20 → 1/1
2026-02-26T22:32:56.348Z [EVENT] (serving: Thea Frodin)  game: 15-30
2026-02-26T22:33:32.881Z [ODDS] (serving: Thea Frodin)  Martina Okalova: 3/4 → 4/5, Thea Frodin: 1/1 → 19/20
2026-02-26T22:33:32.881Z [EVENT] (serving: Thea Frodin)  game: 15-40
2026-02-26T22:34:05.078Z [EVENT] (serving: Martina Okalova)  sets: 7-6,0-3, game: 0-0, serving: P1
2026-02-26T22:36:09.102Z [EVENT] (serving: Martina Okalova)  game: 15-0
2026-02-26T22:36:43.378Z [ODDS] (serving: Martina Okalova)  Martina Okalova: 4/5 → 10/11, Thea Frodin: 19/20 → 10/11
2026-02-26T22:36:43.378Z [EVENT] (serving: Martina Okalova)  game: 15-15
2026-02-26T22:37:14.497Z [ODDS] (serving: Martina Okalova)  Martina Okalova: 10/11 → 4/5, Thea Frodin: 10/11 → 19/20
2026-02-26T22:37:14.497Z [EVENT] (serving: Martina Okalova)  game: 30-15
2026-02-26T22:37:43.813Z [ODDS] (serving: Martina Okalova)  Martina Okalova: 4/5 → 10/11, Thea Frodin: 19/20 → 10/11
2026-02-26T22:37:43.813Z [EVENT] (serving: Martina Okalova)  game: 30-30
2026-02-26T22:39:14.150Z [ODDS] (serving: Martina Okalova)  Martina Okalova: 10/11 → 4/5, Thea Frodin: 10/11 → 19/20
2026-02-26T22:39:17.329Z [ODDS] (serving: Martina Okalova)  Martina Okalova: 4/5 → 10/11, Thea Frodin: 19/20 → 10/11
2026-02-26T22:39:38.506Z [ODDS] (serving: Martina Okalova)  Martina Okalova: 10/11 → 4/5, Thea Frodin: 10/11 → 19/20
2026-02-26T22:39:38.957Z [ODDS] (serving: Martina Okalova)  Martina Okalova: 4/5 → 10/11, Thea Frodin: 19/20 → 10/11
2026-02-26T22:40:02.861Z [ODDS] (serving: Martina Okalova)  Martina Okalova: 10/11 → 1/1, Thea Frodin: 10/11 → 3/4
2026-02-26T22:40:02.861Z [EVENT] (serving: Martina Okalova)  game: 30-40
2026-02-26T22:40:42.548Z [ODDS] (serving: Thea Frodin)  Martina Okalova: 1/1 → 6/5, Thea Frodin: 3/4 → 8/13
2026-02-26T22:40:42.548Z [EVENT] (serving: Thea Frodin)  sets: 7-6,0-4, game: 0-0, serving: P2
2026-02-26T22:41:17.278Z [ODDS] (serving: Thea Frodin)  Martina Okalova: 6/5 → 11/10, Thea Frodin: 8/13 → 4/6
2026-02-26T22:41:48.397Z [ODDS] (serving: Thea Frodin)  Martina Okalova: 11/10 → 5/4, Thea Frodin: 4/6 → 4/7
2026-02-26T22:41:48.397Z [EVENT] (serving: Thea Frodin)  game: 0-15
2026-02-26T22:42:31.242Z [ODDS] (serving: Thea Frodin)  Martina Okalova: 5/4 → 6/4, Thea Frodin: 4/7 → 1/2
2026-02-26T22:42:31.242Z [EVENT] (serving: Thea Frodin)  game: 0-30
2026-02-26T22:43:01.915Z [ODDS] (serving: Thea Frodin)  Martina Okalova: 6/4 → 11/8, Thea Frodin: 1/2 → 8/15
2026-02-26T22:43:21.306Z [ODDS] (serving: Thea Frodin)  Martina Okalova: 11/8 → 6/4, Thea Frodin: 8/15 → 1/2
2026-02-26T22:43:21.306Z [EVENT] (serving: Thea Frodin)  game: 0-40
2026-02-26T22:43:58.739Z [ODDS] (serving: Thea Frodin)  Martina Okalova: 6/4 → 11/8, Thea Frodin: 1/2 → 8/15
2026-02-26T22:43:58.739Z [EVENT] (serving: Thea Frodin)  game: 15-40
2026-02-26T22:44:22.641Z [ODDS] (serving: Martina Okalova)  Martina Okalova: 11/8 → 6/4, Thea Frodin: 8/15 → 1/2
2026-02-26T22:44:22.641Z [EVENT] (serving: Martina Okalova)  sets: 7-6,0-5, game: 0-0, serving: P1
2026-02-26T22:45:03.682Z [ODDS] (serving: Martina Okalova)  Martina Okalova: 6/4 → 11/8, Thea Frodin: 1/2 → 8/15
2026-02-26T22:46:29.823Z [ODDS] (serving: Martina Okalova)  Martina Okalova: 11/8 → 13/8, Thea Frodin: 8/15 → 4/9
2026-02-26T22:46:29.823Z [EVENT] (serving: Martina Okalova)  game: 0-15
2026-02-26T22:47:13.120Z [ODDS] (serving: Martina Okalova)  Martina Okalova: 13/8 → 6/4, Thea Frodin: 4/9 → 1/2
2026-02-26T22:47:13.120Z [EVENT] (serving: Martina Okalova)  game: 15-15
2026-02-26T22:47:48.749Z [ODDS] (serving: Martina Okalova)  Martina Okalova: 6/4 → 11/8, Thea Frodin: 1/2 → 8/15
2026-02-26T22:47:48.749Z [EVENT] (serving: Martina Okalova)  game: 30-15
2026-02-26T22:48:01.828Z [ODDS] (serving: Martina Okalova)  Martina Okalova: 11/8 → 5/4, Thea Frodin: 8/15 → 4/7
2026-02-26T22:48:25.730Z [ODDS] (serving: Martina Okalova)  Martina Okalova: 5/4 → 6/4, Thea Frodin: 4/7 → 1/2
2026-02-26T22:48:25.730Z [EVENT] (serving: Martina Okalova)  game: 30-30
2026-02-26T22:48:54.618Z [ODDS] (serving: Martina Okalova)  Martina Okalova: 6/4 → 11/8, Thea Frodin: 1/2 → 8/15
2026-02-26T22:49:27.970Z [ODDS] (serving: Martina Okalova)  Martina Okalova: 11/8 → 5/4, Thea Frodin: 8/15 → 4/7
2026-02-26T22:49:27.970Z [EVENT] (serving: Martina Okalova)  game: 40-30
2026-02-26T22:50:10.363Z [ODDS] (serving: Martina Okalova)  Martina Okalova: 5/4 → 6/4, Thea Frodin: 4/7 → 1/2
2026-02-26T22:50:10.363Z [EVENT] (serving: Martina Okalova)  game: 40-40
2026-02-26T22:50:43.286Z [ODDS] (serving: Martina Okalova)  Martina Okalova: 6/4 → 5/4, Thea Frodin: 1/2 → 4/7
2026-02-26T22:50:43.287Z [EVENT] (serving: Martina Okalova)  game: A-40
2026-02-26T22:51:19.818Z [ODDS] (serving: Martina Okalova)  Martina Okalova: 5/4 → 6/4, Thea Frodin: 4/7 → 1/2
2026-02-26T22:51:19.818Z [EVENT] (serving: Martina Okalova)  game: 40-40
2026-02-26T22:52:08.113Z [ODDS] (serving: Martina Okalova)  Martina Okalova: 6/4 → 5/4, Thea Frodin: 1/2 → 4/7
2026-02-26T22:52:08.113Z [EVENT] (serving: Martina Okalova)  game: A-40
2026-02-26T22:52:44.155Z [ODDS] (serving: Martina Okalova)  Martina Okalova: 5/4 → 11/8, Thea Frodin: 4/7 → 8/15
2026-02-26T22:53:08.509Z [ODDS] (serving: Martina Okalova)  Martina Okalova: 11/8 → 6/4, Thea Frodin: 8/15 → 1/2
2026-02-26T22:53:08.509Z [EVENT] (serving: Martina Okalova)  game: 40-40
2026-02-26T22:53:58.122Z [ODDS] (serving: Martina Okalova)  Martina Okalova: 6/4 → 13/8, Thea Frodin: 1/2 → 4/9
2026-02-26T22:53:58.122Z [EVENT] (serving: Martina Okalova)  game: 40-A
2026-02-26T22:54:31.946Z [ODDS] (serving: Thea Frodin)  Martina Okalova: 13/8 → 7/4, Thea Frodin: 4/9 → 2/5
2026-02-26T22:54:31.946Z [EVENT] (serving: Thea Frodin)  sets: 7-6,0-6,0-0, game: 0-0, serving: P2
2026-02-26T22:55:03.065Z [ODDS] (serving: Thea Frodin)  Martina Okalova: 7/4 → 13/8, Thea Frodin: 2/5 → 4/9
2026-02-26T22:58:42.253Z [ODDS] (serving: Thea Frodin)  Martina Okalova: 13/8 → 2/1, Thea Frodin: 4/9 → 4/11
2026-02-26T22:58:42.253Z [EVENT] (serving: Thea Frodin)  game: 0-15
2026-02-26T22:59:11.117Z [ODDS] (serving: Thea Frodin)  Martina Okalova: 2/1 → 13/8, Thea Frodin: 4/11 → 4/9
2026-02-26T22:59:11.117Z [EVENT] (serving: Thea Frodin)  game: 15-15
2026-02-26T22:59:44.942Z [ODDS] (serving: Thea Frodin)  Martina Okalova: 13/8 → 2/1, Thea Frodin: 4/9 → 4/11
2026-02-26T22:59:44.942Z [EVENT] (serving: Thea Frodin)  game: 15-30
2026-02-26T23:00:32.749Z [ODDS] (serving: Thea Frodin)  Martina Okalova: 2/1 → 12/5, Thea Frodin: 4/11 → 3/10
2026-02-26T23:00:32.749Z [EVENT] (serving: Thea Frodin)  game: 15-40
2026-02-26T23:01:41.752Z [ODDS] (serving: Thea Frodin)  Martina Okalova: 12/5 → 2/1, Thea Frodin: 3/10 → 4/11
2026-02-26T23:01:41.752Z [EVENT] (serving: Thea Frodin)  game: 30-40
2026-02-26T23:02:16.929Z [ODDS] (serving: Thea Frodin)  Martina Okalova: 2/1 → 6/4, Thea Frodin: 4/11 → 1/2
2026-02-26T23:02:16.929Z [EVENT] (serving: Thea Frodin)  game: 40-40
2026-02-26T23:03:17.366Z [ODDS] (serving: Thea Frodin)  Martina Okalova: 6/4 → 21/20, Thea Frodin: 1/2 → 7/10
2026-02-26T23:03:17.366Z [EVENT] (serving: Thea Frodin)  game: A-40
2026-02-26T23:03:56.611Z [ODDS] (serving: Martina Okalova)  Martina Okalova: 21/20 → 3/4, Thea Frodin: 7/10 → 1/1
2026-02-26T23:03:56.611Z [EVENT] (serving: Martina Okalova)  sets: 7-6,0-6,1-0, game: 0-0, serving: P1
2026-02-26T23:05:20.938Z [ODDS] (serving: Martina Okalova)  Martina Okalova: 3/4 → 4/5, Thea Frodin: 1/1 → 19/20
2026-02-26T23:05:35.369Z [ODDS] (serving: Martina Okalova)  Martina Okalova: 4/5 → 8/13, Thea Frodin: 19/20 → 6/5
2026-02-26T23:05:35.369Z [EVENT] (serving: Martina Okalova)  game: 15-0
2026-02-26T23:06:38.515Z [ODDS] (serving: Martina Okalova)  Martina Okalova: 8/13 → 8/15, Thea Frodin: 6/5 → 11/8
2026-02-26T23:06:38.515Z [EVENT] (serving: Martina Okalova)  game: 30-0
2026-02-26T23:07:24.515Z [ODDS] (serving: Martina Okalova)  Martina Okalova: 8/15 → 8/13, Thea Frodin: 11/8 → 6/5
2026-02-26T23:07:24.515Z [EVENT] (serving: Martina Okalova)  game: 30-15
2026-02-26T23:08:51.907Z [ODDS] (serving: Thea Frodin)  Martina Okalova: 1/2 → 4/9, Thea Frodin: 6/4 → 13/8
2026-02-26T23:08:51.907Z [EVENT] (serving: Thea Frodin)  sets: 7-6,0-6,2-0, game: 0-0, serving: P2
2026-02-26T23:09:51.439Z [ODDS] (serving: Thea Frodin)  Martina Okalova: 4/9 → 2/5, Thea Frodin: 13/8 → 7/4
2026-02-26T23:10:08.576Z [ODDS] (serving: Thea Frodin)  Martina Okalova: 2/5 → 1/2, Thea Frodin: 7/4 → 6/4
2026-02-26T23:10:08.576Z [EVENT] (serving: Thea Frodin)  game: 0-15
2026-02-26T23:11:02.251Z [ODDS] (serving: Thea Frodin)  Martina Okalova: 1/2 → 4/7, Thea Frodin: 6/4 → 5/4
2026-02-26T23:11:02.251Z [EVENT] (serving: Thea Frodin)  game: 0-30
2026-02-26T23:11:36.527Z [ODDS] (serving: Thea Frodin)  Martina Okalova: 4/7 → 4/6, Thea Frodin: 5/4 → 11/10
2026-02-26T23:11:36.527Z [EVENT] (serving: Thea Frodin)  game: 0-40
2026-02-26T23:13:36.948Z [ODDS] (serving: Martina Okalova)  Martina Okalova: 4/6 → 7/10, Thea Frodin: 11/10 → 21/20
2026-02-26T23:13:36.948Z [EVENT] (serving: Martina Okalova)  sets: 7-6,0-6,2-1, game: 0-0, serving: P1
2026-02-26T23:16:03.070Z [ODDS] (serving: Martina Okalova)  Martina Okalova: 7/10 → 10/11, Thea Frodin: 21/20 → 10/11
2026-02-26T23:16:03.070Z [EVENT] (serving: Martina Okalova)  game: 0-15
2026-02-26T23:16:46.817Z [ODDS] (serving: Martina Okalova)  Martina Okalova: 10/11 → 11/10, Thea Frodin: 10/11 → 4/6
2026-02-26T23:16:46.817Z [EVENT] (serving: Martina Okalova)  game: 0-30
2026-02-26T23:17:21.994Z [ODDS] (serving: Martina Okalova)  Martina Okalova: 11/10 → 19/20, Thea Frodin: 4/6 → 4/5
2026-02-26T23:17:21.994Z [EVENT] (serving: Martina Okalova)  game: 15-30
2026-02-26T23:17:59.437Z [ODDS] (serving: Martina Okalova)  Martina Okalova: 19/20 → 7/10, Thea Frodin: 4/5 → 21/20
2026-02-26T23:17:59.437Z [EVENT] (serving: Martina Okalova)  game: 30-30
2026-02-26T23:18:52.197Z [ODDS] (serving: Martina Okalova)  Martina Okalova: 7/10 → 1/2, Thea Frodin: 21/20 → 6/4
2026-02-26T23:18:52.198Z [EVENT] (serving: Martina Okalova)  game: 40-30
2026-02-26T23:19:41.806Z [ODDS] (serving: Thea Frodin)  Martina Okalova: 1/2 → 4/11, Thea Frodin: 6/4 → 2/1
2026-02-26T23:19:41.806Z [EVENT] (serving: Thea Frodin)  sets: 7-6,0-6,3-1, game: 0-0, serving: P2
2026-02-26T23:20:33.672Z [ODDS] (serving: Thea Frodin)  Martina Okalova: 4/11 → 2/7, Thea Frodin: 2/1 → 5/2
2026-02-26T23:20:33.672Z [EVENT] (serving: Thea Frodin)  game: 15-0
2026-02-26T23:20:58.477Z [ODDS] (serving: Thea Frodin)  Martina Okalova: 2/7 → 4/11, Thea Frodin: 5/2 → 2/1
2026-02-26T23:20:58.477Z [EVENT] (serving: Thea Frodin)  game: 15-15
2026-02-26T23:21:24.639Z [ODDS] (serving: Thea Frodin)  Martina Okalova: 4/11 → 4/9, Thea Frodin: 2/1 → 13/8
2026-02-26T23:21:24.639Z [EVENT] (serving: Thea Frodin)  game: 15-30
2026-02-26T23:21:44.481Z [ODDS] (serving: Thea Frodin)  Martina Okalova: 4/9 → 1/2, Thea Frodin: 13/8 → 6/4
2026-02-26T23:21:44.481Z [EVENT] (serving: Thea Frodin)  game: 15-40
2026-02-26T23:22:15.600Z [ODDS] (serving: Martina Okalova)  Martina Okalova: 1/2 → 4/7, Thea Frodin: 6/4 → 5/4
2026-02-26T23:22:15.600Z [EVENT] (serving: Martina Okalova)  sets: 7-6,0-6,3-2, game: 0-0, serving: P1
2026-02-26T23:24:00.687Z [ODDS] (serving: Martina Okalova)  Martina Okalova: 4/7 → 8/13, Thea Frodin: 5/4 → 6/5
2026-02-26T23:24:29.759Z [ODDS] (serving: Martina Okalova)  Martina Okalova: 8/13 → 4/5, Thea Frodin: 6/5 → 19/20
2026-02-26T23:24:29.762Z [EVENT] (serving: Martina Okalova)  game: 0-15
2026-02-26T23:24:54.805Z [ODDS] (serving: Martina Okalova)  Martina Okalova: 4/5 → 10/11, Thea Frodin: 19/20 → 10/11
2026-02-26T23:25:17.364Z [ODDS] (serving: Martina Okalova)  Martina Okalova: 10/11 → 8/13, Thea Frodin: 10/11 → 6/5
2026-02-26T23:25:17.364Z [EVENT] (serving: Martina Okalova)  game: 15-15
2026-02-26T23:25:48.032Z [ODDS] (serving: Martina Okalova)  Martina Okalova: 8/13 → 4/9, Thea Frodin: 6/5 → 13/8
2026-02-26T23:25:48.032Z [EVENT] (serving: Martina Okalova)  game: 30-15
2026-02-26T23:26:25.458Z [ODDS] (serving: Martina Okalova)  Martina Okalova: 4/9 → 1/3, Thea Frodin: 13/8 → 9/4
2026-02-26T23:26:25.458Z [EVENT] (serving: Martina Okalova)  game: 40-15
2026-02-26T23:26:49.813Z [ODDS] (serving: Martina Okalova)  Martina Okalova: 1/3 → 2/5, Thea Frodin: 9/4 → 7/4
2026-02-26T23:26:49.813Z [EVENT] (serving: Martina Okalova)  game: 40-30
2026-02-26T23:27:25.896Z [ODDS] (serving: Martina Okalova)  Martina Okalova: 2/5 → 8/13, Thea Frodin: 7/4 → 6/5
2026-02-26T23:27:25.896Z [EVENT] (serving: Martina Okalova)  game: 40-40
2026-02-26T23:27:31.311Z [ODDS] (serving: Martina Okalova)  Martina Okalova: 8/13 → 4/6, Thea Frodin: 6/5 → 11/10
2026-02-26T23:27:54.756Z [ODDS] (serving: Martina Okalova)  Martina Okalova: 4/6 → 7/10, Thea Frodin: 11/10 → 21/20
2026-02-26T23:28:14.150Z [ODDS] (serving: Martina Okalova)  Martina Okalova: 7/10 → 1/1, Thea Frodin: 21/20 → 3/4
2026-02-26T23:28:14.150Z [EVENT] (serving: Martina Okalova)  game: 40-A
2026-02-26T23:28:48.880Z [ODDS] (serving: Thea Frodin)  Martina Okalova: 1/1 → 13/8, Thea Frodin: 3/4 → 4/9
2026-02-26T23:28:48.880Z [EVENT] (serving: Thea Frodin)  sets: 7-6,0-6,3-3, game: 0-0, serving: P2
2026-02-26T23:30:00.588Z [ODDS] (serving: Thea Frodin)  Martina Okalova: 13/8 → 11/10, Thea Frodin: 4/9 → 4/6
2026-02-26T23:30:00.588Z [EVENT] (serving: Thea Frodin)  game: 15-0
2026-02-26T23:30:47.942Z [ODDS] (serving: Thea Frodin)  Martina Okalova: 11/10 → 21/20, Thea Frodin: 4/6 → 7/10
2026-02-26T23:31:11.395Z [ODDS] (serving: Thea Frodin)  Martina Okalova: 21/20 → 4/5, Thea Frodin: 7/10 → 19/20
2026-02-26T23:31:11.395Z [EVENT] (serving: Thea Frodin)  game: 30-0
2026-02-26T23:32:00.566Z [ODDS] (serving: Thea Frodin)  Martina Okalova: 4/5 → 4/7, Thea Frodin: 19/20 → 5/4
2026-02-26T23:32:00.566Z [EVENT] (serving: Thea Frodin)  game: 40-0
2026-02-26T23:32:22.204Z [ODDS] (serving: Thea Frodin)  Martina Okalova: 4/7 → 8/15, Thea Frodin: 5/4 → 11/8
2026-02-26T23:32:43.856Z [ODDS] (serving: Martina Okalova)  Martina Okalova: 8/15 → 4/9, Thea Frodin: 11/8 → 13/8
2026-02-26T23:32:43.856Z [EVENT] (serving: Martina Okalova)  sets: 7-6,0-6,4-3, game: 0-0, serving: P1
2026-02-26T23:34:47.426Z [ODDS] (serving: Martina Okalova)  Martina Okalova: 4/9 → 3/10, Thea Frodin: 13/8 → 12/5
2026-02-26T23:34:47.426Z [EVENT] (serving: Martina Okalova)  game: 15-0
2026-02-26T23:35:06.367Z [ODDS] (serving: Martina Okalova)  Martina Okalova: 3/10 → 1/5, Thea Frodin: 12/5 → 10/3
2026-02-26T23:35:06.367Z [EVENT] (serving: Martina Okalova)  game: 30-0
2026-02-26T23:35:29.819Z [ODDS] (serving: Martina Okalova)  Martina Okalova: 1/5 → 2/9, Thea Frodin: 10/3 → 3/1
2026-02-26T23:35:50.566Z [ODDS] (serving: Martina Okalova)  Martina Okalova: 2/9 → 2/7, Thea Frodin: 3/1 → 5/2
2026-02-26T23:35:50.566Z [EVENT] (serving: Martina Okalova)  game: 30-15
2026-02-26T23:36:16.723Z [ODDS] (serving: Martina Okalova)  Martina Okalova: 2/7 → 3/10, Thea Frodin: 5/2 → 12/5
2026-02-26T23:36:27.096Z [ODDS] (serving: Martina Okalova)  Martina Okalova: 3/10 → 4/9, Thea Frodin: 12/5 → 13/8
2026-02-26T23:36:27.096Z [EVENT] (serving: Martina Okalova)  game: 30-30
2026-02-26T23:36:56.865Z [ODDS] (serving: Martina Okalova)  Martina Okalova: 4/9 → 1/2, Thea Frodin: 13/8 → 6/4
2026-02-26T23:37:22.569Z [ODDS] (serving: Martina Okalova)  Martina Okalova: 1/2 → 3/4, Thea Frodin: 6/4 → 1/1
2026-02-26T23:37:22.570Z [EVENT] (serving: Martina Okalova)  game: 30-40
2026-02-26T23:38:27.885Z [ODDS] (serving: Thea Frodin)  Martina Okalova: 4/5 → 6/5, Thea Frodin: 19/20 → 8/13
2026-02-26T23:38:27.885Z [EVENT] (serving: Thea Frodin)  sets: 7-6,0-6,4-4, game: 0-0, serving: P2
2026-02-26T23:39:28.774Z [ODDS] (serving: Thea Frodin)  Martina Okalova: 6/5 → 13/8, Thea Frodin: 8/13 → 4/9
2026-02-26T23:39:28.774Z [EVENT] (serving: Thea Frodin)  game: 0-15
2026-02-26T23:40:08.010Z [ODDS] (serving: Thea Frodin)  Martina Okalova: 13/8 → 6/5, Thea Frodin: 4/9 → 8/13
2026-02-26T23:40:08.010Z [EVENT] (serving: Thea Frodin)  game: 15-15
2026-02-26T23:40:43.640Z [ODDS] (serving: Thea Frodin)  Martina Okalova: 6/5 → 13/8, Thea Frodin: 8/13 → 4/9
2026-02-26T23:40:43.640Z [EVENT] (serving: Thea Frodin)  game: 15-30
2026-02-26T23:41:54.894Z [ODDS] (serving: Thea Frodin)  Martina Okalova: 13/8 → 12/5, Thea Frodin: 4/9 → 3/10
2026-02-26T23:41:54.894Z [EVENT] (serving: Thea Frodin)  game: 15-40
2026-02-26T23:42:52.174Z [ODDS] (serving: Thea Frodin)  Martina Okalova: 12/5 → 7/4, Thea Frodin: 3/10 → 2/5
2026-02-26T23:42:52.174Z [EVENT] (serving: Thea Frodin)  game: 30-40
2026-02-26T23:43:49.449Z [ODDS] (serving: Thea Frodin)  Martina Okalova: 7/4 → 13/8, Thea Frodin: 2/5 → 4/9
2026-02-26T23:44:16.509Z [ODDS] (serving: Martina Okalova)  Martina Okalova: 13/8 → 11/4, Thea Frodin: 4/9 → 1/4
2026-02-26T23:44:16.509Z [EVENT] (serving: Martina Okalova)  sets: 7-6,0-6,4-5, game: 0-0, serving: P1
2026-02-26T23:46:10.158Z [ODDS] (serving: Martina Okalova)  Martina Okalova: 11/4 → 2/1, Thea Frodin: 1/4 → 4/11
2026-02-26T23:46:10.158Z [EVENT] (serving: Martina Okalova)  game: 15-0
2026-02-26T23:46:41.728Z [ODDS] (serving: Martina Okalova)  Martina Okalova: 2/1 → 6/4, Thea Frodin: 4/11 → 1/2
2026-02-26T23:46:41.728Z [EVENT] (serving: Martina Okalova)  game: 30-0
2026-02-26T23:47:22.770Z [ODDS] (serving: Martina Okalova)  Martina Okalova: 6/4 → 6/5, Thea Frodin: 1/2 → 8/13
2026-02-26T23:47:22.770Z [EVENT] (serving: Martina Okalova)  game: 40-0
2026-02-26T23:47:50.733Z [ODDS] (serving: Thea Frodin)  Martina Okalova: 6/5 → 21/20, Thea Frodin: 8/13 → 7/10
2026-02-26T23:47:50.733Z [EVENT] (serving: Thea Frodin)  sets: 7-6,0-6,5-5, game: 0-0, serving: P2
2026-02-26T23:48:22.314Z [ODDS] (serving: Thea Frodin)  Martina Okalova: 21/20 → 11/8, Thea Frodin: 7/10 → 8/15
2026-02-26T23:48:22.314Z [EVENT] (serving: Thea Frodin)  game: 0-15
2026-02-26T23:48:51.171Z [ODDS] (serving: Thea Frodin)  Martina Okalova: 11/8 → 1/1, Thea Frodin: 8/15 → 3/4
2026-02-26T23:48:51.171Z [EVENT] (serving: Thea Frodin)  game: 15-15
2026-02-26T23:49:15.076Z [ODDS] (serving: Thea Frodin)  Martina Okalova: 1/1 → 19/20, Thea Frodin: 3/4 → 4/5
2026-02-26T23:49:43.038Z [ODDS] (serving: Thea Frodin)  Martina Okalova: 19/20 → 4/6, Thea Frodin: 4/5 → 11/10
2026-02-26T23:49:43.038Z [EVENT] (serving: Thea Frodin)  game: 30-15
2026-02-26T23:50:11.510Z [ODDS] (serving: Thea Frodin)  Martina Okalova: 4/6 → 19/20, Thea Frodin: 11/10 → 4/5
2026-02-26T23:50:11.510Z [EVENT] (serving: Thea Frodin)  game: 30-30
2026-02-26T23:50:53.393Z [ODDS] (serving: Thea Frodin)  Martina Okalova: 19/20 → 10/11, Thea Frodin: 4/5 → 10/11
2026-02-26T23:51:08.276Z [ODDS] (serving: Thea Frodin)  Martina Okalova: 10/11 → 19/20, Thea Frodin: 10/11 → 4/5
2026-02-26T23:51:20.905Z [ODDS] (serving: Thea Frodin)  Martina Okalova: 19/20 → 8/15, Thea Frodin: 4/5 → 11/8
2026-02-26T23:51:20.905Z [EVENT] (serving: Thea Frodin)  game: 40-30
2026-02-26T23:52:06.005Z [ODDS] (serving: Thea Frodin)  Martina Okalova: 8/15 → 19/20, Thea Frodin: 11/8 → 4/5
2026-02-26T23:52:06.005Z [EVENT] (serving: Thea Frodin)  game: 40-40
2026-02-26T23:52:53.826Z [ODDS] (serving: Thea Frodin)  Martina Okalova: 19/20 → 6/4, Thea Frodin: 4/5 → 1/2
2026-02-26T23:52:53.826Z [EVENT] (serving: Thea Frodin)  game: 40-A
2026-02-26T23:53:41.181Z [ODDS] (serving: Martina Okalova)  Martina Okalova: 6/4 → 9/4, Thea Frodin: 1/2 → 1/3
2026-02-26T23:53:41.181Z [EVENT] (serving: Martina Okalova)  sets: 7-6,0-6,5-6, game: 0-0, serving: P1
2026-02-26T23:55:38.439Z [ODDS] (serving: Martina Okalova)  Martina Okalova: 9/4 → 10/3, Thea Frodin: 1/3 → 1/5
2026-02-26T23:55:38.439Z [EVENT] (serving: Martina Okalova)  game: 0-15
2026-02-26T23:56:17.226Z [ODDS] (serving: Martina Okalova)  Martina Okalova: 10/3 → 9/4, Thea Frodin: 1/5 → 1/3
2026-02-26T23:56:17.226Z [EVENT] (serving: Martina Okalova)  game: 15-15
2026-02-26T23:56:48.894Z [ODDS] (serving: Martina Okalova)  Martina Okalova: 9/4 → 5/2, Thea Frodin: 1/3 → 2/7
2026-02-26T23:57:03.326Z [ODDS] (serving: Martina Okalova)  Martina Okalova: 5/2 → 7/2, Thea Frodin: 2/7 → 1/6
2026-02-26T23:57:03.326Z [EVENT] (serving: Martina Okalova)  game: 15-30
2026-02-26T23:57:46.622Z [ODDS] (serving: Martina Okalova)  Martina Okalova: 7/2 → 7/1, Thea Frodin: 1/6 → 1/16
2026-02-26T23:57:46.622Z [EVENT] (serving: Martina Okalova)  game: 15-40
2026-02-26T23:58:45.255Z [ODDS] (serving: Martina Okalova)  Martina Okalova: 7/1 → 4/1, Thea Frodin: 1/16 → 1/7
2026-02-26T23:58:45.255Z [EVENT] (serving: Martina Okalova)  game: 30-40
2026-02-26T23:59:40.725Z [ODDS] (serving: Martina Okalova)  Martina Okalova: 4/1 → 12/5, Thea Frodin: 1/7 → 3/10
2026-02-26T23:59:40.725Z [EVENT] (serving: Martina Okalova)  game: 40-40
2026-02-27T00:00:25.373Z [ODDS] (serving: Martina Okalova)  Martina Okalova: 12/5 → 5/2, Thea Frodin: 3/10 → 2/7
2026-02-27T00:00:38.002Z [ODDS] (serving: Martina Okalova)  Martina Okalova: 5/2 → 4/1, Thea Frodin: 2/7 → 1/7
2026-02-27T00:00:38.002Z [EVENT] (serving: Martina Okalova)  game: 40-A
2026-02-27T00:01:08.220Z [ODDS] (serving: Martina Okalova)  Martina Okalova: 4/1 → 5/1, Thea Frodin: 1/7 → 1/9
2026-02-27T00:01:20.396Z [ODDS] (serving: Martina Okalova)  Martina Okalova: 5/1 → 0/0, Thea Frodin: 1/9 → 0/0
2026-02-27T00:01:20.396Z [EVENT] (serving: Martina Okalova)  sets: 7-6,0-6,5-7, game: 0-0
