2026-02-27T02:08:30.764Z [ODDS] (serving: Piter/Tjen)  Piter/Tjen: 1/1 → 19/20, Bouzkova/Li: 3/4 → 4/5
2026-02-27T02:08:30.764Z [EVENT] (serving: Piter/Tjen)  game: 15-0
2026-02-27T02:08:51.951Z [ODDS] (serving: Piter/Tjen)  Piter/Tjen: 19/20 → 10/11, Bouzkova/Li: 4/5 → 10/11
2026-02-27T02:08:51.951Z [EVENT] (serving: Piter/Tjen)  game: 30-0
2026-02-27T02:09:18.560Z [ODDS] (serving: Piter/Tjen)  Piter/Tjen: 10/11 → 19/20, Bouzkova/Li: 10/11 → 4/5
2026-02-27T02:09:18.560Z [EVENT] (serving: Piter/Tjen)  game: 30-15
2026-02-27T02:09:43.364Z [ODDS] (serving: Piter/Tjen)  Piter/Tjen: 19/20 → 10/11, Bouzkova/Li: 4/5 → 10/11
2026-02-27T02:09:43.364Z [EVENT] (serving: Piter/Tjen)  game: 40-15
2026-02-27T02:10:02.758Z [EVENT] (serving: Bouzkova/Li)  sets: 1-1, game: 0-0, serving: P2
2026-02-27T02:10:36.135Z [ODDS] (serving: Bouzkova/Li)  Piter/Tjen: 10/11 → 19/20, Bouzkova/Li: 10/11 → 4/5
2026-02-27T02:10:36.135Z [EVENT] (serving: Bouzkova/Li)  game: 0-15
2026-02-27T02:11:08.155Z [ODDS] (serving: Bouzkova/Li)  Piter/Tjen: 19/20 → 4/5, Bouzkova/Li: 4/5 → 19/20
2026-02-27T02:11:08.155Z [EVENT] (serving: Bouzkova/Li)  game: 15-15
2026-02-27T02:11:50.549Z [ODDS] (serving: Bouzkova/Li)  Piter/Tjen: 4/5 → 19/20, Bouzkova/Li: 19/20 → 4/5
2026-02-27T02:11:50.549Z [EVENT] (serving: Bouzkova/Li)  game: 15-30
2026-02-27T02:12:14.903Z [EVENT] (serving: Bouzkova/Li)  game: 15-40
2026-02-27T02:12:43.767Z [EVENT] (serving: Bouzkova/Li)  game: 30-40
2026-02-27T02:13:27.064Z [ODDS] (serving: Piter/Tjen)  Piter/Tjen: 19/20 → 1/1, Bouzkova/Li: 4/5 → 3/4
2026-02-27T02:13:27.064Z [EVENT] (serving: Piter/Tjen)  sets: 1-2, game: 0-0, serving: P1
2026-02-27T02:15:34.250Z [ODDS] (serving: Piter/Tjen)  Piter/Tjen: 1/1 → 19/20, Bouzkova/Li: 3/4 → 4/5
2026-02-27T02:15:34.250Z [EVENT] (serving: Piter/Tjen)  game: 15-0
2026-02-27T02:16:13.938Z [ODDS] (serving: Piter/Tjen)  Piter/Tjen: 19/20 → 1/1, Bouzkova/Li: 4/5 → 3/4
2026-02-27T02:16:13.938Z [EVENT] (serving: Piter/Tjen)  game: 15-15
2026-02-27T02:16:40.998Z [ODDS] (serving: Piter/Tjen)  Piter/Tjen: 1/1 → 11/10, Bouzkova/Li: 3/4 → 4/6
2026-02-27T02:16:40.998Z [EVENT] (serving: Piter/Tjen)  game: 15-30
2026-02-27T02:17:21.589Z [ODDS] (serving: Piter/Tjen)  Piter/Tjen: 11/10 → 1/1, Bouzkova/Li: 4/6 → 3/4
2026-02-27T02:17:21.589Z [EVENT] (serving: Piter/Tjen)  game: 30-30
2026-02-27T02:17:49.099Z [ODDS] (serving: Piter/Tjen)  Piter/Tjen: 1/1 → 19/20, Bouzkova/Li: 3/4 → 4/5
2026-02-27T02:17:49.099Z [EVENT] (serving: Piter/Tjen)  game: 40-30
2026-02-27T02:18:28.786Z [ODDS] (serving: Piter/Tjen)  Piter/Tjen: 19/20 → 21/20, Bouzkova/Li: 4/5 → 7/10
2026-02-27T02:18:28.786Z [EVENT] (serving: Piter/Tjen)  game: 40-40
2026-02-27T02:18:56.751Z [ODDS] (serving: Piter/Tjen)  Piter/Tjen: 21/20 → 11/10, Bouzkova/Li: 7/10 → 4/6
2026-02-27T02:19:46.361Z [ODDS] (serving: Bouzkova/Li)  Piter/Tjen: 11/10 → 6/4, Bouzkova/Li: 4/6 → 1/2
2026-02-27T02:19:46.361Z [EVENT] (serving: Bouzkova/Li)  sets: 1-3, game: 0-0, serving: P2
2026-02-27T02:20:22.443Z [ODDS] (serving: Bouzkova/Li)  Piter/Tjen: 6/4 → 11/8, Bouzkova/Li: 1/2 → 8/15
2026-02-27T02:20:29.658Z [ODDS] (serving: Bouzkova/Li)  Piter/Tjen: 11/8 → 5/4, Bouzkova/Li: 8/15 → 4/7
2026-02-27T02:20:29.658Z [EVENT] (serving: Bouzkova/Li)  game: 15-0
2026-02-27T02:20:56.268Z [ODDS] (serving: Bouzkova/Li)  Piter/Tjen: 5/4 → 11/8, Bouzkova/Li: 4/7 → 8/15
2026-02-27T02:20:56.268Z [EVENT] (serving: Bouzkova/Li)  game: 15-15
2026-02-27T02:21:28.292Z [ODDS] (serving: Bouzkova/Li)  Piter/Tjen: 11/8 → 5/4, Bouzkova/Li: 8/15 → 4/7
2026-02-27T02:21:28.292Z [EVENT] (serving: Bouzkova/Li)  game: 30-15
2026-02-27T02:21:55.803Z [ODDS] (serving: Bouzkova/Li)  Piter/Tjen: 5/4 → 11/10, Bouzkova/Li: 4/7 → 4/6
2026-02-27T02:21:55.803Z [EVENT] (serving: Bouzkova/Li)  game: 40-15
2026-02-27T02:22:13.393Z [ODDS] (serving: Bouzkova/Li)  Piter/Tjen: 11/10 → 21/20, Bouzkova/Li: 4/6 → 7/10
2026-02-27T02:22:25.117Z [ODDS] (serving: Bouzkova/Li)  Piter/Tjen: 21/20 → 6/5, Bouzkova/Li: 7/10 → 8/13
2026-02-27T02:22:25.117Z [EVENT] (serving: Bouzkova/Li)  game: 40-30
2026-02-27T02:22:49.022Z [ODDS] (serving: Bouzkova/Li)  Piter/Tjen: 6/5 → 11/10, Bouzkova/Li: 8/13 → 4/6
2026-02-27T02:22:59.395Z [ODDS] (serving: Bouzkova/Li)  Piter/Tjen: 11/10 → 11/8, Bouzkova/Li: 4/6 → 8/15
2026-02-27T02:22:59.395Z [EVENT] (serving: Bouzkova/Li)  game: 40-40
2026-02-27T02:23:24.202Z [ODDS] (serving: Piter/Tjen)  Piter/Tjen: 11/8 → 13/8, Bouzkova/Li: 8/15 → 4/9
2026-02-27T02:23:24.202Z [EVENT] (serving: Piter/Tjen)  sets: 1-4, game: 0-0, serving: P1
2026-02-27T02:25:21.009Z [ODDS] (serving: Piter/Tjen)  Piter/Tjen: 13/8 → 7/4, Bouzkova/Li: 4/9 → 2/5
2026-02-27T02:25:37.248Z [EVENT] (serving: Piter/Tjen)  game: 0-15
2026-02-27T02:26:07.467Z [ODDS] (serving: Piter/Tjen)  Piter/Tjen: 7/4 → 13/8, Bouzkova/Li: 2/5 → 4/9
2026-02-27T02:26:07.467Z [EVENT] (serving: Piter/Tjen)  game: 15-15
2026-02-27T02:26:42.645Z [EVENT] (serving: Piter/Tjen)  game: 30-15
2026-02-27T02:27:16.922Z [ODDS] (serving: Piter/Tjen)  Piter/Tjen: 13/8 → 7/4, Bouzkova/Li: 4/9 → 2/5
2026-02-27T02:27:16.922Z [EVENT] (serving: Piter/Tjen)  game: 30-30
2026-02-27T02:27:57.061Z [ODDS] (serving: Piter/Tjen)  Piter/Tjen: 7/4 → 13/8, Bouzkova/Li: 2/5 → 4/9
2026-02-27T02:27:57.061Z [EVENT] (serving: Piter/Tjen)  game: 40-30
2026-02-27T02:28:29.987Z [ODDS] (serving: Bouzkova/Li)  Piter/Tjen: 13/8 → 6/4, Bouzkova/Li: 4/9 → 1/2
2026-02-27T02:28:29.987Z [EVENT] (serving: Bouzkova/Li)  sets: 2-4, game: 0-0, serving: P2
2026-02-27T02:29:21.401Z [ODDS] (serving: Bouzkova/Li)  Piter/Tjen: 6/4 → 13/8, Bouzkova/Li: 1/2 → 4/9
2026-02-27T02:29:21.401Z [EVENT] (serving: Bouzkova/Li)  game: 0-15
2026-02-27T02:30:01.541Z [ODDS] (serving: Bouzkova/Li)  Piter/Tjen: 13/8 → 7/4, Bouzkova/Li: 4/9 → 2/5
2026-02-27T02:30:01.541Z [EVENT] (serving: Bouzkova/Li)  game: 0-30
2026-02-27T02:30:31.764Z [ODDS] (serving: Bouzkova/Li)  Piter/Tjen: 7/4 → 2/1, Bouzkova/Li: 2/5 → 4/11
2026-02-27T02:30:31.764Z [EVENT] (serving: Bouzkova/Li)  game: 0-40
2026-02-27T02:31:01.531Z [ODDS] (serving: Bouzkova/Li)  Piter/Tjen: 2/1 → 7/4, Bouzkova/Li: 4/11 → 2/5
2026-02-27T02:31:01.531Z [EVENT] (serving: Bouzkova/Li)  game: 15-40
2026-02-27T02:31:38.964Z [ODDS] (serving: Piter/Tjen)  Piter/Tjen: 7/4 → 2/1, Bouzkova/Li: 2/5 → 4/11
2026-02-27T02:31:38.964Z [EVENT] (serving: Piter/Tjen)  sets: 2-5, game: 0-0, serving: P1
2026-02-27T02:34:00.128Z [ODDS] (serving: Piter/Tjen)  Piter/Tjen: 2/1 → 7/4, Bouzkova/Li: 4/11 → 2/5
2026-02-27T02:34:00.128Z [EVENT] (serving: Piter/Tjen)  game: 15-0
2026-02-27T02:34:21.326Z [EVENT] (serving: Piter/Tjen)  game: 30-0
2026-02-27T02:34:57.857Z [ODDS] (serving: Piter/Tjen)  Piter/Tjen: 7/4 → 13/8, Bouzkova/Li: 2/5 → 4/9
2026-02-27T02:34:57.857Z [EVENT] (serving: Piter/Tjen)  game: 40-0
2026-02-27T02:35:18.603Z [ODDS] (serving: Piter/Tjen)  Piter/Tjen: 13/8 → 7/4, Bouzkova/Li: 4/9 → 2/5
2026-02-27T02:35:18.603Z [EVENT] (serving: Piter/Tjen)  game: 40-15
2026-02-27T02:35:40.702Z [EVENT] (serving: Piter/Tjen)  game: 40-30
2026-02-27T02:36:13.642Z [ODDS] (serving: Piter/Tjen)  Piter/Tjen: 7/4 → 2/1, Bouzkova/Li: 2/5 → 4/11
2026-02-27T02:36:13.642Z [EVENT] (serving: Piter/Tjen)  game: 40-40
2026-02-27T02:36:51.062Z [ODDS] (serving: Bouzkova/Li)  Piter/Tjen: 2/1 → 7/4, Bouzkova/Li: 4/11 → 2/5
2026-02-27T02:36:51.062Z [EVENT] (serving: Bouzkova/Li)  sets: 3-5, game: 0-0, serving: P2
2026-02-27T02:37:21.730Z [ODDS] (serving: Bouzkova/Li)  Piter/Tjen: 7/4 → 13/8, Bouzkova/Li: 2/5 → 4/9
2026-02-27T02:37:32.555Z [ODDS] (serving: Bouzkova/Li)  Piter/Tjen: 13/8 → 6/4, Bouzkova/Li: 4/9 → 1/2
2026-02-27T02:37:32.555Z [EVENT] (serving: Bouzkova/Li)  game: 15-0
2026-02-27T02:37:55.555Z [ODDS] (serving: Bouzkova/Li)  Piter/Tjen: 6/4 → 5/4, Bouzkova/Li: 1/2 → 4/7
2026-02-27T02:37:55.555Z [EVENT] (serving: Bouzkova/Li)  game: 30-0
2026-02-27T02:38:29.780Z [ODDS] (serving: Bouzkova/Li)  Piter/Tjen: 5/4 → 6/4, Bouzkova/Li: 4/7 → 1/2
2026-02-27T02:38:29.780Z [EVENT] (serving: Bouzkova/Li)  game: 30-15
2026-02-27T02:39:03.153Z [ODDS] (serving: Bouzkova/Li)  Piter/Tjen: 6/4 → 6/5, Bouzkova/Li: 1/2 → 8/13
2026-02-27T02:39:03.153Z [EVENT] (serving: Bouzkova/Li)  game: 40-15
2026-02-27T02:39:27.959Z [ODDS] (serving: Bouzkova/Li)  Piter/Tjen: 6/5 → 11/8, Bouzkova/Li: 8/13 → 8/15
2026-02-27T02:39:27.959Z [EVENT] (serving: Bouzkova/Li)  game: 40-30
2026-02-27T02:39:56.824Z [ODDS] (serving: Bouzkova/Li)  Piter/Tjen: 11/8 → 13/8, Bouzkova/Li: 8/15 → 4/9
2026-02-27T02:39:56.824Z [EVENT] (serving: Bouzkova/Li)  game: 40-40
2026-02-27T02:40:40.120Z [ODDS] (serving: Piter/Tjen)  Piter/Tjen: 13/8 → 11/10, Bouzkova/Li: 4/9 → 4/6
2026-02-27T02:40:40.120Z [EVENT] (serving: Piter/Tjen)  sets: 4-5, game: 0-0, serving: P1
2026-02-27T02:42:49.109Z [ODDS] (serving: Piter/Tjen)  Piter/Tjen: 11/10 → 6/5, Bouzkova/Li: 4/6 → 8/13
2026-02-27T02:43:02.214Z [ODDS] (serving: Piter/Tjen)  Piter/Tjen: 6/5 → 5/4, Bouzkova/Li: 8/13 → 4/7
2026-02-27T02:43:02.215Z [EVENT] (serving: Piter/Tjen)  game: 0-15
2026-02-27T02:43:24.740Z [ODDS] (serving: Piter/Tjen)  Piter/Tjen: 5/4 → 13/8, Bouzkova/Li: 4/7 → 4/9
2026-02-27T02:43:24.740Z [EVENT] (serving: Piter/Tjen)  game: 0-30
2026-02-27T02:43:48.189Z [ODDS] (serving: Piter/Tjen)  Piter/Tjen: 13/8 → 2/1, Bouzkova/Li: 4/9 → 4/11
2026-02-27T02:43:48.189Z [EVENT] (serving: Piter/Tjen)  game: 0-40
2026-02-27T02:44:11.642Z [ODDS] (serving: Piter/Tjen)  Piter/Tjen: 2/1 → 7/4, Bouzkova/Li: 4/11 → 2/5
2026-02-27T02:44:11.642Z [EVENT] (serving: Piter/Tjen)  game: 15-40
2026-02-27T02:44:32.839Z [ODDS] (serving: Piter/Tjen)  Piter/Tjen: 7/4 → 13/8, Bouzkova/Li: 2/5 → 4/9
2026-02-27T02:44:32.839Z [EVENT] (serving: Piter/Tjen)  game: 30-40
2026-02-27T02:44:54.942Z [ODDS] (serving: Piter/Tjen)  Piter/Tjen: 13/8 → 5/4, Bouzkova/Li: 4/9 → 4/7
2026-02-27T02:44:54.942Z [EVENT] (serving: Piter/Tjen)  game: 40-40
2026-02-27T02:45:27.868Z [ODDS] (serving: Bouzkova/Li)  Piter/Tjen: 5/4 → 10/11, Bouzkova/Li: 4/7 → 10/11
2026-02-27T02:45:27.868Z [EVENT] (serving: Bouzkova/Li)  sets: 5-5, game: 0-0, serving: P2
2026-02-27T02:46:08.912Z [ODDS] (serving: Bouzkova/Li)  Piter/Tjen: 10/11 → 3/4, Bouzkova/Li: 10/11 → 1/1
2026-02-27T02:46:08.912Z [EVENT] (serving: Bouzkova/Li)  game: 15-0
2026-02-27T02:46:53.568Z [ODDS] (serving: Bouzkova/Li)  Piter/Tjen: 3/4 → 8/13, Bouzkova/Li: 1/1 → 6/5
2026-02-27T02:46:53.568Z [EVENT] (serving: Bouzkova/Li)  game: 30-0
2026-02-27T02:47:27.391Z [ODDS] (serving: Bouzkova/Li)  Piter/Tjen: 8/13 → 7/10, Bouzkova/Li: 6/5 → 21/20
2026-02-27T02:47:27.391Z [EVENT] (serving: Bouzkova/Li)  game: 30-15
2026-02-27T02:47:55.354Z [ODDS] (serving: Bouzkova/Li)  Piter/Tjen: 7/10 → 8/13, Bouzkova/Li: 21/20 → 6/5
2026-02-27T02:48:13.394Z [ODDS] (serving: Bouzkova/Li)  Piter/Tjen: 8/13 → 4/5, Bouzkova/Li: 6/5 → 19/20
2026-02-27T02:48:13.394Z [EVENT] (serving: Bouzkova/Li)  game: 30-30
2026-02-27T02:48:47.669Z [ODDS] (serving: Bouzkova/Li)  Piter/Tjen: 4/5 → 1/1, Bouzkova/Li: 19/20 → 3/4
2026-02-27T02:48:47.669Z [EVENT] (serving: Bouzkova/Li)  game: 30-40
2026-02-27T02:49:17.894Z [ODDS] (serving: Bouzkova/Li)  Piter/Tjen: 1/1 → 4/5, Bouzkova/Li: 3/4 → 19/20
2026-02-27T02:49:17.895Z [EVENT] (serving: Bouzkova/Li)  game: 40-40
2026-02-27T02:49:51.261Z [ODDS] (serving: Piter/Tjen)  Piter/Tjen: 4/5 → 11/10, Bouzkova/Li: 19/20 → 4/6
2026-02-27T02:49:51.261Z [EVENT] (serving: Piter/Tjen)  sets: 5-6, game: 0-0, serving: P1
2026-02-27T02:52:17.393Z [ODDS] (serving: Piter/Tjen)  Piter/Tjen: 11/10 → 5/4, Bouzkova/Li: 4/6 → 4/7
2026-02-27T02:52:17.393Z [EVENT] (serving: Piter/Tjen)  game: 0-15
2026-02-27T02:52:34.081Z [ODDS] (serving: Piter/Tjen)  Piter/Tjen: 5/4 → 11/10, Bouzkova/Li: 4/7 → 4/6
2026-02-27T02:52:34.081Z [EVENT] (serving: Piter/Tjen)  game: 0-0
2026-02-27T02:52:34.984Z [ODDS] (serving: Piter/Tjen)  Piter/Tjen: 11/10 → 1/1, Bouzkova/Li: 4/6 → 3/4
2026-02-27T02:52:34.984Z [EVENT] (serving: Piter/Tjen)  game: 15-0
2026-02-27T02:52:45.902Z [ODDS] (serving: Piter/Tjen)  Piter/Tjen: 1/1 → 11/10, Bouzkova/Li: 3/4 → 4/6
2026-02-27T02:52:45.902Z [EVENT] (serving: Piter/Tjen)  game: 15-15
2026-02-27T02:53:10.214Z [ODDS] (serving: Piter/Tjen)  Piter/Tjen: 11/10 → 1/1, Bouzkova/Li: 4/6 → 3/4
2026-02-27T02:53:10.215Z [EVENT] (serving: Piter/Tjen)  game: 30-15
2026-02-27T02:53:36.320Z [ODDS] (serving: Piter/Tjen)  Piter/Tjen: 1/1 → 10/11, Bouzkova/Li: 3/4 → 10/11
2026-02-27T02:53:36.320Z [EVENT] (serving: Piter/Tjen)  game: 40-15
2026-02-27T02:54:02.025Z [ODDS] (serving: Piter/Tjen)  Piter/Tjen: 10/11 → 19/20, Bouzkova/Li: 10/11 → 4/5
2026-02-27T02:54:19.164Z [ODDS] (serving: Piter/Tjen)  Piter/Tjen: 19/20 → 1/1, Bouzkova/Li: 4/5 → 3/4
2026-02-27T02:54:19.164Z [EVENT] (serving: Piter/Tjen)  game: 40-30
2026-02-27T02:54:44.422Z [ODDS] (serving: Piter/Tjen)  Piter/Tjen: 1/1 → 21/20, Bouzkova/Li: 3/4 → 7/10
2026-02-27T02:55:02.009Z [ODDS] (serving: Bouzkova/Li)  Piter/Tjen: 21/20 → 4/5, Bouzkova/Li: 7/10 → 19/20
2026-02-27T02:55:02.009Z [EVENT] (serving: Bouzkova/Li)  sets: 6-6, game: 0-0, serving: P2
2026-02-27T02:55:43.051Z [ODDS] (serving: Piter/Tjen)  Piter/Tjen: 4/5 → 4/6, Bouzkova/Li: 19/20 → 11/10
2026-02-27T02:55:43.051Z [EVENT] (serving: Piter/Tjen)  game: 1-0, serving: P1
2026-02-27T02:56:15.522Z [ODDS] (serving: Piter/Tjen)  Piter/Tjen: 4/6 → 8/15, Bouzkova/Li: 11/10 → 11/8
2026-02-27T02:56:15.522Z [EVENT] (serving: Piter/Tjen)  game: 2-0
2026-02-27T02:56:55.762Z [ODDS] (serving: Bouzkova/Li)  Piter/Tjen: 8/15 → 7/10, Bouzkova/Li: 11/8 → 21/20
2026-02-27T02:56:55.762Z [EVENT] (serving: Bouzkova/Li)  game: 2-1, serving: P2
2026-02-27T02:57:33.547Z [ODDS] (serving: Bouzkova/Li)  Piter/Tjen: 7/10 → 4/6, Bouzkova/Li: 21/20 → 11/10
2026-02-27T02:57:54.294Z [ODDS] (serving: Bouzkova/Li)  Piter/Tjen: 4/6 → 1/2, Bouzkova/Li: 11/10 → 6/4
2026-02-27T02:57:54.294Z [EVENT] (serving: Bouzkova/Li)  game: 3-1
2026-02-27T02:58:31.727Z [ODDS] (serving: Piter/Tjen)  Piter/Tjen: 1/2 → 4/11, Bouzkova/Li: 6/4 → 2/1
2026-02-27T02:58:31.727Z [EVENT] (serving: Piter/Tjen)  game: 4-1, serving: P1
2026-02-27T02:59:01.509Z [ODDS] (serving: Piter/Tjen)  Piter/Tjen: 4/11 → 2/5, Bouzkova/Li: 2/1 → 7/4
2026-02-27T02:59:26.803Z [ODDS] (serving: Piter/Tjen)  Piter/Tjen: 2/5 → 3/10, Bouzkova/Li: 7/4 → 12/5
2026-02-27T02:59:26.803Z [EVENT] (serving: Piter/Tjen)  game: 5-1
2026-02-27T03:00:14.557Z [ODDS] (serving: Piter/Tjen)  Piter/Tjen: 3/10 → 1/3, Bouzkova/Li: 12/5 → 9/4
2026-02-27T03:00:32.147Z [ODDS] (serving: Bouzkova/Li)  Piter/Tjen: 1/3 → 4/11, Bouzkova/Li: 9/4 → 2/1
2026-02-27T03:00:32.147Z [EVENT] (serving: Bouzkova/Li)  game: 5-2, serving: P2
2026-02-27T03:01:06.877Z [ODDS] (serving: Bouzkova/Li)  Piter/Tjen: 4/11 → 4/9, Bouzkova/Li: 2/1 → 13/8
2026-02-27T03:01:06.877Z [EVENT] (serving: Bouzkova/Li)  game: 5-3
2026-02-27T03:01:46.566Z [ODDS] (serving: Piter/Tjen)  Piter/Tjen: 4/9 → 3/10, Bouzkova/Li: 13/8 → 12/5
2026-02-27T03:01:46.567Z [EVENT] (serving: Piter/Tjen)  game: 6-3, serving: P1
2026-02-27T03:02:14.539Z [ODDS] (serving: Piter/Tjen)  Piter/Tjen: 3/10 → 1/3, Bouzkova/Li: 12/5 → 9/4
2026-02-27T03:02:30.375Z [ODDS] (serving: Piter/Tjen)  Piter/Tjen: 1/3 → 1/4, Bouzkova/Li: 9/4 → 11/4
2026-02-27T03:02:30.375Z [EVENT] (serving: Piter/Tjen)  sets: 7-6,0-0, game: 0-0
2026-02-27T03:05:02.303Z [EVENT] (serving: Piter/Tjen)  game: 15-0
2026-02-27T03:05:26.658Z [ODDS] (serving: Piter/Tjen)  Piter/Tjen: 1/4 → 2/7, Bouzkova/Li: 11/4 → 5/2
2026-02-27T03:05:26.658Z [EVENT] (serving: Piter/Tjen)  game: 15-15
2026-02-27T03:05:48.309Z [ODDS] (serving: Piter/Tjen)  Piter/Tjen: 2/7 → 1/3, Bouzkova/Li: 5/2 → 9/4
2026-02-27T03:05:48.309Z [EVENT] (serving: Piter/Tjen)  game: 15-30
2026-02-27T03:06:11.800Z [ODDS] (serving: Piter/Tjen)  Piter/Tjen: 1/3 → 4/11, Bouzkova/Li: 9/4 → 2/1
2026-02-27T03:06:11.800Z [EVENT] (serving: Piter/Tjen)  game: 15-40
2026-02-27T03:06:39.722Z [ODDS] (serving: Bouzkova/Li)  Piter/Tjen: 4/11 → 4/9, Bouzkova/Li: 2/1 → 13/8
2026-02-27T03:06:39.722Z [EVENT] (serving: Bouzkova/Li)  sets: 7-6,0-1, game: 0-0, serving: P2
2026-02-27T03:07:34.294Z [EVENT] (serving: Bouzkova/Li)  game: 0-15
2026-02-27T03:08:07.672Z [ODDS] (serving: Bouzkova/Li)  Piter/Tjen: 4/9 → 2/5, Bouzkova/Li: 13/8 → 7/4
2026-02-27T03:08:07.672Z [EVENT] (serving: Bouzkova/Li)  game: 15-15
2026-02-27T03:08:47.901Z [ODDS] (serving: Bouzkova/Li)  Piter/Tjen: 2/5 → 4/11, Bouzkova/Li: 7/4 → 2/1
2026-02-27T03:08:47.901Z [EVENT] (serving: Bouzkova/Li)  game: 30-15
2026-02-27T03:09:15.869Z [ODDS] (serving: Bouzkova/Li)  Piter/Tjen: 4/11 → 3/10, Bouzkova/Li: 2/1 → 12/5
2026-02-27T03:09:15.869Z [EVENT] (serving: Bouzkova/Li)  game: 40-15
2026-02-27T03:09:51.709Z [ODDS] (serving: Piter/Tjen)  Piter/Tjen: 3/10 → 1/4, Bouzkova/Li: 12/5 → 11/4
2026-02-27T03:09:51.709Z [EVENT] (serving: Piter/Tjen)  sets: 7-6,1-1, game: 0-0, serving: P1
2026-02-27T03:10:29.480Z [ODDS] (serving: Piter/Tjen)  Piter/Tjen: 1/4 → 2/9, Bouzkova/Li: 11/4 → 3/1
2026-02-27T03:10:29.480Z [EVENT] (serving: Piter/Tjen)  game: 15-0
2026-02-27T03:10:47.972Z [ODDS] (serving: Piter/Tjen)  Piter/Tjen: 2/9 → 1/4, Bouzkova/Li: 3/1 → 11/4
2026-02-27T03:11:16.393Z [ODDS] (serving: Piter/Tjen)  Piter/Tjen: 1/4 → 2/7, Bouzkova/Li: 11/4 → 5/2
2026-02-27T03:11:16.393Z [EVENT] (serving: Piter/Tjen)  game: 15-15
2026-02-27T03:12:00.133Z [ODDS] (serving: Piter/Tjen)  Piter/Tjen: 2/7 → 1/3, Bouzkova/Li: 5/2 → 9/4
2026-02-27T03:12:00.133Z [EVENT] (serving: Piter/Tjen)  game: 15-30
2026-02-27T03:12:52.000Z [ODDS] (serving: Piter/Tjen)  Piter/Tjen: 1/3 → 2/7, Bouzkova/Li: 9/4 → 5/2
2026-02-27T03:12:52.000Z [EVENT] (serving: Piter/Tjen)  game: 30-30
2026-02-27T03:13:21.315Z [ODDS] (serving: Piter/Tjen)  Piter/Tjen: 2/7 → 3/10, Bouzkova/Li: 5/2 → 12/5
2026-02-27T03:13:42.060Z [ODDS] (serving: Piter/Tjen)  Piter/Tjen: 3/10 → 1/3, Bouzkova/Li: 12/5 → 9/4
2026-02-27T03:13:42.060Z [EVENT] (serving: Piter/Tjen)  game: 30-40
2026-02-27T03:14:10.030Z [ODDS] (serving: Bouzkova/Li)  Piter/Tjen: 1/3 → 4/9, Bouzkova/Li: 9/4 → 13/8
2026-02-27T03:14:10.030Z [EVENT] (serving: Bouzkova/Li)  sets: 7-6,1-2, game: 0-0, serving: P2
2026-02-27T03:16:19.467Z [ODDS] (serving: Bouzkova/Li)  Piter/Tjen: 4/9 → 4/11, Bouzkova/Li: 13/8 → 2/1
2026-02-27T03:16:19.467Z [EVENT] (serving: Bouzkova/Li)  game: 15-0
2026-02-27T03:16:55.553Z [ODDS] (serving: Bouzkova/Li)  Piter/Tjen: 4/11 → 1/3, Bouzkova/Li: 2/1 → 9/4
2026-02-27T03:16:55.553Z [EVENT] (serving: Bouzkova/Li)  game: 30-0
2026-02-27T03:17:23.510Z [ODDS] (serving: Bouzkova/Li)  Piter/Tjen: 1/3 → 4/11, Bouzkova/Li: 9/4 → 2/1
2026-02-27T03:17:23.510Z [EVENT] (serving: Bouzkova/Li)  game: 30-15
2026-02-27T03:17:44.709Z [ODDS] (serving: Bouzkova/Li)  Piter/Tjen: 4/11 → 1/3, Bouzkova/Li: 2/1 → 9/4
2026-02-27T03:18:05.907Z [ODDS] (serving: Bouzkova/Li)  Piter/Tjen: 1/3 → 2/5, Bouzkova/Li: 9/4 → 7/4
2026-02-27T03:18:05.907Z [EVENT] (serving: Bouzkova/Li)  game: 30-30
2026-02-27T03:18:42.886Z [ODDS] (serving: Bouzkova/Li)  Piter/Tjen: 2/5 → 1/2, Bouzkova/Li: 7/4 → 6/4
2026-02-27T03:18:42.886Z [EVENT] (serving: Bouzkova/Li)  game: 30-40
2026-02-27T03:19:14.456Z [ODDS] (serving: Bouzkova/Li)  Piter/Tjen: 1/2 → 2/5, Bouzkova/Li: 6/4 → 7/4
2026-02-27T03:19:14.456Z [EVENT] (serving: Bouzkova/Li)  game: 40-40
2026-02-27T03:19:41.518Z [ODDS] (serving: Piter/Tjen)  Piter/Tjen: 2/5 → 1/4, Bouzkova/Li: 7/4 → 11/4
2026-02-27T03:19:41.518Z [EVENT] (serving: Piter/Tjen)  sets: 7-6,2-2, game: 0-0, serving: P1
2026-02-27T03:20:21.206Z [ODDS] (serving: Piter/Tjen)  Piter/Tjen: 1/4 → 2/9, Bouzkova/Li: 11/4 → 3/1
2026-02-27T03:20:21.206Z [EVENT] (serving: Piter/Tjen)  game: 15-0
2026-02-27T03:20:41.504Z [ODDS] (serving: Piter/Tjen)  Piter/Tjen: 2/9 → 1/5, Bouzkova/Li: 3/1 → 10/3
2026-02-27T03:20:41.504Z [EVENT] (serving: Piter/Tjen)  game: 30-0
2026-02-27T03:21:01.352Z [ODDS] (serving: Piter/Tjen)  Piter/Tjen: 1/5 → 2/11, Bouzkova/Li: 10/3 → 7/2
2026-02-27T03:21:01.353Z [EVENT] (serving: Piter/Tjen)  game: 40-0
2026-02-27T03:21:38.328Z [ODDS] (serving: Piter/Tjen)  Piter/Tjen: 2/11 → 1/5, Bouzkova/Li: 7/2 → 10/3
2026-02-27T03:21:38.329Z [EVENT] (serving: Piter/Tjen)  game: 40-15
2026-02-27T03:22:12.614Z [ODDS] (serving: Piter/Tjen)  Piter/Tjen: 1/5 → 2/9, Bouzkova/Li: 10/3 → 3/1
2026-02-27T03:22:12.614Z [EVENT] (serving: Piter/Tjen)  game: 40-30
2026-02-27T03:22:37.864Z [ODDS] (serving: Bouzkova/Li)  Piter/Tjen: 2/9 → 2/11, Bouzkova/Li: 3/1 → 7/2
2026-02-27T03:22:37.864Z [EVENT] (serving: Bouzkova/Li)  sets: 7-6,3-2, game: 0-0, serving: P2
2026-02-27T03:24:42.190Z [ODDS] (serving: Bouzkova/Li)  Piter/Tjen: 2/11 → 1/7, Bouzkova/Li: 7/2 → 9/2
2026-02-27T03:24:42.191Z [EVENT] (serving: Bouzkova/Li)  game: 15-0
2026-02-27T03:25:02.192Z [ODDS] (serving: Bouzkova/Li)  Piter/Tjen: 1/7 → 1/8, Bouzkova/Li: 9/2 → 5/1
2026-02-27T03:25:18.880Z [ODDS] (serving: Bouzkova/Li)  Piter/Tjen: 1/8 → 2/11, Bouzkova/Li: 5/1 → 7/2
2026-02-27T03:25:18.880Z [EVENT] (serving: Bouzkova/Li)  game: 15-15
2026-02-27T03:25:54.051Z [ODDS] (serving: Bouzkova/Li)  Piter/Tjen: 2/11 → 2/9, Bouzkova/Li: 7/2 → 3/1
2026-02-27T03:25:54.051Z [EVENT] (serving: Bouzkova/Li)  game: 15-30
2026-02-27T03:26:22.465Z [ODDS] (serving: Bouzkova/Li)  Piter/Tjen: 2/9 → 1/5, Bouzkova/Li: 3/1 → 10/3
2026-02-27T03:26:40.956Z [ODDS] (serving: Bouzkova/Li)  Piter/Tjen: 1/5 → 2/11, Bouzkova/Li: 10/3 → 7/2
2026-02-27T03:26:40.956Z [EVENT] (serving: Bouzkova/Li)  game: 30-30
2026-02-27T03:27:07.115Z [ODDS] (serving: Bouzkova/Li)  Piter/Tjen: 2/11 → 1/7, Bouzkova/Li: 7/2 → 9/2
2026-02-27T03:27:21.997Z [ODDS] (serving: Bouzkova/Li)  Piter/Tjen: 1/7 → 1/8, Bouzkova/Li: 9/2 → 5/1
2026-02-27T03:27:21.997Z [EVENT] (serving: Bouzkova/Li)  game: 40-30
2026-02-27T03:27:45.900Z [ODDS] (serving: Bouzkova/Li)  Piter/Tjen: 1/8 → 1/10, Bouzkova/Li: 5/1 → 6/1
2026-02-27T03:27:58.530Z [ODDS] (serving: Bouzkova/Li)  Piter/Tjen: 1/10 → 1/6, Bouzkova/Li: 6/1 → 4/1
2026-02-27T03:27:58.530Z [EVENT] (serving: Bouzkova/Li)  game: 40-40
2026-02-27T03:28:36.995Z [ODDS] (serving: Piter/Tjen)  Piter/Tjen: 1/6 → 1/4, Bouzkova/Li: 4/1 → 11/4
2026-02-27T03:28:36.995Z [EVENT] (serving: Piter/Tjen)  sets: 7-6,3-3, game: 0-0, serving: P1
2026-02-27T03:29:28.414Z [ODDS] (serving: Piter/Tjen)  Piter/Tjen: 1/4 → 2/9, Bouzkova/Li: 11/4 → 3/1
2026-02-27T03:29:28.414Z [EVENT] (serving: Piter/Tjen)  game: 15-0
2026-02-27T03:29:53.218Z [ODDS] (serving: Piter/Tjen)  Piter/Tjen: 2/9 → 1/4, Bouzkova/Li: 3/1 → 11/4
2026-02-27T03:30:11.710Z [ODDS] (serving: Piter/Tjen)  Piter/Tjen: 1/4 → 2/11, Bouzkova/Li: 11/4 → 7/2
2026-02-27T03:30:11.710Z [EVENT] (serving: Piter/Tjen)  game: 30-0
2026-02-27T03:30:36.065Z [ODDS] (serving: Piter/Tjen)  Piter/Tjen: 2/11 → 1/6, Bouzkova/Li: 7/2 → 4/1
2026-02-27T03:30:36.065Z [EVENT] (serving: Piter/Tjen)  game: 40-0
2026-02-27T03:30:59.968Z [ODDS] (serving: Piter/Tjen)  Piter/Tjen: 1/6 → 2/11, Bouzkova/Li: 4/1 → 7/2
2026-02-27T03:30:59.968Z [EVENT] (serving: Piter/Tjen)  game: 40-15
2026-02-27T03:31:38.757Z [ODDS] (serving: Bouzkova/Li)  Piter/Tjen: 2/11 → 1/6, Bouzkova/Li: 7/2 → 4/1
2026-02-27T03:31:38.757Z [EVENT] (serving: Bouzkova/Li)  sets: 7-6,4-3, game: 0-0, serving: P2
2026-02-27T03:33:43.234Z [ODDS] (serving: Bouzkova/Li)  Piter/Tjen: 1/6 → 1/5, Bouzkova/Li: 4/1 → 10/3
2026-02-27T03:33:43.234Z [EVENT] (serving: Bouzkova/Li)  game: 0-15
2026-02-27T03:34:04.432Z [ODDS] (serving: Bouzkova/Li)  Piter/Tjen: 1/5 → 1/6, Bouzkova/Li: 10/3 → 4/1
2026-02-27T03:34:04.432Z [EVENT] (serving: Bouzkova/Li)  game: 15-15
2026-02-27T03:34:28.786Z [ODDS] (serving: Bouzkova/Li)  Piter/Tjen: 1/6 → 1/9, Bouzkova/Li: 4/1 → 11/2
2026-02-27T03:34:28.786Z [EVENT] (serving: Bouzkova/Li)  game: 30-15
2026-02-27T03:34:54.045Z [ODDS] (serving: Bouzkova/Li)  Piter/Tjen: 1/9 → 1/7, Bouzkova/Li: 11/2 → 9/2
2026-02-27T03:34:54.045Z [EVENT] (serving: Bouzkova/Li)  game: 30-30
2026-02-27T03:35:17.539Z [ODDS] (serving: Bouzkova/Li)  Piter/Tjen: 1/7 → 1/8, Bouzkova/Li: 9/2 → 5/1
2026-02-27T03:35:30.646Z [ODDS] (serving: Bouzkova/Li)  Piter/Tjen: 1/8 → 1/12, Bouzkova/Li: 5/1 → 7/1
2026-02-27T03:35:30.646Z [EVENT] (serving: Bouzkova/Li)  game: 40-30
2026-02-27T03:35:58.987Z [ODDS] (serving: Bouzkova/Li)  Piter/Tjen: 1/12 → 1/7, Bouzkova/Li: 7/1 → 9/2
2026-02-27T03:35:58.987Z [EVENT] (serving: Bouzkova/Li)  game: 40-40
2026-02-27T03:36:25.603Z [ODDS] (serving: Bouzkova/Li)  Piter/Tjen: 1/7 → 1/9, Bouzkova/Li: 9/2 → 11/2
2026-02-27T03:36:40.083Z [ODDS] (serving: Piter/Tjen)  Piter/Tjen: 1/9 → 1/25, Bouzkova/Li: 11/2 → 12/1
2026-02-27T03:36:40.083Z [EVENT] (serving: Piter/Tjen)  sets: 7-6,5-3, game: 0-0, serving: P1
