2026-02-26T22:08:39.629Z [ODDS] (serving: Sofiia Sokolvak)  Aya Manning: 1/16 → 1/14, Sofiia Sokolvak: 9/1 → 8/1
2026-02-26T22:08:39.629Z [EVENT] (serving: Sofiia Sokolvak)  game: 30-40
2026-02-26T22:09:10.703Z [ODDS] (serving: Aya Manning)  Aya Manning: 1/14 → 1/12, Sofiia Sokolvak: 8/1 → 7/1
2026-02-26T22:09:10.703Z [EVENT] (serving: Aya Manning)  sets: 1-1, game: 0-0, serving: P1
2026-02-26T22:09:44.074Z [ODDS] (serving: Aya Manning)  Aya Manning: 1/12 → 1/14, Sofiia Sokolvak: 7/1 → 8/1
2026-02-26T22:09:44.074Z [EVENT] (serving: Aya Manning)  game: 15-0
2026-02-26T22:10:15.653Z [ODDS] (serving: Aya Manning)  Aya Manning: 1/14 → 1/12, Sofiia Sokolvak: 8/1 → 7/1
2026-02-26T22:10:15.653Z [EVENT] (serving: Aya Manning)  game: 15-15
2026-02-26T22:11:03.005Z [ODDS] (serving: Aya Manning)  Aya Manning: 1/12 → 1/14, Sofiia Sokolvak: 7/1 → 8/1
2026-02-26T22:11:03.005Z [EVENT] (serving: Aya Manning)  game: 30-15
2026-02-26T22:11:24.768Z [ODDS] (serving: Aya Manning)  Aya Manning: 1/14 → 1/12, Sofiia Sokolvak: 8/1 → 7/1
2026-02-26T22:11:24.768Z [EVENT] (serving: Aya Manning)  game: 30-30
2026-02-26T22:12:01.637Z [ODDS] (serving: Aya Manning)  Aya Manning: 1/12 → 1/10, Sofiia Sokolvak: 7/1 → 6/1
2026-02-26T22:12:01.637Z [EVENT] (serving: Aya Manning)  game: 30-40
2026-02-26T22:12:34.107Z [ODDS] (serving: Aya Manning)  Aya Manning: 1/10 → 1/12, Sofiia Sokolvak: 6/1 → 7/1
2026-02-26T22:12:34.107Z [EVENT] (serving: Aya Manning)  game: 40-40
2026-02-26T22:13:00.272Z [ODDS] (serving: Aya Manning)  Aya Manning: 1/12 → 1/9, Sofiia Sokolvak: 7/1 → 11/2
2026-02-26T22:13:00.273Z [EVENT] (serving: Aya Manning)  game: 40-A
2026-02-26T22:13:20.562Z [ODDS] (serving: Aya Manning)  Aya Manning: 1/9 → 1/12, Sofiia Sokolvak: 11/2 → 7/1
2026-02-26T22:13:20.562Z [EVENT] (serving: Aya Manning)  game: 40-40
2026-02-26T22:13:55.739Z [ODDS] (serving: Aya Manning)  Aya Manning: 1/12 → 1/14, Sofiia Sokolvak: 7/1 → 8/1
2026-02-26T22:13:55.739Z [EVENT] (serving: Aya Manning)  game: A-40
2026-02-26T22:14:21.010Z [ODDS] (serving: Sofiia Sokolvak)  Aya Manning: 1/14 → 1/16, Sofiia Sokolvak: 8/1 → 9/1
2026-02-26T22:14:21.010Z [EVENT] (serving: Sofiia Sokolvak)  sets: 2-1, game: 0-0, serving: P2
2026-02-26T22:16:09.238Z [ODDS] (serving: Sofiia Sokolvak)  Aya Manning: 1/16 → 1/14, Sofiia Sokolvak: 9/1 → 8/1
2026-02-26T22:16:09.238Z [EVENT] (serving: Sofiia Sokolvak)  game: 0-15
2026-02-26T22:16:48.495Z [ODDS] (serving: Sofiia Sokolvak)  Aya Manning: 1/14 → 1/16, Sofiia Sokolvak: 8/1 → 9/1
2026-02-26T22:16:48.495Z [EVENT] (serving: Sofiia Sokolvak)  game: 15-15
2026-02-26T22:17:26.366Z [ODDS] (serving: Sofiia Sokolvak)  Aya Manning: 1/16 → 1/14, Sofiia Sokolvak: 9/1 → 8/1
2026-02-26T22:17:26.366Z [EVENT] (serving: Sofiia Sokolvak)  game: 15-30
2026-02-26T22:17:58.386Z [ODDS] (serving: Sofiia Sokolvak)  Aya Manning: 1/14 → 1/16, Sofiia Sokolvak: 8/1 → 9/1
2026-02-26T22:17:58.386Z [EVENT] (serving: Sofiia Sokolvak)  game: 30-30
2026-02-26T22:18:29.952Z [ODDS] (serving: Sofiia Sokolvak)  Aya Manning: 1/16 → 1/14, Sofiia Sokolvak: 9/1 → 8/1
2026-02-26T22:18:29.952Z [EVENT] (serving: Sofiia Sokolvak)  game: 30-40
2026-02-26T22:19:07.386Z [ODDS] (serving: Sofiia Sokolvak)  Aya Manning: 1/14 → 1/16, Sofiia Sokolvak: 8/1 → 9/1
2026-02-26T22:19:07.386Z [EVENT] (serving: Sofiia Sokolvak)  game: 40-40
2026-02-26T22:19:50.688Z [ODDS] (serving: Sofiia Sokolvak)  Aya Manning: 1/16 → 1/14, Sofiia Sokolvak: 9/1 → 8/1
2026-02-26T22:19:50.688Z [EVENT] (serving: Sofiia Sokolvak)  game: 40-A
2026-02-26T22:20:27.668Z [ODDS] (serving: Aya Manning)  Aya Manning: 1/14 → 1/12, Sofiia Sokolvak: 8/1 → 7/1
2026-02-26T22:20:27.668Z [EVENT] (serving: Aya Manning)  sets: 2-2, game: 0-0, serving: P1
2026-02-26T22:21:18.189Z [ODDS] (serving: Aya Manning)  Aya Manning: 1/12 → 1/14, Sofiia Sokolvak: 7/1 → 8/1
2026-02-26T22:21:18.189Z [EVENT] (serving: Aya Manning)  game: 15-0
2026-02-26T22:21:42.572Z [ODDS] (serving: Aya Manning)  Aya Manning: 1/14 → 1/16, Sofiia Sokolvak: 8/1 → 9/1
2026-02-26T22:21:42.572Z [EVENT] (serving: Aya Manning)  game: 30-0
2026-02-26T22:22:38.931Z [ODDS] (serving: Aya Manning)  Aya Manning: 1/16 → 1/14, Sofiia Sokolvak: 9/1 → 8/1
2026-02-26T22:22:38.931Z [EVENT] (serving: Aya Manning)  game: 30-15
2026-02-26T22:23:40.712Z [ODDS] (serving: Aya Manning)  Aya Manning: 1/14 → 1/16, Sofiia Sokolvak: 8/1 → 9/1
2026-02-26T22:23:40.712Z [EVENT] (serving: Aya Manning)  game: 40-15
2026-02-26T22:24:10.938Z [ODDS] (serving: Sofiia Sokolvak)  Aya Manning: 1/16 → 1/20, Sofiia Sokolvak: 9/1 → 10/1
2026-02-26T22:24:10.938Z [EVENT] (serving: Sofiia Sokolvak)  sets: 3-2, game: 0-0, serving: P2
2026-02-26T22:26:08.647Z [ODDS] (serving: Sofiia Sokolvak)  Aya Manning: 1/20 → 1/16, Sofiia Sokolvak: 10/1 → 9/1
2026-02-26T22:26:08.648Z [EVENT] (serving: Sofiia Sokolvak)  game: 0-15
2026-02-26T22:26:40.686Z [ODDS] (serving: Sofiia Sokolvak)  Aya Manning: 1/16 → 1/20, Sofiia Sokolvak: 9/1 → 10/1
2026-02-26T22:26:40.697Z [EVENT] (serving: Sofiia Sokolvak)  game: 15-15
2026-02-26T22:27:03.208Z [ODDS] (serving: Sofiia Sokolvak)  Aya Manning: 1/20 → 1/25, Sofiia Sokolvak: 10/1 → 12/1
2026-02-26T22:27:03.209Z [EVENT] (serving: Sofiia Sokolvak)  game: 30-15
2026-02-26T22:27:34.794Z [ODDS] (serving: Sofiia Sokolvak)  Aya Manning: 1/25 → 1/33, Sofiia Sokolvak: 12/1 → 14/1
2026-02-26T22:27:34.794Z [EVENT] (serving: Sofiia Sokolvak)  game: 40-15
2026-02-26T22:28:09.515Z [ODDS] (serving: Sofiia Sokolvak)  Aya Manning: 1/33 → 1/25, Sofiia Sokolvak: 14/1 → 12/1
2026-02-26T22:28:09.515Z [EVENT] (serving: Sofiia Sokolvak)  game: 40-30
2026-02-26T22:28:46.941Z [ODDS] (serving: Sofiia Sokolvak)  Aya Manning: 1/25 → 1/20, Sofiia Sokolvak: 12/1 → 10/1
2026-02-26T22:28:46.941Z [EVENT] (serving: Sofiia Sokolvak)  game: 40-40
2026-02-26T22:29:50.532Z [ODDS] (serving: Sofiia Sokolvak)  Aya Manning: 1/20 → 1/16, Sofiia Sokolvak: 10/1 → 9/1
2026-02-26T22:29:50.533Z [EVENT] (serving: Sofiia Sokolvak)  game: 40-A
2026-02-26T22:34:08.236Z [ODDS] (serving: Aya Manning)  Aya Manning: 1/16 → 1/14, Sofiia Sokolvak: 9/1 → 8/1
2026-02-26T22:34:08.236Z [EVENT] (serving: Aya Manning)  sets: 3-3, game: 0-0, serving: P1
2026-02-26T22:34:08.686Z [ODDS] (serving: Sofiia Sokolvak)  Aya Manning: 1/14 → 1/25, Sofiia Sokolvak: 8/1 → 12/1
2026-02-26T22:34:08.686Z [EVENT] (serving: Sofiia Sokolvak)  sets: 4-3, serving: P2
2026-02-26T22:35:19.041Z [ODDS] (serving: Sofiia Sokolvak)  Aya Manning: 1/25 → 1/20, Sofiia Sokolvak: 12/1 → 10/1
2026-02-26T22:35:19.041Z [EVENT] (serving: Sofiia Sokolvak)  game: 0-15
2026-02-26T22:36:03.239Z [ODDS] (serving: Sofiia Sokolvak)  Aya Manning: 1/20 → 1/16, Sofiia Sokolvak: 10/1 → 9/1
2026-02-26T22:36:03.239Z [EVENT] (serving: Sofiia Sokolvak)  game: 0-30
2026-02-26T22:36:50.597Z [ODDS] (serving: Sofiia Sokolvak)  Aya Manning: 1/16 → 1/20, Sofiia Sokolvak: 9/1 → 10/1
2026-02-26T22:36:50.597Z [EVENT] (serving: Sofiia Sokolvak)  game: 15-30
2026-02-26T22:37:22.165Z [ODDS] (serving: Sofiia Sokolvak)  Aya Manning: 1/20 → 1/25, Sofiia Sokolvak: 10/1 → 12/1
2026-02-26T22:37:22.165Z [EVENT] (serving: Sofiia Sokolvak)  game: 30-30
2026-02-26T22:37:52.382Z [ODDS] (serving: Sofiia Sokolvak)  Aya Manning: 1/25 → 1/33, Sofiia Sokolvak: 12/1 → 14/1
2026-02-26T22:37:52.382Z [EVENT] (serving: Sofiia Sokolvak)  game: 40-30
2026-02-26T22:38:22.733Z [ODDS] (serving: Aya Manning)  Aya Manning: 1/33 → 1/66, Sofiia Sokolvak: 14/1 → 20/1
2026-02-26T22:38:22.733Z [EVENT] (serving: Aya Manning)  sets: 5-3, game: 0-0, serving: P1
2026-02-26T22:39:08.287Z [ODDS] (serving: Aya Manning)  Aya Manning: 1/66 → 1/50, Sofiia Sokolvak: 20/1 → 18/1
2026-02-26T22:39:08.288Z [EVENT] (serving: Aya Manning)  game: 0-15
2026-02-26T22:39:45.722Z [EVENT] (serving: Aya Manning)  game: 15-15
2026-02-26T22:40:31.724Z [ODDS] (serving: Aya Manning)  Aya Manning: 1/50 → 1/40, Sofiia Sokolvak: 18/1 → 16/1
2026-02-26T22:40:31.724Z [EVENT] (serving: Aya Manning)  game: 15-30
2026-02-26T22:41:37.574Z [ODDS] (serving: Aya Manning)  Aya Manning: 1/40 → 1/50, Sofiia Sokolvak: 16/1 → 18/1
2026-02-26T22:41:37.574Z [EVENT] (serving: Aya Manning)  game: 30-30
2026-02-26T22:52:59.944Z [ODDS] (serving: Aya Manning)  Aya Manning: 1/50 → 1/66, Sofiia Sokolvak: 18/1 → 20/1
2026-02-26T22:52:59.944Z [EVENT] (serving: Aya Manning)  game: 0-15
2026-02-26T22:53:31.060Z [ODDS] (serving: Aya Manning)  Aya Manning: 1/66 → 1/80, Sofiia Sokolvak: 20/1 → 22/1
2026-02-26T22:53:46.394Z [ODDS] (serving: Aya Manning)  Aya Manning: 1/80 → 1/50, Sofiia Sokolvak: 22/1 → 18/1
2026-02-26T22:53:46.394Z [EVENT] (serving: Aya Manning)  game: 0-30
2026-02-26T22:54:33.300Z [ODDS] (serving: Aya Manning)  Aya Manning: 1/50 → 1/40, Sofiia Sokolvak: 18/1 → 16/1
2026-02-26T22:54:33.300Z [EVENT] (serving: Aya Manning)  game: 0-40
2026-02-26T22:55:04.874Z [ODDS] (serving: Aya Manning)  Aya Manning: 1/40 → 1/50, Sofiia Sokolvak: 16/1 → 18/1
2026-02-26T22:55:16.595Z [EVENT] (serving: Aya Manning)  game: 15-40
2026-02-26T22:56:21.991Z [ODDS] (serving: Aya Manning)  Aya Manning: 1/50 → 1/66, Sofiia Sokolvak: 18/1 → 20/1
2026-02-26T22:56:21.991Z [EVENT] (serving: Aya Manning)  game: 30-40
2026-02-26T22:56:57.168Z [ODDS] (serving: Aya Manning)  Aya Manning: 1/66 → 1/50, Sofiia Sokolvak: 20/1 → 18/1
2026-02-26T22:56:57.168Z [EVENT] (serving: Aya Manning)  sets: 6-3,1-2, game: 0-0
2026-02-26T22:58:35.038Z [ODDS] (serving: Aya Manning)  Aya Manning: 1/50 → 1/40, Sofiia Sokolvak: 18/1 → 16/1
2026-02-26T22:58:51.273Z [ODDS] (serving: Aya Manning)  Aya Manning: 1/40 → 1/33, Sofiia Sokolvak: 16/1 → 14/1
2026-02-26T22:58:51.273Z [EVENT] (serving: Aya Manning)  game: 0-15
2026-02-26T22:59:25.099Z [ODDS] (serving: Aya Manning)  Aya Manning: 1/33 → 1/25, Sofiia Sokolvak: 14/1 → 12/1
2026-02-26T22:59:25.099Z [EVENT] (serving: Aya Manning)  game: 0-30
2026-02-26T22:59:44.942Z [ODDS] (serving: Aya Manning)  Aya Manning: 1/25 → 1/33, Sofiia Sokolvak: 12/1 → 14/1
2026-02-26T22:59:44.942Z [EVENT] (serving: Aya Manning)  game: 15-30
2026-02-26T23:00:21.926Z [ODDS] (serving: Aya Manning)  Aya Manning: 1/33 → 1/40, Sofiia Sokolvak: 14/1 → 16/1
2026-02-26T23:00:21.926Z [EVENT] (serving: Aya Manning)  game: 30-30
2026-02-26T23:00:49.887Z [ODDS] (serving: Aya Manning)  Aya Manning: 1/40 → 1/50, Sofiia Sokolvak: 16/1 → 18/1
2026-02-26T23:00:49.887Z [EVENT] (serving: Aya Manning)  game: 40-30
2026-02-26T23:01:24.163Z [ODDS] (serving: Sofiia Sokolvak)  Aya Manning: 1/50 → 1/66, Sofiia Sokolvak: 18/1 → 20/1
2026-02-26T23:01:24.163Z [EVENT] (serving: Sofiia Sokolvak)  sets: 6-3,2-2, game: 0-0, serving: P2
2026-02-26T23:02:28.656Z [ODDS] (serving: Sofiia Sokolvak)  Aya Manning: 1/66 → 1/100, Sofiia Sokolvak: 20/1 → 25/1
2026-02-26T23:02:28.656Z [EVENT] (serving: Sofiia Sokolvak)  game: 15-0
2026-02-26T23:03:07.892Z [ODDS] (serving: Sofiia Sokolvak)  Aya Manning: 1/100 → 1/150, Sofiia Sokolvak: 25/1 → 28/1
2026-02-26T23:03:07.892Z [EVENT] (serving: Sofiia Sokolvak)  game: 30-0
2026-02-26T23:03:30.444Z [ODDS] (serving: Sofiia Sokolvak)  Aya Manning: 1/150 → 1/200, Sofiia Sokolvak: 28/1 → 33/1
2026-02-26T23:03:30.444Z [EVENT] (serving: Sofiia Sokolvak)  game: 40-0
2026-02-26T23:03:52.542Z [ODDS] (serving: Sofiia Sokolvak)  Aya Manning: 1/200 → 1/150, Sofiia Sokolvak: 33/1 → 28/1
2026-02-26T23:03:52.542Z [EVENT] (serving: Sofiia Sokolvak)  game: 40-15
2026-02-26T23:04:21.864Z [ODDS] (serving: Aya Manning)  Aya Manning: 1/150 → 1/200, Sofiia Sokolvak: 28/1 → 33/1
2026-02-26T23:04:21.864Z [EVENT] (serving: Aya Manning)  sets: 6-3,3-2, game: 0-0, serving: P1
2026-02-26T23:06:38.515Z [ODDS] (serving: Aya Manning)  Aya Manning: 1/200 → 1/150, Sofiia Sokolvak: 33/1 → 28/1
2026-02-26T23:06:38.515Z [EVENT] (serving: Aya Manning)  game: 0-15
2026-02-26T23:07:00.160Z [ODDS] (serving: Aya Manning)  Aya Manning: 1/150 → 1/200, Sofiia Sokolvak: 28/1 → 33/1
2026-02-26T23:07:00.160Z [EVENT] (serving: Aya Manning)  game: 15-15
2026-02-26T23:08:22.141Z [ODDS] (serving: Aya Manning)  Aya Manning: 1/200 → 1/250, Sofiia Sokolvak: 33/1 → 40/1
2026-02-26T23:08:22.141Z [EVENT] (serving: Aya Manning)  game: 30-15
2026-02-26T23:09:21.223Z [ODDS] (serving: Aya Manning)  Aya Manning: 1/250 → 1/500, Sofiia Sokolvak: 40/1 → 50/1
2026-02-26T23:09:21.223Z [EVENT] (serving: Aya Manning)  game: 40-15
2026-02-26T23:09:53.243Z [ODDS] (serving: Sofiia Sokolvak)  Aya Manning: 1/500 → 1/750, Sofiia Sokolvak: 50/1 → 66/1
2026-02-26T23:09:53.243Z [EVENT] (serving: Sofiia Sokolvak)  sets: 6-3,4-2, game: 0-0, serving: P2
2026-02-26T23:10:49.626Z [EVENT] (serving: Sofiia Sokolvak)  game: 15-0
2026-02-26T23:11:22.997Z [ODDS] (serving: Sofiia Sokolvak)  Aya Manning: 1/750 → 1/1000, Sofiia Sokolvak: 66/1 → 100/1
2026-02-26T23:11:22.998Z [EVENT] (serving: Sofiia Sokolvak)  game: 30-0
2026-02-26T23:11:56.372Z [EVENT] (serving: Sofiia Sokolvak)  game: 30-15
2026-02-26T23:12:32.903Z [ODDS] (serving: Sofiia Sokolvak)  Aya Manning: 1/1000 → 1/500, Sofiia Sokolvak: 100/1 → 50/1
2026-02-26T23:12:32.904Z [EVENT] (serving: Sofiia Sokolvak)  game: 30-30
2026-02-26T23:13:13.494Z [ODDS] (serving: Sofiia Sokolvak)  Aya Manning: 1/500 → 1/1000, Sofiia Sokolvak: 50/1 → 100/1
2026-02-26T23:13:13.494Z [EVENT] (serving: Sofiia Sokolvak)  game: 40-30
2026-02-26T23:13:50.026Z [ODDS] (serving: Sofiia Sokolvak)  Aya Manning: 1/1000 → 1/500, Sofiia Sokolvak: 100/1 → 50/1
2026-02-26T23:13:50.026Z [EVENT] (serving: Sofiia Sokolvak)  game: 40-40
2026-02-26T23:14:30.165Z [ODDS] (serving: Sofiia Sokolvak)  Aya Manning: 1/500 → 1/1000, Sofiia Sokolvak: 50/1 → 100/1
2026-02-26T23:14:30.165Z [EVENT] (serving: Sofiia Sokolvak)  game: A-40
2026-02-26T23:15:06.245Z [EVENT] (serving: Aya Manning)  sets: 6-3,5-2, game: 0-0, serving: P1
2026-02-26T23:17:11.622Z [EVENT] (serving: Aya Manning)  game: 0-15
2026-02-26T23:17:53.568Z [EVENT] (serving: Aya Manning)  game: 15-15
2026-02-26T23:18:29.646Z [EVENT] (serving: Aya Manning)  game: 15-30
2026-02-26T23:19:28.325Z [ODDS] (serving: Aya Manning)  Aya Manning: 1/1000 → 1/750, Sofiia Sokolvak: 100/1 → 66/1
2026-02-26T23:19:28.325Z [EVENT] (serving: Aya Manning)  game: 15-40
2026-02-26T23:20:21.495Z [EVENT] (serving: Sofiia Sokolvak)  sets: 6-3,5-3, game: 0-0, serving: P2
2026-02-26T23:21:09.301Z [ODDS] (serving: Sofiia Sokolvak)  Aya Manning: 1/750 → 1/500, Sofiia Sokolvak: 66/1 → 50/1
2026-02-26T23:21:09.301Z [EVENT] (serving: Sofiia Sokolvak)  game: 0-15
2026-02-26T23:21:41.773Z [ODDS] (serving: Sofiia Sokolvak)  Aya Manning: 1/500 → 1/250, Sofiia Sokolvak: 50/1 → 40/1
2026-02-26T23:21:41.773Z [EVENT] (serving: Sofiia Sokolvak)  game: 0-30
2026-02-26T23:22:39.053Z [ODDS] (serving: Sofiia Sokolvak)  Aya Manning: 1/250 → 1/200, Sofiia Sokolvak: 40/1 → 33/1
2026-02-26T23:22:39.053Z [EVENT] (serving: Sofiia Sokolvak)  game: 0-40
2026-02-26T23:23:10.171Z [ODDS] (serving: Aya Manning)  Aya Manning: 1/200 → 1/150, Sofiia Sokolvak: 33/1 → 28/1
2026-02-26T23:23:10.171Z [EVENT] (serving: Aya Manning)  sets: 6-3,5-4, game: 0-0, serving: P1
2026-02-26T23:24:59.766Z [ODDS] (serving: Aya Manning)  Aya Manning: 1/150 → 1/80, Sofiia Sokolvak: 28/1 → 22/1
2026-02-26T23:24:59.767Z [EVENT] (serving: Aya Manning)  game: 0-15
2026-02-26T23:25:21.872Z [ODDS] (serving: Aya Manning)  Aya Manning: 1/80 → 1/66, Sofiia Sokolvak: 22/1 → 20/1
2026-02-26T23:25:30.023Z [ODDS] (serving: Aya Manning)  Aya Manning: 1/66 → 1/150, Sofiia Sokolvak: 20/1 → 28/1
2026-02-26T23:25:30.023Z [EVENT] (serving: Aya Manning)  game: 15-15
2026-02-26T23:25:52.537Z [ODDS] (serving: Aya Manning)  Aya Manning: 1/150 → 1/100, Sofiia Sokolvak: 28/1 → 25/1
2026-02-26T23:26:14.183Z [ODDS] (serving: Aya Manning)  Aya Manning: 1/100 → 1/66, Sofiia Sokolvak: 25/1 → 20/1
2026-02-26T23:26:14.184Z [EVENT] (serving: Aya Manning)  game: 15-30
2026-02-26T23:26:44.400Z [ODDS] (serving: Aya Manning)  Aya Manning: 1/66 → 1/50, Sofiia Sokolvak: 20/1 → 18/1
2026-02-26T23:27:04.761Z [ODDS] (serving: Aya Manning)  Aya Manning: 1/50 → 1/33, Sofiia Sokolvak: 18/1 → 14/1
2026-02-26T23:27:04.761Z [EVENT] (serving: Aya Manning)  game: 15-40
2026-02-26T23:27:30.856Z [ODDS] (serving: Aya Manning)  Aya Manning: 1/33 → 1/50, Sofiia Sokolvak: 14/1 → 18/1
2026-02-26T23:27:30.857Z [EVENT] (serving: Aya Manning)  game: 30-40
2026-02-26T23:28:10.994Z [ODDS] (serving: Sofiia Sokolvak)  Aya Manning: 1/50 → 1/25, Sofiia Sokolvak: 18/1 → 12/1
2026-02-26T23:28:10.994Z [EVENT] (serving: Sofiia Sokolvak)  sets: 6-3,5-5, game: 0-0, serving: P2
2026-02-26T23:29:15.487Z [ODDS] (serving: Sofiia Sokolvak)  Aya Manning: 1/25 → 1/16, Sofiia Sokolvak: 12/1 → 9/1
2026-02-26T23:29:15.487Z [EVENT] (serving: Sofiia Sokolvak)  game: 0-15
2026-02-26T23:29:54.271Z [ODDS] (serving: Sofiia Sokolvak)  Aya Manning: 1/16 → 1/25, Sofiia Sokolvak: 9/1 → 12/1
2026-02-26T23:29:54.271Z [EVENT] (serving: Sofiia Sokolvak)  game: 15-15
2026-02-26T23:30:36.668Z [ODDS] (serving: Sofiia Sokolvak)  Aya Manning: 1/25 → 1/16, Sofiia Sokolvak: 12/1 → 9/1
2026-02-26T23:30:36.668Z [EVENT] (serving: Sofiia Sokolvak)  game: 15-30
2026-02-26T23:31:15.456Z [ODDS] (serving: Sofiia Sokolvak)  Aya Manning: 1/16 → 1/12, Sofiia Sokolvak: 9/1 → 7/1
2026-02-26T23:31:15.456Z [EVENT] (serving: Sofiia Sokolvak)  game: 15-40
2026-02-26T23:32:03.259Z [ODDS] (serving: Sofiia Sokolvak)  Aya Manning: 1/12 → 1/14, Sofiia Sokolvak: 7/1 → 8/1
2026-02-26T23:32:03.259Z [EVENT] (serving: Sofiia Sokolvak)  game: 30-40
2026-02-26T23:32:30.320Z [ODDS] (serving: Sofiia Sokolvak)  Aya Manning: 1/14 → 1/16, Sofiia Sokolvak: 8/1 → 9/1
2026-02-26T23:32:45.202Z [ODDS] (serving: Sofiia Sokolvak)  Aya Manning: 1/16 → 1/25, Sofiia Sokolvak: 9/1 → 12/1
2026-02-26T23:32:45.202Z [EVENT] (serving: Sofiia Sokolvak)  game: 40-40
2026-02-26T23:33:38.422Z [ODDS] (serving: Sofiia Sokolvak)  Aya Manning: 1/25 → 1/40, Sofiia Sokolvak: 12/1 → 16/1
2026-02-26T23:33:38.422Z [EVENT] (serving: Sofiia Sokolvak)  game: A-40
2026-02-26T23:34:22.167Z [ODDS] (serving: Aya Manning)  Aya Manning: 1/40 → 1/100, Sofiia Sokolvak: 16/1 → 25/1
2026-02-26T23:34:22.167Z [EVENT] (serving: Aya Manning)  sets: 6-3,6-5, game: 0-0, serving: P1
2026-02-26T23:36:39.725Z [ODDS] (serving: Aya Manning)  Aya Manning: 1/100 → 1/200, Sofiia Sokolvak: 25/1 → 33/1
2026-02-26T23:36:39.725Z [EVENT] (serving: Aya Manning)  game: 15-0
2026-02-26T23:37:16.262Z [ODDS] (serving: Aya Manning)  Aya Manning: 1/200 → 1/750, Sofiia Sokolvak: 33/1 → 66/1
2026-02-26T23:37:16.262Z [EVENT] (serving: Aya Manning)  game: 30-0
2026-02-26T23:37:49.181Z [ODDS] (serving: Aya Manning)  Aya Manning: 1/750 → 1/1000, Sofiia Sokolvak: 66/1 → 100/1
2026-02-26T23:37:49.181Z [EVENT] (serving: Aya Manning)  game: 40-0
2026-02-26T23:38:24.277Z [ODDS] (serving: Aya Manning)  Aya Manning: 1/1000 → 1/750, Sofiia Sokolvak: 100/1 → 66/1
2026-02-26T23:38:24.277Z [EVENT] (serving: Aya Manning)  game: 40-15
2026-02-26T23:39:13.436Z [ODDS] (serving: Aya Manning)  Aya Manning: 1/750 → 0/0, Sofiia Sokolvak: 66/1 → 0/0
2026-02-26T23:39:13.436Z [EVENT] (serving: Aya Manning)  sets: 6-3,7-5, game: 0-0
