2026-02-27T01:08:59.369Z [ODDS] (serving: Erler/Galloway)  Doumbia/Reboul: 19/20 → 10/11, Erler/Galloway: 4/5 → 10/11
2026-02-27T01:08:59.369Z [EVENT] (serving: Erler/Galloway)  game: 30-15
2026-02-27T01:09:31.844Z [ODDS] (serving: Erler/Galloway)  Doumbia/Reboul: 10/11 → 19/20, Erler/Galloway: 10/11 → 4/5
2026-02-27T01:09:31.844Z [EVENT] (serving: Erler/Galloway)  game: 30-30
2026-02-27T01:10:00.257Z [ODDS] (serving: Erler/Galloway)  Doumbia/Reboul: 19/20 → 10/11, Erler/Galloway: 4/5 → 10/11
2026-02-27T01:10:15.140Z [ODDS] (serving: Erler/Galloway)  Doumbia/Reboul: 10/11 → 19/20, Erler/Galloway: 10/11 → 4/5
2026-02-27T01:10:29.122Z [ODDS] (serving: Erler/Galloway)  Doumbia/Reboul: 19/20 → 1/1, Erler/Galloway: 4/5 → 3/4
2026-02-27T01:10:29.122Z [EVENT] (serving: Erler/Galloway)  game: 30-40
2026-02-27T01:11:03.849Z [ODDS] (serving: Erler/Galloway)  Doumbia/Reboul: 1/1 → 19/20, Erler/Galloway: 3/4 → 4/5
2026-02-27T01:11:17.833Z [ODDS] (serving: Erler/Galloway)  Doumbia/Reboul: 19/20 → 10/11, Erler/Galloway: 4/5 → 10/11
2026-02-27T01:11:17.833Z [EVENT] (serving: Erler/Galloway)  game: 40-40
2026-02-27T01:11:48.500Z [ODDS] (serving: Erler/Galloway)  Doumbia/Reboul: 10/11 → 4/5, Erler/Galloway: 10/11 → 19/20
2026-02-27T01:12:01.130Z [ODDS] (serving: Doumbia/Reboul)  Doumbia/Reboul: 4/5 → 8/13, Erler/Galloway: 19/20 → 6/5
2026-02-27T01:12:01.130Z [EVENT] (serving: Doumbia/Reboul)  sets: 1-0, game: 0-0, serving: P1
2026-02-27T01:13:12.387Z [ODDS] (serving: Doumbia/Reboul)  Doumbia/Reboul: 8/13 → 4/7, Erler/Galloway: 6/5 → 5/4
2026-02-27T01:13:12.387Z [EVENT] (serving: Doumbia/Reboul)  game: 15-0
2026-02-27T01:13:35.841Z [EVENT] (serving: Doumbia/Reboul)  game: 30-0
2026-02-27T01:14:09.668Z [ODDS] (serving: Doumbia/Reboul)  Doumbia/Reboul: 4/7 → 8/13, Erler/Galloway: 5/4 → 6/5
2026-02-27T01:14:09.668Z [EVENT] (serving: Doumbia/Reboul)  game: 30-15
2026-02-27T01:14:37.178Z [ODDS] (serving: Doumbia/Reboul)  Doumbia/Reboul: 8/13 → 4/7, Erler/Galloway: 6/5 → 5/4
2026-02-27T01:14:37.178Z [EVENT] (serving: Doumbia/Reboul)  game: 40-15
2026-02-27T01:15:00.629Z [ODDS] (serving: Erler/Galloway)  Doumbia/Reboul: 4/7 → 8/15, Erler/Galloway: 5/4 → 11/8
2026-02-27T01:15:00.629Z [EVENT] (serving: Erler/Galloway)  sets: 2-0, game: 0-0, serving: P2
2026-02-27T01:15:37.612Z [ODDS] (serving: Erler/Galloway)  Doumbia/Reboul: 8/15 → 4/7, Erler/Galloway: 11/8 → 5/4
2026-02-27T01:15:37.612Z [EVENT] (serving: Erler/Galloway)  game: 0-15
2026-02-27T01:16:01.514Z [EVENT] (serving: Erler/Galloway)  game: 0-30
2026-02-27T01:16:34.888Z [EVENT] (serving: Erler/Galloway)  game: 0-40
2026-02-27T01:17:47.952Z [EVENT] (serving: Doumbia/Reboul)  sets: 2-1, game: 0-0, serving: P1
2026-02-27T01:19:52.427Z [EVENT] (serving: Doumbia/Reboul)  game: 15-0
2026-02-27T01:20:21.759Z [ODDS] (serving: Doumbia/Reboul)  Doumbia/Reboul: 4/7 → 8/15, Erler/Galloway: 5/4 → 11/8
2026-02-27T01:20:21.759Z [EVENT] (serving: Doumbia/Reboul)  game: 30-0
2026-02-27T01:21:24.882Z [ODDS] (serving: Doumbia/Reboul)  Doumbia/Reboul: 8/15 → 1/2, Erler/Galloway: 11/8 → 6/4
2026-02-27T01:21:24.882Z [EVENT] (serving: Doumbia/Reboul)  game: 40-0
2026-02-27T01:22:10.885Z [ODDS] (serving: Doumbia/Reboul)  Doumbia/Reboul: 1/2 → 8/15, Erler/Galloway: 6/4 → 11/8
2026-02-27T01:22:10.885Z [EVENT] (serving: Doumbia/Reboul)  game: 40-15
2026-02-27T01:22:49.673Z [ODDS] (serving: Erler/Galloway)  Doumbia/Reboul: 8/15 → 1/2, Erler/Galloway: 11/8 → 6/4
2026-02-27T01:22:49.673Z [EVENT] (serving: Erler/Galloway)  sets: 3-1, game: 0-0, serving: P2
2026-02-27T01:23:44.241Z [ODDS] (serving: Erler/Galloway)  Doumbia/Reboul: 1/2 → 8/15, Erler/Galloway: 6/4 → 11/8
2026-02-27T01:23:44.241Z [EVENT] (serving: Erler/Galloway)  game: 0-15
2026-02-27T01:24:13.107Z [EVENT] (serving: Erler/Galloway)  game: 0-30
2026-02-27T01:24:41.970Z [EVENT] (serving: Erler/Galloway)  game: 15-30
2026-02-27T01:25:07.228Z [ODDS] (serving: Erler/Galloway)  Doumbia/Reboul: 8/15 → 1/2, Erler/Galloway: 11/8 → 6/4
2026-02-27T01:25:07.228Z [EVENT] (serving: Erler/Galloway)  game: 30-30
2026-02-27T01:25:37.896Z [EVENT] (serving: Erler/Galloway)  game: 30-40
2026-02-27T01:26:07.212Z [ODDS] (serving: Doumbia/Reboul)  Doumbia/Reboul: 1/2 → 8/15, Erler/Galloway: 6/4 → 11/8
2026-02-27T01:26:07.212Z [EVENT] (serving: Doumbia/Reboul)  sets: 3-2, game: 0-0, serving: P1
2026-02-27T01:28:14.849Z [ODDS] (serving: Doumbia/Reboul)  Doumbia/Reboul: 8/15 → 8/13, Erler/Galloway: 11/8 → 6/5
2026-02-27T01:28:14.850Z [EVENT] (serving: Doumbia/Reboul)  game: 0-15
2026-02-27T01:28:41.007Z [ODDS] (serving: Doumbia/Reboul)  Doumbia/Reboul: 8/13 → 4/7, Erler/Galloway: 6/5 → 5/4
2026-02-27T01:28:41.007Z [EVENT] (serving: Doumbia/Reboul)  game: 15-15
2026-02-27T01:29:04.009Z [ODDS] (serving: Doumbia/Reboul)  Doumbia/Reboul: 4/7 → 8/13, Erler/Galloway: 5/4 → 6/5
2026-02-27T01:29:20.272Z [ODDS] (serving: Doumbia/Reboul)  Doumbia/Reboul: 8/13 → 4/6, Erler/Galloway: 6/5 → 11/10
2026-02-27T01:29:20.272Z [EVENT] (serving: Doumbia/Reboul)  game: 15-30
2026-02-27T01:29:45.054Z [ODDS] (serving: Doumbia/Reboul)  Doumbia/Reboul: 4/6 → 3/4, Erler/Galloway: 11/10 → 1/1
2026-02-27T01:30:03.091Z [ODDS] (serving: Doumbia/Reboul)  Doumbia/Reboul: 3/4 → 4/5, Erler/Galloway: 1/1 → 19/20
2026-02-27T01:30:03.091Z [EVENT] (serving: Doumbia/Reboul)  game: 15-40
2026-02-27T01:30:56.759Z [ODDS] (serving: Doumbia/Reboul)  Doumbia/Reboul: 4/5 → 3/4, Erler/Galloway: 19/20 → 1/1
2026-02-27T01:30:56.759Z [EVENT] (serving: Doumbia/Reboul)  game: 30-40
2026-02-27T01:31:28.332Z [ODDS] (serving: Doumbia/Reboul)  Doumbia/Reboul: 3/4 → 8/13, Erler/Galloway: 1/1 → 6/5
2026-02-27T01:31:28.332Z [EVENT] (serving: Doumbia/Reboul)  game: 40-40
2026-02-27T01:32:01.253Z [ODDS] (serving: Erler/Galloway)  Doumbia/Reboul: 8/13 → 1/1, Erler/Galloway: 6/5 → 3/4
2026-02-27T01:32:01.253Z [EVENT] (serving: Erler/Galloway)  sets: 3-3, game: 0-0, serving: P2
2026-02-27T01:32:41.844Z [ODDS] (serving: Erler/Galloway)  Doumbia/Reboul: 1/1 → 19/20, Erler/Galloway: 3/4 → 4/5
2026-02-27T01:32:58.982Z [ODDS] (serving: Erler/Galloway)  Doumbia/Reboul: 19/20 → 10/11, Erler/Galloway: 4/5 → 10/11
2026-02-27T01:32:58.982Z [EVENT] (serving: Erler/Galloway)  game: 15-0
2026-02-27T01:33:31.453Z [ODDS] (serving: Erler/Galloway)  Doumbia/Reboul: 10/11 → 19/20, Erler/Galloway: 10/11 → 4/5
2026-02-27T01:33:31.453Z [EVENT] (serving: Erler/Galloway)  game: 15-15
2026-02-27T01:34:14.750Z [ODDS] (serving: Erler/Galloway)  Doumbia/Reboul: 19/20 → 4/5, Erler/Galloway: 4/5 → 19/20
2026-02-27T01:34:14.750Z [EVENT] (serving: Erler/Galloway)  game: 30-15
2026-02-27T01:34:45.872Z [ODDS] (serving: Erler/Galloway)  Doumbia/Reboul: 4/5 → 19/20, Erler/Galloway: 19/20 → 4/5
2026-02-27T01:34:45.872Z [EVENT] (serving: Erler/Galloway)  game: 30-30
2026-02-27T01:35:11.129Z [ODDS] (serving: Erler/Galloway)  Doumbia/Reboul: 19/20 → 10/11, Erler/Galloway: 4/5 → 10/11
2026-02-27T01:35:28.268Z [ODDS] (serving: Erler/Galloway)  Doumbia/Reboul: 10/11 → 3/4, Erler/Galloway: 10/11 → 1/1
2026-02-27T01:35:28.268Z [EVENT] (serving: Erler/Galloway)  game: 40-30
2026-02-27T01:35:54.878Z [ODDS] (serving: Erler/Galloway)  Doumbia/Reboul: 3/4 → 10/11, Erler/Galloway: 1/1 → 10/11
2026-02-27T01:35:54.878Z [EVENT] (serving: Erler/Galloway)  game: 40-40
2026-02-27T01:36:25.998Z [ODDS] (serving: Erler/Galloway)  Doumbia/Reboul: 10/11 → 4/5, Erler/Galloway: 10/11 → 19/20
2026-02-27T01:36:40.428Z [ODDS] (serving: Doumbia/Reboul)  Doumbia/Reboul: 4/5 → 11/10, Erler/Galloway: 19/20 → 4/6
2026-02-27T01:36:40.428Z [EVENT] (serving: Doumbia/Reboul)  sets: 3-4, game: 0-0, serving: P1
2026-02-27T01:38:49.650Z [ODDS] (serving: Doumbia/Reboul)  Doumbia/Reboul: 11/10 → 1/1, Erler/Galloway: 4/6 → 3/4
2026-02-27T01:38:49.650Z [EVENT] (serving: Doumbia/Reboul)  game: 15-0
2026-02-27T01:39:13.552Z [ODDS] (serving: Doumbia/Reboul)  Doumbia/Reboul: 1/1 → 21/20, Erler/Galloway: 3/4 → 7/10
2026-02-27T01:39:32.497Z [ODDS] (serving: Doumbia/Reboul)  Doumbia/Reboul: 21/20 → 1/1, Erler/Galloway: 7/10 → 3/4
2026-02-27T01:39:32.497Z [EVENT] (serving: Doumbia/Reboul)  game: 30-0
2026-02-27T01:39:56.850Z [ODDS] (serving: Doumbia/Reboul)  Doumbia/Reboul: 1/1 → 19/20, Erler/Galloway: 3/4 → 4/5
2026-02-27T01:39:56.850Z [EVENT] (serving: Doumbia/Reboul)  game: 40-0
2026-02-27T01:40:20.754Z [EVENT] (serving: Erler/Galloway)  sets: 4-4, game: 0-0, serving: P2
2026-02-27T01:41:04.504Z [ODDS] (serving: Erler/Galloway)  Doumbia/Reboul: 19/20 → 1/1, Erler/Galloway: 4/5 → 3/4
2026-02-27T01:41:04.504Z [EVENT] (serving: Erler/Galloway)  game: 0-15
2026-02-27T01:41:23.451Z [ODDS] (serving: Erler/Galloway)  Doumbia/Reboul: 1/1 → 21/20, Erler/Galloway: 3/4 → 7/10
2026-02-27T01:41:23.451Z [EVENT] (serving: Erler/Galloway)  game: 0-30
2026-02-27T01:41:47.354Z [ODDS] (serving: Erler/Galloway)  Doumbia/Reboul: 21/20 → 11/10, Erler/Galloway: 7/10 → 4/6
2026-02-27T01:41:47.354Z [EVENT] (serving: Erler/Galloway)  game: 0-40
2026-02-27T01:42:09.904Z [ODDS] (serving: Doumbia/Reboul)  Doumbia/Reboul: 11/10 → 6/5, Erler/Galloway: 4/6 → 8/13
2026-02-27T01:42:09.904Z [EVENT] (serving: Doumbia/Reboul)  sets: 4-5, game: 0-0, serving: P1
2026-02-27T01:44:03.108Z [ODDS] (serving: Doumbia/Reboul)  Doumbia/Reboul: 6/5 → 21/20, Erler/Galloway: 8/13 → 7/10
2026-02-27T01:44:03.109Z [EVENT] (serving: Doumbia/Reboul)  game: 15-0
2026-02-27T01:44:26.111Z [ODDS] (serving: Doumbia/Reboul)  Doumbia/Reboul: 21/20 → 1/1, Erler/Galloway: 7/10 → 3/4
2026-02-27T01:44:26.111Z [EVENT] (serving: Doumbia/Reboul)  game: 30-0
2026-02-27T01:44:56.778Z [ODDS] (serving: Doumbia/Reboul)  Doumbia/Reboul: 1/1 → 19/20, Erler/Galloway: 3/4 → 4/5
2026-02-27T01:44:56.778Z [EVENT] (serving: Doumbia/Reboul)  game: 40-0
2026-02-27T01:45:38.270Z [EVENT] (serving: Erler/Galloway)  sets: 5-5, game: 0-0, serving: P2
2026-02-27T01:46:20.674Z [ODDS] (serving: Erler/Galloway)  Doumbia/Reboul: 19/20 → 1/1, Erler/Galloway: 4/5 → 3/4
2026-02-27T01:46:20.674Z [EVENT] (serving: Erler/Galloway)  game: 0-15
2026-02-27T01:46:54.048Z [ODDS] (serving: Erler/Galloway)  Doumbia/Reboul: 1/1 → 21/20, Erler/Galloway: 3/4 → 7/10
2026-02-27T01:46:54.048Z [EVENT] (serving: Erler/Galloway)  game: 0-30
2026-02-27T01:47:22.010Z [ODDS] (serving: Erler/Galloway)  Doumbia/Reboul: 21/20 → 1/1, Erler/Galloway: 7/10 → 3/4
2026-02-27T01:47:22.010Z [EVENT] (serving: Erler/Galloway)  game: 15-30
2026-02-27T01:47:50.424Z [ODDS] (serving: Erler/Galloway)  Doumbia/Reboul: 1/1 → 21/20, Erler/Galloway: 3/4 → 7/10
2026-02-27T01:47:50.424Z [EVENT] (serving: Erler/Galloway)  game: 15-40
2026-02-27T01:48:16.581Z [ODDS] (serving: Erler/Galloway)  Doumbia/Reboul: 21/20 → 19/20, Erler/Galloway: 7/10 → 4/5
2026-02-27T01:48:16.581Z [EVENT] (serving: Erler/Galloway)  game: 30-40
2026-02-27T01:48:46.347Z [ODDS] (serving: Erler/Galloway)  Doumbia/Reboul: 19/20 → 10/11, Erler/Galloway: 4/5 → 10/11
2026-02-27T01:49:04.387Z [ODDS] (serving: Erler/Galloway)  Doumbia/Reboul: 10/11 → 4/5, Erler/Galloway: 10/11 → 19/20
2026-02-27T01:49:04.387Z [EVENT] (serving: Erler/Galloway)  game: 40-40
2026-02-27T01:49:36.408Z [ODDS] (serving: Erler/Galloway)  Doumbia/Reboul: 4/5 → 7/10, Erler/Galloway: 19/20 → 21/20
2026-02-27T01:50:01.215Z [ODDS] (serving: Doumbia/Reboul)  Doumbia/Reboul: 7/10 → 21/20, Erler/Galloway: 21/20 → 7/10
2026-02-27T01:50:01.215Z [EVENT] (serving: Doumbia/Reboul)  sets: 5-6, game: 0-0, serving: P1
2026-02-27T01:52:16.515Z [ODDS] (serving: Doumbia/Reboul)  Doumbia/Reboul: 21/20 → 6/5, Erler/Galloway: 7/10 → 8/13
2026-02-27T01:52:16.515Z [EVENT] (serving: Doumbia/Reboul)  game: 0-15
2026-02-27T01:52:49.599Z [ODDS] (serving: Doumbia/Reboul)  Doumbia/Reboul: 6/5 → 11/10, Erler/Galloway: 8/13 → 4/6
2026-02-27T01:52:49.600Z [EVENT] (serving: Doumbia/Reboul)  game: 15-15
2026-02-27T01:53:16.659Z [ODDS] (serving: Doumbia/Reboul)  Doumbia/Reboul: 11/10 → 11/8, Erler/Galloway: 4/6 → 8/15
2026-02-27T01:53:16.659Z [EVENT] (serving: Doumbia/Reboul)  game: 15-30
2026-02-27T01:53:47.326Z [ODDS] (serving: Doumbia/Reboul)  Doumbia/Reboul: 11/8 → 6/5, Erler/Galloway: 8/15 → 8/13
2026-02-27T01:53:47.326Z [EVENT] (serving: Doumbia/Reboul)  game: 30-30
2026-02-27T01:54:21.151Z [ODDS] (serving: Doumbia/Reboul)  Doumbia/Reboul: 6/5 → 6/4, Erler/Galloway: 8/13 → 1/2
2026-02-27T01:54:21.151Z [EVENT] (serving: Doumbia/Reboul)  game: 30-40
2026-02-27T01:55:06.702Z [ODDS] (serving: Doumbia/Reboul)  Doumbia/Reboul: 6/4 → 5/4, Erler/Galloway: 1/2 → 4/7
2026-02-27T01:55:06.702Z [EVENT] (serving: Doumbia/Reboul)  game: 40-40
2026-02-27T01:55:41.431Z [ODDS] (serving: Erler/Galloway)  Doumbia/Reboul: 5/4 → 19/20, Erler/Galloway: 4/7 → 4/5
2026-02-27T01:55:41.432Z [EVENT] (serving: Erler/Galloway)  sets: 6-6, game: 0-0, serving: P2
2026-02-27T01:56:30.590Z [ODDS] (serving: Doumbia/Reboul)  Doumbia/Reboul: 19/20 → 21/20, Erler/Galloway: 4/5 → 7/10
2026-02-27T01:56:30.590Z [EVENT] (serving: Doumbia/Reboul)  game: 0-1, serving: P1
2026-02-27T01:57:06.670Z [ODDS] (serving: Doumbia/Reboul)  Doumbia/Reboul: 21/20 → 11/10, Erler/Galloway: 7/10 → 4/6
2026-02-27T01:57:20.200Z [ODDS] (serving: Doumbia/Reboul)  Doumbia/Reboul: 11/10 → 6/4, Erler/Galloway: 4/6 → 1/2
2026-02-27T01:57:20.200Z [EVENT] (serving: Doumbia/Reboul)  game: 0-2
2026-02-27T01:57:48.162Z [ODDS] (serving: Erler/Galloway)  Doumbia/Reboul: 6/4 → 5/4, Erler/Galloway: 1/2 → 4/7
2026-02-27T01:57:48.162Z [EVENT] (serving: Erler/Galloway)  game: 1-2, serving: P2
2026-02-27T01:58:35.067Z [ODDS] (serving: Erler/Galloway)  Doumbia/Reboul: 5/4 → 13/8, Erler/Galloway: 4/7 → 4/9
2026-02-27T01:58:35.067Z [EVENT] (serving: Erler/Galloway)  game: 1-3
2026-02-27T01:59:07.993Z [ODDS] (serving: Doumbia/Reboul)  Doumbia/Reboul: 13/8 → 7/4, Erler/Galloway: 4/9 → 2/5
2026-02-27T01:59:07.993Z [EVENT] (serving: Doumbia/Reboul)  game: 1-4, serving: P1
2026-02-27T01:59:46.333Z [ODDS] (serving: Doumbia/Reboul)  Doumbia/Reboul: 7/4 → 13/8, Erler/Galloway: 2/5 → 4/9
2026-02-27T01:59:46.333Z [EVENT] (serving: Doumbia/Reboul)  game: 2-4
2026-02-27T02:00:50.374Z [ODDS] (serving: Doumbia/Reboul)  Doumbia/Reboul: 13/8 → 7/4, Erler/Galloway: 4/9 → 2/5
2026-02-27T02:01:08.416Z [ODDS] (serving: Erler/Galloway)  Doumbia/Reboul: 7/4 → 12/5, Erler/Galloway: 2/5 → 3/10
2026-02-27T02:01:08.416Z [EVENT] (serving: Erler/Galloway)  game: 2-5, serving: P2
2026-02-27T02:01:50.810Z [ODDS] (serving: Erler/Galloway)  Doumbia/Reboul: 12/5 → 7/4, Erler/Galloway: 3/10 → 2/5
2026-02-27T02:01:50.810Z [EVENT] (serving: Erler/Galloway)  game: 3-5
2026-02-27T02:02:19.674Z [ODDS] (serving: Erler/Galloway)  Doumbia/Reboul: 7/4 → 13/8, Erler/Galloway: 2/5 → 4/9
2026-02-27T02:02:30.498Z [ODDS] (serving: Erler/Galloway)  Doumbia/Reboul: 13/8 → 7/4, Erler/Galloway: 4/9 → 2/5
2026-02-27T02:02:44.933Z [ODDS] (serving: Doumbia/Reboul)  Doumbia/Reboul: 7/4 → 9/4, Erler/Galloway: 2/5 → 1/3
2026-02-27T02:02:44.933Z [EVENT] (serving: Doumbia/Reboul)  game: 3-6, serving: P1
2026-02-27T02:03:15.146Z [ODDS] (serving: Doumbia/Reboul)  Doumbia/Reboul: 9/4 → 12/5, Erler/Galloway: 1/3 → 3/10
2026-02-27T02:03:33.638Z [ODDS] (serving: Doumbia/Reboul)  Doumbia/Reboul: 12/5 → 11/4, Erler/Galloway: 3/10 → 1/4
2026-02-27T02:03:33.638Z [EVENT] (serving: Doumbia/Reboul)  sets: 6-7,0-0, game: 0-0
2026-02-27T02:07:01.552Z [ODDS] (serving: Doumbia/Reboul)  Doumbia/Reboul: 11/4 → 5/2, Erler/Galloway: 1/4 → 2/7
2026-02-27T02:07:01.552Z [EVENT] (serving: Doumbia/Reboul)  game: 15-0
2026-02-27T02:07:20.041Z [ODDS] (serving: Doumbia/Reboul)  Doumbia/Reboul: 5/2 → 11/4, Erler/Galloway: 2/7 → 1/4
2026-02-27T02:07:35.377Z [ODDS] (serving: Doumbia/Reboul)  Doumbia/Reboul: 11/4 → 5/2, Erler/Galloway: 1/4 → 2/7
2026-02-27T02:07:35.377Z [EVENT] (serving: Doumbia/Reboul)  game: 30-0
2026-02-27T02:07:57.024Z [ODDS] (serving: Doumbia/Reboul)  Doumbia/Reboul: 5/2 → 12/5, Erler/Galloway: 2/7 → 3/10
2026-02-27T02:07:57.024Z [EVENT] (serving: Doumbia/Reboul)  game: 40-0
2026-02-27T02:08:27.146Z [EVENT] (serving: Erler/Galloway)  sets: 6-7,1-0, game: 0-0, serving: P2
2026-02-27T02:09:42.012Z [ODDS] (serving: Erler/Galloway)  Doumbia/Reboul: 12/5 → 9/4, Erler/Galloway: 3/10 → 1/3
2026-02-27T02:09:56.444Z [ODDS] (serving: Erler/Galloway)  Doumbia/Reboul: 9/4 → 2/1, Erler/Galloway: 1/3 → 4/11
2026-02-27T02:09:56.444Z [EVENT] (serving: Erler/Galloway)  game: 15-0
2026-02-27T02:10:37.940Z [ODDS] (serving: Erler/Galloway)  Doumbia/Reboul: 2/1 → 9/4, Erler/Galloway: 4/11 → 1/3
2026-02-27T02:10:37.940Z [EVENT] (serving: Erler/Galloway)  game: 15-15
2026-02-27T02:11:05.450Z [ODDS] (serving: Erler/Galloway)  Doumbia/Reboul: 9/4 → 5/2, Erler/Galloway: 1/3 → 2/7
2026-02-27T02:11:05.450Z [EVENT] (serving: Erler/Galloway)  game: 15-30
2026-02-27T02:11:41.078Z [EVENT] (serving: Erler/Galloway)  game: 15-40
2026-02-27T02:12:47.376Z [ODDS] (serving: Erler/Galloway)  Doumbia/Reboul: 5/2 → 12/5, Erler/Galloway: 2/7 → 3/10
2026-02-27T02:12:47.376Z [EVENT] (serving: Erler/Galloway)  game: 30-40
2026-02-27T02:13:10.376Z [ODDS] (serving: Erler/Galloway)  Doumbia/Reboul: 12/5 → 9/4, Erler/Galloway: 3/10 → 1/3
2026-02-27T02:13:35.632Z [ODDS] (serving: Erler/Galloway)  Doumbia/Reboul: 9/4 → 2/1, Erler/Galloway: 1/3 → 4/11
2026-02-27T02:13:35.632Z [EVENT] (serving: Erler/Galloway)  game: 40-40
2026-02-27T02:14:15.320Z [ODDS] (serving: Doumbia/Reboul)  Doumbia/Reboul: 2/1 → 5/2, Erler/Galloway: 4/11 → 2/7
2026-02-27T02:14:15.320Z [EVENT] (serving: Doumbia/Reboul)  sets: 6-7,1-1, game: 0-0, serving: P1
2026-02-27T02:15:37.407Z [ODDS] (serving: Doumbia/Reboul)  Doumbia/Reboul: 5/2 → 12/5, Erler/Galloway: 2/7 → 3/10
2026-02-27T02:15:37.407Z [EVENT] (serving: Doumbia/Reboul)  game: 15-0
2026-02-27T02:16:00.408Z [ODDS] (serving: Doumbia/Reboul)  Doumbia/Reboul: 12/5 → 5/2, Erler/Galloway: 3/10 → 2/7
2026-02-27T02:16:18.900Z [ODDS] (serving: Doumbia/Reboul)  Doumbia/Reboul: 5/2 → 9/4, Erler/Galloway: 2/7 → 1/3
2026-02-27T02:16:18.900Z [EVENT] (serving: Doumbia/Reboul)  game: 30-0
2026-02-27T02:16:46.862Z [EVENT] (serving: Doumbia/Reboul)  game: 40-0
2026-02-27T02:17:13.019Z [EVENT] (serving: Erler/Galloway)  sets: 6-7,2-1, game: 0-0, serving: P2
2026-02-27T02:19:50.420Z [ODDS] (serving: Erler/Galloway)  Doumbia/Reboul: 9/4 → 2/1, Erler/Galloway: 1/3 → 4/11
2026-02-27T02:20:03.051Z [ODDS] (serving: Erler/Galloway)  Doumbia/Reboul: 2/1 → 7/4, Erler/Galloway: 4/11 → 2/5
2026-02-27T02:20:03.051Z [EVENT] (serving: Erler/Galloway)  game: 15-0
2026-02-27T02:20:39.131Z [ODDS] (serving: Erler/Galloway)  Doumbia/Reboul: 7/4 → 2/1, Erler/Galloway: 2/5 → 4/11
2026-02-27T02:20:39.131Z [EVENT] (serving: Erler/Galloway)  game: 15-15
2026-02-27T02:21:21.076Z [ODDS] (serving: Erler/Galloway)  Doumbia/Reboul: 2/1 → 13/8, Erler/Galloway: 4/11 → 4/9
2026-02-27T02:21:21.076Z [EVENT] (serving: Erler/Galloway)  game: 30-15
2026-02-27T02:21:48.587Z [ODDS] (serving: Erler/Galloway)  Doumbia/Reboul: 13/8 → 2/1, Erler/Galloway: 4/9 → 4/11
2026-02-27T02:21:48.587Z [EVENT] (serving: Erler/Galloway)  game: 30-30
2026-02-27T02:22:21.510Z [ODDS] (serving: Erler/Galloway)  Doumbia/Reboul: 2/1 → 6/4, Erler/Galloway: 4/11 → 1/2
2026-02-27T02:22:21.510Z [EVENT] (serving: Erler/Galloway)  game: 40-30
2026-02-27T02:22:51.730Z [ODDS] (serving: Erler/Galloway)  Doumbia/Reboul: 6/4 → 7/4, Erler/Galloway: 1/2 → 2/5
2026-02-27T02:22:51.730Z [EVENT] (serving: Erler/Galloway)  game: 40-40
2026-02-27T02:23:20.594Z [ODDS] (serving: Erler/Galloway)  Doumbia/Reboul: 7/4 → 13/8, Erler/Galloway: 2/5 → 4/9
2026-02-27T02:23:32.319Z [ODDS] (serving: Doumbia/Reboul)  Doumbia/Reboul: 13/8 → 12/5, Erler/Galloway: 4/9 → 3/10
2026-02-27T02:23:32.319Z [EVENT] (serving: Doumbia/Reboul)  sets: 6-7,2-2, game: 0-0, serving: P1
2026-02-27T02:24:05.242Z [ODDS] (serving: Doumbia/Reboul)  Doumbia/Reboul: 12/5 → 5/2, Erler/Galloway: 3/10 → 2/7
2026-02-27T02:24:21.028Z [ODDS] (serving: Doumbia/Reboul)  Doumbia/Reboul: 5/2 → 9/4, Erler/Galloway: 2/7 → 1/3
2026-02-27T02:24:21.028Z [EVENT] (serving: Doumbia/Reboul)  game: 15-0
2026-02-27T02:25:01.617Z [ODDS] (serving: Doumbia/Reboul)  Doumbia/Reboul: 9/4 → 2/1, Erler/Galloway: 1/3 → 4/11
2026-02-27T02:25:01.617Z [EVENT] (serving: Doumbia/Reboul)  game: 30-0
2026-02-27T02:25:31.836Z [EVENT] (serving: Doumbia/Reboul)  game: 40-0
2026-02-27T02:25:55.290Z [EVENT] (serving: Doumbia/Reboul)  game: 40-15
2026-02-27T02:26:25.509Z [EVENT] (serving: Erler/Galloway)  sets: 6-7,3-2, game: 0-0, serving: P2
2026-02-27T02:28:36.301Z [ODDS] (serving: Erler/Galloway)  Doumbia/Reboul: 2/1 → 7/4, Erler/Galloway: 4/11 → 2/5
2026-02-27T02:28:53.440Z [ODDS] (serving: Erler/Galloway)  Doumbia/Reboul: 7/4 → 13/8, Erler/Galloway: 2/5 → 4/9
2026-02-27T02:28:53.440Z [EVENT] (serving: Erler/Galloway)  game: 15-0
2026-02-27T02:29:17.343Z [ODDS] (serving: Erler/Galloway)  Doumbia/Reboul: 13/8 → 7/4, Erler/Galloway: 4/9 → 2/5
2026-02-27T02:29:17.343Z [EVENT] (serving: Erler/Galloway)  game: 15-15
2026-02-27T02:30:00.638Z [ODDS] (serving: Erler/Galloway)  Doumbia/Reboul: 7/4 → 9/4, Erler/Galloway: 2/5 → 1/3
2026-02-27T02:30:00.638Z [EVENT] (serving: Erler/Galloway)  game: 15-30
2026-02-27T02:30:28.156Z [ODDS] (serving: Erler/Galloway)  Doumbia/Reboul: 9/4 → 2/1, Erler/Galloway: 1/3 → 4/11
2026-02-27T02:30:48.453Z [ODDS] (serving: Erler/Galloway)  Doumbia/Reboul: 2/1 → 9/4, Erler/Galloway: 4/11 → 1/3
2026-02-27T02:30:48.453Z [EVENT] (serving: Erler/Galloway)  game: 15-40
2026-02-27T02:31:15.962Z [ODDS] (serving: Doumbia/Reboul)  Doumbia/Reboul: 9/4 → 12/5, Erler/Galloway: 1/3 → 3/10
2026-02-27T02:31:15.962Z [EVENT] (serving: Doumbia/Reboul)  sets: 6-7,3-3, game: 0-0, serving: P1
2026-02-27T02:32:22.261Z [ODDS] (serving: Doumbia/Reboul)  Doumbia/Reboul: 12/5 → 9/4, Erler/Galloway: 3/10 → 1/3
2026-02-27T02:32:22.261Z [EVENT] (serving: Doumbia/Reboul)  game: 15-0
2026-02-27T02:33:07.812Z [ODDS] (serving: Doumbia/Reboul)  Doumbia/Reboul: 9/4 → 2/1, Erler/Galloway: 1/3 → 4/11
2026-02-27T02:33:07.812Z [EVENT] (serving: Doumbia/Reboul)  game: 30-0
2026-02-27T02:33:36.228Z [EVENT] (serving: Doumbia/Reboul)  game: 40-0
2026-02-27T02:33:59.677Z [ODDS] (serving: Erler/Galloway)  Doumbia/Reboul: 2/1 → 7/4, Erler/Galloway: 4/11 → 2/5
2026-02-27T02:33:59.677Z [EVENT] (serving: Erler/Galloway)  sets: 6-7,4-3, game: 0-0, serving: P2
2026-02-27T02:35:54.233Z [ODDS] (serving: Erler/Galloway)  Doumbia/Reboul: 7/4 → 9/4, Erler/Galloway: 2/5 → 1/3
2026-02-27T02:35:54.233Z [EVENT] (serving: Erler/Galloway)  game: 0-15
2026-02-27T02:36:14.078Z [ODDS] (serving: Erler/Galloway)  Doumbia/Reboul: 9/4 → 2/1, Erler/Galloway: 1/3 → 4/11
2026-02-27T02:36:24.451Z [ODDS] (serving: Erler/Galloway)  Doumbia/Reboul: 2/1 → 7/4, Erler/Galloway: 4/11 → 2/5
2026-02-27T02:36:24.451Z [EVENT] (serving: Erler/Galloway)  game: 15-15
2026-02-27T02:36:57.377Z [ODDS] (serving: Erler/Galloway)  Doumbia/Reboul: 7/4 → 11/8, Erler/Galloway: 2/5 → 8/15
2026-02-27T02:36:57.377Z [EVENT] (serving: Erler/Galloway)  game: 30-15
2026-02-27T02:37:27.142Z [ODDS] (serving: Erler/Galloway)  Doumbia/Reboul: 11/8 → 13/8, Erler/Galloway: 8/15 → 4/9
2026-02-27T02:37:27.142Z [EVENT] (serving: Erler/Galloway)  game: 30-30
2026-02-27T02:37:54.202Z [ODDS] (serving: Erler/Galloway)  Doumbia/Reboul: 13/8 → 2/1, Erler/Galloway: 4/9 → 4/11
2026-02-27T02:37:54.202Z [EVENT] (serving: Erler/Galloway)  game: 30-40
2026-02-27T02:38:21.262Z [ODDS] (serving: Erler/Galloway)  Doumbia/Reboul: 2/1 → 6/4, Erler/Galloway: 4/11 → 1/2
2026-02-27T02:38:21.262Z [EVENT] (serving: Erler/Galloway)  game: 40-40
2026-02-27T02:39:11.722Z [ODDS] (serving: Doumbia/Reboul)  Doumbia/Reboul: 6/4 → 9/4, Erler/Galloway: 1/2 → 1/3
2026-02-27T02:39:11.722Z [EVENT] (serving: Doumbia/Reboul)  sets: 6-7,4-4, game: 0-0, serving: P1
2026-02-27T02:39:54.117Z [ODDS] (serving: Doumbia/Reboul)  Doumbia/Reboul: 9/4 → 2/1, Erler/Galloway: 1/3 → 4/11
2026-02-27T02:39:54.117Z [EVENT] (serving: Doumbia/Reboul)  game: 15-0
2026-02-27T02:40:20.275Z [ODDS] (serving: Doumbia/Reboul)  Doumbia/Reboul: 2/1 → 12/5, Erler/Galloway: 4/11 → 3/10
2026-02-27T02:40:20.275Z [EVENT] (serving: Doumbia/Reboul)  game: 15-15
2026-02-27T02:40:51.846Z [ODDS] (serving: Doumbia/Reboul)  Doumbia/Reboul: 12/5 → 3/1, Erler/Galloway: 3/10 → 2/9
2026-02-27T02:40:51.846Z [EVENT] (serving: Doumbia/Reboul)  game: 15-30
2026-02-27T02:41:17.557Z [ODDS] (serving: Doumbia/Reboul)  Doumbia/Reboul: 3/1 → 4/1, Erler/Galloway: 2/9 → 1/6
2026-02-27T02:41:31.085Z [ODDS] (serving: Doumbia/Reboul)  Doumbia/Reboul: 4/1 → 5/2, Erler/Galloway: 1/6 → 2/7
2026-02-27T02:41:31.085Z [EVENT] (serving: Doumbia/Reboul)  game: 30-30
2026-02-27T02:41:59.948Z [ODDS] (serving: Doumbia/Reboul)  Doumbia/Reboul: 5/2 → 3/1, Erler/Galloway: 2/7 → 2/9
2026-02-27T02:42:15.282Z [ODDS] (serving: Doumbia/Reboul)  Doumbia/Reboul: 3/1 → 4/1, Erler/Galloway: 2/9 → 1/6
2026-02-27T02:42:15.282Z [EVENT] (serving: Doumbia/Reboul)  game: 30-40
2026-02-27T02:42:44.598Z [ODDS] (serving: Erler/Galloway)  Doumbia/Reboul: 4/1 → 12/1, Erler/Galloway: 1/6 → 1/25
2026-02-27T02:42:44.598Z [EVENT] (serving: Erler/Galloway)  sets: 6-7,4-5, game: 0-0, serving: P2
2026-02-27T02:44:23.367Z [ODDS] (serving: Erler/Galloway)  Doumbia/Reboul: 12/1 → 20/1, Erler/Galloway: 1/25 → 1/66
2026-02-27T02:44:23.367Z [EVENT] (serving: Erler/Galloway)  game: 0-15
2026-02-27T02:44:59.906Z [ODDS] (serving: Erler/Galloway)  Doumbia/Reboul: 20/1 → 33/1, Erler/Galloway: 1/66 → 1/200
2026-02-27T02:44:59.906Z [EVENT] (serving: Erler/Galloway)  game: 0-30
2026-02-27T02:45:24.713Z [ODDS] (serving: Erler/Galloway)  Doumbia/Reboul: 33/1 → 22/1, Erler/Galloway: 1/200 → 1/80
2026-02-27T02:45:42.778Z [ODDS] (serving: Erler/Galloway)  Doumbia/Reboul: 22/1 → 100/1, Erler/Galloway: 1/80 → 1/1000
2026-02-27T02:45:42.778Z [EVENT] (serving: Erler/Galloway)  game: 0-40
2026-02-27T02:46:16.582Z [ODDS] (serving: Erler/Galloway)  Doumbia/Reboul: 100/1 → 0/0, Erler/Galloway: 1/1000 → 0/0
2026-02-27T02:46:16.582Z [EVENT] (serving: Erler/Galloway)  sets: 6-7,4-6, game: 0-0
