2026-02-26T19:47:42.386Z [EVENT] (serving: Carou/Kestelboim)  game: 15-0
2026-02-26T19:48:02.679Z [ODDS] (serving: Carou/Kestelboim)  Carou/Kestelboim: 1/10 → 1/12, Del Pino/La Serna: 6/1 → 7/1
2026-02-26T19:48:02.679Z [EVENT] (serving: Carou/Kestelboim)  game: 30-0
2026-02-26T19:48:50.036Z [EVENT] (serving: Carou/Kestelboim)  game: 40-0
2026-02-26T19:49:11.232Z [EVENT] (serving: Del Pino/La Serna)  sets: 6-2,0-0, game: 0-0, serving: P2
2026-02-26T19:51:53.145Z [ODDS] (serving: Del Pino/La Serna)  Carou/Kestelboim: 1/12 → 1/14, Del Pino/La Serna: 7/1 → 8/1
2026-02-26T19:52:07.126Z [ODDS] (serving: Del Pino/La Serna)  Carou/Kestelboim: 1/14 → 1/12, Del Pino/La Serna: 8/1 → 7/1
2026-02-26T19:52:07.126Z [EVENT] (serving: Del Pino/La Serna)  game: 0-15
2026-02-26T19:52:27.426Z [EVENT] (serving: Del Pino/La Serna)  game: 15-15
2026-02-26T19:52:48.620Z [ODDS] (serving: Del Pino/La Serna)  Carou/Kestelboim: 1/12 → 1/14, Del Pino/La Serna: 7/1 → 8/1
2026-02-26T19:53:03.518Z [ODDS] (serving: Del Pino/La Serna)  Carou/Kestelboim: 1/14 → 1/12, Del Pino/La Serna: 8/1 → 7/1
2026-02-26T19:53:03.518Z [EVENT] (serving: Del Pino/La Serna)  game: 15-30
2026-02-26T19:53:41.844Z [ODDS] (serving: Del Pino/La Serna)  Carou/Kestelboim: 1/12 → 1/14, Del Pino/La Serna: 7/1 → 8/1
2026-02-26T19:53:41.844Z [EVENT] (serving: Del Pino/La Serna)  game: 30-30
2026-02-26T19:54:12.514Z [ODDS] (serving: Del Pino/La Serna)  Carou/Kestelboim: 1/14 → 1/10, Del Pino/La Serna: 8/1 → 6/1
2026-02-26T19:54:12.514Z [EVENT] (serving: Del Pino/La Serna)  game: 30-40
2026-02-26T19:54:41.375Z [ODDS] (serving: Carou/Kestelboim)  Carou/Kestelboim: 1/10 → 1/9, Del Pino/La Serna: 6/1 → 11/2
2026-02-26T19:54:41.375Z [EVENT] (serving: Carou/Kestelboim)  sets: 6-2,0-1, game: 0-0, serving: P1
2026-02-26T19:59:57.565Z [ODDS] (serving: Carou/Kestelboim)  Carou/Kestelboim: 1/9 → 1/8, Del Pino/La Serna: 11/2 → 5/1
2026-02-26T19:59:57.565Z [EVENT] (serving: Carou/Kestelboim)  game: 0-15
2026-02-26T20:00:19.662Z [ODDS] (serving: Carou/Kestelboim)  Carou/Kestelboim: 1/8 → 1/9, Del Pino/La Serna: 5/1 → 11/2
2026-02-26T20:00:19.662Z [EVENT] (serving: Carou/Kestelboim)  game: 15-15
2026-02-26T20:00:44.920Z [ODDS] (serving: Carou/Kestelboim)  Carou/Kestelboim: 1/9 → 1/7, Del Pino/La Serna: 11/2 → 9/2
2026-02-26T20:00:44.920Z [EVENT] (serving: Carou/Kestelboim)  game: 15-30
2026-02-26T20:01:07.470Z [ODDS] (serving: Carou/Kestelboim)  Carou/Kestelboim: 1/7 → 1/8, Del Pino/La Serna: 9/2 → 5/1
2026-02-26T20:01:07.470Z [EVENT] (serving: Carou/Kestelboim)  game: 30-30
2026-02-26T20:01:48.063Z [ODDS] (serving: Carou/Kestelboim)  Carou/Kestelboim: 1/8 → 1/7, Del Pino/La Serna: 5/1 → 9/2
2026-02-26T20:02:04.298Z [ODDS] (serving: Carou/Kestelboim)  Carou/Kestelboim: 1/7 → 1/10, Del Pino/La Serna: 9/2 → 6/1
2026-02-26T20:02:04.298Z [EVENT] (serving: Carou/Kestelboim)  game: 40-30
2026-02-26T20:02:36.769Z [ODDS] (serving: Del Pino/La Serna)  Carou/Kestelboim: 1/10 → 1/12, Del Pino/La Serna: 6/1 → 7/1
2026-02-26T20:02:36.770Z [EVENT] (serving: Del Pino/La Serna)  sets: 6-2,1-1, game: 0-0, serving: P2
2026-02-26T20:03:18.715Z [ODDS] (serving: Del Pino/La Serna)  Carou/Kestelboim: 1/12 → 1/10, Del Pino/La Serna: 7/1 → 6/1
2026-02-26T20:03:18.715Z [EVENT] (serving: Del Pino/La Serna)  game: 0-15
2026-02-26T20:03:37.654Z [ODDS] (serving: Del Pino/La Serna)  Carou/Kestelboim: 1/10 → 1/12, Del Pino/La Serna: 6/1 → 7/1
2026-02-26T20:03:37.654Z [EVENT] (serving: Del Pino/La Serna)  game: 15-15
2026-02-26T20:04:08.324Z [ODDS] (serving: Del Pino/La Serna)  Carou/Kestelboim: 1/12 → 1/16, Del Pino/La Serna: 7/1 → 9/1
2026-02-26T20:04:08.324Z [EVENT] (serving: Del Pino/La Serna)  game: 30-15
2026-02-26T20:04:34.030Z [ODDS] (serving: Del Pino/La Serna)  Carou/Kestelboim: 1/16 → 1/20, Del Pino/La Serna: 9/1 → 10/1
2026-02-26T20:04:34.030Z [EVENT] (serving: Del Pino/La Serna)  game: 40-15
2026-02-26T20:04:58.395Z [ODDS] (serving: Del Pino/La Serna)  Carou/Kestelboim: 1/20 → 1/25, Del Pino/La Serna: 10/1 → 12/1
2026-02-26T20:05:14.181Z [ODDS] (serving: Del Pino/La Serna)  Carou/Kestelboim: 1/25 → 1/16, Del Pino/La Serna: 12/1 → 9/1
2026-02-26T20:05:14.181Z [EVENT] (serving: Del Pino/La Serna)  game: 40-30
2026-02-26T20:05:38.523Z [ODDS] (serving: Carou/Kestelboim)  Carou/Kestelboim: 1/16 → 1/33, Del Pino/La Serna: 9/1 → 14/1
2026-02-26T20:05:38.523Z [EVENT] (serving: Carou/Kestelboim)  sets: 6-2,2-1, game: 0-0, serving: P1
2026-02-26T20:06:44.830Z [EVENT] (serving: Carou/Kestelboim)  game: 15-0
2026-02-26T20:07:02.871Z [ODDS] (serving: Carou/Kestelboim)  Carou/Kestelboim: 1/33 → 1/40, Del Pino/La Serna: 14/1 → 16/1
2026-02-26T20:07:02.871Z [EVENT] (serving: Carou/Kestelboim)  game: 30-0
2026-02-26T20:07:44.812Z [ODDS] (serving: Carou/Kestelboim)  Carou/Kestelboim: 1/40 → 1/50, Del Pino/La Serna: 16/1 → 18/1
2026-02-26T20:07:44.812Z [EVENT] (serving: Carou/Kestelboim)  game: 40-0
2026-02-26T20:08:30.066Z [ODDS] (serving: Carou/Kestelboim)  Carou/Kestelboim: 1/50 → 1/40, Del Pino/La Serna: 18/1 → 16/1
2026-02-26T20:08:30.066Z [EVENT] (serving: Carou/Kestelboim)  game: 40-15
2026-02-26T20:09:02.087Z [ODDS] (serving: Del Pino/La Serna)  Carou/Kestelboim: 1/40 → 1/50, Del Pino/La Serna: 16/1 → 18/1
2026-02-26T20:09:02.087Z [EVENT] (serving: Del Pino/La Serna)  sets: 6-2,3-1, game: 0-0, serving: P2
2026-02-26T20:09:56.206Z [ODDS] (serving: Del Pino/La Serna)  Carou/Kestelboim: 1/50 → 1/40, Del Pino/La Serna: 18/1 → 16/1
2026-02-26T20:09:56.206Z [EVENT] (serving: Del Pino/La Serna)  game: 0-15
2026-02-26T20:10:18.757Z [ODDS] (serving: Del Pino/La Serna)  Carou/Kestelboim: 1/40 → 1/50, Del Pino/La Serna: 16/1 → 18/1
2026-02-26T20:10:18.757Z [EVENT] (serving: Del Pino/La Serna)  game: 15-15
2026-02-26T20:10:46.266Z [ODDS] (serving: Del Pino/La Serna)  Carou/Kestelboim: 1/50 → 1/66, Del Pino/La Serna: 18/1 → 20/1
2026-02-26T20:10:46.266Z [EVENT] (serving: Del Pino/La Serna)  game: 30-15
2026-02-26T20:11:08.368Z [ODDS] (serving: Del Pino/La Serna)  Carou/Kestelboim: 1/66 → 1/80, Del Pino/La Serna: 20/1 → 22/1
2026-02-26T20:11:30.924Z [ODDS] (serving: Del Pino/La Serna)  Carou/Kestelboim: 1/80 → 1/50, Del Pino/La Serna: 22/1 → 18/1
2026-02-26T20:11:30.924Z [EVENT] (serving: Del Pino/La Serna)  game: 30-30
2026-02-26T20:12:07.458Z [ODDS] (serving: Del Pino/La Serna)  Carou/Kestelboim: 1/50 → 1/80, Del Pino/La Serna: 18/1 → 22/1
2026-02-26T20:12:07.458Z [EVENT] (serving: Del Pino/La Serna)  game: 40-30
2026-02-26T20:13:09.685Z [ODDS] (serving: Del Pino/La Serna)  Carou/Kestelboim: 1/80 → 1/50, Del Pino/La Serna: 22/1 → 18/1
2026-02-26T20:13:09.685Z [EVENT] (serving: Del Pino/La Serna)  game: 40-40
2026-02-26T20:13:40.815Z [ODDS] (serving: Carou/Kestelboim)  Carou/Kestelboim: 1/50 → 1/33, Del Pino/La Serna: 18/1 → 14/1
2026-02-26T20:13:40.815Z [EVENT] (serving: Carou/Kestelboim)  sets: 6-2,3-2, game: 0-0, serving: P1
2026-02-26T20:14:26.807Z [ODDS] (serving: Carou/Kestelboim)  Carou/Kestelboim: 1/33 → 1/50, Del Pino/La Serna: 14/1 → 18/1
2026-02-26T20:14:26.807Z [EVENT] (serving: Carou/Kestelboim)  game: 15-0
2026-02-26T20:14:52.065Z [ODDS] (serving: Carou/Kestelboim)  Carou/Kestelboim: 1/50 → 1/33, Del Pino/La Serna: 18/1 → 14/1
2026-02-26T20:14:52.065Z [EVENT] (serving: Carou/Kestelboim)  game: 15-15
2026-02-26T20:15:15.063Z [ODDS] (serving: Carou/Kestelboim)  Carou/Kestelboim: 1/33 → 1/40, Del Pino/La Serna: 14/1 → 16/1
2026-02-26T20:15:15.063Z [EVENT] (serving: Carou/Kestelboim)  game: 30-15
2026-02-26T20:15:51.599Z [ODDS] (serving: Carou/Kestelboim)  Carou/Kestelboim: 1/40 → 1/25, Del Pino/La Serna: 16/1 → 12/1
2026-02-26T20:15:51.599Z [EVENT] (serving: Carou/Kestelboim)  game: 30-30
2026-02-26T20:16:30.837Z [ODDS] (serving: Carou/Kestelboim)  Carou/Kestelboim: 1/25 → 1/16, Del Pino/La Serna: 12/1 → 9/1
2026-02-26T20:16:30.838Z [EVENT] (serving: Carou/Kestelboim)  game: 30-40
2026-02-26T20:17:16.393Z [ODDS] (serving: Carou/Kestelboim)  Carou/Kestelboim: 1/16 → 1/25, Del Pino/La Serna: 9/1 → 12/1
2026-02-26T20:17:16.393Z [EVENT] (serving: Carou/Kestelboim)  game: 40-40
2026-02-26T20:17:38.946Z [ODDS] (serving: Carou/Kestelboim)  Carou/Kestelboim: 1/25 → 1/20, Del Pino/La Serna: 12/1 → 10/1
2026-02-26T20:17:51.123Z [ODDS] (serving: Del Pino/La Serna)  Carou/Kestelboim: 1/20 → 1/10, Del Pino/La Serna: 10/1 → 6/1
2026-02-26T20:17:51.123Z [EVENT] (serving: Del Pino/La Serna)  sets: 6-2,3-3, game: 0-0, serving: P2
2026-02-26T20:18:30.358Z [ODDS] (serving: Del Pino/La Serna)  Carou/Kestelboim: 1/10 → 1/9, Del Pino/La Serna: 6/1 → 11/2
2026-02-26T20:18:30.358Z [EVENT] (serving: Del Pino/La Serna)  game: 0-15
2026-02-26T20:18:53.810Z [ODDS] (serving: Del Pino/La Serna)  Carou/Kestelboim: 1/9 → 1/8, Del Pino/La Serna: 11/2 → 5/1
2026-02-26T20:18:53.810Z [EVENT] (serving: Del Pino/La Serna)  game: 0-30
2026-02-26T20:19:24.028Z [ODDS] (serving: Del Pino/La Serna)  Carou/Kestelboim: 1/8 → 1/7, Del Pino/La Serna: 5/1 → 9/2
2026-02-26T20:19:24.028Z [EVENT] (serving: Del Pino/La Serna)  game: 0-40
2026-02-26T20:19:49.289Z [ODDS] (serving: Del Pino/La Serna)  Carou/Kestelboim: 1/7 → 1/8, Del Pino/La Serna: 9/2 → 5/1
2026-02-26T20:19:49.289Z [EVENT] (serving: Del Pino/La Serna)  game: 15-40
2026-02-26T20:20:33.034Z [ODDS] (serving: Del Pino/La Serna)  Carou/Kestelboim: 1/8 → 1/9, Del Pino/La Serna: 5/1 → 11/2
2026-02-26T20:20:33.034Z [EVENT] (serving: Del Pino/La Serna)  game: 30-40
2026-02-26T20:21:05.957Z [ODDS] (serving: Carou/Kestelboim)  Carou/Kestelboim: 1/9 → 1/7, Del Pino/La Serna: 11/2 → 9/2
2026-02-26T20:21:05.957Z [EVENT] (serving: Carou/Kestelboim)  sets: 6-2,3-4, game: 0-0, serving: P1
2026-02-26T20:22:23.083Z [ODDS] (serving: Carou/Kestelboim)  Carou/Kestelboim: 1/7 → 2/11, Del Pino/La Serna: 9/2 → 7/2
2026-02-26T20:22:23.083Z [EVENT] (serving: Carou/Kestelboim)  game: 0-15
2026-02-26T20:22:42.926Z [ODDS] (serving: Carou/Kestelboim)  Carou/Kestelboim: 2/11 → 1/5, Del Pino/La Serna: 7/2 → 10/3
2026-02-26T20:22:56.004Z [ODDS] (serving: Carou/Kestelboim)  Carou/Kestelboim: 1/5 → 1/7, Del Pino/La Serna: 10/3 → 9/2
2026-02-26T20:22:56.004Z [EVENT] (serving: Carou/Kestelboim)  game: 15-15
2026-02-26T20:23:21.713Z [ODDS] (serving: Carou/Kestelboim)  Carou/Kestelboim: 1/7 → 1/8, Del Pino/La Serna: 9/2 → 5/1
2026-02-26T20:23:21.713Z [EVENT] (serving: Carou/Kestelboim)  game: 30-15
2026-02-26T20:24:00.044Z [ODDS] (serving: Carou/Kestelboim)  Carou/Kestelboim: 1/8 → 1/6, Del Pino/La Serna: 5/1 → 4/1
2026-02-26T20:24:00.044Z [EVENT] (serving: Carou/Kestelboim)  game: 30-30
2026-02-26T20:24:22.600Z [ODDS] (serving: Carou/Kestelboim)  Carou/Kestelboim: 1/6 → 1/5, Del Pino/La Serna: 4/1 → 10/3
2026-02-26T20:24:36.577Z [ODDS] (serving: Carou/Kestelboim)  Carou/Kestelboim: 1/5 → 1/4, Del Pino/La Serna: 10/3 → 11/4
2026-02-26T20:24:36.577Z [EVENT] (serving: Carou/Kestelboim)  game: 30-40
2026-02-26T20:25:14.895Z [ODDS] (serving: Del Pino/La Serna)  Carou/Kestelboim: 1/4 → 4/11, Del Pino/La Serna: 11/4 → 2/1
2026-02-26T20:25:14.895Z [EVENT] (serving: Del Pino/La Serna)  sets: 6-2,3-5, game: 0-0, serving: P2
2026-02-26T20:26:03.601Z [ODDS] (serving: Del Pino/La Serna)  Carou/Kestelboim: 4/11 → 3/10, Del Pino/La Serna: 2/1 → 12/5
2026-02-26T20:26:03.602Z [EVENT] (serving: Del Pino/La Serna)  game: 15-0
2026-02-26T20:26:45.999Z [ODDS] (serving: Del Pino/La Serna)  Carou/Kestelboim: 3/10 → 4/11, Del Pino/La Serna: 12/5 → 2/1
2026-02-26T20:26:45.999Z [EVENT] (serving: Del Pino/La Serna)  game: 15-15
2026-02-26T20:27:09.457Z [ODDS] (serving: Del Pino/La Serna)  Carou/Kestelboim: 4/11 → 2/7, Del Pino/La Serna: 2/1 → 5/2
2026-02-26T20:27:09.457Z [EVENT] (serving: Del Pino/La Serna)  game: 30-15
2026-02-26T20:27:58.611Z [ODDS] (serving: Del Pino/La Serna)  Carou/Kestelboim: 2/7 → 1/3, Del Pino/La Serna: 5/2 → 9/4
2026-02-26T20:27:58.611Z [EVENT] (serving: Del Pino/La Serna)  game: 30-30
2026-02-26T20:28:25.670Z [ODDS] (serving: Del Pino/La Serna)  Carou/Kestelboim: 1/3 → 4/9, Del Pino/La Serna: 9/4 → 13/8
2026-02-26T20:28:25.670Z [EVENT] (serving: Del Pino/La Serna)  game: 30-40
2026-02-26T20:28:52.279Z [ODDS] (serving: Carou/Kestelboim)  Carou/Kestelboim: 4/9 → 1/2, Del Pino/La Serna: 13/8 → 6/4
2026-02-26T20:28:52.279Z [EVENT] (serving: Carou/Kestelboim)  sets: 6-2,3-6,0-0, game: 0-0, serving: P1
2026-02-26T20:31:19.310Z [ODDS] (serving: Del Pino/La Serna)  Carou/Kestelboim: 1/2 → 4/11, Del Pino/La Serna: 6/4 → 2/1
2026-02-26T20:31:19.310Z [EVENT] (serving: Del Pino/La Serna)  game: 1-0, serving: P2
2026-02-26T20:32:06.213Z [ODDS] (serving: Del Pino/La Serna)  Carou/Kestelboim: 4/11 → 1/5, Del Pino/La Serna: 2/1 → 10/3
2026-02-26T20:32:06.214Z [EVENT] (serving: Del Pino/La Serna)  game: 2-0
2026-02-26T20:32:46.350Z [ODDS] (serving: Carou/Kestelboim)  Carou/Kestelboim: 1/5 → 1/10, Del Pino/La Serna: 10/3 → 6/1
2026-02-26T20:32:46.350Z [EVENT] (serving: Carou/Kestelboim)  game: 3-0, serving: P1
2026-02-26T20:33:23.336Z [ODDS] (serving: Carou/Kestelboim)  Carou/Kestelboim: 1/10 → 1/16, Del Pino/La Serna: 6/1 → 9/1
2026-02-26T20:33:23.336Z [EVENT] (serving: Carou/Kestelboim)  game: 4-0
2026-02-26T20:33:53.553Z [ODDS] (serving: Del Pino/La Serna)  Carou/Kestelboim: 1/16 → 1/33, Del Pino/La Serna: 9/1 → 14/1
2026-02-26T20:33:53.553Z [EVENT] (serving: Del Pino/La Serna)  game: 5-0, serving: P2
2026-02-26T20:34:37.751Z [ODDS] (serving: Del Pino/La Serna)  Carou/Kestelboim: 1/33 → 1/20, Del Pino/La Serna: 14/1 → 10/1
2026-02-26T20:34:37.751Z [EVENT] (serving: Del Pino/La Serna)  game: 5-1
2026-02-26T20:35:01.265Z [ODDS] (serving: Carou/Kestelboim)  Carou/Kestelboim: 1/20 → 1/12, Del Pino/La Serna: 10/1 → 7/1
2026-02-26T20:35:01.265Z [EVENT] (serving: Carou/Kestelboim)  game: 5-2, serving: P1
2026-02-26T20:35:29.170Z [ODDS] (serving: Carou/Kestelboim)  Carou/Kestelboim: 1/12 → 1/10, Del Pino/La Serna: 7/1 → 6/1
2026-02-26T20:35:41.799Z [ODDS] (serving: Carou/Kestelboim)  Carou/Kestelboim: 1/10 → 1/25, Del Pino/La Serna: 6/1 → 12/1
2026-02-26T20:35:41.799Z [EVENT] (serving: Carou/Kestelboim)  game: 6-2
2026-02-26T20:36:12.011Z [ODDS] (serving: Del Pino/La Serna)  Carou/Kestelboim: 1/25 → 1/66, Del Pino/La Serna: 12/1 → 20/1
2026-02-26T20:36:12.011Z [EVENT] (serving: Del Pino/La Serna)  game: 7-2, serving: P2
2026-02-26T20:36:36.364Z [ODDS] (serving: Del Pino/La Serna)  Carou/Kestelboim: 1/66 → 1/80, Del Pino/La Serna: 20/1 → 22/1
2026-02-26T20:36:53.958Z [ODDS] (serving: Del Pino/La Serna)  Carou/Kestelboim: 1/80 → 1/33, Del Pino/La Serna: 22/1 → 14/1
2026-02-26T20:36:53.958Z [EVENT] (serving: Del Pino/La Serna)  game: 7-3
2026-02-26T20:37:12.446Z [ODDS] (serving: Del Pino/La Serna)  Carou/Kestelboim: 1/33 → 1/40, Del Pino/La Serna: 14/1 → 16/1
2026-02-26T20:37:25.528Z [ODDS] (serving: Carou/Kestelboim)  Carou/Kestelboim: 1/40 → 1/20, Del Pino/La Serna: 16/1 → 10/1
2026-02-26T20:37:25.528Z [EVENT] (serving: Carou/Kestelboim)  game: 7-4, serving: P1
2026-02-26T20:37:58.900Z [ODDS] (serving: Carou/Kestelboim)  Carou/Kestelboim: 1/20 → 1/14, Del Pino/La Serna: 10/1 → 8/1
2026-02-26T20:38:20.691Z [ODDS] (serving: Carou/Kestelboim)  Carou/Kestelboim: 1/14 → 1/7, Del Pino/La Serna: 8/1 → 9/2
2026-02-26T20:38:20.691Z [EVENT] (serving: Carou/Kestelboim)  game: 7-5
2026-02-26T20:39:13.463Z [ODDS] (serving: Carou/Kestelboim)  Carou/Kestelboim: 1/7 → 2/11, Del Pino/La Serna: 9/2 → 7/2
2026-02-26T20:39:28.343Z [ODDS] (serving: Del Pino/La Serna)  Carou/Kestelboim: 2/11 → 1/3, Del Pino/La Serna: 7/2 → 9/4
2026-02-26T20:39:28.343Z [EVENT] (serving: Del Pino/La Serna)  game: 7-6, serving: P2
2026-02-26T20:40:13.911Z [ODDS] (serving: Del Pino/La Serna)  Carou/Kestelboim: 1/3 → 1/9, Del Pino/La Serna: 9/4 → 11/2
2026-02-26T20:40:13.911Z [EVENT] (serving: Del Pino/La Serna)  game: 8-6
2026-02-26T20:40:39.605Z [ODDS] (serving: Del Pino/La Serna)  Carou/Kestelboim: 1/9 → 1/12, Del Pino/La Serna: 11/2 → 7/1
2026-02-26T20:40:48.624Z [ODDS] (serving: Carou/Kestelboim)  Carou/Kestelboim: 1/12 → 1/66, Del Pino/La Serna: 7/1 → 20/1
2026-02-26T20:40:48.624Z [EVENT] (serving: Carou/Kestelboim)  game: 9-6, serving: P1
2026-02-26T20:41:20.644Z [ODDS] (serving: Carou/Kestelboim)  Carou/Kestelboim: 1/66 → 0/0, Del Pino/La Serna: 20/1 → 0/0
2026-02-26T20:41:20.645Z [EVENT] (serving: Carou/Kestelboim)  sets: 6-2,3-6,1-0, game: 0-0
