2026-02-27T02:08:49.695Z [ODDS] (serving: Terence Atmane)  Miomir Kecmanovic: 4/7 → 8/13, Terence Atmane: 11/8 → 13/10
2026-02-27T02:08:49.696Z [EVENT] (serving: Terence Atmane)  game: 15-30
2026-02-27T02:09:13.147Z [ODDS] (serving: Terence Atmane)  Miomir Kecmanovic: 8/13 → 4/6, Terence Atmane: 13/10 → 6/5
2026-02-27T02:09:13.147Z [EVENT] (serving: Terence Atmane)  game: 15-40
2026-02-27T02:09:34.344Z [ODDS] (serving: Miomir Kecmanovic)  Miomir Kecmanovic: 4/6 → 8/11, Terence Atmane: 6/5 → 11/10
2026-02-27T02:09:34.344Z [EVENT] (serving: Miomir Kecmanovic)  sets: 0-1, game: 0-0, serving: P1
2026-02-27T02:10:50.566Z [ODDS] (serving: Miomir Kecmanovic)  Miomir Kecmanovic: 8/11 → 4/6, Terence Atmane: 11/10 → 6/5
2026-02-27T02:10:50.566Z [EVENT] (serving: Miomir Kecmanovic)  game: 15-0
2026-02-27T02:11:17.626Z [ODDS] (serving: Miomir Kecmanovic)  Miomir Kecmanovic: 4/6 → 8/13, Terence Atmane: 6/5 → 13/10
2026-02-27T02:11:17.626Z [EVENT] (serving: Miomir Kecmanovic)  game: 30-0
2026-02-27T02:11:44.235Z [ODDS] (serving: Miomir Kecmanovic)  Miomir Kecmanovic: 8/13 → 4/7, Terence Atmane: 13/10 → 11/8
2026-02-27T02:11:44.235Z [EVENT] (serving: Miomir Kecmanovic)  game: 40-0
2026-02-27T02:12:07.687Z [ODDS] (serving: Miomir Kecmanovic)  Miomir Kecmanovic: 4/7 → 8/15, Terence Atmane: 11/8 → 6/4
2026-02-27T02:12:16.707Z [EVENT] (serving: Terence Atmane)  sets: 1-1, game: 0-0, serving: P2
2026-02-27T02:13:07.671Z [ODDS] (serving: Terence Atmane)  Miomir Kecmanovic: 8/15 → 4/9, Terence Atmane: 6/4 → 7/4
2026-02-27T02:13:07.671Z [EVENT] (serving: Terence Atmane)  game: 15-0
2026-02-27T02:13:42.398Z [ODDS] (serving: Terence Atmane)  Miomir Kecmanovic: 4/9 → 1/2, Terence Atmane: 7/4 → 13/8
2026-02-27T02:13:42.398Z [EVENT] (serving: Terence Atmane)  game: 15-15
2026-02-27T02:14:25.693Z [ODDS] (serving: Terence Atmane)  Miomir Kecmanovic: 1/2 → 4/9, Terence Atmane: 13/8 → 7/4
2026-02-27T02:14:25.693Z [EVENT] (serving: Terence Atmane)  game: 30-15
2026-02-27T02:14:54.111Z [ODDS] (serving: Terence Atmane)  Miomir Kecmanovic: 4/9 → 1/2, Terence Atmane: 7/4 → 13/8
2026-02-27T02:14:54.111Z [EVENT] (serving: Terence Atmane)  game: 30-30
2026-02-27T02:15:19.367Z [ODDS] (serving: Terence Atmane)  Miomir Kecmanovic: 1/2 → 4/7, Terence Atmane: 13/8 → 11/8
2026-02-27T02:15:19.367Z [EVENT] (serving: Terence Atmane)  game: 30-40
2026-02-27T02:15:51.388Z [ODDS] (serving: Miomir Kecmanovic)  Miomir Kecmanovic: 4/7 → 8/13, Terence Atmane: 11/8 → 13/10
2026-02-27T02:15:51.388Z [EVENT] (serving: Miomir Kecmanovic)  sets: 1-2, game: 0-0, serving: P1
2026-02-27T02:17:56.314Z [ODDS] (serving: Miomir Kecmanovic)  Miomir Kecmanovic: 8/13 → 4/6, Terence Atmane: 13/10 → 6/5
2026-02-27T02:17:56.314Z [EVENT] (serving: Miomir Kecmanovic)  game: 0-15
2026-02-27T02:18:31.041Z [ODDS] (serving: Miomir Kecmanovic)  Miomir Kecmanovic: 4/6 → 8/13, Terence Atmane: 6/5 → 13/10
2026-02-27T02:18:31.041Z [EVENT] (serving: Miomir Kecmanovic)  game: 15-15
2026-02-27T02:18:48.635Z [ODDS] (serving: Miomir Kecmanovic)  Miomir Kecmanovic: 8/13 → 4/7, Terence Atmane: 13/10 → 11/8
2026-02-27T02:18:48.635Z [EVENT] (serving: Miomir Kecmanovic)  game: 30-15
2026-02-27T02:19:11.182Z [ODDS] (serving: Miomir Kecmanovic)  Miomir Kecmanovic: 4/7 → 8/15, Terence Atmane: 11/8 → 6/4
2026-02-27T02:19:11.182Z [EVENT] (serving: Miomir Kecmanovic)  game: 40-15
2026-02-27T02:19:37.792Z [ODDS] (serving: Terence Atmane)  Miomir Kecmanovic: 8/15 → 1/2, Terence Atmane: 6/4 → 13/8
2026-02-27T02:19:37.792Z [EVENT] (serving: Terence Atmane)  sets: 2-2, game: 0-0, serving: P2
2026-02-27T02:20:21.541Z [ODDS] (serving: Terence Atmane)  Miomir Kecmanovic: 1/2 → 4/7, Terence Atmane: 13/8 → 11/8
2026-02-27T02:20:21.541Z [EVENT] (serving: Terence Atmane)  game: 0-15
2026-02-27T02:20:41.385Z [ODDS] (serving: Terence Atmane)  Miomir Kecmanovic: 4/7 → 8/13, Terence Atmane: 11/8 → 13/10
2026-02-27T02:20:41.385Z [EVENT] (serving: Terence Atmane)  game: 0-30
2026-02-27T02:21:09.801Z [EVENT] (serving: Terence Atmane)  game: 0-40
2026-02-27T02:21:38.214Z [EVENT] (serving: Terence Atmane)  game: 15-40
2026-02-27T02:22:17.453Z [ODDS] (serving: Terence Atmane)  Miomir Kecmanovic: 8/13 → 4/7, Terence Atmane: 13/10 → 11/8
2026-02-27T02:22:30.151Z [ODDS] (serving: Terence Atmane)  Miomir Kecmanovic: 4/7 → 8/15, Terence Atmane: 11/8 → 6/4
2026-02-27T02:22:30.151Z [EVENT] (serving: Terence Atmane)  game: 30-40
2026-02-27T02:22:59.395Z [ODDS] (serving: Terence Atmane)  Miomir Kecmanovic: 8/15 → 4/9, Terence Atmane: 6/4 → 7/4
2026-02-27T02:22:59.395Z [EVENT] (serving: Terence Atmane)  game: 40-40
2026-02-27T02:23:40.887Z [ODDS] (serving: Terence Atmane)  Miomir Kecmanovic: 4/9 → 8/15, Terence Atmane: 7/4 → 6/4
2026-02-27T02:23:40.887Z [EVENT] (serving: Terence Atmane)  game: 40-A
2026-02-27T02:24:16.066Z [ODDS] (serving: Miomir Kecmanovic)  Miomir Kecmanovic: 8/15 → 4/7, Terence Atmane: 6/4 → 11/8
2026-02-27T02:24:16.066Z [EVENT] (serving: Miomir Kecmanovic)  sets: 2-3, game: 0-0, serving: P1
2026-02-27T02:26:34.527Z [ODDS] (serving: Miomir Kecmanovic)  Miomir Kecmanovic: 4/7 → 4/6, Terence Atmane: 11/8 → 6/5
2026-02-27T02:26:34.527Z [EVENT] (serving: Miomir Kecmanovic)  game: 0-15
2026-02-27T02:27:07.902Z [ODDS] (serving: Miomir Kecmanovic)  Miomir Kecmanovic: 4/6 → 8/13, Terence Atmane: 6/5 → 13/10
2026-02-27T02:27:07.902Z [EVENT] (serving: Miomir Kecmanovic)  game: 15-15
2026-02-27T02:27:34.962Z [ODDS] (serving: Miomir Kecmanovic)  Miomir Kecmanovic: 8/13 → 4/7, Terence Atmane: 13/10 → 11/8
2026-02-27T02:27:34.962Z [EVENT] (serving: Miomir Kecmanovic)  game: 30-15
2026-02-27T02:27:58.415Z [ODDS] (serving: Miomir Kecmanovic)  Miomir Kecmanovic: 4/7 → 1/2, Terence Atmane: 11/8 → 13/8
2026-02-27T02:27:58.415Z [EVENT] (serving: Miomir Kecmanovic)  game: 40-15
2026-02-27T02:28:18.262Z [EVENT] (serving: Terence Atmane)  sets: 3-3, game: 0-0, serving: P2
2026-02-27T02:29:16.895Z [ODDS] (serving: Terence Atmane)  Miomir Kecmanovic: 1/2 → 4/9, Terence Atmane: 13/8 → 7/4
2026-02-27T02:29:16.895Z [EVENT] (serving: Terence Atmane)  game: 15-0
2026-02-27T02:29:50.716Z [ODDS] (serving: Terence Atmane)  Miomir Kecmanovic: 4/9 → 2/5, Terence Atmane: 7/4 → 2/1
2026-02-27T02:30:06.051Z [ODDS] (serving: Terence Atmane)  Miomir Kecmanovic: 2/5 → 1/3, Terence Atmane: 2/1 → 12/5
2026-02-27T02:30:06.051Z [EVENT] (serving: Terence Atmane)  game: 30-0
2026-02-27T02:30:52.060Z [ODDS] (serving: Terence Atmane)  Miomir Kecmanovic: 1/3 → 2/7, Terence Atmane: 12/5 → 11/4
2026-02-27T02:30:52.060Z [EVENT] (serving: Terence Atmane)  game: 40-0
2026-02-27T02:31:20.021Z [ODDS] (serving: Terence Atmane)  Miomir Kecmanovic: 2/7 → 3/10, Terence Atmane: 11/4 → 5/2
2026-02-27T02:31:20.022Z [EVENT] (serving: Terence Atmane)  game: 40-15
2026-02-27T02:31:48.886Z [ODDS] (serving: Terence Atmane)  Miomir Kecmanovic: 3/10 → 4/11, Terence Atmane: 5/2 → 11/5
2026-02-27T02:31:48.886Z [EVENT] (serving: Terence Atmane)  game: 40-30
2026-02-27T02:32:33.536Z [ODDS] (serving: Miomir Kecmanovic)  Miomir Kecmanovic: 4/11 → 1/4, Terence Atmane: 11/5 → 3/1
2026-02-27T02:32:33.536Z [EVENT] (serving: Miomir Kecmanovic)  sets: 4-3, game: 0-0, serving: P1
2026-02-27T02:32:54.733Z [ODDS] (serving: Miomir Kecmanovic)  Miomir Kecmanovic: 1/4 → 2/9, Terence Atmane: 3/1 → 10/3
2026-02-27T02:32:56.086Z [ODDS] (serving: Miomir Kecmanovic)  Miomir Kecmanovic: 2/9 → 1/5, Terence Atmane: 10/3 → 7/2
2026-02-27T02:34:41.170Z [ODDS] (serving: Miomir Kecmanovic)  Miomir Kecmanovic: 1/5 → 1/6, Terence Atmane: 7/2 → 4/1
2026-02-27T02:34:41.170Z [EVENT] (serving: Miomir Kecmanovic)  game: 15-0
2026-02-27T02:34:58.759Z [EVENT] (serving: Miomir Kecmanovic)  game: 30-0
2026-02-27T02:35:17.250Z [ODDS] (serving: Miomir Kecmanovic)  Miomir Kecmanovic: 1/6 → 1/7, Terence Atmane: 4/1 → 9/2
2026-02-27T02:35:17.250Z [EVENT] (serving: Miomir Kecmanovic)  game: 40-0
2026-02-27T02:35:59.644Z [EVENT] (serving: Terence Atmane)  sets: 5-3, game: 0-0, serving: P2
2026-02-27T02:36:31.669Z [ODDS] (serving: Terence Atmane)  Miomir Kecmanovic: 1/7 → 1/6, Terence Atmane: 9/2 → 4/1
2026-02-27T02:36:31.669Z [EVENT] (serving: Terence Atmane)  game: 0-15
2026-02-27T02:36:47.905Z [ODDS] (serving: Terence Atmane)  Miomir Kecmanovic: 1/6 → 1/7, Terence Atmane: 4/1 → 9/2
2026-02-27T02:37:03.691Z [EVENT] (serving: Terence Atmane)  game: 15-15
2026-02-27T02:37:57.811Z [EVENT] (serving: Terence Atmane)  game: 15-30
2026-02-27T02:38:41.055Z [EVENT] (serving: Terence Atmane)  game: 30-30
2026-02-27T02:39:05.408Z [EVENT] (serving: Terence Atmane)  game: 30-40
2026-02-27T02:39:32.920Z [EVENT] (serving: Terence Atmane)  game: 40-40
2026-02-27T02:40:01.784Z [ODDS] (serving: Terence Atmane)  Miomir Kecmanovic: 1/7 → 1/8, Terence Atmane: 9/2 → 5/1
2026-02-27T02:40:18.472Z [ODDS] (serving: Terence Atmane)  Miomir Kecmanovic: 1/8 → 1/9, Terence Atmane: 5/1 → 11/2
2026-02-27T02:40:18.472Z [EVENT] (serving: Terence Atmane)  game: A-40
2026-02-27T02:40:41.021Z [ODDS] (serving: Miomir Kecmanovic)  Miomir Kecmanovic: 1/9 → 1/10, Terence Atmane: 11/2 → 6/1
2026-02-27T02:40:41.021Z [EVENT] (serving: Miomir Kecmanovic)  sets: 6-3,0-0, game: 0-0, serving: P1
2026-02-27T02:43:22.933Z [ODDS] (serving: Miomir Kecmanovic)  Miomir Kecmanovic: 1/10 → 1/9, Terence Atmane: 6/1 → 11/2
2026-02-27T02:43:22.933Z [EVENT] (serving: Miomir Kecmanovic)  game: 0-15
2026-02-27T02:43:45.483Z [ODDS] (serving: Miomir Kecmanovic)  Miomir Kecmanovic: 1/9 → 1/8, Terence Atmane: 11/2 → 5/1
2026-02-27T02:44:01.270Z [ODDS] (serving: Miomir Kecmanovic)  Miomir Kecmanovic: 1/8 → 1/10, Terence Atmane: 5/1 → 6/1
2026-02-27T02:44:01.270Z [EVENT] (serving: Miomir Kecmanovic)  game: 15-15
2026-02-27T02:44:25.623Z [ODDS] (serving: Miomir Kecmanovic)  Miomir Kecmanovic: 1/10 → 1/12, Terence Atmane: 6/1 → 7/1
2026-02-27T02:44:25.623Z [EVENT] (serving: Miomir Kecmanovic)  game: 30-15
2026-02-27T02:44:55.843Z [EVENT] (serving: Miomir Kecmanovic)  game: 40-15
2026-02-27T02:45:17.042Z [ODDS] (serving: Terence Atmane)  Miomir Kecmanovic: 1/12 → 1/14, Terence Atmane: 7/1 → 8/1
2026-02-27T02:45:17.042Z [EVENT] (serving: Terence Atmane)  sets: 6-3,1-0, game: 0-0, serving: P2
2026-02-27T02:46:33.718Z [ODDS] (serving: Terence Atmane)  Miomir Kecmanovic: 1/14 → 1/16, Terence Atmane: 8/1 → 9/1
2026-02-27T02:46:33.718Z [EVENT] (serving: Terence Atmane)  game: 15-0
2026-02-27T02:47:17.471Z [ODDS] (serving: Terence Atmane)  Miomir Kecmanovic: 1/16 → 1/20, Terence Atmane: 9/1 → 10/1
2026-02-27T02:47:17.471Z [EVENT] (serving: Terence Atmane)  game: 30-0
2026-02-27T02:47:39.118Z [ODDS] (serving: Terence Atmane)  Miomir Kecmanovic: 1/20 → 1/25, Terence Atmane: 10/1 → 12/1
2026-02-27T02:47:50.393Z [ODDS] (serving: Terence Atmane)  Miomir Kecmanovic: 1/25 → 1/33, Terence Atmane: 12/1 → 14/1
2026-02-27T02:47:50.393Z [EVENT] (serving: Terence Atmane)  game: 40-0
2026-02-27T02:48:34.140Z [ODDS] (serving: Terence Atmane)  Miomir Kecmanovic: 1/33 → 1/25, Terence Atmane: 14/1 → 12/1
2026-02-27T02:48:34.140Z [EVENT] (serving: Terence Atmane)  game: 40-15
2026-02-27T02:49:09.318Z [ODDS] (serving: Terence Atmane)  Miomir Kecmanovic: 1/25 → 1/20, Terence Atmane: 12/1 → 10/1
2026-02-27T02:49:09.318Z [EVENT] (serving: Terence Atmane)  game: 40-30
2026-02-27T02:50:07.045Z [ODDS] (serving: Terence Atmane)  Miomir Kecmanovic: 1/20 → 1/14, Terence Atmane: 10/1 → 8/1
2026-02-27T02:50:07.045Z [EVENT] (serving: Terence Atmane)  game: 40-40
2026-02-27T02:50:28.244Z [ODDS] (serving: Terence Atmane)  Miomir Kecmanovic: 1/14 → 1/16, Terence Atmane: 8/1 → 9/1
2026-02-27T02:50:44.929Z [ODDS] (serving: Terence Atmane)  Miomir Kecmanovic: 1/16 → 1/12, Terence Atmane: 9/1 → 7/1
2026-02-27T02:50:44.929Z [EVENT] (serving: Terence Atmane)  game: 40-A
2026-02-27T02:51:15.152Z [ODDS] (serving: Terence Atmane)  Miomir Kecmanovic: 1/12 → 1/14, Terence Atmane: 7/1 → 8/1
2026-02-27T02:51:15.152Z [EVENT] (serving: Terence Atmane)  game: 40-40
2026-02-27T02:51:45.372Z [ODDS] (serving: Terence Atmane)  Miomir Kecmanovic: 1/14 → 1/16, Terence Atmane: 8/1 → 9/1
2026-02-27T02:52:05.668Z [ODDS] (serving: Terence Atmane)  Miomir Kecmanovic: 1/16 → 1/12, Terence Atmane: 9/1 → 7/1
2026-02-27T02:52:05.668Z [EVENT] (serving: Terence Atmane)  game: 40-A
2026-02-27T02:52:40.884Z [ODDS] (serving: Miomir Kecmanovic)  Miomir Kecmanovic: 1/12 → 1/10, Terence Atmane: 7/1 → 6/1
2026-02-27T02:52:40.884Z [EVENT] (serving: Miomir Kecmanovic)  sets: 6-3,1-1, game: 0-0, serving: P1
2026-02-27T02:53:41.301Z [ODDS] (serving: Miomir Kecmanovic)  Miomir Kecmanovic: 1/10 → 1/12, Terence Atmane: 6/1 → 7/1
2026-02-27T02:53:41.301Z [EVENT] (serving: Miomir Kecmanovic)  game: 15-0
2026-02-27T02:54:29.087Z [ODDS] (serving: Miomir Kecmanovic)  Miomir Kecmanovic: 1/12 → 1/14, Terence Atmane: 7/1 → 8/1
2026-02-27T02:54:29.087Z [EVENT] (serving: Miomir Kecmanovic)  game: 30-0
2026-02-27T02:55:07.010Z [EVENT] (serving: Miomir Kecmanovic)  game: 40-0
2026-02-27T02:55:55.232Z [EVENT] (serving: Miomir Kecmanovic)  game: 40-15
2026-02-27T02:56:24.543Z [EVENT] (serving: Terence Atmane)  sets: 6-3,2-1, game: 0-0, serving: P2
2026-02-27T03:02:30.375Z [ODDS] (serving: Terence Atmane)  Miomir Kecmanovic: 1/14 → 1/12, Terence Atmane: 8/1 → 7/1
2026-02-27T03:02:30.375Z [EVENT] (serving: Terence Atmane)  game: 0-15
2026-02-27T03:03:00.082Z [ODDS] (serving: Terence Atmane)  Miomir Kecmanovic: 1/12 → 1/16, Terence Atmane: 7/1 → 9/1
2026-02-27T03:03:00.083Z [EVENT] (serving: Terence Atmane)  game: 15-15
2026-02-27T03:03:38.417Z [ODDS] (serving: Terence Atmane)  Miomir Kecmanovic: 1/16 → 1/12, Terence Atmane: 9/1 → 7/1
2026-02-27T03:03:38.417Z [EVENT] (serving: Terence Atmane)  game: 15-30
2026-02-27T03:04:15.399Z [ODDS] (serving: Terence Atmane)  Miomir Kecmanovic: 1/12 → 1/16, Terence Atmane: 7/1 → 9/1
2026-02-27T03:04:15.399Z [EVENT] (serving: Terence Atmane)  game: 30-30
2026-02-27T03:04:47.422Z [ODDS] (serving: Terence Atmane)  Miomir Kecmanovic: 1/16 → 1/12, Terence Atmane: 9/1 → 7/1
2026-02-27T03:04:47.422Z [EVENT] (serving: Terence Atmane)  game: 30-40
2026-02-27T03:05:05.547Z [ODDS] (serving: Terence Atmane)  Miomir Kecmanovic: 1/12 → 1/16, Terence Atmane: 7/1 → 9/1
2026-02-27T03:05:05.547Z [EVENT] (serving: Terence Atmane)  game: 40-40
2026-02-27T03:05:49.661Z [ODDS] (serving: Terence Atmane)  Miomir Kecmanovic: 1/16 → 1/12, Terence Atmane: 9/1 → 7/1
2026-02-27T03:05:49.661Z [EVENT] (serving: Terence Atmane)  game: 40-A
2026-02-27T03:06:28.897Z [ODDS] (serving: Terence Atmane)  Miomir Kecmanovic: 1/12 → 1/16, Terence Atmane: 7/1 → 9/1
2026-02-27T03:06:28.898Z [EVENT] (serving: Terence Atmane)  game: 40-40
2026-02-27T03:07:05.938Z [ODDS] (serving: Terence Atmane)  Miomir Kecmanovic: 1/16 → 1/25, Terence Atmane: 9/1 → 12/1
2026-02-27T03:07:05.946Z [EVENT] (serving: Terence Atmane)  game: A-40
2026-02-27T03:07:36.100Z [ODDS] (serving: Terence Atmane)  Miomir Kecmanovic: 1/25 → 1/16, Terence Atmane: 12/1 → 9/1
2026-02-27T03:07:36.100Z [EVENT] (serving: Terence Atmane)  game: 40-40
2026-02-27T03:08:03.623Z [ODDS] (serving: Terence Atmane)  Miomir Kecmanovic: 1/16 → 1/20, Terence Atmane: 9/1 → 10/1
2026-02-27T03:08:18.946Z [ODDS] (serving: Terence Atmane)  Miomir Kecmanovic: 1/20 → 1/14, Terence Atmane: 10/1 → 8/1
2026-02-27T03:08:18.946Z [EVENT] (serving: Terence Atmane)  game: 40-A
2026-02-27T03:08:56.469Z [ODDS] (serving: Terence Atmane)  Miomir Kecmanovic: 1/14 → 1/16, Terence Atmane: 8/1 → 9/1
2026-02-27T03:08:56.469Z [EVENT] (serving: Terence Atmane)  game: 40-40
2026-02-27T03:09:32.102Z [ODDS] (serving: Terence Atmane)  Miomir Kecmanovic: 1/16 → 1/20, Terence Atmane: 9/1 → 10/1
2026-02-27T03:09:56.908Z [ODDS] (serving: Terence Atmane)  Miomir Kecmanovic: 1/20 → 1/25, Terence Atmane: 10/1 → 12/1
2026-02-27T03:09:56.908Z [EVENT] (serving: Terence Atmane)  game: A-40
2026-02-27T03:10:35.795Z [ODDS] (serving: Terence Atmane)  Miomir Kecmanovic: 1/25 → 1/20, Terence Atmane: 12/1 → 10/1
2026-02-27T03:10:35.795Z [EVENT] (serving: Terence Atmane)  game: 40-40
2026-02-27T03:11:18.205Z [ODDS] (serving: Terence Atmane)  Miomir Kecmanovic: 1/20 → 1/25, Terence Atmane: 10/1 → 12/1
2026-02-27T03:11:18.205Z [EVENT] (serving: Terence Atmane)  game: A-40
2026-02-27T03:11:52.468Z [ODDS] (serving: Terence Atmane)  Miomir Kecmanovic: 1/25 → 1/20, Terence Atmane: 12/1 → 10/1
2026-02-27T03:11:52.468Z [EVENT] (serving: Terence Atmane)  game: 40-40
2026-02-27T03:12:39.821Z [ODDS] (serving: Terence Atmane)  Miomir Kecmanovic: 1/20 → 1/14, Terence Atmane: 10/1 → 8/1
2026-02-27T03:12:39.821Z [EVENT] (serving: Terence Atmane)  game: 40-A
2026-02-27T03:13:10.940Z [ODDS] (serving: Terence Atmane)  Miomir Kecmanovic: 1/14 → 1/20, Terence Atmane: 8/1 → 10/1
2026-02-27T03:13:10.940Z [EVENT] (serving: Terence Atmane)  game: 40-40
2026-02-27T03:13:56.949Z [ODDS] (serving: Terence Atmane)  Miomir Kecmanovic: 1/20 → 1/33, Terence Atmane: 10/1 → 14/1
2026-02-27T03:13:56.950Z [EVENT] (serving: Terence Atmane)  game: A-40
2026-02-27T03:14:33.023Z [ODDS] (serving: Miomir Kecmanovic)  Miomir Kecmanovic: 1/33 → 1/66, Terence Atmane: 14/1 → 20/1
2026-02-27T03:14:33.023Z [EVENT] (serving: Miomir Kecmanovic)  sets: 6-3,3-1, game: 0-0, serving: P1
2026-02-27T03:15:23.538Z [ODDS] (serving: Miomir Kecmanovic)  Miomir Kecmanovic: 1/66 → 1/80, Terence Atmane: 20/1 → 22/1
2026-02-27T03:15:23.538Z [EVENT] (serving: Miomir Kecmanovic)  game: 15-0
2026-02-27T03:15:34.812Z [ODDS] (serving: Miomir Kecmanovic)  Miomir Kecmanovic: 1/80 → 1/100, Terence Atmane: 22/1 → 25/1
2026-02-27T03:15:48.794Z [ODDS] (serving: Miomir Kecmanovic)  Miomir Kecmanovic: 1/100 → 1/80, Terence Atmane: 25/1 → 22/1
2026-02-27T03:16:12.720Z [ODDS] (serving: Miomir Kecmanovic)  Miomir Kecmanovic: 1/80 → 1/66, Terence Atmane: 22/1 → 20/1
2026-02-27T03:16:12.720Z [EVENT] (serving: Miomir Kecmanovic)  game: 15-15
2026-02-27T03:16:46.527Z [ODDS] (serving: Miomir Kecmanovic)  Miomir Kecmanovic: 1/66 → 1/40, Terence Atmane: 20/1 → 16/1
2026-02-27T03:16:46.527Z [EVENT] (serving: Miomir Kecmanovic)  game: 15-30
2026-02-27T03:17:15.392Z [ODDS] (serving: Miomir Kecmanovic)  Miomir Kecmanovic: 1/40 → 1/50, Terence Atmane: 16/1 → 18/1
2026-02-27T03:17:15.392Z [EVENT] (serving: Miomir Kecmanovic)  game: 30-30
2026-02-27T03:17:53.276Z [ODDS] (serving: Miomir Kecmanovic)  Miomir Kecmanovic: 1/50 → 1/33, Terence Atmane: 18/1 → 14/1
2026-02-27T03:17:53.276Z [EVENT] (serving: Miomir Kecmanovic)  game: 30-40
2026-02-27T03:18:21.238Z [ODDS] (serving: Miomir Kecmanovic)  Miomir Kecmanovic: 1/33 → 1/25, Terence Atmane: 14/1 → 12/1
2026-02-27T03:18:43.338Z [ODDS] (serving: Terence Atmane)  Miomir Kecmanovic: 1/25 → 1/16, Terence Atmane: 12/1 → 9/1
2026-02-27T03:18:43.338Z [EVENT] (serving: Terence Atmane)  sets: 6-3,3-2, game: 0-0, serving: P2
2026-02-27T03:21:04.955Z [ODDS] (serving: Terence Atmane)  Miomir Kecmanovic: 1/16 → 1/14, Terence Atmane: 9/1 → 8/1
2026-02-27T03:21:04.955Z [EVENT] (serving: Terence Atmane)  game: 0-15
2026-02-27T03:21:39.681Z [ODDS] (serving: Terence Atmane)  Miomir Kecmanovic: 1/14 → 1/16, Terence Atmane: 8/1 → 9/1
2026-02-27T03:21:39.681Z [EVENT] (serving: Terence Atmane)  game: 15-15
2026-02-27T03:22:13.965Z [ODDS] (serving: Terence Atmane)  Miomir Kecmanovic: 1/16 → 1/25, Terence Atmane: 9/1 → 12/1
2026-02-27T03:22:13.965Z [EVENT] (serving: Terence Atmane)  game: 30-15
2026-02-27T03:22:55.001Z [ODDS] (serving: Terence Atmane)  Miomir Kecmanovic: 1/25 → 1/40, Terence Atmane: 12/1 → 16/1
2026-02-27T03:22:55.001Z [EVENT] (serving: Terence Atmane)  game: 40-15
2026-02-27T03:23:49.648Z [ODDS] (serving: Terence Atmane)  Miomir Kecmanovic: 1/40 → 1/33, Terence Atmane: 16/1 → 14/1
2026-02-27T03:23:49.649Z [EVENT] (serving: Terence Atmane)  game: 40-30
2026-02-27T03:24:29.269Z [ODDS] (serving: Miomir Kecmanovic)  Miomir Kecmanovic: 1/33 → 1/80, Terence Atmane: 14/1 → 22/1
2026-02-27T03:24:29.273Z [EVENT] (serving: Miomir Kecmanovic)  sets: 6-3,4-2, game: 0-0, serving: P1
2026-02-27T03:25:09.851Z [ODDS] (serving: Miomir Kecmanovic)  Miomir Kecmanovic: 1/80 → 1/100, Terence Atmane: 22/1 → 25/1
2026-02-27T03:25:09.851Z [EVENT] (serving: Miomir Kecmanovic)  game: 15-0
2026-02-27T03:25:58.112Z [ODDS] (serving: Miomir Kecmanovic)  Miomir Kecmanovic: 1/100 → 1/150, Terence Atmane: 25/1 → 28/1
2026-02-27T03:25:58.112Z [EVENT] (serving: Miomir Kecmanovic)  game: 30-0
2026-02-27T03:26:34.642Z [ODDS] (serving: Miomir Kecmanovic)  Miomir Kecmanovic: 1/150 → 1/200, Terence Atmane: 28/1 → 33/1
2026-02-27T03:26:34.642Z [EVENT] (serving: Miomir Kecmanovic)  game: 40-0
2026-02-27T03:27:08.469Z [ODDS] (serving: Terence Atmane)  Miomir Kecmanovic: 1/200 → 1/250, Terence Atmane: 33/1 → 40/1
2026-02-27T03:27:08.469Z [EVENT] (serving: Terence Atmane)  sets: 6-3,5-2, game: 0-0, serving: P2
2026-02-27T03:29:41.494Z [ODDS] (serving: Terence Atmane)  Miomir Kecmanovic: 1/250 → 1/500, Terence Atmane: 40/1 → 50/1
2026-02-27T03:29:41.494Z [EVENT] (serving: Terence Atmane)  game: 15-0
2026-02-27T03:30:07.200Z [ODDS] (serving: Terence Atmane)  Miomir Kecmanovic: 1/500 → 1/250, Terence Atmane: 50/1 → 40/1
2026-02-27T03:30:07.200Z [EVENT] (serving: Terence Atmane)  game: 15-15
2026-02-27T03:30:53.653Z [ODDS] (serving: Terence Atmane)  Miomir Kecmanovic: 1/250 → 1/200, Terence Atmane: 40/1 → 33/1
2026-02-27T03:30:53.653Z [EVENT] (serving: Terence Atmane)  game: 15-30
2026-02-27T03:31:11.696Z [EVENT] (serving: Terence Atmane)  game: 15-40
2026-02-27T03:31:54.541Z [EVENT] (serving: Miomir Kecmanovic)  sets: 6-3,5-3, game: 0-0, serving: P1
2026-02-27T03:32:28.820Z [ODDS] (serving: Miomir Kecmanovic)  Miomir Kecmanovic: 1/200 → 1/500, Terence Atmane: 33/1 → 50/1
2026-02-27T03:32:28.820Z [EVENT] (serving: Miomir Kecmanovic)  game: 15-0
2026-02-27T03:32:44.604Z [ODDS] (serving: Miomir Kecmanovic)  Miomir Kecmanovic: 1/500 → 1/250, Terence Atmane: 50/1 → 40/1
2026-02-27T03:32:59.939Z [ODDS] (serving: Miomir Kecmanovic)  Miomir Kecmanovic: 1/250 → 1/1000, Terence Atmane: 40/1 → 100/1
2026-02-27T03:32:59.939Z [EVENT] (serving: Miomir Kecmanovic)  game: 30-0
2026-02-27T03:33:39.639Z [ODDS] (serving: Miomir Kecmanovic)  Miomir Kecmanovic: 1/1000 → 1/500, Terence Atmane: 100/1 → 50/1
2026-02-27T03:33:39.639Z [EVENT] (serving: Miomir Kecmanovic)  game: 30-15
2026-02-27T03:34:04.883Z [ODDS] (serving: Miomir Kecmanovic)  Miomir Kecmanovic: 1/500 → 1/1000, Terence Atmane: 50/1 → 100/1
2026-02-27T03:34:04.883Z [EVENT] (serving: Miomir Kecmanovic)  game: 40-15
2026-02-27T03:34:46.375Z [ODDS] (serving: Miomir Kecmanovic)  Miomir Kecmanovic: 1/1000 → 1/500, Terence Atmane: 100/1 → 50/1
2026-02-27T03:34:46.375Z [EVENT] (serving: Miomir Kecmanovic)  game: 40-30
2026-02-27T03:35:14.338Z [ODDS] (serving: Miomir Kecmanovic)  Miomir Kecmanovic: 1/500 → 1/250, Terence Atmane: 50/1 → 40/1
2026-02-27T03:35:27.416Z [ODDS] (serving: Miomir Kecmanovic)  Miomir Kecmanovic: 1/250 → 1/100, Terence Atmane: 40/1 → 25/1
2026-02-27T03:35:27.416Z [EVENT] (serving: Miomir Kecmanovic)  game: 40-40
2026-02-27T03:35:57.633Z [ODDS] (serving: Miomir Kecmanovic)  Miomir Kecmanovic: 1/100 → 1/80, Terence Atmane: 25/1 → 22/1
2026-02-27T03:36:08.008Z [ODDS] (serving: Miomir Kecmanovic)  Miomir Kecmanovic: 1/80 → 1/500, Terence Atmane: 22/1 → 50/1
2026-02-27T03:36:08.008Z [EVENT] (serving: Miomir Kecmanovic)  game: A-40
2026-02-27T03:36:43.188Z [ODDS] (serving: Miomir Kecmanovic)  Miomir Kecmanovic: 1/500 → 1/100, Terence Atmane: 50/1 → 25/1
2026-02-27T03:36:43.188Z [EVENT] (serving: Miomir Kecmanovic)  game: 40-40
