2026-02-26T19:47:15.326Z [ODDS]  Baxi Manresa U22: 5/6 → 4/5, Zaragoza U22: 5/6 → 20/23
2026-02-26T19:47:15.326Z [EVENT]  score: 45-29
2026-02-26T19:47:34.717Z [ODDS]  Baxi Manresa U22: 4/5 → 5/6, Zaragoza U22: 20/23 → 5/6
2026-02-26T19:47:36.078Z [ODDS]  Baxi Manresa U22: 5/6 → 4/5, Zaragoza U22: 5/6 → 20/23
2026-02-26T19:47:39.234Z [ODDS]  Baxi Manresa U22: 4/5 → 20/23, Zaragoza U22: 20/23 → 4/5
2026-02-26T19:48:43.727Z [ODDS]  Baxi Manresa U22: 20/23 → 5/6, Zaragoza U22: 4/5 → 5/6
2026-02-26T20:03:29.087Z [EVENT]  score: 45-31
2026-02-26T20:03:46.228Z [EVENT]  score: 47-31
2026-02-26T20:04:07.420Z [ODDS]  Baxi Manresa U22: 5/6 → 20/23, Zaragoza U22: 5/6 → 4/5
2026-02-26T20:04:10.189Z [ODDS]  Baxi Manresa U22: 20/23 → 5/6, Zaragoza U22: 4/5 → 5/6
2026-02-26T20:04:24.108Z [ODDS]  Baxi Manresa U22: 5/6 → 20/23, Zaragoza U22: 5/6 → 4/5
2026-02-26T20:04:47.561Z [ODDS]  Baxi Manresa U22: 20/23 → 5/6, Zaragoza U22: 4/5 → 5/6
2026-02-26T20:05:15.526Z [ODDS]  Baxi Manresa U22: 5/6 → 20/23, Zaragoza U22: 5/6 → 4/5
2026-02-26T20:05:38.074Z [ODDS]  Baxi Manresa U22: 20/23 → 5/6, Zaragoza U22: 4/5 → 5/6
2026-02-26T20:05:52.508Z [ODDS]  Baxi Manresa U22: 5/6 → 20/23, Zaragoza U22: 5/6 → 4/5
2026-02-26T20:06:31.742Z [ODDS]  Baxi Manresa U22: 20/23 → 5/6, Zaragoza U22: 4/5 → 5/6
2026-02-26T20:06:32.196Z [ODDS]  Baxi Manresa U22: 5/6 → 20/23, Zaragoza U22: 5/6 → 4/5
2026-02-26T20:06:47.530Z [ODDS]  Baxi Manresa U22: 20/23 → 5/6, Zaragoza U22: 4/5 → 5/6
2026-02-26T20:07:05.121Z [EVENT]  score: 47-32
2026-02-26T20:07:21.357Z [ODDS]  Baxi Manresa U22: 5/6 → 4/5, Zaragoza U22: 5/6 → 20/23
2026-02-26T20:07:21.357Z [EVENT]  score: 47-33
2026-02-26T20:07:47.063Z [ODDS]  Baxi Manresa U22: 4/5 → 5/6, Zaragoza U22: 20/23 → 5/6
2026-02-26T20:09:10.653Z [ODDS]  Baxi Manresa U22: 5/6 → 4/5, Zaragoza U22: 5/6 → 20/23
2026-02-26T20:09:23.735Z [ODDS]  Baxi Manresa U22: 4/5 → 20/23, Zaragoza U22: 20/23 → 4/5
2026-02-26T20:09:23.735Z [EVENT]  score: 47-34
2026-02-26T20:09:38.620Z [ODDS]  Baxi Manresa U22: 20/23 → 5/6, Zaragoza U22: 4/5 → 5/6
2026-02-26T20:09:38.620Z [EVENT]  score: 47-35
2026-02-26T20:10:14.247Z [ODDS]  Baxi Manresa U22: 5/6 → 20/23, Zaragoza U22: 5/6 → 4/5
2026-02-26T20:10:14.698Z [ODDS]  Baxi Manresa U22: 20/23 → 5/6, Zaragoza U22: 4/5 → 5/6
2026-02-26T20:10:22.812Z [EVENT]  score: 48-35
2026-02-26T20:10:35.905Z [ODDS]  Baxi Manresa U22: 5/6 → 4/5, Zaragoza U22: 5/6 → 20/23
2026-02-26T20:10:35.906Z [EVENT]  score: 49-35
2026-02-26T20:11:07.914Z [ODDS]  Baxi Manresa U22: 4/5 → 20/23, Zaragoza U22: 20/23 → 4/5
2026-02-26T20:11:15.595Z [ODDS]  Baxi Manresa U22: 20/23 → 4/5, Zaragoza U22: 4/5 → 20/23
2026-02-26T20:11:15.595Z [EVENT]  score: 49-37
2026-02-26T20:11:22.797Z [ODDS]  Baxi Manresa U22: 4/5 → 20/23, Zaragoza U22: 20/23 → 4/5
2026-02-26T20:11:22.797Z [EVENT]  score: 51-37
2026-02-26T20:11:59.786Z [ODDS]  Baxi Manresa U22: 20/23 → 5/6, Zaragoza U22: 4/5 → 5/6
2026-02-26T20:12:13.762Z [EVENT]  score: 51-38
2026-02-26T20:12:30.898Z [ODDS]  Baxi Manresa U22: 5/6 → 4/5, Zaragoza U22: 5/6 → 20/23
2026-02-26T20:12:32.252Z [ODDS]  Baxi Manresa U22: 4/5 → 5/6, Zaragoza U22: 20/23 → 5/6
2026-02-26T20:12:33.170Z [ODDS]  Baxi Manresa U22: 5/6 → 4/5, Zaragoza U22: 5/6 → 20/23
2026-02-26T20:12:33.170Z [EVENT]  score: 51-39
2026-02-26T20:12:41.274Z [ODDS]  Baxi Manresa U22: 4/5 → 20/23, Zaragoza U22: 20/23 → 4/5
2026-02-26T20:12:41.274Z [EVENT]  score: 53-39
2026-02-26T20:13:27.731Z [EVENT]  score: 55-39
2026-02-26T20:15:11.910Z [ODDS]  Baxi Manresa U22: 20/23 → 5/6, Zaragoza U22: 4/5 → 5/6, Baxi Manresa U22: 5/6 → 4/5, Zaragoza U22: 5/6 → 20/23
2026-02-26T20:15:11.910Z [ODDS]  Baxi Manresa U22: 4/5 → 5/6, Zaragoza U22: 20/23 → 5/6, Baxi Manresa U22: 5/6 → 4/5, Zaragoza U22: 5/6 → 20/23
2026-02-26T20:15:29.045Z [ODDS]  Baxi Manresa U22: 4/5 → 5/6, Zaragoza U22: 20/23 → 5/6
2026-02-26T20:15:29.045Z [EVENT]  score: 56-39
2026-02-26T20:15:59.273Z [EVENT]  score: 56-42
2026-02-26T20:16:35.799Z [ODDS]  Baxi Manresa U22: 5/6 → 20/23, Zaragoza U22: 5/6 → 4/5
2026-02-26T20:16:48.882Z [ODDS]  Baxi Manresa U22: 20/23 → 4/5, Zaragoza U22: 4/5 → 20/23
2026-02-26T20:17:02.866Z [ODDS]  Baxi Manresa U22: 4/5 → 5/6, Zaragoza U22: 20/23 → 5/6
2026-02-26T20:17:02.866Z [EVENT]  score: 57-42
2026-02-26T20:17:28.119Z [EVENT]  score: 57-45
2026-02-26T20:17:46.618Z [EVENT]  score: 59-45
2026-02-26T20:18:07.820Z [ODDS]  Baxi Manresa U22: 5/6 → 4/5, Zaragoza U22: 5/6 → 20/23
2026-02-26T20:18:08.275Z [ODDS]  Baxi Manresa U22: 4/5 → 5/6, Zaragoza U22: 20/23 → 5/6
2026-02-26T20:18:17.281Z [ODDS]  Baxi Manresa U22: 5/6 → 4/5, Zaragoza U22: 5/6 → 20/23
2026-02-26T20:18:47.950Z [ODDS]  Baxi Manresa U22: 4/5 → 20/23, Zaragoza U22: 20/23 → 4/5
2026-02-26T20:18:56.967Z [ODDS]  Baxi Manresa U22: 20/23 → 5/6, Zaragoza U22: 4/5 → 5/6
2026-02-26T20:18:56.968Z [EVENT]  score: 59-46
2026-02-26T20:19:10.950Z [EVENT]  score: 59-47
2026-02-26T20:19:29.440Z [ODDS]  Baxi Manresa U22: 5/6 → 4/5, Zaragoza U22: 5/6 → 20/23
2026-02-26T20:19:29.440Z [EVENT]  score: 61-47
2026-02-26T20:20:23.121Z [EVENT]  score: 61-49
2026-02-26T20:20:37.103Z [ODDS]  Baxi Manresa U22: 4/5 → 5/6, Zaragoza U22: 20/23 → 5/6
2026-02-26T20:20:50.182Z [ODDS]  Baxi Manresa U22: 5/6 → 4/5, Zaragoza U22: 5/6 → 20/23
2026-02-26T20:21:19.491Z [ODDS]  Baxi Manresa U22: 4/5 → 20/23, Zaragoza U22: 20/23 → 4/5
2026-02-26T20:21:30.308Z [ODDS]  Baxi Manresa U22: 20/23 → 5/6, Zaragoza U22: 4/5 → 5/6
2026-02-26T20:21:43.844Z [ODDS]  Baxi Manresa U22: 5/6 → 4/5
2026-02-26T20:21:44.300Z [ODDS]  Zaragoza U22: 5/6 → 20/23
2026-02-26T20:22:21.727Z [ODDS]  Baxi Manresa U22: 4/5 → 20/23, Zaragoza U22: 20/23 → 4/5
2026-02-26T20:23:16.297Z [ODDS]  Baxi Manresa U22: 20/23 → 4/5, Zaragoza U22: 4/5 → 20/23
2026-02-26T20:23:42.455Z [ODDS]  Baxi Manresa U22: 4/5 → 5/6, Zaragoza U22: 20/23 → 5/6
2026-02-26T20:23:53.293Z [ODDS]  Baxi Manresa U22: 5/6 → 20/23, Zaragoza U22: 5/6 → 4/5
2026-02-26T20:23:53.293Z [EVENT]  score: 62-49
2026-02-26T20:24:33.869Z [ODDS]  Baxi Manresa U22: 20/23 → 5/6, Zaragoza U22: 4/5 → 5/6
2026-02-26T20:25:11.289Z [ODDS]  Baxi Manresa U22: 5/6 → 20/23, Zaragoza U22: 5/6 → 4/5
2026-02-26T20:25:11.289Z [EVENT]  score: 62-51
2026-02-26T20:25:18.954Z [ODDS]  Baxi Manresa U22: 20/23 → 5/6, Zaragoza U22: 4/5 → 5/6
2026-02-26T20:25:38.345Z [EVENT]  score: 64-51
2026-02-26T20:25:44.666Z [ODDS]  Baxi Manresa U22: 5/6 → 4/5, Zaragoza U22: 5/6 → 20/23
2026-02-26T20:25:46.012Z [EVENT]  score: 64-54
2026-02-26T20:26:06.758Z [EVENT]  score: 64-51
2026-02-26T20:26:10.365Z [ODDS]  Baxi Manresa U22: 4/5 → 5/6, Zaragoza U22: 20/23 → 5/6
2026-02-26T20:28:30.179Z [ODDS]  Baxi Manresa U22: 5/6 → 4/5, Zaragoza U22: 5/6 → 20/23
2026-02-26T20:28:30.179Z [EVENT]  score: 66-51
2026-02-26T20:29:18.887Z [ODDS]  Baxi Manresa U22: 4/5 → 20/23, Zaragoza U22: 20/23 → 4/5
2026-02-26T20:29:18.887Z [EVENT]  score: 66-54
2026-02-26T20:29:35.124Z [ODDS]  Baxi Manresa U22: 20/23 → 4/5, Zaragoza U22: 4/5 → 20/23
2026-02-26T20:29:40.538Z [ODDS]  Baxi Manresa U22: 4/5 → 20/23, Zaragoza U22: 20/23 → 4/5
2026-02-26T20:30:22.494Z [ODDS]  Baxi Manresa U22: 20/23 → 4/5, Zaragoza U22: 4/5 → 20/23
2026-02-26T20:30:36.462Z [ODDS]  Baxi Manresa U22: 4/5 → 5/6, Zaragoza U22: 20/23 → 5/6
2026-02-26T20:30:44.129Z [ODDS]  Baxi Manresa U22: 5/6 → 4/5, Zaragoza U22: 5/6 → 20/23
2026-02-26T20:30:55.403Z [ODDS]  Baxi Manresa U22: 4/5 → 5/6, Zaragoza U22: 20/23 → 5/6
2026-02-26T20:31:04.431Z [ODDS]  Baxi Manresa U22: 5/6 → 4/5, Zaragoza U22: 5/6 → 20/23
2026-02-26T20:33:13.867Z [ODDS]  Baxi Manresa U22: 4/5 → 20/23, Zaragoza U22: 20/23 → 4/5
2026-02-26T20:33:14.320Z [ODDS]  Baxi Manresa U22: 20/23 → 5/6, Zaragoza U22: 4/5 → 5/6
2026-02-26T20:33:24.693Z [ODDS]  Baxi Manresa U22: 5/6 → 4/5, Zaragoza U22: 5/6 → 20/23
2026-02-26T20:33:41.832Z [ODDS]  Baxi Manresa U22: 4/5 → 20/23, Zaragoza U22: 20/23 → 4/5
2026-02-26T20:33:41.832Z [EVENT]  score: 66-55
2026-02-26T20:34:01.677Z [EVENT]  score: 68-55
2026-02-26T20:34:12.501Z [ODDS]  Baxi Manresa U22: 20/23 → 5/6, Zaragoza U22: 4/5 → 5/6
2026-02-26T20:35:20.605Z [ODDS]  Baxi Manresa U22: 5/6 → 20/23, Zaragoza U22: 5/6 → 4/5
2026-02-26T20:35:21.050Z [ODDS]  Baxi Manresa U22: 20/23 → 5/6, Zaragoza U22: 4/5 → 5/6
2026-02-26T20:35:34.128Z [ODDS]  Baxi Manresa U22: 5/6 → 20/23, Zaragoza U22: 5/6 → 4/5
2026-02-26T20:35:53.068Z [ODDS]  Baxi Manresa U22: 20/23 → 4/5, Zaragoza U22: 4/5 → 20/23
2026-02-26T20:35:55.777Z [ODDS]  Baxi Manresa U22: 4/5 → 20/21, Zaragoza U22: 20/23 → 20/27
2026-02-26T20:35:55.777Z [EVENT]  score: 70-55
2026-02-26T20:36:07.953Z [ODDS]  Baxi Manresa U22: 20/21 → 4/5, Zaragoza U22: 20/27 → 20/23
2026-02-26T20:36:07.953Z [EVENT]  score: 70-57
2026-02-26T20:36:17.883Z [ODDS]  Baxi Manresa U22: 4/5 → 20/27, Zaragoza U22: 20/23 → 20/21
2026-02-26T20:36:24.189Z [ODDS]  Baxi Manresa U22: 20/27 → 20/23, Zaragoza U22: 20/21 → 4/5
2026-02-26T20:36:24.189Z [EVENT]  score: 73-57
2026-02-26T20:36:35.462Z [ODDS]  Baxi Manresa U22: 20/23 → 20/27, Zaragoza U22: 4/5 → 20/21
2026-02-26T20:36:35.462Z [EVENT]  score: 73-60
2026-02-26T20:36:39.076Z [ODDS]  Baxi Manresa U22: 20/27 → 20/21, Zaragoza U22: 20/21 → 20/27
2026-02-26T20:37:11.995Z [ODDS]  Baxi Manresa U22: 20/21 → 20/23, Zaragoza U22: 20/27 → 4/5
2026-02-26T20:37:21.931Z [ODDS]  Baxi Manresa U22: 20/23 → 5/6, Zaragoza U22: 4/5 → 5/6
2026-02-26T20:37:30.038Z [ODDS]  Baxi Manresa U22: 5/6 → 4/5, Zaragoza U22: 5/6 → 20/23
2026-02-26T20:38:15.278Z [ODDS]  Baxi Manresa U22: 4/5 → 20/27, Zaragoza U22: 20/23 → 20/21
2026-02-26T20:38:20.691Z [ODDS]  Baxi Manresa U22: 20/27 → 4/5, Zaragoza U22: 20/21 → 20/23
2026-02-26T20:38:20.691Z [EVENT]  score: 73-62
2026-02-26T20:38:53.617Z [ODDS]  Baxi Manresa U22: 4/5 → 5/6, Zaragoza U22: 20/23 → 5/6
2026-02-26T20:38:56.323Z [ODDS]  Baxi Manresa U22: 5/6 → 20/27, Zaragoza U22: 5/6 → 20/21
2026-02-26T20:39:18.426Z [ODDS]  Baxi Manresa U22: 20/27 → 4/5, Zaragoza U22: 20/21 → 20/23
2026-02-26T20:39:18.426Z [EVENT]  score: 73-65
2026-02-26T20:41:04.409Z [ODDS]  Baxi Manresa U22: 4/5 → 5/6, Zaragoza U22: 20/23 → 5/6
2026-02-26T20:41:59.430Z [ODDS]  Baxi Manresa U22: 5/6 → 20/21, Zaragoza U22: 5/6 → 20/27
2026-02-26T20:42:18.829Z [ODDS]  Baxi Manresa U22: 20/21 → 20/23, Zaragoza U22: 20/27 → 4/5
2026-02-26T20:42:28.746Z [ODDS]  Baxi Manresa U22: 20/23 → 5/6, Zaragoza U22: 4/5 → 5/6
2026-02-26T20:42:28.746Z [EVENT]  score: 73-66
2026-02-26T20:42:40.924Z [ODDS]  Baxi Manresa U22: 5/6 → 20/27, Zaragoza U22: 5/6 → 20/21
2026-02-26T20:42:40.924Z [EVENT]  score: 73-67
2026-02-26T20:43:00.317Z [ODDS]  Baxi Manresa U22: 20/27 → 20/21, Zaragoza U22: 20/21 → 20/27
2026-02-26T20:43:00.317Z [EVENT]  score: 75-67
2026-02-26T20:43:40.909Z [ODDS]  Baxi Manresa U22: 20/21 → 20/23, Zaragoza U22: 20/27 → 4/5
2026-02-26T20:44:03.922Z [ODDS]  Baxi Manresa U22: 20/23 → 5/6, Zaragoza U22: 4/5 → 5/6
2026-02-26T20:44:30.518Z [ODDS]  Baxi Manresa U22: 5/6 → 4/5, Zaragoza U22: 5/6 → 20/23
2026-02-26T20:44:30.518Z [EVENT]  score: 75-68
2026-02-26T20:44:40.441Z [ODDS]  Baxi Manresa U22: 4/5 → 5/6, Zaragoza U22: 20/23 → 5/6
2026-02-26T20:44:40.892Z [ODDS]  Baxi Manresa U22: 5/6 → 4/5, Zaragoza U22: 5/6 → 20/23
2026-02-26T20:44:46.757Z [ODDS]  Baxi Manresa U22: 4/5 → 20/21, Zaragoza U22: 20/23 → 20/27
2026-02-26T20:46:11.994Z [ODDS]  Baxi Manresa U22: 20/21 → 5/6, Zaragoza U22: 20/27 → 5/6
2026-02-26T20:46:22.822Z [ODDS]  Baxi Manresa U22: 5/6 → 4/5, Zaragoza U22: 5/6 → 20/23
2026-02-26T20:46:22.822Z [EVENT]  score: 75-69
2026-02-26T20:46:40.859Z [ODDS]  Baxi Manresa U22: 4/5 → 20/21, Zaragoza U22: 20/23 → 20/27
2026-02-26T20:47:02.510Z [ODDS]  Baxi Manresa U22: 20/21 → 20/23, Zaragoza U22: 20/27 → 4/5
2026-02-26T20:47:26.415Z [ODDS]  Baxi Manresa U22: 20/23 → 20/27, Zaragoza U22: 4/5 → 20/21
2026-02-26T20:47:26.868Z [ODDS]  Baxi Manresa U22: 20/27 → 4/5, Zaragoza U22: 20/21 → 20/23
2026-02-26T20:47:39.494Z [ODDS]  Baxi Manresa U22: 4/5 → 20/23, Zaragoza U22: 20/23 → 4/5
2026-02-26T20:47:51.222Z [ODDS]  Baxi Manresa U22: 20/23 → 1/1, Zaragoza U22: 4/5 → 5/7
2026-02-26T20:47:51.222Z [EVENT]  score: 76-69
2026-02-26T20:48:13.863Z [ODDS]  Baxi Manresa U22: 1/1 → 20/21, Zaragoza U22: 5/7 → 20/27
2026-02-26T20:49:52.183Z [ODDS]  Baxi Manresa U22: 20/21 → 20/27, Zaragoza U22: 20/27 → 20/21
2026-02-26T20:50:11.598Z [ODDS]  Baxi Manresa U22: 20/27 → 5/6, Zaragoza U22: 20/21 → 5/6
2026-02-26T20:50:23.325Z [ODDS]  Baxi Manresa U22: 5/6 → 20/21, Zaragoza U22: 5/6 → 20/27
2026-02-26T20:51:08.873Z [ODDS]  Baxi Manresa U22: 20/21 → 20/23, Zaragoza U22: 20/27 → 4/5
2026-02-26T20:53:36.480Z [ODDS]  Baxi Manresa U22: 20/23 → 5/6, Zaragoza U22: 4/5 → 5/6
2026-02-26T20:53:44.932Z [ODDS]  Baxi Manresa U22: 5/6 → 0/0, Zaragoza U22: 5/6 → 0/0
