2026-02-27T00:09:38.313Z [EVENT]  score: 7-17
2026-02-27T00:09:50.556Z [EVENT]  score: 9-17
2026-02-27T00:10:08.532Z [ODDS]  Stonehill: 20/23 → 5/6, Saint Francis PA: 20/23 → 10/11
2026-02-27T00:10:08.532Z [EVENT]  score: 9-20
2026-02-27T00:10:18.003Z [ODDS]  Stonehill: 5/6 → 20/23, Saint Francis PA: 10/11 → 20/23
2026-02-27T00:10:54.084Z [ODDS]  Stonehill: 20/23 → 5/6, Saint Francis PA: 20/23 → 10/11
2026-02-27T00:11:13.092Z [ODDS]  Stonehill: 5/6 → 20/23, Saint Francis PA: 10/11 → 20/23
2026-02-27T00:11:13.092Z [EVENT]  score: 9-23
2026-02-27T00:11:38.281Z [EVENT]  score: 9-25
2026-02-27T00:12:28.814Z [ODDS]  Stonehill: 20/23 → 5/6, Saint Francis PA: 20/23 → 10/11
2026-02-27T00:12:28.814Z [EVENT]  score: 10-25
2026-02-27T00:12:43.226Z [ODDS]  Stonehill: 5/6 → 20/23, Saint Francis PA: 10/11 → 20/23
2026-02-27T00:12:55.854Z [EVENT]  score: 10-28
2026-02-27T00:13:12.090Z [ODDS]  Stonehill: 20/23 → 10/11, Saint Francis PA: 20/23 → 5/6
2026-02-27T00:13:34.640Z [ODDS]  Stonehill: 10/11 → 20/23, Saint Francis PA: 5/6 → 20/23
2026-02-27T00:13:34.640Z [EVENT]  score: 10-30
2026-02-27T00:15:41.898Z [ODDS]  Stonehill: 20/23 → 10/11, Saint Francis PA: 20/23 → 5/6
2026-02-27T00:15:41.898Z [EVENT]  score: 12-30
2026-02-27T00:16:16.553Z [ODDS]  Stonehill: 10/11 → 20/23
2026-02-27T00:16:17.004Z [ODDS]  Saint Francis PA: 5/6 → 20/23
2026-02-27T00:16:17.454Z [ODDS]  Stonehill: 20/23 → 10/11, Saint Francis PA: 20/23 → 5/6
2026-02-27T00:16:43.612Z [ODDS]  Stonehill: 10/11 → 20/23, Saint Francis PA: 5/6 → 20/23
2026-02-27T00:17:17.438Z [ODDS]  Stonehill: 20/23 → 10/11, Saint Francis PA: 20/23 → 5/6
2026-02-27T00:17:19.241Z [ODDS]  Stonehill: 10/11 → 20/23, Saint Francis PA: 5/6 → 20/23
2026-02-27T00:17:54.421Z [EVENT]  score: 15-30
2026-02-27T00:18:22.381Z [EVENT]  score: 17-30
2026-02-27T00:18:52.153Z [ODDS]  Stonehill: 20/23 → 10/11, Saint Francis PA: 20/23 → 5/6
2026-02-27T00:19:15.602Z [ODDS]  Stonehill: 10/11 → 20/23, Saint Francis PA: 5/6 → 20/23
2026-02-27T00:19:43.112Z [EVENT]  score: 20-30
2026-02-27T00:20:59.786Z [EVENT]  score: 20-33
2026-02-27T00:21:44.432Z [EVENT]  score: 22-33
2026-02-27T00:21:53.901Z [EVENT]  score: 22-35
2026-02-27T00:22:13.295Z [EVENT]  score: 22-38
2026-02-27T00:22:37.199Z [EVENT]  score: 25-38
2026-02-27T00:25:12.890Z [ODDS]  Stonehill: 20/23 → 5/6, Saint Francis PA: 20/23 → 10/11
2026-02-27T00:25:12.891Z [EVENT]  score: 25-39
2026-02-27T00:25:28.130Z [ODDS]  Stonehill: 5/6 → 20/23, Saint Francis PA: 10/11 → 20/23
2026-02-27T00:25:44.019Z [EVENT]  score: 25-40
2026-02-27T00:26:07.817Z [EVENT]  score: 27-40
2026-02-27T00:26:43.003Z [ODDS]  Stonehill: 20/23 → 10/11, Saint Francis PA: 20/23 → 5/6
2026-02-27T00:26:43.003Z [EVENT]  score: 28-40
2026-02-27T00:26:43.513Z [ODDS]  Stonehill: 10/11 → 20/23, Saint Francis PA: 5/6 → 20/23
2026-02-27T00:27:14.131Z [EVENT]  score: 30-40
2026-02-27T00:27:39.015Z [EVENT]  score: 30-43
2026-02-27T00:29:32.126Z [EVENT]  score: 32-43
2026-02-27T00:29:57.833Z [EVENT]  score: 32-45
2026-02-27T00:30:06.886Z [ODDS]  Stonehill: 20/23 → 10/11, Saint Francis PA: 20/23 → 5/6
2026-02-27T00:30:55.109Z [ODDS]  Stonehill: 10/11 → 5/6, Saint Francis PA: 5/6 → 10/11
2026-02-27T00:30:55.109Z [EVENT]  score: 32-46
2026-02-27T00:30:55.560Z [ODDS]  Stonehill: 5/6 → 20/23, Saint Francis PA: 10/11 → 20/23
2026-02-27T00:31:12.248Z [ODDS]  Stonehill: 20/23 → 10/11, Saint Francis PA: 20/23 → 5/6
2026-02-27T00:31:14.979Z [ODDS]  Stonehill: 10/11 → 20/23, Saint Francis PA: 5/6 → 20/23
2026-02-27T00:31:14.979Z [EVENT]  score: 32-48
2026-02-27T00:34:15.001Z [ODDS]  Stonehill: 20/23 → 10/11, Saint Francis PA: 20/23 → 5/6
2026-02-27T00:34:31.143Z [ODDS]  Stonehill: 10/11 → 20/23, Saint Francis PA: 5/6 → 20/23
2026-02-27T00:34:31.143Z [EVENT]  score: 33-48
2026-02-27T00:35:53.230Z [ODDS]  Stonehill: 20/23 → 5/6, Saint Francis PA: 20/23 → 10/11
2026-02-27T00:35:53.230Z [EVENT]  score: 33-49
2026-02-27T00:36:09.924Z [ODDS]  Stonehill: 5/6 → 20/23, Saint Francis PA: 10/11 → 20/23
2026-02-27T00:36:09.924Z [EVENT]  score: 33-50
2026-02-27T00:37:26.697Z [ODDS]  Stonehill: 20/23 → 10/11, Saint Francis PA: 20/23 → 5/6
2026-02-27T00:37:26.697Z [EVENT]  score: 33-52
2026-02-27T00:37:43.275Z [ODDS]  Stonehill: 10/11 → 20/23, Saint Francis PA: 5/6 → 20/23
2026-02-27T00:38:14.006Z [ODDS]  Stonehill: 20/23 → 10/11, Saint Francis PA: 20/23 → 5/6
2026-02-27T00:38:32.931Z [ODDS]  Stonehill: 10/11 → 20/23, Saint Francis PA: 5/6 → 20/23
2026-02-27T00:40:37.061Z [ODDS]  Stonehill: 20/23 → 5/6, Saint Francis PA: 20/23 → 10/11
2026-02-27T00:40:37.061Z [EVENT]  score: 33-54
2026-02-27T00:40:50.039Z [ODDS]  Stonehill: 5/6 → 10/11, Saint Francis PA: 10/11 → 5/6
2026-02-27T00:56:38.963Z [ODDS]  Stonehill: 10/11 → 20/23, Saint Francis PA: 5/6 → 20/23, Stonehill: 20/23 → 10/11, Saint Francis PA: 20/23 → 5/6
2026-02-27T00:56:38.963Z [ODDS]  Stonehill: 10/11 → 20/23, Saint Francis PA: 5/6 → 20/23, Stonehill: 20/23 → 10/11, Saint Francis PA: 20/23 → 5/6
2026-02-27T00:56:57.904Z [ODDS]  Stonehill: 10/11 → 20/23, Saint Francis PA: 5/6 → 20/23
2026-02-27T00:56:57.904Z [EVENT]  score: 35-54
2026-02-27T00:57:21.806Z [ODDS]  Stonehill: 20/23 → 10/11, Saint Francis PA: 20/23 → 5/6
2026-02-27T00:57:26.770Z [ODDS]  Stonehill: 10/11 → 20/23, Saint Francis PA: 5/6 → 20/23
2026-02-27T00:57:35.787Z [ODDS]  Stonehill: 20/23 → 5/6, Saint Francis PA: 20/23 → 10/11
2026-02-27T00:57:35.787Z [EVENT]  score: 35-57
2026-02-27T00:57:43.905Z [ODDS]  Stonehill: 5/6 → 20/23, Saint Francis PA: 10/11 → 20/23
2026-02-27T00:57:47.965Z [ODDS]  Stonehill: 20/23 → 5/6, Saint Francis PA: 20/23 → 10/11
2026-02-27T00:57:47.965Z [EVENT]  score: 35-59
2026-02-27T00:57:52.023Z [ODDS]  Stonehill: 5/6 → 20/23, Saint Francis PA: 10/11 → 20/23
2026-02-27T00:58:16.828Z [EVENT]  score: 37-59
2026-02-27T00:58:36.222Z [EVENT]  score: 37-61
2026-02-27T00:59:25.381Z [EVENT]  score: 37-63
2026-02-27T01:00:08.680Z [EVENT]  score: 39-63
2026-02-27T01:01:20.387Z [ODDS]  Stonehill: 20/23 → 5/6, Saint Francis PA: 20/23 → 10/11
2026-02-27T01:01:20.387Z [EVENT]  score: 40-63
2026-02-27T01:01:30.770Z [ODDS]  Stonehill: 5/6 → 20/23, Saint Francis PA: 10/11 → 20/23
2026-02-27T01:01:30.770Z [EVENT]  score: 41-63
2026-02-27T01:01:42.486Z [EVENT]  score: 42-63
2026-02-27T01:02:05.943Z [EVENT]  score: 44-63
2026-02-27T01:07:23.451Z [ODDS]  Stonehill: 20/23 → 10/11, Saint Francis PA: 20/23 → 5/6
2026-02-27T01:07:38.786Z [ODDS]  Stonehill: 10/11 → 20/23, Saint Francis PA: 5/6 → 20/23
2026-02-27T01:07:58.630Z [EVENT]  score: 44-65
2026-02-27T01:08:24.196Z [ODDS]  Stonehill: 20/23 → 10/11, Saint Francis PA: 20/23 → 5/6
2026-02-27T01:08:24.196Z [EVENT]  score: 44-66
2026-02-27T01:08:24.643Z [ODDS]  Stonehill: 10/11 → 20/23, Saint Francis PA: 5/6 → 20/23
2026-02-27T01:08:40.880Z [ODDS]  Stonehill: 20/23 → 5/6, Saint Francis PA: 20/23 → 10/11
2026-02-27T01:08:58.017Z [ODDS]  Stonehill: 5/6 → 20/23, Saint Francis PA: 10/11 → 20/23
2026-02-27T01:08:58.017Z [EVENT]  score: 45-66
2026-02-27T01:09:11.551Z [EVENT]  score: 46-66
2026-02-27T01:09:36.808Z [EVENT]  score: 46-68
2026-02-27T01:09:51.689Z [EVENT]  score: 48-68
2026-02-27T01:10:13.337Z [EVENT]  score: 48-70
2026-02-27T01:10:34.534Z [EVENT]  score: 50-70
2026-02-27T01:12:45.328Z [EVENT]  score: 50-73
2026-02-27T01:13:07.426Z [EVENT]  score: 52-73
2026-02-27T01:13:19.604Z [ODDS]  Stonehill: 20/23 → 5/6, Saint Francis PA: 20/23 → 10/11
2026-02-27T01:15:29.042Z [ODDS]  Stonehill: 5/6 → 20/23, Saint Francis PA: 10/11 → 20/23
2026-02-27T01:15:54.298Z [EVENT]  score: 52-75
2026-02-27T01:16:14.595Z [EVENT]  score: 55-75
2026-02-27T01:17:06.458Z [ODDS]  Stonehill: 20/23 → 10/11, Saint Francis PA: 20/23 → 5/6
2026-02-27T01:17:06.458Z [EVENT]  score: 55-76
2026-02-27T01:19:29.428Z [ODDS]  Stonehill: 10/11 → 20/23, Saint Francis PA: 5/6 → 20/23
2026-02-27T01:19:29.428Z [EVENT]  score: 55-77
2026-02-27T01:19:56.035Z [EVENT]  score: 57-77
2026-02-27T01:20:10.017Z [EVENT]  score: 57-80
2026-02-27T01:20:32.115Z [ODDS]  Stonehill: 20/23 → 10/11, Saint Francis PA: 20/23 → 5/6
2026-02-27T01:20:38.431Z [ODDS]  Stonehill: 10/11 → 20/23, Saint Francis PA: 5/6 → 20/23
2026-02-27T01:21:15.412Z [ODDS]  Stonehill: 20/23 → 10/11, Saint Francis PA: 20/23 → 5/6
2026-02-27T01:21:48.786Z [ODDS]  Stonehill: 10/11 → 20/23, Saint Francis PA: 5/6 → 20/23
2026-02-27T01:21:48.786Z [EVENT]  score: 59-80
2026-02-27T01:22:06.374Z [EVENT]  score: 59-83
2026-02-27T01:23:01.848Z [EVENT]  score: 60-83
2026-02-27T01:23:22.594Z [ODDS]  Stonehill: 20/23 → 20/21, Saint Francis PA: 20/23 → 4/5
2026-02-27T01:23:28.907Z [EVENT]  score: 60-85
2026-02-27T01:23:44.241Z [ODDS]  Stonehill: 20/21 → 20/23, Saint Francis PA: 4/5 → 20/23
2026-02-27T01:24:19.420Z [ODDS]  Stonehill: 20/23 → 10/11, Saint Francis PA: 20/23 → 5/6
2026-02-27T01:25:11.288Z [ODDS]  Stonehill: 10/11 → 5/6, Saint Francis PA: 5/6 → 10/11
2026-02-27T01:25:11.288Z [EVENT]  score: 62-85
2026-02-27T01:25:19.857Z [ODDS]  Stonehill: 5/6 → 4/5, Saint Francis PA: 10/11 → 20/21
2026-02-27T01:25:35.195Z [EVENT]  score: 62-87
2026-02-27T01:25:43.760Z [ODDS]  Stonehill: 4/5 → 20/21, Saint Francis PA: 20/21 → 4/5
2026-02-27T01:25:53.681Z [EVENT]  score: 64-87
2026-02-27T01:26:05.861Z [ODDS]  Stonehill: 20/21 → 10/11, Saint Francis PA: 4/5 → 5/6
2026-02-27T01:26:25.251Z [EVENT]  score: 64-89
2026-02-27T01:29:18.442Z [EVENT]  score: 64-92
2026-02-27T01:29:25.209Z [ODDS]  Stonehill: 10/11 → 20/23, Saint Francis PA: 5/6 → 20/23
2026-02-27T01:30:26.994Z [EVENT]  score: 66-92
2026-02-27T01:31:37.802Z [EVENT]  score: 69-92
2026-02-27T01:31:49.979Z [ODDS]  Stonehill: 20/23 → 5/6, Saint Francis PA: 20/23 → 10/11
2026-02-27T01:32:05.313Z [EVENT]  score: 71-92
2026-02-27T01:34:08.435Z [ODDS]  Stonehill: 5/6 → 4/5, Saint Francis PA: 10/11 → 20/21
2026-02-27T01:34:44.970Z [ODDS]  Stonehill: 4/5 → 10/13, Saint Francis PA: 20/21 → 1/1
2026-02-27T01:35:03.916Z [ODDS]  Stonehill: 10/13 → 20/23, Saint Francis PA: 1/1 → 20/23
2026-02-27T01:35:11.580Z [EVENT]  score: 71-93
2026-02-27T01:35:33.680Z [ODDS]  Stonehill: 20/23 → 4/5, Saint Francis PA: 20/23 → 20/21
2026-02-27T01:35:33.680Z [EVENT]  score: 71-94
2026-02-27T01:35:35.934Z [ODDS]  Stonehill: 4/5 → 10/13, Saint Francis PA: 20/21 → 1/1
2026-02-27T01:36:41.781Z [EVENT]  score: 71-96
2026-02-27T01:36:45.390Z [ODDS]  Stonehill: 10/13 → 20/27, Saint Francis PA: 1/1 → 21/20
2026-02-27T01:36:52.606Z [ODDS]  Stonehill: 20/27 → 21/20, Saint Francis PA: 21/20 → 20/27
2026-02-27T01:37:39.059Z [ODDS]  Stonehill: 21/20 → 1/1, Saint Francis PA: 20/27 → 10/13
2026-02-27T01:38:21.905Z [EVENT]  score: 71-98
2026-02-27T01:38:42.881Z [ODDS]  Stonehill: 1/1 → 20/23, Saint Francis PA: 10/13 → 20/23
2026-02-27T01:38:42.881Z [EVENT]  score: 73-98
2026-02-27T01:39:01.834Z [ODDS]  Stonehill: 20/23 → 21/20, Saint Francis PA: 20/23 → 20/27
2026-02-27T01:39:29.787Z [EVENT]  score: 73-101
2026-02-27T01:39:36.106Z [ODDS]  Stonehill: 21/20 → 11/10, Saint Francis PA: 20/27 → 5/7
2026-02-27T01:39:50.537Z [EVENT]  score: 73-103
2026-02-27T01:39:51.890Z [ODDS]  Stonehill: 11/10 → 23/20, Saint Francis PA: 5/7 → 20/29
2026-02-27T01:40:00.015Z [ODDS]  Stonehill: 23/20 → 6/5, Saint Francis PA: 20/29 → 4/6
2026-02-27T01:40:14.892Z [ODDS]  Stonehill: 6/5 → 23/20, Saint Francis PA: 4/6 → 20/29
2026-02-27T01:40:15.793Z [ODDS]  Stonehill: 23/20 → 5/7, Saint Francis PA: 20/29 → 11/10
2026-02-27T01:40:35.636Z [ODDS]  Stonehill: 5/7 → 5/6, Saint Francis PA: 11/10 → 10/11
2026-02-27T01:40:35.636Z [EVENT]  score: 74-103
2026-02-27T01:40:45.108Z [ODDS]  Stonehill: 5/6 → 23/20, Saint Francis PA: 10/11 → 20/29
2026-02-27T01:40:45.108Z [EVENT]  score: 75-103
2026-02-27T01:40:49.628Z [ODDS]  Stonehill: 23/20 → 6/5, Saint Francis PA: 20/29 → 4/6
2026-02-27T01:41:00.895Z [ODDS]  Stonehill: 6/5 → 11/10, Saint Francis PA: 4/6 → 5/7
2026-02-27T01:41:09.464Z [ODDS]  Stonehill: 11/10 → 1/1, Saint Francis PA: 5/7 → 10/13
2026-02-27T01:41:15.328Z [ODDS]  Stonehill: 1/1 → 20/21, Saint Francis PA: 10/13 → 4/5
2026-02-27T01:41:18.037Z [ODDS]  Stonehill: 20/21 → 10/11, Saint Francis PA: 4/5 → 5/6
2026-02-27T01:41:22.549Z [ODDS]  Stonehill: 10/11 → 20/21, Saint Francis PA: 5/6 → 4/5
2026-02-27T01:41:35.177Z [ODDS]  Stonehill: 20/21 → 10/11, Saint Francis PA: 4/5 → 5/6
2026-02-27T01:41:42.846Z [ODDS]  Stonehill: 10/11 → 0/0, Saint Francis PA: 5/6 → 0/0
2026-02-27T01:41:45.098Z [EVENT]  score: 77-103
2026-02-27T01:41:55.922Z [ODDS]  Stonehill: 0/0 → 20/23, Saint Francis PA: 0/0 → 20/23
2026-02-27T01:41:59.532Z [ODDS]  Stonehill: 20/23 → 0/0, Saint Francis PA: 20/23 → 0/0
