2026-02-26T20:38:15.037Z [EVENT]  score: 19-13
2026-02-26T20:38:32.629Z [ODDS]  MIL Bucks (Dzmn): 5/6 → 20/23, MIA Heat (Pakapaka): 5/6 → 4/5
2026-02-26T20:38:32.629Z [EVENT]  score: 22-13
2026-02-26T20:38:32.871Z [ODDS]  MIL Bucks (Dzmn): 20/23 → 5/6, MIA Heat (Pakapaka): 4/5 → 5/6
2026-02-26T20:38:50.916Z [ODDS]  MIL Bucks (Dzmn): 5/6 → 4/5, MIA Heat (Pakapaka): 5/6 → 20/23
2026-02-26T20:39:00.843Z [ODDS]  MIL Bucks (Dzmn): 4/5 → 5/6
2026-02-26T20:39:01.284Z [ODDS]  MIA Heat (Pakapaka): 20/23 → 5/6
2026-02-26T20:39:01.284Z [EVENT]  score: 24-13
2026-02-26T20:39:27.893Z [ODDS]  MIL Bucks (Dzmn): 5/6 → 4/5, MIA Heat (Pakapaka): 5/6 → 20/23
2026-02-26T20:40:03.524Z [ODDS]  MIL Bucks (Dzmn): 4/5 → 5/6, MIA Heat (Pakapaka): 20/23 → 5/6
2026-02-26T20:40:07.132Z [ODDS]  MIL Bucks (Dzmn): 5/6 → 20/23, MIA Heat (Pakapaka): 5/6 → 4/5
2026-02-26T20:40:07.132Z [EVENT]  score: 26-13
2026-02-26T20:40:17.505Z [ODDS]  MIL Bucks (Dzmn): 20/23 → 5/6, MIA Heat (Pakapaka): 4/5 → 5/6
2026-02-26T20:40:17.505Z [EVENT]  score: 26-16
2026-02-26T20:40:59.899Z [ODDS]  MIL Bucks (Dzmn): 5/6 → 4/5, MIA Heat (Pakapaka): 5/6 → 20/23
2026-02-26T20:40:59.899Z [EVENT]  score: 28-16
2026-02-26T20:41:15.689Z [ODDS]  MIL Bucks (Dzmn): 4/5 → 20/23, MIA Heat (Pakapaka): 20/23 → 4/5
2026-02-26T20:41:15.689Z [EVENT]  score: 30-16
2026-02-26T20:41:15.689Z [EVENT]  score: 28-18
2026-02-26T20:41:15.689Z [EVENT]  score: 30-16
2026-02-26T20:41:15.689Z [EVENT]  score: 28-18
2026-02-26T20:41:24.254Z [ODDS]  MIL Bucks (Dzmn): 20/23 → 5/6, MIA Heat (Pakapaka): 4/5 → 5/6
2026-02-26T20:41:24.254Z [EVENT]  score: 28-19
2026-02-26T20:41:24.703Z [ODDS]  MIL Bucks (Dzmn): 5/6 → 20/23, MIA Heat (Pakapaka): 5/6 → 4/5
2026-02-26T20:41:48.608Z [ODDS]  MIL Bucks (Dzmn): 20/23 → 5/6, MIA Heat (Pakapaka): 4/5 → 5/6
2026-02-26T20:42:11.620Z [EVENT]  score: 28-21
2026-02-26T20:42:41.382Z [ODDS]  MIL Bucks (Dzmn): 5/6 → 20/23, MIA Heat (Pakapaka): 5/6 → 4/5
2026-02-26T20:42:41.382Z [EVENT]  score: 30-21
2026-02-26T20:42:53.554Z [ODDS]  MIL Bucks (Dzmn): 20/23 → 4/5, MIA Heat (Pakapaka): 4/5 → 20/23
2026-02-26T20:44:45.852Z [ODDS]  MIL Bucks (Dzmn): 4/5 → 20/27, MIA Heat (Pakapaka): 20/23 → 20/21
2026-02-26T20:44:49.009Z [ODDS]  MIL Bucks (Dzmn): 20/27 → 5/6, MIA Heat (Pakapaka): 20/21 → 5/6
2026-02-26T20:45:10.658Z [ODDS]  MIL Bucks (Dzmn): 5/6 → 20/27, MIA Heat (Pakapaka): 5/6 → 20/21
2026-02-26T20:45:35.017Z [ODDS]  MIL Bucks (Dzmn): 20/27 → 20/23, MIA Heat (Pakapaka): 20/21 → 4/5
2026-02-26T20:46:03.425Z [EVENT]  score: 32-21
2026-02-26T20:46:20.115Z [ODDS]  MIL Bucks (Dzmn): 20/23 → 20/21, MIA Heat (Pakapaka): 4/5 → 20/27
2026-02-26T20:46:27.779Z [ODDS]  MIL Bucks (Dzmn): 20/21 → 20/27, MIA Heat (Pakapaka): 20/27 → 20/21
2026-02-26T20:46:48.528Z [ODDS]  MIL Bucks (Dzmn): 20/27 → 4/5, MIA Heat (Pakapaka): 20/21 → 20/23
2026-02-26T20:47:06.568Z [ODDS]  MIL Bucks (Dzmn): 4/5 → 5/6, MIA Heat (Pakapaka): 20/23 → 5/6
2026-02-26T20:47:06.568Z [EVENT]  score: 32-24
2026-02-26T20:47:20.551Z [ODDS]  MIL Bucks (Dzmn): 5/6 → 4/5, MIA Heat (Pakapaka): 5/6 → 20/23
2026-02-26T20:47:20.551Z [EVENT]  score: 35-24
2026-02-26T20:47:28.674Z [ODDS]  MIL Bucks (Dzmn): 4/5 → 5/6, MIA Heat (Pakapaka): 20/23 → 5/6
2026-02-26T20:47:36.340Z [EVENT]  score: 35-27
2026-02-26T20:48:17.921Z [ODDS]  MIL Bucks (Dzmn): 5/6 → 20/23, MIA Heat (Pakapaka): 5/6 → 4/5
2026-02-26T20:48:26.039Z [ODDS]  MIL Bucks (Dzmn): 20/23 → 20/21, MIA Heat (Pakapaka): 4/5 → 20/27
2026-02-26T20:48:26.039Z [EVENT]  score: 37-27
2026-02-26T20:48:26.492Z [EVENT]  score: 35-29
2026-02-26T20:48:36.414Z [ODDS]  MIL Bucks (Dzmn): 20/21 → 4/5, MIA Heat (Pakapaka): 20/27 → 20/23
2026-02-26T20:48:36.414Z [EVENT]  score: 35-30
2026-02-26T20:48:36.864Z [ODDS]  MIL Bucks (Dzmn): 4/5 → 20/27, MIA Heat (Pakapaka): 20/23 → 20/21
2026-02-26T20:48:40.921Z [ODDS]  MIL Bucks (Dzmn): 20/27 → 4/5, MIA Heat (Pakapaka): 20/21 → 20/23
2026-02-26T20:49:31.453Z [EVENT]  score: 37-30
2026-02-26T20:49:47.225Z [ODDS]  MIL Bucks (Dzmn): 4/5 → 5/6, MIA Heat (Pakapaka): 20/23 → 5/6
2026-02-26T20:49:47.225Z [EVENT]  score: 37-32
2026-02-26T20:50:48.578Z [EVENT]  score: 39-32
2026-02-26T20:50:55.347Z [ODDS]  MIL Bucks (Dzmn): 5/6 → 4/5, MIA Heat (Pakapaka): 5/6 → 20/23
2026-02-26T20:50:55.347Z [EVENT]  score: 40-32
2026-02-26T20:51:05.717Z [ODDS]  MIL Bucks (Dzmn): 4/5 → 5/6, MIA Heat (Pakapaka): 20/23 → 5/6
2026-02-26T20:51:05.717Z [EVENT]  score: 40-35
2026-02-26T20:51:19.269Z [ODDS]  MIL Bucks (Dzmn): 5/6 → 4/5, MIA Heat (Pakapaka): 5/6 → 20/23
2026-02-26T20:51:57.583Z [ODDS]  MIL Bucks (Dzmn): 4/5 → 20/23, MIA Heat (Pakapaka): 20/23 → 4/5
2026-02-26T20:51:57.583Z [EVENT]  score: 42-35
2026-02-26T20:52:17.432Z [ODDS]  MIL Bucks (Dzmn): 20/23 → 5/6, MIA Heat (Pakapaka): 4/5 → 5/6
2026-02-26T20:52:17.432Z [EVENT]  score: 42-37
2026-02-26T20:52:42.244Z [ODDS]  MIL Bucks (Dzmn): 5/6 → 20/23, MIA Heat (Pakapaka): 5/6 → 4/5
2026-02-26T20:52:46.757Z [ODDS]  MIL Bucks (Dzmn): 20/23 → 20/21, MIA Heat (Pakapaka): 4/5 → 20/27
2026-02-26T20:52:46.757Z [EVENT]  score: 42-39
2026-02-26T20:53:08.407Z [ODDS]  MIL Bucks (Dzmn): 20/21 → 20/27, MIA Heat (Pakapaka): 20/27 → 20/21
2026-02-26T20:53:22.833Z [ODDS]  MIL Bucks (Dzmn): 20/27 → 11/10, MIA Heat (Pakapaka): 20/21 → 4/6
2026-02-26T20:53:22.833Z [EVENT]  score: 42-41
2026-02-26T20:53:31.402Z [ODDS]  MIL Bucks (Dzmn): 11/10 → 28/25, MIA Heat (Pakapaka): 4/6 → 20/31
2026-02-26T20:53:39.523Z [ODDS]  MIL Bucks (Dzmn): 28/25 → 5/6, MIA Heat (Pakapaka): 20/31 → 5/6, MIL Bucks (Dzmn): 5/6 → 4/5, MIA Heat (Pakapaka): 5/6 → 20/23
2026-02-26T20:53:39.523Z [EVENT]  score: 42-43
2026-02-26T20:53:39.523Z [EVENT]  score: 44-41
2026-02-26T20:53:39.523Z [ODDS]  MIL Bucks (Dzmn): 4/5 → 5/6, MIA Heat (Pakapaka): 20/23 → 5/6, MIL Bucks (Dzmn): 5/6 → 4/5, MIA Heat (Pakapaka): 5/6 → 20/23
2026-02-26T20:53:39.523Z [EVENT]  score: 42-43
2026-02-26T20:53:39.523Z [EVENT]  score: 44-41
2026-02-26T20:53:56.658Z [ODDS]  MIL Bucks (Dzmn): 4/5 → 5/6, MIA Heat (Pakapaka): 20/23 → 5/6
2026-02-26T20:53:56.658Z [EVENT]  score: 44-44
2026-02-26T20:54:05.234Z [ODDS]  MIL Bucks (Dzmn): 5/6 → 20/23, MIA Heat (Pakapaka): 5/6 → 4/5
2026-02-26T20:54:16.066Z [ODDS]  MIL Bucks (Dzmn): 20/23 → 20/21, MIA Heat (Pakapaka): 4/5 → 20/27
2026-02-26T20:54:30.483Z [ODDS]  MIL Bucks (Dzmn): 20/21 → 20/23, MIA Heat (Pakapaka): 20/27 → 4/5
2026-02-26T20:54:35.444Z [ODDS]  MIL Bucks (Dzmn): 20/23 → 20/21, MIA Heat (Pakapaka): 4/5 → 20/27
2026-02-26T20:54:38.600Z [ODDS]  MIL Bucks (Dzmn): 20/21 → 5/6, MIA Heat (Pakapaka): 20/27 → 5/6
2026-02-26T20:54:38.600Z [EVENT]  score: 44-47
2026-02-26T20:54:39.052Z [ODDS]  MIL Bucks (Dzmn): 5/6 → 4/5, MIA Heat (Pakapaka): 5/6 → 20/23
2026-02-26T20:54:55.294Z [ODDS]  MIL Bucks (Dzmn): 4/5 → 5/6, MIA Heat (Pakapaka): 20/23 → 5/6
2026-02-26T20:55:03.414Z [ODDS]  MIL Bucks (Dzmn): 5/6 → 20/21, MIA Heat (Pakapaka): 5/6 → 20/27
2026-02-26T20:55:03.414Z [EVENT]  score: 46-47
2026-02-26T20:55:11.530Z [ODDS]  MIL Bucks (Dzmn): 20/21 → 4/5, MIA Heat (Pakapaka): 20/27 → 20/23
2026-02-26T20:55:11.530Z [EVENT]  score: 47-47
2026-02-26T20:55:22.815Z [ODDS]  MIL Bucks (Dzmn): 4/5 → 5/6, MIA Heat (Pakapaka): 20/23 → 5/6
2026-02-26T20:55:22.815Z [EVENT]  score: 47-49
2026-02-26T20:55:37.239Z [ODDS]  MIL Bucks (Dzmn): 5/6 → 20/23, MIA Heat (Pakapaka): 5/6 → 4/5
2026-02-26T20:55:39.947Z [ODDS]  MIL Bucks (Dzmn): 20/23 → 20/21, MIA Heat (Pakapaka): 4/5 → 20/27
2026-02-26T20:55:39.947Z [EVENT]  score: 47-51
2026-02-26T20:55:53.025Z [ODDS]  MIL Bucks (Dzmn): 20/21 → 5/7, MIA Heat (Pakapaka): 20/27 → 1/1
2026-02-26T20:56:02.950Z [ODDS]  MIL Bucks (Dzmn): 5/7 → 1/1, MIA Heat (Pakapaka): 1/1 → 5/7
2026-02-26T20:56:12.870Z [ODDS]  MIL Bucks (Dzmn): 1/1 → 5/6, MIA Heat (Pakapaka): 5/7 → 5/6
2026-02-26T20:56:12.870Z [EVENT]  score: 50-51
2026-02-26T20:56:13.321Z [ODDS]  MIL Bucks (Dzmn): 5/6 → 20/23, MIA Heat (Pakapaka): 5/6 → 4/5
2026-02-26T20:56:45.343Z [ODDS]  MIL Bucks (Dzmn): 20/23 → 4/7, MIA Heat (Pakapaka): 4/5 → 5/4
2026-02-26T20:56:45.343Z [EVENT]  score: 52-51
2026-02-26T20:56:57.522Z [ODDS]  MIL Bucks (Dzmn): 4/7 → 10/17, MIA Heat (Pakapaka): 5/4 → 61/50
2026-02-26T20:56:59.775Z [ODDS]  MIL Bucks (Dzmn): 10/17 → 5/6, MIA Heat (Pakapaka): 61/50 → 5/6
2026-02-26T20:57:16.011Z [ODDS]  MIL Bucks (Dzmn): 5/6 → 20/23, MIA Heat (Pakapaka): 5/6 → 4/5
2026-02-26T20:57:23.677Z [ODDS]  MIL Bucks (Dzmn): 20/23 → 5/6, MIA Heat (Pakapaka): 4/5 → 5/6
2026-02-26T20:57:23.677Z [EVENT]  score: 54-51
2026-02-26T20:57:38.565Z [ODDS]  MIL Bucks (Dzmn): 5/6 → 21/20, MIA Heat (Pakapaka): 5/6 → 20/29
2026-02-26T20:57:47.132Z [ODDS]  MIL Bucks (Dzmn): 21/20 → 20/27, MIA Heat (Pakapaka): 20/29 → 20/21
2026-02-26T20:57:47.132Z [EVENT]  score: 55-51
2026-02-26T20:57:51.639Z [ODDS]  MIL Bucks (Dzmn): 20/27 → 5/6, MIA Heat (Pakapaka): 20/21 → 5/6
2026-02-26T20:57:51.639Z [EVENT]  score: 56-51
2026-02-26T20:58:21.407Z [ODDS]  MIL Bucks (Dzmn): 5/6 → 20/23, MIA Heat (Pakapaka): 5/6 → 4/5, MIL Bucks (Dzmn): 20/23 → 5/6, MIA Heat (Pakapaka): 4/5 → 5/6
2026-02-26T20:58:21.407Z [EVENT]  score: 56-53
2026-02-26T20:58:21.407Z [ODDS]  MIL Bucks (Dzmn): 5/6 → 20/23, MIA Heat (Pakapaka): 5/6 → 4/5, MIL Bucks (Dzmn): 20/23 → 5/6, MIA Heat (Pakapaka): 4/5 → 5/6
2026-02-26T20:58:29.074Z [ODDS]  MIL Bucks (Dzmn): 5/6 → 4/6, MIA Heat (Pakapaka): 5/6 → 11/10
2026-02-26T20:58:33.133Z [ODDS]  MIL Bucks (Dzmn): 4/6 → 20/27, MIA Heat (Pakapaka): 11/10 → 20/21
2026-02-26T20:58:33.133Z [EVENT]  score: 57-53
2026-02-26T20:58:38.098Z [ODDS]  MIL Bucks (Dzmn): 20/27 → 5/6, MIA Heat (Pakapaka): 20/21 → 5/6
2026-02-26T20:58:38.098Z [EVENT]  score: 58-53
2026-02-26T20:58:47.115Z [ODDS]  MIL Bucks (Dzmn): 5/6 → 0/0, MIA Heat (Pakapaka): 5/6 → 0/0
