2026-02-27T03:11:43.448Z [ODDS]  Stanford (W): 5/6 → 4/5, SMU (W): 5/6 → 20/23
2026-02-27T03:11:43.448Z [EVENT]  score: 2-10
2026-02-27T03:11:52.016Z [ODDS]  Stanford (W): 4/5 → 5/6, SMU (W): 20/23 → 5/6
2026-02-27T03:11:59.234Z [ODDS]  Stanford (W): 5/6 → 20/23, SMU (W): 5/6 → 4/5
2026-02-27T03:11:59.235Z [EVENT]  score: 2-12
2026-02-27T03:12:10.506Z [ODDS]  Stanford (W): 20/23 → 5/6, SMU (W): 4/5 → 5/6
2026-02-27T03:12:18.624Z [ODDS]  Stanford (W): 5/6 → 20/23, SMU (W): 5/6 → 4/5
2026-02-27T03:12:30.383Z [ODDS]  Stanford (W): 20/23 → 5/6, SMU (W): 4/5 → 5/6
2026-02-27T03:12:30.383Z [EVENT]  score: 2-14
2026-02-27T03:13:04.174Z [EVENT]  score: 2-17
2026-02-27T03:13:24.019Z [ODDS]  Stanford (W): 5/6 → 20/23, SMU (W): 5/6 → 4/5
2026-02-27T03:13:24.019Z [EVENT]  score: 4-17
2026-02-27T03:13:36.197Z [ODDS]  Stanford (W): 20/23 → 4/5, SMU (W): 4/5 → 20/23
2026-02-27T03:13:42.060Z [ODDS]  Stanford (W): 4/5 → 20/23, SMU (W): 20/23 → 4/5
2026-02-27T03:14:22.649Z [ODDS]  Stanford (W): 20/23 → 5/6, SMU (W): 4/5 → 5/6
2026-02-27T03:14:22.649Z [EVENT]  score: 4-18
2026-02-27T03:14:33.925Z [EVENT]  score: 4-19
2026-02-27T03:15:19.027Z [ODDS]  Stanford (W): 5/6 → 4/5, SMU (W): 5/6 → 20/23
2026-02-27T03:15:19.027Z [EVENT]  score: 4-21
2026-02-27T03:15:28.054Z [ODDS]  Stanford (W): 4/5 → 5/6, SMU (W): 20/23 → 5/6
2026-02-27T03:15:35.714Z [ODDS]  Stanford (W): 5/6 → 4/5, SMU (W): 5/6 → 20/23
2026-02-27T03:15:53.303Z [ODDS]  Stanford (W): 4/5 → 20/23, SMU (W): 20/23 → 4/5
2026-02-27T03:15:53.303Z [EVENT]  score: 4-23
2026-02-27T03:16:11.801Z [ODDS]  Stanford (W): 20/23 → 5/6, SMU (W): 4/5 → 5/6
2026-02-27T03:16:18.110Z [ODDS]  Stanford (W): 5/6 → 4/5, SMU (W): 5/6 → 20/23, Stanford (W): 4/5 → 5/6, SMU (W): 20/23 → 5/6
2026-02-27T03:16:18.110Z [EVENT]  score: 4-25
2026-02-27T03:16:18.110Z [ODDS]  Stanford (W): 5/6 → 4/5, SMU (W): 5/6 → 20/23, Stanford (W): 4/5 → 5/6, SMU (W): 20/23 → 5/6
2026-02-27T03:16:34.350Z [ODDS]  Stanford (W): 5/6 → 4/5, SMU (W): 5/6 → 20/23
2026-02-27T03:16:39.312Z [ODDS]  Stanford (W): 4/5 → 5/6, SMU (W): 20/23 → 5/6
2026-02-27T03:16:39.312Z [EVENT]  score: 4-27
2026-02-27T03:17:55.082Z [ODDS]  Stanford (W): 5/6 → 20/23, SMU (W): 5/6 → 4/5
2026-02-27T03:17:58.245Z [ODDS]  Stanford (W): 20/23 → 5/6, SMU (W): 4/5 → 5/6
2026-02-27T03:18:09.064Z [ODDS]  Stanford (W): 5/6 → 4/5, SMU (W): 5/6 → 20/23
2026-02-27T03:18:09.064Z [EVENT]  score: 4-29
2026-02-27T03:18:22.591Z [ODDS]  Stanford (W): 4/5 → 20/23, SMU (W): 20/23 → 4/5
2026-02-27T03:18:23.042Z [ODDS]  Stanford (W): 20/23 → 4/5, SMU (W): 4/5 → 20/23
2026-02-27T03:18:40.180Z [ODDS]  Stanford (W): 4/5 → 5/6, SMU (W): 20/23 → 5/6
2026-02-27T03:18:40.180Z [EVENT]  score: 4-31
2026-02-27T03:18:54.164Z [ODDS]  Stanford (W): 5/6 → 20/23, SMU (W): 5/6 → 4/5
2026-02-27T03:19:03.183Z [ODDS]  Stanford (W): 20/23 → 5/6, SMU (W): 4/5 → 5/6
2026-02-27T03:19:03.183Z [EVENT]  score: 6-31
2026-02-27T03:19:53.247Z [ODDS]  Stanford (W): 5/6 → 20/23, SMU (W): 5/6 → 4/5
2026-02-27T03:24:02.202Z [ODDS]  Stanford (W): 20/23 → 5/6
2026-02-27T03:24:02.656Z [ODDS]  SMU (W): 4/5 → 5/6
2026-02-27T03:24:25.203Z [ODDS]  Stanford (W): 5/6 → 20/23, SMU (W): 5/6 → 4/5
2026-02-27T03:24:30.199Z [ODDS]  Stanford (W): 20/23 → 5/6, SMU (W): 4/5 → 5/6
2026-02-27T03:24:30.199Z [EVENT]  score: 8-31
2026-02-27T03:24:42.492Z [ODDS]  Stanford (W): 5/6 → 4/5, SMU (W): 5/6 → 20/23
2026-02-27T03:24:42.492Z [EVENT]  score: 8-34
2026-02-27T03:25:05.512Z [ODDS]  Stanford (W): 4/5 → 5/6, SMU (W): 20/23 → 5/6
2026-02-27T03:25:10.302Z [ODDS]  Stanford (W): 5/6 → 20/23, SMU (W): 5/6 → 4/5
2026-02-27T03:25:10.302Z [EVENT]  score: 10-34
2026-02-27T03:25:27.442Z [ODDS]  Stanford (W): 20/23 → 5/6, SMU (W): 4/5 → 5/6
2026-02-27T03:25:33.306Z [ODDS]  Stanford (W): 5/6 → 20/23, SMU (W): 5/6 → 4/5
2026-02-27T03:25:49.090Z [ODDS]  Stanford (W): 20/23 → 4/5, SMU (W): 4/5 → 20/23
2026-02-27T03:26:06.229Z [ODDS]  Stanford (W): 4/5 → 20/23, SMU (W): 20/23 → 4/5
2026-02-27T03:26:06.229Z [EVENT]  score: 10-37
2026-02-27T03:26:19.759Z [ODDS]  Stanford (W): 20/23 → 5/6, SMU (W): 4/5 → 5/6
2026-02-27T03:26:19.759Z [EVENT]  score: 12-37
2026-02-27T03:26:31.981Z [ODDS]  Stanford (W): 5/6 → 4/5, SMU (W): 5/6 → 20/23
2026-02-27T03:26:31.981Z [EVENT]  score: 12-39
2026-02-27T03:26:53.134Z [ODDS]  Stanford (W): 4/5 → 5/6, SMU (W): 20/23 → 5/6
2026-02-27T03:26:53.584Z [ODDS]  Stanford (W): 5/6 → 4/5, SMU (W): 5/6 → 20/23
2026-02-27T03:26:56.291Z [ODDS]  Stanford (W): 4/5 → 5/6, SMU (W): 20/23 → 5/6
2026-02-27T03:27:06.663Z [ODDS]  Stanford (W): 5/6 → 4/5, SMU (W): 5/6 → 20/23
2026-02-27T03:27:25.605Z [ODDS]  Stanford (W): 4/5 → 20/23, SMU (W): 20/23 → 4/5
2026-02-27T03:27:37.331Z [ODDS]  Stanford (W): 20/23 → 4/5, SMU (W): 4/5 → 20/23
2026-02-27T03:27:37.331Z [EVENT]  score: 14-39
2026-02-27T03:27:46.803Z [ODDS]  Stanford (W): 4/5 → 5/6, SMU (W): 20/23 → 5/6
2026-02-27T03:27:57.631Z [ODDS]  Stanford (W): 5/6 → 20/23, SMU (W): 5/6 → 4/5
2026-02-27T03:28:33.839Z [ODDS]  Stanford (W): 20/23 → 4/5, SMU (W): 4/5 → 20/23
2026-02-27T03:28:41.959Z [ODDS]  Stanford (W): 4/5 → 5/6, SMU (W): 20/23 → 5/6
2026-02-27T03:28:50.078Z [ODDS]  Stanford (W): 5/6 → 4/5, SMU (W): 5/6 → 20/23
2026-02-27T03:29:25.709Z [ODDS]  Stanford (W): 4/5 → 5/6, SMU (W): 20/23 → 5/6
2026-02-27T03:29:25.709Z [EVENT]  score: 16-39
2026-02-27T03:29:45.101Z [ODDS]  Stanford (W): 5/6 → 20/23, SMU (W): 5/6 → 4/5
2026-02-27T03:29:47.356Z [ODDS]  Stanford (W): 20/23 → 5/6, SMU (W): 4/5 → 5/6
2026-02-27T03:29:47.356Z [EVENT]  score: 16-42
2026-02-27T03:30:07.200Z [ODDS]  Stanford (W): 5/6 → 4/5, SMU (W): 5/6 → 20/23
2026-02-27T03:30:07.200Z [EVENT]  score: 18-42
2026-02-27T03:30:20.730Z [ODDS]  Stanford (W): 4/5 → 5/6, SMU (W): 20/23 → 5/6
2026-02-27T03:30:27.046Z [ODDS]  Stanford (W): 5/6 → 4/5, SMU (W): 5/6 → 20/23
2026-02-27T03:34:22.473Z [ODDS]  Stanford (W): 4/5 → 5/6, SMU (W): 20/23 → 5/6
2026-02-27T03:34:31.123Z [ODDS]  Stanford (W): 5/6 → 20/23, SMU (W): 5/6 → 4/5
2026-02-27T03:34:37.910Z [ODDS]  Stanford (W): 20/23 → 4/5, SMU (W): 4/5 → 20/23
2026-02-27T03:34:37.910Z [EVENT]  score: 20-42
2026-02-27T03:34:44.122Z [ODDS]  Stanford (W): 4/5 → 5/6, SMU (W): 20/23 → 5/6
2026-02-27T03:34:55.011Z [ODDS]  Stanford (W): 5/6 → 20/23, SMU (W): 5/6 → 4/5
2026-02-27T03:34:56.299Z [ODDS]  Stanford (W): 20/23 → 4/5, SMU (W): 4/5 → 20/23
2026-02-27T03:35:03.514Z [ODDS]  Stanford (W): 4/5 → 20/23, SMU (W): 20/23 → 4/5
2026-02-27T03:35:03.971Z [ODDS]  Stanford (W): 20/23 → 4/5, SMU (W): 4/5 → 20/23
2026-02-27T03:35:22.906Z [ODDS]  Stanford (W): 4/5 → 5/6, SMU (W): 20/23 → 5/6
2026-02-27T03:35:25.162Z [ODDS]  Stanford (W): 5/6 → 20/23, SMU (W): 5/6 → 4/5
2026-02-27T03:35:31.926Z [ODDS]  Stanford (W): 20/23 → 4/5, SMU (W): 4/5 → 20/23
2026-02-27T03:35:32.377Z [ODDS]  Stanford (W): 4/5 → 5/6, SMU (W): 20/23 → 5/6
2026-02-27T03:35:53.174Z [ODDS]  Stanford (W): 5/6 → 20/23, SMU (W): 5/6 → 4/5
2026-02-27T03:35:53.174Z [EVENT]  score: 22-42
2026-02-27T03:36:03.498Z [ODDS]  Stanford (W): 20/23 → 5/6, SMU (W): 4/5 → 5/6
2026-02-27T03:36:03.498Z [EVENT]  score: 22-44
2026-02-27T03:36:22.443Z [ODDS]  Stanford (W): 5/6 → 4/5, SMU (W): 5/6 → 20/23
2026-02-27T03:36:33.263Z [ODDS]  Stanford (W): 4/5 → 20/23, SMU (W): 20/23 → 4/5
