2026-02-27T00:38:21.204Z [ODDS]  Sportivo Suardi: 20/27 → 20/23, Santa Paula de Galvez: 20/21 → 4/5
2026-02-27T00:38:51.421Z [ODDS]  Sportivo Suardi: 20/23 → 5/6, Santa Paula de Galvez: 4/5 → 5/6
2026-02-27T00:39:04.049Z [EVENT]  score: 4-14
2026-02-27T00:39:14.422Z [EVENT]  score: 4-15
2026-02-27T00:39:50.980Z [ODDS]  Sportivo Suardi: 5/6 → 20/23, Santa Paula de Galvez: 5/6 → 4/5
2026-02-27T00:39:50.980Z [EVENT]  score: 4-17
2026-02-27T00:39:55.915Z [ODDS]  Sportivo Suardi: 20/23 → 5/6, Santa Paula de Galvez: 4/5 → 5/6
2026-02-27T00:40:30.646Z [EVENT]  score: 7-17
2026-02-27T00:40:46.072Z [ODDS]  Sportivo Suardi: 5/6 → 20/23, Santa Paula de Galvez: 5/6 → 4/5
2026-02-27T00:40:55.002Z [ODDS]  Sportivo Suardi: 20/23 → 5/6, Santa Paula de Galvez: 4/5 → 5/6
2026-02-27T00:40:55.453Z [ODDS]  Sportivo Suardi: 5/6 → 20/23, Santa Paula de Galvez: 5/6 → 4/5
2026-02-27T00:40:55.453Z [EVENT]  score: 9-17
2026-02-27T00:41:10.787Z [ODDS]  Sportivo Suardi: 20/23 → 20/21, Santa Paula de Galvez: 4/5 → 20/27
2026-02-27T00:41:13.040Z [ODDS]  Sportivo Suardi: 20/21 → 20/23, Santa Paula de Galvez: 20/27 → 4/5
2026-02-27T00:41:50.023Z [ODDS]  Sportivo Suardi: 20/23 → 4/5, Santa Paula de Galvez: 4/5 → 20/23
2026-02-27T00:41:50.023Z [EVENT]  score: 12-17
2026-02-27T00:42:10.862Z [ODDS]  Sportivo Suardi: 4/5 → 20/23, Santa Paula de Galvez: 20/23 → 4/5
2026-02-27T00:42:31.066Z [ODDS]  Sportivo Suardi: 20/23 → 4/5, Santa Paula de Galvez: 4/5 → 20/23
2026-02-27T00:42:37.379Z [EVENT]  score: 15-17
2026-02-27T00:44:41.860Z [ODDS]  Sportivo Suardi: 4/5 → 20/23, Santa Paula de Galvez: 20/23 → 4/5
2026-02-27T00:45:09.860Z [ODDS]  Sportivo Suardi: 20/23 → 4/5, Santa Paula de Galvez: 4/5 → 20/23
2026-02-27T00:45:21.123Z [ODDS]  Sportivo Suardi: 4/5 → 5/6, Santa Paula de Galvez: 20/23 → 5/6
2026-02-27T00:45:21.123Z [EVENT]  score: 18-17
2026-02-27T00:45:26.960Z [ODDS]  Sportivo Suardi: 5/6 → 4/5, Santa Paula de Galvez: 5/6 → 20/23
2026-02-27T00:45:35.078Z [ODDS]  Sportivo Suardi: 4/5 → 5/6, Santa Paula de Galvez: 20/23 → 5/6
2026-02-27T00:46:13.866Z [ODDS]  Sportivo Suardi: 5/6 → 20/23, Santa Paula de Galvez: 5/6 → 4/5
2026-02-27T00:46:13.866Z [EVENT]  score: 21-17
2026-02-27T00:46:21.984Z [ODDS]  Sportivo Suardi: 20/23 → 5/6, Santa Paula de Galvez: 4/5 → 5/6
2026-02-27T00:46:39.120Z [ODDS]  Sportivo Suardi: 5/6 → 20/23, Santa Paula de Galvez: 5/6 → 4/5
2026-02-27T00:46:39.571Z [ODDS]  Sportivo Suardi: 20/23 → 5/6, Santa Paula de Galvez: 4/5 → 5/6
2026-02-27T00:46:54.454Z [EVENT]  score: 21-18
2026-02-27T00:47:10.239Z [ODDS]  Sportivo Suardi: 5/6 → 4/5, Santa Paula de Galvez: 5/6 → 20/23
2026-02-27T00:47:10.240Z [EVENT]  score: 21-19
2026-02-27T00:47:22.060Z [ODDS]  Sportivo Suardi: 4/5 → 5/6, Santa Paula de Galvez: 20/23 → 5/6
2026-02-27T00:47:22.060Z [EVENT]  score: 23-19
2026-02-27T00:47:36.908Z [EVENT]  score: 23-22
2026-02-27T00:47:56.774Z [EVENT]  score: 25-22
2026-02-27T00:48:17.890Z [ODDS]  Sportivo Suardi: 5/6 → 4/5, Santa Paula de Galvez: 5/6 → 20/23
2026-02-27T00:48:17.890Z [EVENT]  score: 25-24
2026-02-27T00:48:54.422Z [ODDS]  Sportivo Suardi: 4/5 → 5/6, Santa Paula de Galvez: 20/23 → 5/6
2026-02-27T00:48:54.422Z [EVENT]  score: 27-24
2026-02-27T00:49:52.601Z [ODDS]  Sportivo Suardi: 5/6 → 4/5, Santa Paula de Galvez: 5/6 → 20/23
2026-02-27T00:50:11.995Z [ODDS]  Sportivo Suardi: 4/5 → 20/23, Santa Paula de Galvez: 20/23 → 4/5
2026-02-27T00:50:11.995Z [EVENT]  score: 27-27
2026-02-27T00:53:05.184Z [ODDS]  Sportivo Suardi: 20/23 → 5/6, Santa Paula de Galvez: 4/5 → 5/6
2026-02-27T00:53:05.184Z [EVENT]  score: 27-30
2026-02-27T00:53:27.283Z [ODDS]  Sportivo Suardi: 5/6 → 20/23, Santa Paula de Galvez: 5/6 → 4/5
2026-02-27T00:53:27.283Z [EVENT]  score: 27-32
2026-02-27T00:55:46.646Z [ODDS]  Sportivo Suardi: 20/23 → 5/6, Santa Paula de Galvez: 4/5 → 5/6
2026-02-27T00:55:46.646Z [EVENT]  score: 27-30
2026-02-27T00:56:15.060Z [ODDS]  Sportivo Suardi: 5/6 → 4/5, Santa Paula de Galvez: 5/6 → 20/23
2026-02-27T00:57:08.727Z [EVENT]  score: 27-33
2026-02-27T00:57:32.180Z [ODDS]  Sportivo Suardi: 4/5 → 20/23, Santa Paula de Galvez: 20/23 → 4/5
2026-02-27T00:57:52.023Z [ODDS]  Sportivo Suardi: 20/23 → 4/5, Santa Paula de Galvez: 4/5 → 20/23
2026-02-27T00:58:03.298Z [ODDS]  Sportivo Suardi: 4/5 → 5/6, Santa Paula de Galvez: 20/23 → 5/6
2026-02-27T00:58:03.298Z [EVENT]  score: 28-33
2026-02-27T00:59:01.928Z [EVENT]  score: 31-33
2026-02-27T00:59:20.871Z [EVENT]  score: 31-35
2026-02-27T00:59:31.695Z [ODDS]  Sportivo Suardi: 5/6 → 20/23, Santa Paula de Galvez: 5/6 → 4/5
2026-02-27T00:59:39.361Z [ODDS]  Sportivo Suardi: 20/23 → 5/6, Santa Paula de Galvez: 4/5 → 5/6
2026-02-27T00:59:51.991Z [EVENT]  score: 33-35
2026-02-27T01:00:11.835Z [EVENT]  score: 33-37
2026-02-27T01:02:07.293Z [ODDS]  Sportivo Suardi: 5/6 → 4/5, Santa Paula de Galvez: 5/6 → 20/23
2026-02-27T01:02:08.193Z [ODDS]  Sportivo Suardi: 4/5 → 5/6, Santa Paula de Galvez: 20/23 → 5/6
2026-02-27T01:02:08.193Z [EVENT]  score: 35-37
2026-02-27T01:02:26.684Z [ODDS]  Sportivo Suardi: 5/6 → 4/5, Santa Paula de Galvez: 5/6 → 20/23
2026-02-27T01:02:26.684Z [EVENT]  score: 35-39
2026-02-27T01:02:37.960Z [EVENT]  score: 38-39
2026-02-27T01:02:51.490Z [ODDS]  Sportivo Suardi: 4/5 → 5/6, Santa Paula de Galvez: 20/23 → 5/6
2026-02-27T01:02:56.901Z [EVENT]  score: 40-39
2026-02-27T01:04:59.577Z [EVENT]  score: 40-41
2026-02-27T01:05:27.991Z [EVENT]  score: 42-41
2026-02-27T01:05:46.934Z [EVENT]  score: 42-43
2026-02-27T01:05:55.954Z [ODDS]  Sportivo Suardi: 5/6 → 20/23, Santa Paula de Galvez: 5/6 → 4/5
2026-02-27T01:05:55.954Z [EVENT]  score: 42-41
2026-02-27T01:05:56.855Z [ODDS]  Sportivo Suardi: 20/23 → 5/6, Santa Paula de Galvez: 4/5 → 5/6
2026-02-27T01:06:23.016Z [EVENT]  score: 42-44
2026-02-27T01:06:32.490Z [EVENT]  score: 44-44
2026-02-27T01:06:44.216Z [ODDS]  Sportivo Suardi: 5/6 → 20/23, Santa Paula de Galvez: 5/6 → 4/5
2026-02-27T01:06:45.568Z [ODDS]  Sportivo Suardi: 20/23 → 4/5, Santa Paula de Galvez: 4/5 → 20/23
2026-02-27T01:06:58.648Z [ODDS]  Sportivo Suardi: 4/5 → 5/6, Santa Paula de Galvez: 20/23 → 5/6
2026-02-27T01:06:58.648Z [EVENT]  score: 45-44
2026-02-27T01:07:24.356Z [EVENT]  score: 45-46
2026-02-27T01:07:35.178Z [ODDS]  Sportivo Suardi: 5/6 → 4/5, Santa Paula de Galvez: 5/6 → 20/23
2026-02-27T01:07:45.551Z [ODDS]  Sportivo Suardi: 4/5 → 5/6, Santa Paula de Galvez: 20/23 → 5/6
2026-02-27T01:07:50.069Z [EVENT]  score: 45-48
2026-02-27T01:07:55.923Z [ODDS]  Sportivo Suardi: 5/6 → 4/5, Santa Paula de Galvez: 5/6 → 20/23
2026-02-27T01:08:12.611Z [ODDS]  Sportivo Suardi: 4/5 → 5/6, Santa Paula de Galvez: 20/23 → 5/6
2026-02-27T01:08:28.256Z [ODDS]  Sportivo Suardi: 5/6 → 20/23, Santa Paula de Galvez: 5/6 → 4/5
2026-02-27T01:08:44.036Z [ODDS]  Sportivo Suardi: 20/23 → 5/6, Santa Paula de Galvez: 4/5 → 5/6
2026-02-27T01:09:07.492Z [ODDS]  Sportivo Suardi: 5/6 → 20/23, Santa Paula de Galvez: 5/6 → 4/5
2026-02-27T01:09:07.492Z [EVENT]  score: 47-48
2026-02-27T01:09:25.983Z [ODDS]  Sportivo Suardi: 20/23 → 5/6, Santa Paula de Galvez: 4/5 → 5/6
2026-02-27T01:09:27.785Z [ODDS]  Sportivo Suardi: 5/6 → 20/23, Santa Paula de Galvez: 5/6 → 4/5
2026-02-27T01:09:39.060Z [ODDS]  Sportivo Suardi: 20/23 → 4/5, Santa Paula de Galvez: 4/5 → 20/23
2026-02-27T01:09:39.060Z [EVENT]  score: 48-48
2026-02-27T01:09:58.453Z [ODDS]  Sportivo Suardi: 4/5 → 20/23, Santa Paula de Galvez: 20/23 → 4/5
2026-02-27T01:09:58.453Z [EVENT]  score: 48-50
2026-02-27T01:10:07.473Z [ODDS]  Sportivo Suardi: 20/23 → 5/6, Santa Paula de Galvez: 4/5 → 5/6
2026-02-27T01:10:56.634Z [EVENT]  score: 49-50
2026-02-27T01:11:11.515Z [ODDS]  Sportivo Suardi: 5/6 → 20/23, Santa Paula de Galvez: 5/6 → 4/5
2026-02-27T01:11:11.515Z [EVENT]  score: 50-50
2026-02-27T01:11:29.559Z [ODDS]  Sportivo Suardi: 20/23 → 5/6, Santa Paula de Galvez: 4/5 → 5/6
2026-02-27T01:11:29.559Z [EVENT]  score: 50-52
2026-02-27T01:11:47.598Z [ODDS]  Sportivo Suardi: 5/6 → 4/5, Santa Paula de Galvez: 5/6 → 20/23
2026-02-27T01:11:49.402Z [ODDS]  Sportivo Suardi: 4/5 → 20/23, Santa Paula de Galvez: 20/23 → 4/5
2026-02-27T01:12:01.130Z [ODDS]  Sportivo Suardi: 20/23 → 5/6, Santa Paula de Galvez: 4/5 → 5/6
2026-02-27T01:12:13.305Z [ODDS]  Sportivo Suardi: 5/6 → 20/23, Santa Paula de Galvez: 5/6 → 4/5
2026-02-27T01:12:17.815Z [ODDS]  Sportivo Suardi: 20/23 → 5/6, Santa Paula de Galvez: 4/5 → 5/6
2026-02-27T01:12:17.815Z [EVENT]  score: 50-54
2026-02-27T01:12:42.170Z [ODDS]  Sportivo Suardi: 5/6 → 4/5, Santa Paula de Galvez: 5/6 → 20/23
2026-02-27T01:12:58.406Z [ODDS]  Sportivo Suardi: 4/5 → 5/6, Santa Paula de Galvez: 20/23 → 5/6
2026-02-27T01:13:11.937Z [EVENT]  score: 53-54
2026-02-27T01:13:29.074Z [ODDS]  Sportivo Suardi: 5/6 → 20/23, Santa Paula de Galvez: 5/6 → 4/5
2026-02-27T01:13:43.960Z [ODDS]  Sportivo Suardi: 20/23 → 5/6, Santa Paula de Galvez: 4/5 → 5/6
2026-02-27T01:13:59.745Z [ODDS]  Sportivo Suardi: 5/6 → 4/5, Santa Paula de Galvez: 5/6 → 20/23
2026-02-27T01:14:23.197Z [ODDS]  Sportivo Suardi: 4/5 → 5/6, Santa Paula de Galvez: 20/23 → 5/6
2026-02-27T01:29:56.776Z [ODDS]  Sportivo Suardi: 5/6 → 4/5, Santa Paula de Galvez: 5/6 → 20/23
2026-02-27T01:30:02.190Z [ODDS]  Sportivo Suardi: 4/5 → 20/23, Santa Paula de Galvez: 20/23 → 4/5
2026-02-27T01:30:02.190Z [EVENT]  score: 53-56
2026-02-27T01:30:12.110Z [ODDS]  Sportivo Suardi: 20/23 → 4/5, Santa Paula de Galvez: 4/5 → 20/23
2026-02-27T01:30:12.110Z [EVENT]  score: 55-56
2026-02-27T01:30:35.562Z [ODDS]  Sportivo Suardi: 4/5 → 20/23, Santa Paula de Galvez: 20/23 → 4/5
2026-02-27T01:30:35.562Z [EVENT]  score: 55-58
2026-02-27T01:30:56.759Z [ODDS]  Sportivo Suardi: 20/23 → 5/6, Santa Paula de Galvez: 4/5 → 5/6
2026-02-27T01:31:11.197Z [ODDS]  Sportivo Suardi: 5/6 → 20/23, Santa Paula de Galvez: 5/6 → 4/5
2026-02-27T01:31:24.723Z [ODDS]  Sportivo Suardi: 20/23 → 4/5, Santa Paula de Galvez: 4/5 → 20/23
2026-02-27T01:31:24.723Z [EVENT]  score: 56-58
2026-02-27T01:31:45.019Z [ODDS]  Sportivo Suardi: 4/5 → 5/6, Santa Paula de Galvez: 20/23 → 5/6
2026-02-27T01:31:57.195Z [EVENT]  score: 58-58
2026-02-27T01:35:49.916Z [ODDS]  Sportivo Suardi: 5/6 → 4/5, Santa Paula de Galvez: 5/6 → 20/23
2026-02-27T01:36:04.348Z [ODDS]  Sportivo Suardi: 4/5 → 20/23, Santa Paula de Galvez: 20/23 → 4/5
2026-02-27T01:36:04.348Z [EVENT]  score: 61-58
2026-02-27T01:36:42.232Z [ODDS]  Sportivo Suardi: 20/23 → 5/6, Santa Paula de Galvez: 4/5 → 5/6
2026-02-27T01:36:42.232Z [EVENT]  score: 63-58
2026-02-27T01:37:02.076Z [EVENT]  score: 63-60
2026-02-27T01:37:12.449Z [ODDS]  Sportivo Suardi: 5/6 → 20/23, Santa Paula de Galvez: 5/6 → 4/5
2026-02-27T01:37:18.312Z [ODDS]  Sportivo Suardi: 20/23 → 4/5, Santa Paula de Galvez: 4/5 → 20/23
2026-02-27T01:37:25.980Z [ODDS]  Sportivo Suardi: 4/5 → 20/23, Santa Paula de Galvez: 20/23 → 4/5
2026-02-27T01:37:25.980Z [EVENT]  score: 63-61
2026-02-27T01:38:20.099Z [ODDS]  Sportivo Suardi: 20/23 → 4/5, Santa Paula de Galvez: 4/5 → 20/23
2026-02-27T01:38:20.099Z [EVENT]  score: 63-63
2026-02-27T01:38:39.275Z [ODDS]  Sportivo Suardi: 4/5 → 5/6, Santa Paula de Galvez: 20/23 → 5/6
2026-02-27T01:38:39.275Z [EVENT]  score: 63-65
2026-02-27T01:39:10.848Z [ODDS]  Sportivo Suardi: 5/6 → 20/23, Santa Paula de Galvez: 5/6 → 4/5
2026-02-27T01:39:31.145Z [ODDS]  Sportivo Suardi: 20/23 → 4/5, Santa Paula de Galvez: 4/5 → 20/23
2026-02-27T01:39:31.145Z [EVENT]  score: 64-65
2026-02-27T01:39:46.478Z [ODDS]  Sportivo Suardi: 4/5 → 5/6, Santa Paula de Galvez: 20/23 → 5/6
2026-02-27T01:40:34.736Z [ODDS]  Sportivo Suardi: 5/6 → 4/5, Santa Paula de Galvez: 5/6 → 20/23
2026-02-27T01:40:52.776Z [ODDS]  Sportivo Suardi: 4/5 → 5/6, Santa Paula de Galvez: 20/23 → 5/6
2026-02-27T01:41:10.367Z [ODDS]  Sportivo Suardi: 5/6 → 20/23, Santa Paula de Galvez: 5/6 → 4/5
2026-02-27T01:41:18.938Z [ODDS]  Sportivo Suardi: 20/23 → 5/6, Santa Paula de Galvez: 4/5 → 5/6
2026-02-27T01:41:28.411Z [ODDS]  Sportivo Suardi: 5/6 → 20/23, Santa Paula de Galvez: 5/6 → 4/5
2026-02-27T01:41:28.411Z [EVENT]  score: 64-67
2026-02-27T01:41:39.691Z [ODDS]  Sportivo Suardi: 20/23 → 5/6, Santa Paula de Galvez: 4/5 → 5/6
2026-02-27T01:41:39.691Z [EVENT]  score: 67-67
2026-02-27T01:42:03.138Z [ODDS]  Sportivo Suardi: 5/6 → 4/5, Santa Paula de Galvez: 5/6 → 20/23
2026-02-27T01:42:44.631Z [ODDS]  Sportivo Suardi: 4/5 → 5/6, Santa Paula de Galvez: 20/23 → 5/6
2026-02-27T01:42:45.082Z [ODDS]  Sportivo Suardi: 5/6 → 20/23, Santa Paula de Galvez: 5/6 → 4/5
2026-02-27T01:42:52.749Z [ODDS]  Sportivo Suardi: 20/23 → 4/5, Santa Paula de Galvez: 4/5 → 20/23
2026-02-27T01:42:52.749Z [EVENT]  score: 68-67
2026-02-27T01:43:05.377Z [ODDS]  Sportivo Suardi: 4/5 → 5/6, Santa Paula de Galvez: 20/23 → 5/6
2026-02-27T01:43:05.377Z [EVENT]  score: 69-67
2026-02-27T01:43:41.457Z [ODDS]  Sportivo Suardi: 5/6 → 20/23, Santa Paula de Galvez: 5/6 → 4/5
2026-02-27T01:45:12.564Z [ODDS]  Sportivo Suardi: 20/23 → 5/6, Santa Paula de Galvez: 4/5 → 5/6
2026-02-27T01:45:19.778Z [ODDS]  Sportivo Suardi: 5/6 → 4/5, Santa Paula de Galvez: 5/6 → 20/23
2026-02-27T01:45:19.778Z [EVENT]  score: 69-68
2026-02-27T01:45:29.702Z [ODDS]  Sportivo Suardi: 4/5 → 20/23, Santa Paula de Galvez: 20/23 → 4/5
2026-02-27T01:45:40.525Z [ODDS]  Sportivo Suardi: 20/23 → 5/6, Santa Paula de Galvez: 4/5 → 5/6
2026-02-27T01:45:45.037Z [EVENT]  score: 72-68
2026-02-27T01:45:53.604Z [ODDS]  Sportivo Suardi: 5/6 → 4/5, Santa Paula de Galvez: 5/6 → 20/23
2026-02-27T01:46:31.949Z [ODDS]  Sportivo Suardi: 4/5 → 20/23, Santa Paula de Galvez: 20/23 → 4/5
2026-02-27T01:46:59.911Z [ODDS]  Sportivo Suardi: 20/23 → 5/6, Santa Paula de Galvez: 4/5 → 5/6
2026-02-27T01:47:27.424Z [ODDS]  Sportivo Suardi: 5/6 → 20/23, Santa Paula de Galvez: 5/6 → 4/5
2026-02-27T01:48:19.739Z [ODDS]  Sportivo Suardi: 20/23 → 5/6, Santa Paula de Galvez: 4/5 → 5/6
2026-02-27T01:48:35.524Z [EVENT]  score: 73-68
2026-02-27T01:48:51.760Z [ODDS]  Sportivo Suardi: 5/6 → 20/23, Santa Paula de Galvez: 5/6 → 4/5
2026-02-27T01:48:51.760Z [EVENT]  score: 73-70
2026-02-27T01:49:06.652Z [ODDS]  Sportivo Suardi: 20/23 → 4/5, Santa Paula de Galvez: 4/5 → 20/23, Sportivo Suardi: 4/5 → 20/23, Santa Paula de Galvez: 20/23 → 4/5
2026-02-27T01:49:06.653Z [ODDS]  Sportivo Suardi: 20/23 → 4/5, Santa Paula de Galvez: 4/5 → 20/23, Sportivo Suardi: 4/5 → 20/23, Santa Paula de Galvez: 20/23 → 4/5
2026-02-27T01:49:23.781Z [ODDS]  Sportivo Suardi: 20/23 → 5/6, Santa Paula de Galvez: 4/5 → 5/6
2026-02-27T01:49:23.781Z [EVENT]  score: 73-71
2026-02-27T01:49:36.861Z [EVENT]  score: 75-71
2026-02-27T01:49:50.389Z [ODDS]  Sportivo Suardi: 5/6 → 4/5, Santa Paula de Galvez: 5/6 → 20/23
2026-02-27T01:49:58.057Z [ODDS]  Sportivo Suardi: 4/5 → 20/23, Santa Paula de Galvez: 20/23 → 4/5
2026-02-27T01:50:34.589Z [ODDS]  Sportivo Suardi: 20/23 → 5/6, Santa Paula de Galvez: 4/5 → 5/6
2026-02-27T01:50:47.668Z [ODDS]  Sportivo Suardi: 5/6 → 4/5, Santa Paula de Galvez: 5/6 → 20/23
2026-02-27T01:50:54.434Z [EVENT]  score: 77-71
2026-02-27T01:51:01.648Z [ODDS]  Sportivo Suardi: 4/5 → 20/23, Santa Paula de Galvez: 20/23 → 4/5
2026-02-27T01:51:14.275Z [ODDS]  Sportivo Suardi: 20/23 → 4/5, Santa Paula de Galvez: 4/5 → 20/23
2026-02-27T01:51:14.275Z [EVENT]  score: 77-73
2026-02-27T01:51:59.829Z [ODDS]  Sportivo Suardi: 4/5 → 5/6, Santa Paula de Galvez: 20/23 → 5/6
2026-02-27T01:52:15.614Z [EVENT]  score: 78-73
2026-02-27T01:52:27.790Z [ODDS]  Sportivo Suardi: 5/6 → 20/23, Santa Paula de Galvez: 5/6 → 4/5
2026-02-27T01:52:27.790Z [EVENT]  score: 79-73
2026-02-27T01:52:49.147Z [ODDS]  Sportivo Suardi: 20/23 → 4/5, Santa Paula de Galvez: 4/5 → 20/23
2026-02-27T01:52:49.147Z [EVENT]  score: 79-75
2026-02-27T01:53:12.600Z [ODDS]  Sportivo Suardi: 4/5 → 20/23, Santa Paula de Galvez: 20/23 → 4/5
2026-02-27T01:53:12.600Z [EVENT]  score: 81-75
2026-02-27T01:53:50.484Z [ODDS]  Sportivo Suardi: 20/23 → 5/6, Santa Paula de Galvez: 4/5 → 5/6
2026-02-27T01:53:58.601Z [ODDS]  Sportivo Suardi: 5/6 → 4/5, Santa Paula de Galvez: 5/6 → 20/23
2026-02-27T01:53:58.601Z [EVENT]  score: 81-76
2026-02-27T01:54:08.523Z [ODDS]  Sportivo Suardi: 4/5 → 20/23, Santa Paula de Galvez: 20/23 → 4/5
2026-02-27T01:54:08.523Z [EVENT]  score: 81-77
2026-02-27T01:54:41.451Z [ODDS]  Sportivo Suardi: 20/23 → 4/5, Santa Paula de Galvez: 4/5 → 20/23
2026-02-27T01:55:06.702Z [ODDS]  Sportivo Suardi: 4/5 → 20/27, Santa Paula de Galvez: 20/23 → 20/21
2026-02-27T01:55:08.958Z [ODDS]  Sportivo Suardi: 20/27 → 20/23, Santa Paula de Galvez: 20/21 → 4/5
2026-02-27T01:55:15.271Z [ODDS]  Sportivo Suardi: 20/23 → 5/6, Santa Paula de Galvez: 4/5 → 5/6
2026-02-27T01:58:20.185Z [ODDS]  Sportivo Suardi: 5/6 → 20/23, Santa Paula de Galvez: 5/6 → 4/5
2026-02-27T01:58:20.185Z [EVENT]  score: 82-77
2026-02-27T01:58:32.362Z [EVENT]  score: 83-77
2026-02-27T01:58:45.440Z [EVENT]  score: 83-80
2026-02-27T01:59:09.797Z [ODDS]  Sportivo Suardi: 20/23 → 5/6, Santa Paula de Galvez: 4/5 → 5/6
2026-02-27T01:59:46.333Z [ODDS]  Sportivo Suardi: 5/6 → 20/23, Santa Paula de Galvez: 5/6 → 4/5
2026-02-27T01:59:57.607Z [ODDS]  Sportivo Suardi: 20/23 → 5/6, Santa Paula de Galvez: 4/5 → 5/6
2026-02-27T01:59:57.607Z [EVENT]  score: 83-81
2026-02-27T02:00:08.431Z [ODDS]  Sportivo Suardi: 5/6 → 4/5, Santa Paula de Galvez: 5/6 → 20/23
2026-02-27T02:00:08.431Z [EVENT]  score: 83-82
2026-02-27T02:00:37.747Z [ODDS]  Sportivo Suardi: 4/5 → 5/6, Santa Paula de Galvez: 20/23 → 5/6
2026-02-27T02:00:45.865Z [ODDS]  Sportivo Suardi: 5/6 → 20/23, Santa Paula de Galvez: 5/6 → 4/5
2026-02-27T02:00:45.865Z [EVENT]  score: 83-84
2026-02-27T02:00:57.139Z [ODDS]  Sportivo Suardi: 20/23 → 5/6, Santa Paula de Galvez: 4/5 → 5/6
2026-02-27T02:01:21.493Z [ODDS]  Sportivo Suardi: 5/6 → 20/21, Santa Paula de Galvez: 5/6 → 20/27
2026-02-27T02:01:33.670Z [ODDS]  Sportivo Suardi: 20/21 → 5/6, Santa Paula de Galvez: 20/27 → 5/6
2026-02-27T02:01:33.670Z [EVENT]  score: 86-84
2026-02-27T02:02:00.279Z [ODDS]  Sportivo Suardi: 5/6 → 20/23, Santa Paula de Galvez: 5/6 → 4/5
2026-02-27T02:02:00.279Z [EVENT]  score: 86-86
2026-02-27T02:02:06.594Z [ODDS]  Sportivo Suardi: 20/23 → 5/6, Santa Paula de Galvez: 4/5 → 5/6
2026-02-27T02:02:13.359Z [ODDS]  Sportivo Suardi: 5/6 → 4/5, Santa Paula de Galvez: 5/6 → 20/23
2026-02-27T02:02:13.359Z [EVENT]  score: 89-86
2026-02-27T02:02:30.948Z [ODDS]  Sportivo Suardi: 4/5 → 5/6, Santa Paula de Galvez: 20/23 → 5/6
2026-02-27T02:02:30.948Z [EVENT]  score: 89-88
2026-02-27T02:02:40.435Z [ODDS]  Sportivo Suardi: 5/6 → 20/27, Santa Paula de Galvez: 5/6 → 20/21
2026-02-27T02:02:40.435Z [EVENT]  score: 91-88
2026-02-27T02:02:53.047Z [ODDS]  Sportivo Suardi: 20/27 → 20/21, Santa Paula de Galvez: 20/21 → 20/27
2026-02-27T02:03:16.500Z [ODDS]  Sportivo Suardi: 20/21 → 5/6, Santa Paula de Galvez: 20/27 → 5/6
2026-02-27T02:03:16.951Z [ODDS]  Sportivo Suardi: 5/6 → 4/5, Santa Paula de Galvez: 5/6 → 20/23
2026-02-27T02:03:32.285Z [ODDS]  Sportivo Suardi: 4/5 → 5/6, Santa Paula de Galvez: 20/23 → 5/6
2026-02-27T02:03:32.285Z [EVENT]  score: 92-88
2026-02-27T02:03:47.168Z [EVENT]  score: 92-90
2026-02-27T02:04:40.387Z [ODDS]  Sportivo Suardi: 5/6 → 20/23, Santa Paula de Galvez: 5/6 → 4/5
2026-02-27T02:04:40.387Z [EVENT]  score: 92-92
2026-02-27T02:08:33.009Z [ODDS]  Sportivo Suardi: 20/23 → 5/6, Santa Paula de Galvez: 4/5 → 5/6, Sportivo Suardi: 5/6 → 4/5
2026-02-27T02:08:33.009Z [ODDS]  Sportivo Suardi: 4/5 → 5/6, Sportivo Suardi: 5/6 → 4/5
2026-02-27T02:08:33.464Z [ODDS]  Santa Paula de Galvez: 5/6 → 20/23
2026-02-27T02:08:41.128Z [ODDS]  Sportivo Suardi: 4/5 → 20/23, Santa Paula de Galvez: 20/23 → 4/5
2026-02-27T02:08:50.597Z [ODDS]  Sportivo Suardi: 20/23 → 5/6, Santa Paula de Galvez: 4/5 → 5/6
2026-02-27T02:08:50.597Z [EVENT]  score: 92-93
2026-02-27T02:09:13.147Z [ODDS]  Sportivo Suardi: 5/6 → 4/5, Santa Paula de Galvez: 5/6 → 20/23
2026-02-27T02:09:13.147Z [EVENT]  score: 94-93
2026-02-27T02:09:50.582Z [ODDS]  Sportivo Suardi: 4/5 → 20/21, Santa Paula de Galvez: 20/23 → 20/27, Sportivo Suardi: 20/21 → 5/6, Santa Paula de Galvez: 20/27 → 5/6
2026-02-27T02:09:50.582Z [ODDS]  Sportivo Suardi: 5/6 → 20/21, Santa Paula de Galvez: 5/6 → 20/27, Sportivo Suardi: 20/21 → 5/6, Santa Paula de Galvez: 20/27 → 5/6
2026-02-27T02:10:09.071Z [ODDS]  Sportivo Suardi: 5/6 → 4/5, Santa Paula de Galvez: 5/6 → 20/23
2026-02-27T02:10:09.071Z [EVENT]  score: 94-94
2026-02-27T02:10:16.742Z [ODDS]  Sportivo Suardi: 4/5 → 20/27, Santa Paula de Galvez: 20/23 → 20/21
2026-02-27T02:10:16.742Z [EVENT]  score: 94-95
2026-02-27T02:10:39.291Z [ODDS]  Sportivo Suardi: 20/27 → 5/7, Santa Paula de Galvez: 20/21 → 1/1
2026-02-27T02:10:39.741Z [ODDS]  Sportivo Suardi: 5/7 → 1/1, Santa Paula de Galvez: 1/1 → 5/7
2026-02-27T02:10:47.859Z [ODDS]  Sportivo Suardi: 1/1 → 20/21, Santa Paula de Galvez: 5/7 → 20/27
2026-02-27T02:10:57.783Z [ODDS]  Sportivo Suardi: 20/21 → 20/27, Santa Paula de Galvez: 20/27 → 20/21
2026-02-27T02:10:57.783Z [EVENT]  score: 94-97
2026-02-27T02:11:23.490Z [ODDS]  Sportivo Suardi: 20/27 → 20/21, Santa Paula de Galvez: 20/21 → 20/27
2026-02-27T02:11:23.490Z [EVENT]  score: 96-97
2026-02-27T02:11:42.432Z [EVENT]  score: 96-99
2026-02-27T02:11:53.255Z [ODDS]  Sportivo Suardi: 20/21 → 20/23, Santa Paula de Galvez: 20/27 → 4/5
2026-02-27T02:11:53.255Z [EVENT]  score: 98-99
2026-02-27T02:13:53.223Z [ODDS]  Sportivo Suardi: 20/23 → 20/31, Santa Paula de Galvez: 4/5 → 28/25
2026-02-27T02:14:02.241Z [ODDS]  Sportivo Suardi: 20/31 → 5/8, Santa Paula de Galvez: 28/25 → 23/20
2026-02-27T02:14:03.143Z [ODDS]  Sportivo Suardi: 5/8 → 4/5, Santa Paula de Galvez: 23/20 → 20/23
2026-02-27T02:14:03.143Z [EVENT]  score: 101-99
2026-02-27T02:14:25.693Z [ODDS]  Sportivo Suardi: 4/5 → 5/6, Santa Paula de Galvez: 20/23 → 5/6
2026-02-27T02:14:30.203Z [ODDS]  Sportivo Suardi: 5/6 → 20/27, Santa Paula de Galvez: 5/6 → 20/21
2026-02-27T02:14:30.654Z [ODDS]  Sportivo Suardi: 20/27 → 5/6, Santa Paula de Galvez: 20/21 → 5/6
2026-02-27T02:14:40.130Z [ODDS]  Sportivo Suardi: 5/6 → 1/1, Santa Paula de Galvez: 5/6 → 5/7
2026-02-27T02:15:18.466Z [ODDS]  Sportivo Suardi: 1/1 → 20/27, Santa Paula de Galvez: 5/7 → 20/21
2026-02-27T02:15:27.487Z [ODDS]  Sportivo Suardi: 20/27 → 5/7, Santa Paula de Galvez: 20/21 → 1/1
2026-02-27T02:15:32.448Z [ODDS]  Sportivo Suardi: 5/7 → 20/27, Santa Paula de Galvez: 1/1 → 20/21
2026-02-27T02:15:32.448Z [EVENT]  score: 101-101
2026-02-27T02:15:45.976Z [ODDS]  Sportivo Suardi: 20/27 → 23/20, Santa Paula de Galvez: 20/21 → 5/8
2026-02-27T02:15:49.584Z [ODDS]  Sportivo Suardi: 23/20 → 5/6, Santa Paula de Galvez: 5/8 → 5/6
2026-02-27T02:15:49.584Z [EVENT]  score: 101-103
2026-02-27T02:17:41.884Z [ODDS]  Sportivo Suardi: 5/6 → 4/5, Santa Paula de Galvez: 5/6 → 20/23
2026-02-27T02:17:55.413Z [ODDS]  Sportivo Suardi: 4/5 → 5/6, Santa Paula de Galvez: 20/23 → 5/6
2026-02-27T02:18:23.825Z [ODDS]  Sportivo Suardi: 5/6 → 20/23, Santa Paula de Galvez: 5/6 → 4/5
2026-02-27T02:20:52.660Z [ODDS]  Sportivo Suardi: 20/23 → 5/6, Santa Paula de Galvez: 4/5 → 5/6
2026-02-27T02:21:02.130Z [ODDS]  Sportivo Suardi: 5/6 → 20/23, Santa Paula de Galvez: 5/6 → 4/5
2026-02-27T02:21:02.130Z [EVENT]  score: 101-105
2026-02-27T02:23:11.573Z [ODDS]  Sportivo Suardi: 20/23 → 5/6, Santa Paula de Galvez: 4/5 → 5/6
2026-02-27T02:23:25.106Z [ODDS]  Sportivo Suardi: 5/6 → 0/0, Santa Paula de Galvez: 5/6 → 0/0
