2026-02-27T00:38:29.322Z [ODDS]  BOS Celtics (LANES): 5/6 → 20/23, NY Knicks (CALAMITY): 5/6 → 4/5
2026-02-27T00:38:29.322Z [EVENT]  score: 40-40
2026-02-27T00:38:40.631Z [ODDS]  BOS Celtics (LANES): 20/23 → 20/21, NY Knicks (CALAMITY): 4/5 → 20/27
2026-02-27T00:38:41.953Z [ODDS]  BOS Celtics (LANES): 20/21 → 20/23, NY Knicks (CALAMITY): 20/27 → 4/5
2026-02-27T00:38:49.617Z [ODDS]  BOS Celtics (LANES): 20/23 → 20/21, NY Knicks (CALAMITY): 4/5 → 20/27
2026-02-27T00:38:57.835Z [ODDS]  BOS Celtics (LANES): 20/21 → 5/7, NY Knicks (CALAMITY): 20/27 → 1/1
2026-02-27T00:38:58.637Z [ODDS]  BOS Celtics (LANES): 5/7 → 20/21, NY Knicks (CALAMITY): 1/1 → 20/27
2026-02-27T00:39:06.755Z [ODDS]  BOS Celtics (LANES): 20/21 → 1/1, NY Knicks (CALAMITY): 20/27 → 5/7
2026-02-27T00:39:14.875Z [ODDS]  BOS Celtics (LANES): 1/1 → 21/20, NY Knicks (CALAMITY): 5/7 → 20/29
2026-02-27T00:39:15.776Z [ODDS]  BOS Celtics (LANES): 21/20 → 20/27, NY Knicks (CALAMITY): 20/29 → 20/21
2026-02-27T00:39:22.540Z [ODDS]  BOS Celtics (LANES): 20/27 → 4/5, NY Knicks (CALAMITY): 20/21 → 20/23
2026-02-27T00:39:22.540Z [EVENT]  score: 40-42
2026-02-27T00:39:26.199Z [ODDS]  BOS Celtics (LANES): 4/5 → 5/6, NY Knicks (CALAMITY): 20/23 → 5/6
2026-02-27T00:39:53.660Z [ODDS]  BOS Celtics (LANES): 5/6 → 20/23, NY Knicks (CALAMITY): 5/6 → 4/5
2026-02-27T00:40:00.426Z [ODDS]  BOS Celtics (LANES): 20/23 → 5/6, NY Knicks (CALAMITY): 4/5 → 5/6
2026-02-27T00:40:00.426Z [EVENT]  score: 41-42
2026-02-27T00:40:08.094Z [ODDS]  BOS Celtics (LANES): 5/6 → 6/5, NY Knicks (CALAMITY): 5/6 → 20/33
2026-02-27T00:40:08.094Z [EVENT]  score: 42-42
2026-02-27T00:40:18.467Z [ODDS]  BOS Celtics (LANES): 6/5 → 61/50, NY Knicks (CALAMITY): 20/33 → 10/17
2026-02-27T00:40:27.128Z [ODDS]  BOS Celtics (LANES): 61/50 → 5/4, NY Knicks (CALAMITY): 10/17 → 4/7, BOS Celtics (LANES): 5/4 → 13/10, NY Knicks (CALAMITY): 4/7 → 5/9
2026-02-27T00:40:27.128Z [ODDS]  BOS Celtics (LANES): 13/10 → 5/4, NY Knicks (CALAMITY): 5/9 → 4/7, BOS Celtics (LANES): 5/4 → 13/10, NY Knicks (CALAMITY): 4/7 → 5/9
2026-02-27T00:40:35.159Z [ODDS]  BOS Celtics (LANES): 13/10 → 5/9, NY Knicks (CALAMITY): 5/9 → 13/10
2026-02-27T00:40:45.081Z [ODDS]  BOS Celtics (LANES): 5/9 → 20/21, NY Knicks (CALAMITY): 13/10 → 20/27
2026-02-27T00:40:59.512Z [ODDS]  BOS Celtics (LANES): 20/21 → 20/23, NY Knicks (CALAMITY): 20/27 → 4/5
2026-02-27T00:41:08.080Z [ODDS]  BOS Celtics (LANES): 20/23 → 20/21, NY Knicks (CALAMITY): 4/5 → 20/27
2026-02-27T00:41:16.198Z [ODDS]  BOS Celtics (LANES): 20/21 → 1/1, NY Knicks (CALAMITY): 20/27 → 5/7
2026-02-27T00:41:17.553Z [ODDS]  BOS Celtics (LANES): 1/1 → 21/20, NY Knicks (CALAMITY): 5/7 → 20/29
2026-02-27T00:41:18.003Z [ODDS]  BOS Celtics (LANES): 21/20 → 20/29, NY Knicks (CALAMITY): 20/29 → 21/20
2026-02-27T00:41:18.003Z [EVENT]  score: 42-45
2026-02-27T00:41:32.050Z [ODDS]  BOS Celtics (LANES): 20/29 → 5/7, NY Knicks (CALAMITY): 21/20 → 1/1, BOS Celtics (LANES): 5/7 → 5/6, NY Knicks (CALAMITY): 1/1 → 5/6
2026-02-27T00:41:32.050Z [ODDS]  BOS Celtics (LANES): 5/6 → 5/7, NY Knicks (CALAMITY): 5/6 → 1/1, BOS Celtics (LANES): 5/7 → 5/6, NY Knicks (CALAMITY): 1/1 → 5/6
2026-02-27T00:41:43.724Z [ODDS]  BOS Celtics (LANES): 5/6 → 20/21, NY Knicks (CALAMITY): 5/6 → 20/27
2026-02-27T00:41:43.724Z [EVENT]  score: 43-45
2026-02-27T00:41:47.767Z [ODDS]  BOS Celtics (LANES): 20/21 → 4/6
2026-02-27T00:41:48.219Z [ODDS]  NY Knicks (CALAMITY): 20/27 → 11/10
2026-02-27T00:41:48.219Z [EVENT]  score: 44-45
2026-02-27T00:41:57.239Z [ODDS]  BOS Celtics (LANES): 4/6 → 0/0, NY Knicks (CALAMITY): 11/10 → 0/0
2026-02-27T00:41:59.085Z [ODDS]  BOS Celtics (LANES): 0/0 → 4/6, NY Knicks (CALAMITY): 0/0 → 11/10
2026-02-27T00:42:00.008Z [ODDS]  BOS Celtics (LANES): 4/6 → 20/31, NY Knicks (CALAMITY): 11/10 → 28/25
2026-02-27T00:42:00.416Z [ODDS]  BOS Celtics (LANES): 20/31 → 20/23, NY Knicks (CALAMITY): 28/25 → 4/5
2026-02-27T00:42:04.102Z [ODDS]  BOS Celtics (LANES): 20/23 → 4/5, NY Knicks (CALAMITY): 4/5 → 20/23
2026-02-27T00:42:04.102Z [EVENT]  score: 44-46
2026-02-27T00:42:08.063Z [ODDS]  BOS Celtics (LANES): 4/5 → 5/7, NY Knicks (CALAMITY): 20/23 → 1/1
2026-02-27T00:42:08.063Z [EVENT]  score: 44-47
2026-02-27T00:42:29.712Z [ODDS]  BOS Celtics (LANES): 5/7 → 0/0, NY Knicks (CALAMITY): 1/1 → 0/0
2026-02-27T00:42:31.066Z [ODDS]  BOS Celtics (LANES): 0/0 → 5/7, NY Knicks (CALAMITY): 0/0 → 1/1
2026-02-27T00:42:32.418Z [ODDS]  BOS Celtics (LANES): 5/7 → 20/23, NY Knicks (CALAMITY): 1/1 → 4/5
2026-02-27T00:42:37.894Z [ODDS]  BOS Celtics (LANES): 20/23 → 1/1, NY Knicks (CALAMITY): 4/5 → 5/7
2026-02-27T00:42:37.894Z [EVENT]  score: 45-47
2026-02-27T00:42:45.046Z [ODDS]  BOS Celtics (LANES): 1/1 → 4/6, NY Knicks (CALAMITY): 5/7 → 11/10
2026-02-27T00:42:45.046Z [EVENT]  score: 46-47
2026-02-27T00:42:49.158Z [ODDS]  BOS Celtics (LANES): 4/6 → 0/0, NY Knicks (CALAMITY): 11/10 → 0/0
