2026-02-27T01:08:25.628Z [ODDS]  South Carolina (W): 4/5 → 5/6, Missouri (W): 20/23 → 5/6
2026-02-27T01:08:25.628Z [EVENT]  score: 1-4
2026-02-27T01:08:29.152Z [ODDS]  South Carolina (W): 5/6 → 20/23, Missouri (W): 5/6 → 4/5
2026-02-27T01:08:39.077Z [ODDS]  South Carolina (W): 20/23 → 4/5, Missouri (W): 4/5 → 20/23
2026-02-27T01:08:40.880Z [ODDS]  South Carolina (W): 4/5 → 5/6, Missouri (W): 20/23 → 5/6
2026-02-27T01:08:40.880Z [EVENT]  score: 4-4
2026-02-27T01:08:57.565Z [ODDS]  South Carolina (W): 5/6 → 4/5, Missouri (W): 5/6 → 20/23
2026-02-27T01:08:57.565Z [EVENT]  score: 4-6
2026-02-27T01:09:04.782Z [ODDS]  South Carolina (W): 4/5 → 5/6, Missouri (W): 20/23 → 5/6
2026-02-27T01:09:34.099Z [ODDS]  South Carolina (W): 5/6 → 20/23, Missouri (W): 5/6 → 4/5
2026-02-27T01:09:46.770Z [ODDS]  South Carolina (W): 20/23 → 4/5, Missouri (W): 4/5 → 20/23
2026-02-27T01:09:51.689Z [ODDS]  South Carolina (W): 4/5 → 20/23, Missouri (W): 20/23 → 4/5
2026-02-27T01:09:59.355Z [ODDS]  South Carolina (W): 20/23 → 4/5, Missouri (W): 4/5 → 20/23
2026-02-27T01:10:03.415Z [ODDS]  South Carolina (W): 4/5 → 5/6, Missouri (W): 20/23 → 5/6
2026-02-27T01:10:08.376Z [ODDS]  South Carolina (W): 5/6 → 4/5, Missouri (W): 5/6 → 20/23
2026-02-27T01:10:11.081Z [ODDS]  South Carolina (W): 4/5 → 5/6, Missouri (W): 20/23 → 5/6
2026-02-27T01:10:16.495Z [ODDS]  South Carolina (W): 5/6 → 20/23, Missouri (W): 5/6 → 4/5
2026-02-27T01:10:44.906Z [ODDS]  South Carolina (W): 20/23 → 4/5, Missouri (W): 4/5 → 20/23
2026-02-27T01:10:51.673Z [ODDS]  South Carolina (W): 4/5 → 20/23, Missouri (W): 20/23 → 4/5
2026-02-27T01:11:00.693Z [ODDS]  South Carolina (W): 20/23 → 4/5, Missouri (W): 4/5 → 20/23
2026-02-27T01:11:04.299Z [ODDS]  South Carolina (W): 4/5 → 5/6, Missouri (W): 20/23 → 5/6
2026-02-27T01:11:04.299Z [EVENT]  score: 4-8
2026-02-27T01:11:11.065Z [ODDS]  South Carolina (W): 5/6 → 20/23, Missouri (W): 5/6 → 4/5
2026-02-27T01:11:15.125Z [ODDS]  South Carolina (W): 20/23 → 4/5, Missouri (W): 4/5 → 20/23
2026-02-27T01:11:15.125Z [EVENT]  score: 7-8
2026-02-27T01:11:23.242Z [ODDS]  South Carolina (W): 4/5 → 5/6, Missouri (W): 20/23 → 5/6
2026-02-27T01:11:30.461Z [ODDS]  South Carolina (W): 5/6 → 20/23, Missouri (W): 5/6 → 4/5
2026-02-27T01:11:30.461Z [EVENT]  score: 7-10
2026-02-27T01:11:36.325Z [ODDS]  South Carolina (W): 20/23 → 4/5, Missouri (W): 4/5 → 20/23
2026-02-27T01:11:39.480Z [ODDS]  South Carolina (W): 4/5 → 20/23, Missouri (W): 20/23 → 4/5
2026-02-27T01:11:50.305Z [ODDS]  South Carolina (W): 20/23 → 4/5, Missouri (W): 4/5 → 20/23
2026-02-27T01:12:00.679Z [ODDS]  South Carolina (W): 4/5 → 5/6, Missouri (W): 20/23 → 5/6
2026-02-27T01:12:00.679Z [EVENT]  score: 7-12
2026-02-27T01:12:04.286Z [ODDS]  South Carolina (W): 5/6 → 20/23, Missouri (W): 5/6 → 4/5
2026-02-27T01:12:14.659Z [ODDS]  South Carolina (W): 20/23 → 4/5, Missouri (W): 4/5 → 20/23, South Carolina (W): 4/5 → 5/6, Missouri (W): 20/23 → 5/6
2026-02-27T01:12:14.660Z [ODDS]  South Carolina (W): 5/6 → 4/5, Missouri (W): 5/6 → 20/23, South Carolina (W): 4/5 → 5/6, Missouri (W): 20/23 → 5/6
2026-02-27T01:12:20.521Z [ODDS]  South Carolina (W): 5/6 → 20/23, Missouri (W): 5/6 → 4/5
2026-02-27T01:12:28.189Z [ODDS]  South Carolina (W): 20/23 → 5/6, Missouri (W): 4/5 → 5/6
2026-02-27T01:12:28.189Z [EVENT]  score: 7-14
2026-02-27T01:16:27.221Z [EVENT]  score: 7-16
2026-02-27T01:16:57.443Z [EVENT]  score: 7-18
2026-02-27T01:17:05.556Z [ODDS]  South Carolina (W): 5/6 → 20/23, Missouri (W): 5/6 → 4/5
2026-02-27T01:17:39.836Z [ODDS]  South Carolina (W): 20/23 → 5/6, Missouri (W): 4/5 → 5/6
2026-02-27T01:17:42.539Z [ODDS]  South Carolina (W): 5/6 → 20/23, Missouri (W): 5/6 → 4/5
2026-02-27T01:17:48.402Z [ODDS]  South Carolina (W): 20/23 → 5/6, Missouri (W): 4/5 → 5/6
2026-02-27T01:17:48.402Z [EVENT]  score: 7-20
2026-02-27T01:17:58.775Z [ODDS]  South Carolina (W): 5/6 → 4/5, Missouri (W): 5/6 → 20/23
2026-02-27T01:18:03.737Z [ODDS]  South Carolina (W): 4/5 → 5/6, Missouri (W): 20/23 → 5/6
2026-02-27T01:18:03.737Z [EVENT]  score: 7-21
2026-02-27T01:18:24.031Z [ODDS]  South Carolina (W): 5/6 → 20/23, Missouri (W): 5/6 → 4/5
2026-02-27T01:18:54.249Z [ODDS]  South Carolina (W): 20/23 → 4/5, Missouri (W): 4/5 → 20/23
2026-02-27T01:19:07.328Z [ODDS]  South Carolina (W): 4/5 → 5/6, Missouri (W): 20/23 → 5/6
2026-02-27T01:19:37.545Z [ODDS]  South Carolina (W): 5/6 → 4/5, Missouri (W): 5/6 → 20/23
2026-02-27T01:19:37.545Z [EVENT]  score: 7-22
2026-02-27T01:19:49.722Z [ODDS]  South Carolina (W): 4/5 → 20/23, Missouri (W): 20/23 → 4/5
2026-02-27T01:19:49.722Z [EVENT]  score: 7-23
2026-02-27T01:20:08.663Z [ODDS]  South Carolina (W): 20/23 → 4/5, Missouri (W): 4/5 → 20/23
2026-02-27T01:20:21.291Z [ODDS]  South Carolina (W): 4/5 → 5/6, Missouri (W): 20/23 → 5/6
2026-02-27T01:20:52.861Z [ODDS]  South Carolina (W): 5/6 → 20/23, Missouri (W): 5/6 → 4/5
2026-02-27T01:20:52.862Z [EVENT]  score: 8-23
2026-02-27T01:21:04.591Z [ODDS]  South Carolina (W): 20/23 → 4/5, Missouri (W): 4/5 → 20/23
2026-02-27T01:21:04.591Z [EVENT]  score: 9-23
2026-02-27T01:21:19.922Z [ODDS]  South Carolina (W): 4/5 → 20/23, Missouri (W): 20/23 → 4/5
2026-02-27T01:21:19.922Z [EVENT]  score: 9-25
2026-02-27T01:21:33.001Z [ODDS]  South Carolina (W): 20/23 → 4/5, Missouri (W): 4/5 → 20/23
2026-02-27T01:21:43.823Z [ODDS]  South Carolina (W): 4/5 → 5/6, Missouri (W): 20/23 → 5/6
2026-02-27T01:21:52.844Z [ODDS]  South Carolina (W): 5/6 → 4/5, Missouri (W): 5/6 → 20/23
2026-02-27T01:22:19.453Z [ODDS]  South Carolina (W): 4/5 → 20/23, Missouri (W): 20/23 → 4/5
2026-02-27T01:22:19.453Z [EVENT]  score: 9-26
2026-02-27T01:22:32.081Z [ODDS]  South Carolina (W): 20/23 → 5/6, Missouri (W): 4/5 → 5/6
2026-02-27T01:22:32.081Z [EVENT]  score: 9-27
2026-02-27T01:22:38.395Z [ODDS]  South Carolina (W): 5/6 → 20/23, Missouri (W): 5/6 → 4/5
2026-02-27T01:22:46.062Z [ODDS]  South Carolina (W): 20/23 → 5/6, Missouri (W): 4/5 → 5/6
2026-02-27T01:22:46.062Z [EVENT]  score: 11-27
2026-02-27T01:22:57.337Z [ODDS]  South Carolina (W): 5/6 → 20/23, Missouri (W): 5/6 → 4/5
2026-02-27T01:23:10.467Z [ODDS]  South Carolina (W): 20/23 → 5/6, Missouri (W): 4/5 → 5/6
2026-02-27T01:23:10.467Z [EVENT]  score: 13-27
2026-02-27T01:23:28.457Z [ODDS]  South Carolina (W): 5/6 → 20/23, Missouri (W): 5/6 → 4/5
2026-02-27T01:23:30.262Z [ODDS]  South Carolina (W): 20/23 → 5/6, Missouri (W): 4/5 → 5/6
2026-02-27T01:23:30.262Z [EVENT]  score: 13-29
2026-02-27T01:23:52.811Z [ODDS]  South Carolina (W): 5/6 → 4/5, Missouri (W): 5/6 → 20/23
2026-02-27T01:23:52.811Z [EVENT]  score: 13-31
2026-02-27T01:24:08.596Z [ODDS]  South Carolina (W): 4/5 → 5/6, Missouri (W): 20/23 → 5/6
2026-02-27T01:24:11.302Z [ODDS]  South Carolina (W): 5/6 → 4/5, Missouri (W): 5/6 → 20/23
2026-02-27T01:24:16.263Z [ODDS]  South Carolina (W): 4/5 → 5/6, Missouri (W): 20/23 → 5/6
2026-02-27T01:25:13.091Z [EVENT]  score: 13-32
2026-02-27T01:25:21.209Z [EVENT]  score: 13-33
2026-02-27T01:29:54.071Z [ODDS]  South Carolina (W): 5/6 → 20/23, Missouri (W): 5/6 → 4/5
2026-02-27T01:29:55.423Z [ODDS]  South Carolina (W): 20/23 → 5/6, Missouri (W): 4/5 → 5/6
2026-02-27T01:30:14.819Z [ODDS]  South Carolina (W): 5/6 → 4/5, Missouri (W): 5/6 → 20/23
2026-02-27T01:30:24.289Z [ODDS]  South Carolina (W): 4/5 → 20/23, Missouri (W): 20/23 → 4/5
2026-02-27T01:30:47.741Z [ODDS]  South Carolina (W): 20/23 → 4/5, Missouri (W): 4/5 → 20/23
2026-02-27T01:30:49.543Z [ODDS]  South Carolina (W): 4/5 → 20/23, Missouri (W): 20/23 → 4/5
2026-02-27T01:30:50.445Z [ODDS]  South Carolina (W): 20/23 → 4/5, Missouri (W): 4/5 → 20/23
2026-02-27T01:30:50.896Z [ODDS]  South Carolina (W): 4/5 → 5/6, Missouri (W): 20/23 → 5/6
2026-02-27T01:31:19.761Z [ODDS]  South Carolina (W): 5/6 → 20/23, Missouri (W): 5/6 → 4/5
2026-02-27T01:31:46.376Z [ODDS]  South Carolina (W): 20/23 → 4/5, Missouri (W): 4/5 → 20/23
2026-02-27T01:31:58.096Z [ODDS]  South Carolina (W): 4/5 → 5/6, Missouri (W): 20/23 → 5/6
2026-02-27T01:31:58.096Z [EVENT]  score: 14-33
2026-02-27T01:32:21.999Z [ODDS]  South Carolina (W): 5/6 → 20/23, Missouri (W): 5/6 → 4/5
2026-02-27T01:32:22.901Z [ODDS]  South Carolina (W): 20/23 → 5/6, Missouri (W): 4/5 → 5/6
2026-02-27T01:32:41.393Z [ODDS]  South Carolina (W): 5/6 → 4/5, Missouri (W): 5/6 → 20/23
2026-02-27T01:32:41.393Z [EVENT]  score: 16-33
2026-02-27T01:32:50.863Z [ODDS]  South Carolina (W): 4/5 → 20/23, Missouri (W): 20/23 → 4/5
2026-02-27T01:32:50.863Z [EVENT]  score: 16-36
2026-02-27T01:32:55.825Z [ODDS]  South Carolina (W): 20/23 → 4/5, Missouri (W): 4/5 → 20/23
2026-02-27T01:33:13.414Z [ODDS]  South Carolina (W): 4/5 → 5/6, Missouri (W): 20/23 → 5/6
2026-02-27T01:33:17.923Z [EVENT]  score: 19-36
2026-02-27T01:33:29.200Z [ODDS]  South Carolina (W): 5/6 → 4/5, Missouri (W): 5/6 → 20/23
2026-02-27T01:33:35.061Z [ODDS]  South Carolina (W): 4/5 → 5/6, Missouri (W): 20/23 → 5/6
2026-02-27T01:33:56.259Z [ODDS]  South Carolina (W): 5/6 → 20/23, Missouri (W): 5/6 → 4/5
2026-02-27T01:34:08.435Z [ODDS]  South Carolina (W): 20/23 → 5/6, Missouri (W): 4/5 → 5/6
2026-02-27T01:35:00.757Z [EVENT]  score: 19-38
2026-02-27T01:35:33.680Z [ODDS]  South Carolina (W): 5/6 → 20/23, Missouri (W): 5/6 → 4/5
2026-02-27T01:36:01.191Z [ODDS]  South Carolina (W): 20/23 → 4/5, Missouri (W): 4/5 → 20/23
2026-02-27T01:36:14.279Z [ODDS]  South Carolina (W): 4/5 → 20/23, Missouri (W): 20/23 → 4/5
2026-02-27T01:36:14.279Z [EVENT]  score: 19-40
2026-02-27T01:36:23.745Z [ODDS]  South Carolina (W): 20/23 → 4/5, Missouri (W): 4/5 → 20/23
2026-02-27T01:36:39.076Z [ODDS]  South Carolina (W): 4/5 → 5/6, Missouri (W): 20/23 → 5/6
2026-02-27T01:36:47.646Z [ODDS]  South Carolina (W): 5/6 → 20/23, Missouri (W): 5/6 → 4/5
2026-02-27T01:37:09.293Z [ODDS]  South Carolina (W): 20/23 → 5/6, Missouri (W): 4/5 → 5/6
2026-02-27T01:37:26.883Z [EVENT]  score: 21-40
2026-02-27T01:37:31.391Z [ODDS]  South Carolina (W): 5/6 → 20/23, Missouri (W): 5/6 → 4/5
2026-02-27T01:37:44.921Z [ODDS]  South Carolina (W): 20/23 → 5/6, Missouri (W): 4/5 → 5/6
2026-02-27T01:38:07.020Z [ODDS]  South Carolina (W): 5/6 → 4/5, Missouri (W): 5/6 → 20/23
2026-02-27T01:38:16.942Z [ODDS]  South Carolina (W): 4/5 → 5/6, Missouri (W): 20/23 → 5/6
2026-02-27T01:38:55.062Z [EVENT]  score: 22-40
2026-02-27T01:39:06.335Z [ODDS]  South Carolina (W): 5/6 → 20/23, Missouri (W): 5/6 → 4/5
2026-02-27T01:39:06.335Z [EVENT]  score: 23-40
2026-02-27T01:39:18.062Z [ODDS]  South Carolina (W): 20/23 → 5/6, Missouri (W): 4/5 → 5/6
2026-02-27T01:39:27.533Z [ODDS]  South Carolina (W): 5/6 → 20/23, Missouri (W): 5/6 → 4/5
2026-02-27T01:39:27.533Z [EVENT]  score: 25-40
2026-02-27T01:39:43.771Z [EVENT]  score: 25-42
2026-02-27T01:40:04.519Z [ODDS]  South Carolina (W): 20/23 → 5/6, Missouri (W): 4/5 → 5/6
2026-02-27T01:43:53.638Z [EVENT]  score: 25-44
2026-02-27T01:44:08.972Z [ODDS]  South Carolina (W): 5/6 → 4/5, Missouri (W): 5/6 → 20/23
2026-02-27T01:44:21.600Z [ODDS]  South Carolina (W): 4/5 → 20/23, Missouri (W): 20/23 → 4/5
2026-02-27T01:44:53.621Z [EVENT]  score: 25-46
2026-02-27T01:45:20.681Z [ODDS]  South Carolina (W): 20/23 → 5/6, Missouri (W): 4/5 → 5/6
2026-02-27T01:45:36.916Z [ODDS]  South Carolina (W): 5/6 → 4/5, Missouri (W): 5/6 → 20/23
2026-02-27T01:46:10.752Z [ODDS]  South Carolina (W): 4/5 → 5/6, Missouri (W): 20/23 → 5/6
2026-02-27T01:46:10.752Z [EVENT]  score: 27-46
2026-02-27T01:46:22.928Z [ODDS]  South Carolina (W): 5/6 → 4/5, Missouri (W): 5/6 → 20/23
2026-02-27T01:46:36.008Z [ODDS]  South Carolina (W): 4/5 → 5/6, Missouri (W): 20/23 → 5/6
2026-02-27T01:46:48.185Z [ODDS]  South Carolina (W): 5/6 → 4/5, Missouri (W): 5/6 → 20/23
2026-02-27T01:46:48.185Z [EVENT]  score: 27-47
2026-02-27T01:47:01.265Z [ODDS]  South Carolina (W): 4/5 → 20/23, Missouri (W): 20/23 → 4/5
2026-02-27T01:47:01.265Z [EVENT]  score: 27-48
2026-02-27T01:47:10.283Z [ODDS]  South Carolina (W): 20/23 → 4/5, Missouri (W): 4/5 → 20/23
2026-02-27T01:47:17.499Z [ODDS]  South Carolina (W): 4/5 → 5/6, Missouri (W): 20/23 → 5/6
2026-02-27T01:47:17.499Z [EVENT]  score: 29-48
2026-02-27T01:47:29.227Z [ODDS]  South Carolina (W): 5/6 → 4/5, Missouri (W): 5/6 → 20/23
2026-02-27T01:47:29.227Z [EVENT]  score: 29-50
2026-02-27T01:47:32.383Z [ODDS]  South Carolina (W): 4/5 → 5/6, Missouri (W): 20/23 → 5/6
2026-02-27T01:47:44.559Z [ODDS]  South Carolina (W): 5/6 → 20/23, Missouri (W): 5/6 → 4/5
2026-02-27T01:47:52.678Z [EVENT]  score: 29-52
2026-02-27T01:48:14.326Z [ODDS]  South Carolina (W): 20/23 → 20/27, Missouri (W): 4/5 → 20/21
2026-02-27T01:48:17.033Z [ODDS]  South Carolina (W): 20/27 → 4/5, Missouri (W): 20/21 → 20/23
2026-02-27T01:48:17.033Z [EVENT]  score: 32-52
2026-02-27T01:48:29.210Z [EVENT]  score: 32-54
2026-02-27T01:48:44.543Z [ODDS]  South Carolina (W): 4/5 → 5/6, Missouri (W): 20/23 → 5/6
2026-02-27T01:49:02.132Z [ODDS]  South Carolina (W): 5/6 → 20/23, Missouri (W): 5/6 → 4/5
2026-02-27T01:49:25.584Z [ODDS]  South Carolina (W): 20/23 → 4/5, Missouri (W): 4/5 → 20/23
2026-02-27T01:49:59.409Z [ODDS]  South Carolina (W): 4/5 → 20/23, Missouri (W): 20/23 → 4/5
2026-02-27T01:49:59.409Z [EVENT]  score: 32-55
2026-02-27T01:50:07.102Z [ODDS]  South Carolina (W): 20/23 → 5/6, Missouri (W): 4/5 → 5/6
2026-02-27T01:50:07.102Z [EVENT]  score: 32-56
2026-02-27T01:50:16.559Z [ODDS]  South Carolina (W): 5/6 → 20/23, Missouri (W): 5/6 → 4/5
2026-02-27T01:50:21.516Z [ODDS]  South Carolina (W): 20/23 → 4/5, Missouri (W): 4/5 → 20/23
2026-02-27T01:50:26.921Z [ODDS]  South Carolina (W): 4/5 → 5/6, Missouri (W): 20/23 → 5/6
2026-02-27T01:50:53.532Z [ODDS]  South Carolina (W): 5/6 → 4/5, Missouri (W): 5/6 → 20/23
2026-02-27T01:50:53.532Z [EVENT]  score: 32-57
2026-02-27T01:51:04.807Z [ODDS]  South Carolina (W): 4/5 → 20/23, Missouri (W): 20/23 → 4/5
2026-02-27T01:51:07.962Z [ODDS]  South Carolina (W): 20/23 → 5/6, Missouri (W): 4/5 → 5/6
2026-02-27T02:07:41.238Z [ODDS]  South Carolina (W): 5/6 → 20/23, Missouri (W): 5/6 → 4/5
2026-02-27T02:07:52.514Z [ODDS]  South Carolina (W): 20/23 → 4/5, Missouri (W): 4/5 → 20/23
2026-02-27T02:07:52.514Z [EVENT]  score: 32-59
2026-02-27T02:08:22.731Z [ODDS]  South Carolina (W): 4/5 → 5/6, Missouri (W): 20/23 → 5/6
2026-02-27T02:08:22.731Z [EVENT]  score: 32-62
2026-02-27T02:08:31.204Z [ODDS]  South Carolina (W): 5/6 → 20/23, Missouri (W): 5/6 → 4/5
2026-02-27T02:08:39.773Z [ODDS]  South Carolina (W): 20/23 → 5/6, Missouri (W): 4/5 → 5/6
2026-02-27T02:08:39.773Z [EVENT]  score: 35-62
2026-02-27T02:09:06.382Z [ODDS]  South Carolina (W): 5/6 → 4/5, Missouri (W): 5/6 → 20/23
2026-02-27T02:09:16.755Z [ODDS]  South Carolina (W): 4/5 → 5/6, Missouri (W): 20/23 → 5/6
2026-02-27T02:09:17.206Z [ODDS]  South Carolina (W): 5/6 → 20/23, Missouri (W): 5/6 → 4/5
2026-02-27T02:09:28.032Z [ODDS]  South Carolina (W): 20/23 → 5/6, Missouri (W): 4/5 → 5/6
2026-02-27T02:09:28.032Z [EVENT]  score: 35-64
2026-02-27T02:09:35.246Z [ODDS]  South Carolina (W): 5/6 → 20/23, Missouri (W): 5/6 → 4/5
2026-02-27T02:09:43.364Z [ODDS]  South Carolina (W): 20/23 → 4/5, Missouri (W): 4/5 → 20/23
2026-02-27T02:09:43.364Z [EVENT]  score: 37-64
2026-02-27T02:13:22.553Z [ODDS]  South Carolina (W): 4/5 → 20/21, Missouri (W): 20/23 → 20/27
2026-02-27T02:13:23.455Z [ODDS]  South Carolina (W): 20/21 → 20/27, Missouri (W): 20/27 → 20/21
2026-02-27T02:13:27.064Z [ODDS]  South Carolina (W): 20/27 → 4/5, Missouri (W): 20/21 → 20/23
2026-02-27T02:13:35.181Z [EVENT]  score: 40-64
2026-02-27T02:14:04.496Z [ODDS]  South Carolina (W): 4/5 → 5/6, Missouri (W): 20/23 → 5/6
2026-02-27T02:14:18.484Z [ODDS]  South Carolina (W): 5/6 → 4/5, Missouri (W): 5/6 → 20/23
2026-02-27T02:14:18.484Z [EVENT]  score: 40-66
2026-02-27T02:14:31.557Z [ODDS]  South Carolina (W): 4/5 → 5/6, Missouri (W): 20/23 → 5/6
2026-02-27T02:14:50.052Z [ODDS]  South Carolina (W): 5/6 → 4/5, Missouri (W): 5/6 → 20/23
2026-02-27T02:14:50.052Z [EVENT]  score: 40-67
2026-02-27T02:14:50.504Z [ODDS]  South Carolina (W): 4/5 → 20/23, Missouri (W): 20/23 → 4/5
2026-02-27T02:15:08.543Z [ODDS]  South Carolina (W): 20/23 → 20/21, Missouri (W): 4/5 → 20/27
2026-02-27T02:15:09.896Z [ODDS]  South Carolina (W): 20/21 → 20/23, Missouri (W): 20/27 → 4/5
2026-02-27T02:15:09.896Z [EVENT]  score: 43-67
2026-02-27T02:15:26.585Z [ODDS]  South Carolina (W): 20/23 → 20/21, Missouri (W): 4/5 → 20/27
2026-02-27T02:15:27.936Z [ODDS]  South Carolina (W): 20/21 → 4/5, Missouri (W): 20/27 → 20/23
2026-02-27T02:15:27.936Z [EVENT]  score: 43-69
2026-02-27T02:15:37.858Z [ODDS]  South Carolina (W): 4/5 → 5/6, Missouri (W): 20/23 → 5/6
2026-02-27T02:15:41.466Z [ODDS]  South Carolina (W): 5/6 → 4/5, Missouri (W): 5/6 → 20/23
2026-02-27T02:15:41.466Z [EVENT]  score: 46-69
2026-02-27T02:15:55.446Z [ODDS]  South Carolina (W): 4/5 → 5/6, Missouri (W): 20/23 → 5/6
2026-02-27T02:16:00.859Z [EVENT]  score: 46-71
2026-02-27T02:16:17.547Z [ODDS]  South Carolina (W): 5/6 → 20/23, Missouri (W): 5/6 → 4/5
2026-02-27T02:16:29.723Z [ODDS]  South Carolina (W): 20/23 → 20/21, Missouri (W): 4/5 → 20/27
2026-02-27T02:16:36.037Z [ODDS]  South Carolina (W): 20/21 → 4/5, Missouri (W): 20/27 → 20/23
2026-02-27T02:17:44.595Z [ODDS]  South Carolina (W): 4/5 → 5/6, Missouri (W): 20/23 → 5/6
2026-02-27T02:18:05.786Z [ODDS]  South Carolina (W): 5/6 → 20/23, Missouri (W): 5/6 → 4/5
2026-02-27T02:18:05.786Z [EVENT]  score: 46-74
2026-02-27T02:18:10.296Z [ODDS]  South Carolina (W): 20/23 → 20/21, Missouri (W): 4/5 → 20/27
2026-02-27T02:18:15.257Z [ODDS]  South Carolina (W): 20/21 → 20/27, Missouri (W): 20/27 → 20/21
2026-02-27T02:18:15.708Z [ODDS]  South Carolina (W): 20/27 → 4/5, Missouri (W): 20/21 → 20/23
2026-02-27T02:21:44.528Z [EVENT]  score: 49-74
2026-02-27T02:22:03.020Z [ODDS]  South Carolina (W): 4/5 → 5/6, Missouri (W): 20/23 → 5/6
2026-02-27T02:22:11.591Z [ODDS]  South Carolina (W): 5/6 → 20/23, Missouri (W): 5/6 → 4/5
2026-02-27T02:22:13.393Z [ODDS]  South Carolina (W): 20/23 → 4/5, Missouri (W): 4/5 → 20/23
2026-02-27T02:22:44.966Z [ODDS]  South Carolina (W): 4/5 → 5/6, Missouri (W): 20/23 → 5/6
2026-02-27T02:22:44.966Z [EVENT]  score: 50-74
2026-02-27T02:22:50.375Z [ODDS]  South Carolina (W): 5/6 → 20/23, Missouri (W): 5/6 → 4/5
2026-02-27T02:22:50.375Z [EVENT]  score: 51-74
2026-02-27T02:23:05.265Z [ODDS]  South Carolina (W): 20/23 → 20/27, Missouri (W): 4/5 → 20/21
2026-02-27T02:23:05.265Z [EVENT]  score: 51-76
2026-02-27T02:23:07.964Z [ODDS]  South Carolina (W): 20/27 → 4/5
2026-02-27T02:23:08.416Z [ODDS]  Missouri (W): 20/21 → 20/23
2026-02-27T02:23:27.809Z [ODDS]  South Carolina (W): 4/5 → 5/6, Missouri (W): 20/23 → 5/6
2026-02-27T02:23:30.967Z [ODDS]  South Carolina (W): 5/6 → 4/5, Missouri (W): 5/6 → 20/23
2026-02-27T02:23:30.967Z [EVENT]  score: 54-76
2026-02-27T02:23:45.849Z [ODDS]  South Carolina (W): 4/5 → 5/6, Missouri (W): 20/23 → 5/6
2026-02-27T02:23:47.652Z [EVENT]  score: 54-78
2026-02-27T02:24:02.986Z [ODDS]  South Carolina (W): 5/6 → 20/23, Missouri (W): 5/6 → 4/5
2026-02-27T02:24:10.655Z [ODDS]  South Carolina (W): 20/23 → 5/6, Missouri (W): 4/5 → 5/6
2026-02-27T02:24:10.655Z [EVENT]  score: 56-78
2026-02-27T02:24:16.517Z [ODDS]  South Carolina (W): 5/6 → 20/23, Missouri (W): 5/6 → 4/5
2026-02-27T02:24:48.088Z [ODDS]  South Carolina (W): 20/23 → 20/21, Missouri (W): 4/5 → 20/27
2026-02-27T02:24:52.596Z [ODDS]  South Carolina (W): 20/21 → 20/27, Missouri (W): 20/27 → 20/21
2026-02-27T02:24:56.205Z [ODDS]  South Carolina (W): 20/27 → 5/6, Missouri (W): 20/21 → 5/6
2026-02-27T02:25:00.715Z [ODDS]  South Carolina (W): 5/6 → 20/23, Missouri (W): 5/6 → 4/5
2026-02-27T02:25:26.872Z [ODDS]  South Carolina (W): 20/23 → 20/27, Missouri (W): 4/5 → 20/21
2026-02-27T02:25:27.324Z [EVENT]  score: 57-78
2026-02-27T02:25:39.053Z [ODDS]  South Carolina (W): 20/27 → 4/5, Missouri (W): 20/21 → 20/23
2026-02-27T02:25:39.053Z [EVENT]  score: 58-78
2026-02-27T02:25:44.466Z [ODDS]  South Carolina (W): 4/5 → 5/6, Missouri (W): 20/23 → 5/6
2026-02-27T02:25:58.000Z [EVENT]  score: 58-81
2026-02-27T02:25:58.447Z [ODDS]  South Carolina (W): 5/6 → 20/23, Missouri (W): 5/6 → 4/5
2026-02-27T02:26:21.907Z [ODDS]  South Carolina (W): 20/23 → 20/21, Missouri (W): 4/5 → 20/27
2026-02-27T02:26:32.271Z [ODDS]  South Carolina (W): 20/21 → 20/27, Missouri (W): 20/27 → 20/21
2026-02-27T02:26:37.233Z [ODDS]  South Carolina (W): 20/27 → 4/5, Missouri (W): 20/21 → 20/23
2026-02-27T02:27:01.137Z [ODDS]  South Carolina (W): 4/5 → 5/6, Missouri (W): 20/23 → 5/6
2026-02-27T02:27:13.765Z [EVENT]  score: 58-84
2026-02-27T02:27:23.687Z [ODDS]  South Carolina (W): 5/6 → 20/23, Missouri (W): 5/6 → 4/5
2026-02-27T02:27:27.748Z [ODDS]  South Carolina (W): 20/23 → 5/6, Missouri (W): 4/5 → 5/6
2026-02-27T02:27:27.748Z [EVENT]  score: 60-84
2026-02-27T02:27:39.472Z [ODDS]  South Carolina (W): 5/6 → 20/23, Missouri (W): 5/6 → 4/5
2026-02-27T02:27:57.964Z [ODDS]  South Carolina (W): 20/23 → 5/6, Missouri (W): 4/5 → 5/6
2026-02-27T02:28:20.518Z [ODDS]  South Carolina (W): 5/6 → 4/5, Missouri (W): 5/6 → 20/23
2026-02-27T02:28:20.518Z [EVENT]  score: 60-85
2026-02-27T02:28:37.203Z [ODDS]  South Carolina (W): 4/5 → 20/23, Missouri (W): 20/23 → 4/5
2026-02-27T02:28:44.420Z [ODDS]  South Carolina (W): 20/23 → 20/21, Missouri (W): 4/5 → 20/27
2026-02-27T02:28:49.380Z [ODDS]  South Carolina (W): 20/21 → 5/6, Missouri (W): 20/27 → 5/6
2026-02-27T02:29:11.479Z [ODDS]  South Carolina (W): 5/6 → 4/5, Missouri (W): 5/6 → 20/23
2026-02-27T02:29:11.479Z [EVENT]  score: 63-85
2026-02-27T02:29:15.538Z [ODDS]  South Carolina (W): 4/5 → 5/6, Missouri (W): 20/23 → 5/6
2026-02-27T02:32:50.230Z [ODDS]  South Carolina (W): 5/6 → 20/23, Missouri (W): 5/6 → 4/5
2026-02-27T02:32:50.673Z [ODDS]  South Carolina (W): 20/23 → 5/6, Missouri (W): 4/5 → 5/6
2026-02-27T02:32:53.831Z [ODDS]  South Carolina (W): 5/6 → 20/23, Missouri (W): 5/6 → 4/5
2026-02-27T02:33:01.951Z [ODDS]  South Carolina (W): 20/23 → 20/21, Missouri (W): 4/5 → 20/27
2026-02-27T02:33:13.675Z [ODDS]  South Carolina (W): 20/21 → 20/27, Missouri (W): 20/27 → 20/21
2026-02-27T02:33:19.539Z [ODDS]  South Carolina (W): 20/27 → 4/5, Missouri (W): 20/21 → 20/23
2026-02-27T02:33:30.362Z [ODDS]  South Carolina (W): 4/5 → 5/6, Missouri (W): 20/23 → 5/6
2026-02-27T02:33:37.579Z [ODDS]  South Carolina (W): 5/6 → 4/5, Missouri (W): 5/6 → 20/23
2026-02-27T02:33:55.167Z [ODDS]  South Carolina (W): 4/5 → 5/6, Missouri (W): 20/23 → 5/6
2026-02-27T02:33:55.619Z [ODDS]  South Carolina (W): 5/6 → 20/23, Missouri (W): 5/6 → 4/5
2026-02-27T02:34:01.031Z [ODDS]  South Carolina (W): 20/23 → 20/21, Missouri (W): 4/5 → 20/27
2026-02-27T02:34:07.796Z [ODDS]  South Carolina (W): 20/21 → 20/27, Missouri (W): 20/27 → 20/21
2026-02-27T02:34:12.758Z [ODDS]  South Carolina (W): 20/27 → 4/5, Missouri (W): 20/21 → 20/23
2026-02-27T02:34:22.228Z [ODDS]  South Carolina (W): 4/5 → 5/6, Missouri (W): 20/23 → 5/6
2026-02-27T02:34:23.582Z [EVENT]  score: 65-85
2026-02-27T02:34:33.052Z [ODDS]  South Carolina (W): 5/6 → 20/23, Missouri (W): 5/6 → 4/5
2026-02-27T02:34:40.719Z [EVENT]  score: 65-88
2026-02-27T02:34:48.386Z [ODDS]  South Carolina (W): 20/23 → 20/21, Missouri (W): 4/5 → 20/27
2026-02-27T02:34:52.611Z [ODDS]  South Carolina (W): 20/21 → 20/27, Missouri (W): 20/27 → 20/21
2026-02-27T02:35:00.112Z [EVENT]  score: 68-88
2026-02-27T02:35:10.936Z [ODDS]  South Carolina (W): 20/27 → 4/5, Missouri (W): 20/21 → 20/23
2026-02-27T02:35:24.466Z [ODDS]  South Carolina (W): 4/5 → 5/6, Missouri (W): 20/23 → 5/6
2026-02-27T02:36:03.253Z [ODDS]  South Carolina (W): 5/6 → 20/23, Missouri (W): 5/6 → 4/5
2026-02-27T02:36:15.431Z [ODDS]  South Carolina (W): 20/23 → 20/21, Missouri (W): 4/5 → 20/27
2026-02-27T02:36:17.238Z [ODDS]  South Carolina (W): 20/21 → 4/5, Missouri (W): 20/27 → 20/23
2026-02-27T02:36:39.786Z [ODDS]  South Carolina (W): 4/5 → 5/6, Missouri (W): 20/23 → 5/6
2026-02-27T02:36:39.786Z [EVENT]  score: 69-88
2026-02-27T02:36:55.572Z [ODDS]  South Carolina (W): 5/6 → 20/23, Missouri (W): 5/6 → 4/5
2026-02-27T02:36:56.927Z [ODDS]  South Carolina (W): 20/23 → 20/21, Missouri (W): 4/5 → 20/27
2026-02-27T02:37:07.299Z [ODDS]  South Carolina (W): 20/21 → 20/27, Missouri (W): 20/27 → 20/21
2026-02-27T02:37:16.769Z [ODDS]  South Carolina (W): 20/27 → 4/5, Missouri (W): 20/21 → 20/23
2026-02-27T02:37:26.258Z [ODDS]  South Carolina (W): 4/5 → 20/23, Missouri (W): 20/23 → 4/5
2026-02-27T02:37:26.258Z [EVENT]  score: 69-90
2026-02-27T02:38:02.774Z [ODDS]  South Carolina (W): 20/23 → 5/6, Missouri (W): 4/5 → 5/6
2026-02-27T02:38:17.202Z [ODDS]  South Carolina (W): 5/6 → 20/23, Missouri (W): 5/6 → 4/5
2026-02-27T02:38:31.181Z [ODDS]  South Carolina (W): 20/23 → 20/21, Missouri (W): 4/5 → 20/27
2026-02-27T02:38:34.291Z [ODDS]  South Carolina (W): 20/21 → 20/27, Missouri (W): 20/27 → 20/21
2026-02-27T02:38:34.291Z [EVENT]  score: 69-92
2026-02-27T02:38:42.892Z [ODDS]  South Carolina (W): 20/27 → 4/5, Missouri (W): 20/21 → 20/23
2026-02-27T02:38:57.742Z [ODDS]  South Carolina (W): 4/5 → 5/6, Missouri (W): 20/23 → 5/6
2026-02-27T02:39:00.900Z [EVENT]  score: 69-94
2026-02-27T02:39:09.016Z [ODDS]  South Carolina (W): 5/6 → 20/23, Missouri (W): 5/6 → 4/5
2026-02-27T02:42:54.519Z [ODDS]  South Carolina (W): 20/23 → 20/21, Missouri (W): 4/5 → 20/27
2026-02-27T02:43:00.834Z [ODDS]  South Carolina (W): 20/21 → 20/27, Missouri (W): 20/27 → 20/21
2026-02-27T02:43:00.834Z [EVENT]  score: 69-96
2026-02-27T02:43:08.050Z [ODDS]  South Carolina (W): 20/27 → 4/5, Missouri (W): 20/21 → 20/23
2026-02-27T02:43:25.189Z [ODDS]  South Carolina (W): 4/5 → 5/6, Missouri (W): 20/23 → 5/6
2026-02-27T02:43:32.856Z [ODDS]  South Carolina (W): 5/6 → 20/23, Missouri (W): 5/6 → 4/5
2026-02-27T02:43:32.856Z [EVENT]  score: 69-98
2026-02-27T02:43:47.288Z [ODDS]  South Carolina (W): 20/23 → 20/21, Missouri (W): 4/5 → 20/27
2026-02-27T02:43:50.445Z [ODDS]  South Carolina (W): 20/21 → 20/23, Missouri (W): 20/27 → 4/5
2026-02-27T02:44:16.602Z [ODDS]  South Carolina (W): 20/23 → 20/21, Missouri (W): 4/5 → 20/27
2026-02-27T02:44:22.917Z [ODDS]  South Carolina (W): 20/21 → 20/27, Missouri (W): 20/27 → 20/21
2026-02-27T02:44:22.917Z [EVENT]  score: 69-100
2026-02-27T02:44:35.545Z [ODDS]  South Carolina (W): 20/27 → 4/5, Missouri (W): 20/21 → 20/23
2026-02-27T02:44:46.373Z [ODDS]  South Carolina (W): 4/5 → 5/6, Missouri (W): 20/23 → 5/6
2026-02-27T02:44:47.726Z [EVENT]  score: 69-102
2026-02-27T02:44:57.648Z [ODDS]  South Carolina (W): 5/6 → 20/23, Missouri (W): 5/6 → 4/5
2026-02-27T02:45:10.728Z [EVENT]  score: 71-102
2026-02-27T02:45:15.238Z [ODDS]  South Carolina (W): 20/23 → 20/21, Missouri (W): 4/5 → 20/27
2026-02-27T02:45:22.003Z [ODDS]  South Carolina (W): 20/21 → 5/7, Missouri (W): 20/27 → 1/1
2026-02-27T02:45:22.003Z [EVENT]  score: 71-105
2026-02-27T02:45:24.713Z [ODDS]  South Carolina (W): 5/7 → 20/27, Missouri (W): 1/1 → 20/21
2026-02-27T02:45:35.987Z [ODDS]  South Carolina (W): 20/27 → 4/5, Missouri (W): 20/21 → 20/23
2026-02-27T02:45:50.050Z [ODDS]  South Carolina (W): 4/5 → 5/6, Missouri (W): 20/23 → 5/6
2026-02-27T02:46:04.488Z [ODDS]  South Carolina (W): 5/6 → 20/23, Missouri (W): 5/6 → 4/5
2026-02-27T02:46:46.351Z [ODDS]  South Carolina (W): 20/23 → 20/21, Missouri (W): 4/5 → 20/27
2026-02-27T02:46:56.725Z [ODDS]  South Carolina (W): 20/21 → 1/1, Missouri (W): 20/27 → 5/7
2026-02-27T02:47:00.784Z [ODDS]  South Carolina (W): 1/1 → 21/20, Missouri (W): 5/7 → 20/29
2026-02-27T02:47:07.999Z [ODDS]  South Carolina (W): 21/20 → 20/29, Missouri (W): 20/29 → 21/20
2026-02-27T02:47:28.293Z [ODDS]  South Carolina (W): 20/29 → 5/7, Missouri (W): 21/20 → 1/1
2026-02-27T02:47:35.510Z [ODDS]  South Carolina (W): 5/7 → 20/27, Missouri (W): 1/1 → 20/21
2026-02-27T02:47:37.314Z [EVENT]  score: 71-107
2026-02-27T02:47:42.347Z [ODDS]  South Carolina (W): 20/27 → 4/5, Missouri (W): 20/21 → 20/23
2026-02-27T02:47:50.844Z [ODDS]  South Carolina (W): 4/5 → 5/6, Missouri (W): 20/23 → 5/6
2026-02-27T02:47:50.844Z [EVENT]  score: 71-109
2026-02-27T02:48:00.316Z [ODDS]  South Carolina (W): 5/6 → 20/23, Missouri (W): 5/6 → 4/5
2026-02-27T02:48:06.628Z [ODDS]  South Carolina (W): 20/23 → 1/1, Missouri (W): 4/5 → 5/7
2026-02-27T02:48:33.239Z [ODDS]  South Carolina (W): 1/1 → 21/20, Missouri (W): 5/7 → 20/29
2026-02-27T02:48:36.845Z [ODDS]  South Carolina (W): 21/20 → 11/10, Missouri (W): 20/29 → 4/6
2026-02-27T02:48:41.807Z [ODDS]  South Carolina (W): 11/10 → 6/5, Missouri (W): 4/6 → 20/33
2026-02-27T02:48:41.807Z [EVENT]  score: 71-112
2026-02-27T02:48:46.768Z [ODDS]  South Carolina (W): 6/5 → 13/10, Missouri (W): 20/33 → 5/9
2026-02-27T02:48:49.027Z [ODDS]  South Carolina (W): 13/10 → 1/2, Missouri (W): 5/9 → 6/4
2026-02-27T02:48:56.690Z [ODDS]  South Carolina (W): 1/2 → 10/21, Missouri (W): 6/4 → 31/20
2026-02-27T02:48:58.495Z [ODDS]  South Carolina (W): 10/21 → 1/2, Missouri (W): 31/20 → 6/4
2026-02-27T02:49:00.300Z [ODDS]  South Carolina (W): 1/2 → 10/21, Missouri (W): 6/4 → 31/20
2026-02-27T02:49:40.887Z [ODDS]  South Carolina (W): 10/21 → 20/37, Missouri (W): 31/20 → 27/20
2026-02-27T02:49:49.005Z [ODDS]  South Carolina (W): 20/37 → 20/31, Missouri (W): 27/20 → 28/25
2026-02-27T02:49:57.574Z [ODDS]  South Carolina (W): 20/31 → 20/27, Missouri (W): 28/25 → 20/21
2026-02-27T02:50:03.888Z [ODDS]  South Carolina (W): 20/27 → 0/0, Missouri (W): 20/21 → 0/0
