2026-02-26T21:09:12.968Z [ODDS]  NA Hussein Dey: 4/5 → 5/6, MC Alger: 20/23 → 5/6
2026-02-26T21:09:22.887Z [ODDS]  NA Hussein Dey: 5/6 → 20/23, MC Alger: 5/6 → 4/5
2026-02-26T21:09:24.247Z [ODDS]  NA Hussein Dey: 20/23 → 5/6, MC Alger: 4/5 → 5/6
2026-02-26T21:09:24.248Z [EVENT]  score: 12-14
2026-02-26T21:09:33.714Z [ODDS]  NA Hussein Dey: 5/6 → 20/23, MC Alger: 5/6 → 4/5
2026-02-26T21:09:33.714Z [EVENT]  score: 14-14
2026-02-26T21:09:54.010Z [ODDS]  NA Hussein Dey: 20/23 → 5/6, MC Alger: 4/5 → 5/6
2026-02-26T21:09:54.010Z [EVENT]  score: 14-16
2026-02-26T21:10:15.204Z [EVENT]  score: 17-16
2026-02-26T21:10:43.619Z [ODDS]  NA Hussein Dey: 5/6 → 20/23, MC Alger: 5/6 → 4/5
2026-02-26T21:10:53.141Z [EVENT]  score: 20-16
2026-02-26T21:11:16.648Z [ODDS]  NA Hussein Dey: 20/23 → 4/5, MC Alger: 4/5 → 20/23
2026-02-26T21:11:37.303Z [ODDS]  NA Hussein Dey: 4/5 → 5/6, MC Alger: 20/23 → 5/6
2026-02-26T21:11:37.303Z [EVENT]  score: 23-16
2026-02-26T21:11:59.900Z [ODDS]  NA Hussein Dey: 5/6 → 4/5, MC Alger: 5/6 → 20/23
2026-02-26T21:11:59.902Z [EVENT]  score: 25-16
2026-02-26T21:12:21.038Z [ODDS]  NA Hussein Dey: 4/5 → 5/6, MC Alger: 20/23 → 5/6
2026-02-26T21:12:21.039Z [EVENT]  score: 25-18
2026-02-26T21:12:59.838Z [EVENT]  score: 26-18
2026-02-26T21:16:51.188Z [ODDS]  NA Hussein Dey: 5/6 → 20/23, MC Alger: 5/6 → 4/5
2026-02-26T21:16:51.188Z [EVENT]  score: 26-20
2026-02-26T21:17:03.388Z [ODDS]  NA Hussein Dey: 20/23 → 5/6, MC Alger: 4/5 → 5/6
2026-02-26T21:17:55.685Z [ODDS]  NA Hussein Dey: 5/6 → 4/5, MC Alger: 5/6 → 20/23
2026-02-26T21:17:55.685Z [EVENT]  score: 26-22
2026-02-26T21:18:08.314Z [ODDS]  NA Hussein Dey: 4/5 → 5/6, MC Alger: 20/23 → 5/6
2026-02-26T21:18:08.314Z [EVENT]  score: 28-22
2026-02-26T21:18:27.704Z [ODDS]  NA Hussein Dey: 5/6 → 4/5, MC Alger: 5/6 → 20/23
2026-02-26T21:18:27.704Z [EVENT]  score: 28-24
2026-02-26T21:18:54.319Z [ODDS]  NA Hussein Dey: 4/5 → 5/6, MC Alger: 20/23 → 5/6
2026-02-26T21:18:57.022Z [EVENT]  score: 28-26
2026-02-26T21:19:31.297Z [ODDS]  NA Hussein Dey: 5/6 → 4/5, MC Alger: 5/6 → 20/23
2026-02-26T21:19:40.770Z [ODDS]  NA Hussein Dey: 4/5 → 20/23, MC Alger: 20/23 → 4/5
2026-02-26T21:19:40.770Z [EVENT]  score: 28-28
2026-02-26T21:19:47.082Z [ODDS]  NA Hussein Dey: 20/23 → 5/6, MC Alger: 4/5 → 5/6
2026-02-26T21:20:04.672Z [ODDS]  NA Hussein Dey: 5/6 → 20/23, MC Alger: 5/6 → 4/5
2026-02-26T21:20:22.713Z [ODDS]  NA Hussein Dey: 20/23 → 20/21, MC Alger: 4/5 → 20/27
2026-02-26T21:20:24.067Z [ODDS]  NA Hussein Dey: 20/21 → 5/6, MC Alger: 20/27 → 5/6
2026-02-26T21:20:42.142Z [ODDS]  NA Hussein Dey: 5/6 → 20/21, MC Alger: 5/6 → 20/27
2026-02-26T21:20:47.091Z [ODDS]  NA Hussein Dey: 20/21 → 5/6, MC Alger: 20/27 → 5/6
2026-02-26T21:21:08.721Z [EVENT]  score: 28-30
2026-02-26T21:23:18.152Z [ODDS]  NA Hussein Dey: 5/6 → 4/5, MC Alger: 5/6 → 20/23
2026-02-26T21:23:35.310Z [ODDS]  NA Hussein Dey: 4/5 → 5/6, MC Alger: 20/23 → 5/6
2026-02-26T21:24:05.075Z [ODDS]  NA Hussein Dey: 5/6 → 4/5, MC Alger: 5/6 → 20/23
2026-02-26T21:24:10.523Z [ODDS]  NA Hussein Dey: 4/5 → 5/6, MC Alger: 20/23 → 5/6
2026-02-26T21:24:37.548Z [EVENT]  score: 30-30
2026-02-26T21:24:54.692Z [ODDS]  NA Hussein Dey: 5/6 → 20/21, MC Alger: 5/6 → 20/27
2026-02-26T21:25:09.589Z [ODDS]  NA Hussein Dey: 20/21 → 20/27, MC Alger: 20/27 → 20/21
2026-02-26T21:25:38.932Z [ODDS]  NA Hussein Dey: 20/27 → 4/5, MC Alger: 20/21 → 20/23
2026-02-26T21:25:38.932Z [EVENT]  score: 31-30
2026-02-26T21:25:55.139Z [ODDS]  NA Hussein Dey: 4/5 → 5/7, MC Alger: 20/23 → 1/1
2026-02-26T21:25:56.022Z [ODDS]  NA Hussein Dey: 5/7 → 4/5, MC Alger: 1/1 → 20/23
2026-02-26T21:26:07.315Z [EVENT]  score: 33-30
2026-02-26T21:26:22.232Z [ODDS]  NA Hussein Dey: 4/5 → 5/6, MC Alger: 20/23 → 5/6
2026-02-26T21:26:24.057Z [EVENT]  score: 35-30
2026-02-26T21:27:09.117Z [EVENT]  score: 35-32
2026-02-26T21:28:17.641Z [EVENT]  score: 36-32
2026-02-26T21:28:30.718Z [ODDS]  NA Hussein Dey: 5/6 → 20/23, MC Alger: 5/6 → 4/5
2026-02-26T21:28:30.718Z [EVENT]  score: 37-32
2026-02-26T21:28:54.176Z [ODDS]  NA Hussein Dey: 20/23 → 5/6, MC Alger: 4/5 → 5/6
2026-02-26T21:29:10.406Z [ODDS]  NA Hussein Dey: 5/6 → 4/5, MC Alger: 5/6 → 20/23
2026-02-26T21:29:11.764Z [ODDS]  NA Hussein Dey: 4/5 → 5/6, MC Alger: 20/23 → 5/6
2026-02-26T21:29:11.764Z [EVENT]  score: 38-32
2026-02-26T21:29:24.839Z [ODDS]  NA Hussein Dey: 5/6 → 20/23, MC Alger: 5/6 → 4/5
2026-02-26T21:29:42.428Z [ODDS]  NA Hussein Dey: 20/23 → 5/6, MC Alger: 4/5 → 5/6
2026-02-26T21:29:49.644Z [ODDS]  NA Hussein Dey: 5/6 → 20/23, MC Alger: 5/6 → 4/5
2026-02-26T21:30:03.183Z [ODDS]  NA Hussein Dey: 20/23 → 5/6, MC Alger: 4/5 → 5/6
2026-02-26T21:30:15.805Z [ODDS]  NA Hussein Dey: 5/6 → 20/23, MC Alger: 5/6 → 4/5
2026-02-26T21:30:38.805Z [ODDS]  NA Hussein Dey: 20/23 → 5/6, MC Alger: 4/5 → 5/6
2026-02-26T21:31:00.453Z [EVENT]  score: 40-32
2026-02-26T21:32:30.677Z [ODDS]  NA Hussein Dey: 5/6 → 4/5, MC Alger: 5/6 → 20/23
2026-02-26T21:32:47.343Z [ODDS]  NA Hussein Dey: 4/5 → 20/23, MC Alger: 20/23 → 4/5
2026-02-26T21:33:13.952Z [ODDS]  NA Hussein Dey: 20/23 → 5/6, MC Alger: 4/5 → 5/6
2026-02-26T21:33:30.639Z [EVENT]  score: 40-35
2026-02-26T21:33:54.997Z [ODDS]  NA Hussein Dey: 5/6 → 20/23, MC Alger: 5/6 → 4/5
2026-02-26T21:34:28.823Z [EVENT]  score: 40-38
2026-02-26T21:34:37.601Z [ODDS]  NA Hussein Dey: 20/23 → 5/6, MC Alger: 4/5 → 5/6
2026-02-26T21:34:38.743Z [ODDS]  NA Hussein Dey: 5/6 → 4/5, MC Alger: 5/6 → 20/23
2026-02-26T21:34:38.743Z [EVENT]  score: 43-38
2026-02-26T21:50:32.938Z [ODDS]  NA Hussein Dey: 4/5 → 20/23, MC Alger: 20/23 → 4/5
2026-02-26T21:50:42.411Z [ODDS]  NA Hussein Dey: 20/23 → 4/5, MC Alger: 4/5 → 20/23
2026-02-26T21:50:59.996Z [ODDS]  NA Hussein Dey: 4/5 → 5/6, MC Alger: 20/23 → 5/6
2026-02-26T21:51:18.489Z [ODDS]  NA Hussein Dey: 5/6 → 20/23, MC Alger: 5/6 → 4/5
2026-02-26T21:51:44.646Z [ODDS]  NA Hussein Dey: 20/23 → 5/6, MC Alger: 4/5 → 5/6
2026-02-26T21:51:53.671Z [ODDS]  NA Hussein Dey: 5/6 → 20/23, MC Alger: 5/6 → 4/5
2026-02-26T21:52:21.163Z [ODDS]  NA Hussein Dey: 20/23 → 5/6, MC Alger: 4/5 → 5/6
2026-02-26T21:53:16.172Z [EVENT]  score: 45-38
2026-02-26T21:53:20.251Z [ODDS]  NA Hussein Dey: 5/6 → 4/5, MC Alger: 5/6 → 20/23
2026-02-26T21:53:27.131Z [ODDS]  NA Hussein Dey: 4/5 → 5/6, MC Alger: 20/23 → 5/6
2026-02-26T21:53:27.131Z [EVENT]  score: 46-38
2026-02-26T21:53:37.042Z [EVENT]  score: 46-40
2026-02-26T21:54:06.808Z [ODDS]  NA Hussein Dey: 5/6 → 20/23, MC Alger: 5/6 → 4/5
2026-02-26T21:54:06.808Z [EVENT]  score: 46-42
2026-02-26T21:54:27.100Z [ODDS]  NA Hussein Dey: 20/23 → 5/6, MC Alger: 4/5 → 5/6
2026-02-26T21:54:27.100Z [EVENT]  score: 48-42
2026-02-26T21:55:19.869Z [ODDS]  NA Hussein Dey: 5/6 → 20/23, MC Alger: 5/6 → 4/5
2026-02-26T21:55:38.358Z [ODDS]  NA Hussein Dey: 20/23 → 5/6, MC Alger: 4/5 → 5/6
2026-02-26T21:55:38.358Z [EVENT]  score: 48-43
2026-02-26T21:55:49.181Z [ODDS]  NA Hussein Dey: 5/6 → 20/23, MC Alger: 5/6 → 4/5
2026-02-26T21:56:09.475Z [ODDS]  NA Hussein Dey: 20/23 → 5/6, MC Alger: 4/5 → 5/6
2026-02-26T21:56:34.731Z [ODDS]  NA Hussein Dey: 5/6 → 20/23, MC Alger: 5/6 → 4/5
2026-02-26T21:56:35.183Z [ODDS]  NA Hussein Dey: 20/23 → 4/5, MC Alger: 4/5 → 20/23
2026-02-26T21:56:45.109Z [ODDS]  NA Hussein Dey: 4/5 → 5/6, MC Alger: 20/23 → 5/6
2026-02-26T21:56:55.928Z [ODDS]  NA Hussein Dey: 5/6 → 20/23, MC Alger: 5/6 → 4/5
2026-02-26T21:57:55.461Z [ODDS]  NA Hussein Dey: 20/23 → 4/5, MC Alger: 4/5 → 20/23
2026-02-26T21:57:55.461Z [EVENT]  score: 48-45
2026-02-26T21:58:09.497Z [ODDS]  NA Hussein Dey: 4/5 → 5/6, MC Alger: 20/23 → 5/6
2026-02-26T21:58:22.980Z [EVENT]  score: 48-46
2026-02-26T22:00:57.671Z [ODDS]  NA Hussein Dey: 5/6 → 4/5, MC Alger: 5/6 → 20/23
2026-02-26T22:01:14.811Z [ODDS]  NA Hussein Dey: 4/5 → 20/27, MC Alger: 20/23 → 20/21
2026-02-26T22:01:14.811Z [EVENT]  score: 48-47
2026-02-26T22:01:28.341Z [ODDS]  NA Hussein Dey: 20/27 → 5/7, MC Alger: 20/21 → 1/1
2026-02-26T22:01:28.341Z [EVENT]  score: 48-48
2026-02-26T22:01:44.125Z [ODDS]  NA Hussein Dey: 5/7 → 4/5, MC Alger: 1/1 → 20/23
2026-02-26T22:01:44.125Z [EVENT]  score: 51-48
2026-02-26T22:02:22.483Z [ODDS]  NA Hussein Dey: 4/5 → 5/6, MC Alger: 20/23 → 5/6
2026-02-26T22:02:45.474Z [ODDS]  NA Hussein Dey: 5/6 → 4/5, MC Alger: 5/6 → 20/23
2026-02-26T22:02:56.744Z [ODDS]  NA Hussein Dey: 4/5 → 5/6, MC Alger: 20/23 → 5/6
2026-02-26T22:02:56.744Z [EVENT]  score: 52-48
2026-02-26T22:03:09.371Z [ODDS]  NA Hussein Dey: 5/6 → 4/5, MC Alger: 5/6 → 20/23
2026-02-26T22:03:30.215Z [ODDS]  NA Hussein Dey: 4/5 → 5/6, MC Alger: 20/23 → 5/6
2026-02-26T22:03:57.177Z [ODDS]  NA Hussein Dey: 5/6 → 4/5, MC Alger: 5/6 → 20/23
2026-02-26T22:03:57.177Z [EVENT]  score: 54-48
2026-02-26T22:04:10.709Z [ODDS]  NA Hussein Dey: 4/5 → 20/23, MC Alger: 20/23 → 4/5
2026-02-26T22:04:12.060Z [EVENT]  score: 56-48
2026-02-26T22:06:07.971Z [ODDS]  NA Hussein Dey: 20/23 → 5/6, MC Alger: 4/5 → 5/6
2026-02-26T22:06:36.830Z [ODDS]  NA Hussein Dey: 5/6 → 4/5, MC Alger: 5/6 → 20/23
2026-02-26T22:06:45.404Z [ODDS]  NA Hussein Dey: 4/5 → 20/23, MC Alger: 20/23 → 4/5
2026-02-26T22:07:02.988Z [ODDS]  NA Hussein Dey: 20/23 → 5/6, MC Alger: 4/5 → 5/6
2026-02-26T22:07:02.988Z [EVENT]  score: 56-49
2026-02-26T22:07:18.779Z [EVENT]  score: 56-50
2026-02-26T22:07:56.211Z [ODDS]  NA Hussein Dey: 5/6 → 20/23, MC Alger: 5/6 → 4/5
2026-02-26T22:07:56.211Z [EVENT]  score: 56-52
2026-02-26T22:09:05.289Z [ODDS]  NA Hussein Dey: 20/23 → 5/6, MC Alger: 4/5 → 5/6
2026-02-26T22:09:05.289Z [EVENT]  score: 59-52
2026-02-26T22:09:34.160Z [ODDS]  NA Hussein Dey: 5/6 → 20/23, MC Alger: 5/6 → 4/5
2026-02-26T22:09:34.160Z [EVENT]  score: 59-54
2026-02-26T22:09:52.644Z [ODDS]  NA Hussein Dey: 20/23 → 5/6, MC Alger: 4/5 → 5/6
2026-02-26T22:09:53.555Z [ODDS]  NA Hussein Dey: 5/6 → 4/5, MC Alger: 5/6 → 20/23
2026-02-26T22:09:53.555Z [EVENT]  score: 61-54
2026-02-26T22:10:16.103Z [EVENT]  score: 61-52
2026-02-26T22:12:32.305Z [ODDS]  NA Hussein Dey: 4/5 → 5/6, MC Alger: 20/23 → 5/6
2026-02-26T22:12:42.225Z [ODDS]  NA Hussein Dey: 5/6 → 4/5, MC Alger: 5/6 → 20/23
2026-02-26T22:13:12.443Z [ODDS]  NA Hussein Dey: 4/5 → 5/6, MC Alger: 20/23 → 5/6
2026-02-26T22:13:22.817Z [ODDS]  NA Hussein Dey: 5/6 → 20/23, MC Alger: 5/6 → 4/5
2026-02-26T22:13:22.817Z [EVENT]  score: 64-52
2026-02-26T22:14:42.193Z [ODDS]  NA Hussein Dey: 20/23 → 5/6, MC Alger: 4/5 → 5/6
2026-02-26T22:14:49.409Z [ODDS]  NA Hussein Dey: 5/6 → 20/23, MC Alger: 5/6 → 4/5
2026-02-26T22:15:01.586Z [ODDS]  NA Hussein Dey: 20/23 → 5/6, MC Alger: 4/5 → 5/6
2026-02-26T22:15:36.766Z [ODDS]  NA Hussein Dey: 5/6 → 20/23, MC Alger: 5/6 → 4/5
2026-02-26T22:15:44.899Z [ODDS]  NA Hussein Dey: 20/23 → 20/21, MC Alger: 4/5 → 20/27
2026-02-26T22:16:06.532Z [ODDS]  NA Hussein Dey: 20/21 → 20/23
2026-02-26T22:16:06.983Z [ODDS]  MC Alger: 20/27 → 4/5
2026-02-26T22:16:07.432Z [ODDS]  NA Hussein Dey: 20/23 → 4/5, MC Alger: 4/5 → 20/23
2026-02-26T22:16:21.413Z [ODDS]  NA Hussein Dey: 4/5 → 5/6, MC Alger: 20/23 → 5/6
2026-02-26T22:16:29.540Z [ODDS]  NA Hussein Dey: 5/6 → 20/21, MC Alger: 5/6 → 20/27
2026-02-26T22:16:29.986Z [ODDS]  NA Hussein Dey: 20/21 → 20/23, MC Alger: 20/27 → 4/5
2026-02-26T22:16:38.561Z [ODDS]  NA Hussein Dey: 20/23 → 20/21, MC Alger: 4/5 → 20/27
2026-02-26T22:16:48.177Z [ODDS]  NA Hussein Dey: 20/21 → 4/5, MC Alger: 20/27 → 20/23
2026-02-26T22:16:48.179Z [EVENT]  score: 64-55
2026-02-26T22:17:15.093Z [ODDS]  NA Hussein Dey: 4/5 → 20/27, MC Alger: 20/23 → 20/21
2026-02-26T22:17:15.093Z [EVENT]  score: 67-55
2026-02-26T22:17:32.673Z [ODDS]  NA Hussein Dey: 20/27 → 4/5, MC Alger: 20/21 → 20/23
2026-02-26T22:18:02.437Z [EVENT]  score: 67-57
2026-02-26T22:18:15.519Z [ODDS]  NA Hussein Dey: 4/5 → 5/6, MC Alger: 20/23 → 5/6
2026-02-26T22:18:37.169Z [ODDS]  NA Hussein Dey: 5/6 → 4/5, MC Alger: 5/6 → 20/23
2026-02-26T22:19:05.133Z [ODDS]  NA Hussein Dey: 4/5 → 20/23, MC Alger: 20/23 → 4/5
2026-02-26T22:19:22.268Z [ODDS]  NA Hussein Dey: 20/23 → 5/6, MC Alger: 4/5 → 5/6
2026-02-26T22:19:22.268Z [EVENT]  score: 67-58
2026-02-26T22:21:16.386Z [EVENT]  score: 69-58
2026-02-26T22:21:30.370Z [EVENT]  score: 69-60
2026-02-26T22:21:43.470Z [ODDS]  NA Hussein Dey: 5/6 → 20/23, MC Alger: 5/6 → 4/5
2026-02-26T22:22:02.845Z [ODDS]  NA Hussein Dey: 20/23 → 5/6, MC Alger: 4/5 → 5/6
2026-02-26T22:22:26.806Z [ODDS]  NA Hussein Dey: 5/6 → 20/23, MC Alger: 5/6 → 4/5
2026-02-26T22:22:29.004Z [ODDS]  NA Hussein Dey: 20/23 → 5/6, MC Alger: 4/5 → 5/6
2026-02-26T22:22:29.007Z [EVENT]  score: 69-61
2026-02-26T22:23:33.496Z [ODDS]  NA Hussein Dey: 5/6 → 20/27, MC Alger: 5/6 → 20/21
2026-02-26T22:23:39.805Z [ODDS]  NA Hussein Dey: 20/27 → 5/6, MC Alger: 20/21 → 5/6
2026-02-26T22:23:42.064Z [ODDS]  NA Hussein Dey: 5/6 → 4/5, MC Alger: 5/6 → 20/23
2026-02-26T22:23:42.064Z [EVENT]  score: 69-62
2026-02-26T22:25:15.889Z [ODDS]  NA Hussein Dey: 4/5 → 5/6, MC Alger: 20/23 → 5/6
2026-02-26T22:25:19.481Z [EVENT]  score: 69-64
2026-02-26T22:27:13.585Z [ODDS]  NA Hussein Dey: 5/6 → 20/23, MC Alger: 5/6 → 4/5
2026-02-26T22:27:51.019Z [ODDS]  NA Hussein Dey: 20/23 → 20/21, MC Alger: 4/5 → 20/27
2026-02-26T22:28:23.066Z [ODDS]  NA Hussein Dey: 20/21 → 20/23, MC Alger: 20/27 → 4/5
2026-02-26T22:28:23.066Z [EVENT]  score: 71-64
2026-02-26T22:28:39.727Z [ODDS]  NA Hussein Dey: 20/23 → 5/6, MC Alger: 4/5 → 5/6, NA Hussein Dey: 5/6 → 20/27, MC Alger: 5/6 → 20/21
2026-02-26T22:28:39.727Z [ODDS]  NA Hussein Dey: 20/27 → 5/6, MC Alger: 20/21 → 5/6, NA Hussein Dey: 5/6 → 20/27, MC Alger: 5/6 → 20/21
2026-02-26T22:29:03.627Z [ODDS]  NA Hussein Dey: 20/27 → 20/21, MC Alger: 20/21 → 20/27
2026-02-26T22:29:03.627Z [EVENT]  score: 71-65
2026-02-26T22:29:14.930Z [ODDS]  NA Hussein Dey: 20/21 → 5/6, MC Alger: 20/27 → 5/6
2026-02-26T22:29:14.930Z [EVENT]  score: 71-66
2026-02-26T22:29:37.017Z [ODDS]  NA Hussein Dey: 5/6 → 20/23, MC Alger: 5/6 → 4/5
2026-02-26T22:29:42.416Z [ODDS]  NA Hussein Dey: 20/23 → 5/6, MC Alger: 4/5 → 5/6
2026-02-26T22:29:42.417Z [EVENT]  score: 74-66
2026-02-26T22:30:07.680Z [ODDS]  NA Hussein Dey: 5/6 → 20/23, MC Alger: 5/6 → 4/5
2026-02-26T22:30:31.122Z [ODDS]  NA Hussein Dey: 20/23 → 4/5, MC Alger: 4/5 → 20/23
2026-02-26T22:31:00.437Z [ODDS]  NA Hussein Dey: 4/5 → 1/1, MC Alger: 20/23 → 5/7
2026-02-26T22:31:06.751Z [ODDS]  NA Hussein Dey: 1/1 → 20/23, MC Alger: 5/7 → 4/5
2026-02-26T22:31:23.438Z [ODDS]  NA Hussein Dey: 20/23 → 20/21, MC Alger: 4/5 → 20/27
2026-02-26T22:31:34.264Z [ODDS]  NA Hussein Dey: 20/21 → 20/23, MC Alger: 20/27 → 4/5
2026-02-26T22:31:35.618Z [EVENT]  score: 74-68
2026-02-26T22:31:43.368Z [ODDS]  NA Hussein Dey: 20/23 → 20/21, MC Alger: 4/5 → 20/27
2026-02-26T22:32:42.366Z [ODDS]  NA Hussein Dey: 20/21 → 1/1, MC Alger: 20/27 → 5/7
2026-02-26T22:32:52.288Z [ODDS]  NA Hussein Dey: 1/1 → 20/23, MC Alger: 5/7 → 4/5
2026-02-26T22:32:52.288Z [EVENT]  score: 74-69
2026-02-26T22:33:18.897Z [ODDS]  NA Hussein Dey: 20/23 → 4/5, MC Alger: 4/5 → 20/23
2026-02-26T22:33:18.897Z [EVENT]  score: 74-70
2026-02-26T22:33:22.505Z [ODDS]  NA Hussein Dey: 4/5 → 20/27, MC Alger: 20/23 → 20/21
2026-02-26T22:33:22.505Z [EVENT]  score: 74-71
2026-02-26T22:33:41.899Z [ODDS]  NA Hussein Dey: 20/27 → 5/7, MC Alger: 20/21 → 1/1
2026-02-26T22:33:41.899Z [EVENT]  score: 76-71
2026-02-26T22:34:13.649Z [ODDS]  NA Hussein Dey: 5/7 → 20/27, MC Alger: 1/1 → 20/21
2026-02-26T22:35:13.184Z [ODDS]  NA Hussein Dey: 20/27 → 4/5, MC Alger: 20/21 → 20/23
2026-02-26T22:35:13.630Z [ODDS]  NA Hussein Dey: 4/5 → 20/23, MC Alger: 20/23 → 4/5
2026-02-26T22:35:24.453Z [ODDS]  NA Hussein Dey: 20/23 → 4/5, MC Alger: 4/5 → 20/23
2026-02-26T22:35:28.513Z [ODDS]  NA Hussein Dey: 4/5 → 5/6, MC Alger: 20/23 → 5/6
2026-02-26T22:35:28.513Z [EVENT]  score: 76-73
2026-02-26T22:35:41.140Z [ODDS]  NA Hussein Dey: 5/6 → 1/1, MC Alger: 5/6 → 5/7
2026-02-26T22:36:31.201Z [ODDS]  NA Hussein Dey: 1/1 → 4/5, MC Alger: 5/7 → 20/23
2026-02-26T22:36:44.732Z [ODDS]  NA Hussein Dey: 4/5 → 5/6, MC Alger: 20/23 → 5/6
2026-02-26T22:36:44.732Z [EVENT]  score: 77-73
2026-02-26T22:37:34.341Z [ODDS]  NA Hussein Dey: 5/6 → 1/1, MC Alger: 5/6 → 5/7
2026-02-26T22:37:46.973Z [ODDS]  NA Hussein Dey: 1/1 → 20/27, MC Alger: 5/7 → 20/21
2026-02-26T22:37:57.343Z [ODDS]  NA Hussein Dey: 20/27 → 5/6, MC Alger: 20/21 → 5/6
2026-02-26T22:37:57.343Z [EVENT]  score: 78-73
2026-02-26T22:38:07.715Z [ODDS]  NA Hussein Dey: 5/6 → 0/0, MC Alger: 5/6 → 0/0
